[debug] PhaseRunner.scala:78 Success [id => 3d-bin-packing, phase => typescript] 
[info ] Phase1ReadTypescript.scala:152 Preprocessing TsHelperFile(InFile(/home/tso/tmp/tso-cache/npm/node_modules/3d-bin-packing/lib/3d-bin-packing.d.ts),FromFolder(InFolder(/home/tso/tmp/tso-cache/npm/node_modules/3d-bin-packing),TsIdentLibrarySimple(3d-bin-packing)),TsIdentModule(None,List(3d-bin-packing))) [id => 3d-bin-packing, phase => typescript] 
[warn ] Phase1ReadTypescript.scala:190 Processing TsIdentLibrarySimple(3d-bin-packing) [id => 3d-bin-packing, phase => typescript] 
[warn ] Exports.scala:54 Could not resolve import TsImport(List(TsImportedIdent(TsIdentSimple(protocol))),TsImporteeLocal(TsQIdent(List(TsIdentSimple(samchon), TsIdentSimple(protocol))))) [id => 3d-bin-packing, phase => typescript, scope => TreeScope(TsParsedFile() / TsDeclNamespace(bws) / TsDeclNamespace(packer))] 
[warn ] Exports.scala:54 Could not resolve import TsImport(List(TsImportedIdent(TsIdentSimple(protocol))),TsImporteeLocal(TsQIdent(List(TsIdentSimple(samchon), TsIdentSimple(protocol))))) [id => 3d-bin-packing, phase => typescript, scope => TreeScope(TsParsedFile() / TsDeclNamespace(bws) / TsDeclNamespace(packer))] 
[warn ] Exports.scala:54 Could not resolve import TsImport(List(TsImportedIdent(TsIdentSimple(protocol))),TsImporteeLocal(TsQIdent(List(TsIdentSimple(samchon), TsIdentSimple(protocol))))) [id => 3d-bin-packing, phase => typescript, scope => TreeScope(TsParsedFile() / TsDeclNamespace(bws) / TsDeclNamespace(packer))] 
[warn ] Exports.scala:54 Could not resolve import TsImport(List(TsImportedIdent(TsIdentSimple(protocol))),TsImporteeLocal(TsQIdent(List(TsIdentSimple(samchon), TsIdentSimple(protocol))))) [id => 3d-bin-packing, phase => typescript, scope => TreeScope(TsParsedFile() / TsDeclNamespace(bws) / TsDeclNamespace(packer))] 
[warn ] Exports.scala:54 Could not resolve import TsImport(List(TsImportedIdent(TsIdentSimple(protocol))),TsImporteeLocal(TsQIdent(List(TsIdentSimple(samchon), TsIdentSimple(protocol))))) [id => 3d-bin-packing, phase => typescript, scope => TreeScope(TsParsedFile() / TsDeclNamespace(bws) / TsDeclNamespace(packer))] 
[warn ] Exports.scala:54 Could not resolve import TsImport(List(TsImportedIdent(TsIdentSimple(protocol))),TsImporteeLocal(TsQIdent(List(TsIdentSimple(samchon), TsIdentSimple(protocol))))) [id => 3d-bin-packing, phase => typescript, scope => TreeScope(TsParsedFile() / TsDeclNamespace(bws) / TsDeclNamespace(packer))] 
[warn ] Exports.scala:54 Could not resolve import TsImport(List(TsImportedIdent(TsIdentSimple(protocol))),TsImporteeLocal(TsQIdent(List(TsIdentSimple(samchon), TsIdentSimple(protocol))))) [id => 3d-bin-packing, phase => typescript, scope => TreeScope(TsParsedFile() / TsDeclNamespace(bws) / TsDeclNamespace(packer))] 
[warn ] Exports.scala:54 Could not resolve import TsImport(List(TsImportedIdent(TsIdentSimple(protocol))),TsImporteeLocal(TsQIdent(List(TsIdentSimple(samchon), TsIdentSimple(protocol))))) [id => 3d-bin-packing, phase => typescript, scope => TreeScope(TsParsedFile() / TsDeclNamespace(bws) / TsDeclNamespace(packer))] 
[warn ] Exports.scala:54 Could not resolve import TsImport(List(TsImportedIdent(TsIdentSimple(protocol))),TsImporteeLocal(TsQIdent(List(TsIdentSimple(samchon), TsIdentSimple(protocol))))) [id => 3d-bin-packing, phase => typescript, scope => TreeScope(TsParsedFile() / TsDeclNamespace(bws) / TsDeclNamespace(packer))] 
[warn ] Exports.scala:54 Could not resolve import TsImport(List(TsImportedIdent(TsIdentSimple(protocol))),TsImporteeLocal(TsQIdent(List(TsIdentSimple(samchon), TsIdentSimple(protocol))))) [id => 3d-bin-packing, phase => typescript, scope => TreeScope(TsParsedFile() / TsDeclNamespace(bws) / TsDeclNamespace(packer))] 
[warn ] Exports.scala:54 Could not resolve import TsImport(List(TsImportedIdent(TsIdentSimple(protocol))),TsImporteeLocal(TsQIdent(List(TsIdentSimple(samchon), TsIdentSimple(protocol))))) [id => 3d-bin-packing, phase => typescript, scope => TreeScope(TsParsedFile() / TsDeclNamespace(bws) / TsDeclNamespace(packer))] 
[warn ] Exports.scala:54 Could not resolve import TsImport(List(TsImportedIdent(TsIdentSimple(protocol))),TsImporteeLocal(TsQIdent(List(TsIdentSimple(samchon), TsIdentSimple(protocol))))) [id => 3d-bin-packing, phase => typescript, scope => TreeScope(TsParsedFile() / TsDeclNamespace(bws) / TsDeclNamespace(packer))] 
[warn ] Exports.scala:54 Could not resolve import TsImport(List(TsImportedIdent(TsIdentSimple(protocol))),TsImporteeLocal(TsQIdent(List(TsIdentSimple(samchon), TsIdentSimple(protocol))))) [id => 3d-bin-packing, phase => typescript, scope => TreeScope(TsParsedFile() / TsDeclNamespace(bws) / TsDeclNamespace(packer))] 
[warn ] Exports.scala:54 Could not resolve import TsImport(List(TsImportedIdent(TsIdentSimple(protocol))),TsImporteeLocal(TsQIdent(List(TsIdentSimple(samchon), TsIdentSimple(protocol))))) [id => 3d-bin-packing, phase => typescript, scope => TreeScope(TsParsedFile() / TsDeclNamespace(bws) / TsDeclNamespace(packer))] 
[warn ] Exports.scala:54 Could not resolve import TsImport(List(TsImportedIdent(TsIdentSimple(protocol))),TsImporteeLocal(TsQIdent(List(TsIdentSimple(samchon), TsIdentSimple(protocol))))) [id => 3d-bin-packing, phase => typescript, scope => TreeScope(TsParsedFile() / TsDeclNamespace(bws) / TsDeclNamespace(packer))] 
[warn ] Exports.scala:54 Could not resolve import TsImport(List(TsImportedIdent(TsIdentSimple(protocol))),TsImporteeLocal(TsQIdent(List(TsIdentSimple(samchon), TsIdentSimple(protocol))))) [id => 3d-bin-packing, phase => typescript, scope => TreeScope(TsParsedFile() / TsDeclNamespace(bws) / TsDeclNamespace(packer))] 
[warn ] Exports.scala:54 Could not resolve import TsImport(List(TsImportedIdent(TsIdentSimple(protocol))),TsImporteeLocal(TsQIdent(List(TsIdentSimple(samchon), TsIdentSimple(protocol))))) [id => 3d-bin-packing, phase => typescript, scope => TreeScope(TsParsedFile() / TsDeclNamespace(bws) / TsDeclNamespace(packer))] 
[warn ] Exports.scala:54 Could not resolve import TsImport(List(TsImportedIdent(TsIdentSimple(protocol))),TsImporteeLocal(TsQIdent(List(TsIdentSimple(samchon), TsIdentSimple(protocol))))) [id => 3d-bin-packing, phase => typescript, scope => TreeScope(TsParsedFile() / TsDeclNamespace(bws) / TsDeclNamespace(packer))] 
[warn ] Exports.scala:54 Could not resolve import TsImport(List(TsImportedIdent(TsIdentSimple(protocol))),TsImporteeLocal(TsQIdent(List(TsIdentSimple(samchon), TsIdentSimple(protocol))))) [id => 3d-bin-packing, phase => typescript, scope => TreeScope(TsParsedFile() / TsDeclNamespace(bws) / TsDeclNamespace(packer))] 
[warn ] Exports.scala:54 Could not resolve import TsImport(List(TsImportedIdent(TsIdentSimple(protocol))),TsImporteeLocal(TsQIdent(List(TsIdentSimple(samchon), TsIdentSimple(protocol))))) [id => 3d-bin-packing, phase => typescript, scope => TreeScope(TsParsedFile() / TsDeclNamespace(bws) / TsDeclNamespace(packer))] 
[warn ] Exports.scala:54 Could not resolve import TsImport(List(TsImportedIdent(TsIdentSimple(protocol))),TsImporteeLocal(TsQIdent(List(TsIdentSimple(samchon), TsIdentSimple(protocol))))) [id => 3d-bin-packing, phase => typescript, scope => TreeScope(TsParsedFile() / TsDeclNamespace(bws) / TsDeclNamespace(packer))] 
[warn ] QualifyReferences.scala:47 Couldn't qualify TsTypeRef(TsQIdent(List(TsIdentSimple(protocol), TsIdentSimple(Entity))),List()), defaulting to any [id => 3d-bin-packing, phase => typescript, scope => TreeScope(TsParsedFile() / TsDeclNamespace(bws) / TsDeclNamespace(packer) / TsDeclClass(PackerForm) / TsTypeRef())] 
[warn ] Exports.scala:54 Could not resolve import TsImport(List(TsImportedIdent(TsIdentSimple(library))),TsImporteeLocal(TsQIdent(List(TsIdentSimple(samchon), TsIdentSimple(library))))) [id => 3d-bin-packing, phase => typescript, scope => TreeScope(TsParsedFile() / TsDeclNamespace(bws) / TsDeclNamespace(packer))] 
[warn ] QualifyReferences.scala:47 Couldn't qualify TsTypeRef(TsQIdent(List(TsIdentSimple(library), TsIdentSimple(XML))),List()), defaulting to any [id => 3d-bin-packing, phase => typescript, scope => TreeScope(TsParsedFile() / TsDeclNamespace(bws) / TsDeclNamespace(packer) / TsDeclClass(PackerForm) / TsMemberFunction(construct) / TsFunSig() / TsFunParam() / TsTypeRef())] 
[warn ] Exports.scala:54 Could not resolve import TsImport(List(TsImportedIdent(TsIdentSimple(library))),TsImporteeLocal(TsQIdent(List(TsIdentSimple(samchon), TsIdentSimple(library))))) [id => 3d-bin-packing, phase => typescript, scope => TreeScope(TsParsedFile() / TsDeclNamespace(bws) / TsDeclNamespace(packer))] 
[warn ] QualifyReferences.scala:47 Couldn't qualify TsTypeRef(TsQIdent(List(TsIdentSimple(library), TsIdentSimple(XML))),List()), defaulting to any [id => 3d-bin-packing, phase => typescript, scope => TreeScope(TsParsedFile() / TsDeclNamespace(bws) / TsDeclNamespace(packer) / TsDeclClass(PackerForm) / TsMemberFunction(toXML) / TsFunSig() / TsTypeRef())] 
[warn ] Exports.scala:54 Could not resolve import TsImport(List(TsImportedIdent(TsIdentSimple(protocol))),TsImporteeLocal(TsQIdent(List(TsIdentSimple(samchon), TsIdentSimple(protocol))))) [id => 3d-bin-packing, phase => typescript, scope => TreeScope(TsParsedFile() / TsDeclNamespace(bws) / TsDeclNamespace(packer))] 
[warn ] QualifyReferences.scala:47 Couldn't qualify TsTypeRef(TsQIdent(List(TsIdentSimple(protocol), TsIdentSimple(EntityArrayCollection))),List(TsTypeRef(TsQIdent(List(TsIdentSimple(InstanceForm))),List()))), defaulting to any [id => 3d-bin-packing, phase => typescript, scope => TreeScope(TsParsedFile() / TsDeclNamespace(bws) / TsDeclNamespace(packer) / TsDeclClass(InstanceFormArray) / TsTypeRef())] 
[warn ] Exports.scala:54 Could not resolve import TsImport(List(TsImportedIdent(TsIdentSimple(library))),TsImporteeLocal(TsQIdent(List(TsIdentSimple(samchon), TsIdentSimple(library))))) [id => 3d-bin-packing, phase => typescript, scope => TreeScope(TsParsedFile() / TsDeclNamespace(bws) / TsDeclNamespace(packer))] 
[warn ] QualifyReferences.scala:47 Couldn't qualify TsTypeRef(TsQIdent(List(TsIdentSimple(library), TsIdentSimple(XML))),List()), defaulting to any [id => 3d-bin-packing, phase => typescript, scope => TreeScope(TsParsedFile() / TsDeclNamespace(bws) / TsDeclNamespace(packer) / TsDeclClass(InstanceFormArray) / TsMemberFunction(createChild) / TsFunSig() / TsFunParam() / TsTypeRef())] 
[warn ] Exports.scala:54 Could not resolve import TsImport(List(TsImportedIdent(TsIdentSimple(protocol))),TsImporteeLocal(TsQIdent(List(TsIdentSimple(samchon), TsIdentSimple(protocol))))) [id => 3d-bin-packing, phase => typescript, scope => TreeScope(TsParsedFile() / TsDeclNamespace(bws) / TsDeclNamespace(packer))] 
[warn ] QualifyReferences.scala:47 Couldn't qualify TsTypeRef(TsQIdent(List(TsIdentSimple(protocol), TsIdentSimple(Entity))),List()), defaulting to any [id => 3d-bin-packing, phase => typescript, scope => TreeScope(TsParsedFile() / TsDeclNamespace(bws) / TsDeclNamespace(packer) / TsDeclClass(InstanceForm) / TsTypeRef())] 
[warn ] Exports.scala:54 Could not resolve import TsImport(List(TsImportedIdent(TsIdentSimple(library))),TsImporteeLocal(TsQIdent(List(TsIdentSimple(samchon), TsIdentSimple(library))))) [id => 3d-bin-packing, phase => typescript, scope => TreeScope(TsParsedFile() / TsDeclNamespace(bws) / TsDeclNamespace(packer))] 
[warn ] QualifyReferences.scala:47 Couldn't qualify TsTypeRef(TsQIdent(List(TsIdentSimple(library), TsIdentSimple(XML))),List()), defaulting to any [id => 3d-bin-packing, phase => typescript, scope => TreeScope(TsParsedFile() / TsDeclNamespace(bws) / TsDeclNamespace(packer) / TsDeclClass(InstanceForm) / TsMemberFunction(construct) / TsFunSig() / TsFunParam() / TsTypeRef())] 
[warn ] Exports.scala:54 Could not resolve import TsImport(List(TsImportedIdent(TsIdentSimple(library))),TsImporteeLocal(TsQIdent(List(TsIdentSimple(samchon), TsIdentSimple(library))))) [id => 3d-bin-packing, phase => typescript, scope => TreeScope(TsParsedFile() / TsDeclNamespace(bws) / TsDeclNamespace(packer))] 
[warn ] QualifyReferences.scala:47 Couldn't qualify TsTypeRef(TsQIdent(List(TsIdentSimple(library), TsIdentSimple(XML))),List()), defaulting to any [id => 3d-bin-packing, phase => typescript, scope => TreeScope(TsParsedFile() / TsDeclNamespace(bws) / TsDeclNamespace(packer) / TsDeclClass(InstanceForm) / TsMemberFunction(toXML) / TsFunSig() / TsTypeRef())] 
[warn ] Exports.scala:54 Could not resolve import TsImport(List(TsImportedIdent(TsIdentSimple(protocol))),TsImporteeLocal(TsQIdent(List(TsIdentSimple(samchon), TsIdentSimple(protocol))))) [id => 3d-bin-packing, phase => typescript, scope => TreeScope(TsParsedFile() / TsDeclNamespace(bws) / TsDeclNamespace(packer))] 
[warn ] QualifyReferences.scala:47 Couldn't qualify TsTypeRef(TsQIdent(List(TsIdentSimple(protocol), TsIdentSimple(EntityArrayCollection))),List(TsTypeRef(TsQIdent(List(TsIdentSimple(Wrapper))),List()))), defaulting to any [id => 3d-bin-packing, phase => typescript, scope => TreeScope(TsParsedFile() / TsDeclNamespace(bws) / TsDeclNamespace(packer) / TsDeclClass(WrapperArray) / TsTypeRef())] 
[warn ] Exports.scala:54 Could not resolve import TsImport(List(TsImportedIdent(TsIdentSimple(library))),TsImporteeLocal(TsQIdent(List(TsIdentSimple(samchon), TsIdentSimple(library))))) [id => 3d-bin-packing, phase => typescript, scope => TreeScope(TsParsedFile() / TsDeclNamespace(bws) / TsDeclNamespace(packer))] 
[warn ] QualifyReferences.scala:47 Couldn't qualify TsTypeRef(TsQIdent(List(TsIdentSimple(library), TsIdentSimple(XML))),List()), defaulting to any [id => 3d-bin-packing, phase => typescript, scope => TreeScope(TsParsedFile() / TsDeclNamespace(bws) / TsDeclNamespace(packer) / TsDeclClass(WrapperArray) / TsMemberFunction(createChild) / TsFunSig() / TsFunParam() / TsTypeRef())] 
[warn ] QualifyReferences.scala:47 Couldn't qualify TsTypeRef(TsQIdent(List(TsIdentSimple(std), TsIdentSimple(HashMap))),List(TsTypeRef(TsQIdent(List(TsIdentSimple(string))),List()), TsTypeRef(TsQIdent(List(TsIdentSimple(WrapperGroup))),List()))), defaulting to any [id => 3d-bin-packing, phase => typescript, scope => TreeScope(TsParsedFile() / TsDeclNamespace(bws) / TsDeclNamespace(packer) / TsDeclClass(GAWrapperArray) / TsMemberProperty(result) / TsTypeRef())] 
[warn ] QualifyReferences.scala:47 Couldn't qualify TsTypeRef(TsQIdent(List(TsIdentSimple(std), TsIdentSimple(HashMap))),List(TsTypeRef(TsQIdent(List(TsIdentSimple(string))),List()), TsTypeRef(TsQIdent(List(TsIdentSimple(WrapperGroup))),List()))), defaulting to any [id => 3d-bin-packing, phase => typescript, scope => TreeScope(TsParsedFile() / TsDeclNamespace(bws) / TsDeclNamespace(packer) / TsDeclClass(GAWrapperArray) / TsMemberFunction(getResult) / TsFunSig() / TsTypeRef())] 
[warn ] Exports.scala:54 Could not resolve import TsImport(List(TsImportedIdent(TsIdentSimple(protocol))),TsImporteeLocal(TsQIdent(List(TsIdentSimple(samchon), TsIdentSimple(protocol))))) [id => 3d-bin-packing, phase => typescript, scope => TreeScope(TsParsedFile() / TsDeclNamespace(bws) / TsDeclNamespace(packer))] 
[warn ] QualifyReferences.scala:47 Couldn't qualify TsTypeRef(TsQIdent(List(TsIdentSimple(protocol), TsIdentSimple(IEntity))),List()), defaulting to any [id => 3d-bin-packing, phase => typescript, scope => TreeScope(TsParsedFile() / TsDeclNamespace(bws) / TsDeclNamespace(packer) / TsDeclInterface(Instance) / TsTypeRef())] 
[warn ] Exports.scala:54 Could not resolve import TsImport(List(TsImportedIdent(TsIdentSimple(protocol))),TsImporteeLocal(TsQIdent(List(TsIdentSimple(samchon), TsIdentSimple(protocol))))) [id => 3d-bin-packing, phase => typescript, scope => TreeScope(TsParsedFile() / TsDeclNamespace(bws) / TsDeclNamespace(packer))] 
[warn ] QualifyReferences.scala:47 Couldn't qualify TsTypeRef(TsQIdent(List(TsIdentSimple(protocol), TsIdentSimple(EntityArray))),List(TsTypeRef(TsQIdent(List(TsIdentSimple(Instance))),List()))), defaulting to any [id => 3d-bin-packing, phase => typescript, scope => TreeScope(TsParsedFile() / TsDeclNamespace(bws) / TsDeclNamespace(packer) / TsDeclClass(InstanceArray) / TsTypeRef())] 
[warn ] Exports.scala:54 Could not resolve import TsImport(List(TsImportedIdent(TsIdentSimple(library))),TsImporteeLocal(TsQIdent(List(TsIdentSimple(samchon), TsIdentSimple(library))))) [id => 3d-bin-packing, phase => typescript, scope => TreeScope(TsParsedFile() / TsDeclNamespace(bws) / TsDeclNamespace(packer))] 
[warn ] QualifyReferences.scala:47 Couldn't qualify TsTypeRef(TsQIdent(List(TsIdentSimple(library), TsIdentSimple(XML))),List()), defaulting to any [id => 3d-bin-packing, phase => typescript, scope => TreeScope(TsParsedFile() / TsDeclNamespace(bws) / TsDeclNamespace(packer) / TsDeclClass(InstanceArray) / TsMemberFunction(createChild) / TsFunSig() / TsFunParam() / TsTypeRef())] 
[warn ] Exports.scala:54 Could not resolve import TsImport(List(TsImportedIdent(TsIdentSimple(protocol))),TsImporteeLocal(TsQIdent(List(TsIdentSimple(samchon), TsIdentSimple(protocol))))) [id => 3d-bin-packing, phase => typescript, scope => TreeScope(TsParsedFile() / TsDeclNamespace(bws) / TsDeclNamespace(packer))] 
[warn ] QualifyReferences.scala:47 Couldn't qualify TsTypeRef(TsQIdent(List(TsIdentSimple(protocol), TsIdentSimple(Entity))),List()), defaulting to any [id => 3d-bin-packing, phase => typescript, scope => TreeScope(TsParsedFile() / TsDeclNamespace(bws) / TsDeclNamespace(packer) / TsDeclClass(Packer) / TsTypeRef())] 
[warn ] Exports.scala:54 Could not resolve import TsImport(List(TsImportedIdent(TsIdentSimple(library))),TsImporteeLocal(TsQIdent(List(TsIdentSimple(samchon), TsIdentSimple(library))))) [id => 3d-bin-packing, phase => typescript, scope => TreeScope(TsParsedFile() / TsDeclNamespace(bws) / TsDeclNamespace(packer))] 
[warn ] QualifyReferences.scala:47 Couldn't qualify TsTypeRef(TsQIdent(List(TsIdentSimple(library), TsIdentSimple(XML))),List()), defaulting to any [id => 3d-bin-packing, phase => typescript, scope => TreeScope(TsParsedFile() / TsDeclNamespace(bws) / TsDeclNamespace(packer) / TsDeclClass(Packer) / TsMemberFunction(construct) / TsFunSig() / TsFunParam() / TsTypeRef())] 
[warn ] Exports.scala:54 Could not resolve import TsImport(List(TsImportedIdent(TsIdentSimple(library))),TsImporteeLocal(TsQIdent(List(TsIdentSimple(samchon), TsIdentSimple(library))))) [id => 3d-bin-packing, phase => typescript, scope => TreeScope(TsParsedFile() / TsDeclNamespace(bws) / TsDeclNamespace(packer))] 
[warn ] QualifyReferences.scala:47 Couldn't qualify TsTypeRef(TsQIdent(List(TsIdentSimple(library), TsIdentSimple(XML))),List()), defaulting to any [id => 3d-bin-packing, phase => typescript, scope => TreeScope(TsParsedFile() / TsDeclNamespace(bws) / TsDeclNamespace(packer) / TsDeclClass(Packer) / TsMemberFunction(toXML) / TsFunSig() / TsTypeRef())] 
[warn ] Exports.scala:54 Could not resolve import TsImport(List(TsImportedIdent(TsIdentSimple(protocol))),TsImporteeLocal(TsQIdent(List(TsIdentSimple(samchon), TsIdentSimple(protocol))))) [id => 3d-bin-packing, phase => typescript, scope => TreeScope(TsParsedFile() / TsDeclNamespace(bws) / TsDeclNamespace(packer))] 
[warn ] QualifyReferences.scala:47 Couldn't qualify TsTypeRef(TsQIdent(List(TsIdentSimple(protocol), TsIdentSimple(Entity))),List()), defaulting to any [id => 3d-bin-packing, phase => typescript, scope => TreeScope(TsParsedFile() / TsDeclNamespace(bws) / TsDeclNamespace(packer) / TsDeclClass(Product) / TsTypeRef())] 
[warn ] Exports.scala:54 Could not resolve import TsImport(List(TsImportedIdent(TsIdentSimple(library))),TsImporteeLocal(TsQIdent(List(TsIdentSimple(samchon), TsIdentSimple(library))))) [id => 3d-bin-packing, phase => typescript, scope => TreeScope(TsParsedFile() / TsDeclNamespace(bws) / TsDeclNamespace(packer))] 
[warn ] QualifyReferences.scala:47 Couldn't qualify TsTypeRef(TsQIdent(List(TsIdentSimple(library), TsIdentSimple(XML))),List()), defaulting to any [id => 3d-bin-packing, phase => typescript, scope => TreeScope(TsParsedFile() / TsDeclNamespace(bws) / TsDeclNamespace(packer) / TsDeclClass(Product) / TsMemberFunction(toXML) / TsFunSig() / TsTypeRef())] 
[warn ] Exports.scala:54 Could not resolve import TsImport(List(TsImportedIdent(TsIdentSimple(protocol))),TsImporteeLocal(TsQIdent(List(TsIdentSimple(samchon), TsIdentSimple(protocol))))) [id => 3d-bin-packing, phase => typescript, scope => TreeScope(TsParsedFile() / TsDeclNamespace(bws) / TsDeclNamespace(packer))] 
[warn ] QualifyReferences.scala:47 Couldn't qualify TsTypeRef(TsQIdent(List(TsIdentSimple(protocol), TsIdentSimple(Entity))),List()), defaulting to any [id => 3d-bin-packing, phase => typescript, scope => TreeScope(TsParsedFile() / TsDeclNamespace(bws) / TsDeclNamespace(packer) / TsDeclClass(Wrap) / TsTypeRef())] 
[warn ] Exports.scala:54 Could not resolve import TsImport(List(TsImportedIdent(TsIdentSimple(library))),TsImporteeLocal(TsQIdent(List(TsIdentSimple(samchon), TsIdentSimple(library))))) [id => 3d-bin-packing, phase => typescript, scope => TreeScope(TsParsedFile() / TsDeclNamespace(bws) / TsDeclNamespace(packer))] 
[warn ] QualifyReferences.scala:47 Couldn't qualify TsTypeRef(TsQIdent(List(TsIdentSimple(library), TsIdentSimple(XML))),List()), defaulting to any [id => 3d-bin-packing, phase => typescript, scope => TreeScope(TsParsedFile() / TsDeclNamespace(bws) / TsDeclNamespace(packer) / TsDeclClass(Wrap) / TsMemberFunction(construct) / TsFunSig() / TsFunParam() / TsTypeRef())] 
[warn ] Exports.scala:54 Could not resolve import TsImport(List(TsImportedIdent(TsIdentSimple(library))),TsImporteeLocal(TsQIdent(List(TsIdentSimple(samchon), TsIdentSimple(library))))) [id => 3d-bin-packing, phase => typescript, scope => TreeScope(TsParsedFile() / TsDeclNamespace(bws) / TsDeclNamespace(packer))] 
[warn ] QualifyReferences.scala:47 Couldn't qualify TsTypeRef(TsQIdent(List(TsIdentSimple(library), TsIdentSimple(XML))),List()), defaulting to any [id => 3d-bin-packing, phase => typescript, scope => TreeScope(TsParsedFile() / TsDeclNamespace(bws) / TsDeclNamespace(packer) / TsDeclClass(Wrap) / TsMemberFunction(toXML) / TsFunSig() / TsTypeRef())] 
[warn ] Exports.scala:54 Could not resolve import TsImport(List(TsImportedIdent(TsIdentSimple(protocol))),TsImporteeLocal(TsQIdent(List(TsIdentSimple(samchon), TsIdentSimple(protocol))))) [id => 3d-bin-packing, phase => typescript, scope => TreeScope(TsParsedFile() / TsDeclNamespace(bws) / TsDeclNamespace(packer))] 
[warn ] QualifyReferences.scala:47 Couldn't qualify TsTypeRef(TsQIdent(List(TsIdentSimple(protocol), TsIdentSimple(EntityDeque))),List(TsTypeRef(TsQIdent(List(TsIdentSimple(Wrap))),List()))), defaulting to any [id => 3d-bin-packing, phase => typescript, scope => TreeScope(TsParsedFile() / TsDeclNamespace(bws) / TsDeclNamespace(packer) / TsDeclClass(Wrapper) / TsTypeRef())] 
[warn ] Exports.scala:54 Could not resolve import TsImport(List(TsImportedIdent(TsIdentSimple(library))),TsImporteeLocal(TsQIdent(List(TsIdentSimple(samchon), TsIdentSimple(library))))) [id => 3d-bin-packing, phase => typescript, scope => TreeScope(TsParsedFile() / TsDeclNamespace(bws) / TsDeclNamespace(packer))] 
[warn ] QualifyReferences.scala:47 Couldn't qualify TsTypeRef(TsQIdent(List(TsIdentSimple(library), TsIdentSimple(XML))),List()), defaulting to any [id => 3d-bin-packing, phase => typescript, scope => TreeScope(TsParsedFile() / TsDeclNamespace(bws) / TsDeclNamespace(packer) / TsDeclClass(Wrapper) / TsMemberFunction(createChild) / TsFunSig() / TsFunParam() / TsTypeRef())] 
[warn ] Exports.scala:54 Could not resolve import TsImport(List(TsImportedIdent(TsIdentSimple(library))),TsImporteeLocal(TsQIdent(List(TsIdentSimple(samchon), TsIdentSimple(library))))) [id => 3d-bin-packing, phase => typescript, scope => TreeScope(TsParsedFile() / TsDeclNamespace(bws) / TsDeclNamespace(packer))] 
[warn ] QualifyReferences.scala:47 Couldn't qualify TsTypeRef(TsQIdent(List(TsIdentSimple(library), TsIdentSimple(XML))),List()), defaulting to any [id => 3d-bin-packing, phase => typescript, scope => TreeScope(TsParsedFile() / TsDeclNamespace(bws) / TsDeclNamespace(packer) / TsDeclClass(Wrapper) / TsMemberFunction(toXML) / TsFunSig() / TsTypeRef())] 
[warn ] QualifyReferences.scala:47 Couldn't qualify TsTypeRef(TsQIdent(List(TsIdentSimple(std), TsIdentSimple(HashSet))),List(TsTypeRef(TsQIdent(List(TsIdentSimple(Box))),List()))), defaulting to any [id => 3d-bin-packing, phase => typescript, scope => TreeScope(TsParsedFile() / TsDeclNamespace(boxologic) / TsDeclClass(Box) / TsMemberProperty(overlapped_boxes) / TsTypeRef())] 
[warn ] QualifyReferences.scala:47 Couldn't qualify TsTypeRef(TsQIdent(List(TsIdentSimple(std), TsIdentSimple(Pair))),List(TsTypeRef(TsQIdent(List(TsIdentSimple(bws), TsIdentSimple(packer), TsIdentSimple(Wrapper))),List()), TsTypeRef(TsQIdent(List(TsIdentSimple(bws), TsIdentSimple(packer), TsIdentSimple(InstanceArray))),List()))), defaulting to any [id => 3d-bin-packing, phase => typescript, scope => TreeScope(TsParsedFile() / TsDeclNamespace(boxologic) / TsDeclClass(Boxologic) / TsMemberFunction(pack) / TsFunSig() / TsTypeRef())] 
[info ] InferReturnTypes.scala:32 Could not infer return type [id => 3d-bin-packing, phase => typescript, scope => TreeScope(TsParsedFile() / TsDeclNamespace(bws) / TsDeclNamespace(packer) / TsDeclClass(InstanceForm) / TsMemberFunction(createInstance))] 
[info ] InferReturnTypes.scala:32 Could not infer return type [id => 3d-bin-packing, phase => typescript, scope => TreeScope(TsParsedFile() / TsDeclNamespace(bws) / TsDeclNamespace(packer) / TsDeclClass(GAWrapperArray) / TsMemberFunction(constructResult))] 
[info ] InferReturnTypes.scala:32 Could not infer return type [id => 3d-bin-packing, phase => typescript, scope => TreeScope(TsParsedFile() / TsDeclNamespace(bws) / TsDeclNamespace(packer) / TsDeclClass(WrapperGroup) / TsMemberFunction(pack))] 
[info ] InferReturnTypes.scala:32 Could not infer return type [id => 3d-bin-packing, phase => typescript, scope => TreeScope(TsParsedFile() / TsDeclNamespace(boxologic) / TsDeclClass(Box) / TsMemberFunction(hit_test_single))] 
[info ] InferReturnTypes.scala:32 Could not infer return type [id => 3d-bin-packing, phase => typescript, scope => TreeScope(TsParsedFile() / TsDeclNamespace(boxologic) / TsDeclClass(Box) / TsMemberFunction(hit_test_point))] 
[info ] InferReturnTypes.scala:32 Could not infer return type [id => 3d-bin-packing, phase => typescript, scope => TreeScope(TsParsedFile() / TsDeclNamespace(boxologic) / TsDeclClass(Boxologic) / TsMemberFunction(encode))] 
[info ] InferReturnTypes.scala:32 Could not infer return type [id => 3d-bin-packing, phase => typescript, scope => TreeScope(TsParsedFile() / TsDeclNamespace(boxologic) / TsDeclClass(Boxologic) / TsMemberFunction(decode))] 
[info ] InferReturnTypes.scala:32 Could not infer return type [id => 3d-bin-packing, phase => typescript, scope => TreeScope(TsParsedFile() / TsDeclNamespace(boxologic) / TsDeclClass(Boxologic) / TsMemberFunction(inspect_validity))] 
[info ] InferReturnTypes.scala:32 Could not infer return type [id => 3d-bin-packing, phase => typescript, scope => TreeScope(TsParsedFile() / TsDeclNamespace(boxologic) / TsDeclClass(Boxologic) / TsMemberFunction(iterate_orientations))] 
[info ] InferReturnTypes.scala:32 Could not infer return type [id => 3d-bin-packing, phase => typescript, scope => TreeScope(TsParsedFile() / TsDeclNamespace(boxologic) / TsDeclClass(Boxologic) / TsMemberFunction(iterate_layer))] 
[info ] InferReturnTypes.scala:32 Could not infer return type [id => 3d-bin-packing, phase => typescript, scope => TreeScope(TsParsedFile() / TsDeclNamespace(boxologic) / TsDeclClass(Boxologic) / TsMemberFunction(construct_layers))] 
[info ] InferReturnTypes.scala:32 Could not infer return type [id => 3d-bin-packing, phase => typescript, scope => TreeScope(TsParsedFile() / TsDeclNamespace(boxologic) / TsDeclClass(Boxologic) / TsMemberFunction(pack_layer))] 
[info ] InferReturnTypes.scala:32 Could not infer return type [id => 3d-bin-packing, phase => typescript, scope => TreeScope(TsParsedFile() / TsDeclNamespace(boxologic) / TsDeclClass(Boxologic) / TsMemberFunction(find_layer))] 
[info ] InferReturnTypes.scala:32 Could not infer return type [id => 3d-bin-packing, phase => typescript, scope => TreeScope(TsParsedFile() / TsDeclNamespace(boxologic) / TsDeclClass(Boxologic) / TsMemberFunction(find_box))] 
[info ] InferReturnTypes.scala:32 Could not infer return type [id => 3d-bin-packing, phase => typescript, scope => TreeScope(TsParsedFile() / TsDeclNamespace(boxologic) / TsDeclClass(Boxologic) / TsMemberFunction(analyze_box))] 
[info ] InferReturnTypes.scala:32 Could not infer return type [id => 3d-bin-packing, phase => typescript, scope => TreeScope(TsParsedFile() / TsDeclNamespace(boxologic) / TsDeclClass(Boxologic) / TsMemberFunction(check_found))] 
[info ] InferReturnTypes.scala:32 Could not infer return type [id => 3d-bin-packing, phase => typescript, scope => TreeScope(TsParsedFile() / TsDeclNamespace(boxologic) / TsDeclClass(Boxologic) / TsMemberFunction(volume_check))] 
[info ] InferReturnTypes.scala:32 Could not infer return type [id => 3d-bin-packing, phase => typescript, scope => TreeScope(TsParsedFile() / TsDeclNamespace(boxologic) / TsDeclClass(Boxologic) / TsMemberFunction(find_smallest_z))] 
[info ] InferReturnTypes.scala:32 Could not infer return type [id => 3d-bin-packing, phase => typescript, scope => TreeScope(TsParsedFile() / TsDeclNamespace(boxologic) / TsDeclClass(Boxologic) / TsMemberFunction(report_results))] 
[info ] InferReturnTypes.scala:32 Could not infer return type [id => 3d-bin-packing, phase => typescript, scope => TreeScope(TsParsedFile() / TsDeclNamespace(boxologic) / TsDeclClass(Boxologic) / TsMemberFunction(write_box_file))] 
[debug] PhaseRunner.scala:78 Success [id => 3d-bin-packing, phase => typescript] 
[warn ] Phase2ToScalaJs.scala:34 Processing 3d-bin-packing [id => 3d-bin-packing, phase => scala.js] 
[info ] CompleteClass.scala:60 Completed implementations Vector(setName, getWidth, setWidth, setHeight, TYPE, getHeight, getVolume, getName, getLength, setLength) [id => 3d-bin-packing, phase => scala.js, this => Name(3dDashBinDashPackingLib) / Name(bwsNs) / Name(packerNs) / Name(Product)] 
[info ] CompleteClass.scala:60 Completed implementations Vector(setName, getWidth, setWidth, setHeight, TYPE, getHeight, getVolume, getName, getLength, setLength) [id => 3d-bin-packing, phase => scala.js, this => Name(3dDashBinDashPackingLib) / Name(bwsNs) / Name(packerNs) / Name(Wrapper)] 
[debug] PhaseRunner.scala:78 Success [id => 3d-bin-packing, phase => scala.js] 
[warn ] PhaseRunner.scala:64 Failed because of, [tstl => Compilation failed] [id => 3d-bin-packing, phase => build] 
[debug] PhaseRunner.scala:82 Failure, [tstl => Compilation failed] [id => 3d-bin-packing, phase => build] 
[debug] PhaseRunner.scala:82 Failure, [tstl => Compilation failed] [id => 3d-bin-packing, phase => publish] 
