[debug] PhaseRunner.scala:86 Ignored [id => actions-on-google, phase => typescript] 
[debug] PhaseRunner.scala:78 Success [id => actions-on-google, phase => typescript] 
[debug] PhaseRunner.scala:78 Success [id => actions-on-google, phase => typescript] 
[debug] PhaseRunner.scala:78 Success [id => actions-on-google, phase => typescript] 
[debug] PhaseRunner.scala:78 Success [id => actions-on-google, phase => typescript] 
[debug] PhaseRunner.scala:78 Success [id => actions-on-google, phase => typescript] 
[debug] PhaseRunner.scala:78 Success [id => actions-on-google, phase => typescript] 
[info ] Phase1ReadTypescript.scala:152 Preprocessing TsHelperFile(InFile(/home/tso/tmp/tso-cache/DefinitelyTyped/types/actions-on-google/actions-sdk-app.d.ts),FromFolder(InFolder(/home/tso/tmp/tso-cache/DefinitelyTyped/types/actions-on-google),TsIdentLibrarySimple(actions-on-google)),TsIdentModule(None,List(actions-on-google, actions-sdk-app))) [id => actions-on-google, phase => typescript] 
[info ] InferredDefaultModule.scala:39 Inferred module TsIdentModule(None,List(actions-on-google, actions-sdk-app)) [id => actions-on-google, phase => typescript] 
[info ] Phase1ReadTypescript.scala:152 Preprocessing TsHelperFile(InFile(/home/tso/tmp/tso-cache/DefinitelyTyped/types/actions-on-google/assistant-app.d.ts),FromFolder(InFolder(/home/tso/tmp/tso-cache/DefinitelyTyped/types/actions-on-google),TsIdentLibrarySimple(actions-on-google)),TsIdentModule(None,List(actions-on-google, assistant-app))) [id => actions-on-google, phase => typescript] 
[info ] InferredDefaultModule.scala:39 Inferred module TsIdentModule(None,List(actions-on-google, assistant-app)) [id => actions-on-google, phase => typescript] 
[info ] Phase1ReadTypescript.scala:152 Preprocessing TsHelperFile(InFile(/home/tso/tmp/tso-cache/DefinitelyTyped/types/actions-on-google/dialogflow-app.d.ts),FromFolder(InFolder(/home/tso/tmp/tso-cache/DefinitelyTyped/types/actions-on-google),TsIdentLibrarySimple(actions-on-google)),TsIdentModule(None,List(actions-on-google, dialogflow-app))) [id => actions-on-google, phase => typescript] 
[info ] InferredDefaultModule.scala:39 Inferred module TsIdentModule(None,List(actions-on-google, dialogflow-app)) [id => actions-on-google, phase => typescript] 
[info ] Phase1ReadTypescript.scala:152 Preprocessing TsHelperFile(InFile(/home/tso/tmp/tso-cache/DefinitelyTyped/types/actions-on-google/index.d.ts),FromFolder(InFolder(/home/tso/tmp/tso-cache/DefinitelyTyped/types/actions-on-google),TsIdentLibrarySimple(actions-on-google)),TsIdentModule(None,List(actions-on-google))) [id => actions-on-google, phase => typescript] 
[info ] InferredDefaultModule.scala:39 Inferred module TsIdentModule(None,List(actions-on-google)) [id => actions-on-google, phase => typescript] 
[info ] Phase1ReadTypescript.scala:152 Preprocessing TsHelperFile(InFile(/home/tso/tmp/tso-cache/DefinitelyTyped/types/actions-on-google/response-builder.d.ts),FromFolder(InFolder(/home/tso/tmp/tso-cache/DefinitelyTyped/types/actions-on-google),TsIdentLibrarySimple(actions-on-google)),TsIdentModule(None,List(actions-on-google, response-builder))) [id => actions-on-google, phase => typescript] 
[info ] InferredDefaultModule.scala:39 Inferred module TsIdentModule(None,List(actions-on-google, response-builder)) [id => actions-on-google, phase => typescript] 
[info ] Phase1ReadTypescript.scala:152 Preprocessing TsHelperFile(InFile(/home/tso/tmp/tso-cache/DefinitelyTyped/types/actions-on-google/transactions.d.ts),FromFolder(InFolder(/home/tso/tmp/tso-cache/DefinitelyTyped/types/actions-on-google),TsIdentLibrarySimple(actions-on-google)),TsIdentModule(None,List(actions-on-google, transactions))) [id => actions-on-google, phase => typescript] 
[info ] InferredDefaultModule.scala:39 Inferred module TsIdentModule(None,List(actions-on-google, transactions)) [id => actions-on-google, phase => typescript] 
[warn ] Phase1ReadTypescript.scala:190 Processing TsIdentLibrarySimple(actions-on-google) [id => actions-on-google, phase => typescript] 
[warn ] ResolveTypeQueries.scala:98 Couldn't resolve TsTypeQuery(TsQIdent(List(TsIdentLibrarySimple(actions-on-google), TsIdentModule(None,List(actions-on-google, assistant-app)), TsIdentSimple(StandardIntents)))) [id => actions-on-google, phase => typescript, scope => TreeScope(TsParsedFile() / TsDeclModule(actions-on-google/assistant-app) / TsExport() / TsExporteeTree() / TsDeclClass(AssistantApp) / TsMemberProperty(StandardIntents) / TsTypeQuery())] 
[warn ] ResolveTypeQueries.scala:98 Couldn't resolve TsTypeQuery(TsQIdent(List(TsIdentLibrarySimple(actions-on-google), TsIdentModule(None,List(actions-on-google, assistant-app)), TsIdentSimple(SupportedPermissions)))) [id => actions-on-google, phase => typescript, scope => TreeScope(TsParsedFile() / TsDeclModule(actions-on-google/assistant-app) / TsExport() / TsExporteeTree() / TsDeclClass(AssistantApp) / TsMemberProperty(SupportedPermissions) / TsTypeQuery())] 
[warn ] ResolveTypeQueries.scala:98 Couldn't resolve TsTypeQuery(TsQIdent(List(TsIdentLibrarySimple(actions-on-google), TsIdentModule(None,List(actions-on-google, assistant-app)), TsIdentSimple(BuiltInArgNames)))) [id => actions-on-google, phase => typescript, scope => TreeScope(TsParsedFile() / TsDeclModule(actions-on-google/assistant-app) / TsExport() / TsExporteeTree() / TsDeclClass(AssistantApp) / TsMemberProperty(BuiltInArgNames) / TsTypeQuery())] 
[warn ] ResolveTypeQueries.scala:98 Couldn't resolve TsTypeQuery(TsQIdent(List(TsIdentLibrarySimple(actions-on-google), TsIdentModule(None,List(actions-on-google, assistant-app)), TsIdentSimple(ConversationTypes)))) [id => actions-on-google, phase => typescript, scope => TreeScope(TsParsedFile() / TsDeclModule(actions-on-google/assistant-app) / TsExport() / TsExporteeTree() / TsDeclClass(AssistantApp) / TsMemberProperty(ConversationStages) / TsTypeQuery())] 
[warn ] ResolveTypeQueries.scala:98 Couldn't resolve TsTypeQuery(TsQIdent(List(TsIdentLibrarySimple(actions-on-google), TsIdentModule(None,List(actions-on-google, assistant-app)), TsIdentSimple(ConversationTypes)))) [id => actions-on-google, phase => typescript, scope => TreeScope(TsParsedFile() / TsDeclModule(actions-on-google/assistant-app) / TsExport() / TsExporteeTree() / TsDeclClass(AssistantApp) / TsMemberProperty(ConversationTypes) / TsTypeQuery())] 
[warn ] ResolveTypeQueries.scala:98 Couldn't resolve TsTypeQuery(TsQIdent(List(TsIdentLibrarySimple(actions-on-google), TsIdentModule(None,List(actions-on-google, assistant-app)), TsIdentSimple(SurfaceCapabilities)))) [id => actions-on-google, phase => typescript, scope => TreeScope(TsParsedFile() / TsDeclModule(actions-on-google/assistant-app) / TsExport() / TsExporteeTree() / TsDeclClass(AssistantApp) / TsMemberProperty(SurfaceCapabilities) / TsTypeQuery())] 
[warn ] ResolveTypeQueries.scala:98 Couldn't resolve TsTypeQuery(TsQIdent(List(TsIdentLibrarySimple(actions-on-google), TsIdentModule(None,List(actions-on-google, assistant-app)), TsIdentSimple(InputTypes)))) [id => actions-on-google, phase => typescript, scope => TreeScope(TsParsedFile() / TsDeclModule(actions-on-google/assistant-app) / TsExport() / TsExporteeTree() / TsDeclClass(AssistantApp) / TsMemberProperty(InputTypes) / TsTypeQuery())] 
[warn ] ResolveTypeQueries.scala:98 Couldn't resolve TsTypeQuery(TsQIdent(List(TsIdentLibrarySimple(actions-on-google), TsIdentModule(None,List(actions-on-google, assistant-app)), TsIdentSimple(SignInStatus)))) [id => actions-on-google, phase => typescript, scope => TreeScope(TsParsedFile() / TsDeclModule(actions-on-google/assistant-app) / TsExport() / TsExporteeTree() / TsDeclClass(AssistantApp) / TsMemberProperty(SignInStatus) / TsTypeQuery())] 
[warn ] ResolveTypeQueries.scala:98 Couldn't resolve TsTypeQuery(TsQIdent(List(TsIdentLibrarySimple(actions-on-google), TsIdentModule(None,List(actions-on-google, response-builder)), TsIdentSimple(ImageDisplays)))) [id => actions-on-google, phase => typescript, scope => TreeScope(TsParsedFile() / TsDeclModule(actions-on-google/assistant-app) / TsExport() / TsExporteeTree() / TsDeclClass(AssistantApp) / TsMemberProperty(ImageDisplays) / TsTypeQuery())] 
[info ] ResolveTypeQueries.scala:94 Resolved TsTypeQuery(TsQIdent(List(TsIdentLibrarySimple(actions-on-google), TsIdentModule(None,List(actions-on-google, transactions)), TsIdentNamespace(TransactionValues)))) [id => actions-on-google, phase => typescript, scope => TreeScope(TsParsedFile() / TsDeclModule(actions-on-google/assistant-app) / TsExport() / TsExporteeTree() / TsDeclClass(AssistantApp) / TsMemberProperty(Transactions) / TsTypeQuery())] 
[info ] ResolveTypeQueries.scala:94 Resolved TsTypeQuery(TsQIdent(List(TsIdentLibrarySimple(actions-on-google), TsIdentModule(None,List(actions-on-google, response-builder)), TsIdentNamespace(MediaValues)))) [id => actions-on-google, phase => typescript, scope => TreeScope(TsParsedFile() / TsDeclModule(actions-on-google/assistant-app) / TsExport() / TsExporteeTree() / TsDeclClass(AssistantApp) / TsMemberProperty(Media) / TsTypeQuery())] 
[warn ] ResolveTypeQueries.scala:98 Couldn't resolve TsTypeQuery(TsQIdent(List(TsIdentLibrarySimple(actions-on-google), TsIdentModule(None,List(actions-on-google, assistant-app)), TsIdentSimple(EntitlementSkuTypes)))) [id => actions-on-google, phase => typescript, scope => TreeScope(TsParsedFile() / TsDeclModule(actions-on-google/assistant-app) / TsExport() / TsExporteeTree() / TsDeclClass(AssistantApp) / TsMemberProperty(EntitlementSkuTypes) / TsTypeQuery())] 
[warn ] ResolveTypeQueries.scala:98 Couldn't resolve TsTypeQuery(TsQIdent(List(TsIdentLibrarySimple(actions-on-google), TsIdentModule(None,List(actions-on-google, assistant-app)), TsIdentSimple(TimeContextFrequency)))) [id => actions-on-google, phase => typescript, scope => TreeScope(TsParsedFile() / TsDeclModule(actions-on-google/assistant-app) / TsExport() / TsExporteeTree() / TsDeclClass(AssistantApp) / TsMemberProperty(TimeContextFrequency) / TsTypeQuery())] 
[info ] ExtractInterfaces.scala:30 Extracted anonymous interface TsIdentSimple(Anon_Url) [id => actions-on-google, phase => typescript, scope => TreeScope(TsParsedFile() / TsDeclModule(actions-on-google/response-builder) / TsDeclInterface(Button) / TsMemberProperty(openUrlAction) / TsTypeObject())] 
[info ] ExtractInterfaces.scala:30 Extracted anonymous interface TsIdentSimple(Anon_Year) [id => actions-on-google, phase => typescript, scope => TreeScope(TsParsedFile() / TsDeclModule(actions-on-google/assistant-app) / TsDeclInterface(DateTime) / TsMemberProperty(date) / TsTypeObject())] 
[info ] ExtractInterfaces.scala:30 Extracted anonymous interface TsIdentSimple(Anon_Hours) [id => actions-on-google, phase => typescript, scope => TreeScope(TsParsedFile() / TsDeclModule(actions-on-google/assistant-app) / TsDeclInterface(DateTime) / TsMemberProperty(time) / TsTypeObject())] 
[info ] ExtractInterfaces.scala:30 Extracted anonymous interface TsIdentSimple(Anon_InAppPurchaseData) [id => actions-on-google, phase => typescript, scope => TreeScope(TsParsedFile() / TsDeclModule(actions-on-google/assistant-app) / TsDeclInterface(Entitlement) / TsMemberProperty(inAppDetails) / TsTypeObject())] 
[info ] ExtractInterfaces.scala:30 Extracted anonymous interface TsIdentSimple(Anon_RegionCode) [id => actions-on-google, phase => typescript, scope => TreeScope(TsParsedFile() / TsDeclModule(actions-on-google/transactions) / TsDeclInterface(Location) / TsMemberProperty(postalAddress) / TsTypeObject())] 
[info ] ExtractInterfaces.scala:30 Extracted anonymous interface TsIdentSimple(Anon_CurrencyCode) [id => actions-on-google, phase => typescript, scope => TreeScope(TsParsedFile() / TsDeclModule(actions-on-google/transactions) / TsDeclInterface(Price) / TsMemberProperty(amount) / TsTypeObject())] 
[info ] ExtractInterfaces.scala:30 Extracted anonymous interface TsIdentSimple(Anon_ResultType) [id => actions-on-google, phase => typescript, scope => TreeScope(TsParsedFile() / TsDeclModule(actions-on-google/transactions) / TsDeclInterface(TransactionDecision) / TsMemberProperty(checkResult) / TsTypeObject())] 
[info ] ExtractInterfaces.scala:30 Extracted anonymous interface TsIdentSimple(Anon_Nanos) [id => actions-on-google, phase => typescript, scope => TreeScope(TsParsedFile() / TsDeclModule(actions-on-google/transactions) / TsDeclInterface(TransactionDecision) / TsMemberProperty(order) / TsTypeObject() / TsMemberProperty(orderDate) / TsTypeObject())] 
[info ] ExtractInterfaces.scala:30 Extracted anonymous interface TsIdentSimple(Anon_Email) [id => actions-on-google, phase => typescript, scope => TreeScope(TsParsedFile() / TsDeclModule(actions-on-google/transactions) / TsDeclInterface(TransactionDecision) / TsMemberProperty(order) / TsTypeObject() / TsMemberProperty(customerInfo) / TsTypeObject())] 
[info ] ExtractInterfaces.scala:30 Extracted anonymous interface TsIdentSimple(Anon_GoogleOrderId) [id => actions-on-google, phase => typescript, scope => TreeScope(TsParsedFile() / TsDeclModule(actions-on-google/transactions) / TsDeclInterface(TransactionDecision) / TsMemberProperty(order) / TsTypeObject())] 
[debug] PhaseRunner.scala:78 Success [id => actions-on-google, phase => typescript] 
[warn ] Phase2ToScalaJs.scala:34 Processing TsIdentLibrarySimple(actions-on-google) [id => actions-on-google, phase => scala.js] 
[debug] PhaseRunner.scala:78 Success [id => actions-on-google, phase => scala.js] 
[warn ] PhaseRunner.scala:64 Failed because of, [node => Compilation failed] [id => actions-on-google, phase => build] 
[debug] PhaseRunner.scala:82 Failure, [node => Compilation failed] [id => actions-on-google, phase => build] 
