[debug] PhaseRunner.scala:78 Success [id => ali-oss, phase => typescript] 
[info ] Phase1ReadTypescript.scala:152 Preprocessing TsHelperFile(InFile(/home/tso/tmp/tso-cache/DefinitelyTyped/types/ali-oss/index.d.ts),FromFolder(InFolder(/home/tso/tmp/tso-cache/DefinitelyTyped/types/ali-oss),TsIdentLibrarySimple(ali-oss)),TsIdentModule(None,List(ali-oss))) [id => ali-oss, phase => typescript] 
[info ] InferredDefaultModule.scala:39 Inferred module TsIdentModule(None,List(ali-oss)) [id => ali-oss, phase => typescript] 
[warn ] Phase1ReadTypescript.scala:190 Processing TsIdentLibrarySimple(ali-oss) [id => ali-oss, phase => typescript] 
[info ] ExtractInterfaces.scala:30 Extracted anonymous interface TsIdentSimple(Anon_Etag) [id => ali-oss, phase => typescript, scope => TreeScope(TsParsedFile() / TsDeclModule(ali-oss) / TsDeclNamespace(OSS) / TsDeclInterface(Checkpoint) / TsMemberProperty(doneParts) / TsTypeRef() / TsTypeObject())] 
[info ] ExtractInterfaces.scala:30 Extracted anonymous interface TsIdentSimple(Anon_PlaylistName) [id => ali-oss, phase => typescript, scope => TreeScope(TsParsedFile() / TsDeclModule(ali-oss) / TsDeclNamespace(OSS) / TsDeclInterface(PutChannelConf) / TsMemberProperty(Target) / TsTypeObject())] 
[info ] ExtractInterfaces.scala:30 Extracted anonymous interface TsIdentSimple(Anon_Rt) [id => ali-oss, phase => typescript, scope => TreeScope(TsParsedFile() / TsDeclModule(ali-oss) / TsDeclNamespace(OSS) / TsDeclInterface(InitMultipartUploadResult) / TsMemberProperty(res) / TsTypeObject())] 
[info ] ExtractInterfaces.scala:30 Extracted anonymous interface TsIdentSimple(Anon_Expires) [id => ali-oss, phase => typescript, scope => TreeScope(TsParsedFile() / TsDeclModule(ali-oss) / TsDeclNamespace(OSS) / TsDeclInterface(ImageClient) / TsMemberFunction(signatureUrl) / TsFunSig() / TsFunParam() / TsTypeObject())] 
[info ] ExtractInterfaces.scala:30 Extracted anonymous interface TsIdentSimple(Anon_Data) [id => ali-oss, phase => typescript, scope => TreeScope(TsParsedFile() / TsDeclModule(ali-oss) / TsDeclNamespace(OSS) / TsDeclInterface(ImageClient) / TsMemberFunction(getInfo) / TsFunSig() / TsTypeRef() / TsTypeObject())] 
[info ] ExtractInterfaces.scala:30 Extracted anonymous interface TsIdentSimple(Anon_Data) [id => ali-oss, phase => typescript, scope => TreeScope(TsParsedFile() / TsDeclModule(ali-oss) / TsDeclNamespace(OSS) / TsDeclInterface(ImageClient) / TsMemberFunction(getInfo) / TsFunSig() / TsTypeRef() / TsTypeObject())] 
[info ] ExtractInterfaces.scala:30 Extracted anonymous interface TsIdentSimple(Anon_Data) [id => ali-oss, phase => typescript, scope => TreeScope(TsParsedFile() / TsDeclModule(ali-oss) / TsDeclNamespace(OSS) / TsDeclInterface(ImageClient) / TsMemberFunction(putStyle) / TsFunSig() / TsTypeRef() / TsTypeObject())] 
[info ] ExtractInterfaces.scala:30 Extracted anonymous interface TsIdentSimple(Anon_Data) [id => ali-oss, phase => typescript, scope => TreeScope(TsParsedFile() / TsDeclModule(ali-oss) / TsDeclNamespace(OSS) / TsDeclInterface(ImageClient) / TsMemberFunction(putStyle) / TsFunSig() / TsTypeRef() / TsTypeObject())] 
[info ] ExtractInterfaces.scala:30 Extracted anonymous interface TsIdentSimple(Anon_DataRes) [id => ali-oss, phase => typescript, scope => TreeScope(TsParsedFile() / TsDeclModule(ali-oss) / TsDeclNamespace(OSS) / TsDeclInterface(ImageClient) / TsMemberFunction(getStyle) / TsFunSig() / TsTypeRef() / TsTypeObject())] 
[info ] ExtractInterfaces.scala:30 Extracted anonymous interface TsIdentSimple(Anon_DataRes) [id => ali-oss, phase => typescript, scope => TreeScope(TsParsedFile() / TsDeclModule(ali-oss) / TsDeclNamespace(OSS) / TsDeclInterface(ImageClient) / TsMemberFunction(getStyle) / TsFunSig() / TsTypeRef() / TsTypeObject())] 
[info ] ExtractInterfaces.scala:30 Extracted anonymous interface TsIdentSimple(Anon_Content) [id => ali-oss, phase => typescript, scope => TreeScope(TsParsedFile() / TsDeclModule(ali-oss) / TsDeclNamespace(OSS) / TsDeclInterface(ImageClient) / TsMemberFunction(get) / TsFunSig() / TsTypeRef() / TsTypeObject())] 
[info ] ExtractInterfaces.scala:30 Extracted anonymous interface TsIdentSimple(Anon_Content) [id => ali-oss, phase => typescript, scope => TreeScope(TsParsedFile() / TsDeclModule(ali-oss) / TsDeclNamespace(OSS) / TsDeclInterface(ImageClient) / TsMemberFunction(get) / TsFunSig() / TsTypeRef() / TsTypeObject())] 
[info ] ExtractInterfaces.scala:30 Extracted anonymous interface TsIdentSimple(Anon_Content) [id => ali-oss, phase => typescript, scope => TreeScope(TsParsedFile() / TsDeclModule(ali-oss) / TsDeclNamespace(OSS) / TsDeclInterface(ImageClient) / TsMemberFunction(get) / TsFunSig() / TsTypeRef() / TsTypeObject())] 
[info ] ExtractInterfaces.scala:30 Extracted anonymous interface TsIdentSimple(Anon_Stream) [id => ali-oss, phase => typescript, scope => TreeScope(TsParsedFile() / TsDeclModule(ali-oss) / TsDeclNamespace(OSS) / TsDeclInterface(ImageClient) / TsMemberFunction(getStream) / TsFunSig() / TsTypeRef() / TsTypeObject())] 
[info ] ExtractInterfaces.scala:30 Extracted anonymous interface TsIdentSimple(Anon_Stream) [id => ali-oss, phase => typescript, scope => TreeScope(TsParsedFile() / TsDeclModule(ali-oss) / TsDeclNamespace(OSS) / TsDeclInterface(ImageClient) / TsMemberFunction(getStream) / TsFunSig() / TsTypeRef() / TsTypeObject())] 
[info ] ExtractInterfaces.scala:30 Extracted anonymous interface TsIdentSimple(Anon_Data) [id => ali-oss, phase => typescript, scope => TreeScope(TsParsedFile() / TsDeclModule(ali-oss) / TsDeclNamespace(OSS) / TsDeclInterface(ImageClient) / TsMemberFunction(getExif) / TsFunSig() / TsTypeRef() / TsTypeObject())] 
[info ] ExtractInterfaces.scala:30 Extracted anonymous interface TsIdentSimple(Anon_Data) [id => ali-oss, phase => typescript, scope => TreeScope(TsParsedFile() / TsDeclModule(ali-oss) / TsDeclNamespace(OSS) / TsDeclInterface(ImageClient) / TsMemberFunction(getExif) / TsFunSig() / TsTypeRef() / TsTypeObject())] 
[info ] ExtractInterfaces.scala:30 Extracted anonymous interface TsIdentSimple(Anon_Name) [id => ali-oss, phase => typescript, scope => TreeScope(TsParsedFile() / TsDeclModule(ali-oss) / TsDeclNamespace(OSS) / TsDeclInterface(Cluster) / TsMemberFunction(putStream) / TsFunSig() / TsTypeRef() / TsTypeObject())] 
[info ] ExtractInterfaces.scala:30 Extracted anonymous interface TsIdentSimple(Anon_Name) [id => ali-oss, phase => typescript, scope => TreeScope(TsParsedFile() / TsDeclModule(ali-oss) / TsDeclNamespace(OSS) / TsDeclInterface(Cluster) / TsMemberFunction(putStream) / TsFunSig() / TsTypeRef() / TsTypeObject())] 
[info ] ExtractInterfaces.scala:30 Extracted anonymous interface TsIdentSimple(Anon_EndTime) [id => ali-oss, phase => typescript, scope => TreeScope(TsParsedFile() / TsDeclModule(ali-oss) / TsDeclInterface(OSS) / TsMemberFunction(createVod) / TsFunSig() / TsFunParam() / TsTypeObject())] 
[info ] ExtractInterfaces.scala:30 Extracted anonymous interface TsIdentSimple(Anon_EndTime) [id => ali-oss, phase => typescript, scope => TreeScope(TsParsedFile() / TsDeclModule(ali-oss) / TsDeclInterface(OSS) / TsMemberFunction(createVod) / TsFunSig() / TsFunParam() / TsTypeObject())] 
[info ] ExtractInterfaces.scala:30 Extracted anonymous interface TsIdentSimple(Anon_SourceBucketName) [id => ali-oss, phase => typescript, scope => TreeScope(TsParsedFile() / TsDeclModule(ali-oss) / TsDeclInterface(OSS) / TsMemberFunction(uploadPartCopy) / TsFunSig() / TsFunParam() / TsTypeObject())] 
[info ] ExtractInterfaces.scala:30 Extracted anonymous interface TsIdentSimple(Anon_Timeout) [id => ali-oss, phase => typescript, scope => TreeScope(TsParsedFile() / TsDeclModule(ali-oss) / TsDeclInterface(OSS) / TsMemberFunction(uploadPartCopy) / TsFunSig() / TsFunParam() / TsTypeObject())] 
[info ] ExtractInterfaces.scala:30 Extracted anonymous interface TsIdentSimple(Anon_Prefix) [id => ali-oss, phase => typescript, scope => TreeScope(TsParsedFile() / TsDeclModule(ali-oss) / TsDeclInterface(OSS) / TsMemberFunction(getBucketLogging) / TsFunSig() / TsTypeRef() / TsTypeObject())] 
[info ] ExtractInterfaces.scala:30 Extracted anonymous interface TsIdentSimple(Anon_Prefix) [id => ali-oss, phase => typescript, scope => TreeScope(TsParsedFile() / TsDeclModule(ali-oss) / TsDeclInterface(OSS) / TsMemberFunction(getBucketLogging) / TsFunSig() / TsTypeRef() / TsTypeObject())] 
[info ] ExtractInterfaces.scala:30 Extracted anonymous interface TsIdentSimple(Anon_Rules) [id => ali-oss, phase => typescript, scope => TreeScope(TsParsedFile() / TsDeclModule(ali-oss) / TsDeclInterface(OSS) / TsMemberFunction(getBucketLifecycle) / TsFunSig() / TsTypeRef() / TsTypeObject())] 
[info ] ExtractInterfaces.scala:30 Extracted anonymous interface TsIdentSimple(Anon_Rules) [id => ali-oss, phase => typescript, scope => TreeScope(TsParsedFile() / TsDeclModule(ali-oss) / TsDeclInterface(OSS) / TsMemberFunction(getBucketLifecycle) / TsFunSig() / TsTypeRef() / TsTypeObject())] 
[info ] ExtractInterfaces.scala:30 Extracted anonymous interface TsIdentSimple(Anon_Bucket) [id => ali-oss, phase => typescript, scope => TreeScope(TsParsedFile() / TsDeclModule(ali-oss) / TsDeclInterface(OSS) / TsMemberFunction(putBucket) / TsFunSig() / TsTypeRef() / TsTypeObject())] 
[info ] ExtractInterfaces.scala:30 Extracted anonymous interface TsIdentSimple(Anon_Bucket) [id => ali-oss, phase => typescript, scope => TreeScope(TsParsedFile() / TsDeclModule(ali-oss) / TsDeclInterface(OSS) / TsMemberFunction(putBucket) / TsFunSig() / TsTypeRef() / TsTypeObject())] 
[info ] ExtractInterfaces.scala:30 Extracted anonymous interface TsIdentSimple(Anon_Etag) [id => ali-oss, phase => typescript, scope => TreeScope(TsParsedFile() / TsDeclModule(ali-oss) / TsDeclInterface(OSS) / TsMemberFunction(completeMultipartUpload) / TsFunSig() / TsFunParam() / TsTypeRef() / TsTypeObject())] 
[info ] ExtractInterfaces.scala:30 Extracted anonymous interface TsIdentSimple(Anon_Etag) [id => ali-oss, phase => typescript, scope => TreeScope(TsParsedFile() / TsDeclModule(ali-oss) / TsDeclInterface(OSS) / TsMemberFunction(completeMultipartUpload) / TsFunSig() / TsFunParam() / TsTypeRef() / TsTypeObject())] 
[info ] ExtractInterfaces.scala:30 Extracted anonymous interface TsIdentSimple(Anon_Error) [id => ali-oss, phase => typescript, scope => TreeScope(TsParsedFile() / TsDeclModule(ali-oss) / TsDeclInterface(OSS) / TsMemberFunction(getBucketWebsite) / TsFunSig() / TsTypeRef() / TsTypeObject())] 
[info ] ExtractInterfaces.scala:30 Extracted anonymous interface TsIdentSimple(Anon_Error) [id => ali-oss, phase => typescript, scope => TreeScope(TsParsedFile() / TsDeclModule(ali-oss) / TsDeclInterface(OSS) / TsMemberFunction(getBucketWebsite) / TsFunSig() / TsTypeRef() / TsTypeObject())] 
[info ] ExtractInterfaces.scala:30 Extracted anonymous interface TsIdentSimple(Anon_DataResPutChannelConf) [id => ali-oss, phase => typescript, scope => TreeScope(TsParsedFile() / TsDeclModule(ali-oss) / TsDeclInterface(OSS) / TsMemberFunction(getChannel) / TsFunSig() / TsTypeRef() / TsTypeObject())] 
[info ] ExtractInterfaces.scala:30 Extracted anonymous interface TsIdentSimple(Anon_DataResPutChannelConf) [id => ali-oss, phase => typescript, scope => TreeScope(TsParsedFile() / TsDeclModule(ali-oss) / TsDeclInterface(OSS) / TsMemberFunction(getChannel) / TsFunSig() / TsTypeRef() / TsTypeObject())] 
[info ] ExtractInterfaces.scala:30 Extracted anonymous interface TsIdentSimple(Anon_AllowEmpty) [id => ali-oss, phase => typescript, scope => TreeScope(TsParsedFile() / TsDeclModule(ali-oss) / TsDeclInterface(OSS) / TsMemberFunction(getBucketReferer) / TsFunSig() / TsTypeRef() / TsTypeObject())] 
[info ] ExtractInterfaces.scala:30 Extracted anonymous interface TsIdentSimple(Anon_AllowEmpty) [id => ali-oss, phase => typescript, scope => TreeScope(TsParsedFile() / TsDeclModule(ali-oss) / TsDeclInterface(OSS) / TsMemberFunction(getBucketReferer) / TsFunSig() / TsTypeRef() / TsTypeObject())] 
[info ] ExtractInterfaces.scala:30 Extracted anonymous interface TsIdentSimple(Anon_RulesRes) [id => ali-oss, phase => typescript, scope => TreeScope(TsParsedFile() / TsDeclModule(ali-oss) / TsDeclInterface(OSS) / TsMemberFunction(getBucketCORS) / TsFunSig() / TsTypeRef() / TsTypeObject())] 
[info ] ExtractInterfaces.scala:30 Extracted anonymous interface TsIdentSimple(Anon_Name) [id => ali-oss, phase => typescript, scope => TreeScope(TsParsedFile() / TsDeclModule(ali-oss) / TsDeclInterface(OSS) / TsMemberFunction(putStream) / TsFunSig() / TsTypeRef() / TsTypeObject())] 
[info ] ExtractInterfaces.scala:30 Extracted anonymous interface TsIdentSimple(Anon_Name) [id => ali-oss, phase => typescript, scope => TreeScope(TsParsedFile() / TsDeclModule(ali-oss) / TsDeclInterface(OSS) / TsMemberFunction(putStream) / TsFunSig() / TsTypeRef() / TsTypeObject())] 
[info ] ExtractInterfaces.scala:30 Extracted anonymous interface TsIdentSimple(Anon_Acl) [id => ali-oss, phase => typescript, scope => TreeScope(TsParsedFile() / TsDeclModule(ali-oss) / TsDeclInterface(OSS) / TsMemberFunction(getBucketACL) / TsFunSig() / TsTypeRef() / TsTypeObject())] 
[info ] ExtractInterfaces.scala:30 Extracted anonymous interface TsIdentSimple(Anon_Acl) [id => ali-oss, phase => typescript, scope => TreeScope(TsParsedFile() / TsDeclModule(ali-oss) / TsDeclInterface(OSS) / TsMemberFunction(getBucketACL) / TsFunSig() / TsTypeRef() / TsTypeObject())] 
[debug] PhaseRunner.scala:78 Success [id => ali-oss, phase => typescript] 
[warn ] Phase2ToScalaJs.scala:34 Processing TsIdentLibrarySimple(ali-oss) [id => ali-oss, phase => scala.js] 
[debug] PhaseRunner.scala:78 Success [id => ali-oss, phase => scala.js] 
[error] unknown file:-1 bad option: -P:scalajs:sjsDefinedByDefault,  [id => ali-oss, phase => build] 
[debug] PhaseRunner.scala:82 Failure, [ali-oss => Compilation failed] [id => ali-oss, phase => build] 
