[debug] PhaseRunner.scala:82 Success [id => amap-js-api-map3d, phase => typescript] 
[debug] PhaseRunner.scala:82 Success [id => amap-js-api-map3d, phase => typescript] 
[debug] PhaseRunner.scala:82 Success [id => amap-js-api-map3d, phase => typescript] 
[debug] PhaseRunner.scala:82 Success [id => amap-js-api-map3d, phase => typescript] 
[debug] PhaseRunner.scala:82 Success [id => amap-js-api-map3d, phase => typescript] 
[debug] PhaseRunner.scala:82 Success [id => amap-js-api-map3d, phase => typescript] 
[debug] PhaseRunner.scala:82 Success [id => amap-js-api-map3d, phase => typescript] 
[debug] PhaseRunner.scala:82 Success [id => amap-js-api-map3d, phase => typescript] 
[debug] PhaseRunner.scala:82 Success [id => amap-js-api-map3d, phase => typescript] 
[debug] PhaseRunner.scala:82 Success [id => amap-js-api-map3d, phase => typescript] 
[debug] PhaseRunner.scala:82 Success [id => amap-js-api-map3d, phase => typescript] 
[debug] PhaseRunner.scala:82 Success [id => amap-js-api-map3d, phase => typescript] 
[debug] PhaseRunner.scala:82 Success [id => amap-js-api-map3d, phase => typescript] 
[debug] PhaseRunner.scala:82 Success [id => amap-js-api-map3d, phase => typescript] 
[debug] PhaseRunner.scala:82 Success [id => amap-js-api-map3d, phase => typescript] 
[info ] Phase1ReadTypescript.scala:163 Preprocessing TsHelperFile(InFile(/home/tso/tmp/tso-cache/DefinitelyTyped/types/amap-js-api-map3d/geometry-3d.d.ts),FromFolder(InFolder(/home/tso/tmp/tso-cache/DefinitelyTyped/types/amap-js-api-map3d),TsIdentLibrarySimple(amap-js-api-map3d)),TsIdentModule(None,List(amap-js-api-map3d, geometry-3d))) [id => amap-js-api-map3d, phase => typescript] 
[info ] Phase1ReadTypescript.scala:163 Preprocessing TsHelperFile(InFile(/home/tso/tmp/tso-cache/DefinitelyTyped/types/amap-js-api-map3d/index.d.ts),FromFolder(InFolder(/home/tso/tmp/tso-cache/DefinitelyTyped/types/amap-js-api-map3d),TsIdentLibrarySimple(amap-js-api-map3d)),TsIdentModule(None,List(amap-js-api-map3d))) [id => amap-js-api-map3d, phase => typescript] 
[info ] Phase1ReadTypescript.scala:163 Preprocessing TsHelperFile(InFile(/home/tso/tmp/tso-cache/DefinitelyTyped/types/amap-js-api-map3d/lights.d.ts),FromFolder(InFolder(/home/tso/tmp/tso-cache/DefinitelyTyped/types/amap-js-api-map3d),TsIdentLibrarySimple(amap-js-api-map3d)),TsIdentModule(None,List(amap-js-api-map3d, lights))) [id => amap-js-api-map3d, phase => typescript] 
[info ] Phase1ReadTypescript.scala:163 Preprocessing TsHelperFile(InFile(/home/tso/tmp/tso-cache/DefinitelyTyped/types/amap-js-api-map3d/map3d.d.ts),FromFolder(InFolder(/home/tso/tmp/tso-cache/DefinitelyTyped/types/amap-js-api-map3d),TsIdentLibrarySimple(amap-js-api-map3d)),TsIdentModule(None,List(amap-js-api-map3d, map3d))) [id => amap-js-api-map3d, phase => typescript] 
[info ] Phase1ReadTypescript.scala:163 Preprocessing TsHelperFile(InFile(/home/tso/tmp/tso-cache/DefinitelyTyped/types/amap-js-api-map3d/object3d-group.d.ts),FromFolder(InFolder(/home/tso/tmp/tso-cache/DefinitelyTyped/types/amap-js-api-map3d),TsIdentLibrarySimple(amap-js-api-map3d)),TsIdentModule(None,List(amap-js-api-map3d, object3d-group))) [id => amap-js-api-map3d, phase => typescript] 
[info ] Phase1ReadTypescript.scala:163 Preprocessing TsHelperFile(InFile(/home/tso/tmp/tso-cache/DefinitelyTyped/types/amap-js-api-map3d/object3d-layer.d.ts),FromFolder(InFolder(/home/tso/tmp/tso-cache/DefinitelyTyped/types/amap-js-api-map3d),TsIdentLibrarySimple(amap-js-api-map3d)),TsIdentModule(None,List(amap-js-api-map3d, object3d-layer))) [id => amap-js-api-map3d, phase => typescript] 
[info ] Phase1ReadTypescript.scala:163 Preprocessing TsHelperFile(InFile(/home/tso/tmp/tso-cache/DefinitelyTyped/types/amap-js-api-map3d/object3d.d.ts),FromFolder(InFolder(/home/tso/tmp/tso-cache/DefinitelyTyped/types/amap-js-api-map3d),TsIdentLibrarySimple(amap-js-api-map3d)),TsIdentModule(None,List(amap-js-api-map3d, object3d))) [id => amap-js-api-map3d, phase => typescript] 
[info ] Phase1ReadTypescript.scala:163 Preprocessing TsHelperFile(InFile(/home/tso/tmp/tso-cache/DefinitelyTyped/types/amap-js-api-map3d/vector3.d.ts),FromFolder(InFolder(/home/tso/tmp/tso-cache/DefinitelyTyped/types/amap-js-api-map3d),TsIdentLibrarySimple(amap-js-api-map3d)),TsIdentModule(None,List(amap-js-api-map3d, vector3))) [id => amap-js-api-map3d, phase => typescript] 
[warn ] Phase1ReadTypescript.scala:205 Processing TsIdentLibrarySimple(amap-js-api-map3d) [id => amap-js-api-map3d, phase => typescript] 
[info ] ExtractInterfaces.scala:37 Extracted anonymous interface TsIdentSimple(Anon_Height) [id => amap-js-api-map3d, phase => typescript, scope => TreeScope(TsParsedFile() / TsDeclNamespace(AMap) / TsDeclClass(Object3DLayer) / TsMemberFunction(setOption) / TsFunSig() / TsFunParam() / TsTypeObject())] 
[info ] ExtractInterfaces.scala:37 Extracted anonymous interface TsIdentSimple(Anon_VertexNormals) [id => amap-js-api-map3d, phase => typescript, scope => TreeScope(TsParsedFile() / TsDeclNamespace(AMap) / TsDeclNamespace(Object3D) / TsDeclClass(MeshAcceptLights) / TsMemberProperty(geometry) / TsTypeIntersect() / TsTypeObject())] 
[info ] ExtractInterfaces.scala:37 Extracted anonymous interface TsIdentSimple(Anon_Directions) [id => amap-js-api-map3d, phase => typescript, scope => TreeScope(TsParsedFile() / TsDeclNamespace(AMap) / TsDeclNamespace(Object3D) / TsDeclClass(MeshLine) / TsMemberProperty(geometry) / TsTypeIntersect() / TsTypeObject())] 
[debug] PhaseRunner.scala:82 Success [id => amap-js-api-map3d, phase => typescript] 
[warn ] Phase2ToScalaJs.scala:40 Processing amap-js-api-map3d [id => amap-js-api-map3d, phase => scala.js] 
[debug] PhaseRunner.scala:82 Success [id => amap-js-api-map3d, phase => scala.js] 
[warn ] PhaseRunner.scala:68 Failed because of, [amap-js-api => Compilation failed] [id => amap-js-api-map3d, phase => build] 
[error] PhaseRunner.scala:86 Failure, [amap-js-api => Compilation failed] [id => amap-js-api-map3d, phase => build] 
[error] PhaseRunner.scala:86 Failure, [amap-js-api => Compilation failed] [id => amap-js-api-map3d, phase => publish] 
