[debug] PhaseRunner.scala:84 Success [id => amap-js-api-place-search, phase => typescript] 
[info ] Phase1ReadTypescript.scala:171 Preprocessing TsHelperFile(InFile(/home/tso/tmp/tso-cache/DefinitelyTyped/types/amap-js-api-place-search/index.d.ts),FromFolder(InFolder(/home/tso/tmp/tso-cache/DefinitelyTyped/types/amap-js-api-place-search),TsIdentLibrarySimple(amap-js-api-place-search)),TsIdentModule(None,List(amap-js-api-place-search))) [id => amap-js-api-place-search, phase => typescript] 
[warn ] Phase1ReadTypescript.scala:189 Processing TsIdentLibrarySimple(amap-js-api-place-search) [id => amap-js-api-place-search, phase => typescript] 
[info ] ExtractInterfaces.scala:41 Extracted anonymous interface TsIdentSimple(Anon_Info) [id => amap-js-api-place-search, phase => typescript, scope => TreeScope(TsParsedFile() / TsDeclNamespace(AMap) / TsDeclNamespace(PlaceSearch) / TsDeclInterface(EventMap) / TsMemberProperty(error) / TsTypeRef() / TsTypeObject())] 
[info ] ExtractInterfaces.scala:41 Extracted anonymous interface TsIdentSimple(Anon_Click) [id => amap-js-api-place-search, phase => typescript, scope => TreeScope(TsParsedFile() / TsDeclNamespace(AMap) / TsDeclNamespace(PlaceSearch) / TsDeclInterface(EventMap) / TsMemberProperty(selectChanged) / TsTypeRef() / TsTypeObject())] 
[info ] ExtractInterfaces.scala:41 Extracted anonymous interface TsIdentSimple(Anon_ListElements) [id => amap-js-api-place-search, phase => typescript, scope => TreeScope(TsParsedFile() / TsDeclNamespace(AMap) / TsDeclNamespace(PlaceSearch) / TsDeclInterface(EventMap) / TsMemberProperty(renderComplete) / TsTypeRef() / TsTypeObject())] 
[info ] ExtractInterfaces.scala:41 Extracted anonymous interface TsIdentSimple(Anon_Event) [id => amap-js-api-place-search, phase => typescript, scope => TreeScope(TsParsedFile() / TsDeclNamespace(AMap) / TsDeclNamespace(PlaceSearch) / TsDeclInterface(EventMap) / TsMemberProperty(infoWindowClick) / TsTypeRef() / TsTypeIntersect() / TsTypeObject())] 
[info ] ExtractInterfaces.scala:41 Extracted anonymous interface TsIdentSimple(Anon_Data) [id => amap-js-api-place-search, phase => typescript, scope => TreeScope(TsParsedFile() / TsDeclNamespace(AMap) / TsDeclNamespace(PlaceSearch) / TsDeclInterface(EventMap) / TsMemberProperty(willClear) / TsTypeRef() / TsTypeObject())] 
[info ] ExtractInterfaces.scala:41 Extracted anonymous interface TsIdentSimple(Anon_EventE) [id => amap-js-api-place-search, phase => typescript, scope => TreeScope(TsParsedFile() / TsDeclNamespace(AMap) / TsDeclNamespace(PlaceSearch) / TsDeclTypeAlias(SelectChangeEvent) / TsTypeRef() / TsTypeIntersect() / TsTypeObject())] 
[info ] ExtractInterfaces.scala:41 Extracted anonymous interface TsIdentSimple(Anon_Adcode) [id => amap-js-api-place-search, phase => typescript, scope => TreeScope(TsParsedFile() / TsDeclNamespace(AMap) / TsDeclNamespace(PlaceSearch) / TsDeclTypeAlias(PoiExt) / TsTypeIntersect() / TsTypeObject())] 
[info ] ExtractInterfaces.scala:41 Extracted anonymous interface TsIdentSimple(Anon_Cpid) [id => amap-js-api-place-search, phase => typescript, scope => TreeScope(TsParsedFile() / TsDeclNamespace(AMap) / TsDeclNamespace(PlaceSearch) / TsDeclTypeAlias(PoiExt) / TsTypeIntersect() / TsTypeUnion() / TsTypeObject() / TsMemberProperty(indoor_data) / TsTypeObject())] 
[info ] ExtractInterfaces.scala:41 Extracted anonymous interface TsIdentSimple(Anon_Indoordata) [id => amap-js-api-place-search, phase => typescript, scope => TreeScope(TsParsedFile() / TsDeclNamespace(AMap) / TsDeclNamespace(PlaceSearch) / TsDeclTypeAlias(PoiExt) / TsTypeIntersect() / TsTypeUnion() / TsTypeObject())] 
[info ] ExtractInterfaces.scala:41 Extracted anonymous interface TsIdentSimple(Anon_False) [id => amap-js-api-place-search, phase => typescript, scope => TreeScope(TsParsedFile() / TsDeclNamespace(AMap) / TsDeclNamespace(PlaceSearch) / TsDeclTypeAlias(PoiExt) / TsTypeIntersect() / TsTypeUnion() / TsTypeObject())] 
[info ] ExtractInterfaces.scala:41 Extracted anonymous interface TsIdentSimple(Anon_CINEMA) [id => amap-js-api-place-search, phase => typescript, scope => TreeScope(TsParsedFile() / TsDeclNamespace(AMap) / TsDeclNamespace(PlaceSearch) / TsDeclTypeAlias(PoiExt) / TsTypeIntersect() / TsTypeUnion() / TsTypeObject())] 
[info ] ExtractInterfaces.scala:41 Extracted anonymous interface TsIdentSimple(Anon_DINING) [id => amap-js-api-place-search, phase => typescript, scope => TreeScope(TsParsedFile() / TsDeclNamespace(AMap) / TsDeclNamespace(PlaceSearch) / TsDeclTypeAlias(PoiExt) / TsTypeIntersect() / TsTypeUnion() / TsTypeObject())] 
[info ] ExtractInterfaces.scala:41 Extracted anonymous interface TsIdentSimple(Anon_Deeptype) [id => amap-js-api-place-search, phase => typescript, scope => TreeScope(TsParsedFile() / TsDeclNamespace(AMap) / TsDeclNamespace(PlaceSearch) / TsDeclTypeAlias(PoiExt) / TsTypeIntersect() / TsTypeUnion() / TsTypeObject())] 
[info ] ExtractInterfaces.scala:41 Extracted anonymous interface TsIdentSimple(Anon_DeeptypeHOTEL) [id => amap-js-api-place-search, phase => typescript, scope => TreeScope(TsParsedFile() / TsDeclNamespace(AMap) / TsDeclNamespace(PlaceSearch) / TsDeclTypeAlias(PoiExt) / TsTypeIntersect() / TsTypeUnion() / TsTypeObject())] 
[info ] ExtractInterfaces.scala:41 Extracted anonymous interface TsIdentSimple(Anon_Id) [id => amap-js-api-place-search, phase => typescript, scope => TreeScope(TsParsedFile() / TsDeclNamespace(AMap) / TsDeclClass(PlaceSearch) / TsMemberFunction(poiOnAMAP) / TsFunSig() / TsFunParam() / TsTypeObject())] 
[info ] ExtractInterfaces.scala:41 Extracted anonymous interface TsIdentSimple(Anon_Id) [id => amap-js-api-place-search, phase => typescript, scope => TreeScope(TsParsedFile() / TsDeclNamespace(AMap) / TsDeclClass(PlaceSearch) / TsMemberFunction(detailOnAMAP) / TsFunSig() / TsFunParam() / TsTypeObject())] 
[debug] PhaseRunner.scala:84 Success [id => amap-js-api-place-search, phase => typescript] 
[warn ] Phase2ToScalaJs.scala:42 Processing amap-js-api-place-search [id => amap-js-api-place-search, phase => scala.js] 
[info ] ImportType.scala:245 Failed type conversion: amap-js-api.AMap.Marker.EventMap<amap-js-api.AMap.Marker<any>>['click'] [id => amap-js-api-place-search, phase => scala.js, scope => TreeScope(TsParsedFile() / TsDeclInterface(Anon_Click) / TsMemberProperty(selected) / TsTypeUnion() / TsTypeRef() / TsTypeLookup())] 
[info ] ImportType.scala:245 Failed type conversion: amap-js-api.AMap.Marker.EventMap<amap-js-api.AMap.Marker<any>>['click'] [id => amap-js-api-place-search, phase => scala.js, scope => TreeScope(TsParsedFile() / TsDeclInterface(Anon_Click) / TsMemberProperty(lastSelected) / TsTypeUnion() / TsTypeRef() / TsTypeLookup())] 
[debug] PhaseRunner.scala:84 Success [id => amap-js-api-place-search, phase => scala.js] 
[warn ] PhaseRunner.scala:70 Failed because of, [amap-js-api => Compilation failed] [id => amap-js-api-place-search, phase => build] 
[error] PhaseRunner.scala:88 Failure, [amap-js-api => Compilation failed] [id => amap-js-api-place-search, phase => build] 
[error] PhaseRunner.scala:88 Failure, [amap-js-api => Compilation failed] [id => amap-js-api-place-search, phase => publish] 
