[info ] InferredDependency.scala:20 Inferred dependencies Set(TsIdentLibrarySimple(node)) for TsIdentLibrarySimple(amqplib) [id => amqplib, phase => typescript, file => ../types/amqplib/index.d.ts] 
[info ] InferredDependency.scala:20 Inferred dependencies Set(TsIdentLibrarySimple(node)) for TsIdentLibrarySimple(amqplib) [id => amqplib, phase => typescript, file => ../types/amqplib/properties.d.ts] 
[debug] PhaseRunner.scala:78 Success [id => amqplib, phase => typescript] 
[debug] PhaseRunner.scala:78 Success [id => amqplib, phase => typescript] 
[info ] InferredDependency.scala:20 Inferred dependencies Set(TsIdentLibrarySimple(node)) for TsIdentLibrarySimple(amqplib) [id => amqplib, phase => typescript, file => ../types/amqplib/callback_api.d.ts] 
[debug] PhaseRunner.scala:78 Success [id => amqplib, phase => typescript] 
[info ] Phase1ReadTypescript.scala:152 Preprocessing TsHelperFile(InFile(/home/tso/tmp/tso-cache/DefinitelyTyped/types/amqplib/callback_api.d.ts),FromFolder(InFolder(/home/tso/tmp/tso-cache/DefinitelyTyped/types/amqplib),TsIdentLibrarySimple(amqplib)),TsIdentModule(None,List(amqplib, callback_api))) [id => amqplib, phase => typescript] 
[info ] InferredDefaultModule.scala:39 Inferred module TsIdentModule(None,List(amqplib, callback_api)) [id => amqplib, phase => typescript] 
[info ] Phase1ReadTypescript.scala:152 Preprocessing TsHelperFile(InFile(/home/tso/tmp/tso-cache/DefinitelyTyped/types/amqplib/index.d.ts),FromFolder(InFolder(/home/tso/tmp/tso-cache/DefinitelyTyped/types/amqplib),TsIdentLibrarySimple(amqplib)),TsIdentModule(None,List(amqplib))) [id => amqplib, phase => typescript] 
[info ] InferredDefaultModule.scala:39 Inferred module TsIdentModule(None,List(amqplib)) [id => amqplib, phase => typescript] 
[info ] Phase1ReadTypescript.scala:152 Preprocessing TsHelperFile(InFile(/home/tso/tmp/tso-cache/DefinitelyTyped/types/amqplib/properties.d.ts),FromFolder(InFolder(/home/tso/tmp/tso-cache/DefinitelyTyped/types/amqplib),TsIdentLibrarySimple(amqplib)),TsIdentModule(None,List(amqplib, properties))) [id => amqplib, phase => typescript] 
[info ] InferredDefaultModule.scala:39 Inferred module TsIdentModule(None,List(amqplib, properties)) [id => amqplib, phase => typescript] 
[warn ] Phase1ReadTypescript.scala:190 Processing TsIdentLibrarySimple(amqplib) [id => amqplib, phase => typescript] 
[info ] ExtractInterfaces.scala:30 Extracted anonymous interface TsIdentSimple(Anon_Mechanism) [id => amqplib, phase => typescript, scope => TreeScope(TsParsedFile() / TsDeclModule(amqplib/callback_api) / TsDeclVar(credentials) / TsTypeObject() / TsMemberFunction(external) / TsFunSig() / TsTypeObject())] 
[info ] ExtractInterfaces.scala:30 Extracted anonymous interface TsIdentSimple(Anon_Username) [id => amqplib, phase => typescript, scope => TreeScope(TsParsedFile() / TsDeclModule(amqplib/callback_api) / TsDeclVar(credentials) / TsTypeObject() / TsMemberFunction(plain) / TsFunSig() / TsTypeObject())] 
[info ] ExtractInterfaces.scala:30 Extracted anonymous interface TsIdentSimple(Anon_External) [id => amqplib, phase => typescript, scope => TreeScope(TsParsedFile() / TsDeclModule(amqplib/callback_api) / TsDeclVar(credentials) / TsTypeObject())] 
[info ] ExtractInterfaces.scala:30 Extracted anonymous interface TsIdentSimple(Anon_Value) [id => amqplib, phase => typescript, scope => TreeScope(TsParsedFile() / TsDeclModule(amqplib/properties) / TsDeclInterface(XDeath) / TsMemberProperty(time) / TsTypeObject())] 
[info ] ExtractInterfaces.scala:30 Extracted anonymous interface TsIdentSimple(Anon_Mechanism) [id => amqplib, phase => typescript, scope => TreeScope(TsParsedFile() / TsDeclModule(amqplib) / TsDeclVar(credentials) / TsTypeObject() / TsMemberFunction(external) / TsFunSig() / TsTypeObject())] 
[info ] ExtractInterfaces.scala:30 Extracted anonymous interface TsIdentSimple(Anon_Username) [id => amqplib, phase => typescript, scope => TreeScope(TsParsedFile() / TsDeclModule(amqplib) / TsDeclVar(credentials) / TsTypeObject() / TsMemberFunction(plain) / TsFunSig() / TsTypeObject())] 
[info ] ExtractInterfaces.scala:30 Extracted anonymous interface TsIdentSimple(Anon_External) [id => amqplib, phase => typescript, scope => TreeScope(TsParsedFile() / TsDeclModule(amqplib) / TsDeclVar(credentials) / TsTypeObject())] 
[debug] PhaseRunner.scala:78 Success [id => amqplib, phase => typescript] 
[warn ] Phase2ToScalaJs.scala:34 Processing TsIdentLibrarySimple(amqplib) [id => amqplib, phase => scala.js] 
[debug] PhaseRunner.scala:78 Success [id => amqplib, phase => scala.js] 
[warn ] PhaseRunner.scala:64 Failed because of, [node => Compilation failed] [id => amqplib, phase => build] 
[debug] PhaseRunner.scala:82 Failure, [node => Compilation failed] [id => amqplib, phase => build] 
