[info ] InferredDependency.scala:20 Inferred dependencies Set(TsIdentLibrarySimple(node)) for TsIdentLibrarySimple(amqp-connection-manager) [id => amqp-connection-manager, phase => typescript, file => ../types/amqp-connection-manager/index.d.ts] 
[debug] PhaseRunner.scala:78 Success [id => amqp-connection-manager, phase => typescript] 
[info ] Phase1ReadTypescript.scala:152 Preprocessing TsHelperFile(InFile(/home/tso/tmp/tso-cache/DefinitelyTyped/types/amqp-connection-manager/index.d.ts),FromFolder(InFolder(/home/tso/tmp/tso-cache/DefinitelyTyped/types/amqp-connection-manager),TsIdentLibrarySimple(amqp-connection-manager)),TsIdentModule(None,List(amqp-connection-manager))) [id => amqp-connection-manager, phase => typescript] 
[info ] InferredDefaultModule.scala:39 Inferred module TsIdentModule(None,List(amqp-connection-manager)) [id => amqp-connection-manager, phase => typescript] 
[warn ] Phase1ReadTypescript.scala:190 Processing TsIdentLibrarySimple(amqp-connection-manager) [id => amqp-connection-manager, phase => typescript] 
[info ] ExtractInterfaces.scala:30 Extracted anonymous interface TsIdentSimple(Anon_Url) [id => amqp-connection-manager, phase => typescript, scope => TreeScope(TsParsedFile() / TsDeclModule(amqp-connection-manager) / TsDeclInterface(AmqpConnectionManager) / TsMemberFunction(prependListener) / TsFunSig() / TsFunParam() / TsTypeFunction() / TsFunSig() / TsFunParam() / TsTypeObject())] 
[info ] ExtractInterfaces.scala:30 Extracted anonymous interface TsIdentSimple(Anon_Err) [id => amqp-connection-manager, phase => typescript, scope => TreeScope(TsParsedFile() / TsDeclModule(amqp-connection-manager) / TsDeclInterface(AmqpConnectionManager) / TsMemberFunction(prependListener) / TsFunSig() / TsFunParam() / TsTypeFunction() / TsFunSig() / TsFunParam() / TsTypeObject())] 
[info ] ExtractInterfaces.scala:30 Extracted anonymous interface TsIdentSimple(Anon_Url) [id => amqp-connection-manager, phase => typescript, scope => TreeScope(TsParsedFile() / TsDeclModule(amqp-connection-manager) / TsDeclInterface(AmqpConnectionManager) / TsMemberFunction(once) / TsFunSig() / TsFunParam() / TsTypeFunction() / TsFunSig() / TsFunParam() / TsTypeObject())] 
[info ] ExtractInterfaces.scala:30 Extracted anonymous interface TsIdentSimple(Anon_Err) [id => amqp-connection-manager, phase => typescript, scope => TreeScope(TsParsedFile() / TsDeclModule(amqp-connection-manager) / TsDeclInterface(AmqpConnectionManager) / TsMemberFunction(once) / TsFunSig() / TsFunParam() / TsTypeFunction() / TsFunSig() / TsFunParam() / TsTypeObject())] 
[info ] ExtractInterfaces.scala:30 Extracted anonymous interface TsIdentSimple(Anon_Url) [id => amqp-connection-manager, phase => typescript, scope => TreeScope(TsParsedFile() / TsDeclModule(amqp-connection-manager) / TsDeclInterface(AmqpConnectionManager) / TsMemberFunction(prependOnceListener) / TsFunSig() / TsFunParam() / TsTypeFunction() / TsFunSig() / TsFunParam() / TsTypeObject())] 
[info ] ExtractInterfaces.scala:30 Extracted anonymous interface TsIdentSimple(Anon_Err) [id => amqp-connection-manager, phase => typescript, scope => TreeScope(TsParsedFile() / TsDeclModule(amqp-connection-manager) / TsDeclInterface(AmqpConnectionManager) / TsMemberFunction(prependOnceListener) / TsFunSig() / TsFunParam() / TsTypeFunction() / TsFunSig() / TsFunParam() / TsTypeObject())] 
[info ] ExtractInterfaces.scala:30 Extracted anonymous interface TsIdentSimple(Anon_Url) [id => amqp-connection-manager, phase => typescript, scope => TreeScope(TsParsedFile() / TsDeclModule(amqp-connection-manager) / TsDeclInterface(AmqpConnectionManager) / TsMemberFunction(on) / TsFunSig() / TsFunParam() / TsTypeFunction() / TsFunSig() / TsFunParam() / TsTypeObject())] 
[info ] ExtractInterfaces.scala:30 Extracted anonymous interface TsIdentSimple(Anon_Err) [id => amqp-connection-manager, phase => typescript, scope => TreeScope(TsParsedFile() / TsDeclModule(amqp-connection-manager) / TsDeclInterface(AmqpConnectionManager) / TsMemberFunction(on) / TsFunSig() / TsFunParam() / TsTypeFunction() / TsFunSig() / TsFunParam() / TsTypeObject())] 
[info ] ExtractInterfaces.scala:30 Extracted anonymous interface TsIdentSimple(Anon_Url) [id => amqp-connection-manager, phase => typescript, scope => TreeScope(TsParsedFile() / TsDeclModule(amqp-connection-manager) / TsDeclInterface(AmqpConnectionManager) / TsMemberFunction(addListener) / TsFunSig() / TsFunParam() / TsTypeFunction() / TsFunSig() / TsFunParam() / TsTypeObject())] 
[info ] ExtractInterfaces.scala:30 Extracted anonymous interface TsIdentSimple(Anon_Err) [id => amqp-connection-manager, phase => typescript, scope => TreeScope(TsParsedFile() / TsDeclModule(amqp-connection-manager) / TsDeclInterface(AmqpConnectionManager) / TsMemberFunction(addListener) / TsFunSig() / TsFunParam() / TsTypeFunction() / TsFunSig() / TsFunParam() / TsTypeObject())] 
[info ] ExtractInterfaces.scala:30 Extracted anonymous interface TsIdentSimple(Anon_Name) [id => amqp-connection-manager, phase => typescript, scope => TreeScope(TsParsedFile() / TsDeclModule(amqp-connection-manager) / TsDeclInterface(ChannelWrapper) / TsMemberFunction(prependListener) / TsFunSig() / TsFunParam() / TsTypeFunction() / TsFunSig() / TsFunParam() / TsTypeObject())] 
[info ] ExtractInterfaces.scala:30 Extracted anonymous interface TsIdentSimple(Anon_Name) [id => amqp-connection-manager, phase => typescript, scope => TreeScope(TsParsedFile() / TsDeclModule(amqp-connection-manager) / TsDeclInterface(ChannelWrapper) / TsMemberFunction(once) / TsFunSig() / TsFunParam() / TsTypeFunction() / TsFunSig() / TsFunParam() / TsTypeObject())] 
[info ] ExtractInterfaces.scala:30 Extracted anonymous interface TsIdentSimple(Anon_Name) [id => amqp-connection-manager, phase => typescript, scope => TreeScope(TsParsedFile() / TsDeclModule(amqp-connection-manager) / TsDeclInterface(ChannelWrapper) / TsMemberFunction(prependOnceListener) / TsFunSig() / TsFunParam() / TsTypeFunction() / TsFunSig() / TsFunParam() / TsTypeObject())] 
[info ] ExtractInterfaces.scala:30 Extracted anonymous interface TsIdentSimple(Anon_Name) [id => amqp-connection-manager, phase => typescript, scope => TreeScope(TsParsedFile() / TsDeclModule(amqp-connection-manager) / TsDeclInterface(ChannelWrapper) / TsMemberFunction(on) / TsFunSig() / TsFunParam() / TsTypeFunction() / TsFunSig() / TsFunParam() / TsTypeObject())] 
[info ] ExtractInterfaces.scala:30 Extracted anonymous interface TsIdentSimple(Anon_Name) [id => amqp-connection-manager, phase => typescript, scope => TreeScope(TsParsedFile() / TsDeclModule(amqp-connection-manager) / TsDeclInterface(ChannelWrapper) / TsMemberFunction(addListener) / TsFunSig() / TsFunParam() / TsTypeFunction() / TsFunSig() / TsFunParam() / TsTypeObject())] 
[debug] PhaseRunner.scala:78 Success [id => amqp-connection-manager, phase => typescript] 
[warn ] Phase2ToScalaJs.scala:34 Processing TsIdentLibrarySimple(amqp-connection-manager) [id => amqp-connection-manager, phase => scala.js] 
[debug] PhaseRunner.scala:78 Success [id => amqp-connection-manager, phase => scala.js] 
[warn ] PhaseRunner.scala:64 Failed because of, [node => Compilation failed] [id => amqp-connection-manager, phase => build] 
[debug] PhaseRunner.scala:82 Failure, [node => Compilation failed] [id => amqp-connection-manager, phase => build] 
