[info ] InferredDependency.scala:20 Inferred dependencies Set(TsIdentLibrarySimple(angular)) for TsIdentLibrarySimple(angularfire) [id => angularfire, phase => typescript, file => ../types/angularfire/index.d.ts] 
[debug] PhaseRunner.scala:78 Success [id => angularfire, phase => typescript] 
[info ] Phase1ReadTypescript.scala:152 Preprocessing TsHelperFile(InFile(/home/tso/tmp/tso-cache/DefinitelyTyped/types/angularfire/index.d.ts),FromFolder(InFolder(/home/tso/tmp/tso-cache/DefinitelyTyped/types/angularfire),TsIdentLibrarySimple(angularfire)),TsIdentModule(None,List(angularfire))) [id => angularfire, phase => typescript] 
[warn ] Phase1ReadTypescript.scala:190 Processing TsIdentLibrarySimple(angularfire) [id => angularfire, phase => typescript] 
[warn ] QualifyReferences.scala:47 Couldn't qualify TsTypeRef(TsQIdent(List(TsIdentSimple(Firebase))),List()), defaulting to any [id => angularfire, phase => typescript, scope => TreeScope(TsParsedFile() / TsDeclInterface(AngularFireService) / TsMemberCall() / TsFunSig() / TsFunParam() / TsTypeRef())] 
[warn ] QualifyReferences.scala:47 Couldn't qualify TsTypeRef(TsQIdent(List(TsIdentSimple(Firebase))),List()), defaulting to any [id => angularfire, phase => typescript, scope => TreeScope(TsParsedFile() / TsDeclInterface(AngularFire) / TsMemberFunction($ref) / TsFunSig() / TsTypeRef())] 
[warn ] QualifyReferences.scala:47 Couldn't qualify TsTypeRef(TsQIdent(List(TsIdentSimple(Firebase))),List()), defaulting to any [id => angularfire, phase => typescript, scope => TreeScope(TsParsedFile() / TsDeclInterface(AngularFire) / TsMemberFunction($push) / TsFunSig() / TsTypeRef() / TsTypeRef())] 
[warn ] QualifyReferences.scala:47 Couldn't qualify TsTypeRef(TsQIdent(List(TsIdentSimple(Firebase))),List()), defaulting to any [id => angularfire, phase => typescript, scope => TreeScope(TsParsedFile() / TsDeclInterface(AngularFire) / TsMemberFunction($set) / TsFunSig() / TsTypeRef() / TsTypeRef())] 
[warn ] QualifyReferences.scala:47 Couldn't qualify TsTypeRef(TsQIdent(List(TsIdentSimple(Firebase))),List()), defaulting to any [id => angularfire, phase => typescript, scope => TreeScope(TsParsedFile() / TsDeclInterface(AngularFire) / TsMemberFunction($set) / TsFunSig() / TsTypeRef() / TsTypeRef())] 
[warn ] QualifyReferences.scala:47 Couldn't qualify TsTypeRef(TsQIdent(List(TsIdentSimple(Firebase))),List()), defaulting to any [id => angularfire, phase => typescript, scope => TreeScope(TsParsedFile() / TsDeclInterface(AngularFire) / TsMemberFunction($remove) / TsFunSig() / TsTypeRef() / TsTypeRef())] 
[warn ] QualifyReferences.scala:47 Couldn't qualify TsTypeRef(TsQIdent(List(TsIdentSimple(Firebase))),List()), defaulting to any [id => angularfire, phase => typescript, scope => TreeScope(TsParsedFile() / TsDeclInterface(AngularFire) / TsMemberFunction($update) / TsFunSig() / TsTypeRef() / TsTypeRef())] 
[warn ] QualifyReferences.scala:47 Couldn't qualify TsTypeRef(TsQIdent(List(TsIdentSimple(Firebase))),List()), defaulting to any [id => angularfire, phase => typescript, scope => TreeScope(TsParsedFile() / TsDeclInterface(AngularFire) / TsMemberFunction($update) / TsFunSig() / TsTypeRef() / TsTypeRef())] 
[warn ] QualifyReferences.scala:47 Couldn't qualify TsTypeRef(TsQIdent(List(TsIdentSimple(FirebaseDataSnapshot))),List()), defaulting to any [id => angularfire, phase => typescript, scope => TreeScope(TsParsedFile() / TsDeclInterface(AngularFire) / TsMemberFunction($transaction) / TsFunSig() / TsTypeRef() / TsTypeRef())] 
[warn ] QualifyReferences.scala:47 Couldn't qualify TsTypeRef(TsQIdent(List(TsIdentSimple(FirebaseDataSnapshot))),List()), defaulting to any [id => angularfire, phase => typescript, scope => TreeScope(TsParsedFile() / TsDeclInterface(AngularFire) / TsMemberFunction($transaction) / TsFunSig() / TsTypeRef() / TsTypeRef())] 
[warn ] QualifyReferences.scala:47 Couldn't qualify TsTypeRef(TsQIdent(List(TsIdentSimple(Firebase))),List()), defaulting to any [id => angularfire, phase => typescript, scope => TreeScope(TsParsedFile() / TsDeclInterface(AngularFireObject) / TsMemberFunction($remove) / TsFunSig() / TsTypeRef() / TsTypeRef())] 
[warn ] QualifyReferences.scala:47 Couldn't qualify TsTypeRef(TsQIdent(List(TsIdentSimple(Firebase))),List()), defaulting to any [id => angularfire, phase => typescript, scope => TreeScope(TsParsedFile() / TsDeclInterface(AngularFireObject) / TsMemberFunction($save) / TsFunSig() / TsTypeRef() / TsTypeRef())] 
[warn ] QualifyReferences.scala:47 Couldn't qualify TsTypeRef(TsQIdent(List(TsIdentSimple(Firebase))),List()), defaulting to any [id => angularfire, phase => typescript, scope => TreeScope(TsParsedFile() / TsDeclInterface(AngularFireObject) / TsMemberFunction($ref) / TsFunSig() / TsTypeRef())] 
[warn ] QualifyReferences.scala:47 Couldn't qualify TsTypeRef(TsQIdent(List(TsIdentSimple(Firebase))),List()), defaulting to any [id => angularfire, phase => typescript, scope => TreeScope(TsParsedFile() / TsDeclInterface(AngularFireObjectService) / TsMemberCall() / TsFunSig() / TsFunParam() / TsTypeRef())] 
[warn ] QualifyReferences.scala:47 Couldn't qualify TsTypeRef(TsQIdent(List(TsIdentSimple(Firebase))),List()), defaulting to any [id => angularfire, phase => typescript, scope => TreeScope(TsParsedFile() / TsDeclInterface(AngularFireArray) / TsMemberFunction($add) / TsFunSig() / TsTypeRef() / TsTypeRef())] 
[warn ] QualifyReferences.scala:47 Couldn't qualify TsTypeRef(TsQIdent(List(TsIdentSimple(Firebase))),List()), defaulting to any [id => angularfire, phase => typescript, scope => TreeScope(TsParsedFile() / TsDeclInterface(AngularFireArray) / TsMemberFunction($save) / TsFunSig() / TsTypeRef() / TsTypeRef())] 
[warn ] QualifyReferences.scala:47 Couldn't qualify TsTypeRef(TsQIdent(List(TsIdentSimple(Firebase))),List()), defaulting to any [id => angularfire, phase => typescript, scope => TreeScope(TsParsedFile() / TsDeclInterface(AngularFireArray) / TsMemberFunction($remove) / TsFunSig() / TsTypeRef() / TsTypeRef())] 
[warn ] QualifyReferences.scala:47 Couldn't qualify TsTypeRef(TsQIdent(List(TsIdentSimple(Firebase))),List()), defaulting to any [id => angularfire, phase => typescript, scope => TreeScope(TsParsedFile() / TsDeclInterface(AngularFireArray) / TsMemberFunction($ref) / TsFunSig() / TsTypeRef())] 
[warn ] QualifyReferences.scala:47 Couldn't qualify TsTypeRef(TsQIdent(List(TsIdentSimple(Firebase))),List()), defaulting to any [id => angularfire, phase => typescript, scope => TreeScope(TsParsedFile() / TsDeclInterface(AngularFireArrayService) / TsMemberCall() / TsFunSig() / TsFunParam() / TsTypeRef())] 
[warn ] QualifyReferences.scala:47 Couldn't qualify TsTypeRef(TsQIdent(List(TsIdentSimple(Firebase))),List()), defaulting to any [id => angularfire, phase => typescript, scope => TreeScope(TsParsedFile() / TsDeclInterface(AngularFireAuthService) / TsMemberCall() / TsFunSig() / TsFunParam() / TsTypeRef())] 
[warn ] QualifyReferences.scala:47 Couldn't qualify TsTypeRef(TsQIdent(List(TsIdentSimple(FirebaseCredentials))),List()), defaulting to any [id => angularfire, phase => typescript, scope => TreeScope(TsParsedFile() / TsDeclInterface(AngularFireAuth) / TsMemberFunction($authWithPassword) / TsFunSig() / TsFunParam() / TsTypeRef())] 
[warn ] QualifyReferences.scala:47 Couldn't qualify TsTypeRef(TsQIdent(List(TsIdentSimple(FirebaseAuthData))),List()), defaulting to any [id => angularfire, phase => typescript, scope => TreeScope(TsParsedFile() / TsDeclInterface(AngularFireAuth) / TsMemberFunction($getAuth) / TsFunSig() / TsTypeRef())] 
[warn ] QualifyReferences.scala:47 Couldn't qualify TsTypeRef(TsQIdent(List(TsIdentSimple(FirebaseCredentials))),List()), defaulting to any [id => angularfire, phase => typescript, scope => TreeScope(TsParsedFile() / TsDeclInterface(AngularFireAuth) / TsMemberFunction($createUser) / TsFunSig() / TsFunParam() / TsTypeRef())] 
[warn ] QualifyReferences.scala:47 Couldn't qualify TsTypeRef(TsQIdent(List(TsIdentSimple(FirebaseCredentials))),List()), defaulting to any [id => angularfire, phase => typescript, scope => TreeScope(TsParsedFile() / TsDeclInterface(AngularFireAuth) / TsMemberFunction($removeUser) / TsFunSig() / TsFunParam() / TsTypeRef())] 
[warn ] QualifyReferences.scala:47 Couldn't qualify TsTypeRef(TsQIdent(List(TsIdentSimple(FirebaseChangeEmailCredentials))),List()), defaulting to any [id => angularfire, phase => typescript, scope => TreeScope(TsParsedFile() / TsDeclInterface(AngularFireAuth) / TsMemberFunction($changeEmail) / TsFunSig() / TsFunParam() / TsTypeRef())] 
[warn ] QualifyReferences.scala:47 Couldn't qualify TsTypeRef(TsQIdent(List(TsIdentSimple(FirebaseChangePasswordCredentials))),List()), defaulting to any [id => angularfire, phase => typescript, scope => TreeScope(TsParsedFile() / TsDeclInterface(AngularFireAuth) / TsMemberFunction($changePassword) / TsFunSig() / TsFunParam() / TsTypeRef())] 
[warn ] QualifyReferences.scala:47 Couldn't qualify TsTypeRef(TsQIdent(List(TsIdentSimple(FirebaseResetPasswordCredentials))),List()), defaulting to any [id => angularfire, phase => typescript, scope => TreeScope(TsParsedFile() / TsDeclInterface(AngularFireAuth) / TsMemberFunction($resetPassword) / TsFunSig() / TsFunParam() / TsTypeRef())] 
[info ] PreferTypeAlias.scala:118 Simplified to function type alias [id => angularfire, phase => typescript, scope => TreeScope(TsParsedFile() / TsDeclInterface(AngularFireService))] 
[info ] PreferTypeAlias.scala:118 Simplified to function type alias [id => angularfire, phase => typescript, scope => TreeScope(TsParsedFile() / TsDeclInterface(AngularFireAuthService))] 
[debug] PhaseRunner.scala:78 Success [id => angularfire, phase => typescript] 
[warn ] Phase2ToScalaJs.scala:34 Processing TsIdentLibrarySimple(angularfire) [id => angularfire, phase => scala.js] 
[debug] PhaseRunner.scala:78 Success [id => angularfire, phase => scala.js] 
[warn ] Phase3CompileBloop.scala:211 Built angularfire in 2402 ms [id => angularfire, phase => build] 
[info ] Phase3CompileBloop.scala:221 published local, [/home/tso/.ivy2/local/com.scalablytyped/angularfire_sjs0.6_2.12/0.8.2-dt-20180910Z-f46b09/jars/angularfire_sjs0.6_2.12.jar, /home/tso/.ivy2/local/com.scalablytyped/angularfire_sjs0.6_2.12/0.8.2-dt-20180910Z-f46b09/srcs/angularfire_sjs0.6_2.12-sources.jar, /home/tso/.ivy2/local/com.scalablytyped/angularfire_sjs0.6_2.12/0.8.2-dt-20180910Z-f46b09/ivys/ivy.xml, /home/tso/.ivy2/local/com.scalablytyped/angularfire_sjs0.6_2.12/0.8.2-dt-20180910Z-f46b09/poms/angularfire_sjs0.6_2.12.pom] [id => angularfire, phase => build] 
[debug] PhaseRunner.scala:78 Success [id => angularfire, phase => build] 
[warn ] PhaseRunner.scala:64 Failed because of, [@protobufjs/float => java.lang.RuntimeException: was not able to find or create version 1.0.2-e23db2 for oyvindberg in ScalablyTyped for package protobufjs__float] [id => angularfire, phase => publish] 
[debug] PhaseRunner.scala:82 Failure, [@protobufjs/float => java.lang.RuntimeException: was not able to find or create version 1.0.2-e23db2 for oyvindberg in ScalablyTyped for package protobufjs__float] [id => angularfire, phase => publish] 
