[debug] PhaseRunner.scala:78 Success [id => @angular/platform-browser-dynamic, phase => typescript] 
[debug] PhaseRunner.scala:78 Success [id => @angular/platform-browser-dynamic, phase => typescript] 
[debug] PhaseRunner.scala:78 Success [id => @angular/platform-browser-dynamic, phase => typescript] 
[debug] PhaseRunner.scala:78 Success [id => @angular/platform-browser-dynamic, phase => typescript] 
[debug] PhaseRunner.scala:78 Success [id => @angular/platform-browser-dynamic, phase => typescript] 
[debug] PhaseRunner.scala:78 Success [id => @angular/platform-browser-dynamic, phase => typescript] 
[debug] PhaseRunner.scala:78 Success [id => @angular/platform-browser-dynamic, phase => typescript] 
[debug] PhaseRunner.scala:78 Success [id => @angular/platform-browser-dynamic, phase => typescript] 
[debug] PhaseRunner.scala:78 Success [id => @angular/platform-browser-dynamic, phase => typescript] 
[debug] PhaseRunner.scala:78 Success [id => @angular/platform-browser-dynamic, phase => typescript] 
[debug] PhaseRunner.scala:78 Success [id => @angular/platform-browser-dynamic, phase => typescript] 
[info ] Phase1ReadTypescript.scala:152 Preprocessing TsHelperFile(InFile(/home/tso/tmp/tso-cache/npm/node_modules/@angular/platform-browser-dynamic/index.d.ts),FromFolder(InFolder(/home/tso/tmp/tso-cache/npm/node_modules/@angular/platform-browser-dynamic),TsIdentLibraryScoped(angular,Some(platform-browser-dynamic))),TsIdentModule(Some(angular),List(platform-browser-dynamic))) [id => @angular/platform-browser-dynamic, phase => typescript] 
[info ] InferredDefaultModule.scala:39 Inferred module TsIdentModule(Some(angular),List(platform-browser-dynamic)) [id => @angular/platform-browser-dynamic, phase => typescript] 
[info ] Phase1ReadTypescript.scala:152 Preprocessing TsHelperFile(InFile(/home/tso/tmp/tso-cache/npm/node_modules/@angular/platform-browser-dynamic/platform-browser-dynamic.d.ts),FromFolder(InFolder(/home/tso/tmp/tso-cache/npm/node_modules/@angular/platform-browser-dynamic),TsIdentLibraryScoped(angular,Some(platform-browser-dynamic))),TsIdentModule(Some(angular),List(platform-browser-dynamic))) [id => @angular/platform-browser-dynamic, phase => typescript] 
[info ] InferredDefaultModule.scala:39 Inferred module TsIdentModule(Some(angular),List(platform-browser-dynamic)) [id => @angular/platform-browser-dynamic, phase => typescript] 
[info ] Phase1ReadTypescript.scala:152 Preprocessing TsHelperFile(InFile(/home/tso/tmp/tso-cache/npm/node_modules/@angular/platform-browser-dynamic/public_api.d.ts),FromFolder(InFolder(/home/tso/tmp/tso-cache/npm/node_modules/@angular/platform-browser-dynamic),TsIdentLibraryScoped(angular,Some(platform-browser-dynamic))),TsIdentModule(Some(angular),List(platform-browser-dynamic, public_api))) [id => @angular/platform-browser-dynamic, phase => typescript] 
[info ] InferredDefaultModule.scala:39 Inferred module TsIdentModule(Some(angular),List(platform-browser-dynamic, public_api)) [id => @angular/platform-browser-dynamic, phase => typescript] 
[info ] Phase1ReadTypescript.scala:152 Preprocessing TsHelperFile(InFile(/home/tso/tmp/tso-cache/npm/node_modules/@angular/platform-browser-dynamic/src/compiler_factory.d.ts),FromFolder(InFolder(/home/tso/tmp/tso-cache/npm/node_modules/@angular/platform-browser-dynamic),TsIdentLibraryScoped(angular,Some(platform-browser-dynamic))),TsIdentModule(Some(angular),List(platform-browser-dynamic, src, compiler_factory))) [id => @angular/platform-browser-dynamic, phase => typescript] 
[info ] InferredDefaultModule.scala:39 Inferred module TsIdentModule(Some(angular),List(platform-browser-dynamic, src, compiler_factory)) [id => @angular/platform-browser-dynamic, phase => typescript] 
[info ] Phase1ReadTypescript.scala:152 Preprocessing TsHelperFile(InFile(/home/tso/tmp/tso-cache/npm/node_modules/@angular/platform-browser-dynamic/src/platform-browser-dynamic.d.ts),FromFolder(InFolder(/home/tso/tmp/tso-cache/npm/node_modules/@angular/platform-browser-dynamic),TsIdentLibraryScoped(angular,Some(platform-browser-dynamic))),TsIdentModule(Some(angular),List(platform-browser-dynamic, src, platform-browser-dynamic))) [id => @angular/platform-browser-dynamic, phase => typescript] 
[info ] InferredDefaultModule.scala:39 Inferred module TsIdentModule(Some(angular),List(platform-browser-dynamic, src, platform-browser-dynamic)) [id => @angular/platform-browser-dynamic, phase => typescript] 
[info ] Phase1ReadTypescript.scala:152 Preprocessing TsHelperFile(InFile(/home/tso/tmp/tso-cache/npm/node_modules/@angular/platform-browser-dynamic/src/platform_core_dynamic.d.ts),FromFolder(InFolder(/home/tso/tmp/tso-cache/npm/node_modules/@angular/platform-browser-dynamic),TsIdentLibraryScoped(angular,Some(platform-browser-dynamic))),TsIdentModule(Some(angular),List(platform-browser-dynamic, src, platform_core_dynamic))) [id => @angular/platform-browser-dynamic, phase => typescript] 
[info ] InferredDefaultModule.scala:39 Inferred module TsIdentModule(Some(angular),List(platform-browser-dynamic, src, platform_core_dynamic)) [id => @angular/platform-browser-dynamic, phase => typescript] 
[info ] Phase1ReadTypescript.scala:152 Preprocessing TsHelperFile(InFile(/home/tso/tmp/tso-cache/npm/node_modules/@angular/platform-browser-dynamic/src/platform_providers.d.ts),FromFolder(InFolder(/home/tso/tmp/tso-cache/npm/node_modules/@angular/platform-browser-dynamic),TsIdentLibraryScoped(angular,Some(platform-browser-dynamic))),TsIdentModule(Some(angular),List(platform-browser-dynamic, src, platform_providers))) [id => @angular/platform-browser-dynamic, phase => typescript] 
[info ] InferredDefaultModule.scala:39 Inferred module TsIdentModule(Some(angular),List(platform-browser-dynamic, src, platform_providers)) [id => @angular/platform-browser-dynamic, phase => typescript] 
[info ] Phase1ReadTypescript.scala:152 Preprocessing TsHelperFile(InFile(/home/tso/tmp/tso-cache/npm/node_modules/@angular/platform-browser-dynamic/src/private_export.d.ts),FromFolder(InFolder(/home/tso/tmp/tso-cache/npm/node_modules/@angular/platform-browser-dynamic),TsIdentLibraryScoped(angular,Some(platform-browser-dynamic))),TsIdentModule(Some(angular),List(platform-browser-dynamic, src, private_export))) [id => @angular/platform-browser-dynamic, phase => typescript] 
[info ] InferredDefaultModule.scala:39 Inferred module TsIdentModule(Some(angular),List(platform-browser-dynamic, src, private_export)) [id => @angular/platform-browser-dynamic, phase => typescript] 
[info ] Phase1ReadTypescript.scala:152 Preprocessing TsHelperFile(InFile(/home/tso/tmp/tso-cache/npm/node_modules/@angular/platform-browser-dynamic/src/version.d.ts),FromFolder(InFolder(/home/tso/tmp/tso-cache/npm/node_modules/@angular/platform-browser-dynamic),TsIdentLibraryScoped(angular,Some(platform-browser-dynamic))),TsIdentModule(Some(angular),List(platform-browser-dynamic, src, version))) [id => @angular/platform-browser-dynamic, phase => typescript] 
[info ] InferredDefaultModule.scala:39 Inferred module TsIdentModule(Some(angular),List(platform-browser-dynamic, src, version)) [id => @angular/platform-browser-dynamic, phase => typescript] 
[info ] Phase1ReadTypescript.scala:152 Preprocessing TsHelperFile(InFile(/home/tso/tmp/tso-cache/npm/node_modules/@angular/platform-browser-dynamic/src/resource_loader/resource_loader_cache.d.ts),FromFolder(InFolder(/home/tso/tmp/tso-cache/npm/node_modules/@angular/platform-browser-dynamic),TsIdentLibraryScoped(angular,Some(platform-browser-dynamic))),TsIdentModule(Some(angular),List(platform-browser-dynamic, src, resource_loader, resource_loader_cache))) [id => @angular/platform-browser-dynamic, phase => typescript] 
[info ] InferredDefaultModule.scala:39 Inferred module TsIdentModule(Some(angular),List(platform-browser-dynamic, src, resource_loader, resource_loader_cache)) [id => @angular/platform-browser-dynamic, phase => typescript] 
[info ] Phase1ReadTypescript.scala:152 Preprocessing TsHelperFile(InFile(/home/tso/tmp/tso-cache/npm/node_modules/@angular/platform-browser-dynamic/src/resource_loader/resource_loader_impl.d.ts),FromFolder(InFolder(/home/tso/tmp/tso-cache/npm/node_modules/@angular/platform-browser-dynamic),TsIdentLibraryScoped(angular,Some(platform-browser-dynamic))),TsIdentModule(Some(angular),List(platform-browser-dynamic, src, resource_loader, resource_loader_impl))) [id => @angular/platform-browser-dynamic, phase => typescript] 
[info ] InferredDefaultModule.scala:39 Inferred module TsIdentModule(Some(angular),List(platform-browser-dynamic, src, resource_loader, resource_loader_impl)) [id => @angular/platform-browser-dynamic, phase => typescript] 
[warn ] Phase1ReadTypescript.scala:190 Processing TsIdentLibraryScoped(angular,Some(platform-browser-dynamic)) [id => @angular/platform-browser-dynamic, phase => typescript] 
[info ] ExtractInterfaces.scala:30 Extracted anonymous interface TsIdentSimple(Anon_UseValue) [id => @angular/platform-browser-dynamic, phase => typescript, scope => TreeScope(TsParsedFile() / TsDeclModule(@angular/platform-browser-dynamic/src/compiler_factory) / TsDeclVar(DEFAULT_PACKAGE_URL_PROVIDER) / TsTypeObject())] 
[debug] PhaseRunner.scala:78 Success [id => @angular/platform-browser-dynamic, phase => typescript] 
[warn ] Phase2ToScalaJs.scala:34 Processing TsIdentLibraryScoped(angular,Some(platform-browser-dynamic)) [id => @angular/platform-browser-dynamic, phase => scala.js] 
[debug] PhaseRunner.scala:78 Success [id => @angular/platform-browser-dynamic, phase => scala.js] 
[warn ] PhaseRunner.scala:64 Failed because of, [node => Compilation failed] [id => @angular/platform-browser-dynamic, phase => build] 
[debug] PhaseRunner.scala:82 Failure, [node => Compilation failed] [id => @angular/platform-browser-dynamic, phase => build] 
