[info ] ResolveExternalReferences.scala:81 Inferred augmented module None (TsIdentModule(None,List(angular))) [file => ../types/angular-meteor/index.d.ts, phase => typescript, scope => TreeScope(TsParsedFile() / TsDeclModule(angular)), id => angular-meteor] 
[info ] InferredDependency.scala:20 Inferred dependencies Set(TsIdentLibrarySimple(angular)) for TsIdentLibrarySimple(angular-meteor) [id => angular-meteor, phase => typescript, file => ../types/angular-meteor/index.d.ts] 
[debug] PhaseRunner.scala:78 Success [id => angular-meteor, phase => typescript] 
[info ] Phase1ReadTypescript.scala:152 Preprocessing TsHelperFile(InFile(/home/tso/tmp/tso-cache/DefinitelyTyped/types/angular-meteor/index.d.ts),FromFolder(InFolder(/home/tso/tmp/tso-cache/DefinitelyTyped/types/angular-meteor),TsIdentLibrarySimple(angular-meteor)),TsIdentModule(None,List(angular-meteor))) [id => angular-meteor, phase => typescript] 
[warn ] Phase1ReadTypescript.scala:190 Processing TsIdentLibrarySimple(angular-meteor) [id => angular-meteor, phase => typescript] 
[info ] ExpandCallables.scala:57 Expanded loginWithFacebook into 1 methods [id => angular-meteor, phase => typescript, scope => TreeScope(TsParsedFile() / TsAugmentedModule(angular) / TsDeclNamespace(meteor) / TsDeclInterface(IMeteorService))] 
[info ] ExpandCallables.scala:57 Expanded loginWithTwitter into 1 methods [id => angular-meteor, phase => typescript, scope => TreeScope(TsParsedFile() / TsAugmentedModule(angular) / TsDeclNamespace(meteor) / TsDeclInterface(IMeteorService))] 
[info ] ExpandCallables.scala:57 Expanded loginWithGoogle into 1 methods [id => angular-meteor, phase => typescript, scope => TreeScope(TsParsedFile() / TsAugmentedModule(angular) / TsDeclNamespace(meteor) / TsDeclInterface(IMeteorService))] 
[info ] ExpandCallables.scala:57 Expanded loginWithGithub into 1 methods [id => angular-meteor, phase => typescript, scope => TreeScope(TsParsedFile() / TsAugmentedModule(angular) / TsDeclNamespace(meteor) / TsDeclInterface(IMeteorService))] 
[info ] ExpandCallables.scala:57 Expanded loginWithMeetup into 1 methods [id => angular-meteor, phase => typescript, scope => TreeScope(TsParsedFile() / TsAugmentedModule(angular) / TsDeclNamespace(meteor) / TsDeclInterface(IMeteorService))] 
[info ] ExpandCallables.scala:57 Expanded loginWithWeibo into 1 methods [id => angular-meteor, phase => typescript, scope => TreeScope(TsParsedFile() / TsAugmentedModule(angular) / TsDeclNamespace(meteor) / TsDeclInterface(IMeteorService))] 
[info ] PreferTypeAlias.scala:112 Simplified to type alias [id => angular-meteor, phase => typescript, scope => TreeScope(TsParsedFile() / TsAugmentedModule(angular) / TsDeclNamespace(meteor) / TsDeclInterface(AngularMeteorCollection))] 
[info ] PreferTypeAlias.scala:118 Simplified to function type alias [id => angular-meteor, phase => typescript, scope => TreeScope(TsParsedFile() / TsAugmentedModule(angular) / TsDeclNamespace(meteor) / TsDeclInterface(ILoginWithExternalService))] 
[info ] ExtractInterfaces.scala:30 Extracted anonymous interface TsIdentSimple(Anon_Username) [id => angular-meteor, phase => typescript, scope => TreeScope(TsParsedFile() / TsAugmentedModule(angular) / TsDeclNamespace(meteor) / TsDeclInterface(IMeteorService) / TsMemberFunction(createUser) / TsFunSig() / TsFunParam() / TsTypeObject())] 
[info ] ExtractInterfaces.scala:30 Extracted anonymous interface TsIdentSimple(Anon_Quality) [id => angular-meteor, phase => typescript, scope => TreeScope(TsParsedFile() / TsAugmentedModule(angular) / TsDeclNamespace(meteor) / TsDeclInterface(IMeteorService) / TsMemberFunction(getPicture) / TsFunSig() / TsFunParam() / TsTypeObject())] 
[info ] ExtractInterfaces.scala:30 Extracted anonymous interface TsIdentSimple(Anon_Email) [id => angular-meteor, phase => typescript, scope => TreeScope(TsParsedFile() / TsAugmentedModule(angular) / TsDeclNamespace(meteor) / TsDeclInterface(IMeteorService) / TsMemberFunction(forgotPassword) / TsFunSig() / TsFunParam() / TsTypeObject())] 
[info ] ExtractInterfaces.scala:30 Extracted anonymous interface TsIdentSimple(Anon_Email) [id => angular-meteor, phase => typescript, scope => TreeScope(TsParsedFile() / TsAugmentedModule(angular) / TsDeclNamespace(meteor) / TsDeclInterface(IMeteorService) / TsMemberFunction(loginWithPassword) / TsFunSig() / TsFunParam() / TsTypeObject())] 
[info ] ExtractInterfaces.scala:30 Extracted anonymous interface TsIdentSimple(Anon_UsernameString) [id => angular-meteor, phase => typescript, scope => TreeScope(TsParsedFile() / TsAugmentedModule(angular) / TsDeclNamespace(meteor) / TsDeclInterface(IMeteorService) / TsMemberFunction(loginWithPassword) / TsFunSig() / TsFunParam() / TsTypeObject())] 
[info ] ExtractInterfaces.scala:30 Extracted anonymous interface TsIdentSimple(Anon_Id) [id => angular-meteor, phase => typescript, scope => TreeScope(TsParsedFile() / TsAugmentedModule(angular) / TsDeclNamespace(meteor) / TsDeclInterface(IMeteorService) / TsMemberFunction(loginWithPassword) / TsFunSig() / TsFunParam() / TsTypeObject())] 
[info ] ExtractInterfaces.scala:30 Extracted anonymous interface TsIdentSimple(Anon_Bind) [id => angular-meteor, phase => typescript, scope => TreeScope(TsParsedFile() / TsAugmentedModule(angular) / TsDeclNamespace(meteor) / TsDeclInterface(IMeteorService) / TsMemberFunction(session) / TsFunSig() / TsTypeObject())] 
[debug] PhaseRunner.scala:78 Success [id => angular-meteor, phase => typescript] 
[warn ] Phase2ToScalaJs.scala:34 Processing TsIdentLibrarySimple(angular-meteor) [id => angular-meteor, phase => scala.js] 
[info ] RemoveDuplicateInheritance.scala:55 Dropped parents QualifiedName(List(Name(angularLib), Name(angularMod), Name(angularNs), Name(IRootScopeService))) at Name(angularDashMeteorLib) / Name(angularMod) / Name(meteorNs) / Name(IScope) because allParentRefs = Set(TypeRef(QualifiedName(List(Name(angularLib), Name(angularMod), Name(angularNs), Name(IRootScopeService))),List(),NoComments)) [id => angular-meteor, phase => scala.js, this => Name(angularDashMeteorLib) / Name(angularMod) / Name(meteorNs) / Name(IScope)] 
[debug] PhaseRunner.scala:78 Success [id => angular-meteor, phase => scala.js] 
[warn ] PhaseRunner.scala:64 Failed because of, [node => Compilation failed] [id => angular-meteor, phase => build] 
[debug] PhaseRunner.scala:82 Failure, [node => Compilation failed] [id => angular-meteor, phase => build] 
