[debug] PhaseRunner.scala:78 Success [id => @angular/animations, phase => typescript] 
[debug] PhaseRunner.scala:78 Success [id => @angular/animations, phase => typescript] 
[debug] PhaseRunner.scala:78 Success [id => @angular/animations, phase => typescript] 
[debug] PhaseRunner.scala:78 Success [id => @angular/animations, phase => typescript] 
[debug] PhaseRunner.scala:78 Success [id => @angular/animations, phase => typescript] 
[debug] PhaseRunner.scala:78 Success [id => @angular/animations, phase => typescript] 
[debug] PhaseRunner.scala:78 Success [id => @angular/animations, phase => typescript] 
[debug] PhaseRunner.scala:78 Success [id => @angular/animations, phase => typescript] 
[debug] PhaseRunner.scala:78 Success [id => @angular/animations, phase => typescript] 
[debug] PhaseRunner.scala:78 Success [id => @angular/animations, phase => typescript] 
[info ] Phase1ReadTypescript.scala:152 Preprocessing TsHelperFile(InFile(/home/tso/tmp/tso-cache/npm/node_modules/@angular/animations/animations.d.ts),FromFolder(InFolder(/home/tso/tmp/tso-cache/npm/node_modules/@angular/animations),TsIdentLibraryScoped(angular,Some(animations))),TsIdentModule(Some(angular),List(animations))) [id => @angular/animations, phase => typescript] 
[info ] InferredDefaultModule.scala:39 Inferred module TsIdentModule(Some(angular),List(animations)) [id => @angular/animations, phase => typescript] 
[info ] Phase1ReadTypescript.scala:152 Preprocessing TsHelperFile(InFile(/home/tso/tmp/tso-cache/npm/node_modules/@angular/animations/index.d.ts),FromFolder(InFolder(/home/tso/tmp/tso-cache/npm/node_modules/@angular/animations),TsIdentLibraryScoped(angular,Some(animations))),TsIdentModule(Some(angular),List(animations))) [id => @angular/animations, phase => typescript] 
[info ] InferredDefaultModule.scala:39 Inferred module TsIdentModule(Some(angular),List(animations)) [id => @angular/animations, phase => typescript] 
[info ] Phase1ReadTypescript.scala:152 Preprocessing TsHelperFile(InFile(/home/tso/tmp/tso-cache/npm/node_modules/@angular/animations/public_api.d.ts),FromFolder(InFolder(/home/tso/tmp/tso-cache/npm/node_modules/@angular/animations),TsIdentLibraryScoped(angular,Some(animations))),TsIdentModule(Some(angular),List(animations, public_api))) [id => @angular/animations, phase => typescript] 
[info ] InferredDefaultModule.scala:39 Inferred module TsIdentModule(Some(angular),List(animations, public_api)) [id => @angular/animations, phase => typescript] 
[info ] Phase1ReadTypescript.scala:152 Preprocessing TsHelperFile(InFile(/home/tso/tmp/tso-cache/npm/node_modules/@angular/animations/src/animation_builder.d.ts),FromFolder(InFolder(/home/tso/tmp/tso-cache/npm/node_modules/@angular/animations),TsIdentLibraryScoped(angular,Some(animations))),TsIdentModule(Some(angular),List(animations, src, animation_builder))) [id => @angular/animations, phase => typescript] 
[info ] InferredDefaultModule.scala:39 Inferred module TsIdentModule(Some(angular),List(animations, src, animation_builder)) [id => @angular/animations, phase => typescript] 
[info ] Phase1ReadTypescript.scala:152 Preprocessing TsHelperFile(InFile(/home/tso/tmp/tso-cache/npm/node_modules/@angular/animations/src/animation_event.d.ts),FromFolder(InFolder(/home/tso/tmp/tso-cache/npm/node_modules/@angular/animations),TsIdentLibraryScoped(angular,Some(animations))),TsIdentModule(Some(angular),List(animations, src, animation_event))) [id => @angular/animations, phase => typescript] 
[info ] InferredDefaultModule.scala:39 Inferred module TsIdentModule(Some(angular),List(animations, src, animation_event)) [id => @angular/animations, phase => typescript] 
[info ] Phase1ReadTypescript.scala:152 Preprocessing TsHelperFile(InFile(/home/tso/tmp/tso-cache/npm/node_modules/@angular/animations/src/animation_metadata.d.ts),FromFolder(InFolder(/home/tso/tmp/tso-cache/npm/node_modules/@angular/animations),TsIdentLibraryScoped(angular,Some(animations))),TsIdentModule(Some(angular),List(animations, src, animation_metadata))) [id => @angular/animations, phase => typescript] 
[info ] InferredDefaultModule.scala:39 Inferred module TsIdentModule(Some(angular),List(animations, src, animation_metadata)) [id => @angular/animations, phase => typescript] 
[info ] Phase1ReadTypescript.scala:152 Preprocessing TsHelperFile(InFile(/home/tso/tmp/tso-cache/npm/node_modules/@angular/animations/src/animations.d.ts),FromFolder(InFolder(/home/tso/tmp/tso-cache/npm/node_modules/@angular/animations),TsIdentLibraryScoped(angular,Some(animations))),TsIdentModule(Some(angular),List(animations, src, animations))) [id => @angular/animations, phase => typescript] 
[info ] InferredDefaultModule.scala:39 Inferred module TsIdentModule(Some(angular),List(animations, src, animations)) [id => @angular/animations, phase => typescript] 
[info ] Phase1ReadTypescript.scala:152 Preprocessing TsHelperFile(InFile(/home/tso/tmp/tso-cache/npm/node_modules/@angular/animations/src/private_export.d.ts),FromFolder(InFolder(/home/tso/tmp/tso-cache/npm/node_modules/@angular/animations),TsIdentLibraryScoped(angular,Some(animations))),TsIdentModule(Some(angular),List(animations, src, private_export))) [id => @angular/animations, phase => typescript] 
[info ] InferredDefaultModule.scala:39 Inferred module TsIdentModule(Some(angular),List(animations, src, private_export)) [id => @angular/animations, phase => typescript] 
[info ] Phase1ReadTypescript.scala:152 Preprocessing TsHelperFile(InFile(/home/tso/tmp/tso-cache/npm/node_modules/@angular/animations/src/players/animation_group_player.d.ts),FromFolder(InFolder(/home/tso/tmp/tso-cache/npm/node_modules/@angular/animations),TsIdentLibraryScoped(angular,Some(animations))),TsIdentModule(Some(angular),List(animations, src, players, animation_group_player))) [id => @angular/animations, phase => typescript] 
[info ] InferredDefaultModule.scala:39 Inferred module TsIdentModule(Some(angular),List(animations, src, players, animation_group_player)) [id => @angular/animations, phase => typescript] 
[info ] Phase1ReadTypescript.scala:152 Preprocessing TsHelperFile(InFile(/home/tso/tmp/tso-cache/npm/node_modules/@angular/animations/src/players/animation_player.d.ts),FromFolder(InFolder(/home/tso/tmp/tso-cache/npm/node_modules/@angular/animations),TsIdentLibraryScoped(angular,Some(animations))),TsIdentModule(Some(angular),List(animations, src, players, animation_player))) [id => @angular/animations, phase => typescript] 
[info ] InferredDefaultModule.scala:39 Inferred module TsIdentModule(Some(angular),List(animations, src, players, animation_player)) [id => @angular/animations, phase => typescript] 
[warn ] Phase1ReadTypescript.scala:190 Processing TsIdentLibraryScoped(angular,Some(animations)) [id => @angular/animations, phase => typescript] 
[info ] ExtractInterfaces.scala:30 Extracted anonymous interface TsIdentSimple(Anon_Params) [id => @angular/animations, phase => typescript, scope => TreeScope(TsParsedFile() / TsDeclModule(@angular/animations/public_api) / TsDeclFunction(state) / TsFunSig() / TsFunParam() / TsTypeObject())] 
[info ] ExtractInterfaces.scala:30 Extracted anonymous interface TsIdentSimple(Anon_Params) [id => @angular/animations, phase => typescript, scope => TreeScope(TsParsedFile() / TsDeclModule(@angular/animations) / TsDeclFunction(state) / TsFunSig() / TsFunParam() / TsTypeObject())] 
[info ] ExtractInterfaces.scala:30 Extracted anonymous interface TsIdentSimple(Anon_Params) [id => @angular/animations, phase => typescript, scope => TreeScope(TsParsedFile() / TsDeclModule(@angular/animations/src/animation_metadata) / TsDeclInterface(AnimationStateMetadata) / TsMemberProperty(options) / TsTypeObject())] 
[info ] ExtractInterfaces.scala:30 Extracted anonymous interface TsIdentSimple(Anon_Params) [id => @angular/animations, phase => typescript, scope => TreeScope(TsParsedFile() / TsDeclModule(@angular/animations/src/animation_metadata) / TsDeclFunction(state) / TsFunSig() / TsFunParam() / TsTypeObject())] 
[info ] ExtractInterfaces.scala:30 Extracted anonymous interface TsIdentSimple(Anon_ParamsName) [id => @angular/animations, phase => typescript, scope => TreeScope(TsParsedFile() / TsDeclModule(@angular/animations/src/animation_metadata) / TsDeclInterface(AnimationTriggerMetadata) / TsMemberProperty(options) / TsTypeUnion() / TsTypeObject())] 
[info ] ExtractInterfaces.scala:30 Extracted anonymous interface TsIdentSimple(Anon_Params) [id => @angular/animations, phase => typescript, scope => TreeScope(TsParsedFile() / TsDeclModule(@angular/animations/src/animations) / TsDeclFunction(state) / TsFunSig() / TsFunParam() / TsTypeObject())] 
[debug] PhaseRunner.scala:78 Success [id => @angular/animations, phase => typescript] 
[warn ] Phase2ToScalaJs.scala:34 Processing TsIdentLibraryScoped(angular,Some(animations)) [id => @angular/animations, phase => scala.js] 
[info ] CompleteClass.scala:60 Completed implementations Vector(parentPlayer, totalTime, restart, getPosition, onDone, init, onStart, destroy, pause, finish, onDestroy, reset, play, hasStarted, setPosition) [id => @angular/animations, phase => scala.js, this => Name(atAngularAnimationsLib) / Name(srcPlayersAnimationUnderscoreGroupUnderscorePlayerMod) / Name(AnimationGroupPlayer)] 
[info ] CompleteClass.scala:60 Completed implementations Vector(parentPlayer, totalTime, restart, getPosition, onDone, init, onStart, destroy, pause, finish, onDestroy, reset, play, hasStarted, setPosition) [id => @angular/animations, phase => scala.js, this => Name(atAngularAnimationsLib) / Name(srcPlayersAnimationUnderscorePlayerMod) / Name(NoopAnimationPlayer)] 
[debug] PhaseRunner.scala:78 Success [id => @angular/animations, phase => scala.js] 
[warn ] PhaseRunner.scala:64 Failed because of, [node => Compilation failed] [id => @angular/animations, phase => build] 
[debug] PhaseRunner.scala:82 Failure, [node => Compilation failed] [id => @angular/animations, phase => build] 
