[debug] PhaseRunner.scala:78 Success [id => @angular/common, phase => typescript] 
[debug] PhaseRunner.scala:78 Success [id => @angular/common, phase => typescript] 
[debug] PhaseRunner.scala:78 Success [id => @angular/common, phase => typescript] 
[debug] PhaseRunner.scala:78 Success [id => @angular/common, phase => typescript] 
[debug] PhaseRunner.scala:78 Success [id => @angular/common, phase => typescript] 
[debug] PhaseRunner.scala:78 Success [id => @angular/common, phase => typescript] 
[debug] PhaseRunner.scala:78 Success [id => @angular/common, phase => typescript] 
[debug] PhaseRunner.scala:78 Success [id => @angular/common, phase => typescript] 
[debug] PhaseRunner.scala:78 Success [id => @angular/common, phase => typescript] 
[debug] PhaseRunner.scala:78 Success [id => @angular/common, phase => typescript] 
[debug] PhaseRunner.scala:78 Success [id => @angular/common, phase => typescript] 
[debug] PhaseRunner.scala:78 Success [id => @angular/common, phase => typescript] 
[debug] PhaseRunner.scala:78 Success [id => @angular/common, phase => typescript] 
[debug] PhaseRunner.scala:78 Success [id => @angular/common, phase => typescript] 
[debug] PhaseRunner.scala:78 Success [id => @angular/common, phase => typescript] 
[debug] PhaseRunner.scala:78 Success [id => @angular/common, phase => typescript] 
[debug] PhaseRunner.scala:78 Success [id => @angular/common, phase => typescript] 
[debug] PhaseRunner.scala:78 Success [id => @angular/common, phase => typescript] 
[debug] PhaseRunner.scala:78 Success [id => @angular/common, phase => typescript] 
[debug] PhaseRunner.scala:78 Success [id => @angular/common, phase => typescript] 
[debug] PhaseRunner.scala:78 Success [id => @angular/common, phase => typescript] 
[debug] PhaseRunner.scala:78 Success [id => @angular/common, phase => typescript] 
[debug] PhaseRunner.scala:78 Success [id => @angular/common, phase => typescript] 
[debug] PhaseRunner.scala:78 Success [id => @angular/common, phase => typescript] 
[debug] PhaseRunner.scala:78 Success [id => @angular/common, phase => typescript] 
[debug] PhaseRunner.scala:78 Success [id => @angular/common, phase => typescript] 
[debug] PhaseRunner.scala:78 Success [id => @angular/common, phase => typescript] 
[debug] PhaseRunner.scala:78 Success [id => @angular/common, phase => typescript] 
[debug] PhaseRunner.scala:78 Success [id => @angular/common, phase => typescript] 
[debug] PhaseRunner.scala:78 Success [id => @angular/common, phase => typescript] 
[debug] PhaseRunner.scala:78 Success [id => @angular/common, phase => typescript] 
[debug] PhaseRunner.scala:78 Success [id => @angular/common, phase => typescript] 
[debug] PhaseRunner.scala:78 Success [id => @angular/common, phase => typescript] 
[debug] PhaseRunner.scala:78 Success [id => @angular/common, phase => typescript] 
[debug] PhaseRunner.scala:78 Success [id => @angular/common, phase => typescript] 
[debug] PhaseRunner.scala:78 Success [id => @angular/common, phase => typescript] 
[debug] PhaseRunner.scala:78 Success [id => @angular/common, phase => typescript] 
[debug] PhaseRunner.scala:78 Success [id => @angular/common, phase => typescript] 
[debug] PhaseRunner.scala:78 Success [id => @angular/common, phase => typescript] 
[debug] PhaseRunner.scala:78 Success [id => @angular/common, phase => typescript] 
[debug] PhaseRunner.scala:78 Success [id => @angular/common, phase => typescript] 
[debug] PhaseRunner.scala:78 Success [id => @angular/common, phase => typescript] 
[debug] PhaseRunner.scala:78 Success [id => @angular/common, phase => typescript] 
[info ] Phase1ReadTypescript.scala:152 Preprocessing TsHelperFile(InFile(/home/tso/tmp/tso-cache/npm/node_modules/@angular/common/common.d.ts),FromFolder(InFolder(/home/tso/tmp/tso-cache/npm/node_modules/@angular/common),TsIdentLibraryScoped(angular,Some(common))),TsIdentModule(Some(angular),List(common))) [id => @angular/common, phase => typescript] 
[info ] InferredDefaultModule.scala:39 Inferred module TsIdentModule(Some(angular),List(common)) [id => @angular/common, phase => typescript] 
[info ] Phase1ReadTypescript.scala:152 Preprocessing TsHelperFile(InFile(/home/tso/tmp/tso-cache/npm/node_modules/@angular/common/index.d.ts),FromFolder(InFolder(/home/tso/tmp/tso-cache/npm/node_modules/@angular/common),TsIdentLibraryScoped(angular,Some(common))),TsIdentModule(Some(angular),List(common))) [id => @angular/common, phase => typescript] 
[info ] InferredDefaultModule.scala:39 Inferred module TsIdentModule(Some(angular),List(common)) [id => @angular/common, phase => typescript] 
[info ] Phase1ReadTypescript.scala:152 Preprocessing TsHelperFile(InFile(/home/tso/tmp/tso-cache/npm/node_modules/@angular/common/public_api.d.ts),FromFolder(InFolder(/home/tso/tmp/tso-cache/npm/node_modules/@angular/common),TsIdentLibraryScoped(angular,Some(common))),TsIdentModule(Some(angular),List(common, public_api))) [id => @angular/common, phase => typescript] 
[info ] InferredDefaultModule.scala:39 Inferred module TsIdentModule(Some(angular),List(common, public_api)) [id => @angular/common, phase => typescript] 
[info ] Phase1ReadTypescript.scala:152 Preprocessing TsHelperFile(InFile(/home/tso/tmp/tso-cache/npm/node_modules/@angular/common/src/common.d.ts),FromFolder(InFolder(/home/tso/tmp/tso-cache/npm/node_modules/@angular/common),TsIdentLibraryScoped(angular,Some(common))),TsIdentModule(Some(angular),List(common, src, common))) [id => @angular/common, phase => typescript] 
[info ] InferredDefaultModule.scala:39 Inferred module TsIdentModule(Some(angular),List(common, src, common)) [id => @angular/common, phase => typescript] 
[info ] Phase1ReadTypescript.scala:152 Preprocessing TsHelperFile(InFile(/home/tso/tmp/tso-cache/npm/node_modules/@angular/common/src/common_module.d.ts),FromFolder(InFolder(/home/tso/tmp/tso-cache/npm/node_modules/@angular/common),TsIdentLibraryScoped(angular,Some(common))),TsIdentModule(Some(angular),List(common, src, common_module))) [id => @angular/common, phase => typescript] 
[info ] InferredDefaultModule.scala:39 Inferred module TsIdentModule(Some(angular),List(common, src, common_module)) [id => @angular/common, phase => typescript] 
[info ] Phase1ReadTypescript.scala:152 Preprocessing TsHelperFile(InFile(/home/tso/tmp/tso-cache/npm/node_modules/@angular/common/src/cookie.d.ts),FromFolder(InFolder(/home/tso/tmp/tso-cache/npm/node_modules/@angular/common),TsIdentLibraryScoped(angular,Some(common))),TsIdentModule(Some(angular),List(common, src, cookie))) [id => @angular/common, phase => typescript] 
[info ] InferredDefaultModule.scala:39 Inferred module TsIdentModule(Some(angular),List(common, src, cookie)) [id => @angular/common, phase => typescript] 
[info ] Phase1ReadTypescript.scala:152 Preprocessing TsHelperFile(InFile(/home/tso/tmp/tso-cache/npm/node_modules/@angular/common/src/dom_tokens.d.ts),FromFolder(InFolder(/home/tso/tmp/tso-cache/npm/node_modules/@angular/common),TsIdentLibraryScoped(angular,Some(common))),TsIdentModule(Some(angular),List(common, src, dom_tokens))) [id => @angular/common, phase => typescript] 
[info ] InferredDefaultModule.scala:39 Inferred module TsIdentModule(Some(angular),List(common, src, dom_tokens)) [id => @angular/common, phase => typescript] 
[info ] Phase1ReadTypescript.scala:152 Preprocessing TsHelperFile(InFile(/home/tso/tmp/tso-cache/npm/node_modules/@angular/common/src/platform_id.d.ts),FromFolder(InFolder(/home/tso/tmp/tso-cache/npm/node_modules/@angular/common),TsIdentLibraryScoped(angular,Some(common))),TsIdentModule(Some(angular),List(common, src, platform_id))) [id => @angular/common, phase => typescript] 
[info ] InferredDefaultModule.scala:39 Inferred module TsIdentModule(Some(angular),List(common, src, platform_id)) [id => @angular/common, phase => typescript] 
[info ] Phase1ReadTypescript.scala:152 Preprocessing TsHelperFile(InFile(/home/tso/tmp/tso-cache/npm/node_modules/@angular/common/src/version.d.ts),FromFolder(InFolder(/home/tso/tmp/tso-cache/npm/node_modules/@angular/common),TsIdentLibraryScoped(angular,Some(common))),TsIdentModule(Some(angular),List(common, src, version))) [id => @angular/common, phase => typescript] 
[info ] InferredDefaultModule.scala:39 Inferred module TsIdentModule(Some(angular),List(common, src, version)) [id => @angular/common, phase => typescript] 
[info ] Phase1ReadTypescript.scala:152 Preprocessing TsHelperFile(InFile(/home/tso/tmp/tso-cache/npm/node_modules/@angular/common/src/viewport_scroller.d.ts),FromFolder(InFolder(/home/tso/tmp/tso-cache/npm/node_modules/@angular/common),TsIdentLibraryScoped(angular,Some(common))),TsIdentModule(Some(angular),List(common, src, viewport_scroller))) [id => @angular/common, phase => typescript] 
[info ] InferredDefaultModule.scala:39 Inferred module TsIdentModule(Some(angular),List(common, src, viewport_scroller)) [id => @angular/common, phase => typescript] 
[info ] Phase1ReadTypescript.scala:152 Preprocessing TsHelperFile(InFile(/home/tso/tmp/tso-cache/npm/node_modules/@angular/common/src/directives/index.d.ts),FromFolder(InFolder(/home/tso/tmp/tso-cache/npm/node_modules/@angular/common),TsIdentLibraryScoped(angular,Some(common))),TsIdentModule(Some(angular),List(common, src, directives))) [id => @angular/common, phase => typescript] 
[info ] InferredDefaultModule.scala:39 Inferred module TsIdentModule(Some(angular),List(common, src, directives)) [id => @angular/common, phase => typescript] 
[info ] Phase1ReadTypescript.scala:152 Preprocessing TsHelperFile(InFile(/home/tso/tmp/tso-cache/npm/node_modules/@angular/common/src/directives/ng_class.d.ts),FromFolder(InFolder(/home/tso/tmp/tso-cache/npm/node_modules/@angular/common),TsIdentLibraryScoped(angular,Some(common))),TsIdentModule(Some(angular),List(common, src, directives, ng_class))) [id => @angular/common, phase => typescript] 
[info ] InferredDefaultModule.scala:39 Inferred module TsIdentModule(Some(angular),List(common, src, directives, ng_class)) [id => @angular/common, phase => typescript] 
[info ] Phase1ReadTypescript.scala:152 Preprocessing TsHelperFile(InFile(/home/tso/tmp/tso-cache/npm/node_modules/@angular/common/src/directives/ng_component_outlet.d.ts),FromFolder(InFolder(/home/tso/tmp/tso-cache/npm/node_modules/@angular/common),TsIdentLibraryScoped(angular,Some(common))),TsIdentModule(Some(angular),List(common, src, directives, ng_component_outlet))) [id => @angular/common, phase => typescript] 
[info ] InferredDefaultModule.scala:39 Inferred module TsIdentModule(Some(angular),List(common, src, directives, ng_component_outlet)) [id => @angular/common, phase => typescript] 
[info ] Phase1ReadTypescript.scala:152 Preprocessing TsHelperFile(InFile(/home/tso/tmp/tso-cache/npm/node_modules/@angular/common/src/directives/ng_for_of.d.ts),FromFolder(InFolder(/home/tso/tmp/tso-cache/npm/node_modules/@angular/common),TsIdentLibraryScoped(angular,Some(common))),TsIdentModule(Some(angular),List(common, src, directives, ng_for_of))) [id => @angular/common, phase => typescript] 
[info ] InferredDefaultModule.scala:39 Inferred module TsIdentModule(Some(angular),List(common, src, directives, ng_for_of)) [id => @angular/common, phase => typescript] 
[info ] Phase1ReadTypescript.scala:152 Preprocessing TsHelperFile(InFile(/home/tso/tmp/tso-cache/npm/node_modules/@angular/common/src/directives/ng_if.d.ts),FromFolder(InFolder(/home/tso/tmp/tso-cache/npm/node_modules/@angular/common),TsIdentLibraryScoped(angular,Some(common))),TsIdentModule(Some(angular),List(common, src, directives, ng_if))) [id => @angular/common, phase => typescript] 
[info ] InferredDefaultModule.scala:39 Inferred module TsIdentModule(Some(angular),List(common, src, directives, ng_if)) [id => @angular/common, phase => typescript] 
[info ] Phase1ReadTypescript.scala:152 Preprocessing TsHelperFile(InFile(/home/tso/tmp/tso-cache/npm/node_modules/@angular/common/src/directives/ng_plural.d.ts),FromFolder(InFolder(/home/tso/tmp/tso-cache/npm/node_modules/@angular/common),TsIdentLibraryScoped(angular,Some(common))),TsIdentModule(Some(angular),List(common, src, directives, ng_plural))) [id => @angular/common, phase => typescript] 
[info ] InferredDefaultModule.scala:39 Inferred module TsIdentModule(Some(angular),List(common, src, directives, ng_plural)) [id => @angular/common, phase => typescript] 
[info ] Phase1ReadTypescript.scala:152 Preprocessing TsHelperFile(InFile(/home/tso/tmp/tso-cache/npm/node_modules/@angular/common/src/directives/ng_style.d.ts),FromFolder(InFolder(/home/tso/tmp/tso-cache/npm/node_modules/@angular/common),TsIdentLibraryScoped(angular,Some(common))),TsIdentModule(Some(angular),List(common, src, directives, ng_style))) [id => @angular/common, phase => typescript] 
[info ] InferredDefaultModule.scala:39 Inferred module TsIdentModule(Some(angular),List(common, src, directives, ng_style)) [id => @angular/common, phase => typescript] 
[info ] Phase1ReadTypescript.scala:152 Preprocessing TsHelperFile(InFile(/home/tso/tmp/tso-cache/npm/node_modules/@angular/common/src/directives/ng_switch.d.ts),FromFolder(InFolder(/home/tso/tmp/tso-cache/npm/node_modules/@angular/common),TsIdentLibraryScoped(angular,Some(common))),TsIdentModule(Some(angular),List(common, src, directives, ng_switch))) [id => @angular/common, phase => typescript] 
[info ] InferredDefaultModule.scala:39 Inferred module TsIdentModule(Some(angular),List(common, src, directives, ng_switch)) [id => @angular/common, phase => typescript] 
[info ] Phase1ReadTypescript.scala:152 Preprocessing TsHelperFile(InFile(/home/tso/tmp/tso-cache/npm/node_modules/@angular/common/src/directives/ng_template_outlet.d.ts),FromFolder(InFolder(/home/tso/tmp/tso-cache/npm/node_modules/@angular/common),TsIdentLibraryScoped(angular,Some(common))),TsIdentModule(Some(angular),List(common, src, directives, ng_template_outlet))) [id => @angular/common, phase => typescript] 
[info ] InferredDefaultModule.scala:39 Inferred module TsIdentModule(Some(angular),List(common, src, directives, ng_template_outlet)) [id => @angular/common, phase => typescript] 
[info ] Phase1ReadTypescript.scala:152 Preprocessing TsHelperFile(InFile(/home/tso/tmp/tso-cache/npm/node_modules/@angular/common/src/i18n/format_date.d.ts),FromFolder(InFolder(/home/tso/tmp/tso-cache/npm/node_modules/@angular/common),TsIdentLibraryScoped(angular,Some(common))),TsIdentModule(Some(angular),List(common, src, i18n, format_date))) [id => @angular/common, phase => typescript] 
[info ] InferredDefaultModule.scala:39 Inferred module TsIdentModule(Some(angular),List(common, src, i18n, format_date)) [id => @angular/common, phase => typescript] 
[info ] Phase1ReadTypescript.scala:152 Preprocessing TsHelperFile(InFile(/home/tso/tmp/tso-cache/npm/node_modules/@angular/common/src/i18n/format_number.d.ts),FromFolder(InFolder(/home/tso/tmp/tso-cache/npm/node_modules/@angular/common),TsIdentLibraryScoped(angular,Some(common))),TsIdentModule(Some(angular),List(common, src, i18n, format_number))) [id => @angular/common, phase => typescript] 
[info ] InferredDefaultModule.scala:39 Inferred module TsIdentModule(Some(angular),List(common, src, i18n, format_number)) [id => @angular/common, phase => typescript] 
[info ] Phase1ReadTypescript.scala:152 Preprocessing TsHelperFile(InFile(/home/tso/tmp/tso-cache/npm/node_modules/@angular/common/src/i18n/locale_data.d.ts),FromFolder(InFolder(/home/tso/tmp/tso-cache/npm/node_modules/@angular/common),TsIdentLibraryScoped(angular,Some(common))),TsIdentModule(Some(angular),List(common, src, i18n, locale_data))) [id => @angular/common, phase => typescript] 
[info ] InferredDefaultModule.scala:39 Inferred module TsIdentModule(Some(angular),List(common, src, i18n, locale_data)) [id => @angular/common, phase => typescript] 
[info ] Phase1ReadTypescript.scala:152 Preprocessing TsHelperFile(InFile(/home/tso/tmp/tso-cache/npm/node_modules/@angular/common/src/i18n/locale_data_api.d.ts),FromFolder(InFolder(/home/tso/tmp/tso-cache/npm/node_modules/@angular/common),TsIdentLibraryScoped(angular,Some(common))),TsIdentModule(Some(angular),List(common, src, i18n, locale_data_api))) [id => @angular/common, phase => typescript] 
[info ] InferredDefaultModule.scala:39 Inferred module TsIdentModule(Some(angular),List(common, src, i18n, locale_data_api)) [id => @angular/common, phase => typescript] 
[info ] Phase1ReadTypescript.scala:152 Preprocessing TsHelperFile(InFile(/home/tso/tmp/tso-cache/npm/node_modules/@angular/common/src/i18n/localization.d.ts),FromFolder(InFolder(/home/tso/tmp/tso-cache/npm/node_modules/@angular/common),TsIdentLibraryScoped(angular,Some(common))),TsIdentModule(Some(angular),List(common, src, i18n, localization))) [id => @angular/common, phase => typescript] 
[info ] InferredDefaultModule.scala:39 Inferred module TsIdentModule(Some(angular),List(common, src, i18n, localization)) [id => @angular/common, phase => typescript] 
[info ] Phase1ReadTypescript.scala:152 Preprocessing TsHelperFile(InFile(/home/tso/tmp/tso-cache/npm/node_modules/@angular/common/src/location/hash_location_strategy.d.ts),FromFolder(InFolder(/home/tso/tmp/tso-cache/npm/node_modules/@angular/common),TsIdentLibraryScoped(angular,Some(common))),TsIdentModule(Some(angular),List(common, src, location, hash_location_strategy))) [id => @angular/common, phase => typescript] 
[info ] InferredDefaultModule.scala:39 Inferred module TsIdentModule(Some(angular),List(common, src, location, hash_location_strategy)) [id => @angular/common, phase => typescript] 
[info ] Phase1ReadTypescript.scala:152 Preprocessing TsHelperFile(InFile(/home/tso/tmp/tso-cache/npm/node_modules/@angular/common/src/location/index.d.ts),FromFolder(InFolder(/home/tso/tmp/tso-cache/npm/node_modules/@angular/common),TsIdentLibraryScoped(angular,Some(common))),TsIdentModule(Some(angular),List(common, src, location))) [id => @angular/common, phase => typescript] 
[info ] InferredDefaultModule.scala:39 Inferred module TsIdentModule(Some(angular),List(common, src, location)) [id => @angular/common, phase => typescript] 
[info ] Phase1ReadTypescript.scala:152 Preprocessing TsHelperFile(InFile(/home/tso/tmp/tso-cache/npm/node_modules/@angular/common/src/location/location.d.ts),FromFolder(InFolder(/home/tso/tmp/tso-cache/npm/node_modules/@angular/common),TsIdentLibraryScoped(angular,Some(common))),TsIdentModule(Some(angular),List(common, src, location, location))) [id => @angular/common, phase => typescript] 
[info ] InferredDefaultModule.scala:39 Inferred module TsIdentModule(Some(angular),List(common, src, location, location)) [id => @angular/common, phase => typescript] 
[info ] Phase1ReadTypescript.scala:152 Preprocessing TsHelperFile(InFile(/home/tso/tmp/tso-cache/npm/node_modules/@angular/common/src/location/location_strategy.d.ts),FromFolder(InFolder(/home/tso/tmp/tso-cache/npm/node_modules/@angular/common),TsIdentLibraryScoped(angular,Some(common))),TsIdentModule(Some(angular),List(common, src, location, location_strategy))) [id => @angular/common, phase => typescript] 
[info ] InferredDefaultModule.scala:39 Inferred module TsIdentModule(Some(angular),List(common, src, location, location_strategy)) [id => @angular/common, phase => typescript] 
[info ] Phase1ReadTypescript.scala:152 Preprocessing TsHelperFile(InFile(/home/tso/tmp/tso-cache/npm/node_modules/@angular/common/src/location/path_location_strategy.d.ts),FromFolder(InFolder(/home/tso/tmp/tso-cache/npm/node_modules/@angular/common),TsIdentLibraryScoped(angular,Some(common))),TsIdentModule(Some(angular),List(common, src, location, path_location_strategy))) [id => @angular/common, phase => typescript] 
[info ] InferredDefaultModule.scala:39 Inferred module TsIdentModule(Some(angular),List(common, src, location, path_location_strategy)) [id => @angular/common, phase => typescript] 
[info ] Phase1ReadTypescript.scala:152 Preprocessing TsHelperFile(InFile(/home/tso/tmp/tso-cache/npm/node_modules/@angular/common/src/location/platform_location.d.ts),FromFolder(InFolder(/home/tso/tmp/tso-cache/npm/node_modules/@angular/common),TsIdentLibraryScoped(angular,Some(common))),TsIdentModule(Some(angular),List(common, src, location, platform_location))) [id => @angular/common, phase => typescript] 
[info ] InferredDefaultModule.scala:39 Inferred module TsIdentModule(Some(angular),List(common, src, location, platform_location)) [id => @angular/common, phase => typescript] 
[info ] Phase1ReadTypescript.scala:152 Preprocessing TsHelperFile(InFile(/home/tso/tmp/tso-cache/npm/node_modules/@angular/common/src/pipes/async_pipe.d.ts),FromFolder(InFolder(/home/tso/tmp/tso-cache/npm/node_modules/@angular/common),TsIdentLibraryScoped(angular,Some(common))),TsIdentModule(Some(angular),List(common, src, pipes, async_pipe))) [id => @angular/common, phase => typescript] 
[info ] InferredDefaultModule.scala:39 Inferred module TsIdentModule(Some(angular),List(common, src, pipes, async_pipe)) [id => @angular/common, phase => typescript] 
[info ] Phase1ReadTypescript.scala:152 Preprocessing TsHelperFile(InFile(/home/tso/tmp/tso-cache/npm/node_modules/@angular/common/src/pipes/case_conversion_pipes.d.ts),FromFolder(InFolder(/home/tso/tmp/tso-cache/npm/node_modules/@angular/common),TsIdentLibraryScoped(angular,Some(common))),TsIdentModule(Some(angular),List(common, src, pipes, case_conversion_pipes))) [id => @angular/common, phase => typescript] 
[info ] InferredDefaultModule.scala:39 Inferred module TsIdentModule(Some(angular),List(common, src, pipes, case_conversion_pipes)) [id => @angular/common, phase => typescript] 
[info ] Phase1ReadTypescript.scala:152 Preprocessing TsHelperFile(InFile(/home/tso/tmp/tso-cache/npm/node_modules/@angular/common/src/pipes/date_pipe.d.ts),FromFolder(InFolder(/home/tso/tmp/tso-cache/npm/node_modules/@angular/common),TsIdentLibraryScoped(angular,Some(common))),TsIdentModule(Some(angular),List(common, src, pipes, date_pipe))) [id => @angular/common, phase => typescript] 
[info ] InferredDefaultModule.scala:39 Inferred module TsIdentModule(Some(angular),List(common, src, pipes, date_pipe)) [id => @angular/common, phase => typescript] 
[info ] Phase1ReadTypescript.scala:152 Preprocessing TsHelperFile(InFile(/home/tso/tmp/tso-cache/npm/node_modules/@angular/common/src/pipes/i18n_plural_pipe.d.ts),FromFolder(InFolder(/home/tso/tmp/tso-cache/npm/node_modules/@angular/common),TsIdentLibraryScoped(angular,Some(common))),TsIdentModule(Some(angular),List(common, src, pipes, i18n_plural_pipe))) [id => @angular/common, phase => typescript] 
[info ] InferredDefaultModule.scala:39 Inferred module TsIdentModule(Some(angular),List(common, src, pipes, i18n_plural_pipe)) [id => @angular/common, phase => typescript] 
[info ] Phase1ReadTypescript.scala:152 Preprocessing TsHelperFile(InFile(/home/tso/tmp/tso-cache/npm/node_modules/@angular/common/src/pipes/i18n_select_pipe.d.ts),FromFolder(InFolder(/home/tso/tmp/tso-cache/npm/node_modules/@angular/common),TsIdentLibraryScoped(angular,Some(common))),TsIdentModule(Some(angular),List(common, src, pipes, i18n_select_pipe))) [id => @angular/common, phase => typescript] 
[info ] InferredDefaultModule.scala:39 Inferred module TsIdentModule(Some(angular),List(common, src, pipes, i18n_select_pipe)) [id => @angular/common, phase => typescript] 
[info ] Phase1ReadTypescript.scala:152 Preprocessing TsHelperFile(InFile(/home/tso/tmp/tso-cache/npm/node_modules/@angular/common/src/pipes/index.d.ts),FromFolder(InFolder(/home/tso/tmp/tso-cache/npm/node_modules/@angular/common),TsIdentLibraryScoped(angular,Some(common))),TsIdentModule(Some(angular),List(common, src, pipes))) [id => @angular/common, phase => typescript] 
[info ] InferredDefaultModule.scala:39 Inferred module TsIdentModule(Some(angular),List(common, src, pipes)) [id => @angular/common, phase => typescript] 
[info ] Phase1ReadTypescript.scala:152 Preprocessing TsHelperFile(InFile(/home/tso/tmp/tso-cache/npm/node_modules/@angular/common/src/pipes/json_pipe.d.ts),FromFolder(InFolder(/home/tso/tmp/tso-cache/npm/node_modules/@angular/common),TsIdentLibraryScoped(angular,Some(common))),TsIdentModule(Some(angular),List(common, src, pipes, json_pipe))) [id => @angular/common, phase => typescript] 
[info ] InferredDefaultModule.scala:39 Inferred module TsIdentModule(Some(angular),List(common, src, pipes, json_pipe)) [id => @angular/common, phase => typescript] 
[info ] Phase1ReadTypescript.scala:152 Preprocessing TsHelperFile(InFile(/home/tso/tmp/tso-cache/npm/node_modules/@angular/common/src/pipes/keyvalue_pipe.d.ts),FromFolder(InFolder(/home/tso/tmp/tso-cache/npm/node_modules/@angular/common),TsIdentLibraryScoped(angular,Some(common))),TsIdentModule(Some(angular),List(common, src, pipes, keyvalue_pipe))) [id => @angular/common, phase => typescript] 
[info ] InferredDefaultModule.scala:39 Inferred module TsIdentModule(Some(angular),List(common, src, pipes, keyvalue_pipe)) [id => @angular/common, phase => typescript] 
[info ] Phase1ReadTypescript.scala:152 Preprocessing TsHelperFile(InFile(/home/tso/tmp/tso-cache/npm/node_modules/@angular/common/src/pipes/number_pipe.d.ts),FromFolder(InFolder(/home/tso/tmp/tso-cache/npm/node_modules/@angular/common),TsIdentLibraryScoped(angular,Some(common))),TsIdentModule(Some(angular),List(common, src, pipes, number_pipe))) [id => @angular/common, phase => typescript] 
[info ] InferredDefaultModule.scala:39 Inferred module TsIdentModule(Some(angular),List(common, src, pipes, number_pipe)) [id => @angular/common, phase => typescript] 
[info ] Phase1ReadTypescript.scala:152 Preprocessing TsHelperFile(InFile(/home/tso/tmp/tso-cache/npm/node_modules/@angular/common/src/pipes/slice_pipe.d.ts),FromFolder(InFolder(/home/tso/tmp/tso-cache/npm/node_modules/@angular/common),TsIdentLibraryScoped(angular,Some(common))),TsIdentModule(Some(angular),List(common, src, pipes, slice_pipe))) [id => @angular/common, phase => typescript] 
[info ] InferredDefaultModule.scala:39 Inferred module TsIdentModule(Some(angular),List(common, src, pipes, slice_pipe)) [id => @angular/common, phase => typescript] 
[info ] Phase1ReadTypescript.scala:152 Preprocessing TsHelperFile(InFile(/home/tso/tmp/tso-cache/npm/node_modules/@angular/common/src/pipes/deprecated/date_pipe.d.ts),FromFolder(InFolder(/home/tso/tmp/tso-cache/npm/node_modules/@angular/common),TsIdentLibraryScoped(angular,Some(common))),TsIdentModule(Some(angular),List(common, src, pipes, deprecated, date_pipe))) [id => @angular/common, phase => typescript] 
[info ] InferredDefaultModule.scala:39 Inferred module TsIdentModule(Some(angular),List(common, src, pipes, deprecated, date_pipe)) [id => @angular/common, phase => typescript] 
[info ] Phase1ReadTypescript.scala:152 Preprocessing TsHelperFile(InFile(/home/tso/tmp/tso-cache/npm/node_modules/@angular/common/src/pipes/deprecated/index.d.ts),FromFolder(InFolder(/home/tso/tmp/tso-cache/npm/node_modules/@angular/common),TsIdentLibraryScoped(angular,Some(common))),TsIdentModule(Some(angular),List(common, src, pipes, deprecated))) [id => @angular/common, phase => typescript] 
[info ] InferredDefaultModule.scala:39 Inferred module TsIdentModule(Some(angular),List(common, src, pipes, deprecated)) [id => @angular/common, phase => typescript] 
[info ] Phase1ReadTypescript.scala:152 Preprocessing TsHelperFile(InFile(/home/tso/tmp/tso-cache/npm/node_modules/@angular/common/src/pipes/deprecated/number_pipe.d.ts),FromFolder(InFolder(/home/tso/tmp/tso-cache/npm/node_modules/@angular/common),TsIdentLibraryScoped(angular,Some(common))),TsIdentModule(Some(angular),List(common, src, pipes, deprecated, number_pipe))) [id => @angular/common, phase => typescript] 
[info ] InferredDefaultModule.scala:39 Inferred module TsIdentModule(Some(angular),List(common, src, pipes, deprecated, number_pipe)) [id => @angular/common, phase => typescript] 
[warn ] Phase1ReadTypescript.scala:190 Processing TsIdentLibraryScoped(angular,Some(common)) [id => @angular/common, phase => typescript] 
[info ] ResolveTypeQueries.scala:94 Resolved TsTypeQuery(TsQIdent(List(TsIdentLibraryScoped(angular,Some(common)), TsIdentModule(Some(angular),List(common, src, pipes, async_pipe)), TsIdentSimple(AsyncPipe)))) [id => @angular/common, phase => typescript, scope => TreeScope(TsParsedFile() / TsDeclModule(@angular/common/src/pipes) / TsExport() / TsExporteeTree() / TsDeclVar(COMMON_PIPES) / TsTypeRef() / TsTypeUnion() / TsTypeQuery())] 
[info ] ResolveTypeQueries.scala:94 Resolved TsTypeQuery(TsQIdent(List(TsIdentLibraryScoped(angular,Some(common)), TsIdentModule(Some(angular),List(common, src, pipes, slice_pipe)), TsIdentSimple(SlicePipe)))) [id => @angular/common, phase => typescript, scope => TreeScope(TsParsedFile() / TsDeclModule(@angular/common/src/pipes) / TsExport() / TsExporteeTree() / TsDeclVar(COMMON_PIPES) / TsTypeRef() / TsTypeUnion() / TsTypeQuery())] 
[info ] ResolveTypeQueries.scala:94 Resolved TsTypeQuery(TsQIdent(List(TsIdentLibraryScoped(angular,Some(common)), TsIdentModule(Some(angular),List(common, src, pipes, number_pipe)), TsIdentSimple(DecimalPipe)))) [id => @angular/common, phase => typescript, scope => TreeScope(TsParsedFile() / TsDeclModule(@angular/common/src/pipes) / TsExport() / TsExporteeTree() / TsDeclVar(COMMON_PIPES) / TsTypeRef() / TsTypeUnion() / TsTypeQuery())] 
[info ] ResolveTypeQueries.scala:94 Resolved TsTypeQuery(TsQIdent(List(TsIdentLibraryScoped(angular,Some(common)), TsIdentModule(Some(angular),List(common, src, pipes, number_pipe)), TsIdentSimple(PercentPipe)))) [id => @angular/common, phase => typescript, scope => TreeScope(TsParsedFile() / TsDeclModule(@angular/common/src/pipes) / TsExport() / TsExporteeTree() / TsDeclVar(COMMON_PIPES) / TsTypeRef() / TsTypeUnion() / TsTypeQuery())] 
[info ] ResolveTypeQueries.scala:94 Resolved TsTypeQuery(TsQIdent(List(TsIdentLibraryScoped(angular,Some(common)), TsIdentModule(Some(angular),List(common, src, pipes, number_pipe)), TsIdentSimple(CurrencyPipe)))) [id => @angular/common, phase => typescript, scope => TreeScope(TsParsedFile() / TsDeclModule(@angular/common/src/pipes) / TsExport() / TsExporteeTree() / TsDeclVar(COMMON_PIPES) / TsTypeRef() / TsTypeUnion() / TsTypeQuery())] 
[info ] ResolveTypeQueries.scala:94 Resolved TsTypeQuery(TsQIdent(List(TsIdentLibraryScoped(angular,Some(common)), TsIdentModule(Some(angular),List(common, src, pipes, date_pipe)), TsIdentSimple(DatePipe)))) [id => @angular/common, phase => typescript, scope => TreeScope(TsParsedFile() / TsDeclModule(@angular/common/src/pipes) / TsExport() / TsExporteeTree() / TsDeclVar(COMMON_PIPES) / TsTypeRef() / TsTypeUnion() / TsTypeQuery())] 
[info ] ResolveTypeQueries.scala:94 Resolved TsTypeQuery(TsQIdent(List(TsIdentLibraryScoped(angular,Some(common)), TsIdentModule(Some(angular),List(common, src, pipes, i18n_plural_pipe)), TsIdentSimple(I18nPluralPipe)))) [id => @angular/common, phase => typescript, scope => TreeScope(TsParsedFile() / TsDeclModule(@angular/common/src/pipes) / TsExport() / TsExporteeTree() / TsDeclVar(COMMON_PIPES) / TsTypeRef() / TsTypeUnion() / TsTypeQuery())] 
[info ] ResolveTypeQueries.scala:94 Resolved TsTypeQuery(TsQIdent(List(TsIdentLibraryScoped(angular,Some(common)), TsIdentModule(Some(angular),List(common, src, pipes, i18n_select_pipe)), TsIdentSimple(I18nSelectPipe)))) [id => @angular/common, phase => typescript, scope => TreeScope(TsParsedFile() / TsDeclModule(@angular/common/src/pipes) / TsExport() / TsExporteeTree() / TsDeclVar(COMMON_PIPES) / TsTypeRef() / TsTypeUnion() / TsTypeQuery())] 
[info ] ResolveTypeQueries.scala:94 Resolved TsTypeQuery(TsQIdent(List(TsIdentLibraryScoped(angular,Some(common)), TsIdentModule(Some(angular),List(common, src, pipes, keyvalue_pipe)), TsIdentSimple(KeyValuePipe)))) [id => @angular/common, phase => typescript, scope => TreeScope(TsParsedFile() / TsDeclModule(@angular/common/src/pipes) / TsExport() / TsExporteeTree() / TsDeclVar(COMMON_PIPES) / TsTypeRef() / TsTypeUnion() / TsTypeQuery())] 
[info ] ExpandCallables.scala:57 Expanded ngForTrackBy into 1 methods [id => @angular/common, phase => typescript, scope => TreeScope(TsParsedFile() / TsDeclModule(@angular/common/src/directives/ng_for_of) / TsDeclClass(NgForOf))] 
[info ] PreferTypeAlias.scala:118 Simplified to function type alias [id => @angular/common, phase => typescript, scope => TreeScope(TsParsedFile() / TsDeclModule(@angular/common/src/location/platform_location) / TsDeclInterface(LocationChangeListener))] 
[debug] DefaultedTParams.scala:29 Defaulting type parameter TsIdentSimple(T) at TreeScope(TsParsedFile() / TsDeclModule(@angular/common) / TsDeclClass(NgClass) / TsMemberFunction(constructor) / TsFunSig() / TsFunParam() / TsTypeRef()) [id => @angular/common, phase => typescript, scope => TreeScope(TsParsedFile() / TsDeclModule(@angular/common) / TsDeclClass(NgClass) / TsMemberFunction(constructor) / TsFunSig() / TsFunParam() / TsTypeRef())] 
[debug] DefaultedTParams.scala:29 Defaulting type parameter TsIdentSimple(T) at TreeScope(TsParsedFile() / TsDeclModule(@angular/common) / TsDeclClass(NgStyle) / TsMemberFunction(constructor) / TsFunSig() / TsFunParam() / TsTypeRef()) [id => @angular/common, phase => typescript, scope => TreeScope(TsParsedFile() / TsDeclModule(@angular/common) / TsDeclClass(NgStyle) / TsMemberFunction(constructor) / TsFunSig() / TsFunParam() / TsTypeRef())] 
[debug] DefaultedTParams.scala:29 Defaulting type parameter TsIdentSimple(T) at TreeScope(TsParsedFile() / TsDeclModule(@angular/common/public_api) / TsDeclClass(NgClass) / TsMemberFunction(constructor) / TsFunSig() / TsFunParam() / TsTypeRef()) [id => @angular/common, phase => typescript, scope => TreeScope(TsParsedFile() / TsDeclModule(@angular/common/public_api) / TsDeclClass(NgClass) / TsMemberFunction(constructor) / TsFunSig() / TsFunParam() / TsTypeRef())] 
[debug] DefaultedTParams.scala:29 Defaulting type parameter TsIdentSimple(T) at TreeScope(TsParsedFile() / TsDeclModule(@angular/common/public_api) / TsDeclClass(NgStyle) / TsMemberFunction(constructor) / TsFunSig() / TsFunParam() / TsTypeRef()) [id => @angular/common, phase => typescript, scope => TreeScope(TsParsedFile() / TsDeclModule(@angular/common/public_api) / TsDeclClass(NgStyle) / TsMemberFunction(constructor) / TsFunSig() / TsFunParam() / TsTypeRef())] 
[debug] DefaultedTParams.scala:29 Defaulting type parameter TsIdentSimple(T) at TreeScope(TsParsedFile() / TsDeclModule(@angular/common/src/common) / TsDeclClass(NgClass) / TsMemberFunction(constructor) / TsFunSig() / TsFunParam() / TsTypeRef()) [id => @angular/common, phase => typescript, scope => TreeScope(TsParsedFile() / TsDeclModule(@angular/common/src/common) / TsDeclClass(NgClass) / TsMemberFunction(constructor) / TsFunSig() / TsFunParam() / TsTypeRef())] 
[debug] DefaultedTParams.scala:29 Defaulting type parameter TsIdentSimple(T) at TreeScope(TsParsedFile() / TsDeclModule(@angular/common/src/common) / TsDeclClass(NgStyle) / TsMemberFunction(constructor) / TsFunSig() / TsFunParam() / TsTypeRef()) [id => @angular/common, phase => typescript, scope => TreeScope(TsParsedFile() / TsDeclModule(@angular/common/src/common) / TsDeclClass(NgStyle) / TsMemberFunction(constructor) / TsFunSig() / TsFunParam() / TsTypeRef())] 
[debug] DefaultedTParams.scala:29 Defaulting type parameter TsIdentSimple(T) at TreeScope(TsParsedFile() / TsDeclModule(@angular/common/src/directives) / TsDeclClass(NgClass) / TsMemberFunction(constructor) / TsFunSig() / TsFunParam() / TsTypeRef()) [id => @angular/common, phase => typescript, scope => TreeScope(TsParsedFile() / TsDeclModule(@angular/common/src/directives) / TsDeclClass(NgClass) / TsMemberFunction(constructor) / TsFunSig() / TsFunParam() / TsTypeRef())] 
[debug] DefaultedTParams.scala:29 Defaulting type parameter TsIdentSimple(T) at TreeScope(TsParsedFile() / TsDeclModule(@angular/common/src/directives) / TsDeclClass(NgStyle) / TsMemberFunction(constructor) / TsFunSig() / TsFunParam() / TsTypeRef()) [id => @angular/common, phase => typescript, scope => TreeScope(TsParsedFile() / TsDeclModule(@angular/common/src/directives) / TsDeclClass(NgStyle) / TsMemberFunction(constructor) / TsFunSig() / TsFunParam() / TsTypeRef())] 
[debug] DefaultedTParams.scala:29 Defaulting type parameter TsIdentSimple(T) at TreeScope(TsParsedFile() / TsDeclModule(@angular/common/src/directives/ng_class) / TsDeclClass(NgClass) / TsMemberFunction(constructor) / TsFunSig() / TsFunParam() / TsTypeRef()) [id => @angular/common, phase => typescript, scope => TreeScope(TsParsedFile() / TsDeclModule(@angular/common/src/directives/ng_class) / TsDeclClass(NgClass) / TsMemberFunction(constructor) / TsFunSig() / TsFunParam() / TsTypeRef())] 
[debug] DefaultedTParams.scala:29 Defaulting type parameter TsIdentSimple(T) at TreeScope(TsParsedFile() / TsDeclModule(@angular/common/src/directives/ng_style) / TsDeclClass(NgStyle) / TsMemberFunction(constructor) / TsFunSig() / TsFunParam() / TsTypeRef()) [id => @angular/common, phase => typescript, scope => TreeScope(TsParsedFile() / TsDeclModule(@angular/common/src/directives/ng_style) / TsDeclClass(NgStyle) / TsMemberFunction(constructor) / TsFunSig() / TsFunParam() / TsTypeRef())] 
[debug] PhaseRunner.scala:78 Success [id => @angular/common, phase => typescript] 
[warn ] Phase2ToScalaJs.scala:34 Processing TsIdentLibraryScoped(angular,Some(common)) [id => @angular/common, phase => scala.js] 
[info ] CompleteClass.scala:60 Completed implementations Vector(ngDoCheck) [id => @angular/common, phase => scala.js, this => Name(atAngularCommonLib) / Name(srcDirectivesNgUnderscoreClassMod) / Name(NgClass)] 
[info ] CompleteClass.scala:60 Completed implementations Vector(ngOnChanges, ngOnDestroy) [id => @angular/common, phase => scala.js, this => Name(atAngularCommonLib) / Name(srcDirectivesNgUnderscoreComponentUnderscoreOutletMod) / Name(NgComponentOutlet)] 
[info ] CompleteClass.scala:60 Completed implementations Vector(ngDoCheck) [id => @angular/common, phase => scala.js, this => Name(atAngularCommonLib) / Name(srcDirectivesNgUnderscoreForUnderscoreOfMod) / Name(NgForOf)] 
[info ] CompleteClass.scala:60 Completed implementations Vector(ngDoCheck) [id => @angular/common, phase => scala.js, this => Name(atAngularCommonLib) / Name(srcDirectivesNgUnderscoreStyleMod) / Name(NgStyle)] 
[info ] CompleteClass.scala:60 Completed implementations Vector(ngDoCheck) [id => @angular/common, phase => scala.js, this => Name(atAngularCommonLib) / Name(srcDirectivesNgUnderscoreSwitchMod) / Name(NgSwitchCase)] 
[info ] CompleteClass.scala:60 Completed implementations Vector(ngOnChanges) [id => @angular/common, phase => scala.js, this => Name(atAngularCommonLib) / Name(srcDirectivesNgUnderscoreTemplateUnderscoreOutletMod) / Name(NgTemplateOutlet)] 
[info ] CompleteClass.scala:60 Completed implementations Vector(ngOnDestroy, transform) [id => @angular/common, phase => scala.js, this => Name(atAngularCommonLib) / Name(srcPipesAsyncUnderscorePipeMod) / Name(AsyncPipe)] 
[info ] CompleteClass.scala:60 Completed implementations Vector(transform) [id => @angular/common, phase => scala.js, this => Name(atAngularCommonLib) / Name(srcPipesCaseUnderscoreConversionUnderscorePipesMod) / Name(LowerCasePipe)] 
[info ] CompleteClass.scala:60 Completed implementations Vector(transform) [id => @angular/common, phase => scala.js, this => Name(atAngularCommonLib) / Name(srcPipesCaseUnderscoreConversionUnderscorePipesMod) / Name(TitleCasePipe)] 
[info ] CompleteClass.scala:60 Completed implementations Vector(transform) [id => @angular/common, phase => scala.js, this => Name(atAngularCommonLib) / Name(srcPipesCaseUnderscoreConversionUnderscorePipesMod) / Name(UpperCasePipe)] 
[info ] CompleteClass.scala:60 Completed implementations Vector(transform) [id => @angular/common, phase => scala.js, this => Name(atAngularCommonLib) / Name(srcPipesDateUnderscorePipeMod) / Name(DatePipe)] 
[info ] CompleteClass.scala:60 Completed implementations Vector(transform) [id => @angular/common, phase => scala.js, this => Name(atAngularCommonLib) / Name(srcPipesDeprecatedDateUnderscorePipeMod) / Name(DeprecatedDatePipe)] 
[info ] CompleteClass.scala:60 Completed implementations Vector(transform) [id => @angular/common, phase => scala.js, this => Name(atAngularCommonLib) / Name(srcPipesDeprecatedNumberUnderscorePipeMod) / Name(DeprecatedCurrencyPipe)] 
[info ] CompleteClass.scala:60 Completed implementations Vector(transform) [id => @angular/common, phase => scala.js, this => Name(atAngularCommonLib) / Name(srcPipesDeprecatedNumberUnderscorePipeMod) / Name(DeprecatedDecimalPipe)] 
[info ] CompleteClass.scala:60 Completed implementations Vector(transform) [id => @angular/common, phase => scala.js, this => Name(atAngularCommonLib) / Name(srcPipesDeprecatedNumberUnderscorePipeMod) / Name(DeprecatedPercentPipe)] 
[info ] CompleteClass.scala:60 Completed implementations Vector(transform) [id => @angular/common, phase => scala.js, this => Name(atAngularCommonLib) / Name(srcPipesI18nUnderscorePluralUnderscorePipeMod) / Name(I18nPluralPipe)] 
[info ] CompleteClass.scala:60 Completed implementations Vector(transform) [id => @angular/common, phase => scala.js, this => Name(atAngularCommonLib) / Name(srcPipesI18nUnderscoreSelectUnderscorePipeMod) / Name(I18nSelectPipe)] 
[info ] CompleteClass.scala:60 Completed implementations Vector(transform) [id => @angular/common, phase => scala.js, this => Name(atAngularCommonLib) / Name(srcPipesJsonUnderscorePipeMod) / Name(JsonPipe)] 
[info ] CompleteClass.scala:60 Completed implementations Vector(transform) [id => @angular/common, phase => scala.js, this => Name(atAngularCommonLib) / Name(srcPipesKeyvalueUnderscorePipeMod) / Name(KeyValuePipe)] 
[info ] CompleteClass.scala:60 Completed implementations Vector(transform) [id => @angular/common, phase => scala.js, this => Name(atAngularCommonLib) / Name(srcPipesNumberUnderscorePipeMod) / Name(CurrencyPipe)] 
[info ] CompleteClass.scala:60 Completed implementations Vector(transform) [id => @angular/common, phase => scala.js, this => Name(atAngularCommonLib) / Name(srcPipesNumberUnderscorePipeMod) / Name(DecimalPipe)] 
[info ] CompleteClass.scala:60 Completed implementations Vector(transform) [id => @angular/common, phase => scala.js, this => Name(atAngularCommonLib) / Name(srcPipesNumberUnderscorePipeMod) / Name(PercentPipe)] 
[info ] CompleteClass.scala:60 Completed implementations Vector(transform) [id => @angular/common, phase => scala.js, this => Name(atAngularCommonLib) / Name(srcPipesSliceUnderscorePipeMod) / Name(SlicePipe)] 
[debug] PhaseRunner.scala:78 Success [id => @angular/common, phase => scala.js] 
[warn ] PhaseRunner.scala:64 Failed because of, [node => Compilation failed] [id => @angular/common, phase => build] 
[debug] PhaseRunner.scala:82 Failure, [node => Compilation failed] [id => @angular/common, phase => build] 
