[debug] PhaseRunner.scala:86 Ignored [id => @angular/forms, phase => typescript] 
[debug] PhaseRunner.scala:78 Success [id => @angular/forms, phase => typescript] 
[debug] PhaseRunner.scala:78 Success [id => @angular/forms, phase => typescript] 
[debug] PhaseRunner.scala:78 Success [id => @angular/forms, phase => typescript] 
[debug] PhaseRunner.scala:78 Success [id => @angular/forms, phase => typescript] 
[debug] PhaseRunner.scala:78 Success [id => @angular/forms, phase => typescript] 
[debug] PhaseRunner.scala:86 Ignored [id => @angular/forms, phase => typescript] 
[debug] PhaseRunner.scala:86 Ignored [id => @angular/forms, phase => typescript] 
[debug] PhaseRunner.scala:78 Success [id => @angular/forms, phase => typescript] 
[debug] PhaseRunner.scala:78 Success [id => @angular/forms, phase => typescript] 
[debug] PhaseRunner.scala:78 Success [id => @angular/forms, phase => typescript] 
[debug] PhaseRunner.scala:78 Success [id => @angular/forms, phase => typescript] 
[debug] PhaseRunner.scala:78 Success [id => @angular/forms, phase => typescript] 
[debug] PhaseRunner.scala:78 Success [id => @angular/forms, phase => typescript] 
[debug] PhaseRunner.scala:78 Success [id => @angular/forms, phase => typescript] 
[debug] PhaseRunner.scala:78 Success [id => @angular/forms, phase => typescript] 
[debug] PhaseRunner.scala:78 Success [id => @angular/forms, phase => typescript] 
[debug] PhaseRunner.scala:78 Success [id => @angular/forms, phase => typescript] 
[debug] PhaseRunner.scala:78 Success [id => @angular/forms, phase => typescript] 
[debug] PhaseRunner.scala:78 Success [id => @angular/forms, phase => typescript] 
[debug] PhaseRunner.scala:78 Success [id => @angular/forms, phase => typescript] 
[debug] PhaseRunner.scala:78 Success [id => @angular/forms, phase => typescript] 
[debug] PhaseRunner.scala:78 Success [id => @angular/forms, phase => typescript] 
[debug] PhaseRunner.scala:86 Ignored [id => @angular/forms, phase => typescript] 
[debug] PhaseRunner.scala:78 Success [id => @angular/forms, phase => typescript] 
[debug] PhaseRunner.scala:78 Success [id => @angular/forms, phase => typescript] 
[debug] PhaseRunner.scala:78 Success [id => @angular/forms, phase => typescript] 
[debug] PhaseRunner.scala:78 Success [id => @angular/forms, phase => typescript] 
[debug] PhaseRunner.scala:78 Success [id => @angular/forms, phase => typescript] 
[debug] PhaseRunner.scala:78 Success [id => @angular/forms, phase => typescript] 
[debug] PhaseRunner.scala:78 Success [id => @angular/forms, phase => typescript] 
[debug] PhaseRunner.scala:78 Success [id => @angular/forms, phase => typescript] 
[debug] PhaseRunner.scala:78 Success [id => @angular/forms, phase => typescript] 
[debug] PhaseRunner.scala:78 Success [id => @angular/forms, phase => typescript] 
[debug] PhaseRunner.scala:78 Success [id => @angular/forms, phase => typescript] 
[debug] PhaseRunner.scala:78 Success [id => @angular/forms, phase => typescript] 
[debug] PhaseRunner.scala:78 Success [id => @angular/forms, phase => typescript] 
[debug] PhaseRunner.scala:78 Success [id => @angular/forms, phase => typescript] 
[info ] Phase1ReadTypescript.scala:152 Preprocessing TsHelperFile(InFile(/home/tso/tmp/tso-cache/npm/node_modules/@angular/forms/forms.d.ts),FromFolder(InFolder(/home/tso/tmp/tso-cache/npm/node_modules/@angular/forms),TsIdentLibraryScoped(angular,Some(forms))),TsIdentModule(Some(angular),List(forms))) [id => @angular/forms, phase => typescript] 
[info ] InferredDefaultModule.scala:39 Inferred module TsIdentModule(Some(angular),List(forms)) [id => @angular/forms, phase => typescript] 
[info ] Phase1ReadTypescript.scala:152 Preprocessing TsHelperFile(InFile(/home/tso/tmp/tso-cache/npm/node_modules/@angular/forms/index.d.ts),FromFolder(InFolder(/home/tso/tmp/tso-cache/npm/node_modules/@angular/forms),TsIdentLibraryScoped(angular,Some(forms))),TsIdentModule(Some(angular),List(forms))) [id => @angular/forms, phase => typescript] 
[info ] InferredDefaultModule.scala:39 Inferred module TsIdentModule(Some(angular),List(forms)) [id => @angular/forms, phase => typescript] 
[info ] Phase1ReadTypescript.scala:152 Preprocessing TsHelperFile(InFile(/home/tso/tmp/tso-cache/npm/node_modules/@angular/forms/public_api.d.ts),FromFolder(InFolder(/home/tso/tmp/tso-cache/npm/node_modules/@angular/forms),TsIdentLibraryScoped(angular,Some(forms))),TsIdentModule(Some(angular),List(forms, public_api))) [id => @angular/forms, phase => typescript] 
[info ] InferredDefaultModule.scala:39 Inferred module TsIdentModule(Some(angular),List(forms, public_api)) [id => @angular/forms, phase => typescript] 
[info ] Phase1ReadTypescript.scala:152 Preprocessing TsHelperFile(InFile(/home/tso/tmp/tso-cache/npm/node_modules/@angular/forms/src/directives.d.ts),FromFolder(InFolder(/home/tso/tmp/tso-cache/npm/node_modules/@angular/forms),TsIdentLibraryScoped(angular,Some(forms))),TsIdentModule(Some(angular),List(forms, src, directives))) [id => @angular/forms, phase => typescript] 
[info ] InferredDefaultModule.scala:39 Inferred module TsIdentModule(Some(angular),List(forms, src, directives)) [id => @angular/forms, phase => typescript] 
[info ] Phase1ReadTypescript.scala:152 Preprocessing TsHelperFile(InFile(/home/tso/tmp/tso-cache/npm/node_modules/@angular/forms/src/form_builder.d.ts),FromFolder(InFolder(/home/tso/tmp/tso-cache/npm/node_modules/@angular/forms),TsIdentLibraryScoped(angular,Some(forms))),TsIdentModule(Some(angular),List(forms, src, form_builder))) [id => @angular/forms, phase => typescript] 
[info ] InferredDefaultModule.scala:39 Inferred module TsIdentModule(Some(angular),List(forms, src, form_builder)) [id => @angular/forms, phase => typescript] 
[info ] Phase1ReadTypescript.scala:152 Preprocessing TsHelperFile(InFile(/home/tso/tmp/tso-cache/npm/node_modules/@angular/forms/src/form_providers.d.ts),FromFolder(InFolder(/home/tso/tmp/tso-cache/npm/node_modules/@angular/forms),TsIdentLibraryScoped(angular,Some(forms))),TsIdentModule(Some(angular),List(forms, src, form_providers))) [id => @angular/forms, phase => typescript] 
[info ] InferredDefaultModule.scala:39 Inferred module TsIdentModule(Some(angular),List(forms, src, form_providers)) [id => @angular/forms, phase => typescript] 
[info ] Phase1ReadTypescript.scala:152 Preprocessing TsHelperFile(InFile(/home/tso/tmp/tso-cache/npm/node_modules/@angular/forms/src/forms.d.ts),FromFolder(InFolder(/home/tso/tmp/tso-cache/npm/node_modules/@angular/forms),TsIdentLibraryScoped(angular,Some(forms))),TsIdentModule(Some(angular),List(forms, src, forms))) [id => @angular/forms, phase => typescript] 
[info ] InferredDefaultModule.scala:39 Inferred module TsIdentModule(Some(angular),List(forms, src, forms)) [id => @angular/forms, phase => typescript] 
[info ] Phase1ReadTypescript.scala:152 Preprocessing TsHelperFile(InFile(/home/tso/tmp/tso-cache/npm/node_modules/@angular/forms/src/model.d.ts),FromFolder(InFolder(/home/tso/tmp/tso-cache/npm/node_modules/@angular/forms),TsIdentLibraryScoped(angular,Some(forms))),TsIdentModule(Some(angular),List(forms, src, model))) [id => @angular/forms, phase => typescript] 
[info ] InferredDefaultModule.scala:39 Inferred module TsIdentModule(Some(angular),List(forms, src, model)) [id => @angular/forms, phase => typescript] 
[info ] Phase1ReadTypescript.scala:152 Preprocessing TsHelperFile(InFile(/home/tso/tmp/tso-cache/npm/node_modules/@angular/forms/src/validators.d.ts),FromFolder(InFolder(/home/tso/tmp/tso-cache/npm/node_modules/@angular/forms),TsIdentLibraryScoped(angular,Some(forms))),TsIdentModule(Some(angular),List(forms, src, validators))) [id => @angular/forms, phase => typescript] 
[info ] InferredDefaultModule.scala:39 Inferred module TsIdentModule(Some(angular),List(forms, src, validators)) [id => @angular/forms, phase => typescript] 
[info ] Phase1ReadTypescript.scala:152 Preprocessing TsHelperFile(InFile(/home/tso/tmp/tso-cache/npm/node_modules/@angular/forms/src/version.d.ts),FromFolder(InFolder(/home/tso/tmp/tso-cache/npm/node_modules/@angular/forms),TsIdentLibraryScoped(angular,Some(forms))),TsIdentModule(Some(angular),List(forms, src, version))) [id => @angular/forms, phase => typescript] 
[info ] InferredDefaultModule.scala:39 Inferred module TsIdentModule(Some(angular),List(forms, src, version)) [id => @angular/forms, phase => typescript] 
[info ] Phase1ReadTypescript.scala:152 Preprocessing TsHelperFile(InFile(/home/tso/tmp/tso-cache/npm/node_modules/@angular/forms/src/directives/abstract_control_directive.d.ts),FromFolder(InFolder(/home/tso/tmp/tso-cache/npm/node_modules/@angular/forms),TsIdentLibraryScoped(angular,Some(forms))),TsIdentModule(Some(angular),List(forms, src, directives, abstract_control_directive))) [id => @angular/forms, phase => typescript] 
[info ] InferredDefaultModule.scala:39 Inferred module TsIdentModule(Some(angular),List(forms, src, directives, abstract_control_directive)) [id => @angular/forms, phase => typescript] 
[info ] Phase1ReadTypescript.scala:152 Preprocessing TsHelperFile(InFile(/home/tso/tmp/tso-cache/npm/node_modules/@angular/forms/src/directives/abstract_form_group_directive.d.ts),FromFolder(InFolder(/home/tso/tmp/tso-cache/npm/node_modules/@angular/forms),TsIdentLibraryScoped(angular,Some(forms))),TsIdentModule(Some(angular),List(forms, src, directives, abstract_form_group_directive))) [id => @angular/forms, phase => typescript] 
[info ] InferredDefaultModule.scala:39 Inferred module TsIdentModule(Some(angular),List(forms, src, directives, abstract_form_group_directive)) [id => @angular/forms, phase => typescript] 
[info ] Phase1ReadTypescript.scala:152 Preprocessing TsHelperFile(InFile(/home/tso/tmp/tso-cache/npm/node_modules/@angular/forms/src/directives/checkbox_value_accessor.d.ts),FromFolder(InFolder(/home/tso/tmp/tso-cache/npm/node_modules/@angular/forms),TsIdentLibraryScoped(angular,Some(forms))),TsIdentModule(Some(angular),List(forms, src, directives, checkbox_value_accessor))) [id => @angular/forms, phase => typescript] 
[info ] InferredDefaultModule.scala:39 Inferred module TsIdentModule(Some(angular),List(forms, src, directives, checkbox_value_accessor)) [id => @angular/forms, phase => typescript] 
[info ] Phase1ReadTypescript.scala:152 Preprocessing TsHelperFile(InFile(/home/tso/tmp/tso-cache/npm/node_modules/@angular/forms/src/directives/control_container.d.ts),FromFolder(InFolder(/home/tso/tmp/tso-cache/npm/node_modules/@angular/forms),TsIdentLibraryScoped(angular,Some(forms))),TsIdentModule(Some(angular),List(forms, src, directives, control_container))) [id => @angular/forms, phase => typescript] 
[info ] InferredDefaultModule.scala:39 Inferred module TsIdentModule(Some(angular),List(forms, src, directives, control_container)) [id => @angular/forms, phase => typescript] 
[info ] Phase1ReadTypescript.scala:152 Preprocessing TsHelperFile(InFile(/home/tso/tmp/tso-cache/npm/node_modules/@angular/forms/src/directives/control_value_accessor.d.ts),FromFolder(InFolder(/home/tso/tmp/tso-cache/npm/node_modules/@angular/forms),TsIdentLibraryScoped(angular,Some(forms))),TsIdentModule(Some(angular),List(forms, src, directives, control_value_accessor))) [id => @angular/forms, phase => typescript] 
[info ] InferredDefaultModule.scala:39 Inferred module TsIdentModule(Some(angular),List(forms, src, directives, control_value_accessor)) [id => @angular/forms, phase => typescript] 
[info ] Phase1ReadTypescript.scala:152 Preprocessing TsHelperFile(InFile(/home/tso/tmp/tso-cache/npm/node_modules/@angular/forms/src/directives/default_value_accessor.d.ts),FromFolder(InFolder(/home/tso/tmp/tso-cache/npm/node_modules/@angular/forms),TsIdentLibraryScoped(angular,Some(forms))),TsIdentModule(Some(angular),List(forms, src, directives, default_value_accessor))) [id => @angular/forms, phase => typescript] 
[info ] InferredDefaultModule.scala:39 Inferred module TsIdentModule(Some(angular),List(forms, src, directives, default_value_accessor)) [id => @angular/forms, phase => typescript] 
[info ] Phase1ReadTypescript.scala:152 Preprocessing TsHelperFile(InFile(/home/tso/tmp/tso-cache/npm/node_modules/@angular/forms/src/directives/form_interface.d.ts),FromFolder(InFolder(/home/tso/tmp/tso-cache/npm/node_modules/@angular/forms),TsIdentLibraryScoped(angular,Some(forms))),TsIdentModule(Some(angular),List(forms, src, directives, form_interface))) [id => @angular/forms, phase => typescript] 
[info ] InferredDefaultModule.scala:39 Inferred module TsIdentModule(Some(angular),List(forms, src, directives, form_interface)) [id => @angular/forms, phase => typescript] 
[info ] Phase1ReadTypescript.scala:152 Preprocessing TsHelperFile(InFile(/home/tso/tmp/tso-cache/npm/node_modules/@angular/forms/src/directives/ng_control.d.ts),FromFolder(InFolder(/home/tso/tmp/tso-cache/npm/node_modules/@angular/forms),TsIdentLibraryScoped(angular,Some(forms))),TsIdentModule(Some(angular),List(forms, src, directives, ng_control))) [id => @angular/forms, phase => typescript] 
[info ] InferredDefaultModule.scala:39 Inferred module TsIdentModule(Some(angular),List(forms, src, directives, ng_control)) [id => @angular/forms, phase => typescript] 
[info ] Phase1ReadTypescript.scala:152 Preprocessing TsHelperFile(InFile(/home/tso/tmp/tso-cache/npm/node_modules/@angular/forms/src/directives/ng_control_status.d.ts),FromFolder(InFolder(/home/tso/tmp/tso-cache/npm/node_modules/@angular/forms),TsIdentLibraryScoped(angular,Some(forms))),TsIdentModule(Some(angular),List(forms, src, directives, ng_control_status))) [id => @angular/forms, phase => typescript] 
[info ] InferredDefaultModule.scala:39 Inferred module TsIdentModule(Some(angular),List(forms, src, directives, ng_control_status)) [id => @angular/forms, phase => typescript] 
[info ] Phase1ReadTypescript.scala:152 Preprocessing TsHelperFile(InFile(/home/tso/tmp/tso-cache/npm/node_modules/@angular/forms/src/directives/ng_form.d.ts),FromFolder(InFolder(/home/tso/tmp/tso-cache/npm/node_modules/@angular/forms),TsIdentLibraryScoped(angular,Some(forms))),TsIdentModule(Some(angular),List(forms, src, directives, ng_form))) [id => @angular/forms, phase => typescript] 
[info ] InferredDefaultModule.scala:39 Inferred module TsIdentModule(Some(angular),List(forms, src, directives, ng_form)) [id => @angular/forms, phase => typescript] 
[info ] Phase1ReadTypescript.scala:152 Preprocessing TsHelperFile(InFile(/home/tso/tmp/tso-cache/npm/node_modules/@angular/forms/src/directives/ng_form_selector_warning.d.ts),FromFolder(InFolder(/home/tso/tmp/tso-cache/npm/node_modules/@angular/forms),TsIdentLibraryScoped(angular,Some(forms))),TsIdentModule(Some(angular),List(forms, src, directives, ng_form_selector_warning))) [id => @angular/forms, phase => typescript] 
[info ] InferredDefaultModule.scala:39 Inferred module TsIdentModule(Some(angular),List(forms, src, directives, ng_form_selector_warning)) [id => @angular/forms, phase => typescript] 
[info ] Phase1ReadTypescript.scala:152 Preprocessing TsHelperFile(InFile(/home/tso/tmp/tso-cache/npm/node_modules/@angular/forms/src/directives/ng_model.d.ts),FromFolder(InFolder(/home/tso/tmp/tso-cache/npm/node_modules/@angular/forms),TsIdentLibraryScoped(angular,Some(forms))),TsIdentModule(Some(angular),List(forms, src, directives, ng_model))) [id => @angular/forms, phase => typescript] 
[info ] InferredDefaultModule.scala:39 Inferred module TsIdentModule(Some(angular),List(forms, src, directives, ng_model)) [id => @angular/forms, phase => typescript] 
[info ] Phase1ReadTypescript.scala:152 Preprocessing TsHelperFile(InFile(/home/tso/tmp/tso-cache/npm/node_modules/@angular/forms/src/directives/ng_model_group.d.ts),FromFolder(InFolder(/home/tso/tmp/tso-cache/npm/node_modules/@angular/forms),TsIdentLibraryScoped(angular,Some(forms))),TsIdentModule(Some(angular),List(forms, src, directives, ng_model_group))) [id => @angular/forms, phase => typescript] 
[info ] InferredDefaultModule.scala:39 Inferred module TsIdentModule(Some(angular),List(forms, src, directives, ng_model_group)) [id => @angular/forms, phase => typescript] 
[info ] Phase1ReadTypescript.scala:152 Preprocessing TsHelperFile(InFile(/home/tso/tmp/tso-cache/npm/node_modules/@angular/forms/src/directives/ng_no_validate_directive.d.ts),FromFolder(InFolder(/home/tso/tmp/tso-cache/npm/node_modules/@angular/forms),TsIdentLibraryScoped(angular,Some(forms))),TsIdentModule(Some(angular),List(forms, src, directives, ng_no_validate_directive))) [id => @angular/forms, phase => typescript] 
[info ] InferredDefaultModule.scala:39 Inferred module TsIdentModule(Some(angular),List(forms, src, directives, ng_no_validate_directive)) [id => @angular/forms, phase => typescript] 
[info ] Phase1ReadTypescript.scala:152 Preprocessing TsHelperFile(InFile(/home/tso/tmp/tso-cache/npm/node_modules/@angular/forms/src/directives/number_value_accessor.d.ts),FromFolder(InFolder(/home/tso/tmp/tso-cache/npm/node_modules/@angular/forms),TsIdentLibraryScoped(angular,Some(forms))),TsIdentModule(Some(angular),List(forms, src, directives, number_value_accessor))) [id => @angular/forms, phase => typescript] 
[info ] InferredDefaultModule.scala:39 Inferred module TsIdentModule(Some(angular),List(forms, src, directives, number_value_accessor)) [id => @angular/forms, phase => typescript] 
[info ] Phase1ReadTypescript.scala:152 Preprocessing TsHelperFile(InFile(/home/tso/tmp/tso-cache/npm/node_modules/@angular/forms/src/directives/radio_control_value_accessor.d.ts),FromFolder(InFolder(/home/tso/tmp/tso-cache/npm/node_modules/@angular/forms),TsIdentLibraryScoped(angular,Some(forms))),TsIdentModule(Some(angular),List(forms, src, directives, radio_control_value_accessor))) [id => @angular/forms, phase => typescript] 
[info ] InferredDefaultModule.scala:39 Inferred module TsIdentModule(Some(angular),List(forms, src, directives, radio_control_value_accessor)) [id => @angular/forms, phase => typescript] 
[info ] Phase1ReadTypescript.scala:152 Preprocessing TsHelperFile(InFile(/home/tso/tmp/tso-cache/npm/node_modules/@angular/forms/src/directives/range_value_accessor.d.ts),FromFolder(InFolder(/home/tso/tmp/tso-cache/npm/node_modules/@angular/forms),TsIdentLibraryScoped(angular,Some(forms))),TsIdentModule(Some(angular),List(forms, src, directives, range_value_accessor))) [id => @angular/forms, phase => typescript] 
[info ] InferredDefaultModule.scala:39 Inferred module TsIdentModule(Some(angular),List(forms, src, directives, range_value_accessor)) [id => @angular/forms, phase => typescript] 
[info ] Phase1ReadTypescript.scala:152 Preprocessing TsHelperFile(InFile(/home/tso/tmp/tso-cache/npm/node_modules/@angular/forms/src/directives/select_control_value_accessor.d.ts),FromFolder(InFolder(/home/tso/tmp/tso-cache/npm/node_modules/@angular/forms),TsIdentLibraryScoped(angular,Some(forms))),TsIdentModule(Some(angular),List(forms, src, directives, select_control_value_accessor))) [id => @angular/forms, phase => typescript] 
[info ] InferredDefaultModule.scala:39 Inferred module TsIdentModule(Some(angular),List(forms, src, directives, select_control_value_accessor)) [id => @angular/forms, phase => typescript] 
[info ] Phase1ReadTypescript.scala:152 Preprocessing TsHelperFile(InFile(/home/tso/tmp/tso-cache/npm/node_modules/@angular/forms/src/directives/select_multiple_control_value_accessor.d.ts),FromFolder(InFolder(/home/tso/tmp/tso-cache/npm/node_modules/@angular/forms),TsIdentLibraryScoped(angular,Some(forms))),TsIdentModule(Some(angular),List(forms, src, directives, select_multiple_control_value_accessor))) [id => @angular/forms, phase => typescript] 
[info ] InferredDefaultModule.scala:39 Inferred module TsIdentModule(Some(angular),List(forms, src, directives, select_multiple_control_value_accessor)) [id => @angular/forms, phase => typescript] 
[info ] Phase1ReadTypescript.scala:152 Preprocessing TsHelperFile(InFile(/home/tso/tmp/tso-cache/npm/node_modules/@angular/forms/src/directives/validators.d.ts),FromFolder(InFolder(/home/tso/tmp/tso-cache/npm/node_modules/@angular/forms),TsIdentLibraryScoped(angular,Some(forms))),TsIdentModule(Some(angular),List(forms, src, directives, validators))) [id => @angular/forms, phase => typescript] 
[info ] InferredDefaultModule.scala:39 Inferred module TsIdentModule(Some(angular),List(forms, src, directives, validators)) [id => @angular/forms, phase => typescript] 
[info ] Phase1ReadTypescript.scala:152 Preprocessing TsHelperFile(InFile(/home/tso/tmp/tso-cache/npm/node_modules/@angular/forms/src/directives/reactive_directives/form_control_directive.d.ts),FromFolder(InFolder(/home/tso/tmp/tso-cache/npm/node_modules/@angular/forms),TsIdentLibraryScoped(angular,Some(forms))),TsIdentModule(Some(angular),List(forms, src, directives, reactive_directives, form_control_directive))) [id => @angular/forms, phase => typescript] 
[info ] InferredDefaultModule.scala:39 Inferred module TsIdentModule(Some(angular),List(forms, src, directives, reactive_directives, form_control_directive)) [id => @angular/forms, phase => typescript] 
[info ] Phase1ReadTypescript.scala:152 Preprocessing TsHelperFile(InFile(/home/tso/tmp/tso-cache/npm/node_modules/@angular/forms/src/directives/reactive_directives/form_control_name.d.ts),FromFolder(InFolder(/home/tso/tmp/tso-cache/npm/node_modules/@angular/forms),TsIdentLibraryScoped(angular,Some(forms))),TsIdentModule(Some(angular),List(forms, src, directives, reactive_directives, form_control_name))) [id => @angular/forms, phase => typescript] 
[info ] InferredDefaultModule.scala:39 Inferred module TsIdentModule(Some(angular),List(forms, src, directives, reactive_directives, form_control_name)) [id => @angular/forms, phase => typescript] 
[info ] Phase1ReadTypescript.scala:152 Preprocessing TsHelperFile(InFile(/home/tso/tmp/tso-cache/npm/node_modules/@angular/forms/src/directives/reactive_directives/form_group_directive.d.ts),FromFolder(InFolder(/home/tso/tmp/tso-cache/npm/node_modules/@angular/forms),TsIdentLibraryScoped(angular,Some(forms))),TsIdentModule(Some(angular),List(forms, src, directives, reactive_directives, form_group_directive))) [id => @angular/forms, phase => typescript] 
[info ] InferredDefaultModule.scala:39 Inferred module TsIdentModule(Some(angular),List(forms, src, directives, reactive_directives, form_group_directive)) [id => @angular/forms, phase => typescript] 
[info ] Phase1ReadTypescript.scala:152 Preprocessing TsHelperFile(InFile(/home/tso/tmp/tso-cache/npm/node_modules/@angular/forms/src/directives/reactive_directives/form_group_name.d.ts),FromFolder(InFolder(/home/tso/tmp/tso-cache/npm/node_modules/@angular/forms),TsIdentLibraryScoped(angular,Some(forms))),TsIdentModule(Some(angular),List(forms, src, directives, reactive_directives, form_group_name))) [id => @angular/forms, phase => typescript] 
[info ] InferredDefaultModule.scala:39 Inferred module TsIdentModule(Some(angular),List(forms, src, directives, reactive_directives, form_group_name)) [id => @angular/forms, phase => typescript] 
[warn ] Phase1ReadTypescript.scala:190 Processing TsIdentLibraryScoped(angular,Some(forms)) [id => @angular/forms, phase => typescript] 
[info ] PreferTypeAlias.scala:118 Simplified to function type alias [id => @angular/forms, phase => typescript, scope => TreeScope(TsParsedFile() / TsDeclModule(@angular/forms/src/directives/validators) / TsDeclInterface(ValidatorFn))] 
[info ] PreferTypeAlias.scala:118 Simplified to function type alias [id => @angular/forms, phase => typescript, scope => TreeScope(TsParsedFile() / TsDeclModule(@angular/forms/src/directives/validators) / TsDeclInterface(AsyncValidatorFn))] 
[info ] ExpandCallables.scala:57 Expanded asyncValidator into 1 methods [id => @angular/forms, phase => typescript, scope => TreeScope(TsParsedFile() / TsDeclModule(@angular/forms/src/directives/reactive_directives/form_control_name) / TsDeclClass(FormControlName))] 
[debug] DefaultedTParams.scala:29 Defaulting type parameter TsIdentSimple(T) at TreeScope(TsParsedFile() / TsDeclModule(@angular/forms) / TsDeclClass(ɵangular_packages_forms_forms_be) / TsMemberFunction(constructor) / TsFunSig() / TsFunParam() / TsTypeRef()) [id => @angular/forms, phase => typescript, scope => TreeScope(TsParsedFile() / TsDeclModule(@angular/forms) / TsDeclClass(ɵangular_packages_forms_forms_be) / TsMemberFunction(constructor) / TsFunSig() / TsFunParam() / TsTypeRef())] 
[debug] DefaultedTParams.scala:29 Defaulting type parameter TsIdentSimple(T) at TreeScope(TsParsedFile() / TsDeclModule(@angular/forms) / TsDeclClass(ɵangular_packages_forms_forms_bg) / TsMemberFunction(constructor) / TsFunSig() / TsFunParam() / TsTypeRef()) [id => @angular/forms, phase => typescript, scope => TreeScope(TsParsedFile() / TsDeclModule(@angular/forms) / TsDeclClass(ɵangular_packages_forms_forms_bg) / TsMemberFunction(constructor) / TsFunSig() / TsFunParam() / TsTypeRef())] 
[debug] DefaultedTParams.scala:29 Defaulting type parameter TsIdentSimple(T) at TreeScope(TsParsedFile() / TsDeclModule(@angular/forms) / TsDeclClass(ɵangular_packages_forms_forms_s) / TsMemberFunction(constructor) / TsFunSig() / TsFunParam() / TsTypeRef()) [id => @angular/forms, phase => typescript, scope => TreeScope(TsParsedFile() / TsDeclModule(@angular/forms) / TsDeclClass(ɵangular_packages_forms_forms_s) / TsMemberFunction(constructor) / TsFunSig() / TsFunParam() / TsTypeRef())] 
[debug] DefaultedTParams.scala:29 Defaulting type parameter TsIdentSimple(T) at TreeScope(TsParsedFile() / TsDeclModule(@angular/forms) / TsDeclClass(CheckboxControlValueAccessor) / TsMemberFunction(constructor) / TsFunSig() / TsFunParam() / TsTypeRef()) [id => @angular/forms, phase => typescript, scope => TreeScope(TsParsedFile() / TsDeclModule(@angular/forms) / TsDeclClass(CheckboxControlValueAccessor) / TsMemberFunction(constructor) / TsFunSig() / TsFunParam() / TsTypeRef())] 
[debug] DefaultedTParams.scala:29 Defaulting type parameter TsIdentSimple(T) at TreeScope(TsParsedFile() / TsDeclModule(@angular/forms) / TsDeclClass(DefaultValueAccessor) / TsMemberFunction(constructor) / TsFunSig() / TsFunParam() / TsTypeRef()) [id => @angular/forms, phase => typescript, scope => TreeScope(TsParsedFile() / TsDeclModule(@angular/forms) / TsDeclClass(DefaultValueAccessor) / TsMemberFunction(constructor) / TsFunSig() / TsFunParam() / TsTypeRef())] 
[debug] DefaultedTParams.scala:29 Defaulting type parameter TsIdentSimple(T) at TreeScope(TsParsedFile() / TsDeclModule(@angular/forms) / TsDeclClass(RadioControlValueAccessor) / TsMemberFunction(constructor) / TsFunSig() / TsFunParam() / TsTypeRef()) [id => @angular/forms, phase => typescript, scope => TreeScope(TsParsedFile() / TsDeclModule(@angular/forms) / TsDeclClass(RadioControlValueAccessor) / TsMemberFunction(constructor) / TsFunSig() / TsFunParam() / TsTypeRef())] 
[debug] DefaultedTParams.scala:29 Defaulting type parameter TsIdentSimple(T) at TreeScope(TsParsedFile() / TsDeclModule(@angular/forms) / TsDeclClass(NgSelectOption) / TsMemberFunction(constructor) / TsFunSig() / TsFunParam() / TsTypeRef()) [id => @angular/forms, phase => typescript, scope => TreeScope(TsParsedFile() / TsDeclModule(@angular/forms) / TsDeclClass(NgSelectOption) / TsMemberFunction(constructor) / TsFunSig() / TsFunParam() / TsTypeRef())] 
[debug] DefaultedTParams.scala:29 Defaulting type parameter TsIdentSimple(T) at TreeScope(TsParsedFile() / TsDeclModule(@angular/forms) / TsDeclClass(SelectControlValueAccessor) / TsMemberFunction(constructor) / TsFunSig() / TsFunParam() / TsTypeRef()) [id => @angular/forms, phase => typescript, scope => TreeScope(TsParsedFile() / TsDeclModule(@angular/forms) / TsDeclClass(SelectControlValueAccessor) / TsMemberFunction(constructor) / TsFunSig() / TsFunParam() / TsTypeRef())] 
[debug] DefaultedTParams.scala:29 Defaulting type parameter TsIdentSimple(T) at TreeScope(TsParsedFile() / TsDeclModule(@angular/forms) / TsDeclClass(SelectMultipleControlValueAccessor) / TsMemberFunction(constructor) / TsFunSig() / TsFunParam() / TsTypeRef()) [id => @angular/forms, phase => typescript, scope => TreeScope(TsParsedFile() / TsDeclModule(@angular/forms) / TsDeclClass(SelectMultipleControlValueAccessor) / TsMemberFunction(constructor) / TsFunSig() / TsFunParam() / TsTypeRef())] 
[debug] DefaultedTParams.scala:29 Defaulting type parameter TsIdentSimple(T) at TreeScope(TsParsedFile() / TsDeclModule(@angular/forms/public_api) / TsDeclClass(CheckboxControlValueAccessor) / TsMemberFunction(constructor) / TsFunSig() / TsFunParam() / TsTypeRef()) [id => @angular/forms, phase => typescript, scope => TreeScope(TsParsedFile() / TsDeclModule(@angular/forms/public_api) / TsDeclClass(CheckboxControlValueAccessor) / TsMemberFunction(constructor) / TsFunSig() / TsFunParam() / TsTypeRef())] 
[debug] DefaultedTParams.scala:29 Defaulting type parameter TsIdentSimple(T) at TreeScope(TsParsedFile() / TsDeclModule(@angular/forms/public_api) / TsDeclClass(DefaultValueAccessor) / TsMemberFunction(constructor) / TsFunSig() / TsFunParam() / TsTypeRef()) [id => @angular/forms, phase => typescript, scope => TreeScope(TsParsedFile() / TsDeclModule(@angular/forms/public_api) / TsDeclClass(DefaultValueAccessor) / TsMemberFunction(constructor) / TsFunSig() / TsFunParam() / TsTypeRef())] 
[debug] DefaultedTParams.scala:29 Defaulting type parameter TsIdentSimple(T) at TreeScope(TsParsedFile() / TsDeclModule(@angular/forms/public_api) / TsDeclClass(RadioControlValueAccessor) / TsMemberFunction(constructor) / TsFunSig() / TsFunParam() / TsTypeRef()) [id => @angular/forms, phase => typescript, scope => TreeScope(TsParsedFile() / TsDeclModule(@angular/forms/public_api) / TsDeclClass(RadioControlValueAccessor) / TsMemberFunction(constructor) / TsFunSig() / TsFunParam() / TsTypeRef())] 
[debug] DefaultedTParams.scala:29 Defaulting type parameter TsIdentSimple(T) at TreeScope(TsParsedFile() / TsDeclModule(@angular/forms/public_api) / TsDeclClass(NgSelectOption) / TsMemberFunction(constructor) / TsFunSig() / TsFunParam() / TsTypeRef()) [id => @angular/forms, phase => typescript, scope => TreeScope(TsParsedFile() / TsDeclModule(@angular/forms/public_api) / TsDeclClass(NgSelectOption) / TsMemberFunction(constructor) / TsFunSig() / TsFunParam() / TsTypeRef())] 
[debug] DefaultedTParams.scala:29 Defaulting type parameter TsIdentSimple(T) at TreeScope(TsParsedFile() / TsDeclModule(@angular/forms/public_api) / TsDeclClass(SelectControlValueAccessor) / TsMemberFunction(constructor) / TsFunSig() / TsFunParam() / TsTypeRef()) [id => @angular/forms, phase => typescript, scope => TreeScope(TsParsedFile() / TsDeclModule(@angular/forms/public_api) / TsDeclClass(SelectControlValueAccessor) / TsMemberFunction(constructor) / TsFunSig() / TsFunParam() / TsTypeRef())] 
[debug] DefaultedTParams.scala:29 Defaulting type parameter TsIdentSimple(T) at TreeScope(TsParsedFile() / TsDeclModule(@angular/forms/public_api) / TsDeclClass(SelectMultipleControlValueAccessor) / TsMemberFunction(constructor) / TsFunSig() / TsFunParam() / TsTypeRef()) [id => @angular/forms, phase => typescript, scope => TreeScope(TsParsedFile() / TsDeclModule(@angular/forms/public_api) / TsDeclClass(SelectMultipleControlValueAccessor) / TsMemberFunction(constructor) / TsFunSig() / TsFunParam() / TsTypeRef())] 
[debug] DefaultedTParams.scala:29 Defaulting type parameter TsIdentSimple(T) at TreeScope(TsParsedFile() / TsDeclModule(@angular/forms/src/directives) / TsDeclClass(CheckboxControlValueAccessor) / TsMemberFunction(constructor) / TsFunSig() / TsFunParam() / TsTypeRef()) [id => @angular/forms, phase => typescript, scope => TreeScope(TsParsedFile() / TsDeclModule(@angular/forms/src/directives) / TsDeclClass(CheckboxControlValueAccessor) / TsMemberFunction(constructor) / TsFunSig() / TsFunParam() / TsTypeRef())] 
[debug] DefaultedTParams.scala:29 Defaulting type parameter TsIdentSimple(T) at TreeScope(TsParsedFile() / TsDeclModule(@angular/forms/src/directives) / TsDeclClass(DefaultValueAccessor) / TsMemberFunction(constructor) / TsFunSig() / TsFunParam() / TsTypeRef()) [id => @angular/forms, phase => typescript, scope => TreeScope(TsParsedFile() / TsDeclModule(@angular/forms/src/directives) / TsDeclClass(DefaultValueAccessor) / TsMemberFunction(constructor) / TsFunSig() / TsFunParam() / TsTypeRef())] 
[debug] DefaultedTParams.scala:29 Defaulting type parameter TsIdentSimple(T) at TreeScope(TsParsedFile() / TsDeclModule(@angular/forms/src/directives) / TsDeclClass(NumberValueAccessor) / TsMemberFunction(constructor) / TsFunSig() / TsFunParam() / TsTypeRef()) [id => @angular/forms, phase => typescript, scope => TreeScope(TsParsedFile() / TsDeclModule(@angular/forms/src/directives) / TsDeclClass(NumberValueAccessor) / TsMemberFunction(constructor) / TsFunSig() / TsFunParam() / TsTypeRef())] 
[debug] DefaultedTParams.scala:29 Defaulting type parameter TsIdentSimple(T) at TreeScope(TsParsedFile() / TsDeclModule(@angular/forms/src/directives) / TsDeclClass(RadioControlValueAccessor) / TsMemberFunction(constructor) / TsFunSig() / TsFunParam() / TsTypeRef()) [id => @angular/forms, phase => typescript, scope => TreeScope(TsParsedFile() / TsDeclModule(@angular/forms/src/directives) / TsDeclClass(RadioControlValueAccessor) / TsMemberFunction(constructor) / TsFunSig() / TsFunParam() / TsTypeRef())] 
[debug] DefaultedTParams.scala:29 Defaulting type parameter TsIdentSimple(T) at TreeScope(TsParsedFile() / TsDeclModule(@angular/forms/src/directives) / TsDeclClass(RangeValueAccessor) / TsMemberFunction(constructor) / TsFunSig() / TsFunParam() / TsTypeRef()) [id => @angular/forms, phase => typescript, scope => TreeScope(TsParsedFile() / TsDeclModule(@angular/forms/src/directives) / TsDeclClass(RangeValueAccessor) / TsMemberFunction(constructor) / TsFunSig() / TsFunParam() / TsTypeRef())] 
[debug] DefaultedTParams.scala:29 Defaulting type parameter TsIdentSimple(T) at TreeScope(TsParsedFile() / TsDeclModule(@angular/forms/src/directives) / TsDeclClass(NgSelectOption) / TsMemberFunction(constructor) / TsFunSig() / TsFunParam() / TsTypeRef()) [id => @angular/forms, phase => typescript, scope => TreeScope(TsParsedFile() / TsDeclModule(@angular/forms/src/directives) / TsDeclClass(NgSelectOption) / TsMemberFunction(constructor) / TsFunSig() / TsFunParam() / TsTypeRef())] 
[debug] DefaultedTParams.scala:29 Defaulting type parameter TsIdentSimple(T) at TreeScope(TsParsedFile() / TsDeclModule(@angular/forms/src/directives) / TsDeclClass(SelectControlValueAccessor) / TsMemberFunction(constructor) / TsFunSig() / TsFunParam() / TsTypeRef()) [id => @angular/forms, phase => typescript, scope => TreeScope(TsParsedFile() / TsDeclModule(@angular/forms/src/directives) / TsDeclClass(SelectControlValueAccessor) / TsMemberFunction(constructor) / TsFunSig() / TsFunParam() / TsTypeRef())] 
[debug] DefaultedTParams.scala:29 Defaulting type parameter TsIdentSimple(T) at TreeScope(TsParsedFile() / TsDeclModule(@angular/forms/src/directives) / TsDeclClass(NgSelectMultipleOption) / TsMemberFunction(constructor) / TsFunSig() / TsFunParam() / TsTypeRef()) [id => @angular/forms, phase => typescript, scope => TreeScope(TsParsedFile() / TsDeclModule(@angular/forms/src/directives) / TsDeclClass(NgSelectMultipleOption) / TsMemberFunction(constructor) / TsFunSig() / TsFunParam() / TsTypeRef())] 
[debug] DefaultedTParams.scala:29 Defaulting type parameter TsIdentSimple(T) at TreeScope(TsParsedFile() / TsDeclModule(@angular/forms/src/directives) / TsDeclClass(SelectMultipleControlValueAccessor) / TsMemberFunction(constructor) / TsFunSig() / TsFunParam() / TsTypeRef()) [id => @angular/forms, phase => typescript, scope => TreeScope(TsParsedFile() / TsDeclModule(@angular/forms/src/directives) / TsDeclClass(SelectMultipleControlValueAccessor) / TsMemberFunction(constructor) / TsFunSig() / TsFunParam() / TsTypeRef())] 
[debug] DefaultedTParams.scala:29 Defaulting type parameter TsIdentSimple(T) at TreeScope(TsParsedFile() / TsDeclModule(@angular/forms/src/forms) / TsDeclClass(CheckboxControlValueAccessor) / TsMemberFunction(constructor) / TsFunSig() / TsFunParam() / TsTypeRef()) [id => @angular/forms, phase => typescript, scope => TreeScope(TsParsedFile() / TsDeclModule(@angular/forms/src/forms) / TsDeclClass(CheckboxControlValueAccessor) / TsMemberFunction(constructor) / TsFunSig() / TsFunParam() / TsTypeRef())] 
[debug] DefaultedTParams.scala:29 Defaulting type parameter TsIdentSimple(T) at TreeScope(TsParsedFile() / TsDeclModule(@angular/forms/src/forms) / TsDeclClass(DefaultValueAccessor) / TsMemberFunction(constructor) / TsFunSig() / TsFunParam() / TsTypeRef()) [id => @angular/forms, phase => typescript, scope => TreeScope(TsParsedFile() / TsDeclModule(@angular/forms/src/forms) / TsDeclClass(DefaultValueAccessor) / TsMemberFunction(constructor) / TsFunSig() / TsFunParam() / TsTypeRef())] 
[debug] DefaultedTParams.scala:29 Defaulting type parameter TsIdentSimple(T) at TreeScope(TsParsedFile() / TsDeclModule(@angular/forms/src/forms) / TsDeclClass(RadioControlValueAccessor) / TsMemberFunction(constructor) / TsFunSig() / TsFunParam() / TsTypeRef()) [id => @angular/forms, phase => typescript, scope => TreeScope(TsParsedFile() / TsDeclModule(@angular/forms/src/forms) / TsDeclClass(RadioControlValueAccessor) / TsMemberFunction(constructor) / TsFunSig() / TsFunParam() / TsTypeRef())] 
[debug] DefaultedTParams.scala:29 Defaulting type parameter TsIdentSimple(T) at TreeScope(TsParsedFile() / TsDeclModule(@angular/forms/src/forms) / TsDeclClass(NgSelectOption) / TsMemberFunction(constructor) / TsFunSig() / TsFunParam() / TsTypeRef()) [id => @angular/forms, phase => typescript, scope => TreeScope(TsParsedFile() / TsDeclModule(@angular/forms/src/forms) / TsDeclClass(NgSelectOption) / TsMemberFunction(constructor) / TsFunSig() / TsFunParam() / TsTypeRef())] 
[debug] DefaultedTParams.scala:29 Defaulting type parameter TsIdentSimple(T) at TreeScope(TsParsedFile() / TsDeclModule(@angular/forms/src/forms) / TsDeclClass(SelectControlValueAccessor) / TsMemberFunction(constructor) / TsFunSig() / TsFunParam() / TsTypeRef()) [id => @angular/forms, phase => typescript, scope => TreeScope(TsParsedFile() / TsDeclModule(@angular/forms/src/forms) / TsDeclClass(SelectControlValueAccessor) / TsMemberFunction(constructor) / TsFunSig() / TsFunParam() / TsTypeRef())] 
[debug] DefaultedTParams.scala:29 Defaulting type parameter TsIdentSimple(T) at TreeScope(TsParsedFile() / TsDeclModule(@angular/forms/src/forms) / TsDeclClass(SelectMultipleControlValueAccessor) / TsMemberFunction(constructor) / TsFunSig() / TsFunParam() / TsTypeRef()) [id => @angular/forms, phase => typescript, scope => TreeScope(TsParsedFile() / TsDeclModule(@angular/forms/src/forms) / TsDeclClass(SelectMultipleControlValueAccessor) / TsMemberFunction(constructor) / TsFunSig() / TsFunParam() / TsTypeRef())] 
[debug] DefaultedTParams.scala:29 Defaulting type parameter TsIdentSimple(T) at TreeScope(TsParsedFile() / TsDeclModule(@angular/forms/src/directives/checkbox_value_accessor) / TsDeclClass(CheckboxControlValueAccessor) / TsMemberFunction(constructor) / TsFunSig() / TsFunParam() / TsTypeRef()) [id => @angular/forms, phase => typescript, scope => TreeScope(TsParsedFile() / TsDeclModule(@angular/forms/src/directives/checkbox_value_accessor) / TsDeclClass(CheckboxControlValueAccessor) / TsMemberFunction(constructor) / TsFunSig() / TsFunParam() / TsTypeRef())] 
[debug] DefaultedTParams.scala:29 Defaulting type parameter TsIdentSimple(T) at TreeScope(TsParsedFile() / TsDeclModule(@angular/forms/src/directives/default_value_accessor) / TsDeclClass(DefaultValueAccessor) / TsMemberFunction(constructor) / TsFunSig() / TsFunParam() / TsTypeRef()) [id => @angular/forms, phase => typescript, scope => TreeScope(TsParsedFile() / TsDeclModule(@angular/forms/src/directives/default_value_accessor) / TsDeclClass(DefaultValueAccessor) / TsMemberFunction(constructor) / TsFunSig() / TsFunParam() / TsTypeRef())] 
[debug] DefaultedTParams.scala:29 Defaulting type parameter TsIdentSimple(T) at TreeScope(TsParsedFile() / TsDeclModule(@angular/forms/src/directives/number_value_accessor) / TsDeclClass(NumberValueAccessor) / TsMemberFunction(constructor) / TsFunSig() / TsFunParam() / TsTypeRef()) [id => @angular/forms, phase => typescript, scope => TreeScope(TsParsedFile() / TsDeclModule(@angular/forms/src/directives/number_value_accessor) / TsDeclClass(NumberValueAccessor) / TsMemberFunction(constructor) / TsFunSig() / TsFunParam() / TsTypeRef())] 
[debug] DefaultedTParams.scala:29 Defaulting type parameter TsIdentSimple(T) at TreeScope(TsParsedFile() / TsDeclModule(@angular/forms/src/directives/radio_control_value_accessor) / TsDeclClass(RadioControlValueAccessor) / TsMemberFunction(constructor) / TsFunSig() / TsFunParam() / TsTypeRef()) [id => @angular/forms, phase => typescript, scope => TreeScope(TsParsedFile() / TsDeclModule(@angular/forms/src/directives/radio_control_value_accessor) / TsDeclClass(RadioControlValueAccessor) / TsMemberFunction(constructor) / TsFunSig() / TsFunParam() / TsTypeRef())] 
[debug] DefaultedTParams.scala:29 Defaulting type parameter TsIdentSimple(T) at TreeScope(TsParsedFile() / TsDeclModule(@angular/forms/src/directives/range_value_accessor) / TsDeclClass(RangeValueAccessor) / TsMemberFunction(constructor) / TsFunSig() / TsFunParam() / TsTypeRef()) [id => @angular/forms, phase => typescript, scope => TreeScope(TsParsedFile() / TsDeclModule(@angular/forms/src/directives/range_value_accessor) / TsDeclClass(RangeValueAccessor) / TsMemberFunction(constructor) / TsFunSig() / TsFunParam() / TsTypeRef())] 
[debug] DefaultedTParams.scala:29 Defaulting type parameter TsIdentSimple(T) at TreeScope(TsParsedFile() / TsDeclModule(@angular/forms/src/directives/select_control_value_accessor) / TsDeclClass(SelectControlValueAccessor) / TsMemberFunction(constructor) / TsFunSig() / TsFunParam() / TsTypeRef()) [id => @angular/forms, phase => typescript, scope => TreeScope(TsParsedFile() / TsDeclModule(@angular/forms/src/directives/select_control_value_accessor) / TsDeclClass(SelectControlValueAccessor) / TsMemberFunction(constructor) / TsFunSig() / TsFunParam() / TsTypeRef())] 
[debug] DefaultedTParams.scala:29 Defaulting type parameter TsIdentSimple(T) at TreeScope(TsParsedFile() / TsDeclModule(@angular/forms/src/directives/select_control_value_accessor) / TsDeclClass(NgSelectOption) / TsMemberFunction(constructor) / TsFunSig() / TsFunParam() / TsTypeRef()) [id => @angular/forms, phase => typescript, scope => TreeScope(TsParsedFile() / TsDeclModule(@angular/forms/src/directives/select_control_value_accessor) / TsDeclClass(NgSelectOption) / TsMemberFunction(constructor) / TsFunSig() / TsFunParam() / TsTypeRef())] 
[debug] DefaultedTParams.scala:29 Defaulting type parameter TsIdentSimple(T) at TreeScope(TsParsedFile() / TsDeclModule(@angular/forms/src/directives/select_multiple_control_value_accessor) / TsDeclClass(SelectMultipleControlValueAccessor) / TsMemberFunction(constructor) / TsFunSig() / TsFunParam() / TsTypeRef()) [id => @angular/forms, phase => typescript, scope => TreeScope(TsParsedFile() / TsDeclModule(@angular/forms/src/directives/select_multiple_control_value_accessor) / TsDeclClass(SelectMultipleControlValueAccessor) / TsMemberFunction(constructor) / TsFunSig() / TsFunParam() / TsTypeRef())] 
[debug] DefaultedTParams.scala:29 Defaulting type parameter TsIdentSimple(T) at TreeScope(TsParsedFile() / TsDeclModule(@angular/forms/src/directives/select_multiple_control_value_accessor) / TsDeclClass(NgSelectMultipleOption) / TsMemberFunction(constructor) / TsFunSig() / TsFunParam() / TsTypeRef()) [id => @angular/forms, phase => typescript, scope => TreeScope(TsParsedFile() / TsDeclModule(@angular/forms/src/directives/select_multiple_control_value_accessor) / TsDeclClass(NgSelectMultipleOption) / TsMemberFunction(constructor) / TsFunSig() / TsFunParam() / TsTypeRef())] 
[info ] ExtractInterfaces.scala:30 Extracted anonymous interface TsIdentSimple(Anon_WarnOnDeprecatedNgFormSelector) [id => @angular/forms, phase => typescript, scope => TreeScope(TsParsedFile() / TsDeclModule(@angular/forms/src/forms) / TsDeclClass(FormsModule) / TsMemberFunction(withConfig) / TsFunSig() / TsFunParam() / TsTypeObject())] 
[info ] ExtractInterfaces.scala:30 Extracted anonymous interface TsIdentSimple(Anon_WarnOnNgModelWithFormControl) [id => @angular/forms, phase => typescript, scope => TreeScope(TsParsedFile() / TsDeclModule(@angular/forms/src/forms) / TsDeclClass(ReactiveFormsModule) / TsMemberFunction(withConfig) / TsFunSig() / TsFunParam() / TsTypeObject())] 
[info ] ExtractInterfaces.scala:30 Extracted anonymous interface TsIdentSimple(Anon_OnlySelf) [id => @angular/forms, phase => typescript, scope => TreeScope(TsParsedFile() / TsDeclModule(@angular/forms/src/model) / TsDeclClass(AbstractControl) / TsMemberFunction(enable) / TsFunSig() / TsFunParam() / TsTypeObject())] 
[info ] ExtractInterfaces.scala:30 Extracted anonymous interface TsIdentSimple(Anon_OnlySelfBoolean) [id => @angular/forms, phase => typescript, scope => TreeScope(TsParsedFile() / TsDeclModule(@angular/forms/src/model) / TsDeclClass(AbstractControl) / TsMemberFunction(markAsPristine) / TsFunSig() / TsFunParam() / TsTypeObject())] 
[info ] ExtractInterfaces.scala:30 Extracted anonymous interface TsIdentSimple(Anon_EmitEvent) [id => @angular/forms, phase => typescript, scope => TreeScope(TsParsedFile() / TsDeclModule(@angular/forms/src/model) / TsDeclClass(AbstractControl) / TsMemberFunction(setErrors) / TsFunSig() / TsFunParam() / TsTypeObject())] 
[info ] ExtractInterfaces.scala:30 Extracted anonymous interface TsIdentSimple(Anon_EmitEvent) [id => @angular/forms, phase => typescript, scope => TreeScope(TsParsedFile() / TsDeclModule(@angular/forms/src/model) / TsDeclClass(AbstractControl) / TsMemberFunction(setErrors) / TsFunSig() / TsFunParam() / TsTypeObject())] 
[info ] ExtractInterfaces.scala:30 Extracted anonymous interface TsIdentSimple(Anon_OnlySelfBoolean) [id => @angular/forms, phase => typescript, scope => TreeScope(TsParsedFile() / TsDeclModule(@angular/forms/src/model) / TsDeclClass(AbstractControl) / TsMemberFunction(markAsTouched) / TsFunSig() / TsFunParam() / TsTypeObject())] 
[info ] ExtractInterfaces.scala:30 Extracted anonymous interface TsIdentSimple(Anon_OnlySelf) [id => @angular/forms, phase => typescript, scope => TreeScope(TsParsedFile() / TsDeclModule(@angular/forms/src/model) / TsDeclClass(AbstractControl) / TsMemberFunction(updateValueAndValidity) / TsFunSig() / TsFunParam() / TsTypeObject())] 
[info ] ExtractInterfaces.scala:30 Extracted anonymous interface TsIdentSimple(Anon_OnlySelfBoolean) [id => @angular/forms, phase => typescript, scope => TreeScope(TsParsedFile() / TsDeclModule(@angular/forms/src/model) / TsDeclClass(AbstractControl) / TsMemberFunction(markAsUntouched) / TsFunSig() / TsFunParam() / TsTypeObject())] 
[info ] ExtractInterfaces.scala:30 Extracted anonymous interface TsIdentSimple(Anon_OnlySelf) [id => @angular/forms, phase => typescript, scope => TreeScope(TsParsedFile() / TsDeclModule(@angular/forms/src/model) / TsDeclClass(AbstractControl) / TsMemberFunction(disable) / TsFunSig() / TsFunParam() / TsTypeObject())] 
[info ] ExtractInterfaces.scala:30 Extracted anonymous interface TsIdentSimple(Anon_OnlySelfBoolean) [id => @angular/forms, phase => typescript, scope => TreeScope(TsParsedFile() / TsDeclModule(@angular/forms/src/model) / TsDeclClass(AbstractControl) / TsMemberFunction(markAsDirty) / TsFunSig() / TsFunParam() / TsTypeObject())] 
[info ] ExtractInterfaces.scala:30 Extracted anonymous interface TsIdentSimple(Anon_OnlySelf) [id => @angular/forms, phase => typescript, scope => TreeScope(TsParsedFile() / TsDeclModule(@angular/forms/src/model) / TsDeclClass(AbstractControl) / TsMemberFunction(markAsPending) / TsFunSig() / TsFunParam() / TsTypeObject())] 
[info ] ExtractInterfaces.scala:30 Extracted anonymous interface TsIdentSimple(Anon_OnlySelf) [id => @angular/forms, phase => typescript, scope => TreeScope(TsParsedFile() / TsDeclModule(@angular/forms/src/model) / TsDeclClass(FormGroup) / TsMemberFunction(patchValue) / TsFunSig() / TsFunParam() / TsTypeObject())] 
[info ] ExtractInterfaces.scala:30 Extracted anonymous interface TsIdentSimple(Anon_OnlySelf) [id => @angular/forms, phase => typescript, scope => TreeScope(TsParsedFile() / TsDeclModule(@angular/forms/src/model) / TsDeclClass(FormGroup) / TsMemberFunction(setValue) / TsFunSig() / TsFunParam() / TsTypeObject())] 
[info ] ExtractInterfaces.scala:30 Extracted anonymous interface TsIdentSimple(Anon_OnlySelf) [id => @angular/forms, phase => typescript, scope => TreeScope(TsParsedFile() / TsDeclModule(@angular/forms/src/model) / TsDeclClass(FormGroup) / TsMemberFunction(reset) / TsFunSig() / TsFunParam() / TsTypeObject())] 
[info ] ExtractInterfaces.scala:30 Extracted anonymous interface TsIdentSimple(Anon_EmitViewToModelChange) [id => @angular/forms, phase => typescript, scope => TreeScope(TsParsedFile() / TsDeclModule(@angular/forms/src/model) / TsDeclClass(FormControl) / TsMemberFunction(patchValue) / TsFunSig() / TsFunParam() / TsTypeObject())] 
[info ] ExtractInterfaces.scala:30 Extracted anonymous interface TsIdentSimple(Anon_EmitViewToModelChange) [id => @angular/forms, phase => typescript, scope => TreeScope(TsParsedFile() / TsDeclModule(@angular/forms/src/model) / TsDeclClass(FormControl) / TsMemberFunction(setValue) / TsFunSig() / TsFunParam() / TsTypeObject())] 
[info ] ExtractInterfaces.scala:30 Extracted anonymous interface TsIdentSimple(Anon_OnlySelf) [id => @angular/forms, phase => typescript, scope => TreeScope(TsParsedFile() / TsDeclModule(@angular/forms/src/model) / TsDeclClass(FormControl) / TsMemberFunction(reset) / TsFunSig() / TsFunParam() / TsTypeObject())] 
[info ] ExtractInterfaces.scala:30 Extracted anonymous interface TsIdentSimple(Anon_OnlySelf) [id => @angular/forms, phase => typescript, scope => TreeScope(TsParsedFile() / TsDeclModule(@angular/forms/src/model) / TsDeclClass(FormArray) / TsMemberFunction(patchValue) / TsFunSig() / TsFunParam() / TsTypeObject())] 
[info ] ExtractInterfaces.scala:30 Extracted anonymous interface TsIdentSimple(Anon_OnlySelf) [id => @angular/forms, phase => typescript, scope => TreeScope(TsParsedFile() / TsDeclModule(@angular/forms/src/model) / TsDeclClass(FormArray) / TsMemberFunction(setValue) / TsFunSig() / TsFunParam() / TsTypeObject())] 
[info ] ExtractInterfaces.scala:30 Extracted anonymous interface TsIdentSimple(Anon_OnlySelf) [id => @angular/forms, phase => typescript, scope => TreeScope(TsParsedFile() / TsDeclModule(@angular/forms/src/model) / TsDeclClass(FormArray) / TsMemberFunction(reset) / TsFunSig() / TsFunParam() / TsTypeObject())] 
[info ] ExtractInterfaces.scala:30 Extracted anonymous interface TsIdentSimple(Anon_Classngtouched) [id => @angular/forms, phase => typescript, scope => TreeScope(TsParsedFile() / TsDeclModule(@angular/forms/src/directives/ng_control_status) / TsDeclVar(ngControlStatusHost) / TsTypeObject())] 
[info ] ExtractInterfaces.scala:30 Extracted anonymous interface TsIdentSimple(Anon_UpdateOn) [id => @angular/forms, phase => typescript, scope => TreeScope(TsParsedFile() / TsDeclModule(@angular/forms/src/directives/ng_form) / TsDeclClass(NgForm) / TsMemberProperty(options) / TsTypeObject())] 
[info ] ExtractInterfaces.scala:30 Extracted anonymous interface TsIdentSimple(Anon_WarnOnNgModelWithFormControl) [id => @angular/forms, phase => typescript, scope => TreeScope(TsParsedFile() / TsDeclModule(@angular/forms/src/form_providers) / TsDeclClass(ReactiveFormsModule) / TsMemberFunction(withConfig) / TsFunSig() / TsFunParam() / TsTypeObject())] 
[info ] ExtractInterfaces.scala:30 Extracted anonymous interface TsIdentSimple(Anon_WarnOnDeprecatedNgFormSelector) [id => @angular/forms, phase => typescript, scope => TreeScope(TsParsedFile() / TsDeclModule(@angular/forms/src/form_providers) / TsDeclClass(FormsModule) / TsMemberFunction(withConfig) / TsFunSig() / TsFunParam() / TsTypeObject())] 
[info ] ExtractInterfaces.scala:30 Extracted anonymous interface TsIdentSimple(Anon_Standalone) [id => @angular/forms, phase => typescript, scope => TreeScope(TsParsedFile() / TsDeclModule(@angular/forms/src/directives/ng_model) / TsDeclClass(NgModel) / TsMemberProperty(options) / TsTypeObject())] 
[info ] ExtractInterfaces.scala:30 Extracted anonymous interface TsIdentSimple(Anon_WarnOnDeprecatedNgFormSelector) [id => @angular/forms, phase => typescript, scope => TreeScope(TsParsedFile() / TsDeclModule(@angular/forms/public_api) / TsDeclClass(FormsModule) / TsMemberFunction(withConfig) / TsFunSig() / TsFunParam() / TsTypeObject())] 
[info ] ExtractInterfaces.scala:30 Extracted anonymous interface TsIdentSimple(Anon_WarnOnNgModelWithFormControl) [id => @angular/forms, phase => typescript, scope => TreeScope(TsParsedFile() / TsDeclModule(@angular/forms/public_api) / TsDeclClass(ReactiveFormsModule) / TsMemberFunction(withConfig) / TsFunSig() / TsFunParam() / TsTypeObject())] 
[info ] ExtractInterfaces.scala:30 Extracted anonymous interface TsIdentSimple(Anon_Classngtouched) [id => @angular/forms, phase => typescript, scope => TreeScope(TsParsedFile() / TsDeclModule(@angular/forms) / TsDeclVar(ɵangular_packages_forms_forms_d) / TsTypeObject())] 
[info ] ExtractInterfaces.scala:30 Extracted anonymous interface TsIdentSimple(Anon_WarnOnDeprecatedNgFormSelector) [id => @angular/forms, phase => typescript, scope => TreeScope(TsParsedFile() / TsDeclModule(@angular/forms) / TsDeclClass(FormsModule) / TsMemberFunction(withConfig) / TsFunSig() / TsFunParam() / TsTypeObject())] 
[info ] ExtractInterfaces.scala:30 Extracted anonymous interface TsIdentSimple(Anon_WarnOnNgModelWithFormControl) [id => @angular/forms, phase => typescript, scope => TreeScope(TsParsedFile() / TsDeclModule(@angular/forms) / TsDeclClass(ReactiveFormsModule) / TsMemberFunction(withConfig) / TsFunSig() / TsFunParam() / TsTypeObject())] 
[debug] PhaseRunner.scala:78 Success [id => @angular/forms, phase => typescript] 
[warn ] Phase2ToScalaJs.scala:34 Processing TsIdentLibraryScoped(angular,Some(forms)) [id => @angular/forms, phase => scala.js] 
[info ] RemoveDuplicateInheritance.scala:55 Dropped parents QualifiedName(List(Name(atAngularCoreLib), Name(srcMetadataLifecycleUnderscoreHooksMod), Name(OnInit))),QualifiedName(List(Name(atAngularCoreLib), Name(srcMetadataLifecycleUnderscoreHooksMod), Name(OnDestroy))) at Name(atAngularFormsLib) / Name(srcDirectivesNgUnderscoreModelUnderscoreGroupMod) / Name(NgModelGroup) because allParentRefs = Set(TypeRef(QualifiedName(List(Name(atAngularFormsLib), Name(srcDirectivesControlUnderscoreContainerMod), Name(ControlContainer))),List(),NoComments), TypeRef(QualifiedName(List(Name(atAngularCoreLib), Name(srcMetadataLifecycleUnderscoreHooksMod), Name(OnInit))),List(),NoComments), TypeRef(QualifiedName(List(Name(atAngularCoreLib), Name(srcMetadataLifecycleUnderscoreHooksMod), Name(OnDestroy))),List(),NoComments), TypeRef(QualifiedName(List(Name(atAngularFormsLib), Name(srcDirectivesAbstractUnderscoreControlUnderscoreDirectiveMod), Name(AbstractControlDirective))),List(),NoComments)) [id => @angular/forms, phase => scala.js, this => Name(atAngularFormsLib) / Name(srcDirectivesNgUnderscoreModelUnderscoreGroupMod) / Name(NgModelGroup)] 
[info ] RemoveDuplicateInheritance.scala:55 Dropped parents QualifiedName(List(Name(atAngularCoreLib), Name(srcMetadataLifecycleUnderscoreHooksMod), Name(OnInit))),QualifiedName(List(Name(atAngularCoreLib), Name(srcMetadataLifecycleUnderscoreHooksMod), Name(OnDestroy))) at Name(atAngularFormsLib) / Name(srcDirectivesReactiveUnderscoreDirectivesFormUnderscoreGroupUnderscoreNameMod) / Name(FormGroupName) because allParentRefs = Set(TypeRef(QualifiedName(List(Name(atAngularFormsLib), Name(srcDirectivesControlUnderscoreContainerMod), Name(ControlContainer))),List(),NoComments), TypeRef(QualifiedName(List(Name(atAngularCoreLib), Name(srcMetadataLifecycleUnderscoreHooksMod), Name(OnInit))),List(),NoComments), TypeRef(QualifiedName(List(Name(atAngularCoreLib), Name(srcMetadataLifecycleUnderscoreHooksMod), Name(OnDestroy))),List(),NoComments), TypeRef(QualifiedName(List(Name(atAngularFormsLib), Name(srcDirectivesAbstractUnderscoreControlUnderscoreDirectiveMod), Name(AbstractControlDirective))),List(),NoComments)) [id => @angular/forms, phase => scala.js, this => Name(atAngularFormsLib) / Name(srcDirectivesReactiveUnderscoreDirectivesFormUnderscoreGroupUnderscoreNameMod) / Name(FormGroupName)] 
[info ] CompleteClass.scala:60 Completed implementations Vector(ngOnInit, ngOnDestroy) [id => @angular/forms, phase => scala.js, this => Name(atAngularFormsLib) / Name(srcDirectivesAbstractUnderscoreFormUnderscoreGroupUnderscoreDirectiveMod) / Name(AbstractFormGroupDirective)] 
[info ] CompleteClass.scala:60 Completed implementations Vector(registerOnChange, writeValue, registerOnTouched) [id => @angular/forms, phase => scala.js, this => Name(atAngularFormsLib) / Name(srcDirectivesCheckboxUnderscoreValueUnderscoreAccessorMod) / Name(CheckboxControlValueAccessor)] 
[info ] CompleteClass.scala:60 Completed implementations Vector(registerOnChange, writeValue, registerOnTouched) [id => @angular/forms, phase => scala.js, this => Name(atAngularFormsLib) / Name(srcDirectivesDefaultUnderscoreValueUnderscoreAccessorMod) / Name(DefaultValueAccessor)] 
[info ] CompleteClass.scala:60 Completed implementations Vector(getControl, removeControl, addFormGroup, updateModel, getFormGroup, addControl, removeFormGroup, ngAfterViewInit) [id => @angular/forms, phase => scala.js, this => Name(atAngularFormsLib) / Name(srcDirectivesNgUnderscoreFormMod) / Name(NgForm)] 
[info ] CompleteClass.scala:60 Completed implementations Vector(ngOnChanges, ngOnDestroy) [id => @angular/forms, phase => scala.js, this => Name(atAngularFormsLib) / Name(srcDirectivesNgUnderscoreModelMod) / Name(NgModel)] 
[info ] CompleteClass.scala:60 Completed implementations Vector(registerOnChange, writeValue, registerOnTouched) [id => @angular/forms, phase => scala.js, this => Name(atAngularFormsLib) / Name(srcDirectivesNumberUnderscoreValueUnderscoreAccessorMod) / Name(NumberValueAccessor)] 
[info ] CompleteClass.scala:60 Completed implementations Vector(registerOnChange, writeValue, registerOnTouched, ngOnDestroy, ngOnInit) [id => @angular/forms, phase => scala.js, this => Name(atAngularFormsLib) / Name(srcDirectivesRadioUnderscoreControlUnderscoreValueUnderscoreAccessorMod) / Name(RadioControlValueAccessor)] 
[info ] CompleteClass.scala:60 Completed implementations Vector(registerOnChange, writeValue, registerOnTouched) [id => @angular/forms, phase => scala.js, this => Name(atAngularFormsLib) / Name(srcDirectivesRangeUnderscoreValueUnderscoreAccessorMod) / Name(RangeValueAccessor)] 
[info ] CompleteClass.scala:60 Completed implementations Vector(ngOnChanges) [id => @angular/forms, phase => scala.js, this => Name(atAngularFormsLib) / Name(srcDirectivesReactiveUnderscoreDirectivesFormUnderscoreControlUnderscoreDirectiveMod) / Name(FormControlDirective)] 
[info ] CompleteClass.scala:60 Completed implementations Vector(ngOnChanges, ngOnDestroy) [id => @angular/forms, phase => scala.js, this => Name(atAngularFormsLib) / Name(srcDirectivesReactiveUnderscoreDirectivesFormUnderscoreControlUnderscoreNameMod) / Name(FormControlName)] 
[info ] CompleteClass.scala:60 Completed implementations Vector(getControl, removeControl, addFormGroup, updateModel, getFormGroup, addControl, removeFormGroup, ngOnChanges) [id => @angular/forms, phase => scala.js, this => Name(atAngularFormsLib) / Name(srcDirectivesReactiveUnderscoreDirectivesFormUnderscoreGroupUnderscoreDirectiveMod) / Name(FormGroupDirective)] 
[info ] CompleteClass.scala:60 Completed implementations Vector(ngOnInit, ngOnDestroy) [id => @angular/forms, phase => scala.js, this => Name(atAngularFormsLib) / Name(srcDirectivesReactiveUnderscoreDirectivesFormUnderscoreGroupUnderscoreNameMod) / Name(FormArrayName)] 
[info ] CompleteClass.scala:60 Completed implementations Vector(ngOnDestroy) [id => @angular/forms, phase => scala.js, this => Name(atAngularFormsLib) / Name(srcDirectivesSelectUnderscoreControlUnderscoreValueUnderscoreAccessorMod) / Name(NgSelectOption)] 
[info ] CompleteClass.scala:60 Completed implementations Vector(registerOnChange, writeValue, registerOnTouched) [id => @angular/forms, phase => scala.js, this => Name(atAngularFormsLib) / Name(srcDirectivesSelectUnderscoreControlUnderscoreValueUnderscoreAccessorMod) / Name(SelectControlValueAccessor)] 
[info ] CompleteClass.scala:60 Completed implementations Vector(ngOnDestroy) [id => @angular/forms, phase => scala.js, this => Name(atAngularFormsLib) / Name(srcDirectivesSelectUnderscoreMultipleUnderscoreControlUnderscoreValueUnderscoreAccessorMod) / Name(NgSelectMultipleOption)] 
[info ] CompleteClass.scala:60 Completed implementations Vector(registerOnChange, writeValue, registerOnTouched) [id => @angular/forms, phase => scala.js, this => Name(atAngularFormsLib) / Name(srcDirectivesSelectUnderscoreMultipleUnderscoreControlUnderscoreValueUnderscoreAccessorMod) / Name(SelectMultipleControlValueAccessor)] 
[info ] CompleteClass.scala:60 Completed implementations Vector(validate) [id => @angular/forms, phase => scala.js, this => Name(atAngularFormsLib) / Name(srcDirectivesValidatorsMod) / Name(EmailValidator)] 
[info ] CompleteClass.scala:60 Completed implementations Vector(validate, ngOnChanges) [id => @angular/forms, phase => scala.js, this => Name(atAngularFormsLib) / Name(srcDirectivesValidatorsMod) / Name(MaxLengthValidator)] 
[info ] CompleteClass.scala:60 Completed implementations Vector(validate, ngOnChanges) [id => @angular/forms, phase => scala.js, this => Name(atAngularFormsLib) / Name(srcDirectivesValidatorsMod) / Name(MinLengthValidator)] 
[info ] CompleteClass.scala:60 Completed implementations Vector(validate, ngOnChanges) [id => @angular/forms, phase => scala.js, this => Name(atAngularFormsLib) / Name(srcDirectivesValidatorsMod) / Name(PatternValidator)] 
[info ] CompleteClass.scala:60 Completed implementations Vector(validate) [id => @angular/forms, phase => scala.js, this => Name(atAngularFormsLib) / Name(srcDirectivesValidatorsMod) / Name(RequiredValidator)] 
[debug] PhaseRunner.scala:78 Success [id => @angular/forms, phase => scala.js] 
[warn ] PhaseRunner.scala:64 Failed because of, [node => Compilation failed] [id => @angular/forms, phase => build] 
[debug] PhaseRunner.scala:82 Failure, [node => Compilation failed] [id => @angular/forms, phase => build] 
