[debug] PhaseRunner.scala:78 Success [id => @angular/platform-browser, phase => typescript] 
[debug] PhaseRunner.scala:78 Success [id => @angular/platform-browser, phase => typescript] 
[debug] PhaseRunner.scala:78 Success [id => @angular/platform-browser, phase => typescript] 
[debug] PhaseRunner.scala:78 Success [id => @angular/platform-browser, phase => typescript] 
[debug] PhaseRunner.scala:78 Success [id => @angular/platform-browser, phase => typescript] 
[debug] PhaseRunner.scala:78 Success [id => @angular/platform-browser, phase => typescript] 
[debug] PhaseRunner.scala:78 Success [id => @angular/platform-browser, phase => typescript] 
[debug] PhaseRunner.scala:78 Success [id => @angular/platform-browser, phase => typescript] 
[debug] PhaseRunner.scala:78 Success [id => @angular/platform-browser, phase => typescript] 
[debug] PhaseRunner.scala:78 Success [id => @angular/platform-browser, phase => typescript] 
[debug] PhaseRunner.scala:78 Success [id => @angular/platform-browser, phase => typescript] 
[debug] PhaseRunner.scala:78 Success [id => @angular/platform-browser, phase => typescript] 
[debug] PhaseRunner.scala:78 Success [id => @angular/platform-browser, phase => typescript] 
[debug] PhaseRunner.scala:78 Success [id => @angular/platform-browser, phase => typescript] 
[debug] PhaseRunner.scala:78 Success [id => @angular/platform-browser, phase => typescript] 
[debug] PhaseRunner.scala:78 Success [id => @angular/platform-browser, phase => typescript] 
[debug] PhaseRunner.scala:78 Success [id => @angular/platform-browser, phase => typescript] 
[debug] PhaseRunner.scala:78 Success [id => @angular/platform-browser, phase => typescript] 
[debug] PhaseRunner.scala:78 Success [id => @angular/platform-browser, phase => typescript] 
[debug] PhaseRunner.scala:78 Success [id => @angular/platform-browser, phase => typescript] 
[debug] PhaseRunner.scala:78 Success [id => @angular/platform-browser, phase => typescript] 
[debug] PhaseRunner.scala:78 Success [id => @angular/platform-browser, phase => typescript] 
[debug] PhaseRunner.scala:78 Success [id => @angular/platform-browser, phase => typescript] 
[debug] PhaseRunner.scala:78 Success [id => @angular/platform-browser, phase => typescript] 
[debug] PhaseRunner.scala:78 Success [id => @angular/platform-browser, phase => typescript] 
[debug] PhaseRunner.scala:78 Success [id => @angular/platform-browser, phase => typescript] 
[debug] PhaseRunner.scala:78 Success [id => @angular/platform-browser, phase => typescript] 
[info ] Phase1ReadTypescript.scala:152 Preprocessing TsHelperFile(InFile(/home/tso/tmp/tso-cache/npm/node_modules/@angular/platform-browser/index.d.ts),FromFolder(InFolder(/home/tso/tmp/tso-cache/npm/node_modules/@angular/platform-browser),TsIdentLibraryScoped(angular,Some(platform-browser))),TsIdentModule(Some(angular),List(platform-browser))) [id => @angular/platform-browser, phase => typescript] 
[info ] InferredDefaultModule.scala:39 Inferred module TsIdentModule(Some(angular),List(platform-browser)) [id => @angular/platform-browser, phase => typescript] 
[info ] Phase1ReadTypescript.scala:152 Preprocessing TsHelperFile(InFile(/home/tso/tmp/tso-cache/npm/node_modules/@angular/platform-browser/platform-browser.d.ts),FromFolder(InFolder(/home/tso/tmp/tso-cache/npm/node_modules/@angular/platform-browser),TsIdentLibraryScoped(angular,Some(platform-browser))),TsIdentModule(Some(angular),List(platform-browser))) [id => @angular/platform-browser, phase => typescript] 
[info ] InferredDefaultModule.scala:39 Inferred module TsIdentModule(Some(angular),List(platform-browser)) [id => @angular/platform-browser, phase => typescript] 
[info ] Phase1ReadTypescript.scala:152 Preprocessing TsHelperFile(InFile(/home/tso/tmp/tso-cache/npm/node_modules/@angular/platform-browser/public_api.d.ts),FromFolder(InFolder(/home/tso/tmp/tso-cache/npm/node_modules/@angular/platform-browser),TsIdentLibraryScoped(angular,Some(platform-browser))),TsIdentModule(Some(angular),List(platform-browser, public_api))) [id => @angular/platform-browser, phase => typescript] 
[info ] InferredDefaultModule.scala:39 Inferred module TsIdentModule(Some(angular),List(platform-browser, public_api)) [id => @angular/platform-browser, phase => typescript] 
[info ] Phase1ReadTypescript.scala:152 Preprocessing TsHelperFile(InFile(/home/tso/tmp/tso-cache/npm/node_modules/@angular/platform-browser/src/browser.d.ts),FromFolder(InFolder(/home/tso/tmp/tso-cache/npm/node_modules/@angular/platform-browser),TsIdentLibraryScoped(angular,Some(platform-browser))),TsIdentModule(Some(angular),List(platform-browser, src, browser))) [id => @angular/platform-browser, phase => typescript] 
[info ] InferredDefaultModule.scala:39 Inferred module TsIdentModule(Some(angular),List(platform-browser, src, browser)) [id => @angular/platform-browser, phase => typescript] 
[info ] Phase1ReadTypescript.scala:152 Preprocessing TsHelperFile(InFile(/home/tso/tmp/tso-cache/npm/node_modules/@angular/platform-browser/src/platform-browser.d.ts),FromFolder(InFolder(/home/tso/tmp/tso-cache/npm/node_modules/@angular/platform-browser),TsIdentLibraryScoped(angular,Some(platform-browser))),TsIdentModule(Some(angular),List(platform-browser, src, platform-browser))) [id => @angular/platform-browser, phase => typescript] 
[info ] InferredDefaultModule.scala:39 Inferred module TsIdentModule(Some(angular),List(platform-browser, src, platform-browser)) [id => @angular/platform-browser, phase => typescript] 
[info ] Phase1ReadTypescript.scala:152 Preprocessing TsHelperFile(InFile(/home/tso/tmp/tso-cache/npm/node_modules/@angular/platform-browser/src/private_export.d.ts),FromFolder(InFolder(/home/tso/tmp/tso-cache/npm/node_modules/@angular/platform-browser),TsIdentLibraryScoped(angular,Some(platform-browser))),TsIdentModule(Some(angular),List(platform-browser, src, private_export))) [id => @angular/platform-browser, phase => typescript] 
[info ] InferredDefaultModule.scala:39 Inferred module TsIdentModule(Some(angular),List(platform-browser, src, private_export)) [id => @angular/platform-browser, phase => typescript] 
[info ] Phase1ReadTypescript.scala:152 Preprocessing TsHelperFile(InFile(/home/tso/tmp/tso-cache/npm/node_modules/@angular/platform-browser/src/version.d.ts),FromFolder(InFolder(/home/tso/tmp/tso-cache/npm/node_modules/@angular/platform-browser),TsIdentLibraryScoped(angular,Some(platform-browser))),TsIdentModule(Some(angular),List(platform-browser, src, version))) [id => @angular/platform-browser, phase => typescript] 
[info ] InferredDefaultModule.scala:39 Inferred module TsIdentModule(Some(angular),List(platform-browser, src, version)) [id => @angular/platform-browser, phase => typescript] 
[info ] Phase1ReadTypescript.scala:152 Preprocessing TsHelperFile(InFile(/home/tso/tmp/tso-cache/npm/node_modules/@angular/platform-browser/src/browser/browser_adapter.d.ts),FromFolder(InFolder(/home/tso/tmp/tso-cache/npm/node_modules/@angular/platform-browser),TsIdentLibraryScoped(angular,Some(platform-browser))),TsIdentModule(Some(angular),List(platform-browser, src, browser, browser_adapter))) [id => @angular/platform-browser, phase => typescript] 
[info ] InferredDefaultModule.scala:39 Inferred module TsIdentModule(Some(angular),List(platform-browser, src, browser, browser_adapter)) [id => @angular/platform-browser, phase => typescript] 
[info ] Phase1ReadTypescript.scala:152 Preprocessing TsHelperFile(InFile(/home/tso/tmp/tso-cache/npm/node_modules/@angular/platform-browser/src/browser/generic_browser_adapter.d.ts),FromFolder(InFolder(/home/tso/tmp/tso-cache/npm/node_modules/@angular/platform-browser),TsIdentLibraryScoped(angular,Some(platform-browser))),TsIdentModule(Some(angular),List(platform-browser, src, browser, generic_browser_adapter))) [id => @angular/platform-browser, phase => typescript] 
[info ] InferredDefaultModule.scala:39 Inferred module TsIdentModule(Some(angular),List(platform-browser, src, browser, generic_browser_adapter)) [id => @angular/platform-browser, phase => typescript] 
[info ] Phase1ReadTypescript.scala:152 Preprocessing TsHelperFile(InFile(/home/tso/tmp/tso-cache/npm/node_modules/@angular/platform-browser/src/browser/meta.d.ts),FromFolder(InFolder(/home/tso/tmp/tso-cache/npm/node_modules/@angular/platform-browser),TsIdentLibraryScoped(angular,Some(platform-browser))),TsIdentModule(Some(angular),List(platform-browser, src, browser, meta))) [id => @angular/platform-browser, phase => typescript] 
[info ] InferredDefaultModule.scala:39 Inferred module TsIdentModule(Some(angular),List(platform-browser, src, browser, meta)) [id => @angular/platform-browser, phase => typescript] 
[info ] Phase1ReadTypescript.scala:152 Preprocessing TsHelperFile(InFile(/home/tso/tmp/tso-cache/npm/node_modules/@angular/platform-browser/src/browser/server-transition.d.ts),FromFolder(InFolder(/home/tso/tmp/tso-cache/npm/node_modules/@angular/platform-browser),TsIdentLibraryScoped(angular,Some(platform-browser))),TsIdentModule(Some(angular),List(platform-browser, src, browser, server-transition))) [id => @angular/platform-browser, phase => typescript] 
[info ] InferredDefaultModule.scala:39 Inferred module TsIdentModule(Some(angular),List(platform-browser, src, browser, server-transition)) [id => @angular/platform-browser, phase => typescript] 
[info ] Phase1ReadTypescript.scala:152 Preprocessing TsHelperFile(InFile(/home/tso/tmp/tso-cache/npm/node_modules/@angular/platform-browser/src/browser/testability.d.ts),FromFolder(InFolder(/home/tso/tmp/tso-cache/npm/node_modules/@angular/platform-browser),TsIdentLibraryScoped(angular,Some(platform-browser))),TsIdentModule(Some(angular),List(platform-browser, src, browser, testability))) [id => @angular/platform-browser, phase => typescript] 
[info ] InferredDefaultModule.scala:39 Inferred module TsIdentModule(Some(angular),List(platform-browser, src, browser, testability)) [id => @angular/platform-browser, phase => typescript] 
[info ] Phase1ReadTypescript.scala:152 Preprocessing TsHelperFile(InFile(/home/tso/tmp/tso-cache/npm/node_modules/@angular/platform-browser/src/browser/title.d.ts),FromFolder(InFolder(/home/tso/tmp/tso-cache/npm/node_modules/@angular/platform-browser),TsIdentLibraryScoped(angular,Some(platform-browser))),TsIdentModule(Some(angular),List(platform-browser, src, browser, title))) [id => @angular/platform-browser, phase => typescript] 
[info ] InferredDefaultModule.scala:39 Inferred module TsIdentModule(Some(angular),List(platform-browser, src, browser, title)) [id => @angular/platform-browser, phase => typescript] 
[info ] Phase1ReadTypescript.scala:152 Preprocessing TsHelperFile(InFile(/home/tso/tmp/tso-cache/npm/node_modules/@angular/platform-browser/src/browser/transfer_state.d.ts),FromFolder(InFolder(/home/tso/tmp/tso-cache/npm/node_modules/@angular/platform-browser),TsIdentLibraryScoped(angular,Some(platform-browser))),TsIdentModule(Some(angular),List(platform-browser, src, browser, transfer_state))) [id => @angular/platform-browser, phase => typescript] 
[info ] InferredDefaultModule.scala:39 Inferred module TsIdentModule(Some(angular),List(platform-browser, src, browser, transfer_state)) [id => @angular/platform-browser, phase => typescript] 
[info ] Phase1ReadTypescript.scala:152 Preprocessing TsHelperFile(InFile(/home/tso/tmp/tso-cache/npm/node_modules/@angular/platform-browser/src/dom/dom_adapter.d.ts),FromFolder(InFolder(/home/tso/tmp/tso-cache/npm/node_modules/@angular/platform-browser),TsIdentLibraryScoped(angular,Some(platform-browser))),TsIdentModule(Some(angular),List(platform-browser, src, dom, dom_adapter))) [id => @angular/platform-browser, phase => typescript] 
[info ] InferredDefaultModule.scala:39 Inferred module TsIdentModule(Some(angular),List(platform-browser, src, dom, dom_adapter)) [id => @angular/platform-browser, phase => typescript] 
[info ] Phase1ReadTypescript.scala:152 Preprocessing TsHelperFile(InFile(/home/tso/tmp/tso-cache/npm/node_modules/@angular/platform-browser/src/dom/dom_renderer.d.ts),FromFolder(InFolder(/home/tso/tmp/tso-cache/npm/node_modules/@angular/platform-browser),TsIdentLibraryScoped(angular,Some(platform-browser))),TsIdentModule(Some(angular),List(platform-browser, src, dom, dom_renderer))) [id => @angular/platform-browser, phase => typescript] 
[info ] InferredDefaultModule.scala:39 Inferred module TsIdentModule(Some(angular),List(platform-browser, src, dom, dom_renderer)) [id => @angular/platform-browser, phase => typescript] 
[info ] Phase1ReadTypescript.scala:152 Preprocessing TsHelperFile(InFile(/home/tso/tmp/tso-cache/npm/node_modules/@angular/platform-browser/src/dom/dom_tokens.d.ts),FromFolder(InFolder(/home/tso/tmp/tso-cache/npm/node_modules/@angular/platform-browser),TsIdentLibraryScoped(angular,Some(platform-browser))),TsIdentModule(Some(angular),List(platform-browser, src, dom, dom_tokens))) [id => @angular/platform-browser, phase => typescript] 
[info ] InferredDefaultModule.scala:39 Inferred module TsIdentModule(Some(angular),List(platform-browser, src, dom, dom_tokens)) [id => @angular/platform-browser, phase => typescript] 
[info ] Phase1ReadTypescript.scala:152 Preprocessing TsHelperFile(InFile(/home/tso/tmp/tso-cache/npm/node_modules/@angular/platform-browser/src/dom/shared_styles_host.d.ts),FromFolder(InFolder(/home/tso/tmp/tso-cache/npm/node_modules/@angular/platform-browser),TsIdentLibraryScoped(angular,Some(platform-browser))),TsIdentModule(Some(angular),List(platform-browser, src, dom, shared_styles_host))) [id => @angular/platform-browser, phase => typescript] 
[info ] InferredDefaultModule.scala:39 Inferred module TsIdentModule(Some(angular),List(platform-browser, src, dom, shared_styles_host)) [id => @angular/platform-browser, phase => typescript] 
[info ] Phase1ReadTypescript.scala:152 Preprocessing TsHelperFile(InFile(/home/tso/tmp/tso-cache/npm/node_modules/@angular/platform-browser/src/security/dom_sanitization_service.d.ts),FromFolder(InFolder(/home/tso/tmp/tso-cache/npm/node_modules/@angular/platform-browser),TsIdentLibraryScoped(angular,Some(platform-browser))),TsIdentModule(Some(angular),List(platform-browser, src, security, dom_sanitization_service))) [id => @angular/platform-browser, phase => typescript] 
[info ] InferredDefaultModule.scala:39 Inferred module TsIdentModule(Some(angular),List(platform-browser, src, security, dom_sanitization_service)) [id => @angular/platform-browser, phase => typescript] 
[info ] Phase1ReadTypescript.scala:152 Preprocessing TsHelperFile(InFile(/home/tso/tmp/tso-cache/npm/node_modules/@angular/platform-browser/src/browser/location/browser_platform_location.d.ts),FromFolder(InFolder(/home/tso/tmp/tso-cache/npm/node_modules/@angular/platform-browser),TsIdentLibraryScoped(angular,Some(platform-browser))),TsIdentModule(Some(angular),List(platform-browser, src, browser, location, browser_platform_location))) [id => @angular/platform-browser, phase => typescript] 
[info ] InferredDefaultModule.scala:39 Inferred module TsIdentModule(Some(angular),List(platform-browser, src, browser, location, browser_platform_location)) [id => @angular/platform-browser, phase => typescript] 
[info ] Phase1ReadTypescript.scala:152 Preprocessing TsHelperFile(InFile(/home/tso/tmp/tso-cache/npm/node_modules/@angular/platform-browser/src/browser/tools/tools.d.ts),FromFolder(InFolder(/home/tso/tmp/tso-cache/npm/node_modules/@angular/platform-browser),TsIdentLibraryScoped(angular,Some(platform-browser))),TsIdentModule(Some(angular),List(platform-browser, src, browser, tools, tools))) [id => @angular/platform-browser, phase => typescript] 
[info ] InferredDefaultModule.scala:39 Inferred module TsIdentModule(Some(angular),List(platform-browser, src, browser, tools, tools)) [id => @angular/platform-browser, phase => typescript] 
[info ] Phase1ReadTypescript.scala:152 Preprocessing TsHelperFile(InFile(/home/tso/tmp/tso-cache/npm/node_modules/@angular/platform-browser/src/dom/debug/by.d.ts),FromFolder(InFolder(/home/tso/tmp/tso-cache/npm/node_modules/@angular/platform-browser),TsIdentLibraryScoped(angular,Some(platform-browser))),TsIdentModule(Some(angular),List(platform-browser, src, dom, debug, by))) [id => @angular/platform-browser, phase => typescript] 
[info ] InferredDefaultModule.scala:39 Inferred module TsIdentModule(Some(angular),List(platform-browser, src, dom, debug, by)) [id => @angular/platform-browser, phase => typescript] 
[info ] Phase1ReadTypescript.scala:152 Preprocessing TsHelperFile(InFile(/home/tso/tmp/tso-cache/npm/node_modules/@angular/platform-browser/src/dom/debug/ng_probe.d.ts),FromFolder(InFolder(/home/tso/tmp/tso-cache/npm/node_modules/@angular/platform-browser),TsIdentLibraryScoped(angular,Some(platform-browser))),TsIdentModule(Some(angular),List(platform-browser, src, dom, debug, ng_probe))) [id => @angular/platform-browser, phase => typescript] 
[info ] InferredDefaultModule.scala:39 Inferred module TsIdentModule(Some(angular),List(platform-browser, src, dom, debug, ng_probe)) [id => @angular/platform-browser, phase => typescript] 
[info ] Phase1ReadTypescript.scala:152 Preprocessing TsHelperFile(InFile(/home/tso/tmp/tso-cache/npm/node_modules/@angular/platform-browser/src/dom/events/dom_events.d.ts),FromFolder(InFolder(/home/tso/tmp/tso-cache/npm/node_modules/@angular/platform-browser),TsIdentLibraryScoped(angular,Some(platform-browser))),TsIdentModule(Some(angular),List(platform-browser, src, dom, events, dom_events))) [id => @angular/platform-browser, phase => typescript] 
[info ] InferredDefaultModule.scala:39 Inferred module TsIdentModule(Some(angular),List(platform-browser, src, dom, events, dom_events)) [id => @angular/platform-browser, phase => typescript] 
[info ] Phase1ReadTypescript.scala:152 Preprocessing TsHelperFile(InFile(/home/tso/tmp/tso-cache/npm/node_modules/@angular/platform-browser/src/dom/events/event_manager.d.ts),FromFolder(InFolder(/home/tso/tmp/tso-cache/npm/node_modules/@angular/platform-browser),TsIdentLibraryScoped(angular,Some(platform-browser))),TsIdentModule(Some(angular),List(platform-browser, src, dom, events, event_manager))) [id => @angular/platform-browser, phase => typescript] 
[info ] InferredDefaultModule.scala:39 Inferred module TsIdentModule(Some(angular),List(platform-browser, src, dom, events, event_manager)) [id => @angular/platform-browser, phase => typescript] 
[info ] Phase1ReadTypescript.scala:152 Preprocessing TsHelperFile(InFile(/home/tso/tmp/tso-cache/npm/node_modules/@angular/platform-browser/src/dom/events/hammer_gestures.d.ts),FromFolder(InFolder(/home/tso/tmp/tso-cache/npm/node_modules/@angular/platform-browser),TsIdentLibraryScoped(angular,Some(platform-browser))),TsIdentModule(Some(angular),List(platform-browser, src, dom, events, hammer_gestures))) [id => @angular/platform-browser, phase => typescript] 
[info ] InferredDefaultModule.scala:39 Inferred module TsIdentModule(Some(angular),List(platform-browser, src, dom, events, hammer_gestures)) [id => @angular/platform-browser, phase => typescript] 
[info ] Phase1ReadTypescript.scala:152 Preprocessing TsHelperFile(InFile(/home/tso/tmp/tso-cache/npm/node_modules/@angular/platform-browser/src/dom/events/key_events.d.ts),FromFolder(InFolder(/home/tso/tmp/tso-cache/npm/node_modules/@angular/platform-browser),TsIdentLibraryScoped(angular,Some(platform-browser))),TsIdentModule(Some(angular),List(platform-browser, src, dom, events, key_events))) [id => @angular/platform-browser, phase => typescript] 
[info ] InferredDefaultModule.scala:39 Inferred module TsIdentModule(Some(angular),List(platform-browser, src, dom, events, key_events)) [id => @angular/platform-browser, phase => typescript] 
[warn ] Phase1ReadTypescript.scala:190 Processing TsIdentLibraryScoped(angular,Some(platform-browser)) [id => @angular/platform-browser, phase => typescript] 
[info ] PreferTypeAlias.scala:112 Simplified to type alias [id => @angular/platform-browser, phase => typescript, scope => TreeScope(TsParsedFile() / TsDeclModule(@angular/platform-browser/src/security/dom_sanitization_service) / TsDeclInterface(SafeHtml))] 
[info ] PreferTypeAlias.scala:112 Simplified to type alias [id => @angular/platform-browser, phase => typescript, scope => TreeScope(TsParsedFile() / TsDeclModule(@angular/platform-browser/src/security/dom_sanitization_service) / TsDeclInterface(SafeStyle))] 
[info ] PreferTypeAlias.scala:112 Simplified to type alias [id => @angular/platform-browser, phase => typescript, scope => TreeScope(TsParsedFile() / TsDeclModule(@angular/platform-browser/src/security/dom_sanitization_service) / TsDeclInterface(SafeScript))] 
[info ] PreferTypeAlias.scala:112 Simplified to type alias [id => @angular/platform-browser, phase => typescript, scope => TreeScope(TsParsedFile() / TsDeclModule(@angular/platform-browser/src/security/dom_sanitization_service) / TsDeclInterface(SafeUrl))] 
[info ] PreferTypeAlias.scala:112 Simplified to type alias [id => @angular/platform-browser, phase => typescript, scope => TreeScope(TsParsedFile() / TsDeclModule(@angular/platform-browser/src/security/dom_sanitization_service) / TsDeclInterface(SafeResourceUrl))] 
[info ] ExtractInterfaces.scala:30 Extracted anonymous interface TsIdentSimple(Anon_Enable) [id => @angular/platform-browser, phase => typescript, scope => TreeScope(TsParsedFile() / TsDeclModule(@angular/platform-browser/src/dom/events/hammer_gestures) / TsDeclClass(HammerGestureConfig) / TsMemberProperty(options) / TsTypeObject())] 
[info ] ExtractInterfaces.scala:30 Extracted anonymous interface TsIdentSimple(Anon_AppId) [id => @angular/platform-browser, phase => typescript, scope => TreeScope(TsParsedFile() / TsDeclModule(@angular/platform-browser/src/platform-browser) / TsDeclClass(BrowserModule) / TsMemberFunction(withServerTransition) / TsFunSig() / TsFunParam() / TsTypeObject())] 
[info ] ExtractInterfaces.scala:30 Extracted anonymous interface TsIdentSimple(Anon_AppId) [id => @angular/platform-browser, phase => typescript, scope => TreeScope(TsParsedFile() / TsDeclModule(@angular/platform-browser/src/browser) / TsDeclClass(BrowserModule) / TsMemberFunction(withServerTransition) / TsFunSig() / TsFunParam() / TsTypeObject())] 
[info ] ExtractInterfaces.scala:30 Extracted anonymous interface TsIdentSimple(Anon_AppId) [id => @angular/platform-browser, phase => typescript, scope => TreeScope(TsParsedFile() / TsDeclModule(@angular/platform-browser/public_api) / TsDeclClass(BrowserModule) / TsMemberFunction(withServerTransition) / TsFunSig() / TsFunParam() / TsTypeObject())] 
[info ] ExtractInterfaces.scala:30 Extracted anonymous interface TsIdentSimple(Anon_Notastring) [id => @angular/platform-browser, phase => typescript, scope => TreeScope(TsParsedFile() / TsDeclModule(@angular/platform-browser/src/browser/transfer_state) / TsDeclTypeAlias(StateKey) / TsTypeIntersect() / TsTypeObject())] 
[info ] ExtractInterfaces.scala:30 Extracted anonymous interface TsIdentSimple(Anon_Name) [id => @angular/platform-browser, phase => typescript, scope => TreeScope(TsParsedFile() / TsDeclModule(@angular/platform-browser/src/browser/meta) / TsDeclTypeAlias(MetaDefinition) / TsTypeIntersect() / TsTypeObject())] 
[info ] ExtractInterfaces.scala:30 Extracted anonymous interface TsIdentSimple(Anon_AppId) [id => @angular/platform-browser, phase => typescript, scope => TreeScope(TsParsedFile() / TsDeclModule(@angular/platform-browser) / TsDeclClass(BrowserModule) / TsMemberFunction(withServerTransition) / TsFunSig() / TsFunParam() / TsTypeObject())] 
[debug] PhaseRunner.scala:78 Success [id => @angular/platform-browser, phase => typescript] 
[warn ] Phase2ToScalaJs.scala:34 Processing TsIdentLibraryScoped(angular,Some(platform-browser)) [id => @angular/platform-browser, phase => scala.js] 
[info ] CompleteClass.scala:60 Completed implementations Vector(addToWindow, findTestabilityInTree) [id => @angular/platform-browser, phase => scala.js, this => Name(atAngularPlatformDashBrowserLib) / Name(srcBrowserTestabilityMod) / Name(BrowserGetTestability)] 
[info ] CompleteClass.scala:60 Completed implementations Vector(ngOnDestroy) [id => @angular/platform-browser, phase => scala.js, this => Name(atAngularPlatformDashBrowserLib) / Name(srcDomSharedUnderscoreStylesUnderscoreHostMod) / Name(DomSharedStylesHost)] 
[debug] PhaseRunner.scala:78 Success [id => @angular/platform-browser, phase => scala.js] 
[warn ] PhaseRunner.scala:64 Failed because of, [node => Compilation failed] [id => @angular/platform-browser, phase => build] 
[debug] PhaseRunner.scala:82 Failure, [node => Compilation failed] [id => @angular/platform-browser, phase => build] 
