[info ] InferredDependency.scala:22 Inferred dependencies Set(TsIdentLibrarySimple(react)) for TsIdentLibrarySimple(apollo-react) [id => apollo-react, phase => typescript, file => ../apollo-react/lib/ApolloProvider.d.ts] 
[debug] PhaseRunner.scala:84 Success [id => apollo-react, phase => typescript] 
[debug] PhaseRunner.scala:84 Success [id => apollo-react, phase => typescript] 
[debug] PhaseRunner.scala:84 Success [id => apollo-react, phase => typescript] 
[debug] PhaseRunner.scala:84 Success [id => apollo-react, phase => typescript] 
[debug] PhaseRunner.scala:84 Success [id => apollo-react, phase => typescript] 
[info ] Phase1ReadTypescript.scala:171 Preprocessing TsHelperFile(InFile(/home/tso/tmp/tso-cache/npm/node_modules/apollo-react/lib/ApolloProvider.d.ts),FromFolder(InFolder(/home/tso/tmp/tso-cache/npm/node_modules/apollo-react),TsIdentLibrarySimple(apollo-react)),TsIdentModule(None,List(apollo-react, lib, ApolloProvider))) [id => apollo-react, phase => typescript] 
[info ] InferredDefaultModule.scala:39 Inferred module TsIdentModule(None,List(apollo-react, lib, ApolloProvider)) [id => apollo-react, phase => typescript] 
[info ] Phase1ReadTypescript.scala:171 Preprocessing TsHelperFile(InFile(/home/tso/tmp/tso-cache/npm/node_modules/apollo-react/lib/browser.d.ts),FromFolder(InFolder(/home/tso/tmp/tso-cache/npm/node_modules/apollo-react),TsIdentLibrarySimple(apollo-react)),TsIdentModule(None,List(apollo-react, lib, browser))) [id => apollo-react, phase => typescript] 
[info ] InferredDefaultModule.scala:39 Inferred module TsIdentModule(None,List(apollo-react, lib, browser)) [id => apollo-react, phase => typescript] 
[info ] Phase1ReadTypescript.scala:171 Preprocessing TsHelperFile(InFile(/home/tso/tmp/tso-cache/npm/node_modules/apollo-react/lib/graphql.d.ts),FromFolder(InFolder(/home/tso/tmp/tso-cache/npm/node_modules/apollo-react),TsIdentLibrarySimple(apollo-react)),TsIdentModule(None,List(apollo-react, lib, graphql))) [id => apollo-react, phase => typescript] 
[info ] InferredDefaultModule.scala:39 Inferred module TsIdentModule(None,List(apollo-react, lib, graphql)) [id => apollo-react, phase => typescript] 
[info ] Phase1ReadTypescript.scala:171 Preprocessing TsHelperFile(InFile(/home/tso/tmp/tso-cache/npm/node_modules/apollo-react/lib/index.d.ts),FromFolder(InFolder(/home/tso/tmp/tso-cache/npm/node_modules/apollo-react),TsIdentLibrarySimple(apollo-react)),TsIdentModule(None,List(apollo-react))) [id => apollo-react, phase => typescript] 
[info ] InferredDefaultModule.scala:39 Inferred module TsIdentModule(None,List(apollo-react)) [id => apollo-react, phase => typescript] 
[info ] Phase1ReadTypescript.scala:171 Preprocessing TsHelperFile(InFile(/home/tso/tmp/tso-cache/npm/node_modules/apollo-react/lib/server.d.ts),FromFolder(InFolder(/home/tso/tmp/tso-cache/npm/node_modules/apollo-react),TsIdentLibrarySimple(apollo-react)),TsIdentModule(None,List(apollo-react, lib, server))) [id => apollo-react, phase => typescript] 
[info ] InferredDefaultModule.scala:39 Inferred module TsIdentModule(None,List(apollo-react, lib, server)) [id => apollo-react, phase => typescript] 
[warn ] Phase1ReadTypescript.scala:189 Processing TsIdentLibrarySimple(apollo-react) [id => apollo-react, phase => typescript] 
[warn ] QualifyReferences.scala:32 Couldn't qualify MutationBehavior [id => apollo-react, phase => typescript, scope => TreeScope(TsParsedFile() / TsDeclModule(apollo-react/lib/graphql) / TsExport() / TsExporteeTree() / TsDeclInterface(MutationOptions) / TsMemberProperty(resultBehaviors) / TsTypeRef() / TsTypeRef())] 
[warn ] DefaultedTypeArguments.scala:38 no default parameter for TCacheShape [id => apollo-react, phase => typescript, scope => TreeScope(TsParsedFile() / TsDeclModule(apollo-react/lib/ApolloProvider) / TsDeclInterface(ProviderProps) / TsMemberProperty(client) / TsTypeRef())] 
[warn ] DefaultedTypeArguments.scala:38 no default parameter for TCacheShape [id => apollo-react, phase => typescript, scope => TreeScope(TsParsedFile() / TsDeclModule(apollo-react/lib/ApolloProvider) / TsDeclInterface(ApolloProvider) / TsMemberProperty(client) / TsTypeRef())] 
[warn ] DefaultedTypeArguments.scala:38 no default parameter for TCacheShape [id => apollo-react, phase => typescript, scope => TreeScope(TsParsedFile() / TsDeclModule(apollo-react/lib/ApolloProvider) / TsDeclInterface(ApolloProvider) / TsMemberFunction(getChildContext) / TsFunSig() / TsTypeObject() / TsMemberProperty(client) / TsTypeRef())] 
[info ] ExtractInterfaces.scala:41 Extracted anonymous interface TsIdentSimple(Anon_Children) [id => apollo-react, phase => typescript, scope => TreeScope(TsParsedFile() / TsDeclModule(apollo-react/lib/ApolloProvider) / TsDeclClass(default) / TsMemberProperty(propTypes) / TsTypeObject())] 
[info ] ExtractInterfaces.scala:41 Extracted anonymous interface TsIdentSimple(Anon_Client) [id => apollo-react, phase => typescript, scope => TreeScope(TsParsedFile() / TsDeclModule(apollo-react/lib/ApolloProvider) / TsDeclClass(default) / TsMemberProperty(childContextTypes) / TsTypeObject())] 
[info ] ExtractInterfaces.scala:41 Extracted anonymous interface TsIdentSimple(Anon_ClientStore) [id => apollo-react, phase => typescript, scope => TreeScope(TsParsedFile() / TsDeclModule(apollo-react/lib/ApolloProvider) / TsDeclInterface(ApolloProvider) / TsMemberFunction(getChildContext) / TsFunSig() / TsTypeObject())] 
[info ] ExtractInterfaces.scala:41 Extracted anonymous interface TsIdentSimple(Anon_Children) [id => apollo-react, phase => typescript, scope => TreeScope(TsParsedFile() / TsDeclModule(apollo-react/lib/browser) / TsDeclClass(ApolloProvider) / TsMemberProperty(propTypes) / TsTypeObject())] 
[info ] ExtractInterfaces.scala:41 Extracted anonymous interface TsIdentSimple(Anon_Client) [id => apollo-react, phase => typescript, scope => TreeScope(TsParsedFile() / TsDeclModule(apollo-react/lib/browser) / TsDeclClass(ApolloProvider) / TsMemberProperty(childContextTypes) / TsTypeObject())] 
[info ] ExtractInterfaces.scala:41 Extracted anonymous interface TsIdentSimple(Anon_Children) [id => apollo-react, phase => typescript, scope => TreeScope(TsParsedFile() / TsDeclModule(apollo-react) / TsDeclClass(ApolloProvider) / TsMemberProperty(propTypes) / TsTypeObject())] 
[info ] ExtractInterfaces.scala:41 Extracted anonymous interface TsIdentSimple(Anon_Client) [id => apollo-react, phase => typescript, scope => TreeScope(TsParsedFile() / TsDeclModule(apollo-react) / TsDeclClass(ApolloProvider) / TsMemberProperty(childContextTypes) / TsTypeObject())] 
[debug] PhaseRunner.scala:84 Success [id => apollo-react, phase => typescript] 
[warn ] Phase2ToScalaJs.scala:42 Processing apollo-react [id => apollo-react, phase => scala.js] 
[debug] PhaseRunner.scala:84 Success [id => apollo-react, phase => scala.js] 
[warn ] Phase3CompileBloop.scala:245 Built apollo-react in 727 ms [id => apollo-react, phase => build] 
[info ] Phase3CompileBloop.scala:253 published local, [/home/tso/.ivy2/local/org.scalablytyped/apollo-react_sjs0.6_2.12/0.7.1-6674ca/jars/apollo-react_sjs0.6_2.12.jar, /home/tso/.ivy2/local/org.scalablytyped/apollo-react_sjs0.6_2.12/0.7.1-6674ca/srcs/apollo-react_sjs0.6_2.12-sources.jar, /home/tso/.ivy2/local/org.scalablytyped/apollo-react_sjs0.6_2.12/0.7.1-6674ca/ivys/ivy.xml, /home/tso/.ivy2/local/org.scalablytyped/apollo-react_sjs0.6_2.12/0.7.1-6674ca/poms/apollo-react_sjs0.6_2.12.pom] [id => apollo-react, phase => build] 
[debug] PhaseRunner.scala:84 Success [id => apollo-react, phase => build] 
[warn ] PhaseRunner.scala:70 Failed because of, [apollo-client => java.util.concurrent.ExecutionException: dispatch.StatusCode: Unexpected response status: 405] [id => apollo-react, phase => publish] 
[error] PhaseRunner.scala:88 Failure, [apollo-client => java.util.concurrent.ExecutionException: dispatch.StatusCode: Unexpected response status: 405] [id => apollo-react, phase => publish] 
