[debug] PhaseRunner.scala:78 Success [id => applicationinsights, phase => typescript] 
[debug] PhaseRunner.scala:78 Success [id => applicationinsights, phase => typescript] 
[debug] PhaseRunner.scala:78 Success [id => applicationinsights, phase => typescript] 
[debug] PhaseRunner.scala:78 Success [id => applicationinsights, phase => typescript] 
[debug] PhaseRunner.scala:78 Success [id => applicationinsights, phase => typescript] 
[debug] PhaseRunner.scala:78 Success [id => applicationinsights, phase => typescript] 
[debug] PhaseRunner.scala:78 Success [id => applicationinsights, phase => typescript] 
[debug] PhaseRunner.scala:78 Success [id => applicationinsights, phase => typescript] 
[debug] PhaseRunner.scala:78 Success [id => applicationinsights, phase => typescript] 
[debug] PhaseRunner.scala:78 Success [id => applicationinsights, phase => typescript] 
[debug] PhaseRunner.scala:78 Success [id => applicationinsights, phase => typescript] 
[debug] PhaseRunner.scala:78 Success [id => applicationinsights, phase => typescript] 
[debug] PhaseRunner.scala:78 Success [id => applicationinsights, phase => typescript] 
[debug] PhaseRunner.scala:78 Success [id => applicationinsights, phase => typescript] 
[debug] PhaseRunner.scala:78 Success [id => applicationinsights, phase => typescript] 
[debug] PhaseRunner.scala:78 Success [id => applicationinsights, phase => typescript] 
[debug] PhaseRunner.scala:78 Success [id => applicationinsights, phase => typescript] 
[debug] PhaseRunner.scala:78 Success [id => applicationinsights, phase => typescript] 
[debug] PhaseRunner.scala:78 Success [id => applicationinsights, phase => typescript] 
[info ] InferredDependency.scala:20 Inferred dependencies Set(TsIdentLibrarySimple(node)) for TsIdentLibrarySimple(applicationinsights) [id => applicationinsights, phase => typescript, file => ../Contracts/TelemetryTypes/NodeHttpRequestTelemetry.d.ts] 
[debug] PhaseRunner.scala:78 Success [id => applicationinsights, phase => typescript] 
[debug] PhaseRunner.scala:78 Success [id => applicationinsights, phase => typescript] 
[debug] PhaseRunner.scala:78 Success [id => applicationinsights, phase => typescript] 
[debug] PhaseRunner.scala:78 Success [id => applicationinsights, phase => typescript] 
[debug] PhaseRunner.scala:86 Ignored [id => applicationinsights, phase => typescript] 
[debug] PhaseRunner.scala:78 Success [id => applicationinsights, phase => typescript] 
[debug] PhaseRunner.scala:78 Success [id => applicationinsights, phase => typescript] 
[debug] PhaseRunner.scala:78 Success [id => applicationinsights, phase => typescript] 
[info ] InferredDependency.scala:20 Inferred dependencies Set(TsIdentLibrarySimple(node)) for TsIdentLibrarySimple(applicationinsights) [id => applicationinsights, phase => typescript, file => ../Contracts/TelemetryTypes/NodeHttpDependencyTelemetry.d.ts] 
[debug] PhaseRunner.scala:78 Success [id => applicationinsights, phase => typescript] 
[debug] PhaseRunner.scala:78 Success [id => applicationinsights, phase => typescript] 
[debug] PhaseRunner.scala:78 Success [id => applicationinsights, phase => typescript] 
[debug] PhaseRunner.scala:78 Success [id => applicationinsights, phase => typescript] 
[debug] PhaseRunner.scala:78 Success [id => applicationinsights, phase => typescript] 
[debug] PhaseRunner.scala:78 Success [id => applicationinsights, phase => typescript] 
[debug] PhaseRunner.scala:78 Success [id => applicationinsights, phase => typescript] 
[info ] InferredDependency.scala:20 Inferred dependencies Set(TsIdentLibrarySimple(node)) for TsIdentLibrarySimple(applicationinsights) [id => applicationinsights, phase => typescript, file => ../out/Library/Sender.d.ts] 
[info ] InferredDependency.scala:20 Inferred dependencies Set(TsIdentLibrarySimple(node)) for TsIdentLibrarySimple(applicationinsights) [id => applicationinsights, phase => typescript, file => ../out/Library/Config.d.ts] 
[debug] PhaseRunner.scala:78 Success [id => applicationinsights, phase => typescript] 
[debug] PhaseRunner.scala:78 Success [id => applicationinsights, phase => typescript] 
[debug] PhaseRunner.scala:78 Success [id => applicationinsights, phase => typescript] 
[debug] PhaseRunner.scala:78 Success [id => applicationinsights, phase => typescript] 
[debug] PhaseRunner.scala:78 Success [id => applicationinsights, phase => typescript] 
[debug] PhaseRunner.scala:78 Success [id => applicationinsights, phase => typescript] 
[debug] PhaseRunner.scala:78 Success [id => applicationinsights, phase => typescript] 
[debug] PhaseRunner.scala:78 Success [id => applicationinsights, phase => typescript] 
[info ] Phase1ReadTypescript.scala:152 Preprocessing TsHelperFile(InFile(/home/tso/tmp/tso-cache/npm/node_modules/applicationinsights/out/applicationinsights.d.ts),FromFolder(InFolder(/home/tso/tmp/tso-cache/npm/node_modules/applicationinsights),TsIdentLibrarySimple(applicationinsights)),TsIdentModule(None,List(applicationinsights))) [id => applicationinsights, phase => typescript] 
[info ] InferredDefaultModule.scala:39 Inferred module TsIdentModule(None,List(applicationinsights)) [id => applicationinsights, phase => typescript] 
[info ] Phase1ReadTypescript.scala:152 Preprocessing TsHelperFile(InFile(/home/tso/tmp/tso-cache/npm/node_modules/applicationinsights/out/AutoCollection/CorrelationContextManager.d.ts),FromFolder(InFolder(/home/tso/tmp/tso-cache/npm/node_modules/applicationinsights),TsIdentLibrarySimple(applicationinsights)),TsIdentModule(None,List(applicationinsights, out, AutoCollection, CorrelationContextManager))) [id => applicationinsights, phase => typescript] 
[info ] InferredDefaultModule.scala:39 Inferred module TsIdentModule(None,List(applicationinsights, out, AutoCollection, CorrelationContextManager)) [id => applicationinsights, phase => typescript] 
[info ] Phase1ReadTypescript.scala:152 Preprocessing TsHelperFile(InFile(/home/tso/tmp/tso-cache/npm/node_modules/applicationinsights/out/Library/Channel.d.ts),FromFolder(InFolder(/home/tso/tmp/tso-cache/npm/node_modules/applicationinsights),TsIdentLibrarySimple(applicationinsights)),TsIdentModule(None,List(applicationinsights, out, Library, Channel))) [id => applicationinsights, phase => typescript] 
[info ] InferredDefaultModule.scala:39 Inferred module TsIdentModule(None,List(applicationinsights, out, Library, Channel)) [id => applicationinsights, phase => typescript] 
[info ] Phase1ReadTypescript.scala:152 Preprocessing TsHelperFile(InFile(/home/tso/tmp/tso-cache/npm/node_modules/applicationinsights/out/Library/Config.d.ts),FromFolder(InFolder(/home/tso/tmp/tso-cache/npm/node_modules/applicationinsights),TsIdentLibrarySimple(applicationinsights)),TsIdentModule(None,List(applicationinsights, out, Library, Config))) [id => applicationinsights, phase => typescript] 
[info ] InferredDefaultModule.scala:39 Inferred module TsIdentModule(None,List(applicationinsights, out, Library, Config)) [id => applicationinsights, phase => typescript] 
[info ] Phase1ReadTypescript.scala:152 Preprocessing TsHelperFile(InFile(/home/tso/tmp/tso-cache/npm/node_modules/applicationinsights/out/Library/Context.d.ts),FromFolder(InFolder(/home/tso/tmp/tso-cache/npm/node_modules/applicationinsights),TsIdentLibrarySimple(applicationinsights)),TsIdentModule(None,List(applicationinsights, out, Library, Context))) [id => applicationinsights, phase => typescript] 
[info ] InferredDefaultModule.scala:39 Inferred module TsIdentModule(None,List(applicationinsights, out, Library, Context)) [id => applicationinsights, phase => typescript] 
[info ] Phase1ReadTypescript.scala:152 Preprocessing TsHelperFile(InFile(/home/tso/tmp/tso-cache/npm/node_modules/applicationinsights/out/Library/FlushOptions.d.ts),FromFolder(InFolder(/home/tso/tmp/tso-cache/npm/node_modules/applicationinsights),TsIdentLibrarySimple(applicationinsights)),TsIdentModule(None,List(applicationinsights, out, Library, FlushOptions))) [id => applicationinsights, phase => typescript] 
[info ] InferredDefaultModule.scala:39 Inferred module TsIdentModule(None,List(applicationinsights, out, Library, FlushOptions)) [id => applicationinsights, phase => typescript] 
[info ] Phase1ReadTypescript.scala:152 Preprocessing TsHelperFile(InFile(/home/tso/tmp/tso-cache/npm/node_modules/applicationinsights/out/Library/NodeClient.d.ts),FromFolder(InFolder(/home/tso/tmp/tso-cache/npm/node_modules/applicationinsights),TsIdentLibrarySimple(applicationinsights)),TsIdentModule(None,List(applicationinsights, out, Library, NodeClient))) [id => applicationinsights, phase => typescript] 
[info ] InferredDefaultModule.scala:39 Inferred module TsIdentModule(None,List(applicationinsights, out, Library, NodeClient)) [id => applicationinsights, phase => typescript] 
[info ] Phase1ReadTypescript.scala:152 Preprocessing TsHelperFile(InFile(/home/tso/tmp/tso-cache/npm/node_modules/applicationinsights/out/Library/Sender.d.ts),FromFolder(InFolder(/home/tso/tmp/tso-cache/npm/node_modules/applicationinsights),TsIdentLibrarySimple(applicationinsights)),TsIdentModule(None,List(applicationinsights, out, Library, Sender))) [id => applicationinsights, phase => typescript] 
[info ] InferredDefaultModule.scala:39 Inferred module TsIdentModule(None,List(applicationinsights, out, Library, Sender)) [id => applicationinsights, phase => typescript] 
[info ] Phase1ReadTypescript.scala:152 Preprocessing TsHelperFile(InFile(/home/tso/tmp/tso-cache/npm/node_modules/applicationinsights/out/Library/TelemetryClient.d.ts),FromFolder(InFolder(/home/tso/tmp/tso-cache/npm/node_modules/applicationinsights),TsIdentLibrarySimple(applicationinsights)),TsIdentModule(None,List(applicationinsights, out, Library, TelemetryClient))) [id => applicationinsights, phase => typescript] 
[info ] InferredDefaultModule.scala:39 Inferred module TsIdentModule(None,List(applicationinsights, out, Library, TelemetryClient)) [id => applicationinsights, phase => typescript] 
[info ] Phase1ReadTypescript.scala:152 Preprocessing TsHelperFile(InFile(/home/tso/tmp/tso-cache/npm/node_modules/applicationinsights/out/Declarations/Contracts/Constants.d.ts),FromFolder(InFolder(/home/tso/tmp/tso-cache/npm/node_modules/applicationinsights),TsIdentLibrarySimple(applicationinsights)),TsIdentModule(None,List(applicationinsights, out, Declarations, Contracts, Constants))) [id => applicationinsights, phase => typescript] 
[info ] InferredDefaultModule.scala:39 Inferred module TsIdentModule(None,List(applicationinsights, out, Declarations, Contracts, Constants)) [id => applicationinsights, phase => typescript] 
[info ] Phase1ReadTypescript.scala:152 Preprocessing TsHelperFile(InFile(/home/tso/tmp/tso-cache/npm/node_modules/applicationinsights/out/Declarations/Contracts/index.d.ts),FromFolder(InFolder(/home/tso/tmp/tso-cache/npm/node_modules/applicationinsights),TsIdentLibrarySimple(applicationinsights)),TsIdentModule(None,List(applicationinsights, out, Declarations, Contracts))) [id => applicationinsights, phase => typescript] 
[info ] InferredDefaultModule.scala:39 Inferred module TsIdentModule(None,List(applicationinsights, out, Declarations, Contracts)) [id => applicationinsights, phase => typescript] 
[info ] Phase1ReadTypescript.scala:152 Preprocessing TsHelperFile(InFile(/home/tso/tmp/tso-cache/npm/node_modules/applicationinsights/out/Declarations/Contracts/Generated/AvailabilityData.d.ts),FromFolder(InFolder(/home/tso/tmp/tso-cache/npm/node_modules/applicationinsights),TsIdentLibrarySimple(applicationinsights)),TsIdentModule(None,List(applicationinsights, out, Declarations, Contracts, Generated, AvailabilityData))) [id => applicationinsights, phase => typescript] 
[info ] InferredDefaultModule.scala:39 Inferred module TsIdentModule(None,List(applicationinsights, out, Declarations, Contracts, Generated, AvailabilityData)) [id => applicationinsights, phase => typescript] 
[info ] Phase1ReadTypescript.scala:152 Preprocessing TsHelperFile(InFile(/home/tso/tmp/tso-cache/npm/node_modules/applicationinsights/out/Declarations/Contracts/Generated/Base.d.ts),FromFolder(InFolder(/home/tso/tmp/tso-cache/npm/node_modules/applicationinsights),TsIdentLibrarySimple(applicationinsights)),TsIdentModule(None,List(applicationinsights, out, Declarations, Contracts, Generated, Base))) [id => applicationinsights, phase => typescript] 
[info ] InferredDefaultModule.scala:39 Inferred module TsIdentModule(None,List(applicationinsights, out, Declarations, Contracts, Generated, Base)) [id => applicationinsights, phase => typescript] 
[info ] Phase1ReadTypescript.scala:152 Preprocessing TsHelperFile(InFile(/home/tso/tmp/tso-cache/npm/node_modules/applicationinsights/out/Declarations/Contracts/Generated/ContextTagKeys.d.ts),FromFolder(InFolder(/home/tso/tmp/tso-cache/npm/node_modules/applicationinsights),TsIdentLibrarySimple(applicationinsights)),TsIdentModule(None,List(applicationinsights, out, Declarations, Contracts, Generated, ContextTagKeys))) [id => applicationinsights, phase => typescript] 
[info ] InferredDefaultModule.scala:39 Inferred module TsIdentModule(None,List(applicationinsights, out, Declarations, Contracts, Generated, ContextTagKeys)) [id => applicationinsights, phase => typescript] 
[info ] Phase1ReadTypescript.scala:152 Preprocessing TsHelperFile(InFile(/home/tso/tmp/tso-cache/npm/node_modules/applicationinsights/out/Declarations/Contracts/Generated/Data.d.ts),FromFolder(InFolder(/home/tso/tmp/tso-cache/npm/node_modules/applicationinsights),TsIdentLibrarySimple(applicationinsights)),TsIdentModule(None,List(applicationinsights, out, Declarations, Contracts, Generated, Data))) [id => applicationinsights, phase => typescript] 
[info ] InferredDefaultModule.scala:39 Inferred module TsIdentModule(None,List(applicationinsights, out, Declarations, Contracts, Generated, Data)) [id => applicationinsights, phase => typescript] 
[info ] Phase1ReadTypescript.scala:152 Preprocessing TsHelperFile(InFile(/home/tso/tmp/tso-cache/npm/node_modules/applicationinsights/out/Declarations/Contracts/Generated/DataPoint.d.ts),FromFolder(InFolder(/home/tso/tmp/tso-cache/npm/node_modules/applicationinsights),TsIdentLibrarySimple(applicationinsights)),TsIdentModule(None,List(applicationinsights, out, Declarations, Contracts, Generated, DataPoint))) [id => applicationinsights, phase => typescript] 
[info ] InferredDefaultModule.scala:39 Inferred module TsIdentModule(None,List(applicationinsights, out, Declarations, Contracts, Generated, DataPoint)) [id => applicationinsights, phase => typescript] 
[info ] Phase1ReadTypescript.scala:152 Preprocessing TsHelperFile(InFile(/home/tso/tmp/tso-cache/npm/node_modules/applicationinsights/out/Declarations/Contracts/Generated/DataPointType.d.ts),FromFolder(InFolder(/home/tso/tmp/tso-cache/npm/node_modules/applicationinsights),TsIdentLibrarySimple(applicationinsights)),TsIdentModule(None,List(applicationinsights, out, Declarations, Contracts, Generated, DataPointType))) [id => applicationinsights, phase => typescript] 
[info ] InferredDefaultModule.scala:39 Inferred module TsIdentModule(None,List(applicationinsights, out, Declarations, Contracts, Generated, DataPointType)) [id => applicationinsights, phase => typescript] 
[info ] Phase1ReadTypescript.scala:152 Preprocessing TsHelperFile(InFile(/home/tso/tmp/tso-cache/npm/node_modules/applicationinsights/out/Declarations/Contracts/Generated/Domain.d.ts),FromFolder(InFolder(/home/tso/tmp/tso-cache/npm/node_modules/applicationinsights),TsIdentLibrarySimple(applicationinsights)),TsIdentModule(None,List(applicationinsights, out, Declarations, Contracts, Generated, Domain))) [id => applicationinsights, phase => typescript] 
[info ] InferredDefaultModule.scala:39 Inferred module TsIdentModule(None,List(applicationinsights, out, Declarations, Contracts, Generated, Domain)) [id => applicationinsights, phase => typescript] 
[info ] Phase1ReadTypescript.scala:152 Preprocessing TsHelperFile(InFile(/home/tso/tmp/tso-cache/npm/node_modules/applicationinsights/out/Declarations/Contracts/Generated/Envelope.d.ts),FromFolder(InFolder(/home/tso/tmp/tso-cache/npm/node_modules/applicationinsights),TsIdentLibrarySimple(applicationinsights)),TsIdentModule(None,List(applicationinsights, out, Declarations, Contracts, Generated, Envelope))) [id => applicationinsights, phase => typescript] 
[info ] InferredDefaultModule.scala:39 Inferred module TsIdentModule(None,List(applicationinsights, out, Declarations, Contracts, Generated, Envelope)) [id => applicationinsights, phase => typescript] 
[info ] Phase1ReadTypescript.scala:152 Preprocessing TsHelperFile(InFile(/home/tso/tmp/tso-cache/npm/node_modules/applicationinsights/out/Declarations/Contracts/Generated/EventData.d.ts),FromFolder(InFolder(/home/tso/tmp/tso-cache/npm/node_modules/applicationinsights),TsIdentLibrarySimple(applicationinsights)),TsIdentModule(None,List(applicationinsights, out, Declarations, Contracts, Generated, EventData))) [id => applicationinsights, phase => typescript] 
[info ] InferredDefaultModule.scala:39 Inferred module TsIdentModule(None,List(applicationinsights, out, Declarations, Contracts, Generated, EventData)) [id => applicationinsights, phase => typescript] 
[info ] Phase1ReadTypescript.scala:152 Preprocessing TsHelperFile(InFile(/home/tso/tmp/tso-cache/npm/node_modules/applicationinsights/out/Declarations/Contracts/Generated/ExceptionData.d.ts),FromFolder(InFolder(/home/tso/tmp/tso-cache/npm/node_modules/applicationinsights),TsIdentLibrarySimple(applicationinsights)),TsIdentModule(None,List(applicationinsights, out, Declarations, Contracts, Generated, ExceptionData))) [id => applicationinsights, phase => typescript] 
[info ] InferredDefaultModule.scala:39 Inferred module TsIdentModule(None,List(applicationinsights, out, Declarations, Contracts, Generated, ExceptionData)) [id => applicationinsights, phase => typescript] 
[info ] Phase1ReadTypescript.scala:152 Preprocessing TsHelperFile(InFile(/home/tso/tmp/tso-cache/npm/node_modules/applicationinsights/out/Declarations/Contracts/Generated/ExceptionDetails.d.ts),FromFolder(InFolder(/home/tso/tmp/tso-cache/npm/node_modules/applicationinsights),TsIdentLibrarySimple(applicationinsights)),TsIdentModule(None,List(applicationinsights, out, Declarations, Contracts, Generated, ExceptionDetails))) [id => applicationinsights, phase => typescript] 
[info ] InferredDefaultModule.scala:39 Inferred module TsIdentModule(None,List(applicationinsights, out, Declarations, Contracts, Generated, ExceptionDetails)) [id => applicationinsights, phase => typescript] 
[info ] Phase1ReadTypescript.scala:152 Preprocessing TsHelperFile(InFile(/home/tso/tmp/tso-cache/npm/node_modules/applicationinsights/out/Declarations/Contracts/Generated/MessageData.d.ts),FromFolder(InFolder(/home/tso/tmp/tso-cache/npm/node_modules/applicationinsights),TsIdentLibrarySimple(applicationinsights)),TsIdentModule(None,List(applicationinsights, out, Declarations, Contracts, Generated, MessageData))) [id => applicationinsights, phase => typescript] 
[info ] InferredDefaultModule.scala:39 Inferred module TsIdentModule(None,List(applicationinsights, out, Declarations, Contracts, Generated, MessageData)) [id => applicationinsights, phase => typescript] 
[info ] Phase1ReadTypescript.scala:152 Preprocessing TsHelperFile(InFile(/home/tso/tmp/tso-cache/npm/node_modules/applicationinsights/out/Declarations/Contracts/Generated/MetricData.d.ts),FromFolder(InFolder(/home/tso/tmp/tso-cache/npm/node_modules/applicationinsights),TsIdentLibrarySimple(applicationinsights)),TsIdentModule(None,List(applicationinsights, out, Declarations, Contracts, Generated, MetricData))) [id => applicationinsights, phase => typescript] 
[info ] InferredDefaultModule.scala:39 Inferred module TsIdentModule(None,List(applicationinsights, out, Declarations, Contracts, Generated, MetricData)) [id => applicationinsights, phase => typescript] 
[info ] Phase1ReadTypescript.scala:152 Preprocessing TsHelperFile(InFile(/home/tso/tmp/tso-cache/npm/node_modules/applicationinsights/out/Declarations/Contracts/Generated/PageViewData.d.ts),FromFolder(InFolder(/home/tso/tmp/tso-cache/npm/node_modules/applicationinsights),TsIdentLibrarySimple(applicationinsights)),TsIdentModule(None,List(applicationinsights, out, Declarations, Contracts, Generated, PageViewData))) [id => applicationinsights, phase => typescript] 
[info ] InferredDefaultModule.scala:39 Inferred module TsIdentModule(None,List(applicationinsights, out, Declarations, Contracts, Generated, PageViewData)) [id => applicationinsights, phase => typescript] 
[info ] Phase1ReadTypescript.scala:152 Preprocessing TsHelperFile(InFile(/home/tso/tmp/tso-cache/npm/node_modules/applicationinsights/out/Declarations/Contracts/Generated/RemoteDependencyData.d.ts),FromFolder(InFolder(/home/tso/tmp/tso-cache/npm/node_modules/applicationinsights),TsIdentLibrarySimple(applicationinsights)),TsIdentModule(None,List(applicationinsights, out, Declarations, Contracts, Generated, RemoteDependencyData))) [id => applicationinsights, phase => typescript] 
[info ] InferredDefaultModule.scala:39 Inferred module TsIdentModule(None,List(applicationinsights, out, Declarations, Contracts, Generated, RemoteDependencyData)) [id => applicationinsights, phase => typescript] 
[info ] Phase1ReadTypescript.scala:152 Preprocessing TsHelperFile(InFile(/home/tso/tmp/tso-cache/npm/node_modules/applicationinsights/out/Declarations/Contracts/Generated/RequestData.d.ts),FromFolder(InFolder(/home/tso/tmp/tso-cache/npm/node_modules/applicationinsights),TsIdentLibrarySimple(applicationinsights)),TsIdentModule(None,List(applicationinsights, out, Declarations, Contracts, Generated, RequestData))) [id => applicationinsights, phase => typescript] 
[info ] InferredDefaultModule.scala:39 Inferred module TsIdentModule(None,List(applicationinsights, out, Declarations, Contracts, Generated, RequestData)) [id => applicationinsights, phase => typescript] 
[info ] Phase1ReadTypescript.scala:152 Preprocessing TsHelperFile(InFile(/home/tso/tmp/tso-cache/npm/node_modules/applicationinsights/out/Declarations/Contracts/Generated/SeverityLevel.d.ts),FromFolder(InFolder(/home/tso/tmp/tso-cache/npm/node_modules/applicationinsights),TsIdentLibrarySimple(applicationinsights)),TsIdentModule(None,List(applicationinsights, out, Declarations, Contracts, Generated, SeverityLevel))) [id => applicationinsights, phase => typescript] 
[info ] InferredDefaultModule.scala:39 Inferred module TsIdentModule(None,List(applicationinsights, out, Declarations, Contracts, Generated, SeverityLevel)) [id => applicationinsights, phase => typescript] 
[info ] Phase1ReadTypescript.scala:152 Preprocessing TsHelperFile(InFile(/home/tso/tmp/tso-cache/npm/node_modules/applicationinsights/out/Declarations/Contracts/Generated/StackFrame.d.ts),FromFolder(InFolder(/home/tso/tmp/tso-cache/npm/node_modules/applicationinsights),TsIdentLibrarySimple(applicationinsights)),TsIdentModule(None,List(applicationinsights, out, Declarations, Contracts, Generated, StackFrame))) [id => applicationinsights, phase => typescript] 
[info ] InferredDefaultModule.scala:39 Inferred module TsIdentModule(None,List(applicationinsights, out, Declarations, Contracts, Generated, StackFrame)) [id => applicationinsights, phase => typescript] 
[info ] Phase1ReadTypescript.scala:152 Preprocessing TsHelperFile(InFile(/home/tso/tmp/tso-cache/npm/node_modules/applicationinsights/out/Declarations/Contracts/Generated/index.d.ts),FromFolder(InFolder(/home/tso/tmp/tso-cache/npm/node_modules/applicationinsights),TsIdentLibrarySimple(applicationinsights)),TsIdentModule(None,List(applicationinsights, out, Declarations, Contracts, Generated))) [id => applicationinsights, phase => typescript] 
[info ] InferredDefaultModule.scala:39 Inferred module TsIdentModule(None,List(applicationinsights, out, Declarations, Contracts, Generated)) [id => applicationinsights, phase => typescript] 
[info ] Phase1ReadTypescript.scala:152 Preprocessing TsHelperFile(InFile(/home/tso/tmp/tso-cache/npm/node_modules/applicationinsights/out/Declarations/Contracts/TelemetryTypes/DependencyTelemetry.d.ts),FromFolder(InFolder(/home/tso/tmp/tso-cache/npm/node_modules/applicationinsights),TsIdentLibrarySimple(applicationinsights)),TsIdentModule(None,List(applicationinsights, out, Declarations, Contracts, TelemetryTypes, DependencyTelemetry))) [id => applicationinsights, phase => typescript] 
[info ] InferredDefaultModule.scala:39 Inferred module TsIdentModule(None,List(applicationinsights, out, Declarations, Contracts, TelemetryTypes, DependencyTelemetry)) [id => applicationinsights, phase => typescript] 
[info ] Phase1ReadTypescript.scala:152 Preprocessing TsHelperFile(InFile(/home/tso/tmp/tso-cache/npm/node_modules/applicationinsights/out/Declarations/Contracts/TelemetryTypes/EventTelemetry.d.ts),FromFolder(InFolder(/home/tso/tmp/tso-cache/npm/node_modules/applicationinsights),TsIdentLibrarySimple(applicationinsights)),TsIdentModule(None,List(applicationinsights, out, Declarations, Contracts, TelemetryTypes, EventTelemetry))) [id => applicationinsights, phase => typescript] 
[info ] InferredDefaultModule.scala:39 Inferred module TsIdentModule(None,List(applicationinsights, out, Declarations, Contracts, TelemetryTypes, EventTelemetry)) [id => applicationinsights, phase => typescript] 
[info ] Phase1ReadTypescript.scala:152 Preprocessing TsHelperFile(InFile(/home/tso/tmp/tso-cache/npm/node_modules/applicationinsights/out/Declarations/Contracts/TelemetryTypes/ExceptionTelemetry.d.ts),FromFolder(InFolder(/home/tso/tmp/tso-cache/npm/node_modules/applicationinsights),TsIdentLibrarySimple(applicationinsights)),TsIdentModule(None,List(applicationinsights, out, Declarations, Contracts, TelemetryTypes, ExceptionTelemetry))) [id => applicationinsights, phase => typescript] 
[info ] InferredDefaultModule.scala:39 Inferred module TsIdentModule(None,List(applicationinsights, out, Declarations, Contracts, TelemetryTypes, ExceptionTelemetry)) [id => applicationinsights, phase => typescript] 
[info ] Phase1ReadTypescript.scala:152 Preprocessing TsHelperFile(InFile(/home/tso/tmp/tso-cache/npm/node_modules/applicationinsights/out/Declarations/Contracts/TelemetryTypes/MetricTelemetry.d.ts),FromFolder(InFolder(/home/tso/tmp/tso-cache/npm/node_modules/applicationinsights),TsIdentLibrarySimple(applicationinsights)),TsIdentModule(None,List(applicationinsights, out, Declarations, Contracts, TelemetryTypes, MetricTelemetry))) [id => applicationinsights, phase => typescript] 
[info ] InferredDefaultModule.scala:39 Inferred module TsIdentModule(None,List(applicationinsights, out, Declarations, Contracts, TelemetryTypes, MetricTelemetry)) [id => applicationinsights, phase => typescript] 
[info ] Phase1ReadTypescript.scala:152 Preprocessing TsHelperFile(InFile(/home/tso/tmp/tso-cache/npm/node_modules/applicationinsights/out/Declarations/Contracts/TelemetryTypes/NodeHttpDependencyTelemetry.d.ts),FromFolder(InFolder(/home/tso/tmp/tso-cache/npm/node_modules/applicationinsights),TsIdentLibrarySimple(applicationinsights)),TsIdentModule(None,List(applicationinsights, out, Declarations, Contracts, TelemetryTypes, NodeHttpDependencyTelemetry))) [id => applicationinsights, phase => typescript] 
[info ] InferredDefaultModule.scala:39 Inferred module TsIdentModule(None,List(applicationinsights, out, Declarations, Contracts, TelemetryTypes, NodeHttpDependencyTelemetry)) [id => applicationinsights, phase => typescript] 
[info ] Phase1ReadTypescript.scala:152 Preprocessing TsHelperFile(InFile(/home/tso/tmp/tso-cache/npm/node_modules/applicationinsights/out/Declarations/Contracts/TelemetryTypes/NodeHttpRequestTelemetry.d.ts),FromFolder(InFolder(/home/tso/tmp/tso-cache/npm/node_modules/applicationinsights),TsIdentLibrarySimple(applicationinsights)),TsIdentModule(None,List(applicationinsights, out, Declarations, Contracts, TelemetryTypes, NodeHttpRequestTelemetry))) [id => applicationinsights, phase => typescript] 
[info ] InferredDefaultModule.scala:39 Inferred module TsIdentModule(None,List(applicationinsights, out, Declarations, Contracts, TelemetryTypes, NodeHttpRequestTelemetry)) [id => applicationinsights, phase => typescript] 
[info ] Phase1ReadTypescript.scala:152 Preprocessing TsHelperFile(InFile(/home/tso/tmp/tso-cache/npm/node_modules/applicationinsights/out/Declarations/Contracts/TelemetryTypes/RequestTelemetry.d.ts),FromFolder(InFolder(/home/tso/tmp/tso-cache/npm/node_modules/applicationinsights),TsIdentLibrarySimple(applicationinsights)),TsIdentModule(None,List(applicationinsights, out, Declarations, Contracts, TelemetryTypes, RequestTelemetry))) [id => applicationinsights, phase => typescript] 
[info ] InferredDefaultModule.scala:39 Inferred module TsIdentModule(None,List(applicationinsights, out, Declarations, Contracts, TelemetryTypes, RequestTelemetry)) [id => applicationinsights, phase => typescript] 
[info ] Phase1ReadTypescript.scala:152 Preprocessing TsHelperFile(InFile(/home/tso/tmp/tso-cache/npm/node_modules/applicationinsights/out/Declarations/Contracts/TelemetryTypes/Telemetry.d.ts),FromFolder(InFolder(/home/tso/tmp/tso-cache/npm/node_modules/applicationinsights),TsIdentLibrarySimple(applicationinsights)),TsIdentModule(None,List(applicationinsights, out, Declarations, Contracts, TelemetryTypes, Telemetry))) [id => applicationinsights, phase => typescript] 
[info ] InferredDefaultModule.scala:39 Inferred module TsIdentModule(None,List(applicationinsights, out, Declarations, Contracts, TelemetryTypes, Telemetry)) [id => applicationinsights, phase => typescript] 
[info ] Phase1ReadTypescript.scala:152 Preprocessing TsHelperFile(InFile(/home/tso/tmp/tso-cache/npm/node_modules/applicationinsights/out/Declarations/Contracts/TelemetryTypes/TelemetryType.d.ts),FromFolder(InFolder(/home/tso/tmp/tso-cache/npm/node_modules/applicationinsights),TsIdentLibrarySimple(applicationinsights)),TsIdentModule(None,List(applicationinsights, out, Declarations, Contracts, TelemetryTypes, TelemetryType))) [id => applicationinsights, phase => typescript] 
[info ] InferredDefaultModule.scala:39 Inferred module TsIdentModule(None,List(applicationinsights, out, Declarations, Contracts, TelemetryTypes, TelemetryType)) [id => applicationinsights, phase => typescript] 
[info ] Phase1ReadTypescript.scala:152 Preprocessing TsHelperFile(InFile(/home/tso/tmp/tso-cache/npm/node_modules/applicationinsights/out/Declarations/Contracts/TelemetryTypes/TraceTelemetry.d.ts),FromFolder(InFolder(/home/tso/tmp/tso-cache/npm/node_modules/applicationinsights),TsIdentLibrarySimple(applicationinsights)),TsIdentModule(None,List(applicationinsights, out, Declarations, Contracts, TelemetryTypes, TraceTelemetry))) [id => applicationinsights, phase => typescript] 
[info ] InferredDefaultModule.scala:39 Inferred module TsIdentModule(None,List(applicationinsights, out, Declarations, Contracts, TelemetryTypes, TraceTelemetry)) [id => applicationinsights, phase => typescript] 
[info ] Phase1ReadTypescript.scala:152 Preprocessing TsHelperFile(InFile(/home/tso/tmp/tso-cache/npm/node_modules/applicationinsights/out/Declarations/Contracts/TelemetryTypes/index.d.ts),FromFolder(InFolder(/home/tso/tmp/tso-cache/npm/node_modules/applicationinsights),TsIdentLibrarySimple(applicationinsights)),TsIdentModule(None,List(applicationinsights, out, Declarations, Contracts, TelemetryTypes))) [id => applicationinsights, phase => typescript] 
[info ] InferredDefaultModule.scala:39 Inferred module TsIdentModule(None,List(applicationinsights, out, Declarations, Contracts, TelemetryTypes)) [id => applicationinsights, phase => typescript] 
[warn ] Phase1ReadTypescript.scala:190 Processing TsIdentLibrarySimple(applicationinsights) [id => applicationinsights, phase => typescript] 
[warn ] QualifyReferences.scala:47 Couldn't qualify TsTypeRef(TsQIdent(List(TsIdentSimple(http), TsIdentSimple(ServerRequest))),List()), defaulting to any [id => applicationinsights, phase => typescript, scope => TreeScope(TsParsedFile() / TsDeclModule(applicationinsights/out/Declarations/Contracts/TelemetryTypes/NodeHttpRequestTelemetry) / TsExport() / TsExporteeTree() / TsDeclInterface(NodeHttpRequestTelemetry) / TsMemberProperty(request) / TsTypeRef())] 
[info ] ResolveTypeQueries.scala:94 Resolved TsTypeQuery(TsQIdent(List(TsIdentLibrarySimple(applicationinsights), TsIdentModule(None,List(applicationinsights)), TsIdentSimple(Configuration)))) [id => applicationinsights, phase => typescript, scope => TreeScope(TsParsedFile() / TsDeclModule(applicationinsights) / TsExport() / TsExporteeTree() / TsDeclFunction(setup) / TsFunSig() / TsTypeQuery())] 
[info ] ResolveTypeQueries.scala:94 Resolved TsTypeQuery(TsQIdent(List(TsIdentLibrarySimple(applicationinsights), TsIdentModule(None,List(applicationinsights)), TsIdentSimple(Configuration)))) [id => applicationinsights, phase => typescript, scope => TreeScope(TsParsedFile() / TsDeclModule(applicationinsights) / TsExport() / TsExporteeTree() / TsDeclFunction(start) / TsFunSig() / TsTypeQuery())] 
[info ] ResolveTypeQueries.scala:94 Resolved TsTypeQuery(TsQIdent(List(TsIdentLibrarySimple(applicationinsights), TsIdentModule(None,List(applicationinsights)), TsIdentSimple(start)))) [id => applicationinsights, phase => typescript, scope => TreeScope(TsParsedFile() / TsDeclModule(applicationinsights) / TsExport() / TsExporteeTree() / TsDeclClass(Configuration) / TsMemberProperty(start) / TsTypeQuery())] 
[info ] ResolveTypeQueries.scala:94 Resolved TsTypeQuery(TsQIdent(List(TsIdentLibrarySimple(applicationinsights), TsIdentModule(None,List(applicationinsights)), TsIdentSimple(Configuration)))) [id => applicationinsights, phase => typescript, scope => TreeScope(TsParsedFile() / TsDeclModule(applicationinsights) / TsExport() / TsExporteeTree() / TsDeclClass(Configuration) / TsMemberFunction(setAutoCollectConsole) / TsFunSig() / TsTypeQuery())] 
[info ] ResolveTypeQueries.scala:94 Resolved TsTypeQuery(TsQIdent(List(TsIdentLibrarySimple(applicationinsights), TsIdentModule(None,List(applicationinsights)), TsIdentSimple(Configuration)))) [id => applicationinsights, phase => typescript, scope => TreeScope(TsParsedFile() / TsDeclModule(applicationinsights) / TsExport() / TsExporteeTree() / TsDeclClass(Configuration) / TsMemberFunction(setAutoCollectExceptions) / TsFunSig() / TsTypeQuery())] 
[info ] ResolveTypeQueries.scala:94 Resolved TsTypeQuery(TsQIdent(List(TsIdentLibrarySimple(applicationinsights), TsIdentModule(None,List(applicationinsights)), TsIdentSimple(Configuration)))) [id => applicationinsights, phase => typescript, scope => TreeScope(TsParsedFile() / TsDeclModule(applicationinsights) / TsExport() / TsExporteeTree() / TsDeclClass(Configuration) / TsMemberFunction(setAutoCollectPerformance) / TsFunSig() / TsTypeQuery())] 
[info ] ResolveTypeQueries.scala:94 Resolved TsTypeQuery(TsQIdent(List(TsIdentLibrarySimple(applicationinsights), TsIdentModule(None,List(applicationinsights)), TsIdentSimple(Configuration)))) [id => applicationinsights, phase => typescript, scope => TreeScope(TsParsedFile() / TsDeclModule(applicationinsights) / TsExport() / TsExporteeTree() / TsDeclClass(Configuration) / TsMemberFunction(setAutoCollectRequests) / TsFunSig() / TsTypeQuery())] 
[info ] ResolveTypeQueries.scala:94 Resolved TsTypeQuery(TsQIdent(List(TsIdentLibrarySimple(applicationinsights), TsIdentModule(None,List(applicationinsights)), TsIdentSimple(Configuration)))) [id => applicationinsights, phase => typescript, scope => TreeScope(TsParsedFile() / TsDeclModule(applicationinsights) / TsExport() / TsExporteeTree() / TsDeclClass(Configuration) / TsMemberFunction(setAutoCollectDependencies) / TsFunSig() / TsTypeQuery())] 
[info ] ResolveTypeQueries.scala:94 Resolved TsTypeQuery(TsQIdent(List(TsIdentLibrarySimple(applicationinsights), TsIdentModule(None,List(applicationinsights)), TsIdentSimple(Configuration)))) [id => applicationinsights, phase => typescript, scope => TreeScope(TsParsedFile() / TsDeclModule(applicationinsights) / TsExport() / TsExporteeTree() / TsDeclClass(Configuration) / TsMemberFunction(setAutoDependencyCorrelation) / TsFunSig() / TsTypeQuery())] 
[info ] ResolveTypeQueries.scala:94 Resolved TsTypeQuery(TsQIdent(List(TsIdentLibrarySimple(applicationinsights), TsIdentModule(None,List(applicationinsights)), TsIdentSimple(Configuration)))) [id => applicationinsights, phase => typescript, scope => TreeScope(TsParsedFile() / TsDeclModule(applicationinsights) / TsExport() / TsExporteeTree() / TsDeclClass(Configuration) / TsMemberFunction(setUseDiskRetryCaching) / TsFunSig() / TsTypeQuery())] 
[info ] ResolveTypeQueries.scala:94 Resolved TsTypeQuery(TsQIdent(List(TsIdentLibrarySimple(applicationinsights), TsIdentModule(None,List(applicationinsights)), TsIdentSimple(Configuration)))) [id => applicationinsights, phase => typescript, scope => TreeScope(TsParsedFile() / TsDeclModule(applicationinsights) / TsExport() / TsExporteeTree() / TsDeclClass(Configuration) / TsMemberFunction(setInternalLogging) / TsFunSig() / TsTypeQuery())] 
[info ] ExpandCallables.scala:57 Expanded start into 1 methods [id => applicationinsights, phase => typescript, scope => TreeScope(TsParsedFile() / TsDeclModule(applicationinsights) / TsDeclClass(Configuration))] 
[info ] InferReturnTypes.scala:32 Could not infer return type [id => applicationinsights, phase => typescript, scope => TreeScope(TsParsedFile() / TsDeclModule(applicationinsights/out/AutoCollection/CorrelationContextManager) / TsDeclClass(CorrelationContextManager) / TsMemberFunction(patchTimers))] 
[info ] InferReturnTypes.scala:32 Could not infer return type [id => applicationinsights, phase => typescript, scope => TreeScope(TsParsedFile() / TsDeclModule(applicationinsights/out/AutoCollection/CorrelationContextManager) / TsDeclClass(CorrelationContextManager) / TsMemberFunction(patchError))] 
[info ] InferReturnTypes.scala:32 Could not infer return type [id => applicationinsights, phase => typescript, scope => TreeScope(TsParsedFile() / TsDeclModule(applicationinsights/out/Library/Channel) / TsDeclInterface(Channel) / TsMemberFunction(_stringify))] 
[info ] InferReturnTypes.scala:32 Could not infer return type [id => applicationinsights, phase => typescript, scope => TreeScope(TsParsedFile() / TsDeclModule(applicationinsights/out/Library/Config) / TsDeclClass(namespaced) / TsMemberFunction(_getInstrumentationKey))] 
[info ] InferReturnTypes.scala:32 Could not infer return type [id => applicationinsights, phase => typescript, scope => TreeScope(TsParsedFile() / TsDeclModule(applicationinsights/out/Library/Context) / TsDeclInterface(Context) / TsMemberFunction(_loadApplicationContext))] 
[info ] InferReturnTypes.scala:32 Could not infer return type [id => applicationinsights, phase => typescript, scope => TreeScope(TsParsedFile() / TsDeclModule(applicationinsights/out/Library/Context) / TsDeclInterface(Context) / TsMemberFunction(_loadDeviceContext))] 
[info ] InferReturnTypes.scala:32 Could not infer return type [id => applicationinsights, phase => typescript, scope => TreeScope(TsParsedFile() / TsDeclModule(applicationinsights/out/Library/Context) / TsDeclInterface(Context) / TsMemberFunction(_loadInternalContext))] 
[info ] InferReturnTypes.scala:32 Could not infer return type [id => applicationinsights, phase => typescript, scope => TreeScope(TsParsedFile() / TsDeclModule(applicationinsights/out/Library/Sender) / TsDeclInterface(Sender) / TsMemberFunction(_runICACLS))] 
[info ] InferReturnTypes.scala:32 Could not infer return type [id => applicationinsights, phase => typescript, scope => TreeScope(TsParsedFile() / TsDeclModule(applicationinsights/out/Library/Sender) / TsDeclInterface(Sender) / TsMemberFunction(_runICACLSSync))] 
[info ] InferReturnTypes.scala:32 Could not infer return type [id => applicationinsights, phase => typescript, scope => TreeScope(TsParsedFile() / TsDeclModule(applicationinsights/out/Library/Sender) / TsDeclInterface(Sender) / TsMemberFunction(_getACLIdentity))] 
[info ] InferReturnTypes.scala:32 Could not infer return type [id => applicationinsights, phase => typescript, scope => TreeScope(TsParsedFile() / TsDeclModule(applicationinsights/out/Library/Sender) / TsDeclInterface(Sender) / TsMemberFunction(_getACLIdentitySync))] 
[info ] InferReturnTypes.scala:32 Could not infer return type [id => applicationinsights, phase => typescript, scope => TreeScope(TsParsedFile() / TsDeclModule(applicationinsights/out/Library/Sender) / TsDeclInterface(Sender) / TsMemberFunction(_getACLArguments))] 
[info ] InferReturnTypes.scala:32 Could not infer return type [id => applicationinsights, phase => typescript, scope => TreeScope(TsParsedFile() / TsDeclModule(applicationinsights/out/Library/Sender) / TsDeclInterface(Sender) / TsMemberFunction(_applyACLRules))] 
[info ] InferReturnTypes.scala:32 Could not infer return type [id => applicationinsights, phase => typescript, scope => TreeScope(TsParsedFile() / TsDeclModule(applicationinsights/out/Library/Sender) / TsDeclInterface(Sender) / TsMemberFunction(_applyACLRulesSync))] 
[info ] InferReturnTypes.scala:32 Could not infer return type [id => applicationinsights, phase => typescript, scope => TreeScope(TsParsedFile() / TsDeclModule(applicationinsights/out/Library/Sender) / TsDeclInterface(Sender) / TsMemberFunction(_confirmDirExists))] 
[info ] InferReturnTypes.scala:32 Could not infer return type [id => applicationinsights, phase => typescript, scope => TreeScope(TsParsedFile() / TsDeclModule(applicationinsights/out/Library/Sender) / TsDeclInterface(Sender) / TsMemberFunction(_getShallowDirectorySize))] 
[info ] InferReturnTypes.scala:32 Could not infer return type [id => applicationinsights, phase => typescript, scope => TreeScope(TsParsedFile() / TsDeclModule(applicationinsights/out/Library/Sender) / TsDeclInterface(Sender) / TsMemberFunction(_getShallowDirectorySizeSync))] 
[info ] InferReturnTypes.scala:32 Could not infer return type [id => applicationinsights, phase => typescript, scope => TreeScope(TsParsedFile() / TsDeclModule(applicationinsights/out/Library/Sender) / TsDeclInterface(Sender) / TsMemberFunction(_storeToDisk))] 
[info ] InferReturnTypes.scala:32 Could not infer return type [id => applicationinsights, phase => typescript, scope => TreeScope(TsParsedFile() / TsDeclModule(applicationinsights/out/Library/Sender) / TsDeclInterface(Sender) / TsMemberFunction(_storeToDiskSync))] 
[info ] InferReturnTypes.scala:32 Could not infer return type [id => applicationinsights, phase => typescript, scope => TreeScope(TsParsedFile() / TsDeclModule(applicationinsights/out/Library/Sender) / TsDeclInterface(Sender) / TsMemberFunction(_sendFirstFileOnDisk))] 
[info ] InferReturnTypes.scala:32 Could not infer return type [id => applicationinsights, phase => typescript, scope => TreeScope(TsParsedFile() / TsDeclModule(applicationinsights/out/Library/Sender) / TsDeclInterface(Sender) / TsMemberFunction(_onErrorHelper))] 
[info ] InferReturnTypes.scala:32 Could not infer return type [id => applicationinsights, phase => typescript, scope => TreeScope(TsParsedFile() / TsDeclModule(applicationinsights/out/Library/TelemetryClient) / TsDeclInterface(TelemetryClient) / TsMemberFunction(runTelemetryProcessors))] 
[info ] ExtractInterfaces.scala:30 Extracted anonymous interface TsIdentSimple(Anon_Name) [id => applicationinsights, phase => typescript, scope => TreeScope(TsParsedFile() / TsDeclModule(applicationinsights/out/AutoCollection/CorrelationContextManager) / TsDeclInterface(CorrelationContext) / TsMemberProperty(operation) / TsTypeObject())] 
[debug] PhaseRunner.scala:78 Success [id => applicationinsights, phase => typescript] 
[warn ] Phase2ToScalaJs.scala:34 Processing TsIdentLibrarySimple(applicationinsights) [id => applicationinsights, phase => scala.js] 
[info ] ImportType.scala:160 Failed type conversion: TsTypeQuery(TsQIdent(List(TsIdentLibrarySimple(applicationinsights), TsIdentModule(None,List(applicationinsights)), TsIdentSimple(Configuration)))) [id => applicationinsights, phase => scala.js, scope => TreeScope(TsParsedFile() / TsDeclModule(applicationinsights) / TsDeclClass(Configuration) / TsMemberFunction(start) / TsTypeQuery())] 
[info ] ImportType.scala:160 Failed type conversion: TsTypeQuery(TsQIdent(List(TsIdentLibrarySimple(applicationinsights), TsIdentModule(None,List(applicationinsights)), TsIdentSimple(Configuration)))) [id => applicationinsights, phase => scala.js, scope => TreeScope(TsParsedFile() / TsDeclModule(applicationinsights) / TsDeclClass(Configuration) / TsMemberProperty(start) / TsTypeFunction() / TsTypeQuery())] 
[info ] CompleteClass.scala:60 Completed implementations Vector(baseType) [id => applicationinsights, phase => scala.js, this => Name(applicationinsightsLib) / Name(outDeclarationsContractsGeneratedBaseMod) / Name(namespaced)] 
[info ] CompleteClass.scala:60 Completed implementations Vector(userAccountId, internalSdkVersion, cloudRole, deviceModel, applicationVersion, deviceLocale, locationIp, deviceType, operationId, userAuthUserId, internalAgentVersion, internalNodeName, sessionId, operationParentId, deviceOEMName, sessionIsFirst, userId, deviceOSVersion, operationName, deviceId, operationSyntheticSource, operationCorrelationVector, cloudRoleInstance) [id => applicationinsights, phase => scala.js, this => Name(applicationinsightsLib) / Name(outDeclarationsContractsGeneratedContextTagKeysMod) / Name(namespaced)] 
[info ] CompleteClass.scala:60 Completed implementations Vector(name, count, min, max, kind, stdDev, value) [id => applicationinsights, phase => scala.js, this => Name(applicationinsightsLib) / Name(outDeclarationsContractsGeneratedDataPointMod) / Name(namespaced)] 
[info ] CompleteClass.scala:60 Completed implementations Vector(name, tags, data, sampleRate, ver, seq, iKey, time) [id => applicationinsights, phase => scala.js, this => Name(applicationinsightsLib) / Name(outDeclarationsContractsGeneratedEnvelopeMod) / Name(namespaced)] 
[info ] CompleteClass.scala:60 Completed implementations Vector(outerId, typeName, id, hasFullStack, stack, message, parsedStack) [id => applicationinsights, phase => scala.js, this => Name(applicationinsightsLib) / Name(outDeclarationsContractsGeneratedExceptionDetailsMod) / Name(namespaced)] 
[info ] CompleteClass.scala:60 Completed implementations Vector(method, line, assembly, fileName, level) [id => applicationinsights, phase => scala.js, this => Name(applicationinsightsLib) / Name(outDeclarationsContractsGeneratedStackFrameMod) / Name(namespaced)] 
[info ] CompleteClass.scala:60 Completed implementations Vector(correlationHeaderExcludedDomains, httpAgent, proxyHttpsUrl, endpointUrl, disableAppInsights, _profileQueryEndpoint, maxBatchSize, httpsAgent, setCorrelationId, endpointBase, profileQueryEndpoint, instrumentationKey, correlationIdRetryIntervalMs, maxBatchIntervalMs, correlationId, samplingPercentage, proxyHttpUrl) [id => applicationinsights, phase => scala.js, this => Name(applicationinsightsLib) / Name(outLibraryConfigMod) / Name(namespaced)] 
[debug] PhaseRunner.scala:78 Success [id => applicationinsights, phase => scala.js] 
[warn ] PhaseRunner.scala:64 Failed because of, [node => Compilation failed] [id => applicationinsights, phase => build] 
[debug] PhaseRunner.scala:82 Failure, [node => Compilation failed] [id => applicationinsights, phase => build] 
