[debug] PhaseRunner.scala:78 Success [id => arcgis-js-api, phase => typescript] 
[info ] Phase1ReadTypescript.scala:152 Preprocessing TsHelperFile(InFile(/home/tso/tmp/tso-cache/DefinitelyTyped/types/arcgis-js-api/index.d.ts),FromFolder(InFolder(/home/tso/tmp/tso-cache/DefinitelyTyped/types/arcgis-js-api),TsIdentLibrarySimple(arcgis-js-api)),TsIdentModule(None,List(arcgis-js-api))) [id => arcgis-js-api, phase => typescript] 
[warn ] Phase1ReadTypescript.scala:190 Processing TsIdentLibrarySimple(arcgis-js-api) [id => arcgis-js-api, phase => typescript] 
[warn ] ResolveTypeQueries.scala:98 Couldn't resolve TsTypeQuery(TsQIdent(List(TsIdentLibrarySimple(arcgis-js-api), TsIdentNamespace(__esri), TsIdentSimple(__classBreaksMapped), TsIdentSimple(classBreaks)))) [id => arcgis-js-api, phase => typescript, scope => TreeScope(TsParsedFile() / TsDeclNamespace(__esri) / TsExport() / TsExporteeTree() / TsDeclVar(classBreaks) / TsTypeQuery())] 
[warn ] ResolveTypeQueries.scala:98 Couldn't resolve TsTypeQuery(TsQIdent(List(TsIdentLibrarySimple(arcgis-js-api), TsIdentNamespace(__esri), TsIdentSimple(__histogramMapped), TsIdentSimple(histogram)))) [id => arcgis-js-api, phase => typescript, scope => TreeScope(TsParsedFile() / TsDeclNamespace(__esri) / TsExport() / TsExporteeTree() / TsDeclVar(histogram) / TsTypeQuery())] 
[warn ] ResolveTypeQueries.scala:98 Couldn't resolve TsTypeQuery(TsQIdent(List(TsIdentLibrarySimple(arcgis-js-api), TsIdentNamespace(__esri), TsIdentSimple(__summaryStatisticsMapped), TsIdentSimple(summaryStatistics)))) [id => arcgis-js-api, phase => typescript, scope => TreeScope(TsParsedFile() / TsDeclNamespace(__esri) / TsExport() / TsExporteeTree() / TsDeclVar(summaryStatistics) / TsTypeQuery())] 
[warn ] ResolveTypeQueries.scala:98 Couldn't resolve TsTypeQuery(TsQIdent(List(TsIdentLibrarySimple(arcgis-js-api), TsIdentNamespace(__esri), TsIdentSimple(__uniqueValuesMapped), TsIdentSimple(uniqueValues)))) [id => arcgis-js-api, phase => typescript, scope => TreeScope(TsParsedFile() / TsDeclNamespace(__esri) / TsExport() / TsExporteeTree() / TsDeclVar(uniqueValues) / TsTypeQuery())] 
[warn ] ResolveTypeQueries.scala:98 Couldn't resolve TsTypeQuery(TsQIdent(List(TsIdentLibrarySimple(arcgis-js-api), TsIdentNamespace(__esri), TsIdentSimple(__requestMapped), TsIdentSimple(esriRequest)))) [id => arcgis-js-api, phase => typescript, scope => TreeScope(TsParsedFile() / TsDeclNamespace(__esri) / TsExport() / TsExporteeTree() / TsDeclVar(request) / TsTypeQuery())] 
[info ] PreferTypeAlias.scala:112 Simplified to type alias [id => arcgis-js-api, phase => typescript, scope => TreeScope(TsParsedFile() / TsDeclNamespace(__esri) / TsDeclInterface(SizeVisualVariable))] 
[info ] ExpandCallables.scala:57 Expanded getHeader into 1 methods [id => arcgis-js-api, phase => typescript, scope => TreeScope(TsParsedFile() / TsDeclNamespace(__esri) / TsDeclInterface(EsriErrorDetails))] 
[info ] PreferTypeAlias.scala:112 Simplified to type alias [id => arcgis-js-api, phase => typescript, scope => TreeScope(TsParsedFile() / TsDeclNamespace(__esri) / TsDeclInterface(OpenStreetMapLayerProperties))] 
[info ] PreferTypeAlias.scala:112 Simplified to type alias [id => arcgis-js-api, phase => typescript, scope => TreeScope(TsParsedFile() / TsDeclNamespace(__esri) / TsDeclInterface(InheritedDomainProperties))] 
[info ] PreferTypeAlias.scala:112 Simplified to type alias [id => arcgis-js-api, phase => typescript, scope => TreeScope(TsParsedFile() / TsDeclNamespace(__esri) / TsDeclInterface(UnknownLayerProperties))] 
[info ] PreferTypeAlias.scala:112 Simplified to type alias [id => arcgis-js-api, phase => typescript, scope => TreeScope(TsParsedFile() / TsDeclNamespace(__esri) / TsDeclInterface(UnsupportedLayerProperties))] 
[info ] PreferTypeAlias.scala:112 Simplified to type alias [id => arcgis-js-api, phase => typescript, scope => TreeScope(TsParsedFile() / TsDeclNamespace(__esri) / TsDeclInterface(LineSymbol3DProperties))] 
[info ] PreferTypeAlias.scala:112 Simplified to type alias [id => arcgis-js-api, phase => typescript, scope => TreeScope(TsParsedFile() / TsDeclNamespace(__esri) / TsDeclInterface(MeshSymbol3DProperties))] 
[info ] PreferTypeAlias.scala:112 Simplified to type alias [id => arcgis-js-api, phase => typescript, scope => TreeScope(TsParsedFile() / TsDeclNamespace(__esri) / TsDeclInterface(PolygonSymbol3DProperties))] 
[info ] PreferTypeAlias.scala:112 Simplified to type alias [id => arcgis-js-api, phase => typescript, scope => TreeScope(TsParsedFile() / TsDeclNamespace(__esri) / TsDeclInterface(ClosestFacilityTaskProperties))] 
[info ] PreferTypeAlias.scala:112 Simplified to type alias [id => arcgis-js-api, phase => typescript, scope => TreeScope(TsParsedFile() / TsDeclNamespace(__esri) / TsDeclInterface(GeometryServiceProperties))] 
[info ] PreferTypeAlias.scala:112 Simplified to type alias [id => arcgis-js-api, phase => typescript, scope => TreeScope(TsParsedFile() / TsDeclNamespace(__esri) / TsDeclInterface(ImageServiceIdentifyTaskProperties))] 
[info ] PreferTypeAlias.scala:112 Simplified to type alias [id => arcgis-js-api, phase => typescript, scope => TreeScope(TsParsedFile() / TsDeclNamespace(__esri) / TsDeclInterface(RouteTaskProperties))] 
[info ] PreferTypeAlias.scala:112 Simplified to type alias [id => arcgis-js-api, phase => typescript, scope => TreeScope(TsParsedFile() / TsDeclNamespace(__esri) / TsDeclInterface(ServiceAreaTaskProperties))] 
[info ] PreferTypeAlias.scala:112 Simplified to type alias [id => arcgis-js-api, phase => typescript, scope => TreeScope(TsParsedFile() / TsDeclNamespace(__esri) / TsDeclInterface(TokenTaskProperties))] 
[info ] PreferTypeAlias.scala:112 Simplified to type alias [id => arcgis-js-api, phase => typescript, scope => TreeScope(TsParsedFile() / TsDeclNamespace(__esri) / TsDeclInterface(MultipointDrawActionProperties))] 
[info ] PreferTypeAlias.scala:112 Simplified to type alias [id => arcgis-js-api, phase => typescript, scope => TreeScope(TsParsedFile() / TsDeclNamespace(__esri) / TsDeclInterface(PointDrawActionProperties))] 
[info ] PreferTypeAlias.scala:112 Simplified to type alias [id => arcgis-js-api, phase => typescript, scope => TreeScope(TsParsedFile() / TsDeclNamespace(__esri) / TsDeclInterface(CSVLayerViewProperties))] 
[info ] PreferTypeAlias.scala:112 Simplified to type alias [id => arcgis-js-api, phase => typescript, scope => TreeScope(TsParsedFile() / TsDeclNamespace(__esri) / TsDeclInterface(FeatureLayerViewProperties))] 
[info ] PreferTypeAlias.scala:112 Simplified to type alias [id => arcgis-js-api, phase => typescript, scope => TreeScope(TsParsedFile() / TsDeclNamespace(__esri) / TsDeclInterface(GraphicsLayerViewProperties))] 
[info ] PreferTypeAlias.scala:112 Simplified to type alias [id => arcgis-js-api, phase => typescript, scope => TreeScope(TsParsedFile() / TsDeclNamespace(__esri) / TsDeclInterface(KMLLayerViewProperties))] 
[info ] PreferTypeAlias.scala:112 Simplified to type alias [id => arcgis-js-api, phase => typescript, scope => TreeScope(TsParsedFile() / TsDeclNamespace(__esri) / TsDeclInterface(SceneLayerViewProperties))] 
[info ] ExpandCallables.scala:57 Expanded listItemCreatedFunction into 1 methods [id => arcgis-js-api, phase => typescript, scope => TreeScope(TsParsedFile() / TsDeclNamespace(__esri) / TsDeclInterface(LayerList))] 
[info ] ExpandCallables.scala:57 Expanded goToOverride into 1 methods [id => arcgis-js-api, phase => typescript, scope => TreeScope(TsParsedFile() / TsDeclNamespace(__esri) / TsDeclInterface(GoTo))] 
[info ] ExtractInterfaces.scala:30 Extracted anonymous interface TsIdentSimple(Anon_Items) [id => arcgis-js-api, phase => typescript, scope => TreeScope(TsParsedFile() / TsDeclNamespace(__esri) / TsDeclClass(Collection) / TsMemberFunction(ofType) / TsFunSig() / TsTypeConstructor() / TsTypeFunction() / TsFunSig() / TsFunParam() / TsTypeUnion() / TsTypeObject())] 
[info ] ExtractInterfaces.scala:30 Extracted anonymous interface TsIdentSimple(Anon_Items) [id => arcgis-js-api, phase => typescript, scope => TreeScope(TsParsedFile() / TsDeclNamespace(__esri) / TsDeclClass(Collection) / TsMemberFunction(ofType) / TsFunSig() / TsTypeConstructor() / TsTypeFunction() / TsFunSig() / TsFunParam() / TsTypeUnion() / TsTypeObject())] 
[info ] ExtractInterfaces.scala:30 Extracted anonymous interface TsIdentSimple(Anon_Items) [id => arcgis-js-api, phase => typescript, scope => TreeScope(TsParsedFile() / TsDeclModule(esri/core/Collection) / TsDeclClass(namespaced) / TsMemberFunction(ofType) / TsFunSig() / TsTypeConstructor() / TsTypeFunction() / TsFunSig() / TsFunParam() / TsTypeUnion() / TsTypeObject())] 
[info ] ExtractInterfaces.scala:30 Extracted anonymous interface TsIdentSimple(Anon_Items) [id => arcgis-js-api, phase => typescript, scope => TreeScope(TsParsedFile() / TsDeclModule(esri/core/Collection) / TsDeclClass(namespaced) / TsMemberFunction(ofType) / TsFunSig() / TsTypeConstructor() / TsTypeFunction() / TsFunSig() / TsFunParam() / TsTypeUnion() / TsTypeObject())] 
[debug] PhaseRunner.scala:78 Success [id => arcgis-js-api, phase => typescript] 
[warn ] Phase2ToScalaJs.scala:34 Processing TsIdentLibrarySimple(arcgis-js-api) [id => arcgis-js-api, phase => scala.js] 
[info ] RemoveDuplicateInheritance.scala:55 Dropped parents QualifiedName(List(Name(arcgisDashJsDashApiLib), Name(underscoreUnderscoreEsriNs), Name(JSONSupport))) at Name(arcgisDashJsDashApiLib) / Name(underscoreUnderscoreEsriNs) / Name(LocatorSearchSource) because allParentRefs = Set(TypeRef(QualifiedName(List(Name(arcgisDashJsDashApiLib), Name(underscoreUnderscoreEsriNs), Name(JSONSupport))),List(),NoComments)) [id => arcgis-js-api, phase => scala.js, this => Name(arcgisDashJsDashApiLib) / Name(underscoreUnderscoreEsriNs) / Name(LocatorSearchSource)] 
[info ] RemoveDuplicateInheritance.scala:55 Dropped parents QualifiedName(List(Name(arcgisDashJsDashApiLib), Name(underscoreUnderscoreEsriNs), Name(Accessor))) at Name(arcgisDashJsDashApiLib) / Name(underscoreUnderscoreEsriNs) / Name(DirectionsFeatureSet) because allParentRefs = Set(TypeRef(QualifiedName(List(Name(arcgisDashJsDashApiLib), Name(underscoreUnderscoreEsriNs), Name(Accessor))),List(),NoComments), TypeRef(QualifiedName(List(Name(arcgisDashJsDashApiLib), Name(underscoreUnderscoreEsriNs), Name(JSONSupport))),List(),NoComments)) [id => arcgis-js-api, phase => scala.js, this => Name(arcgisDashJsDashApiLib) / Name(underscoreUnderscoreEsriNs) / Name(DirectionsFeatureSet)] 
[info ] RemoveDuplicateInheritance.scala:55 Dropped parents QualifiedName(List(Name(arcgisDashJsDashApiLib), Name(underscoreUnderscoreEsriNs), Name(JSONSupport))) at Name(arcgisDashJsDashApiLib) / Name(underscoreUnderscoreEsriNs) / Name(FeatureLayerSearchSource) because allParentRefs = Set(TypeRef(QualifiedName(List(Name(arcgisDashJsDashApiLib), Name(underscoreUnderscoreEsriNs), Name(JSONSupport))),List(),NoComments)) [id => arcgis-js-api, phase => scala.js, this => Name(arcgisDashJsDashApiLib) / Name(underscoreUnderscoreEsriNs) / Name(FeatureLayerSearchSource)] 
[info ] RemoveDuplicateInheritance.scala:55 Dropped parents QualifiedName(List(Name(arcgisDashJsDashApiLib), Name(underscoreUnderscoreEsriNs), Name(Evented))) at Name(arcgisDashJsDashApiLib) / Name(underscoreUnderscoreEsriNs) / Name(Popup) because allParentRefs = Set(TypeRef(QualifiedName(List(Name(arcgisDashJsDashApiLib), Name(underscoreUnderscoreEsriNs), Name(Accessor))),List(),NoComments), TypeRef(QualifiedName(List(Name(arcgisDashJsDashApiLib), Name(underscoreUnderscoreEsriNs), Name(Evented))),List(),NoComments)) [id => arcgis-js-api, phase => scala.js, this => Name(arcgisDashJsDashApiLib) / Name(underscoreUnderscoreEsriNs) / Name(Popup)] 
[info ] RemoveDuplicateInheritance.scala:55 Dropped parents QualifiedName(List(Name(arcgisDashJsDashApiLib), Name(underscoreUnderscoreEsriNs), Name(JSONSupport))) at Name(arcgisDashJsDashApiLib) / Name(underscoreUnderscoreEsriNs) / Name(ColorBackground) because allParentRefs = Set(TypeRef(QualifiedName(List(Name(arcgisDashJsDashApiLib), Name(underscoreUnderscoreEsriNs), Name(Accessor))),List(),NoComments), TypeRef(QualifiedName(List(Name(arcgisDashJsDashApiLib), Name(underscoreUnderscoreEsriNs), Name(JSONSupport))),List(),NoComments)) [id => arcgis-js-api, phase => scala.js, this => Name(arcgisDashJsDashApiLib) / Name(underscoreUnderscoreEsriNs) / Name(ColorBackground)] 
[info ] RemoveMultipleInheritance.scala:39 Dropped parents List(arcgisDashJsDashApiLib.underscoreUnderscoreEsriNs.ArcGISImageServiceProperties because Would inherit conflicting mutable fields List(fullExtent)) [id => arcgis-js-api, phase => scala.js, this => Name(arcgisDashJsDashApiLib) / Name(underscoreUnderscoreEsriNs) / Name(ImageryLayerProperties)] 
[info ] RemoveMultipleInheritance.scala:39 Dropped parents List(arcgisDashJsDashApiLib.underscoreUnderscoreEsriNs.ArcGISMapServiceProperties because Would inherit conflicting mutable fields List(fullExtent)) [id => arcgis-js-api, phase => scala.js, this => Name(arcgisDashJsDashApiLib) / Name(underscoreUnderscoreEsriNs) / Name(TileLayerProperties)] 
[info ] RemoveMultipleInheritance.scala:39 Dropped parents List(arcgisDashJsDashApiLib.underscoreUnderscoreEsriNs.ArcGISMapService because Would inherit conflicting mutable fields List(fullExtent)) [id => arcgis-js-api, phase => scala.js, this => Name(arcgisDashJsDashApiLib) / Name(underscoreUnderscoreEsriNs) / Name(TileLayer)] 
[info ] RemoveMultipleInheritance.scala:39 Dropped parents List(arcgisDashJsDashApiLib.underscoreUnderscoreEsriNs.ArcGISImageService because Would inherit conflicting mutable fields List(fullExtent)) [id => arcgis-js-api, phase => scala.js, this => Name(arcgisDashJsDashApiLib) / Name(underscoreUnderscoreEsriNs) / Name(ImageryLayer)] 
[info ] RemoveMultipleInheritance.scala:39 Dropped parents List(arcgisDashJsDashApiLib.underscoreUnderscoreEsriNs.ArcGISMapServiceProperties because Would inherit conflicting mutable fields List(fullExtent)) [id => arcgis-js-api, phase => scala.js, this => Name(arcgisDashJsDashApiLib) / Name(underscoreUnderscoreEsriNs) / Name(MapImageLayerProperties)] 
[info ] RemoveMultipleInheritance.scala:39 Dropped parents List(arcgisDashJsDashApiLib.underscoreUnderscoreEsriNs.ArcGISMapService because Would inherit conflicting mutable fields List(fullExtent)) [id => arcgis-js-api, phase => scala.js, this => Name(arcgisDashJsDashApiLib) / Name(underscoreUnderscoreEsriNs) / Name(MapImageLayer)] 
[info ] InferMemberOverrides.scala:84 added override methods List(Name(destroy)) [id => arcgis-js-api, phase => scala.js, this => Name(arcgisDashJsDashApiLib) / Name(underscoreUnderscoreEsriNs) / Name(ColorSlider)] 
[info ] InferMemberOverrides.scala:84 added override methods List(Name(destroy)) [id => arcgis-js-api, phase => scala.js, this => Name(arcgisDashJsDashApiLib) / Name(underscoreUnderscoreEsriNs) / Name(SizeSlider)] 
[info ] InferMemberOverrides.scala:84 added override methods List(Name(destroy)) [id => arcgis-js-api, phase => scala.js, this => Name(arcgisDashJsDashApiLib) / Name(underscoreUnderscoreEsriNs) / Name(UnivariateColorSizeSlider)] 
[info ] CompleteClass.scala:60 Completed implementations Vector(hasEventListener, on, emit) [id => arcgis-js-api, phase => scala.js, this => Name(arcgisDashJsDashApiLib) / Name(underscoreUnderscoreEsriNs) / Name(Collection)] 
[debug] PhaseRunner.scala:78 Success [id => arcgis-js-api, phase => scala.js] 
[error] unknown file:-1 bad option: -P:scalajs:sjsDefinedByDefault,  [id => arcgis-js-api, phase => build] 
[debug] PhaseRunner.scala:82 Failure, [arcgis-js-api => Compilation failed] [id => arcgis-js-api, phase => build] 
