[debug] PhaseRunner.scala:82 Success [id => asmcrypto.js, phase => typescript] 
[debug] PhaseRunner.scala:82 Success [id => asmcrypto.js, phase => typescript] 
[debug] PhaseRunner.scala:82 Success [id => asmcrypto.js, phase => typescript] 
[debug] PhaseRunner.scala:82 Success [id => asmcrypto.js, phase => typescript] 
[debug] PhaseRunner.scala:82 Success [id => asmcrypto.js, phase => typescript] 
[debug] PhaseRunner.scala:82 Success [id => asmcrypto.js, phase => typescript] 
[debug] PhaseRunner.scala:82 Success [id => asmcrypto.js, phase => typescript] 
[debug] PhaseRunner.scala:82 Success [id => asmcrypto.js, phase => typescript] 
[debug] PhaseRunner.scala:82 Success [id => asmcrypto.js, phase => typescript] 
[debug] PhaseRunner.scala:82 Success [id => asmcrypto.js, phase => typescript] 
[debug] PhaseRunner.scala:82 Success [id => asmcrypto.js, phase => typescript] 
[debug] PhaseRunner.scala:90 Ignored [id => asmcrypto.js, phase => typescript] 
[debug] PhaseRunner.scala:82 Success [id => asmcrypto.js, phase => typescript] 
[debug] PhaseRunner.scala:82 Success [id => asmcrypto.js, phase => typescript] 
[debug] PhaseRunner.scala:82 Success [id => asmcrypto.js, phase => typescript] 
[debug] PhaseRunner.scala:82 Success [id => asmcrypto.js, phase => typescript] 
[debug] PhaseRunner.scala:82 Success [id => asmcrypto.js, phase => typescript] 
[debug] PhaseRunner.scala:82 Success [id => asmcrypto.js, phase => typescript] 
[debug] PhaseRunner.scala:82 Success [id => asmcrypto.js, phase => typescript] 
[debug] PhaseRunner.scala:82 Success [id => asmcrypto.js, phase => typescript] 
[debug] PhaseRunner.scala:82 Success [id => asmcrypto.js, phase => typescript] 
[debug] PhaseRunner.scala:82 Success [id => asmcrypto.js, phase => typescript] 
[debug] PhaseRunner.scala:82 Success [id => asmcrypto.js, phase => typescript] 
[debug] PhaseRunner.scala:82 Success [id => asmcrypto.js, phase => typescript] 
[debug] PhaseRunner.scala:82 Success [id => asmcrypto.js, phase => typescript] 
[debug] PhaseRunner.scala:82 Success [id => asmcrypto.js, phase => typescript] 
[debug] PhaseRunner.scala:82 Success [id => asmcrypto.js, phase => typescript] 
[debug] PhaseRunner.scala:82 Success [id => asmcrypto.js, phase => typescript] 
[debug] PhaseRunner.scala:82 Success [id => asmcrypto.js, phase => typescript] 
[debug] PhaseRunner.scala:82 Success [id => asmcrypto.js, phase => typescript] 
[debug] PhaseRunner.scala:82 Success [id => asmcrypto.js, phase => typescript] 
[debug] PhaseRunner.scala:82 Success [id => asmcrypto.js, phase => typescript] 
[debug] PhaseRunner.scala:82 Success [id => asmcrypto.js, phase => typescript] 
[debug] PhaseRunner.scala:82 Success [id => asmcrypto.js, phase => typescript] 
[info ] Phase1ReadTypescript.scala:163 Preprocessing TsHelperFile(InFile(/home/tso/tmp/tso-cache/npm/node_modules/asmcrypto.js/dist_es8/aes/aes.asm.d.ts),FromFolder(InFolder(/home/tso/tmp/tso-cache/npm/node_modules/asmcrypto.js),TsIdentLibrarySimple(asmcrypto.js)),TsIdentModule(None,List(asmcrypto.js, dist_es8, aes, aes.asm))) [id => asmcrypto.js, phase => typescript] 
[info ] InferredDefaultModule.scala:39 Inferred module TsIdentModule(None,List(asmcrypto.js, dist_es8, aes, aes.asm)) [id => asmcrypto.js, phase => typescript] 
[info ] Phase1ReadTypescript.scala:163 Preprocessing TsHelperFile(InFile(/home/tso/tmp/tso-cache/npm/node_modules/asmcrypto.js/dist_es8/aes/aes.d.ts),FromFolder(InFolder(/home/tso/tmp/tso-cache/npm/node_modules/asmcrypto.js),TsIdentLibrarySimple(asmcrypto.js)),TsIdentModule(None,List(asmcrypto.js, dist_es8, aes, aes))) [id => asmcrypto.js, phase => typescript] 
[info ] InferredDefaultModule.scala:39 Inferred module TsIdentModule(None,List(asmcrypto.js, dist_es8, aes, aes)) [id => asmcrypto.js, phase => typescript] 
[info ] Phase1ReadTypescript.scala:163 Preprocessing TsHelperFile(InFile(/home/tso/tmp/tso-cache/npm/node_modules/asmcrypto.js/dist_es8/aes/cbc.d.ts),FromFolder(InFolder(/home/tso/tmp/tso-cache/npm/node_modules/asmcrypto.js),TsIdentLibrarySimple(asmcrypto.js)),TsIdentModule(None,List(asmcrypto.js, dist_es8, aes, cbc))) [id => asmcrypto.js, phase => typescript] 
[info ] InferredDefaultModule.scala:39 Inferred module TsIdentModule(None,List(asmcrypto.js, dist_es8, aes, cbc)) [id => asmcrypto.js, phase => typescript] 
[info ] Phase1ReadTypescript.scala:163 Preprocessing TsHelperFile(InFile(/home/tso/tmp/tso-cache/npm/node_modules/asmcrypto.js/dist_es8/aes/ccm.d.ts),FromFolder(InFolder(/home/tso/tmp/tso-cache/npm/node_modules/asmcrypto.js),TsIdentLibrarySimple(asmcrypto.js)),TsIdentModule(None,List(asmcrypto.js, dist_es8, aes, ccm))) [id => asmcrypto.js, phase => typescript] 
[info ] InferredDefaultModule.scala:39 Inferred module TsIdentModule(None,List(asmcrypto.js, dist_es8, aes, ccm)) [id => asmcrypto.js, phase => typescript] 
[info ] Phase1ReadTypescript.scala:163 Preprocessing TsHelperFile(InFile(/home/tso/tmp/tso-cache/npm/node_modules/asmcrypto.js/dist_es8/aes/cfb.d.ts),FromFolder(InFolder(/home/tso/tmp/tso-cache/npm/node_modules/asmcrypto.js),TsIdentLibrarySimple(asmcrypto.js)),TsIdentModule(None,List(asmcrypto.js, dist_es8, aes, cfb))) [id => asmcrypto.js, phase => typescript] 
[info ] InferredDefaultModule.scala:39 Inferred module TsIdentModule(None,List(asmcrypto.js, dist_es8, aes, cfb)) [id => asmcrypto.js, phase => typescript] 
[info ] Phase1ReadTypescript.scala:163 Preprocessing TsHelperFile(InFile(/home/tso/tmp/tso-cache/npm/node_modules/asmcrypto.js/dist_es8/aes/cmac.d.ts),FromFolder(InFolder(/home/tso/tmp/tso-cache/npm/node_modules/asmcrypto.js),TsIdentLibrarySimple(asmcrypto.js)),TsIdentModule(None,List(asmcrypto.js, dist_es8, aes, cmac))) [id => asmcrypto.js, phase => typescript] 
[info ] InferredDefaultModule.scala:39 Inferred module TsIdentModule(None,List(asmcrypto.js, dist_es8, aes, cmac)) [id => asmcrypto.js, phase => typescript] 
[info ] Phase1ReadTypescript.scala:163 Preprocessing TsHelperFile(InFile(/home/tso/tmp/tso-cache/npm/node_modules/asmcrypto.js/dist_es8/aes/ctr.d.ts),FromFolder(InFolder(/home/tso/tmp/tso-cache/npm/node_modules/asmcrypto.js),TsIdentLibrarySimple(asmcrypto.js)),TsIdentModule(None,List(asmcrypto.js, dist_es8, aes, ctr))) [id => asmcrypto.js, phase => typescript] 
[info ] InferredDefaultModule.scala:39 Inferred module TsIdentModule(None,List(asmcrypto.js, dist_es8, aes, ctr)) [id => asmcrypto.js, phase => typescript] 
[info ] Phase1ReadTypescript.scala:163 Preprocessing TsHelperFile(InFile(/home/tso/tmp/tso-cache/npm/node_modules/asmcrypto.js/dist_es8/aes/ecb.d.ts),FromFolder(InFolder(/home/tso/tmp/tso-cache/npm/node_modules/asmcrypto.js),TsIdentLibrarySimple(asmcrypto.js)),TsIdentModule(None,List(asmcrypto.js, dist_es8, aes, ecb))) [id => asmcrypto.js, phase => typescript] 
[info ] InferredDefaultModule.scala:39 Inferred module TsIdentModule(None,List(asmcrypto.js, dist_es8, aes, ecb)) [id => asmcrypto.js, phase => typescript] 
[info ] Phase1ReadTypescript.scala:163 Preprocessing TsHelperFile(InFile(/home/tso/tmp/tso-cache/npm/node_modules/asmcrypto.js/dist_es8/aes/gcm.d.ts),FromFolder(InFolder(/home/tso/tmp/tso-cache/npm/node_modules/asmcrypto.js),TsIdentLibrarySimple(asmcrypto.js)),TsIdentModule(None,List(asmcrypto.js, dist_es8, aes, gcm))) [id => asmcrypto.js, phase => typescript] 
[info ] InferredDefaultModule.scala:39 Inferred module TsIdentModule(None,List(asmcrypto.js, dist_es8, aes, gcm)) [id => asmcrypto.js, phase => typescript] 
[info ] Phase1ReadTypescript.scala:163 Preprocessing TsHelperFile(InFile(/home/tso/tmp/tso-cache/npm/node_modules/asmcrypto.js/dist_es8/aes/ofb.d.ts),FromFolder(InFolder(/home/tso/tmp/tso-cache/npm/node_modules/asmcrypto.js),TsIdentLibrarySimple(asmcrypto.js)),TsIdentModule(None,List(asmcrypto.js, dist_es8, aes, ofb))) [id => asmcrypto.js, phase => typescript] 
[info ] InferredDefaultModule.scala:39 Inferred module TsIdentModule(None,List(asmcrypto.js, dist_es8, aes, ofb)) [id => asmcrypto.js, phase => typescript] 
[info ] Phase1ReadTypescript.scala:163 Preprocessing TsHelperFile(InFile(/home/tso/tmp/tso-cache/npm/node_modules/asmcrypto.js/dist_es8/bignum/bigint.asm.d.ts),FromFolder(InFolder(/home/tso/tmp/tso-cache/npm/node_modules/asmcrypto.js),TsIdentLibrarySimple(asmcrypto.js)),TsIdentModule(None,List(asmcrypto.js, dist_es8, bignum, bigint.asm))) [id => asmcrypto.js, phase => typescript] 
[info ] InferredDefaultModule.scala:39 Inferred module TsIdentModule(None,List(asmcrypto.js, dist_es8, bignum, bigint.asm)) [id => asmcrypto.js, phase => typescript] 
[info ] Phase1ReadTypescript.scala:163 Preprocessing TsHelperFile(InFile(/home/tso/tmp/tso-cache/npm/node_modules/asmcrypto.js/dist_es8/bignum/bignum.d.ts),FromFolder(InFolder(/home/tso/tmp/tso-cache/npm/node_modules/asmcrypto.js),TsIdentLibrarySimple(asmcrypto.js)),TsIdentModule(None,List(asmcrypto.js, dist_es8, bignum, bignum))) [id => asmcrypto.js, phase => typescript] 
[info ] InferredDefaultModule.scala:39 Inferred module TsIdentModule(None,List(asmcrypto.js, dist_es8, bignum, bignum)) [id => asmcrypto.js, phase => typescript] 
[info ] Phase1ReadTypescript.scala:163 Preprocessing TsHelperFile(InFile(/home/tso/tmp/tso-cache/npm/node_modules/asmcrypto.js/dist_es8/bignum/extgcd.d.ts),FromFolder(InFolder(/home/tso/tmp/tso-cache/npm/node_modules/asmcrypto.js),TsIdentLibrarySimple(asmcrypto.js)),TsIdentModule(None,List(asmcrypto.js, dist_es8, bignum, extgcd))) [id => asmcrypto.js, phase => typescript] 
[info ] InferredDefaultModule.scala:39 Inferred module TsIdentModule(None,List(asmcrypto.js, dist_es8, bignum, extgcd)) [id => asmcrypto.js, phase => typescript] 
[info ] Phase1ReadTypescript.scala:163 Preprocessing TsHelperFile(InFile(/home/tso/tmp/tso-cache/npm/node_modules/asmcrypto.js/dist_es8/entry-export_all.d.ts),FromFolder(InFolder(/home/tso/tmp/tso-cache/npm/node_modules/asmcrypto.js),TsIdentLibrarySimple(asmcrypto.js)),TsIdentModule(None,List(asmcrypto.js))) [id => asmcrypto.js, phase => typescript] 
[info ] InferredDefaultModule.scala:39 Inferred module TsIdentModule(None,List(asmcrypto.js)) [id => asmcrypto.js, phase => typescript] 
[info ] Phase1ReadTypescript.scala:163 Preprocessing TsHelperFile(InFile(/home/tso/tmp/tso-cache/npm/node_modules/asmcrypto.js/dist_es8/hash/hash.d.ts),FromFolder(InFolder(/home/tso/tmp/tso-cache/npm/node_modules/asmcrypto.js),TsIdentLibrarySimple(asmcrypto.js)),TsIdentModule(None,List(asmcrypto.js, dist_es8, hash, hash))) [id => asmcrypto.js, phase => typescript] 
[info ] InferredDefaultModule.scala:39 Inferred module TsIdentModule(None,List(asmcrypto.js, dist_es8, hash, hash)) [id => asmcrypto.js, phase => typescript] 
[info ] Phase1ReadTypescript.scala:163 Preprocessing TsHelperFile(InFile(/home/tso/tmp/tso-cache/npm/node_modules/asmcrypto.js/dist_es8/hash/sha1/sha1.asm.d.ts),FromFolder(InFolder(/home/tso/tmp/tso-cache/npm/node_modules/asmcrypto.js),TsIdentLibrarySimple(asmcrypto.js)),TsIdentModule(None,List(asmcrypto.js, dist_es8, hash, sha1, sha1.asm))) [id => asmcrypto.js, phase => typescript] 
[info ] InferredDefaultModule.scala:39 Inferred module TsIdentModule(None,List(asmcrypto.js, dist_es8, hash, sha1, sha1.asm)) [id => asmcrypto.js, phase => typescript] 
[info ] Phase1ReadTypescript.scala:163 Preprocessing TsHelperFile(InFile(/home/tso/tmp/tso-cache/npm/node_modules/asmcrypto.js/dist_es8/hash/sha1/sha1.d.ts),FromFolder(InFolder(/home/tso/tmp/tso-cache/npm/node_modules/asmcrypto.js),TsIdentLibrarySimple(asmcrypto.js)),TsIdentModule(None,List(asmcrypto.js, dist_es8, hash, sha1, sha1))) [id => asmcrypto.js, phase => typescript] 
[info ] InferredDefaultModule.scala:39 Inferred module TsIdentModule(None,List(asmcrypto.js, dist_es8, hash, sha1, sha1)) [id => asmcrypto.js, phase => typescript] 
[info ] Phase1ReadTypescript.scala:163 Preprocessing TsHelperFile(InFile(/home/tso/tmp/tso-cache/npm/node_modules/asmcrypto.js/dist_es8/hash/sha256/sha256.asm.d.ts),FromFolder(InFolder(/home/tso/tmp/tso-cache/npm/node_modules/asmcrypto.js),TsIdentLibrarySimple(asmcrypto.js)),TsIdentModule(None,List(asmcrypto.js, dist_es8, hash, sha256, sha256.asm))) [id => asmcrypto.js, phase => typescript] 
[info ] InferredDefaultModule.scala:39 Inferred module TsIdentModule(None,List(asmcrypto.js, dist_es8, hash, sha256, sha256.asm)) [id => asmcrypto.js, phase => typescript] 
[info ] Phase1ReadTypescript.scala:163 Preprocessing TsHelperFile(InFile(/home/tso/tmp/tso-cache/npm/node_modules/asmcrypto.js/dist_es8/hash/sha256/sha256.d.ts),FromFolder(InFolder(/home/tso/tmp/tso-cache/npm/node_modules/asmcrypto.js),TsIdentLibrarySimple(asmcrypto.js)),TsIdentModule(None,List(asmcrypto.js, dist_es8, hash, sha256, sha256))) [id => asmcrypto.js, phase => typescript] 
[info ] InferredDefaultModule.scala:39 Inferred module TsIdentModule(None,List(asmcrypto.js, dist_es8, hash, sha256, sha256)) [id => asmcrypto.js, phase => typescript] 
[info ] Phase1ReadTypescript.scala:163 Preprocessing TsHelperFile(InFile(/home/tso/tmp/tso-cache/npm/node_modules/asmcrypto.js/dist_es8/hash/sha512/sha512.asm.d.ts),FromFolder(InFolder(/home/tso/tmp/tso-cache/npm/node_modules/asmcrypto.js),TsIdentLibrarySimple(asmcrypto.js)),TsIdentModule(None,List(asmcrypto.js, dist_es8, hash, sha512, sha512.asm))) [id => asmcrypto.js, phase => typescript] 
[info ] InferredDefaultModule.scala:39 Inferred module TsIdentModule(None,List(asmcrypto.js, dist_es8, hash, sha512, sha512.asm)) [id => asmcrypto.js, phase => typescript] 
[info ] Phase1ReadTypescript.scala:163 Preprocessing TsHelperFile(InFile(/home/tso/tmp/tso-cache/npm/node_modules/asmcrypto.js/dist_es8/hash/sha512/sha512.d.ts),FromFolder(InFolder(/home/tso/tmp/tso-cache/npm/node_modules/asmcrypto.js),TsIdentLibrarySimple(asmcrypto.js)),TsIdentModule(None,List(asmcrypto.js, dist_es8, hash, sha512, sha512))) [id => asmcrypto.js, phase => typescript] 
[info ] InferredDefaultModule.scala:39 Inferred module TsIdentModule(None,List(asmcrypto.js, dist_es8, hash, sha512, sha512)) [id => asmcrypto.js, phase => typescript] 
[info ] Phase1ReadTypescript.scala:163 Preprocessing TsHelperFile(InFile(/home/tso/tmp/tso-cache/npm/node_modules/asmcrypto.js/dist_es8/hmac/hmac-sha1.d.ts),FromFolder(InFolder(/home/tso/tmp/tso-cache/npm/node_modules/asmcrypto.js),TsIdentLibrarySimple(asmcrypto.js)),TsIdentModule(None,List(asmcrypto.js, dist_es8, hmac, hmac-sha1))) [id => asmcrypto.js, phase => typescript] 
[info ] InferredDefaultModule.scala:39 Inferred module TsIdentModule(None,List(asmcrypto.js, dist_es8, hmac, hmac-sha1)) [id => asmcrypto.js, phase => typescript] 
[info ] Phase1ReadTypescript.scala:163 Preprocessing TsHelperFile(InFile(/home/tso/tmp/tso-cache/npm/node_modules/asmcrypto.js/dist_es8/hmac/hmac-sha256.d.ts),FromFolder(InFolder(/home/tso/tmp/tso-cache/npm/node_modules/asmcrypto.js),TsIdentLibrarySimple(asmcrypto.js)),TsIdentModule(None,List(asmcrypto.js, dist_es8, hmac, hmac-sha256))) [id => asmcrypto.js, phase => typescript] 
[info ] InferredDefaultModule.scala:39 Inferred module TsIdentModule(None,List(asmcrypto.js, dist_es8, hmac, hmac-sha256)) [id => asmcrypto.js, phase => typescript] 
[info ] Phase1ReadTypescript.scala:163 Preprocessing TsHelperFile(InFile(/home/tso/tmp/tso-cache/npm/node_modules/asmcrypto.js/dist_es8/hmac/hmac-sha512.d.ts),FromFolder(InFolder(/home/tso/tmp/tso-cache/npm/node_modules/asmcrypto.js),TsIdentLibrarySimple(asmcrypto.js)),TsIdentModule(None,List(asmcrypto.js, dist_es8, hmac, hmac-sha512))) [id => asmcrypto.js, phase => typescript] 
[info ] InferredDefaultModule.scala:39 Inferred module TsIdentModule(None,List(asmcrypto.js, dist_es8, hmac, hmac-sha512)) [id => asmcrypto.js, phase => typescript] 
[info ] Phase1ReadTypescript.scala:163 Preprocessing TsHelperFile(InFile(/home/tso/tmp/tso-cache/npm/node_modules/asmcrypto.js/dist_es8/hmac/hmac.d.ts),FromFolder(InFolder(/home/tso/tmp/tso-cache/npm/node_modules/asmcrypto.js),TsIdentLibrarySimple(asmcrypto.js)),TsIdentModule(None,List(asmcrypto.js, dist_es8, hmac, hmac))) [id => asmcrypto.js, phase => typescript] 
[info ] InferredDefaultModule.scala:39 Inferred module TsIdentModule(None,List(asmcrypto.js, dist_es8, hmac, hmac)) [id => asmcrypto.js, phase => typescript] 
[info ] Phase1ReadTypescript.scala:163 Preprocessing TsHelperFile(InFile(/home/tso/tmp/tso-cache/npm/node_modules/asmcrypto.js/dist_es8/other/errors.d.ts),FromFolder(InFolder(/home/tso/tmp/tso-cache/npm/node_modules/asmcrypto.js),TsIdentLibrarySimple(asmcrypto.js)),TsIdentModule(None,List(asmcrypto.js, dist_es8, other, errors))) [id => asmcrypto.js, phase => typescript] 
[info ] InferredDefaultModule.scala:39 Inferred module TsIdentModule(None,List(asmcrypto.js, dist_es8, other, errors)) [id => asmcrypto.js, phase => typescript] 
[info ] Phase1ReadTypescript.scala:163 Preprocessing TsHelperFile(InFile(/home/tso/tmp/tso-cache/npm/node_modules/asmcrypto.js/dist_es8/other/exportedUtils.d.ts),FromFolder(InFolder(/home/tso/tmp/tso-cache/npm/node_modules/asmcrypto.js),TsIdentLibrarySimple(asmcrypto.js)),TsIdentModule(None,List(asmcrypto.js, dist_es8, other, exportedUtils))) [id => asmcrypto.js, phase => typescript] 
[info ] InferredDefaultModule.scala:39 Inferred module TsIdentModule(None,List(asmcrypto.js, dist_es8, other, exportedUtils)) [id => asmcrypto.js, phase => typescript] 
[info ] Phase1ReadTypescript.scala:163 Preprocessing TsHelperFile(InFile(/home/tso/tmp/tso-cache/npm/node_modules/asmcrypto.js/dist_es8/other/utils.d.ts),FromFolder(InFolder(/home/tso/tmp/tso-cache/npm/node_modules/asmcrypto.js),TsIdentLibrarySimple(asmcrypto.js)),TsIdentModule(None,List(asmcrypto.js, dist_es8, other, utils))) [id => asmcrypto.js, phase => typescript] 
[info ] InferredDefaultModule.scala:39 Inferred module TsIdentModule(None,List(asmcrypto.js, dist_es8, other, utils)) [id => asmcrypto.js, phase => typescript] 
[info ] Phase1ReadTypescript.scala:163 Preprocessing TsHelperFile(InFile(/home/tso/tmp/tso-cache/npm/node_modules/asmcrypto.js/dist_es8/pbkdf2/pbkdf2-hmac-sha1.d.ts),FromFolder(InFolder(/home/tso/tmp/tso-cache/npm/node_modules/asmcrypto.js),TsIdentLibrarySimple(asmcrypto.js)),TsIdentModule(None,List(asmcrypto.js, dist_es8, pbkdf2, pbkdf2-hmac-sha1))) [id => asmcrypto.js, phase => typescript] 
[info ] InferredDefaultModule.scala:39 Inferred module TsIdentModule(None,List(asmcrypto.js, dist_es8, pbkdf2, pbkdf2-hmac-sha1)) [id => asmcrypto.js, phase => typescript] 
[info ] Phase1ReadTypescript.scala:163 Preprocessing TsHelperFile(InFile(/home/tso/tmp/tso-cache/npm/node_modules/asmcrypto.js/dist_es8/pbkdf2/pbkdf2-hmac-sha256.d.ts),FromFolder(InFolder(/home/tso/tmp/tso-cache/npm/node_modules/asmcrypto.js),TsIdentLibrarySimple(asmcrypto.js)),TsIdentModule(None,List(asmcrypto.js, dist_es8, pbkdf2, pbkdf2-hmac-sha256))) [id => asmcrypto.js, phase => typescript] 
[info ] InferredDefaultModule.scala:39 Inferred module TsIdentModule(None,List(asmcrypto.js, dist_es8, pbkdf2, pbkdf2-hmac-sha256)) [id => asmcrypto.js, phase => typescript] 
[info ] Phase1ReadTypescript.scala:163 Preprocessing TsHelperFile(InFile(/home/tso/tmp/tso-cache/npm/node_modules/asmcrypto.js/dist_es8/pbkdf2/pbkdf2-hmac-sha512.d.ts),FromFolder(InFolder(/home/tso/tmp/tso-cache/npm/node_modules/asmcrypto.js),TsIdentLibrarySimple(asmcrypto.js)),TsIdentModule(None,List(asmcrypto.js, dist_es8, pbkdf2, pbkdf2-hmac-sha512))) [id => asmcrypto.js, phase => typescript] 
[info ] InferredDefaultModule.scala:39 Inferred module TsIdentModule(None,List(asmcrypto.js, dist_es8, pbkdf2, pbkdf2-hmac-sha512)) [id => asmcrypto.js, phase => typescript] 
[info ] Phase1ReadTypescript.scala:163 Preprocessing TsHelperFile(InFile(/home/tso/tmp/tso-cache/npm/node_modules/asmcrypto.js/dist_es8/rsa/pkcs1.d.ts),FromFolder(InFolder(/home/tso/tmp/tso-cache/npm/node_modules/asmcrypto.js),TsIdentLibrarySimple(asmcrypto.js)),TsIdentModule(None,List(asmcrypto.js, dist_es8, rsa, pkcs1))) [id => asmcrypto.js, phase => typescript] 
[info ] InferredDefaultModule.scala:39 Inferred module TsIdentModule(None,List(asmcrypto.js, dist_es8, rsa, pkcs1)) [id => asmcrypto.js, phase => typescript] 
[info ] Phase1ReadTypescript.scala:163 Preprocessing TsHelperFile(InFile(/home/tso/tmp/tso-cache/npm/node_modules/asmcrypto.js/dist_es8/rsa/rsa.d.ts),FromFolder(InFolder(/home/tso/tmp/tso-cache/npm/node_modules/asmcrypto.js),TsIdentLibrarySimple(asmcrypto.js)),TsIdentModule(None,List(asmcrypto.js, dist_es8, rsa, rsa))) [id => asmcrypto.js, phase => typescript] 
[info ] InferredDefaultModule.scala:39 Inferred module TsIdentModule(None,List(asmcrypto.js, dist_es8, rsa, rsa)) [id => asmcrypto.js, phase => typescript] 
[warn ] Phase1ReadTypescript.scala:209 Processing TsIdentLibrarySimple(asmcrypto.js) [id => asmcrypto.js, phase => typescript] 
[info ] ResolveTypeQueries.scala:136 Resolved TsTypeQuery(TsQIdent(List(TsIdentSimple(BigNumber_extGCD)))) [id => asmcrypto.js, phase => typescript, scope => TreeScope(TsParsedFile() / TsDeclModule(asmcrypto.js/dist_es8/bignum/bignum) / TsExport() / TsExporteeTree() / TsDeclClass(BigNumber) / TsMemberProperty(extGCD) / TsTypeQuery())] 
[info ] ExtractInterfaces.scala:37 Extracted anonymous interface TsIdentSimple(Anon_0) [id => asmcrypto.js, phase => typescript, scope => TreeScope(TsParsedFile() / TsDeclModule(asmcrypto.js/dist_es8/aes/aes.asm) / TsDeclClass(AES_asm) / TsMemberProperty(ENC) / TsTypeObject())] 
[info ] ExtractInterfaces.scala:37 Extracted anonymous interface TsIdentSimple(Anon_1) [id => asmcrypto.js, phase => typescript, scope => TreeScope(TsParsedFile() / TsDeclModule(asmcrypto.js/dist_es8/aes/aes.asm) / TsDeclClass(AES_asm) / TsMemberProperty(DEC) / TsTypeObject())] 
[info ] ExtractInterfaces.scala:37 Extracted anonymous interface TsIdentSimple(Anon_01) [id => asmcrypto.js, phase => typescript, scope => TreeScope(TsParsedFile() / TsDeclModule(asmcrypto.js/dist_es8/aes/aes.asm) / TsDeclClass(AES_asm) / TsMemberProperty(MAC) / TsTypeObject())] 
[info ] ExtractInterfaces.scala:37 Extracted anonymous interface TsIdentSimple(Anon_Gcd) [id => asmcrypto.js, phase => typescript, scope => TreeScope(TsParsedFile() / TsDeclModule(asmcrypto.js/dist_es8/bignum/bignum) / TsDeclClass(BigNumber) / TsMemberProperty(extGCD) / TsTypeFunction() / TsFunSig() / TsTypeObject())] 
[info ] ExtractInterfaces.scala:37 Extracted anonymous interface TsIdentSimple(Anon_BitLength) [id => asmcrypto.js, phase => typescript, scope => TreeScope(TsParsedFile() / TsDeclModule(asmcrypto.js/dist_es8/bignum/bignum) / TsDeclClass(BigNumber) / TsMemberFunction(fromConfig) / TsFunSig() / TsFunParam() / TsTypeObject())] 
[info ] ExtractInterfaces.scala:37 Extracted anonymous interface TsIdentSimple(Anon_Quotient) [id => asmcrypto.js, phase => typescript, scope => TreeScope(TsParsedFile() / TsDeclModule(asmcrypto.js/dist_es8/bignum/bignum) / TsDeclClass(BigNumber) / TsMemberFunction(divide) / TsFunSig() / TsTypeObject())] 
[info ] ExtractInterfaces.scala:37 Extracted anonymous interface TsIdentSimple(Anon_GcdX) [id => asmcrypto.js, phase => typescript, scope => TreeScope(TsParsedFile() / TsDeclModule(asmcrypto.js/dist_es8/bignum/extgcd) / TsDeclFunction(Number_extGCD) / TsFunSig() / TsTypeObject())] 
[info ] ExtractInterfaces.scala:37 Extracted anonymous interface TsIdentSimple(Anon_GcdXY) [id => asmcrypto.js, phase => typescript, scope => TreeScope(TsParsedFile() / TsDeclModule(asmcrypto.js/dist_es8/bignum/extgcd) / TsDeclFunction(BigNumber_extGCD) / TsFunSig() / TsTypeObject())] 
[info ] ExtractInterfaces.scala:37 Extracted anonymous interface TsIdentSimple(Anon_Gcd) [id => asmcrypto.js, phase => typescript, scope => TreeScope(TsParsedFile() / TsDeclModule(asmcrypto.js) / TsDeclClass(BigNumber) / TsMemberProperty(extGCD) / TsTypeFunction() / TsFunSig() / TsTypeObject())] 
[info ] ExtractInterfaces.scala:37 Extracted anonymous interface TsIdentSimple(Anon_BitLength) [id => asmcrypto.js, phase => typescript, scope => TreeScope(TsParsedFile() / TsDeclModule(asmcrypto.js) / TsDeclClass(BigNumber) / TsMemberFunction(fromConfig) / TsFunSig() / TsFunParam() / TsTypeObject())] 
[info ] ExpandCallables.scala:48 Expanded extGCD into 1 methods [id => asmcrypto.js, phase => typescript, scope => TreeScope(TsParsedFile() / TsDeclModule(asmcrypto.js/dist_es8/bignum/bignum) / TsDeclClass(BigNumber))] 
[info ] ExpandCallables.scala:48 Expanded extGCD into 1 methods [id => asmcrypto.js, phase => typescript, scope => TreeScope(TsParsedFile() / TsDeclModule(asmcrypto.js) / TsDeclClass(BigNumber))] 
[debug] PhaseRunner.scala:82 Success [id => asmcrypto.js, phase => typescript] 
[warn ] Phase2ToScalaJs.scala:40 Processing asmcrypto.js [id => asmcrypto.js, phase => scala.js] 
[info ] CompleteClass.scala:62 Completed implementations Vector(message, name) [id => asmcrypto.js, phase => scala.js, this => Name(asmcryptoDotJsLib) / Name(distUnderscoreEs8OtherErrorsMod) / Name(IllegalArgumentError)] 
[info ] CompleteClass.scala:62 Completed implementations Vector(message, name) [id => asmcrypto.js, phase => scala.js, this => Name(asmcryptoDotJsLib) / Name(distUnderscoreEs8OtherErrorsMod) / Name(IllegalStateError)] 
[info ] CompleteClass.scala:62 Completed implementations Vector(message, name) [id => asmcrypto.js, phase => scala.js, this => Name(asmcryptoDotJsLib) / Name(distUnderscoreEs8OtherErrorsMod) / Name(SecurityError)] 
[debug] PhaseRunner.scala:82 Success [id => asmcrypto.js, phase => scala.js] 
[error] sha512result.scala:99 type Function32 is not a member of package scala,     hmac_init: (scala.Double, scala.Double, scala.Double, scala.Double, scala.Double, scala.Double, scala.Double, scala.Double, scala.Double, scala.Double, scala.Double, scala.Double, scala.Double, scala.Double, scala.Double, scala.Double, scala.Double, scala.Double, scala.Double, scala.Double, scala.Double, scala.Double, scala.Double, scala.Double, scala.Double, scala.Double, scala.Double, scala.Double, scala.Double, scala.Double, scala.Double, scala.Double) => scala.Unit, [id => asmcrypto.js, phase => build] 
[error] sha512result.scala:106 value fromFunction32 is not a member of object scala.scalajs.js.Any
error after rewriting to scala.scalajs.js.Dynamic.literal.applyDynamicNamed("apply")(scala.Tuple2("finish", js.Any.fromFunction3(finish)), scala.Tuple2("hmac_finish", js.Any.fromFunction3(hmac_finish)), scala.Tuple2("hmac_init", js.Any.<fromFunction32: error>(<hmac_init: error>)), scala.Tuple2("hmac_reset", js.Any.fromFunction0(hmac_reset)), scala.Tuple2("init", js.Any.fromFunction7(init)), scala.Tuple2("pbkdf2_generate_block", js.Any.fromFunction5(pbkdf2_generate_block)), scala.Tuple2("process", js.Any.fromFunction2(process)), scala.Tuple2("reset", js.Any.fromFunction0(reset)))
possible cause: maybe a wrong Dynamic method signature?,     val __obj = js.Dynamic.literal(finish = js.Any.fromFunction3(finish), hmac_finish = js.Any.fromFunction3(hmac_finish), hmac_init = js.Any.fromFunction32(hmac_init), hmac_reset = js.Any.fromFunction0(hmac_reset), init = js.Any.fromFunction7(init), pbkdf2_generate_block = js.Any.fromFunction5(pbkdf2_generate_block), process = js.Any.fromFunction2(process), reset = js.Any.fromFunction0(reset)) [id => asmcrypto.js, phase => build] 
[error] PhaseRunner.scala:86 Failure, [asmcrypto.js => Compilation failed] [id => asmcrypto.js, phase => build] 
[error] PhaseRunner.scala:86 Failure, [asmcrypto.js => Compilation failed] [id => asmcrypto.js, phase => publish] 
