[debug] PhaseRunner.scala:86 Ignored [id => azure-sb, phase => typescript] 
[debug] PhaseRunner.scala:78 Success [id => azure-sb, phase => typescript] 
[debug] PhaseRunner.scala:86 Ignored [id => azure-sb, phase => typescript] 
[debug] PhaseRunner.scala:78 Success [id => azure-sb, phase => typescript] 
[debug] PhaseRunner.scala:78 Success [id => azure-sb, phase => typescript] 
[debug] PhaseRunner.scala:78 Success [id => azure-sb, phase => typescript] 
[debug] PhaseRunner.scala:78 Success [id => azure-sb, phase => typescript] 
[debug] PhaseRunner.scala:78 Success [id => azure-sb, phase => typescript] 
[debug] PhaseRunner.scala:86 Ignored [id => azure-sb, phase => typescript] 
[debug] PhaseRunner.scala:78 Success [id => azure-sb, phase => typescript] 
[debug] PhaseRunner.scala:78 Success [id => azure-sb, phase => typescript] 
[debug] PhaseRunner.scala:78 Success [id => azure-sb, phase => typescript] 
[debug] PhaseRunner.scala:78 Success [id => azure-sb, phase => typescript] 
[debug] PhaseRunner.scala:78 Success [id => azure-sb, phase => typescript] 
[debug] PhaseRunner.scala:78 Success [id => azure-sb, phase => typescript] 
[debug] PhaseRunner.scala:78 Success [id => azure-sb, phase => typescript] 
[info ] InferredDependency.scala:20 Inferred dependencies Set(TsIdentLibrarySimple(node)) for TsIdentLibrarySimple(azure-sb) [id => azure-sb, phase => typescript, file => ../azure-sb/lib/serviceclient.d.ts] 
[debug] PhaseRunner.scala:78 Success [id => azure-sb, phase => typescript] 
[debug] PhaseRunner.scala:78 Success [id => azure-sb, phase => typescript] 
[debug] PhaseRunner.scala:78 Success [id => azure-sb, phase => typescript] 
[debug] PhaseRunner.scala:78 Success [id => azure-sb, phase => typescript] 
[debug] PhaseRunner.scala:78 Success [id => azure-sb, phase => typescript] 
[debug] PhaseRunner.scala:78 Success [id => azure-sb, phase => typescript] 
[debug] PhaseRunner.scala:78 Success [id => azure-sb, phase => typescript] 
[info ] Phase1ReadTypescript.scala:152 Preprocessing TsHelperFile(InFile(/home/tso/tmp/tso-cache/DefinitelyTyped/types/azure-sb/index.d.ts),FromFolder(InFolder(/home/tso/tmp/tso-cache/DefinitelyTyped/types/azure-sb),TsIdentLibrarySimple(azure-sb)),TsIdentModule(None,List(azure-sb))) [id => azure-sb, phase => typescript] 
[info ] InferredDefaultModule.scala:39 Inferred module TsIdentModule(None,List(azure-sb)) [id => azure-sb, phase => typescript] 
[info ] Phase1ReadTypescript.scala:152 Preprocessing TsHelperFile(InFile(/home/tso/tmp/tso-cache/DefinitelyTyped/types/azure-sb/lib/apnsservice.d.ts),FromFolder(InFolder(/home/tso/tmp/tso-cache/DefinitelyTyped/types/azure-sb),TsIdentLibrarySimple(azure-sb)),TsIdentModule(None,List(azure-sb, lib, apnsservice))) [id => azure-sb, phase => typescript] 
[info ] InferredDefaultModule.scala:39 Inferred module TsIdentModule(None,List(azure-sb, lib, apnsservice)) [id => azure-sb, phase => typescript] 
[info ] Phase1ReadTypescript.scala:152 Preprocessing TsHelperFile(InFile(/home/tso/tmp/tso-cache/DefinitelyTyped/types/azure-sb/lib/gcmservice.d.ts),FromFolder(InFolder(/home/tso/tmp/tso-cache/DefinitelyTyped/types/azure-sb),TsIdentLibrarySimple(azure-sb)),TsIdentModule(None,List(azure-sb, lib, gcmservice))) [id => azure-sb, phase => typescript] 
[info ] InferredDefaultModule.scala:39 Inferred module TsIdentModule(None,List(azure-sb, lib, gcmservice)) [id => azure-sb, phase => typescript] 
[info ] Phase1ReadTypescript.scala:152 Preprocessing TsHelperFile(InFile(/home/tso/tmp/tso-cache/DefinitelyTyped/types/azure-sb/lib/mpnservice.d.ts),FromFolder(InFolder(/home/tso/tmp/tso-cache/DefinitelyTyped/types/azure-sb),TsIdentLibrarySimple(azure-sb)),TsIdentModule(None,List(azure-sb, lib, mpnservice))) [id => azure-sb, phase => typescript] 
[info ] InferredDefaultModule.scala:39 Inferred module TsIdentModule(None,List(azure-sb, lib, mpnservice)) [id => azure-sb, phase => typescript] 
[info ] Phase1ReadTypescript.scala:152 Preprocessing TsHelperFile(InFile(/home/tso/tmp/tso-cache/DefinitelyTyped/types/azure-sb/lib/notificationhubservice.d.ts),FromFolder(InFolder(/home/tso/tmp/tso-cache/DefinitelyTyped/types/azure-sb),TsIdentLibrarySimple(azure-sb)),TsIdentModule(None,List(azure-sb, lib, notificationhubservice))) [id => azure-sb, phase => typescript] 
[info ] InferredDefaultModule.scala:39 Inferred module TsIdentModule(None,List(azure-sb, lib, notificationhubservice)) [id => azure-sb, phase => typescript] 
[info ] Phase1ReadTypescript.scala:152 Preprocessing TsHelperFile(InFile(/home/tso/tmp/tso-cache/DefinitelyTyped/types/azure-sb/lib/servicebusservice.d.ts),FromFolder(InFolder(/home/tso/tmp/tso-cache/DefinitelyTyped/types/azure-sb),TsIdentLibrarySimple(azure-sb)),TsIdentModule(None,List(azure-sb, lib, servicebusservice))) [id => azure-sb, phase => typescript] 
[info ] InferredDefaultModule.scala:39 Inferred module TsIdentModule(None,List(azure-sb, lib, servicebusservice)) [id => azure-sb, phase => typescript] 
[info ] Phase1ReadTypescript.scala:152 Preprocessing TsHelperFile(InFile(/home/tso/tmp/tso-cache/DefinitelyTyped/types/azure-sb/lib/servicebusservicebase.d.ts),FromFolder(InFolder(/home/tso/tmp/tso-cache/DefinitelyTyped/types/azure-sb),TsIdentLibrarySimple(azure-sb)),TsIdentModule(None,List(azure-sb, lib, servicebusservicebase))) [id => azure-sb, phase => typescript] 
[info ] InferredDefaultModule.scala:39 Inferred module TsIdentModule(None,List(azure-sb, lib, servicebusservicebase)) [id => azure-sb, phase => typescript] 
[info ] Phase1ReadTypescript.scala:152 Preprocessing TsHelperFile(InFile(/home/tso/tmp/tso-cache/DefinitelyTyped/types/azure-sb/lib/servicebusserviceclient.d.ts),FromFolder(InFolder(/home/tso/tmp/tso-cache/DefinitelyTyped/types/azure-sb),TsIdentLibrarySimple(azure-sb)),TsIdentModule(None,List(azure-sb, lib, servicebusserviceclient))) [id => azure-sb, phase => typescript] 
[info ] InferredDefaultModule.scala:39 Inferred module TsIdentModule(None,List(azure-sb, lib, servicebusserviceclient)) [id => azure-sb, phase => typescript] 
[info ] Phase1ReadTypescript.scala:152 Preprocessing TsHelperFile(InFile(/home/tso/tmp/tso-cache/DefinitelyTyped/types/azure-sb/lib/serviceclient.d.ts),FromFolder(InFolder(/home/tso/tmp/tso-cache/DefinitelyTyped/types/azure-sb),TsIdentLibrarySimple(azure-sb)),TsIdentModule(None,List(azure-sb, lib, serviceclient))) [id => azure-sb, phase => typescript] 
[info ] InferredDefaultModule.scala:39 Inferred module TsIdentModule(None,List(azure-sb, lib, serviceclient)) [id => azure-sb, phase => typescript] 
[info ] Phase1ReadTypescript.scala:152 Preprocessing TsHelperFile(InFile(/home/tso/tmp/tso-cache/DefinitelyTyped/types/azure-sb/lib/wnsservice.d.ts),FromFolder(InFolder(/home/tso/tmp/tso-cache/DefinitelyTyped/types/azure-sb),TsIdentLibrarySimple(azure-sb)),TsIdentModule(None,List(azure-sb, lib, wnsservice))) [id => azure-sb, phase => typescript] 
[info ] InferredDefaultModule.scala:39 Inferred module TsIdentModule(None,List(azure-sb, lib, wnsservice)) [id => azure-sb, phase => typescript] 
[info ] Phase1ReadTypescript.scala:152 Preprocessing TsHelperFile(InFile(/home/tso/tmp/tso-cache/DefinitelyTyped/types/azure-sb/lib/wrapservice.d.ts),FromFolder(InFolder(/home/tso/tmp/tso-cache/DefinitelyTyped/types/azure-sb),TsIdentLibrarySimple(azure-sb)),TsIdentModule(None,List(azure-sb, lib, wrapservice))) [id => azure-sb, phase => typescript] 
[info ] InferredDefaultModule.scala:39 Inferred module TsIdentModule(None,List(azure-sb, lib, wrapservice)) [id => azure-sb, phase => typescript] 
[info ] Phase1ReadTypescript.scala:152 Preprocessing TsHelperFile(InFile(/home/tso/tmp/tso-cache/DefinitelyTyped/types/azure-sb/lib/models/acstokenresult.d.ts),FromFolder(InFolder(/home/tso/tmp/tso-cache/DefinitelyTyped/types/azure-sb),TsIdentLibrarySimple(azure-sb)),TsIdentModule(None,List(azure-sb, lib, models, acstokenresult))) [id => azure-sb, phase => typescript] 
[info ] InferredDefaultModule.scala:39 Inferred module TsIdentModule(None,List(azure-sb, lib, models, acstokenresult)) [id => azure-sb, phase => typescript] 
[info ] Phase1ReadTypescript.scala:152 Preprocessing TsHelperFile(InFile(/home/tso/tmp/tso-cache/DefinitelyTyped/types/azure-sb/lib/models/notificationhubresult.d.ts),FromFolder(InFolder(/home/tso/tmp/tso-cache/DefinitelyTyped/types/azure-sb),TsIdentLibrarySimple(azure-sb)),TsIdentModule(None,List(azure-sb, lib, models, notificationhubresult))) [id => azure-sb, phase => typescript] 
[info ] InferredDefaultModule.scala:39 Inferred module TsIdentModule(None,List(azure-sb, lib, models, notificationhubresult)) [id => azure-sb, phase => typescript] 
[info ] Phase1ReadTypescript.scala:152 Preprocessing TsHelperFile(InFile(/home/tso/tmp/tso-cache/DefinitelyTyped/types/azure-sb/lib/models/queuemessageresult.d.ts),FromFolder(InFolder(/home/tso/tmp/tso-cache/DefinitelyTyped/types/azure-sb),TsIdentLibrarySimple(azure-sb)),TsIdentModule(None,List(azure-sb, lib, models, queuemessageresult))) [id => azure-sb, phase => typescript] 
[info ] InferredDefaultModule.scala:39 Inferred module TsIdentModule(None,List(azure-sb, lib, models, queuemessageresult)) [id => azure-sb, phase => typescript] 
[info ] Phase1ReadTypescript.scala:152 Preprocessing TsHelperFile(InFile(/home/tso/tmp/tso-cache/DefinitelyTyped/types/azure-sb/lib/models/queueresult.d.ts),FromFolder(InFolder(/home/tso/tmp/tso-cache/DefinitelyTyped/types/azure-sb),TsIdentLibrarySimple(azure-sb)),TsIdentModule(None,List(azure-sb, lib, models, queueresult))) [id => azure-sb, phase => typescript] 
[info ] InferredDefaultModule.scala:39 Inferred module TsIdentModule(None,List(azure-sb, lib, models, queueresult)) [id => azure-sb, phase => typescript] 
[info ] Phase1ReadTypescript.scala:152 Preprocessing TsHelperFile(InFile(/home/tso/tmp/tso-cache/DefinitelyTyped/types/azure-sb/lib/models/registrationresult.d.ts),FromFolder(InFolder(/home/tso/tmp/tso-cache/DefinitelyTyped/types/azure-sb),TsIdentLibrarySimple(azure-sb)),TsIdentModule(None,List(azure-sb, lib, models, registrationresult))) [id => azure-sb, phase => typescript] 
[info ] InferredDefaultModule.scala:39 Inferred module TsIdentModule(None,List(azure-sb, lib, models, registrationresult)) [id => azure-sb, phase => typescript] 
[info ] Phase1ReadTypescript.scala:152 Preprocessing TsHelperFile(InFile(/home/tso/tmp/tso-cache/DefinitelyTyped/types/azure-sb/lib/models/resourceresult.d.ts),FromFolder(InFolder(/home/tso/tmp/tso-cache/DefinitelyTyped/types/azure-sb),TsIdentLibrarySimple(azure-sb)),TsIdentModule(None,List(azure-sb, lib, models, resourceresult))) [id => azure-sb, phase => typescript] 
[info ] InferredDefaultModule.scala:39 Inferred module TsIdentModule(None,List(azure-sb, lib, models, resourceresult)) [id => azure-sb, phase => typescript] 
[info ] Phase1ReadTypescript.scala:152 Preprocessing TsHelperFile(InFile(/home/tso/tmp/tso-cache/DefinitelyTyped/types/azure-sb/lib/models/ruleresult.d.ts),FromFolder(InFolder(/home/tso/tmp/tso-cache/DefinitelyTyped/types/azure-sb),TsIdentLibrarySimple(azure-sb)),TsIdentModule(None,List(azure-sb, lib, models, ruleresult))) [id => azure-sb, phase => typescript] 
[info ] InferredDefaultModule.scala:39 Inferred module TsIdentModule(None,List(azure-sb, lib, models, ruleresult)) [id => azure-sb, phase => typescript] 
[info ] Phase1ReadTypescript.scala:152 Preprocessing TsHelperFile(InFile(/home/tso/tmp/tso-cache/DefinitelyTyped/types/azure-sb/lib/models/subscriptionresult.d.ts),FromFolder(InFolder(/home/tso/tmp/tso-cache/DefinitelyTyped/types/azure-sb),TsIdentLibrarySimple(azure-sb)),TsIdentModule(None,List(azure-sb, lib, models, subscriptionresult))) [id => azure-sb, phase => typescript] 
[info ] InferredDefaultModule.scala:39 Inferred module TsIdentModule(None,List(azure-sb, lib, models, subscriptionresult)) [id => azure-sb, phase => typescript] 
[info ] Phase1ReadTypescript.scala:152 Preprocessing TsHelperFile(InFile(/home/tso/tmp/tso-cache/DefinitelyTyped/types/azure-sb/lib/models/topicresult.d.ts),FromFolder(InFolder(/home/tso/tmp/tso-cache/DefinitelyTyped/types/azure-sb),TsIdentLibrarySimple(azure-sb)),TsIdentModule(None,List(azure-sb, lib, models, topicresult))) [id => azure-sb, phase => typescript] 
[info ] InferredDefaultModule.scala:39 Inferred module TsIdentModule(None,List(azure-sb, lib, models, topicresult)) [id => azure-sb, phase => typescript] 
[warn ] Phase1ReadTypescript.scala:190 Processing TsIdentLibrarySimple(azure-sb) [id => azure-sb, phase => typescript] 
[warn ] QualifyReferences.scala:47 Couldn't qualify TsTypeRef(TsQIdent(List(TsIdentSimple(Callback))),List()), defaulting to any [id => azure-sb, phase => typescript, scope => TreeScope(TsParsedFile() / TsDeclModule(azure-sb/lib/notificationhubservice) / TsDeclClass(NotificationHubService) / TsMemberFunction(send) / TsFunSig() / TsFunParam() / TsTypeRef())] 
[warn ] QualifyReferences.scala:47 Couldn't qualify TsTypeRef(TsQIdent(List(TsIdentSimple(Callback))),List()), defaulting to any [id => azure-sb, phase => typescript, scope => TreeScope(TsParsedFile() / TsDeclModule(azure-sb/lib/notificationhubservice) / TsDeclClass(NotificationHubService) / TsMemberFunction(send) / TsFunSig() / TsFunParam() / TsTypeRef())] 
[warn ] QualifyReferences.scala:47 Couldn't qualify TsTypeRef(TsQIdent(List(TsIdentSimple(Callback))),List()), defaulting to any [id => azure-sb, phase => typescript, scope => TreeScope(TsParsedFile() / TsDeclModule(azure-sb/lib/notificationhubservice) / TsDeclClass(NotificationHubService) / TsMemberFunction(createOrUpdateInstallation) / TsFunSig() / TsFunParam() / TsTypeRef())] 
[warn ] QualifyReferences.scala:47 Couldn't qualify TsTypeRef(TsQIdent(List(TsIdentSimple(Callback))),List()), defaulting to any [id => azure-sb, phase => typescript, scope => TreeScope(TsParsedFile() / TsDeclModule(azure-sb/lib/notificationhubservice) / TsDeclClass(NotificationHubService) / TsMemberFunction(createOrUpdateInstallation) / TsFunSig() / TsFunParam() / TsTypeRef())] 
[warn ] QualifyReferences.scala:47 Couldn't qualify TsTypeRef(TsQIdent(List(TsIdentSimple(Callback))),List()), defaulting to any [id => azure-sb, phase => typescript, scope => TreeScope(TsParsedFile() / TsDeclModule(azure-sb/lib/notificationhubservice) / TsDeclClass(NotificationHubService) / TsMemberFunction(patchInstallation) / TsFunSig() / TsFunParam() / TsTypeRef())] 
[warn ] QualifyReferences.scala:47 Couldn't qualify TsTypeRef(TsQIdent(List(TsIdentSimple(Callback))),List()), defaulting to any [id => azure-sb, phase => typescript, scope => TreeScope(TsParsedFile() / TsDeclModule(azure-sb/lib/notificationhubservice) / TsDeclClass(NotificationHubService) / TsMemberFunction(patchInstallation) / TsFunSig() / TsFunParam() / TsTypeRef())] 
[warn ] QualifyReferences.scala:47 Couldn't qualify TsTypeRef(TsQIdent(List(TsIdentSimple(Callback))),List()), defaulting to any [id => azure-sb, phase => typescript, scope => TreeScope(TsParsedFile() / TsDeclModule(azure-sb/lib/notificationhubservice) / TsDeclClass(NotificationHubService) / TsMemberFunction(deleteInstallation) / TsFunSig() / TsFunParam() / TsTypeRef())] 
[warn ] QualifyReferences.scala:47 Couldn't qualify TsTypeRef(TsQIdent(List(TsIdentSimple(Callback))),List()), defaulting to any [id => azure-sb, phase => typescript, scope => TreeScope(TsParsedFile() / TsDeclModule(azure-sb/lib/notificationhubservice) / TsDeclClass(NotificationHubService) / TsMemberFunction(deleteInstallation) / TsFunSig() / TsFunParam() / TsTypeRef())] 
[warn ] QualifyReferences.scala:47 Couldn't qualify TsTypeRef(TsQIdent(List(TsIdentSimple(Callback))),List()), defaulting to any [id => azure-sb, phase => typescript, scope => TreeScope(TsParsedFile() / TsDeclModule(azure-sb/lib/notificationhubservice) / TsDeclClass(NotificationHubService) / TsMemberFunction(getInstallation) / TsFunSig() / TsFunParam() / TsTypeRef())] 
[warn ] QualifyReferences.scala:47 Couldn't qualify TsTypeRef(TsQIdent(List(TsIdentSimple(Callback))),List()), defaulting to any [id => azure-sb, phase => typescript, scope => TreeScope(TsParsedFile() / TsDeclModule(azure-sb/lib/notificationhubservice) / TsDeclClass(NotificationHubService) / TsMemberFunction(getInstallation) / TsFunSig() / TsFunParam() / TsTypeRef())] 
[warn ] QualifyReferences.scala:47 Couldn't qualify TsTypeRef(TsQIdent(List(TsIdentSimple(Callback))),List()), defaulting to any [id => azure-sb, phase => typescript, scope => TreeScope(TsParsedFile() / TsDeclModule(azure-sb/lib/notificationhubservice) / TsDeclClass(NotificationHubService) / TsMemberFunction(createRegistrationId) / TsFunSig() / TsFunParam() / TsTypeRef())] 
[warn ] QualifyReferences.scala:47 Couldn't qualify TsTypeRef(TsQIdent(List(TsIdentSimple(Callback))),List()), defaulting to any [id => azure-sb, phase => typescript, scope => TreeScope(TsParsedFile() / TsDeclModule(azure-sb/lib/notificationhubservice) / TsDeclClass(NotificationHubService) / TsMemberFunction(getRegistration) / TsFunSig() / TsFunParam() / TsTypeRef())] 
[warn ] QualifyReferences.scala:47 Couldn't qualify TsTypeRef(TsQIdent(List(TsIdentSimple(Callback))),List()), defaulting to any [id => azure-sb, phase => typescript, scope => TreeScope(TsParsedFile() / TsDeclModule(azure-sb/lib/notificationhubservice) / TsDeclClass(NotificationHubService) / TsMemberFunction(getRegistration) / TsFunSig() / TsFunParam() / TsTypeRef())] 
[warn ] QualifyReferences.scala:47 Couldn't qualify TsTypeRef(TsQIdent(List(TsIdentSimple(Callback))),List()), defaulting to any [id => azure-sb, phase => typescript, scope => TreeScope(TsParsedFile() / TsDeclModule(azure-sb/lib/notificationhubservice) / TsDeclClass(NotificationHubService) / TsMemberFunction(deleteRegistration) / TsFunSig() / TsFunParam() / TsTypeRef())] 
[warn ] QualifyReferences.scala:47 Couldn't qualify TsTypeRef(TsQIdent(List(TsIdentSimple(Callback))),List()), defaulting to any [id => azure-sb, phase => typescript, scope => TreeScope(TsParsedFile() / TsDeclModule(azure-sb/lib/notificationhubservice) / TsDeclClass(NotificationHubService) / TsMemberFunction(deleteRegistration) / TsFunSig() / TsFunParam() / TsTypeRef())] 
[warn ] QualifyReferences.scala:47 Couldn't qualify TsTypeRef(TsQIdent(List(TsIdentSimple(Callback))),List()), defaulting to any [id => azure-sb, phase => typescript, scope => TreeScope(TsParsedFile() / TsDeclModule(azure-sb/lib/notificationhubservice) / TsDeclClass(NotificationHubService) / TsMemberFunction(updateRegistration) / TsFunSig() / TsFunParam() / TsTypeRef())] 
[warn ] QualifyReferences.scala:47 Couldn't qualify TsTypeRef(TsQIdent(List(TsIdentSimple(Callback))),List()), defaulting to any [id => azure-sb, phase => typescript, scope => TreeScope(TsParsedFile() / TsDeclModule(azure-sb/lib/notificationhubservice) / TsDeclClass(NotificationHubService) / TsMemberFunction(updateRegistration) / TsFunSig() / TsFunParam() / TsTypeRef())] 
[warn ] QualifyReferences.scala:47 Couldn't qualify TsTypeRef(TsQIdent(List(TsIdentSimple(Callback))),List()), defaulting to any [id => azure-sb, phase => typescript, scope => TreeScope(TsParsedFile() / TsDeclModule(azure-sb/lib/notificationhubservice) / TsDeclClass(NotificationHubService) / TsMemberFunction(createOrUpdateRegistration) / TsFunSig() / TsFunParam() / TsTypeRef())] 
[warn ] QualifyReferences.scala:47 Couldn't qualify TsTypeRef(TsQIdent(List(TsIdentSimple(Callback))),List()), defaulting to any [id => azure-sb, phase => typescript, scope => TreeScope(TsParsedFile() / TsDeclModule(azure-sb/lib/notificationhubservice) / TsDeclClass(NotificationHubService) / TsMemberFunction(listRegistrations) / TsFunSig() / TsFunParam() / TsTypeRef())] 
[warn ] QualifyReferences.scala:47 Couldn't qualify TsTypeRef(TsQIdent(List(TsIdentSimple(Callback))),List()), defaulting to any [id => azure-sb, phase => typescript, scope => TreeScope(TsParsedFile() / TsDeclModule(azure-sb/lib/notificationhubservice) / TsDeclClass(NotificationHubService) / TsMemberFunction(listRegistrations) / TsFunSig() / TsFunParam() / TsTypeRef())] 
[warn ] QualifyReferences.scala:47 Couldn't qualify TsTypeRef(TsQIdent(List(TsIdentSimple(Callback))),List()), defaulting to any [id => azure-sb, phase => typescript, scope => TreeScope(TsParsedFile() / TsDeclModule(azure-sb/lib/notificationhubservice) / TsDeclClass(NotificationHubService) / TsMemberFunction(listRegistrationsByTag) / TsFunSig() / TsFunParam() / TsTypeRef())] 
[warn ] QualifyReferences.scala:47 Couldn't qualify TsTypeRef(TsQIdent(List(TsIdentSimple(Callback))),List()), defaulting to any [id => azure-sb, phase => typescript, scope => TreeScope(TsParsedFile() / TsDeclModule(azure-sb/lib/notificationhubservice) / TsDeclClass(NotificationHubService) / TsMemberFunction(listRegistrationsByTag) / TsFunSig() / TsFunParam() / TsTypeRef())] 
[warn ] QualifyReferences.scala:47 Couldn't qualify TsTypeRef(TsQIdent(List(TsIdentSimple(Callback))),List()), defaulting to any [id => azure-sb, phase => typescript, scope => TreeScope(TsParsedFile() / TsDeclModule(azure-sb/lib/wnsservice) / TsDeclClass(WnsService) / TsMemberFunction(sendTileSquareBlock) / TsFunSig() / TsFunParam() / TsTypeUnion() / TsTypeRef())] 
[warn ] QualifyReferences.scala:47 Couldn't qualify TsTypeRef(TsQIdent(List(TsIdentSimple(Callback))),List()), defaulting to any [id => azure-sb, phase => typescript, scope => TreeScope(TsParsedFile() / TsDeclModule(azure-sb/lib/wnsservice) / TsDeclClass(WnsService) / TsMemberFunction(sendTileSquareBlock) / TsFunSig() / TsFunParam() / TsTypeRef())] 
[warn ] QualifyReferences.scala:47 Couldn't qualify TsTypeRef(TsQIdent(List(TsIdentSimple(Callback))),List()), defaulting to any [id => azure-sb, phase => typescript, scope => TreeScope(TsParsedFile() / TsDeclModule(azure-sb/lib/wnsservice) / TsDeclClass(WnsService) / TsMemberFunction(sendTileSquareText01) / TsFunSig() / TsFunParam() / TsTypeUnion() / TsTypeRef())] 
[warn ] QualifyReferences.scala:47 Couldn't qualify TsTypeRef(TsQIdent(List(TsIdentSimple(Callback))),List()), defaulting to any [id => azure-sb, phase => typescript, scope => TreeScope(TsParsedFile() / TsDeclModule(azure-sb/lib/wnsservice) / TsDeclClass(WnsService) / TsMemberFunction(sendTileSquareText01) / TsFunSig() / TsFunParam() / TsTypeRef())] 
[warn ] QualifyReferences.scala:47 Couldn't qualify TsTypeRef(TsQIdent(List(TsIdentSimple(Callback))),List()), defaulting to any [id => azure-sb, phase => typescript, scope => TreeScope(TsParsedFile() / TsDeclModule(azure-sb/lib/wnsservice) / TsDeclClass(WnsService) / TsMemberFunction(sendTileSquareText02) / TsFunSig() / TsFunParam() / TsTypeUnion() / TsTypeRef())] 
[warn ] QualifyReferences.scala:47 Couldn't qualify TsTypeRef(TsQIdent(List(TsIdentSimple(Callback))),List()), defaulting to any [id => azure-sb, phase => typescript, scope => TreeScope(TsParsedFile() / TsDeclModule(azure-sb/lib/wnsservice) / TsDeclClass(WnsService) / TsMemberFunction(sendTileSquareText02) / TsFunSig() / TsFunParam() / TsTypeRef())] 
[warn ] QualifyReferences.scala:47 Couldn't qualify TsTypeRef(TsQIdent(List(TsIdentSimple(Callback))),List()), defaulting to any [id => azure-sb, phase => typescript, scope => TreeScope(TsParsedFile() / TsDeclModule(azure-sb/lib/wnsservice) / TsDeclClass(WnsService) / TsMemberFunction(sendTileSquareText03) / TsFunSig() / TsFunParam() / TsTypeUnion() / TsTypeRef())] 
[warn ] QualifyReferences.scala:47 Couldn't qualify TsTypeRef(TsQIdent(List(TsIdentSimple(Callback))),List()), defaulting to any [id => azure-sb, phase => typescript, scope => TreeScope(TsParsedFile() / TsDeclModule(azure-sb/lib/wnsservice) / TsDeclClass(WnsService) / TsMemberFunction(sendTileSquareText03) / TsFunSig() / TsFunParam() / TsTypeRef())] 
[warn ] QualifyReferences.scala:47 Couldn't qualify TsTypeRef(TsQIdent(List(TsIdentSimple(Callback))),List()), defaulting to any [id => azure-sb, phase => typescript, scope => TreeScope(TsParsedFile() / TsDeclModule(azure-sb/lib/wnsservice) / TsDeclClass(WnsService) / TsMemberFunction(sendTileSquareText04) / TsFunSig() / TsFunParam() / TsTypeUnion() / TsTypeRef())] 
[warn ] QualifyReferences.scala:47 Couldn't qualify TsTypeRef(TsQIdent(List(TsIdentSimple(Callback))),List()), defaulting to any [id => azure-sb, phase => typescript, scope => TreeScope(TsParsedFile() / TsDeclModule(azure-sb/lib/wnsservice) / TsDeclClass(WnsService) / TsMemberFunction(sendTileSquareText04) / TsFunSig() / TsFunParam() / TsTypeRef())] 
[warn ] QualifyReferences.scala:47 Couldn't qualify TsTypeRef(TsQIdent(List(TsIdentSimple(Callback))),List()), defaulting to any [id => azure-sb, phase => typescript, scope => TreeScope(TsParsedFile() / TsDeclModule(azure-sb/lib/wnsservice) / TsDeclClass(WnsService) / TsMemberFunction(sendTileWideText01) / TsFunSig() / TsFunParam() / TsTypeUnion() / TsTypeRef())] 
[warn ] QualifyReferences.scala:47 Couldn't qualify TsTypeRef(TsQIdent(List(TsIdentSimple(Callback))),List()), defaulting to any [id => azure-sb, phase => typescript, scope => TreeScope(TsParsedFile() / TsDeclModule(azure-sb/lib/wnsservice) / TsDeclClass(WnsService) / TsMemberFunction(sendTileWideText01) / TsFunSig() / TsFunParam() / TsTypeRef())] 
[warn ] QualifyReferences.scala:47 Couldn't qualify TsTypeRef(TsQIdent(List(TsIdentSimple(Callback))),List()), defaulting to any [id => azure-sb, phase => typescript, scope => TreeScope(TsParsedFile() / TsDeclModule(azure-sb/lib/wnsservice) / TsDeclClass(WnsService) / TsMemberFunction(sendTileWideText02) / TsFunSig() / TsFunParam() / TsTypeUnion() / TsTypeRef())] 
[warn ] QualifyReferences.scala:47 Couldn't qualify TsTypeRef(TsQIdent(List(TsIdentSimple(Callback))),List()), defaulting to any [id => azure-sb, phase => typescript, scope => TreeScope(TsParsedFile() / TsDeclModule(azure-sb/lib/wnsservice) / TsDeclClass(WnsService) / TsMemberFunction(sendTileWideText02) / TsFunSig() / TsFunParam() / TsTypeRef())] 
[warn ] QualifyReferences.scala:47 Couldn't qualify TsTypeRef(TsQIdent(List(TsIdentSimple(Callback))),List()), defaulting to any [id => azure-sb, phase => typescript, scope => TreeScope(TsParsedFile() / TsDeclModule(azure-sb/lib/wnsservice) / TsDeclClass(WnsService) / TsMemberFunction(sendTileWideText03) / TsFunSig() / TsFunParam() / TsTypeUnion() / TsTypeRef())] 
[warn ] QualifyReferences.scala:47 Couldn't qualify TsTypeRef(TsQIdent(List(TsIdentSimple(Callback))),List()), defaulting to any [id => azure-sb, phase => typescript, scope => TreeScope(TsParsedFile() / TsDeclModule(azure-sb/lib/wnsservice) / TsDeclClass(WnsService) / TsMemberFunction(sendTileWideText03) / TsFunSig() / TsFunParam() / TsTypeRef())] 
[warn ] QualifyReferences.scala:47 Couldn't qualify TsTypeRef(TsQIdent(List(TsIdentSimple(Callback))),List()), defaulting to any [id => azure-sb, phase => typescript, scope => TreeScope(TsParsedFile() / TsDeclModule(azure-sb/lib/wnsservice) / TsDeclClass(WnsService) / TsMemberFunction(sendTileWideText04) / TsFunSig() / TsFunParam() / TsTypeUnion() / TsTypeRef())] 
[warn ] QualifyReferences.scala:47 Couldn't qualify TsTypeRef(TsQIdent(List(TsIdentSimple(Callback))),List()), defaulting to any [id => azure-sb, phase => typescript, scope => TreeScope(TsParsedFile() / TsDeclModule(azure-sb/lib/wnsservice) / TsDeclClass(WnsService) / TsMemberFunction(sendTileWideText04) / TsFunSig() / TsFunParam() / TsTypeRef())] 
[warn ] QualifyReferences.scala:47 Couldn't qualify TsTypeRef(TsQIdent(List(TsIdentSimple(Callback))),List()), defaulting to any [id => azure-sb, phase => typescript, scope => TreeScope(TsParsedFile() / TsDeclModule(azure-sb/lib/wnsservice) / TsDeclClass(WnsService) / TsMemberFunction(sendTileWideText05) / TsFunSig() / TsFunParam() / TsTypeUnion() / TsTypeRef())] 
[warn ] QualifyReferences.scala:47 Couldn't qualify TsTypeRef(TsQIdent(List(TsIdentSimple(Callback))),List()), defaulting to any [id => azure-sb, phase => typescript, scope => TreeScope(TsParsedFile() / TsDeclModule(azure-sb/lib/wnsservice) / TsDeclClass(WnsService) / TsMemberFunction(sendTileWideText05) / TsFunSig() / TsFunParam() / TsTypeRef())] 
[warn ] QualifyReferences.scala:47 Couldn't qualify TsTypeRef(TsQIdent(List(TsIdentSimple(Callback))),List()), defaulting to any [id => azure-sb, phase => typescript, scope => TreeScope(TsParsedFile() / TsDeclModule(azure-sb/lib/wnsservice) / TsDeclClass(WnsService) / TsMemberFunction(sendTileWideText06) / TsFunSig() / TsFunParam() / TsTypeUnion() / TsTypeRef())] 
[warn ] QualifyReferences.scala:47 Couldn't qualify TsTypeRef(TsQIdent(List(TsIdentSimple(Callback))),List()), defaulting to any [id => azure-sb, phase => typescript, scope => TreeScope(TsParsedFile() / TsDeclModule(azure-sb/lib/wnsservice) / TsDeclClass(WnsService) / TsMemberFunction(sendTileWideText06) / TsFunSig() / TsFunParam() / TsTypeRef())] 
[warn ] QualifyReferences.scala:47 Couldn't qualify TsTypeRef(TsQIdent(List(TsIdentSimple(Callback))),List()), defaulting to any [id => azure-sb, phase => typescript, scope => TreeScope(TsParsedFile() / TsDeclModule(azure-sb/lib/wnsservice) / TsDeclClass(WnsService) / TsMemberFunction(sendTileWideText07) / TsFunSig() / TsFunParam() / TsTypeUnion() / TsTypeRef())] 
[warn ] QualifyReferences.scala:47 Couldn't qualify TsTypeRef(TsQIdent(List(TsIdentSimple(Callback))),List()), defaulting to any [id => azure-sb, phase => typescript, scope => TreeScope(TsParsedFile() / TsDeclModule(azure-sb/lib/wnsservice) / TsDeclClass(WnsService) / TsMemberFunction(sendTileWideText07) / TsFunSig() / TsFunParam() / TsTypeRef())] 
[warn ] QualifyReferences.scala:47 Couldn't qualify TsTypeRef(TsQIdent(List(TsIdentSimple(Callback))),List()), defaulting to any [id => azure-sb, phase => typescript, scope => TreeScope(TsParsedFile() / TsDeclModule(azure-sb/lib/wnsservice) / TsDeclClass(WnsService) / TsMemberFunction(sendTileWideText08) / TsFunSig() / TsFunParam() / TsTypeUnion() / TsTypeRef())] 
[warn ] QualifyReferences.scala:47 Couldn't qualify TsTypeRef(TsQIdent(List(TsIdentSimple(Callback))),List()), defaulting to any [id => azure-sb, phase => typescript, scope => TreeScope(TsParsedFile() / TsDeclModule(azure-sb/lib/wnsservice) / TsDeclClass(WnsService) / TsMemberFunction(sendTileWideText08) / TsFunSig() / TsFunParam() / TsTypeRef())] 
[warn ] QualifyReferences.scala:47 Couldn't qualify TsTypeRef(TsQIdent(List(TsIdentSimple(Callback))),List()), defaulting to any [id => azure-sb, phase => typescript, scope => TreeScope(TsParsedFile() / TsDeclModule(azure-sb/lib/wnsservice) / TsDeclClass(WnsService) / TsMemberFunction(sendTileWideText09) / TsFunSig() / TsFunParam() / TsTypeUnion() / TsTypeRef())] 
[warn ] QualifyReferences.scala:47 Couldn't qualify TsTypeRef(TsQIdent(List(TsIdentSimple(Callback))),List()), defaulting to any [id => azure-sb, phase => typescript, scope => TreeScope(TsParsedFile() / TsDeclModule(azure-sb/lib/wnsservice) / TsDeclClass(WnsService) / TsMemberFunction(sendTileWideText09) / TsFunSig() / TsFunParam() / TsTypeRef())] 
[warn ] QualifyReferences.scala:47 Couldn't qualify TsTypeRef(TsQIdent(List(TsIdentSimple(Callback))),List()), defaulting to any [id => azure-sb, phase => typescript, scope => TreeScope(TsParsedFile() / TsDeclModule(azure-sb/lib/wnsservice) / TsDeclClass(WnsService) / TsMemberFunction(sendTileWideText10) / TsFunSig() / TsFunParam() / TsTypeUnion() / TsTypeRef())] 
[warn ] QualifyReferences.scala:47 Couldn't qualify TsTypeRef(TsQIdent(List(TsIdentSimple(Callback))),List()), defaulting to any [id => azure-sb, phase => typescript, scope => TreeScope(TsParsedFile() / TsDeclModule(azure-sb/lib/wnsservice) / TsDeclClass(WnsService) / TsMemberFunction(sendTileWideText10) / TsFunSig() / TsFunParam() / TsTypeRef())] 
[warn ] QualifyReferences.scala:47 Couldn't qualify TsTypeRef(TsQIdent(List(TsIdentSimple(Callback))),List()), defaulting to any [id => azure-sb, phase => typescript, scope => TreeScope(TsParsedFile() / TsDeclModule(azure-sb/lib/wnsservice) / TsDeclClass(WnsService) / TsMemberFunction(sendTileWideText11) / TsFunSig() / TsFunParam() / TsTypeUnion() / TsTypeRef())] 
[warn ] QualifyReferences.scala:47 Couldn't qualify TsTypeRef(TsQIdent(List(TsIdentSimple(Callback))),List()), defaulting to any [id => azure-sb, phase => typescript, scope => TreeScope(TsParsedFile() / TsDeclModule(azure-sb/lib/wnsservice) / TsDeclClass(WnsService) / TsMemberFunction(sendTileWideText11) / TsFunSig() / TsFunParam() / TsTypeRef())] 
[warn ] QualifyReferences.scala:47 Couldn't qualify TsTypeRef(TsQIdent(List(TsIdentSimple(Callback))),List()), defaulting to any [id => azure-sb, phase => typescript, scope => TreeScope(TsParsedFile() / TsDeclModule(azure-sb/lib/wnsservice) / TsDeclClass(WnsService) / TsMemberFunction(sendTileSquareImage) / TsFunSig() / TsFunParam() / TsTypeUnion() / TsTypeRef())] 
[warn ] QualifyReferences.scala:47 Couldn't qualify TsTypeRef(TsQIdent(List(TsIdentSimple(Callback))),List()), defaulting to any [id => azure-sb, phase => typescript, scope => TreeScope(TsParsedFile() / TsDeclModule(azure-sb/lib/wnsservice) / TsDeclClass(WnsService) / TsMemberFunction(sendTileSquareImage) / TsFunSig() / TsFunParam() / TsTypeRef())] 
[warn ] QualifyReferences.scala:47 Couldn't qualify TsTypeRef(TsQIdent(List(TsIdentSimple(Callback))),List()), defaulting to any [id => azure-sb, phase => typescript, scope => TreeScope(TsParsedFile() / TsDeclModule(azure-sb/lib/wnsservice) / TsDeclClass(WnsService) / TsMemberFunction(sendTileSquarePeekImageAndText01) / TsFunSig() / TsFunParam() / TsTypeUnion() / TsTypeRef())] 
[warn ] QualifyReferences.scala:47 Couldn't qualify TsTypeRef(TsQIdent(List(TsIdentSimple(Callback))),List()), defaulting to any [id => azure-sb, phase => typescript, scope => TreeScope(TsParsedFile() / TsDeclModule(azure-sb/lib/wnsservice) / TsDeclClass(WnsService) / TsMemberFunction(sendTileSquarePeekImageAndText01) / TsFunSig() / TsFunParam() / TsTypeRef())] 
[warn ] QualifyReferences.scala:47 Couldn't qualify TsTypeRef(TsQIdent(List(TsIdentSimple(Callback))),List()), defaulting to any [id => azure-sb, phase => typescript, scope => TreeScope(TsParsedFile() / TsDeclModule(azure-sb/lib/wnsservice) / TsDeclClass(WnsService) / TsMemberFunction(sendTileSquarePeekImageAndText02) / TsFunSig() / TsFunParam() / TsTypeUnion() / TsTypeRef())] 
[warn ] QualifyReferences.scala:47 Couldn't qualify TsTypeRef(TsQIdent(List(TsIdentSimple(Callback))),List()), defaulting to any [id => azure-sb, phase => typescript, scope => TreeScope(TsParsedFile() / TsDeclModule(azure-sb/lib/wnsservice) / TsDeclClass(WnsService) / TsMemberFunction(sendTileSquarePeekImageAndText02) / TsFunSig() / TsFunParam() / TsTypeRef())] 
[warn ] QualifyReferences.scala:47 Couldn't qualify TsTypeRef(TsQIdent(List(TsIdentSimple(Callback))),List()), defaulting to any [id => azure-sb, phase => typescript, scope => TreeScope(TsParsedFile() / TsDeclModule(azure-sb/lib/wnsservice) / TsDeclClass(WnsService) / TsMemberFunction(sendTileSquarePeekImageAndText03) / TsFunSig() / TsFunParam() / TsTypeUnion() / TsTypeRef())] 
[warn ] QualifyReferences.scala:47 Couldn't qualify TsTypeRef(TsQIdent(List(TsIdentSimple(Callback))),List()), defaulting to any [id => azure-sb, phase => typescript, scope => TreeScope(TsParsedFile() / TsDeclModule(azure-sb/lib/wnsservice) / TsDeclClass(WnsService) / TsMemberFunction(sendTileSquarePeekImageAndText03) / TsFunSig() / TsFunParam() / TsTypeRef())] 
[warn ] QualifyReferences.scala:47 Couldn't qualify TsTypeRef(TsQIdent(List(TsIdentSimple(Callback))),List()), defaulting to any [id => azure-sb, phase => typescript, scope => TreeScope(TsParsedFile() / TsDeclModule(azure-sb/lib/wnsservice) / TsDeclClass(WnsService) / TsMemberFunction(sendTileSquarePeekImageAndText04) / TsFunSig() / TsFunParam() / TsTypeUnion() / TsTypeRef())] 
[warn ] QualifyReferences.scala:47 Couldn't qualify TsTypeRef(TsQIdent(List(TsIdentSimple(Callback))),List()), defaulting to any [id => azure-sb, phase => typescript, scope => TreeScope(TsParsedFile() / TsDeclModule(azure-sb/lib/wnsservice) / TsDeclClass(WnsService) / TsMemberFunction(sendTileSquarePeekImageAndText04) / TsFunSig() / TsFunParam() / TsTypeRef())] 
[warn ] QualifyReferences.scala:47 Couldn't qualify TsTypeRef(TsQIdent(List(TsIdentSimple(Callback))),List()), defaulting to any [id => azure-sb, phase => typescript, scope => TreeScope(TsParsedFile() / TsDeclModule(azure-sb/lib/wnsservice) / TsDeclClass(WnsService) / TsMemberFunction(sendTileWideImage) / TsFunSig() / TsFunParam() / TsTypeUnion() / TsTypeRef())] 
[warn ] QualifyReferences.scala:47 Couldn't qualify TsTypeRef(TsQIdent(List(TsIdentSimple(Callback))),List()), defaulting to any [id => azure-sb, phase => typescript, scope => TreeScope(TsParsedFile() / TsDeclModule(azure-sb/lib/wnsservice) / TsDeclClass(WnsService) / TsMemberFunction(sendTileWideImage) / TsFunSig() / TsFunParam() / TsTypeRef())] 
[warn ] QualifyReferences.scala:47 Couldn't qualify TsTypeRef(TsQIdent(List(TsIdentSimple(Callback))),List()), defaulting to any [id => azure-sb, phase => typescript, scope => TreeScope(TsParsedFile() / TsDeclModule(azure-sb/lib/wnsservice) / TsDeclClass(WnsService) / TsMemberFunction(sendTileWideImageCollection) / TsFunSig() / TsFunParam() / TsTypeUnion() / TsTypeRef())] 
[warn ] QualifyReferences.scala:47 Couldn't qualify TsTypeRef(TsQIdent(List(TsIdentSimple(Callback))),List()), defaulting to any [id => azure-sb, phase => typescript, scope => TreeScope(TsParsedFile() / TsDeclModule(azure-sb/lib/wnsservice) / TsDeclClass(WnsService) / TsMemberFunction(sendTileWideImageCollection) / TsFunSig() / TsFunParam() / TsTypeRef())] 
[warn ] QualifyReferences.scala:47 Couldn't qualify TsTypeRef(TsQIdent(List(TsIdentSimple(Callback))),List()), defaulting to any [id => azure-sb, phase => typescript, scope => TreeScope(TsParsedFile() / TsDeclModule(azure-sb/lib/wnsservice) / TsDeclClass(WnsService) / TsMemberFunction(sendTileWideImageAndText01) / TsFunSig() / TsFunParam() / TsTypeUnion() / TsTypeRef())] 
[warn ] QualifyReferences.scala:47 Couldn't qualify TsTypeRef(TsQIdent(List(TsIdentSimple(Callback))),List()), defaulting to any [id => azure-sb, phase => typescript, scope => TreeScope(TsParsedFile() / TsDeclModule(azure-sb/lib/wnsservice) / TsDeclClass(WnsService) / TsMemberFunction(sendTileWideImageAndText01) / TsFunSig() / TsFunParam() / TsTypeRef())] 
[warn ] QualifyReferences.scala:47 Couldn't qualify TsTypeRef(TsQIdent(List(TsIdentSimple(Callback))),List()), defaulting to any [id => azure-sb, phase => typescript, scope => TreeScope(TsParsedFile() / TsDeclModule(azure-sb/lib/wnsservice) / TsDeclClass(WnsService) / TsMemberFunction(sendTileWideImageAndText02) / TsFunSig() / TsFunParam() / TsTypeUnion() / TsTypeRef())] 
[warn ] QualifyReferences.scala:47 Couldn't qualify TsTypeRef(TsQIdent(List(TsIdentSimple(Callback))),List()), defaulting to any [id => azure-sb, phase => typescript, scope => TreeScope(TsParsedFile() / TsDeclModule(azure-sb/lib/wnsservice) / TsDeclClass(WnsService) / TsMemberFunction(sendTileWideImageAndText02) / TsFunSig() / TsFunParam() / TsTypeRef())] 
[warn ] QualifyReferences.scala:47 Couldn't qualify TsTypeRef(TsQIdent(List(TsIdentSimple(Callback))),List()), defaulting to any [id => azure-sb, phase => typescript, scope => TreeScope(TsParsedFile() / TsDeclModule(azure-sb/lib/wnsservice) / TsDeclClass(WnsService) / TsMemberFunction(sendTileWideBlockAndText01) / TsFunSig() / TsFunParam() / TsTypeUnion() / TsTypeRef())] 
[warn ] QualifyReferences.scala:47 Couldn't qualify TsTypeRef(TsQIdent(List(TsIdentSimple(Callback))),List()), defaulting to any [id => azure-sb, phase => typescript, scope => TreeScope(TsParsedFile() / TsDeclModule(azure-sb/lib/wnsservice) / TsDeclClass(WnsService) / TsMemberFunction(sendTileWideBlockAndText01) / TsFunSig() / TsFunParam() / TsTypeRef())] 
[warn ] QualifyReferences.scala:47 Couldn't qualify TsTypeRef(TsQIdent(List(TsIdentSimple(Callback))),List()), defaulting to any [id => azure-sb, phase => typescript, scope => TreeScope(TsParsedFile() / TsDeclModule(azure-sb/lib/wnsservice) / TsDeclClass(WnsService) / TsMemberFunction(sendTileWideBlockAndText02) / TsFunSig() / TsFunParam() / TsTypeUnion() / TsTypeRef())] 
[warn ] QualifyReferences.scala:47 Couldn't qualify TsTypeRef(TsQIdent(List(TsIdentSimple(Callback))),List()), defaulting to any [id => azure-sb, phase => typescript, scope => TreeScope(TsParsedFile() / TsDeclModule(azure-sb/lib/wnsservice) / TsDeclClass(WnsService) / TsMemberFunction(sendTileWideBlockAndText02) / TsFunSig() / TsFunParam() / TsTypeRef())] 
[warn ] QualifyReferences.scala:47 Couldn't qualify TsTypeRef(TsQIdent(List(TsIdentSimple(Callback))),List()), defaulting to any [id => azure-sb, phase => typescript, scope => TreeScope(TsParsedFile() / TsDeclModule(azure-sb/lib/wnsservice) / TsDeclClass(WnsService) / TsMemberFunction(sendTileWideSmallImageAndText01) / TsFunSig() / TsFunParam() / TsTypeUnion() / TsTypeRef())] 
[warn ] QualifyReferences.scala:47 Couldn't qualify TsTypeRef(TsQIdent(List(TsIdentSimple(Callback))),List()), defaulting to any [id => azure-sb, phase => typescript, scope => TreeScope(TsParsedFile() / TsDeclModule(azure-sb/lib/wnsservice) / TsDeclClass(WnsService) / TsMemberFunction(sendTileWideSmallImageAndText01) / TsFunSig() / TsFunParam() / TsTypeRef())] 
[warn ] QualifyReferences.scala:47 Couldn't qualify TsTypeRef(TsQIdent(List(TsIdentSimple(Callback))),List()), defaulting to any [id => azure-sb, phase => typescript, scope => TreeScope(TsParsedFile() / TsDeclModule(azure-sb/lib/wnsservice) / TsDeclClass(WnsService) / TsMemberFunction(sendTileWideSmallImageAndText02) / TsFunSig() / TsFunParam() / TsTypeUnion() / TsTypeRef())] 
[warn ] QualifyReferences.scala:47 Couldn't qualify TsTypeRef(TsQIdent(List(TsIdentSimple(Callback))),List()), defaulting to any [id => azure-sb, phase => typescript, scope => TreeScope(TsParsedFile() / TsDeclModule(azure-sb/lib/wnsservice) / TsDeclClass(WnsService) / TsMemberFunction(sendTileWideSmallImageAndText02) / TsFunSig() / TsFunParam() / TsTypeRef())] 
[warn ] QualifyReferences.scala:47 Couldn't qualify TsTypeRef(TsQIdent(List(TsIdentSimple(Callback))),List()), defaulting to any [id => azure-sb, phase => typescript, scope => TreeScope(TsParsedFile() / TsDeclModule(azure-sb/lib/wnsservice) / TsDeclClass(WnsService) / TsMemberFunction(sendTileWideSmallImageAndText03) / TsFunSig() / TsFunParam() / TsTypeUnion() / TsTypeRef())] 
[warn ] QualifyReferences.scala:47 Couldn't qualify TsTypeRef(TsQIdent(List(TsIdentSimple(Callback))),List()), defaulting to any [id => azure-sb, phase => typescript, scope => TreeScope(TsParsedFile() / TsDeclModule(azure-sb/lib/wnsservice) / TsDeclClass(WnsService) / TsMemberFunction(sendTileWideSmallImageAndText03) / TsFunSig() / TsFunParam() / TsTypeRef())] 
[warn ] QualifyReferences.scala:47 Couldn't qualify TsTypeRef(TsQIdent(List(TsIdentSimple(Callback))),List()), defaulting to any [id => azure-sb, phase => typescript, scope => TreeScope(TsParsedFile() / TsDeclModule(azure-sb/lib/wnsservice) / TsDeclClass(WnsService) / TsMemberFunction(sendTileWideSmallImageAndText04) / TsFunSig() / TsFunParam() / TsTypeUnion() / TsTypeRef())] 
[warn ] QualifyReferences.scala:47 Couldn't qualify TsTypeRef(TsQIdent(List(TsIdentSimple(Callback))),List()), defaulting to any [id => azure-sb, phase => typescript, scope => TreeScope(TsParsedFile() / TsDeclModule(azure-sb/lib/wnsservice) / TsDeclClass(WnsService) / TsMemberFunction(sendTileWideSmallImageAndText04) / TsFunSig() / TsFunParam() / TsTypeRef())] 
[warn ] QualifyReferences.scala:47 Couldn't qualify TsTypeRef(TsQIdent(List(TsIdentSimple(Callback))),List()), defaulting to any [id => azure-sb, phase => typescript, scope => TreeScope(TsParsedFile() / TsDeclModule(azure-sb/lib/wnsservice) / TsDeclClass(WnsService) / TsMemberFunction(sendTileWideSmallImageAndText05) / TsFunSig() / TsFunParam() / TsTypeUnion() / TsTypeRef())] 
[warn ] QualifyReferences.scala:47 Couldn't qualify TsTypeRef(TsQIdent(List(TsIdentSimple(Callback))),List()), defaulting to any [id => azure-sb, phase => typescript, scope => TreeScope(TsParsedFile() / TsDeclModule(azure-sb/lib/wnsservice) / TsDeclClass(WnsService) / TsMemberFunction(sendTileWideSmallImageAndText05) / TsFunSig() / TsFunParam() / TsTypeRef())] 
[warn ] QualifyReferences.scala:47 Couldn't qualify TsTypeRef(TsQIdent(List(TsIdentSimple(Callback))),List()), defaulting to any [id => azure-sb, phase => typescript, scope => TreeScope(TsParsedFile() / TsDeclModule(azure-sb/lib/wnsservice) / TsDeclClass(WnsService) / TsMemberFunction(sendTileWidePeekImageCollection01) / TsFunSig() / TsFunParam() / TsTypeUnion() / TsTypeRef())] 
[warn ] QualifyReferences.scala:47 Couldn't qualify TsTypeRef(TsQIdent(List(TsIdentSimple(Callback))),List()), defaulting to any [id => azure-sb, phase => typescript, scope => TreeScope(TsParsedFile() / TsDeclModule(azure-sb/lib/wnsservice) / TsDeclClass(WnsService) / TsMemberFunction(sendTileWidePeekImageCollection01) / TsFunSig() / TsFunParam() / TsTypeRef())] 
[warn ] QualifyReferences.scala:47 Couldn't qualify TsTypeRef(TsQIdent(List(TsIdentSimple(Callback))),List()), defaulting to any [id => azure-sb, phase => typescript, scope => TreeScope(TsParsedFile() / TsDeclModule(azure-sb/lib/wnsservice) / TsDeclClass(WnsService) / TsMemberFunction(sendTileWidePeekImageCollection02) / TsFunSig() / TsFunParam() / TsTypeUnion() / TsTypeRef())] 
[warn ] QualifyReferences.scala:47 Couldn't qualify TsTypeRef(TsQIdent(List(TsIdentSimple(Callback))),List()), defaulting to any [id => azure-sb, phase => typescript, scope => TreeScope(TsParsedFile() / TsDeclModule(azure-sb/lib/wnsservice) / TsDeclClass(WnsService) / TsMemberFunction(sendTileWidePeekImageCollection02) / TsFunSig() / TsFunParam() / TsTypeRef())] 
[warn ] QualifyReferences.scala:47 Couldn't qualify TsTypeRef(TsQIdent(List(TsIdentSimple(Callback))),List()), defaulting to any [id => azure-sb, phase => typescript, scope => TreeScope(TsParsedFile() / TsDeclModule(azure-sb/lib/wnsservice) / TsDeclClass(WnsService) / TsMemberFunction(sendTileWidePeekImageCollection03) / TsFunSig() / TsFunParam() / TsTypeUnion() / TsTypeRef())] 
[warn ] QualifyReferences.scala:47 Couldn't qualify TsTypeRef(TsQIdent(List(TsIdentSimple(Callback))),List()), defaulting to any [id => azure-sb, phase => typescript, scope => TreeScope(TsParsedFile() / TsDeclModule(azure-sb/lib/wnsservice) / TsDeclClass(WnsService) / TsMemberFunction(sendTileWidePeekImageCollection03) / TsFunSig() / TsFunParam() / TsTypeRef())] 
[warn ] QualifyReferences.scala:47 Couldn't qualify TsTypeRef(TsQIdent(List(TsIdentSimple(Callback))),List()), defaulting to any [id => azure-sb, phase => typescript, scope => TreeScope(TsParsedFile() / TsDeclModule(azure-sb/lib/wnsservice) / TsDeclClass(WnsService) / TsMemberFunction(sendTileWidePeekImageCollection04) / TsFunSig() / TsFunParam() / TsTypeUnion() / TsTypeRef())] 
[warn ] QualifyReferences.scala:47 Couldn't qualify TsTypeRef(TsQIdent(List(TsIdentSimple(Callback))),List()), defaulting to any [id => azure-sb, phase => typescript, scope => TreeScope(TsParsedFile() / TsDeclModule(azure-sb/lib/wnsservice) / TsDeclClass(WnsService) / TsMemberFunction(sendTileWidePeekImageCollection04) / TsFunSig() / TsFunParam() / TsTypeRef())] 
[warn ] QualifyReferences.scala:47 Couldn't qualify TsTypeRef(TsQIdent(List(TsIdentSimple(Callback))),List()), defaulting to any [id => azure-sb, phase => typescript, scope => TreeScope(TsParsedFile() / TsDeclModule(azure-sb/lib/wnsservice) / TsDeclClass(WnsService) / TsMemberFunction(sendTileWidePeekImageCollection05) / TsFunSig() / TsFunParam() / TsTypeUnion() / TsTypeRef())] 
[warn ] QualifyReferences.scala:47 Couldn't qualify TsTypeRef(TsQIdent(List(TsIdentSimple(Callback))),List()), defaulting to any [id => azure-sb, phase => typescript, scope => TreeScope(TsParsedFile() / TsDeclModule(azure-sb/lib/wnsservice) / TsDeclClass(WnsService) / TsMemberFunction(sendTileWidePeekImageCollection05) / TsFunSig() / TsFunParam() / TsTypeRef())] 
[warn ] QualifyReferences.scala:47 Couldn't qualify TsTypeRef(TsQIdent(List(TsIdentSimple(Callback))),List()), defaulting to any [id => azure-sb, phase => typescript, scope => TreeScope(TsParsedFile() / TsDeclModule(azure-sb/lib/wnsservice) / TsDeclClass(WnsService) / TsMemberFunction(sendTileWidePeekImageCollection06) / TsFunSig() / TsFunParam() / TsTypeUnion() / TsTypeRef())] 
[warn ] QualifyReferences.scala:47 Couldn't qualify TsTypeRef(TsQIdent(List(TsIdentSimple(Callback))),List()), defaulting to any [id => azure-sb, phase => typescript, scope => TreeScope(TsParsedFile() / TsDeclModule(azure-sb/lib/wnsservice) / TsDeclClass(WnsService) / TsMemberFunction(sendTileWidePeekImageCollection06) / TsFunSig() / TsFunParam() / TsTypeRef())] 
[warn ] QualifyReferences.scala:47 Couldn't qualify TsTypeRef(TsQIdent(List(TsIdentSimple(Callback))),List()), defaulting to any [id => azure-sb, phase => typescript, scope => TreeScope(TsParsedFile() / TsDeclModule(azure-sb/lib/wnsservice) / TsDeclClass(WnsService) / TsMemberFunction(sendTileWidePeekImageAndText01) / TsFunSig() / TsFunParam() / TsTypeUnion() / TsTypeRef())] 
[warn ] QualifyReferences.scala:47 Couldn't qualify TsTypeRef(TsQIdent(List(TsIdentSimple(Callback))),List()), defaulting to any [id => azure-sb, phase => typescript, scope => TreeScope(TsParsedFile() / TsDeclModule(azure-sb/lib/wnsservice) / TsDeclClass(WnsService) / TsMemberFunction(sendTileWidePeekImageAndText01) / TsFunSig() / TsFunParam() / TsTypeRef())] 
[warn ] QualifyReferences.scala:47 Couldn't qualify TsTypeRef(TsQIdent(List(TsIdentSimple(Callback))),List()), defaulting to any [id => azure-sb, phase => typescript, scope => TreeScope(TsParsedFile() / TsDeclModule(azure-sb/lib/wnsservice) / TsDeclClass(WnsService) / TsMemberFunction(sendTileWidePeekImageAndText02) / TsFunSig() / TsFunParam() / TsTypeUnion() / TsTypeRef())] 
[warn ] QualifyReferences.scala:47 Couldn't qualify TsTypeRef(TsQIdent(List(TsIdentSimple(Callback))),List()), defaulting to any [id => azure-sb, phase => typescript, scope => TreeScope(TsParsedFile() / TsDeclModule(azure-sb/lib/wnsservice) / TsDeclClass(WnsService) / TsMemberFunction(sendTileWidePeekImageAndText02) / TsFunSig() / TsFunParam() / TsTypeRef())] 
[warn ] QualifyReferences.scala:47 Couldn't qualify TsTypeRef(TsQIdent(List(TsIdentSimple(Callback))),List()), defaulting to any [id => azure-sb, phase => typescript, scope => TreeScope(TsParsedFile() / TsDeclModule(azure-sb/lib/wnsservice) / TsDeclClass(WnsService) / TsMemberFunction(sendTileWidePeekImage01) / TsFunSig() / TsFunParam() / TsTypeUnion() / TsTypeRef())] 
[warn ] QualifyReferences.scala:47 Couldn't qualify TsTypeRef(TsQIdent(List(TsIdentSimple(Callback))),List()), defaulting to any [id => azure-sb, phase => typescript, scope => TreeScope(TsParsedFile() / TsDeclModule(azure-sb/lib/wnsservice) / TsDeclClass(WnsService) / TsMemberFunction(sendTileWidePeekImage01) / TsFunSig() / TsFunParam() / TsTypeRef())] 
[warn ] QualifyReferences.scala:47 Couldn't qualify TsTypeRef(TsQIdent(List(TsIdentSimple(Callback))),List()), defaulting to any [id => azure-sb, phase => typescript, scope => TreeScope(TsParsedFile() / TsDeclModule(azure-sb/lib/wnsservice) / TsDeclClass(WnsService) / TsMemberFunction(sendTileWidePeekImage02) / TsFunSig() / TsFunParam() / TsTypeUnion() / TsTypeRef())] 
[warn ] QualifyReferences.scala:47 Couldn't qualify TsTypeRef(TsQIdent(List(TsIdentSimple(Callback))),List()), defaulting to any [id => azure-sb, phase => typescript, scope => TreeScope(TsParsedFile() / TsDeclModule(azure-sb/lib/wnsservice) / TsDeclClass(WnsService) / TsMemberFunction(sendTileWidePeekImage02) / TsFunSig() / TsFunParam() / TsTypeRef())] 
[warn ] QualifyReferences.scala:47 Couldn't qualify TsTypeRef(TsQIdent(List(TsIdentSimple(Callback))),List()), defaulting to any [id => azure-sb, phase => typescript, scope => TreeScope(TsParsedFile() / TsDeclModule(azure-sb/lib/wnsservice) / TsDeclClass(WnsService) / TsMemberFunction(sendTileWidePeekImage03) / TsFunSig() / TsFunParam() / TsTypeUnion() / TsTypeRef())] 
[warn ] QualifyReferences.scala:47 Couldn't qualify TsTypeRef(TsQIdent(List(TsIdentSimple(Callback))),List()), defaulting to any [id => azure-sb, phase => typescript, scope => TreeScope(TsParsedFile() / TsDeclModule(azure-sb/lib/wnsservice) / TsDeclClass(WnsService) / TsMemberFunction(sendTileWidePeekImage03) / TsFunSig() / TsFunParam() / TsTypeRef())] 
[warn ] QualifyReferences.scala:47 Couldn't qualify TsTypeRef(TsQIdent(List(TsIdentSimple(Callback))),List()), defaulting to any [id => azure-sb, phase => typescript, scope => TreeScope(TsParsedFile() / TsDeclModule(azure-sb/lib/wnsservice) / TsDeclClass(WnsService) / TsMemberFunction(sendTileWidePeekImage04) / TsFunSig() / TsFunParam() / TsTypeUnion() / TsTypeRef())] 
[warn ] QualifyReferences.scala:47 Couldn't qualify TsTypeRef(TsQIdent(List(TsIdentSimple(Callback))),List()), defaulting to any [id => azure-sb, phase => typescript, scope => TreeScope(TsParsedFile() / TsDeclModule(azure-sb/lib/wnsservice) / TsDeclClass(WnsService) / TsMemberFunction(sendTileWidePeekImage04) / TsFunSig() / TsFunParam() / TsTypeRef())] 
[warn ] QualifyReferences.scala:47 Couldn't qualify TsTypeRef(TsQIdent(List(TsIdentSimple(Callback))),List()), defaulting to any [id => azure-sb, phase => typescript, scope => TreeScope(TsParsedFile() / TsDeclModule(azure-sb/lib/wnsservice) / TsDeclClass(WnsService) / TsMemberFunction(sendTileWidePeekImage05) / TsFunSig() / TsFunParam() / TsTypeUnion() / TsTypeRef())] 
[warn ] QualifyReferences.scala:47 Couldn't qualify TsTypeRef(TsQIdent(List(TsIdentSimple(Callback))),List()), defaulting to any [id => azure-sb, phase => typescript, scope => TreeScope(TsParsedFile() / TsDeclModule(azure-sb/lib/wnsservice) / TsDeclClass(WnsService) / TsMemberFunction(sendTileWidePeekImage05) / TsFunSig() / TsFunParam() / TsTypeRef())] 
[warn ] QualifyReferences.scala:47 Couldn't qualify TsTypeRef(TsQIdent(List(TsIdentSimple(Callback))),List()), defaulting to any [id => azure-sb, phase => typescript, scope => TreeScope(TsParsedFile() / TsDeclModule(azure-sb/lib/wnsservice) / TsDeclClass(WnsService) / TsMemberFunction(sendTileWidePeekImage06) / TsFunSig() / TsFunParam() / TsTypeUnion() / TsTypeRef())] 
[warn ] QualifyReferences.scala:47 Couldn't qualify TsTypeRef(TsQIdent(List(TsIdentSimple(Callback))),List()), defaulting to any [id => azure-sb, phase => typescript, scope => TreeScope(TsParsedFile() / TsDeclModule(azure-sb/lib/wnsservice) / TsDeclClass(WnsService) / TsMemberFunction(sendTileWidePeekImage06) / TsFunSig() / TsFunParam() / TsTypeRef())] 
[warn ] QualifyReferences.scala:47 Couldn't qualify TsTypeRef(TsQIdent(List(TsIdentSimple(Callback))),List()), defaulting to any [id => azure-sb, phase => typescript, scope => TreeScope(TsParsedFile() / TsDeclModule(azure-sb/lib/wnsservice) / TsDeclClass(WnsService) / TsMemberFunction(sendToastText01) / TsFunSig() / TsFunParam() / TsTypeUnion() / TsTypeRef())] 
[warn ] QualifyReferences.scala:47 Couldn't qualify TsTypeRef(TsQIdent(List(TsIdentSimple(Callback))),List()), defaulting to any [id => azure-sb, phase => typescript, scope => TreeScope(TsParsedFile() / TsDeclModule(azure-sb/lib/wnsservice) / TsDeclClass(WnsService) / TsMemberFunction(sendToastText01) / TsFunSig() / TsFunParam() / TsTypeRef())] 
[warn ] QualifyReferences.scala:47 Couldn't qualify TsTypeRef(TsQIdent(List(TsIdentSimple(Callback))),List()), defaulting to any [id => azure-sb, phase => typescript, scope => TreeScope(TsParsedFile() / TsDeclModule(azure-sb/lib/wnsservice) / TsDeclClass(WnsService) / TsMemberFunction(sendToastText02) / TsFunSig() / TsFunParam() / TsTypeUnion() / TsTypeRef())] 
[warn ] QualifyReferences.scala:47 Couldn't qualify TsTypeRef(TsQIdent(List(TsIdentSimple(Callback))),List()), defaulting to any [id => azure-sb, phase => typescript, scope => TreeScope(TsParsedFile() / TsDeclModule(azure-sb/lib/wnsservice) / TsDeclClass(WnsService) / TsMemberFunction(sendToastText02) / TsFunSig() / TsFunParam() / TsTypeRef())] 
[warn ] QualifyReferences.scala:47 Couldn't qualify TsTypeRef(TsQIdent(List(TsIdentSimple(Callback))),List()), defaulting to any [id => azure-sb, phase => typescript, scope => TreeScope(TsParsedFile() / TsDeclModule(azure-sb/lib/wnsservice) / TsDeclClass(WnsService) / TsMemberFunction(sendToastText03) / TsFunSig() / TsFunParam() / TsTypeUnion() / TsTypeRef())] 
[warn ] QualifyReferences.scala:47 Couldn't qualify TsTypeRef(TsQIdent(List(TsIdentSimple(Callback))),List()), defaulting to any [id => azure-sb, phase => typescript, scope => TreeScope(TsParsedFile() / TsDeclModule(azure-sb/lib/wnsservice) / TsDeclClass(WnsService) / TsMemberFunction(sendToastText03) / TsFunSig() / TsFunParam() / TsTypeRef())] 
[warn ] QualifyReferences.scala:47 Couldn't qualify TsTypeRef(TsQIdent(List(TsIdentSimple(Callback))),List()), defaulting to any [id => azure-sb, phase => typescript, scope => TreeScope(TsParsedFile() / TsDeclModule(azure-sb/lib/wnsservice) / TsDeclClass(WnsService) / TsMemberFunction(sendToastText04) / TsFunSig() / TsFunParam() / TsTypeUnion() / TsTypeRef())] 
[warn ] QualifyReferences.scala:47 Couldn't qualify TsTypeRef(TsQIdent(List(TsIdentSimple(Callback))),List()), defaulting to any [id => azure-sb, phase => typescript, scope => TreeScope(TsParsedFile() / TsDeclModule(azure-sb/lib/wnsservice) / TsDeclClass(WnsService) / TsMemberFunction(sendToastText04) / TsFunSig() / TsFunParam() / TsTypeRef())] 
[warn ] QualifyReferences.scala:47 Couldn't qualify TsTypeRef(TsQIdent(List(TsIdentSimple(Callback))),List()), defaulting to any [id => azure-sb, phase => typescript, scope => TreeScope(TsParsedFile() / TsDeclModule(azure-sb/lib/wnsservice) / TsDeclClass(WnsService) / TsMemberFunction(sendToastImageAndText01) / TsFunSig() / TsFunParam() / TsTypeUnion() / TsTypeRef())] 
[warn ] QualifyReferences.scala:47 Couldn't qualify TsTypeRef(TsQIdent(List(TsIdentSimple(Callback))),List()), defaulting to any [id => azure-sb, phase => typescript, scope => TreeScope(TsParsedFile() / TsDeclModule(azure-sb/lib/wnsservice) / TsDeclClass(WnsService) / TsMemberFunction(sendToastImageAndText01) / TsFunSig() / TsFunParam() / TsTypeRef())] 
[warn ] QualifyReferences.scala:47 Couldn't qualify TsTypeRef(TsQIdent(List(TsIdentSimple(Callback))),List()), defaulting to any [id => azure-sb, phase => typescript, scope => TreeScope(TsParsedFile() / TsDeclModule(azure-sb/lib/wnsservice) / TsDeclClass(WnsService) / TsMemberFunction(sendToastImageAndText02) / TsFunSig() / TsFunParam() / TsTypeUnion() / TsTypeRef())] 
[warn ] QualifyReferences.scala:47 Couldn't qualify TsTypeRef(TsQIdent(List(TsIdentSimple(Callback))),List()), defaulting to any [id => azure-sb, phase => typescript, scope => TreeScope(TsParsedFile() / TsDeclModule(azure-sb/lib/wnsservice) / TsDeclClass(WnsService) / TsMemberFunction(sendToastImageAndText02) / TsFunSig() / TsFunParam() / TsTypeRef())] 
[warn ] QualifyReferences.scala:47 Couldn't qualify TsTypeRef(TsQIdent(List(TsIdentSimple(Callback))),List()), defaulting to any [id => azure-sb, phase => typescript, scope => TreeScope(TsParsedFile() / TsDeclModule(azure-sb/lib/wnsservice) / TsDeclClass(WnsService) / TsMemberFunction(sendToastImageAndText03) / TsFunSig() / TsFunParam() / TsTypeUnion() / TsTypeRef())] 
[warn ] QualifyReferences.scala:47 Couldn't qualify TsTypeRef(TsQIdent(List(TsIdentSimple(Callback))),List()), defaulting to any [id => azure-sb, phase => typescript, scope => TreeScope(TsParsedFile() / TsDeclModule(azure-sb/lib/wnsservice) / TsDeclClass(WnsService) / TsMemberFunction(sendToastImageAndText03) / TsFunSig() / TsFunParam() / TsTypeRef())] 
[warn ] QualifyReferences.scala:47 Couldn't qualify TsTypeRef(TsQIdent(List(TsIdentSimple(Callback))),List()), defaulting to any [id => azure-sb, phase => typescript, scope => TreeScope(TsParsedFile() / TsDeclModule(azure-sb/lib/wnsservice) / TsDeclClass(WnsService) / TsMemberFunction(sendToastImageAndText04) / TsFunSig() / TsFunParam() / TsTypeUnion() / TsTypeRef())] 
[warn ] QualifyReferences.scala:47 Couldn't qualify TsTypeRef(TsQIdent(List(TsIdentSimple(Callback))),List()), defaulting to any [id => azure-sb, phase => typescript, scope => TreeScope(TsParsedFile() / TsDeclModule(azure-sb/lib/wnsservice) / TsDeclClass(WnsService) / TsMemberFunction(sendToastImageAndText04) / TsFunSig() / TsFunParam() / TsTypeRef())] 
[warn ] QualifyReferences.scala:47 Couldn't qualify TsTypeRef(TsQIdent(List(TsIdentSimple(Callback))),List()), defaulting to any [id => azure-sb, phase => typescript, scope => TreeScope(TsParsedFile() / TsDeclModule(azure-sb/lib/wnsservice) / TsDeclClass(WnsService) / TsMemberFunction(sendBadge) / TsFunSig() / TsFunParam() / TsTypeRef())] 
[warn ] QualifyReferences.scala:47 Couldn't qualify TsTypeRef(TsQIdent(List(TsIdentSimple(Callback))),List()), defaulting to any [id => azure-sb, phase => typescript, scope => TreeScope(TsParsedFile() / TsDeclModule(azure-sb/lib/wnsservice) / TsDeclClass(WnsService) / TsMemberFunction(sendBadge) / TsFunSig() / TsFunParam() / TsTypeRef())] 
[warn ] QualifyReferences.scala:47 Couldn't qualify TsTypeRef(TsQIdent(List(TsIdentSimple(Callback))),List()), defaulting to any [id => azure-sb, phase => typescript, scope => TreeScope(TsParsedFile() / TsDeclModule(azure-sb/lib/wnsservice) / TsDeclClass(WnsService) / TsMemberFunction(sendRaw) / TsFunSig() / TsFunParam() / TsTypeRef())] 
[warn ] QualifyReferences.scala:47 Couldn't qualify TsTypeRef(TsQIdent(List(TsIdentSimple(Callback))),List()), defaulting to any [id => azure-sb, phase => typescript, scope => TreeScope(TsParsedFile() / TsDeclModule(azure-sb/lib/wnsservice) / TsDeclClass(WnsService) / TsMemberFunction(sendRaw) / TsFunSig() / TsFunParam() / TsTypeRef())] 
[warn ] QualifyReferences.scala:47 Couldn't qualify TsTypeRef(TsQIdent(List(TsIdentSimple(Callback))),List()), defaulting to any [id => azure-sb, phase => typescript, scope => TreeScope(TsParsedFile() / TsDeclModule(azure-sb/lib/wnsservice) / TsDeclClass(WnsService) / TsMemberFunction(send) / TsFunSig() / TsFunParam() / TsTypeRef())] 
[warn ] QualifyReferences.scala:47 Couldn't qualify TsTypeRef(TsQIdent(List(TsIdentSimple(Callback))),List()), defaulting to any [id => azure-sb, phase => typescript, scope => TreeScope(TsParsedFile() / TsDeclModule(azure-sb/lib/wnsservice) / TsDeclClass(WnsService) / TsMemberFunction(send) / TsFunSig() / TsFunParam() / TsTypeRef())] 
[warn ] QualifyReferences.scala:47 Couldn't qualify TsTypeRef(TsQIdent(List(TsIdentSimple(Callback))),List()), defaulting to any [id => azure-sb, phase => typescript, scope => TreeScope(TsParsedFile() / TsDeclModule(azure-sb/lib/wnsservice) / TsDeclClass(WnsService) / TsMemberFunction(createNativeRegistration) / TsFunSig() / TsFunParam() / TsTypeRef())] 
[warn ] QualifyReferences.scala:47 Couldn't qualify TsTypeRef(TsQIdent(List(TsIdentSimple(Callback))),List()), defaulting to any [id => azure-sb, phase => typescript, scope => TreeScope(TsParsedFile() / TsDeclModule(azure-sb/lib/wnsservice) / TsDeclClass(WnsService) / TsMemberFunction(createNativeRegistration) / TsFunSig() / TsFunParam() / TsTypeRef())] 
[warn ] QualifyReferences.scala:47 Couldn't qualify TsTypeRef(TsQIdent(List(TsIdentSimple(Callback))),List()), defaulting to any [id => azure-sb, phase => typescript, scope => TreeScope(TsParsedFile() / TsDeclModule(azure-sb/lib/wnsservice) / TsDeclClass(WnsService) / TsMemberFunction(createOrUpdateNativeRegistration) / TsFunSig() / TsFunParam() / TsTypeRef())] 
[warn ] QualifyReferences.scala:47 Couldn't qualify TsTypeRef(TsQIdent(List(TsIdentSimple(Callback))),List()), defaulting to any [id => azure-sb, phase => typescript, scope => TreeScope(TsParsedFile() / TsDeclModule(azure-sb/lib/wnsservice) / TsDeclClass(WnsService) / TsMemberFunction(createOrUpdateNativeRegistration) / TsFunSig() / TsFunParam() / TsTypeRef())] 
[warn ] QualifyReferences.scala:47 Couldn't qualify TsTypeRef(TsQIdent(List(TsIdentSimple(Callback))),List()), defaulting to any [id => azure-sb, phase => typescript, scope => TreeScope(TsParsedFile() / TsDeclModule(azure-sb/lib/wnsservice) / TsDeclClass(WnsService) / TsMemberFunction(listRegistrationsByChannel) / TsFunSig() / TsFunParam() / TsTypeRef())] 
[warn ] QualifyReferences.scala:47 Couldn't qualify TsTypeRef(TsQIdent(List(TsIdentSimple(Callback))),List()), defaulting to any [id => azure-sb, phase => typescript, scope => TreeScope(TsParsedFile() / TsDeclModule(azure-sb/lib/wnsservice) / TsDeclClass(WnsService) / TsMemberFunction(listRegistrationsByChannel) / TsFunSig() / TsFunParam() / TsTypeRef())] 
[info ] PreferTypeAlias.scala:112 Simplified to type alias [id => azure-sb, phase => typescript, scope => TreeScope(TsParsedFile() / TsDeclModule(azure-sb/lib/servicebusservicebase) / TsDeclInterface(ServiceBusServiceBase))] 
[info ] PreferTypeAlias.scala:112 Simplified to type alias [id => azure-sb, phase => typescript, scope => TreeScope(TsParsedFile() / TsDeclModule(azure-sb/lib/servicebusserviceclient) / TsDeclInterface(ServiceBusServiceClient))] 
[info ] ExtractInterfaces.scala:30 Extracted anonymous interface TsIdentSimple(Anon_Headers) [id => azure-sb, phase => typescript, scope => TreeScope(TsParsedFile() / TsDeclModule(azure-sb/lib/mpnservice) / TsDeclInterface(MpnsService) / TsMemberFunction(send) / TsFunSig() / TsFunParam() / TsTypeObject())] 
[info ] ExtractInterfaces.scala:30 Extracted anonymous interface TsIdentSimple(Anon_Headers) [id => azure-sb, phase => typescript, scope => TreeScope(TsParsedFile() / TsDeclModule(azure-sb/lib/mpnservice) / TsDeclInterface(MpnsService) / TsMemberFunction(send) / TsFunSig() / TsFunParam() / TsTypeObject())] 
[info ] ExtractInterfaces.scala:30 Extracted anonymous interface TsIdentSimple(Anon_Headers) [id => azure-sb, phase => typescript, scope => TreeScope(TsParsedFile() / TsDeclModule(azure-sb/lib/mpnservice) / TsDeclInterface(MpnsService) / TsMemberFunction(send) / TsFunSig() / TsFunParam() / TsTypeObject())] 
[info ] ExtractInterfaces.scala:30 Extracted anonymous interface TsIdentSimple(Anon_Headers) [id => azure-sb, phase => typescript, scope => TreeScope(TsParsedFile() / TsDeclModule(azure-sb/lib/mpnservice) / TsDeclInterface(MpnsService) / TsMemberFunction(send) / TsFunSig() / TsFunParam() / TsTypeObject())] 
[info ] ExtractInterfaces.scala:30 Extracted anonymous interface TsIdentSimple(Anon_Payload) [id => azure-sb, phase => typescript, scope => TreeScope(TsParsedFile() / TsDeclModule(azure-sb/lib/apnsservice) / TsDeclTypeAlias(Template) / TsTypeRef() / TsTypeObject())] 
[info ] ExtractInterfaces.scala:30 Extracted anonymous interface TsIdentSimple(Anon_Headers) [id => azure-sb, phase => typescript, scope => TreeScope(TsParsedFile() / TsDeclModule(azure-sb/lib/apnsservice) / TsDeclInterface(ApnsService) / TsMemberFunction(updateTemplateRegistration) / TsFunSig() / TsFunParam() / TsTypeObject())] 
[info ] ExtractInterfaces.scala:30 Extracted anonymous interface TsIdentSimple(Anon_Headers) [id => azure-sb, phase => typescript, scope => TreeScope(TsParsedFile() / TsDeclModule(azure-sb/lib/apnsservice) / TsDeclInterface(ApnsService) / TsMemberFunction(updateTemplateRegistration) / TsFunSig() / TsFunParam() / TsTypeObject())] 
[info ] ExtractInterfaces.scala:30 Extracted anonymous interface TsIdentSimple(Anon_Headers) [id => azure-sb, phase => typescript, scope => TreeScope(TsParsedFile() / TsDeclModule(azure-sb/lib/apnsservice) / TsDeclInterface(ApnsService) / TsMemberFunction(updateTemplateRegistration) / TsFunSig() / TsFunParam() / TsTypeObject())] 
[info ] ExtractInterfaces.scala:30 Extracted anonymous interface TsIdentSimple(Anon_Headers) [id => azure-sb, phase => typescript, scope => TreeScope(TsParsedFile() / TsDeclModule(azure-sb/lib/apnsservice) / TsDeclInterface(ApnsService) / TsMemberFunction(updateTemplateRegistration) / TsFunSig() / TsFunParam() / TsTypeObject())] 
[info ] ExtractInterfaces.scala:30 Extracted anonymous interface TsIdentSimple(Anon_Headers) [id => azure-sb, phase => typescript, scope => TreeScope(TsParsedFile() / TsDeclModule(azure-sb/lib/apnsservice) / TsDeclInterface(ApnsService) / TsMemberFunction(send) / TsFunSig() / TsFunParam() / TsTypeObject())] 
[info ] ExtractInterfaces.scala:30 Extracted anonymous interface TsIdentSimple(Anon_Headers) [id => azure-sb, phase => typescript, scope => TreeScope(TsParsedFile() / TsDeclModule(azure-sb/lib/apnsservice) / TsDeclInterface(ApnsService) / TsMemberFunction(send) / TsFunSig() / TsFunParam() / TsTypeObject())] 
[info ] ExtractInterfaces.scala:30 Extracted anonymous interface TsIdentSimple(Anon_Headers) [id => azure-sb, phase => typescript, scope => TreeScope(TsParsedFile() / TsDeclModule(azure-sb/lib/apnsservice) / TsDeclInterface(ApnsService) / TsMemberFunction(send) / TsFunSig() / TsFunParam() / TsTypeObject())] 
[info ] ExtractInterfaces.scala:30 Extracted anonymous interface TsIdentSimple(Anon_Headers) [id => azure-sb, phase => typescript, scope => TreeScope(TsParsedFile() / TsDeclModule(azure-sb/lib/apnsservice) / TsDeclInterface(ApnsService) / TsMemberFunction(send) / TsFunSig() / TsFunParam() / TsTypeObject())] 
[info ] ExtractInterfaces.scala:30 Extracted anonymous interface TsIdentSimple(Anon_Id) [id => azure-sb, phase => typescript, scope => TreeScope(TsParsedFile() / TsDeclModule(azure-sb/lib/models/resourceresult) / TsDeclNamespace(Azure) / TsDeclNamespace(ServiceBus) / TsDeclNamespace(Results) / TsDeclInterface(ResourceResult) / TsMemberFunction(setName) / TsFunSig() / TsFunParam() / TsTypeObject() / TsMemberProperty(_) / TsTypeObject())] 
[info ] ExtractInterfaces.scala:30 Extracted anonymous interface TsIdentSimple(Anon_) [id => azure-sb, phase => typescript, scope => TreeScope(TsParsedFile() / TsDeclModule(azure-sb/lib/models/resourceresult) / TsDeclNamespace(Azure) / TsDeclNamespace(ServiceBus) / TsDeclNamespace(Results) / TsDeclInterface(ResourceResult) / TsMemberFunction(setName) / TsFunSig() / TsFunParam() / TsTypeObject())] 
[info ] ExtractInterfaces.scala:30 Extracted anonymous interface TsIdentSimple(Anon_SignRequest) [id => azure-sb, phase => typescript, scope => TreeScope(TsParsedFile() / TsDeclModule(azure-sb/lib/wrapservice) / TsDeclInterface(WrapService) / TsMemberProperty(authenticationProvider) / TsTypeObject())] 
[info ] ExtractInterfaces.scala:30 Extracted anonymous interface TsIdentSimple(Anon_Properties) [id => azure-sb, phase => typescript, scope => TreeScope(TsParsedFile() / TsDeclModule(azure-sb) / TsDeclNamespace(Azure) / TsDeclNamespace(ServiceBus) / TsDeclNamespace(Results) / TsDeclNamespace(Models) / TsDeclTypeAlias(CorrelationFilter) / TsTypeRef() / TsTypeObject())] 
[info ] ExtractInterfaces.scala:30 Extracted anonymous interface TsIdentSimple(Anon_Name) [id => azure-sb, phase => typescript, scope => TreeScope(TsParsedFile() / TsDeclModule(azure-sb) / TsDeclNamespace(Azure) / TsDeclNamespace(ServiceBus) / TsDeclNamespace(Results) / TsDeclNamespace(Models) / TsDeclInterface(Base) / TsMemberProperty(_) / TsTypeObject() / TsMemberProperty(author) / TsTypeObject())] 
[info ] ExtractInterfaces.scala:30 Extracted anonymous interface TsIdentSimple(Anon_Author) [id => azure-sb, phase => typescript, scope => TreeScope(TsParsedFile() / TsDeclModule(azure-sb) / TsDeclNamespace(Azure) / TsDeclNamespace(ServiceBus) / TsDeclNamespace(Results) / TsDeclNamespace(Models) / TsDeclInterface(Base) / TsMemberProperty(_) / TsTypeObject())] 
[info ] ExtractInterfaces.scala:30 Extracted anonymous interface TsIdentSimple(Anon_Detail) [id => azure-sb, phase => typescript, scope => TreeScope(TsParsedFile() / TsDeclModule(azure-sb) / TsDeclNamespace(Azure) / TsDeclNamespace(ServiceBus) / TsDeclInterface(ErrorResponse) / TsMemberProperty(body) / TsTypeObject() / TsMemberProperty(Error) / TsTypeObject())] 
[info ] ExtractInterfaces.scala:30 Extracted anonymous interface TsIdentSimple(Anon_Error) [id => azure-sb, phase => typescript, scope => TreeScope(TsParsedFile() / TsDeclModule(azure-sb) / TsDeclNamespace(Azure) / TsDeclNamespace(ServiceBus) / TsDeclInterface(ErrorResponse) / TsMemberProperty(body) / TsTypeObject())] 
[info ] ExtractInterfaces.scala:30 Extracted anonymous interface TsIdentSimple(Anon_Etag) [id => azure-sb, phase => typescript, scope => TreeScope(TsParsedFile() / TsDeclModule(azure-sb/lib/notificationhubservice) / TsDeclInterface(NotificationHubService) / TsMemberFunction(deleteRegistration) / TsFunSig() / TsFunParam() / TsTypeObject())] 
[info ] ExtractInterfaces.scala:30 Extracted anonymous interface TsIdentSimple(Anon_Etag) [id => azure-sb, phase => typescript, scope => TreeScope(TsParsedFile() / TsDeclModule(azure-sb/lib/notificationhubservice) / TsDeclInterface(NotificationHubService) / TsMemberFunction(createOrUpdateRegistration) / TsFunSig() / TsFunParam() / TsTypeObject())] 
[info ] ExtractInterfaces.scala:30 Extracted anonymous interface TsIdentSimple(Anon_Etag) [id => azure-sb, phase => typescript, scope => TreeScope(TsParsedFile() / TsDeclModule(azure-sb/lib/notificationhubservice) / TsDeclInterface(NotificationHubService) / TsMemberFunction(updateRegistration) / TsFunSig() / TsFunParam() / TsTypeObject())] 
[info ] ExtractInterfaces.scala:30 Extracted anonymous interface TsIdentSimple(Anon_HeadersObject) [id => azure-sb, phase => typescript, scope => TreeScope(TsParsedFile() / TsDeclModule(azure-sb/lib/notificationhubservice) / TsDeclInterface(NotificationHubService) / TsMemberFunction(send) / TsFunSig() / TsFunParam() / TsTypeObject())] 
[info ] ExtractInterfaces.scala:30 Extracted anonymous interface TsIdentSimple(Anon_HeadersObject) [id => azure-sb, phase => typescript, scope => TreeScope(TsParsedFile() / TsDeclModule(azure-sb/lib/notificationhubservice) / TsDeclInterface(NotificationHubService) / TsMemberFunction(send) / TsFunSig() / TsFunParam() / TsTypeObject())] 
[info ] ExtractInterfaces.scala:30 Extracted anonymous interface TsIdentSimple(Anon_Headers) [id => azure-sb, phase => typescript, scope => TreeScope(TsParsedFile() / TsDeclModule(azure-sb/lib/gcmservice) / TsDeclInterface(GcmService) / TsMemberFunction(updateTemplateRegistration) / TsFunSig() / TsFunParam() / TsTypeObject())] 
[info ] ExtractInterfaces.scala:30 Extracted anonymous interface TsIdentSimple(Anon_Headers) [id => azure-sb, phase => typescript, scope => TreeScope(TsParsedFile() / TsDeclModule(azure-sb/lib/gcmservice) / TsDeclInterface(GcmService) / TsMemberFunction(updateTemplateRegistration) / TsFunSig() / TsFunParam() / TsTypeObject())] 
[info ] ExtractInterfaces.scala:30 Extracted anonymous interface TsIdentSimple(Anon_Headers) [id => azure-sb, phase => typescript, scope => TreeScope(TsParsedFile() / TsDeclModule(azure-sb/lib/gcmservice) / TsDeclInterface(GcmService) / TsMemberFunction(updateTemplateRegistration) / TsFunSig() / TsFunParam() / TsTypeObject())] 
[info ] ExtractInterfaces.scala:30 Extracted anonymous interface TsIdentSimple(Anon_Headers) [id => azure-sb, phase => typescript, scope => TreeScope(TsParsedFile() / TsDeclModule(azure-sb/lib/gcmservice) / TsDeclInterface(GcmService) / TsMemberFunction(updateTemplateRegistration) / TsFunSig() / TsFunParam() / TsTypeObject())] 
[info ] ExtractInterfaces.scala:30 Extracted anonymous interface TsIdentSimple(Anon_Image4alt) [id => azure-sb, phase => typescript, scope => TreeScope(TsParsedFile() / TsDeclModule(azure-sb/lib/wnsservice) / TsDeclTypeAlias(Payload) / TsTypeRef() / TsTypeObject())] 
[debug] PhaseRunner.scala:78 Success [id => azure-sb, phase => typescript] 
[warn ] Phase2ToScalaJs.scala:34 Processing TsIdentLibrarySimple(azure-sb) [id => azure-sb, phase => scala.js] 
[debug] PhaseRunner.scala:78 Success [id => azure-sb, phase => scala.js] 
[warn ] PhaseRunner.scala:64 Failed because of, [node => Compilation failed] [id => azure-sb, phase => build] 
[debug] PhaseRunner.scala:82 Failure, [node => Compilation failed] [id => azure-sb, phase => build] 
