[info ] InferredDependency.scala:20 Inferred dependencies Set(TsIdentLibrarySimple(node)) for TsIdentLibrarySimple(azure) [id => azure, phase => typescript, file => ../types/azure/index.d.ts] 
[debug] PhaseRunner.scala:78 Success [id => azure, phase => typescript] 
[info ] Phase1ReadTypescript.scala:152 Preprocessing TsHelperFile(InFile(/home/tso/tmp/tso-cache/DefinitelyTyped/types/azure/index.d.ts),FromFolder(InFolder(/home/tso/tmp/tso-cache/DefinitelyTyped/types/azure),TsIdentLibrarySimple(azure)),TsIdentModule(None,List(azure))) [id => azure, phase => typescript] 
[info ] InferredDefaultModule.scala:39 Inferred module TsIdentModule(None,List(azure)) [id => azure, phase => typescript] 
[warn ] Phase1ReadTypescript.scala:190 Processing TsIdentLibrarySimple(azure) [id => azure, phase => typescript] 
[info ] ResolveTypeQueries.scala:94 Resolved TsTypeQuery(TsQIdent(List(TsIdentLibrarySimple(azure), TsIdentModule(None,List(azure)), TsIdentSimple(SpeedSummary)))) [id => azure, phase => typescript, scope => TreeScope(TsParsedFile() / TsDeclModule(azure) / TsExport() / TsExporteeTree() / TsDeclClass(BlobService) / TsMemberProperty(SpeedSummary) / TsTypeQuery())] 
[info ] PreferTypeAlias.scala:118 Simplified to function type alias [id => azure, phase => typescript, scope => TreeScope(TsParsedFile() / TsDeclModule(azure) / TsDeclInterface(SimpleCallback))] 
[info ] PreferTypeAlias.scala:118 Simplified to function type alias [id => azure, phase => typescript, scope => TreeScope(TsParsedFile() / TsDeclModule(azure) / TsDeclInterface(ErrorCallback))] 
[info ] PreferTypeAlias.scala:118 Simplified to function type alias [id => azure, phase => typescript, scope => TreeScope(TsParsedFile() / TsDeclModule(azure) / TsDeclInterface(StorageCallbackVoid))] 
[info ] PreferTypeAlias.scala:118 Simplified to function type alias [id => azure, phase => typescript, scope => TreeScope(TsParsedFile() / TsDeclModule(azure) / TsDeclInterface(StorageCallback))] 
[info ] PreferTypeAlias.scala:112 Simplified to type alias [id => azure, phase => typescript, scope => TreeScope(TsParsedFile() / TsDeclModule(azure) / TsDeclInterface(StorageServiceStatsCallback))] 
[info ] PreferTypeAlias.scala:112 Simplified to type alias [id => azure, phase => typescript, scope => TreeScope(TsParsedFile() / TsDeclModule(azure) / TsDeclInterface(StorageServicePropertiesCallback))] 
[info ] PreferTypeAlias.scala:118 Simplified to function type alias [id => azure, phase => typescript, scope => TreeScope(TsParsedFile() / TsDeclModule(azure) / TsDeclInterface(TableRequestCallback))] 
[info ] PreferTypeAlias.scala:118 Simplified to function type alias [id => azure, phase => typescript, scope => TreeScope(TsParsedFile() / TsDeclModule(azure) / TsDeclInterface(CreateTableIfNotExistsCallback))] 
[info ] PreferTypeAlias.scala:118 Simplified to function type alias [id => azure, phase => typescript, scope => TreeScope(TsParsedFile() / TsDeclModule(azure) / TsDeclInterface(DeleteTableCallback))] 
[info ] PreferTypeAlias.scala:118 Simplified to function type alias [id => azure, phase => typescript, scope => TreeScope(TsParsedFile() / TsDeclModule(azure) / TsDeclInterface(QueryTablesCallback))] 
[info ] PreferTypeAlias.scala:118 Simplified to function type alias [id => azure, phase => typescript, scope => TreeScope(TsParsedFile() / TsDeclModule(azure) / TsDeclInterface(QueryEntityCallback))] 
[info ] PreferTypeAlias.scala:118 Simplified to function type alias [id => azure, phase => typescript, scope => TreeScope(TsParsedFile() / TsDeclModule(azure) / TsDeclInterface(QueryEntitiesCallback))] 
[info ] PreferTypeAlias.scala:118 Simplified to function type alias [id => azure, phase => typescript, scope => TreeScope(TsParsedFile() / TsDeclModule(azure) / TsDeclInterface(ModifyEntityCallback))] 
[info ] PreferTypeAlias.scala:118 Simplified to function type alias [id => azure, phase => typescript, scope => TreeScope(TsParsedFile() / TsDeclModule(azure) / TsDeclInterface(DeleteEntityCallback))] 
[info ] PreferTypeAlias.scala:118 Simplified to function type alias [id => azure, phase => typescript, scope => TreeScope(TsParsedFile() / TsDeclModule(azure) / TsDeclInterface(ListContainersCallback))] 
[info ] PreferTypeAlias.scala:118 Simplified to function type alias [id => azure, phase => typescript, scope => TreeScope(TsParsedFile() / TsDeclModule(azure) / TsDeclInterface(ListBlobsCallback))] 
[info ] PreferTypeAlias.scala:118 Simplified to function type alias [id => azure, phase => typescript, scope => TreeScope(TsParsedFile() / TsDeclModule(azure) / TsDeclInterface(GetBlobToTextCallback))] 
[info ] PreferTypeAlias.scala:118 Simplified to function type alias [id => azure, phase => typescript, scope => TreeScope(TsParsedFile() / TsDeclModule(azure) / TsDeclInterface(ListQueuesCallback))] 
[info ] PreferTypeAlias.scala:118 Simplified to function type alias [id => azure, phase => typescript, scope => TreeScope(TsParsedFile() / TsDeclModule(azure) / TsDeclInterface(ValidatorFunction))] 
[info ] ExtractInterfaces.scala:30 Extracted anonymous interface TsIdentSimple(Anon_User) [id => azure, phase => typescript, scope => TreeScope(TsParsedFile() / TsDeclModule(azure) / TsDeclInterface(ClusterCreationOptions) / TsMemberProperty(hiveMetastore) / TsTypeObject())] 
[info ] ExtractInterfaces.scala:30 Extracted anonymous interface TsIdentSimple(Anon_Key) [id => azure, phase => typescript, scope => TreeScope(TsParsedFile() / TsDeclModule(azure) / TsDeclInterface(ClusterCreationOptions) / TsMemberProperty(additionalStorageAccounts) / TsTypeRef() / TsTypeObject())] 
[info ] ExtractInterfaces.scala:30 Extracted anonymous interface TsIdentSimple(Anon_User) [id => azure, phase => typescript, scope => TreeScope(TsParsedFile() / TsDeclModule(azure) / TsDeclInterface(ClusterCreationOptions) / TsMemberProperty(oozieMetastore) / TsTypeObject())] 
[info ] ExtractInterfaces.scala:30 Extracted anonymous interface TsIdentSimple(Anon_NOTICE) [id => azure, phase => typescript, scope => TreeScope(TsParsedFile() / TsDeclModule(azure) / TsDeclClass(Logger) / TsMemberProperty(LogLevels) / TsTypeObject())] 
[info ] ExtractInterfaces.scala:30 Extracted anonymous interface TsIdentSimple(Anon_Start) [id => azure, phase => typescript, scope => TreeScope(TsParsedFile() / TsDeclModule(azure) / TsDeclInterface(SharedAccessPolicy) / TsMemberProperty(AccessPolicy) / TsTypeObject())] 
[info ] ExtractInterfaces.scala:30 Extracted anonymous interface TsIdentSimple(Anon_Enabled) [id => azure, phase => typescript, scope => TreeScope(TsParsedFile() / TsDeclModule(azure) / TsDeclInterface(StorageServiceProperties) / TsMemberProperty(Metrics) / TsTypeObject() / TsMemberProperty(RetentionPolicy) / TsTypeObject())] 
[info ] ExtractInterfaces.scala:30 Extracted anonymous interface TsIdentSimple(Anon_EnabledVersion) [id => azure, phase => typescript, scope => TreeScope(TsParsedFile() / TsDeclModule(azure) / TsDeclInterface(StorageServiceProperties) / TsMemberProperty(Metrics) / TsTypeObject())] 
[info ] ExtractInterfaces.scala:30 Extracted anonymous interface TsIdentSimple(Anon_Enabled) [id => azure, phase => typescript, scope => TreeScope(TsParsedFile() / TsDeclModule(azure) / TsDeclInterface(StorageServiceProperties) / TsMemberProperty(Logging) / TsTypeObject() / TsMemberProperty(RetentionPolicy) / TsTypeObject())] 
[info ] ExtractInterfaces.scala:30 Extracted anonymous interface TsIdentSimple(Anon_Read) [id => azure, phase => typescript, scope => TreeScope(TsParsedFile() / TsDeclModule(azure) / TsDeclInterface(StorageServiceProperties) / TsMemberProperty(Logging) / TsTypeObject())] 
[info ] ExtractInterfaces.scala:30 Extracted anonymous interface TsIdentSimple(Anon_Se) [id => azure, phase => typescript, scope => TreeScope(TsParsedFile() / TsDeclModule(azure) / TsDeclInterface(SharedAccessSignatureResult) / TsMemberProperty(queryString) / TsTypeObject())] 
[info ] ExtractInterfaces.scala:30 Extracted anonymous interface TsIdentSimple(Anon_TableName) [id => azure, phase => typescript, scope => TreeScope(TsParsedFile() / TsDeclModule(azure) / TsDeclTypeAlias(TableRequestCallback) / TsTypeFunction() / TsFunSig() / TsFunParam() / TsTypeObject())] 
[info ] ExtractInterfaces.scala:30 Extracted anonymous interface TsIdentSimple(Anon_KeyVersionEndpointEnvironmentName) [id => azure, phase => typescript, scope => TreeScope(TsParsedFile() / TsDeclModule(azure) / TsDeclInterface(RoleEnvironmentInterface) / TsMemberProperty(EnvironmentVariables) / TsTypeObject())] 
[info ] ExtractInterfaces.scala:30 Extracted anonymous interface TsIdentSimple(Anon_LastSyncTime) [id => azure, phase => typescript, scope => TreeScope(TsParsedFile() / TsDeclModule(azure) / TsDeclInterface(StorageServiceStats) / TsMemberProperty(GeoReplication) / TsTypeObject())] 
[info ] ExtractInterfaces.scala:30 Extracted anonymous interface TsIdentSimple(Anon_Name) [id => azure, phase => typescript, scope => TreeScope(TsParsedFile() / TsDeclModule(azure) / TsDeclInterface(WebResponse) / TsMemberProperty(body) / TsTypeObject() / TsMemberProperty(entry) / TsTypeObject() / TsMemberProperty(author) / TsTypeObject())] 
[info ] ExtractInterfaces.scala:30 Extracted anonymous interface TsIdentSimple(Anon_Author) [id => azure, phase => typescript, scope => TreeScope(TsParsedFile() / TsDeclModule(azure) / TsDeclInterface(WebResponse) / TsMemberProperty(body) / TsTypeObject() / TsMemberProperty(entry) / TsTypeObject())] 
[info ] ExtractInterfaces.scala:30 Extracted anonymous interface TsIdentSimple(Anon_Entry) [id => azure, phase => typescript, scope => TreeScope(TsParsedFile() / TsDeclModule(azure) / TsDeclInterface(WebResponse) / TsMemberProperty(body) / TsTypeObject())] 
[debug] PhaseRunner.scala:78 Success [id => azure, phase => typescript] 
[warn ] Phase2ToScalaJs.scala:34 Processing TsIdentLibrarySimple(azure) [id => azure, phase => scala.js] 
[info ] CompleteClass.scala:60 Completed implementations Vector(handle) [id => azure, phase => scala.js, this => Name(azureLib) / Name(azureMod) / Name(ExponentialRetryPolicyFilter)] 
[info ] CompleteClass.scala:60 Completed implementations Vector(handle) [id => azure, phase => scala.js, this => Name(azureLib) / Name(azureMod) / Name(LinearRetryPolicyFilter)] 
[debug] PhaseRunner.scala:78 Success [id => azure, phase => scala.js] 
[warn ] PhaseRunner.scala:64 Failed because of, [node => Compilation failed] [id => azure, phase => build] 
[debug] PhaseRunner.scala:82 Failure, [node => Compilation failed] [id => azure, phase => build] 
