[info ] InferredDependency.scala:20 Inferred dependencies Set(TsIdentLibrarySimple(node)) for TsIdentLibrarySimple(backlog-js) [id => backlog-js, phase => typescript, file => ../types/backlog-js/index.d.ts] 
[debug] PhaseRunner.scala:78 Success [id => backlog-js, phase => typescript] 
[info ] Phase1ReadTypescript.scala:152 Preprocessing TsHelperFile(InFile(/home/tso/tmp/tso-cache/DefinitelyTyped/types/backlog-js/index.d.ts),FromFolder(InFolder(/home/tso/tmp/tso-cache/DefinitelyTyped/types/backlog-js),TsIdentLibrarySimple(backlog-js)),TsIdentModule(None,List(backlog-js))) [id => backlog-js, phase => typescript] 
[info ] InferredDefaultModule.scala:39 Inferred module TsIdentModule(None,List(backlog-js)) [id => backlog-js, phase => typescript] 
[warn ] Phase1ReadTypescript.scala:190 Processing TsIdentLibrarySimple(backlog-js) [id => backlog-js, phase => typescript] 
[info ] SimplifyParents.scala:42 Simplified class which extends var TsTypeRef(TsQIdent(List(TsIdentLibrarySimple(std), TsIdentSimple(ErrorConstructor))),List()) to typeof var [id => backlog-js, phase => typescript, scope => TreeScope(TsParsedFile())] 
[info ] InferReturnTypes.scala:32 Could not infer return type [id => backlog-js, phase => typescript, scope => TreeScope(TsParsedFile() / TsDeclModule(backlog-js) / TsDeclClass(Backlog) / TsMemberFunction(download))] 
[info ] InferReturnTypes.scala:32 Could not infer return type [id => backlog-js, phase => typescript, scope => TreeScope(TsParsedFile() / TsDeclModule(backlog-js) / TsDeclClass(Backlog) / TsMemberFunction(upload))] 
[info ] InferReturnTypes.scala:32 Could not infer return type [id => backlog-js, phase => typescript, scope => TreeScope(TsParsedFile() / TsDeclModule(backlog-js) / TsDeclClass(Backlog) / TsMemberFunction(parseFileData))] 
[info ] InferReturnTypes.scala:32 Could not infer return type [id => backlog-js, phase => typescript, scope => TreeScope(TsParsedFile() / TsDeclModule(backlog-js) / TsDeclInterface(Request) / TsMemberFunction(toFormData))] 
[info ] InferReturnTypes.scala:32 Could not infer return type [id => backlog-js, phase => typescript, scope => TreeScope(TsParsedFile() / TsDeclModule(backlog-js) / TsDeclInterface(Request) / TsMemberFunction(toQueryString))] 
[info ] ExtractInterfaces.scala:30 Extracted anonymous interface TsIdentSimple(Anon_Method) [id => backlog-js, phase => typescript, scope => TreeScope(TsParsedFile() / TsDeclModule(backlog-js) / TsDeclInterface(Request) / TsMemberFunction(request) / TsFunSig() / TsFunParam() / TsTypeObject())] 
[info ] ExtractInterfaces.scala:30 Extracted anonymous interface TsIdentSimple(Anon_Errors) [id => backlog-js, phase => typescript, scope => TreeScope(TsParsedFile() / TsDeclModule(backlog-js) / TsDeclNamespace(Error) / TsDeclClass(BacklogApiError) / TsMemberFunction(constructor) / TsFunSig() / TsFunParam() / TsTypeObject())] 
[info ] ExtractInterfaces.scala:30 Extracted anonymous interface TsIdentSimple(Anon_Errors) [id => backlog-js, phase => typescript, scope => TreeScope(TsParsedFile() / TsDeclModule(backlog-js) / TsDeclNamespace(Error) / TsDeclClass(BacklogAuthError) / TsMemberFunction(constructor) / TsFunSig() / TsFunParam() / TsTypeObject())] 
[info ] ExtractInterfaces.scala:30 Extracted anonymous interface TsIdentSimple(Anon_Errors) [id => backlog-js, phase => typescript, scope => TreeScope(TsParsedFile() / TsDeclModule(backlog-js) / TsDeclNamespace(Error) / TsDeclClass(BacklogError) / TsMemberProperty(body) / TsTypeObject())] 
[info ] ExtractInterfaces.scala:30 Extracted anonymous interface TsIdentSimple(Anon_Errors) [id => backlog-js, phase => typescript, scope => TreeScope(TsParsedFile() / TsDeclModule(backlog-js) / TsDeclNamespace(Error) / TsDeclClass(BacklogError) / TsMemberFunction(constructor) / TsFunSig() / TsFunParam() / TsTypeObject())] 
[info ] ExtractInterfaces.scala:30 Extracted anonymous interface TsIdentSimple(Anon_RedirectUri) [id => backlog-js, phase => typescript, scope => TreeScope(TsParsedFile() / TsDeclModule(backlog-js) / TsDeclClass(OAuth2) / TsMemberFunction(getAuthorizationURL) / TsFunSig() / TsFunParam() / TsTypeObject())] 
[info ] ExtractInterfaces.scala:30 Extracted anonymous interface TsIdentSimple(Anon_RedirectUriHost) [id => backlog-js, phase => typescript, scope => TreeScope(TsParsedFile() / TsDeclModule(backlog-js) / TsDeclClass(OAuth2) / TsMemberFunction(getAccessToken) / TsFunSig() / TsFunParam() / TsTypeObject())] 
[info ] ExtractInterfaces.scala:30 Extracted anonymous interface TsIdentSimple(Anon_RefreshToken) [id => backlog-js, phase => typescript, scope => TreeScope(TsParsedFile() / TsDeclModule(backlog-js) / TsDeclClass(OAuth2) / TsMemberFunction(refreshAccessToken) / TsFunSig() / TsFunParam() / TsTypeObject())] 
[info ] ExtractInterfaces.scala:30 Extracted anonymous interface TsIdentSimple(Anon_ApiKey) [id => backlog-js, phase => typescript, scope => TreeScope(TsParsedFile() / TsDeclModule(backlog-js) / TsDeclClass(Backlog) / TsMemberFunction(constructor) / TsFunSig() / TsFunParam() / TsTypeObject())] 
[debug] PhaseRunner.scala:78 Success [id => backlog-js, phase => typescript] 
[warn ] Phase2ToScalaJs.scala:34 Processing TsIdentLibrarySimple(backlog-js) [id => backlog-js, phase => scala.js] 
[debug] PhaseRunner.scala:78 Success [id => backlog-js, phase => scala.js] 
[warn ] PhaseRunner.scala:64 Failed because of, [node => Compilation failed] [id => backlog-js, phase => build] 
[debug] PhaseRunner.scala:82 Failure, [node => Compilation failed] [id => backlog-js, phase => build] 
