[info ] InferredDependency.scala:20 Inferred dependencies Set(TsIdentLibrarySimple(node)) for TsIdentLibrarySimple(bitwise) [id => bitwise, phase => typescript, file => ../node_modules/bitwise/index.d.ts] 
[debug] PhaseRunner.scala:78 Success [id => bitwise, phase => typescript] 
[debug] PhaseRunner.scala:78 Success [id => bitwise, phase => typescript] 
[debug] PhaseRunner.scala:78 Success [id => bitwise, phase => typescript] 
[debug] PhaseRunner.scala:78 Success [id => bitwise, phase => typescript] 
[debug] PhaseRunner.scala:78 Success [id => bitwise, phase => typescript] 
[debug] PhaseRunner.scala:78 Success [id => bitwise, phase => typescript] 
[debug] PhaseRunner.scala:78 Success [id => bitwise, phase => typescript] 
[debug] PhaseRunner.scala:78 Success [id => bitwise, phase => typescript] 
[debug] PhaseRunner.scala:78 Success [id => bitwise, phase => typescript] 
[debug] PhaseRunner.scala:78 Success [id => bitwise, phase => typescript] 
[debug] PhaseRunner.scala:78 Success [id => bitwise, phase => typescript] 
[debug] PhaseRunner.scala:78 Success [id => bitwise, phase => typescript] 
[debug] PhaseRunner.scala:78 Success [id => bitwise, phase => typescript] 
[debug] PhaseRunner.scala:78 Success [id => bitwise, phase => typescript] 
[debug] PhaseRunner.scala:78 Success [id => bitwise, phase => typescript] 
[debug] PhaseRunner.scala:78 Success [id => bitwise, phase => typescript] 
[debug] PhaseRunner.scala:78 Success [id => bitwise, phase => typescript] 
[debug] PhaseRunner.scala:78 Success [id => bitwise, phase => typescript] 
[debug] PhaseRunner.scala:78 Success [id => bitwise, phase => typescript] 
[debug] PhaseRunner.scala:78 Success [id => bitwise, phase => typescript] 
[debug] PhaseRunner.scala:78 Success [id => bitwise, phase => typescript] 
[debug] PhaseRunner.scala:78 Success [id => bitwise, phase => typescript] 
[debug] PhaseRunner.scala:78 Success [id => bitwise, phase => typescript] 
[debug] PhaseRunner.scala:78 Success [id => bitwise, phase => typescript] 
[info ] InferredDependency.scala:20 Inferred dependencies Set(TsIdentLibrarySimple(node)) for TsIdentLibrarySimple(bitwise) [id => bitwise, phase => typescript, file => ../bitwise/buffer/index.d.ts] 
[info ] InferredDependency.scala:20 Inferred dependencies Set(TsIdentLibrarySimple(node)) for TsIdentLibrarySimple(bitwise) [id => bitwise, phase => typescript, file => ../bitwise/buffer/read-u-int.d.ts] 
[debug] PhaseRunner.scala:78 Success [id => bitwise, phase => typescript] 
[info ] InferredDependency.scala:20 Inferred dependencies Set(TsIdentLibrarySimple(node)) for TsIdentLibrarySimple(bitwise) [id => bitwise, phase => typescript, file => ../bitwise/buffer/xnor.d.ts] 
[debug] PhaseRunner.scala:78 Success [id => bitwise, phase => typescript] 
[info ] InferredDependency.scala:20 Inferred dependencies Set(TsIdentLibrarySimple(node)) for TsIdentLibrarySimple(bitwise) [id => bitwise, phase => typescript, file => ../bitwise/buffer/create.d.ts] 
[debug] PhaseRunner.scala:78 Success [id => bitwise, phase => typescript] 
[info ] InferredDependency.scala:20 Inferred dependencies Set(TsIdentLibrarySimple(node)) for TsIdentLibrarySimple(bitwise) [id => bitwise, phase => typescript, file => ../bitwise/buffer/nor.d.ts] 
[debug] PhaseRunner.scala:78 Success [id => bitwise, phase => typescript] 
[info ] InferredDependency.scala:20 Inferred dependencies Set(TsIdentLibrarySimple(node)) for TsIdentLibrarySimple(bitwise) [id => bitwise, phase => typescript, file => ../bitwise/buffer/modify.d.ts] 
[debug] PhaseRunner.scala:78 Success [id => bitwise, phase => typescript] 
[info ] InferredDependency.scala:20 Inferred dependencies Set(TsIdentLibrarySimple(node)) for TsIdentLibrarySimple(bitwise) [id => bitwise, phase => typescript, file => ../bitwise/buffer/not.d.ts] 
[debug] PhaseRunner.scala:78 Success [id => bitwise, phase => typescript] 
[info ] InferredDependency.scala:20 Inferred dependencies Set(TsIdentLibrarySimple(node)) for TsIdentLibrarySimple(bitwise) [id => bitwise, phase => typescript, file => ../bitwise/buffer/read-int.d.ts] 
[debug] PhaseRunner.scala:78 Success [id => bitwise, phase => typescript] 
[info ] InferredDependency.scala:20 Inferred dependencies Set(TsIdentLibrarySimple(node)) for TsIdentLibrarySimple(bitwise) [id => bitwise, phase => typescript, file => ../bitwise/buffer/or.d.ts] 
[debug] PhaseRunner.scala:78 Success [id => bitwise, phase => typescript] 
[info ] InferredDependency.scala:20 Inferred dependencies Set(TsIdentLibrarySimple(node)) for TsIdentLibrarySimple(bitwise) [id => bitwise, phase => typescript, file => ../bitwise/buffer/xor.d.ts] 
[debug] PhaseRunner.scala:78 Success [id => bitwise, phase => typescript] 
[info ] InferredDependency.scala:20 Inferred dependencies Set(TsIdentLibrarySimple(node)) for TsIdentLibrarySimple(bitwise) [id => bitwise, phase => typescript, file => ../bitwise/buffer/read.d.ts] 
[debug] PhaseRunner.scala:78 Success [id => bitwise, phase => typescript] 
[info ] InferredDependency.scala:20 Inferred dependencies Set(TsIdentLibrarySimple(node)) for TsIdentLibrarySimple(bitwise) [id => bitwise, phase => typescript, file => ../bitwise/buffer/and.d.ts] 
[debug] PhaseRunner.scala:78 Success [id => bitwise, phase => typescript] 
[info ] InferredDependency.scala:20 Inferred dependencies Set(TsIdentLibrarySimple(node)) for TsIdentLibrarySimple(bitwise) [id => bitwise, phase => typescript, file => ../bitwise/buffer/nand.d.ts] 
[debug] PhaseRunner.scala:78 Success [id => bitwise, phase => typescript] 
[debug] PhaseRunner.scala:78 Success [id => bitwise, phase => typescript] 
[debug] PhaseRunner.scala:78 Success [id => bitwise, phase => typescript] 
[debug] PhaseRunner.scala:78 Success [id => bitwise, phase => typescript] 
[debug] PhaseRunner.scala:78 Success [id => bitwise, phase => typescript] 
[debug] PhaseRunner.scala:78 Success [id => bitwise, phase => typescript] 
[debug] PhaseRunner.scala:78 Success [id => bitwise, phase => typescript] 
[debug] PhaseRunner.scala:78 Success [id => bitwise, phase => typescript] 
[info ] Phase1ReadTypescript.scala:152 Preprocessing TsHelperFile(InFile(/home/tso/tmp/tso-cache/npm/node_modules/bitwise/index.d.ts),FromFolder(InFolder(/home/tso/tmp/tso-cache/npm/node_modules/bitwise),TsIdentLibrarySimple(bitwise)),TsIdentModule(None,List(bitwise))) [id => bitwise, phase => typescript] 
[info ] InferredDefaultModule.scala:39 Inferred module TsIdentModule(None,List(bitwise)) [id => bitwise, phase => typescript] 
[info ] Phase1ReadTypescript.scala:152 Preprocessing TsHelperFile(InFile(/home/tso/tmp/tso-cache/npm/node_modules/bitwise/types.d.ts),FromFolder(InFolder(/home/tso/tmp/tso-cache/npm/node_modules/bitwise),TsIdentLibrarySimple(bitwise)),TsIdentModule(None,List(bitwise, types))) [id => bitwise, phase => typescript] 
[info ] InferredDefaultModule.scala:39 Inferred module TsIdentModule(None,List(bitwise, types)) [id => bitwise, phase => typescript] 
[info ] Phase1ReadTypescript.scala:152 Preprocessing TsHelperFile(InFile(/home/tso/tmp/tso-cache/npm/node_modules/bitwise/bits/and.d.ts),FromFolder(InFolder(/home/tso/tmp/tso-cache/npm/node_modules/bitwise),TsIdentLibrarySimple(bitwise)),TsIdentModule(None,List(bitwise, bits, and))) [id => bitwise, phase => typescript] 
[info ] InferredDefaultModule.scala:39 Inferred module TsIdentModule(None,List(bitwise, bits, and)) [id => bitwise, phase => typescript] 
[info ] Phase1ReadTypescript.scala:152 Preprocessing TsHelperFile(InFile(/home/tso/tmp/tso-cache/npm/node_modules/bitwise/bits/index.d.ts),FromFolder(InFolder(/home/tso/tmp/tso-cache/npm/node_modules/bitwise),TsIdentLibrarySimple(bitwise)),TsIdentModule(None,List(bitwise, bits))) [id => bitwise, phase => typescript] 
[info ] InferredDefaultModule.scala:39 Inferred module TsIdentModule(None,List(bitwise, bits)) [id => bitwise, phase => typescript] 
[info ] Phase1ReadTypescript.scala:152 Preprocessing TsHelperFile(InFile(/home/tso/tmp/tso-cache/npm/node_modules/bitwise/bits/nand.d.ts),FromFolder(InFolder(/home/tso/tmp/tso-cache/npm/node_modules/bitwise),TsIdentLibrarySimple(bitwise)),TsIdentModule(None,List(bitwise, bits, nand))) [id => bitwise, phase => typescript] 
[info ] InferredDefaultModule.scala:39 Inferred module TsIdentModule(None,List(bitwise, bits, nand)) [id => bitwise, phase => typescript] 
[info ] Phase1ReadTypescript.scala:152 Preprocessing TsHelperFile(InFile(/home/tso/tmp/tso-cache/npm/node_modules/bitwise/bits/nor.d.ts),FromFolder(InFolder(/home/tso/tmp/tso-cache/npm/node_modules/bitwise),TsIdentLibrarySimple(bitwise)),TsIdentModule(None,List(bitwise, bits, nor))) [id => bitwise, phase => typescript] 
[info ] InferredDefaultModule.scala:39 Inferred module TsIdentModule(None,List(bitwise, bits, nor)) [id => bitwise, phase => typescript] 
[info ] Phase1ReadTypescript.scala:152 Preprocessing TsHelperFile(InFile(/home/tso/tmp/tso-cache/npm/node_modules/bitwise/bits/not.d.ts),FromFolder(InFolder(/home/tso/tmp/tso-cache/npm/node_modules/bitwise),TsIdentLibrarySimple(bitwise)),TsIdentModule(None,List(bitwise, bits, not))) [id => bitwise, phase => typescript] 
[info ] InferredDefaultModule.scala:39 Inferred module TsIdentModule(None,List(bitwise, bits, not)) [id => bitwise, phase => typescript] 
[info ] Phase1ReadTypescript.scala:152 Preprocessing TsHelperFile(InFile(/home/tso/tmp/tso-cache/npm/node_modules/bitwise/bits/or.d.ts),FromFolder(InFolder(/home/tso/tmp/tso-cache/npm/node_modules/bitwise),TsIdentLibrarySimple(bitwise)),TsIdentModule(None,List(bitwise, bits, or))) [id => bitwise, phase => typescript] 
[info ] InferredDefaultModule.scala:39 Inferred module TsIdentModule(None,List(bitwise, bits, or)) [id => bitwise, phase => typescript] 
[info ] Phase1ReadTypescript.scala:152 Preprocessing TsHelperFile(InFile(/home/tso/tmp/tso-cache/npm/node_modules/bitwise/bits/reduce-and.d.ts),FromFolder(InFolder(/home/tso/tmp/tso-cache/npm/node_modules/bitwise),TsIdentLibrarySimple(bitwise)),TsIdentModule(None,List(bitwise, bits, reduce-and))) [id => bitwise, phase => typescript] 
[info ] InferredDefaultModule.scala:39 Inferred module TsIdentModule(None,List(bitwise, bits, reduce-and)) [id => bitwise, phase => typescript] 
[info ] Phase1ReadTypescript.scala:152 Preprocessing TsHelperFile(InFile(/home/tso/tmp/tso-cache/npm/node_modules/bitwise/bits/reduce-nand.d.ts),FromFolder(InFolder(/home/tso/tmp/tso-cache/npm/node_modules/bitwise),TsIdentLibrarySimple(bitwise)),TsIdentModule(None,List(bitwise, bits, reduce-nand))) [id => bitwise, phase => typescript] 
[info ] InferredDefaultModule.scala:39 Inferred module TsIdentModule(None,List(bitwise, bits, reduce-nand)) [id => bitwise, phase => typescript] 
[info ] Phase1ReadTypescript.scala:152 Preprocessing TsHelperFile(InFile(/home/tso/tmp/tso-cache/npm/node_modules/bitwise/bits/reduce-nor.d.ts),FromFolder(InFolder(/home/tso/tmp/tso-cache/npm/node_modules/bitwise),TsIdentLibrarySimple(bitwise)),TsIdentModule(None,List(bitwise, bits, reduce-nor))) [id => bitwise, phase => typescript] 
[info ] InferredDefaultModule.scala:39 Inferred module TsIdentModule(None,List(bitwise, bits, reduce-nor)) [id => bitwise, phase => typescript] 
[info ] Phase1ReadTypescript.scala:152 Preprocessing TsHelperFile(InFile(/home/tso/tmp/tso-cache/npm/node_modules/bitwise/bits/reduce-or.d.ts),FromFolder(InFolder(/home/tso/tmp/tso-cache/npm/node_modules/bitwise),TsIdentLibrarySimple(bitwise)),TsIdentModule(None,List(bitwise, bits, reduce-or))) [id => bitwise, phase => typescript] 
[info ] InferredDefaultModule.scala:39 Inferred module TsIdentModule(None,List(bitwise, bits, reduce-or)) [id => bitwise, phase => typescript] 
[info ] Phase1ReadTypescript.scala:152 Preprocessing TsHelperFile(InFile(/home/tso/tmp/tso-cache/npm/node_modules/bitwise/bits/reduce-xnor.d.ts),FromFolder(InFolder(/home/tso/tmp/tso-cache/npm/node_modules/bitwise),TsIdentLibrarySimple(bitwise)),TsIdentModule(None,List(bitwise, bits, reduce-xnor))) [id => bitwise, phase => typescript] 
[info ] InferredDefaultModule.scala:39 Inferred module TsIdentModule(None,List(bitwise, bits, reduce-xnor)) [id => bitwise, phase => typescript] 
[info ] Phase1ReadTypescript.scala:152 Preprocessing TsHelperFile(InFile(/home/tso/tmp/tso-cache/npm/node_modules/bitwise/bits/reduce-xor.d.ts),FromFolder(InFolder(/home/tso/tmp/tso-cache/npm/node_modules/bitwise),TsIdentLibrarySimple(bitwise)),TsIdentModule(None,List(bitwise, bits, reduce-xor))) [id => bitwise, phase => typescript] 
[info ] InferredDefaultModule.scala:39 Inferred module TsIdentModule(None,List(bitwise, bits, reduce-xor)) [id => bitwise, phase => typescript] 
[info ] Phase1ReadTypescript.scala:152 Preprocessing TsHelperFile(InFile(/home/tso/tmp/tso-cache/npm/node_modules/bitwise/bits/to-boolean.d.ts),FromFolder(InFolder(/home/tso/tmp/tso-cache/npm/node_modules/bitwise),TsIdentLibrarySimple(bitwise)),TsIdentModule(None,List(bitwise, bits, to-boolean))) [id => bitwise, phase => typescript] 
[info ] InferredDefaultModule.scala:39 Inferred module TsIdentModule(None,List(bitwise, bits, to-boolean)) [id => bitwise, phase => typescript] 
[info ] Phase1ReadTypescript.scala:152 Preprocessing TsHelperFile(InFile(/home/tso/tmp/tso-cache/npm/node_modules/bitwise/bits/to-string.d.ts),FromFolder(InFolder(/home/tso/tmp/tso-cache/npm/node_modules/bitwise),TsIdentLibrarySimple(bitwise)),TsIdentModule(None,List(bitwise, bits, to-string))) [id => bitwise, phase => typescript] 
[info ] InferredDefaultModule.scala:39 Inferred module TsIdentModule(None,List(bitwise, bits, to-string)) [id => bitwise, phase => typescript] 
[info ] Phase1ReadTypescript.scala:152 Preprocessing TsHelperFile(InFile(/home/tso/tmp/tso-cache/npm/node_modules/bitwise/bits/xnor.d.ts),FromFolder(InFolder(/home/tso/tmp/tso-cache/npm/node_modules/bitwise),TsIdentLibrarySimple(bitwise)),TsIdentModule(None,List(bitwise, bits, xnor))) [id => bitwise, phase => typescript] 
[info ] InferredDefaultModule.scala:39 Inferred module TsIdentModule(None,List(bitwise, bits, xnor)) [id => bitwise, phase => typescript] 
[info ] Phase1ReadTypescript.scala:152 Preprocessing TsHelperFile(InFile(/home/tso/tmp/tso-cache/npm/node_modules/bitwise/bits/xor.d.ts),FromFolder(InFolder(/home/tso/tmp/tso-cache/npm/node_modules/bitwise),TsIdentLibrarySimple(bitwise)),TsIdentModule(None,List(bitwise, bits, xor))) [id => bitwise, phase => typescript] 
[info ] InferredDefaultModule.scala:39 Inferred module TsIdentModule(None,List(bitwise, bits, xor)) [id => bitwise, phase => typescript] 
[info ] Phase1ReadTypescript.scala:152 Preprocessing TsHelperFile(InFile(/home/tso/tmp/tso-cache/npm/node_modules/bitwise/buffer/and.d.ts),FromFolder(InFolder(/home/tso/tmp/tso-cache/npm/node_modules/bitwise),TsIdentLibrarySimple(bitwise)),TsIdentModule(None,List(bitwise, buffer, and))) [id => bitwise, phase => typescript] 
[info ] InferredDefaultModule.scala:39 Inferred module TsIdentModule(None,List(bitwise, buffer, and)) [id => bitwise, phase => typescript] 
[info ] Phase1ReadTypescript.scala:152 Preprocessing TsHelperFile(InFile(/home/tso/tmp/tso-cache/npm/node_modules/bitwise/buffer/create.d.ts),FromFolder(InFolder(/home/tso/tmp/tso-cache/npm/node_modules/bitwise),TsIdentLibrarySimple(bitwise)),TsIdentModule(None,List(bitwise, buffer, create))) [id => bitwise, phase => typescript] 
[info ] InferredDefaultModule.scala:39 Inferred module TsIdentModule(None,List(bitwise, buffer, create)) [id => bitwise, phase => typescript] 
[info ] Phase1ReadTypescript.scala:152 Preprocessing TsHelperFile(InFile(/home/tso/tmp/tso-cache/npm/node_modules/bitwise/buffer/index.d.ts),FromFolder(InFolder(/home/tso/tmp/tso-cache/npm/node_modules/bitwise),TsIdentLibrarySimple(bitwise)),TsIdentModule(None,List(bitwise, buffer))) [id => bitwise, phase => typescript] 
[info ] InferredDefaultModule.scala:39 Inferred module TsIdentModule(None,List(bitwise, buffer)) [id => bitwise, phase => typescript] 
[info ] Phase1ReadTypescript.scala:152 Preprocessing TsHelperFile(InFile(/home/tso/tmp/tso-cache/npm/node_modules/bitwise/buffer/modify.d.ts),FromFolder(InFolder(/home/tso/tmp/tso-cache/npm/node_modules/bitwise),TsIdentLibrarySimple(bitwise)),TsIdentModule(None,List(bitwise, buffer, modify))) [id => bitwise, phase => typescript] 
[info ] InferredDefaultModule.scala:39 Inferred module TsIdentModule(None,List(bitwise, buffer, modify)) [id => bitwise, phase => typescript] 
[info ] Phase1ReadTypescript.scala:152 Preprocessing TsHelperFile(InFile(/home/tso/tmp/tso-cache/npm/node_modules/bitwise/buffer/nand.d.ts),FromFolder(InFolder(/home/tso/tmp/tso-cache/npm/node_modules/bitwise),TsIdentLibrarySimple(bitwise)),TsIdentModule(None,List(bitwise, buffer, nand))) [id => bitwise, phase => typescript] 
[info ] InferredDefaultModule.scala:39 Inferred module TsIdentModule(None,List(bitwise, buffer, nand)) [id => bitwise, phase => typescript] 
[info ] Phase1ReadTypescript.scala:152 Preprocessing TsHelperFile(InFile(/home/tso/tmp/tso-cache/npm/node_modules/bitwise/buffer/nor.d.ts),FromFolder(InFolder(/home/tso/tmp/tso-cache/npm/node_modules/bitwise),TsIdentLibrarySimple(bitwise)),TsIdentModule(None,List(bitwise, buffer, nor))) [id => bitwise, phase => typescript] 
[info ] InferredDefaultModule.scala:39 Inferred module TsIdentModule(None,List(bitwise, buffer, nor)) [id => bitwise, phase => typescript] 
[info ] Phase1ReadTypescript.scala:152 Preprocessing TsHelperFile(InFile(/home/tso/tmp/tso-cache/npm/node_modules/bitwise/buffer/not.d.ts),FromFolder(InFolder(/home/tso/tmp/tso-cache/npm/node_modules/bitwise),TsIdentLibrarySimple(bitwise)),TsIdentModule(None,List(bitwise, buffer, not))) [id => bitwise, phase => typescript] 
[info ] InferredDefaultModule.scala:39 Inferred module TsIdentModule(None,List(bitwise, buffer, not)) [id => bitwise, phase => typescript] 
[info ] Phase1ReadTypescript.scala:152 Preprocessing TsHelperFile(InFile(/home/tso/tmp/tso-cache/npm/node_modules/bitwise/buffer/or.d.ts),FromFolder(InFolder(/home/tso/tmp/tso-cache/npm/node_modules/bitwise),TsIdentLibrarySimple(bitwise)),TsIdentModule(None,List(bitwise, buffer, or))) [id => bitwise, phase => typescript] 
[info ] InferredDefaultModule.scala:39 Inferred module TsIdentModule(None,List(bitwise, buffer, or)) [id => bitwise, phase => typescript] 
[info ] Phase1ReadTypescript.scala:152 Preprocessing TsHelperFile(InFile(/home/tso/tmp/tso-cache/npm/node_modules/bitwise/buffer/read-int.d.ts),FromFolder(InFolder(/home/tso/tmp/tso-cache/npm/node_modules/bitwise),TsIdentLibrarySimple(bitwise)),TsIdentModule(None,List(bitwise, buffer, read-int))) [id => bitwise, phase => typescript] 
[info ] InferredDefaultModule.scala:39 Inferred module TsIdentModule(None,List(bitwise, buffer, read-int)) [id => bitwise, phase => typescript] 
[info ] Phase1ReadTypescript.scala:152 Preprocessing TsHelperFile(InFile(/home/tso/tmp/tso-cache/npm/node_modules/bitwise/buffer/read-u-int.d.ts),FromFolder(InFolder(/home/tso/tmp/tso-cache/npm/node_modules/bitwise),TsIdentLibrarySimple(bitwise)),TsIdentModule(None,List(bitwise, buffer, read-u-int))) [id => bitwise, phase => typescript] 
[info ] InferredDefaultModule.scala:39 Inferred module TsIdentModule(None,List(bitwise, buffer, read-u-int)) [id => bitwise, phase => typescript] 
[info ] Phase1ReadTypescript.scala:152 Preprocessing TsHelperFile(InFile(/home/tso/tmp/tso-cache/npm/node_modules/bitwise/buffer/read.d.ts),FromFolder(InFolder(/home/tso/tmp/tso-cache/npm/node_modules/bitwise),TsIdentLibrarySimple(bitwise)),TsIdentModule(None,List(bitwise, buffer, read))) [id => bitwise, phase => typescript] 
[info ] InferredDefaultModule.scala:39 Inferred module TsIdentModule(None,List(bitwise, buffer, read)) [id => bitwise, phase => typescript] 
[info ] Phase1ReadTypescript.scala:152 Preprocessing TsHelperFile(InFile(/home/tso/tmp/tso-cache/npm/node_modules/bitwise/buffer/xnor.d.ts),FromFolder(InFolder(/home/tso/tmp/tso-cache/npm/node_modules/bitwise),TsIdentLibrarySimple(bitwise)),TsIdentModule(None,List(bitwise, buffer, xnor))) [id => bitwise, phase => typescript] 
[info ] InferredDefaultModule.scala:39 Inferred module TsIdentModule(None,List(bitwise, buffer, xnor)) [id => bitwise, phase => typescript] 
[info ] Phase1ReadTypescript.scala:152 Preprocessing TsHelperFile(InFile(/home/tso/tmp/tso-cache/npm/node_modules/bitwise/buffer/xor.d.ts),FromFolder(InFolder(/home/tso/tmp/tso-cache/npm/node_modules/bitwise),TsIdentLibrarySimple(bitwise)),TsIdentModule(None,List(bitwise, buffer, xor))) [id => bitwise, phase => typescript] 
[info ] InferredDefaultModule.scala:39 Inferred module TsIdentModule(None,List(bitwise, buffer, xor)) [id => bitwise, phase => typescript] 
[info ] Phase1ReadTypescript.scala:152 Preprocessing TsHelperFile(InFile(/home/tso/tmp/tso-cache/npm/node_modules/bitwise/byte/index.d.ts),FromFolder(InFolder(/home/tso/tmp/tso-cache/npm/node_modules/bitwise),TsIdentLibrarySimple(bitwise)),TsIdentModule(None,List(bitwise, byte))) [id => bitwise, phase => typescript] 
[info ] InferredDefaultModule.scala:39 Inferred module TsIdentModule(None,List(bitwise, byte)) [id => bitwise, phase => typescript] 
[info ] Phase1ReadTypescript.scala:152 Preprocessing TsHelperFile(InFile(/home/tso/tmp/tso-cache/npm/node_modules/bitwise/byte/read.d.ts),FromFolder(InFolder(/home/tso/tmp/tso-cache/npm/node_modules/bitwise),TsIdentLibrarySimple(bitwise)),TsIdentModule(None,List(bitwise, byte, read))) [id => bitwise, phase => typescript] 
[info ] InferredDefaultModule.scala:39 Inferred module TsIdentModule(None,List(bitwise, byte, read)) [id => bitwise, phase => typescript] 
[info ] Phase1ReadTypescript.scala:152 Preprocessing TsHelperFile(InFile(/home/tso/tmp/tso-cache/npm/node_modules/bitwise/byte/write.d.ts),FromFolder(InFolder(/home/tso/tmp/tso-cache/npm/node_modules/bitwise),TsIdentLibrarySimple(bitwise)),TsIdentModule(None,List(bitwise, byte, write))) [id => bitwise, phase => typescript] 
[info ] InferredDefaultModule.scala:39 Inferred module TsIdentModule(None,List(bitwise, byte, write)) [id => bitwise, phase => typescript] 
[info ] Phase1ReadTypescript.scala:152 Preprocessing TsHelperFile(InFile(/home/tso/tmp/tso-cache/npm/node_modules/bitwise/integer/get-bit.d.ts),FromFolder(InFolder(/home/tso/tmp/tso-cache/npm/node_modules/bitwise),TsIdentLibrarySimple(bitwise)),TsIdentModule(None,List(bitwise, integer, get-bit))) [id => bitwise, phase => typescript] 
[info ] InferredDefaultModule.scala:39 Inferred module TsIdentModule(None,List(bitwise, integer, get-bit)) [id => bitwise, phase => typescript] 
[info ] Phase1ReadTypescript.scala:152 Preprocessing TsHelperFile(InFile(/home/tso/tmp/tso-cache/npm/node_modules/bitwise/integer/index.d.ts),FromFolder(InFolder(/home/tso/tmp/tso-cache/npm/node_modules/bitwise),TsIdentLibrarySimple(bitwise)),TsIdentModule(None,List(bitwise, integer))) [id => bitwise, phase => typescript] 
[info ] InferredDefaultModule.scala:39 Inferred module TsIdentModule(None,List(bitwise, integer)) [id => bitwise, phase => typescript] 
[info ] Phase1ReadTypescript.scala:152 Preprocessing TsHelperFile(InFile(/home/tso/tmp/tso-cache/npm/node_modules/bitwise/integer/set-bit.d.ts),FromFolder(InFolder(/home/tso/tmp/tso-cache/npm/node_modules/bitwise),TsIdentLibrarySimple(bitwise)),TsIdentModule(None,List(bitwise, integer, set-bit))) [id => bitwise, phase => typescript] 
[info ] InferredDefaultModule.scala:39 Inferred module TsIdentModule(None,List(bitwise, integer, set-bit)) [id => bitwise, phase => typescript] 
[info ] Phase1ReadTypescript.scala:152 Preprocessing TsHelperFile(InFile(/home/tso/tmp/tso-cache/npm/node_modules/bitwise/integer/toggle-bit.d.ts),FromFolder(InFolder(/home/tso/tmp/tso-cache/npm/node_modules/bitwise),TsIdentLibrarySimple(bitwise)),TsIdentModule(None,List(bitwise, integer, toggle-bit))) [id => bitwise, phase => typescript] 
[info ] InferredDefaultModule.scala:39 Inferred module TsIdentModule(None,List(bitwise, integer, toggle-bit)) [id => bitwise, phase => typescript] 
[info ] Phase1ReadTypescript.scala:152 Preprocessing TsHelperFile(InFile(/home/tso/tmp/tso-cache/npm/node_modules/bitwise/nibble/index.d.ts),FromFolder(InFolder(/home/tso/tmp/tso-cache/npm/node_modules/bitwise),TsIdentLibrarySimple(bitwise)),TsIdentModule(None,List(bitwise, nibble))) [id => bitwise, phase => typescript] 
[info ] InferredDefaultModule.scala:39 Inferred module TsIdentModule(None,List(bitwise, nibble)) [id => bitwise, phase => typescript] 
[info ] Phase1ReadTypescript.scala:152 Preprocessing TsHelperFile(InFile(/home/tso/tmp/tso-cache/npm/node_modules/bitwise/nibble/read.d.ts),FromFolder(InFolder(/home/tso/tmp/tso-cache/npm/node_modules/bitwise),TsIdentLibrarySimple(bitwise)),TsIdentModule(None,List(bitwise, nibble, read))) [id => bitwise, phase => typescript] 
[info ] InferredDefaultModule.scala:39 Inferred module TsIdentModule(None,List(bitwise, nibble, read)) [id => bitwise, phase => typescript] 
[info ] Phase1ReadTypescript.scala:152 Preprocessing TsHelperFile(InFile(/home/tso/tmp/tso-cache/npm/node_modules/bitwise/nibble/write.d.ts),FromFolder(InFolder(/home/tso/tmp/tso-cache/npm/node_modules/bitwise),TsIdentLibrarySimple(bitwise)),TsIdentModule(None,List(bitwise, nibble, write))) [id => bitwise, phase => typescript] 
[info ] InferredDefaultModule.scala:39 Inferred module TsIdentModule(None,List(bitwise, nibble, write)) [id => bitwise, phase => typescript] 
[info ] Phase1ReadTypescript.scala:152 Preprocessing TsHelperFile(InFile(/home/tso/tmp/tso-cache/npm/node_modules/bitwise/string/index.d.ts),FromFolder(InFolder(/home/tso/tmp/tso-cache/npm/node_modules/bitwise),TsIdentLibrarySimple(bitwise)),TsIdentModule(None,List(bitwise, string))) [id => bitwise, phase => typescript] 
[info ] InferredDefaultModule.scala:39 Inferred module TsIdentModule(None,List(bitwise, string)) [id => bitwise, phase => typescript] 
[info ] Phase1ReadTypescript.scala:152 Preprocessing TsHelperFile(InFile(/home/tso/tmp/tso-cache/npm/node_modules/bitwise/string/to-bits.d.ts),FromFolder(InFolder(/home/tso/tmp/tso-cache/npm/node_modules/bitwise),TsIdentLibrarySimple(bitwise)),TsIdentModule(None,List(bitwise, string, to-bits))) [id => bitwise, phase => typescript] 
[info ] InferredDefaultModule.scala:39 Inferred module TsIdentModule(None,List(bitwise, string, to-bits)) [id => bitwise, phase => typescript] 
[warn ] Phase1ReadTypescript.scala:190 Processing TsIdentLibrarySimple(bitwise) [id => bitwise, phase => typescript] 
[warn ] QualifyReferences.scala:47 Couldn't qualify TsTypeRef(TsQIdent(List(TsIdentSimple(imported_bitwise/types), TsIdentSimple(Bit))),List()), defaulting to any [id => bitwise, phase => typescript, scope => TreeScope(TsParsedFile() / TsDeclModule(bitwise) / TsDeclVar(_default) / TsTypeObject() / TsMemberProperty(bits) / TsTypeObject() / TsMemberProperty(and) / TsTypeFunction() / TsFunSig() / TsFunParam() / TsTypeRef() / TsTypeRef())] 
[warn ] QualifyReferences.scala:47 Couldn't qualify TsTypeRef(TsQIdent(List(TsIdentSimple(imported_bitwise/types), TsIdentSimple(Bit))),List()), defaulting to any [id => bitwise, phase => typescript, scope => TreeScope(TsParsedFile() / TsDeclModule(bitwise) / TsDeclVar(_default) / TsTypeObject() / TsMemberProperty(bits) / TsTypeObject() / TsMemberProperty(and) / TsTypeFunction() / TsFunSig() / TsFunParam() / TsTypeRef() / TsTypeRef())] 
[warn ] QualifyReferences.scala:47 Couldn't qualify TsTypeRef(TsQIdent(List(TsIdentSimple(imported_bitwise/types), TsIdentSimple(Bit))),List()), defaulting to any [id => bitwise, phase => typescript, scope => TreeScope(TsParsedFile() / TsDeclModule(bitwise) / TsDeclVar(_default) / TsTypeObject() / TsMemberProperty(bits) / TsTypeObject() / TsMemberProperty(and) / TsTypeFunction() / TsFunSig() / TsTypeRef() / TsTypeRef())] 
[warn ] QualifyReferences.scala:47 Couldn't qualify TsTypeRef(TsQIdent(List(TsIdentSimple(imported_bitwise/types), TsIdentSimple(Bit))),List()), defaulting to any [id => bitwise, phase => typescript, scope => TreeScope(TsParsedFile() / TsDeclModule(bitwise) / TsDeclVar(_default) / TsTypeObject() / TsMemberProperty(bits) / TsTypeObject() / TsMemberProperty(nand) / TsTypeFunction() / TsFunSig() / TsFunParam() / TsTypeRef() / TsTypeRef())] 
[warn ] QualifyReferences.scala:47 Couldn't qualify TsTypeRef(TsQIdent(List(TsIdentSimple(imported_bitwise/types), TsIdentSimple(Bit))),List()), defaulting to any [id => bitwise, phase => typescript, scope => TreeScope(TsParsedFile() / TsDeclModule(bitwise) / TsDeclVar(_default) / TsTypeObject() / TsMemberProperty(bits) / TsTypeObject() / TsMemberProperty(nand) / TsTypeFunction() / TsFunSig() / TsFunParam() / TsTypeRef() / TsTypeRef())] 
[warn ] QualifyReferences.scala:47 Couldn't qualify TsTypeRef(TsQIdent(List(TsIdentSimple(imported_bitwise/types), TsIdentSimple(Bit))),List()), defaulting to any [id => bitwise, phase => typescript, scope => TreeScope(TsParsedFile() / TsDeclModule(bitwise) / TsDeclVar(_default) / TsTypeObject() / TsMemberProperty(bits) / TsTypeObject() / TsMemberProperty(nand) / TsTypeFunction() / TsFunSig() / TsTypeRef() / TsTypeRef())] 
[warn ] QualifyReferences.scala:47 Couldn't qualify TsTypeRef(TsQIdent(List(TsIdentSimple(imported_bitwise/types), TsIdentSimple(Bit))),List()), defaulting to any [id => bitwise, phase => typescript, scope => TreeScope(TsParsedFile() / TsDeclModule(bitwise) / TsDeclVar(_default) / TsTypeObject() / TsMemberProperty(bits) / TsTypeObject() / TsMemberProperty(nor) / TsTypeFunction() / TsFunSig() / TsFunParam() / TsTypeRef() / TsTypeRef())] 
[warn ] QualifyReferences.scala:47 Couldn't qualify TsTypeRef(TsQIdent(List(TsIdentSimple(imported_bitwise/types), TsIdentSimple(Bit))),List()), defaulting to any [id => bitwise, phase => typescript, scope => TreeScope(TsParsedFile() / TsDeclModule(bitwise) / TsDeclVar(_default) / TsTypeObject() / TsMemberProperty(bits) / TsTypeObject() / TsMemberProperty(nor) / TsTypeFunction() / TsFunSig() / TsFunParam() / TsTypeRef() / TsTypeRef())] 
[warn ] QualifyReferences.scala:47 Couldn't qualify TsTypeRef(TsQIdent(List(TsIdentSimple(imported_bitwise/types), TsIdentSimple(Bit))),List()), defaulting to any [id => bitwise, phase => typescript, scope => TreeScope(TsParsedFile() / TsDeclModule(bitwise) / TsDeclVar(_default) / TsTypeObject() / TsMemberProperty(bits) / TsTypeObject() / TsMemberProperty(nor) / TsTypeFunction() / TsFunSig() / TsTypeRef() / TsTypeRef())] 
[warn ] QualifyReferences.scala:47 Couldn't qualify TsTypeRef(TsQIdent(List(TsIdentSimple(imported_bitwise/types), TsIdentSimple(Bit))),List()), defaulting to any [id => bitwise, phase => typescript, scope => TreeScope(TsParsedFile() / TsDeclModule(bitwise) / TsDeclVar(_default) / TsTypeObject() / TsMemberProperty(bits) / TsTypeObject() / TsMemberProperty(not) / TsTypeFunction() / TsFunSig() / TsFunParam() / TsTypeRef() / TsTypeRef())] 
[warn ] QualifyReferences.scala:47 Couldn't qualify TsTypeRef(TsQIdent(List(TsIdentSimple(imported_bitwise/types), TsIdentSimple(Bit))),List()), defaulting to any [id => bitwise, phase => typescript, scope => TreeScope(TsParsedFile() / TsDeclModule(bitwise) / TsDeclVar(_default) / TsTypeObject() / TsMemberProperty(bits) / TsTypeObject() / TsMemberProperty(not) / TsTypeFunction() / TsFunSig() / TsTypeRef() / TsTypeRef())] 
[warn ] QualifyReferences.scala:47 Couldn't qualify TsTypeRef(TsQIdent(List(TsIdentSimple(imported_bitwise/types), TsIdentSimple(Bit))),List()), defaulting to any [id => bitwise, phase => typescript, scope => TreeScope(TsParsedFile() / TsDeclModule(bitwise) / TsDeclVar(_default) / TsTypeObject() / TsMemberProperty(bits) / TsTypeObject() / TsMemberProperty(or) / TsTypeFunction() / TsFunSig() / TsFunParam() / TsTypeRef() / TsTypeRef())] 
[warn ] QualifyReferences.scala:47 Couldn't qualify TsTypeRef(TsQIdent(List(TsIdentSimple(imported_bitwise/types), TsIdentSimple(Bit))),List()), defaulting to any [id => bitwise, phase => typescript, scope => TreeScope(TsParsedFile() / TsDeclModule(bitwise) / TsDeclVar(_default) / TsTypeObject() / TsMemberProperty(bits) / TsTypeObject() / TsMemberProperty(or) / TsTypeFunction() / TsFunSig() / TsFunParam() / TsTypeRef() / TsTypeRef())] 
[warn ] QualifyReferences.scala:47 Couldn't qualify TsTypeRef(TsQIdent(List(TsIdentSimple(imported_bitwise/types), TsIdentSimple(Bit))),List()), defaulting to any [id => bitwise, phase => typescript, scope => TreeScope(TsParsedFile() / TsDeclModule(bitwise) / TsDeclVar(_default) / TsTypeObject() / TsMemberProperty(bits) / TsTypeObject() / TsMemberProperty(or) / TsTypeFunction() / TsFunSig() / TsTypeRef() / TsTypeRef())] 
[warn ] QualifyReferences.scala:47 Couldn't qualify TsTypeRef(TsQIdent(List(TsIdentSimple(imported_bitwise/types), TsIdentSimple(Bit))),List()), defaulting to any [id => bitwise, phase => typescript, scope => TreeScope(TsParsedFile() / TsDeclModule(bitwise) / TsDeclVar(_default) / TsTypeObject() / TsMemberProperty(bits) / TsTypeObject() / TsMemberProperty(reduceAnd) / TsTypeFunction() / TsFunSig() / TsFunParam() / TsTypeRef() / TsTypeRef())] 
[warn ] QualifyReferences.scala:47 Couldn't qualify TsTypeRef(TsQIdent(List(TsIdentSimple(imported_bitwise/types), TsIdentSimple(Bit))),List()), defaulting to any [id => bitwise, phase => typescript, scope => TreeScope(TsParsedFile() / TsDeclModule(bitwise) / TsDeclVar(_default) / TsTypeObject() / TsMemberProperty(bits) / TsTypeObject() / TsMemberProperty(reduceAnd) / TsTypeFunction() / TsFunSig() / TsTypeRef())] 
[warn ] QualifyReferences.scala:47 Couldn't qualify TsTypeRef(TsQIdent(List(TsIdentSimple(imported_bitwise/types), TsIdentSimple(Bit))),List()), defaulting to any [id => bitwise, phase => typescript, scope => TreeScope(TsParsedFile() / TsDeclModule(bitwise) / TsDeclVar(_default) / TsTypeObject() / TsMemberProperty(bits) / TsTypeObject() / TsMemberProperty(reduceNand) / TsTypeFunction() / TsFunSig() / TsFunParam() / TsTypeRef() / TsTypeRef())] 
[warn ] QualifyReferences.scala:47 Couldn't qualify TsTypeRef(TsQIdent(List(TsIdentSimple(imported_bitwise/types), TsIdentSimple(Bit))),List()), defaulting to any [id => bitwise, phase => typescript, scope => TreeScope(TsParsedFile() / TsDeclModule(bitwise) / TsDeclVar(_default) / TsTypeObject() / TsMemberProperty(bits) / TsTypeObject() / TsMemberProperty(reduceNand) / TsTypeFunction() / TsFunSig() / TsTypeRef())] 
[warn ] QualifyReferences.scala:47 Couldn't qualify TsTypeRef(TsQIdent(List(TsIdentSimple(imported_bitwise/types), TsIdentSimple(Bit))),List()), defaulting to any [id => bitwise, phase => typescript, scope => TreeScope(TsParsedFile() / TsDeclModule(bitwise) / TsDeclVar(_default) / TsTypeObject() / TsMemberProperty(bits) / TsTypeObject() / TsMemberProperty(reduceNor) / TsTypeFunction() / TsFunSig() / TsFunParam() / TsTypeRef() / TsTypeRef())] 
[warn ] QualifyReferences.scala:47 Couldn't qualify TsTypeRef(TsQIdent(List(TsIdentSimple(imported_bitwise/types), TsIdentSimple(Bit))),List()), defaulting to any [id => bitwise, phase => typescript, scope => TreeScope(TsParsedFile() / TsDeclModule(bitwise) / TsDeclVar(_default) / TsTypeObject() / TsMemberProperty(bits) / TsTypeObject() / TsMemberProperty(reduceNor) / TsTypeFunction() / TsFunSig() / TsTypeRef())] 
[warn ] QualifyReferences.scala:47 Couldn't qualify TsTypeRef(TsQIdent(List(TsIdentSimple(imported_bitwise/types), TsIdentSimple(Bit))),List()), defaulting to any [id => bitwise, phase => typescript, scope => TreeScope(TsParsedFile() / TsDeclModule(bitwise) / TsDeclVar(_default) / TsTypeObject() / TsMemberProperty(bits) / TsTypeObject() / TsMemberProperty(reduceOr) / TsTypeFunction() / TsFunSig() / TsFunParam() / TsTypeRef() / TsTypeRef())] 
[warn ] QualifyReferences.scala:47 Couldn't qualify TsTypeRef(TsQIdent(List(TsIdentSimple(imported_bitwise/types), TsIdentSimple(Bit))),List()), defaulting to any [id => bitwise, phase => typescript, scope => TreeScope(TsParsedFile() / TsDeclModule(bitwise) / TsDeclVar(_default) / TsTypeObject() / TsMemberProperty(bits) / TsTypeObject() / TsMemberProperty(reduceOr) / TsTypeFunction() / TsFunSig() / TsTypeRef())] 
[warn ] QualifyReferences.scala:47 Couldn't qualify TsTypeRef(TsQIdent(List(TsIdentSimple(imported_bitwise/types), TsIdentSimple(Bit))),List()), defaulting to any [id => bitwise, phase => typescript, scope => TreeScope(TsParsedFile() / TsDeclModule(bitwise) / TsDeclVar(_default) / TsTypeObject() / TsMemberProperty(bits) / TsTypeObject() / TsMemberProperty(reduceXnor) / TsTypeFunction() / TsFunSig() / TsFunParam() / TsTypeRef() / TsTypeRef())] 
[warn ] QualifyReferences.scala:47 Couldn't qualify TsTypeRef(TsQIdent(List(TsIdentSimple(imported_bitwise/types), TsIdentSimple(Bit))),List()), defaulting to any [id => bitwise, phase => typescript, scope => TreeScope(TsParsedFile() / TsDeclModule(bitwise) / TsDeclVar(_default) / TsTypeObject() / TsMemberProperty(bits) / TsTypeObject() / TsMemberProperty(reduceXnor) / TsTypeFunction() / TsFunSig() / TsTypeRef())] 
[warn ] QualifyReferences.scala:47 Couldn't qualify TsTypeRef(TsQIdent(List(TsIdentSimple(imported_bitwise/types), TsIdentSimple(Bit))),List()), defaulting to any [id => bitwise, phase => typescript, scope => TreeScope(TsParsedFile() / TsDeclModule(bitwise) / TsDeclVar(_default) / TsTypeObject() / TsMemberProperty(bits) / TsTypeObject() / TsMemberProperty(reduceXor) / TsTypeFunction() / TsFunSig() / TsFunParam() / TsTypeRef() / TsTypeRef())] 
[warn ] QualifyReferences.scala:47 Couldn't qualify TsTypeRef(TsQIdent(List(TsIdentSimple(imported_bitwise/types), TsIdentSimple(Bit))),List()), defaulting to any [id => bitwise, phase => typescript, scope => TreeScope(TsParsedFile() / TsDeclModule(bitwise) / TsDeclVar(_default) / TsTypeObject() / TsMemberProperty(bits) / TsTypeObject() / TsMemberProperty(reduceXor) / TsTypeFunction() / TsFunSig() / TsTypeRef())] 
[warn ] QualifyReferences.scala:47 Couldn't qualify TsTypeRef(TsQIdent(List(TsIdentSimple(imported_bitwise/types), TsIdentSimple(Bit))),List()), defaulting to any [id => bitwise, phase => typescript, scope => TreeScope(TsParsedFile() / TsDeclModule(bitwise) / TsDeclVar(_default) / TsTypeObject() / TsMemberProperty(bits) / TsTypeObject() / TsMemberProperty(toBoolean) / TsTypeFunction() / TsFunSig() / TsFunParam() / TsTypeRef() / TsTypeRef())] 
[warn ] QualifyReferences.scala:47 Couldn't qualify TsTypeRef(TsQIdent(List(TsIdentSimple(imported_bitwise/types), TsIdentSimple(Bit))),List()), defaulting to any [id => bitwise, phase => typescript, scope => TreeScope(TsParsedFile() / TsDeclModule(bitwise) / TsDeclVar(_default) / TsTypeObject() / TsMemberProperty(bits) / TsTypeObject() / TsMemberProperty(toString) / TsTypeFunction() / TsFunSig() / TsFunParam() / TsTypeRef() / TsTypeRef())] 
[warn ] QualifyReferences.scala:47 Couldn't qualify TsTypeRef(TsQIdent(List(TsIdentSimple(imported_bitwise/types), TsIdentSimple(Bit))),List()), defaulting to any [id => bitwise, phase => typescript, scope => TreeScope(TsParsedFile() / TsDeclModule(bitwise) / TsDeclVar(_default) / TsTypeObject() / TsMemberProperty(bits) / TsTypeObject() / TsMemberProperty(xnor) / TsTypeFunction() / TsFunSig() / TsFunParam() / TsTypeRef() / TsTypeRef())] 
[warn ] QualifyReferences.scala:47 Couldn't qualify TsTypeRef(TsQIdent(List(TsIdentSimple(imported_bitwise/types), TsIdentSimple(Bit))),List()), defaulting to any [id => bitwise, phase => typescript, scope => TreeScope(TsParsedFile() / TsDeclModule(bitwise) / TsDeclVar(_default) / TsTypeObject() / TsMemberProperty(bits) / TsTypeObject() / TsMemberProperty(xnor) / TsTypeFunction() / TsFunSig() / TsFunParam() / TsTypeRef() / TsTypeRef())] 
[warn ] QualifyReferences.scala:47 Couldn't qualify TsTypeRef(TsQIdent(List(TsIdentSimple(imported_bitwise/types), TsIdentSimple(Bit))),List()), defaulting to any [id => bitwise, phase => typescript, scope => TreeScope(TsParsedFile() / TsDeclModule(bitwise) / TsDeclVar(_default) / TsTypeObject() / TsMemberProperty(bits) / TsTypeObject() / TsMemberProperty(xnor) / TsTypeFunction() / TsFunSig() / TsTypeRef() / TsTypeRef())] 
[warn ] QualifyReferences.scala:47 Couldn't qualify TsTypeRef(TsQIdent(List(TsIdentSimple(imported_bitwise/types), TsIdentSimple(Bit))),List()), defaulting to any [id => bitwise, phase => typescript, scope => TreeScope(TsParsedFile() / TsDeclModule(bitwise) / TsDeclVar(_default) / TsTypeObject() / TsMemberProperty(bits) / TsTypeObject() / TsMemberProperty(xor) / TsTypeFunction() / TsFunSig() / TsFunParam() / TsTypeRef() / TsTypeRef())] 
[warn ] QualifyReferences.scala:47 Couldn't qualify TsTypeRef(TsQIdent(List(TsIdentSimple(imported_bitwise/types), TsIdentSimple(Bit))),List()), defaulting to any [id => bitwise, phase => typescript, scope => TreeScope(TsParsedFile() / TsDeclModule(bitwise) / TsDeclVar(_default) / TsTypeObject() / TsMemberProperty(bits) / TsTypeObject() / TsMemberProperty(xor) / TsTypeFunction() / TsFunSig() / TsFunParam() / TsTypeRef() / TsTypeRef())] 
[warn ] QualifyReferences.scala:47 Couldn't qualify TsTypeRef(TsQIdent(List(TsIdentSimple(imported_bitwise/types), TsIdentSimple(Bit))),List()), defaulting to any [id => bitwise, phase => typescript, scope => TreeScope(TsParsedFile() / TsDeclModule(bitwise) / TsDeclVar(_default) / TsTypeObject() / TsMemberProperty(bits) / TsTypeObject() / TsMemberProperty(xor) / TsTypeFunction() / TsFunSig() / TsTypeRef() / TsTypeRef())] 
[warn ] QualifyReferences.scala:47 Couldn't qualify TsTypeRef(TsQIdent(List(TsIdentSimple(imported_bitwise/types), TsIdentSimple(Bit))),List()), defaulting to any [id => bitwise, phase => typescript, scope => TreeScope(TsParsedFile() / TsDeclModule(bitwise) / TsDeclVar(_default) / TsTypeObject() / TsMemberProperty(buffer) / TsTypeObject() / TsMemberProperty(create) / TsTypeFunction() / TsFunSig() / TsFunParam() / TsTypeRef() / TsTypeRef())] 
[warn ] QualifyReferences.scala:47 Couldn't qualify TsTypeRef(TsQIdent(List(TsIdentSimple(imported_bitwise/types), TsIdentSimple(Bit))),List()), defaulting to any [id => bitwise, phase => typescript, scope => TreeScope(TsParsedFile() / TsDeclModule(bitwise) / TsDeclVar(_default) / TsTypeObject() / TsMemberProperty(buffer) / TsTypeObject() / TsMemberProperty(modify) / TsTypeFunction() / TsFunSig() / TsFunParam() / TsTypeRef() / TsTypeRef())] 
[warn ] QualifyReferences.scala:47 Couldn't qualify TsTypeRef(TsQIdent(List(TsIdentSimple(imported_bitwise/types), TsIdentSimple(Bit))),List()), defaulting to any [id => bitwise, phase => typescript, scope => TreeScope(TsParsedFile() / TsDeclModule(bitwise) / TsDeclVar(_default) / TsTypeObject() / TsMemberProperty(buffer) / TsTypeObject() / TsMemberProperty(read) / TsTypeFunction() / TsFunSig() / TsTypeRef() / TsTypeRef())] 
[warn ] QualifyReferences.scala:47 Couldn't qualify TsTypeRef(TsQIdent(List(TsIdentSimple(imported_bitwise/types), TsIdentSimple(UInt8))),List()), defaulting to any [id => bitwise, phase => typescript, scope => TreeScope(TsParsedFile() / TsDeclModule(bitwise) / TsDeclVar(_default) / TsTypeObject() / TsMemberProperty(byte) / TsTypeObject() / TsMemberProperty(read) / TsTypeFunction() / TsFunSig() / TsFunParam() / TsTypeRef())] 
[warn ] QualifyReferences.scala:47 Couldn't qualify TsTypeRef(TsQIdent(List(TsIdentSimple(imported_bitwise/types), TsIdentSimple(Bit))),List()), defaulting to any [id => bitwise, phase => typescript, scope => TreeScope(TsParsedFile() / TsDeclModule(bitwise) / TsDeclVar(_default) / TsTypeObject() / TsMemberProperty(byte) / TsTypeObject() / TsMemberProperty(read) / TsTypeFunction() / TsFunSig() / TsTypeTuple() / TsTypeRef())] 
[warn ] QualifyReferences.scala:47 Couldn't qualify TsTypeRef(TsQIdent(List(TsIdentSimple(imported_bitwise/types), TsIdentSimple(Bit))),List()), defaulting to any [id => bitwise, phase => typescript, scope => TreeScope(TsParsedFile() / TsDeclModule(bitwise) / TsDeclVar(_default) / TsTypeObject() / TsMemberProperty(byte) / TsTypeObject() / TsMemberProperty(read) / TsTypeFunction() / TsFunSig() / TsTypeTuple() / TsTypeRef())] 
[warn ] QualifyReferences.scala:47 Couldn't qualify TsTypeRef(TsQIdent(List(TsIdentSimple(imported_bitwise/types), TsIdentSimple(Bit))),List()), defaulting to any [id => bitwise, phase => typescript, scope => TreeScope(TsParsedFile() / TsDeclModule(bitwise) / TsDeclVar(_default) / TsTypeObject() / TsMemberProperty(byte) / TsTypeObject() / TsMemberProperty(read) / TsTypeFunction() / TsFunSig() / TsTypeTuple() / TsTypeRef())] 
[warn ] QualifyReferences.scala:47 Couldn't qualify TsTypeRef(TsQIdent(List(TsIdentSimple(imported_bitwise/types), TsIdentSimple(Bit))),List()), defaulting to any [id => bitwise, phase => typescript, scope => TreeScope(TsParsedFile() / TsDeclModule(bitwise) / TsDeclVar(_default) / TsTypeObject() / TsMemberProperty(byte) / TsTypeObject() / TsMemberProperty(read) / TsTypeFunction() / TsFunSig() / TsTypeTuple() / TsTypeRef())] 
[warn ] QualifyReferences.scala:47 Couldn't qualify TsTypeRef(TsQIdent(List(TsIdentSimple(imported_bitwise/types), TsIdentSimple(Bit))),List()), defaulting to any [id => bitwise, phase => typescript, scope => TreeScope(TsParsedFile() / TsDeclModule(bitwise) / TsDeclVar(_default) / TsTypeObject() / TsMemberProperty(byte) / TsTypeObject() / TsMemberProperty(read) / TsTypeFunction() / TsFunSig() / TsTypeTuple() / TsTypeRef())] 
[warn ] QualifyReferences.scala:47 Couldn't qualify TsTypeRef(TsQIdent(List(TsIdentSimple(imported_bitwise/types), TsIdentSimple(Bit))),List()), defaulting to any [id => bitwise, phase => typescript, scope => TreeScope(TsParsedFile() / TsDeclModule(bitwise) / TsDeclVar(_default) / TsTypeObject() / TsMemberProperty(byte) / TsTypeObject() / TsMemberProperty(read) / TsTypeFunction() / TsFunSig() / TsTypeTuple() / TsTypeRef())] 
[warn ] QualifyReferences.scala:47 Couldn't qualify TsTypeRef(TsQIdent(List(TsIdentSimple(imported_bitwise/types), TsIdentSimple(Bit))),List()), defaulting to any [id => bitwise, phase => typescript, scope => TreeScope(TsParsedFile() / TsDeclModule(bitwise) / TsDeclVar(_default) / TsTypeObject() / TsMemberProperty(byte) / TsTypeObject() / TsMemberProperty(read) / TsTypeFunction() / TsFunSig() / TsTypeTuple() / TsTypeRef())] 
[warn ] QualifyReferences.scala:47 Couldn't qualify TsTypeRef(TsQIdent(List(TsIdentSimple(imported_bitwise/types), TsIdentSimple(Bit))),List()), defaulting to any [id => bitwise, phase => typescript, scope => TreeScope(TsParsedFile() / TsDeclModule(bitwise) / TsDeclVar(_default) / TsTypeObject() / TsMemberProperty(byte) / TsTypeObject() / TsMemberProperty(read) / TsTypeFunction() / TsFunSig() / TsTypeTuple() / TsTypeRef())] 
[warn ] QualifyReferences.scala:47 Couldn't qualify TsTypeRef(TsQIdent(List(TsIdentSimple(imported_bitwise/types), TsIdentSimple(Bit))),List()), defaulting to any [id => bitwise, phase => typescript, scope => TreeScope(TsParsedFile() / TsDeclModule(bitwise) / TsDeclVar(_default) / TsTypeObject() / TsMemberProperty(byte) / TsTypeObject() / TsMemberProperty(write) / TsTypeFunction() / TsFunSig() / TsFunParam() / TsTypeTuple() / TsTypeRef())] 
[warn ] QualifyReferences.scala:47 Couldn't qualify TsTypeRef(TsQIdent(List(TsIdentSimple(imported_bitwise/types), TsIdentSimple(Bit))),List()), defaulting to any [id => bitwise, phase => typescript, scope => TreeScope(TsParsedFile() / TsDeclModule(bitwise) / TsDeclVar(_default) / TsTypeObject() / TsMemberProperty(byte) / TsTypeObject() / TsMemberProperty(write) / TsTypeFunction() / TsFunSig() / TsFunParam() / TsTypeTuple() / TsTypeRef())] 
[warn ] QualifyReferences.scala:47 Couldn't qualify TsTypeRef(TsQIdent(List(TsIdentSimple(imported_bitwise/types), TsIdentSimple(Bit))),List()), defaulting to any [id => bitwise, phase => typescript, scope => TreeScope(TsParsedFile() / TsDeclModule(bitwise) / TsDeclVar(_default) / TsTypeObject() / TsMemberProperty(byte) / TsTypeObject() / TsMemberProperty(write) / TsTypeFunction() / TsFunSig() / TsFunParam() / TsTypeTuple() / TsTypeRef())] 
[warn ] QualifyReferences.scala:47 Couldn't qualify TsTypeRef(TsQIdent(List(TsIdentSimple(imported_bitwise/types), TsIdentSimple(Bit))),List()), defaulting to any [id => bitwise, phase => typescript, scope => TreeScope(TsParsedFile() / TsDeclModule(bitwise) / TsDeclVar(_default) / TsTypeObject() / TsMemberProperty(byte) / TsTypeObject() / TsMemberProperty(write) / TsTypeFunction() / TsFunSig() / TsFunParam() / TsTypeTuple() / TsTypeRef())] 
[warn ] QualifyReferences.scala:47 Couldn't qualify TsTypeRef(TsQIdent(List(TsIdentSimple(imported_bitwise/types), TsIdentSimple(Bit))),List()), defaulting to any [id => bitwise, phase => typescript, scope => TreeScope(TsParsedFile() / TsDeclModule(bitwise) / TsDeclVar(_default) / TsTypeObject() / TsMemberProperty(byte) / TsTypeObject() / TsMemberProperty(write) / TsTypeFunction() / TsFunSig() / TsFunParam() / TsTypeTuple() / TsTypeRef())] 
[warn ] QualifyReferences.scala:47 Couldn't qualify TsTypeRef(TsQIdent(List(TsIdentSimple(imported_bitwise/types), TsIdentSimple(Bit))),List()), defaulting to any [id => bitwise, phase => typescript, scope => TreeScope(TsParsedFile() / TsDeclModule(bitwise) / TsDeclVar(_default) / TsTypeObject() / TsMemberProperty(byte) / TsTypeObject() / TsMemberProperty(write) / TsTypeFunction() / TsFunSig() / TsFunParam() / TsTypeTuple() / TsTypeRef())] 
[warn ] QualifyReferences.scala:47 Couldn't qualify TsTypeRef(TsQIdent(List(TsIdentSimple(imported_bitwise/types), TsIdentSimple(Bit))),List()), defaulting to any [id => bitwise, phase => typescript, scope => TreeScope(TsParsedFile() / TsDeclModule(bitwise) / TsDeclVar(_default) / TsTypeObject() / TsMemberProperty(byte) / TsTypeObject() / TsMemberProperty(write) / TsTypeFunction() / TsFunSig() / TsFunParam() / TsTypeTuple() / TsTypeRef())] 
[warn ] QualifyReferences.scala:47 Couldn't qualify TsTypeRef(TsQIdent(List(TsIdentSimple(imported_bitwise/types), TsIdentSimple(Bit))),List()), defaulting to any [id => bitwise, phase => typescript, scope => TreeScope(TsParsedFile() / TsDeclModule(bitwise) / TsDeclVar(_default) / TsTypeObject() / TsMemberProperty(byte) / TsTypeObject() / TsMemberProperty(write) / TsTypeFunction() / TsFunSig() / TsFunParam() / TsTypeTuple() / TsTypeRef())] 
[warn ] QualifyReferences.scala:47 Couldn't qualify TsTypeRef(TsQIdent(List(TsIdentSimple(imported_bitwise/types), TsIdentSimple(UInt8))),List()), defaulting to any [id => bitwise, phase => typescript, scope => TreeScope(TsParsedFile() / TsDeclModule(bitwise) / TsDeclVar(_default) / TsTypeObject() / TsMemberProperty(byte) / TsTypeObject() / TsMemberProperty(write) / TsTypeFunction() / TsFunSig() / TsTypeRef())] 
[warn ] QualifyReferences.scala:47 Couldn't qualify TsTypeRef(TsQIdent(List(TsIdentSimple(imported_bitwise/types), TsIdentSimple(Bit))),List()), defaulting to any [id => bitwise, phase => typescript, scope => TreeScope(TsParsedFile() / TsDeclModule(bitwise) / TsDeclVar(_default) / TsTypeObject() / TsMemberProperty(integer) / TsTypeObject() / TsMemberProperty(getBit) / TsTypeFunction() / TsFunSig() / TsTypeRef())] 
[warn ] QualifyReferences.scala:47 Couldn't qualify TsTypeRef(TsQIdent(List(TsIdentSimple(imported_bitwise/types), TsIdentSimple(Bit))),List()), defaulting to any [id => bitwise, phase => typescript, scope => TreeScope(TsParsedFile() / TsDeclModule(bitwise) / TsDeclVar(_default) / TsTypeObject() / TsMemberProperty(integer) / TsTypeObject() / TsMemberProperty(setBit) / TsTypeFunction() / TsFunSig() / TsFunParam() / TsTypeRef())] 
[warn ] QualifyReferences.scala:47 Couldn't qualify TsTypeRef(TsQIdent(List(TsIdentSimple(imported_bitwise/types), TsIdentSimple(Bit))),List()), defaulting to any [id => bitwise, phase => typescript, scope => TreeScope(TsParsedFile() / TsDeclModule(bitwise) / TsDeclVar(_default) / TsTypeObject() / TsMemberProperty(integer) / TsTypeObject() / TsMemberProperty(setBit) / TsTypeFunction() / TsFunSig() / TsTypeRef())] 
[warn ] QualifyReferences.scala:47 Couldn't qualify TsTypeRef(TsQIdent(List(TsIdentSimple(imported_bitwise/types), TsIdentSimple(UInt4))),List()), defaulting to any [id => bitwise, phase => typescript, scope => TreeScope(TsParsedFile() / TsDeclModule(bitwise) / TsDeclVar(_default) / TsTypeObject() / TsMemberProperty(nibble) / TsTypeObject() / TsMemberProperty(read) / TsTypeFunction() / TsFunSig() / TsFunParam() / TsTypeRef())] 
[warn ] QualifyReferences.scala:47 Couldn't qualify TsTypeRef(TsQIdent(List(TsIdentSimple(imported_bitwise/types), TsIdentSimple(Bit))),List()), defaulting to any [id => bitwise, phase => typescript, scope => TreeScope(TsParsedFile() / TsDeclModule(bitwise) / TsDeclVar(_default) / TsTypeObject() / TsMemberProperty(nibble) / TsTypeObject() / TsMemberProperty(read) / TsTypeFunction() / TsFunSig() / TsTypeTuple() / TsTypeRef())] 
[warn ] QualifyReferences.scala:47 Couldn't qualify TsTypeRef(TsQIdent(List(TsIdentSimple(imported_bitwise/types), TsIdentSimple(Bit))),List()), defaulting to any [id => bitwise, phase => typescript, scope => TreeScope(TsParsedFile() / TsDeclModule(bitwise) / TsDeclVar(_default) / TsTypeObject() / TsMemberProperty(nibble) / TsTypeObject() / TsMemberProperty(read) / TsTypeFunction() / TsFunSig() / TsTypeTuple() / TsTypeRef())] 
[warn ] QualifyReferences.scala:47 Couldn't qualify TsTypeRef(TsQIdent(List(TsIdentSimple(imported_bitwise/types), TsIdentSimple(Bit))),List()), defaulting to any [id => bitwise, phase => typescript, scope => TreeScope(TsParsedFile() / TsDeclModule(bitwise) / TsDeclVar(_default) / TsTypeObject() / TsMemberProperty(nibble) / TsTypeObject() / TsMemberProperty(read) / TsTypeFunction() / TsFunSig() / TsTypeTuple() / TsTypeRef())] 
[warn ] QualifyReferences.scala:47 Couldn't qualify TsTypeRef(TsQIdent(List(TsIdentSimple(imported_bitwise/types), TsIdentSimple(Bit))),List()), defaulting to any [id => bitwise, phase => typescript, scope => TreeScope(TsParsedFile() / TsDeclModule(bitwise) / TsDeclVar(_default) / TsTypeObject() / TsMemberProperty(nibble) / TsTypeObject() / TsMemberProperty(read) / TsTypeFunction() / TsFunSig() / TsTypeTuple() / TsTypeRef())] 
[warn ] QualifyReferences.scala:47 Couldn't qualify TsTypeRef(TsQIdent(List(TsIdentSimple(imported_bitwise/types), TsIdentSimple(Bit))),List()), defaulting to any [id => bitwise, phase => typescript, scope => TreeScope(TsParsedFile() / TsDeclModule(bitwise) / TsDeclVar(_default) / TsTypeObject() / TsMemberProperty(nibble) / TsTypeObject() / TsMemberProperty(write) / TsTypeFunction() / TsFunSig() / TsFunParam() / TsTypeTuple() / TsTypeRef())] 
[warn ] QualifyReferences.scala:47 Couldn't qualify TsTypeRef(TsQIdent(List(TsIdentSimple(imported_bitwise/types), TsIdentSimple(Bit))),List()), defaulting to any [id => bitwise, phase => typescript, scope => TreeScope(TsParsedFile() / TsDeclModule(bitwise) / TsDeclVar(_default) / TsTypeObject() / TsMemberProperty(nibble) / TsTypeObject() / TsMemberProperty(write) / TsTypeFunction() / TsFunSig() / TsFunParam() / TsTypeTuple() / TsTypeRef())] 
[warn ] QualifyReferences.scala:47 Couldn't qualify TsTypeRef(TsQIdent(List(TsIdentSimple(imported_bitwise/types), TsIdentSimple(Bit))),List()), defaulting to any [id => bitwise, phase => typescript, scope => TreeScope(TsParsedFile() / TsDeclModule(bitwise) / TsDeclVar(_default) / TsTypeObject() / TsMemberProperty(nibble) / TsTypeObject() / TsMemberProperty(write) / TsTypeFunction() / TsFunSig() / TsFunParam() / TsTypeTuple() / TsTypeRef())] 
[warn ] QualifyReferences.scala:47 Couldn't qualify TsTypeRef(TsQIdent(List(TsIdentSimple(imported_bitwise/types), TsIdentSimple(Bit))),List()), defaulting to any [id => bitwise, phase => typescript, scope => TreeScope(TsParsedFile() / TsDeclModule(bitwise) / TsDeclVar(_default) / TsTypeObject() / TsMemberProperty(nibble) / TsTypeObject() / TsMemberProperty(write) / TsTypeFunction() / TsFunSig() / TsFunParam() / TsTypeTuple() / TsTypeRef())] 
[warn ] QualifyReferences.scala:47 Couldn't qualify TsTypeRef(TsQIdent(List(TsIdentSimple(imported_bitwise/types), TsIdentSimple(UInt4))),List()), defaulting to any [id => bitwise, phase => typescript, scope => TreeScope(TsParsedFile() / TsDeclModule(bitwise) / TsDeclVar(_default) / TsTypeObject() / TsMemberProperty(nibble) / TsTypeObject() / TsMemberProperty(write) / TsTypeFunction() / TsFunSig() / TsTypeRef())] 
[warn ] QualifyReferences.scala:47 Couldn't qualify TsTypeRef(TsQIdent(List(TsIdentSimple(imported_bitwise/types), TsIdentSimple(Bit))),List()), defaulting to any [id => bitwise, phase => typescript, scope => TreeScope(TsParsedFile() / TsDeclModule(bitwise) / TsDeclVar(_default) / TsTypeObject() / TsMemberProperty(string) / TsTypeObject() / TsMemberProperty(toBits) / TsTypeFunction() / TsFunSig() / TsTypeRef() / TsTypeRef())] 
[warn ] QualifyReferences.scala:47 Couldn't qualify TsTypeRef(TsQIdent(List(TsIdentSimple(imported_bitwise/types), TsIdentSimple(Bit))),List()), defaulting to any [id => bitwise, phase => typescript, scope => TreeScope(TsParsedFile() / TsDeclModule(bitwise/bits) / TsDeclVar(_default) / TsTypeObject() / TsMemberProperty(and) / TsTypeFunction() / TsFunSig() / TsFunParam() / TsTypeRef() / TsTypeRef())] 
[warn ] QualifyReferences.scala:47 Couldn't qualify TsTypeRef(TsQIdent(List(TsIdentSimple(imported_bitwise/types), TsIdentSimple(Bit))),List()), defaulting to any [id => bitwise, phase => typescript, scope => TreeScope(TsParsedFile() / TsDeclModule(bitwise/bits) / TsDeclVar(_default) / TsTypeObject() / TsMemberProperty(and) / TsTypeFunction() / TsFunSig() / TsFunParam() / TsTypeRef() / TsTypeRef())] 
[warn ] QualifyReferences.scala:47 Couldn't qualify TsTypeRef(TsQIdent(List(TsIdentSimple(imported_bitwise/types), TsIdentSimple(Bit))),List()), defaulting to any [id => bitwise, phase => typescript, scope => TreeScope(TsParsedFile() / TsDeclModule(bitwise/bits) / TsDeclVar(_default) / TsTypeObject() / TsMemberProperty(and) / TsTypeFunction() / TsFunSig() / TsTypeRef() / TsTypeRef())] 
[warn ] QualifyReferences.scala:47 Couldn't qualify TsTypeRef(TsQIdent(List(TsIdentSimple(imported_bitwise/types), TsIdentSimple(Bit))),List()), defaulting to any [id => bitwise, phase => typescript, scope => TreeScope(TsParsedFile() / TsDeclModule(bitwise/bits) / TsDeclVar(_default) / TsTypeObject() / TsMemberProperty(nand) / TsTypeFunction() / TsFunSig() / TsFunParam() / TsTypeRef() / TsTypeRef())] 
[warn ] QualifyReferences.scala:47 Couldn't qualify TsTypeRef(TsQIdent(List(TsIdentSimple(imported_bitwise/types), TsIdentSimple(Bit))),List()), defaulting to any [id => bitwise, phase => typescript, scope => TreeScope(TsParsedFile() / TsDeclModule(bitwise/bits) / TsDeclVar(_default) / TsTypeObject() / TsMemberProperty(nand) / TsTypeFunction() / TsFunSig() / TsFunParam() / TsTypeRef() / TsTypeRef())] 
[warn ] QualifyReferences.scala:47 Couldn't qualify TsTypeRef(TsQIdent(List(TsIdentSimple(imported_bitwise/types), TsIdentSimple(Bit))),List()), defaulting to any [id => bitwise, phase => typescript, scope => TreeScope(TsParsedFile() / TsDeclModule(bitwise/bits) / TsDeclVar(_default) / TsTypeObject() / TsMemberProperty(nand) / TsTypeFunction() / TsFunSig() / TsTypeRef() / TsTypeRef())] 
[warn ] QualifyReferences.scala:47 Couldn't qualify TsTypeRef(TsQIdent(List(TsIdentSimple(imported_bitwise/types), TsIdentSimple(Bit))),List()), defaulting to any [id => bitwise, phase => typescript, scope => TreeScope(TsParsedFile() / TsDeclModule(bitwise/bits) / TsDeclVar(_default) / TsTypeObject() / TsMemberProperty(nor) / TsTypeFunction() / TsFunSig() / TsFunParam() / TsTypeRef() / TsTypeRef())] 
[warn ] QualifyReferences.scala:47 Couldn't qualify TsTypeRef(TsQIdent(List(TsIdentSimple(imported_bitwise/types), TsIdentSimple(Bit))),List()), defaulting to any [id => bitwise, phase => typescript, scope => TreeScope(TsParsedFile() / TsDeclModule(bitwise/bits) / TsDeclVar(_default) / TsTypeObject() / TsMemberProperty(nor) / TsTypeFunction() / TsFunSig() / TsFunParam() / TsTypeRef() / TsTypeRef())] 
[warn ] QualifyReferences.scala:47 Couldn't qualify TsTypeRef(TsQIdent(List(TsIdentSimple(imported_bitwise/types), TsIdentSimple(Bit))),List()), defaulting to any [id => bitwise, phase => typescript, scope => TreeScope(TsParsedFile() / TsDeclModule(bitwise/bits) / TsDeclVar(_default) / TsTypeObject() / TsMemberProperty(nor) / TsTypeFunction() / TsFunSig() / TsTypeRef() / TsTypeRef())] 
[warn ] QualifyReferences.scala:47 Couldn't qualify TsTypeRef(TsQIdent(List(TsIdentSimple(imported_bitwise/types), TsIdentSimple(Bit))),List()), defaulting to any [id => bitwise, phase => typescript, scope => TreeScope(TsParsedFile() / TsDeclModule(bitwise/bits) / TsDeclVar(_default) / TsTypeObject() / TsMemberProperty(not) / TsTypeFunction() / TsFunSig() / TsFunParam() / TsTypeRef() / TsTypeRef())] 
[warn ] QualifyReferences.scala:47 Couldn't qualify TsTypeRef(TsQIdent(List(TsIdentSimple(imported_bitwise/types), TsIdentSimple(Bit))),List()), defaulting to any [id => bitwise, phase => typescript, scope => TreeScope(TsParsedFile() / TsDeclModule(bitwise/bits) / TsDeclVar(_default) / TsTypeObject() / TsMemberProperty(not) / TsTypeFunction() / TsFunSig() / TsTypeRef() / TsTypeRef())] 
[warn ] QualifyReferences.scala:47 Couldn't qualify TsTypeRef(TsQIdent(List(TsIdentSimple(imported_bitwise/types), TsIdentSimple(Bit))),List()), defaulting to any [id => bitwise, phase => typescript, scope => TreeScope(TsParsedFile() / TsDeclModule(bitwise/bits) / TsDeclVar(_default) / TsTypeObject() / TsMemberProperty(or) / TsTypeFunction() / TsFunSig() / TsFunParam() / TsTypeRef() / TsTypeRef())] 
[warn ] QualifyReferences.scala:47 Couldn't qualify TsTypeRef(TsQIdent(List(TsIdentSimple(imported_bitwise/types), TsIdentSimple(Bit))),List()), defaulting to any [id => bitwise, phase => typescript, scope => TreeScope(TsParsedFile() / TsDeclModule(bitwise/bits) / TsDeclVar(_default) / TsTypeObject() / TsMemberProperty(or) / TsTypeFunction() / TsFunSig() / TsFunParam() / TsTypeRef() / TsTypeRef())] 
[warn ] QualifyReferences.scala:47 Couldn't qualify TsTypeRef(TsQIdent(List(TsIdentSimple(imported_bitwise/types), TsIdentSimple(Bit))),List()), defaulting to any [id => bitwise, phase => typescript, scope => TreeScope(TsParsedFile() / TsDeclModule(bitwise/bits) / TsDeclVar(_default) / TsTypeObject() / TsMemberProperty(or) / TsTypeFunction() / TsFunSig() / TsTypeRef() / TsTypeRef())] 
[warn ] QualifyReferences.scala:47 Couldn't qualify TsTypeRef(TsQIdent(List(TsIdentSimple(imported_bitwise/types), TsIdentSimple(Bit))),List()), defaulting to any [id => bitwise, phase => typescript, scope => TreeScope(TsParsedFile() / TsDeclModule(bitwise/bits) / TsDeclVar(_default) / TsTypeObject() / TsMemberProperty(reduceAnd) / TsTypeFunction() / TsFunSig() / TsFunParam() / TsTypeRef() / TsTypeRef())] 
[warn ] QualifyReferences.scala:47 Couldn't qualify TsTypeRef(TsQIdent(List(TsIdentSimple(imported_bitwise/types), TsIdentSimple(Bit))),List()), defaulting to any [id => bitwise, phase => typescript, scope => TreeScope(TsParsedFile() / TsDeclModule(bitwise/bits) / TsDeclVar(_default) / TsTypeObject() / TsMemberProperty(reduceAnd) / TsTypeFunction() / TsFunSig() / TsTypeRef())] 
[warn ] QualifyReferences.scala:47 Couldn't qualify TsTypeRef(TsQIdent(List(TsIdentSimple(imported_bitwise/types), TsIdentSimple(Bit))),List()), defaulting to any [id => bitwise, phase => typescript, scope => TreeScope(TsParsedFile() / TsDeclModule(bitwise/bits) / TsDeclVar(_default) / TsTypeObject() / TsMemberProperty(reduceNand) / TsTypeFunction() / TsFunSig() / TsFunParam() / TsTypeRef() / TsTypeRef())] 
[warn ] QualifyReferences.scala:47 Couldn't qualify TsTypeRef(TsQIdent(List(TsIdentSimple(imported_bitwise/types), TsIdentSimple(Bit))),List()), defaulting to any [id => bitwise, phase => typescript, scope => TreeScope(TsParsedFile() / TsDeclModule(bitwise/bits) / TsDeclVar(_default) / TsTypeObject() / TsMemberProperty(reduceNand) / TsTypeFunction() / TsFunSig() / TsTypeRef())] 
[warn ] QualifyReferences.scala:47 Couldn't qualify TsTypeRef(TsQIdent(List(TsIdentSimple(imported_bitwise/types), TsIdentSimple(Bit))),List()), defaulting to any [id => bitwise, phase => typescript, scope => TreeScope(TsParsedFile() / TsDeclModule(bitwise/bits) / TsDeclVar(_default) / TsTypeObject() / TsMemberProperty(reduceNor) / TsTypeFunction() / TsFunSig() / TsFunParam() / TsTypeRef() / TsTypeRef())] 
[warn ] QualifyReferences.scala:47 Couldn't qualify TsTypeRef(TsQIdent(List(TsIdentSimple(imported_bitwise/types), TsIdentSimple(Bit))),List()), defaulting to any [id => bitwise, phase => typescript, scope => TreeScope(TsParsedFile() / TsDeclModule(bitwise/bits) / TsDeclVar(_default) / TsTypeObject() / TsMemberProperty(reduceNor) / TsTypeFunction() / TsFunSig() / TsTypeRef())] 
[warn ] QualifyReferences.scala:47 Couldn't qualify TsTypeRef(TsQIdent(List(TsIdentSimple(imported_bitwise/types), TsIdentSimple(Bit))),List()), defaulting to any [id => bitwise, phase => typescript, scope => TreeScope(TsParsedFile() / TsDeclModule(bitwise/bits) / TsDeclVar(_default) / TsTypeObject() / TsMemberProperty(reduceOr) / TsTypeFunction() / TsFunSig() / TsFunParam() / TsTypeRef() / TsTypeRef())] 
[warn ] QualifyReferences.scala:47 Couldn't qualify TsTypeRef(TsQIdent(List(TsIdentSimple(imported_bitwise/types), TsIdentSimple(Bit))),List()), defaulting to any [id => bitwise, phase => typescript, scope => TreeScope(TsParsedFile() / TsDeclModule(bitwise/bits) / TsDeclVar(_default) / TsTypeObject() / TsMemberProperty(reduceOr) / TsTypeFunction() / TsFunSig() / TsTypeRef())] 
[warn ] QualifyReferences.scala:47 Couldn't qualify TsTypeRef(TsQIdent(List(TsIdentSimple(imported_bitwise/types), TsIdentSimple(Bit))),List()), defaulting to any [id => bitwise, phase => typescript, scope => TreeScope(TsParsedFile() / TsDeclModule(bitwise/bits) / TsDeclVar(_default) / TsTypeObject() / TsMemberProperty(reduceXnor) / TsTypeFunction() / TsFunSig() / TsFunParam() / TsTypeRef() / TsTypeRef())] 
[warn ] QualifyReferences.scala:47 Couldn't qualify TsTypeRef(TsQIdent(List(TsIdentSimple(imported_bitwise/types), TsIdentSimple(Bit))),List()), defaulting to any [id => bitwise, phase => typescript, scope => TreeScope(TsParsedFile() / TsDeclModule(bitwise/bits) / TsDeclVar(_default) / TsTypeObject() / TsMemberProperty(reduceXnor) / TsTypeFunction() / TsFunSig() / TsTypeRef())] 
[warn ] QualifyReferences.scala:47 Couldn't qualify TsTypeRef(TsQIdent(List(TsIdentSimple(imported_bitwise/types), TsIdentSimple(Bit))),List()), defaulting to any [id => bitwise, phase => typescript, scope => TreeScope(TsParsedFile() / TsDeclModule(bitwise/bits) / TsDeclVar(_default) / TsTypeObject() / TsMemberProperty(reduceXor) / TsTypeFunction() / TsFunSig() / TsFunParam() / TsTypeRef() / TsTypeRef())] 
[warn ] QualifyReferences.scala:47 Couldn't qualify TsTypeRef(TsQIdent(List(TsIdentSimple(imported_bitwise/types), TsIdentSimple(Bit))),List()), defaulting to any [id => bitwise, phase => typescript, scope => TreeScope(TsParsedFile() / TsDeclModule(bitwise/bits) / TsDeclVar(_default) / TsTypeObject() / TsMemberProperty(reduceXor) / TsTypeFunction() / TsFunSig() / TsTypeRef())] 
[warn ] QualifyReferences.scala:47 Couldn't qualify TsTypeRef(TsQIdent(List(TsIdentSimple(imported_bitwise/types), TsIdentSimple(Bit))),List()), defaulting to any [id => bitwise, phase => typescript, scope => TreeScope(TsParsedFile() / TsDeclModule(bitwise/bits) / TsDeclVar(_default) / TsTypeObject() / TsMemberProperty(toBoolean) / TsTypeFunction() / TsFunSig() / TsFunParam() / TsTypeRef() / TsTypeRef())] 
[warn ] QualifyReferences.scala:47 Couldn't qualify TsTypeRef(TsQIdent(List(TsIdentSimple(imported_bitwise/types), TsIdentSimple(Bit))),List()), defaulting to any [id => bitwise, phase => typescript, scope => TreeScope(TsParsedFile() / TsDeclModule(bitwise/bits) / TsDeclVar(_default) / TsTypeObject() / TsMemberProperty(toString) / TsTypeFunction() / TsFunSig() / TsFunParam() / TsTypeRef() / TsTypeRef())] 
[warn ] QualifyReferences.scala:47 Couldn't qualify TsTypeRef(TsQIdent(List(TsIdentSimple(imported_bitwise/types), TsIdentSimple(Bit))),List()), defaulting to any [id => bitwise, phase => typescript, scope => TreeScope(TsParsedFile() / TsDeclModule(bitwise/bits) / TsDeclVar(_default) / TsTypeObject() / TsMemberProperty(xnor) / TsTypeFunction() / TsFunSig() / TsFunParam() / TsTypeRef() / TsTypeRef())] 
[warn ] QualifyReferences.scala:47 Couldn't qualify TsTypeRef(TsQIdent(List(TsIdentSimple(imported_bitwise/types), TsIdentSimple(Bit))),List()), defaulting to any [id => bitwise, phase => typescript, scope => TreeScope(TsParsedFile() / TsDeclModule(bitwise/bits) / TsDeclVar(_default) / TsTypeObject() / TsMemberProperty(xnor) / TsTypeFunction() / TsFunSig() / TsFunParam() / TsTypeRef() / TsTypeRef())] 
[warn ] QualifyReferences.scala:47 Couldn't qualify TsTypeRef(TsQIdent(List(TsIdentSimple(imported_bitwise/types), TsIdentSimple(Bit))),List()), defaulting to any [id => bitwise, phase => typescript, scope => TreeScope(TsParsedFile() / TsDeclModule(bitwise/bits) / TsDeclVar(_default) / TsTypeObject() / TsMemberProperty(xnor) / TsTypeFunction() / TsFunSig() / TsTypeRef() / TsTypeRef())] 
[warn ] QualifyReferences.scala:47 Couldn't qualify TsTypeRef(TsQIdent(List(TsIdentSimple(imported_bitwise/types), TsIdentSimple(Bit))),List()), defaulting to any [id => bitwise, phase => typescript, scope => TreeScope(TsParsedFile() / TsDeclModule(bitwise/bits) / TsDeclVar(_default) / TsTypeObject() / TsMemberProperty(xor) / TsTypeFunction() / TsFunSig() / TsFunParam() / TsTypeRef() / TsTypeRef())] 
[warn ] QualifyReferences.scala:47 Couldn't qualify TsTypeRef(TsQIdent(List(TsIdentSimple(imported_bitwise/types), TsIdentSimple(Bit))),List()), defaulting to any [id => bitwise, phase => typescript, scope => TreeScope(TsParsedFile() / TsDeclModule(bitwise/bits) / TsDeclVar(_default) / TsTypeObject() / TsMemberProperty(xor) / TsTypeFunction() / TsFunSig() / TsFunParam() / TsTypeRef() / TsTypeRef())] 
[warn ] QualifyReferences.scala:47 Couldn't qualify TsTypeRef(TsQIdent(List(TsIdentSimple(imported_bitwise/types), TsIdentSimple(Bit))),List()), defaulting to any [id => bitwise, phase => typescript, scope => TreeScope(TsParsedFile() / TsDeclModule(bitwise/bits) / TsDeclVar(_default) / TsTypeObject() / TsMemberProperty(xor) / TsTypeFunction() / TsFunSig() / TsTypeRef() / TsTypeRef())] 
[warn ] QualifyReferences.scala:47 Couldn't qualify TsTypeRef(TsQIdent(List(TsIdentSimple(imported_bitwise/types), TsIdentSimple(Bit))),List()), defaulting to any [id => bitwise, phase => typescript, scope => TreeScope(TsParsedFile() / TsDeclModule(bitwise/bits/to-boolean) / TsDeclVar(_default) / TsTypeFunction() / TsFunSig() / TsFunParam() / TsTypeRef() / TsTypeRef())] 
[warn ] QualifyReferences.scala:47 Couldn't qualify TsTypeRef(TsQIdent(List(TsIdentSimple(imported_bitwise/types), TsIdentSimple(Bit))),List()), defaulting to any [id => bitwise, phase => typescript, scope => TreeScope(TsParsedFile() / TsDeclModule(bitwise/bits/to-string) / TsDeclVar(_default) / TsTypeFunction() / TsFunSig() / TsFunParam() / TsTypeRef() / TsTypeRef())] 
[warn ] QualifyReferences.scala:47 Couldn't qualify TsTypeRef(TsQIdent(List(TsIdentSimple(imported_bitwise/types), TsIdentSimple(Bit))),List()), defaulting to any [id => bitwise, phase => typescript, scope => TreeScope(TsParsedFile() / TsDeclModule(bitwise/buffer/create) / TsDeclVar(_default) / TsTypeFunction() / TsFunSig() / TsFunParam() / TsTypeRef() / TsTypeRef())] 
[warn ] QualifyReferences.scala:47 Couldn't qualify TsTypeRef(TsQIdent(List(TsIdentSimple(imported_bitwise/types), TsIdentSimple(Bit))),List()), defaulting to any [id => bitwise, phase => typescript, scope => TreeScope(TsParsedFile() / TsDeclModule(bitwise/buffer) / TsDeclVar(_default) / TsTypeObject() / TsMemberProperty(create) / TsTypeFunction() / TsFunSig() / TsFunParam() / TsTypeRef() / TsTypeRef())] 
[warn ] QualifyReferences.scala:47 Couldn't qualify TsTypeRef(TsQIdent(List(TsIdentSimple(imported_bitwise/types), TsIdentSimple(Bit))),List()), defaulting to any [id => bitwise, phase => typescript, scope => TreeScope(TsParsedFile() / TsDeclModule(bitwise/buffer) / TsDeclVar(_default) / TsTypeObject() / TsMemberProperty(modify) / TsTypeFunction() / TsFunSig() / TsFunParam() / TsTypeRef() / TsTypeRef())] 
[warn ] QualifyReferences.scala:47 Couldn't qualify TsTypeRef(TsQIdent(List(TsIdentSimple(imported_bitwise/types), TsIdentSimple(Bit))),List()), defaulting to any [id => bitwise, phase => typescript, scope => TreeScope(TsParsedFile() / TsDeclModule(bitwise/buffer) / TsDeclVar(_default) / TsTypeObject() / TsMemberProperty(read) / TsTypeFunction() / TsFunSig() / TsTypeRef() / TsTypeRef())] 
[warn ] QualifyReferences.scala:47 Couldn't qualify TsTypeRef(TsQIdent(List(TsIdentSimple(imported_bitwise/types), TsIdentSimple(Bit))),List()), defaulting to any [id => bitwise, phase => typescript, scope => TreeScope(TsParsedFile() / TsDeclModule(bitwise/buffer/modify) / TsDeclVar(_default) / TsTypeFunction() / TsFunSig() / TsFunParam() / TsTypeRef() / TsTypeRef())] 
[warn ] QualifyReferences.scala:47 Couldn't qualify TsTypeRef(TsQIdent(List(TsIdentSimple(imported_bitwise/types), TsIdentSimple(Bit))),List()), defaulting to any [id => bitwise, phase => typescript, scope => TreeScope(TsParsedFile() / TsDeclModule(bitwise/buffer/read) / TsDeclVar(_default) / TsTypeFunction() / TsFunSig() / TsTypeRef() / TsTypeRef())] 
[warn ] QualifyReferences.scala:47 Couldn't qualify TsTypeRef(TsQIdent(List(TsIdentSimple(imported_bitwise/types), TsIdentSimple(UInt8))),List()), defaulting to any [id => bitwise, phase => typescript, scope => TreeScope(TsParsedFile() / TsDeclModule(bitwise/byte) / TsDeclVar(_default) / TsTypeObject() / TsMemberProperty(read) / TsTypeFunction() / TsFunSig() / TsFunParam() / TsTypeRef())] 
[warn ] QualifyReferences.scala:47 Couldn't qualify TsTypeRef(TsQIdent(List(TsIdentSimple(imported_bitwise/types), TsIdentSimple(Bit))),List()), defaulting to any [id => bitwise, phase => typescript, scope => TreeScope(TsParsedFile() / TsDeclModule(bitwise/byte) / TsDeclVar(_default) / TsTypeObject() / TsMemberProperty(read) / TsTypeFunction() / TsFunSig() / TsTypeTuple() / TsTypeRef())] 
[warn ] QualifyReferences.scala:47 Couldn't qualify TsTypeRef(TsQIdent(List(TsIdentSimple(imported_bitwise/types), TsIdentSimple(Bit))),List()), defaulting to any [id => bitwise, phase => typescript, scope => TreeScope(TsParsedFile() / TsDeclModule(bitwise/byte) / TsDeclVar(_default) / TsTypeObject() / TsMemberProperty(read) / TsTypeFunction() / TsFunSig() / TsTypeTuple() / TsTypeRef())] 
[warn ] QualifyReferences.scala:47 Couldn't qualify TsTypeRef(TsQIdent(List(TsIdentSimple(imported_bitwise/types), TsIdentSimple(Bit))),List()), defaulting to any [id => bitwise, phase => typescript, scope => TreeScope(TsParsedFile() / TsDeclModule(bitwise/byte) / TsDeclVar(_default) / TsTypeObject() / TsMemberProperty(read) / TsTypeFunction() / TsFunSig() / TsTypeTuple() / TsTypeRef())] 
[warn ] QualifyReferences.scala:47 Couldn't qualify TsTypeRef(TsQIdent(List(TsIdentSimple(imported_bitwise/types), TsIdentSimple(Bit))),List()), defaulting to any [id => bitwise, phase => typescript, scope => TreeScope(TsParsedFile() / TsDeclModule(bitwise/byte) / TsDeclVar(_default) / TsTypeObject() / TsMemberProperty(read) / TsTypeFunction() / TsFunSig() / TsTypeTuple() / TsTypeRef())] 
[warn ] QualifyReferences.scala:47 Couldn't qualify TsTypeRef(TsQIdent(List(TsIdentSimple(imported_bitwise/types), TsIdentSimple(Bit))),List()), defaulting to any [id => bitwise, phase => typescript, scope => TreeScope(TsParsedFile() / TsDeclModule(bitwise/byte) / TsDeclVar(_default) / TsTypeObject() / TsMemberProperty(read) / TsTypeFunction() / TsFunSig() / TsTypeTuple() / TsTypeRef())] 
[warn ] QualifyReferences.scala:47 Couldn't qualify TsTypeRef(TsQIdent(List(TsIdentSimple(imported_bitwise/types), TsIdentSimple(Bit))),List()), defaulting to any [id => bitwise, phase => typescript, scope => TreeScope(TsParsedFile() / TsDeclModule(bitwise/byte) / TsDeclVar(_default) / TsTypeObject() / TsMemberProperty(read) / TsTypeFunction() / TsFunSig() / TsTypeTuple() / TsTypeRef())] 
[warn ] QualifyReferences.scala:47 Couldn't qualify TsTypeRef(TsQIdent(List(TsIdentSimple(imported_bitwise/types), TsIdentSimple(Bit))),List()), defaulting to any [id => bitwise, phase => typescript, scope => TreeScope(TsParsedFile() / TsDeclModule(bitwise/byte) / TsDeclVar(_default) / TsTypeObject() / TsMemberProperty(read) / TsTypeFunction() / TsFunSig() / TsTypeTuple() / TsTypeRef())] 
[warn ] QualifyReferences.scala:47 Couldn't qualify TsTypeRef(TsQIdent(List(TsIdentSimple(imported_bitwise/types), TsIdentSimple(Bit))),List()), defaulting to any [id => bitwise, phase => typescript, scope => TreeScope(TsParsedFile() / TsDeclModule(bitwise/byte) / TsDeclVar(_default) / TsTypeObject() / TsMemberProperty(read) / TsTypeFunction() / TsFunSig() / TsTypeTuple() / TsTypeRef())] 
[warn ] QualifyReferences.scala:47 Couldn't qualify TsTypeRef(TsQIdent(List(TsIdentSimple(imported_bitwise/types), TsIdentSimple(Bit))),List()), defaulting to any [id => bitwise, phase => typescript, scope => TreeScope(TsParsedFile() / TsDeclModule(bitwise/byte) / TsDeclVar(_default) / TsTypeObject() / TsMemberProperty(write) / TsTypeFunction() / TsFunSig() / TsFunParam() / TsTypeTuple() / TsTypeRef())] 
[warn ] QualifyReferences.scala:47 Couldn't qualify TsTypeRef(TsQIdent(List(TsIdentSimple(imported_bitwise/types), TsIdentSimple(Bit))),List()), defaulting to any [id => bitwise, phase => typescript, scope => TreeScope(TsParsedFile() / TsDeclModule(bitwise/byte) / TsDeclVar(_default) / TsTypeObject() / TsMemberProperty(write) / TsTypeFunction() / TsFunSig() / TsFunParam() / TsTypeTuple() / TsTypeRef())] 
[warn ] QualifyReferences.scala:47 Couldn't qualify TsTypeRef(TsQIdent(List(TsIdentSimple(imported_bitwise/types), TsIdentSimple(Bit))),List()), defaulting to any [id => bitwise, phase => typescript, scope => TreeScope(TsParsedFile() / TsDeclModule(bitwise/byte) / TsDeclVar(_default) / TsTypeObject() / TsMemberProperty(write) / TsTypeFunction() / TsFunSig() / TsFunParam() / TsTypeTuple() / TsTypeRef())] 
[warn ] QualifyReferences.scala:47 Couldn't qualify TsTypeRef(TsQIdent(List(TsIdentSimple(imported_bitwise/types), TsIdentSimple(Bit))),List()), defaulting to any [id => bitwise, phase => typescript, scope => TreeScope(TsParsedFile() / TsDeclModule(bitwise/byte) / TsDeclVar(_default) / TsTypeObject() / TsMemberProperty(write) / TsTypeFunction() / TsFunSig() / TsFunParam() / TsTypeTuple() / TsTypeRef())] 
[warn ] QualifyReferences.scala:47 Couldn't qualify TsTypeRef(TsQIdent(List(TsIdentSimple(imported_bitwise/types), TsIdentSimple(Bit))),List()), defaulting to any [id => bitwise, phase => typescript, scope => TreeScope(TsParsedFile() / TsDeclModule(bitwise/byte) / TsDeclVar(_default) / TsTypeObject() / TsMemberProperty(write) / TsTypeFunction() / TsFunSig() / TsFunParam() / TsTypeTuple() / TsTypeRef())] 
[warn ] QualifyReferences.scala:47 Couldn't qualify TsTypeRef(TsQIdent(List(TsIdentSimple(imported_bitwise/types), TsIdentSimple(Bit))),List()), defaulting to any [id => bitwise, phase => typescript, scope => TreeScope(TsParsedFile() / TsDeclModule(bitwise/byte) / TsDeclVar(_default) / TsTypeObject() / TsMemberProperty(write) / TsTypeFunction() / TsFunSig() / TsFunParam() / TsTypeTuple() / TsTypeRef())] 
[warn ] QualifyReferences.scala:47 Couldn't qualify TsTypeRef(TsQIdent(List(TsIdentSimple(imported_bitwise/types), TsIdentSimple(Bit))),List()), defaulting to any [id => bitwise, phase => typescript, scope => TreeScope(TsParsedFile() / TsDeclModule(bitwise/byte) / TsDeclVar(_default) / TsTypeObject() / TsMemberProperty(write) / TsTypeFunction() / TsFunSig() / TsFunParam() / TsTypeTuple() / TsTypeRef())] 
[warn ] QualifyReferences.scala:47 Couldn't qualify TsTypeRef(TsQIdent(List(TsIdentSimple(imported_bitwise/types), TsIdentSimple(Bit))),List()), defaulting to any [id => bitwise, phase => typescript, scope => TreeScope(TsParsedFile() / TsDeclModule(bitwise/byte) / TsDeclVar(_default) / TsTypeObject() / TsMemberProperty(write) / TsTypeFunction() / TsFunSig() / TsFunParam() / TsTypeTuple() / TsTypeRef())] 
[warn ] QualifyReferences.scala:47 Couldn't qualify TsTypeRef(TsQIdent(List(TsIdentSimple(imported_bitwise/types), TsIdentSimple(UInt8))),List()), defaulting to any [id => bitwise, phase => typescript, scope => TreeScope(TsParsedFile() / TsDeclModule(bitwise/byte) / TsDeclVar(_default) / TsTypeObject() / TsMemberProperty(write) / TsTypeFunction() / TsFunSig() / TsTypeRef())] 
[warn ] QualifyReferences.scala:47 Couldn't qualify TsTypeRef(TsQIdent(List(TsIdentSimple(imported_bitwise/types), TsIdentSimple(Bit))),List()), defaulting to any [id => bitwise, phase => typescript, scope => TreeScope(TsParsedFile() / TsDeclModule(bitwise/byte/write) / TsDeclVar(_default) / TsTypeFunction() / TsFunSig() / TsFunParam() / TsTypeTuple() / TsTypeRef())] 
[warn ] QualifyReferences.scala:47 Couldn't qualify TsTypeRef(TsQIdent(List(TsIdentSimple(imported_bitwise/types), TsIdentSimple(Bit))),List()), defaulting to any [id => bitwise, phase => typescript, scope => TreeScope(TsParsedFile() / TsDeclModule(bitwise/byte/write) / TsDeclVar(_default) / TsTypeFunction() / TsFunSig() / TsFunParam() / TsTypeTuple() / TsTypeRef())] 
[warn ] QualifyReferences.scala:47 Couldn't qualify TsTypeRef(TsQIdent(List(TsIdentSimple(imported_bitwise/types), TsIdentSimple(Bit))),List()), defaulting to any [id => bitwise, phase => typescript, scope => TreeScope(TsParsedFile() / TsDeclModule(bitwise/byte/write) / TsDeclVar(_default) / TsTypeFunction() / TsFunSig() / TsFunParam() / TsTypeTuple() / TsTypeRef())] 
[warn ] QualifyReferences.scala:47 Couldn't qualify TsTypeRef(TsQIdent(List(TsIdentSimple(imported_bitwise/types), TsIdentSimple(Bit))),List()), defaulting to any [id => bitwise, phase => typescript, scope => TreeScope(TsParsedFile() / TsDeclModule(bitwise/byte/write) / TsDeclVar(_default) / TsTypeFunction() / TsFunSig() / TsFunParam() / TsTypeTuple() / TsTypeRef())] 
[warn ] QualifyReferences.scala:47 Couldn't qualify TsTypeRef(TsQIdent(List(TsIdentSimple(imported_bitwise/types), TsIdentSimple(Bit))),List()), defaulting to any [id => bitwise, phase => typescript, scope => TreeScope(TsParsedFile() / TsDeclModule(bitwise/byte/write) / TsDeclVar(_default) / TsTypeFunction() / TsFunSig() / TsFunParam() / TsTypeTuple() / TsTypeRef())] 
[warn ] QualifyReferences.scala:47 Couldn't qualify TsTypeRef(TsQIdent(List(TsIdentSimple(imported_bitwise/types), TsIdentSimple(Bit))),List()), defaulting to any [id => bitwise, phase => typescript, scope => TreeScope(TsParsedFile() / TsDeclModule(bitwise/byte/write) / TsDeclVar(_default) / TsTypeFunction() / TsFunSig() / TsFunParam() / TsTypeTuple() / TsTypeRef())] 
[warn ] QualifyReferences.scala:47 Couldn't qualify TsTypeRef(TsQIdent(List(TsIdentSimple(imported_bitwise/types), TsIdentSimple(Bit))),List()), defaulting to any [id => bitwise, phase => typescript, scope => TreeScope(TsParsedFile() / TsDeclModule(bitwise/byte/write) / TsDeclVar(_default) / TsTypeFunction() / TsFunSig() / TsFunParam() / TsTypeTuple() / TsTypeRef())] 
[warn ] QualifyReferences.scala:47 Couldn't qualify TsTypeRef(TsQIdent(List(TsIdentSimple(imported_bitwise/types), TsIdentSimple(Bit))),List()), defaulting to any [id => bitwise, phase => typescript, scope => TreeScope(TsParsedFile() / TsDeclModule(bitwise/byte/write) / TsDeclVar(_default) / TsTypeFunction() / TsFunSig() / TsFunParam() / TsTypeTuple() / TsTypeRef())] 
[warn ] QualifyReferences.scala:47 Couldn't qualify TsTypeRef(TsQIdent(List(TsIdentSimple(imported_bitwise/types), TsIdentSimple(Bit))),List()), defaulting to any [id => bitwise, phase => typescript, scope => TreeScope(TsParsedFile() / TsDeclModule(bitwise/integer) / TsDeclVar(_default) / TsTypeObject() / TsMemberProperty(getBit) / TsTypeFunction() / TsFunSig() / TsTypeRef())] 
[warn ] QualifyReferences.scala:47 Couldn't qualify TsTypeRef(TsQIdent(List(TsIdentSimple(imported_bitwise/types), TsIdentSimple(Bit))),List()), defaulting to any [id => bitwise, phase => typescript, scope => TreeScope(TsParsedFile() / TsDeclModule(bitwise/integer) / TsDeclVar(_default) / TsTypeObject() / TsMemberProperty(setBit) / TsTypeFunction() / TsFunSig() / TsFunParam() / TsTypeRef())] 
[warn ] QualifyReferences.scala:47 Couldn't qualify TsTypeRef(TsQIdent(List(TsIdentSimple(imported_bitwise/types), TsIdentSimple(Bit))),List()), defaulting to any [id => bitwise, phase => typescript, scope => TreeScope(TsParsedFile() / TsDeclModule(bitwise/integer) / TsDeclVar(_default) / TsTypeObject() / TsMemberProperty(setBit) / TsTypeFunction() / TsFunSig() / TsTypeRef())] 
[warn ] QualifyReferences.scala:47 Couldn't qualify TsTypeRef(TsQIdent(List(TsIdentSimple(imported_bitwise/types), TsIdentSimple(UInt4))),List()), defaulting to any [id => bitwise, phase => typescript, scope => TreeScope(TsParsedFile() / TsDeclModule(bitwise/nibble) / TsDeclVar(_default) / TsTypeObject() / TsMemberProperty(read) / TsTypeFunction() / TsFunSig() / TsFunParam() / TsTypeRef())] 
[warn ] QualifyReferences.scala:47 Couldn't qualify TsTypeRef(TsQIdent(List(TsIdentSimple(imported_bitwise/types), TsIdentSimple(Bit))),List()), defaulting to any [id => bitwise, phase => typescript, scope => TreeScope(TsParsedFile() / TsDeclModule(bitwise/nibble) / TsDeclVar(_default) / TsTypeObject() / TsMemberProperty(read) / TsTypeFunction() / TsFunSig() / TsTypeTuple() / TsTypeRef())] 
[warn ] QualifyReferences.scala:47 Couldn't qualify TsTypeRef(TsQIdent(List(TsIdentSimple(imported_bitwise/types), TsIdentSimple(Bit))),List()), defaulting to any [id => bitwise, phase => typescript, scope => TreeScope(TsParsedFile() / TsDeclModule(bitwise/nibble) / TsDeclVar(_default) / TsTypeObject() / TsMemberProperty(read) / TsTypeFunction() / TsFunSig() / TsTypeTuple() / TsTypeRef())] 
[warn ] QualifyReferences.scala:47 Couldn't qualify TsTypeRef(TsQIdent(List(TsIdentSimple(imported_bitwise/types), TsIdentSimple(Bit))),List()), defaulting to any [id => bitwise, phase => typescript, scope => TreeScope(TsParsedFile() / TsDeclModule(bitwise/nibble) / TsDeclVar(_default) / TsTypeObject() / TsMemberProperty(read) / TsTypeFunction() / TsFunSig() / TsTypeTuple() / TsTypeRef())] 
[warn ] QualifyReferences.scala:47 Couldn't qualify TsTypeRef(TsQIdent(List(TsIdentSimple(imported_bitwise/types), TsIdentSimple(Bit))),List()), defaulting to any [id => bitwise, phase => typescript, scope => TreeScope(TsParsedFile() / TsDeclModule(bitwise/nibble) / TsDeclVar(_default) / TsTypeObject() / TsMemberProperty(read) / TsTypeFunction() / TsFunSig() / TsTypeTuple() / TsTypeRef())] 
[warn ] QualifyReferences.scala:47 Couldn't qualify TsTypeRef(TsQIdent(List(TsIdentSimple(imported_bitwise/types), TsIdentSimple(Bit))),List()), defaulting to any [id => bitwise, phase => typescript, scope => TreeScope(TsParsedFile() / TsDeclModule(bitwise/nibble) / TsDeclVar(_default) / TsTypeObject() / TsMemberProperty(write) / TsTypeFunction() / TsFunSig() / TsFunParam() / TsTypeTuple() / TsTypeRef())] 
[warn ] QualifyReferences.scala:47 Couldn't qualify TsTypeRef(TsQIdent(List(TsIdentSimple(imported_bitwise/types), TsIdentSimple(Bit))),List()), defaulting to any [id => bitwise, phase => typescript, scope => TreeScope(TsParsedFile() / TsDeclModule(bitwise/nibble) / TsDeclVar(_default) / TsTypeObject() / TsMemberProperty(write) / TsTypeFunction() / TsFunSig() / TsFunParam() / TsTypeTuple() / TsTypeRef())] 
[warn ] QualifyReferences.scala:47 Couldn't qualify TsTypeRef(TsQIdent(List(TsIdentSimple(imported_bitwise/types), TsIdentSimple(Bit))),List()), defaulting to any [id => bitwise, phase => typescript, scope => TreeScope(TsParsedFile() / TsDeclModule(bitwise/nibble) / TsDeclVar(_default) / TsTypeObject() / TsMemberProperty(write) / TsTypeFunction() / TsFunSig() / TsFunParam() / TsTypeTuple() / TsTypeRef())] 
[warn ] QualifyReferences.scala:47 Couldn't qualify TsTypeRef(TsQIdent(List(TsIdentSimple(imported_bitwise/types), TsIdentSimple(Bit))),List()), defaulting to any [id => bitwise, phase => typescript, scope => TreeScope(TsParsedFile() / TsDeclModule(bitwise/nibble) / TsDeclVar(_default) / TsTypeObject() / TsMemberProperty(write) / TsTypeFunction() / TsFunSig() / TsFunParam() / TsTypeTuple() / TsTypeRef())] 
[warn ] QualifyReferences.scala:47 Couldn't qualify TsTypeRef(TsQIdent(List(TsIdentSimple(imported_bitwise/types), TsIdentSimple(UInt4))),List()), defaulting to any [id => bitwise, phase => typescript, scope => TreeScope(TsParsedFile() / TsDeclModule(bitwise/nibble) / TsDeclVar(_default) / TsTypeObject() / TsMemberProperty(write) / TsTypeFunction() / TsFunSig() / TsTypeRef())] 
[warn ] QualifyReferences.scala:47 Couldn't qualify TsTypeRef(TsQIdent(List(TsIdentSimple(imported_bitwise/types), TsIdentSimple(Bit))),List()), defaulting to any [id => bitwise, phase => typescript, scope => TreeScope(TsParsedFile() / TsDeclModule(bitwise/nibble/write) / TsDeclVar(_default) / TsTypeFunction() / TsFunSig() / TsFunParam() / TsTypeTuple() / TsTypeRef())] 
[warn ] QualifyReferences.scala:47 Couldn't qualify TsTypeRef(TsQIdent(List(TsIdentSimple(imported_bitwise/types), TsIdentSimple(Bit))),List()), defaulting to any [id => bitwise, phase => typescript, scope => TreeScope(TsParsedFile() / TsDeclModule(bitwise/nibble/write) / TsDeclVar(_default) / TsTypeFunction() / TsFunSig() / TsFunParam() / TsTypeTuple() / TsTypeRef())] 
[warn ] QualifyReferences.scala:47 Couldn't qualify TsTypeRef(TsQIdent(List(TsIdentSimple(imported_bitwise/types), TsIdentSimple(Bit))),List()), defaulting to any [id => bitwise, phase => typescript, scope => TreeScope(TsParsedFile() / TsDeclModule(bitwise/nibble/write) / TsDeclVar(_default) / TsTypeFunction() / TsFunSig() / TsFunParam() / TsTypeTuple() / TsTypeRef())] 
[warn ] QualifyReferences.scala:47 Couldn't qualify TsTypeRef(TsQIdent(List(TsIdentSimple(imported_bitwise/types), TsIdentSimple(Bit))),List()), defaulting to any [id => bitwise, phase => typescript, scope => TreeScope(TsParsedFile() / TsDeclModule(bitwise/nibble/write) / TsDeclVar(_default) / TsTypeFunction() / TsFunSig() / TsFunParam() / TsTypeTuple() / TsTypeRef())] 
[warn ] QualifyReferences.scala:47 Couldn't qualify TsTypeRef(TsQIdent(List(TsIdentSimple(imported_bitwise/types), TsIdentSimple(Bit))),List()), defaulting to any [id => bitwise, phase => typescript, scope => TreeScope(TsParsedFile() / TsDeclModule(bitwise/string) / TsDeclVar(_default) / TsTypeObject() / TsMemberProperty(toBits) / TsTypeFunction() / TsFunSig() / TsTypeRef() / TsTypeRef())] 
[warn ] QualifyReferences.scala:47 Couldn't qualify TsTypeRef(TsQIdent(List(TsIdentSimple(imported_bitwise/types), TsIdentSimple(Bit))),List()), defaulting to any [id => bitwise, phase => typescript, scope => TreeScope(TsParsedFile() / TsDeclModule(bitwise/string/to-bits) / TsDeclVar(_default) / TsTypeFunction() / TsFunSig() / TsTypeRef() / TsTypeRef())] 
[info ] ExtractInterfaces.scala:30 Extracted anonymous interface TsIdentSimple(Anon_Read) [id => bitwise, phase => typescript, scope => TreeScope(TsParsedFile() / TsDeclModule(bitwise) / TsDeclVar(buffer) / TsTypeObject())] 
[info ] ExtractInterfaces.scala:30 Extracted anonymous interface TsIdentSimple(Anon_ToBits) [id => bitwise, phase => typescript, scope => TreeScope(TsParsedFile() / TsDeclModule(bitwise) / TsDeclVar(string) / TsTypeObject())] 
[info ] ExtractInterfaces.scala:30 Extracted anonymous interface TsIdentSimple(Anon_Read) [id => bitwise, phase => typescript, scope => TreeScope(TsParsedFile() / TsDeclModule(bitwise) / TsDeclVar(default) / TsTypeObject() / TsMemberProperty(buffer) / TsTypeObject())] 
[info ] ExtractInterfaces.scala:30 Extracted anonymous interface TsIdentSimple(Anon_ToBits) [id => bitwise, phase => typescript, scope => TreeScope(TsParsedFile() / TsDeclModule(bitwise) / TsDeclVar(default) / TsTypeObject() / TsMemberProperty(string) / TsTypeObject())] 
[info ] ExtractInterfaces.scala:30 Extracted anonymous interface TsIdentSimple(Anon_Write) [id => bitwise, phase => typescript, scope => TreeScope(TsParsedFile() / TsDeclModule(bitwise) / TsDeclVar(default) / TsTypeObject() / TsMemberProperty(nibble) / TsTypeObject())] 
[info ] ExtractInterfaces.scala:30 Extracted anonymous interface TsIdentSimple(Anon_GetBit) [id => bitwise, phase => typescript, scope => TreeScope(TsParsedFile() / TsDeclModule(bitwise) / TsDeclVar(default) / TsTypeObject() / TsMemberProperty(integer) / TsTypeObject())] 
[info ] ExtractInterfaces.scala:30 Extracted anonymous interface TsIdentSimple(Anon_Xnor) [id => bitwise, phase => typescript, scope => TreeScope(TsParsedFile() / TsDeclModule(bitwise) / TsDeclVar(default) / TsTypeObject() / TsMemberProperty(bits) / TsTypeObject())] 
[info ] ExtractInterfaces.scala:30 Extracted anonymous interface TsIdentSimple(Anon_WriteByte) [id => bitwise, phase => typescript, scope => TreeScope(TsParsedFile() / TsDeclModule(bitwise) / TsDeclVar(default) / TsTypeObject() / TsMemberProperty(byte) / TsTypeObject())] 
[info ] ExtractInterfaces.scala:30 Extracted anonymous interface TsIdentSimple(Anon_Buffer) [id => bitwise, phase => typescript, scope => TreeScope(TsParsedFile() / TsDeclModule(bitwise) / TsDeclVar(default) / TsTypeObject())] 
[info ] ExtractInterfaces.scala:30 Extracted anonymous interface TsIdentSimple(Anon_Write) [id => bitwise, phase => typescript, scope => TreeScope(TsParsedFile() / TsDeclModule(bitwise) / TsDeclVar(nibble) / TsTypeObject())] 
[info ] ExtractInterfaces.scala:30 Extracted anonymous interface TsIdentSimple(Anon_GetBit) [id => bitwise, phase => typescript, scope => TreeScope(TsParsedFile() / TsDeclModule(bitwise) / TsDeclVar(integer) / TsTypeObject())] 
[info ] ExtractInterfaces.scala:30 Extracted anonymous interface TsIdentSimple(Anon_Xnor) [id => bitwise, phase => typescript, scope => TreeScope(TsParsedFile() / TsDeclModule(bitwise) / TsDeclVar(bits) / TsTypeObject())] 
[info ] ExtractInterfaces.scala:30 Extracted anonymous interface TsIdentSimple(Anon_WriteByte) [id => bitwise, phase => typescript, scope => TreeScope(TsParsedFile() / TsDeclModule(bitwise) / TsDeclVar(byte) / TsTypeObject())] 
[info ] ExtractInterfaces.scala:30 Extracted anonymous interface TsIdentSimple(Anon_ToBits) [id => bitwise, phase => typescript, scope => TreeScope(TsParsedFile() / TsDeclModule(bitwise/string) / TsDeclVar(default) / TsTypeObject())] 
[info ] ExtractInterfaces.scala:30 Extracted anonymous interface TsIdentSimple(Anon_Write) [id => bitwise, phase => typescript, scope => TreeScope(TsParsedFile() / TsDeclModule(bitwise/nibble) / TsDeclVar(default) / TsTypeObject())] 
[info ] ExtractInterfaces.scala:30 Extracted anonymous interface TsIdentSimple(Anon_WriteByte) [id => bitwise, phase => typescript, scope => TreeScope(TsParsedFile() / TsDeclModule(bitwise/byte) / TsDeclVar(default) / TsTypeObject())] 
[info ] ExtractInterfaces.scala:30 Extracted anonymous interface TsIdentSimple(Anon_Read) [id => bitwise, phase => typescript, scope => TreeScope(TsParsedFile() / TsDeclModule(bitwise/buffer) / TsDeclVar(default) / TsTypeObject())] 
[info ] ExtractInterfaces.scala:30 Extracted anonymous interface TsIdentSimple(Anon_GetBit) [id => bitwise, phase => typescript, scope => TreeScope(TsParsedFile() / TsDeclModule(bitwise/integer) / TsDeclVar(default) / TsTypeObject())] 
[info ] ExtractInterfaces.scala:30 Extracted anonymous interface TsIdentSimple(Anon_Xnor) [id => bitwise, phase => typescript, scope => TreeScope(TsParsedFile() / TsDeclModule(bitwise/bits) / TsDeclVar(default) / TsTypeObject())] 
[debug] PhaseRunner.scala:78 Success [id => bitwise, phase => typescript] 
[warn ] Phase2ToScalaJs.scala:34 Processing TsIdentLibrarySimple(bitwise) [id => bitwise, phase => scala.js] 
[debug] PhaseRunner.scala:78 Success [id => bitwise, phase => scala.js] 
[warn ] PhaseRunner.scala:64 Failed because of, [node => Compilation failed] [id => bitwise, phase => build] 
[debug] PhaseRunner.scala:82 Failure, [node => Compilation failed] [id => bitwise, phase => build] 
