[debug] PhaseRunner.scala:82 Success [id => @blueprintjs/timezone, phase => typescript] 
[debug] PhaseRunner.scala:82 Success [id => @blueprintjs/timezone, phase => typescript] 
[debug] PhaseRunner.scala:82 Success [id => @blueprintjs/timezone, phase => typescript] 
[info ] InferredDependency.scala:20 Inferred dependencies Set(TsIdentLibrarySimple(react)) for TsIdentLibraryScoped(blueprintjs,Some(timezone)) [id => @blueprintjs/timezone, phase => typescript, file => ../components/timezone-picker/timezonePicker.d.ts] 
[debug] PhaseRunner.scala:82 Success [id => @blueprintjs/timezone, phase => typescript] 
[debug] PhaseRunner.scala:82 Success [id => @blueprintjs/timezone, phase => typescript] 
[debug] PhaseRunner.scala:82 Success [id => @blueprintjs/timezone, phase => typescript] 
[debug] PhaseRunner.scala:82 Success [id => @blueprintjs/timezone, phase => typescript] 
[info ] Phase1ReadTypescript.scala:160 Preprocessing TsHelperFile(InFile(/home/tso/tmp/tso-cache/npm/node_modules/@blueprintjs/timezone/lib/esm/common/classes.d.ts),FromFolder(InFolder(/home/tso/tmp/tso-cache/npm/node_modules/@blueprintjs/timezone),TsIdentLibraryScoped(blueprintjs,Some(timezone))),TsIdentModule(Some(blueprintjs),List(timezone, lib, esm, common, classes))) [id => @blueprintjs/timezone, phase => typescript] 
[info ] InferredDefaultModule.scala:39 Inferred module TsIdentModule(Some(blueprintjs),List(timezone, lib, esm, common, classes)) [id => @blueprintjs/timezone, phase => typescript] 
[info ] Phase1ReadTypescript.scala:160 Preprocessing TsHelperFile(InFile(/home/tso/tmp/tso-cache/npm/node_modules/@blueprintjs/timezone/lib/esm/common/index.d.ts),FromFolder(InFolder(/home/tso/tmp/tso-cache/npm/node_modules/@blueprintjs/timezone),TsIdentLibraryScoped(blueprintjs,Some(timezone))),TsIdentModule(Some(blueprintjs),List(timezone, lib, esm, common))) [id => @blueprintjs/timezone, phase => typescript] 
[info ] InferredDefaultModule.scala:39 Inferred module TsIdentModule(Some(blueprintjs),List(timezone, lib, esm, common)) [id => @blueprintjs/timezone, phase => typescript] 
[info ] Phase1ReadTypescript.scala:160 Preprocessing TsHelperFile(InFile(/home/tso/tmp/tso-cache/npm/node_modules/@blueprintjs/timezone/lib/esm/components/index.d.ts),FromFolder(InFolder(/home/tso/tmp/tso-cache/npm/node_modules/@blueprintjs/timezone),TsIdentLibraryScoped(blueprintjs,Some(timezone))),TsIdentModule(Some(blueprintjs),List(timezone, lib, esm, components))) [id => @blueprintjs/timezone, phase => typescript] 
[info ] InferredDefaultModule.scala:39 Inferred module TsIdentModule(Some(blueprintjs),List(timezone, lib, esm, components)) [id => @blueprintjs/timezone, phase => typescript] 
[info ] Phase1ReadTypescript.scala:160 Preprocessing TsHelperFile(InFile(/home/tso/tmp/tso-cache/npm/node_modules/@blueprintjs/timezone/lib/esm/components/timezone-picker/timezoneDisplayFormat.d.ts),FromFolder(InFolder(/home/tso/tmp/tso-cache/npm/node_modules/@blueprintjs/timezone),TsIdentLibraryScoped(blueprintjs,Some(timezone))),TsIdentModule(Some(blueprintjs),List(timezone, lib, esm, components, timezone-picker, timezoneDisplayFormat))) [id => @blueprintjs/timezone, phase => typescript] 
[info ] InferredDefaultModule.scala:39 Inferred module TsIdentModule(Some(blueprintjs),List(timezone, lib, esm, components, timezone-picker, timezoneDisplayFormat)) [id => @blueprintjs/timezone, phase => typescript] 
[info ] Phase1ReadTypescript.scala:160 Preprocessing TsHelperFile(InFile(/home/tso/tmp/tso-cache/npm/node_modules/@blueprintjs/timezone/lib/esm/components/timezone-picker/timezoneMetadata.d.ts),FromFolder(InFolder(/home/tso/tmp/tso-cache/npm/node_modules/@blueprintjs/timezone),TsIdentLibraryScoped(blueprintjs,Some(timezone))),TsIdentModule(Some(blueprintjs),List(timezone, lib, esm, components, timezone-picker, timezoneMetadata))) [id => @blueprintjs/timezone, phase => typescript] 
[info ] InferredDefaultModule.scala:39 Inferred module TsIdentModule(Some(blueprintjs),List(timezone, lib, esm, components, timezone-picker, timezoneMetadata)) [id => @blueprintjs/timezone, phase => typescript] 
[info ] Phase1ReadTypescript.scala:160 Preprocessing TsHelperFile(InFile(/home/tso/tmp/tso-cache/npm/node_modules/@blueprintjs/timezone/lib/esm/components/timezone-picker/timezonePicker.d.ts),FromFolder(InFolder(/home/tso/tmp/tso-cache/npm/node_modules/@blueprintjs/timezone),TsIdentLibraryScoped(blueprintjs,Some(timezone))),TsIdentModule(Some(blueprintjs),List(timezone, lib, esm, components, timezone-picker, timezonePicker))) [id => @blueprintjs/timezone, phase => typescript] 
[info ] InferredDefaultModule.scala:39 Inferred module TsIdentModule(Some(blueprintjs),List(timezone, lib, esm, components, timezone-picker, timezonePicker)) [id => @blueprintjs/timezone, phase => typescript] 
[info ] Phase1ReadTypescript.scala:160 Preprocessing TsHelperFile(InFile(/home/tso/tmp/tso-cache/npm/node_modules/@blueprintjs/timezone/lib/esm/index.d.ts),FromFolder(InFolder(/home/tso/tmp/tso-cache/npm/node_modules/@blueprintjs/timezone),TsIdentLibraryScoped(blueprintjs,Some(timezone))),TsIdentModule(Some(blueprintjs),List(timezone))) [id => @blueprintjs/timezone, phase => typescript] 
[info ] InferredDefaultModule.scala:39 Inferred module TsIdentModule(Some(blueprintjs),List(timezone)) [id => @blueprintjs/timezone, phase => typescript] 
[warn ] Phase1ReadTypescript.scala:201 Processing TsIdentLibraryScoped(blueprintjs,Some(timezone)) [id => @blueprintjs/timezone, phase => typescript] 
[info ] ResolveTypeQueries.scala:138 Resolved TsTypeQuery(TsQIdent(List(TsIdentSimple(classes)))) [id => @blueprintjs/timezone, phase => typescript, scope => TreeScope(TsParsedFile() / TsDeclModule(@blueprintjs/timezone/lib/esm/common) / TsExport() / TsExporteeTree() / TsDeclVar(Classes) / TsTypeQuery())] 
[info ] InferReturnTypes.scala:32 Could not infer return type [id => @blueprintjs/timezone, phase => typescript, scope => TreeScope(TsParsedFile() / TsDeclModule(@blueprintjs/timezone/lib/esm/components/timezone-picker/timezonePicker) / TsDeclClass(TimezonePicker) / TsMemberFunction(renderButton))] 
[info ] ExtractInterfaces.scala:37 Extracted anonymous interface TsIdentSimple(Anon_TIMEZONEPICKER) [id => @blueprintjs/timezone, phase => typescript, scope => TreeScope(TsParsedFile() / TsDeclModule(@blueprintjs/timezone/lib/esm/common) / TsDeclVar(Classes) / TsTypeObject())] 
[info ] ExtractInterfaces.scala:37 Extracted anonymous interface TsIdentSimple(Anon_ABBREVIATION) [id => @blueprintjs/timezone, phase => typescript, scope => TreeScope(TsParsedFile() / TsDeclModule(@blueprintjs/timezone/lib/esm/components) / TsDeclVar(TimezoneDisplayFormat) / TsTypeObject())] 
[info ] ExtractInterfaces.scala:37 Extracted anonymous interface TsIdentSimple(Anon_ABBREVIATION) [id => @blueprintjs/timezone, phase => typescript, scope => TreeScope(TsParsedFile() / TsDeclModule(@blueprintjs/timezone/lib/esm/components/timezone-picker/timezoneDisplayFormat) / TsDeclVar(TimezoneDisplayFormat) / TsTypeObject())] 
[info ] ExtractInterfaces.scala:37 Extracted anonymous interface TsIdentSimple(Anon_ABBREVIATION) [id => @blueprintjs/timezone, phase => typescript, scope => TreeScope(TsParsedFile() / TsDeclModule(@blueprintjs/timezone/lib/esm/components/timezone-picker/timezonePicker) / TsDeclVar(TimezoneDisplayFormat) / TsTypeObject())] 
[info ] ExtractInterfaces.scala:37 Extracted anonymous interface TsIdentSimple(Anon_Children) [id => @blueprintjs/timezone, phase => typescript, scope => TreeScope(TsParsedFile() / TsDeclModule(@blueprintjs/timezone/lib/esm/components/timezone-picker/timezonePicker) / TsDeclClass(TimezonePicker) / TsMemberFunction(validateProps) / TsFunSig() / TsFunParam() / TsTypeIntersect() / TsTypeObject())] 
[info ] ExtractInterfaces.scala:37 Extracted anonymous interface TsIdentSimple(Anon_TIMEZONEPICKER) [id => @blueprintjs/timezone, phase => typescript, scope => TreeScope(TsParsedFile() / TsDeclModule(@blueprintjs/timezone) / TsDeclVar(Classes) / TsTypeObject())] 
[info ] ExtractInterfaces.scala:37 Extracted anonymous interface TsIdentSimple(Anon_ABBREVIATION) [id => @blueprintjs/timezone, phase => typescript, scope => TreeScope(TsParsedFile() / TsDeclModule(@blueprintjs/timezone) / TsDeclVar(TimezoneDisplayFormat) / TsTypeObject())] 
[debug] PhaseRunner.scala:82 Success [id => @blueprintjs/timezone, phase => typescript] 
[warn ] Phase2ToScalaJs.scala:40 Processing @blueprintjs/timezone [id => @blueprintjs/timezone, phase => scala.js] 
[debug] PhaseRunner.scala:82 Success [id => @blueprintjs/timezone, phase => scala.js] 
[warn ] PhaseRunner.scala:68 Failed because of, [moment-timezone => Compilation failed] [id => @blueprintjs/timezone, phase => build] 
[error] PhaseRunner.scala:86 Failure, [moment-timezone => Compilation failed] [id => @blueprintjs/timezone, phase => build] 
[error] PhaseRunner.scala:86 Failure, [moment-timezone => Compilation failed] [id => @blueprintjs/timezone, phase => publish] 
