[info ] InferredDependency.scala:20 Inferred dependencies Set(TsIdentLibrarySimple(node)) for TsIdentLibrarySimple(bson) [id => bson, phase => typescript, file => ../types/bson/index.d.ts] 
[debug] PhaseRunner.scala:82 Success [id => bson, phase => typescript] 
[info ] Phase1ReadTypescript.scala:160 Preprocessing TsHelperFile(InFile(/home/tso/tmp/tso-cache/DefinitelyTyped/types/bson/index.d.ts),FromFolder(InFolder(/home/tso/tmp/tso-cache/DefinitelyTyped/types/bson),TsIdentLibrarySimple(bson)),TsIdentModule(None,List(bson))) [id => bson, phase => typescript] 
[info ] InferredDefaultModule.scala:39 Inferred module TsIdentModule(None,List(bson)) [id => bson, phase => typescript] 
[warn ] Phase1ReadTypescript.scala:200 Processing TsIdentLibrarySimple(bson) [id => bson, phase => typescript] 
[info ] ExtractInterfaces.scala:37 Extracted anonymous interface TsIdentSimple(Anon_Relaxed) [id => bson, phase => typescript, scope => TreeScope(TsParsedFile() / TsDeclModule(bson) / TsDeclNamespace(EJSON) / TsDeclFunction(parse) / TsFunSig() / TsFunParam() / TsTypeObject())] 
[info ] ExtractInterfaces.scala:37 Extracted anonymous interface TsIdentSimple(Anon_Relaxed) [id => bson, phase => typescript, scope => TreeScope(TsParsedFile() / TsDeclModule(bson) / TsDeclNamespace(EJSON) / TsDeclFunction(deserialize) / TsFunSig() / TsFunParam() / TsTypeObject())] 
[info ] ExtractInterfaces.scala:37 Extracted anonymous interface TsIdentSimple(Anon_Relaxed) [id => bson, phase => typescript, scope => TreeScope(TsParsedFile() / TsDeclModule(bson) / TsDeclNamespace(EJSON) / TsDeclFunction(serialize) / TsFunSig() / TsFunParam() / TsTypeObject())] 
[info ] ExtractInterfaces.scala:37 Extracted anonymous interface TsIdentSimple(Anon_Relaxed) [id => bson, phase => typescript, scope => TreeScope(TsParsedFile() / TsDeclModule(bson) / TsDeclNamespace(EJSON) / TsDeclFunction(stringify) / TsFunSig() / TsFunParam() / TsTypeObject())] 
[info ] ExtractInterfaces.scala:37 Extracted anonymous interface TsIdentSimple(Anon_Relaxed) [id => bson, phase => typescript, scope => TreeScope(TsParsedFile() / TsDeclModule(bson) / TsDeclNamespace(EJSON) / TsDeclFunction(stringify) / TsFunSig() / TsFunParam() / TsTypeObject())] 
[info ] ExtractInterfaces.scala:37 Extracted anonymous interface TsIdentSimple(Anon_Relaxed) [id => bson, phase => typescript, scope => TreeScope(TsParsedFile() / TsDeclModule(bson) / TsDeclNamespace(EJSON) / TsDeclFunction(stringify) / TsFunSig() / TsFunParam() / TsTypeObject())] 
[info ] ExtractInterfaces.scala:37 Extracted anonymous interface TsIdentSimple(Anon_Relaxed) [id => bson, phase => typescript, scope => TreeScope(TsParsedFile() / TsDeclModule(bson) / TsDeclNamespace(EJSON) / TsDeclFunction(stringify) / TsFunSig() / TsFunParam() / TsTypeObject())] 
[info ] ExtractInterfaces.scala:37 Extracted anonymous interface TsIdentSimple(Anon_Relaxed) [id => bson, phase => typescript, scope => TreeScope(TsParsedFile() / TsDeclModule(bson) / TsDeclNamespace(EJSON) / TsDeclFunction(stringify) / TsFunSig() / TsFunParam() / TsTypeObject())] 
[info ] ExtractInterfaces.scala:37 Extracted anonymous interface TsIdentSimple(Anon_Relaxed) [id => bson, phase => typescript, scope => TreeScope(TsParsedFile() / TsDeclModule(bson) / TsDeclNamespace(EJSON) / TsDeclFunction(stringify) / TsFunSig() / TsFunParam() / TsTypeObject())] 
[info ] ExtractInterfaces.scala:37 Extracted anonymous interface TsIdentSimple(Anon_Relaxed) [id => bson, phase => typescript, scope => TreeScope(TsParsedFile() / TsDeclModule(bson) / TsDeclNamespace(EJSON) / TsDeclFunction(stringify) / TsFunSig() / TsFunParam() / TsTypeObject())] 
[debug] PhaseRunner.scala:82 Success [id => bson, phase => typescript] 
[warn ] Phase2ToScalaJs.scala:40 Processing bson [id => bson, phase => scala.js] 
[debug] PhaseRunner.scala:82 Success [id => bson, phase => scala.js] 
[error] LongLike.scala:27 name clash between defined and inherited member:
def equals(x$1: Any): Boolean in class Object and
def equals(other: T): Boolean at line 27
have same type after erasure: (x$1: Object)Boolean,   def equals(other: T): scala.Boolean = js.native [id => bson, phase => build] 
[error] PhaseRunner.scala:86 Failure, [bson => Compilation failed] [id => bson, phase => build] 
[error] PhaseRunner.scala:86 Failure, [bson => Compilation failed] [id => bson, phase => publish] 
