[info ] InferredDependency.scala:20 Inferred dependencies Set(TsIdentLibrarySimple(node)) for TsIdentLibrarySimple(builder-util-runtime) [id => builder-util-runtime, phase => typescript, file => ../builder-util-runtime/out/CancellationToken.d.ts] 
[debug] PhaseRunner.scala:78 Success [id => builder-util-runtime, phase => typescript] 
[debug] PhaseRunner.scala:78 Success [id => builder-util-runtime, phase => typescript] 
[info ] InferredDependency.scala:20 Inferred dependencies Set(TsIdentLibrarySimple(node)) for TsIdentLibrarySimple(builder-util-runtime) [id => builder-util-runtime, phase => typescript, file => ../builder-util-runtime/out/ProgressCallbackTransform.d.ts] 
[debug] PhaseRunner.scala:78 Success [id => builder-util-runtime, phase => typescript] 
[info ] InferredDependency.scala:20 Inferred dependencies Set(TsIdentLibrarySimple(node)) for TsIdentLibrarySimple(builder-util-runtime) [id => builder-util-runtime, phase => typescript, file => ../builder-util-runtime/out/httpExecutor.d.ts] 
[debug] PhaseRunner.scala:78 Success [id => builder-util-runtime, phase => typescript] 
[debug] PhaseRunner.scala:78 Success [id => builder-util-runtime, phase => typescript] 
[debug] PhaseRunner.scala:78 Success [id => builder-util-runtime, phase => typescript] 
[debug] PhaseRunner.scala:78 Success [id => builder-util-runtime, phase => typescript] 
[info ] InferredDependency.scala:20 Inferred dependencies Set(TsIdentLibrarySimple(node)) for TsIdentLibrarySimple(builder-util-runtime) [id => builder-util-runtime, phase => typescript, file => ../builder-util-runtime/out/uuid.d.ts] 
[debug] PhaseRunner.scala:78 Success [id => builder-util-runtime, phase => typescript] 
[debug] PhaseRunner.scala:78 Success [id => builder-util-runtime, phase => typescript] 
[debug] PhaseRunner.scala:78 Success [id => builder-util-runtime, phase => typescript] 
[info ] Phase1ReadTypescript.scala:152 Preprocessing TsHelperFile(InFile(/home/tso/tmp/tso-cache/npm/node_modules/builder-util-runtime/out/CancellationToken.d.ts),FromFolder(InFolder(/home/tso/tmp/tso-cache/npm/node_modules/builder-util-runtime),TsIdentLibrarySimple(builder-util-runtime)),TsIdentModule(None,List(builder-util-runtime, out, CancellationToken))) [id => builder-util-runtime, phase => typescript] 
[info ] InferredDefaultModule.scala:39 Inferred module TsIdentModule(None,List(builder-util-runtime, out, CancellationToken)) [id => builder-util-runtime, phase => typescript] 
[info ] Phase1ReadTypescript.scala:152 Preprocessing TsHelperFile(InFile(/home/tso/tmp/tso-cache/npm/node_modules/builder-util-runtime/out/ProgressCallbackTransform.d.ts),FromFolder(InFolder(/home/tso/tmp/tso-cache/npm/node_modules/builder-util-runtime),TsIdentLibrarySimple(builder-util-runtime)),TsIdentModule(None,List(builder-util-runtime, out, ProgressCallbackTransform))) [id => builder-util-runtime, phase => typescript] 
[info ] InferredDefaultModule.scala:39 Inferred module TsIdentModule(None,List(builder-util-runtime, out, ProgressCallbackTransform)) [id => builder-util-runtime, phase => typescript] 
[info ] Phase1ReadTypescript.scala:152 Preprocessing TsHelperFile(InFile(/home/tso/tmp/tso-cache/npm/node_modules/builder-util-runtime/out/blockMapApi.d.ts),FromFolder(InFolder(/home/tso/tmp/tso-cache/npm/node_modules/builder-util-runtime),TsIdentLibrarySimple(builder-util-runtime)),TsIdentModule(None,List(builder-util-runtime, out, blockMapApi))) [id => builder-util-runtime, phase => typescript] 
[info ] InferredDefaultModule.scala:39 Inferred module TsIdentModule(None,List(builder-util-runtime, out, blockMapApi)) [id => builder-util-runtime, phase => typescript] 
[info ] Phase1ReadTypescript.scala:152 Preprocessing TsHelperFile(InFile(/home/tso/tmp/tso-cache/npm/node_modules/builder-util-runtime/out/httpExecutor.d.ts),FromFolder(InFolder(/home/tso/tmp/tso-cache/npm/node_modules/builder-util-runtime),TsIdentLibrarySimple(builder-util-runtime)),TsIdentModule(None,List(builder-util-runtime, out, httpExecutor))) [id => builder-util-runtime, phase => typescript] 
[info ] InferredDefaultModule.scala:39 Inferred module TsIdentModule(None,List(builder-util-runtime, out, httpExecutor)) [id => builder-util-runtime, phase => typescript] 
[info ] Phase1ReadTypescript.scala:152 Preprocessing TsHelperFile(InFile(/home/tso/tmp/tso-cache/npm/node_modules/builder-util-runtime/out/index.d.ts),FromFolder(InFolder(/home/tso/tmp/tso-cache/npm/node_modules/builder-util-runtime),TsIdentLibrarySimple(builder-util-runtime)),TsIdentModule(None,List(builder-util-runtime))) [id => builder-util-runtime, phase => typescript] 
[info ] InferredDefaultModule.scala:39 Inferred module TsIdentModule(None,List(builder-util-runtime)) [id => builder-util-runtime, phase => typescript] 
[info ] Phase1ReadTypescript.scala:152 Preprocessing TsHelperFile(InFile(/home/tso/tmp/tso-cache/npm/node_modules/builder-util-runtime/out/publishOptions.d.ts),FromFolder(InFolder(/home/tso/tmp/tso-cache/npm/node_modules/builder-util-runtime),TsIdentLibrarySimple(builder-util-runtime)),TsIdentModule(None,List(builder-util-runtime, out, publishOptions))) [id => builder-util-runtime, phase => typescript] 
[info ] InferredDefaultModule.scala:39 Inferred module TsIdentModule(None,List(builder-util-runtime, out, publishOptions)) [id => builder-util-runtime, phase => typescript] 
[info ] Phase1ReadTypescript.scala:152 Preprocessing TsHelperFile(InFile(/home/tso/tmp/tso-cache/npm/node_modules/builder-util-runtime/out/rfc2253Parser.d.ts),FromFolder(InFolder(/home/tso/tmp/tso-cache/npm/node_modules/builder-util-runtime),TsIdentLibrarySimple(builder-util-runtime)),TsIdentModule(None,List(builder-util-runtime, out, rfc2253Parser))) [id => builder-util-runtime, phase => typescript] 
[info ] InferredDefaultModule.scala:39 Inferred module TsIdentModule(None,List(builder-util-runtime, out, rfc2253Parser)) [id => builder-util-runtime, phase => typescript] 
[info ] Phase1ReadTypescript.scala:152 Preprocessing TsHelperFile(InFile(/home/tso/tmp/tso-cache/npm/node_modules/builder-util-runtime/out/updateInfo.d.ts),FromFolder(InFolder(/home/tso/tmp/tso-cache/npm/node_modules/builder-util-runtime),TsIdentLibrarySimple(builder-util-runtime)),TsIdentModule(None,List(builder-util-runtime, out, updateInfo))) [id => builder-util-runtime, phase => typescript] 
[info ] InferredDefaultModule.scala:39 Inferred module TsIdentModule(None,List(builder-util-runtime, out, updateInfo)) [id => builder-util-runtime, phase => typescript] 
[info ] Phase1ReadTypescript.scala:152 Preprocessing TsHelperFile(InFile(/home/tso/tmp/tso-cache/npm/node_modules/builder-util-runtime/out/uuid.d.ts),FromFolder(InFolder(/home/tso/tmp/tso-cache/npm/node_modules/builder-util-runtime),TsIdentLibrarySimple(builder-util-runtime)),TsIdentModule(None,List(builder-util-runtime, out, uuid))) [id => builder-util-runtime, phase => typescript] 
[info ] InferredDefaultModule.scala:39 Inferred module TsIdentModule(None,List(builder-util-runtime, out, uuid)) [id => builder-util-runtime, phase => typescript] 
[info ] Phase1ReadTypescript.scala:152 Preprocessing TsHelperFile(InFile(/home/tso/tmp/tso-cache/npm/node_modules/builder-util-runtime/out/xml.d.ts),FromFolder(InFolder(/home/tso/tmp/tso-cache/npm/node_modules/builder-util-runtime),TsIdentLibrarySimple(builder-util-runtime)),TsIdentModule(None,List(builder-util-runtime, out, xml))) [id => builder-util-runtime, phase => typescript] 
[info ] InferredDefaultModule.scala:39 Inferred module TsIdentModule(None,List(builder-util-runtime, out, xml)) [id => builder-util-runtime, phase => typescript] 
[warn ] Phase1ReadTypescript.scala:190 Processing TsIdentLibrarySimple(builder-util-runtime) [id => builder-util-runtime, phase => typescript] 
[info ] ExtractInterfaces.scala:30 Extracted anonymous interface TsIdentSimple(Anon_Variant) [id => builder-util-runtime, phase => typescript, scope => TreeScope(TsParsedFile() / TsDeclModule(builder-util-runtime) / TsDeclClass(UUID) / TsMemberFunction(check) / TsFunSig() / TsTypeUnion() / TsTypeObject())] 
[info ] ExtractInterfaces.scala:30 Extracted anonymous interface TsIdentSimple(Anon_VariantFormat) [id => builder-util-runtime, phase => typescript, scope => TreeScope(TsParsedFile() / TsDeclModule(builder-util-runtime) / TsDeclClass(UUID) / TsMemberFunction(check) / TsFunSig() / TsTypeUnion() / TsTypeObject())] 
[info ] ExtractInterfaces.scala:30 Extracted anonymous interface TsIdentSimple(Anon_Variant) [id => builder-util-runtime, phase => typescript, scope => TreeScope(TsParsedFile() / TsDeclModule(builder-util-runtime) / TsDeclClass(UUID) / TsMemberFunction(check) / TsFunSig() / TsTypeUnion() / TsTypeObject())] 
[info ] ExtractInterfaces.scala:30 Extracted anonymous interface TsIdentSimple(Anon_VariantFormat) [id => builder-util-runtime, phase => typescript, scope => TreeScope(TsParsedFile() / TsDeclModule(builder-util-runtime) / TsDeclClass(UUID) / TsMemberFunction(check) / TsFunSig() / TsTypeUnion() / TsTypeObject())] 
[info ] ExtractInterfaces.scala:30 Extracted anonymous interface TsIdentSimple(Anon_Variant) [id => builder-util-runtime, phase => typescript, scope => TreeScope(TsParsedFile() / TsDeclModule(builder-util-runtime) / TsDeclClass(UUID) / TsMemberFunction(check) / TsFunSig() / TsTypeUnion() / TsTypeObject())] 
[info ] ExtractInterfaces.scala:30 Extracted anonymous interface TsIdentSimple(Anon_VariantFormat) [id => builder-util-runtime, phase => typescript, scope => TreeScope(TsParsedFile() / TsDeclModule(builder-util-runtime) / TsDeclClass(UUID) / TsMemberFunction(check) / TsFunSig() / TsTypeUnion() / TsTypeObject())] 
[info ] ExtractInterfaces.scala:30 Extracted anonymous interface TsIdentSimple(Anon_Variant) [id => builder-util-runtime, phase => typescript, scope => TreeScope(TsParsedFile() / TsDeclModule(builder-util-runtime) / TsDeclClass(UUID) / TsMemberFunction(check) / TsFunSig() / TsTypeUnion() / TsTypeObject())] 
[info ] ExtractInterfaces.scala:30 Extracted anonymous interface TsIdentSimple(Anon_VariantFormat) [id => builder-util-runtime, phase => typescript, scope => TreeScope(TsParsedFile() / TsDeclModule(builder-util-runtime) / TsDeclClass(UUID) / TsMemberFunction(check) / TsFunSig() / TsTypeUnion() / TsTypeObject())] 
[info ] ExtractInterfaces.scala:30 Extracted anonymous interface TsIdentSimple(Anon_Variant) [id => builder-util-runtime, phase => typescript, scope => TreeScope(TsParsedFile() / TsDeclModule(builder-util-runtime/out/uuid) / TsDeclClass(UUID) / TsMemberFunction(check) / TsFunSig() / TsTypeUnion() / TsTypeObject())] 
[info ] ExtractInterfaces.scala:30 Extracted anonymous interface TsIdentSimple(Anon_VariantFormat) [id => builder-util-runtime, phase => typescript, scope => TreeScope(TsParsedFile() / TsDeclModule(builder-util-runtime/out/uuid) / TsDeclClass(UUID) / TsMemberFunction(check) / TsFunSig() / TsTypeUnion() / TsTypeObject())] 
[info ] ExtractInterfaces.scala:30 Extracted anonymous interface TsIdentSimple(Anon_Variant) [id => builder-util-runtime, phase => typescript, scope => TreeScope(TsParsedFile() / TsDeclModule(builder-util-runtime/out/uuid) / TsDeclClass(UUID) / TsMemberFunction(check) / TsFunSig() / TsTypeUnion() / TsTypeObject())] 
[info ] ExtractInterfaces.scala:30 Extracted anonymous interface TsIdentSimple(Anon_VariantFormat) [id => builder-util-runtime, phase => typescript, scope => TreeScope(TsParsedFile() / TsDeclModule(builder-util-runtime/out/uuid) / TsDeclClass(UUID) / TsMemberFunction(check) / TsFunSig() / TsTypeUnion() / TsTypeObject())] 
[info ] ExtractInterfaces.scala:30 Extracted anonymous interface TsIdentSimple(Anon_Variant) [id => builder-util-runtime, phase => typescript, scope => TreeScope(TsParsedFile() / TsDeclModule(builder-util-runtime/out/uuid) / TsDeclClass(UUID) / TsMemberFunction(check) / TsFunSig() / TsTypeUnion() / TsTypeObject())] 
[info ] ExtractInterfaces.scala:30 Extracted anonymous interface TsIdentSimple(Anon_VariantFormat) [id => builder-util-runtime, phase => typescript, scope => TreeScope(TsParsedFile() / TsDeclModule(builder-util-runtime/out/uuid) / TsDeclClass(UUID) / TsMemberFunction(check) / TsFunSig() / TsTypeUnion() / TsTypeObject())] 
[info ] ExtractInterfaces.scala:30 Extracted anonymous interface TsIdentSimple(Anon_Variant) [id => builder-util-runtime, phase => typescript, scope => TreeScope(TsParsedFile() / TsDeclModule(builder-util-runtime/out/uuid) / TsDeclClass(UUID) / TsMemberFunction(check) / TsFunSig() / TsTypeUnion() / TsTypeObject())] 
[info ] ExtractInterfaces.scala:30 Extracted anonymous interface TsIdentSimple(Anon_VariantFormat) [id => builder-util-runtime, phase => typescript, scope => TreeScope(TsParsedFile() / TsDeclModule(builder-util-runtime/out/uuid) / TsDeclClass(UUID) / TsMemberFunction(check) / TsFunSig() / TsTypeUnion() / TsTypeObject())] 
[debug] PhaseRunner.scala:78 Success [id => builder-util-runtime, phase => typescript] 
[warn ] Phase2ToScalaJs.scala:34 Processing TsIdentLibrarySimple(builder-util-runtime) [id => builder-util-runtime, phase => scala.js] 
[info ] RemoveDuplicateInheritance.scala:55 Dropped parents QualifiedName(List(Name(ScalablyTyped), Name(runtime), Name(StringDictionary))) at Name(builderDashUtilDashRuntimeLib) / Name(outHttpExecutorMod) / Name(RequestHeaders) because allParentRefs = Set(TypeRef(QualifiedName(List(Name(ScalablyTyped), Name(runtime), Name(StringDictionary))),List(),Comments(1))) [id => builder-util-runtime, phase => scala.js, this => Name(builderDashUtilDashRuntimeLib) / Name(outHttpExecutorMod) / Name(RequestHeaders)] 
[debug] PhaseRunner.scala:78 Success [id => builder-util-runtime, phase => scala.js] 
[warn ] PhaseRunner.scala:64 Failed because of, [node => Compilation failed] [id => builder-util-runtime, phase => build] 
[debug] PhaseRunner.scala:82 Failure, [node => Compilation failed] [id => builder-util-runtime, phase => build] 
