[info ] InferredDependency.scala:20 Inferred dependencies Set(TsIdentLibrarySimple(node)) for TsIdentLibrarySimple(builder-util) [id => builder-util, phase => typescript, file => ../builder-util/out/util.d.ts] 
[debug] PhaseRunner.scala:78 Success [id => builder-util, phase => typescript] 
[debug] PhaseRunner.scala:78 Success [id => builder-util, phase => typescript] 
[debug] PhaseRunner.scala:78 Success [id => builder-util, phase => typescript] 
[info ] InferredDependency.scala:20 Inferred dependencies Set(TsIdentLibrarySimple(node)) for TsIdentLibrarySimple(builder-util) [id => builder-util, phase => typescript, file => ../builder-util/out/log.d.ts] 
[debug] PhaseRunner.scala:78 Success [id => builder-util, phase => typescript] 
[debug] PhaseRunner.scala:78 Success [id => builder-util, phase => typescript] 
[debug] PhaseRunner.scala:78 Success [id => builder-util, phase => typescript] 
[debug] PhaseRunner.scala:78 Success [id => builder-util, phase => typescript] 
[info ] InferredDependency.scala:20 Inferred dependencies Set(TsIdentLibrarySimple(node)) for TsIdentLibrarySimple(builder-util) [id => builder-util, phase => typescript, file => ../builder-util/out/fs.d.ts] 
[debug] PhaseRunner.scala:78 Success [id => builder-util, phase => typescript] 
[debug] PhaseRunner.scala:78 Success [id => builder-util, phase => typescript] 
[info ] Phase1ReadTypescript.scala:152 Preprocessing TsHelperFile(InFile(/home/tso/tmp/tso-cache/npm/node_modules/builder-util/out/DebugLogger.d.ts),FromFolder(InFolder(/home/tso/tmp/tso-cache/npm/node_modules/builder-util),TsIdentLibrarySimple(builder-util)),TsIdentModule(None,List(builder-util, out, DebugLogger))) [id => builder-util, phase => typescript] 
[info ] InferredDefaultModule.scala:39 Inferred module TsIdentModule(None,List(builder-util, out, DebugLogger)) [id => builder-util, phase => typescript] 
[info ] Phase1ReadTypescript.scala:152 Preprocessing TsHelperFile(InFile(/home/tso/tmp/tso-cache/npm/node_modules/builder-util/out/arch.d.ts),FromFolder(InFolder(/home/tso/tmp/tso-cache/npm/node_modules/builder-util),TsIdentLibrarySimple(builder-util)),TsIdentModule(None,List(builder-util, out, arch))) [id => builder-util, phase => typescript] 
[info ] InferredDefaultModule.scala:39 Inferred module TsIdentModule(None,List(builder-util, out, arch)) [id => builder-util, phase => typescript] 
[info ] Phase1ReadTypescript.scala:152 Preprocessing TsHelperFile(InFile(/home/tso/tmp/tso-cache/npm/node_modules/builder-util/out/asyncTaskManager.d.ts),FromFolder(InFolder(/home/tso/tmp/tso-cache/npm/node_modules/builder-util),TsIdentLibrarySimple(builder-util)),TsIdentModule(None,List(builder-util, out, asyncTaskManager))) [id => builder-util, phase => typescript] 
[info ] InferredDefaultModule.scala:39 Inferred module TsIdentModule(None,List(builder-util, out, asyncTaskManager)) [id => builder-util, phase => typescript] 
[info ] Phase1ReadTypescript.scala:152 Preprocessing TsHelperFile(InFile(/home/tso/tmp/tso-cache/npm/node_modules/builder-util/out/deepAssign.d.ts),FromFolder(InFolder(/home/tso/tmp/tso-cache/npm/node_modules/builder-util),TsIdentLibrarySimple(builder-util)),TsIdentModule(None,List(builder-util, out, deepAssign))) [id => builder-util, phase => typescript] 
[info ] InferredDefaultModule.scala:39 Inferred module TsIdentModule(None,List(builder-util, out, deepAssign)) [id => builder-util, phase => typescript] 
[info ] Phase1ReadTypescript.scala:152 Preprocessing TsHelperFile(InFile(/home/tso/tmp/tso-cache/npm/node_modules/builder-util/out/fs.d.ts),FromFolder(InFolder(/home/tso/tmp/tso-cache/npm/node_modules/builder-util),TsIdentLibrarySimple(builder-util)),TsIdentModule(None,List(builder-util, out, fs))) [id => builder-util, phase => typescript] 
[info ] InferredDefaultModule.scala:39 Inferred module TsIdentModule(None,List(builder-util, out, fs)) [id => builder-util, phase => typescript] 
[info ] Phase1ReadTypescript.scala:152 Preprocessing TsHelperFile(InFile(/home/tso/tmp/tso-cache/npm/node_modules/builder-util/out/hash.d.ts),FromFolder(InFolder(/home/tso/tmp/tso-cache/npm/node_modules/builder-util),TsIdentLibrarySimple(builder-util)),TsIdentModule(None,List(builder-util, out, hash))) [id => builder-util, phase => typescript] 
[info ] InferredDefaultModule.scala:39 Inferred module TsIdentModule(None,List(builder-util, out, hash)) [id => builder-util, phase => typescript] 
[info ] Phase1ReadTypescript.scala:152 Preprocessing TsHelperFile(InFile(/home/tso/tmp/tso-cache/npm/node_modules/builder-util/out/log.d.ts),FromFolder(InFolder(/home/tso/tmp/tso-cache/npm/node_modules/builder-util),TsIdentLibrarySimple(builder-util)),TsIdentModule(None,List(builder-util, out, log))) [id => builder-util, phase => typescript] 
[info ] InferredDefaultModule.scala:39 Inferred module TsIdentModule(None,List(builder-util, out, log)) [id => builder-util, phase => typescript] 
[info ] Phase1ReadTypescript.scala:152 Preprocessing TsHelperFile(InFile(/home/tso/tmp/tso-cache/npm/node_modules/builder-util/out/macosVersion.d.ts),FromFolder(InFolder(/home/tso/tmp/tso-cache/npm/node_modules/builder-util),TsIdentLibrarySimple(builder-util)),TsIdentModule(None,List(builder-util, out, macosVersion))) [id => builder-util, phase => typescript] 
[info ] InferredDefaultModule.scala:39 Inferred module TsIdentModule(None,List(builder-util, out, macosVersion)) [id => builder-util, phase => typescript] 
[info ] Phase1ReadTypescript.scala:152 Preprocessing TsHelperFile(InFile(/home/tso/tmp/tso-cache/npm/node_modules/builder-util/out/util.d.ts),FromFolder(InFolder(/home/tso/tmp/tso-cache/npm/node_modules/builder-util),TsIdentLibrarySimple(builder-util)),TsIdentModule(None,List(builder-util))) [id => builder-util, phase => typescript] 
[info ] InferredDefaultModule.scala:39 Inferred module TsIdentModule(None,List(builder-util)) [id => builder-util, phase => typescript] 
[warn ] Phase1ReadTypescript.scala:190 Processing TsIdentLibrarySimple(builder-util) [id => builder-util, phase => typescript] 
[info ] ExpandCallables.scala:57 Expanded afterCopyTransformer into 1 methods [id => builder-util, phase => typescript, scope => TreeScope(TsParsedFile() / TsDeclModule(builder-util/out/fs) / TsDeclClass(CopyFileTransformer))] 
[info ] ExtractInterfaces.scala:30 Extracted anonymous interface TsIdentSimple(Anon_Concurrency) [id => builder-util, phase => typescript, scope => TreeScope(TsParsedFile() / TsDeclModule(builder-util/out/fs) / TsDeclVar(CONCURRENCY) / TsTypeObject())] 
[debug] PhaseRunner.scala:78 Success [id => builder-util, phase => typescript] 
[warn ] Phase2ToScalaJs.scala:34 Processing TsIdentLibrarySimple(builder-util) [id => builder-util, phase => scala.js] 
[debug] PhaseRunner.scala:78 Success [id => builder-util, phase => scala.js] 
[warn ] PhaseRunner.scala:64 Failed because of, [node => Compilation failed] [id => builder-util, phase => build] 
[debug] PhaseRunner.scala:82 Failure, [node => Compilation failed] [id => builder-util, phase => build] 
