[debug] PhaseRunner.scala:82 Success [id => c3, phase => typescript] 
[info ] Phase1ReadTypescript.scala:160 Preprocessing TsHelperFile(InFile(/home/tso/tmp/tso-cache/DefinitelyTyped/types/c3/index.d.ts),FromFolder(InFolder(/home/tso/tmp/tso-cache/DefinitelyTyped/types/c3),TsIdentLibrarySimple(c3)),TsIdentModule(None,List(c3))) [id => c3, phase => typescript] 
[info ] InferredDefaultModule.scala:39 Inferred module TsIdentModule(None,List(c3)) [id => c3, phase => typescript] 
[warn ] Phase1ReadTypescript.scala:200 Processing TsIdentLibrarySimple(c3) [id => c3, phase => typescript] 
[info ] ExpandCallables.scala:51 Expanded format into 1 methods [id => c3, phase => typescript, scope => TreeScope(TsParsedFile() / TsDeclModule(c3) / TsDeclInterface(Data) / TsMemberProperty(labels) / TsTypeUnion() / TsTypeObject())] 
[info ] ExpandCallables.scala:51 Expanded xgrids into 1 methods [id => c3, phase => typescript, scope => TreeScope(TsParsedFile() / TsDeclModule(c3) / TsDeclInterface(ChartAPI))] 
[info ] ExpandCallables.scala:51 Expanded ygrids into 1 methods [id => c3, phase => typescript, scope => TreeScope(TsParsedFile() / TsDeclModule(c3) / TsDeclInterface(ChartAPI))] 
[info ] ExpandCallables.scala:51 Expanded regions into 1 methods [id => c3, phase => typescript, scope => TreeScope(TsParsedFile() / TsDeclModule(c3) / TsDeclInterface(ChartAPI))] 
[info ] ExpandCallables.scala:51 Expanded data into 1 methods [id => c3, phase => typescript, scope => TreeScope(TsParsedFile() / TsDeclModule(c3) / TsDeclInterface(ChartAPI))] 
[info ] ExpandCallables.scala:51 Expanded zoom into 1 methods [id => c3, phase => typescript, scope => TreeScope(TsParsedFile() / TsDeclModule(c3) / TsDeclInterface(ChartAPI))] 
[info ] ExtractInterfaces.scala:37 Extracted anonymous interface TsIdentSimple(Anon_Height) [id => c3, phase => typescript, scope => TreeScope(TsParsedFile() / TsDeclModule(c3) / TsDeclInterface(ChartConfiguration) / TsMemberProperty(size) / TsTypeObject())] 
[info ] ExtractInterfaces.scala:37 Extracted anonymous interface TsIdentSimple(Anon_Bottom) [id => c3, phase => typescript, scope => TreeScope(TsParsedFile() / TsDeclModule(c3) / TsDeclInterface(ChartConfiguration) / TsMemberProperty(padding) / TsTypeObject())] 
[info ] ExtractInterfaces.scala:37 Extracted anonymous interface TsIdentSimple(Anon_Auto) [id => c3, phase => typescript, scope => TreeScope(TsParsedFile() / TsDeclModule(c3) / TsDeclInterface(ChartConfiguration) / TsMemberProperty(resize) / TsTypeObject())] 
[info ] ExtractInterfaces.scala:37 Extracted anonymous interface TsIdentSimple(Anon_Pattern) [id => c3, phase => typescript, scope => TreeScope(TsParsedFile() / TsDeclModule(c3) / TsDeclInterface(ChartConfiguration) / TsMemberProperty(color) / TsTypeObject())] 
[info ] ExtractInterfaces.scala:37 Extracted anonymous interface TsIdentSimple(Anon_Enabled) [id => c3, phase => typescript, scope => TreeScope(TsParsedFile() / TsDeclModule(c3) / TsDeclInterface(ChartConfiguration) / TsMemberProperty(interaction) / TsTypeObject())] 
[info ] ExtractInterfaces.scala:37 Extracted anonymous interface TsIdentSimple(Anon_Duration) [id => c3, phase => typescript, scope => TreeScope(TsParsedFile() / TsDeclModule(c3) / TsDeclInterface(ChartConfiguration) / TsMemberProperty(transition) / TsTypeObject())] 
[info ] ExtractInterfaces.scala:37 Extracted anonymous interface TsIdentSimple(Anon_Type) [id => c3, phase => typescript, scope => TreeScope(TsParsedFile() / TsDeclModule(c3) / TsDeclInterface(ChartConfiguration) / TsMemberProperty(line) / TsTypeObject() / TsMemberProperty(step) / TsTypeObject())] 
[info ] ExtractInterfaces.scala:37 Extracted anonymous interface TsIdentSimple(Anon_ConnectNull) [id => c3, phase => typescript, scope => TreeScope(TsParsedFile() / TsDeclModule(c3) / TsDeclInterface(ChartConfiguration) / TsMemberProperty(line) / TsTypeObject())] 
[info ] ExtractInterfaces.scala:37 Extracted anonymous interface TsIdentSimple(Anon_Zerobased) [id => c3, phase => typescript, scope => TreeScope(TsParsedFile() / TsDeclModule(c3) / TsDeclInterface(ChartConfiguration) / TsMemberProperty(area) / TsTypeObject())] 
[info ] ExtractInterfaces.scala:37 Extracted anonymous interface TsIdentSimple(Anon_Max) [id => c3, phase => typescript, scope => TreeScope(TsParsedFile() / TsDeclModule(c3) / TsDeclInterface(ChartConfiguration) / TsMemberProperty(bar) / TsTypeObject() / TsMemberProperty(width) / TsTypeUnion() / TsTypeObject())] 
[info ] ExtractInterfaces.scala:37 Extracted anonymous interface TsIdentSimple(Anon_Space) [id => c3, phase => typescript, scope => TreeScope(TsParsedFile() / TsDeclModule(c3) / TsDeclInterface(ChartConfiguration) / TsMemberProperty(bar) / TsTypeObject())] 
[info ] ExtractInterfaces.scala:37 Extracted anonymous interface TsIdentSimple(Anon_Format) [id => c3, phase => typescript, scope => TreeScope(TsParsedFile() / TsDeclModule(c3) / TsDeclInterface(ChartConfiguration) / TsMemberProperty(pie) / TsTypeObject() / TsMemberProperty(label) / TsTypeObject())] 
[info ] ExtractInterfaces.scala:37 Extracted anonymous interface TsIdentSimple(Anon_Expand) [id => c3, phase => typescript, scope => TreeScope(TsParsedFile() / TsDeclModule(c3) / TsDeclInterface(ChartConfiguration) / TsMemberProperty(pie) / TsTypeObject())] 
[info ] ExtractInterfaces.scala:37 Extracted anonymous interface TsIdentSimple(Anon_Format) [id => c3, phase => typescript, scope => TreeScope(TsParsedFile() / TsDeclModule(c3) / TsDeclInterface(ChartConfiguration) / TsMemberProperty(donut) / TsTypeObject() / TsMemberProperty(label) / TsTypeObject())] 
[info ] ExtractInterfaces.scala:37 Extracted anonymous interface TsIdentSimple(Anon_ExpandLabel) [id => c3, phase => typescript, scope => TreeScope(TsParsedFile() / TsDeclModule(c3) / TsDeclInterface(ChartConfiguration) / TsMemberProperty(donut) / TsTypeObject())] 
[info ] ExtractInterfaces.scala:37 Extracted anonymous interface TsIdentSimple(Anon_FormatRatio) [id => c3, phase => typescript, scope => TreeScope(TsParsedFile() / TsDeclModule(c3) / TsDeclInterface(ChartConfiguration) / TsMemberProperty(gauge) / TsTypeObject() / TsMemberProperty(label) / TsTypeObject())] 
[info ] ExtractInterfaces.scala:37 Extracted anonymous interface TsIdentSimple(Anon_ExpandFullCircle) [id => c3, phase => typescript, scope => TreeScope(TsParsedFile() / TsDeclModule(c3) / TsDeclInterface(ChartConfiguration) / TsMemberProperty(gauge) / TsTypeObject())] 
[info ] ExtractInterfaces.scala:37 Extracted anonymous interface TsIdentSimple(Anon_Basis) [id => c3, phase => typescript, scope => TreeScope(TsParsedFile() / TsDeclModule(c3) / TsDeclInterface(ChartConfiguration) / TsMemberProperty(spline) / TsTypeObject() / TsMemberProperty(interpolation) / TsTypeObject())] 
[info ] ExtractInterfaces.scala:37 Extracted anonymous interface TsIdentSimple(Anon_Interpolation) [id => c3, phase => typescript, scope => TreeScope(TsParsedFile() / TsDeclModule(c3) / TsDeclInterface(ChartConfiguration) / TsMemberProperty(spline) / TsTypeObject())] 
[info ] ExtractInterfaces.scala:37 Extracted anonymous interface TsIdentSimple(Anon_Value) [id => c3, phase => typescript, scope => TreeScope(TsParsedFile() / TsDeclModule(c3) / TsDeclInterface(Data) / TsMemberProperty(keys) / TsTypeObject())] 
[info ] ExtractInterfaces.scala:37 Extracted anonymous interface TsIdentSimple(Anon_FormatI) [id => c3, phase => typescript, scope => TreeScope(TsParsedFile() / TsDeclModule(c3) / TsDeclInterface(Data) / TsMemberProperty(labels) / TsTypeUnion() / TsTypeObject())] 
[info ] ExtractInterfaces.scala:37 Extracted anonymous interface TsIdentSimple(Anon_FormatKey) [id => c3, phase => typescript, scope => TreeScope(TsParsedFile() / TsDeclModule(c3) / TsDeclInterface(Data) / TsMemberProperty(labels) / TsTypeUnion() / TsTypeObject())] 
[info ] ExtractInterfaces.scala:37 Extracted anonymous interface TsIdentSimple(Anon_Text) [id => c3, phase => typescript, scope => TreeScope(TsParsedFile() / TsDeclModule(c3) / TsDeclInterface(Data) / TsMemberProperty(empty) / TsTypeObject() / TsMemberProperty(label) / TsTypeObject())] 
[info ] ExtractInterfaces.scala:37 Extracted anonymous interface TsIdentSimple(Anon_Label) [id => c3, phase => typescript, scope => TreeScope(TsParsedFile() / TsDeclModule(c3) / TsDeclInterface(Data) / TsMemberProperty(empty) / TsTypeObject())] 
[info ] ExtractInterfaces.scala:37 Extracted anonymous interface TsIdentSimple(Anon_D) [id => c3, phase => typescript, scope => TreeScope(TsParsedFile() / TsDeclModule(c3) / TsDeclInterface(Data) / TsMemberProperty(selection) / TsTypeObject())] 
[info ] ExtractInterfaces.scala:37 Extracted anonymous interface TsIdentSimple(Anon_Left) [id => c3, phase => typescript, scope => TreeScope(TsParsedFile() / TsDeclModule(c3) / TsDeclInterface(XAxisConfiguration) / TsMemberProperty(padding) / TsTypeObject())] 
[info ] ExtractInterfaces.scala:37 Extracted anonymous interface TsIdentSimple(Anon_Position) [id => c3, phase => typescript, scope => TreeScope(TsParsedFile() / TsDeclModule(c3) / TsDeclInterface(XAxisConfiguration) / TsMemberProperty(label) / TsTypeUnion() / TsTypeObject())] 
[info ] ExtractInterfaces.scala:37 Extracted anonymous interface TsIdentSimple(Anon_Position) [id => c3, phase => typescript, scope => TreeScope(TsParsedFile() / TsDeclModule(c3) / TsDeclInterface(YAxisConfiguration) / TsMemberProperty(label) / TsTypeUnion() / TsTypeObject())] 
[info ] ExtractInterfaces.scala:37 Extracted anonymous interface TsIdentSimple(Anon_BottomTop) [id => c3, phase => typescript, scope => TreeScope(TsParsedFile() / TsDeclModule(c3) / TsDeclInterface(YAxisConfiguration) / TsMemberProperty(padding) / TsTypeObject())] 
[info ] ExtractInterfaces.scala:37 Extracted anonymous interface TsIdentSimple(Anon_Lines) [id => c3, phase => typescript, scope => TreeScope(TsParsedFile() / TsDeclModule(c3) / TsDeclInterface(Grid) / TsMemberProperty(x) / TsTypeObject())] 
[info ] ExtractInterfaces.scala:37 Extracted anonymous interface TsIdentSimple(Anon_Lines) [id => c3, phase => typescript, scope => TreeScope(TsParsedFile() / TsDeclModule(c3) / TsDeclInterface(Grid) / TsMemberProperty(y) / TsTypeObject())] 
[info ] ExtractInterfaces.scala:37 Extracted anonymous interface TsIdentSimple(Anon_Anchor) [id => c3, phase => typescript, scope => TreeScope(TsParsedFile() / TsDeclModule(c3) / TsDeclInterface(LegendOptions) / TsMemberProperty(inset) / TsTypeObject())] 
[info ] ExtractInterfaces.scala:37 Extracted anonymous interface TsIdentSimple(Anon_Height) [id => c3, phase => typescript, scope => TreeScope(TsParsedFile() / TsDeclModule(c3) / TsDeclInterface(LegendOptions) / TsMemberProperty(item) / TsTypeObject() / TsMemberProperty(tile) / TsTypeObject())] 
[info ] ExtractInterfaces.scala:37 Extracted anonymous interface TsIdentSimple(Anon_Id) [id => c3, phase => typescript, scope => TreeScope(TsParsedFile() / TsDeclModule(c3) / TsDeclInterface(LegendOptions) / TsMemberProperty(item) / TsTypeObject())] 
[info ] ExtractInterfaces.scala:37 Extracted anonymous interface TsIdentSimple(Anon_IdIndex) [id => c3, phase => typescript, scope => TreeScope(TsParsedFile() / TsDeclModule(c3) / TsDeclInterface(TooltipOptions) / TsMemberProperty(format) / TsTypeObject())] 
[info ] ExtractInterfaces.scala:37 Extracted anonymous interface TsIdentSimple(Anon_LeftTop) [id => c3, phase => typescript, scope => TreeScope(TsParsedFile() / TsDeclModule(c3) / TsDeclInterface(TooltipOptions) / TsMemberProperty(position) / TsTypeFunction() / TsFunSig() / TsTypeObject())] 
[info ] ExtractInterfaces.scala:37 Extracted anonymous interface TsIdentSimple(Anon_HeightNumber) [id => c3, phase => typescript, scope => TreeScope(TsParsedFile() / TsDeclModule(c3) / TsDeclInterface(SubchartOptions) / TsMemberProperty(size) / TsTypeObject())] 
[info ] ExtractInterfaces.scala:37 Extracted anonymous interface TsIdentSimple(Anon_EnabledR) [id => c3, phase => typescript, scope => TreeScope(TsParsedFile() / TsDeclModule(c3) / TsDeclInterface(PointOptions) / TsMemberProperty(focus) / TsTypeObject() / TsMemberProperty(expand) / TsTypeObject())] 
[info ] ExtractInterfaces.scala:37 Extracted anonymous interface TsIdentSimple(Anon_ExpandAnonEnabledR) [id => c3, phase => typescript, scope => TreeScope(TsParsedFile() / TsDeclModule(c3) / TsDeclInterface(PointOptions) / TsMemberProperty(focus) / TsTypeObject())] 
[info ] ExtractInterfaces.scala:37 Extracted anonymous interface TsIdentSimple(Anon_R) [id => c3, phase => typescript, scope => TreeScope(TsParsedFile() / TsDeclModule(c3) / TsDeclInterface(PointOptions) / TsMemberProperty(select) / TsTypeObject())] 
[info ] ExtractInterfaces.scala:37 Extracted anonymous interface TsIdentSimple(Anon_WithLegend) [id => c3, phase => typescript, scope => TreeScope(TsParsedFile() / TsDeclModule(c3) / TsDeclInterface(ChartAPI) / TsMemberFunction(show) / TsFunSig() / TsFunParam() / TsTypeObject())] 
[info ] ExtractInterfaces.scala:37 Extracted anonymous interface TsIdentSimple(Anon_WithLegend) [id => c3, phase => typescript, scope => TreeScope(TsParsedFile() / TsDeclModule(c3) / TsDeclInterface(ChartAPI) / TsMemberFunction(hide) / TsFunSig() / TsFunParam() / TsTypeObject())] 
[info ] ExtractInterfaces.scala:37 Extracted anonymous interface TsIdentSimple(Anon_WithLegend) [id => c3, phase => typescript, scope => TreeScope(TsParsedFile() / TsDeclModule(c3) / TsDeclInterface(ChartAPI) / TsMemberFunction(toggle) / TsFunSig() / TsFunParam() / TsTypeObject())] 
[info ] ExtractInterfaces.scala:37 Extracted anonymous interface TsIdentSimple(Anon_Value) [id => c3, phase => typescript, scope => TreeScope(TsParsedFile() / TsDeclModule(c3) / TsDeclInterface(ChartAPI) / TsMemberFunction(load) / TsFunSig() / TsFunParam() / TsTypeObject() / TsMemberProperty(keys) / TsTypeObject())] 
[info ] ExtractInterfaces.scala:37 Extracted anonymous interface TsIdentSimple(Anon_Axes) [id => c3, phase => typescript, scope => TreeScope(TsParsedFile() / TsDeclModule(c3) / TsDeclInterface(ChartAPI) / TsMemberFunction(load) / TsFunSig() / TsFunParam() / TsTypeObject())] 
[info ] ExtractInterfaces.scala:37 Extracted anonymous interface TsIdentSimple(Anon_Value) [id => c3, phase => typescript, scope => TreeScope(TsParsedFile() / TsDeclModule(c3) / TsDeclInterface(ChartAPI) / TsMemberFunction(flow) / TsFunSig() / TsFunParam() / TsTypeObject() / TsMemberProperty(keys) / TsTypeObject())] 
[info ] ExtractInterfaces.scala:37 Extracted anonymous interface TsIdentSimple(Anon_Columns) [id => c3, phase => typescript, scope => TreeScope(TsParsedFile() / TsDeclModule(c3) / TsDeclInterface(ChartAPI) / TsMemberFunction(flow) / TsFunSig() / TsFunParam() / TsTypeObject())] 
[info ] ExtractInterfaces.scala:37 Extracted anonymous interface TsIdentSimple(Anon_Class) [id => c3, phase => typescript, scope => TreeScope(TsParsedFile() / TsDeclModule(c3) / TsDeclInterface(ChartAPI) / TsMemberProperty(regions) / TsTypeObject() / TsMemberFunction(remove) / TsFunSig() / TsFunParam() / TsTypeObject())] 
[info ] ExtractInterfaces.scala:37 Extracted anonymous interface TsIdentSimple(Anon_Add) [id => c3, phase => typescript, scope => TreeScope(TsParsedFile() / TsDeclModule(c3) / TsDeclInterface(ChartAPI) / TsMemberProperty(regions) / TsTypeObject())] 
[info ] ExtractInterfaces.scala:37 Extracted anonymous interface TsIdentSimple(Anon_AxesColors) [id => c3, phase => typescript, scope => TreeScope(TsParsedFile() / TsDeclModule(c3) / TsDeclInterface(ChartAPI) / TsMemberProperty(data) / TsTypeObject())] 
[info ] ExtractInterfaces.scala:37 Extracted anonymous interface TsIdentSimple(Anon_Key) [id => c3, phase => typescript, scope => TreeScope(TsParsedFile() / TsDeclModule(c3) / TsDeclInterface(ChartAPI) / TsMemberProperty(axis) / TsTypeObject() / TsMemberFunction(range) / TsFunSig() / TsTypeObject())] 
[info ] ExtractInterfaces.scala:37 Extracted anonymous interface TsIdentSimple(Anon_KeyMax) [id => c3, phase => typescript, scope => TreeScope(TsParsedFile() / TsDeclModule(c3) / TsDeclInterface(ChartAPI) / TsMemberProperty(axis) / TsTypeObject() / TsMemberFunction(range) / TsFunSig() / TsFunParam() / TsTypeObject())] 
[info ] ExtractInterfaces.scala:37 Extracted anonymous interface TsIdentSimple(Anon_Key) [id => c3, phase => typescript, scope => TreeScope(TsParsedFile() / TsDeclModule(c3) / TsDeclInterface(ChartAPI) / TsMemberProperty(axis) / TsTypeObject() / TsMemberFunction(range) / TsFunSig() / TsTypeObject())] 
[info ] ExtractInterfaces.scala:37 Extracted anonymous interface TsIdentSimple(Anon_KeyLabels) [id => c3, phase => typescript, scope => TreeScope(TsParsedFile() / TsDeclModule(c3) / TsDeclInterface(ChartAPI) / TsMemberProperty(axis) / TsTypeObject())] 
[info ] ExtractInterfaces.scala:37 Extracted anonymous interface TsIdentSimple(Anon_Hide) [id => c3, phase => typescript, scope => TreeScope(TsParsedFile() / TsDeclModule(c3) / TsDeclInterface(ChartAPI) / TsMemberProperty(legend) / TsTypeObject())] 
[info ] ExtractInterfaces.scala:37 Extracted anonymous interface TsIdentSimple(Anon_Domain) [id => c3, phase => typescript, scope => TreeScope(TsParsedFile() / TsDeclModule(c3) / TsDeclInterface(ChartAPI) / TsMemberProperty(zoom) / TsTypeObject())] 
[info ] ExtractInterfaces.scala:37 Extracted anonymous interface TsIdentSimple(Anon_Height) [id => c3, phase => typescript, scope => TreeScope(TsParsedFile() / TsDeclModule(c3) / TsDeclInterface(ChartAPI) / TsMemberFunction(resize) / TsFunSig() / TsFunParam() / TsTypeObject())] 
[info ] ExtractInterfaces.scala:37 Extracted anonymous interface TsIdentSimple(Anon_ClassValue) [id => c3, phase => typescript, scope => TreeScope(TsParsedFile() / TsDeclModule(c3) / TsDeclInterface(GridOperations) / TsMemberFunction(remove) / TsFunSig() / TsFunParam() / TsTypeObject())] 
[debug] PhaseRunner.scala:82 Success [id => c3, phase => typescript] 
[warn ] Phase2ToScalaJs.scala:40 Processing c3 [id => c3, phase => scala.js] 
[debug] PhaseRunner.scala:82 Success [id => c3, phase => scala.js] 
[warn ] PhaseRunner.scala:68 Failed because of, [geojson => Compilation failed] [id => c3, phase => build] 
[error] PhaseRunner.scala:86 Failure, [geojson => Compilation failed] [id => c3, phase => build] 
[error] PhaseRunner.scala:86 Failure, [geojson => Compilation failed] [id => c3, phase => publish] 
