[info ] InferredDependency.scala:22 Inferred dependencies Set(TsIdentLibrarySimple(node)) for TsIdentLibrarySimple(combined-stream) [id => combined-stream, phase => typescript, file => ../types/combined-stream/index.d.ts] 
[debug] PhaseRunner.scala:84 Success [id => combined-stream, phase => typescript] 
[info ] Phase1ReadTypescript.scala:160 Preprocessing TsHelperFile(InFile(/home/tso/tmp/tso-cache/DefinitelyTyped/types/combined-stream/index.d.ts),FromFolder(InFolder(/home/tso/tmp/tso-cache/DefinitelyTyped/types/combined-stream),TsIdentLibrarySimple(combined-stream)),TsIdentModule(None,List(combined-stream))) [id => combined-stream, phase => typescript] 
[info ] InferredDefaultModule.scala:39 Inferred module TsIdentModule(None,List(combined-stream)) [id => combined-stream, phase => typescript] 
[warn ] Phase1ReadTypescript.scala:184 Processing TsIdentLibrarySimple(combined-stream) [id => combined-stream, phase => typescript] 
[info ] ExpandTypeParams.scala:61 Expanding 1 members for TsIdentSimple(create) [id => combined-stream, phase => typescript, scope => TreeScope(TsParsedFile() / TsDeclModule(combined-stream) / TsDeclClass(^))] 
[info ] ExpandTypeParams.scala:61 Expanding 1 members for TsIdentSimple(isStreamLike) [id => combined-stream, phase => typescript, scope => TreeScope(TsParsedFile() / TsDeclModule(combined-stream) / TsDeclClass(^))] 
[info ] ExpandTypeParams.scala:61 Expanding 1 members for TsIdentSimple(append) [id => combined-stream, phase => typescript, scope => TreeScope(TsParsedFile() / TsDeclModule(combined-stream) / TsDeclInterface(CombinedStream))] 
[info ] ExpandTypeParams.scala:61 Expanding 1 members for TsIdentSimple(write) [id => combined-stream, phase => typescript, scope => TreeScope(TsParsedFile() / TsDeclModule(combined-stream) / TsDeclInterface(CombinedStream))] 
[info ] ExpandTypeParams.scala:61 Expanding 1 members for TsIdentSimple(pause) [id => combined-stream, phase => typescript, scope => TreeScope(TsParsedFile() / TsDeclModule(combined-stream) / TsDeclInterface(CombinedStream))] 
[info ] ExpandTypeParams.scala:61 Expanding 1 members for TsIdentSimple(resume) [id => combined-stream, phase => typescript, scope => TreeScope(TsParsedFile() / TsDeclModule(combined-stream) / TsDeclInterface(CombinedStream))] 
[info ] ExpandTypeParams.scala:61 Expanding 1 members for TsIdentSimple(end) [id => combined-stream, phase => typescript, scope => TreeScope(TsParsedFile() / TsDeclModule(combined-stream) / TsDeclInterface(CombinedStream))] 
[info ] ExpandTypeParams.scala:61 Expanding 1 members for TsIdentSimple(destroy) [id => combined-stream, phase => typescript, scope => TreeScope(TsParsedFile() / TsDeclModule(combined-stream) / TsDeclInterface(CombinedStream))] 
[info ] ExpandTypeParams.scala:61 Expanding 1 members for TsIdentSimple(_getNext) [id => combined-stream, phase => typescript, scope => TreeScope(TsParsedFile() / TsDeclModule(combined-stream) / TsDeclInterface(CombinedStream))] 
[info ] ExpandTypeParams.scala:61 Expanding 1 members for TsIdentSimple(_pipeNext) [id => combined-stream, phase => typescript, scope => TreeScope(TsParsedFile() / TsDeclModule(combined-stream) / TsDeclInterface(CombinedStream))] 
[info ] ExpandTypeParams.scala:61 Expanding 1 members for TsIdentSimple(_handleErrors) [id => combined-stream, phase => typescript, scope => TreeScope(TsParsedFile() / TsDeclModule(combined-stream) / TsDeclInterface(CombinedStream))] 
[info ] ExpandTypeParams.scala:61 Expanding 1 members for TsIdentSimple(_reset) [id => combined-stream, phase => typescript, scope => TreeScope(TsParsedFile() / TsDeclModule(combined-stream) / TsDeclInterface(CombinedStream))] 
[info ] ExpandTypeParams.scala:61 Expanding 1 members for TsIdentSimple(_checkDataSize) [id => combined-stream, phase => typescript, scope => TreeScope(TsParsedFile() / TsDeclModule(combined-stream) / TsDeclInterface(CombinedStream))] 
[info ] ExpandTypeParams.scala:61 Expanding 1 members for TsIdentSimple(_updateDataSize) [id => combined-stream, phase => typescript, scope => TreeScope(TsParsedFile() / TsDeclModule(combined-stream) / TsDeclInterface(CombinedStream))] 
[info ] ExpandTypeParams.scala:61 Expanding 1 members for TsIdentSimple(_emitError) [id => combined-stream, phase => typescript, scope => TreeScope(TsParsedFile() / TsDeclModule(combined-stream) / TsDeclInterface(CombinedStream))] 
[info ] ExpandTypeParams.scala:61 Expanding 1 members for TsIdentSimple(on) [id => combined-stream, phase => typescript, scope => TreeScope(TsParsedFile() / TsDeclModule(combined-stream) / TsDeclInterface(CombinedStream))] 
[info ] ExpandTypeParams.scala:61 Expanding 1 members for TsIdentSimple(on) [id => combined-stream, phase => typescript, scope => TreeScope(TsParsedFile() / TsDeclModule(combined-stream) / TsDeclInterface(CombinedStream))] 
[info ] ExpandTypeParams.scala:61 Expanding 1 members for TsIdentSimple(on) [id => combined-stream, phase => typescript, scope => TreeScope(TsParsedFile() / TsDeclModule(combined-stream) / TsDeclInterface(CombinedStream))] 
[info ] ExpandTypeParams.scala:61 Expanding 1 members for TsIdentSimple(once) [id => combined-stream, phase => typescript, scope => TreeScope(TsParsedFile() / TsDeclModule(combined-stream) / TsDeclInterface(CombinedStream))] 
[info ] ExpandTypeParams.scala:61 Expanding 1 members for TsIdentSimple(once) [id => combined-stream, phase => typescript, scope => TreeScope(TsParsedFile() / TsDeclModule(combined-stream) / TsDeclInterface(CombinedStream))] 
[info ] ExpandTypeParams.scala:61 Expanding 1 members for TsIdentSimple(once) [id => combined-stream, phase => typescript, scope => TreeScope(TsParsedFile() / TsDeclModule(combined-stream) / TsDeclInterface(CombinedStream))] 
[debug] PhaseRunner.scala:84 Success [id => combined-stream, phase => typescript] 
[warn ] Phase2ToScalaJs.scala:43 Processing combined-stream [id => combined-stream, phase => scala.js] 
[debug] PhaseRunner.scala:84 Success [id => combined-stream, phase => scala.js] 
[warn ] Phase3Compile.scala:214 Building combined-stream... [id => combined-stream, phase => build] 
[error] Phase3Compile.scala:240 [E] [E1] src/main/scala/typings/combinedDashStream/combinedDashStreamMod/package.scala:13:73
[E]      illegal cyclic reference involving type Appendable
[E]      L13:   type NextFunction = js.Function1[/* next */ js.Function1[/* stream */ Appendable, js.Any], js.Any]
[E]                                                                                   ^
[E] src/main/scala/typings/combinedDashStream/combinedDashStreamMod/package.scala: L13 [E1]
[E] Failed to compile 'combined-stream'
 [id => combined-stream, phase => build] 
[error] PhaseRunner.scala:88 Failure, [combined-stream => Compilation failed] [id => combined-stream, phase => build] 
[error] PhaseRunner.scala:88 Failure, [combined-stream => Compilation failed] [id => combined-stream, phase => publish] 
