[debug] PhaseRunner.scala:78 Success [id => consolidate, phase => typescript] 
[info ] Phase1ReadTypescript.scala:152 Preprocessing TsHelperFile(InFile(/home/tso/tmp/tso-cache/DefinitelyTyped/types/consolidate/index.d.ts),FromFolder(InFolder(/home/tso/tmp/tso-cache/DefinitelyTyped/types/consolidate),TsIdentLibrarySimple(consolidate)),TsIdentModule(None,List(consolidate))) [id => consolidate, phase => typescript] 
[info ] InferredDefaultModule.scala:39 Inferred module TsIdentModule(None,List(consolidate)) [id => consolidate, phase => typescript] 
[warn ] Phase1ReadTypescript.scala:190 Processing TsIdentLibrarySimple(consolidate) [id => consolidate, phase => typescript] 
[info ] ExpandCallables.scala:57 Expanded atpl into 3 methods [id => consolidate, phase => typescript, scope => TreeScope(TsParsedFile() / TsDeclModule(consolidate) / TsDeclInterface(Consolidate))] 
[info ] ExpandCallables.scala:57 Expanded dot into 3 methods [id => consolidate, phase => typescript, scope => TreeScope(TsParsedFile() / TsDeclModule(consolidate) / TsDeclInterface(Consolidate))] 
[info ] ExpandCallables.scala:57 Expanded dust into 3 methods [id => consolidate, phase => typescript, scope => TreeScope(TsParsedFile() / TsDeclModule(consolidate) / TsDeclInterface(Consolidate))] 
[info ] ExpandCallables.scala:57 Expanded eco into 3 methods [id => consolidate, phase => typescript, scope => TreeScope(TsParsedFile() / TsDeclModule(consolidate) / TsDeclInterface(Consolidate))] 
[info ] ExpandCallables.scala:57 Expanded ejs into 3 methods [id => consolidate, phase => typescript, scope => TreeScope(TsParsedFile() / TsDeclModule(consolidate) / TsDeclInterface(Consolidate))] 
[info ] ExpandCallables.scala:57 Expanded ect into 3 methods [id => consolidate, phase => typescript, scope => TreeScope(TsParsedFile() / TsDeclModule(consolidate) / TsDeclInterface(Consolidate))] 
[info ] ExpandCallables.scala:57 Expanded haml into 3 methods [id => consolidate, phase => typescript, scope => TreeScope(TsParsedFile() / TsDeclModule(consolidate) / TsDeclInterface(Consolidate))] 
[info ] ExpandCallables.scala:57 Expanded hamlet into 3 methods [id => consolidate, phase => typescript, scope => TreeScope(TsParsedFile() / TsDeclModule(consolidate) / TsDeclInterface(Consolidate))] 
[info ] ExpandCallables.scala:57 Expanded handlebars into 3 methods [id => consolidate, phase => typescript, scope => TreeScope(TsParsedFile() / TsDeclModule(consolidate) / TsDeclInterface(Consolidate))] 
[info ] ExpandCallables.scala:57 Expanded hogan into 3 methods [id => consolidate, phase => typescript, scope => TreeScope(TsParsedFile() / TsDeclModule(consolidate) / TsDeclInterface(Consolidate))] 
[info ] ExpandCallables.scala:57 Expanded htmling into 3 methods [id => consolidate, phase => typescript, scope => TreeScope(TsParsedFile() / TsDeclModule(consolidate) / TsDeclInterface(Consolidate))] 
[info ] ExpandCallables.scala:57 Expanded jade into 3 methods [id => consolidate, phase => typescript, scope => TreeScope(TsParsedFile() / TsDeclModule(consolidate) / TsDeclInterface(Consolidate))] 
[info ] ExpandCallables.scala:57 Expanded jazz into 3 methods [id => consolidate, phase => typescript, scope => TreeScope(TsParsedFile() / TsDeclModule(consolidate) / TsDeclInterface(Consolidate))] 
[info ] ExpandCallables.scala:57 Expanded jqtpl into 3 methods [id => consolidate, phase => typescript, scope => TreeScope(TsParsedFile() / TsDeclModule(consolidate) / TsDeclInterface(Consolidate))] 
[info ] ExpandCallables.scala:57 Expanded just into 3 methods [id => consolidate, phase => typescript, scope => TreeScope(TsParsedFile() / TsDeclModule(consolidate) / TsDeclInterface(Consolidate))] 
[info ] ExpandCallables.scala:57 Expanded liquid into 3 methods [id => consolidate, phase => typescript, scope => TreeScope(TsParsedFile() / TsDeclModule(consolidate) / TsDeclInterface(Consolidate))] 
[info ] ExpandCallables.scala:57 Expanded liquor into 3 methods [id => consolidate, phase => typescript, scope => TreeScope(TsParsedFile() / TsDeclModule(consolidate) / TsDeclInterface(Consolidate))] 
[info ] ExpandCallables.scala:57 Expanded lodash into 3 methods [id => consolidate, phase => typescript, scope => TreeScope(TsParsedFile() / TsDeclModule(consolidate) / TsDeclInterface(Consolidate))] 
[info ] ExpandCallables.scala:57 Expanded mote into 3 methods [id => consolidate, phase => typescript, scope => TreeScope(TsParsedFile() / TsDeclModule(consolidate) / TsDeclInterface(Consolidate))] 
[info ] ExpandCallables.scala:57 Expanded mustache into 3 methods [id => consolidate, phase => typescript, scope => TreeScope(TsParsedFile() / TsDeclModule(consolidate) / TsDeclInterface(Consolidate))] 
[info ] ExpandCallables.scala:57 Expanded nunjucks into 3 methods [id => consolidate, phase => typescript, scope => TreeScope(TsParsedFile() / TsDeclModule(consolidate) / TsDeclInterface(Consolidate))] 
[info ] ExpandCallables.scala:57 Expanded pug into 3 methods [id => consolidate, phase => typescript, scope => TreeScope(TsParsedFile() / TsDeclModule(consolidate) / TsDeclInterface(Consolidate))] 
[info ] ExpandCallables.scala:57 Expanded qejs into 3 methods [id => consolidate, phase => typescript, scope => TreeScope(TsParsedFile() / TsDeclModule(consolidate) / TsDeclInterface(Consolidate))] 
[info ] ExpandCallables.scala:57 Expanded ractive into 3 methods [id => consolidate, phase => typescript, scope => TreeScope(TsParsedFile() / TsDeclModule(consolidate) / TsDeclInterface(Consolidate))] 
[info ] ExpandCallables.scala:57 Expanded react into 3 methods [id => consolidate, phase => typescript, scope => TreeScope(TsParsedFile() / TsDeclModule(consolidate) / TsDeclInterface(Consolidate))] 
[info ] ExpandCallables.scala:57 Expanded swig into 3 methods [id => consolidate, phase => typescript, scope => TreeScope(TsParsedFile() / TsDeclModule(consolidate) / TsDeclInterface(Consolidate))] 
[info ] ExpandCallables.scala:57 Expanded templayed into 3 methods [id => consolidate, phase => typescript, scope => TreeScope(TsParsedFile() / TsDeclModule(consolidate) / TsDeclInterface(Consolidate))] 
[info ] ExpandCallables.scala:57 Expanded toffee into 3 methods [id => consolidate, phase => typescript, scope => TreeScope(TsParsedFile() / TsDeclModule(consolidate) / TsDeclInterface(Consolidate))] 
[info ] ExpandCallables.scala:57 Expanded underscore into 3 methods [id => consolidate, phase => typescript, scope => TreeScope(TsParsedFile() / TsDeclModule(consolidate) / TsDeclInterface(Consolidate))] 
[info ] ExpandCallables.scala:57 Expanded walrus into 3 methods [id => consolidate, phase => typescript, scope => TreeScope(TsParsedFile() / TsDeclModule(consolidate) / TsDeclInterface(Consolidate))] 
[info ] ExpandCallables.scala:57 Expanded whiskers into 3 methods [id => consolidate, phase => typescript, scope => TreeScope(TsParsedFile() / TsDeclModule(consolidate) / TsDeclInterface(Consolidate))] 
[info ] ExtractInterfaces.scala:30 Extracted anonymous interface TsIdentSimple(Anon_OtherOptions) [id => consolidate, phase => typescript, scope => TreeScope(TsParsedFile() / TsDeclModule(consolidate) / TsDeclInterface(Consolidate) / TsMemberFunction(liquid) / TsFunSig() / TsFunParam() / TsTypeObject())] 
[info ] ExtractInterfaces.scala:30 Extracted anonymous interface TsIdentSimple(Anon_OtherOptions) [id => consolidate, phase => typescript, scope => TreeScope(TsParsedFile() / TsDeclModule(consolidate) / TsDeclInterface(Consolidate) / TsMemberFunction(liquid) / TsFunSig() / TsFunParam() / TsTypeObject())] 
[info ] ExtractInterfaces.scala:30 Extracted anonymous interface TsIdentSimple(Anon_OtherOptions) [id => consolidate, phase => typescript, scope => TreeScope(TsParsedFile() / TsDeclModule(consolidate) / TsDeclInterface(Consolidate) / TsMemberFunction(dot) / TsFunSig() / TsFunParam() / TsTypeObject())] 
[info ] ExtractInterfaces.scala:30 Extracted anonymous interface TsIdentSimple(Anon_OtherOptions) [id => consolidate, phase => typescript, scope => TreeScope(TsParsedFile() / TsDeclModule(consolidate) / TsDeclInterface(Consolidate) / TsMemberFunction(dot) / TsFunSig() / TsFunParam() / TsTypeObject())] 
[info ] ExtractInterfaces.scala:30 Extracted anonymous interface TsIdentSimple(Anon_OtherOptions) [id => consolidate, phase => typescript, scope => TreeScope(TsParsedFile() / TsDeclModule(consolidate) / TsDeclInterface(Consolidate) / TsMemberFunction(hogan) / TsFunSig() / TsFunParam() / TsTypeObject())] 
[info ] ExtractInterfaces.scala:30 Extracted anonymous interface TsIdentSimple(Anon_OtherOptions) [id => consolidate, phase => typescript, scope => TreeScope(TsParsedFile() / TsDeclModule(consolidate) / TsDeclInterface(Consolidate) / TsMemberFunction(hogan) / TsFunSig() / TsFunParam() / TsTypeObject())] 
[info ] ExtractInterfaces.scala:30 Extracted anonymous interface TsIdentSimple(Anon_OtherOptions) [id => consolidate, phase => typescript, scope => TreeScope(TsParsedFile() / TsDeclModule(consolidate) / TsDeclInterface(Consolidate) / TsMemberFunction(handlebars) / TsFunSig() / TsFunParam() / TsTypeObject())] 
[info ] ExtractInterfaces.scala:30 Extracted anonymous interface TsIdentSimple(Anon_OtherOptions) [id => consolidate, phase => typescript, scope => TreeScope(TsParsedFile() / TsDeclModule(consolidate) / TsDeclInterface(Consolidate) / TsMemberFunction(handlebars) / TsFunSig() / TsFunParam() / TsTypeObject())] 
[info ] ExtractInterfaces.scala:30 Extracted anonymous interface TsIdentSimple(Anon_OtherOptions) [id => consolidate, phase => typescript, scope => TreeScope(TsParsedFile() / TsDeclModule(consolidate) / TsDeclInterface(Consolidate) / TsMemberFunction(haml) / TsFunSig() / TsFunParam() / TsTypeObject())] 
[info ] ExtractInterfaces.scala:30 Extracted anonymous interface TsIdentSimple(Anon_OtherOptions) [id => consolidate, phase => typescript, scope => TreeScope(TsParsedFile() / TsDeclModule(consolidate) / TsDeclInterface(Consolidate) / TsMemberFunction(haml) / TsFunSig() / TsFunParam() / TsTypeObject())] 
[info ] ExtractInterfaces.scala:30 Extracted anonymous interface TsIdentSimple(Anon_OtherOptions) [id => consolidate, phase => typescript, scope => TreeScope(TsParsedFile() / TsDeclModule(consolidate) / TsDeclInterface(Consolidate) / TsMemberFunction(htmling) / TsFunSig() / TsFunParam() / TsTypeObject())] 
[info ] ExtractInterfaces.scala:30 Extracted anonymous interface TsIdentSimple(Anon_OtherOptions) [id => consolidate, phase => typescript, scope => TreeScope(TsParsedFile() / TsDeclModule(consolidate) / TsDeclInterface(Consolidate) / TsMemberFunction(htmling) / TsFunSig() / TsFunParam() / TsTypeObject())] 
[info ] ExtractInterfaces.scala:30 Extracted anonymous interface TsIdentSimple(Anon_OtherOptions) [id => consolidate, phase => typescript, scope => TreeScope(TsParsedFile() / TsDeclModule(consolidate) / TsDeclInterface(Consolidate) / TsMemberFunction(dust) / TsFunSig() / TsFunParam() / TsTypeObject())] 
[info ] ExtractInterfaces.scala:30 Extracted anonymous interface TsIdentSimple(Anon_OtherOptions) [id => consolidate, phase => typescript, scope => TreeScope(TsParsedFile() / TsDeclModule(consolidate) / TsDeclInterface(Consolidate) / TsMemberFunction(dust) / TsFunSig() / TsFunParam() / TsTypeObject())] 
[info ] ExtractInterfaces.scala:30 Extracted anonymous interface TsIdentSimple(Anon_OtherOptions) [id => consolidate, phase => typescript, scope => TreeScope(TsParsedFile() / TsDeclModule(consolidate) / TsDeclInterface(Consolidate) / TsMemberFunction(mustache) / TsFunSig() / TsFunParam() / TsTypeObject())] 
[info ] ExtractInterfaces.scala:30 Extracted anonymous interface TsIdentSimple(Anon_OtherOptions) [id => consolidate, phase => typescript, scope => TreeScope(TsParsedFile() / TsDeclModule(consolidate) / TsDeclInterface(Consolidate) / TsMemberFunction(mustache) / TsFunSig() / TsFunParam() / TsTypeObject())] 
[info ] ExtractInterfaces.scala:30 Extracted anonymous interface TsIdentSimple(Anon_OtherOptions) [id => consolidate, phase => typescript, scope => TreeScope(TsParsedFile() / TsDeclModule(consolidate) / TsDeclInterface(Consolidate) / TsMemberFunction(jade) / TsFunSig() / TsFunParam() / TsTypeObject())] 
[info ] ExtractInterfaces.scala:30 Extracted anonymous interface TsIdentSimple(Anon_OtherOptions) [id => consolidate, phase => typescript, scope => TreeScope(TsParsedFile() / TsDeclModule(consolidate) / TsDeclInterface(Consolidate) / TsMemberFunction(jade) / TsFunSig() / TsFunParam() / TsTypeObject())] 
[info ] ExtractInterfaces.scala:30 Extracted anonymous interface TsIdentSimple(Anon_OtherOptions) [id => consolidate, phase => typescript, scope => TreeScope(TsParsedFile() / TsDeclModule(consolidate) / TsDeclInterface(Consolidate) / TsMemberFunction(jqtpl) / TsFunSig() / TsFunParam() / TsTypeObject())] 
[info ] ExtractInterfaces.scala:30 Extracted anonymous interface TsIdentSimple(Anon_OtherOptions) [id => consolidate, phase => typescript, scope => TreeScope(TsParsedFile() / TsDeclModule(consolidate) / TsDeclInterface(Consolidate) / TsMemberFunction(jqtpl) / TsFunSig() / TsFunParam() / TsTypeObject())] 
[info ] ExtractInterfaces.scala:30 Extracted anonymous interface TsIdentSimple(Anon_OtherOptions) [id => consolidate, phase => typescript, scope => TreeScope(TsParsedFile() / TsDeclModule(consolidate) / TsDeclInterface(Consolidate) / TsMemberFunction(walrus) / TsFunSig() / TsFunParam() / TsTypeObject())] 
[info ] ExtractInterfaces.scala:30 Extracted anonymous interface TsIdentSimple(Anon_OtherOptions) [id => consolidate, phase => typescript, scope => TreeScope(TsParsedFile() / TsDeclModule(consolidate) / TsDeclInterface(Consolidate) / TsMemberFunction(walrus) / TsFunSig() / TsFunParam() / TsTypeObject())] 
[info ] ExtractInterfaces.scala:30 Extracted anonymous interface TsIdentSimple(Anon_OtherOptions) [id => consolidate, phase => typescript, scope => TreeScope(TsParsedFile() / TsDeclModule(consolidate) / TsDeclInterface(Consolidate) / TsMemberFunction(swig) / TsFunSig() / TsFunParam() / TsTypeObject())] 
[info ] ExtractInterfaces.scala:30 Extracted anonymous interface TsIdentSimple(Anon_OtherOptions) [id => consolidate, phase => typescript, scope => TreeScope(TsParsedFile() / TsDeclModule(consolidate) / TsDeclInterface(Consolidate) / TsMemberFunction(swig) / TsFunSig() / TsFunParam() / TsTypeObject())] 
[info ] ExtractInterfaces.scala:30 Extracted anonymous interface TsIdentSimple(Anon_OtherOptions) [id => consolidate, phase => typescript, scope => TreeScope(TsParsedFile() / TsDeclModule(consolidate) / TsDeclInterface(Consolidate) / TsMemberFunction(react) / TsFunSig() / TsFunParam() / TsTypeObject())] 
[info ] ExtractInterfaces.scala:30 Extracted anonymous interface TsIdentSimple(Anon_OtherOptions) [id => consolidate, phase => typescript, scope => TreeScope(TsParsedFile() / TsDeclModule(consolidate) / TsDeclInterface(Consolidate) / TsMemberFunction(react) / TsFunSig() / TsFunParam() / TsTypeObject())] 
[info ] ExtractInterfaces.scala:30 Extracted anonymous interface TsIdentSimple(Anon_OtherOptions) [id => consolidate, phase => typescript, scope => TreeScope(TsParsedFile() / TsDeclModule(consolidate) / TsDeclInterface(Consolidate) / TsMemberFunction(mote) / TsFunSig() / TsFunParam() / TsTypeObject())] 
[info ] ExtractInterfaces.scala:30 Extracted anonymous interface TsIdentSimple(Anon_OtherOptions) [id => consolidate, phase => typescript, scope => TreeScope(TsParsedFile() / TsDeclModule(consolidate) / TsDeclInterface(Consolidate) / TsMemberFunction(mote) / TsFunSig() / TsFunParam() / TsTypeObject())] 
[info ] ExtractInterfaces.scala:30 Extracted anonymous interface TsIdentSimple(Anon_OtherOptions) [id => consolidate, phase => typescript, scope => TreeScope(TsParsedFile() / TsDeclModule(consolidate) / TsDeclInterface(Consolidate) / TsMemberFunction(ejs) / TsFunSig() / TsFunParam() / TsTypeObject())] 
[info ] ExtractInterfaces.scala:30 Extracted anonymous interface TsIdentSimple(Anon_OtherOptions) [id => consolidate, phase => typescript, scope => TreeScope(TsParsedFile() / TsDeclModule(consolidate) / TsDeclInterface(Consolidate) / TsMemberFunction(ejs) / TsFunSig() / TsFunParam() / TsTypeObject())] 
[info ] ExtractInterfaces.scala:30 Extracted anonymous interface TsIdentSimple(Anon_OtherOptions) [id => consolidate, phase => typescript, scope => TreeScope(TsParsedFile() / TsDeclModule(consolidate) / TsDeclInterface(Consolidate) / TsMemberFunction(qejs) / TsFunSig() / TsFunParam() / TsTypeObject())] 
[info ] ExtractInterfaces.scala:30 Extracted anonymous interface TsIdentSimple(Anon_OtherOptions) [id => consolidate, phase => typescript, scope => TreeScope(TsParsedFile() / TsDeclModule(consolidate) / TsDeclInterface(Consolidate) / TsMemberFunction(qejs) / TsFunSig() / TsFunParam() / TsTypeObject())] 
[info ] ExtractInterfaces.scala:30 Extracted anonymous interface TsIdentSimple(Anon_OtherOptions) [id => consolidate, phase => typescript, scope => TreeScope(TsParsedFile() / TsDeclModule(consolidate) / TsDeclInterface(Consolidate) / TsMemberFunction(just) / TsFunSig() / TsFunParam() / TsTypeObject())] 
[info ] ExtractInterfaces.scala:30 Extracted anonymous interface TsIdentSimple(Anon_OtherOptions) [id => consolidate, phase => typescript, scope => TreeScope(TsParsedFile() / TsDeclModule(consolidate) / TsDeclInterface(Consolidate) / TsMemberFunction(just) / TsFunSig() / TsFunParam() / TsTypeObject())] 
[info ] ExtractInterfaces.scala:30 Extracted anonymous interface TsIdentSimple(Anon_OtherOptions) [id => consolidate, phase => typescript, scope => TreeScope(TsParsedFile() / TsDeclModule(consolidate) / TsDeclInterface(Consolidate) / TsMemberFunction(nunjucks) / TsFunSig() / TsFunParam() / TsTypeObject())] 
[info ] ExtractInterfaces.scala:30 Extracted anonymous interface TsIdentSimple(Anon_OtherOptions) [id => consolidate, phase => typescript, scope => TreeScope(TsParsedFile() / TsDeclModule(consolidate) / TsDeclInterface(Consolidate) / TsMemberFunction(nunjucks) / TsFunSig() / TsFunParam() / TsTypeObject())] 
[info ] ExtractInterfaces.scala:30 Extracted anonymous interface TsIdentSimple(Anon_OtherOptions) [id => consolidate, phase => typescript, scope => TreeScope(TsParsedFile() / TsDeclModule(consolidate) / TsDeclInterface(Consolidate) / TsMemberFunction(templayed) / TsFunSig() / TsFunParam() / TsTypeObject())] 
[info ] ExtractInterfaces.scala:30 Extracted anonymous interface TsIdentSimple(Anon_OtherOptions) [id => consolidate, phase => typescript, scope => TreeScope(TsParsedFile() / TsDeclModule(consolidate) / TsDeclInterface(Consolidate) / TsMemberFunction(templayed) / TsFunSig() / TsFunParam() / TsTypeObject())] 
[info ] ExtractInterfaces.scala:30 Extracted anonymous interface TsIdentSimple(Anon_OtherOptions) [id => consolidate, phase => typescript, scope => TreeScope(TsParsedFile() / TsDeclModule(consolidate) / TsDeclInterface(Consolidate) / TsMemberFunction(toffee) / TsFunSig() / TsFunParam() / TsTypeObject())] 
[info ] ExtractInterfaces.scala:30 Extracted anonymous interface TsIdentSimple(Anon_OtherOptions) [id => consolidate, phase => typescript, scope => TreeScope(TsParsedFile() / TsDeclModule(consolidate) / TsDeclInterface(Consolidate) / TsMemberFunction(toffee) / TsFunSig() / TsFunParam() / TsTypeObject())] 
[info ] ExtractInterfaces.scala:30 Extracted anonymous interface TsIdentSimple(Anon_OtherOptions) [id => consolidate, phase => typescript, scope => TreeScope(TsParsedFile() / TsDeclModule(consolidate) / TsDeclInterface(Consolidate) / TsMemberFunction(hamlet) / TsFunSig() / TsFunParam() / TsTypeObject())] 
[info ] ExtractInterfaces.scala:30 Extracted anonymous interface TsIdentSimple(Anon_OtherOptions) [id => consolidate, phase => typescript, scope => TreeScope(TsParsedFile() / TsDeclModule(consolidate) / TsDeclInterface(Consolidate) / TsMemberFunction(hamlet) / TsFunSig() / TsFunParam() / TsTypeObject())] 
[info ] ExtractInterfaces.scala:30 Extracted anonymous interface TsIdentSimple(Anon_OtherOptions) [id => consolidate, phase => typescript, scope => TreeScope(TsParsedFile() / TsDeclModule(consolidate) / TsDeclInterface(Consolidate) / TsMemberFunction(atpl) / TsFunSig() / TsFunParam() / TsTypeObject())] 
[info ] ExtractInterfaces.scala:30 Extracted anonymous interface TsIdentSimple(Anon_OtherOptions) [id => consolidate, phase => typescript, scope => TreeScope(TsParsedFile() / TsDeclModule(consolidate) / TsDeclInterface(Consolidate) / TsMemberFunction(atpl) / TsFunSig() / TsFunParam() / TsTypeObject())] 
[info ] ExtractInterfaces.scala:30 Extracted anonymous interface TsIdentSimple(Anon_OtherOptions) [id => consolidate, phase => typescript, scope => TreeScope(TsParsedFile() / TsDeclModule(consolidate) / TsDeclInterface(Consolidate) / TsMemberFunction(whiskers) / TsFunSig() / TsFunParam() / TsTypeObject())] 
[info ] ExtractInterfaces.scala:30 Extracted anonymous interface TsIdentSimple(Anon_OtherOptions) [id => consolidate, phase => typescript, scope => TreeScope(TsParsedFile() / TsDeclModule(consolidate) / TsDeclInterface(Consolidate) / TsMemberFunction(whiskers) / TsFunSig() / TsFunParam() / TsTypeObject())] 
[info ] ExtractInterfaces.scala:30 Extracted anonymous interface TsIdentSimple(Anon_OtherOptions) [id => consolidate, phase => typescript, scope => TreeScope(TsParsedFile() / TsDeclModule(consolidate) / TsDeclInterface(Consolidate) / TsMemberFunction(pug) / TsFunSig() / TsFunParam() / TsTypeObject())] 
[info ] ExtractInterfaces.scala:30 Extracted anonymous interface TsIdentSimple(Anon_OtherOptions) [id => consolidate, phase => typescript, scope => TreeScope(TsParsedFile() / TsDeclModule(consolidate) / TsDeclInterface(Consolidate) / TsMemberFunction(pug) / TsFunSig() / TsFunParam() / TsTypeObject())] 
[info ] ExtractInterfaces.scala:30 Extracted anonymous interface TsIdentSimple(Anon_OtherOptions) [id => consolidate, phase => typescript, scope => TreeScope(TsParsedFile() / TsDeclModule(consolidate) / TsDeclInterface(Consolidate) / TsMemberFunction(jazz) / TsFunSig() / TsFunParam() / TsTypeObject())] 
[info ] ExtractInterfaces.scala:30 Extracted anonymous interface TsIdentSimple(Anon_OtherOptions) [id => consolidate, phase => typescript, scope => TreeScope(TsParsedFile() / TsDeclModule(consolidate) / TsDeclInterface(Consolidate) / TsMemberFunction(jazz) / TsFunSig() / TsFunParam() / TsTypeObject())] 
[info ] ExtractInterfaces.scala:30 Extracted anonymous interface TsIdentSimple(Anon_OtherOptions) [id => consolidate, phase => typescript, scope => TreeScope(TsParsedFile() / TsDeclModule(consolidate) / TsDeclInterface(Consolidate) / TsMemberFunction(ect) / TsFunSig() / TsFunParam() / TsTypeObject())] 
[info ] ExtractInterfaces.scala:30 Extracted anonymous interface TsIdentSimple(Anon_OtherOptions) [id => consolidate, phase => typescript, scope => TreeScope(TsParsedFile() / TsDeclModule(consolidate) / TsDeclInterface(Consolidate) / TsMemberFunction(ect) / TsFunSig() / TsFunParam() / TsTypeObject())] 
[info ] ExtractInterfaces.scala:30 Extracted anonymous interface TsIdentSimple(Anon_OtherOptions) [id => consolidate, phase => typescript, scope => TreeScope(TsParsedFile() / TsDeclModule(consolidate) / TsDeclInterface(Consolidate) / TsMemberFunction(eco) / TsFunSig() / TsFunParam() / TsTypeObject())] 
[info ] ExtractInterfaces.scala:30 Extracted anonymous interface TsIdentSimple(Anon_OtherOptions) [id => consolidate, phase => typescript, scope => TreeScope(TsParsedFile() / TsDeclModule(consolidate) / TsDeclInterface(Consolidate) / TsMemberFunction(eco) / TsFunSig() / TsFunParam() / TsTypeObject())] 
[info ] ExtractInterfaces.scala:30 Extracted anonymous interface TsIdentSimple(Anon_OtherOptions) [id => consolidate, phase => typescript, scope => TreeScope(TsParsedFile() / TsDeclModule(consolidate) / TsDeclInterface(Consolidate) / TsMemberFunction(ractive) / TsFunSig() / TsFunParam() / TsTypeObject())] 
[info ] ExtractInterfaces.scala:30 Extracted anonymous interface TsIdentSimple(Anon_OtherOptions) [id => consolidate, phase => typescript, scope => TreeScope(TsParsedFile() / TsDeclModule(consolidate) / TsDeclInterface(Consolidate) / TsMemberFunction(ractive) / TsFunSig() / TsFunParam() / TsTypeObject())] 
[info ] ExtractInterfaces.scala:30 Extracted anonymous interface TsIdentSimple(Anon_OtherOptions) [id => consolidate, phase => typescript, scope => TreeScope(TsParsedFile() / TsDeclModule(consolidate) / TsDeclInterface(Consolidate) / TsMemberFunction(underscore) / TsFunSig() / TsFunParam() / TsTypeObject())] 
[info ] ExtractInterfaces.scala:30 Extracted anonymous interface TsIdentSimple(Anon_OtherOptions) [id => consolidate, phase => typescript, scope => TreeScope(TsParsedFile() / TsDeclModule(consolidate) / TsDeclInterface(Consolidate) / TsMemberFunction(underscore) / TsFunSig() / TsFunParam() / TsTypeObject())] 
[info ] ExtractInterfaces.scala:30 Extracted anonymous interface TsIdentSimple(Anon_OtherOptions) [id => consolidate, phase => typescript, scope => TreeScope(TsParsedFile() / TsDeclModule(consolidate) / TsDeclInterface(Consolidate) / TsMemberFunction(liquor) / TsFunSig() / TsFunParam() / TsTypeObject())] 
[info ] ExtractInterfaces.scala:30 Extracted anonymous interface TsIdentSimple(Anon_OtherOptions) [id => consolidate, phase => typescript, scope => TreeScope(TsParsedFile() / TsDeclModule(consolidate) / TsDeclInterface(Consolidate) / TsMemberFunction(liquor) / TsFunSig() / TsFunParam() / TsTypeObject())] 
[info ] ExtractInterfaces.scala:30 Extracted anonymous interface TsIdentSimple(Anon_OtherOptions) [id => consolidate, phase => typescript, scope => TreeScope(TsParsedFile() / TsDeclModule(consolidate) / TsDeclInterface(Consolidate) / TsMemberFunction(lodash) / TsFunSig() / TsFunParam() / TsTypeObject())] 
[info ] ExtractInterfaces.scala:30 Extracted anonymous interface TsIdentSimple(Anon_OtherOptions) [id => consolidate, phase => typescript, scope => TreeScope(TsParsedFile() / TsDeclModule(consolidate) / TsDeclInterface(Consolidate) / TsMemberFunction(lodash) / TsFunSig() / TsFunParam() / TsTypeObject())] 
[info ] ExtractInterfaces.scala:30 Extracted anonymous interface TsIdentSimple(Anon_OtherOptions) [id => consolidate, phase => typescript, scope => TreeScope(TsParsedFile() / TsDeclModule(consolidate) / TsDeclInterface(RendererInterface) / TsMemberCall() / TsFunSig() / TsFunParam() / TsTypeObject())] 
[info ] ExtractInterfaces.scala:30 Extracted anonymous interface TsIdentSimple(Anon_OtherOptions) [id => consolidate, phase => typescript, scope => TreeScope(TsParsedFile() / TsDeclModule(consolidate) / TsDeclInterface(RendererInterface) / TsMemberCall() / TsFunSig() / TsFunParam() / TsTypeObject())] 
[info ] ExtractInterfaces.scala:30 Extracted anonymous interface TsIdentSimple(Anon_OtherOptions) [id => consolidate, phase => typescript, scope => TreeScope(TsParsedFile() / TsDeclModule(consolidate) / TsDeclInterface(RendererInterface) / TsMemberFunction(render) / TsFunSig() / TsFunParam() / TsTypeObject())] 
[info ] ExtractInterfaces.scala:30 Extracted anonymous interface TsIdentSimple(Anon_OtherOptions) [id => consolidate, phase => typescript, scope => TreeScope(TsParsedFile() / TsDeclModule(consolidate) / TsDeclInterface(RendererInterface) / TsMemberFunction(render) / TsFunSig() / TsFunParam() / TsTypeObject())] 
[debug] PhaseRunner.scala:78 Success [id => consolidate, phase => typescript] 
[warn ] Phase2ToScalaJs.scala:34 Processing TsIdentLibrarySimple(consolidate) [id => consolidate, phase => scala.js] 
[debug] PhaseRunner.scala:78 Success [id => consolidate, phase => scala.js] 
[warn ] PhaseRunner.scala:64 Failed because of, [node => Compilation failed] [id => consolidate, phase => build] 
[debug] PhaseRunner.scala:82 Failure, [node => Compilation failed] [id => consolidate, phase => build] 
