[debug] PhaseRunner.scala:78 Success [id => cryptr, phase => typescript] 
[info ] Phase1ReadTypescript.scala:152 Preprocessing TsHelperFile(InFile(/home/tso/tmp/tso-cache/DefinitelyTyped/types/cryptr/index.d.ts),FromFolder(InFolder(/home/tso/tmp/tso-cache/DefinitelyTyped/types/cryptr),TsIdentLibrarySimple(cryptr)),TsIdentModule(None,List(cryptr))) [id => cryptr, phase => typescript] 
[info ] InferredDefaultModule.scala:39 Inferred module TsIdentModule(None,List(cryptr)) [id => cryptr, phase => typescript] 
[warn ] Phase1ReadTypescript.scala:190 Processing TsIdentLibrarySimple(cryptr) [id => cryptr, phase => typescript] 
[debug] PhaseRunner.scala:78 Success [id => cryptr, phase => typescript] 
[warn ] Phase2ToScalaJs.scala:34 Processing cryptr [id => cryptr, phase => scala.js] 
[info ] CompleteClass.scala:60 Completed implementations Vector(decrypt, encrypt) [id => cryptr, phase => scala.js, this => Name(cryptrLib) / Name(cryptrMod) / Name(namespaced)] 
[debug] PhaseRunner.scala:78 Success [id => cryptr, phase => scala.js] 
[warn ] Phase3CompileBloop.scala:204 Built cryptr in 1994 ms [id => cryptr, phase => build] 
[info ] Phase3CompileBloop.scala:214 published local, [/home/tso/.ivy2/local/org.scalablytyped/cryptr_sjs0.6_2.12/4.0-dt-20181208Z-ea8cee/jars/cryptr_sjs0.6_2.12.jar, /home/tso/.ivy2/local/org.scalablytyped/cryptr_sjs0.6_2.12/4.0-dt-20181208Z-ea8cee/srcs/cryptr_sjs0.6_2.12-sources.jar, /home/tso/.ivy2/local/org.scalablytyped/cryptr_sjs0.6_2.12/4.0-dt-20181208Z-ea8cee/ivys/ivy.xml, /home/tso/.ivy2/local/org.scalablytyped/cryptr_sjs0.6_2.12/4.0-dt-20181208Z-ea8cee/poms/cryptr_sjs0.6_2.12.pom] [id => cryptr, phase => build] 
[debug] PhaseRunner.scala:78 Success [id => cryptr, phase => build] 
[error] PhaseRes.scala:75 Caught exception [id => cryptr, phase => publish] java.lang.RuntimeException: was not able to find or create version 4.0-dt-20181208Z-ea8cee for oyvindberg in ScalablyTyped for package cryptr
	at scala.sys.package$.error(package.scala:26)
	at com.olvind.tso.importer.build.BinTrayPublisher.$anonfun$checkVersion$2(BinTrayPublisher.scala:63)
	at com.olvind.tso.importer.build.BinTrayPublisher.$anonfun$checkVersion$2$adapted(BinTrayPublisher.scala:59)
	at scala.util.Success.$anonfun$map$1(Try.scala:251)
	at scala.util.Success.map(Try.scala:209)
	at scala.concurrent.Future.$anonfun$map$1(Future.scala:288)
	at scala.concurrent.impl.Promise.liftedTree1$1(Promise.scala:29)
	at scala.concurrent.impl.Promise.$anonfun$transform$1(Promise.scala:29)
	at scala.concurrent.impl.CallbackRunnable.run(Promise.scala:60)
	at java.util.concurrent.ForkJoinTask$RunnableExecuteAction.exec(ForkJoinTask.java:1402)
	at java.util.concurrent.ForkJoinTask.doExec(ForkJoinTask.java:289)
	at java.util.concurrent.ForkJoinPool$WorkQueue.runTask(ForkJoinPool.java:1056)
	at java.util.concurrent.ForkJoinPool.runWorker(ForkJoinPool.java:1692)
	at java.util.concurrent.ForkJoinWorkerThread.run(ForkJoinWorkerThread.java:157)

[debug] PhaseRunner.scala:82 Failure, [cryptr => java.lang.RuntimeException: was not able to find or create version 4.0-dt-20181208Z-ea8cee for oyvindberg in ScalablyTyped for package cryptr] [id => cryptr, phase => publish] 
