[debug] PhaseRunner.scala:82 Success [id => cypress, phase => typescript] 
[debug] PhaseRunner.scala:82 Success [id => cypress, phase => typescript] 
[debug] PhaseRunner.scala:82 Success [id => cypress, phase => typescript] 
[debug] PhaseRunner.scala:82 Success [id => cypress, phase => typescript] 
[debug] PhaseRunner.scala:82 Success [id => cypress, phase => typescript] 
[debug] PhaseRunner.scala:82 Success [id => cypress, phase => typescript] 
[debug] PhaseRunner.scala:82 Success [id => cypress, phase => typescript] 
[debug] PhaseRunner.scala:82 Success [id => cypress, phase => typescript] 
[debug] PhaseRunner.scala:82 Success [id => cypress, phase => typescript] 
[debug] PhaseRunner.scala:82 Success [id => cypress, phase => typescript] 
[info ] InferredDependency.scala:20 Inferred dependencies Set(TsIdentLibrarySimple(moment)) for TsIdentLibrarySimple(cypress) [id => cypress, phase => typescript, file => ../cypress/types/cy-moment.d.ts] 
[debug] PhaseRunner.scala:82 Success [id => cypress, phase => typescript] 
[debug] PhaseRunner.scala:82 Success [id => cypress, phase => typescript] 
[info ] ResolveExternalReferences.scala:82 Inferred augmented module Some(TsIdentModule(None,List(cypress, types, lodash))) (TsIdentModule(None,List(.., index))) [file => ../lodash/common/array.d.ts, phase => typescript, scope => TreeScope(TsParsedFile() / TsDeclModule(../index)), id => cypress] 
[debug] PhaseRunner.scala:90 Ignored [id => cypress, phase => typescript] 
[info ] ResolveExternalReferences.scala:82 Inferred augmented module Some(TsIdentModule(None,List(cypress, types, lodash))) (TsIdentModule(None,List(.., index))) [file => ../lodash/common/collection.d.ts, phase => typescript, scope => TreeScope(TsParsedFile() / TsDeclModule(../index)), id => cypress] 
[debug] PhaseRunner.scala:90 Ignored [id => cypress, phase => typescript] 
[debug] PhaseRunner.scala:82 Success [id => cypress, phase => typescript] 
[info ] ResolveExternalReferences.scala:82 Inferred augmented module Some(TsIdentModule(None,List(cypress, types, lodash))) (TsIdentModule(None,List(.., index))) [file => ../lodash/common/common.d.ts, phase => typescript, scope => TreeScope(TsParsedFile() / TsDeclModule(../index)), id => cypress] 
[debug] PhaseRunner.scala:82 Success [id => cypress, phase => typescript] 
[info ] ResolveExternalReferences.scala:82 Inferred augmented module Some(TsIdentModule(None,List(cypress, types, lodash))) (TsIdentModule(None,List(.., index))) [file => ../lodash/common/date.d.ts, phase => typescript, scope => TreeScope(TsParsedFile() / TsDeclModule(../index)), id => cypress] 
[debug] PhaseRunner.scala:82 Success [id => cypress, phase => typescript] 
[info ] ResolveExternalReferences.scala:82 Inferred augmented module Some(TsIdentModule(None,List(cypress, types, lodash))) (TsIdentModule(None,List(.., index))) [file => ../lodash/common/function.d.ts, phase => typescript, scope => TreeScope(TsParsedFile() / TsDeclModule(../index)), id => cypress] 
[debug] PhaseRunner.scala:82 Success [id => cypress, phase => typescript] 
[info ] ResolveExternalReferences.scala:82 Inferred augmented module Some(TsIdentModule(None,List(cypress, types, lodash))) (TsIdentModule(None,List(.., index))) [file => ../lodash/common/lang.d.ts, phase => typescript, scope => TreeScope(TsParsedFile() / TsDeclModule(../index)), id => cypress] 
[debug] PhaseRunner.scala:82 Success [id => cypress, phase => typescript] 
[info ] ResolveExternalReferences.scala:82 Inferred augmented module Some(TsIdentModule(None,List(cypress, types, lodash))) (TsIdentModule(None,List(.., index))) [file => ../lodash/common/math.d.ts, phase => typescript, scope => TreeScope(TsParsedFile() / TsDeclModule(../index)), id => cypress] 
[debug] PhaseRunner.scala:82 Success [id => cypress, phase => typescript] 
[info ] ResolveExternalReferences.scala:82 Inferred augmented module Some(TsIdentModule(None,List(cypress, types, lodash))) (TsIdentModule(None,List(.., index))) [file => ../lodash/common/number.d.ts, phase => typescript, scope => TreeScope(TsParsedFile() / TsDeclModule(../index)), id => cypress] 
[debug] PhaseRunner.scala:82 Success [id => cypress, phase => typescript] 
[info ] ResolveExternalReferences.scala:82 Inferred augmented module Some(TsIdentModule(None,List(cypress, types, lodash))) (TsIdentModule(None,List(.., index))) [file => ../lodash/common/object.d.ts, phase => typescript, scope => TreeScope(TsParsedFile() / TsDeclModule(../index)), id => cypress] 
[debug] PhaseRunner.scala:82 Success [id => cypress, phase => typescript] 
[info ] ResolveExternalReferences.scala:82 Inferred augmented module Some(TsIdentModule(None,List(cypress, types, lodash))) (TsIdentModule(None,List(.., index))) [file => ../lodash/common/seq.d.ts, phase => typescript, scope => TreeScope(TsParsedFile() / TsDeclModule(../index)), id => cypress] 
[debug] PhaseRunner.scala:82 Success [id => cypress, phase => typescript] 
[info ] ResolveExternalReferences.scala:82 Inferred augmented module Some(TsIdentModule(None,List(cypress, types, lodash))) (TsIdentModule(None,List(.., index))) [file => ../lodash/common/string.d.ts, phase => typescript, scope => TreeScope(TsParsedFile() / TsDeclModule(../index)), id => cypress] 
[debug] PhaseRunner.scala:82 Success [id => cypress, phase => typescript] 
[info ] ResolveExternalReferences.scala:82 Inferred augmented module Some(TsIdentModule(None,List(cypress, types, lodash))) (TsIdentModule(None,List(.., index))) [file => ../lodash/common/util.d.ts, phase => typescript, scope => TreeScope(TsParsedFile() / TsDeclModule(../index)), id => cypress] 
[debug] PhaseRunner.scala:82 Success [id => cypress, phase => typescript] 
[debug] PhaseRunner.scala:82 Success [id => cypress, phase => typescript] 
[debug] PhaseRunner.scala:82 Success [id => cypress, phase => typescript] 
[debug] PhaseRunner.scala:82 Success [id => cypress, phase => typescript] 
[debug] PhaseRunner.scala:82 Success [id => cypress, phase => typescript] 
[debug] PhaseRunner.scala:82 Success [id => cypress, phase => typescript] 
[error] PhaseRunner.scala:86 Failure, [cypress => Couldn't resolve ../sinon] [id => cypress, phase => typescript] 
[debug] PhaseRunner.scala:82 Success [id => cypress, phase => typescript] 
[warn ] PhaseRunner.scala:68 Failed because of, [cypress => Couldn't resolve ../sinon] [id => cypress, phase => typescript] 
[error] PhaseRunner.scala:86 Failure, [cypress => Couldn't resolve ../sinon] [id => cypress, phase => typescript] 
[warn ] PhaseRunner.scala:68 Failed because of, [cypress => Couldn't resolve ../sinon] [id => cypress, phase => typescript] 
[error] PhaseRunner.scala:86 Failure, [cypress => Couldn't resolve ../sinon] [id => cypress, phase => typescript] 
[error] PhaseRunner.scala:86 Failure, [cypress => Couldn't resolve ../sinon] [id => cypress, phase => scala.js] 
[error] PhaseRunner.scala:86 Failure, [cypress => Couldn't resolve ../sinon] [id => cypress, phase => build] 
[error] PhaseRunner.scala:86 Failure, [cypress => Couldn't resolve ../sinon] [id => cypress, phase => publish] 
