[info ] ResolveExternalReferences.scala:76 Inferred augmented module None (TsIdentModule(None,List(d3-selection))) [file => ../types/d3-graphviz/index.d.ts, phase => typescript, scope => TreeScope(TsParsedFile() / TsDeclModule(d3-selection)), id => d3-graphviz] 
[debug] PhaseRunner.scala:78 Success [id => d3-graphviz, phase => typescript] 
[info ] Phase1ReadTypescript.scala:152 Preprocessing TsHelperFile(InFile(/home/tso/tmp/tso-cache/DefinitelyTyped/types/d3-graphviz/index.d.ts),FromFolder(InFolder(/home/tso/tmp/tso-cache/DefinitelyTyped/types/d3-graphviz),TsIdentLibrarySimple(d3-graphviz)),TsIdentModule(None,List(d3-graphviz))) [id => d3-graphviz, phase => typescript] 
[info ] InferredDefaultModule.scala:39 Inferred module TsIdentModule(None,List(d3-graphviz)) [id => d3-graphviz, phase => typescript] 
[warn ] Phase1ReadTypescript.scala:190 Processing TsIdentLibrarySimple(d3-graphviz) [id => d3-graphviz, phase => typescript] 
[debug] PhaseRunner.scala:78 Success [id => d3-graphviz, phase => typescript] 
[warn ] Phase2ToScalaJs.scala:34 Processing TsIdentLibrarySimple(d3-graphviz) [id => d3-graphviz, phase => scala.js] 
[debug] PhaseRunner.scala:78 Success [id => d3-graphviz, phase => scala.js] 
[warn ] Phase3CompileBloop.scala:192 Using cached build of d3-graphviz [id => d3-graphviz, phase => build] 
[debug] PhaseRunner.scala:78 Success [id => d3-graphviz, phase => build] 
[error] PhaseRes.scala:75 Caught exception [id => d3-graphviz, phase => publish] java.lang.RuntimeException: was not able to find or create a package for oyvindberg in ScalablyTyped named d3-graphviz
	at scala.sys.package$.error(package.scala:26)
	at com.olvind.tso.importer.build.BinTrayPublisher.$anonfun$ensurePackage$2(BinTrayPublisher.scala:49)
	at com.olvind.tso.importer.build.BinTrayPublisher.$anonfun$ensurePackage$2$adapted(BinTrayPublisher.scala:46)
	at scala.util.Success.$anonfun$map$1(Try.scala:251)
	at scala.util.Success.map(Try.scala:209)
	at scala.concurrent.Future.$anonfun$map$1(Future.scala:288)
	at scala.concurrent.impl.Promise.liftedTree1$1(Promise.scala:29)
	at scala.concurrent.impl.Promise.$anonfun$transform$1(Promise.scala:29)
	at scala.concurrent.impl.CallbackRunnable.run(Promise.scala:60)
	at java.util.concurrent.ForkJoinTask$RunnableExecuteAction.exec(ForkJoinTask.java:1402)
	at java.util.concurrent.ForkJoinTask.doExec(ForkJoinTask.java:289)
	at java.util.concurrent.ForkJoinPool$WorkQueue.runTask(ForkJoinPool.java:1056)
	at java.util.concurrent.ForkJoinPool.runWorker(ForkJoinPool.java:1692)
	at java.util.concurrent.ForkJoinWorkerThread.run(ForkJoinWorkerThread.java:157)

[debug] PhaseRunner.scala:82 Failure, [d3-graphviz => java.lang.RuntimeException: was not able to find or create a package for oyvindberg in ScalablyTyped named d3-graphviz] [id => d3-graphviz, phase => publish] 
