[info ] ResolveExternalReferences.scala:82 Inferred augmented module None (TsIdentModule(None,List(dagre))) [file => ../types/dagre-d3/index.d.ts, phase => typescript, scope => TreeScope(TsParsedFile() / TsDeclModule(dagre)), id => dagre-d3] 
[debug] PhaseRunner.scala:82 Success [id => dagre-d3, phase => typescript] 
[info ] Phase1ReadTypescript.scala:160 Preprocessing TsHelperFile(InFile(/home/tso/tmp/tso-cache/DefinitelyTyped/types/dagre-d3/index.d.ts),FromFolder(InFolder(/home/tso/tmp/tso-cache/DefinitelyTyped/types/dagre-d3),TsIdentLibrarySimple(dagre-d3)),TsIdentModule(None,List(dagre-d3))) [id => dagre-d3, phase => typescript] 
[info ] InferredDefaultModule.scala:39 Inferred module TsIdentModule(None,List(dagre-d3)) [id => dagre-d3, phase => typescript] 
[warn ] Phase1ReadTypescript.scala:200 Processing TsIdentLibrarySimple(dagre-d3) [id => dagre-d3, phase => typescript] 
[warn ] DefaultedTParams.scala:38 no default parameter for Datum [id => dagre-d3, phase => typescript, scope => TreeScope(TsParsedFile() / TsDeclModule(dagre-d3) / TsDeclInterface(Render) / TsMemberFunction(arrows) / TsFunSig() / TsTypeObject() / TsMemberIndex() / TsTypeFunction() / TsFunSig() / TsFunParam() / TsTypeRef())] 
[warn ] DefaultedTParams.scala:38 no default parameter for PElement extends d3-selection.d3-selection.BaseType [id => dagre-d3, phase => typescript, scope => TreeScope(TsParsedFile() / TsDeclModule(dagre-d3) / TsDeclInterface(Render) / TsMemberFunction(arrows) / TsFunSig() / TsTypeObject() / TsMemberIndex() / TsTypeFunction() / TsFunSig() / TsFunParam() / TsTypeRef())] 
[warn ] DefaultedTParams.scala:38 no default parameter for PDatum [id => dagre-d3, phase => typescript, scope => TreeScope(TsParsedFile() / TsDeclModule(dagre-d3) / TsDeclInterface(Render) / TsMemberFunction(arrows) / TsFunSig() / TsTypeObject() / TsMemberIndex() / TsTypeFunction() / TsFunSig() / TsFunParam() / TsTypeRef())] 
[warn ] DefaultedTParams.scala:38 no default parameter for Datum [id => dagre-d3, phase => typescript, scope => TreeScope(TsParsedFile() / TsDeclModule(dagre-d3) / TsDeclInterface(Render) / TsMemberCall() / TsFunSig() / TsFunParam() / TsTypeRef())] 
[warn ] DefaultedTParams.scala:38 no default parameter for PElement extends d3-selection.d3-selection.BaseType [id => dagre-d3, phase => typescript, scope => TreeScope(TsParsedFile() / TsDeclModule(dagre-d3) / TsDeclInterface(Render) / TsMemberCall() / TsFunSig() / TsFunParam() / TsTypeRef())] 
[warn ] DefaultedTParams.scala:38 no default parameter for PDatum [id => dagre-d3, phase => typescript, scope => TreeScope(TsParsedFile() / TsDeclModule(dagre-d3) / TsDeclInterface(Render) / TsMemberCall() / TsFunSig() / TsFunParam() / TsTypeRef())] 
[warn ] DefaultedTParams.scala:38 no default parameter for Datum [id => dagre-d3, phase => typescript, scope => TreeScope(TsParsedFile() / TsDeclModule(dagre-d3) / TsDeclInterface(Render) / TsMemberFunction(shapes) / TsFunSig() / TsTypeObject() / TsMemberIndex() / TsTypeFunction() / TsFunSig() / TsFunParam() / TsTypeRef())] 
[warn ] DefaultedTParams.scala:38 no default parameter for PElement extends d3-selection.d3-selection.BaseType [id => dagre-d3, phase => typescript, scope => TreeScope(TsParsedFile() / TsDeclModule(dagre-d3) / TsDeclInterface(Render) / TsMemberFunction(shapes) / TsFunSig() / TsTypeObject() / TsMemberIndex() / TsTypeFunction() / TsFunSig() / TsFunParam() / TsTypeRef())] 
[warn ] DefaultedTParams.scala:38 no default parameter for PDatum [id => dagre-d3, phase => typescript, scope => TreeScope(TsParsedFile() / TsDeclModule(dagre-d3) / TsDeclInterface(Render) / TsMemberFunction(shapes) / TsFunSig() / TsTypeObject() / TsMemberIndex() / TsTypeFunction() / TsFunSig() / TsFunParam() / TsTypeRef())] 
[warn ] DefaultedTParams.scala:38 no default parameter for Datum [id => dagre-d3, phase => typescript, scope => TreeScope(TsParsedFile() / TsDeclModule(dagre-d3) / TsAugmentedModule(dagre) / TsDeclNamespace(graphlib) / TsDeclInterface(Graph) / TsMemberProperty(transition) / TsTypeFunction() / TsFunSig() / TsFunParam() / TsTypeRef())] 
[warn ] DefaultedTParams.scala:38 no default parameter for PElement extends d3-selection.d3-selection.BaseType [id => dagre-d3, phase => typescript, scope => TreeScope(TsParsedFile() / TsDeclModule(dagre-d3) / TsAugmentedModule(dagre) / TsDeclNamespace(graphlib) / TsDeclInterface(Graph) / TsMemberProperty(transition) / TsTypeFunction() / TsFunSig() / TsFunParam() / TsTypeRef())] 
[warn ] DefaultedTParams.scala:38 no default parameter for PDatum [id => dagre-d3, phase => typescript, scope => TreeScope(TsParsedFile() / TsDeclModule(dagre-d3) / TsAugmentedModule(dagre) / TsDeclNamespace(graphlib) / TsDeclInterface(Graph) / TsMemberProperty(transition) / TsTypeFunction() / TsFunSig() / TsFunParam() / TsTypeRef())] 
[warn ] DefaultedTParams.scala:38 no default parameter for Datum [id => dagre-d3, phase => typescript, scope => TreeScope(TsParsedFile() / TsDeclModule(dagre-d3) / TsAugmentedModule(dagre) / TsDeclNamespace(graphlib) / TsDeclInterface(Graph) / TsMemberProperty(transition) / TsTypeFunction() / TsFunSig() / TsTypeRef())] 
[warn ] DefaultedTParams.scala:38 no default parameter for PElement extends d3-selection.d3-selection.BaseType [id => dagre-d3, phase => typescript, scope => TreeScope(TsParsedFile() / TsDeclModule(dagre-d3) / TsAugmentedModule(dagre) / TsDeclNamespace(graphlib) / TsDeclInterface(Graph) / TsMemberProperty(transition) / TsTypeFunction() / TsFunSig() / TsTypeRef())] 
[warn ] DefaultedTParams.scala:38 no default parameter for PDatum [id => dagre-d3, phase => typescript, scope => TreeScope(TsParsedFile() / TsDeclModule(dagre-d3) / TsAugmentedModule(dagre) / TsDeclNamespace(graphlib) / TsDeclInterface(Graph) / TsMemberProperty(transition) / TsTypeFunction() / TsFunSig() / TsTypeRef())] 
[info ] ExtractInterfaces.scala:37 Extracted anonymous interface TsIdentSimple(Anon_Render) [id => dagre-d3, phase => typescript, scope => TreeScope(TsParsedFile() / TsDeclModule(dagre-d3) / TsDeclVar(render) / TsTypeObject())] 
[debug] PhaseRunner.scala:82 Success [id => dagre-d3, phase => typescript] 
[warn ] Phase2ToScalaJs.scala:40 Processing dagre-d3 [id => dagre-d3, phase => scala.js] 
[debug] PhaseRunner.scala:82 Success [id => dagre-d3, phase => scala.js] 
[warn ] PhaseRunner.scala:68 Failed because of, [geojson => Compilation failed] [id => dagre-d3, phase => build] 
[error] PhaseRunner.scala:86 Failure, [geojson => Compilation failed] [id => dagre-d3, phase => build] 
[error] PhaseRunner.scala:86 Failure, [geojson => Compilation failed] [id => dagre-d3, phase => publish] 
