[debug] PhaseRunner.scala:82 Success [id => dc, phase => typescript] 
[info ] Phase1ReadTypescript.scala:160 Preprocessing TsHelperFile(InFile(/home/tso/tmp/tso-cache/DefinitelyTyped/types/dc/index.d.ts),FromFolder(InFolder(/home/tso/tmp/tso-cache/DefinitelyTyped/types/dc),TsIdentLibrarySimple(dc)),TsIdentModule(None,List(dc))) [id => dc, phase => typescript] 
[info ] InferredDefaultModule.scala:39 Inferred module TsIdentModule(None,List(dc)) [id => dc, phase => typescript] 
[warn ] Phase1ReadTypescript.scala:200 Processing TsIdentLibrarySimple(dc) [id => dc, phase => typescript] 
[warn ] QualifyReferences.scala:32 Couldn't qualify d3.svg.Axis [id => dc, phase => typescript, scope => TreeScope(TsParsedFile() / TsDeclModule(dc) / TsDeclNamespace(dc) / TsExport() / TsExporteeTree() / TsDeclInterface(CoordinateGridMixin) / TsMemberProperty(xAxis) / TsTypeRef() / TsTypeRef())] 
[warn ] QualifyReferences.scala:32 Couldn't qualify d3.svg.Axis [id => dc, phase => typescript, scope => TreeScope(TsParsedFile() / TsDeclModule(dc) / TsDeclNamespace(dc) / TsExport() / TsExporteeTree() / TsDeclInterface(CoordinateGridMixin) / TsMemberProperty(yAxis) / TsTypeRef() / TsTypeRef())] 
[warn ] QualifyReferences.scala:32 Couldn't qualify d3.layout.Stack<Array<any>, any> [id => dc, phase => typescript, scope => TreeScope(TsParsedFile() / TsDeclModule(dc) / TsDeclNamespace(dc) / TsExport() / TsExporteeTree() / TsDeclInterface(StackMixin) / TsMemberProperty(stackLayout) / TsTypeRef() / TsTypeRef())] 
[warn ] QualifyReferences.scala:32 Couldn't qualify d3.svg.Axis [id => dc, phase => typescript, scope => TreeScope(TsParsedFile() / TsDeclModule(dc) / TsDeclNamespace(dc) / TsExport() / TsExporteeTree() / TsDeclInterface(ICompositeChart) / TsMemberProperty(rightYAxis) / TsTypeRef() / TsTypeRef())] 
[warn ] QualifyReferences.scala:32 Couldn't qualify d3.geo.Projection [id => dc, phase => typescript, scope => TreeScope(TsParsedFile() / TsDeclModule(dc) / TsDeclNamespace(dc) / TsExport() / TsExporteeTree() / TsDeclInterface(GeoChoroplethChart) / TsMemberProperty(projection) / TsTypeRef() / TsTypeRef())] 
[warn ] QualifyReferences.scala:32 Couldn't qualify d3.geo.Path [id => dc, phase => typescript, scope => TreeScope(TsParsedFile() / TsDeclModule(dc) / TsDeclNamespace(dc) / TsExport() / TsExporteeTree() / TsDeclInterface(GeoChoroplethChart) / TsMemberFunction(geoPath) / TsFunSig() / TsTypeRef())] 
[warn ] QualifyReferences.scala:32 Couldn't qualify d3.svg.Axis [id => dc, phase => typescript, scope => TreeScope(TsParsedFile() / TsDeclModule(dc) / TsDeclNamespace(dc) / TsExport() / TsExporteeTree() / TsDeclInterface(RowChart) / TsMemberProperty(xAxis) / TsTypeRef() / TsTypeRef())] 
[warn ] QualifyReferences.scala:32 Couldn't qualify d3.svg.Symbol<any> [id => dc, phase => typescript, scope => TreeScope(TsParsedFile() / TsDeclModule(dc) / TsDeclNamespace(dc) / TsExport() / TsExporteeTree() / TsDeclInterface(ScatterPlot) / TsMemberProperty(symbol) / TsTypeRef() / TsTypeRef())] 
[info ] PreferTypeAlias.scala:51 Simplified to function type alias [id => dc, phase => typescript, scope => TreeScope(TsParsedFile() / TsDeclModule(dc) / TsDeclNamespace(dc) / TsDeclInterface(Accessor))] 
[info ] ExpandCallables.scala:51 Expanded format into 1 methods [id => dc, phase => typescript, scope => TreeScope(TsParsedFile() / TsDeclModule(dc) / TsDeclNamespace(dc) / TsDeclInterface(Columns))] 
[info ] PreferTypeAlias.scala:51 Simplified to function type alias [id => dc, phase => typescript, scope => TreeScope(TsParsedFile() / TsDeclModule(dc) / TsDeclNamespace(dc) / TsDeclInterface(UnitFunction))] 
[info ] ExpandCallables.scala:51 Expanded integers into 1 methods [id => dc, phase => typescript, scope => TreeScope(TsParsedFile() / TsDeclModule(dc) / TsDeclNamespace(dc) / TsDeclInterface(Units))] 
[info ] ExpandCallables.scala:51 Expanded ordinal into 1 methods [id => dc, phase => typescript, scope => TreeScope(TsParsedFile() / TsDeclModule(dc) / TsDeclNamespace(dc) / TsDeclInterface(Units))] 
[info ] ExpandCallables.scala:51 Expanded x into 2 methods [id => dc, phase => typescript, scope => TreeScope(TsParsedFile() / TsDeclModule(dc) / TsDeclNamespace(dc) / TsDeclInterface(Legend))] 
[info ] ExpandCallables.scala:51 Expanded y into 2 methods [id => dc, phase => typescript, scope => TreeScope(TsParsedFile() / TsDeclModule(dc) / TsDeclNamespace(dc) / TsDeclInterface(Legend))] 
[info ] ExpandCallables.scala:51 Expanded gap into 2 methods [id => dc, phase => typescript, scope => TreeScope(TsParsedFile() / TsDeclModule(dc) / TsDeclNamespace(dc) / TsDeclInterface(Legend))] 
[info ] ExpandCallables.scala:51 Expanded itemHeight into 2 methods [id => dc, phase => typescript, scope => TreeScope(TsParsedFile() / TsDeclModule(dc) / TsDeclNamespace(dc) / TsDeclInterface(Legend))] 
[info ] ExpandCallables.scala:51 Expanded horizontal into 2 methods [id => dc, phase => typescript, scope => TreeScope(TsParsedFile() / TsDeclModule(dc) / TsDeclNamespace(dc) / TsDeclInterface(Legend))] 
[info ] ExpandCallables.scala:51 Expanded legendWidth into 2 methods [id => dc, phase => typescript, scope => TreeScope(TsParsedFile() / TsDeclModule(dc) / TsDeclNamespace(dc) / TsDeclInterface(Legend))] 
[info ] ExpandCallables.scala:51 Expanded legendText into 2 methods [id => dc, phase => typescript, scope => TreeScope(TsParsedFile() / TsDeclModule(dc) / TsDeclNamespace(dc) / TsDeclInterface(Legend))] 
[info ] ExpandCallables.scala:51 Expanded itemWidth into 2 methods [id => dc, phase => typescript, scope => TreeScope(TsParsedFile() / TsDeclModule(dc) / TsDeclNamespace(dc) / TsDeclInterface(Legend))] 
[info ] ExpandCallables.scala:51 Expanded autoItemWidth into 2 methods [id => dc, phase => typescript, scope => TreeScope(TsParsedFile() / TsDeclModule(dc) / TsDeclNamespace(dc) / TsDeclInterface(Legend))] 
[info ] ExpandCallables.scala:51 Expanded width into 2 methods [id => dc, phase => typescript, scope => TreeScope(TsParsedFile() / TsDeclModule(dc) / TsDeclNamespace(dc) / TsDeclInterface(BaseMixin))] 
[info ] ExpandCallables.scala:51 Expanded height into 2 methods [id => dc, phase => typescript, scope => TreeScope(TsParsedFile() / TsDeclModule(dc) / TsDeclNamespace(dc) / TsDeclInterface(BaseMixin))] 
[info ] ExpandCallables.scala:51 Expanded minWidth into 2 methods [id => dc, phase => typescript, scope => TreeScope(TsParsedFile() / TsDeclModule(dc) / TsDeclNamespace(dc) / TsDeclInterface(BaseMixin))] 
[info ] ExpandCallables.scala:51 Expanded minHeight into 2 methods [id => dc, phase => typescript, scope => TreeScope(TsParsedFile() / TsDeclModule(dc) / TsDeclNamespace(dc) / TsDeclInterface(BaseMixin))] 
[info ] ExpandCallables.scala:51 Expanded dimension into 2 methods [id => dc, phase => typescript, scope => TreeScope(TsParsedFile() / TsDeclModule(dc) / TsDeclNamespace(dc) / TsDeclInterface(BaseMixin))] 
[info ] ExpandCallables.scala:51 Expanded data into 2 methods [id => dc, phase => typescript, scope => TreeScope(TsParsedFile() / TsDeclModule(dc) / TsDeclNamespace(dc) / TsDeclInterface(BaseMixin))] 
[info ] ExpandCallables.scala:51 Expanded group into 2 methods [id => dc, phase => typescript, scope => TreeScope(TsParsedFile() / TsDeclModule(dc) / TsDeclNamespace(dc) / TsDeclInterface(BaseMixin))] 
[info ] ExpandCallables.scala:51 Expanded ordering into 2 methods [id => dc, phase => typescript, scope => TreeScope(TsParsedFile() / TsDeclModule(dc) / TsDeclNamespace(dc) / TsDeclInterface(BaseMixin))] 
[info ] ExpandCallables.scala:51 Expanded svg into 2 methods [id => dc, phase => typescript, scope => TreeScope(TsParsedFile() / TsDeclModule(dc) / TsDeclNamespace(dc) / TsDeclInterface(BaseMixin))] 
[info ] ExpandCallables.scala:51 Expanded filterPrinter into 2 methods [id => dc, phase => typescript, scope => TreeScope(TsParsedFile() / TsDeclModule(dc) / TsDeclNamespace(dc) / TsDeclInterface(BaseMixin))] 
[info ] ExpandCallables.scala:51 Expanded controlsUseVisibility into 2 methods [id => dc, phase => typescript, scope => TreeScope(TsParsedFile() / TsDeclModule(dc) / TsDeclNamespace(dc) / TsDeclInterface(BaseMixin))] 
[info ] ExpandCallables.scala:51 Expanded transitionDuration into 2 methods [id => dc, phase => typescript, scope => TreeScope(TsParsedFile() / TsDeclModule(dc) / TsDeclNamespace(dc) / TsDeclInterface(BaseMixin))] 
[info ] ExpandCallables.scala:51 Expanded hasFilterHandler into 2 methods [id => dc, phase => typescript, scope => TreeScope(TsParsedFile() / TsDeclModule(dc) / TsDeclNamespace(dc) / TsDeclInterface(BaseMixin))] 
[info ] ExpandCallables.scala:51 Expanded removeFilterHandler into 2 methods [id => dc, phase => typescript, scope => TreeScope(TsParsedFile() / TsDeclModule(dc) / TsDeclNamespace(dc) / TsDeclInterface(BaseMixin))] 
[info ] ExpandCallables.scala:51 Expanded addFilterHandler into 2 methods [id => dc, phase => typescript, scope => TreeScope(TsParsedFile() / TsDeclModule(dc) / TsDeclNamespace(dc) / TsDeclInterface(BaseMixin))] 
[info ] ExpandCallables.scala:51 Expanded resetFilterHandler into 2 methods [id => dc, phase => typescript, scope => TreeScope(TsParsedFile() / TsDeclModule(dc) / TsDeclNamespace(dc) / TsDeclInterface(BaseMixin))] 
[info ] ExpandCallables.scala:51 Expanded filter into 2 methods [id => dc, phase => typescript, scope => TreeScope(TsParsedFile() / TsDeclModule(dc) / TsDeclNamespace(dc) / TsDeclInterface(BaseMixin))] 
[info ] ExpandCallables.scala:51 Expanded filterHandler into 2 methods [id => dc, phase => typescript, scope => TreeScope(TsParsedFile() / TsDeclModule(dc) / TsDeclNamespace(dc) / TsDeclInterface(BaseMixin))] 
[info ] ExpandCallables.scala:51 Expanded keyAccessor into 2 methods [id => dc, phase => typescript, scope => TreeScope(TsParsedFile() / TsDeclModule(dc) / TsDeclNamespace(dc) / TsDeclInterface(BaseMixin))] 
[info ] ExpandCallables.scala:51 Expanded valueAccessor into 2 methods [id => dc, phase => typescript, scope => TreeScope(TsParsedFile() / TsDeclModule(dc) / TsDeclNamespace(dc) / TsDeclInterface(BaseMixin))] 
[info ] ExpandCallables.scala:51 Expanded label into 2 methods [id => dc, phase => typescript, scope => TreeScope(TsParsedFile() / TsDeclModule(dc) / TsDeclNamespace(dc) / TsDeclInterface(BaseMixin))] 
[info ] ExpandCallables.scala:51 Expanded renderLabel into 2 methods [id => dc, phase => typescript, scope => TreeScope(TsParsedFile() / TsDeclModule(dc) / TsDeclNamespace(dc) / TsDeclInterface(BaseMixin))] 
[info ] ExpandCallables.scala:51 Expanded title into 2 methods [id => dc, phase => typescript, scope => TreeScope(TsParsedFile() / TsDeclModule(dc) / TsDeclNamespace(dc) / TsDeclInterface(BaseMixin))] 
[info ] ExpandCallables.scala:51 Expanded renderTitle into 2 methods [id => dc, phase => typescript, scope => TreeScope(TsParsedFile() / TsDeclModule(dc) / TsDeclNamespace(dc) / TsDeclInterface(BaseMixin))] 
[info ] ExpandCallables.scala:51 Expanded chartGroup into 2 methods [id => dc, phase => typescript, scope => TreeScope(TsParsedFile() / TsDeclModule(dc) / TsDeclNamespace(dc) / TsDeclInterface(BaseMixin))] 
[info ] ExpandCallables.scala:51 Expanded legend into 2 methods [id => dc, phase => typescript, scope => TreeScope(TsParsedFile() / TsDeclModule(dc) / TsDeclNamespace(dc) / TsDeclInterface(BaseMixin))] 
[info ] ExpandCallables.scala:51 Expanded useViewBoxResizing into 2 methods [id => dc, phase => typescript, scope => TreeScope(TsParsedFile() / TsDeclModule(dc) / TsDeclNamespace(dc) / TsDeclInterface(BaseMixin))] 
[info ] ExpandCallables.scala:51 Expanded margins into 2 methods [id => dc, phase => typescript, scope => TreeScope(TsParsedFile() / TsDeclModule(dc) / TsDeclNamespace(dc) / TsDeclInterface(MarginMixin))] 
[info ] ExpandCallables.scala:51 Expanded colors into 2 methods [id => dc, phase => typescript, scope => TreeScope(TsParsedFile() / TsDeclModule(dc) / TsDeclNamespace(dc) / TsDeclInterface(ColorMixin))] 
[info ] ExpandCallables.scala:51 Expanded colorAccessor into 2 methods [id => dc, phase => typescript, scope => TreeScope(TsParsedFile() / TsDeclModule(dc) / TsDeclNamespace(dc) / TsDeclInterface(ColorMixin))] 
[info ] ExpandCallables.scala:51 Expanded colorDomain into 2 methods [id => dc, phase => typescript, scope => TreeScope(TsParsedFile() / TsDeclModule(dc) / TsDeclNamespace(dc) / TsDeclInterface(ColorMixin))] 
[info ] ExpandCallables.scala:51 Expanded colorCalculator into 2 methods [id => dc, phase => typescript, scope => TreeScope(TsParsedFile() / TsDeclModule(dc) / TsDeclNamespace(dc) / TsDeclInterface(ColorMixin))] 
[info ] ExpandCallables.scala:51 Expanded rangeChart into 2 methods [id => dc, phase => typescript, scope => TreeScope(TsParsedFile() / TsDeclModule(dc) / TsDeclNamespace(dc) / TsDeclInterface(CoordinateGridMixin))] 
[info ] ExpandCallables.scala:51 Expanded zoomScale into 2 methods [id => dc, phase => typescript, scope => TreeScope(TsParsedFile() / TsDeclModule(dc) / TsDeclNamespace(dc) / TsDeclInterface(CoordinateGridMixin))] 
[info ] ExpandCallables.scala:51 Expanded zoomOutRestrict into 2 methods [id => dc, phase => typescript, scope => TreeScope(TsParsedFile() / TsDeclModule(dc) / TsDeclNamespace(dc) / TsDeclInterface(CoordinateGridMixin))] 
[info ] ExpandCallables.scala:51 Expanded g into 2 methods [id => dc, phase => typescript, scope => TreeScope(TsParsedFile() / TsDeclModule(dc) / TsDeclNamespace(dc) / TsDeclInterface(CoordinateGridMixin))] 
[info ] ExpandCallables.scala:51 Expanded mouseZoomable into 2 methods [id => dc, phase => typescript, scope => TreeScope(TsParsedFile() / TsDeclModule(dc) / TsDeclNamespace(dc) / TsDeclInterface(CoordinateGridMixin))] 
[info ] ExpandCallables.scala:51 Expanded x into 2 methods [id => dc, phase => typescript, scope => TreeScope(TsParsedFile() / TsDeclModule(dc) / TsDeclNamespace(dc) / TsDeclInterface(CoordinateGridMixin))] 
[info ] ExpandCallables.scala:51 Expanded xUnits into 2 methods [id => dc, phase => typescript, scope => TreeScope(TsParsedFile() / TsDeclModule(dc) / TsDeclNamespace(dc) / TsDeclInterface(CoordinateGridMixin))] 
[info ] ExpandCallables.scala:51 Expanded xAxis into 2 methods [id => dc, phase => typescript, scope => TreeScope(TsParsedFile() / TsDeclModule(dc) / TsDeclNamespace(dc) / TsDeclInterface(CoordinateGridMixin))] 
[info ] ExpandCallables.scala:51 Expanded elasticX into 2 methods [id => dc, phase => typescript, scope => TreeScope(TsParsedFile() / TsDeclModule(dc) / TsDeclNamespace(dc) / TsDeclInterface(CoordinateGridMixin))] 
[info ] ExpandCallables.scala:51 Expanded xAxisPadding into 2 methods [id => dc, phase => typescript, scope => TreeScope(TsParsedFile() / TsDeclModule(dc) / TsDeclNamespace(dc) / TsDeclInterface(CoordinateGridMixin))] 
[info ] ExpandCallables.scala:51 Expanded useRightYAxis into 2 methods [id => dc, phase => typescript, scope => TreeScope(TsParsedFile() / TsDeclModule(dc) / TsDeclNamespace(dc) / TsDeclInterface(CoordinateGridMixin))] 
[info ] ExpandCallables.scala:51 Expanded xAxisLabel into 2 methods [id => dc, phase => typescript, scope => TreeScope(TsParsedFile() / TsDeclModule(dc) / TsDeclNamespace(dc) / TsDeclInterface(CoordinateGridMixin))] 
[info ] ExpandCallables.scala:51 Expanded yAxisLabel into 2 methods [id => dc, phase => typescript, scope => TreeScope(TsParsedFile() / TsDeclModule(dc) / TsDeclNamespace(dc) / TsDeclInterface(CoordinateGridMixin))] 
[info ] ExpandCallables.scala:51 Expanded y into 2 methods [id => dc, phase => typescript, scope => TreeScope(TsParsedFile() / TsDeclModule(dc) / TsDeclNamespace(dc) / TsDeclInterface(CoordinateGridMixin))] 
[info ] ExpandCallables.scala:51 Expanded yAxis into 2 methods [id => dc, phase => typescript, scope => TreeScope(TsParsedFile() / TsDeclModule(dc) / TsDeclNamespace(dc) / TsDeclInterface(CoordinateGridMixin))] 
[info ] ExpandCallables.scala:51 Expanded elasticY into 2 methods [id => dc, phase => typescript, scope => TreeScope(TsParsedFile() / TsDeclModule(dc) / TsDeclNamespace(dc) / TsDeclInterface(CoordinateGridMixin))] 
[info ] ExpandCallables.scala:51 Expanded renderHorizontalGridLines into 2 methods [id => dc, phase => typescript, scope => TreeScope(TsParsedFile() / TsDeclModule(dc) / TsDeclNamespace(dc) / TsDeclInterface(CoordinateGridMixin))] 
[info ] ExpandCallables.scala:51 Expanded renderVerticalGridLines into 2 methods [id => dc, phase => typescript, scope => TreeScope(TsParsedFile() / TsDeclModule(dc) / TsDeclNamespace(dc) / TsDeclInterface(CoordinateGridMixin))] 
[info ] ExpandCallables.scala:51 Expanded yAxisPadding into 2 methods [id => dc, phase => typescript, scope => TreeScope(TsParsedFile() / TsDeclModule(dc) / TsDeclNamespace(dc) / TsDeclInterface(CoordinateGridMixin))] 
[info ] ExpandCallables.scala:51 Expanded round into 2 methods [id => dc, phase => typescript, scope => TreeScope(TsParsedFile() / TsDeclModule(dc) / TsDeclNamespace(dc) / TsDeclInterface(CoordinateGridMixin))] 
[info ] ExpandCallables.scala:51 Expanded clipPadding into 2 methods [id => dc, phase => typescript, scope => TreeScope(TsParsedFile() / TsDeclModule(dc) / TsDeclNamespace(dc) / TsDeclInterface(CoordinateGridMixin))] 
[info ] ExpandCallables.scala:51 Expanded brushOn into 2 methods [id => dc, phase => typescript, scope => TreeScope(TsParsedFile() / TsDeclModule(dc) / TsDeclNamespace(dc) / TsDeclInterface(CoordinateGridMixin))] 
[info ] ExpandCallables.scala:51 Expanded hidableStacks into 2 methods [id => dc, phase => typescript, scope => TreeScope(TsParsedFile() / TsDeclModule(dc) / TsDeclNamespace(dc) / TsDeclInterface(StackMixin))] 
[info ] ExpandCallables.scala:51 Expanded stackLayout into 2 methods [id => dc, phase => typescript, scope => TreeScope(TsParsedFile() / TsDeclModule(dc) / TsDeclNamespace(dc) / TsDeclInterface(StackMixin))] 
[info ] ExpandCallables.scala:51 Expanded cap into 2 methods [id => dc, phase => typescript, scope => TreeScope(TsParsedFile() / TsDeclModule(dc) / TsDeclNamespace(dc) / TsDeclInterface(CapMixin))] 
[info ] ExpandCallables.scala:51 Expanded othersLabel into 2 methods [id => dc, phase => typescript, scope => TreeScope(TsParsedFile() / TsDeclModule(dc) / TsDeclNamespace(dc) / TsDeclInterface(CapMixin))] 
[info ] ExpandCallables.scala:51 Expanded othersGrouper into 2 methods [id => dc, phase => typescript, scope => TreeScope(TsParsedFile() / TsDeclModule(dc) / TsDeclNamespace(dc) / TsDeclInterface(CapMixin))] 
[info ] ExpandCallables.scala:51 Expanded r into 2 methods [id => dc, phase => typescript, scope => TreeScope(TsParsedFile() / TsDeclModule(dc) / TsDeclNamespace(dc) / TsDeclInterface(BubbleMixin))] 
[info ] ExpandCallables.scala:51 Expanded radiusValueAccessor into 2 methods [id => dc, phase => typescript, scope => TreeScope(TsParsedFile() / TsDeclModule(dc) / TsDeclNamespace(dc) / TsDeclInterface(BubbleMixin))] 
[info ] ExpandCallables.scala:51 Expanded minRadiusWithLabel into 2 methods [id => dc, phase => typescript, scope => TreeScope(TsParsedFile() / TsDeclModule(dc) / TsDeclNamespace(dc) / TsDeclInterface(BubbleMixin))] 
[info ] ExpandCallables.scala:51 Expanded maxBubbleRelativeSize into 2 methods [id => dc, phase => typescript, scope => TreeScope(TsParsedFile() / TsDeclModule(dc) / TsDeclNamespace(dc) / TsDeclInterface(BubbleMixin))] 
[info ] ExpandCallables.scala:51 Expanded slicesCap into 2 methods [id => dc, phase => typescript, scope => TreeScope(TsParsedFile() / TsDeclModule(dc) / TsDeclNamespace(dc) / TsDeclInterface(PieChart))] 
[info ] ExpandCallables.scala:51 Expanded innerRadius into 2 methods [id => dc, phase => typescript, scope => TreeScope(TsParsedFile() / TsDeclModule(dc) / TsDeclNamespace(dc) / TsDeclInterface(PieChart))] 
[info ] ExpandCallables.scala:51 Expanded radius into 2 methods [id => dc, phase => typescript, scope => TreeScope(TsParsedFile() / TsDeclModule(dc) / TsDeclNamespace(dc) / TsDeclInterface(PieChart))] 
[info ] ExpandCallables.scala:51 Expanded cx into 2 methods [id => dc, phase => typescript, scope => TreeScope(TsParsedFile() / TsDeclModule(dc) / TsDeclNamespace(dc) / TsDeclInterface(PieChart))] 
[info ] ExpandCallables.scala:51 Expanded cy into 2 methods [id => dc, phase => typescript, scope => TreeScope(TsParsedFile() / TsDeclModule(dc) / TsDeclNamespace(dc) / TsDeclInterface(PieChart))] 
[info ] ExpandCallables.scala:51 Expanded minAngleForLabel into 2 methods [id => dc, phase => typescript, scope => TreeScope(TsParsedFile() / TsDeclModule(dc) / TsDeclNamespace(dc) / TsDeclInterface(PieChart))] 
[info ] ExpandCallables.scala:51 Expanded centerBar into 2 methods [id => dc, phase => typescript, scope => TreeScope(TsParsedFile() / TsDeclModule(dc) / TsDeclNamespace(dc) / TsDeclInterface(BarChart))] 
[info ] ExpandCallables.scala:51 Expanded barPadding into 2 methods [id => dc, phase => typescript, scope => TreeScope(TsParsedFile() / TsDeclModule(dc) / TsDeclNamespace(dc) / TsDeclInterface(BarChart))] 
[info ] ExpandCallables.scala:51 Expanded outerPadding into 2 methods [id => dc, phase => typescript, scope => TreeScope(TsParsedFile() / TsDeclModule(dc) / TsDeclNamespace(dc) / TsDeclInterface(BarChart))] 
[info ] ExpandCallables.scala:51 Expanded gap into 2 methods [id => dc, phase => typescript, scope => TreeScope(TsParsedFile() / TsDeclModule(dc) / TsDeclNamespace(dc) / TsDeclInterface(BarChart))] 
[info ] ExpandCallables.scala:51 Expanded alwaysUseRounding into 2 methods [id => dc, phase => typescript, scope => TreeScope(TsParsedFile() / TsDeclModule(dc) / TsDeclNamespace(dc) / TsDeclInterface(BarChart))] 
[info ] ExpandCallables.scala:51 Expanded interpolate into 2 methods [id => dc, phase => typescript, scope => TreeScope(TsParsedFile() / TsDeclModule(dc) / TsDeclNamespace(dc) / TsDeclInterface(LineChart))] 
[info ] ExpandCallables.scala:51 Expanded tension into 2 methods [id => dc, phase => typescript, scope => TreeScope(TsParsedFile() / TsDeclModule(dc) / TsDeclNamespace(dc) / TsDeclInterface(LineChart))] 
[info ] ExpandCallables.scala:51 Expanded defined into 2 methods [id => dc, phase => typescript, scope => TreeScope(TsParsedFile() / TsDeclModule(dc) / TsDeclNamespace(dc) / TsDeclInterface(LineChart))] 
[info ] ExpandCallables.scala:51 Expanded dashStyle into 2 methods [id => dc, phase => typescript, scope => TreeScope(TsParsedFile() / TsDeclModule(dc) / TsDeclNamespace(dc) / TsDeclInterface(LineChart))] 
[info ] ExpandCallables.scala:51 Expanded renderArea into 2 methods [id => dc, phase => typescript, scope => TreeScope(TsParsedFile() / TsDeclModule(dc) / TsDeclNamespace(dc) / TsDeclInterface(LineChart))] 
[info ] ExpandCallables.scala:51 Expanded dotRadius into 2 methods [id => dc, phase => typescript, scope => TreeScope(TsParsedFile() / TsDeclModule(dc) / TsDeclNamespace(dc) / TsDeclInterface(LineChart))] 
[info ] ExpandCallables.scala:51 Expanded renderDataPoints into 2 methods [id => dc, phase => typescript, scope => TreeScope(TsParsedFile() / TsDeclModule(dc) / TsDeclNamespace(dc) / TsDeclInterface(LineChart))] 
[info ] ExpandCallables.scala:51 Expanded html into 2 methods [id => dc, phase => typescript, scope => TreeScope(TsParsedFile() / TsDeclModule(dc) / TsDeclNamespace(dc) / TsDeclInterface(DataCountWidget))] 
[info ] ExpandCallables.scala:51 Expanded formatNumber into 2 methods [id => dc, phase => typescript, scope => TreeScope(TsParsedFile() / TsDeclModule(dc) / TsDeclNamespace(dc) / TsDeclInterface(DataCountWidget))] 
[info ] ExpandCallables.scala:51 Expanded size into 2 methods [id => dc, phase => typescript, scope => TreeScope(TsParsedFile() / TsDeclModule(dc) / TsDeclNamespace(dc) / TsDeclInterface(DataTableWidget))] 
[info ] ExpandCallables.scala:51 Expanded showGroups into 2 methods [id => dc, phase => typescript, scope => TreeScope(TsParsedFile() / TsDeclModule(dc) / TsDeclNamespace(dc) / TsDeclInterface(DataTableWidget))] 
[info ] ExpandCallables.scala:51 Expanded columns into 2 methods [id => dc, phase => typescript, scope => TreeScope(TsParsedFile() / TsDeclModule(dc) / TsDeclNamespace(dc) / TsDeclInterface(DataTableWidget))] 
[info ] ExpandCallables.scala:51 Expanded sortBy into 2 methods [id => dc, phase => typescript, scope => TreeScope(TsParsedFile() / TsDeclModule(dc) / TsDeclNamespace(dc) / TsDeclInterface(DataTableWidget))] 
[info ] ExpandCallables.scala:51 Expanded order into 2 methods [id => dc, phase => typescript, scope => TreeScope(TsParsedFile() / TsDeclModule(dc) / TsDeclNamespace(dc) / TsDeclInterface(DataTableWidget))] 
[info ] ExpandCallables.scala:51 Expanded size into 2 methods [id => dc, phase => typescript, scope => TreeScope(TsParsedFile() / TsDeclModule(dc) / TsDeclNamespace(dc) / TsDeclInterface(DataGridWidget))] 
[info ] ExpandCallables.scala:51 Expanded html into 2 methods [id => dc, phase => typescript, scope => TreeScope(TsParsedFile() / TsDeclModule(dc) / TsDeclNamespace(dc) / TsDeclInterface(DataGridWidget))] 
[info ] ExpandCallables.scala:51 Expanded htmlGroup into 2 methods [id => dc, phase => typescript, scope => TreeScope(TsParsedFile() / TsDeclModule(dc) / TsDeclNamespace(dc) / TsDeclInterface(DataGridWidget))] 
[info ] ExpandCallables.scala:51 Expanded sortBy into 2 methods [id => dc, phase => typescript, scope => TreeScope(TsParsedFile() / TsDeclModule(dc) / TsDeclNamespace(dc) / TsDeclInterface(DataGridWidget))] 
[info ] ExpandCallables.scala:51 Expanded order into 2 methods [id => dc, phase => typescript, scope => TreeScope(TsParsedFile() / TsDeclModule(dc) / TsDeclNamespace(dc) / TsDeclInterface(DataGridWidget))] 
[info ] ExpandCallables.scala:51 Expanded elasticRadius into 2 methods [id => dc, phase => typescript, scope => TreeScope(TsParsedFile() / TsDeclModule(dc) / TsDeclNamespace(dc) / TsDeclInterface(BubbleChart))] 
[info ] ExpandCallables.scala:51 Expanded useRightAxisGridLines into 2 methods [id => dc, phase => typescript, scope => TreeScope(TsParsedFile() / TsDeclModule(dc) / TsDeclNamespace(dc) / TsDeclInterface(ICompositeChart))] 
[info ] ExpandCallables.scala:51 Expanded childOptions into 2 methods [id => dc, phase => typescript, scope => TreeScope(TsParsedFile() / TsDeclModule(dc) / TsDeclNamespace(dc) / TsDeclInterface(ICompositeChart))] 
[info ] ExpandCallables.scala:51 Expanded rightYAxisLabel into 2 methods [id => dc, phase => typescript, scope => TreeScope(TsParsedFile() / TsDeclModule(dc) / TsDeclNamespace(dc) / TsDeclInterface(ICompositeChart))] 
[info ] ExpandCallables.scala:51 Expanded compose into 2 methods [id => dc, phase => typescript, scope => TreeScope(TsParsedFile() / TsDeclModule(dc) / TsDeclNamespace(dc) / TsDeclInterface(ICompositeChart))] 
[info ] ExpandCallables.scala:51 Expanded shareColors into 2 methods [id => dc, phase => typescript, scope => TreeScope(TsParsedFile() / TsDeclModule(dc) / TsDeclNamespace(dc) / TsDeclInterface(ICompositeChart))] 
[info ] ExpandCallables.scala:51 Expanded shareTitle into 2 methods [id => dc, phase => typescript, scope => TreeScope(TsParsedFile() / TsDeclModule(dc) / TsDeclNamespace(dc) / TsDeclInterface(ICompositeChart))] 
[info ] ExpandCallables.scala:51 Expanded rightY into 2 methods [id => dc, phase => typescript, scope => TreeScope(TsParsedFile() / TsDeclModule(dc) / TsDeclNamespace(dc) / TsDeclInterface(ICompositeChart))] 
[info ] ExpandCallables.scala:51 Expanded rightYAxis into 2 methods [id => dc, phase => typescript, scope => TreeScope(TsParsedFile() / TsDeclModule(dc) / TsDeclNamespace(dc) / TsDeclInterface(ICompositeChart))] 
[info ] PreferTypeAlias.scala:122 Could not simplify CompositeChart to function type alias because of circular references Vector(TsIdentSimple(CompositeChart)) [id => dc, phase => typescript, scope => TreeScope(TsParsedFile() / TsDeclModule(dc) / TsDeclNamespace(dc) / TsDeclInterface(CompositeChart))] 
[info ] ExpandCallables.scala:51 Expanded chart into 2 methods [id => dc, phase => typescript, scope => TreeScope(TsParsedFile() / TsDeclModule(dc) / TsDeclNamespace(dc) / TsDeclInterface(SeriesChart))] 
[info ] ExpandCallables.scala:51 Expanded seriesAccessor into 2 methods [id => dc, phase => typescript, scope => TreeScope(TsParsedFile() / TsDeclModule(dc) / TsDeclNamespace(dc) / TsDeclInterface(SeriesChart))] 
[info ] ExpandCallables.scala:51 Expanded seriesSort into 2 methods [id => dc, phase => typescript, scope => TreeScope(TsParsedFile() / TsDeclModule(dc) / TsDeclNamespace(dc) / TsDeclInterface(SeriesChart))] 
[info ] ExpandCallables.scala:51 Expanded valueSort into 2 methods [id => dc, phase => typescript, scope => TreeScope(TsParsedFile() / TsDeclModule(dc) / TsDeclNamespace(dc) / TsDeclInterface(SeriesChart))] 
[info ] ExpandCallables.scala:51 Expanded keyAccessor into 1 methods [id => dc, phase => typescript, scope => TreeScope(TsParsedFile() / TsDeclModule(dc) / TsDeclNamespace(dc) / TsDeclInterface(GeoChoroplethLayer))] 
[info ] ExpandCallables.scala:51 Expanded projection into 2 methods [id => dc, phase => typescript, scope => TreeScope(TsParsedFile() / TsDeclModule(dc) / TsDeclNamespace(dc) / TsDeclInterface(GeoChoroplethChart))] 
[info ] ExpandCallables.scala:51 Expanded x into 2 methods [id => dc, phase => typescript, scope => TreeScope(TsParsedFile() / TsDeclModule(dc) / TsDeclNamespace(dc) / TsDeclInterface(RowChart))] 
[info ] ExpandCallables.scala:51 Expanded renderTitleLabel into 2 methods [id => dc, phase => typescript, scope => TreeScope(TsParsedFile() / TsDeclModule(dc) / TsDeclNamespace(dc) / TsDeclInterface(RowChart))] 
[info ] ExpandCallables.scala:51 Expanded xAxis into 2 methods [id => dc, phase => typescript, scope => TreeScope(TsParsedFile() / TsDeclModule(dc) / TsDeclNamespace(dc) / TsDeclInterface(RowChart))] 
[info ] ExpandCallables.scala:51 Expanded fixedBarHeight into 2 methods [id => dc, phase => typescript, scope => TreeScope(TsParsedFile() / TsDeclModule(dc) / TsDeclNamespace(dc) / TsDeclInterface(RowChart))] 
[info ] ExpandCallables.scala:51 Expanded gap into 2 methods [id => dc, phase => typescript, scope => TreeScope(TsParsedFile() / TsDeclModule(dc) / TsDeclNamespace(dc) / TsDeclInterface(RowChart))] 
[info ] ExpandCallables.scala:51 Expanded elasticX into 2 methods [id => dc, phase => typescript, scope => TreeScope(TsParsedFile() / TsDeclModule(dc) / TsDeclNamespace(dc) / TsDeclInterface(RowChart))] 
[info ] ExpandCallables.scala:51 Expanded labelOffsetX into 2 methods [id => dc, phase => typescript, scope => TreeScope(TsParsedFile() / TsDeclModule(dc) / TsDeclNamespace(dc) / TsDeclInterface(RowChart))] 
[info ] ExpandCallables.scala:51 Expanded labelOffsetY into 2 methods [id => dc, phase => typescript, scope => TreeScope(TsParsedFile() / TsDeclModule(dc) / TsDeclNamespace(dc) / TsDeclInterface(RowChart))] 
[info ] ExpandCallables.scala:51 Expanded titleLabelOffsetX into 2 methods [id => dc, phase => typescript, scope => TreeScope(TsParsedFile() / TsDeclModule(dc) / TsDeclNamespace(dc) / TsDeclInterface(RowChart))] 
[info ] ExpandCallables.scala:51 Expanded existenceAccessor into 2 methods [id => dc, phase => typescript, scope => TreeScope(TsParsedFile() / TsDeclModule(dc) / TsDeclNamespace(dc) / TsDeclInterface(ScatterPlot))] 
[info ] ExpandCallables.scala:51 Expanded symbol into 2 methods [id => dc, phase => typescript, scope => TreeScope(TsParsedFile() / TsDeclModule(dc) / TsDeclNamespace(dc) / TsDeclInterface(ScatterPlot))] 
[info ] ExpandCallables.scala:51 Expanded symbolSize into 2 methods [id => dc, phase => typescript, scope => TreeScope(TsParsedFile() / TsDeclModule(dc) / TsDeclNamespace(dc) / TsDeclInterface(ScatterPlot))] 
[info ] ExpandCallables.scala:51 Expanded highlightedSize into 2 methods [id => dc, phase => typescript, scope => TreeScope(TsParsedFile() / TsDeclModule(dc) / TsDeclNamespace(dc) / TsDeclInterface(ScatterPlot))] 
[info ] ExpandCallables.scala:51 Expanded hiddenSize into 2 methods [id => dc, phase => typescript, scope => TreeScope(TsParsedFile() / TsDeclModule(dc) / TsDeclNamespace(dc) / TsDeclInterface(ScatterPlot))] 
[info ] ExpandCallables.scala:51 Expanded html into 2 methods [id => dc, phase => typescript, scope => TreeScope(TsParsedFile() / TsDeclModule(dc) / TsDeclNamespace(dc) / TsDeclInterface(NumberDisplayWidget))] 
[info ] ExpandCallables.scala:51 Expanded formatNumber into 2 methods [id => dc, phase => typescript, scope => TreeScope(TsParsedFile() / TsDeclModule(dc) / TsDeclNamespace(dc) / TsDeclInterface(NumberDisplayWidget))] 
[info ] ExpandCallables.scala:51 Expanded colsLabel into 2 methods [id => dc, phase => typescript, scope => TreeScope(TsParsedFile() / TsDeclModule(dc) / TsDeclNamespace(dc) / TsDeclInterface(HeatMap))] 
[info ] ExpandCallables.scala:51 Expanded rowsLabel into 2 methods [id => dc, phase => typescript, scope => TreeScope(TsParsedFile() / TsDeclModule(dc) / TsDeclNamespace(dc) / TsDeclInterface(HeatMap))] 
[info ] ExpandCallables.scala:51 Expanded rows into 2 methods [id => dc, phase => typescript, scope => TreeScope(TsParsedFile() / TsDeclModule(dc) / TsDeclNamespace(dc) / TsDeclInterface(HeatMap))] 
[info ] ExpandCallables.scala:51 Expanded cols into 2 methods [id => dc, phase => typescript, scope => TreeScope(TsParsedFile() / TsDeclModule(dc) / TsDeclNamespace(dc) / TsDeclInterface(HeatMap))] 
[info ] ExpandCallables.scala:51 Expanded boxOnClick into 2 methods [id => dc, phase => typescript, scope => TreeScope(TsParsedFile() / TsDeclModule(dc) / TsDeclNamespace(dc) / TsDeclInterface(HeatMap))] 
[info ] ExpandCallables.scala:51 Expanded xAxisOnClick into 2 methods [id => dc, phase => typescript, scope => TreeScope(TsParsedFile() / TsDeclModule(dc) / TsDeclNamespace(dc) / TsDeclInterface(HeatMap))] 
[info ] ExpandCallables.scala:51 Expanded yAxisOnClick into 2 methods [id => dc, phase => typescript, scope => TreeScope(TsParsedFile() / TsDeclModule(dc) / TsDeclNamespace(dc) / TsDeclInterface(HeatMap))] 
[info ] ExpandCallables.scala:51 Expanded boxPadding into 2 methods [id => dc, phase => typescript, scope => TreeScope(TsParsedFile() / TsDeclModule(dc) / TsDeclNamespace(dc) / TsDeclInterface(BoxPlot))] 
[info ] ExpandCallables.scala:51 Expanded outerPadding into 2 methods [id => dc, phase => typescript, scope => TreeScope(TsParsedFile() / TsDeclModule(dc) / TsDeclNamespace(dc) / TsDeclInterface(BoxPlot))] 
[info ] ExpandCallables.scala:51 Expanded boxWidth into 2 methods [id => dc, phase => typescript, scope => TreeScope(TsParsedFile() / TsDeclModule(dc) / TsDeclNamespace(dc) / TsDeclInterface(BoxPlot))] 
[info ] ExpandCallables.scala:51 Expanded tickFormat into 2 methods [id => dc, phase => typescript, scope => TreeScope(TsParsedFile() / TsDeclModule(dc) / TsDeclNamespace(dc) / TsDeclInterface(BoxPlot))] 
[info ] ExpandCallables.scala:51 Expanded order into 2 methods [id => dc, phase => typescript, scope => TreeScope(TsParsedFile() / TsDeclModule(dc) / TsDeclNamespace(dc) / TsDeclInterface(SelectMenu))] 
[info ] ExpandCallables.scala:51 Expanded promptText into 2 methods [id => dc, phase => typescript, scope => TreeScope(TsParsedFile() / TsDeclModule(dc) / TsDeclNamespace(dc) / TsDeclInterface(SelectMenu))] 
[info ] ExpandCallables.scala:51 Expanded filterDisplayed into 2 methods [id => dc, phase => typescript, scope => TreeScope(TsParsedFile() / TsDeclModule(dc) / TsDeclNamespace(dc) / TsDeclInterface(SelectMenu))] 
[info ] ExpandCallables.scala:51 Expanded multiple into 2 methods [id => dc, phase => typescript, scope => TreeScope(TsParsedFile() / TsDeclModule(dc) / TsDeclNamespace(dc) / TsDeclInterface(SelectMenu))] 
[info ] ExpandCallables.scala:51 Expanded promptValue into 2 methods [id => dc, phase => typescript, scope => TreeScope(TsParsedFile() / TsDeclModule(dc) / TsDeclNamespace(dc) / TsDeclInterface(SelectMenu))] 
[info ] ExpandCallables.scala:51 Expanded numberVisible into 2 methods [id => dc, phase => typescript, scope => TreeScope(TsParsedFile() / TsDeclModule(dc) / TsDeclNamespace(dc) / TsDeclInterface(SelectMenu))] 
[warn ] DefaultedTParams.scala:38 no default parameter for Datum [id => dc, phase => typescript, scope => TreeScope(TsParsedFile() / TsDeclModule(dc) / TsDeclNamespace(dc) / TsDeclInterface(Utils) / TsMemberFunction(appendOrSelect) / TsFunSig() / TsFunParam() / TsTypeRef())] 
[warn ] DefaultedTParams.scala:38 no default parameter for PElement extends d3-selection.d3-selection.BaseType [id => dc, phase => typescript, scope => TreeScope(TsParsedFile() / TsDeclModule(dc) / TsDeclNamespace(dc) / TsDeclInterface(Utils) / TsMemberFunction(appendOrSelect) / TsFunSig() / TsFunParam() / TsTypeRef())] 
[warn ] DefaultedTParams.scala:38 no default parameter for PDatum [id => dc, phase => typescript, scope => TreeScope(TsParsedFile() / TsDeclModule(dc) / TsDeclNamespace(dc) / TsDeclInterface(Utils) / TsMemberFunction(appendOrSelect) / TsFunSig() / TsFunParam() / TsTypeRef())] 
[warn ] DefaultedTParams.scala:38 no default parameter for Datum [id => dc, phase => typescript, scope => TreeScope(TsParsedFile() / TsDeclModule(dc) / TsDeclNamespace(dc) / TsDeclInterface(Utils) / TsMemberFunction(appendOrSelect) / TsFunSig() / TsTypeRef())] 
[warn ] DefaultedTParams.scala:38 no default parameter for PElement extends d3-selection.d3-selection.BaseType [id => dc, phase => typescript, scope => TreeScope(TsParsedFile() / TsDeclModule(dc) / TsDeclNamespace(dc) / TsDeclInterface(Utils) / TsMemberFunction(appendOrSelect) / TsFunSig() / TsTypeRef())] 
[warn ] DefaultedTParams.scala:38 no default parameter for PDatum [id => dc, phase => typescript, scope => TreeScope(TsParsedFile() / TsDeclModule(dc) / TsDeclNamespace(dc) / TsDeclInterface(Utils) / TsMemberFunction(appendOrSelect) / TsFunSig() / TsTypeRef())] 
[warn ] DefaultedTParams.scala:38 no default parameter for Datum [id => dc, phase => typescript, scope => TreeScope(TsParsedFile() / TsDeclModule(dc) / TsDeclNamespace(dc) / TsDeclInterface(BaseMixin) / TsMemberFunction(select) / TsFunSig() / TsFunParam() / TsTypeUnion() / TsTypeRef())] 
[warn ] DefaultedTParams.scala:38 no default parameter for PElement extends d3-selection.d3-selection.BaseType [id => dc, phase => typescript, scope => TreeScope(TsParsedFile() / TsDeclModule(dc) / TsDeclNamespace(dc) / TsDeclInterface(BaseMixin) / TsMemberFunction(select) / TsFunSig() / TsFunParam() / TsTypeUnion() / TsTypeRef())] 
[warn ] DefaultedTParams.scala:38 no default parameter for PDatum [id => dc, phase => typescript, scope => TreeScope(TsParsedFile() / TsDeclModule(dc) / TsDeclNamespace(dc) / TsDeclInterface(BaseMixin) / TsMemberFunction(select) / TsFunSig() / TsFunParam() / TsTypeUnion() / TsTypeRef())] 
[warn ] DefaultedTParams.scala:38 no default parameter for Datum [id => dc, phase => typescript, scope => TreeScope(TsParsedFile() / TsDeclModule(dc) / TsDeclNamespace(dc) / TsDeclInterface(BaseMixin) / TsMemberFunction(select) / TsFunSig() / TsTypeRef())] 
[warn ] DefaultedTParams.scala:38 no default parameter for PElement extends d3-selection.d3-selection.BaseType [id => dc, phase => typescript, scope => TreeScope(TsParsedFile() / TsDeclModule(dc) / TsDeclNamespace(dc) / TsDeclInterface(BaseMixin) / TsMemberFunction(select) / TsFunSig() / TsTypeRef())] 
[warn ] DefaultedTParams.scala:38 no default parameter for PDatum [id => dc, phase => typescript, scope => TreeScope(TsParsedFile() / TsDeclModule(dc) / TsDeclNamespace(dc) / TsDeclInterface(BaseMixin) / TsMemberFunction(select) / TsFunSig() / TsTypeRef())] 
[warn ] DefaultedTParams.scala:38 no default parameter for Datum [id => dc, phase => typescript, scope => TreeScope(TsParsedFile() / TsDeclModule(dc) / TsDeclNamespace(dc) / TsDeclInterface(BaseMixin) / TsMemberFunction(selectAll) / TsFunSig() / TsFunParam() / TsTypeUnion() / TsTypeRef())] 
[warn ] DefaultedTParams.scala:38 no default parameter for PElement extends d3-selection.d3-selection.BaseType [id => dc, phase => typescript, scope => TreeScope(TsParsedFile() / TsDeclModule(dc) / TsDeclNamespace(dc) / TsDeclInterface(BaseMixin) / TsMemberFunction(selectAll) / TsFunSig() / TsFunParam() / TsTypeUnion() / TsTypeRef())] 
[warn ] DefaultedTParams.scala:38 no default parameter for PDatum [id => dc, phase => typescript, scope => TreeScope(TsParsedFile() / TsDeclModule(dc) / TsDeclNamespace(dc) / TsDeclInterface(BaseMixin) / TsMemberFunction(selectAll) / TsFunSig() / TsFunParam() / TsTypeUnion() / TsTypeRef())] 
[warn ] DefaultedTParams.scala:38 no default parameter for Datum [id => dc, phase => typescript, scope => TreeScope(TsParsedFile() / TsDeclModule(dc) / TsDeclNamespace(dc) / TsDeclInterface(BaseMixin) / TsMemberFunction(selectAll) / TsFunSig() / TsTypeRef())] 
[warn ] DefaultedTParams.scala:38 no default parameter for PElement extends d3-selection.d3-selection.BaseType [id => dc, phase => typescript, scope => TreeScope(TsParsedFile() / TsDeclModule(dc) / TsDeclNamespace(dc) / TsDeclInterface(BaseMixin) / TsMemberFunction(selectAll) / TsFunSig() / TsTypeRef())] 
[warn ] DefaultedTParams.scala:38 no default parameter for PDatum [id => dc, phase => typescript, scope => TreeScope(TsParsedFile() / TsDeclModule(dc) / TsDeclNamespace(dc) / TsDeclInterface(BaseMixin) / TsMemberFunction(selectAll) / TsFunSig() / TsTypeRef())] 
[warn ] DefaultedTParams.scala:38 no default parameter for Datum [id => dc, phase => typescript, scope => TreeScope(TsParsedFile() / TsDeclModule(dc) / TsDeclNamespace(dc) / TsDeclInterface(BaseMixin) / TsMemberFunction(anchor) / TsFunSig() / TsFunParam() / TsTypeUnion() / TsTypeRef())] 
[warn ] DefaultedTParams.scala:38 no default parameter for PElement extends d3-selection.d3-selection.BaseType [id => dc, phase => typescript, scope => TreeScope(TsParsedFile() / TsDeclModule(dc) / TsDeclNamespace(dc) / TsDeclInterface(BaseMixin) / TsMemberFunction(anchor) / TsFunSig() / TsFunParam() / TsTypeUnion() / TsTypeRef())] 
[warn ] DefaultedTParams.scala:38 no default parameter for PDatum [id => dc, phase => typescript, scope => TreeScope(TsParsedFile() / TsDeclModule(dc) / TsDeclNamespace(dc) / TsDeclInterface(BaseMixin) / TsMemberFunction(anchor) / TsFunSig() / TsFunParam() / TsTypeUnion() / TsTypeRef())] 
[warn ] DefaultedTParams.scala:38 no default parameter for Datum [id => dc, phase => typescript, scope => TreeScope(TsParsedFile() / TsDeclModule(dc) / TsDeclNamespace(dc) / TsDeclInterface(BaseMixin) / TsMemberFunction(anchor) / TsFunSig() / TsTypeRef())] 
[warn ] DefaultedTParams.scala:38 no default parameter for PElement extends d3-selection.d3-selection.BaseType [id => dc, phase => typescript, scope => TreeScope(TsParsedFile() / TsDeclModule(dc) / TsDeclNamespace(dc) / TsDeclInterface(BaseMixin) / TsMemberFunction(anchor) / TsFunSig() / TsTypeRef())] 
[warn ] DefaultedTParams.scala:38 no default parameter for PDatum [id => dc, phase => typescript, scope => TreeScope(TsParsedFile() / TsDeclModule(dc) / TsDeclNamespace(dc) / TsDeclInterface(BaseMixin) / TsMemberFunction(anchor) / TsFunSig() / TsTypeRef())] 
[warn ] DefaultedTParams.scala:38 no default parameter for Datum [id => dc, phase => typescript, scope => TreeScope(TsParsedFile() / TsDeclModule(dc) / TsDeclNamespace(dc) / TsDeclInterface(BaseMixin) / TsMemberFunction(svg) / TsFunSig() / TsTypeRef())] 
[warn ] DefaultedTParams.scala:38 no default parameter for PElement extends d3-selection.d3-selection.BaseType [id => dc, phase => typescript, scope => TreeScope(TsParsedFile() / TsDeclModule(dc) / TsDeclNamespace(dc) / TsDeclInterface(BaseMixin) / TsMemberFunction(svg) / TsFunSig() / TsTypeRef())] 
[warn ] DefaultedTParams.scala:38 no default parameter for PDatum [id => dc, phase => typescript, scope => TreeScope(TsParsedFile() / TsDeclModule(dc) / TsDeclNamespace(dc) / TsDeclInterface(BaseMixin) / TsMemberFunction(svg) / TsFunSig() / TsTypeRef())] 
[warn ] DefaultedTParams.scala:38 no default parameter for Datum [id => dc, phase => typescript, scope => TreeScope(TsParsedFile() / TsDeclModule(dc) / TsDeclNamespace(dc) / TsDeclInterface(BaseMixin) / TsMemberFunction(svg) / TsFunSig() / TsFunParam() / TsTypeRef())] 
[warn ] DefaultedTParams.scala:38 no default parameter for PElement extends d3-selection.d3-selection.BaseType [id => dc, phase => typescript, scope => TreeScope(TsParsedFile() / TsDeclModule(dc) / TsDeclNamespace(dc) / TsDeclInterface(BaseMixin) / TsMemberFunction(svg) / TsFunSig() / TsFunParam() / TsTypeRef())] 
[warn ] DefaultedTParams.scala:38 no default parameter for PDatum [id => dc, phase => typescript, scope => TreeScope(TsParsedFile() / TsDeclModule(dc) / TsDeclNamespace(dc) / TsDeclInterface(BaseMixin) / TsMemberFunction(svg) / TsFunSig() / TsFunParam() / TsTypeRef())] 
[warn ] DefaultedTParams.scala:38 no default parameter for Datum [id => dc, phase => typescript, scope => TreeScope(TsParsedFile() / TsDeclModule(dc) / TsDeclNamespace(dc) / TsDeclInterface(BaseMixin) / TsMemberFunction(svg) / TsFunSig() / TsTypeRef())] 
[warn ] DefaultedTParams.scala:38 no default parameter for PElement extends d3-selection.d3-selection.BaseType [id => dc, phase => typescript, scope => TreeScope(TsParsedFile() / TsDeclModule(dc) / TsDeclNamespace(dc) / TsDeclInterface(BaseMixin) / TsMemberFunction(svg) / TsFunSig() / TsTypeRef())] 
[warn ] DefaultedTParams.scala:38 no default parameter for PDatum [id => dc, phase => typescript, scope => TreeScope(TsParsedFile() / TsDeclModule(dc) / TsDeclNamespace(dc) / TsDeclInterface(BaseMixin) / TsMemberFunction(svg) / TsFunSig() / TsTypeRef())] 
[warn ] DefaultedTParams.scala:38 no default parameter for Datum [id => dc, phase => typescript, scope => TreeScope(TsParsedFile() / TsDeclModule(dc) / TsDeclNamespace(dc) / TsDeclInterface(BaseMixin) / TsMemberProperty(svg) / TsTypeRef() / TsTypeRef())] 
[warn ] DefaultedTParams.scala:38 no default parameter for PElement extends d3-selection.d3-selection.BaseType [id => dc, phase => typescript, scope => TreeScope(TsParsedFile() / TsDeclModule(dc) / TsDeclNamespace(dc) / TsDeclInterface(BaseMixin) / TsMemberProperty(svg) / TsTypeRef() / TsTypeRef())] 
[warn ] DefaultedTParams.scala:38 no default parameter for PDatum [id => dc, phase => typescript, scope => TreeScope(TsParsedFile() / TsDeclModule(dc) / TsDeclNamespace(dc) / TsDeclInterface(BaseMixin) / TsMemberProperty(svg) / TsTypeRef() / TsTypeRef())] 
[warn ] DefaultedTParams.scala:38 no default parameter for Datum [id => dc, phase => typescript, scope => TreeScope(TsParsedFile() / TsDeclModule(dc) / TsDeclNamespace(dc) / TsDeclInterface(BaseMixin) / TsMemberProperty(svg) / TsTypeRef() / TsTypeRef())] 
[warn ] DefaultedTParams.scala:38 no default parameter for PElement extends d3-selection.d3-selection.BaseType [id => dc, phase => typescript, scope => TreeScope(TsParsedFile() / TsDeclModule(dc) / TsDeclNamespace(dc) / TsDeclInterface(BaseMixin) / TsMemberProperty(svg) / TsTypeRef() / TsTypeRef())] 
[warn ] DefaultedTParams.scala:38 no default parameter for PDatum [id => dc, phase => typescript, scope => TreeScope(TsParsedFile() / TsDeclModule(dc) / TsDeclNamespace(dc) / TsDeclInterface(BaseMixin) / TsMemberProperty(svg) / TsTypeRef() / TsTypeRef())] 
[warn ] DefaultedTParams.scala:38 no default parameter for Datum [id => dc, phase => typescript, scope => TreeScope(TsParsedFile() / TsDeclModule(dc) / TsDeclNamespace(dc) / TsDeclInterface(CoordinateGridMixin) / TsMemberFunction(g) / TsFunSig() / TsTypeRef())] 
[warn ] DefaultedTParams.scala:38 no default parameter for PElement extends d3-selection.d3-selection.BaseType [id => dc, phase => typescript, scope => TreeScope(TsParsedFile() / TsDeclModule(dc) / TsDeclNamespace(dc) / TsDeclInterface(CoordinateGridMixin) / TsMemberFunction(g) / TsFunSig() / TsTypeRef())] 
[warn ] DefaultedTParams.scala:38 no default parameter for PDatum [id => dc, phase => typescript, scope => TreeScope(TsParsedFile() / TsDeclModule(dc) / TsDeclNamespace(dc) / TsDeclInterface(CoordinateGridMixin) / TsMemberFunction(g) / TsFunSig() / TsTypeRef())] 
[warn ] DefaultedTParams.scala:38 no default parameter for Datum [id => dc, phase => typescript, scope => TreeScope(TsParsedFile() / TsDeclModule(dc) / TsDeclNamespace(dc) / TsDeclInterface(CoordinateGridMixin) / TsMemberFunction(g) / TsFunSig() / TsFunParam() / TsTypeRef())] 
[warn ] DefaultedTParams.scala:38 no default parameter for PElement extends d3-selection.d3-selection.BaseType [id => dc, phase => typescript, scope => TreeScope(TsParsedFile() / TsDeclModule(dc) / TsDeclNamespace(dc) / TsDeclInterface(CoordinateGridMixin) / TsMemberFunction(g) / TsFunSig() / TsFunParam() / TsTypeRef())] 
[warn ] DefaultedTParams.scala:38 no default parameter for PDatum [id => dc, phase => typescript, scope => TreeScope(TsParsedFile() / TsDeclModule(dc) / TsDeclNamespace(dc) / TsDeclInterface(CoordinateGridMixin) / TsMemberFunction(g) / TsFunSig() / TsFunParam() / TsTypeRef())] 
[warn ] DefaultedTParams.scala:38 no default parameter for Datum [id => dc, phase => typescript, scope => TreeScope(TsParsedFile() / TsDeclModule(dc) / TsDeclNamespace(dc) / TsDeclInterface(CoordinateGridMixin) / TsMemberFunction(g) / TsFunSig() / TsTypeRef())] 
[warn ] DefaultedTParams.scala:38 no default parameter for PElement extends d3-selection.d3-selection.BaseType [id => dc, phase => typescript, scope => TreeScope(TsParsedFile() / TsDeclModule(dc) / TsDeclNamespace(dc) / TsDeclInterface(CoordinateGridMixin) / TsMemberFunction(g) / TsFunSig() / TsTypeRef())] 
[warn ] DefaultedTParams.scala:38 no default parameter for PDatum [id => dc, phase => typescript, scope => TreeScope(TsParsedFile() / TsDeclModule(dc) / TsDeclNamespace(dc) / TsDeclInterface(CoordinateGridMixin) / TsMemberFunction(g) / TsFunSig() / TsTypeRef())] 
[warn ] DefaultedTParams.scala:38 no default parameter for Datum [id => dc, phase => typescript, scope => TreeScope(TsParsedFile() / TsDeclModule(dc) / TsDeclNamespace(dc) / TsDeclInterface(CoordinateGridMixin) / TsMemberProperty(g) / TsTypeRef() / TsTypeRef())] 
[warn ] DefaultedTParams.scala:38 no default parameter for PElement extends d3-selection.d3-selection.BaseType [id => dc, phase => typescript, scope => TreeScope(TsParsedFile() / TsDeclModule(dc) / TsDeclNamespace(dc) / TsDeclInterface(CoordinateGridMixin) / TsMemberProperty(g) / TsTypeRef() / TsTypeRef())] 
[warn ] DefaultedTParams.scala:38 no default parameter for PDatum [id => dc, phase => typescript, scope => TreeScope(TsParsedFile() / TsDeclModule(dc) / TsDeclNamespace(dc) / TsDeclInterface(CoordinateGridMixin) / TsMemberProperty(g) / TsTypeRef() / TsTypeRef())] 
[warn ] DefaultedTParams.scala:38 no default parameter for Datum [id => dc, phase => typescript, scope => TreeScope(TsParsedFile() / TsDeclModule(dc) / TsDeclNamespace(dc) / TsDeclInterface(CoordinateGridMixin) / TsMemberFunction(chartBodyG) / TsFunSig() / TsTypeRef())] 
[warn ] DefaultedTParams.scala:38 no default parameter for PElement extends d3-selection.d3-selection.BaseType [id => dc, phase => typescript, scope => TreeScope(TsParsedFile() / TsDeclModule(dc) / TsDeclNamespace(dc) / TsDeclInterface(CoordinateGridMixin) / TsMemberFunction(chartBodyG) / TsFunSig() / TsTypeRef())] 
[warn ] DefaultedTParams.scala:38 no default parameter for PDatum [id => dc, phase => typescript, scope => TreeScope(TsParsedFile() / TsDeclModule(dc) / TsDeclNamespace(dc) / TsDeclInterface(CoordinateGridMixin) / TsMemberFunction(chartBodyG) / TsFunSig() / TsTypeRef())] 
[warn ] DefaultedTParams.scala:38 no default parameter for Datum [id => dc, phase => typescript, scope => TreeScope(TsParsedFile() / TsDeclModule(dc) / TsDeclNamespace(dc) / TsDeclInterface(Base) / TsMemberFunction(transition) / TsFunSig() / TsFunParam() / TsTypeRef())] 
[warn ] DefaultedTParams.scala:38 no default parameter for PElement extends d3-selection.d3-selection.BaseType [id => dc, phase => typescript, scope => TreeScope(TsParsedFile() / TsDeclModule(dc) / TsDeclNamespace(dc) / TsDeclInterface(Base) / TsMemberFunction(transition) / TsFunSig() / TsFunParam() / TsTypeRef())] 
[warn ] DefaultedTParams.scala:38 no default parameter for PDatum [id => dc, phase => typescript, scope => TreeScope(TsParsedFile() / TsDeclModule(dc) / TsDeclNamespace(dc) / TsDeclInterface(Base) / TsMemberFunction(transition) / TsFunSig() / TsFunParam() / TsTypeRef())] 
[warn ] DefaultedTParams.scala:38 no default parameter for Datum [id => dc, phase => typescript, scope => TreeScope(TsParsedFile() / TsDeclModule(dc) / TsDeclNamespace(dc) / TsDeclInterface(Base) / TsMemberFunction(transition) / TsFunSig() / TsFunParam() / TsTypeFunction() / TsFunSig() / TsFunParam() / TsTypeRef())] 
[warn ] DefaultedTParams.scala:38 no default parameter for PElement extends d3-selection.d3-selection.BaseType [id => dc, phase => typescript, scope => TreeScope(TsParsedFile() / TsDeclModule(dc) / TsDeclNamespace(dc) / TsDeclInterface(Base) / TsMemberFunction(transition) / TsFunSig() / TsFunParam() / TsTypeFunction() / TsFunSig() / TsFunParam() / TsTypeRef())] 
[warn ] DefaultedTParams.scala:38 no default parameter for PDatum [id => dc, phase => typescript, scope => TreeScope(TsParsedFile() / TsDeclModule(dc) / TsDeclNamespace(dc) / TsDeclInterface(Base) / TsMemberFunction(transition) / TsFunSig() / TsFunParam() / TsTypeFunction() / TsFunSig() / TsFunParam() / TsTypeRef())] 
[info ] ExtractInterfaces.scala:37 Extracted anonymous interface TsIdentSimple(Anon_Key) [id => dc, phase => typescript, scope => TreeScope(TsParsedFile() / TsDeclModule(dc) / TsDeclNamespace(dc) / TsDeclInterface(SelectMenu) / TsMemberFunction(filterDisplayed) / TsFunSig() / TsTypeFunction() / TsFunSig() / TsFunParam() / TsTypeObject())] 
[info ] ExtractInterfaces.scala:37 Extracted anonymous interface TsIdentSimple(Anon_Key) [id => dc, phase => typescript, scope => TreeScope(TsParsedFile() / TsDeclModule(dc) / TsDeclNamespace(dc) / TsDeclInterface(SelectMenu) / TsMemberFunction(filterDisplayed) / TsFunSig() / TsFunParam() / TsTypeFunction() / TsFunSig() / TsFunParam() / TsTypeObject())] 
[info ] ExtractInterfaces.scala:37 Extracted anonymous interface TsIdentSimple(Anon_Key) [id => dc, phase => typescript, scope => TreeScope(TsParsedFile() / TsDeclModule(dc) / TsDeclNamespace(dc) / TsDeclInterface(SelectMenu) / TsMemberProperty(filterDisplayed) / TsTypeRef() / TsTypeFunction() / TsFunSig() / TsFunParam() / TsTypeObject())] 
[debug] PhaseRunner.scala:82 Success [id => dc, phase => typescript] 
[warn ] Phase2ToScalaJs.scala:40 Processing dc [id => dc, phase => scala.js] 
[info ] RemoveMultipleInheritance.scala:47 Dropped parents 
- dcLib.dcMod.dcNs.BubbleMixin because var conflicts: colorAccessor_Original, colorCalculator_Original, colorDomain_Original, colors_Original. Inlined r, r, r_Original, radiusValueAccessor, radiusValueAccessor, radiusValueAccessor_Original, minRadiusWithLabel, minRadiusWithLabel, minRadiusWithLabel_Original, maxBubbleRelativeSize, maxBubbleRelativeSize, maxBubbleRelativeSize_Original [id => dc, phase => scala.js, this => Name(dcLib) / Name(dcMod) / Name(dcNs) / Name(BubbleChart)] 
[debug] PhaseRunner.scala:82 Success [id => dc, phase => scala.js] 
[warn ] PhaseRunner.scala:68 Failed because of, [geojson => Compilation failed] [id => dc, phase => build] 
[error] PhaseRunner.scala:86 Failure, [geojson => Compilation failed] [id => dc, phase => build] 
[error] PhaseRunner.scala:86 Failure, [geojson => Compilation failed] [id => dc, phase => publish] 
