[info ] InferredDependency.scala:20 Inferred dependencies Set(TsIdentLibrarySimple(node)) for TsIdentLibrarySimple(discord-rpc) [id => discord-rpc, phase => typescript, file => ../types/discord-rpc/index.d.ts] 
[debug] PhaseRunner.scala:78 Success [id => discord-rpc, phase => typescript] 
[info ] Phase1ReadTypescript.scala:152 Preprocessing TsHelperFile(InFile(/home/tso/tmp/tso-cache/DefinitelyTyped/types/discord-rpc/index.d.ts),FromFolder(InFolder(/home/tso/tmp/tso-cache/DefinitelyTyped/types/discord-rpc),TsIdentLibrarySimple(discord-rpc)),TsIdentModule(None,List(discord-rpc))) [id => discord-rpc, phase => typescript] 
[info ] InferredDefaultModule.scala:39 Inferred module TsIdentModule(None,List(discord-rpc)) [id => discord-rpc, phase => typescript] 
[warn ] Phase1ReadTypescript.scala:190 Processing TsIdentLibrarySimple(discord-rpc) [id => discord-rpc, phase => typescript] 
[info ] ExtractInterfaces.scala:30 Extracted anonymous interface TsIdentSimple(Anon_Url) [id => discord-rpc, phase => typescript, scope => TreeScope(TsParsedFile() / TsDeclModule(discord-rpc) / TsDeclInterface(CertifiedDevice) / TsMemberProperty(model) / TsTypeObject())] 
[info ] ExtractInterfaces.scala:30 Extracted anonymous interface TsIdentSimple(Anon_Url) [id => discord-rpc, phase => typescript, scope => TreeScope(TsParsedFile() / TsDeclModule(discord-rpc) / TsDeclInterface(CertifiedDevice) / TsMemberProperty(vendor) / TsTypeObject())] 
[info ] ExtractInterfaces.scala:30 Extracted anonymous interface TsIdentSimple(Anon_Type) [id => discord-rpc, phase => typescript, scope => TreeScope(TsParsedFile() / TsDeclModule(discord-rpc) / TsDeclInterface(VoiceSettings) / TsMemberProperty(mode) / TsTypeObject() / TsMemberProperty(shortcut) / TsTypeRef() / TsTypeObject())] 
[info ] ExtractInterfaces.scala:30 Extracted anonymous interface TsIdentSimple(Anon_Shortcut) [id => discord-rpc, phase => typescript, scope => TreeScope(TsParsedFile() / TsDeclModule(discord-rpc) / TsDeclInterface(VoiceSettings) / TsMemberProperty(mode) / TsTypeObject())] 
[info ] ExtractInterfaces.scala:30 Extracted anonymous interface TsIdentSimple(Anon_Device) [id => discord-rpc, phase => typescript, scope => TreeScope(TsParsedFile() / TsDeclModule(discord-rpc) / TsDeclInterface(VoiceSettings) / TsMemberProperty(output) / TsTypeObject())] 
[info ] ExtractInterfaces.scala:30 Extracted anonymous interface TsIdentSimple(Anon_Device) [id => discord-rpc, phase => typescript, scope => TreeScope(TsParsedFile() / TsDeclModule(discord-rpc) / TsDeclInterface(VoiceSettings) / TsMemberProperty(input) / TsTypeObject())] 
[info ] ExtractInterfaces.scala:30 Extracted anonymous interface TsIdentSimple(Anon_Left) [id => discord-rpc, phase => typescript, scope => TreeScope(TsParsedFile() / TsDeclModule(discord-rpc) / TsDeclInterface(UserVoiceSettings) / TsMemberProperty(pan) / TsTypeObject())] 
[info ] ExtractInterfaces.scala:30 Extracted anonymous interface TsIdentSimple(Anon_Name) [id => discord-rpc, phase => typescript, scope => TreeScope(TsParsedFile() / TsDeclModule(discord-rpc) / TsDeclClass(Client) / TsMemberProperty(application) / TsTypeObject())] 
[info ] ExtractInterfaces.scala:30 Extracted anonymous interface TsIdentSimple(Anon_Id) [id => discord-rpc, phase => typescript, scope => TreeScope(TsParsedFile() / TsDeclModule(discord-rpc) / TsDeclClass(Client) / TsMemberFunction(updateLobby) / TsFunSig() / TsFunParam() / TsTypeObject())] 
[info ] ExtractInterfaces.scala:30 Extracted anonymous interface TsIdentSimple(Anon_Id) [id => discord-rpc, phase => typescript, scope => TreeScope(TsParsedFile() / TsDeclModule(discord-rpc) / TsDeclClass(Client) / TsMemberFunction(updateLobby) / TsFunSig() / TsFunParam() / TsTypeObject())] 
[info ] ExtractInterfaces.scala:30 Extracted anonymous interface TsIdentSimple(Anon_Id) [id => discord-rpc, phase => typescript, scope => TreeScope(TsParsedFile() / TsDeclModule(discord-rpc) / TsDeclClass(Client) / TsMemberFunction(updateLobby) / TsFunSig() / TsFunParam() / TsTypeObject() / TsMemberProperty(owner) / TsTypeUnion() / TsTypeObject())] 
[info ] ExtractInterfaces.scala:30 Extracted anonymous interface TsIdentSimple(Anon_TypeMetadata) [id => discord-rpc, phase => typescript, scope => TreeScope(TsParsedFile() / TsDeclModule(discord-rpc) / TsDeclClass(Client) / TsMemberFunction(updateLobby) / TsFunSig() / TsFunParam() / TsTypeObject())] 
[info ] ExtractInterfaces.scala:30 Extracted anonymous interface TsIdentSimple(Anon_Id) [id => discord-rpc, phase => typescript, scope => TreeScope(TsParsedFile() / TsDeclModule(discord-rpc) / TsDeclClass(Client) / TsMemberFunction(updateLobby) / TsFunSig() / TsFunParam() / TsTypeObject() / TsMemberProperty(owner) / TsTypeUnion() / TsTypeObject())] 
[info ] ExtractInterfaces.scala:30 Extracted anonymous interface TsIdentSimple(Anon_TypeMetadata) [id => discord-rpc, phase => typescript, scope => TreeScope(TsParsedFile() / TsDeclModule(discord-rpc) / TsDeclClass(Client) / TsMemberFunction(updateLobby) / TsFunSig() / TsFunParam() / TsTypeObject())] 
[info ] ExtractInterfaces.scala:30 Extracted anonymous interface TsIdentSimple(Anon_Id) [id => discord-rpc, phase => typescript, scope => TreeScope(TsParsedFile() / TsDeclModule(discord-rpc) / TsDeclClass(Client) / TsMemberFunction(updateLobbyMember) / TsFunSig() / TsFunParam() / TsTypeObject())] 
[info ] ExtractInterfaces.scala:30 Extracted anonymous interface TsIdentSimple(Anon_Id) [id => discord-rpc, phase => typescript, scope => TreeScope(TsParsedFile() / TsDeclModule(discord-rpc) / TsDeclClass(Client) / TsMemberFunction(updateLobbyMember) / TsFunSig() / TsFunParam() / TsTypeObject())] 
[info ] ExtractInterfaces.scala:30 Extracted anonymous interface TsIdentSimple(Anon_Id) [id => discord-rpc, phase => typescript, scope => TreeScope(TsParsedFile() / TsDeclModule(discord-rpc) / TsDeclClass(Client) / TsMemberFunction(updateLobbyMember) / TsFunSig() / TsFunParam() / TsTypeObject())] 
[info ] ExtractInterfaces.scala:30 Extracted anonymous interface TsIdentSimple(Anon_Id) [id => discord-rpc, phase => typescript, scope => TreeScope(TsParsedFile() / TsDeclModule(discord-rpc) / TsDeclClass(Client) / TsMemberFunction(updateLobbyMember) / TsFunSig() / TsFunParam() / TsTypeObject())] 
[info ] ExtractInterfaces.scala:30 Extracted anonymous interface TsIdentSimple(Anon_Force) [id => discord-rpc, phase => typescript, scope => TreeScope(TsParsedFile() / TsDeclModule(discord-rpc) / TsDeclClass(Client) / TsMemberFunction(selectVoiceChannel) / TsFunSig() / TsFunParam() / TsTypeObject())] 
[info ] ExtractInterfaces.scala:30 Extracted anonymous interface TsIdentSimple(Anon_Type) [id => discord-rpc, phase => typescript, scope => TreeScope(TsParsedFile() / TsDeclModule(discord-rpc) / TsDeclClass(Client) / TsMemberFunction(captureShortcut) / TsFunSig() / TsFunParam() / TsTypeFunction() / TsFunSig() / TsFunParam() / TsTypeRef() / TsTypeObject())] 
[info ] ExtractInterfaces.scala:30 Extracted anonymous interface TsIdentSimple(Anon_Id) [id => discord-rpc, phase => typescript, scope => TreeScope(TsParsedFile() / TsDeclModule(discord-rpc) / TsDeclClass(Client) / TsMemberFunction(sendJoinInvite) / TsFunSig() / TsFunParam() / TsTypeObject())] 
[info ] ExtractInterfaces.scala:30 Extracted anonymous interface TsIdentSimple(Anon_Id) [id => discord-rpc, phase => typescript, scope => TreeScope(TsParsedFile() / TsDeclModule(discord-rpc) / TsDeclClass(Client) / TsMemberFunction(deleteLobby) / TsFunSig() / TsFunParam() / TsTypeObject())] 
[info ] ExtractInterfaces.scala:30 Extracted anonymous interface TsIdentSimple(Anon_Id) [id => discord-rpc, phase => typescript, scope => TreeScope(TsParsedFile() / TsDeclModule(discord-rpc) / TsDeclClass(Client) / TsMemberFunction(closeJoinRequest) / TsFunSig() / TsFunParam() / TsTypeObject())] 
[info ] ExtractInterfaces.scala:30 Extracted anonymous interface TsIdentSimple(Anon_Id) [id => discord-rpc, phase => typescript, scope => TreeScope(TsParsedFile() / TsDeclModule(discord-rpc) / TsDeclClass(Client) / TsMemberFunction(sendJoinRequest) / TsFunSig() / TsFunParam() / TsTypeObject())] 
[info ] ExtractInterfaces.scala:30 Extracted anonymous interface TsIdentSimple(Anon_ForceTimeout) [id => discord-rpc, phase => typescript, scope => TreeScope(TsParsedFile() / TsDeclModule(discord-rpc) / TsDeclClass(Client) / TsMemberFunction(selectTextChannel) / TsFunSig() / TsFunParam() / TsTypeObject())] 
[info ] ExtractInterfaces.scala:30 Extracted anonymous interface TsIdentSimple(Anon_Id) [id => discord-rpc, phase => typescript, scope => TreeScope(TsParsedFile() / TsDeclModule(discord-rpc) / TsDeclClass(Client) / TsMemberFunction(sendToLobby) / TsFunSig() / TsFunParam() / TsTypeObject())] 
[info ] ExtractInterfaces.scala:30 Extracted anonymous interface TsIdentSimple(Anon_Id) [id => discord-rpc, phase => typescript, scope => TreeScope(TsParsedFile() / TsDeclModule(discord-rpc) / TsDeclClass(Client) / TsMemberFunction(disconnectFromLobby) / TsFunSig() / TsFunParam() / TsTypeObject())] 
[info ] ExtractInterfaces.scala:30 Extracted anonymous interface TsIdentSimple(Anon_Username) [id => discord-rpc, phase => typescript, scope => TreeScope(TsParsedFile() / TsDeclModule(discord-rpc) / TsDeclClass(Client) / TsMemberProperty(user) / TsTypeObject())] 
[debug] PhaseRunner.scala:78 Success [id => discord-rpc, phase => typescript] 
[warn ] Phase2ToScalaJs.scala:34 Processing TsIdentLibrarySimple(discord-rpc) [id => discord-rpc, phase => scala.js] 
[debug] PhaseRunner.scala:78 Success [id => discord-rpc, phase => scala.js] 
[warn ] PhaseRunner.scala:64 Failed because of, [node => Compilation failed] [id => discord-rpc, phase => build] 
[debug] PhaseRunner.scala:82 Failure, [node => Compilation failed] [id => discord-rpc, phase => build] 
