[info ] InferredDependency.scala:20 Inferred dependencies Set(TsIdentLibrarySimple(node)) for TsIdentLibrarySimple(dispatchr) [id => dispatchr, phase => typescript, file => ../types/dispatchr/index.d.ts] 
[debug] PhaseRunner.scala:78 Success [id => dispatchr, phase => typescript] 
[debug] PhaseRunner.scala:78 Success [id => dispatchr, phase => typescript] 
[info ] InferredDependency.scala:20 Inferred dependencies Set(TsIdentLibrarySimple(node)) for TsIdentLibrarySimple(dispatchr) [id => dispatchr, phase => typescript, file => ../dispatchr/addons/BaseStore.d.ts] 
[debug] PhaseRunner.scala:78 Success [id => dispatchr, phase => typescript] 
[info ] Phase1ReadTypescript.scala:152 Preprocessing TsHelperFile(InFile(/home/tso/tmp/tso-cache/DefinitelyTyped/types/dispatchr/index.d.ts),FromFolder(InFolder(/home/tso/tmp/tso-cache/DefinitelyTyped/types/dispatchr),TsIdentLibrarySimple(dispatchr)),TsIdentModule(None,List(dispatchr))) [id => dispatchr, phase => typescript] 
[info ] InferredDefaultModule.scala:39 Inferred module TsIdentModule(None,List(dispatchr)) [id => dispatchr, phase => typescript] 
[info ] Phase1ReadTypescript.scala:152 Preprocessing TsHelperFile(InFile(/home/tso/tmp/tso-cache/DefinitelyTyped/types/dispatchr/addons/BaseStore.d.ts),FromFolder(InFolder(/home/tso/tmp/tso-cache/DefinitelyTyped/types/dispatchr),TsIdentLibrarySimple(dispatchr)),TsIdentModule(None,List(dispatchr, addons, BaseStore))) [id => dispatchr, phase => typescript] 
[info ] InferredDefaultModule.scala:39 Inferred module TsIdentModule(None,List(dispatchr, addons, BaseStore)) [id => dispatchr, phase => typescript] 
[info ] Phase1ReadTypescript.scala:152 Preprocessing TsHelperFile(InFile(/home/tso/tmp/tso-cache/DefinitelyTyped/types/dispatchr/addons/createStore.d.ts),FromFolder(InFolder(/home/tso/tmp/tso-cache/DefinitelyTyped/types/dispatchr),TsIdentLibrarySimple(dispatchr)),TsIdentModule(None,List(dispatchr, addons, createStore))) [id => dispatchr, phase => typescript] 
[info ] InferredDefaultModule.scala:39 Inferred module TsIdentModule(None,List(dispatchr, addons, createStore)) [id => dispatchr, phase => typescript] 
[warn ] Phase1ReadTypescript.scala:190 Processing TsIdentLibrarySimple(dispatchr) [id => dispatchr, phase => typescript] 
[debug] DefaultedTParams.scala:29 Defaulting type parameter TsIdentSimple(S) at TreeScope(TsParsedFile() / TsDeclModule(dispatchr) / TsDeclInterface(StoreClass) / TsMemberCtor() / TsFunSig() / TsTypeRef()) [id => dispatchr, phase => typescript, scope => TreeScope(TsParsedFile() / TsDeclModule(dispatchr) / TsDeclInterface(StoreClass) / TsMemberCtor() / TsFunSig() / TsTypeRef())] 
[debug] DefaultedTParams.scala:29 Defaulting type parameter TsIdentSimple(S) at TreeScope(TsParsedFile() / TsDeclModule(dispatchr) / TsDeclInterface(DispatcherInterface) / TsMemberProperty(getStore) / TsTypeUnion() / TsTypeFunction() / TsFunSig() / TsTypeRef()) [id => dispatchr, phase => typescript, scope => TreeScope(TsParsedFile() / TsDeclModule(dispatchr) / TsDeclInterface(DispatcherInterface) / TsMemberProperty(getStore) / TsTypeUnion() / TsTypeFunction() / TsFunSig() / TsTypeRef())] 
[debug] DefaultedTParams.scala:29 Defaulting type parameter TsIdentSimple(S) at TreeScope(TsParsedFile() / TsDeclModule(dispatchr) / TsDeclInterface(DispatcherContext) / TsMemberFunction(getStore) / TsFunSig() / TsTypeRef()) [id => dispatchr, phase => typescript, scope => TreeScope(TsParsedFile() / TsDeclModule(dispatchr) / TsDeclInterface(DispatcherContext) / TsMemberFunction(getStore) / TsFunSig() / TsTypeRef())] 
[debug] DefaultedTParams.scala:29 Defaulting type parameter TsIdentSimple(S) at TreeScope(TsParsedFile() / TsDeclModule(dispatchr/addons/createStore) / TsDeclTypeAlias(StoreThis) / TsTypeIntersect() / TsTypeRef()) [id => dispatchr, phase => typescript, scope => TreeScope(TsParsedFile() / TsDeclModule(dispatchr/addons/createStore) / TsDeclTypeAlias(StoreThis) / TsTypeIntersect() / TsTypeRef())] 
[info ] ExtractInterfaces.scala:30 Extracted anonymous interface TsIdentSimple(Anon_Error) [id => dispatchr, phase => typescript, scope => TreeScope(TsParsedFile() / TsDeclModule(dispatchr) / TsDeclInterface(DispatcherError) / TsMemberProperty(meta) / TsTypeObject())] 
[debug] PhaseRunner.scala:78 Success [id => dispatchr, phase => typescript] 
[warn ] Phase2ToScalaJs.scala:34 Processing TsIdentLibrarySimple(dispatchr) [id => dispatchr, phase => scala.js] 
[info ] ImportType.scala:160 Failed type conversion: TsTypeLookup(TsTypeIntersect(List(TsTypeObject(List(TsMemberTypeMapped(NoComments,Default,false,TsIdentSimple(P),TsTypeKeyOf(TsTypeRef(TsQIdent(List(TsIdentSimple(T))),List())),Noop,TsTypeRef(TsQIdent(List(TsIdentSimple(P))),List())))), TsTypeObject(List(TsMemberTypeMapped(NoComments,Default,false,TsIdentSimple(P),TsTypeRef(TsQIdent(List(TsIdentSimple(K))),List()),Noop,TsTypeRef(TsQIdent(List(TsIdentSimple(never))),List())))), TsTypeObject(List(TsMemberIndex(NoComments,false,Default,IndexingDict(TsIdentSimple(x),TsTypeRef(TsQIdent(List(TsIdentSimple(string))),List())),false,TsTypeRef(TsQIdent(List(TsIdentSimple(never))),List())), TsMemberIndex(NoComments,false,Default,IndexingDict(TsIdentSimple(x),TsTypeRef(TsQIdent(List(TsIdentSimple(number))),List())),false,TsTypeRef(TsQIdent(List(TsIdentSimple(never))),List())))))),Right(TsTypeKeyOf(TsTypeRef(TsQIdent(List(TsIdentSimple(T))),List())))) [id => dispatchr, phase => scala.js, scope => TreeScope(TsParsedFile() / TsDeclModule(dispatchr/addons/createStore) / TsDeclTypeAlias(Omit) / TsTypeRef() / TsTypeLookup())] 
[info ] RemoveDuplicateInheritance.scala:55 Dropped parents QualifiedName(List(Name(nodeLib), Name(eventsMod), Name(EventEmitter))) at Name(dispatchrLib) / Name(addonsBaseStoreMod) / Name(BaseStore) because allParentRefs = Set(TypeRef(QualifiedName(List(Name(nodeLib), Name(eventsMod), Name(internalNs), Name(EventEmitter))),List(),NoComments), TypeRef(QualifiedName(List(Name(nodeLib), Name(NodeJSNs), Name(EventEmitter))),List(),NoComments), TypeRef(QualifiedName(List(Name(nodeLib), Name(eventsMod), Name(EventEmitter))),List(),NoComments)) [id => dispatchr, phase => scala.js, this => Name(dispatchrLib) / Name(addonsBaseStoreMod) / Name(BaseStore)] 
[debug] PhaseRunner.scala:78 Success [id => dispatchr, phase => scala.js] 
[warn ] PhaseRunner.scala:64 Failed because of, [node => Compilation failed] [id => dispatchr, phase => build] 
[debug] PhaseRunner.scala:82 Failure, [node => Compilation failed] [id => dispatchr, phase => build] 
