[info ] InferredDependency.scala:20 Inferred dependencies Set(TsIdentLibrarySimple(react)) for TsIdentLibrarySimple(draft-js) [id => draft-js, phase => typescript, file => ../types/draft-js/index.d.ts] 
[debug] PhaseRunner.scala:78 Success [id => draft-js, phase => typescript] 
[info ] Phase1ReadTypescript.scala:152 Preprocessing TsHelperFile(InFile(/home/tso/tmp/tso-cache/DefinitelyTyped/types/draft-js/index.d.ts),FromFolder(InFolder(/home/tso/tmp/tso-cache/DefinitelyTyped/types/draft-js),TsIdentLibrarySimple(draft-js)),TsIdentModule(None,List(draft-js))) [id => draft-js, phase => typescript] 
[info ] InferredDefaultModule.scala:39 Inferred module TsIdentModule(None,List(draft-js)) [id => draft-js, phase => typescript] 
[warn ] Phase1ReadTypescript.scala:190 Processing TsIdentLibrarySimple(draft-js) [id => draft-js, phase => typescript] 
[warn ] QualifyReferences.scala:47 Couldn't qualify TsTypeRef(TsQIdent(List(TsIdentSimple(Immutable), TsIdentSimple(Record), TsIdentSimple(Class))),List()), defaulting to any [id => draft-js, phase => typescript, scope => TreeScope(TsParsedFile() / TsDeclModule(draft-js) / TsDeclNamespace(Draft) / TsDeclNamespace(Model) / TsDeclNamespace(ImmutableData) / TsDeclVar(Record) / TsTypeRef())] 
[warn ] QualifyReferences.scala:47 Couldn't qualify TsTypeRef(TsQIdent(List(TsIdentSimple(EntityInstance))),List()), defaulting to any [id => draft-js, phase => typescript, scope => TreeScope(TsParsedFile() / TsDeclModule(draft-js) / TsDeclNamespace(Draft) / TsDeclNamespace(Model) / TsDeclNamespace(ImmutableData) / TsDeclClass(ContentState) / TsMemberFunction(getEntity) / TsFunSig() / TsTypeRef())] 
[info ] PreferTypeAlias.scala:112 Simplified to type alias [id => draft-js, phase => typescript, scope => TreeScope(TsParsedFile() / TsDeclModule(draft-js) / TsDeclNamespace(Draft) / TsDeclNamespace(Component) / TsDeclNamespace(Components) / TsDeclInterface(DraftEditorBlock))] 
[debug] DefaultedTParams.scala:29 Defaulting type parameter TsIdentSimple(SS) at TreeScope(TsParsedFile() / TsDeclModule(draft-js) / TsDeclNamespace(Draft) / TsDeclNamespace(Component) / TsDeclNamespace(Base) / TsDeclInterface(DraftEditor) / TsTypeRef()) [id => draft-js, phase => typescript, scope => TreeScope(TsParsedFile() / TsDeclModule(draft-js) / TsDeclNamespace(Draft) / TsDeclNamespace(Component) / TsDeclNamespace(Base) / TsDeclInterface(DraftEditor) / TsTypeRef())] 
[debug] DefaultedTParams.scala:29 Defaulting type parameter TsIdentSimple(SS) at TreeScope(TsParsedFile() / TsDeclModule(draft-js) / TsDeclNamespace(Draft) / TsDeclNamespace(Component) / TsDeclNamespace(Components) / TsDeclTypeAlias(DraftEditorBlock) / TsTypeRef()) [id => draft-js, phase => typescript, scope => TreeScope(TsParsedFile() / TsDeclModule(draft-js) / TsDeclNamespace(Draft) / TsDeclNamespace(Component) / TsDeclNamespace(Components) / TsDeclTypeAlias(DraftEditorBlock) / TsTypeRef())] 
[debug] PhaseRunner.scala:78 Success [id => draft-js, phase => typescript] 
[warn ] Phase2ToScalaJs.scala:34 Processing TsIdentLibrarySimple(draft-js) [id => draft-js, phase => scala.js] 
[info ] ImportTree.scala:398 Dropping TsMemberTypeMapped(NoComments,Default,false,TsIdentSimple(P),TsTypeRef(TsQIdent(List(TsIdentSimple(object))),List()),Noop,TsTypeRef(TsQIdent(List(TsIdentSimple(object))),List())) [id => draft-js, phase => scala.js, scope => TreeScope(TsParsedFile() / TsDeclModule(draft-js) / TsDeclNamespace(Draft) / TsDeclNamespace(Model) / TsDeclNamespace(ImmutableData) / TsDeclInterface(SelectionState) / TsMemberTypeMapped())] 
[info ] ImportTree.scala:398 Dropping TsMemberTypeMapped(NoComments,Default,false,TsIdentSimple(P),TsTypeRef(TsQIdent(List(TsIdentSimple(object))),List()),Noop,TsTypeRef(TsQIdent(List(TsIdentSimple(object))),List())) [id => draft-js, phase => scala.js, scope => TreeScope(TsParsedFile() / TsDeclModule(draft-js) / TsDeclNamespace(Draft) / TsDeclNamespace(Model) / TsDeclNamespace(ImmutableData) / TsDeclInterface(ContentState) / TsMemberTypeMapped())] 
[info ] ImportTree.scala:398 Dropping TsMemberTypeMapped(NoComments,Default,false,TsIdentSimple(P),TsTypeRef(TsQIdent(List(TsIdentSimple(object))),List()),Noop,TsTypeRef(TsQIdent(List(TsIdentSimple(object))),List())) [id => draft-js, phase => scala.js, scope => TreeScope(TsParsedFile() / TsDeclModule(draft-js) / TsDeclNamespace(Draft) / TsDeclNamespace(Model) / TsDeclNamespace(ImmutableData) / TsDeclInterface(ContentBlock) / TsMemberTypeMapped())] 
[info ] ImportTree.scala:398 Dropping TsMemberTypeMapped(NoComments,Default,false,TsIdentSimple(P),TsTypeRef(TsQIdent(List(TsIdentSimple(object))),List()),Noop,TsTypeRef(TsQIdent(List(TsIdentSimple(object))),List())) [id => draft-js, phase => scala.js, scope => TreeScope(TsParsedFile() / TsDeclModule(draft-js) / TsDeclNamespace(Draft) / TsDeclNamespace(Model) / TsDeclNamespace(ImmutableData) / TsDeclInterface(EditorState) / TsMemberTypeMapped())] 
[info ] CompleteClass.scala:60 Completed implementations Vector(getStyle, getEntity, hasStyle) [id => draft-js, phase => scala.js, this => Name(draftDashJsLib) / Name(draftDashJsMod) / Name(CharacterMetadata)] 
[info ] CompleteClass.scala:60 Completed implementations Vector(getCurrentInlineStyle, getRedoStack, getNativelyRenderedContent, getDecorator, isSelectionAtStartOfContent, isSelectionAtEndOfContent, isInCompositionMode, getDirectionMap, getCurrentContent, getSelection, getBlockTree, getInlineStyleOverride, mustForceSelection, getLastChangeType, getAllowUndo, toJS, getUndoStack) [id => draft-js, phase => scala.js, this => Name(draftDashJsLib) / Name(draftDashJsMod) / Name(EditorState)] 
[info ] CompleteClass.scala:60 Completed implementations Vector(getEndOffset, getEndKey, getAnchorKey, getAnchorOffset, hasEdgeWithin, getFocusKey, serialize, getStartKey, getFocusOffset, isCollapsed, getStartOffset, getIsBackward, getHasFocus) [id => draft-js, phase => scala.js, this => Name(draftDashJsLib) / Name(draftDashJsMod) / Name(SelectionState)] 
[debug] PhaseRunner.scala:78 Success [id => draft-js, phase => scala.js] 
[warn ] PhaseRunner.scala:64 Failed because of, [immutable => Compilation failed] [id => draft-js, phase => build] 
[debug] PhaseRunner.scala:82 Failure, [immutable => Compilation failed] [id => draft-js, phase => build] 
[debug] PhaseRunner.scala:82 Failure, [immutable => Compilation failed] [id => draft-js, phase => publish] 
