[debug] PhaseRunner.scala:78 Success [id => dva, phase => typescript] 
[debug] PhaseRunner.scala:78 Success [id => dva, phase => typescript] 
[debug] PhaseRunner.scala:78 Success [id => dva, phase => typescript] 
[debug] PhaseRunner.scala:78 Success [id => dva, phase => typescript] 
[info ] Phase1ReadTypescript.scala:152 Preprocessing TsHelperFile(InFile(/home/tso/tmp/tso-cache/npm/node_modules/dva/dynamic.d.ts),FromFolder(InFolder(/home/tso/tmp/tso-cache/npm/node_modules/dva),TsIdentLibrarySimple(dva)),TsIdentModule(None,List(dva, dynamic))) [id => dva, phase => typescript] 
[info ] InferredDefaultModule.scala:39 Inferred module TsIdentModule(None,List(dva, dynamic)) [id => dva, phase => typescript] 
[info ] Phase1ReadTypescript.scala:152 Preprocessing TsHelperFile(InFile(/home/tso/tmp/tso-cache/npm/node_modules/dva/fetch.d.ts),FromFolder(InFolder(/home/tso/tmp/tso-cache/npm/node_modules/dva),TsIdentLibrarySimple(dva)),TsIdentModule(None,List(dva, fetch))) [id => dva, phase => typescript] 
[info ] InferredDefaultModule.scala:39 Inferred module TsIdentModule(None,List(dva, fetch)) [id => dva, phase => typescript] 
[info ] Phase1ReadTypescript.scala:152 Preprocessing TsHelperFile(InFile(/home/tso/tmp/tso-cache/npm/node_modules/dva/index.d.ts),FromFolder(InFolder(/home/tso/tmp/tso-cache/npm/node_modules/dva),TsIdentLibrarySimple(dva)),TsIdentModule(None,List(dva))) [id => dva, phase => typescript] 
[info ] InferredDefaultModule.scala:39 Inferred module TsIdentModule(None,List(dva)) [id => dva, phase => typescript] 
[info ] Phase1ReadTypescript.scala:152 Preprocessing TsHelperFile(InFile(/home/tso/tmp/tso-cache/npm/node_modules/dva/router.d.ts),FromFolder(InFolder(/home/tso/tmp/tso-cache/npm/node_modules/dva),TsIdentLibrarySimple(dva)),TsIdentModule(None,List(dva, router))) [id => dva, phase => typescript] 
[info ] InferredDefaultModule.scala:39 Inferred module TsIdentModule(None,List(dva, router)) [id => dva, phase => typescript] 
[warn ] Phase1ReadTypescript.scala:190 Processing TsIdentLibrarySimple(dva) [id => dva, phase => typescript] 
[info ] PreferTypeAlias.scala:118 Simplified to function type alias [id => dva, phase => typescript, scope => TreeScope(TsParsedFile() / TsDeclModule(dva) / TsDeclInterface(onActionFunc))] 
[info ] PreferTypeAlias.scala:118 Simplified to function type alias [id => dva, phase => typescript, scope => TreeScope(TsParsedFile() / TsDeclModule(dva) / TsDeclInterface(ReducerEnhancer))] 
[info ] ExpandCallables.scala:57 Expanded dispatch into 1 methods [id => dva, phase => typescript, scope => TreeScope(TsParsedFile() / TsDeclModule(dva) / TsDeclInterface(SubscriptionAPI))] 
[info ] PreferTypeAlias.scala:118 Simplified to function type alias [id => dva, phase => typescript, scope => TreeScope(TsParsedFile() / TsDeclModule(dva) / TsDeclInterface(Router))] 
[debug] DefaultedTParams.scala:29 Defaulting type parameter TsIdentSimple(S) at TreeScope(TsParsedFile() / TsDeclModule(dva) / TsDeclTypeAlias(onActionFunc) / TsTypeFunction() / TsFunSig() / TsFunParam() / TsTypeRef()) [id => dva, phase => typescript, scope => TreeScope(TsParsedFile() / TsDeclModule(dva) / TsDeclTypeAlias(onActionFunc) / TsTypeFunction() / TsFunSig() / TsFunParam() / TsTypeRef())] 
[debug] DefaultedTParams.scala:29 Defaulting type parameter TsIdentSimple(A) at TreeScope(TsParsedFile() / TsDeclModule(dva) / TsDeclTypeAlias(ReducerEnhancer) / TsTypeFunction() / TsFunSig() / TsFunParam() / TsTypeRef()) [id => dva, phase => typescript, scope => TreeScope(TsParsedFile() / TsDeclModule(dva) / TsDeclTypeAlias(ReducerEnhancer) / TsTypeFunction() / TsFunSig() / TsFunParam() / TsTypeRef())] 
[debug] DefaultedTParams.scala:29 Defaulting type parameter TsIdentSimple(S) at TreeScope(TsParsedFile() / TsDeclModule(dva) / TsDeclInterface(Hooks) / TsMemberProperty(extraReducers) / TsTypeRef()) [id => dva, phase => typescript, scope => TreeScope(TsParsedFile() / TsDeclModule(dva) / TsDeclInterface(Hooks) / TsMemberProperty(extraReducers) / TsTypeRef())] 
[debug] DefaultedTParams.scala:29 Defaulting type parameter TsIdentSimple(A) at TreeScope(TsParsedFile() / TsDeclModule(dva) / TsDeclInterface(Hooks) / TsMemberProperty(extraReducers) / TsTypeRef()) [id => dva, phase => typescript, scope => TreeScope(TsParsedFile() / TsDeclModule(dva) / TsDeclInterface(Hooks) / TsMemberProperty(extraReducers) / TsTypeRef())] 
[debug] DefaultedTParams.scala:29 Defaulting type parameter TsIdentSimple(StateExt) at TreeScope(TsParsedFile() / TsDeclModule(dva) / TsDeclInterface(Hooks) / TsMemberProperty(extraEnhancers) / TsTypeRef() / TsTypeRef()) [id => dva, phase => typescript, scope => TreeScope(TsParsedFile() / TsDeclModule(dva) / TsDeclInterface(Hooks) / TsMemberProperty(extraEnhancers) / TsTypeRef() / TsTypeRef())] 
[debug] DefaultedTParams.scala:29 Defaulting type parameter TsIdentSimple(S) at TreeScope(TsParsedFile() / TsDeclModule(dva) / TsDeclTypeAlias(ReducersMapObjectWithEnhancer) / TsTypeTuple() / TsTypeRef()) [id => dva, phase => typescript, scope => TreeScope(TsParsedFile() / TsDeclModule(dva) / TsDeclTypeAlias(ReducersMapObjectWithEnhancer) / TsTypeTuple() / TsTypeRef())] 
[debug] DefaultedTParams.scala:29 Defaulting type parameter TsIdentSimple(A) at TreeScope(TsParsedFile() / TsDeclModule(dva) / TsDeclTypeAlias(ReducersMapObjectWithEnhancer) / TsTypeTuple() / TsTypeRef()) [id => dva, phase => typescript, scope => TreeScope(TsParsedFile() / TsDeclModule(dva) / TsDeclTypeAlias(ReducersMapObjectWithEnhancer) / TsTypeTuple() / TsTypeRef())] 
[debug] DefaultedTParams.scala:29 Defaulting type parameter TsIdentSimple(HistoryLocationState) at TreeScope(TsParsedFile() / TsDeclModule(dva) / TsDeclInterface(SubscriptionAPI) / TsMemberProperty(history) / TsTypeRef()) [id => dva, phase => typescript, scope => TreeScope(TsParsedFile() / TsDeclModule(dva) / TsDeclInterface(SubscriptionAPI) / TsMemberProperty(history) / TsTypeRef())] 
[debug] DefaultedTParams.scala:29 Defaulting type parameter TsIdentSimple(S) at TreeScope(TsParsedFile() / TsDeclModule(dva) / TsDeclInterface(Model) / TsMemberProperty(reducers) / TsTypeUnion() / TsTypeRef()) [id => dva, phase => typescript, scope => TreeScope(TsParsedFile() / TsDeclModule(dva) / TsDeclInterface(Model) / TsMemberProperty(reducers) / TsTypeUnion() / TsTypeRef())] 
[debug] DefaultedTParams.scala:29 Defaulting type parameter TsIdentSimple(A) at TreeScope(TsParsedFile() / TsDeclModule(dva) / TsDeclInterface(Model) / TsMemberProperty(reducers) / TsTypeUnion() / TsTypeRef()) [id => dva, phase => typescript, scope => TreeScope(TsParsedFile() / TsDeclModule(dva) / TsDeclInterface(Model) / TsMemberProperty(reducers) / TsTypeUnion() / TsTypeRef())] 
[debug] DefaultedTParams.scala:29 Defaulting type parameter TsIdentSimple(HistoryLocationState) at TreeScope(TsParsedFile() / TsDeclModule(dva) / TsDeclInterface(RouterAPI) / TsMemberProperty(history) / TsTypeRef()) [id => dva, phase => typescript, scope => TreeScope(TsParsedFile() / TsDeclModule(dva) / TsDeclInterface(RouterAPI) / TsMemberProperty(history) / TsTypeRef())] 
[info ] ExtractInterfaces.scala:30 Extracted anonymous interface TsIdentSimple(Anon_InitialState) [id => dva, phase => typescript, scope => TreeScope(TsParsedFile() / TsDeclModule(dva) / TsDeclTypeAlias(DvaOption) / TsTypeIntersect() / TsTypeObject())] 
[info ] ExtractInterfaces.scala:30 Extracted anonymous interface TsIdentSimple(Anon_Type) [id => dva, phase => typescript, scope => TreeScope(TsParsedFile() / TsDeclModule(dva) / TsDeclTypeAlias(EffectWithType) / TsTypeTuple() / TsTypeObject())] 
[debug] PhaseRunner.scala:78 Success [id => dva, phase => typescript] 
[warn ] Phase2ToScalaJs.scala:34 Processing TsIdentLibrarySimple(dva) [id => dva, phase => scala.js] 
[debug] PhaseRunner.scala:78 Success [id => dva, phase => scala.js] 
[warn ] PhaseRunner.scala:64 Failed because of, [node => Compilation failed, react-redux => Compilation failed] [id => dva, phase => build] 
[debug] PhaseRunner.scala:82 Failure, [node => Compilation failed, react-redux => Compilation failed] [id => dva, phase => build] 
