[info ] InferredDependency.scala:20 Inferred dependencies Set(TsIdentLibrarySimple(node)) for TsIdentLibrarySimple(easy-x-headers) [id => easy-x-headers, phase => typescript, file => ../typings/node/node.d.ts] 
[debug] PhaseRunner.scala:81 Success [id => easy-x-headers, phase => typescript] 
[debug] PhaseRunner.scala:89 Ignored [id => easy-x-headers, phase => typescript] 
[info ] InferredDependency.scala:20 Inferred dependencies Set(TsIdentLibrarySimple(node)) for TsIdentLibrarySimple(easy-x-headers) [id => easy-x-headers, phase => typescript, file => ../typings/express/express.d.ts] 
[debug] PhaseRunner.scala:81 Success [id => easy-x-headers, phase => typescript] 
[debug] PhaseRunner.scala:81 Success [id => easy-x-headers, phase => typescript] 
[debug] PhaseRunner.scala:81 Success [id => easy-x-headers, phase => typescript] 
[info ] InferredDependency.scala:20 Inferred dependencies Set(TsIdentLibrarySimple(node)) for TsIdentLibrarySimple(easy-x-headers) [id => easy-x-headers, phase => typescript, file => ../typings/express/express.d.ts] 
[debug] PhaseRunner.scala:81 Success [id => easy-x-headers, phase => typescript] 
[debug] PhaseRunner.scala:81 Success [id => easy-x-headers, phase => typescript] 
[info ] InferredDependency.scala:20 Inferred dependencies Set(TsIdentLibrarySimple(node)) for TsIdentLibrarySimple(easy-x-headers) [id => easy-x-headers, phase => typescript, file => ../typings/node/node.d.ts] 
[debug] PhaseRunner.scala:81 Success [id => easy-x-headers, phase => typescript] 
[debug] PhaseRunner.scala:81 Success [id => easy-x-headers, phase => typescript] 
[info ] InferredDependency.scala:20 Inferred dependencies Set(TsIdentLibrarySimple(node)) for TsIdentLibrarySimple(easy-x-headers) [id => easy-x-headers, phase => typescript, file => ../typings/express/express.d.ts] 
[debug] PhaseRunner.scala:81 Success [id => easy-x-headers, phase => typescript] 
[info ] InferredDependency.scala:20 Inferred dependencies Set(TsIdentLibrarySimple(node)) for TsIdentLibrarySimple(easy-x-headers) [id => easy-x-headers, phase => typescript, file => ../typings/node/node.d.ts] 
[debug] PhaseRunner.scala:81 Success [id => easy-x-headers, phase => typescript] 
[debug] PhaseRunner.scala:81 Success [id => easy-x-headers, phase => typescript] 
[debug] PhaseRunner.scala:81 Success [id => easy-x-headers, phase => typescript] 
[info ] Phase1ReadTypescript.scala:158 Preprocessing TsHelperFile(InFile(/home/tso/tmp/tso-cache/npm/node_modules/easy-x-headers/typings/express/express.d.ts),FromFolder(InFolder(/home/tso/tmp/tso-cache/npm/node_modules/easy-x-headers),TsIdentLibrarySimple(easy-x-headers)),TsIdentModule(None,List(easy-x-headers, typings, express, express))) [id => easy-x-headers, phase => typescript] 
[info ] Phase1ReadTypescript.scala:158 Preprocessing TsHelperFile(InFile(/home/tso/tmp/tso-cache/npm/node_modules/easy-x-headers/typings/mime/mime.d.ts),FromFolder(InFolder(/home/tso/tmp/tso-cache/npm/node_modules/easy-x-headers),TsIdentLibrarySimple(easy-x-headers)),TsIdentModule(None,List(easy-x-headers, typings, mime, mime))) [id => easy-x-headers, phase => typescript] 
[info ] Phase1ReadTypescript.scala:158 Preprocessing TsHelperFile(InFile(/home/tso/tmp/tso-cache/npm/node_modules/easy-x-headers/typings/node/node.d.ts),FromFolder(InFolder(/home/tso/tmp/tso-cache/npm/node_modules/easy-x-headers),TsIdentLibrarySimple(easy-x-headers)),TsIdentModule(None,List(easy-x-headers, typings, node, node))) [id => easy-x-headers, phase => typescript] 
[info ] Phase1ReadTypescript.scala:158 Preprocessing TsHelperFile(InFile(/home/tso/tmp/tso-cache/npm/node_modules/easy-x-headers/typings/serve-static/serve-static.d.ts),FromFolder(InFolder(/home/tso/tmp/tso-cache/npm/node_modules/easy-x-headers),TsIdentLibrarySimple(easy-x-headers)),TsIdentModule(None,List(easy-x-headers, typings, serve-static, serve-static))) [id => easy-x-headers, phase => typescript] 
[info ] Phase1ReadTypescript.scala:158 Preprocessing TsHelperFile(InFile(/home/tso/tmp/tso-cache/npm/node_modules/easy-x-headers/typings/tsd.d.ts),FromFolder(InFolder(/home/tso/tmp/tso-cache/npm/node_modules/easy-x-headers),TsIdentLibrarySimple(easy-x-headers)),TsIdentModule(None,List(easy-x-headers, typings, tsd))) [id => easy-x-headers, phase => typescript] 
[warn ] Phase1ReadTypescript.scala:196 Processing TsIdentLibrarySimple(easy-x-headers) [id => easy-x-headers, phase => typescript] 
[info ] ResolveTypeQueries.scala:106 Resolved TsTypeQuery(TsQIdent(List(TsIdentLibrarySimple(easy-x-headers), TsIdentModule(None,List(serve-static)), TsIdentSimple(namespaced)))) [id => easy-x-headers, phase => typescript, scope => TreeScope(TsParsedFile() / TsDeclModule(express) / TsDeclNamespace(e) / TsDeclVar(static) / TsTypeQuery())] 
[info ] ResolveTypeQueries.scala:106 Resolved TsTypeQuery(TsQIdent(List(TsIdentLibrarySimple(std), TsIdentSimple(Array)))) [id => easy-x-headers, phase => typescript, scope => TreeScope(TsParsedFile() / TsDeclNamespace(NodeJS) / TsExport() / TsExporteeTree() / TsDeclInterface(Global) / TsMemberProperty(Array) / TsTypeQuery())] 
[info ] ResolveTypeQueries.scala:106 Resolved TsTypeQuery(TsQIdent(List(TsIdentLibrarySimple(std), TsIdentSimple(ArrayBuffer)))) [id => easy-x-headers, phase => typescript, scope => TreeScope(TsParsedFile() / TsDeclNamespace(NodeJS) / TsExport() / TsExporteeTree() / TsDeclInterface(Global) / TsMemberProperty(ArrayBuffer) / TsTypeQuery())] 
[info ] ResolveTypeQueries.scala:106 Resolved TsTypeQuery(TsQIdent(List(TsIdentLibrarySimple(std), TsIdentSimple(Boolean)))) [id => easy-x-headers, phase => typescript, scope => TreeScope(TsParsedFile() / TsDeclNamespace(NodeJS) / TsExport() / TsExporteeTree() / TsDeclInterface(Global) / TsMemberProperty(Boolean) / TsTypeQuery())] 
[info ] ResolveTypeQueries.scala:106 Resolved TsTypeQuery(TsQIdent(List(TsIdentLibrarySimple(easy-x-headers), TsIdentSimple(Buffer)))) [id => easy-x-headers, phase => typescript, scope => TreeScope(TsParsedFile() / TsDeclNamespace(NodeJS) / TsExport() / TsExporteeTree() / TsDeclInterface(Global) / TsMemberProperty(Buffer) / TsTypeQuery())] 
[info ] ResolveTypeQueries.scala:106 Resolved TsTypeQuery(TsQIdent(List(TsIdentLibrarySimple(std), TsIdentSimple(DataView)))) [id => easy-x-headers, phase => typescript, scope => TreeScope(TsParsedFile() / TsDeclNamespace(NodeJS) / TsExport() / TsExporteeTree() / TsDeclInterface(Global) / TsMemberProperty(DataView) / TsTypeQuery())] 
[info ] ResolveTypeQueries.scala:106 Resolved TsTypeQuery(TsQIdent(List(TsIdentLibrarySimple(std), TsIdentSimple(Date)))) [id => easy-x-headers, phase => typescript, scope => TreeScope(TsParsedFile() / TsDeclNamespace(NodeJS) / TsExport() / TsExporteeTree() / TsDeclInterface(Global) / TsMemberProperty(Date) / TsTypeQuery())] 
[info ] ResolveTypeQueries.scala:106 Resolved TsTypeQuery(TsQIdent(List(TsIdentLibrarySimple(std), TsIdentSimple(Error)))) [id => easy-x-headers, phase => typescript, scope => TreeScope(TsParsedFile() / TsDeclNamespace(NodeJS) / TsExport() / TsExporteeTree() / TsDeclInterface(Global) / TsMemberProperty(Error) / TsTypeQuery())] 
[info ] ResolveTypeQueries.scala:106 Resolved TsTypeQuery(TsQIdent(List(TsIdentLibrarySimple(std), TsIdentSimple(EvalError)))) [id => easy-x-headers, phase => typescript, scope => TreeScope(TsParsedFile() / TsDeclNamespace(NodeJS) / TsExport() / TsExporteeTree() / TsDeclInterface(Global) / TsMemberProperty(EvalError) / TsTypeQuery())] 
[info ] ResolveTypeQueries.scala:106 Resolved TsTypeQuery(TsQIdent(List(TsIdentLibrarySimple(std), TsIdentSimple(Float32Array)))) [id => easy-x-headers, phase => typescript, scope => TreeScope(TsParsedFile() / TsDeclNamespace(NodeJS) / TsExport() / TsExporteeTree() / TsDeclInterface(Global) / TsMemberProperty(Float32Array) / TsTypeQuery())] 
[info ] ResolveTypeQueries.scala:106 Resolved TsTypeQuery(TsQIdent(List(TsIdentLibrarySimple(std), TsIdentSimple(Float64Array)))) [id => easy-x-headers, phase => typescript, scope => TreeScope(TsParsedFile() / TsDeclNamespace(NodeJS) / TsExport() / TsExporteeTree() / TsDeclInterface(Global) / TsMemberProperty(Float64Array) / TsTypeQuery())] 
[info ] ResolveTypeQueries.scala:106 Resolved TsTypeQuery(TsQIdent(List(TsIdentLibrarySimple(std), TsIdentSimple(Function)))) [id => easy-x-headers, phase => typescript, scope => TreeScope(TsParsedFile() / TsDeclNamespace(NodeJS) / TsExport() / TsExporteeTree() / TsDeclInterface(Global) / TsMemberProperty(Function) / TsTypeQuery())] 
[info ] ResolveTypeQueries.scala:106 Resolved TsTypeQuery(TsQIdent(List(TsIdentLibrarySimple(std), TsIdentSimple(Infinity)))) [id => easy-x-headers, phase => typescript, scope => TreeScope(TsParsedFile() / TsDeclNamespace(NodeJS) / TsExport() / TsExporteeTree() / TsDeclInterface(Global) / TsMemberProperty(Infinity) / TsTypeQuery())] 
[info ] ResolveTypeQueries.scala:106 Resolved TsTypeQuery(TsQIdent(List(TsIdentLibrarySimple(std), TsIdentSimple(Int16Array)))) [id => easy-x-headers, phase => typescript, scope => TreeScope(TsParsedFile() / TsDeclNamespace(NodeJS) / TsExport() / TsExporteeTree() / TsDeclInterface(Global) / TsMemberProperty(Int16Array) / TsTypeQuery())] 
[info ] ResolveTypeQueries.scala:106 Resolved TsTypeQuery(TsQIdent(List(TsIdentLibrarySimple(std), TsIdentSimple(Int32Array)))) [id => easy-x-headers, phase => typescript, scope => TreeScope(TsParsedFile() / TsDeclNamespace(NodeJS) / TsExport() / TsExporteeTree() / TsDeclInterface(Global) / TsMemberProperty(Int32Array) / TsTypeQuery())] 
[info ] ResolveTypeQueries.scala:106 Resolved TsTypeQuery(TsQIdent(List(TsIdentLibrarySimple(std), TsIdentSimple(Int8Array)))) [id => easy-x-headers, phase => typescript, scope => TreeScope(TsParsedFile() / TsDeclNamespace(NodeJS) / TsExport() / TsExporteeTree() / TsDeclInterface(Global) / TsMemberProperty(Int8Array) / TsTypeQuery())] 
[info ] ResolveTypeQueries.scala:106 Resolved TsTypeQuery(TsQIdent(List(TsIdentLibrarySimple(std), TsIdentNamespace(Intl)))) [id => easy-x-headers, phase => typescript, scope => TreeScope(TsParsedFile() / TsDeclNamespace(NodeJS) / TsExport() / TsExporteeTree() / TsDeclInterface(Global) / TsMemberProperty(Intl) / TsTypeQuery())] 
[info ] ResolveTypeQueries.scala:106 Resolved TsTypeQuery(TsQIdent(List(TsIdentLibrarySimple(std), TsIdentSimple(JSON)))) [id => easy-x-headers, phase => typescript, scope => TreeScope(TsParsedFile() / TsDeclNamespace(NodeJS) / TsExport() / TsExporteeTree() / TsDeclInterface(Global) / TsMemberProperty(JSON) / TsTypeQuery())] 
[info ] ResolveTypeQueries.scala:106 Resolved TsTypeQuery(TsQIdent(List(TsIdentLibrarySimple(std), TsIdentSimple(Map)))) [id => easy-x-headers, phase => typescript, scope => TreeScope(TsParsedFile() / TsDeclNamespace(NodeJS) / TsExport() / TsExporteeTree() / TsDeclInterface(Global) / TsMemberProperty(Map) / TsTypeQuery())] 
[info ] ResolveTypeQueries.scala:106 Resolved TsTypeQuery(TsQIdent(List(TsIdentLibrarySimple(std), TsIdentSimple(Math)))) [id => easy-x-headers, phase => typescript, scope => TreeScope(TsParsedFile() / TsDeclNamespace(NodeJS) / TsExport() / TsExporteeTree() / TsDeclInterface(Global) / TsMemberProperty(Math) / TsTypeQuery())] 
[info ] ResolveTypeQueries.scala:106 Resolved TsTypeQuery(TsQIdent(List(TsIdentLibrarySimple(std), TsIdentSimple(NaN)))) [id => easy-x-headers, phase => typescript, scope => TreeScope(TsParsedFile() / TsDeclNamespace(NodeJS) / TsExport() / TsExporteeTree() / TsDeclInterface(Global) / TsMemberProperty(NaN) / TsTypeQuery())] 
[info ] ResolveTypeQueries.scala:106 Resolved TsTypeQuery(TsQIdent(List(TsIdentLibrarySimple(std), TsIdentSimple(Number)))) [id => easy-x-headers, phase => typescript, scope => TreeScope(TsParsedFile() / TsDeclNamespace(NodeJS) / TsExport() / TsExporteeTree() / TsDeclInterface(Global) / TsMemberProperty(Number) / TsTypeQuery())] 
[info ] ResolveTypeQueries.scala:106 Resolved TsTypeQuery(TsQIdent(List(TsIdentLibrarySimple(std), TsIdentSimple(Object)))) [id => easy-x-headers, phase => typescript, scope => TreeScope(TsParsedFile() / TsDeclNamespace(NodeJS) / TsExport() / TsExporteeTree() / TsDeclInterface(Global) / TsMemberProperty(Object) / TsTypeQuery())] 
[info ] ResolveTypeQueries.scala:106 Resolved TsTypeQuery(TsQIdent(List(TsIdentLibrarySimple(std), TsIdentSimple(RangeError)))) [id => easy-x-headers, phase => typescript, scope => TreeScope(TsParsedFile() / TsDeclNamespace(NodeJS) / TsExport() / TsExporteeTree() / TsDeclInterface(Global) / TsMemberProperty(RangeError) / TsTypeQuery())] 
[info ] ResolveTypeQueries.scala:106 Resolved TsTypeQuery(TsQIdent(List(TsIdentLibrarySimple(std), TsIdentSimple(ReferenceError)))) [id => easy-x-headers, phase => typescript, scope => TreeScope(TsParsedFile() / TsDeclNamespace(NodeJS) / TsExport() / TsExporteeTree() / TsDeclInterface(Global) / TsMemberProperty(ReferenceError) / TsTypeQuery())] 
[info ] ResolveTypeQueries.scala:106 Resolved TsTypeQuery(TsQIdent(List(TsIdentLibrarySimple(std), TsIdentSimple(RegExp)))) [id => easy-x-headers, phase => typescript, scope => TreeScope(TsParsedFile() / TsDeclNamespace(NodeJS) / TsExport() / TsExporteeTree() / TsDeclInterface(Global) / TsMemberProperty(RegExp) / TsTypeQuery())] 
[info ] ResolveTypeQueries.scala:106 Resolved TsTypeQuery(TsQIdent(List(TsIdentLibrarySimple(std), TsIdentSimple(Set)))) [id => easy-x-headers, phase => typescript, scope => TreeScope(TsParsedFile() / TsDeclNamespace(NodeJS) / TsExport() / TsExporteeTree() / TsDeclInterface(Global) / TsMemberProperty(Set) / TsTypeQuery())] 
[info ] ResolveTypeQueries.scala:106 Resolved TsTypeQuery(TsQIdent(List(TsIdentLibrarySimple(std), TsIdentSimple(String)))) [id => easy-x-headers, phase => typescript, scope => TreeScope(TsParsedFile() / TsDeclNamespace(NodeJS) / TsExport() / TsExporteeTree() / TsDeclInterface(Global) / TsMemberProperty(String) / TsTypeQuery())] 
[info ] ResolveTypeQueries.scala:106 Resolved TsTypeQuery(TsQIdent(List(TsIdentLibrarySimple(std), TsIdentSimple(SyntaxError)))) [id => easy-x-headers, phase => typescript, scope => TreeScope(TsParsedFile() / TsDeclNamespace(NodeJS) / TsExport() / TsExporteeTree() / TsDeclInterface(Global) / TsMemberProperty(SyntaxError) / TsTypeQuery())] 
[info ] ResolveTypeQueries.scala:106 Resolved TsTypeQuery(TsQIdent(List(TsIdentLibrarySimple(std), TsIdentSimple(TypeError)))) [id => easy-x-headers, phase => typescript, scope => TreeScope(TsParsedFile() / TsDeclNamespace(NodeJS) / TsExport() / TsExporteeTree() / TsDeclInterface(Global) / TsMemberProperty(TypeError) / TsTypeQuery())] 
[info ] ResolveTypeQueries.scala:106 Resolved TsTypeQuery(TsQIdent(List(TsIdentLibrarySimple(std), TsIdentSimple(URIError)))) [id => easy-x-headers, phase => typescript, scope => TreeScope(TsParsedFile() / TsDeclNamespace(NodeJS) / TsExport() / TsExporteeTree() / TsDeclInterface(Global) / TsMemberProperty(URIError) / TsTypeQuery())] 
[info ] ResolveTypeQueries.scala:106 Resolved TsTypeQuery(TsQIdent(List(TsIdentLibrarySimple(std), TsIdentSimple(Uint16Array)))) [id => easy-x-headers, phase => typescript, scope => TreeScope(TsParsedFile() / TsDeclNamespace(NodeJS) / TsExport() / TsExporteeTree() / TsDeclInterface(Global) / TsMemberProperty(Uint16Array) / TsTypeQuery())] 
[info ] ResolveTypeQueries.scala:106 Resolved TsTypeQuery(TsQIdent(List(TsIdentLibrarySimple(std), TsIdentSimple(Uint32Array)))) [id => easy-x-headers, phase => typescript, scope => TreeScope(TsParsedFile() / TsDeclNamespace(NodeJS) / TsExport() / TsExporteeTree() / TsDeclInterface(Global) / TsMemberProperty(Uint32Array) / TsTypeQuery())] 
[info ] ResolveTypeQueries.scala:106 Resolved TsTypeQuery(TsQIdent(List(TsIdentLibrarySimple(std), TsIdentSimple(Uint8Array)))) [id => easy-x-headers, phase => typescript, scope => TreeScope(TsParsedFile() / TsDeclNamespace(NodeJS) / TsExport() / TsExporteeTree() / TsDeclInterface(Global) / TsMemberProperty(Uint8Array) / TsTypeQuery())] 
[info ] ResolveTypeQueries.scala:106 Resolved TsTypeQuery(TsQIdent(List(TsIdentLibrarySimple(std), TsIdentSimple(WeakMap)))) [id => easy-x-headers, phase => typescript, scope => TreeScope(TsParsedFile() / TsDeclNamespace(NodeJS) / TsExport() / TsExporteeTree() / TsDeclInterface(Global) / TsMemberProperty(WeakMap) / TsTypeQuery())] 
[info ] ResolveTypeQueries.scala:106 Resolved TsTypeQuery(TsQIdent(List(TsIdentLibrarySimple(node), TsIdentSimple(console)))) [id => easy-x-headers, phase => typescript, scope => TreeScope(TsParsedFile() / TsDeclNamespace(NodeJS) / TsExport() / TsExporteeTree() / TsDeclInterface(Global) / TsMemberProperty(console) / TsTypeQuery())] 
[info ] ResolveTypeQueries.scala:106 Resolved TsTypeQuery(TsQIdent(List(TsIdentLibrarySimple(std), TsIdentSimple(decodeURI)))) [id => easy-x-headers, phase => typescript, scope => TreeScope(TsParsedFile() / TsDeclNamespace(NodeJS) / TsExport() / TsExporteeTree() / TsDeclInterface(Global) / TsMemberProperty(decodeURI) / TsTypeQuery())] 
[info ] ResolveTypeQueries.scala:106 Resolved TsTypeQuery(TsQIdent(List(TsIdentLibrarySimple(std), TsIdentSimple(decodeURIComponent)))) [id => easy-x-headers, phase => typescript, scope => TreeScope(TsParsedFile() / TsDeclNamespace(NodeJS) / TsExport() / TsExporteeTree() / TsDeclInterface(Global) / TsMemberProperty(decodeURIComponent) / TsTypeQuery())] 
[info ] ResolveTypeQueries.scala:106 Resolved TsTypeQuery(TsQIdent(List(TsIdentLibrarySimple(std), TsIdentSimple(encodeURI)))) [id => easy-x-headers, phase => typescript, scope => TreeScope(TsParsedFile() / TsDeclNamespace(NodeJS) / TsExport() / TsExporteeTree() / TsDeclInterface(Global) / TsMemberProperty(encodeURI) / TsTypeQuery())] 
[info ] ResolveTypeQueries.scala:106 Resolved TsTypeQuery(TsQIdent(List(TsIdentLibrarySimple(std), TsIdentSimple(encodeURIComponent)))) [id => easy-x-headers, phase => typescript, scope => TreeScope(TsParsedFile() / TsDeclNamespace(NodeJS) / TsExport() / TsExporteeTree() / TsDeclInterface(Global) / TsMemberProperty(encodeURIComponent) / TsTypeQuery())] 
[info ] ResolveTypeQueries.scala:106 Resolved TsTypeQuery(TsQIdent(List(TsIdentLibrarySimple(std), TsIdentSimple(eval)))) [id => easy-x-headers, phase => typescript, scope => TreeScope(TsParsedFile() / TsDeclNamespace(NodeJS) / TsExport() / TsExporteeTree() / TsDeclInterface(Global) / TsMemberProperty(eval) / TsTypeQuery())] 
[info ] ResolveTypeQueries.scala:106 Resolved TsTypeQuery(TsQIdent(List(TsIdentLibrarySimple(std), TsIdentSimple(isFinite)))) [id => easy-x-headers, phase => typescript, scope => TreeScope(TsParsedFile() / TsDeclNamespace(NodeJS) / TsExport() / TsExporteeTree() / TsDeclInterface(Global) / TsMemberProperty(isFinite) / TsTypeQuery())] 
[info ] ResolveTypeQueries.scala:106 Resolved TsTypeQuery(TsQIdent(List(TsIdentLibrarySimple(std), TsIdentSimple(isNaN)))) [id => easy-x-headers, phase => typescript, scope => TreeScope(TsParsedFile() / TsDeclNamespace(NodeJS) / TsExport() / TsExporteeTree() / TsDeclInterface(Global) / TsMemberProperty(isNaN) / TsTypeQuery())] 
[info ] ResolveTypeQueries.scala:106 Resolved TsTypeQuery(TsQIdent(List(TsIdentLibrarySimple(std), TsIdentSimple(parseFloat)))) [id => easy-x-headers, phase => typescript, scope => TreeScope(TsParsedFile() / TsDeclNamespace(NodeJS) / TsExport() / TsExporteeTree() / TsDeclInterface(Global) / TsMemberProperty(parseFloat) / TsTypeQuery())] 
[info ] ResolveTypeQueries.scala:106 Resolved TsTypeQuery(TsQIdent(List(TsIdentLibrarySimple(std), TsIdentSimple(parseInt)))) [id => easy-x-headers, phase => typescript, scope => TreeScope(TsParsedFile() / TsDeclNamespace(NodeJS) / TsExport() / TsExporteeTree() / TsDeclInterface(Global) / TsMemberProperty(parseInt) / TsTypeQuery())] 
[info ] ResolveTypeQueries.scala:106 Resolved TsTypeQuery(TsQIdent(List(TsIdentSimple(m)))) [id => easy-x-headers, phase => typescript, scope => TreeScope(TsParsedFile() / TsDeclModule(serve-static) / TsDeclNamespace(serveStatic) / TsDeclVar(mime) / TsTypeQuery())] 
[info ] PreferTypeAlias.scala:97 Could not simplify Router to function type alias because of circular references Vector(TsIdentSimple(Router)) [id => easy-x-headers, phase => typescript, scope => TreeScope(TsParsedFile() / TsDeclModule(express) / TsDeclNamespace(e) / TsDeclInterface(Router))] 
[info ] ExpandCallables.scala:57 Expanded all into 2 methods [id => easy-x-headers, phase => typescript, scope => TreeScope(TsParsedFile() / TsDeclModule(express) / TsDeclNamespace(e) / TsDeclInterface(IRouter))] 
[info ] ExpandCallables.scala:57 Expanded get into 2 methods [id => easy-x-headers, phase => typescript, scope => TreeScope(TsParsedFile() / TsDeclModule(express) / TsDeclNamespace(e) / TsDeclInterface(IRouter))] 
[info ] ExpandCallables.scala:57 Expanded post into 2 methods [id => easy-x-headers, phase => typescript, scope => TreeScope(TsParsedFile() / TsDeclModule(express) / TsDeclNamespace(e) / TsDeclInterface(IRouter))] 
[info ] ExpandCallables.scala:57 Expanded put into 2 methods [id => easy-x-headers, phase => typescript, scope => TreeScope(TsParsedFile() / TsDeclModule(express) / TsDeclNamespace(e) / TsDeclInterface(IRouter))] 
[info ] ExpandCallables.scala:57 Expanded delete into 2 methods [id => easy-x-headers, phase => typescript, scope => TreeScope(TsParsedFile() / TsDeclModule(express) / TsDeclNamespace(e) / TsDeclInterface(IRouter))] 
[info ] ExpandCallables.scala:57 Expanded patch into 2 methods [id => easy-x-headers, phase => typescript, scope => TreeScope(TsParsedFile() / TsDeclModule(express) / TsDeclNamespace(e) / TsDeclInterface(IRouter))] 
[info ] ExpandCallables.scala:57 Expanded options into 2 methods [id => easy-x-headers, phase => typescript, scope => TreeScope(TsParsedFile() / TsDeclModule(express) / TsDeclNamespace(e) / TsDeclInterface(IRouter))] 
[info ] PreferTypeAlias.scala:118 Simplified to function type alias [id => easy-x-headers, phase => typescript, scope => TreeScope(TsParsedFile() / TsDeclModule(express) / TsDeclNamespace(e) / TsDeclInterface(Errback))] 
[info ] ExpandCallables.scala:57 Expanded send into 2 methods [id => easy-x-headers, phase => typescript, scope => TreeScope(TsParsedFile() / TsDeclModule(express) / TsDeclNamespace(e) / TsDeclInterface(Response))] 
[info ] ExpandCallables.scala:57 Expanded json into 2 methods [id => easy-x-headers, phase => typescript, scope => TreeScope(TsParsedFile() / TsDeclModule(express) / TsDeclNamespace(e) / TsDeclInterface(Response))] 
[info ] ExpandCallables.scala:57 Expanded jsonp into 2 methods [id => easy-x-headers, phase => typescript, scope => TreeScope(TsParsedFile() / TsDeclModule(express) / TsDeclNamespace(e) / TsDeclInterface(Response))] 
[info ] PreferTypeAlias.scala:118 Simplified to function type alias [id => easy-x-headers, phase => typescript, scope => TreeScope(TsParsedFile() / TsDeclModule(express) / TsDeclNamespace(e) / TsDeclInterface(ErrorRequestHandler))] 
[info ] PreferTypeAlias.scala:118 Simplified to function type alias [id => easy-x-headers, phase => typescript, scope => TreeScope(TsParsedFile() / TsDeclModule(express) / TsDeclNamespace(e) / TsDeclInterface(RequestHandler))] 
[info ] PreferTypeAlias.scala:112 Simplified to type alias [id => easy-x-headers, phase => typescript, scope => TreeScope(TsParsedFile() / TsDeclModule(express) / TsDeclNamespace(e) / TsDeclInterface(Handler))] 
[info ] PreferTypeAlias.scala:118 Simplified to function type alias [id => easy-x-headers, phase => typescript, scope => TreeScope(TsParsedFile() / TsDeclModule(express) / TsDeclNamespace(e) / TsDeclInterface(RequestParamHandler))] 
[info ] ExpandCallables.scala:57 Expanded get into 12 methods [id => easy-x-headers, phase => typescript, scope => TreeScope(TsParsedFile() / TsDeclModule(express) / TsDeclNamespace(e) / TsDeclInterface(Application))] 
[info ] PreferTypeAlias.scala:112 Simplified to type alias [id => easy-x-headers, phase => typescript, scope => TreeScope(TsParsedFile() / TsDeclInterface(Buffer))] 
[info ] ExpandCallables.scala:57 Expanded Array into 4 methods [id => easy-x-headers, phase => typescript, scope => TreeScope(TsParsedFile() / TsDeclNamespace(NodeJS) / TsDeclInterface(Global))] 
[info ] ExpandCallables.scala:57 Expanded Boolean into 2 methods [id => easy-x-headers, phase => typescript, scope => TreeScope(TsParsedFile() / TsDeclNamespace(NodeJS) / TsDeclInterface(Global))] 
[info ] ExpandCallables.scala:57 Expanded Date into 1 methods [id => easy-x-headers, phase => typescript, scope => TreeScope(TsParsedFile() / TsDeclNamespace(NodeJS) / TsDeclInterface(Global))] 
[info ] ExpandCallables.scala:57 Expanded Error into 2 methods [id => easy-x-headers, phase => typescript, scope => TreeScope(TsParsedFile() / TsDeclNamespace(NodeJS) / TsDeclInterface(Global))] 
[info ] ExpandCallables.scala:57 Expanded EvalError into 2 methods [id => easy-x-headers, phase => typescript, scope => TreeScope(TsParsedFile() / TsDeclNamespace(NodeJS) / TsDeclInterface(Global))] 
[info ] ExpandCallables.scala:57 Expanded Function into 1 methods [id => easy-x-headers, phase => typescript, scope => TreeScope(TsParsedFile() / TsDeclNamespace(NodeJS) / TsDeclInterface(Global))] 
[info ] ExpandCallables.scala:57 Expanded Number into 2 methods [id => easy-x-headers, phase => typescript, scope => TreeScope(TsParsedFile() / TsDeclNamespace(NodeJS) / TsDeclInterface(Global))] 
[info ] ExpandCallables.scala:57 Expanded Object into 2 methods [id => easy-x-headers, phase => typescript, scope => TreeScope(TsParsedFile() / TsDeclNamespace(NodeJS) / TsDeclInterface(Global))] 
[info ] ExpandCallables.scala:57 Expanded RangeError into 2 methods [id => easy-x-headers, phase => typescript, scope => TreeScope(TsParsedFile() / TsDeclNamespace(NodeJS) / TsDeclInterface(Global))] 
[info ] ExpandCallables.scala:57 Expanded ReferenceError into 2 methods [id => easy-x-headers, phase => typescript, scope => TreeScope(TsParsedFile() / TsDeclNamespace(NodeJS) / TsDeclInterface(Global))] 
[info ] ExpandCallables.scala:57 Expanded RegExp into 6 methods [id => easy-x-headers, phase => typescript, scope => TreeScope(TsParsedFile() / TsDeclNamespace(NodeJS) / TsDeclInterface(Global))] 
[info ] ExpandCallables.scala:57 Expanded String into 2 methods [id => easy-x-headers, phase => typescript, scope => TreeScope(TsParsedFile() / TsDeclNamespace(NodeJS) / TsDeclInterface(Global))] 
[info ] ExpandCallables.scala:57 Expanded SyntaxError into 2 methods [id => easy-x-headers, phase => typescript, scope => TreeScope(TsParsedFile() / TsDeclNamespace(NodeJS) / TsDeclInterface(Global))] 
[info ] ExpandCallables.scala:57 Expanded TypeError into 2 methods [id => easy-x-headers, phase => typescript, scope => TreeScope(TsParsedFile() / TsDeclNamespace(NodeJS) / TsDeclInterface(Global))] 
[info ] ExpandCallables.scala:57 Expanded URIError into 2 methods [id => easy-x-headers, phase => typescript, scope => TreeScope(TsParsedFile() / TsDeclNamespace(NodeJS) / TsDeclInterface(Global))] 
[info ] ExpandCallables.scala:57 Expanded decodeURI into 1 methods [id => easy-x-headers, phase => typescript, scope => TreeScope(TsParsedFile() / TsDeclNamespace(NodeJS) / TsDeclInterface(Global))] 
[info ] ExpandCallables.scala:57 Expanded decodeURIComponent into 1 methods [id => easy-x-headers, phase => typescript, scope => TreeScope(TsParsedFile() / TsDeclNamespace(NodeJS) / TsDeclInterface(Global))] 
[info ] ExpandCallables.scala:57 Expanded encodeURI into 1 methods [id => easy-x-headers, phase => typescript, scope => TreeScope(TsParsedFile() / TsDeclNamespace(NodeJS) / TsDeclInterface(Global))] 
[info ] ExpandCallables.scala:57 Expanded encodeURIComponent into 1 methods [id => easy-x-headers, phase => typescript, scope => TreeScope(TsParsedFile() / TsDeclNamespace(NodeJS) / TsDeclInterface(Global))] 
[info ] ExpandCallables.scala:57 Expanded eval into 1 methods [id => easy-x-headers, phase => typescript, scope => TreeScope(TsParsedFile() / TsDeclNamespace(NodeJS) / TsDeclInterface(Global))] 
[info ] ExpandCallables.scala:57 Expanded isFinite into 1 methods [id => easy-x-headers, phase => typescript, scope => TreeScope(TsParsedFile() / TsDeclNamespace(NodeJS) / TsDeclInterface(Global))] 
[info ] ExpandCallables.scala:57 Expanded isNaN into 1 methods [id => easy-x-headers, phase => typescript, scope => TreeScope(TsParsedFile() / TsDeclNamespace(NodeJS) / TsDeclInterface(Global))] 
[info ] ExpandCallables.scala:57 Expanded parseFloat into 1 methods [id => easy-x-headers, phase => typescript, scope => TreeScope(TsParsedFile() / TsDeclNamespace(NodeJS) / TsDeclInterface(Global))] 
[info ] ExpandCallables.scala:57 Expanded parseInt into 2 methods [id => easy-x-headers, phase => typescript, scope => TreeScope(TsParsedFile() / TsDeclNamespace(NodeJS) / TsDeclInterface(Global))] 
[info ] PreferTypeAlias.scala:112 Simplified to type alias [id => easy-x-headers, phase => typescript, scope => TreeScope(TsParsedFile() / TsDeclModule(http) / TsDeclInterface(ClientResponse))] 
[info ] PreferTypeAlias.scala:112 Simplified to type alias [id => easy-x-headers, phase => typescript, scope => TreeScope(TsParsedFile() / TsDeclModule(zlib) / TsDeclInterface(Gzip))] 
[info ] PreferTypeAlias.scala:112 Simplified to type alias [id => easy-x-headers, phase => typescript, scope => TreeScope(TsParsedFile() / TsDeclModule(zlib) / TsDeclInterface(Gunzip))] 
[info ] PreferTypeAlias.scala:112 Simplified to type alias [id => easy-x-headers, phase => typescript, scope => TreeScope(TsParsedFile() / TsDeclModule(zlib) / TsDeclInterface(Deflate))] 
[info ] PreferTypeAlias.scala:112 Simplified to type alias [id => easy-x-headers, phase => typescript, scope => TreeScope(TsParsedFile() / TsDeclModule(zlib) / TsDeclInterface(Inflate))] 
[info ] PreferTypeAlias.scala:112 Simplified to type alias [id => easy-x-headers, phase => typescript, scope => TreeScope(TsParsedFile() / TsDeclModule(zlib) / TsDeclInterface(DeflateRaw))] 
[info ] PreferTypeAlias.scala:112 Simplified to type alias [id => easy-x-headers, phase => typescript, scope => TreeScope(TsParsedFile() / TsDeclModule(zlib) / TsDeclInterface(InflateRaw))] 
[info ] PreferTypeAlias.scala:112 Simplified to type alias [id => easy-x-headers, phase => typescript, scope => TreeScope(TsParsedFile() / TsDeclModule(zlib) / TsDeclInterface(Unzip))] 
[info ] PreferTypeAlias.scala:97 Could not simplify Server to function type alias because of circular references Vector(TsIdentSimple(Server)) [id => easy-x-headers, phase => typescript, scope => TreeScope(TsParsedFile() / TsDeclModule(https) / TsDeclInterface(Server))] 
[info ] ExtractInterfaces.scala:30 Extracted anonymous interface TsIdentSimple(Anon_Lookup) [id => easy-x-headers, phase => typescript, scope => TreeScope(TsParsedFile() / TsDeclModule(serve-static) / TsDeclVar(mime) / TsTypeObject())] 
[info ] ExtractInterfaces.scala:30 Extracted anonymous interface TsIdentSimple(Anon_Etag) [id => easy-x-headers, phase => typescript, scope => TreeScope(TsParsedFile() / TsDeclModule(serve-static) / TsDeclFunction(namespaced) / TsFunSig() / TsFunParam() / TsTypeObject())] 
[info ] ExtractInterfaces.scala:30 Extracted anonymous interface TsIdentSimple(Anon_Ca) [id => easy-x-headers, phase => typescript, scope => TreeScope(TsParsedFile() / TsDeclModule(tls) / TsDeclInterface(Server) / TsMemberFunction(addContext) / TsFunSig() / TsFunParam() / TsTypeObject())] 
[info ] ExtractInterfaces.scala:30 Extracted anonymous interface TsIdentSimple(Anon_Address) [id => easy-x-headers, phase => typescript, scope => TreeScope(TsParsedFile() / TsDeclModule(tls) / TsDeclInterface(Server) / TsMemberFunction(address) / TsFunSig() / TsTypeObject())] 
[info ] ExtractInterfaces.scala:30 Extracted anonymous interface TsIdentSimple(Anon_Name) [id => easy-x-headers, phase => typescript, scope => TreeScope(TsParsedFile() / TsDeclModule(tls) / TsDeclInterface(ClearTextStream) / TsMemberProperty(getCipher) / TsTypeObject())] 
[info ] ExtractInterfaces.scala:30 Extracted anonymous interface TsIdentSimple(Anon_Address) [id => easy-x-headers, phase => typescript, scope => TreeScope(TsParsedFile() / TsDeclModule(tls) / TsDeclInterface(ClearTextStream) / TsMemberProperty(address) / TsTypeObject())] 
[info ] ExtractInterfaces.scala:30 Extracted anonymous interface TsIdentSimple(Anon_AllowHalfOpen) [id => easy-x-headers, phase => typescript, scope => TreeScope(TsParsedFile() / TsDeclModule(net) / TsDeclFunction(connect) / TsFunSig() / TsFunParam() / TsTypeObject())] 
[info ] ExtractInterfaces.scala:30 Extracted anonymous interface TsIdentSimple(Anon_AllowHalfOpen) [id => easy-x-headers, phase => typescript, scope => TreeScope(TsParsedFile() / TsDeclModule(net) / TsDeclFunction(connect) / TsFunSig() / TsFunParam() / TsTypeObject())] 
[info ] ExtractInterfaces.scala:30 Extracted anonymous interface TsIdentSimple(Anon_Address) [id => easy-x-headers, phase => typescript, scope => TreeScope(TsParsedFile() / TsDeclModule(net) / TsDeclInterface(Server) / TsMemberFunction(address) / TsFunSig() / TsTypeObject())] 
[info ] ExtractInterfaces.scala:30 Extracted anonymous interface TsIdentSimple(Anon_AllowHalfOpen) [id => easy-x-headers, phase => typescript, scope => TreeScope(TsParsedFile() / TsDeclModule(net) / TsDeclFunction(createServer) / TsFunSig() / TsFunParam() / TsTypeObject())] 
[info ] ExtractInterfaces.scala:30 Extracted anonymous interface TsIdentSimple(Anon_AllowHalfOpen) [id => easy-x-headers, phase => typescript, scope => TreeScope(TsParsedFile() / TsDeclModule(net) / TsDeclFunction(createServer) / TsFunSig() / TsFunParam() / TsTypeObject())] 
[info ] ExtractInterfaces.scala:30 Extracted anonymous interface TsIdentSimple(Anon_AllowHalfOpen) [id => easy-x-headers, phase => typescript, scope => TreeScope(TsParsedFile() / TsDeclModule(net) / TsDeclFunction(createConnection) / TsFunSig() / TsFunParam() / TsTypeObject())] 
[info ] ExtractInterfaces.scala:30 Extracted anonymous interface TsIdentSimple(Anon_AllowHalfOpen) [id => easy-x-headers, phase => typescript, scope => TreeScope(TsParsedFile() / TsDeclModule(net) / TsDeclFunction(createConnection) / TsFunSig() / TsFunParam() / TsTypeObject())] 
[info ] ExtractInterfaces.scala:30 Extracted anonymous interface TsIdentSimple(Anon_Address) [id => easy-x-headers, phase => typescript, scope => TreeScope(TsParsedFile() / TsDeclModule(net) / TsDeclInterface(Socket) / TsMemberFunction(address) / TsFunSig() / TsTypeObject())] 
[info ] ExtractInterfaces.scala:30 Extracted anonymous interface TsIdentSimple(Anon_Fd) [id => easy-x-headers, phase => typescript, scope => TreeScope(TsParsedFile() / TsDeclModule(net) / TsDeclVar(Socket) / TsTypeObject() / TsMemberCtor() / TsFunSig() / TsFunParam() / TsTypeObject())] 
[info ] ExtractInterfaces.scala:30 Extracted anonymous interface TsIdentSimple(Anon_Options) [id => easy-x-headers, phase => typescript, scope => TreeScope(TsParsedFile() / TsDeclModule(net) / TsDeclVar(Socket) / TsTypeObject())] 
[info ] ExtractInterfaces.scala:30 Extracted anonymous interface TsIdentSimple(Anon_Encoding) [id => easy-x-headers, phase => typescript, scope => TreeScope(TsParsedFile() / TsDeclModule(string_decoder) / TsDeclVar(StringDecoder) / TsTypeObject())] 
[info ] ExtractInterfaces.scala:30 Extracted anonymous interface TsIdentSimple(Anon_Nice) [id => easy-x-headers, phase => typescript, scope => TreeScope(TsParsedFile() / TsDeclModule(os) / TsDeclFunction(cpus) / TsFunSig() / TsTypeRef() / TsTypeObject() / TsMemberProperty(times) / TsTypeObject())] 
[info ] ExtractInterfaces.scala:30 Extracted anonymous interface TsIdentSimple(Anon_Model) [id => easy-x-headers, phase => typescript, scope => TreeScope(TsParsedFile() / TsDeclModule(os) / TsDeclFunction(cpus) / TsFunSig() / TsTypeRef() / TsTypeObject())] 
[info ] ExtractInterfaces.scala:30 Extracted anonymous interface TsIdentSimple(Anon_OptionsAgent) [id => easy-x-headers, phase => typescript, scope => TreeScope(TsParsedFile() / TsDeclModule(https) / TsDeclVar(Agent) / TsTypeObject())] 
[info ] ExtractInterfaces.scala:30 Extracted anonymous interface TsIdentSimple(Anon_KillSignal) [id => easy-x-headers, phase => typescript, scope => TreeScope(TsParsedFile() / TsDeclModule(child_process) / TsDeclFunction(execFileSync) / TsFunSig() / TsFunParam() / TsTypeObject())] 
[info ] ExtractInterfaces.scala:30 Extracted anonymous interface TsIdentSimple(Anon_Stdio) [id => easy-x-headers, phase => typescript, scope => TreeScope(TsParsedFile() / TsDeclModule(child_process) / TsDeclFunction(spawn) / TsFunSig() / TsFunParam() / TsTypeObject())] 
[info ] ExtractInterfaces.scala:30 Extracted anonymous interface TsIdentSimple(Anon_KillSignal) [id => easy-x-headers, phase => typescript, scope => TreeScope(TsParsedFile() / TsDeclModule(child_process) / TsDeclFunction(execSync) / TsFunSig() / TsFunParam() / TsTypeObject())] 
[info ] ExtractInterfaces.scala:30 Extracted anonymous interface TsIdentSimple(Anon_Cwd) [id => easy-x-headers, phase => typescript, scope => TreeScope(TsParsedFile() / TsDeclModule(child_process) / TsDeclFunction(fork) / TsFunSig() / TsFunParam() / TsTypeObject())] 
[info ] ExtractInterfaces.scala:30 Extracted anonymous interface TsIdentSimple(Anon_KillSignalStdio) [id => easy-x-headers, phase => typescript, scope => TreeScope(TsParsedFile() / TsDeclModule(child_process) / TsDeclFunction(execFile) / TsFunSig() / TsFunParam() / TsTypeObject())] 
[info ] ExtractInterfaces.scala:30 Extracted anonymous interface TsIdentSimple(Anon_KillSignalStdio) [id => easy-x-headers, phase => typescript, scope => TreeScope(TsParsedFile() / TsDeclModule(child_process) / TsDeclFunction(execFile) / TsFunSig() / TsFunParam() / TsTypeObject())] 
[info ] ExtractInterfaces.scala:30 Extracted anonymous interface TsIdentSimple(Anon_KillSignalStdioEncoding) [id => easy-x-headers, phase => typescript, scope => TreeScope(TsParsedFile() / TsDeclModule(child_process) / TsDeclFunction(exec) / TsFunSig() / TsFunParam() / TsTypeObject())] 
[info ] ExtractInterfaces.scala:30 Extracted anonymous interface TsIdentSimple(Anon_KillSignalStdioEncoding) [id => easy-x-headers, phase => typescript, scope => TreeScope(TsParsedFile() / TsDeclModule(child_process) / TsDeclFunction(exec) / TsFunSig() / TsFunParam() / TsTypeObject())] 
[info ] ExtractInterfaces.scala:30 Extracted anonymous interface TsIdentSimple(Anon_Etag) [id => easy-x-headers, phase => typescript, scope => TreeScope(TsParsedFile() / TsDeclModule(express) / TsDeclVar(static) / TsTypeFunction() / TsFunSig() / TsFunParam() / TsTypeObject())] 
[info ] ExtractInterfaces.scala:30 Extracted anonymous interface TsIdentSimple(Anon_NameHandlers) [id => easy-x-headers, phase => typescript, scope => TreeScope(TsParsedFile() / TsDeclModule(express) / TsDeclNamespace(e) / TsDeclInterface(Application) / TsMemberProperty(get) / TsTypeObject())] 
[info ] ExtractInterfaces.scala:30 Extracted anonymous interface TsIdentSimple(Anon_IsEncoding) [id => easy-x-headers, phase => typescript, scope => TreeScope(TsParsedFile() / TsDeclNamespace(NodeJS) / TsDeclInterface(Global) / TsMemberProperty(Buffer) / TsTypeObject())] 
[info ] ExtractInterfaces.scala:30 Extracted anonymous interface TsIdentSimple(Anon_Collator) [id => easy-x-headers, phase => typescript, scope => TreeScope(TsParsedFile() / TsDeclNamespace(NodeJS) / TsDeclInterface(Global) / TsMemberProperty(Intl) / TsTypeObject())] 
[info ] ExtractInterfaces.scala:30 Extracted anonymous interface TsIdentSimple(Anon_S) [id => easy-x-headers, phase => typescript, scope => TreeScope(TsParsedFile() / TsDeclNamespace(NodeJS) / TsDeclInterface(Global) / TsMemberProperty(parseInt) / TsTypeObject())] 
[info ] ExtractInterfaces.scala:30 Extracted anonymous interface TsIdentSimple(Anon_End) [id => easy-x-headers, phase => typescript, scope => TreeScope(TsParsedFile() / TsDeclNamespace(NodeJS) / TsDeclInterface(ReadableStream) / TsMemberFunction(pipe) / TsFunSig() / TsFunParam() / TsTypeObject())] 
[info ] ExtractInterfaces.scala:30 Extracted anonymous interface TsIdentSimple(Anon_Uv) [id => easy-x-headers, phase => typescript, scope => TreeScope(TsParsedFile() / TsDeclNamespace(NodeJS) / TsDeclInterface(Process) / TsMemberProperty(versions) / TsTypeObject())] 
[info ] ExtractInterfaces.scala:30 Extracted anonymous interface TsIdentSimple(Anon_Defaultconfiguration) [id => easy-x-headers, phase => typescript, scope => TreeScope(TsParsedFile() / TsDeclNamespace(NodeJS) / TsDeclInterface(Process) / TsMemberProperty(config) / TsTypeObject() / TsMemberProperty(target_defaults) / TsTypeObject())] 
[info ] ExtractInterfaces.scala:30 Extracted anonymous interface TsIdentSimple(Anon_Nodeuseetw) [id => easy-x-headers, phase => typescript, scope => TreeScope(TsParsedFile() / TsDeclNamespace(NodeJS) / TsDeclInterface(Process) / TsMemberProperty(config) / TsTypeObject() / TsMemberProperty(variables) / TsTypeObject())] 
[info ] ExtractInterfaces.scala:30 Extracted anonymous interface TsIdentSimple(Anon_Targetdefaults) [id => easy-x-headers, phase => typescript, scope => TreeScope(TsParsedFile() / TsDeclNamespace(NodeJS) / TsDeclInterface(Process) / TsMemberProperty(config) / TsTypeObject())] 
[info ] ExtractInterfaces.scala:30 Extracted anonymous interface TsIdentSimple(Anon_HeapTotal) [id => easy-x-headers, phase => typescript, scope => TreeScope(TsParsedFile() / TsDeclNamespace(NodeJS) / TsDeclInterface(Process) / TsMemberFunction(memoryUsage) / TsFunSig() / TsTypeObject())] 
[info ] ExtractInterfaces.scala:30 Extracted anonymous interface TsIdentSimple(Anon_Block) [id => easy-x-headers, phase => typescript, scope => TreeScope(TsParsedFile() / TsDeclModule(assert) / TsDeclVar(throws) / TsTypeObject())] 
[info ] ExtractInterfaces.scala:30 Extracted anonymous interface TsIdentSimple(Anon_Block) [id => easy-x-headers, phase => typescript, scope => TreeScope(TsParsedFile() / TsDeclModule(assert) / TsDeclVar(doesNotThrow) / TsTypeObject())] 
[info ] ExtractInterfaces.scala:30 Extracted anonymous interface TsIdentSimple(Anon_Expected) [id => easy-x-headers, phase => typescript, scope => TreeScope(TsParsedFile() / TsDeclModule(assert) / TsDeclClass(AssertionError) / TsMemberFunction(constructor) / TsFunSig() / TsFunParam() / TsTypeObject())] 
[info ] ExtractInterfaces.scala:30 Extracted anonymous interface TsIdentSimple(Anon_End) [id => easy-x-headers, phase => typescript, scope => TreeScope(TsParsedFile() / TsDeclModule(stream) / TsDeclInterface(Stream) / TsMemberFunction(pipe) / TsFunSig() / TsFunParam() / TsTypeObject())] 
[info ] ExtractInterfaces.scala:30 Extracted anonymous interface TsIdentSimple(Anon_End) [id => easy-x-headers, phase => typescript, scope => TreeScope(TsParsedFile() / TsDeclModule(stream) / TsDeclClass(Transform) / TsMemberFunction(pipe) / TsFunSig() / TsFunParam() / TsTypeObject())] 
[info ] ExtractInterfaces.scala:30 Extracted anonymous interface TsIdentSimple(Anon_End) [id => easy-x-headers, phase => typescript, scope => TreeScope(TsParsedFile() / TsDeclModule(stream) / TsDeclClass(Readable) / TsMemberFunction(pipe) / TsFunSig() / TsFunParam() / TsTypeObject())] 
[info ] ExtractInterfaces.scala:30 Extracted anonymous interface TsIdentSimple(Anon_Address) [id => easy-x-headers, phase => typescript, scope => TreeScope(TsParsedFile() / TsDeclModule(http) / TsDeclInterface(Server) / TsMemberFunction(address) / TsFunSig() / TsTypeObject())] 
[info ] ExtractInterfaces.scala:30 Extracted anonymous interface TsIdentSimple(Anon_MaxKeys) [id => easy-x-headers, phase => typescript, scope => TreeScope(TsParsedFile() / TsDeclModule(querystring) / TsDeclFunction(parse) / TsFunSig() / TsFunParam() / TsTypeObject())] 
[info ] ExtractInterfaces.scala:30 Extracted anonymous interface TsIdentSimple(Anon_EncodingMode) [id => easy-x-headers, phase => typescript, scope => TreeScope(TsParsedFile() / TsDeclModule(fs) / TsDeclFunction(writeFileSync) / TsFunSig() / TsFunParam() / TsTypeObject())] 
[info ] ExtractInterfaces.scala:30 Extracted anonymous interface TsIdentSimple(Anon_EncodingModeFlag) [id => easy-x-headers, phase => typescript, scope => TreeScope(TsParsedFile() / TsDeclModule(fs) / TsDeclFunction(writeFileSync) / TsFunSig() / TsFunParam() / TsTypeObject())] 
[info ] ExtractInterfaces.scala:30 Extracted anonymous interface TsIdentSimple(Anon_EncodingMode) [id => easy-x-headers, phase => typescript, scope => TreeScope(TsParsedFile() / TsDeclModule(fs) / TsDeclFunction(appendFile) / TsFunSig() / TsFunParam() / TsTypeObject())] 
[info ] ExtractInterfaces.scala:30 Extracted anonymous interface TsIdentSimple(Anon_EncodingMode) [id => easy-x-headers, phase => typescript, scope => TreeScope(TsParsedFile() / TsDeclModule(fs) / TsDeclFunction(appendFile) / TsFunSig() / TsFunParam() / TsTypeObject())] 
[info ] ExtractInterfaces.scala:30 Extracted anonymous interface TsIdentSimple(Anon_EncodingModeFlag) [id => easy-x-headers, phase => typescript, scope => TreeScope(TsParsedFile() / TsDeclModule(fs) / TsDeclFunction(appendFile) / TsFunSig() / TsFunParam() / TsTypeObject())] 
[info ] ExtractInterfaces.scala:30 Extracted anonymous interface TsIdentSimple(Anon_EncodingModeFlag) [id => easy-x-headers, phase => typescript, scope => TreeScope(TsParsedFile() / TsDeclModule(fs) / TsDeclFunction(appendFile) / TsFunSig() / TsFunParam() / TsTypeObject())] 
[info ] ExtractInterfaces.scala:30 Extracted anonymous interface TsIdentSimple(Anon_Persistent) [id => easy-x-headers, phase => typescript, scope => TreeScope(TsParsedFile() / TsDeclModule(fs) / TsDeclFunction(watch) / TsFunSig() / TsFunParam() / TsTypeObject())] 
[info ] ExtractInterfaces.scala:30 Extracted anonymous interface TsIdentSimple(Anon_Persistent) [id => easy-x-headers, phase => typescript, scope => TreeScope(TsParsedFile() / TsDeclModule(fs) / TsDeclFunction(watch) / TsFunSig() / TsFunParam() / TsTypeObject())] 
[info ] ExtractInterfaces.scala:30 Extracted anonymous interface TsIdentSimple(Anon_PersistentInterval) [id => easy-x-headers, phase => typescript, scope => TreeScope(TsParsedFile() / TsDeclModule(fs) / TsDeclFunction(watchFile) / TsFunSig() / TsFunParam() / TsTypeObject())] 
[info ] ExtractInterfaces.scala:30 Extracted anonymous interface TsIdentSimple(Anon_EncodingFlag) [id => easy-x-headers, phase => typescript, scope => TreeScope(TsParsedFile() / TsDeclModule(fs) / TsDeclFunction(readFile) / TsFunSig() / TsFunParam() / TsTypeObject())] 
[info ] ExtractInterfaces.scala:30 Extracted anonymous interface TsIdentSimple(Anon_Flag) [id => easy-x-headers, phase => typescript, scope => TreeScope(TsParsedFile() / TsDeclModule(fs) / TsDeclFunction(readFile) / TsFunSig() / TsFunParam() / TsTypeObject())] 
[info ] ExtractInterfaces.scala:30 Extracted anonymous interface TsIdentSimple(Anon_EncodingMode) [id => easy-x-headers, phase => typescript, scope => TreeScope(TsParsedFile() / TsDeclModule(fs) / TsDeclFunction(writeFile) / TsFunSig() / TsFunParam() / TsTypeObject())] 
[info ] ExtractInterfaces.scala:30 Extracted anonymous interface TsIdentSimple(Anon_EncodingMode) [id => easy-x-headers, phase => typescript, scope => TreeScope(TsParsedFile() / TsDeclModule(fs) / TsDeclFunction(writeFile) / TsFunSig() / TsFunParam() / TsTypeObject())] 
[info ] ExtractInterfaces.scala:30 Extracted anonymous interface TsIdentSimple(Anon_EncodingModeFlag) [id => easy-x-headers, phase => typescript, scope => TreeScope(TsParsedFile() / TsDeclModule(fs) / TsDeclFunction(writeFile) / TsFunSig() / TsFunParam() / TsTypeObject())] 
[info ] ExtractInterfaces.scala:30 Extracted anonymous interface TsIdentSimple(Anon_EncodingModeFlag) [id => easy-x-headers, phase => typescript, scope => TreeScope(TsParsedFile() / TsDeclModule(fs) / TsDeclFunction(writeFile) / TsFunSig() / TsFunParam() / TsTypeObject())] 
[info ] ExtractInterfaces.scala:30 Extracted anonymous interface TsIdentSimple(Anon_Flags) [id => easy-x-headers, phase => typescript, scope => TreeScope(TsParsedFile() / TsDeclModule(fs) / TsDeclFunction(createReadStream) / TsFunSig() / TsFunParam() / TsTypeObject())] 
[info ] ExtractInterfaces.scala:30 Extracted anonymous interface TsIdentSimple(Anon_FlagsEncoding) [id => easy-x-headers, phase => typescript, scope => TreeScope(TsParsedFile() / TsDeclModule(fs) / TsDeclFunction(createReadStream) / TsFunSig() / TsFunParam() / TsTypeObject())] 
[info ] ExtractInterfaces.scala:30 Extracted anonymous interface TsIdentSimple(Anon_EncodingMode) [id => easy-x-headers, phase => typescript, scope => TreeScope(TsParsedFile() / TsDeclModule(fs) / TsDeclFunction(appendFileSync) / TsFunSig() / TsFunParam() / TsTypeObject())] 
[info ] ExtractInterfaces.scala:30 Extracted anonymous interface TsIdentSimple(Anon_EncodingModeFlag) [id => easy-x-headers, phase => typescript, scope => TreeScope(TsParsedFile() / TsDeclModule(fs) / TsDeclFunction(appendFileSync) / TsFunSig() / TsFunParam() / TsTypeObject())] 
[info ] ExtractInterfaces.scala:30 Extracted anonymous interface TsIdentSimple(Anon_EncodingString) [id => easy-x-headers, phase => typescript, scope => TreeScope(TsParsedFile() / TsDeclModule(fs) / TsDeclFunction(createWriteStream) / TsFunSig() / TsFunParam() / TsTypeObject())] 
[info ] ExtractInterfaces.scala:30 Extracted anonymous interface TsIdentSimple(Anon_EncodingFlag) [id => easy-x-headers, phase => typescript, scope => TreeScope(TsParsedFile() / TsDeclModule(fs) / TsDeclFunction(readFileSync) / TsFunSig() / TsFunParam() / TsTypeObject())] 
[info ] ExtractInterfaces.scala:30 Extracted anonymous interface TsIdentSimple(Anon_Flag) [id => easy-x-headers, phase => typescript, scope => TreeScope(TsParsedFile() / TsDeclModule(fs) / TsDeclFunction(readFileSync) / TsFunSig() / TsFunParam() / TsTypeObject())] 
[debug] PhaseRunner.scala:81 Success [id => easy-x-headers, phase => typescript] 
[warn ] Phase2ToScalaJs.scala:36 Processing easy-x-headers [id => easy-x-headers, phase => scala.js] 
[info ] ImportType.scala:198 Failed type conversion: {indexed, indexed, indexed, indexed} [id => easy-x-headers, phase => scala.js, scope => TreeScope(TsParsedFile() / TsDeclModule(express) / TsDeclNamespace(e) / TsDeclInterface(Request) / TsMemberProperty(headers) / TsTypeObject())] 
[info ] RemoveDuplicateInheritance.scala:55 Dropped parents QualifiedName(List(Name(easyDashXDashHeadersLib), Name(eventsMod), Name(EventEmitter))) at Name(easyDashXDashHeadersLib) / Name(httpMod) / Name(ServerResponse) because allParentRefs = Set(TypeRef(QualifiedName(List(Name(easyDashXDashHeadersLib), Name(NodeJSNs), Name(EventEmitter))),List(),NoComments), TypeRef(QualifiedName(List(Name(easyDashXDashHeadersLib), Name(eventsMod), Name(EventEmitter))),List(),NoComments), TypeRef(QualifiedName(List(Name(easyDashXDashHeadersLib), Name(NodeJSNs), Name(WritableStream))),List(),NoComments)) [id => easy-x-headers, phase => scala.js, this => Name(easyDashXDashHeadersLib) / Name(httpMod) / Name(ServerResponse)] 
[info ] RemoveDuplicateInheritance.scala:55 Dropped parents QualifiedName(List(Name(easyDashXDashHeadersLib), Name(eventsMod), Name(EventEmitter))) at Name(easyDashXDashHeadersLib) / Name(httpMod) / Name(ClientRequest) because allParentRefs = Set(TypeRef(QualifiedName(List(Name(easyDashXDashHeadersLib), Name(NodeJSNs), Name(EventEmitter))),List(),NoComments), TypeRef(QualifiedName(List(Name(easyDashXDashHeadersLib), Name(eventsMod), Name(EventEmitter))),List(),NoComments), TypeRef(QualifiedName(List(Name(easyDashXDashHeadersLib), Name(NodeJSNs), Name(WritableStream))),List(),NoComments)) [id => easy-x-headers, phase => scala.js, this => Name(easyDashXDashHeadersLib) / Name(httpMod) / Name(ClientRequest)] 
[info ] RemoveDuplicateInheritance.scala:55 Dropped parents QualifiedName(List(Name(easyDashXDashHeadersLib), Name(eventsMod), Name(EventEmitter))) at Name(easyDashXDashHeadersLib) / Name(httpMod) / Name(IncomingMessage) because allParentRefs = Set(TypeRef(QualifiedName(List(Name(easyDashXDashHeadersLib), Name(NodeJSNs), Name(EventEmitter))),List(),NoComments), TypeRef(QualifiedName(List(Name(easyDashXDashHeadersLib), Name(eventsMod), Name(EventEmitter))),List(),NoComments), TypeRef(QualifiedName(List(Name(easyDashXDashHeadersLib), Name(NodeJSNs), Name(ReadableStream))),List(),NoComments)) [id => easy-x-headers, phase => scala.js, this => Name(easyDashXDashHeadersLib) / Name(httpMod) / Name(IncomingMessage)] 
[info ] RemoveMultipleInheritance.scala:39 Dropped parents List(easyDashXDashHeadersLib.NodeJSNs.ReadWriteStream because Would inherit conflicting mutable fields List(readable)) [id => easy-x-headers, phase => scala.js, this => Name(easyDashXDashHeadersLib) / Name(streamMod) / Name(Duplex)] 
[info ] RemoveMultipleInheritance.scala:39 Dropped parents List(easyDashXDashHeadersLib.streamMod.WritableOptions because Would inherit conflicting mutable fields List(highWaterMark)) [id => easy-x-headers, phase => scala.js, this => Name(easyDashXDashHeadersLib) / Name(streamMod) / Name(DuplexOptions)] 
[info ] RemoveMultipleInheritance.scala:39 Dropped parents List(easyDashXDashHeadersLib.streamMod.WritableOptions because Would inherit conflicting mutable fields List(highWaterMark)) [id => easy-x-headers, phase => scala.js, this => Name(easyDashXDashHeadersLib) / Name(streamMod) / Name(TransformOptions)] 
[info ] InferMemberOverrides.scala:84 added override methods List(Name(<apply>)) [id => easy-x-headers, phase => scala.js, this => Name(easyDashXDashHeadersLib) / Name(expressMod) / Name(eNs) / Name(Application)] 
[info ] CompleteClass.scala:58 Completed implementations Vector(name, expected, operator, message, actual, generatedMessage) [id => easy-x-headers, phase => scala.js, this => Name(easyDashXDashHeadersLib) / Name(assertMod) / Name(AssertionError)] 
[debug] PhaseRunner.scala:81 Success [id => easy-x-headers, phase => scala.js] 
[error] module.scala:12 children  is already defined as variable children,   var children: js.Array[_] = js.native [id => easy-x-headers, phase => build] 
[error] module.scala:13 children  is already defined as variable children,   var children: js.Array[_] = js.native [id => easy-x-headers, phase => build] 
[error] module.scala:14 children  is already defined as variable children,   var children: js.Array[_] = js.native [id => easy-x-headers, phase => build] 
[error] module.scala:16 exports  is already defined as variable exports,   var exports: js.Any = js.native [id => easy-x-headers, phase => build] 
[error] module.scala:17 exports  is already defined as variable exports,   var exports: js.Any = js.native [id => easy-x-headers, phase => build] 
[error] module.scala:18 exports  is already defined as variable exports,   var exports: js.Any = js.native [id => easy-x-headers, phase => build] 
[error] module.scala:20 filename  is already defined as variable filename,   var filename: java.lang.String = js.native [id => easy-x-headers, phase => build] 
[error] module.scala:21 filename  is already defined as variable filename,   var filename: java.lang.String = js.native [id => easy-x-headers, phase => build] 
[error] module.scala:22 filename  is already defined as variable filename,   var filename: java.lang.String = js.native [id => easy-x-headers, phase => build] 
[error] module.scala:24 id  is already defined as variable id,   var id: java.lang.String = js.native [id => easy-x-headers, phase => build] 
[error] module.scala:25 id  is already defined as variable id,   var id: java.lang.String = js.native [id => easy-x-headers, phase => build] 
[error] module.scala:26 id  is already defined as variable id,   var id: java.lang.String = js.native [id => easy-x-headers, phase => build] 
[error] module.scala:28 loaded  is already defined as variable loaded,   var loaded: scala.Boolean = js.native [id => easy-x-headers, phase => build] 
[error] module.scala:29 loaded  is already defined as variable loaded,   var loaded: scala.Boolean = js.native [id => easy-x-headers, phase => build] 
[error] module.scala:30 loaded  is already defined as variable loaded,   var loaded: scala.Boolean = js.native [id => easy-x-headers, phase => build] 
[error] module.scala:32 parent  is already defined as variable parent,   var parent: js.Any = js.native [id => easy-x-headers, phase => build] 
[error] module.scala:33 parent  is already defined as variable parent,   var parent: js.Any = js.native [id => easy-x-headers, phase => build] 
[error] module.scala:34 parent  is already defined as variable parent,   var parent: js.Any = js.native [id => easy-x-headers, phase => build] 
[error] module.scala:34 variable parent is defined twice;
  the conflicting variable parent was defined at line 33:7,   var parent: js.Any = js.native [id => easy-x-headers, phase => build] 
[error] module.scala:34 variable parent is defined twice;
  the conflicting variable parent was defined at line 32:7,   var parent: js.Any = js.native [id => easy-x-headers, phase => build] 
[error] module.scala:34 variable parent is defined twice;
  the conflicting variable parent was defined at line 31:7,   var parent: js.Any = js.native [id => easy-x-headers, phase => build] 
[error] module.scala:30 variable loaded is defined twice;
  the conflicting variable loaded was defined at line 29:7,   var loaded: scala.Boolean = js.native [id => easy-x-headers, phase => build] 
[error] module.scala:30 variable loaded is defined twice;
  the conflicting variable loaded was defined at line 28:7,   var loaded: scala.Boolean = js.native [id => easy-x-headers, phase => build] 
[error] module.scala:30 variable loaded is defined twice;
  the conflicting variable loaded was defined at line 27:7,   var loaded: scala.Boolean = js.native [id => easy-x-headers, phase => build] 
[error] module.scala:26 variable id is defined twice;
  the conflicting variable id was defined at line 25:7,   var id: java.lang.String = js.native [id => easy-x-headers, phase => build] 
[error] module.scala:26 variable id is defined twice;
  the conflicting variable id was defined at line 24:7,   var id: java.lang.String = js.native [id => easy-x-headers, phase => build] 
[error] module.scala:26 variable id is defined twice;
  the conflicting variable id was defined at line 23:7,   var id: java.lang.String = js.native [id => easy-x-headers, phase => build] 
[error] module.scala:22 variable filename is defined twice;
  the conflicting variable filename was defined at line 21:7,   var filename: java.lang.String = js.native [id => easy-x-headers, phase => build] 
[error] module.scala:22 variable filename is defined twice;
  the conflicting variable filename was defined at line 20:7,   var filename: java.lang.String = js.native [id => easy-x-headers, phase => build] 
[error] module.scala:22 variable filename is defined twice;
  the conflicting variable filename was defined at line 19:7,   var filename: java.lang.String = js.native [id => easy-x-headers, phase => build] 
[error] module.scala:18 variable exports is defined twice;
  the conflicting variable exports was defined at line 17:7,   var exports: js.Any = js.native [id => easy-x-headers, phase => build] 
[error] module.scala:18 variable exports is defined twice;
  the conflicting variable exports was defined at line 16:7,   var exports: js.Any = js.native [id => easy-x-headers, phase => build] 
[error] module.scala:18 variable exports is defined twice;
  the conflicting variable exports was defined at line 15:7,   var exports: js.Any = js.native [id => easy-x-headers, phase => build] 
[error] module.scala:14 variable children is defined twice;
  the conflicting variable children was defined at line 13:7,   var children: js.Array[_] = js.native [id => easy-x-headers, phase => build] 
[error] module.scala:14 variable children is defined twice;
  the conflicting variable children was defined at line 12:7,   var children: js.Array[_] = js.native [id => easy-x-headers, phase => build] 
[error] module.scala:14 variable children is defined twice;
  the conflicting variable children was defined at line 11:7,   var children: js.Array[_] = js.native [id => easy-x-headers, phase => build] 
[error] require.scala:12 cache  is already defined as variable cache,   var cache: js.Any = js.native [id => easy-x-headers, phase => build] 
[error] require.scala:13 cache  is already defined as variable cache,   var cache: js.Any = js.native [id => easy-x-headers, phase => build] 
[error] require.scala:14 cache  is already defined as variable cache,   var cache: js.Any = js.native [id => easy-x-headers, phase => build] 
[error] require.scala:16 extensions  is already defined as variable extensions,   var extensions: js.Any = js.native [id => easy-x-headers, phase => build] 
[error] require.scala:17 extensions  is already defined as variable extensions,   var extensions: js.Any = js.native [id => easy-x-headers, phase => build] 
[error] require.scala:18 extensions  is already defined as variable extensions,   var extensions: js.Any = js.native [id => easy-x-headers, phase => build] 
[error] require.scala:20 main  is already defined as variable main,   var main: js.Any = js.native [id => easy-x-headers, phase => build] 
[error] require.scala:21 main  is already defined as variable main,   var main: js.Any = js.native [id => easy-x-headers, phase => build] 
[error] require.scala:22 main  is already defined as variable main,   var main: js.Any = js.native [id => easy-x-headers, phase => build] 
[error] require.scala:22 variable main is defined twice;
  the conflicting variable main was defined at line 21:7,   var main: js.Any = js.native [id => easy-x-headers, phase => build] 
[error] require.scala:22 variable main is defined twice;
  the conflicting variable main was defined at line 20:7,   var main: js.Any = js.native [id => easy-x-headers, phase => build] 
[error] require.scala:22 variable main is defined twice;
  the conflicting variable main was defined at line 19:7,   var main: js.Any = js.native [id => easy-x-headers, phase => build] 
[error] require.scala:18 variable extensions is defined twice;
  the conflicting variable extensions was defined at line 17:7,   var extensions: js.Any = js.native [id => easy-x-headers, phase => build] 
[error] require.scala:18 variable extensions is defined twice;
  the conflicting variable extensions was defined at line 16:7,   var extensions: js.Any = js.native [id => easy-x-headers, phase => build] 
[error] require.scala:18 variable extensions is defined twice;
  the conflicting variable extensions was defined at line 15:7,   var extensions: js.Any = js.native [id => easy-x-headers, phase => build] 
[error] require.scala:14 variable cache is defined twice;
  the conflicting variable cache was defined at line 13:7,   var cache: js.Any = js.native [id => easy-x-headers, phase => build] 
[error] require.scala:14 variable cache is defined twice;
  the conflicting variable cache was defined at line 12:7,   var cache: js.Any = js.native [id => easy-x-headers, phase => build] 
[error] require.scala:14 variable cache is defined twice;
  the conflicting variable cache was defined at line 11:7,   var cache: js.Any = js.native [id => easy-x-headers, phase => build] 
[debug] PhaseRunner.scala:85 Failure, [easy-x-headers => Compilation failed] [id => easy-x-headers, phase => build] 
[debug] PhaseRunner.scala:85 Failure, [easy-x-headers => Compilation failed] [id => easy-x-headers, phase => publish] 
