[debug] PhaseRunner.scala:82 Success [id => ecol, phase => typescript] 
[debug] PhaseRunner.scala:82 Success [id => ecol, phase => typescript] 
[debug] PhaseRunner.scala:82 Success [id => ecol, phase => typescript] 
[debug] PhaseRunner.scala:82 Success [id => ecol, phase => typescript] 
[debug] PhaseRunner.scala:82 Success [id => ecol, phase => typescript] 
[debug] PhaseRunner.scala:82 Success [id => ecol, phase => typescript] 
[debug] PhaseRunner.scala:82 Success [id => ecol, phase => typescript] 
[debug] PhaseRunner.scala:82 Success [id => ecol, phase => typescript] 
[debug] PhaseRunner.scala:82 Success [id => ecol, phase => typescript] 
[debug] PhaseRunner.scala:82 Success [id => ecol, phase => typescript] 
[debug] PhaseRunner.scala:82 Success [id => ecol, phase => typescript] 
[debug] PhaseRunner.scala:82 Success [id => ecol, phase => typescript] 
[debug] PhaseRunner.scala:82 Success [id => ecol, phase => typescript] 
[debug] PhaseRunner.scala:82 Success [id => ecol, phase => typescript] 
[debug] PhaseRunner.scala:82 Success [id => ecol, phase => typescript] 
[debug] PhaseRunner.scala:82 Success [id => ecol, phase => typescript] 
[debug] PhaseRunner.scala:82 Success [id => ecol, phase => typescript] 
[info ] Phase1ReadTypescript.scala:160 Preprocessing TsHelperFile(InFile(/home/tso/tmp/tso-cache/npm/node_modules/ecol/lib/basic/CollectionEvent.d.ts),FromFolder(InFolder(/home/tso/tmp/tso-cache/npm/node_modules/ecol),TsIdentLibrarySimple(ecol)),TsIdentModule(None,List(ecol, lib, basic, CollectionEvent))) [id => ecol, phase => typescript] 
[info ] InferredDefaultModule.scala:39 Inferred module TsIdentModule(None,List(ecol, lib, basic, CollectionEvent)) [id => ecol, phase => typescript] 
[info ] Phase1ReadTypescript.scala:160 Preprocessing TsHelperFile(InFile(/home/tso/tmp/tso-cache/npm/node_modules/ecol/lib/basic/EventDispatcher.d.ts),FromFolder(InFolder(/home/tso/tmp/tso-cache/npm/node_modules/ecol),TsIdentLibrarySimple(ecol)),TsIdentModule(None,List(ecol, lib, basic, EventDispatcher))) [id => ecol, phase => typescript] 
[info ] InferredDefaultModule.scala:39 Inferred module TsIdentModule(None,List(ecol, lib, basic, EventDispatcher)) [id => ecol, phase => typescript] 
[info ] Phase1ReadTypescript.scala:160 Preprocessing TsHelperFile(InFile(/home/tso/tmp/tso-cache/npm/node_modules/ecol/lib/basic/ICollection.d.ts),FromFolder(InFolder(/home/tso/tmp/tso-cache/npm/node_modules/ecol),TsIdentLibrarySimple(ecol)),TsIdentModule(None,List(ecol, lib, basic, ICollection))) [id => ecol, phase => typescript] 
[info ] InferredDefaultModule.scala:39 Inferred module TsIdentModule(None,List(ecol, lib, basic, ICollection)) [id => ecol, phase => typescript] 
[info ] Phase1ReadTypescript.scala:160 Preprocessing TsHelperFile(InFile(/home/tso/tmp/tso-cache/npm/node_modules/ecol/lib/basic/IEventDispatcher.d.ts),FromFolder(InFolder(/home/tso/tmp/tso-cache/npm/node_modules/ecol),TsIdentLibrarySimple(ecol)),TsIdentModule(None,List(ecol, lib, basic, IEventDispatcher))) [id => ecol, phase => typescript] 
[info ] InferredDefaultModule.scala:39 Inferred module TsIdentModule(None,List(ecol, lib, basic, IEventDispatcher)) [id => ecol, phase => typescript] 
[info ] Phase1ReadTypescript.scala:160 Preprocessing TsHelperFile(InFile(/home/tso/tmp/tso-cache/npm/node_modules/ecol/lib/index.d.ts),FromFolder(InFolder(/home/tso/tmp/tso-cache/npm/node_modules/ecol),TsIdentLibrarySimple(ecol)),TsIdentModule(None,List(ecol))) [id => ecol, phase => typescript] 
[info ] InferredDefaultModule.scala:39 Inferred module TsIdentModule(None,List(ecol)) [id => ecol, phase => typescript] 
[info ] Phase1ReadTypescript.scala:160 Preprocessing TsHelperFile(InFile(/home/tso/tmp/tso-cache/npm/node_modules/ecol/lib/linear/DequeCollection.d.ts),FromFolder(InFolder(/home/tso/tmp/tso-cache/npm/node_modules/ecol),TsIdentLibrarySimple(ecol)),TsIdentModule(None,List(ecol, lib, linear, DequeCollection))) [id => ecol, phase => typescript] 
[info ] InferredDefaultModule.scala:39 Inferred module TsIdentModule(None,List(ecol, lib, linear, DequeCollection)) [id => ecol, phase => typescript] 
[info ] Phase1ReadTypescript.scala:160 Preprocessing TsHelperFile(InFile(/home/tso/tmp/tso-cache/npm/node_modules/ecol/lib/linear/ListCollection.d.ts),FromFolder(InFolder(/home/tso/tmp/tso-cache/npm/node_modules/ecol),TsIdentLibrarySimple(ecol)),TsIdentModule(None,List(ecol, lib, linear, ListCollection))) [id => ecol, phase => typescript] 
[info ] InferredDefaultModule.scala:39 Inferred module TsIdentModule(None,List(ecol, lib, linear, ListCollection)) [id => ecol, phase => typescript] 
[info ] Phase1ReadTypescript.scala:160 Preprocessing TsHelperFile(InFile(/home/tso/tmp/tso-cache/npm/node_modules/ecol/lib/linear/VectorCollection.d.ts),FromFolder(InFolder(/home/tso/tmp/tso-cache/npm/node_modules/ecol),TsIdentLibrarySimple(ecol)),TsIdentModule(None,List(ecol, lib, linear, VectorCollection))) [id => ecol, phase => typescript] 
[info ] InferredDefaultModule.scala:39 Inferred module TsIdentModule(None,List(ecol, lib, linear, VectorCollection)) [id => ecol, phase => typescript] 
[info ] Phase1ReadTypescript.scala:160 Preprocessing TsHelperFile(InFile(/home/tso/tmp/tso-cache/npm/node_modules/ecol/lib/maps/HashMapCollection.d.ts),FromFolder(InFolder(/home/tso/tmp/tso-cache/npm/node_modules/ecol),TsIdentLibrarySimple(ecol)),TsIdentModule(None,List(ecol, lib, maps, HashMapCollection))) [id => ecol, phase => typescript] 
[info ] InferredDefaultModule.scala:39 Inferred module TsIdentModule(None,List(ecol, lib, maps, HashMapCollection)) [id => ecol, phase => typescript] 
[info ] Phase1ReadTypescript.scala:160 Preprocessing TsHelperFile(InFile(/home/tso/tmp/tso-cache/npm/node_modules/ecol/lib/maps/HashMultiMapCollection.d.ts),FromFolder(InFolder(/home/tso/tmp/tso-cache/npm/node_modules/ecol),TsIdentLibrarySimple(ecol)),TsIdentModule(None,List(ecol, lib, maps, HashMultiMapCollection))) [id => ecol, phase => typescript] 
[info ] InferredDefaultModule.scala:39 Inferred module TsIdentModule(None,List(ecol, lib, maps, HashMultiMapCollection)) [id => ecol, phase => typescript] 
[info ] Phase1ReadTypescript.scala:160 Preprocessing TsHelperFile(InFile(/home/tso/tmp/tso-cache/npm/node_modules/ecol/lib/maps/TreeMapCollection.d.ts),FromFolder(InFolder(/home/tso/tmp/tso-cache/npm/node_modules/ecol),TsIdentLibrarySimple(ecol)),TsIdentModule(None,List(ecol, lib, maps, TreeMapCollection))) [id => ecol, phase => typescript] 
[info ] InferredDefaultModule.scala:39 Inferred module TsIdentModule(None,List(ecol, lib, maps, TreeMapCollection)) [id => ecol, phase => typescript] 
[info ] Phase1ReadTypescript.scala:160 Preprocessing TsHelperFile(InFile(/home/tso/tmp/tso-cache/npm/node_modules/ecol/lib/maps/TreeMultiMapCollection.d.ts),FromFolder(InFolder(/home/tso/tmp/tso-cache/npm/node_modules/ecol),TsIdentLibrarySimple(ecol)),TsIdentModule(None,List(ecol, lib, maps, TreeMultiMapCollection))) [id => ecol, phase => typescript] 
[info ] InferredDefaultModule.scala:39 Inferred module TsIdentModule(None,List(ecol, lib, maps, TreeMultiMapCollection)) [id => ecol, phase => typescript] 
[info ] Phase1ReadTypescript.scala:160 Preprocessing TsHelperFile(InFile(/home/tso/tmp/tso-cache/npm/node_modules/ecol/lib/maps/internal.d.ts),FromFolder(InFolder(/home/tso/tmp/tso-cache/npm/node_modules/ecol),TsIdentLibrarySimple(ecol)),TsIdentModule(None,List(ecol, lib, maps, internal))) [id => ecol, phase => typescript] 
[info ] InferredDefaultModule.scala:39 Inferred module TsIdentModule(None,List(ecol, lib, maps, internal)) [id => ecol, phase => typescript] 
[info ] Phase1ReadTypescript.scala:160 Preprocessing TsHelperFile(InFile(/home/tso/tmp/tso-cache/npm/node_modules/ecol/lib/sets/HashMultiSetCollection.d.ts),FromFolder(InFolder(/home/tso/tmp/tso-cache/npm/node_modules/ecol),TsIdentLibrarySimple(ecol)),TsIdentModule(None,List(ecol, lib, sets, HashMultiSetCollection))) [id => ecol, phase => typescript] 
[info ] InferredDefaultModule.scala:39 Inferred module TsIdentModule(None,List(ecol, lib, sets, HashMultiSetCollection)) [id => ecol, phase => typescript] 
[info ] Phase1ReadTypescript.scala:160 Preprocessing TsHelperFile(InFile(/home/tso/tmp/tso-cache/npm/node_modules/ecol/lib/sets/HashSetCollection.d.ts),FromFolder(InFolder(/home/tso/tmp/tso-cache/npm/node_modules/ecol),TsIdentLibrarySimple(ecol)),TsIdentModule(None,List(ecol, lib, sets, HashSetCollection))) [id => ecol, phase => typescript] 
[info ] InferredDefaultModule.scala:39 Inferred module TsIdentModule(None,List(ecol, lib, sets, HashSetCollection)) [id => ecol, phase => typescript] 
[info ] Phase1ReadTypescript.scala:160 Preprocessing TsHelperFile(InFile(/home/tso/tmp/tso-cache/npm/node_modules/ecol/lib/sets/TreeMultiSetCollection.d.ts),FromFolder(InFolder(/home/tso/tmp/tso-cache/npm/node_modules/ecol),TsIdentLibrarySimple(ecol)),TsIdentModule(None,List(ecol, lib, sets, TreeMultiSetCollection))) [id => ecol, phase => typescript] 
[info ] InferredDefaultModule.scala:39 Inferred module TsIdentModule(None,List(ecol, lib, sets, TreeMultiSetCollection)) [id => ecol, phase => typescript] 
[info ] Phase1ReadTypescript.scala:160 Preprocessing TsHelperFile(InFile(/home/tso/tmp/tso-cache/npm/node_modules/ecol/lib/sets/TreeSetCollection.d.ts),FromFolder(InFolder(/home/tso/tmp/tso-cache/npm/node_modules/ecol),TsIdentLibrarySimple(ecol)),TsIdentModule(None,List(ecol, lib, sets, TreeSetCollection))) [id => ecol, phase => typescript] 
[info ] InferredDefaultModule.scala:39 Inferred module TsIdentModule(None,List(ecol, lib, sets, TreeSetCollection)) [id => ecol, phase => typescript] 
[warn ] Phase1ReadTypescript.scala:200 Processing TsIdentLibrarySimple(ecol) [id => ecol, phase => typescript] 
[info ] ResolveTypeQueries.scala:125 Resolved TsTypeQuery(TsQIdent(List(TsIdentSimple(CollectionEvent)))) [id => ecol, phase => typescript, scope => TreeScope(TsParsedFile() / TsDeclModule(ecol/lib/linear/DequeCollection) / TsExport() / TsExporteeTree() / TsDeclNamespace(DequeCollection) / TsDeclVar(Event) / TsTypeQuery())] 
[info ] ResolveTypeQueries.scala:125 Resolved TsTypeQuery(TsQIdent(List(TsIdentSimple(CollectionEvent)))) [id => ecol, phase => typescript, scope => TreeScope(TsParsedFile() / TsDeclModule(ecol/lib/linear/ListCollection) / TsExport() / TsExporteeTree() / TsDeclNamespace(ListCollection) / TsDeclVar(Event) / TsTypeQuery())] 
[info ] ResolveTypeQueries.scala:125 Resolved TsTypeQuery(TsQIdent(List(TsIdentSimple(CollectionEvent)))) [id => ecol, phase => typescript, scope => TreeScope(TsParsedFile() / TsDeclModule(ecol/lib/linear/VectorCollection) / TsExport() / TsExporteeTree() / TsDeclNamespace(ArrayCollection) / TsDeclVar(Event) / TsTypeQuery())] 
[info ] ResolveTypeQueries.scala:125 Resolved TsTypeQuery(TsQIdent(List(TsIdentSimple(CollectionEvent)))) [id => ecol, phase => typescript, scope => TreeScope(TsParsedFile() / TsDeclModule(ecol/lib/maps/HashMapCollection) / TsExport() / TsExporteeTree() / TsDeclNamespace(HashMapCollection) / TsDeclVar(Event) / TsTypeQuery())] 
[info ] ResolveTypeQueries.scala:125 Resolved TsTypeQuery(TsQIdent(List(TsIdentSimple(CollectionEvent)))) [id => ecol, phase => typescript, scope => TreeScope(TsParsedFile() / TsDeclModule(ecol/lib/maps/HashMultiMapCollection) / TsExport() / TsExporteeTree() / TsDeclNamespace(HashMultiMapCollection) / TsDeclVar(Event) / TsTypeQuery())] 
[info ] ResolveTypeQueries.scala:125 Resolved TsTypeQuery(TsQIdent(List(TsIdentSimple(CollectionEvent)))) [id => ecol, phase => typescript, scope => TreeScope(TsParsedFile() / TsDeclModule(ecol/lib/maps/TreeMapCollection) / TsExport() / TsExporteeTree() / TsDeclNamespace(TreeMapCollection) / TsDeclVar(Event) / TsTypeQuery())] 
[info ] ResolveTypeQueries.scala:125 Resolved TsTypeQuery(TsQIdent(List(TsIdentSimple(CollectionEvent)))) [id => ecol, phase => typescript, scope => TreeScope(TsParsedFile() / TsDeclModule(ecol/lib/maps/TreeMultiMapCollection) / TsExport() / TsExporteeTree() / TsDeclNamespace(TreeMultiMapCollection) / TsDeclVar(Event) / TsTypeQuery())] 
[info ] ResolveTypeQueries.scala:125 Resolved TsTypeQuery(TsQIdent(List(TsIdentSimple(CollectionEvent)))) [id => ecol, phase => typescript, scope => TreeScope(TsParsedFile() / TsDeclModule(ecol/lib/sets/HashMultiSetCollection) / TsExport() / TsExporteeTree() / TsDeclNamespace(HashMultiSetCollection) / TsDeclVar(Event) / TsTypeQuery())] 
[info ] ResolveTypeQueries.scala:125 Resolved TsTypeQuery(TsQIdent(List(TsIdentSimple(CollectionEvent)))) [id => ecol, phase => typescript, scope => TreeScope(TsParsedFile() / TsDeclModule(ecol/lib/sets/HashSetCollection) / TsExport() / TsExporteeTree() / TsDeclNamespace(HashSetCollection) / TsDeclVar(Event) / TsTypeQuery())] 
[info ] ResolveTypeQueries.scala:125 Resolved TsTypeQuery(TsQIdent(List(TsIdentSimple(CollectionEvent)))) [id => ecol, phase => typescript, scope => TreeScope(TsParsedFile() / TsDeclModule(ecol/lib/sets/TreeMultiSetCollection) / TsExport() / TsExporteeTree() / TsDeclNamespace(TreeMultiSetCollection) / TsDeclVar(Event) / TsTypeQuery())] 
[info ] ResolveTypeQueries.scala:125 Resolved TsTypeQuery(TsQIdent(List(TsIdentSimple(CollectionEvent)))) [id => ecol, phase => typescript, scope => TreeScope(TsParsedFile() / TsDeclModule(ecol/lib/sets/TreeSetCollection) / TsExport() / TsExporteeTree() / TsDeclNamespace(TreeSetCollection) / TsDeclVar(Event) / TsTypeQuery())] 
[debug] PhaseRunner.scala:82 Success [id => ecol, phase => typescript] 
[warn ] Phase2ToScalaJs.scala:40 Processing ecol [id => ecol, phase => scala.js] 
[info ] RemoveMultipleInheritance.scala:47 Dropped parents 
- ecolLib.libBasicICollectionMod.ICollection because Inheritance from two classes [id => ecol, phase => scala.js, this => Name(ecolLib) / Name(libLinearDequeCollectionMod) / Name(DequeCollection)] 
[info ] RemoveMultipleInheritance.scala:47 Dropped parents 
- ecolLib.libBasicICollectionMod.ICollection because var conflicts: iterator, iterator_IContainer. Inlined refresh, refresh, refresh [id => ecol, phase => scala.js, this => Name(ecolLib) / Name(libLinearListCollectionMod) / Name(ListCollection)] 
[info ] RemoveMultipleInheritance.scala:47 Dropped parents 
- ecolLib.libBasicICollectionMod.ICollection because Inheritance from two classes [id => ecol, phase => scala.js, this => Name(ecolLib) / Name(libLinearVectorCollectionMod) / Name(ArrayCollection)] 
[info ] RemoveMultipleInheritance.scala:47 Dropped parents 
- ecolLib.libBasicICollectionMod.ICollection because Inheritance from two classes [id => ecol, phase => scala.js, this => Name(ecolLib) / Name(libMapsHashMapCollectionMod) / Name(HashMapCollection)] 
[info ] RemoveMultipleInheritance.scala:47 Dropped parents 
- ecolLib.libBasicICollectionMod.ICollection because Inheritance from two classes [id => ecol, phase => scala.js, this => Name(ecolLib) / Name(libMapsHashMultiMapCollectionMod) / Name(HashMultiMapCollection)] 
[info ] RemoveMultipleInheritance.scala:47 Dropped parents 
- ecolLib.libBasicICollectionMod.ICollection because Inheritance from two classes [id => ecol, phase => scala.js, this => Name(ecolLib) / Name(libMapsTreeMapCollectionMod) / Name(TreeMapCollection)] 
[info ] RemoveMultipleInheritance.scala:47 Dropped parents 
- ecolLib.libBasicICollectionMod.ICollection because Inheritance from two classes [id => ecol, phase => scala.js, this => Name(ecolLib) / Name(libMapsTreeMultiMapCollectionMod) / Name(TreeMultiMapCollection)] 
[info ] RemoveMultipleInheritance.scala:47 Dropped parents 
- ecolLib.libBasicICollectionMod.ICollection because Inheritance from two classes [id => ecol, phase => scala.js, this => Name(ecolLib) / Name(libSetsHashMultiSetCollectionMod) / Name(HashMultiSetCollection)] 
[info ] RemoveMultipleInheritance.scala:47 Dropped parents 
- ecolLib.libBasicICollectionMod.ICollection because Inheritance from two classes [id => ecol, phase => scala.js, this => Name(ecolLib) / Name(libSetsHashSetCollectionMod) / Name(HashSetCollection)] 
[info ] RemoveMultipleInheritance.scala:47 Dropped parents 
- ecolLib.libBasicICollectionMod.ICollection because Inheritance from two classes [id => ecol, phase => scala.js, this => Name(ecolLib) / Name(libSetsTreeMultiSetCollectionMod) / Name(TreeMultiSetCollection)] 
[info ] RemoveMultipleInheritance.scala:47 Dropped parents 
- ecolLib.libBasicICollectionMod.ICollection because Inheritance from two classes [id => ecol, phase => scala.js, this => Name(ecolLib) / Name(libSetsTreeSetCollectionMod) / Name(TreeSetCollection)] 
[info ] InferMemberOverrides.scala:84 added override methods List(Name(push), Name(size), Name(rend), Name(begin), Name(empty), Name(end), Name(rbegin)) [id => ecol, phase => scala.js, this => Name(ecolLib) / Name(libBasicICollectionMod) / Name(ICollection)] 
[info ] CompleteClass.scala:58 Completed implementations Vector(iterator) [id => ecol, phase => scala.js, this => Name(ecolLib) / Name(libBasicCollectionEventMod) / Name(CollectionEvent)] 
[info ] CompleteClass.scala:58 Completed implementations Vector(hasEventListener, dispatchEvent, removeEventListener, addEventListener) [id => ecol, phase => scala.js, this => Name(ecolLib) / Name(libBasicEventDispatcherMod) / Name(EventDispatcher)] 
[debug] PhaseRunner.scala:82 Success [id => ecol, phase => scala.js] 
[warn ] PhaseRunner.scala:68 Failed because of, [tstl => Compilation failed] [id => ecol, phase => build] 
[error] PhaseRunner.scala:86 Failure, [tstl => Compilation failed] [id => ecol, phase => build] 
[error] PhaseRunner.scala:86 Failure, [tstl => Compilation failed] [id => ecol, phase => publish] 
