[debug] PhaseRunner.scala:86 Ignored [id => @egjs/axes, phase => typescript] 
[debug] PhaseRunner.scala:78 Success [id => @egjs/axes, phase => typescript] 
[debug] PhaseRunner.scala:78 Success [id => @egjs/axes, phase => typescript] 
[debug] PhaseRunner.scala:78 Success [id => @egjs/axes, phase => typescript] 
[debug] PhaseRunner.scala:86 Ignored [id => @egjs/axes, phase => typescript] 
[debug] PhaseRunner.scala:78 Success [id => @egjs/axes, phase => typescript] 
[debug] PhaseRunner.scala:78 Success [id => @egjs/axes, phase => typescript] 
[debug] PhaseRunner.scala:78 Success [id => @egjs/axes, phase => typescript] 
[debug] PhaseRunner.scala:78 Success [id => @egjs/axes, phase => typescript] 
[debug] PhaseRunner.scala:78 Success [id => @egjs/axes, phase => typescript] 
[debug] PhaseRunner.scala:78 Success [id => @egjs/axes, phase => typescript] 
[debug] PhaseRunner.scala:78 Success [id => @egjs/axes, phase => typescript] 
[debug] PhaseRunner.scala:78 Success [id => @egjs/axes, phase => typescript] 
[debug] PhaseRunner.scala:78 Success [id => @egjs/axes, phase => typescript] 
[info ] Phase1ReadTypescript.scala:152 Preprocessing TsHelperFile(InFile(/home/olvind/tmp/tso-cache/DefinitelyTyped/types/egjs__axes/AnimationManager.d.ts),FromFolder(InFolder(/home/olvind/tmp/tso-cache/DefinitelyTyped/types/egjs__axes),TsIdentLibraryScoped(egjs,Some(axes))),TsIdentModule(Some(egjs),List(axes, AnimationManager))) [id => @egjs/axes, phase => typescript] 
[info ] InferredDefaultModule.scala:39 Inferred module TsIdentModule(Some(egjs),List(axes, AnimationManager)) [id => @egjs/axes, phase => typescript] 
[info ] Phase1ReadTypescript.scala:152 Preprocessing TsHelperFile(InFile(/home/olvind/tmp/tso-cache/DefinitelyTyped/types/egjs__axes/Axes.d.ts),FromFolder(InFolder(/home/olvind/tmp/tso-cache/DefinitelyTyped/types/egjs__axes),TsIdentLibraryScoped(egjs,Some(axes))),TsIdentModule(Some(egjs),List(axes, Axes))) [id => @egjs/axes, phase => typescript] 
[info ] InferredDefaultModule.scala:39 Inferred module TsIdentModule(Some(egjs),List(axes, Axes)) [id => @egjs/axes, phase => typescript] 
[info ] Phase1ReadTypescript.scala:152 Preprocessing TsHelperFile(InFile(/home/olvind/tmp/tso-cache/DefinitelyTyped/types/egjs__axes/AxisManager.d.ts),FromFolder(InFolder(/home/olvind/tmp/tso-cache/DefinitelyTyped/types/egjs__axes),TsIdentLibraryScoped(egjs,Some(axes))),TsIdentModule(Some(egjs),List(axes, AxisManager))) [id => @egjs/axes, phase => typescript] 
[info ] InferredDefaultModule.scala:39 Inferred module TsIdentModule(Some(egjs),List(axes, AxisManager)) [id => @egjs/axes, phase => typescript] 
[info ] Phase1ReadTypescript.scala:152 Preprocessing TsHelperFile(InFile(/home/olvind/tmp/tso-cache/DefinitelyTyped/types/egjs__axes/EventManager.d.ts),FromFolder(InFolder(/home/olvind/tmp/tso-cache/DefinitelyTyped/types/egjs__axes),TsIdentLibraryScoped(egjs,Some(axes))),TsIdentModule(Some(egjs),List(axes, EventManager))) [id => @egjs/axes, phase => typescript] 
[info ] InferredDefaultModule.scala:39 Inferred module TsIdentModule(Some(egjs),List(axes, EventManager)) [id => @egjs/axes, phase => typescript] 
[info ] Phase1ReadTypescript.scala:152 Preprocessing TsHelperFile(InFile(/home/olvind/tmp/tso-cache/DefinitelyTyped/types/egjs__axes/InputObserver.d.ts),FromFolder(InFolder(/home/olvind/tmp/tso-cache/DefinitelyTyped/types/egjs__axes),TsIdentLibraryScoped(egjs,Some(axes))),TsIdentModule(Some(egjs),List(axes, InputObserver))) [id => @egjs/axes, phase => typescript] 
[info ] InferredDefaultModule.scala:39 Inferred module TsIdentModule(Some(egjs),List(axes, InputObserver)) [id => @egjs/axes, phase => typescript] 
[info ] Phase1ReadTypescript.scala:152 Preprocessing TsHelperFile(InFile(/home/olvind/tmp/tso-cache/DefinitelyTyped/types/egjs__axes/InterruptManager.d.ts),FromFolder(InFolder(/home/olvind/tmp/tso-cache/DefinitelyTyped/types/egjs__axes),TsIdentLibraryScoped(egjs,Some(axes))),TsIdentModule(Some(egjs),List(axes, InterruptManager))) [id => @egjs/axes, phase => typescript] 
[info ] InferredDefaultModule.scala:39 Inferred module TsIdentModule(Some(egjs),List(axes, InterruptManager)) [id => @egjs/axes, phase => typescript] 
[info ] Phase1ReadTypescript.scala:152 Preprocessing TsHelperFile(InFile(/home/olvind/tmp/tso-cache/DefinitelyTyped/types/egjs__axes/const.d.ts),FromFolder(InFolder(/home/olvind/tmp/tso-cache/DefinitelyTyped/types/egjs__axes),TsIdentLibraryScoped(egjs,Some(axes))),TsIdentModule(Some(egjs),List(axes, const))) [id => @egjs/axes, phase => typescript] 
[info ] InferredDefaultModule.scala:39 Inferred module TsIdentModule(Some(egjs),List(axes, const)) [id => @egjs/axes, phase => typescript] 
[info ] Phase1ReadTypescript.scala:152 Preprocessing TsHelperFile(InFile(/home/olvind/tmp/tso-cache/DefinitelyTyped/types/egjs__axes/index.d.ts),FromFolder(InFolder(/home/olvind/tmp/tso-cache/DefinitelyTyped/types/egjs__axes),TsIdentLibraryScoped(egjs,Some(axes))),TsIdentModule(Some(egjs),List(axes))) [id => @egjs/axes, phase => typescript] 
[info ] InferredDefaultModule.scala:39 Inferred module TsIdentModule(Some(egjs),List(axes)) [id => @egjs/axes, phase => typescript] 
[info ] Phase1ReadTypescript.scala:152 Preprocessing TsHelperFile(InFile(/home/olvind/tmp/tso-cache/DefinitelyTyped/types/egjs__axes/inputType/InputType.d.ts),FromFolder(InFolder(/home/olvind/tmp/tso-cache/DefinitelyTyped/types/egjs__axes),TsIdentLibraryScoped(egjs,Some(axes))),TsIdentModule(Some(egjs),List(axes, inputType, InputType))) [id => @egjs/axes, phase => typescript] 
[info ] InferredDefaultModule.scala:39 Inferred module TsIdentModule(Some(egjs),List(axes, inputType, InputType)) [id => @egjs/axes, phase => typescript] 
[info ] Phase1ReadTypescript.scala:152 Preprocessing TsHelperFile(InFile(/home/olvind/tmp/tso-cache/DefinitelyTyped/types/egjs__axes/inputType/PanInput.d.ts),FromFolder(InFolder(/home/olvind/tmp/tso-cache/DefinitelyTyped/types/egjs__axes),TsIdentLibraryScoped(egjs,Some(axes))),TsIdentModule(Some(egjs),List(axes, inputType, PanInput))) [id => @egjs/axes, phase => typescript] 
[info ] InferredDefaultModule.scala:39 Inferred module TsIdentModule(Some(egjs),List(axes, inputType, PanInput)) [id => @egjs/axes, phase => typescript] 
[info ] Phase1ReadTypescript.scala:152 Preprocessing TsHelperFile(InFile(/home/olvind/tmp/tso-cache/DefinitelyTyped/types/egjs__axes/inputType/PinchInput.d.ts),FromFolder(InFolder(/home/olvind/tmp/tso-cache/DefinitelyTyped/types/egjs__axes),TsIdentLibraryScoped(egjs,Some(axes))),TsIdentModule(Some(egjs),List(axes, inputType, PinchInput))) [id => @egjs/axes, phase => typescript] 
[info ] InferredDefaultModule.scala:39 Inferred module TsIdentModule(Some(egjs),List(axes, inputType, PinchInput)) [id => @egjs/axes, phase => typescript] 
[info ] Phase1ReadTypescript.scala:152 Preprocessing TsHelperFile(InFile(/home/olvind/tmp/tso-cache/DefinitelyTyped/types/egjs__axes/inputType/WheelInput.d.ts),FromFolder(InFolder(/home/olvind/tmp/tso-cache/DefinitelyTyped/types/egjs__axes),TsIdentLibraryScoped(egjs,Some(axes))),TsIdentModule(Some(egjs),List(axes, inputType, WheelInput))) [id => @egjs/axes, phase => typescript] 
[info ] InferredDefaultModule.scala:39 Inferred module TsIdentModule(Some(egjs),List(axes, inputType, WheelInput)) [id => @egjs/axes, phase => typescript] 
[warn ] Phase1ReadTypescript.scala:190 Processing TsIdentLibraryScoped(egjs,Some(axes)) [id => @egjs/axes, phase => typescript] 
[info ] ResolveTypeQueries.scala:94 Resolved TsTypeQuery(TsQIdent(List(TsIdentLibraryScoped(egjs,Some(axes)), TsIdentModule(Some(egjs),List(axes, inputType, PanInput)), TsIdentSimple(PanInput)))) [id => @egjs/axes, phase => typescript, scope => TreeScope(TsParsedFile() / TsDeclModule(@egjs/axes/Axes) / TsExport() / TsExporteeTree() / TsDeclClass(Axes) / TsMemberProperty(PanInput) / TsTypeQuery())] 
[info ] ResolveTypeQueries.scala:94 Resolved TsTypeQuery(TsQIdent(List(TsIdentLibraryScoped(egjs,Some(axes)), TsIdentModule(Some(egjs),List(axes, inputType, PinchInput)), TsIdentSimple(PinchInput)))) [id => @egjs/axes, phase => typescript, scope => TreeScope(TsParsedFile() / TsDeclModule(@egjs/axes/Axes) / TsExport() / TsExporteeTree() / TsDeclClass(Axes) / TsMemberProperty(PinchInput) / TsTypeQuery())] 
[info ] ResolveTypeQueries.scala:94 Resolved TsTypeQuery(TsQIdent(List(TsIdentLibraryScoped(egjs,Some(axes)), TsIdentModule(Some(egjs),List(axes, inputType, WheelInput)), TsIdentSimple(WheelInput)))) [id => @egjs/axes, phase => typescript, scope => TreeScope(TsParsedFile() / TsDeclModule(@egjs/axes/Axes) / TsExport() / TsExporteeTree() / TsDeclClass(Axes) / TsMemberProperty(WheelInput) / TsTypeQuery())] 
[info ] InferReturnTypes.scala:32 Could not infer return type [id => @egjs/axes, phase => typescript, scope => TreeScope(TsParsedFile() / TsDeclModule(@egjs/axes/AnimationManager) / TsDeclClass(AnimationManager) / TsMemberFunction(createAnimationParam))] 
[info ] InferReturnTypes.scala:32 Could not infer return type [id => @egjs/axes, phase => typescript, scope => TreeScope(TsParsedFile() / TsDeclModule(@egjs/axes/AnimationManager) / TsDeclClass(AnimationManager) / TsMemberFunction(animateLoop))] 
[info ] InferReturnTypes.scala:32 Could not infer return type [id => @egjs/axes, phase => typescript, scope => TreeScope(TsParsedFile() / TsDeclModule(@egjs/axes/AnimationManager) / TsDeclClass(AnimationManager) / TsMemberFunction(frame))] 
[info ] InferReturnTypes.scala:32 Could not infer return type [id => @egjs/axes, phase => typescript, scope => TreeScope(TsParsedFile() / TsDeclModule(@egjs/axes/Axes) / TsDeclInterface(Axes) / TsMemberFunction(_complementOptions))] 
[info ] InferReturnTypes.scala:32 Could not infer return type [id => @egjs/axes, phase => typescript, scope => TreeScope(TsParsedFile() / TsDeclModule(@egjs/axes/EventManager) / TsDeclClass(EventManager) / TsMemberFunction(createUserControll))] 
[info ] InferReturnTypes.scala:32 Could not infer return type [id => @egjs/axes, phase => typescript, scope => TreeScope(TsParsedFile() / TsDeclModule(@egjs/axes/InputObserver) / TsDeclClass(InputObserver) / TsMemberFunction(atOutside))] 
[info ] InferReturnTypes.scala:32 Could not infer return type [id => @egjs/axes, phase => typescript, scope => TreeScope(TsParsedFile() / TsDeclModule(@egjs/axes/inputType/PanInput) / TsDeclClass(PanInput) / TsMemberFunction(onHammerInput))] 
[info ] InferReturnTypes.scala:32 Could not infer return type [id => @egjs/axes, phase => typescript, scope => TreeScope(TsParsedFile() / TsDeclModule(@egjs/axes/inputType/PanInput) / TsDeclClass(PanInput) / TsMemberFunction(onPanmove))] 
[info ] InferReturnTypes.scala:32 Could not infer return type [id => @egjs/axes, phase => typescript, scope => TreeScope(TsParsedFile() / TsDeclModule(@egjs/axes/inputType/PanInput) / TsDeclClass(PanInput) / TsMemberFunction(onPanend))] 
[info ] InferReturnTypes.scala:32 Could not infer return type [id => @egjs/axes, phase => typescript, scope => TreeScope(TsParsedFile() / TsDeclModule(@egjs/axes/inputType/PanInput) / TsDeclClass(PanInput) / TsMemberFunction(attachEvent))] 
[info ] InferReturnTypes.scala:32 Could not infer return type [id => @egjs/axes, phase => typescript, scope => TreeScope(TsParsedFile() / TsDeclModule(@egjs/axes/inputType/PanInput) / TsDeclClass(PanInput) / TsMemberFunction(dettachEvent))] 
[info ] InferReturnTypes.scala:32 Could not infer return type [id => @egjs/axes, phase => typescript, scope => TreeScope(TsParsedFile() / TsDeclModule(@egjs/axes/inputType/PanInput) / TsDeclClass(PanInput) / TsMemberFunction(getOffset))] 
[info ] InferReturnTypes.scala:32 Could not infer return type [id => @egjs/axes, phase => typescript, scope => TreeScope(TsParsedFile() / TsDeclModule(@egjs/axes/inputType/PinchInput) / TsDeclClass(PinchInput) / TsMemberFunction(onPinchStart))] 
[info ] InferReturnTypes.scala:32 Could not infer return type [id => @egjs/axes, phase => typescript, scope => TreeScope(TsParsedFile() / TsDeclModule(@egjs/axes/inputType/PinchInput) / TsDeclClass(PinchInput) / TsMemberFunction(onPinchMove))] 
[info ] InferReturnTypes.scala:32 Could not infer return type [id => @egjs/axes, phase => typescript, scope => TreeScope(TsParsedFile() / TsDeclModule(@egjs/axes/inputType/PinchInput) / TsDeclClass(PinchInput) / TsMemberFunction(onPinchEnd))] 
[info ] InferReturnTypes.scala:32 Could not infer return type [id => @egjs/axes, phase => typescript, scope => TreeScope(TsParsedFile() / TsDeclModule(@egjs/axes/inputType/PinchInput) / TsDeclClass(PinchInput) / TsMemberFunction(attachEvent))] 
[info ] InferReturnTypes.scala:32 Could not infer return type [id => @egjs/axes, phase => typescript, scope => TreeScope(TsParsedFile() / TsDeclModule(@egjs/axes/inputType/PinchInput) / TsDeclClass(PinchInput) / TsMemberFunction(dettachEvent))] 
[info ] InferReturnTypes.scala:32 Could not infer return type [id => @egjs/axes, phase => typescript, scope => TreeScope(TsParsedFile() / TsDeclModule(@egjs/axes/inputType/WheelInput) / TsDeclClass(WheelInput) / TsMemberFunction(onWheel))] 
[info ] InferReturnTypes.scala:32 Could not infer return type [id => @egjs/axes, phase => typescript, scope => TreeScope(TsParsedFile() / TsDeclModule(@egjs/axes/inputType/WheelInput) / TsDeclClass(WheelInput) / TsMemberFunction(attachEvent))] 
[info ] InferReturnTypes.scala:32 Could not infer return type [id => @egjs/axes, phase => typescript, scope => TreeScope(TsParsedFile() / TsDeclModule(@egjs/axes/inputType/WheelInput) / TsDeclClass(WheelInput) / TsMemberFunction(dettachEvent))] 
[info ] ExtractInterfaces.scala:30 Extracted anonymous interface TsIdentSimple(Anon_Duration) [id => @egjs/axes, phase => typescript, scope => TreeScope(TsParsedFile() / TsDeclModule(@egjs/axes/AnimationManager) / TsDeclClass(AnimationManager) / TsMemberFunction(getUserControll) / TsFunSig() / TsTypeObject())] 
[info ] ExtractInterfaces.scala:30 Extracted anonymous interface TsIdentSimple(Anon_Duration) [id => @egjs/axes, phase => typescript, scope => TreeScope(TsParsedFile() / TsDeclModule(@egjs/axes/AnimationManager) / TsDeclInterface(AnimationParam) / TsMemberFunction(setTo) / TsFunSig() / TsTypeObject())] 
[debug] PhaseRunner.scala:78 Success [id => @egjs/axes, phase => typescript] 
[warn ] Phase2ToScalaJs.scala:34 Processing TsIdentLibraryScoped(egjs,Some(axes)) [id => @egjs/axes, phase => scala.js] 
[info ] CompleteClass.scala:60 Completed implementations Vector(axes, element, destroy, mapAxes, connect, disconnect) [id => @egjs/axes, phase => scala.js, this => Name(atEgjsAxesLib) / Name(inputTypePanInputMod) / Name(PanInput)] 
[info ] CompleteClass.scala:60 Completed implementations Vector(axes, element, destroy, mapAxes, connect, disconnect) [id => @egjs/axes, phase => scala.js, this => Name(atEgjsAxesLib) / Name(inputTypePinchInputMod) / Name(PinchInput)] 
[info ] CompleteClass.scala:60 Completed implementations Vector(axes, element, destroy, mapAxes, connect, disconnect) [id => @egjs/axes, phase => scala.js, this => Name(atEgjsAxesLib) / Name(inputTypeWheelInputMod) / Name(WheelInput)] 
[debug] PhaseRunner.scala:78 Success [id => @egjs/axes, phase => scala.js] 
[error] default.scala:10 illegal cyclic reference involving class default, class default protected () extends default { [id => @egjs/axes, phase => build] 
[debug] PhaseRunner.scala:82 Failure, [@egjs/axes => Compilation failed] [id => @egjs/axes, phase => build] 
