[info ] InferredDependency.scala:20 Inferred dependencies Set(TsIdentLibrarySimple(node)) for TsIdentLibrarySimple(electron) [id => electron, phase => typescript, file => ../node_modules/electron/electron.d.ts] 
[debug] PhaseRunner.scala:78 Success [id => electron, phase => typescript] 
[info ] Phase1ReadTypescript.scala:152 Preprocessing TsHelperFile(InFile(/home/tso/tmp/tso-cache/npm/node_modules/electron/electron.d.ts),FromFolder(InFolder(/home/tso/tmp/tso-cache/npm/node_modules/electron),TsIdentLibrarySimple(electron)),TsIdentModule(None,List(electron))) [id => electron, phase => typescript] 
[warn ] Phase1ReadTypescript.scala:190 Processing TsIdentLibrarySimple(electron) [id => electron, phase => typescript] 
[info ] ResolveTypeQueries.scala:94 Resolved TsTypeQuery(TsQIdent(List(TsIdentLibrarySimple(electron), TsIdentNamespace(Electron), TsIdentSimple(NativeImage)))) [id => electron, phase => typescript, scope => TreeScope(TsParsedFile() / TsDeclNamespace(Electron) / TsDeclInterface(CommonInterface) / TsMemberProperty(nativeImage) / TsTypeQuery())] 
[info ] ResolveTypeQueries.scala:94 Resolved TsTypeQuery(TsQIdent(List(TsIdentLibrarySimple(electron), TsIdentNamespace(Electron), TsIdentSimple(BrowserView)))) [id => electron, phase => typescript, scope => TreeScope(TsParsedFile() / TsDeclNamespace(Electron) / TsDeclInterface(MainInterface) / TsMemberProperty(BrowserView) / TsTypeQuery())] 
[info ] ResolveTypeQueries.scala:94 Resolved TsTypeQuery(TsQIdent(List(TsIdentLibrarySimple(electron), TsIdentNamespace(Electron), TsIdentSimple(BrowserWindow)))) [id => electron, phase => typescript, scope => TreeScope(TsParsedFile() / TsDeclNamespace(Electron) / TsDeclInterface(MainInterface) / TsMemberProperty(BrowserWindow) / TsTypeQuery())] 
[info ] ResolveTypeQueries.scala:94 Resolved TsTypeQuery(TsQIdent(List(TsIdentLibrarySimple(electron), TsIdentNamespace(Electron), TsIdentSimple(ClientRequest)))) [id => electron, phase => typescript, scope => TreeScope(TsParsedFile() / TsDeclNamespace(Electron) / TsDeclInterface(MainInterface) / TsMemberProperty(ClientRequest) / TsTypeQuery())] 
[info ] ResolveTypeQueries.scala:94 Resolved TsTypeQuery(TsQIdent(List(TsIdentLibrarySimple(electron), TsIdentNamespace(Electron), TsIdentSimple(Cookies)))) [id => electron, phase => typescript, scope => TreeScope(TsParsedFile() / TsDeclNamespace(Electron) / TsDeclInterface(MainInterface) / TsMemberProperty(Cookies) / TsTypeQuery())] 
[info ] ResolveTypeQueries.scala:94 Resolved TsTypeQuery(TsQIdent(List(TsIdentLibrarySimple(electron), TsIdentNamespace(Electron), TsIdentSimple(Debugger)))) [id => electron, phase => typescript, scope => TreeScope(TsParsedFile() / TsDeclNamespace(Electron) / TsDeclInterface(MainInterface) / TsMemberProperty(Debugger) / TsTypeQuery())] 
[info ] ResolveTypeQueries.scala:94 Resolved TsTypeQuery(TsQIdent(List(TsIdentLibrarySimple(electron), TsIdentNamespace(Electron), TsIdentSimple(DownloadItem)))) [id => electron, phase => typescript, scope => TreeScope(TsParsedFile() / TsDeclNamespace(Electron) / TsDeclInterface(MainInterface) / TsMemberProperty(DownloadItem) / TsTypeQuery())] 
[info ] ResolveTypeQueries.scala:94 Resolved TsTypeQuery(TsQIdent(List(TsIdentLibrarySimple(electron), TsIdentNamespace(Electron), TsIdentSimple(IncomingMessage)))) [id => electron, phase => typescript, scope => TreeScope(TsParsedFile() / TsDeclNamespace(Electron) / TsDeclInterface(MainInterface) / TsMemberProperty(IncomingMessage) / TsTypeQuery())] 
[info ] ResolveTypeQueries.scala:94 Resolved TsTypeQuery(TsQIdent(List(TsIdentLibrarySimple(electron), TsIdentNamespace(Electron), TsIdentSimple(Menu)))) [id => electron, phase => typescript, scope => TreeScope(TsParsedFile() / TsDeclNamespace(Electron) / TsDeclInterface(MainInterface) / TsMemberProperty(Menu) / TsTypeQuery())] 
[info ] ResolveTypeQueries.scala:94 Resolved TsTypeQuery(TsQIdent(List(TsIdentLibrarySimple(electron), TsIdentNamespace(Electron), TsIdentSimple(MenuItem)))) [id => electron, phase => typescript, scope => TreeScope(TsParsedFile() / TsDeclNamespace(Electron) / TsDeclInterface(MainInterface) / TsMemberProperty(MenuItem) / TsTypeQuery())] 
[info ] ResolveTypeQueries.scala:94 Resolved TsTypeQuery(TsQIdent(List(TsIdentLibrarySimple(electron), TsIdentNamespace(Electron), TsIdentSimple(Notification)))) [id => electron, phase => typescript, scope => TreeScope(TsParsedFile() / TsDeclNamespace(Electron) / TsDeclInterface(MainInterface) / TsMemberProperty(Notification) / TsTypeQuery())] 
[info ] ResolveTypeQueries.scala:94 Resolved TsTypeQuery(TsQIdent(List(TsIdentLibrarySimple(electron), TsIdentNamespace(Electron), TsIdentSimple(Session)))) [id => electron, phase => typescript, scope => TreeScope(TsParsedFile() / TsDeclNamespace(Electron) / TsDeclInterface(MainInterface) / TsMemberProperty(session) / TsTypeQuery())] 
[info ] ResolveTypeQueries.scala:94 Resolved TsTypeQuery(TsQIdent(List(TsIdentLibrarySimple(electron), TsIdentNamespace(Electron), TsIdentSimple(TouchBar)))) [id => electron, phase => typescript, scope => TreeScope(TsParsedFile() / TsDeclNamespace(Electron) / TsDeclInterface(MainInterface) / TsMemberProperty(TouchBar) / TsTypeQuery())] 
[info ] ResolveTypeQueries.scala:94 Resolved TsTypeQuery(TsQIdent(List(TsIdentLibrarySimple(electron), TsIdentNamespace(Electron), TsIdentSimple(Tray)))) [id => electron, phase => typescript, scope => TreeScope(TsParsedFile() / TsDeclNamespace(Electron) / TsDeclInterface(MainInterface) / TsMemberProperty(Tray) / TsTypeQuery())] 
[info ] ResolveTypeQueries.scala:94 Resolved TsTypeQuery(TsQIdent(List(TsIdentLibrarySimple(electron), TsIdentNamespace(Electron), TsIdentSimple(WebContents)))) [id => electron, phase => typescript, scope => TreeScope(TsParsedFile() / TsDeclNamespace(Electron) / TsDeclInterface(MainInterface) / TsMemberProperty(webContents) / TsTypeQuery())] 
[info ] ResolveTypeQueries.scala:94 Resolved TsTypeQuery(TsQIdent(List(TsIdentLibrarySimple(electron), TsIdentNamespace(Electron), TsIdentSimple(WebRequest)))) [id => electron, phase => typescript, scope => TreeScope(TsParsedFile() / TsDeclNamespace(Electron) / TsDeclInterface(MainInterface) / TsMemberProperty(WebRequest) / TsTypeQuery())] 
[info ] ResolveTypeQueries.scala:94 Resolved TsTypeQuery(TsQIdent(List(TsIdentLibrarySimple(electron), TsIdentNamespace(Electron), TsIdentSimple(BrowserWindowProxy)))) [id => electron, phase => typescript, scope => TreeScope(TsParsedFile() / TsDeclNamespace(Electron) / TsDeclInterface(RendererInterface) / TsMemberProperty(BrowserWindowProxy) / TsTypeQuery())] 
[info ] ResolveTypeQueries.scala:94 Resolved TsTypeQuery(TsQIdent(List(TsIdentLibrarySimple(electron), TsIdentNamespace(Electron), TsIdentSimple(NativeImage)))) [id => electron, phase => typescript, scope => TreeScope(TsParsedFile() / TsDeclNamespace(Electron) / TsDeclVar(nativeImage) / TsTypeQuery())] 
[info ] ResolveTypeQueries.scala:94 Resolved TsTypeQuery(TsQIdent(List(TsIdentLibrarySimple(electron), TsIdentNamespace(Electron), TsIdentSimple(Session)))) [id => electron, phase => typescript, scope => TreeScope(TsParsedFile() / TsDeclNamespace(Electron) / TsDeclVar(session) / TsTypeQuery())] 
[info ] ResolveTypeQueries.scala:94 Resolved TsTypeQuery(TsQIdent(List(TsIdentLibrarySimple(electron), TsIdentNamespace(Electron), TsIdentSimple(WebContents)))) [id => electron, phase => typescript, scope => TreeScope(TsParsedFile() / TsDeclNamespace(Electron) / TsDeclVar(webContents) / TsTypeQuery())] 
[info ] ResolveTypeQueries.scala:94 Resolved TsTypeQuery(TsQIdent(List(TsIdentLibrarySimple(electron), TsIdentNamespace(Electron), TsIdentSimple(TouchBarButton)))) [id => electron, phase => typescript, scope => TreeScope(TsParsedFile() / TsDeclNamespace(Electron) / TsDeclClass(TouchBar) / TsMemberProperty(TouchBarButton) / TsTypeQuery())] 
[info ] ResolveTypeQueries.scala:94 Resolved TsTypeQuery(TsQIdent(List(TsIdentLibrarySimple(electron), TsIdentNamespace(Electron), TsIdentSimple(TouchBarColorPicker)))) [id => electron, phase => typescript, scope => TreeScope(TsParsedFile() / TsDeclNamespace(Electron) / TsDeclClass(TouchBar) / TsMemberProperty(TouchBarColorPicker) / TsTypeQuery())] 
[info ] ResolveTypeQueries.scala:94 Resolved TsTypeQuery(TsQIdent(List(TsIdentLibrarySimple(electron), TsIdentNamespace(Electron), TsIdentSimple(TouchBarGroup)))) [id => electron, phase => typescript, scope => TreeScope(TsParsedFile() / TsDeclNamespace(Electron) / TsDeclClass(TouchBar) / TsMemberProperty(TouchBarGroup) / TsTypeQuery())] 
[info ] ResolveTypeQueries.scala:94 Resolved TsTypeQuery(TsQIdent(List(TsIdentLibrarySimple(electron), TsIdentNamespace(Electron), TsIdentSimple(TouchBarLabel)))) [id => electron, phase => typescript, scope => TreeScope(TsParsedFile() / TsDeclNamespace(Electron) / TsDeclClass(TouchBar) / TsMemberProperty(TouchBarLabel) / TsTypeQuery())] 
[info ] ResolveTypeQueries.scala:94 Resolved TsTypeQuery(TsQIdent(List(TsIdentLibrarySimple(electron), TsIdentNamespace(Electron), TsIdentSimple(TouchBarPopover)))) [id => electron, phase => typescript, scope => TreeScope(TsParsedFile() / TsDeclNamespace(Electron) / TsDeclClass(TouchBar) / TsMemberProperty(TouchBarPopover) / TsTypeQuery())] 
[info ] ResolveTypeQueries.scala:94 Resolved TsTypeQuery(TsQIdent(List(TsIdentLibrarySimple(electron), TsIdentNamespace(Electron), TsIdentSimple(TouchBarScrubber)))) [id => electron, phase => typescript, scope => TreeScope(TsParsedFile() / TsDeclNamespace(Electron) / TsDeclClass(TouchBar) / TsMemberProperty(TouchBarScrubber) / TsTypeQuery())] 
[info ] ResolveTypeQueries.scala:94 Resolved TsTypeQuery(TsQIdent(List(TsIdentLibrarySimple(electron), TsIdentNamespace(Electron), TsIdentSimple(TouchBarSegmentedControl)))) [id => electron, phase => typescript, scope => TreeScope(TsParsedFile() / TsDeclNamespace(Electron) / TsDeclClass(TouchBar) / TsMemberProperty(TouchBarSegmentedControl) / TsTypeQuery())] 
[info ] ResolveTypeQueries.scala:94 Resolved TsTypeQuery(TsQIdent(List(TsIdentLibrarySimple(electron), TsIdentNamespace(Electron), TsIdentSimple(TouchBarSlider)))) [id => electron, phase => typescript, scope => TreeScope(TsParsedFile() / TsDeclNamespace(Electron) / TsDeclClass(TouchBar) / TsMemberProperty(TouchBarSlider) / TsTypeQuery())] 
[info ] ResolveTypeQueries.scala:94 Resolved TsTypeQuery(TsQIdent(List(TsIdentLibrarySimple(electron), TsIdentNamespace(Electron), TsIdentSimple(TouchBarSpacer)))) [id => electron, phase => typescript, scope => TreeScope(TsParsedFile() / TsDeclNamespace(Electron) / TsDeclClass(TouchBar) / TsMemberProperty(TouchBarSpacer) / TsTypeQuery())] 
[info ] ResolveTypeQueries.scala:94 Resolved TsTypeQuery(TsQIdent(List(TsIdentLibrarySimple(electron), TsIdentNamespace(Electron)))) [id => electron, phase => typescript, scope => TreeScope(TsParsedFile() / TsDeclInterface(NodeRequireFunction) / TsMemberCall() / TsFunSig() / TsTypeQuery())] 
[info ] ExpandKeyOfTypeParams.scala:38 Expanding 89 members for TsIdentSimple(addEventListener) [id => electron, phase => typescript, scope => TreeScope(TsParsedFile() / TsDeclNamespace(Electron) / TsDeclInterface(WebviewTag))] 
[info ] ExpandKeyOfTypeParams.scala:38 Expanding 89 members for TsIdentSimple(removeEventListener) [id => electron, phase => typescript, scope => TreeScope(TsParsedFile() / TsDeclNamespace(Electron) / TsDeclInterface(WebviewTag))] 
[info ] PreferTypeAlias.scala:118 Simplified to function type alias [id => electron, phase => typescript, scope => TreeScope(TsParsedFile() / TsDeclInterface(NodeRequireFunction))] 
[info ] ExtractInterfaces.scala:30 Extracted anonymous interface TsIdentSimple(Anon_Cookies) [id => electron, phase => typescript, scope => TreeScope(TsParsedFile() / TsDeclTypeAlias(NodeRequireFunction) / TsTypeFunction() / TsFunSig() / TsTypeObject())] 
[debug] PhaseRunner.scala:78 Success [id => electron, phase => typescript] 
[warn ] Phase2ToScalaJs.scala:34 Processing TsIdentLibrarySimple(electron) [id => electron, phase => scala.js] 
[info ] ImportTree.scala:406 Dropping TsMemberProperty(NoComments,Default,TsIdentSimple(nativeImage),Some(TsTypeQuery(TsQIdent(List(TsIdentLibrarySimple(electron), TsIdentNamespace(Electron), TsIdentSimple(NativeImage))))),None,false,true,false) [id => electron, phase => scala.js, scope => TreeScope(TsParsedFile() / TsDeclInterface(Anon_Cookies) / TsMemberProperty(nativeImage))] 
[info ] ImportTree.scala:406 Dropping TsMemberProperty(NoComments,Default,TsIdentSimple(webContents),Some(TsTypeQuery(TsQIdent(List(TsIdentLibrarySimple(electron), TsIdentNamespace(Electron), TsIdentSimple(WebContents))))),None,false,true,false) [id => electron, phase => scala.js, scope => TreeScope(TsParsedFile() / TsDeclInterface(Anon_Cookies) / TsMemberProperty(webContents))] 
[info ] ImportTree.scala:406 Dropping TsMemberProperty(NoComments,Default,TsIdentSimple(session),Some(TsTypeQuery(TsQIdent(List(TsIdentLibrarySimple(electron), TsIdentNamespace(Electron), TsIdentSimple(Session))))),None,false,true,false) [id => electron, phase => scala.js, scope => TreeScope(TsParsedFile() / TsDeclInterface(Anon_Cookies) / TsMemberProperty(session))] 
[info ] RemoveMultipleInheritance.scala:39 Dropped parents List(electronLib.ElectronNs.RendererInterface because Would inherit conflicting mutable fields List(shell, nativeImage, clipboard, crashReporter, screen)) [id => electron, phase => scala.js, this => Name(electronLib) / Name(ElectronNs) / Name(AllElectron)] 
[debug] PhaseRunner.scala:78 Success [id => electron, phase => scala.js] 
[warn ] PhaseRunner.scala:64 Failed because of, [node => Compilation failed] [id => electron, phase => build] 
[debug] PhaseRunner.scala:82 Failure, [node => Compilation failed] [id => electron, phase => build] 
