[info ] InferredDependency.scala:20 Inferred dependencies Set(TsIdentLibrarySimple(node)) for TsIdentLibrarySimple(elliptic) [id => elliptic, phase => typescript, file => ../types/elliptic/index.d.ts] 
[debug] PhaseRunner.scala:78 Success [id => elliptic, phase => typescript] 
[info ] Phase1ReadTypescript.scala:152 Preprocessing TsHelperFile(InFile(/home/tso/tmp/tso-cache/DefinitelyTyped/types/elliptic/index.d.ts),FromFolder(InFolder(/home/tso/tmp/tso-cache/DefinitelyTyped/types/elliptic),TsIdentLibrarySimple(elliptic)),TsIdentModule(None,List(elliptic))) [id => elliptic, phase => typescript] 
[info ] InferredDefaultModule.scala:39 Inferred module TsIdentModule(None,List(elliptic)) [id => elliptic, phase => typescript] 
[warn ] Phase1ReadTypescript.scala:190 Processing TsIdentLibrarySimple(elliptic) [id => elliptic, phase => typescript] 
[warn ] Imports.scala:141 Couldn't find expected module TsIdentModule(None,List(bn.js)) [id => elliptic, phase => typescript, scope => TreeScope(TsParsedFile() / TsDeclModule(elliptic))] 
[warn ] QualifyReferences.scala:47 Couldn't qualify TsTypeRef(TsQIdent(List(TsIdentSimple(BN))),List()), defaulting to any [id => elliptic, phase => typescript, scope => TreeScope(TsParsedFile() / TsDeclModule(elliptic) / TsExport() / TsExporteeTree() / TsDeclTypeAlias(BNInput) / TsTypeUnion() / TsTypeRef())] 
[warn ] Imports.scala:141 Couldn't find expected module TsIdentModule(None,List(bn.js)) [id => elliptic, phase => typescript, scope => TreeScope(TsParsedFile() / TsDeclModule(elliptic))] 
[warn ] QualifyReferences.scala:47 Couldn't qualify TsTypeRef(TsQIdent(List(TsIdentSimple(BN))),List()), defaulting to any [id => elliptic, phase => typescript, scope => TreeScope(TsParsedFile() / TsDeclModule(elliptic) / TsExport() / TsExporteeTree() / TsDeclNamespace(curve) / TsDeclClass(BaseCurve) / TsMemberProperty(p) / TsTypeRef())] 
[warn ] Imports.scala:141 Couldn't find expected module TsIdentModule(None,List(bn.js)) [id => elliptic, phase => typescript, scope => TreeScope(TsParsedFile() / TsDeclModule(elliptic))] 
[warn ] QualifyReferences.scala:47 Couldn't qualify TsTypeRef(TsQIdent(List(TsIdentSimple(BN))),List()), defaulting to any [id => elliptic, phase => typescript, scope => TreeScope(TsParsedFile() / TsDeclModule(elliptic) / TsExport() / TsExporteeTree() / TsDeclNamespace(curve) / TsDeclClass(BaseCurve) / TsMemberProperty(n) / TsTypeUnion() / TsTypeRef())] 
[warn ] Imports.scala:141 Couldn't find expected module TsIdentModule(None,List(bn.js)) [id => elliptic, phase => typescript, scope => TreeScope(TsParsedFile() / TsDeclModule(elliptic))] 
[warn ] QualifyReferences.scala:47 Couldn't qualify TsTypeRef(TsQIdent(List(TsIdentSimple(BN))),List()), defaulting to any [id => elliptic, phase => typescript, scope => TreeScope(TsParsedFile() / TsDeclModule(elliptic) / TsExport() / TsExporteeTree() / TsDeclNamespace(curve) / TsDeclNamespace(BaseCurve) / TsDeclClass(BasePoint) / TsMemberFunction(encode) / TsFunSig() / TsTypeRef())] 
[warn ] Imports.scala:141 Couldn't find expected module TsIdentModule(None,List(bn.js)) [id => elliptic, phase => typescript, scope => TreeScope(TsParsedFile() / TsDeclModule(elliptic))] 
[warn ] QualifyReferences.scala:47 Couldn't qualify TsTypeRef(TsQIdent(List(TsIdentSimple(BN))),List()), defaulting to any [id => elliptic, phase => typescript, scope => TreeScope(TsParsedFile() / TsDeclModule(elliptic) / TsExport() / TsExporteeTree() / TsDeclNamespace(curve) / TsDeclNamespace(BaseCurve) / TsDeclClass(BasePoint) / TsMemberFunction(encodeCompressed) / TsFunSig() / TsTypeRef())] 
[warn ] Imports.scala:141 Couldn't find expected module TsIdentModule(None,List(bn.js)) [id => elliptic, phase => typescript, scope => TreeScope(TsParsedFile() / TsDeclModule(elliptic))] 
[warn ] QualifyReferences.scala:47 Couldn't qualify TsTypeRef(TsQIdent(List(TsIdentSimple(BN))),List()), defaulting to any [id => elliptic, phase => typescript, scope => TreeScope(TsParsedFile() / TsDeclModule(elliptic) / TsExport() / TsExporteeTree() / TsDeclNamespace(curve) / TsDeclNamespace(BaseCurve) / TsDeclInterface(BaseCurveOptions) / TsMemberProperty(p) / TsTypeUnion() / TsTypeRef())] 
[warn ] Imports.scala:141 Couldn't find expected module TsIdentModule(None,List(bn.js)) [id => elliptic, phase => typescript, scope => TreeScope(TsParsedFile() / TsDeclModule(elliptic))] 
[warn ] QualifyReferences.scala:47 Couldn't qualify TsTypeRef(TsQIdent(List(TsIdentSimple(BN))),List()), defaulting to any [id => elliptic, phase => typescript, scope => TreeScope(TsParsedFile() / TsDeclModule(elliptic) / TsExport() / TsExporteeTree() / TsDeclNamespace(curve) / TsDeclNamespace(BaseCurve) / TsDeclInterface(BaseCurveOptions) / TsMemberProperty(prime) / TsTypeUnion() / TsTypeRef())] 
[warn ] Imports.scala:141 Couldn't find expected module TsIdentModule(None,List(bn.js)) [id => elliptic, phase => typescript, scope => TreeScope(TsParsedFile() / TsDeclModule(elliptic))] 
[warn ] QualifyReferences.scala:47 Couldn't qualify TsTypeRef(TsQIdent(List(TsIdentSimple(BN))),List()), defaulting to any [id => elliptic, phase => typescript, scope => TreeScope(TsParsedFile() / TsDeclModule(elliptic) / TsExport() / TsExporteeTree() / TsDeclNamespace(curve) / TsDeclNamespace(BaseCurve) / TsDeclInterface(BaseCurveOptions) / TsMemberProperty(n) / TsTypeUnion() / TsTypeRef())] 
[warn ] Imports.scala:141 Couldn't find expected module TsIdentModule(None,List(bn.js)) [id => elliptic, phase => typescript, scope => TreeScope(TsParsedFile() / TsDeclModule(elliptic))] 
[warn ] QualifyReferences.scala:47 Couldn't qualify TsTypeRef(TsQIdent(List(TsIdentSimple(BN))),List()), defaulting to any [id => elliptic, phase => typescript, scope => TreeScope(TsParsedFile() / TsDeclModule(elliptic) / TsExport() / TsExporteeTree() / TsDeclNamespace(curves) / TsDeclClass(PresetCurve) / TsMemberProperty(n) / TsTypeUnion() / TsTypeRef())] 
[warn ] Imports.scala:141 Couldn't find expected module TsIdentModule(None,List(bn.js)) [id => elliptic, phase => typescript, scope => TreeScope(TsParsedFile() / TsDeclModule(elliptic))] 
[warn ] QualifyReferences.scala:47 Couldn't qualify TsTypeRef(TsQIdent(List(TsIdentSimple(BN))),List()), defaulting to any [id => elliptic, phase => typescript, scope => TreeScope(TsParsedFile() / TsDeclModule(elliptic) / TsExport() / TsExporteeTree() / TsDeclClass(ec) / TsMemberProperty(n) / TsTypeUnion() / TsTypeRef())] 
[warn ] Imports.scala:141 Couldn't find expected module TsIdentModule(None,List(bn.js)) [id => elliptic, phase => typescript, scope => TreeScope(TsParsedFile() / TsDeclModule(elliptic))] 
[warn ] QualifyReferences.scala:47 Couldn't qualify TsTypeRef(TsQIdent(List(TsIdentSimple(BN))),List()), defaulting to any [id => elliptic, phase => typescript, scope => TreeScope(TsParsedFile() / TsDeclModule(elliptic) / TsExport() / TsExporteeTree() / TsDeclClass(ec) / TsMemberFunction(getKeyRecoveryParam) / TsFunSig() / TsFunParam() / TsTypeRef())] 
[warn ] Imports.scala:141 Couldn't find expected module TsIdentModule(None,List(bn.js)) [id => elliptic, phase => typescript, scope => TreeScope(TsParsedFile() / TsDeclModule(elliptic))] 
[warn ] QualifyReferences.scala:47 Couldn't qualify TsTypeRef(TsQIdent(List(TsIdentSimple(BN))),List()), defaulting to any [id => elliptic, phase => typescript, scope => TreeScope(TsParsedFile() / TsDeclModule(elliptic) / TsExport() / TsExporteeTree() / TsDeclNamespace(ec) / TsDeclInterface(SignOptions) / TsMemberProperty(k) / TsTypeRef())] 
[warn ] Imports.scala:141 Couldn't find expected module TsIdentModule(None,List(bn.js)) [id => elliptic, phase => typescript, scope => TreeScope(TsParsedFile() / TsDeclModule(elliptic))] 
[warn ] QualifyReferences.scala:47 Couldn't qualify TsTypeRef(TsQIdent(List(TsIdentSimple(BN))),List()), defaulting to any [id => elliptic, phase => typescript, scope => TreeScope(TsParsedFile() / TsDeclModule(elliptic) / TsExport() / TsExporteeTree() / TsDeclNamespace(ec) / TsDeclClass(KeyPair) / TsMemberFunction(getPrivate) / TsFunSig() / TsTypeUnion() / TsTypeRef())] 
[warn ] Imports.scala:141 Couldn't find expected module TsIdentModule(None,List(bn.js)) [id => elliptic, phase => typescript, scope => TreeScope(TsParsedFile() / TsDeclModule(elliptic))] 
[warn ] QualifyReferences.scala:47 Couldn't qualify TsTypeRef(TsQIdent(List(TsIdentSimple(BN))),List()), defaulting to any [id => elliptic, phase => typescript, scope => TreeScope(TsParsedFile() / TsDeclModule(elliptic) / TsExport() / TsExporteeTree() / TsDeclNamespace(ec) / TsDeclClass(Signature) / TsMemberProperty(r) / TsTypeRef())] 
[warn ] Imports.scala:141 Couldn't find expected module TsIdentModule(None,List(bn.js)) [id => elliptic, phase => typescript, scope => TreeScope(TsParsedFile() / TsDeclModule(elliptic))] 
[warn ] QualifyReferences.scala:47 Couldn't qualify TsTypeRef(TsQIdent(List(TsIdentSimple(BN))),List()), defaulting to any [id => elliptic, phase => typescript, scope => TreeScope(TsParsedFile() / TsDeclModule(elliptic) / TsExport() / TsExporteeTree() / TsDeclNamespace(ec) / TsDeclClass(Signature) / TsMemberProperty(s) / TsTypeRef())] 
[info ] ExtractInterfaces.scala:30 Extracted anonymous interface TsIdentSimple(Anon_Result) [id => elliptic, phase => typescript, scope => TreeScope(TsParsedFile() / TsDeclModule(elliptic) / TsDeclNamespace(ec) / TsDeclClass(KeyPair) / TsMemberFunction(validate) / TsFunSig() / TsTypeObject())] 
[debug] PhaseRunner.scala:78 Success [id => elliptic, phase => typescript] 
[warn ] Phase2ToScalaJs.scala:34 Processing TsIdentLibrarySimple(elliptic) [id => elliptic, phase => scala.js] 
[debug] PhaseRunner.scala:78 Success [id => elliptic, phase => scala.js] 
[warn ] PhaseRunner.scala:64 Failed because of, [node => Compilation failed] [id => elliptic, phase => build] 
[debug] PhaseRunner.scala:82 Failure, [node => Compilation failed] [id => elliptic, phase => build] 
