[debug] PhaseRunner.scala:84 Success [id => @ember/polyfills, phase => typescript] 
[debug] PhaseRunner.scala:84 Success [id => @ember/polyfills, phase => typescript] 
[info ] Phase1ReadTypescript.scala:171 Preprocessing TsHelperFile(InFile(/home/tso/tmp/tso-cache/DefinitelyTyped/types/ember__polyfills/index.d.ts),FromFolder(InFolder(/home/tso/tmp/tso-cache/DefinitelyTyped/types/ember__polyfills),TsIdentLibraryScoped(ember,Some(polyfills))),TsIdentModule(Some(ember),List(polyfills))) [id => @ember/polyfills, phase => typescript] 
[info ] InferredDefaultModule.scala:39 Inferred module TsIdentModule(Some(ember),List(polyfills)) [id => @ember/polyfills, phase => typescript] 
[info ] Phase1ReadTypescript.scala:171 Preprocessing TsHelperFile(InFile(/home/tso/tmp/tso-cache/DefinitelyTyped/types/ember__polyfills/types.d.ts),FromFolder(InFolder(/home/tso/tmp/tso-cache/DefinitelyTyped/types/ember__polyfills),TsIdentLibraryScoped(ember,Some(polyfills))),TsIdentModule(Some(ember),List(polyfills, types))) [id => @ember/polyfills, phase => typescript] 
[info ] InferredDefaultModule.scala:39 Inferred module TsIdentModule(Some(ember),List(polyfills, types)) [id => @ember/polyfills, phase => typescript] 
[warn ] Phase1ReadTypescript.scala:191 Processing TsIdentLibraryScoped(ember,Some(polyfills)) [id => @ember/polyfills, phase => typescript] 
[debug] PhaseRunner.scala:84 Success [id => @ember/polyfills, phase => typescript] 
[warn ] Phase2ToScalaJs.scala:42 Processing @ember/polyfills [id => @ember/polyfills, phase => scala.js] 
[debug] PhaseRunner.scala:84 Success [id => @ember/polyfills, phase => scala.js] 
[warn ] Npmjs.scala:108 Could't fetch metadata for TsIdentLibraryScoped(ember,Some(polyfills)) [id => @ember/polyfills, phase => build] gigahorse.StatusError: Unexpected status: 404
	at gigahorse.StatusError$.apply(StatusError.scala:29)
	at gigahorse.support.okhttp.OkHandler.onStatusReceived(OkHandler.scala:26)
	at gigahorse.support.okhttp.OkHandler.onStatusReceived$(OkHandler.scala:23)
	at gigahorse.support.okhttp.OkHandler$FullOkHandler.onStatusReceived(OkHandler.scala:31)
	at gigahorse.support.okhttp.OkhClient$$anon$1.onResponse(OkhClient.scala:163)
	at okhttp3.RealCall$AsyncCall.execute(RealCall.java:141)
	at okhttp3.internal.NamedRunnable.run(NamedRunnable.java:32)
	at java.util.concurrent.ThreadPoolExecutor.runWorker(ThreadPoolExecutor.java:1149)
	at java.util.concurrent.ThreadPoolExecutor$Worker.run(ThreadPoolExecutor.java:624)
	at java.lang.Thread.run(Thread.java:748)

[warn ] Phase3Compile.scala:204 Building ember__polyfills... [id => @ember/polyfills, phase => build] 
[error] Phase3Compile.scala:230 [E] [E4] src/main/scala/typings/atEmberPolyfillsLib/typesMod/package.scala:11:27
[E]      typings.atEmberPolyfillsLib.typesMod.package.Mix3 does not take type parameters
[E]      L11:   type Mix4[A, B, C, D] = Mix3[Mix[A, B], C, D]
[E]                                     ^
[E] [E3] src/main/scala/typings/atEmberPolyfillsLib/typesMod/package.scala:10:8
[E]      cyclic aliasing or subtyping involving type Mix
[E]      L10:   type Mix3[A, B, C] = Mix[Mix[A, B], C]
[E]                  ^
[E] [E2] src/main/scala/typings/atEmberPolyfillsLib/atEmberPolyfillsMod.scala:14:7
[E]      cyclic aliasing or subtyping involving type Mix
[E]      L14:   def assign[T /* <: js.Object */, U /* <: js.Object */, V /* <: js.Object */, W /* <: js.Object */](target: T, source1: U, source2: V, source3: W): atEmberPolyfillsLib.typesMod.Mix4[T, U, V, W] = js.native
[E]                 ^
[E] [E1] src/main/scala/typings/atEmberPolyfillsLib/atEmberPolyfillsMod.scala:13:7
[E]      cyclic aliasing or subtyping involving type Mix
[E]      L13:   def assign[T /* <: js.Object */, U /* <: js.Object */, V /* <: js.Object */](target: T, source1: U, source2: V): atEmberPolyfillsLib.typesMod.Mix3[T, U, V] = js.native
[E]                 ^
[E] src/main/scala/typings/atEmberPolyfillsLib/typesMod/package.scala: L10 [E3], L11 [E4]
[E] src/main/scala/typings/atEmberPolyfillsLib/atEmberPolyfillsMod.scala: L13 [E1], L14 [E2]
[E] Failed to compile 'ember__polyfills'
 [id => @ember/polyfills, phase => build] 
[error] PhaseRunner.scala:88 Failure, [@ember/polyfills => Compilation failed] [id => @ember/polyfills, phase => build] 
[error] PhaseRunner.scala:88 Failure, [@ember/polyfills => Compilation failed] [id => @ember/polyfills, phase => publish] 
