[debug] PhaseRunner.scala:89 Ignored [id => @ember/object, phase => typescript] 
[debug] PhaseRunner.scala:81 Success [id => @ember/object, phase => typescript] 
[debug] PhaseRunner.scala:81 Success [id => @ember/object, phase => typescript] 
[debug] PhaseRunner.scala:81 Success [id => @ember/object, phase => typescript] 
[debug] PhaseRunner.scala:81 Success [id => @ember/object, phase => typescript] 
[debug] PhaseRunner.scala:81 Success [id => @ember/object, phase => typescript] 
[debug] PhaseRunner.scala:81 Success [id => @ember/object, phase => typescript] 
[debug] PhaseRunner.scala:81 Success [id => @ember/object, phase => typescript] 
[debug] PhaseRunner.scala:85 Failure, [@ember/object => InFile(/home/tso/tmp/tso-cache/DefinitelyTyped/types/ember__object/index.d.ts): Parse error at 23.59 ''{'' expected but '(' found] [id => @ember/object, phase => typescript] 
[debug] PhaseRunner.scala:81 Success [id => @ember/object, phase => typescript] 
[debug] PhaseRunner.scala:81 Success [id => @ember/object, phase => typescript] 
[debug] PhaseRunner.scala:81 Success [id => @ember/object, phase => typescript] 
[debug] PhaseRunner.scala:81 Success [id => @ember/object, phase => typescript] 
[debug] PhaseRunner.scala:81 Success [id => @ember/object, phase => typescript] 
[debug] PhaseRunner.scala:81 Success [id => @ember/object, phase => typescript] 
[warn ] PhaseRunner.scala:67 Failed because of, [@ember/object => InFile(/home/tso/tmp/tso-cache/DefinitelyTyped/types/ember__object/index.d.ts): Parse error at 23.59 ''{'' expected but '(' found] [id => @ember/object, phase => typescript] 
[debug] PhaseRunner.scala:85 Failure, [@ember/object => InFile(/home/tso/tmp/tso-cache/DefinitelyTyped/types/ember__object/index.d.ts): Parse error at 23.59 ''{'' expected but '(' found] [id => @ember/object, phase => typescript] 
[debug] PhaseRunner.scala:85 Failure, [@ember/object => InFile(/home/tso/tmp/tso-cache/DefinitelyTyped/types/ember__object/index.d.ts): Parse error at 23.59 ''{'' expected but '(' found] [id => @ember/object, phase => scala.js] 
[debug] PhaseRunner.scala:85 Failure, [@ember/object => InFile(/home/tso/tmp/tso-cache/DefinitelyTyped/types/ember__object/index.d.ts): Parse error at 23.59 ''{'' expected but '(' found] [id => @ember/object, phase => build] 
[debug] PhaseRunner.scala:85 Failure, [@ember/object => InFile(/home/tso/tmp/tso-cache/DefinitelyTyped/types/ember__object/index.d.ts): Parse error at 23.59 ''{'' expected but '(' found] [id => @ember/object, phase => publish] 
