[debug] PhaseRunner.scala:90 Ignored [id => @ember/application, phase => typescript] 
[debug] PhaseRunner.scala:82 Success [id => @ember/application, phase => typescript] 
[debug] PhaseRunner.scala:82 Success [id => @ember/application, phase => typescript] 
[debug] PhaseRunner.scala:82 Success [id => @ember/application, phase => typescript] 
[debug] PhaseRunner.scala:82 Success [id => @ember/application, phase => typescript] 
[debug] PhaseRunner.scala:82 Success [id => @ember/application, phase => typescript] 
[debug] PhaseRunner.scala:82 Success [id => @ember/application, phase => typescript] 
[debug] PhaseRunner.scala:82 Success [id => @ember/application, phase => typescript] 
[debug] PhaseRunner.scala:82 Success [id => @ember/application, phase => typescript] 
[debug] PhaseRunner.scala:82 Success [id => @ember/application, phase => typescript] 
[info ] Phase1ReadTypescript.scala:160 Preprocessing TsHelperFile(InFile(/home/tso/tmp/tso-cache/DefinitelyTyped/types/ember__application/-private/default-resolver.d.ts),FromFolder(InFolder(/home/tso/tmp/tso-cache/DefinitelyTyped/types/ember__application),TsIdentLibraryScoped(ember,Some(application))),TsIdentModule(Some(ember),List(application, -private, default-resolver))) [id => @ember/application, phase => typescript] 
[info ] InferredDefaultModule.scala:39 Inferred module TsIdentModule(Some(ember),List(application, -private, default-resolver)) [id => @ember/application, phase => typescript] 
[info ] Phase1ReadTypescript.scala:160 Preprocessing TsHelperFile(InFile(/home/tso/tmp/tso-cache/DefinitelyTyped/types/ember__application/-private/event-dispatcher.d.ts),FromFolder(InFolder(/home/tso/tmp/tso-cache/DefinitelyTyped/types/ember__application),TsIdentLibraryScoped(ember,Some(application))),TsIdentModule(Some(ember),List(application, -private, event-dispatcher))) [id => @ember/application, phase => typescript] 
[info ] InferredDefaultModule.scala:39 Inferred module TsIdentModule(Some(ember),List(application, -private, event-dispatcher)) [id => @ember/application, phase => typescript] 
[info ] Phase1ReadTypescript.scala:160 Preprocessing TsHelperFile(InFile(/home/tso/tmp/tso-cache/DefinitelyTyped/types/ember__application/-private/registry.d.ts),FromFolder(InFolder(/home/tso/tmp/tso-cache/DefinitelyTyped/types/ember__application),TsIdentLibraryScoped(ember,Some(application))),TsIdentModule(Some(ember),List(application, -private, registry))) [id => @ember/application, phase => typescript] 
[info ] InferredDefaultModule.scala:39 Inferred module TsIdentModule(Some(ember),List(application, -private, registry)) [id => @ember/application, phase => typescript] 
[info ] Phase1ReadTypescript.scala:160 Preprocessing TsHelperFile(InFile(/home/tso/tmp/tso-cache/DefinitelyTyped/types/ember__application/deprecations.d.ts),FromFolder(InFolder(/home/tso/tmp/tso-cache/DefinitelyTyped/types/ember__application),TsIdentLibraryScoped(ember,Some(application))),TsIdentModule(Some(ember),List(application, deprecations))) [id => @ember/application, phase => typescript] 
[info ] InferredDefaultModule.scala:39 Inferred module TsIdentModule(Some(ember),List(application, deprecations)) [id => @ember/application, phase => typescript] 
[info ] Phase1ReadTypescript.scala:160 Preprocessing TsHelperFile(InFile(/home/tso/tmp/tso-cache/DefinitelyTyped/types/ember__application/globals-resolver.d.ts),FromFolder(InFolder(/home/tso/tmp/tso-cache/DefinitelyTyped/types/ember__application),TsIdentLibraryScoped(ember,Some(application))),TsIdentModule(Some(ember),List(application, globals-resolver))) [id => @ember/application, phase => typescript] 
[info ] InferredDefaultModule.scala:39 Inferred module TsIdentModule(Some(ember),List(application, globals-resolver)) [id => @ember/application, phase => typescript] 
[info ] Phase1ReadTypescript.scala:160 Preprocessing TsHelperFile(InFile(/home/tso/tmp/tso-cache/DefinitelyTyped/types/ember__application/index.d.ts),FromFolder(InFolder(/home/tso/tmp/tso-cache/DefinitelyTyped/types/ember__application),TsIdentLibraryScoped(ember,Some(application))),TsIdentModule(Some(ember),List(application))) [id => @ember/application, phase => typescript] 
[info ] InferredDefaultModule.scala:39 Inferred module TsIdentModule(Some(ember),List(application)) [id => @ember/application, phase => typescript] 
[info ] Phase1ReadTypescript.scala:160 Preprocessing TsHelperFile(InFile(/home/tso/tmp/tso-cache/DefinitelyTyped/types/ember__application/instance.d.ts),FromFolder(InFolder(/home/tso/tmp/tso-cache/DefinitelyTyped/types/ember__application),TsIdentLibraryScoped(ember,Some(application))),TsIdentModule(Some(ember),List(application, instance))) [id => @ember/application, phase => typescript] 
[info ] InferredDefaultModule.scala:39 Inferred module TsIdentModule(Some(ember),List(application, instance)) [id => @ember/application, phase => typescript] 
[info ] Phase1ReadTypescript.scala:160 Preprocessing TsHelperFile(InFile(/home/tso/tmp/tso-cache/DefinitelyTyped/types/ember__application/resolver.d.ts),FromFolder(InFolder(/home/tso/tmp/tso-cache/DefinitelyTyped/types/ember__application),TsIdentLibraryScoped(ember,Some(application))),TsIdentModule(Some(ember),List(application, resolver))) [id => @ember/application, phase => typescript] 
[info ] InferredDefaultModule.scala:39 Inferred module TsIdentModule(Some(ember),List(application, resolver)) [id => @ember/application, phase => typescript] 
[info ] Phase1ReadTypescript.scala:160 Preprocessing TsHelperFile(InFile(/home/tso/tmp/tso-cache/DefinitelyTyped/types/ember__application/types.d.ts),FromFolder(InFolder(/home/tso/tmp/tso-cache/DefinitelyTyped/types/ember__application),TsIdentLibraryScoped(ember,Some(application))),TsIdentModule(Some(ember),List(application, types))) [id => @ember/application, phase => typescript] 
[info ] InferredDefaultModule.scala:39 Inferred module TsIdentModule(Some(ember),List(application, types)) [id => @ember/application, phase => typescript] 
[warn ] Phase1ReadTypescript.scala:200 Processing TsIdentLibraryScoped(ember,Some(application)) [id => @ember/application, phase => typescript] 
[info ] PreferTypeAlias.scala:45 Simplified to type alias [id => @ember/application, phase => typescript, scope => TreeScope(TsParsedFile() / TsDeclModule(@ember/application/instance) / TsDeclInterface(ApplicationInstance))] 
[info ] PreferTypeAlias.scala:45 Simplified to type alias [id => @ember/application, phase => typescript, scope => TreeScope(TsParsedFile() / TsDeclModule(@ember/application/resolver) / TsDeclInterface(Resolver))] 
[info ] ExtractInterfaces.scala:37 Extracted anonymous interface TsIdentSimple(Anon_Singleton) [id => @ember/application, phase => typescript, scope => TreeScope(TsParsedFile() / TsDeclModule(@ember/application/-private/registry) / TsDeclInterface(Registry) / TsMemberFunction(register) / TsFunSig() / TsFunParam() / TsTypeObject())] 
[info ] ExtractInterfaces.scala:37 Extracted anonymous interface TsIdentSimple(Anon_Instantiate) [id => @ember/application, phase => typescript, scope => TreeScope(TsParsedFile() / TsDeclModule(@ember/application) / TsDeclInterface(Application) / TsMemberFunction(register) / TsFunSig() / TsFunParam() / TsTypeObject())] 
[debug] PhaseRunner.scala:82 Success [id => @ember/application, phase => typescript] 
[warn ] Phase2ToScalaJs.scala:40 Processing @ember/application [id => @ember/application, phase => scala.js] 
[info ] CompleteClass.scala:62 Completed implementations Vector(events, constructor, hasOwnProperty, propertyIsEnumerable) [id => @ember/application, phase => scala.js, this => Name(atEmberApplicationLib) / Name(dashPrivateEventDashDispatcherMod) / Name(default)] 
[debug] PhaseRunner.scala:82 Success [id => @ember/application, phase => scala.js] 
[warn ] PhaseRunner.scala:68 Failed because of, [@ember/object => Compilation failed] [id => @ember/application, phase => build] 
[error] PhaseRunner.scala:86 Failure, [@ember/object => Compilation failed] [id => @ember/application, phase => build] 
[error] PhaseRunner.scala:86 Failure, [@ember/object => Compilation failed] [id => @ember/application, phase => publish] 
