[debug] PhaseRunner.scala:86 Ignored [id => ember-data, phase => typescript] 
[debug] PhaseRunner.scala:78 Success [id => ember-data, phase => typescript] 
[debug] PhaseRunner.scala:78 Success [id => ember-data, phase => typescript] 
[debug] PhaseRunner.scala:78 Success [id => ember-data, phase => typescript] 
[debug] PhaseRunner.scala:78 Success [id => ember-data, phase => typescript] 
[debug] PhaseRunner.scala:78 Success [id => ember-data, phase => typescript] 
[debug] PhaseRunner.scala:78 Success [id => ember-data, phase => typescript] 
[debug] PhaseRunner.scala:78 Success [id => ember-data, phase => typescript] 
[debug] PhaseRunner.scala:78 Success [id => ember-data, phase => typescript] 
[debug] PhaseRunner.scala:78 Success [id => ember-data, phase => typescript] 
[debug] PhaseRunner.scala:78 Success [id => ember-data, phase => typescript] 
[debug] PhaseRunner.scala:78 Success [id => ember-data, phase => typescript] 
[debug] PhaseRunner.scala:78 Success [id => ember-data, phase => typescript] 
[debug] PhaseRunner.scala:82 Failure, [ember-data => InFile(/home/olvind/tmp/tso-cache/DefinitelyTyped/types/ember-data/index.d.ts): Parse error at 858.51 ''{'' expected but '(' found] [id => ember-data, phase => typescript] 
[debug] PhaseRunner.scala:78 Success [id => ember-data, phase => typescript] 
[debug] PhaseRunner.scala:78 Success [id => ember-data, phase => typescript] 
[debug] PhaseRunner.scala:78 Success [id => ember-data, phase => typescript] 
[debug] PhaseRunner.scala:78 Success [id => ember-data, phase => typescript] 
[debug] PhaseRunner.scala:78 Success [id => ember-data, phase => typescript] 
[debug] PhaseRunner.scala:78 Success [id => ember-data, phase => typescript] 
[debug] PhaseRunner.scala:78 Success [id => ember-data, phase => typescript] 
[debug] PhaseRunner.scala:78 Success [id => ember-data, phase => typescript] 
[debug] PhaseRunner.scala:78 Success [id => ember-data, phase => typescript] 
[debug] PhaseRunner.scala:78 Success [id => ember-data, phase => typescript] 
[debug] PhaseRunner.scala:78 Success [id => ember-data, phase => typescript] 
[warn ] PhaseRunner.scala:64 Failed because of, [ember-data => InFile(/home/olvind/tmp/tso-cache/DefinitelyTyped/types/ember-data/index.d.ts): Parse error at 858.51 ''{'' expected but '(' found] [id => ember-data, phase => typescript] 
[debug] PhaseRunner.scala:82 Failure, [ember-data => InFile(/home/olvind/tmp/tso-cache/DefinitelyTyped/types/ember-data/index.d.ts): Parse error at 858.51 ''{'' expected but '(' found] [id => ember-data, phase => typescript] 
[debug] PhaseRunner.scala:82 Failure, [ember-data => InFile(/home/olvind/tmp/tso-cache/DefinitelyTyped/types/ember-data/index.d.ts): Parse error at 858.51 ''{'' expected but '(' found] [id => ember-data, phase => scala.js] 
[debug] PhaseRunner.scala:82 Failure, [ember-data => InFile(/home/olvind/tmp/tso-cache/DefinitelyTyped/types/ember-data/index.d.ts): Parse error at 858.51 ''{'' expected but '(' found] [id => ember-data, phase => build] 
[debug] PhaseRunner.scala:82 Failure, [ember-data => InFile(/home/olvind/tmp/tso-cache/DefinitelyTyped/types/ember-data/index.d.ts): Parse error at 858.51 ''{'' expected but '(' found] [id => ember-data, phase => publish] 
