[debug] PhaseRunner.scala:82 Success [id => @ember/routing, phase => typescript] 
[debug] PhaseRunner.scala:82 Success [id => @ember/routing, phase => typescript] 
[debug] PhaseRunner.scala:82 Success [id => @ember/routing, phase => typescript] 
[debug] PhaseRunner.scala:82 Success [id => @ember/routing, phase => typescript] 
[debug] PhaseRunner.scala:82 Success [id => @ember/routing, phase => typescript] 
[debug] PhaseRunner.scala:82 Success [id => @ember/routing, phase => typescript] 
[debug] PhaseRunner.scala:90 Ignored [id => @ember/routing, phase => typescript] 
[debug] PhaseRunner.scala:82 Success [id => @ember/routing, phase => typescript] 
[debug] PhaseRunner.scala:82 Success [id => @ember/routing, phase => typescript] 
[debug] PhaseRunner.scala:82 Success [id => @ember/routing, phase => typescript] 
[debug] PhaseRunner.scala:82 Success [id => @ember/routing, phase => typescript] 
[debug] PhaseRunner.scala:82 Success [id => @ember/routing, phase => typescript] 
[debug] PhaseRunner.scala:82 Success [id => @ember/routing, phase => typescript] 
[debug] PhaseRunner.scala:82 Success [id => @ember/routing, phase => typescript] 
[debug] PhaseRunner.scala:82 Success [id => @ember/routing, phase => typescript] 
[info ] Phase1ReadTypescript.scala:163 Preprocessing TsHelperFile(InFile(/home/tso/tmp/tso-cache/DefinitelyTyped/types/ember__routing/-private/route-info.d.ts),FromFolder(InFolder(/home/tso/tmp/tso-cache/DefinitelyTyped/types/ember__routing),TsIdentLibraryScoped(ember,Some(routing))),TsIdentModule(Some(ember),List(routing, -private, route-info))) [id => @ember/routing, phase => typescript] 
[info ] InferredDefaultModule.scala:39 Inferred module TsIdentModule(Some(ember),List(routing, -private, route-info)) [id => @ember/routing, phase => typescript] 
[info ] Phase1ReadTypescript.scala:163 Preprocessing TsHelperFile(InFile(/home/tso/tmp/tso-cache/DefinitelyTyped/types/ember__routing/-private/router-dsl.d.ts),FromFolder(InFolder(/home/tso/tmp/tso-cache/DefinitelyTyped/types/ember__routing),TsIdentLibraryScoped(ember,Some(routing))),TsIdentModule(Some(ember),List(routing, -private, router-dsl))) [id => @ember/routing, phase => typescript] 
[info ] InferredDefaultModule.scala:39 Inferred module TsIdentModule(Some(ember),List(routing, -private, router-dsl)) [id => @ember/routing, phase => typescript] 
[info ] Phase1ReadTypescript.scala:163 Preprocessing TsHelperFile(InFile(/home/tso/tmp/tso-cache/DefinitelyTyped/types/ember__routing/-private/transition.d.ts),FromFolder(InFolder(/home/tso/tmp/tso-cache/DefinitelyTyped/types/ember__routing),TsIdentLibraryScoped(ember,Some(routing))),TsIdentModule(Some(ember),List(routing, -private, transition))) [id => @ember/routing, phase => typescript] 
[info ] InferredDefaultModule.scala:39 Inferred module TsIdentModule(Some(ember),List(routing, -private, transition)) [id => @ember/routing, phase => typescript] 
[info ] Phase1ReadTypescript.scala:163 Preprocessing TsHelperFile(InFile(/home/tso/tmp/tso-cache/DefinitelyTyped/types/ember__routing/auto-location.d.ts),FromFolder(InFolder(/home/tso/tmp/tso-cache/DefinitelyTyped/types/ember__routing),TsIdentLibraryScoped(ember,Some(routing))),TsIdentModule(Some(ember),List(routing, auto-location))) [id => @ember/routing, phase => typescript] 
[info ] InferredDefaultModule.scala:39 Inferred module TsIdentModule(Some(ember),List(routing, auto-location)) [id => @ember/routing, phase => typescript] 
[info ] Phase1ReadTypescript.scala:163 Preprocessing TsHelperFile(InFile(/home/tso/tmp/tso-cache/DefinitelyTyped/types/ember__routing/hash-location.d.ts),FromFolder(InFolder(/home/tso/tmp/tso-cache/DefinitelyTyped/types/ember__routing),TsIdentLibraryScoped(ember,Some(routing))),TsIdentModule(Some(ember),List(routing, hash-location))) [id => @ember/routing, phase => typescript] 
[info ] InferredDefaultModule.scala:39 Inferred module TsIdentModule(Some(ember),List(routing, hash-location)) [id => @ember/routing, phase => typescript] 
[info ] Phase1ReadTypescript.scala:163 Preprocessing TsHelperFile(InFile(/home/tso/tmp/tso-cache/DefinitelyTyped/types/ember__routing/history-location.d.ts),FromFolder(InFolder(/home/tso/tmp/tso-cache/DefinitelyTyped/types/ember__routing),TsIdentLibraryScoped(ember,Some(routing))),TsIdentModule(Some(ember),List(routing, history-location))) [id => @ember/routing, phase => typescript] 
[info ] InferredDefaultModule.scala:39 Inferred module TsIdentModule(Some(ember),List(routing, history-location)) [id => @ember/routing, phase => typescript] 
[info ] Phase1ReadTypescript.scala:163 Preprocessing TsHelperFile(InFile(/home/tso/tmp/tso-cache/DefinitelyTyped/types/ember__routing/index.d.ts),FromFolder(InFolder(/home/tso/tmp/tso-cache/DefinitelyTyped/types/ember__routing),TsIdentLibraryScoped(ember,Some(routing))),TsIdentModule(Some(ember),List(routing))) [id => @ember/routing, phase => typescript] 
[info ] InferredDefaultModule.scala:39 Inferred module TsIdentModule(Some(ember),List(routing)) [id => @ember/routing, phase => typescript] 
[info ] Phase1ReadTypescript.scala:163 Preprocessing TsHelperFile(InFile(/home/tso/tmp/tso-cache/DefinitelyTyped/types/ember__routing/link-component.d.ts),FromFolder(InFolder(/home/tso/tmp/tso-cache/DefinitelyTyped/types/ember__routing),TsIdentLibraryScoped(ember,Some(routing))),TsIdentModule(Some(ember),List(routing, link-component))) [id => @ember/routing, phase => typescript] 
[info ] InferredDefaultModule.scala:39 Inferred module TsIdentModule(Some(ember),List(routing, link-component)) [id => @ember/routing, phase => typescript] 
[info ] Phase1ReadTypescript.scala:163 Preprocessing TsHelperFile(InFile(/home/tso/tmp/tso-cache/DefinitelyTyped/types/ember__routing/location.d.ts),FromFolder(InFolder(/home/tso/tmp/tso-cache/DefinitelyTyped/types/ember__routing),TsIdentLibraryScoped(ember,Some(routing))),TsIdentModule(Some(ember),List(routing, location))) [id => @ember/routing, phase => typescript] 
[info ] InferredDefaultModule.scala:39 Inferred module TsIdentModule(Some(ember),List(routing, location)) [id => @ember/routing, phase => typescript] 
[info ] Phase1ReadTypescript.scala:163 Preprocessing TsHelperFile(InFile(/home/tso/tmp/tso-cache/DefinitelyTyped/types/ember__routing/none-location.d.ts),FromFolder(InFolder(/home/tso/tmp/tso-cache/DefinitelyTyped/types/ember__routing),TsIdentLibraryScoped(ember,Some(routing))),TsIdentModule(Some(ember),List(routing, none-location))) [id => @ember/routing, phase => typescript] 
[info ] InferredDefaultModule.scala:39 Inferred module TsIdentModule(Some(ember),List(routing, none-location)) [id => @ember/routing, phase => typescript] 
[info ] Phase1ReadTypescript.scala:163 Preprocessing TsHelperFile(InFile(/home/tso/tmp/tso-cache/DefinitelyTyped/types/ember__routing/route.d.ts),FromFolder(InFolder(/home/tso/tmp/tso-cache/DefinitelyTyped/types/ember__routing),TsIdentLibraryScoped(ember,Some(routing))),TsIdentModule(Some(ember),List(routing, route))) [id => @ember/routing, phase => typescript] 
[info ] InferredDefaultModule.scala:39 Inferred module TsIdentModule(Some(ember),List(routing, route)) [id => @ember/routing, phase => typescript] 
[info ] Phase1ReadTypescript.scala:163 Preprocessing TsHelperFile(InFile(/home/tso/tmp/tso-cache/DefinitelyTyped/types/ember__routing/router-service.d.ts),FromFolder(InFolder(/home/tso/tmp/tso-cache/DefinitelyTyped/types/ember__routing),TsIdentLibraryScoped(ember,Some(routing))),TsIdentModule(Some(ember),List(routing, router-service))) [id => @ember/routing, phase => typescript] 
[info ] InferredDefaultModule.scala:39 Inferred module TsIdentModule(Some(ember),List(routing, router-service)) [id => @ember/routing, phase => typescript] 
[info ] Phase1ReadTypescript.scala:163 Preprocessing TsHelperFile(InFile(/home/tso/tmp/tso-cache/DefinitelyTyped/types/ember__routing/router.d.ts),FromFolder(InFolder(/home/tso/tmp/tso-cache/DefinitelyTyped/types/ember__routing),TsIdentLibraryScoped(ember,Some(routing))),TsIdentModule(Some(ember),List(routing, router))) [id => @ember/routing, phase => typescript] 
[info ] InferredDefaultModule.scala:39 Inferred module TsIdentModule(Some(ember),List(routing, router)) [id => @ember/routing, phase => typescript] 
[info ] Phase1ReadTypescript.scala:163 Preprocessing TsHelperFile(InFile(/home/tso/tmp/tso-cache/DefinitelyTyped/types/ember__routing/types.d.ts),FromFolder(InFolder(/home/tso/tmp/tso-cache/DefinitelyTyped/types/ember__routing),TsIdentLibraryScoped(ember,Some(routing))),TsIdentModule(Some(ember),List(routing, types))) [id => @ember/routing, phase => typescript] 
[info ] InferredDefaultModule.scala:39 Inferred module TsIdentModule(Some(ember),List(routing, types)) [id => @ember/routing, phase => typescript] 
[warn ] Phase1ReadTypescript.scala:205 Processing TsIdentLibraryScoped(ember,Some(routing)) [id => @ember/routing, phase => typescript] 
[info ] PreferTypeAlias.scala:55 Simplified to type alias [id => @ember/routing, phase => typescript, scope => TreeScope(TsParsedFile() / TsDeclModule(@ember/routing/auto-location) / TsDeclInterface(AutoLocation))] 
[info ] PreferTypeAlias.scala:55 Simplified to type alias [id => @ember/routing, phase => typescript, scope => TreeScope(TsParsedFile() / TsDeclModule(@ember/routing/hash-location) / TsDeclInterface(HashLocation))] 
[info ] PreferTypeAlias.scala:55 Simplified to type alias [id => @ember/routing, phase => typescript, scope => TreeScope(TsParsedFile() / TsDeclModule(@ember/routing/history-location) / TsDeclInterface(HistoryLocation))] 
[info ] PreferTypeAlias.scala:55 Simplified to type alias [id => @ember/routing, phase => typescript, scope => TreeScope(TsParsedFile() / TsDeclModule(@ember/routing/none-location) / TsDeclInterface(NoneLocation))] 
[info ] ExtractInterfaces.scala:37 Extracted anonymous interface TsIdentSimple(Anon_Path) [id => @ember/routing, phase => typescript, scope => TreeScope(TsParsedFile() / TsDeclModule(@ember/routing/-private/router-dsl) / TsDeclInterface(RouterDSL) / TsMemberFunction(route) / TsFunSig() / TsFunParam() / TsTypeObject())] 
[info ] ExtractInterfaces.scala:37 Extracted anonymous interface TsIdentSimple(Anon_As) [id => @ember/routing, phase => typescript, scope => TreeScope(TsParsedFile() / TsDeclModule(@ember/routing/-private/router-dsl) / TsDeclInterface(RouterDSL) / TsMemberFunction(mount) / TsFunSig() / TsFunParam() / TsTypeObject())] 
[info ] ExtractInterfaces.scala:37 Extracted anonymous interface TsIdentSimple(Anon_Outlet) [id => @ember/routing, phase => typescript, scope => TreeScope(TsParsedFile() / TsDeclModule(@ember/routing/route) / TsDeclInterface(Route) / TsMemberFunction(disconnectOutlet) / TsFunSig() / TsFunParam() / TsTypeUnion() / TsTypeObject())] 
[info ] ExtractInterfaces.scala:37 Extracted anonymous interface TsIdentSimple(Anon_QueryParams) [id => @ember/routing, phase => typescript, scope => TreeScope(TsParsedFile() / TsDeclModule(@ember/routing/router-service) / TsDeclInterface(RouterService) / TsMemberFunction(isActive) / TsFunSig() / TsFunParam() / TsTypeObject())] 
[info ] ExtractInterfaces.scala:37 Extracted anonymous interface TsIdentSimple(Anon_QueryParams) [id => @ember/routing, phase => typescript, scope => TreeScope(TsParsedFile() / TsDeclModule(@ember/routing/router-service) / TsDeclInterface(RouterService) / TsMemberFunction(isActive) / TsFunSig() / TsFunParam() / TsTypeObject())] 
[info ] ExtractInterfaces.scala:37 Extracted anonymous interface TsIdentSimple(Anon_QueryParams) [id => @ember/routing, phase => typescript, scope => TreeScope(TsParsedFile() / TsDeclModule(@ember/routing/router-service) / TsDeclInterface(RouterService) / TsMemberFunction(isActive) / TsFunSig() / TsFunParam() / TsTypeObject())] 
[info ] ExtractInterfaces.scala:37 Extracted anonymous interface TsIdentSimple(Anon_QueryParams) [id => @ember/routing, phase => typescript, scope => TreeScope(TsParsedFile() / TsDeclModule(@ember/routing/router-service) / TsDeclInterface(RouterService) / TsMemberFunction(isActive) / TsFunSig() / TsFunParam() / TsTypeObject())] 
[info ] ExtractInterfaces.scala:37 Extracted anonymous interface TsIdentSimple(Anon_QueryParams) [id => @ember/routing, phase => typescript, scope => TreeScope(TsParsedFile() / TsDeclModule(@ember/routing/router-service) / TsDeclInterface(RouterService) / TsMemberFunction(isActive) / TsFunSig() / TsFunParam() / TsTypeObject())] 
[info ] ExtractInterfaces.scala:37 Extracted anonymous interface TsIdentSimple(Anon_QueryParams) [id => @ember/routing, phase => typescript, scope => TreeScope(TsParsedFile() / TsDeclModule(@ember/routing/router-service) / TsDeclInterface(RouterService) / TsMemberFunction(replaceWith) / TsFunSig() / TsFunParam() / TsTypeObject())] 
[info ] ExtractInterfaces.scala:37 Extracted anonymous interface TsIdentSimple(Anon_QueryParams) [id => @ember/routing, phase => typescript, scope => TreeScope(TsParsedFile() / TsDeclModule(@ember/routing/router-service) / TsDeclInterface(RouterService) / TsMemberFunction(replaceWith) / TsFunSig() / TsFunParam() / TsTypeObject())] 
[info ] ExtractInterfaces.scala:37 Extracted anonymous interface TsIdentSimple(Anon_QueryParams) [id => @ember/routing, phase => typescript, scope => TreeScope(TsParsedFile() / TsDeclModule(@ember/routing/router-service) / TsDeclInterface(RouterService) / TsMemberFunction(replaceWith) / TsFunSig() / TsFunParam() / TsTypeObject())] 
[info ] ExtractInterfaces.scala:37 Extracted anonymous interface TsIdentSimple(Anon_QueryParams) [id => @ember/routing, phase => typescript, scope => TreeScope(TsParsedFile() / TsDeclModule(@ember/routing/router-service) / TsDeclInterface(RouterService) / TsMemberFunction(replaceWith) / TsFunSig() / TsFunParam() / TsTypeObject())] 
[info ] ExtractInterfaces.scala:37 Extracted anonymous interface TsIdentSimple(Anon_QueryParams) [id => @ember/routing, phase => typescript, scope => TreeScope(TsParsedFile() / TsDeclModule(@ember/routing/router-service) / TsDeclInterface(RouterService) / TsMemberFunction(replaceWith) / TsFunSig() / TsFunParam() / TsTypeObject())] 
[info ] ExtractInterfaces.scala:37 Extracted anonymous interface TsIdentSimple(Anon_QueryParam) [id => @ember/routing, phase => typescript, scope => TreeScope(TsParsedFile() / TsDeclModule(@ember/routing/router-service) / TsDeclInterface(RouterService) / TsMemberFunction(transitionTo) / TsFunSig() / TsFunParam() / TsTypeObject())] 
[info ] ExtractInterfaces.scala:37 Extracted anonymous interface TsIdentSimple(Anon_QueryParams) [id => @ember/routing, phase => typescript, scope => TreeScope(TsParsedFile() / TsDeclModule(@ember/routing/router-service) / TsDeclInterface(RouterService) / TsMemberFunction(transitionTo) / TsFunSig() / TsFunParam() / TsTypeObject())] 
[info ] ExtractInterfaces.scala:37 Extracted anonymous interface TsIdentSimple(Anon_QueryParams) [id => @ember/routing, phase => typescript, scope => TreeScope(TsParsedFile() / TsDeclModule(@ember/routing/router-service) / TsDeclInterface(RouterService) / TsMemberFunction(transitionTo) / TsFunSig() / TsFunParam() / TsTypeObject())] 
[info ] ExtractInterfaces.scala:37 Extracted anonymous interface TsIdentSimple(Anon_QueryParams) [id => @ember/routing, phase => typescript, scope => TreeScope(TsParsedFile() / TsDeclModule(@ember/routing/router-service) / TsDeclInterface(RouterService) / TsMemberFunction(transitionTo) / TsFunSig() / TsFunParam() / TsTypeObject())] 
[info ] ExtractInterfaces.scala:37 Extracted anonymous interface TsIdentSimple(Anon_QueryParams) [id => @ember/routing, phase => typescript, scope => TreeScope(TsParsedFile() / TsDeclModule(@ember/routing/router-service) / TsDeclInterface(RouterService) / TsMemberFunction(transitionTo) / TsFunSig() / TsFunParam() / TsTypeObject())] 
[info ] ExtractInterfaces.scala:37 Extracted anonymous interface TsIdentSimple(Anon_QueryParams) [id => @ember/routing, phase => typescript, scope => TreeScope(TsParsedFile() / TsDeclModule(@ember/routing/router-service) / TsDeclInterface(RouterService) / TsMemberFunction(urlFor) / TsFunSig() / TsFunParam() / TsTypeObject())] 
[info ] ExtractInterfaces.scala:37 Extracted anonymous interface TsIdentSimple(Anon_QueryParams) [id => @ember/routing, phase => typescript, scope => TreeScope(TsParsedFile() / TsDeclModule(@ember/routing/router-service) / TsDeclInterface(RouterService) / TsMemberFunction(urlFor) / TsFunSig() / TsFunParam() / TsTypeObject())] 
[info ] ExtractInterfaces.scala:37 Extracted anonymous interface TsIdentSimple(Anon_QueryParams) [id => @ember/routing, phase => typescript, scope => TreeScope(TsParsedFile() / TsDeclModule(@ember/routing/router-service) / TsDeclInterface(RouterService) / TsMemberFunction(urlFor) / TsFunSig() / TsFunParam() / TsTypeObject())] 
[info ] ExtractInterfaces.scala:37 Extracted anonymous interface TsIdentSimple(Anon_QueryParams) [id => @ember/routing, phase => typescript, scope => TreeScope(TsParsedFile() / TsDeclModule(@ember/routing/router-service) / TsDeclInterface(RouterService) / TsMemberFunction(urlFor) / TsFunSig() / TsFunParam() / TsTypeObject())] 
[info ] ExtractInterfaces.scala:37 Extracted anonymous interface TsIdentSimple(Anon_QueryParams) [id => @ember/routing, phase => typescript, scope => TreeScope(TsParsedFile() / TsDeclModule(@ember/routing/router-service) / TsDeclInterface(RouterService) / TsMemberFunction(urlFor) / TsFunSig() / TsFunParam() / TsTypeObject())] 
[debug] PhaseRunner.scala:82 Success [id => @ember/routing, phase => typescript] 
[warn ] Phase2ToScalaJs.scala:40 Processing @ember/routing [id => @ember/routing, phase => scala.js] 
[debug] PhaseRunner.scala:82 Success [id => @ember/routing, phase => scala.js] 
[warn ] PhaseRunner.scala:68 Failed because of, [@ember/object => Compilation failed] [id => @ember/routing, phase => build] 
[error] PhaseRunner.scala:86 Failure, [@ember/object => Compilation failed] [id => @ember/routing, phase => build] 
[error] PhaseRunner.scala:86 Failure, [@ember/object => Compilation failed] [id => @ember/routing, phase => publish] 
