[debug] PhaseRunner.scala:82 Success [id => @ember/debug, phase => typescript] 
[debug] PhaseRunner.scala:90 Ignored [id => @ember/debug, phase => typescript] 
[debug] PhaseRunner.scala:82 Success [id => @ember/debug, phase => typescript] 
[debug] PhaseRunner.scala:82 Success [id => @ember/debug, phase => typescript] 
[info ] Phase1ReadTypescript.scala:160 Preprocessing TsHelperFile(InFile(/home/tso/tmp/tso-cache/DefinitelyTyped/types/ember__debug/container-debug-adapter.d.ts),FromFolder(InFolder(/home/tso/tmp/tso-cache/DefinitelyTyped/types/ember__debug),TsIdentLibraryScoped(ember,Some(debug))),TsIdentModule(Some(ember),List(debug, container-debug-adapter))) [id => @ember/debug, phase => typescript] 
[info ] InferredDefaultModule.scala:39 Inferred module TsIdentModule(Some(ember),List(debug, container-debug-adapter)) [id => @ember/debug, phase => typescript] 
[info ] Phase1ReadTypescript.scala:160 Preprocessing TsHelperFile(InFile(/home/tso/tmp/tso-cache/DefinitelyTyped/types/ember__debug/data-adapter.d.ts),FromFolder(InFolder(/home/tso/tmp/tso-cache/DefinitelyTyped/types/ember__debug),TsIdentLibraryScoped(ember,Some(debug))),TsIdentModule(Some(ember),List(debug, data-adapter))) [id => @ember/debug, phase => typescript] 
[info ] InferredDefaultModule.scala:39 Inferred module TsIdentModule(Some(ember),List(debug, data-adapter)) [id => @ember/debug, phase => typescript] 
[info ] Phase1ReadTypescript.scala:160 Preprocessing TsHelperFile(InFile(/home/tso/tmp/tso-cache/DefinitelyTyped/types/ember__debug/index.d.ts),FromFolder(InFolder(/home/tso/tmp/tso-cache/DefinitelyTyped/types/ember__debug),TsIdentLibraryScoped(ember,Some(debug))),TsIdentModule(Some(ember),List(debug))) [id => @ember/debug, phase => typescript] 
[info ] InferredDefaultModule.scala:39 Inferred module TsIdentModule(Some(ember),List(debug)) [id => @ember/debug, phase => typescript] 
[warn ] Phase1ReadTypescript.scala:200 Processing TsIdentLibraryScoped(ember,Some(debug)) [id => @ember/debug, phase => typescript] 
[info ] ResolveTypeQueries.scala:125 Resolved TsTypeQuery(TsQIdent(List(TsIdentSimple(Object)))) [id => @ember/debug, phase => typescript, scope => TreeScope(TsParsedFile() / TsDeclModule(@ember/debug/data-adapter) / TsDeclNamespace(DataAdapter) / TsDeclInterface(WrappedType) / TsMemberProperty(type) / TsTypeObject() / TsMemberProperty(object) / TsTypeQuery())] 
[info ] ExpandCallables.scala:51 Expanded object into 2 methods [id => @ember/debug, phase => typescript, scope => TreeScope(TsParsedFile() / TsDeclModule(@ember/debug/data-adapter) / TsDeclNamespace(DataAdapter) / TsDeclInterface(WrappedType) / TsMemberProperty(type) / TsTypeObject())] 
[info ] ExtractInterfaces.scala:37 Extracted anonymous interface TsIdentSimple(Anon_Columns) [id => @ember/debug, phase => typescript, scope => TreeScope(TsParsedFile() / TsDeclModule(@ember/debug/data-adapter) / TsDeclNamespace(DataAdapter) / TsDeclInterface(WrappedType) / TsMemberProperty(type) / TsTypeObject())] 
[info ] ExtractInterfaces.scala:37 Extracted anonymous interface TsIdentSimple(Anon_Id) [id => @ember/debug, phase => typescript, scope => TreeScope(TsParsedFile() / TsDeclModule(@ember/debug) / TsDeclFunction(registerDeprecationHandler) / TsFunSig() / TsFunParam() / TsTypeFunction() / TsFunSig() / TsFunParam() / TsTypeObject())] 
[info ] ExtractInterfaces.scala:37 Extracted anonymous interface TsIdentSimple(Anon_IdString) [id => @ember/debug, phase => typescript, scope => TreeScope(TsParsedFile() / TsDeclModule(@ember/debug) / TsDeclFunction(registerWarnHandler) / TsFunSig() / TsFunParam() / TsTypeFunction() / TsFunSig() / TsFunParam() / TsTypeObject())] 
[info ] ExtractInterfaces.scala:37 Extracted anonymous interface TsIdentSimple(Anon_IdString) [id => @ember/debug, phase => typescript, scope => TreeScope(TsParsedFile() / TsDeclModule(@ember/debug) / TsDeclFunction(warn) / TsFunSig() / TsFunParam() / TsTypeObject())] 
[info ] ExtractInterfaces.scala:37 Extracted anonymous interface TsIdentSimple(Anon_IdString) [id => @ember/debug, phase => typescript, scope => TreeScope(TsParsedFile() / TsDeclModule(@ember/debug) / TsDeclFunction(warn) / TsFunSig() / TsFunParam() / TsTypeObject())] 
[info ] ExtractInterfaces.scala:37 Extracted anonymous interface TsIdentSimple(Anon_IdStringOptional) [id => @ember/debug, phase => typescript, scope => TreeScope(TsParsedFile() / TsDeclModule(@ember/debug) / TsDeclFunction(warn) / TsFunSig() / TsFunParam() / TsTypeObject())] 
[info ] ExtractInterfaces.scala:37 Extracted anonymous interface TsIdentSimple(Anon_IdStringOptional) [id => @ember/debug, phase => typescript, scope => TreeScope(TsParsedFile() / TsDeclModule(@ember/debug) / TsDeclFunction(warn) / TsFunSig() / TsFunParam() / TsTypeObject())] 
[debug] PhaseRunner.scala:82 Success [id => @ember/debug, phase => typescript] 
[warn ] Phase2ToScalaJs.scala:36 Processing @ember/debug [id => @ember/debug, phase => scala.js] 
[info ] CompleteClass.scala:58 Completed implementations Vector(resolver, canCatalogEntriesByType, catalogEntriesByType, constructor, hasOwnProperty, propertyIsEnumerable) [id => @ember/debug, phase => scala.js, this => Name(atEmberDebugLib) / Name(containerDashDebugDashAdapterMod) / Name(default)] 
[debug] PhaseRunner.scala:82 Success [id => @ember/debug, phase => scala.js] 
[warn ] PhaseRunner.scala:68 Failed because of, [@ember/object => Compilation failed] [id => @ember/debug, phase => build] 
[error] PhaseRunner.scala:86 Failure, [@ember/object => Compilation failed] [id => @ember/debug, phase => build] 
