[debug] PhaseRunner.scala:82 Success [id => @ember/engine, phase => typescript] 
[debug] PhaseRunner.scala:82 Success [id => @ember/engine, phase => typescript] 
[debug] PhaseRunner.scala:82 Success [id => @ember/engine, phase => typescript] 
[debug] PhaseRunner.scala:82 Success [id => @ember/engine, phase => typescript] 
[debug] PhaseRunner.scala:90 Ignored [id => @ember/engine, phase => typescript] 
[debug] PhaseRunner.scala:82 Success [id => @ember/engine, phase => typescript] 
[debug] PhaseRunner.scala:82 Success [id => @ember/engine, phase => typescript] 
[info ] Phase1ReadTypescript.scala:163 Preprocessing TsHelperFile(InFile(/home/tso/tmp/tso-cache/DefinitelyTyped/types/ember__engine/-private/container-proxy-mixin.d.ts),FromFolder(InFolder(/home/tso/tmp/tso-cache/DefinitelyTyped/types/ember__engine),TsIdentLibraryScoped(ember,Some(engine))),TsIdentModule(Some(ember),List(engine, -private, container-proxy-mixin))) [id => @ember/engine, phase => typescript] 
[info ] InferredDefaultModule.scala:39 Inferred module TsIdentModule(Some(ember),List(engine, -private, container-proxy-mixin)) [id => @ember/engine, phase => typescript] 
[info ] Phase1ReadTypescript.scala:163 Preprocessing TsHelperFile(InFile(/home/tso/tmp/tso-cache/DefinitelyTyped/types/ember__engine/-private/registry-proxy-mixin.d.ts),FromFolder(InFolder(/home/tso/tmp/tso-cache/DefinitelyTyped/types/ember__engine),TsIdentLibraryScoped(ember,Some(engine))),TsIdentModule(Some(ember),List(engine, -private, registry-proxy-mixin))) [id => @ember/engine, phase => typescript] 
[info ] InferredDefaultModule.scala:39 Inferred module TsIdentModule(Some(ember),List(engine, -private, registry-proxy-mixin)) [id => @ember/engine, phase => typescript] 
[info ] Phase1ReadTypescript.scala:163 Preprocessing TsHelperFile(InFile(/home/tso/tmp/tso-cache/DefinitelyTyped/types/ember__engine/-private/resolver.d.ts),FromFolder(InFolder(/home/tso/tmp/tso-cache/DefinitelyTyped/types/ember__engine),TsIdentLibraryScoped(ember,Some(engine))),TsIdentModule(Some(ember),List(engine, -private, resolver))) [id => @ember/engine, phase => typescript] 
[info ] InferredDefaultModule.scala:39 Inferred module TsIdentModule(Some(ember),List(engine, -private, resolver)) [id => @ember/engine, phase => typescript] 
[info ] Phase1ReadTypescript.scala:163 Preprocessing TsHelperFile(InFile(/home/tso/tmp/tso-cache/DefinitelyTyped/types/ember__engine/-private/types/initializer.d.ts),FromFolder(InFolder(/home/tso/tmp/tso-cache/DefinitelyTyped/types/ember__engine),TsIdentLibraryScoped(ember,Some(engine))),TsIdentModule(Some(ember),List(engine, -private, types, initializer))) [id => @ember/engine, phase => typescript] 
[info ] InferredDefaultModule.scala:39 Inferred module TsIdentModule(Some(ember),List(engine, -private, types, initializer)) [id => @ember/engine, phase => typescript] 
[info ] Phase1ReadTypescript.scala:163 Preprocessing TsHelperFile(InFile(/home/tso/tmp/tso-cache/DefinitelyTyped/types/ember__engine/index.d.ts),FromFolder(InFolder(/home/tso/tmp/tso-cache/DefinitelyTyped/types/ember__engine),TsIdentLibraryScoped(ember,Some(engine))),TsIdentModule(Some(ember),List(engine))) [id => @ember/engine, phase => typescript] 
[info ] InferredDefaultModule.scala:39 Inferred module TsIdentModule(Some(ember),List(engine)) [id => @ember/engine, phase => typescript] 
[info ] Phase1ReadTypescript.scala:163 Preprocessing TsHelperFile(InFile(/home/tso/tmp/tso-cache/DefinitelyTyped/types/ember__engine/instance.d.ts),FromFolder(InFolder(/home/tso/tmp/tso-cache/DefinitelyTyped/types/ember__engine),TsIdentLibraryScoped(ember,Some(engine))),TsIdentModule(Some(ember),List(engine, instance))) [id => @ember/engine, phase => typescript] 
[info ] InferredDefaultModule.scala:39 Inferred module TsIdentModule(Some(ember),List(engine, instance)) [id => @ember/engine, phase => typescript] 
[warn ] Phase1ReadTypescript.scala:209 Processing TsIdentLibraryScoped(ember,Some(engine)) [id => @ember/engine, phase => typescript] 
[info ] PreferTypeAlias.scala:55 Simplified to type alias [id => @ember/engine, phase => typescript, scope => TreeScope(TsParsedFile() / TsDeclModule(@ember/engine/-private/resolver) / TsDeclInterface(Resolver))] 
[info ] ExtractInterfaces.scala:37 Extracted anonymous interface TsIdentSimple(Anon_Instantiate) [id => @ember/engine, phase => typescript, scope => TreeScope(TsParsedFile() / TsDeclModule(@ember/engine/-private/registry-proxy-mixin) / TsDeclInterface(RegistryProxyMixin) / TsMemberFunction(register) / TsFunSig() / TsFunParam() / TsTypeObject())] 
[debug] PhaseRunner.scala:82 Success [id => @ember/engine, phase => typescript] 
[warn ] Phase2ToScalaJs.scala:40 Processing @ember/engine [id => @ember/engine, phase => scala.js] 
[info ] CompleteClass.scala:62 Completed implementations Vector(unregister, boot) [id => @ember/engine, phase => scala.js, this => Name(atEmberEngineLib) / Name(instanceMod) / Name(default)] 
[debug] PhaseRunner.scala:82 Success [id => @ember/engine, phase => scala.js] 
[warn ] PhaseRunner.scala:68 Failed because of, [@ember/object => Compilation failed] [id => @ember/engine, phase => build] 
[error] PhaseRunner.scala:86 Failure, [@ember/object => Compilation failed] [id => @ember/engine, phase => build] 
[error] PhaseRunner.scala:86 Failure, [@ember/object => Compilation failed] [id => @ember/engine, phase => publish] 
