[info ] InferredDependency.scala:22 Inferred dependencies Set(TsIdentLibrarySimple(react)) for TsIdentLibrarySimple(emotion-theming) [id => emotion-theming, phase => typescript, file => ../emotion-theming/types/index.d.ts] 
[info ] InferredDependency.scala:22 Inferred dependencies Set(TsIdentLibrarySimple(react)) for TsIdentLibrarySimple(emotion-theming) [id => emotion-theming, phase => typescript, file => ../emotion-theming/types/helper.d.ts] 
[debug] PhaseRunner.scala:84 Success [id => emotion-theming, phase => typescript] 
[debug] PhaseRunner.scala:84 Success [id => emotion-theming, phase => typescript] 
[info ] Phase1ReadTypescript.scala:160 Preprocessing TsHelperFile(InFile(/home/tso/tmp/tso-cache/npm/node_modules/emotion-theming/types/helper.d.ts),FromFolder(InFolder(/home/tso/tmp/tso-cache/npm/node_modules/emotion-theming),TsIdentLibrarySimple(emotion-theming)),TsIdentModule(None,List(emotion-theming, types, helper))) [id => emotion-theming, phase => typescript] 
[info ] InferredDefaultModule.scala:39 Inferred module TsIdentModule(None,List(emotion-theming, types, helper)) [id => emotion-theming, phase => typescript] 
[info ] Phase1ReadTypescript.scala:160 Preprocessing TsHelperFile(InFile(/home/tso/tmp/tso-cache/npm/node_modules/emotion-theming/types/index.d.ts),FromFolder(InFolder(/home/tso/tmp/tso-cache/npm/node_modules/emotion-theming),TsIdentLibrarySimple(emotion-theming)),TsIdentModule(None,List(emotion-theming))) [id => emotion-theming, phase => typescript] 
[info ] InferredDefaultModule.scala:39 Inferred module TsIdentModule(None,List(emotion-theming)) [id => emotion-theming, phase => typescript] 
[warn ] Phase1ReadTypescript.scala:182 Processing TsIdentLibrarySimple(emotion-theming) [id => emotion-theming, phase => typescript] 
[info ] UnionTypesFromKeyOf.scala:11 Expanded keyof TsQIdent(List(TsIdentLibrarySimple(react), TsIdentModule(None,List(react)), TsIdentSimple(Global), TsIdentSimple(JSX), TsIdentSimple(IntrinsicElements))) [id => emotion-theming, phase => typescript, scope => TreeScope(TsParsedFile() / TsDeclModule(emotion-theming/types/helper) / TsDeclTypeAlias(PropsOf) / TsTypeParam() / TsTypeUnion() / TsTypeKeyOf())] 
[info ] ExpandTypeParams.scala:74 Expanding 1 members for TsIdentSimple(ThemeProvider) [id => emotion-theming, phase => typescript, scope => TreeScope(TsParsedFile() / TsDeclModule(emotion-theming))] 
[info ] ExpandTypeParams.scala:74 Expanding 1 members for TsIdentSimple(useTheme) [id => emotion-theming, phase => typescript, scope => TreeScope(TsParsedFile() / TsDeclModule(emotion-theming))] 
[info ] ExpandTypeParams.scala:74 Expanding 1 members for TsIdentSimple(withTheme) [id => emotion-theming, phase => typescript, scope => TreeScope(TsParsedFile() / TsDeclModule(emotion-theming))] 
[info ] ExpandTypeParams.scala:61 Expanding 1 members for TsIdentSimple(ThemeProvider) [id => emotion-theming, phase => typescript, scope => TreeScope(TsParsedFile() / TsDeclModule(emotion-theming) / TsDeclInterface(EmotionTheming))] 
[info ] ExpandTypeParams.scala:61 Expanding 1 members for TsIdentSimple(withTheme) [id => emotion-theming, phase => typescript, scope => TreeScope(TsParsedFile() / TsDeclModule(emotion-theming) / TsDeclInterface(EmotionTheming))] 
[debug] PhaseRunner.scala:84 Success [id => emotion-theming, phase => typescript] 
[warn ] Phase2ToScalaJs.scala:43 Processing emotion-theming [id => emotion-theming, phase => scala.js] 
[debug] PhaseRunner.scala:84 Success [id => emotion-theming, phase => scala.js] 
[warn ] Phase3Compile.scala:214 Building emotion-theming... [id => emotion-theming, phase => build] 
[error] Phase3Compile.scala:240 [E] [E1] src/main/scala/typings/emotionDashTheming/emotionDashThemingComponents.scala:10:183
[E]      missing argument list for method apply in object ThemeProvider
[E]      Unapplied methods are only converted to functions when a function type is expected.
[E]      You can make this conversion explicit by writing `apply _` or `apply(_)` instead of `apply`.
[E]      L10:   def ThemeProvider[Theme]: ComponentType[typings.emotionDashTheming.emotionDashThemingMod.ThemeProviderProps[Theme]] = typings.emotionDashTheming.emotionDashThemingMod.ThemeProvider[Theme].asInstanceOf[typings.react.reactMod.ComponentType[typings.emotionDashTheming.emotionDashThemingMod.ThemeProviderProps[Theme]]]
[E]                                                                                                                                                                                                 ^
[E] src/main/scala/typings/emotionDashTheming/emotionDashThemingComponents.scala: L10 [E1]
[E] Failed to compile 'emotion-theming'
 [id => emotion-theming, phase => build] 
[error] PhaseRunner.scala:88 Failure, [emotion-theming => Compilation failed] [id => emotion-theming, phase => build] 
[error] PhaseRunner.scala:88 Failure, [emotion-theming => Compilation failed] [id => emotion-theming, phase => publish] 
