[debug] PhaseRunner.scala:78 Success [id => enhanced-resolve, phase => typescript] 
[info ] InferredDependency.scala:20 Inferred dependencies Set(TsIdentLibrarySimple(node)) for TsIdentLibrarySimple(enhanced-resolve) [id => enhanced-resolve, phase => typescript, file => ../enhanced-resolve/lib/common-types.d.ts] 
[debug] PhaseRunner.scala:78 Success [id => enhanced-resolve, phase => typescript] 
[debug] PhaseRunner.scala:86 Ignored [id => enhanced-resolve, phase => typescript] 
[debug] PhaseRunner.scala:78 Success [id => enhanced-resolve, phase => typescript] 
[debug] PhaseRunner.scala:78 Success [id => enhanced-resolve, phase => typescript] 
[debug] PhaseRunner.scala:78 Success [id => enhanced-resolve, phase => typescript] 
[debug] PhaseRunner.scala:78 Success [id => enhanced-resolve, phase => typescript] 
[debug] PhaseRunner.scala:78 Success [id => enhanced-resolve, phase => typescript] 
[info ] InferredDependency.scala:20 Inferred dependencies Set(TsIdentLibrarySimple(node)) for TsIdentLibrarySimple(enhanced-resolve) [id => enhanced-resolve, phase => typescript, file => ../enhanced-resolve/lib/SyncAsyncFileSystemDecorator.d.ts] 
[debug] PhaseRunner.scala:78 Success [id => enhanced-resolve, phase => typescript] 
[debug] PhaseRunner.scala:78 Success [id => enhanced-resolve, phase => typescript] 
[info ] InferredDependency.scala:20 Inferred dependencies Set(TsIdentLibrarySimple(node)) for TsIdentLibrarySimple(enhanced-resolve) [id => enhanced-resolve, phase => typescript, file => ../types/enhanced-resolve/index.d.ts] 
[debug] PhaseRunner.scala:78 Success [id => enhanced-resolve, phase => typescript] 
[debug] PhaseRunner.scala:78 Success [id => enhanced-resolve, phase => typescript] 
[debug] PhaseRunner.scala:78 Success [id => enhanced-resolve, phase => typescript] 
[debug] PhaseRunner.scala:78 Success [id => enhanced-resolve, phase => typescript] 
[debug] PhaseRunner.scala:86 Ignored [id => enhanced-resolve, phase => typescript] 
[debug] PhaseRunner.scala:78 Success [id => enhanced-resolve, phase => typescript] 
[debug] PhaseRunner.scala:78 Success [id => enhanced-resolve, phase => typescript] 
[debug] PhaseRunner.scala:78 Success [id => enhanced-resolve, phase => typescript] 
[debug] PhaseRunner.scala:78 Success [id => enhanced-resolve, phase => typescript] 
[debug] PhaseRunner.scala:78 Success [id => enhanced-resolve, phase => typescript] 
[debug] PhaseRunner.scala:78 Success [id => enhanced-resolve, phase => typescript] 
[info ] InferredDependency.scala:20 Inferred dependencies Set(TsIdentLibrarySimple(node)) for TsIdentLibrarySimple(enhanced-resolve) [id => enhanced-resolve, phase => typescript, file => ../enhanced-resolve/lib/Storage.d.ts] 
[debug] PhaseRunner.scala:78 Success [id => enhanced-resolve, phase => typescript] 
[debug] PhaseRunner.scala:78 Success [id => enhanced-resolve, phase => typescript] 
[debug] PhaseRunner.scala:78 Success [id => enhanced-resolve, phase => typescript] 
[debug] PhaseRunner.scala:78 Success [id => enhanced-resolve, phase => typescript] 
[debug] PhaseRunner.scala:78 Success [id => enhanced-resolve, phase => typescript] 
[debug] PhaseRunner.scala:78 Success [id => enhanced-resolve, phase => typescript] 
[debug] PhaseRunner.scala:78 Success [id => enhanced-resolve, phase => typescript] 
[debug] PhaseRunner.scala:78 Success [id => enhanced-resolve, phase => typescript] 
[debug] PhaseRunner.scala:78 Success [id => enhanced-resolve, phase => typescript] 
[debug] PhaseRunner.scala:78 Success [id => enhanced-resolve, phase => typescript] 
[debug] PhaseRunner.scala:78 Success [id => enhanced-resolve, phase => typescript] 
[debug] PhaseRunner.scala:78 Success [id => enhanced-resolve, phase => typescript] 
[debug] PhaseRunner.scala:78 Success [id => enhanced-resolve, phase => typescript] 
[debug] PhaseRunner.scala:78 Success [id => enhanced-resolve, phase => typescript] 
[debug] PhaseRunner.scala:78 Success [id => enhanced-resolve, phase => typescript] 
[info ] Phase1ReadTypescript.scala:152 Preprocessing TsHelperFile(InFile(/home/tso/tmp/tso-cache/DefinitelyTyped/types/enhanced-resolve/index.d.ts),FromFolder(InFolder(/home/tso/tmp/tso-cache/DefinitelyTyped/types/enhanced-resolve),TsIdentLibrarySimple(enhanced-resolve)),TsIdentModule(None,List(enhanced-resolve))) [id => enhanced-resolve, phase => typescript] 
[info ] InferredDefaultModule.scala:39 Inferred module TsIdentModule(None,List(enhanced-resolve)) [id => enhanced-resolve, phase => typescript] 
[info ] Phase1ReadTypescript.scala:152 Preprocessing TsHelperFile(InFile(/home/tso/tmp/tso-cache/DefinitelyTyped/types/enhanced-resolve/lib/AliasFieldPlugin.d.ts),FromFolder(InFolder(/home/tso/tmp/tso-cache/DefinitelyTyped/types/enhanced-resolve),TsIdentLibrarySimple(enhanced-resolve)),TsIdentModule(None,List(enhanced-resolve, lib, AliasFieldPlugin))) [id => enhanced-resolve, phase => typescript] 
[info ] InferredDefaultModule.scala:39 Inferred module TsIdentModule(None,List(enhanced-resolve, lib, AliasFieldPlugin)) [id => enhanced-resolve, phase => typescript] 
[info ] Phase1ReadTypescript.scala:152 Preprocessing TsHelperFile(InFile(/home/tso/tmp/tso-cache/DefinitelyTyped/types/enhanced-resolve/lib/AliasPlugin.d.ts),FromFolder(InFolder(/home/tso/tmp/tso-cache/DefinitelyTyped/types/enhanced-resolve),TsIdentLibrarySimple(enhanced-resolve)),TsIdentModule(None,List(enhanced-resolve, lib, AliasPlugin))) [id => enhanced-resolve, phase => typescript] 
[info ] InferredDefaultModule.scala:39 Inferred module TsIdentModule(None,List(enhanced-resolve, lib, AliasPlugin)) [id => enhanced-resolve, phase => typescript] 
[info ] Phase1ReadTypescript.scala:152 Preprocessing TsHelperFile(InFile(/home/tso/tmp/tso-cache/DefinitelyTyped/types/enhanced-resolve/lib/AppendPlugin.d.ts),FromFolder(InFolder(/home/tso/tmp/tso-cache/DefinitelyTyped/types/enhanced-resolve),TsIdentLibrarySimple(enhanced-resolve)),TsIdentModule(None,List(enhanced-resolve, lib, AppendPlugin))) [id => enhanced-resolve, phase => typescript] 
[info ] InferredDefaultModule.scala:39 Inferred module TsIdentModule(None,List(enhanced-resolve, lib, AppendPlugin)) [id => enhanced-resolve, phase => typescript] 
[info ] Phase1ReadTypescript.scala:152 Preprocessing TsHelperFile(InFile(/home/tso/tmp/tso-cache/DefinitelyTyped/types/enhanced-resolve/lib/CloneBasenamePlugin.d.ts),FromFolder(InFolder(/home/tso/tmp/tso-cache/DefinitelyTyped/types/enhanced-resolve),TsIdentLibrarySimple(enhanced-resolve)),TsIdentModule(None,List(enhanced-resolve, lib, CloneBasenamePlugin))) [id => enhanced-resolve, phase => typescript] 
[info ] InferredDefaultModule.scala:39 Inferred module TsIdentModule(None,List(enhanced-resolve, lib, CloneBasenamePlugin)) [id => enhanced-resolve, phase => typescript] 
[info ] Phase1ReadTypescript.scala:152 Preprocessing TsHelperFile(InFile(/home/tso/tmp/tso-cache/DefinitelyTyped/types/enhanced-resolve/lib/ConcordExtensionsPlugin.d.ts),FromFolder(InFolder(/home/tso/tmp/tso-cache/DefinitelyTyped/types/enhanced-resolve),TsIdentLibrarySimple(enhanced-resolve)),TsIdentModule(None,List(enhanced-resolve, lib, ConcordExtensionsPlugin))) [id => enhanced-resolve, phase => typescript] 
[info ] InferredDefaultModule.scala:39 Inferred module TsIdentModule(None,List(enhanced-resolve, lib, ConcordExtensionsPlugin)) [id => enhanced-resolve, phase => typescript] 
[info ] Phase1ReadTypescript.scala:152 Preprocessing TsHelperFile(InFile(/home/tso/tmp/tso-cache/DefinitelyTyped/types/enhanced-resolve/lib/ConcordMainPlugin.d.ts),FromFolder(InFolder(/home/tso/tmp/tso-cache/DefinitelyTyped/types/enhanced-resolve),TsIdentLibrarySimple(enhanced-resolve)),TsIdentModule(None,List(enhanced-resolve, lib, ConcordMainPlugin))) [id => enhanced-resolve, phase => typescript] 
[info ] InferredDefaultModule.scala:39 Inferred module TsIdentModule(None,List(enhanced-resolve, lib, ConcordMainPlugin)) [id => enhanced-resolve, phase => typescript] 
[info ] Phase1ReadTypescript.scala:152 Preprocessing TsHelperFile(InFile(/home/tso/tmp/tso-cache/DefinitelyTyped/types/enhanced-resolve/lib/ConcordModulesPlugin.d.ts),FromFolder(InFolder(/home/tso/tmp/tso-cache/DefinitelyTyped/types/enhanced-resolve),TsIdentLibrarySimple(enhanced-resolve)),TsIdentModule(None,List(enhanced-resolve, lib, ConcordModulesPlugin))) [id => enhanced-resolve, phase => typescript] 
[info ] InferredDefaultModule.scala:39 Inferred module TsIdentModule(None,List(enhanced-resolve, lib, ConcordModulesPlugin)) [id => enhanced-resolve, phase => typescript] 
[info ] Phase1ReadTypescript.scala:152 Preprocessing TsHelperFile(InFile(/home/tso/tmp/tso-cache/DefinitelyTyped/types/enhanced-resolve/lib/DescriptionFilePlugin.d.ts),FromFolder(InFolder(/home/tso/tmp/tso-cache/DefinitelyTyped/types/enhanced-resolve),TsIdentLibrarySimple(enhanced-resolve)),TsIdentModule(None,List(enhanced-resolve, lib, DescriptionFilePlugin))) [id => enhanced-resolve, phase => typescript] 
[info ] InferredDefaultModule.scala:39 Inferred module TsIdentModule(None,List(enhanced-resolve, lib, DescriptionFilePlugin)) [id => enhanced-resolve, phase => typescript] 
[info ] Phase1ReadTypescript.scala:152 Preprocessing TsHelperFile(InFile(/home/tso/tmp/tso-cache/DefinitelyTyped/types/enhanced-resolve/lib/DescriptionFileUtils.d.ts),FromFolder(InFolder(/home/tso/tmp/tso-cache/DefinitelyTyped/types/enhanced-resolve),TsIdentLibrarySimple(enhanced-resolve)),TsIdentModule(None,List(enhanced-resolve, lib, DescriptionFileUtils))) [id => enhanced-resolve, phase => typescript] 
[info ] InferredDefaultModule.scala:39 Inferred module TsIdentModule(None,List(enhanced-resolve, lib, DescriptionFileUtils)) [id => enhanced-resolve, phase => typescript] 
[info ] Phase1ReadTypescript.scala:152 Preprocessing TsHelperFile(InFile(/home/tso/tmp/tso-cache/DefinitelyTyped/types/enhanced-resolve/lib/DirectoryExistsPlugin.d.ts),FromFolder(InFolder(/home/tso/tmp/tso-cache/DefinitelyTyped/types/enhanced-resolve),TsIdentLibrarySimple(enhanced-resolve)),TsIdentModule(None,List(enhanced-resolve, lib, DirectoryExistsPlugin))) [id => enhanced-resolve, phase => typescript] 
[info ] InferredDefaultModule.scala:39 Inferred module TsIdentModule(None,List(enhanced-resolve, lib, DirectoryExistsPlugin)) [id => enhanced-resolve, phase => typescript] 
[info ] Phase1ReadTypescript.scala:152 Preprocessing TsHelperFile(InFile(/home/tso/tmp/tso-cache/DefinitelyTyped/types/enhanced-resolve/lib/FileExistsPlugin.d.ts),FromFolder(InFolder(/home/tso/tmp/tso-cache/DefinitelyTyped/types/enhanced-resolve),TsIdentLibrarySimple(enhanced-resolve)),TsIdentModule(None,List(enhanced-resolve, lib, FileExistsPlugin))) [id => enhanced-resolve, phase => typescript] 
[info ] InferredDefaultModule.scala:39 Inferred module TsIdentModule(None,List(enhanced-resolve, lib, FileExistsPlugin)) [id => enhanced-resolve, phase => typescript] 
[info ] Phase1ReadTypescript.scala:152 Preprocessing TsHelperFile(InFile(/home/tso/tmp/tso-cache/DefinitelyTyped/types/enhanced-resolve/lib/FileKindPlugin.d.ts),FromFolder(InFolder(/home/tso/tmp/tso-cache/DefinitelyTyped/types/enhanced-resolve),TsIdentLibrarySimple(enhanced-resolve)),TsIdentModule(None,List(enhanced-resolve, lib, FileKindPlugin))) [id => enhanced-resolve, phase => typescript] 
[info ] InferredDefaultModule.scala:39 Inferred module TsIdentModule(None,List(enhanced-resolve, lib, FileKindPlugin)) [id => enhanced-resolve, phase => typescript] 
[info ] Phase1ReadTypescript.scala:152 Preprocessing TsHelperFile(InFile(/home/tso/tmp/tso-cache/DefinitelyTyped/types/enhanced-resolve/lib/JoinRequestPlugin.d.ts),FromFolder(InFolder(/home/tso/tmp/tso-cache/DefinitelyTyped/types/enhanced-resolve),TsIdentLibrarySimple(enhanced-resolve)),TsIdentModule(None,List(enhanced-resolve, lib, JoinRequestPlugin))) [id => enhanced-resolve, phase => typescript] 
[info ] InferredDefaultModule.scala:39 Inferred module TsIdentModule(None,List(enhanced-resolve, lib, JoinRequestPlugin)) [id => enhanced-resolve, phase => typescript] 
[info ] Phase1ReadTypescript.scala:152 Preprocessing TsHelperFile(InFile(/home/tso/tmp/tso-cache/DefinitelyTyped/types/enhanced-resolve/lib/LogInfoPlugin.d.ts),FromFolder(InFolder(/home/tso/tmp/tso-cache/DefinitelyTyped/types/enhanced-resolve),TsIdentLibrarySimple(enhanced-resolve)),TsIdentModule(None,List(enhanced-resolve, lib, LogInfoPlugin))) [id => enhanced-resolve, phase => typescript] 
[info ] InferredDefaultModule.scala:39 Inferred module TsIdentModule(None,List(enhanced-resolve, lib, LogInfoPlugin)) [id => enhanced-resolve, phase => typescript] 
[info ] Phase1ReadTypescript.scala:152 Preprocessing TsHelperFile(InFile(/home/tso/tmp/tso-cache/DefinitelyTyped/types/enhanced-resolve/lib/MainFieldPlugin.d.ts),FromFolder(InFolder(/home/tso/tmp/tso-cache/DefinitelyTyped/types/enhanced-resolve),TsIdentLibrarySimple(enhanced-resolve)),TsIdentModule(None,List(enhanced-resolve, lib, MainFieldPlugin))) [id => enhanced-resolve, phase => typescript] 
[info ] InferredDefaultModule.scala:39 Inferred module TsIdentModule(None,List(enhanced-resolve, lib, MainFieldPlugin)) [id => enhanced-resolve, phase => typescript] 
[info ] Phase1ReadTypescript.scala:152 Preprocessing TsHelperFile(InFile(/home/tso/tmp/tso-cache/DefinitelyTyped/types/enhanced-resolve/lib/ModuleAppendPlugin.d.ts),FromFolder(InFolder(/home/tso/tmp/tso-cache/DefinitelyTyped/types/enhanced-resolve),TsIdentLibrarySimple(enhanced-resolve)),TsIdentModule(None,List(enhanced-resolve, lib, ModuleAppendPlugin))) [id => enhanced-resolve, phase => typescript] 
[info ] InferredDefaultModule.scala:39 Inferred module TsIdentModule(None,List(enhanced-resolve, lib, ModuleAppendPlugin)) [id => enhanced-resolve, phase => typescript] 
[info ] Phase1ReadTypescript.scala:152 Preprocessing TsHelperFile(InFile(/home/tso/tmp/tso-cache/DefinitelyTyped/types/enhanced-resolve/lib/ModuleKindPlugin.d.ts),FromFolder(InFolder(/home/tso/tmp/tso-cache/DefinitelyTyped/types/enhanced-resolve),TsIdentLibrarySimple(enhanced-resolve)),TsIdentModule(None,List(enhanced-resolve, lib, ModuleKindPlugin))) [id => enhanced-resolve, phase => typescript] 
[info ] InferredDefaultModule.scala:39 Inferred module TsIdentModule(None,List(enhanced-resolve, lib, ModuleKindPlugin)) [id => enhanced-resolve, phase => typescript] 
[info ] Phase1ReadTypescript.scala:152 Preprocessing TsHelperFile(InFile(/home/tso/tmp/tso-cache/DefinitelyTyped/types/enhanced-resolve/lib/ModulesInHierachicDirectoriesPlugin.d.ts),FromFolder(InFolder(/home/tso/tmp/tso-cache/DefinitelyTyped/types/enhanced-resolve),TsIdentLibrarySimple(enhanced-resolve)),TsIdentModule(None,List(enhanced-resolve, lib, ModulesInHierachicDirectoriesPlugin))) [id => enhanced-resolve, phase => typescript] 
[info ] InferredDefaultModule.scala:39 Inferred module TsIdentModule(None,List(enhanced-resolve, lib, ModulesInHierachicDirectoriesPlugin)) [id => enhanced-resolve, phase => typescript] 
[info ] Phase1ReadTypescript.scala:152 Preprocessing TsHelperFile(InFile(/home/tso/tmp/tso-cache/DefinitelyTyped/types/enhanced-resolve/lib/ModulesInRootPlugin.d.ts),FromFolder(InFolder(/home/tso/tmp/tso-cache/DefinitelyTyped/types/enhanced-resolve),TsIdentLibrarySimple(enhanced-resolve)),TsIdentModule(None,List(enhanced-resolve, lib, ModulesInRootPlugin))) [id => enhanced-resolve, phase => typescript] 
[info ] InferredDefaultModule.scala:39 Inferred module TsIdentModule(None,List(enhanced-resolve, lib, ModulesInRootPlugin)) [id => enhanced-resolve, phase => typescript] 
[info ] Phase1ReadTypescript.scala:152 Preprocessing TsHelperFile(InFile(/home/tso/tmp/tso-cache/DefinitelyTyped/types/enhanced-resolve/lib/NextPlugin.d.ts),FromFolder(InFolder(/home/tso/tmp/tso-cache/DefinitelyTyped/types/enhanced-resolve),TsIdentLibrarySimple(enhanced-resolve)),TsIdentModule(None,List(enhanced-resolve, lib, NextPlugin))) [id => enhanced-resolve, phase => typescript] 
[info ] InferredDefaultModule.scala:39 Inferred module TsIdentModule(None,List(enhanced-resolve, lib, NextPlugin)) [id => enhanced-resolve, phase => typescript] 
[info ] Phase1ReadTypescript.scala:152 Preprocessing TsHelperFile(InFile(/home/tso/tmp/tso-cache/DefinitelyTyped/types/enhanced-resolve/lib/ParsePlugin.d.ts),FromFolder(InFolder(/home/tso/tmp/tso-cache/DefinitelyTyped/types/enhanced-resolve),TsIdentLibrarySimple(enhanced-resolve)),TsIdentModule(None,List(enhanced-resolve, lib, ParsePlugin))) [id => enhanced-resolve, phase => typescript] 
[info ] InferredDefaultModule.scala:39 Inferred module TsIdentModule(None,List(enhanced-resolve, lib, ParsePlugin)) [id => enhanced-resolve, phase => typescript] 
[info ] Phase1ReadTypescript.scala:152 Preprocessing TsHelperFile(InFile(/home/tso/tmp/tso-cache/DefinitelyTyped/types/enhanced-resolve/lib/Resolver.d.ts),FromFolder(InFolder(/home/tso/tmp/tso-cache/DefinitelyTyped/types/enhanced-resolve),TsIdentLibrarySimple(enhanced-resolve)),TsIdentModule(None,List(enhanced-resolve, lib, Resolver))) [id => enhanced-resolve, phase => typescript] 
[info ] InferredDefaultModule.scala:39 Inferred module TsIdentModule(None,List(enhanced-resolve, lib, Resolver)) [id => enhanced-resolve, phase => typescript] 
[info ] Phase1ReadTypescript.scala:152 Preprocessing TsHelperFile(InFile(/home/tso/tmp/tso-cache/DefinitelyTyped/types/enhanced-resolve/lib/ResultPlugin.d.ts),FromFolder(InFolder(/home/tso/tmp/tso-cache/DefinitelyTyped/types/enhanced-resolve),TsIdentLibrarySimple(enhanced-resolve)),TsIdentModule(None,List(enhanced-resolve, lib, ResultPlugin))) [id => enhanced-resolve, phase => typescript] 
[info ] InferredDefaultModule.scala:39 Inferred module TsIdentModule(None,List(enhanced-resolve, lib, ResultPlugin)) [id => enhanced-resolve, phase => typescript] 
[info ] Phase1ReadTypescript.scala:152 Preprocessing TsHelperFile(InFile(/home/tso/tmp/tso-cache/DefinitelyTyped/types/enhanced-resolve/lib/Storage.d.ts),FromFolder(InFolder(/home/tso/tmp/tso-cache/DefinitelyTyped/types/enhanced-resolve),TsIdentLibrarySimple(enhanced-resolve)),TsIdentModule(None,List(enhanced-resolve, lib, Storage))) [id => enhanced-resolve, phase => typescript] 
[info ] InferredDefaultModule.scala:39 Inferred module TsIdentModule(None,List(enhanced-resolve, lib, Storage)) [id => enhanced-resolve, phase => typescript] 
[info ] Phase1ReadTypescript.scala:152 Preprocessing TsHelperFile(InFile(/home/tso/tmp/tso-cache/DefinitelyTyped/types/enhanced-resolve/lib/SymlinkPlugin.d.ts),FromFolder(InFolder(/home/tso/tmp/tso-cache/DefinitelyTyped/types/enhanced-resolve),TsIdentLibrarySimple(enhanced-resolve)),TsIdentModule(None,List(enhanced-resolve, lib, SymlinkPlugin))) [id => enhanced-resolve, phase => typescript] 
[info ] InferredDefaultModule.scala:39 Inferred module TsIdentModule(None,List(enhanced-resolve, lib, SymlinkPlugin)) [id => enhanced-resolve, phase => typescript] 
[info ] Phase1ReadTypescript.scala:152 Preprocessing TsHelperFile(InFile(/home/tso/tmp/tso-cache/DefinitelyTyped/types/enhanced-resolve/lib/SyncAsyncFileSystemDecorator.d.ts),FromFolder(InFolder(/home/tso/tmp/tso-cache/DefinitelyTyped/types/enhanced-resolve),TsIdentLibrarySimple(enhanced-resolve)),TsIdentModule(None,List(enhanced-resolve, lib, SyncAsyncFileSystemDecorator))) [id => enhanced-resolve, phase => typescript] 
[info ] InferredDefaultModule.scala:39 Inferred module TsIdentModule(None,List(enhanced-resolve, lib, SyncAsyncFileSystemDecorator)) [id => enhanced-resolve, phase => typescript] 
[info ] Phase1ReadTypescript.scala:152 Preprocessing TsHelperFile(InFile(/home/tso/tmp/tso-cache/DefinitelyTyped/types/enhanced-resolve/lib/TryNextPlugin.d.ts),FromFolder(InFolder(/home/tso/tmp/tso-cache/DefinitelyTyped/types/enhanced-resolve),TsIdentLibrarySimple(enhanced-resolve)),TsIdentModule(None,List(enhanced-resolve, lib, TryNextPlugin))) [id => enhanced-resolve, phase => typescript] 
[info ] InferredDefaultModule.scala:39 Inferred module TsIdentModule(None,List(enhanced-resolve, lib, TryNextPlugin)) [id => enhanced-resolve, phase => typescript] 
[info ] Phase1ReadTypescript.scala:152 Preprocessing TsHelperFile(InFile(/home/tso/tmp/tso-cache/DefinitelyTyped/types/enhanced-resolve/lib/UnsafeCachePlugin.d.ts),FromFolder(InFolder(/home/tso/tmp/tso-cache/DefinitelyTyped/types/enhanced-resolve),TsIdentLibrarySimple(enhanced-resolve)),TsIdentModule(None,List(enhanced-resolve, lib, UnsafeCachePlugin))) [id => enhanced-resolve, phase => typescript] 
[info ] InferredDefaultModule.scala:39 Inferred module TsIdentModule(None,List(enhanced-resolve, lib, UnsafeCachePlugin)) [id => enhanced-resolve, phase => typescript] 
[info ] Phase1ReadTypescript.scala:152 Preprocessing TsHelperFile(InFile(/home/tso/tmp/tso-cache/DefinitelyTyped/types/enhanced-resolve/lib/UseFilePlugin.d.ts),FromFolder(InFolder(/home/tso/tmp/tso-cache/DefinitelyTyped/types/enhanced-resolve),TsIdentLibrarySimple(enhanced-resolve)),TsIdentModule(None,List(enhanced-resolve, lib, UseFilePlugin))) [id => enhanced-resolve, phase => typescript] 
[info ] InferredDefaultModule.scala:39 Inferred module TsIdentModule(None,List(enhanced-resolve, lib, UseFilePlugin)) [id => enhanced-resolve, phase => typescript] 
[info ] Phase1ReadTypescript.scala:152 Preprocessing TsHelperFile(InFile(/home/tso/tmp/tso-cache/DefinitelyTyped/types/enhanced-resolve/lib/common-types.d.ts),FromFolder(InFolder(/home/tso/tmp/tso-cache/DefinitelyTyped/types/enhanced-resolve),TsIdentLibrarySimple(enhanced-resolve)),TsIdentModule(None,List(enhanced-resolve, lib, common-types))) [id => enhanced-resolve, phase => typescript] 
[info ] InferredDefaultModule.scala:39 Inferred module TsIdentModule(None,List(enhanced-resolve, lib, common-types)) [id => enhanced-resolve, phase => typescript] 
[info ] Phase1ReadTypescript.scala:152 Preprocessing TsHelperFile(InFile(/home/tso/tmp/tso-cache/DefinitelyTyped/types/enhanced-resolve/lib/concord.d.ts),FromFolder(InFolder(/home/tso/tmp/tso-cache/DefinitelyTyped/types/enhanced-resolve),TsIdentLibrarySimple(enhanced-resolve)),TsIdentModule(None,List(enhanced-resolve, lib, concord))) [id => enhanced-resolve, phase => typescript] 
[info ] InferredDefaultModule.scala:39 Inferred module TsIdentModule(None,List(enhanced-resolve, lib, concord)) [id => enhanced-resolve, phase => typescript] 
[info ] Phase1ReadTypescript.scala:152 Preprocessing TsHelperFile(InFile(/home/tso/tmp/tso-cache/DefinitelyTyped/types/enhanced-resolve/lib/getPaths.d.ts),FromFolder(InFolder(/home/tso/tmp/tso-cache/DefinitelyTyped/types/enhanced-resolve),TsIdentLibrarySimple(enhanced-resolve)),TsIdentModule(None,List(enhanced-resolve, lib, getPaths))) [id => enhanced-resolve, phase => typescript] 
[info ] InferredDefaultModule.scala:39 Inferred module TsIdentModule(None,List(enhanced-resolve, lib, getPaths)) [id => enhanced-resolve, phase => typescript] 
[info ] Phase1ReadTypescript.scala:152 Preprocessing TsHelperFile(InFile(/home/tso/tmp/tso-cache/DefinitelyTyped/types/enhanced-resolve/lib/globToRegExp.d.ts),FromFolder(InFolder(/home/tso/tmp/tso-cache/DefinitelyTyped/types/enhanced-resolve),TsIdentLibrarySimple(enhanced-resolve)),TsIdentModule(None,List(enhanced-resolve, lib, globToRegExp))) [id => enhanced-resolve, phase => typescript] 
[info ] InferredDefaultModule.scala:39 Inferred module TsIdentModule(None,List(enhanced-resolve, lib, globToRegExp)) [id => enhanced-resolve, phase => typescript] 
[warn ] Phase1ReadTypescript.scala:190 Processing TsIdentLibrarySimple(enhanced-resolve) [id => enhanced-resolve, phase => typescript] 
[warn ] QualifyReferences.scala:47 Couldn't qualify TsTypeRef(TsQIdent(List(TsIdentSimple(Tapable))),List()), defaulting to any [id => enhanced-resolve, phase => typescript, scope => TreeScope(TsParsedFile() / TsDeclModule(enhanced-resolve/lib/Resolver) / TsDeclClass(Resolver) / TsTypeRef())] 
[info ] PreferTypeAlias.scala:118 Simplified to function type alias [id => enhanced-resolve, phase => typescript, scope => TreeScope(TsParsedFile() / TsDeclModule(enhanced-resolve/lib/common-types) / TsDeclInterface(ErrorCallback))] 
[info ] PreferTypeAlias.scala:118 Simplified to function type alias [id => enhanced-resolve, phase => typescript, scope => TreeScope(TsParsedFile() / TsDeclModule(enhanced-resolve/lib/common-types) / TsDeclInterface(CommonFileSystemMethod))] 
[info ] ExtractInterfaces.scala:30 Extracted anonymous interface TsIdentSimple(Anon_ForceRelative) [id => enhanced-resolve, phase => typescript, scope => TreeScope(TsParsedFile() / TsDeclModule(enhanced-resolve/lib/MainFieldPlugin) / TsDeclClass(namespaced) / TsMemberFunction(constructor) / TsFunSig() / TsFunParam() / TsTypeObject())] 
[info ] ExtractInterfaces.scala:30 Extracted anonymous interface TsIdentSimple(Anon_ForceRelative) [id => enhanced-resolve, phase => typescript, scope => TreeScope(TsParsedFile() / TsDeclModule(enhanced-resolve/lib/MainFieldPlugin) / TsDeclInterface(MainFieldPlugin) / TsMemberProperty(options) / TsTypeObject())] 
[info ] ExtractInterfaces.scala:30 Extracted anonymous interface TsIdentSimple(Anon_Encoding) [id => enhanced-resolve, phase => typescript, scope => TreeScope(TsParsedFile() / TsDeclModule(enhanced-resolve) / TsDeclNamespace(Resolve) / TsDeclInterface(NodeJsInputFileSystem) / TsMemberFunction(readFile) / TsFunSig() / TsFunParam() / TsTypeObject())] 
[info ] ExtractInterfaces.scala:30 Extracted anonymous interface TsIdentSimple(Anon_Flag) [id => enhanced-resolve, phase => typescript, scope => TreeScope(TsParsedFile() / TsDeclModule(enhanced-resolve) / TsDeclNamespace(Resolve) / TsDeclInterface(NodeJsInputFileSystem) / TsMemberFunction(readFile) / TsFunSig() / TsFunParam() / TsTypeObject())] 
[info ] ExtractInterfaces.scala:30 Extracted anonymous interface TsIdentSimple(Anon_Encoding) [id => enhanced-resolve, phase => typescript, scope => TreeScope(TsParsedFile() / TsDeclModule(enhanced-resolve) / TsDeclNamespace(Resolve) / TsDeclInterface(NodeJsInputFileSystem) / TsMemberFunction(readFileSync) / TsFunSig() / TsFunParam() / TsTypeObject())] 
[info ] ExtractInterfaces.scala:30 Extracted anonymous interface TsIdentSimple(Anon_Flag) [id => enhanced-resolve, phase => typescript, scope => TreeScope(TsParsedFile() / TsDeclModule(enhanced-resolve) / TsDeclNamespace(Resolve) / TsDeclInterface(NodeJsInputFileSystem) / TsMemberFunction(readFileSync) / TsFunSig() / TsFunParam() / TsTypeObject())] 
[info ] ExtractInterfaces.scala:30 Extracted anonymous interface TsIdentSimple(Anon_Flag) [id => enhanced-resolve, phase => typescript, scope => TreeScope(TsParsedFile() / TsDeclModule(enhanced-resolve) / TsDeclNamespace(Resolve) / TsDeclInterface(CachedInputFileSystem) / TsMemberProperty(readFileSync) / TsTypeFunction() / TsFunSig() / TsFunParam() / TsTypeObject())] 
[info ] ExtractInterfaces.scala:30 Extracted anonymous interface TsIdentSimple(Anon_Path) [id => enhanced-resolve, phase => typescript, scope => TreeScope(TsParsedFile() / TsDeclModule(enhanced-resolve) / TsDeclNamespace(create) / TsDeclFunction(sync) / TsFunSig() / TsTypeObject())] 
[info ] ExtractInterfaces.scala:30 Extracted anonymous interface TsIdentSimple(Anon_PathRequest) [id => enhanced-resolve, phase => typescript, scope => TreeScope(TsParsedFile() / TsDeclModule(enhanced-resolve) / TsDeclFunction(create) / TsFunSig() / TsTypeObject())] 
[info ] ExtractInterfaces.scala:30 Extracted anonymous interface TsIdentSimple(Anon_Encoding) [id => enhanced-resolve, phase => typescript, scope => TreeScope(TsParsedFile() / TsDeclModule(enhanced-resolve/lib/common-types) / TsDeclInterface(AbstractInputFileSystem) / TsMemberFunction(readFile) / TsFunSig() / TsFunParam() / TsTypeObject())] 
[info ] ExtractInterfaces.scala:30 Extracted anonymous interface TsIdentSimple(Anon_Flag) [id => enhanced-resolve, phase => typescript, scope => TreeScope(TsParsedFile() / TsDeclModule(enhanced-resolve/lib/common-types) / TsDeclInterface(AbstractInputFileSystem) / TsMemberFunction(readFile) / TsFunSig() / TsFunParam() / TsTypeObject())] 
[info ] ExtractInterfaces.scala:30 Extracted anonymous interface TsIdentSimple(Anon_Push) [id => enhanced-resolve, phase => typescript, scope => TreeScope(TsParsedFile() / TsDeclModule(enhanced-resolve/lib/common-types) / TsDeclInterface(LoggingCallbackTools) / TsMemberProperty(missing) / TsTypeUnion() / TsTypeObject())] 
[info ] ExtractInterfaces.scala:30 Extracted anonymous interface TsIdentSimple(Anon_Paths) [id => enhanced-resolve, phase => typescript, scope => TreeScope(TsParsedFile() / TsDeclModule(enhanced-resolve/lib/getPaths) / TsDeclFunction(default) / TsFunSig() / TsTypeObject())] 
[debug] PhaseRunner.scala:78 Success [id => enhanced-resolve, phase => typescript] 
[warn ] Phase2ToScalaJs.scala:34 Processing TsIdentLibrarySimple(enhanced-resolve) [id => enhanced-resolve, phase => scala.js] 
[info ] CompleteClass.scala:60 Completed implementations Vector(field, target, source, apply) [id => enhanced-resolve, phase => scala.js, this => Name(enhancedDashResolveLib) / Name(libAliasFieldPluginMod) / Name(namespaced)] 
[info ] CompleteClass.scala:60 Completed implementations Vector(name, source, onlyModule, options, alias, target, apply) [id => enhanced-resolve, phase => scala.js, this => Name(enhancedDashResolveLib) / Name(libAliasPluginMod) / Name(namespaced)] 
[info ] CompleteClass.scala:60 Completed implementations Vector(target, source, appending, apply) [id => enhanced-resolve, phase => scala.js, this => Name(enhancedDashResolveLib) / Name(libAppendPluginMod) / Name(namespaced)] 
[info ] CompleteClass.scala:60 Completed implementations Vector(target, source, apply) [id => enhanced-resolve, phase => scala.js, this => Name(enhancedDashResolveLib) / Name(libCloneBasenamePluginMod) / Name(namespaced)] 
[info ] CompleteClass.scala:60 Completed implementations Vector(target, source, options, apply) [id => enhanced-resolve, phase => scala.js, this => Name(enhancedDashResolveLib) / Name(libConcordExtensionsPluginMod) / Name(namespaced)] 
[info ] CompleteClass.scala:60 Completed implementations Vector(target, source, options, apply) [id => enhanced-resolve, phase => scala.js, this => Name(enhancedDashResolveLib) / Name(libConcordMainPluginMod) / Name(namespaced)] 
[info ] CompleteClass.scala:60 Completed implementations Vector(target, source, options, apply) [id => enhanced-resolve, phase => scala.js, this => Name(enhancedDashResolveLib) / Name(libConcordModulesPluginMod) / Name(namespaced)] 
[info ] CompleteClass.scala:60 Completed implementations Vector(filenames, target, source, apply) [id => enhanced-resolve, phase => scala.js, this => Name(enhancedDashResolveLib) / Name(libDescriptionFilePluginMod) / Name(namespaced)] 
[info ] CompleteClass.scala:60 Completed implementations Vector(target, source, apply) [id => enhanced-resolve, phase => scala.js, this => Name(enhancedDashResolveLib) / Name(libDirectoryExistsPluginMod) / Name(namespaced)] 
[info ] CompleteClass.scala:60 Completed implementations Vector(target, source, apply) [id => enhanced-resolve, phase => scala.js, this => Name(enhancedDashResolveLib) / Name(libFileExistsPluginMod) / Name(namespaced)] 
[info ] CompleteClass.scala:60 Completed implementations Vector(target, source, apply) [id => enhanced-resolve, phase => scala.js, this => Name(enhancedDashResolveLib) / Name(libFileKindPluginMod) / Name(namespaced)] 
[info ] CompleteClass.scala:60 Completed implementations Vector(target, source, apply) [id => enhanced-resolve, phase => scala.js, this => Name(enhancedDashResolveLib) / Name(libJoinRequestPluginMod) / Name(namespaced)] 
[info ] CompleteClass.scala:60 Completed implementations Vector(source, apply) [id => enhanced-resolve, phase => scala.js, this => Name(enhancedDashResolveLib) / Name(libLogInfoPluginMod) / Name(namespaced)] 
[info ] CompleteClass.scala:60 Completed implementations Vector(target, source, options, apply) [id => enhanced-resolve, phase => scala.js, this => Name(enhancedDashResolveLib) / Name(libMainFieldPluginMod) / Name(namespaced)] 
[info ] CompleteClass.scala:60 Completed implementations Vector(target, source, appending, apply) [id => enhanced-resolve, phase => scala.js, this => Name(enhancedDashResolveLib) / Name(libModuleAppendPluginMod) / Name(namespaced)] 
[info ] CompleteClass.scala:60 Completed implementations Vector(target, source, apply) [id => enhanced-resolve, phase => scala.js, this => Name(enhancedDashResolveLib) / Name(libModuleKindPluginMod) / Name(namespaced)] 
[info ] CompleteClass.scala:60 Completed implementations Vector(target, source, directories, apply) [id => enhanced-resolve, phase => scala.js, this => Name(enhancedDashResolveLib) / Name(libModulesInHierachicDirectoriesPluginMod) / Name(namespaced)] 
[info ] CompleteClass.scala:60 Completed implementations Vector(target, source, path, apply) [id => enhanced-resolve, phase => scala.js, this => Name(enhancedDashResolveLib) / Name(libModulesInRootPluginMod) / Name(namespaced)] 
[info ] CompleteClass.scala:60 Completed implementations Vector(target, source, apply) [id => enhanced-resolve, phase => scala.js, this => Name(enhancedDashResolveLib) / Name(libNextPluginMod) / Name(namespaced)] 
[info ] CompleteClass.scala:60 Completed implementations Vector(target, source, apply) [id => enhanced-resolve, phase => scala.js, this => Name(enhancedDashResolveLib) / Name(libParsePluginMod) / Name(namespaced)] 
[info ] CompleteClass.scala:60 Completed implementations Vector(source, apply) [id => enhanced-resolve, phase => scala.js, this => Name(enhancedDashResolveLib) / Name(libResultPluginMod) / Name(namespaced)] 
[info ] CompleteClass.scala:60 Completed implementations Vector(target, source, apply) [id => enhanced-resolve, phase => scala.js, this => Name(enhancedDashResolveLib) / Name(libSymlinkPluginMod) / Name(namespaced)] 
[info ] CompleteClass.scala:60 Completed implementations Vector(fs) [id => enhanced-resolve, phase => scala.js, this => Name(enhancedDashResolveLib) / Name(libSyncAsyncFileSystemDecoratorMod) / Name(namespaced)] 
[info ] CompleteClass.scala:60 Completed implementations Vector(target, source, message, apply) [id => enhanced-resolve, phase => scala.js, this => Name(enhancedDashResolveLib) / Name(libTryNextPluginMod) / Name(namespaced)] 
[info ] CompleteClass.scala:60 Completed implementations Vector(source, cache, target, apply, filterPredicate) [id => enhanced-resolve, phase => scala.js, this => Name(enhancedDashResolveLib) / Name(libUnsafeCachePluginMod) / Name(namespaced)] 
[info ] CompleteClass.scala:60 Completed implementations Vector(target, source, filename, apply) [id => enhanced-resolve, phase => scala.js, this => Name(enhancedDashResolveLib) / Name(libUseFilePluginMod) / Name(namespaced)] 
[debug] PhaseRunner.scala:78 Success [id => enhanced-resolve, phase => scala.js] 
[warn ] PhaseRunner.scala:64 Failed because of, [node => Compilation failed] [id => enhanced-resolve, phase => build] 
[debug] PhaseRunner.scala:82 Failure, [node => Compilation failed] [id => enhanced-resolve, phase => build] 
