[debug] PhaseRunner.scala:84 Success [id => @esfx/type-model, phase => typescript] 
[debug] PhaseRunner.scala:84 Success [id => @esfx/type-model, phase => typescript] 
[info ] Phase1ReadTypescript.scala:160 Preprocessing TsHelperFile(InFile(/home/tso/tmp/tso-cache/npm/node_modules/@esfx/type-model/dist/index.d.ts),FromFolder(InFolder(/home/tso/tmp/tso-cache/npm/node_modules/@esfx/type-model),TsIdentLibraryScoped(esfx,Some(type-model))),TsIdentModule(Some(esfx),List(type-model, dist))) [id => @esfx/type-model, phase => typescript] 
[info ] InferredDefaultModule.scala:39 Inferred module TsIdentModule(Some(esfx),List(type-model, dist)) [id => @esfx/type-model, phase => typescript] 
[info ] Phase1ReadTypescript.scala:160 Preprocessing TsHelperFile(InFile(/home/tso/tmp/tso-cache/npm/node_modules/@esfx/type-model/index.d.ts),FromFolder(InFolder(/home/tso/tmp/tso-cache/npm/node_modules/@esfx/type-model),TsIdentLibraryScoped(esfx,Some(type-model))),TsIdentModule(Some(esfx),List(type-model))) [id => @esfx/type-model, phase => typescript] 
[info ] InferredDefaultModule.scala:39 Inferred module TsIdentModule(Some(esfx),List(type-model)) [id => @esfx/type-model, phase => typescript] 
[warn ] Phase1ReadTypescript.scala:182 Processing TsIdentLibraryScoped(esfx,Some(type-model)) [id => @esfx/type-model, phase => typescript] 
[warn ] Exports.scala:58 Could not resolve import TsImport(List(TsImportedIdent(TsIdentSimple(NonNullable))),TsImporteeLocal(TsQIdent(List(TsIdentSimple(globalThis), TsIdentSimple(NonNullable))))) [id => @esfx/type-model, phase => typescript, scope => TreeScope(TsParsedFile() / TsDeclModule(@esfx/type-model/dist))] 
[info ] ExpandTypeParams.scala:61 Expanding 1 members for TsIdentSimple(next) [id => @esfx/type-model, phase => typescript, scope => TreeScope(TsParsedFile() / TsDeclModule(@esfx/type-model/dist) / TsDeclTypeAlias(IteratedType) / TsTypeConditional() / TsTypeExtends() / TsTypeObject() / TsMemberIndex() / TsTypeFunction() / TsFunSig() / TsTypeObject())] 
[info ] ExpandTypeParams.scala:61 Expanding 1 members for TsIdentSimple(next) [id => @esfx/type-model, phase => typescript, scope => TreeScope(TsParsedFile() / TsDeclModule(@esfx/type-model/dist) / TsDeclTypeAlias(IteratedType) / TsTypeConditional() / TsTypeConditional() / TsTypeExtends() / TsTypeObject() / TsMemberIndex() / TsTypeFunction() / TsFunSig() / TsTypeObject())] 
[info ] ExpandTypeParams.scala:61 Expanding 1 members for TsIdentSimple(next) [id => @esfx/type-model, phase => typescript, scope => TreeScope(TsParsedFile() / TsDeclModule(@esfx/type-model/dist) / TsDeclTypeAlias(IteratedType) / TsTypeConditional() / TsTypeConditional() / TsTypeConditional() / TsTypeExtends() / TsTypeObject() / TsMemberIndex() / TsTypeFunction() / TsFunSig() / TsTypeObject())] 
[info ] ExpandTypeParams.scala:61 Expanding 1 members for TsIdentSimple(next) [id => @esfx/type-model, phase => typescript, scope => TreeScope(TsParsedFile() / TsDeclModule(@esfx/type-model/dist) / TsDeclTypeAlias(GeneratorNextType) / TsTypeConditional() / TsTypeExtends() / TsTypeObject() / TsMemberIndex() / TsTypeFunction() / TsFunSig() / TsTypeObject())] 
[info ] ExpandTypeParams.scala:61 Expanding 1 members for TsIdentSimple(next) [id => @esfx/type-model, phase => typescript, scope => TreeScope(TsParsedFile() / TsDeclModule(@esfx/type-model/dist) / TsDeclTypeAlias(GeneratorReturnType) / TsTypeConditional() / TsTypeExtends() / TsTypeObject() / TsMemberIndex() / TsTypeFunction() / TsFunSig() / TsTypeObject())] 
[info ] ExpandTypeParams.scala:61 Expanding 1 members for TsIdentSimple(next) [id => @esfx/type-model, phase => typescript, scope => TreeScope(TsParsedFile() / TsDeclModule(@esfx/type-model/dist) / TsDeclTypeAlias(GeneratorReturnType) / TsTypeConditional() / TsTypeConditional() / TsTypeExtends() / TsTypeObject() / TsMemberIndex() / TsTypeFunction() / TsFunSig() / TsTypeObject())] 
[info ] ExpandTypeParams.scala:61 Expanding 1 members for TsIdentSimple(next) [id => @esfx/type-model, phase => typescript, scope => TreeScope(TsParsedFile() / TsDeclModule(@esfx/type-model/dist) / TsDeclTypeAlias(GeneratorReturnType) / TsTypeConditional() / TsTypeConditional() / TsTypeConditional() / TsTypeExtends() / TsTypeObject() / TsMemberIndex() / TsTypeFunction() / TsFunSig() / TsTypeObject())] 
[info ] ExpandTypeParams.scala:61 Expanding 1 members for TsIdentSimple(then) [id => @esfx/type-model, phase => typescript, scope => TreeScope(TsParsedFile() / TsDeclModule(@esfx/type-model/dist) / TsDeclTypeAlias(PromisedType) / TsTypeConditional() / TsTypeExtends() / TsTypeObject())] 
[info ] ExtractInterfaces.scala:41 Extracted anonymous interface TsIdentSimple(Anon_Done) [id => @esfx/type-model, phase => typescript, scope => TreeScope(TsParsedFile() / TsDeclModule(@esfx/type-model/dist) / TsDeclTypeAlias(IteratedType) / TsTypeConditional() / TsTypeExtends() / TsTypeObject() / TsMemberIndex() / TsTypeFunction() / TsFunSig() / TsTypeObject() / TsMemberFunction(next) / TsFunSig() / TsTypeObject())] 
[info ] ExtractInterfaces.scala:41 Extracted anonymous interface TsIdentSimple(Anon_Next) [id => @esfx/type-model, phase => typescript, scope => TreeScope(TsParsedFile() / TsDeclModule(@esfx/type-model/dist) / TsDeclTypeAlias(IteratedType) / TsTypeConditional() / TsTypeExtends() / TsTypeObject() / TsMemberIndex() / TsTypeFunction() / TsFunSig() / TsTypeObject())] 
[info ] ExtractInterfaces.scala:41 Extracted anonymous interface TsIdentSimple(Anon_Symbol) [id => @esfx/type-model, phase => typescript, scope => TreeScope(TsParsedFile() / TsDeclModule(@esfx/type-model/dist) / TsDeclTypeAlias(IteratedType) / TsTypeConditional() / TsTypeExtends() / TsTypeObject())] 
[info ] ExtractInterfaces.scala:41 Extracted anonymous interface TsIdentSimple(Anon_DoneTrue) [id => @esfx/type-model, phase => typescript, scope => TreeScope(TsParsedFile() / TsDeclModule(@esfx/type-model/dist) / TsDeclTypeAlias(IteratedType) / TsTypeConditional() / TsTypeConditional() / TsTypeExtends() / TsTypeObject() / TsMemberIndex() / TsTypeFunction() / TsFunSig() / TsTypeObject() / TsMemberFunction(next) / TsFunSig() / TsTypeObject())] 
[info ] ExtractInterfaces.scala:41 Extracted anonymous interface TsIdentSimple(Anon_NextAnonDoneTrue) [id => @esfx/type-model, phase => typescript, scope => TreeScope(TsParsedFile() / TsDeclModule(@esfx/type-model/dist) / TsDeclTypeAlias(IteratedType) / TsTypeConditional() / TsTypeConditional() / TsTypeExtends() / TsTypeObject() / TsMemberIndex() / TsTypeFunction() / TsFunSig() / TsTypeObject())] 
[info ] ExtractInterfaces.scala:41 Extracted anonymous interface TsIdentSimple(Anon_SymbolAnonNextAnonDoneTrue) [id => @esfx/type-model, phase => typescript, scope => TreeScope(TsParsedFile() / TsDeclModule(@esfx/type-model/dist) / TsDeclTypeAlias(IteratedType) / TsTypeConditional() / TsTypeConditional() / TsTypeExtends() / TsTypeObject())] 
[info ] ExtractInterfaces.scala:41 Extracted anonymous interface TsIdentSimple(Anon_DoneValue) [id => @esfx/type-model, phase => typescript, scope => TreeScope(TsParsedFile() / TsDeclModule(@esfx/type-model/dist) / TsDeclTypeAlias(IteratedType) / TsTypeConditional() / TsTypeConditional() / TsTypeConditional() / TsTypeExtends() / TsTypeObject() / TsMemberIndex() / TsTypeFunction() / TsFunSig() / TsTypeObject() / TsMemberFunction(next) / TsFunSig() / TsTypeObject())] 
[info ] ExtractInterfaces.scala:41 Extracted anonymous interface TsIdentSimple(Anon_NextAnonDoneValue) [id => @esfx/type-model, phase => typescript, scope => TreeScope(TsParsedFile() / TsDeclModule(@esfx/type-model/dist) / TsDeclTypeAlias(IteratedType) / TsTypeConditional() / TsTypeConditional() / TsTypeConditional() / TsTypeExtends() / TsTypeObject() / TsMemberIndex() / TsTypeFunction() / TsFunSig() / TsTypeObject())] 
[info ] ExtractInterfaces.scala:41 Extracted anonymous interface TsIdentSimple(Anon_SymbolAnonNextAnonDoneValue) [id => @esfx/type-model, phase => typescript, scope => TreeScope(TsParsedFile() / TsDeclModule(@esfx/type-model/dist) / TsDeclTypeAlias(IteratedType) / TsTypeConditional() / TsTypeConditional() / TsTypeConditional() / TsTypeExtends() / TsTypeObject())] 
[info ] ExtractInterfaces.scala:41 Extracted anonymous interface TsIdentSimple(Anon_SymbolAny) [id => @esfx/type-model, phase => typescript, scope => TreeScope(TsParsedFile() / TsDeclModule(@esfx/type-model/dist) / TsDeclTypeAlias(IteratedType) / TsTypeConditional() / TsTypeConditional() / TsTypeConditional() / TsTypeConditional() / TsTypeExtends() / TsTypeObject())] 
[info ] ExtractInterfaces.scala:41 Extracted anonymous interface TsIdentSimple(Anon_NextValue) [id => @esfx/type-model, phase => typescript, scope => TreeScope(TsParsedFile() / TsDeclModule(@esfx/type-model/dist) / TsDeclTypeAlias(GeneratorNextType) / TsTypeConditional() / TsTypeExtends() / TsTypeObject() / TsMemberIndex() / TsTypeFunction() / TsFunSig() / TsTypeObject())] 
[info ] ExtractInterfaces.scala:41 Extracted anonymous interface TsIdentSimple(Anon_SymbolAnonNextValue) [id => @esfx/type-model, phase => typescript, scope => TreeScope(TsParsedFile() / TsDeclModule(@esfx/type-model/dist) / TsDeclTypeAlias(GeneratorNextType) / TsTypeConditional() / TsTypeExtends() / TsTypeObject())] 
[info ] ExtractInterfaces.scala:41 Extracted anonymous interface TsIdentSimple(Anon_DoneTrueValue) [id => @esfx/type-model, phase => typescript, scope => TreeScope(TsParsedFile() / TsDeclModule(@esfx/type-model/dist) / TsDeclTypeAlias(GeneratorReturnType) / TsTypeConditional() / TsTypeExtends() / TsTypeObject() / TsMemberIndex() / TsTypeFunction() / TsFunSig() / TsTypeObject() / TsMemberFunction(next) / TsFunSig() / TsTypeObject())] 
[info ] ExtractInterfaces.scala:41 Extracted anonymous interface TsIdentSimple(Anon_NextAnonDoneTrueValue) [id => @esfx/type-model, phase => typescript, scope => TreeScope(TsParsedFile() / TsDeclModule(@esfx/type-model/dist) / TsDeclTypeAlias(GeneratorReturnType) / TsTypeConditional() / TsTypeExtends() / TsTypeObject() / TsMemberIndex() / TsTypeFunction() / TsFunSig() / TsTypeObject())] 
[info ] ExtractInterfaces.scala:41 Extracted anonymous interface TsIdentSimple(Anon_SymbolAnonNextAnonDoneTrueValue) [id => @esfx/type-model, phase => typescript, scope => TreeScope(TsParsedFile() / TsDeclModule(@esfx/type-model/dist) / TsDeclTypeAlias(GeneratorReturnType) / TsTypeConditional() / TsTypeExtends() / TsTypeObject())] 
[info ] ExtractInterfaces.scala:41 Extracted anonymous interface TsIdentSimple(Anon_DoneFalse) [id => @esfx/type-model, phase => typescript, scope => TreeScope(TsParsedFile() / TsDeclModule(@esfx/type-model/dist) / TsDeclTypeAlias(GeneratorReturnType) / TsTypeConditional() / TsTypeConditional() / TsTypeExtends() / TsTypeObject() / TsMemberIndex() / TsTypeFunction() / TsFunSig() / TsTypeObject() / TsMemberFunction(next) / TsFunSig() / TsTypeObject())] 
[info ] ExtractInterfaces.scala:41 Extracted anonymous interface TsIdentSimple(Anon_NextAnonDoneFalse) [id => @esfx/type-model, phase => typescript, scope => TreeScope(TsParsedFile() / TsDeclModule(@esfx/type-model/dist) / TsDeclTypeAlias(GeneratorReturnType) / TsTypeConditional() / TsTypeConditional() / TsTypeExtends() / TsTypeObject() / TsMemberIndex() / TsTypeFunction() / TsFunSig() / TsTypeObject())] 
[info ] ExtractInterfaces.scala:41 Extracted anonymous interface TsIdentSimple(Anon_SymbolAnonNextAnonDoneFalse) [id => @esfx/type-model, phase => typescript, scope => TreeScope(TsParsedFile() / TsDeclModule(@esfx/type-model/dist) / TsDeclTypeAlias(GeneratorReturnType) / TsTypeConditional() / TsTypeConditional() / TsTypeExtends() / TsTypeObject())] 
[info ] ExtractInterfaces.scala:41 Extracted anonymous interface TsIdentSimple(Anon_DoneValueBoolean) [id => @esfx/type-model, phase => typescript, scope => TreeScope(TsParsedFile() / TsDeclModule(@esfx/type-model/dist) / TsDeclTypeAlias(GeneratorReturnType) / TsTypeConditional() / TsTypeConditional() / TsTypeConditional() / TsTypeExtends() / TsTypeObject() / TsMemberIndex() / TsTypeFunction() / TsFunSig() / TsTypeObject() / TsMemberFunction(next) / TsFunSig() / TsTypeObject())] 
[info ] ExtractInterfaces.scala:41 Extracted anonymous interface TsIdentSimple(Anon_NextAnonDoneValueBoolean) [id => @esfx/type-model, phase => typescript, scope => TreeScope(TsParsedFile() / TsDeclModule(@esfx/type-model/dist) / TsDeclTypeAlias(GeneratorReturnType) / TsTypeConditional() / TsTypeConditional() / TsTypeConditional() / TsTypeExtends() / TsTypeObject() / TsMemberIndex() / TsTypeFunction() / TsFunSig() / TsTypeObject())] 
[info ] ExtractInterfaces.scala:41 Extracted anonymous interface TsIdentSimple(Anon_SymbolAnonNextAnonDoneValueBoolean) [id => @esfx/type-model, phase => typescript, scope => TreeScope(TsParsedFile() / TsDeclModule(@esfx/type-model/dist) / TsDeclTypeAlias(GeneratorReturnType) / TsTypeConditional() / TsTypeConditional() / TsTypeConditional() / TsTypeExtends() / TsTypeObject())] 
[info ] ExtractInterfaces.scala:41 Extracted anonymous interface TsIdentSimple(Anon_SymbolAny) [id => @esfx/type-model, phase => typescript, scope => TreeScope(TsParsedFile() / TsDeclModule(@esfx/type-model/dist) / TsDeclTypeAlias(GeneratorReturnType) / TsTypeConditional() / TsTypeConditional() / TsTypeConditional() / TsTypeConditional() / TsTypeExtends() / TsTypeObject())] 
[info ] ExtractInterfaces.scala:41 Extracted anonymous interface TsIdentSimple(Anon_Onfulfilled) [id => @esfx/type-model, phase => typescript, scope => TreeScope(TsParsedFile() / TsDeclModule(@esfx/type-model/dist) / TsDeclTypeAlias(PromisedType) / TsTypeConditional() / TsTypeExtends() / TsTypeObject())] 
[debug] PhaseRunner.scala:84 Success [id => @esfx/type-model, phase => typescript] 
[warn ] Phase2ToScalaJs.scala:43 Processing @esfx/type-model [id => @esfx/type-model, phase => scala.js] 
[info ] ImportType.scala:245 Failed type conversion: infer U [id => @esfx/type-model, phase => scala.js, scope => TreeScope(TsParsedFile() / TsDeclInterface(Anon_Done) / TsMemberProperty(value) / TsTypeInfer())] 
[info ] ImportType.scala:245 Failed type conversion: infer U [id => @esfx/type-model, phase => scala.js, scope => TreeScope(TsParsedFile() / TsDeclInterface(Anon_Onfulfilled) / TsMemberFunction(then) / TsFunParam() / TsTypeInfer())] 
[info ] ImportType.scala:245 Failed type conversion: infer U [id => @esfx/type-model, phase => scala.js, scope => TreeScope(TsParsedFile() / TsDeclInterface(Anon_DoneValueBoolean) / TsMemberProperty(value) / TsTypeInfer())] 
[info ] ImportType.scala:245 Failed type conversion: {[ P in keyof L ]: @esfx/type-model.@esfx/type-model/dist.IsNever<L[P]> extends true? 'never' : @esfx/type-model.@esfx/type-model/dist.IsAny<L[P]> extends true? 'boolean' : boolean extends L[P]? 'boolean' : L[P] extends true? [P] : never}[number] [id => @esfx/type-model, phase => scala.js, scope => TreeScope(TsParsedFile() / TsDeclModule(@esfx/type-model/dist) / TsDeclTypeAlias(One) / TsTypeRef() / TsTypeLookup())] 
[info ] ImportType.scala:245 Failed type conversion: {[ K in keyof T ]: {[ P in K ]: T[P]}}[keyof T] [id => @esfx/type-model, phase => scala.js, scope => TreeScope(TsParsedFile() / TsDeclModule(@esfx/type-model/dist) / TsDeclTypeAlias(Disjoin) / TsTypeRef() / TsTypeLookup())] 
[info ] ImportTree.scala:403 Dropping TsMemberTypeMapped(NoComments,Default,false,TsIdentSimple(P),TsTypeKeyOf(TsTypeRef(NoComments,TsQIdent(List(TsIdentSimple(T))),List())),Noop,TsTypeLookup(TsTypeRef(NoComments,TsQIdent(List(TsIdentSimple(T))),List()),TsTypeRef(NoComments,TsQIdent(List(TsIdentSimple(P))),List()))) [id => @esfx/type-model, phase => scala.js, scope => TreeScope(TsParsedFile() / TsDeclModule(@esfx/type-model/dist) / TsDeclInterface(Mutable) / TsMemberTypeMapped())] 
[info ] ImportType.scala:245 Failed type conversion: {[ P in keyof L ]: @esfx/type-model.@esfx/type-model/dist.IsNever<L[P]> extends true? 'never' : @esfx/type-model.@esfx/type-model/dist.IsAny<L[P]> extends true? 'boolean' : boolean extends L[P]? 'boolean' : L[P] extends true? 'true' : never}[number] [id => @esfx/type-model, phase => scala.js, scope => TreeScope(TsParsedFile() / TsDeclModule(@esfx/type-model/dist) / TsDeclTypeAlias(Some) / TsTypeRef() / TsTypeLookup())] 
[info ] ImportType.scala:245 Failed type conversion: {[ P in keyof L ]: @esfx/type-model.@esfx/type-model/dist.IsNever<L[P]> extends true? 'never' : @esfx/type-model.@esfx/type-model/dist.IsAny<L[P]> extends true? 'boolean' : boolean extends L[P]? 'boolean' : L[P] extends false? 'false' : never}[number] [id => @esfx/type-model, phase => scala.js, scope => TreeScope(TsParsedFile() / TsDeclModule(@esfx/type-model/dist) / TsDeclTypeAlias(Every) / TsTypeRef() / TsTypeLookup())] 
[info ] ImportType.scala:245 Failed type conversion: {[ P in keyof L ]: @esfx/type-model.@esfx/type-model/dist.SameType<L[P], L[number]>}[number] [id => @esfx/type-model, phase => scala.js, scope => TreeScope(TsParsedFile() / TsDeclModule(@esfx/type-model/dist) / TsDeclTypeAlias(SameTypes) / TsTypeRef() / TsTypeLookup())] 
[info ] ImportType.scala:245 Failed type conversion: infer U [id => @esfx/type-model, phase => scala.js, scope => TreeScope(TsParsedFile() / TsDeclInterface(Anon_DoneTrueValue) / TsMemberProperty(value) / TsTypeInfer())] 
[info ] ImportType.scala:245 Failed type conversion: infer U [id => @esfx/type-model, phase => scala.js, scope => TreeScope(TsParsedFile() / TsDeclInterface(Anon_DoneValue) / TsMemberProperty(value) / TsTypeInfer())] 
[info ] ImportType.scala:245 Failed type conversion: infer U [id => @esfx/type-model, phase => scala.js, scope => TreeScope(TsParsedFile() / TsDeclInterface(Anon_NextValue) / TsMemberFunction(next) / TsFunParam() / TsTypeInfer())] 
[info ] RemoveMultipleInheritance.scala:43 Dropped parents 
- typings.atEsfxTypeDashModel.distMod.SameType because Already inherited- typings.atEsfxTypeDashModel.distMod.IsSubtypeOf because Already inherited [id => @esfx/type-model, phase => scala.js, this => Name(typings) / Name(atEsfxTypeDashModel) / Name(atEsfxTypeDashModelNumbers) / Name(false)] 
[info ] RemoveMultipleInheritance.scala:43 Dropped parents 
- typings.atEsfxTypeDashModel.distMod.SameType because Already inherited- typings.atEsfxTypeDashModel.distMod.IsSubtypeOf because Already inherited [id => @esfx/type-model, phase => scala.js, this => Name(typings) / Name(atEsfxTypeDashModel) / Name(atEsfxTypeDashModelNumbers) / Name(true)] 
[debug] PhaseRunner.scala:84 Success [id => @esfx/type-model, phase => scala.js] 
[warn ] Phase3Compile.scala:208 Building esfx__type-model... [id => @esfx/type-model, phase => build] 
[error] Phase3Compile.scala:234 [E] [E1] src/main/scala/typings/atEsfxTypeDashModel/distMod/package.scala:21:8
[E]      illegal cyclic reference involving type Pick
[E]      L21:   type Assign[A /* <: js.Object */, B /* <: js.Object */] = Reshape[(Diff[A, B]) with B]
[E]                  ^
[E] src/main/scala/typings/atEsfxTypeDashModel/distMod/package.scala: L21 [E1]
[E] Failed to compile 'esfx__type-model'
 [id => @esfx/type-model, phase => build] 
[error] PhaseRunner.scala:88 Failure, [@esfx/type-model => Compilation failed] [id => @esfx/type-model, phase => build] 
[error] PhaseRunner.scala:88 Failure, [@esfx/type-model => Compilation failed] [id => @esfx/type-model, phase => publish] 
