[debug] PhaseRunner.scala:84 Success [id => event-hooks-webpack-plugin, phase => typescript] 
[info ] Phase1ReadTypescript.scala:160 Preprocessing TsHelperFile(InFile(/home/tso/tmp/tso-cache/DefinitelyTyped/types/event-hooks-webpack-plugin/index.d.ts),FromFolder(InFolder(/home/tso/tmp/tso-cache/DefinitelyTyped/types/event-hooks-webpack-plugin),TsIdentLibrarySimple(event-hooks-webpack-plugin)),TsIdentModule(None,List(event-hooks-webpack-plugin))) [id => event-hooks-webpack-plugin, phase => typescript] 
[info ] InferredDefaultModule.scala:39 Inferred module TsIdentModule(None,List(event-hooks-webpack-plugin)) [id => event-hooks-webpack-plugin, phase => typescript] 
[warn ] Phase1ReadTypescript.scala:182 Processing TsIdentLibrarySimple(event-hooks-webpack-plugin) [id => event-hooks-webpack-plugin, phase => typescript] 
[info ] ExpandTypeParams.scala:61 Expanding 1 members for TsIdentSimple(shouldEmit) [id => event-hooks-webpack-plugin, phase => typescript, scope => TreeScope(TsParsedFile() / TsDeclModule(event-hooks-webpack-plugin) / TsDeclInterface(Options))] 
[info ] ExpandTypeParams.scala:61 Expanding 1 members for TsIdentSimple(done) [id => event-hooks-webpack-plugin, phase => typescript, scope => TreeScope(TsParsedFile() / TsDeclModule(event-hooks-webpack-plugin) / TsDeclInterface(Options))] 
[info ] ExpandTypeParams.scala:61 Expanding 1 members for TsIdentSimple(additionalPass) [id => event-hooks-webpack-plugin, phase => typescript, scope => TreeScope(TsParsedFile() / TsDeclModule(event-hooks-webpack-plugin) / TsDeclInterface(Options))] 
[info ] ExpandTypeParams.scala:61 Expanding 1 members for TsIdentSimple(beforeRun) [id => event-hooks-webpack-plugin, phase => typescript, scope => TreeScope(TsParsedFile() / TsDeclModule(event-hooks-webpack-plugin) / TsDeclInterface(Options))] 
[info ] ExpandTypeParams.scala:61 Expanding 1 members for TsIdentSimple(run) [id => event-hooks-webpack-plugin, phase => typescript, scope => TreeScope(TsParsedFile() / TsDeclModule(event-hooks-webpack-plugin) / TsDeclInterface(Options))] 
[info ] ExpandTypeParams.scala:61 Expanding 1 members for TsIdentSimple(emit) [id => event-hooks-webpack-plugin, phase => typescript, scope => TreeScope(TsParsedFile() / TsDeclModule(event-hooks-webpack-plugin) / TsDeclInterface(Options))] 
[info ] ExpandTypeParams.scala:61 Expanding 1 members for TsIdentSimple(afterEmit) [id => event-hooks-webpack-plugin, phase => typescript, scope => TreeScope(TsParsedFile() / TsDeclModule(event-hooks-webpack-plugin) / TsDeclInterface(Options))] 
[info ] ExpandTypeParams.scala:61 Expanding 1 members for TsIdentSimple(thisCompilation) [id => event-hooks-webpack-plugin, phase => typescript, scope => TreeScope(TsParsedFile() / TsDeclModule(event-hooks-webpack-plugin) / TsDeclInterface(Options))] 
[info ] ExpandTypeParams.scala:61 Expanding 1 members for TsIdentSimple(compilation) [id => event-hooks-webpack-plugin, phase => typescript, scope => TreeScope(TsParsedFile() / TsDeclModule(event-hooks-webpack-plugin) / TsDeclInterface(Options))] 
[info ] ExpandTypeParams.scala:61 Expanding 1 members for TsIdentSimple(normalModuleFactory) [id => event-hooks-webpack-plugin, phase => typescript, scope => TreeScope(TsParsedFile() / TsDeclModule(event-hooks-webpack-plugin) / TsDeclInterface(Options))] 
[info ] ExpandTypeParams.scala:61 Expanding 1 members for TsIdentSimple(contextModuleFactory) [id => event-hooks-webpack-plugin, phase => typescript, scope => TreeScope(TsParsedFile() / TsDeclModule(event-hooks-webpack-plugin) / TsDeclInterface(Options))] 
[info ] ExpandTypeParams.scala:61 Expanding 1 members for TsIdentSimple(beforeCompile) [id => event-hooks-webpack-plugin, phase => typescript, scope => TreeScope(TsParsedFile() / TsDeclModule(event-hooks-webpack-plugin) / TsDeclInterface(Options))] 
[info ] ExpandTypeParams.scala:61 Expanding 1 members for TsIdentSimple(compile) [id => event-hooks-webpack-plugin, phase => typescript, scope => TreeScope(TsParsedFile() / TsDeclModule(event-hooks-webpack-plugin) / TsDeclInterface(Options))] 
[info ] ExpandTypeParams.scala:61 Expanding 1 members for TsIdentSimple(make) [id => event-hooks-webpack-plugin, phase => typescript, scope => TreeScope(TsParsedFile() / TsDeclModule(event-hooks-webpack-plugin) / TsDeclInterface(Options))] 
[info ] ExpandTypeParams.scala:61 Expanding 1 members for TsIdentSimple(afterCompile) [id => event-hooks-webpack-plugin, phase => typescript, scope => TreeScope(TsParsedFile() / TsDeclModule(event-hooks-webpack-plugin) / TsDeclInterface(Options))] 
[info ] ExpandTypeParams.scala:61 Expanding 1 members for TsIdentSimple(watchRun) [id => event-hooks-webpack-plugin, phase => typescript, scope => TreeScope(TsParsedFile() / TsDeclModule(event-hooks-webpack-plugin) / TsDeclInterface(Options))] 
[info ] ExpandTypeParams.scala:61 Expanding 1 members for TsIdentSimple(failed) [id => event-hooks-webpack-plugin, phase => typescript, scope => TreeScope(TsParsedFile() / TsDeclModule(event-hooks-webpack-plugin) / TsDeclInterface(Options))] 
[info ] ExpandTypeParams.scala:61 Expanding 1 members for TsIdentSimple(invalid) [id => event-hooks-webpack-plugin, phase => typescript, scope => TreeScope(TsParsedFile() / TsDeclModule(event-hooks-webpack-plugin) / TsDeclInterface(Options))] 
[info ] ExpandTypeParams.scala:61 Expanding 1 members for TsIdentSimple(watchClose) [id => event-hooks-webpack-plugin, phase => typescript, scope => TreeScope(TsParsedFile() / TsDeclModule(event-hooks-webpack-plugin) / TsDeclInterface(Options))] 
[info ] ExpandTypeParams.scala:61 Expanding 1 members for TsIdentSimple(environment) [id => event-hooks-webpack-plugin, phase => typescript, scope => TreeScope(TsParsedFile() / TsDeclModule(event-hooks-webpack-plugin) / TsDeclInterface(Options))] 
[info ] ExpandTypeParams.scala:61 Expanding 1 members for TsIdentSimple(afterEnvironment) [id => event-hooks-webpack-plugin, phase => typescript, scope => TreeScope(TsParsedFile() / TsDeclModule(event-hooks-webpack-plugin) / TsDeclInterface(Options))] 
[info ] ExpandTypeParams.scala:61 Expanding 1 members for TsIdentSimple(afterPlugins) [id => event-hooks-webpack-plugin, phase => typescript, scope => TreeScope(TsParsedFile() / TsDeclModule(event-hooks-webpack-plugin) / TsDeclInterface(Options))] 
[info ] ExpandTypeParams.scala:61 Expanding 1 members for TsIdentSimple(afterResolvers) [id => event-hooks-webpack-plugin, phase => typescript, scope => TreeScope(TsParsedFile() / TsDeclModule(event-hooks-webpack-plugin) / TsDeclInterface(Options))] 
[info ] ExpandTypeParams.scala:61 Expanding 1 members for TsIdentSimple(entryOption) [id => event-hooks-webpack-plugin, phase => typescript, scope => TreeScope(TsParsedFile() / TsDeclModule(event-hooks-webpack-plugin) / TsDeclInterface(Options))] 
[info ] PreferTypeAlias.scala:55 Simplified to type alias [id => event-hooks-webpack-plugin, phase => typescript, scope => TreeScope(TsParsedFile() / TsDeclModule(event-hooks-webpack-plugin) / TsDeclInterface(EventHooksPlugin))] 
[info ] ExpandTypeParams.scala:61 Expanding 1 members for TsIdentSimple(constructor) [id => event-hooks-webpack-plugin, phase => typescript, scope => TreeScope(TsParsedFile() / TsDeclModule(event-hooks-webpack-plugin) / TsDeclClass(^))] 
[debug] PhaseRunner.scala:84 Success [id => event-hooks-webpack-plugin, phase => typescript] 
[warn ] Phase2ToScalaJs.scala:43 Processing event-hooks-webpack-plugin [id => event-hooks-webpack-plugin, phase => scala.js] 
[debug] PhaseRunner.scala:84 Success [id => event-hooks-webpack-plugin, phase => scala.js] 
[warn ] PhaseRunner.scala:70 Failed because of, [webpack => com.olvind.logging.Logger$LoggedException: Couldn't resolve jar for webpack-sources IvyLayout((/home/tso/.ivy2/local/org.scalablytyped/webpack-sources_sjs0.6_2.12/0.1-dt-20180625Z-ad22a0/jars/webpack-sources_sjs0.6_2.12.jar,Unchanged),(/home/tso/.ivy2/local/org.scalablytyped/webpack-sources_sjs0.6_2.12/0.1-dt-20180625Z-ad22a0/srcs/webpack-sources_sjs0.6_2.12-sources.jar,Unchanged),(/home/tso/.ivy2/local/org.scalablytyped/webpack-sources_sjs0.6_2.12/0.1-dt-20180625Z-ad22a0/ivys/ivy.xml,Unchanged),(/home/tso/.ivy2/local/org.scalablytyped/webpack-sources_sjs0.6_2.12/0.1-dt-20180625Z-ad22a0/poms/webpack-sources_sjs0.6_2.12.pom,Unchanged))] [id => event-hooks-webpack-plugin, phase => build] 
[error] PhaseRunner.scala:88 Failure, [webpack => com.olvind.logging.Logger$LoggedException: Couldn't resolve jar for webpack-sources IvyLayout((/home/tso/.ivy2/local/org.scalablytyped/webpack-sources_sjs0.6_2.12/0.1-dt-20180625Z-ad22a0/jars/webpack-sources_sjs0.6_2.12.jar,Unchanged),(/home/tso/.ivy2/local/org.scalablytyped/webpack-sources_sjs0.6_2.12/0.1-dt-20180625Z-ad22a0/srcs/webpack-sources_sjs0.6_2.12-sources.jar,Unchanged),(/home/tso/.ivy2/local/org.scalablytyped/webpack-sources_sjs0.6_2.12/0.1-dt-20180625Z-ad22a0/ivys/ivy.xml,Unchanged),(/home/tso/.ivy2/local/org.scalablytyped/webpack-sources_sjs0.6_2.12/0.1-dt-20180625Z-ad22a0/poms/webpack-sources_sjs0.6_2.12.pom,Unchanged))] [id => event-hooks-webpack-plugin, phase => build] 
[error] PhaseRunner.scala:88 Failure, [webpack => com.olvind.logging.Logger$LoggedException: Couldn't resolve jar for webpack-sources IvyLayout((/home/tso/.ivy2/local/org.scalablytyped/webpack-sources_sjs0.6_2.12/0.1-dt-20180625Z-ad22a0/jars/webpack-sources_sjs0.6_2.12.jar,Unchanged),(/home/tso/.ivy2/local/org.scalablytyped/webpack-sources_sjs0.6_2.12/0.1-dt-20180625Z-ad22a0/srcs/webpack-sources_sjs0.6_2.12-sources.jar,Unchanged),(/home/tso/.ivy2/local/org.scalablytyped/webpack-sources_sjs0.6_2.12/0.1-dt-20180625Z-ad22a0/ivys/ivy.xml,Unchanged),(/home/tso/.ivy2/local/org.scalablytyped/webpack-sources_sjs0.6_2.12/0.1-dt-20180625Z-ad22a0/poms/webpack-sources_sjs0.6_2.12.pom,Unchanged))] [id => event-hooks-webpack-plugin, phase => publish] 
