[debug] PhaseRunner.scala:78 Success [id => evernote, phase => typescript] 
[info ] Phase1ReadTypescript.scala:152 Preprocessing TsHelperFile(InFile(/home/tso/tmp/tso-cache/DefinitelyTyped/types/evernote/index.d.ts),FromFolder(InFolder(/home/tso/tmp/tso-cache/DefinitelyTyped/types/evernote),TsIdentLibrarySimple(evernote)),TsIdentModule(None,List(evernote))) [id => evernote, phase => typescript] 
[info ] InferredDefaultModule.scala:39 Inferred module TsIdentModule(None,List(evernote)) [id => evernote, phase => typescript] 
[warn ] Phase1ReadTypescript.scala:190 Processing TsIdentLibrarySimple(evernote) [id => evernote, phase => typescript] 
[info ] PreferTypeAlias.scala:118 Simplified to function type alias [id => evernote, phase => typescript, scope => TreeScope(TsParsedFile() / TsDeclModule(evernote) / TsDeclNamespace(Evernote) / TsDeclInterface(Callback))] 
[info ] ExtractInterfaces.scala:30 Extracted anonymous interface TsIdentSimple(Anon_UpdateSequenceNum) [id => evernote, phase => typescript, scope => TreeScope(TsParsedFile() / TsDeclModule(evernote) / TsDeclNamespace(Evernote) / TsDeclClass(NoteVersionId) / TsMemberFunction(constructor) / TsFunSig() / TsFunParam() / TsTypeObject())] 
[info ] ExtractInterfaces.scala:30 Extracted anonymous interface TsIdentSimple(Anon_TrashCount) [id => evernote, phase => typescript, scope => TreeScope(TsParsedFile() / TsDeclModule(evernote) / TsDeclNamespace(Evernote) / TsDeclClass(NoteCollectionCounts) / TsMemberFunction(constructor) / TsFunSig() / TsFunParam() / TsTypeObject())] 
[info ] ExtractInterfaces.scala:30 Extracted anonymous interface TsIdentSimple(Anon_ErrorCode) [id => evernote, phase => typescript, scope => TreeScope(TsParsedFile() / TsDeclModule(evernote) / TsDeclNamespace(Evernote) / TsDeclClass(EDAMSystemException) / TsMemberFunction(constructor) / TsFunSig() / TsFunParam() / TsTypeObject())] 
[info ] ExtractInterfaces.scala:30 Extracted anonymous interface TsIdentSimple(Anon_Guid) [id => evernote, phase => typescript, scope => TreeScope(TsParsedFile() / TsDeclModule(evernote) / TsDeclNamespace(Evernote) / TsDeclClass(Note) / TsMemberFunction(constructor) / TsFunSig() / TsFunParam() / TsTypeObject())] 
[info ] ExtractInterfaces.scala:30 Extracted anonymous interface TsIdentSimple(Anon_Order) [id => evernote, phase => typescript, scope => TreeScope(TsParsedFile() / TsDeclModule(evernote) / TsDeclNamespace(Evernote) / TsDeclClass(Publishing) / TsMemberFunction(constructor) / TsFunSig() / TsFunParam() / TsTypeObject())] 
[info ] ExtractInterfaces.scala:30 Extracted anonymous interface TsIdentSimple(Anon_Name) [id => evernote, phase => typescript, scope => TreeScope(TsParsedFile() / TsDeclModule(evernote) / TsDeclNamespace(Evernote) / TsDeclClass(BootstrapProfile) / TsMemberFunction(constructor) / TsFunSig() / TsFunParam() / TsTypeObject())] 
[info ] ExtractInterfaces.scala:30 Extracted anonymous interface TsIdentSimple(Anon_GuidJoinedUserCount) [id => evernote, phase => typescript, scope => TreeScope(TsParsedFile() / TsDeclModule(evernote) / TsDeclNamespace(Evernote) / TsDeclClass(NotebookDescriptor) / TsMemberFunction(constructor) / TsFunSig() / TsFunParam() / TsTypeObject())] 
[info ] ExtractInterfaces.scala:30 Extracted anonymous interface TsIdentSimple(Anon_GuidUsername) [id => evernote, phase => typescript, scope => TreeScope(TsParsedFile() / TsDeclModule(evernote) / TsDeclNamespace(Evernote) / TsDeclClass(LinkedNotebook) / TsMemberFunction(constructor) / TsFunSig() / TsFunParam() / TsTypeObject())] 
[info ] ExtractInterfaces.scala:30 Extracted anonymous interface TsIdentSimple(Anon_Username) [id => evernote, phase => typescript, scope => TreeScope(TsParsedFile() / TsDeclModule(evernote) / TsDeclNamespace(Evernote) / TsDeclClass(PublicUserInfo) / TsMemberFunction(constructor) / TsFunSig() / TsFunParam() / TsTypeObject())] 
[info ] ExtractInterfaces.scala:30 Extracted anonymous interface TsIdentSimple(Anon_FullMap) [id => evernote, phase => typescript, scope => TreeScope(TsParsedFile() / TsDeclModule(evernote) / TsDeclNamespace(Evernote) / TsDeclClass(LazyMap) / TsMemberFunction(constructor) / TsFunSig() / TsFunParam() / TsTypeObject())] 
[info ] ExtractInterfaces.scala:30 Extracted anonymous interface TsIdentSimple(Anon_Format) [id => evernote, phase => typescript, scope => TreeScope(TsParsedFile() / TsDeclModule(evernote) / TsDeclNamespace(Evernote) / TsDeclClass(SavedSearch) / TsMemberFunction(constructor) / TsFunSig() / TsFunParam() / TsTypeObject())] 
[info ] ExtractInterfaces.scala:30 Extracted anonymous interface TsIdentSimple(Anon_Subject) [id => evernote, phase => typescript, scope => TreeScope(TsParsedFile() / TsDeclModule(evernote) / TsDeclNamespace(Evernote) / TsDeclClass(NoteEmailParameters) / TsMemberFunction(constructor) / TsFunSig() / TsFunParam() / TsTypeObject())] 
[info ] ExtractInterfaces.scala:30 Extracted anonymous interface TsIdentSimple(Anon_ExpungedNotes) [id => evernote, phase => typescript, scope => TreeScope(TsParsedFile() / TsDeclModule(evernote) / TsDeclNamespace(Evernote) / TsDeclClass(SyncChunk) / TsMemberFunction(constructor) / TsFunSig() / TsFunParam() / TsTypeObject())] 
[info ] ExtractInterfaces.scala:30 Extracted anonymous interface TsIdentSimple(Anon_RecipientSettings) [id => evernote, phase => typescript, scope => TreeScope(TsParsedFile() / TsDeclModule(evernote) / TsDeclNamespace(Evernote) / TsDeclClass(SharedNotebook) / TsMemberFunction(constructor) / TsFunSig() / TsFunParam() / TsTypeObject())] 
[info ] ExtractInterfaces.scala:30 Extracted anonymous interface TsIdentSimple(Anon_NoCreateTags) [id => evernote, phase => typescript, scope => TreeScope(TsParsedFile() / TsDeclModule(evernote) / TsDeclNamespace(Evernote) / TsDeclClass(NotebookRestrictions) / TsMemberFunction(constructor) / TsFunSig() / TsFunParam() / TsTypeObject())] 
[info ] ExtractInterfaces.scala:30 Extracted anonymous interface TsIdentSimple(Anon_Recommended) [id => evernote, phase => typescript, scope => TreeScope(TsParsedFile() / TsDeclModule(evernote) / TsDeclNamespace(Evernote) / TsDeclClass(BusinessNotebook) / TsMemberFunction(constructor) / TsFunSig() / TsFunParam() / TsTypeObject())] 
[info ] ExtractInterfaces.scala:30 Extracted anonymous interface TsIdentSimple(Anon_TotalNotes) [id => evernote, phase => typescript, scope => TreeScope(TsParsedFile() / TsDeclModule(evernote) / TsDeclNamespace(Evernote) / TsDeclClass(NotesMetadataList) / TsMemberFunction(constructor) / TsFunSig() / TsFunParam() / TsTypeObject())] 
[info ] ExtractInterfaces.scala:30 Extracted anonymous interface TsIdentSimple(Anon_Duration) [id => evernote, phase => typescript, scope => TreeScope(TsParsedFile() / TsDeclModule(evernote) / TsDeclNamespace(Evernote) / TsDeclClass(Resource) / TsMemberFunction(constructor) / TsFunSig() / TsFunParam() / TsTypeObject())] 
[info ] ExtractInterfaces.scala:30 Extracted anonymous interface TsIdentSimple(Anon_ApplicationData) [id => evernote, phase => typescript, scope => TreeScope(TsParsedFile() / TsDeclModule(evernote) / TsDeclNamespace(Evernote) / TsDeclClass(ResourceAttributes) / TsMemberFunction(constructor) / TsFunSig() / TsFunParam() / TsTypeObject())] 
[info ] ExtractInterfaces.scala:30 Extracted anonymous interface TsIdentSimple(Anon_IncludeNotes) [id => evernote, phase => typescript, scope => TreeScope(TsParsedFile() / TsDeclModule(evernote) / TsDeclNamespace(Evernote) / TsDeclClass(SyncChunkFilter) / TsMemberFunction(constructor) / TsFunSig() / TsFunParam() / TsTypeObject())] 
[info ] ExtractInterfaces.scala:30 Extracted anonymous interface TsIdentSimple(Anon_SponsoredGroupName) [id => evernote, phase => typescript, scope => TreeScope(TsParsedFile() / TsDeclModule(evernote) / TsDeclNamespace(Evernote) / TsDeclClass(PremiumInfo) / TsMemberFunction(constructor) / TsFunSig() / TsFunParam() / TsTypeObject())] 
[info ] ExtractInterfaces.scala:30 Extracted anonymous interface TsIdentSimple(Anon_SharedNotebooks) [id => evernote, phase => typescript, scope => TreeScope(TsParsedFile() / TsDeclModule(evernote) / TsDeclNamespace(Evernote) / TsDeclClass(Notebook) / TsMemberFunction(constructor) / TsFunSig() / TsFunParam() / TsTypeObject())] 
[info ] ExtractInterfaces.scala:30 Extracted anonymous interface TsIdentSimple(Anon_NotebookGuid) [id => evernote, phase => typescript, scope => TreeScope(TsParsedFile() / TsDeclModule(evernote) / TsDeclNamespace(Evernote) / TsDeclClass(NoteFilter) / TsMemberFunction(constructor) / TsFunSig() / TsFunParam() / TsTypeObject())] 
[info ] ExtractInterfaces.scala:30 Extracted anonymous interface TsIdentSimple(Anon_TotalNotesSearchedWords) [id => evernote, phase => typescript, scope => TreeScope(TsParsedFile() / TsDeclModule(evernote) / TsDeclNamespace(Evernote) / TsDeclClass(NoteList) / TsMemberFunction(constructor) / TsFunSig() / TsFunParam() / TsTypeObject())] 
[info ] ExtractInterfaces.scala:30 Extracted anonymous interface TsIdentSimple(Anon_EducationalDiscount) [id => evernote, phase => typescript, scope => TreeScope(TsParsedFile() / TsDeclModule(evernote) / TsDeclNamespace(Evernote) / TsDeclClass(UserAttributes) / TsMemberFunction(constructor) / TsFunSig() / TsFunParam() / TsTypeObject())] 
[info ] ExtractInterfaces.scala:30 Extracted anonymous interface TsIdentSimple(Anon_SupportUrl) [id => evernote, phase => typescript, scope => TreeScope(TsParsedFile() / TsDeclModule(evernote) / TsDeclNamespace(Evernote) / TsDeclClass(BootstrapSettings) / TsMemberFunction(constructor) / TsFunSig() / TsFunParam() / TsTypeObject())] 
[info ] ExtractInterfaces.scala:30 Extracted anonymous interface TsIdentSimple(Anon_SecondFactorRequired) [id => evernote, phase => typescript, scope => TreeScope(TsParsedFile() / TsDeclModule(evernote) / TsDeclNamespace(Evernote) / TsDeclClass(AuthenticationResult) / TsMemberFunction(constructor) / TsFunSig() / TsFunParam() / TsTypeObject())] 
[info ] ExtractInterfaces.scala:30 Extracted anonymous interface TsIdentSimple(Anon_UpdateSequenceNumGuid) [id => evernote, phase => typescript, scope => TreeScope(TsParsedFile() / TsDeclModule(evernote) / TsDeclNamespace(Evernote) / TsDeclClass(Tag) / TsMemberFunction(constructor) / TsFunSig() / TsFunParam() / TsTypeObject())] 
[info ] ExtractInterfaces.scala:30 Extracted anonymous interface TsIdentSimple(Anon_FullSyncBefore) [id => evernote, phase => typescript, scope => TreeScope(TsParsedFile() / TsDeclModule(evernote) / TsDeclNamespace(Evernote) / TsDeclClass(SyncState) / TsMemberFunction(constructor) / TsFunSig() / TsFunParam() / TsTypeObject())] 
[info ] ExtractInterfaces.scala:30 Extracted anonymous interface TsIdentSimple(Anon_ErrorCodeParameter) [id => evernote, phase => typescript, scope => TreeScope(TsParsedFile() / TsDeclModule(evernote) / TsDeclNamespace(Evernote) / TsDeclClass(EDAMUserException) / TsMemberFunction(constructor) / TsFunSig() / TsFunParam() / TsTypeObject())] 
[info ] ExtractInterfaces.scala:30 Extracted anonymous interface TsIdentSimple(Anon_Key) [id => evernote, phase => typescript, scope => TreeScope(TsParsedFile() / TsDeclModule(evernote) / TsDeclNamespace(Evernote) / TsDeclClass(EDAMNotFoundException) / TsMemberFunction(constructor) / TsFunSig() / TsFunParam() / TsTypeObject())] 
[info ] ExtractInterfaces.scala:30 Extracted anonymous interface TsIdentSimple(Anon_ApplicationDataAltitude) [id => evernote, phase => typescript, scope => TreeScope(TsParsedFile() / TsDeclModule(evernote) / TsDeclNamespace(Evernote) / TsDeclClass(NoteAttributes) / TsMemberFunction(constructor) / TsFunSig() / TsFunParam() / TsTypeObject())] 
[info ] ExtractInterfaces.scala:30 Extracted anonymous interface TsIdentSimple(Anon_Sessions) [id => evernote, phase => typescript, scope => TreeScope(TsParsedFile() / TsDeclModule(evernote) / TsDeclNamespace(Evernote) / TsDeclClass(ClientUsageMetrics) / TsMemberFunction(constructor) / TsFunSig() / TsFunParam() / TsTypeObject())] 
[info ] ExtractInterfaces.scala:30 Extracted anonymous interface TsIdentSimple(Anon_Accounting) [id => evernote, phase => typescript, scope => TreeScope(TsParsedFile() / TsDeclModule(evernote) / TsDeclNamespace(Evernote) / TsDeclClass(User) / TsMemberFunction(constructor) / TsFunSig() / TsFunParam() / TsTypeObject())] 
[info ] ExtractInterfaces.scala:30 Extracted anonymous interface TsIdentSimple(Anon_GuidContentLength) [id => evernote, phase => typescript, scope => TreeScope(TsParsedFile() / TsDeclModule(evernote) / TsDeclNamespace(Evernote) / TsDeclClass(NoteMetadata) / TsMemberFunction(constructor) / TsFunSig() / TsFunParam() / TsTypeObject())] 
[info ] ExtractInterfaces.scala:30 Extracted anonymous interface TsIdentSimple(Anon_ReminderNotifyEmail) [id => evernote, phase => typescript, scope => TreeScope(TsParsedFile() / TsDeclModule(evernote) / TsDeclNamespace(Evernote) / TsDeclClass(SharedNotebookRecipientSettings) / TsMemberFunction(constructor) / TsFunSig() / TsFunParam() / TsTypeObject())] 
[info ] ExtractInterfaces.scala:30 Extracted anonymous interface TsIdentSimple(Anon_Notebooks) [id => evernote, phase => typescript, scope => TreeScope(TsParsedFile() / TsDeclModule(evernote) / TsDeclNamespace(Evernote) / TsDeclClass(RelatedResult) / TsMemberFunction(constructor) / TsFunSig() / TsFunParam() / TsTypeObject())] 
[info ] ExtractInterfaces.scala:30 Extracted anonymous interface TsIdentSimple(Anon_Profiles) [id => evernote, phase => typescript, scope => TreeScope(TsParsedFile() / TsDeclModule(evernote) / TsDeclNamespace(Evernote) / TsDeclClass(BootstrapInfo) / TsMemberFunction(constructor) / TsFunSig() / TsFunParam() / TsTypeObject())] 
[info ] ExtractInterfaces.scala:30 Extracted anonymous interface TsIdentSimple(Anon_PremiumServiceSKU) [id => evernote, phase => typescript, scope => TreeScope(TsParsedFile() / TsDeclModule(evernote) / TsDeclNamespace(Evernote) / TsDeclClass(Accounting) / TsMemberFunction(constructor) / TsFunSig() / TsFunParam() / TsTypeObject())] 
[info ] ExtractInterfaces.scala:30 Extracted anonymous interface TsIdentSimple(Anon_Filter) [id => evernote, phase => typescript, scope => TreeScope(TsParsedFile() / TsDeclModule(evernote) / TsDeclNamespace(Evernote) / TsDeclClass(RelatedQuery) / TsMemberFunction(constructor) / TsFunSig() / TsFunParam() / TsTypeObject())] 
[info ] ExtractInterfaces.scala:30 Extracted anonymous interface TsIdentSimple(Anon_MaxTags) [id => evernote, phase => typescript, scope => TreeScope(TsParsedFile() / TsDeclModule(evernote) / TsDeclNamespace(Evernote) / TsDeclClass(RelatedResultSpec) / TsMemberFunction(constructor) / TsFunSig() / TsFunParam() / TsTypeObject())] 
[info ] ExtractInterfaces.scala:30 Extracted anonymous interface TsIdentSimple(Anon_Size) [id => evernote, phase => typescript, scope => TreeScope(TsParsedFile() / TsDeclModule(evernote) / TsDeclNamespace(Evernote) / TsDeclClass(Data) / TsMemberFunction(constructor) / TsFunSig() / TsFunParam() / TsTypeObject())] 
[info ] ExtractInterfaces.scala:30 Extracted anonymous interface TsIdentSimple(Anon_Role) [id => evernote, phase => typescript, scope => TreeScope(TsParsedFile() / TsDeclModule(evernote) / TsDeclNamespace(Evernote) / TsDeclClass(BusinessUserInfo) / TsMemberFunction(constructor) / TsFunSig() / TsFunParam() / TsTypeObject())] 
[info ] ExtractInterfaces.scala:30 Extracted anonymous interface TsIdentSimple(Anon_IncludeBusinessLinkedNotebooks) [id => evernote, phase => typescript, scope => TreeScope(TsParsedFile() / TsDeclModule(evernote) / TsDeclNamespace(Evernote) / TsDeclClass(SavedSearchScope) / TsMemberFunction(constructor) / TsFunSig() / TsFunParam() / TsTypeObject())] 
[info ] ExtractInterfaces.scala:30 Extracted anonymous interface TsIdentSimple(Anon_IncludeNotebookGuid) [id => evernote, phase => typescript, scope => TreeScope(TsParsedFile() / TsDeclModule(evernote) / TsDeclNamespace(Evernote) / TsDeclClass(NotesMetadataResultSpec) / TsMemberFunction(constructor) / TsFunSig() / TsFunParam() / TsTypeObject())] 
[debug] PhaseRunner.scala:78 Success [id => evernote, phase => typescript] 
[warn ] Phase2ToScalaJs.scala:34 Processing TsIdentLibrarySimple(evernote) [id => evernote, phase => scala.js] 
[debug] PhaseRunner.scala:78 Success [id => evernote, phase => scala.js] 
[warn ] PhaseRunner.scala:64 Failed because of, [node => Compilation failed] [id => evernote, phase => build] 
[debug] PhaseRunner.scala:82 Failure, [node => Compilation failed] [id => evernote, phase => build] 
