[info ] InferredDependency.scala:20 Inferred dependencies Set(TsIdentLibrarySimple(node)) for TsIdentLibrarySimple(express-serve-static-core) [id => express-serve-static-core, phase => typescript, file => ../types/express-serve-static-core/index.d.ts] 
[debug] PhaseRunner.scala:78 Success [id => express-serve-static-core, phase => typescript] 
[info ] Phase1ReadTypescript.scala:152 Preprocessing TsHelperFile(InFile(/home/tso/tmp/tso-cache/DefinitelyTyped/types/express-serve-static-core/index.d.ts),FromFolder(InFolder(/home/tso/tmp/tso-cache/DefinitelyTyped/types/express-serve-static-core),TsIdentLibrarySimple(express-serve-static-core)),TsIdentModule(None,List(express-serve-static-core))) [id => express-serve-static-core, phase => typescript] 
[info ] InferredDefaultModule.scala:39 Inferred module TsIdentModule(None,List(express-serve-static-core)) [id => express-serve-static-core, phase => typescript] 
[warn ] Phase1ReadTypescript.scala:190 Processing TsIdentLibrarySimple(express-serve-static-core) [id => express-serve-static-core, phase => typescript] 
[info ] PreferTypeAlias.scala:118 Simplified to function type alias [id => express-serve-static-core, phase => typescript, scope => TreeScope(TsParsedFile() / TsDeclModule(express-serve-static-core) / TsDeclInterface(NextFunction))] 
[info ] PreferTypeAlias.scala:118 Simplified to function type alias [id => express-serve-static-core, phase => typescript, scope => TreeScope(TsParsedFile() / TsDeclModule(express-serve-static-core) / TsDeclInterface(RequestHandler))] 
[info ] ExpandCallables.scala:57 Expanded all into 2 methods [id => express-serve-static-core, phase => typescript, scope => TreeScope(TsParsedFile() / TsDeclModule(express-serve-static-core) / TsDeclInterface(IRouter))] 
[info ] ExpandCallables.scala:57 Expanded get into 2 methods [id => express-serve-static-core, phase => typescript, scope => TreeScope(TsParsedFile() / TsDeclModule(express-serve-static-core) / TsDeclInterface(IRouter))] 
[info ] ExpandCallables.scala:57 Expanded post into 2 methods [id => express-serve-static-core, phase => typescript, scope => TreeScope(TsParsedFile() / TsDeclModule(express-serve-static-core) / TsDeclInterface(IRouter))] 
[info ] ExpandCallables.scala:57 Expanded put into 2 methods [id => express-serve-static-core, phase => typescript, scope => TreeScope(TsParsedFile() / TsDeclModule(express-serve-static-core) / TsDeclInterface(IRouter))] 
[info ] ExpandCallables.scala:57 Expanded delete into 2 methods [id => express-serve-static-core, phase => typescript, scope => TreeScope(TsParsedFile() / TsDeclModule(express-serve-static-core) / TsDeclInterface(IRouter))] 
[info ] ExpandCallables.scala:57 Expanded patch into 2 methods [id => express-serve-static-core, phase => typescript, scope => TreeScope(TsParsedFile() / TsDeclModule(express-serve-static-core) / TsDeclInterface(IRouter))] 
[info ] ExpandCallables.scala:57 Expanded options into 2 methods [id => express-serve-static-core, phase => typescript, scope => TreeScope(TsParsedFile() / TsDeclModule(express-serve-static-core) / TsDeclInterface(IRouter))] 
[info ] ExpandCallables.scala:57 Expanded head into 2 methods [id => express-serve-static-core, phase => typescript, scope => TreeScope(TsParsedFile() / TsDeclModule(express-serve-static-core) / TsDeclInterface(IRouter))] 
[info ] ExpandCallables.scala:57 Expanded checkout into 2 methods [id => express-serve-static-core, phase => typescript, scope => TreeScope(TsParsedFile() / TsDeclModule(express-serve-static-core) / TsDeclInterface(IRouter))] 
[info ] ExpandCallables.scala:57 Expanded connect into 2 methods [id => express-serve-static-core, phase => typescript, scope => TreeScope(TsParsedFile() / TsDeclModule(express-serve-static-core) / TsDeclInterface(IRouter))] 
[info ] ExpandCallables.scala:57 Expanded copy into 2 methods [id => express-serve-static-core, phase => typescript, scope => TreeScope(TsParsedFile() / TsDeclModule(express-serve-static-core) / TsDeclInterface(IRouter))] 
[info ] ExpandCallables.scala:57 Expanded lock into 2 methods [id => express-serve-static-core, phase => typescript, scope => TreeScope(TsParsedFile() / TsDeclModule(express-serve-static-core) / TsDeclInterface(IRouter))] 
[info ] ExpandCallables.scala:57 Expanded merge into 2 methods [id => express-serve-static-core, phase => typescript, scope => TreeScope(TsParsedFile() / TsDeclModule(express-serve-static-core) / TsDeclInterface(IRouter))] 
[info ] ExpandCallables.scala:57 Expanded mkactivity into 2 methods [id => express-serve-static-core, phase => typescript, scope => TreeScope(TsParsedFile() / TsDeclModule(express-serve-static-core) / TsDeclInterface(IRouter))] 
[info ] ExpandCallables.scala:57 Expanded mkcol into 2 methods [id => express-serve-static-core, phase => typescript, scope => TreeScope(TsParsedFile() / TsDeclModule(express-serve-static-core) / TsDeclInterface(IRouter))] 
[info ] ExpandCallables.scala:57 Expanded move into 2 methods [id => express-serve-static-core, phase => typescript, scope => TreeScope(TsParsedFile() / TsDeclModule(express-serve-static-core) / TsDeclInterface(IRouter))] 
[info ] ExpandCallables.scala:57 Expanded m-search into 2 methods [id => express-serve-static-core, phase => typescript, scope => TreeScope(TsParsedFile() / TsDeclModule(express-serve-static-core) / TsDeclInterface(IRouter))] 
[info ] ExpandCallables.scala:57 Expanded notify into 2 methods [id => express-serve-static-core, phase => typescript, scope => TreeScope(TsParsedFile() / TsDeclModule(express-serve-static-core) / TsDeclInterface(IRouter))] 
[info ] ExpandCallables.scala:57 Expanded propfind into 2 methods [id => express-serve-static-core, phase => typescript, scope => TreeScope(TsParsedFile() / TsDeclModule(express-serve-static-core) / TsDeclInterface(IRouter))] 
[info ] ExpandCallables.scala:57 Expanded proppatch into 2 methods [id => express-serve-static-core, phase => typescript, scope => TreeScope(TsParsedFile() / TsDeclModule(express-serve-static-core) / TsDeclInterface(IRouter))] 
[info ] ExpandCallables.scala:57 Expanded purge into 2 methods [id => express-serve-static-core, phase => typescript, scope => TreeScope(TsParsedFile() / TsDeclModule(express-serve-static-core) / TsDeclInterface(IRouter))] 
[info ] ExpandCallables.scala:57 Expanded report into 2 methods [id => express-serve-static-core, phase => typescript, scope => TreeScope(TsParsedFile() / TsDeclModule(express-serve-static-core) / TsDeclInterface(IRouter))] 
[info ] ExpandCallables.scala:57 Expanded search into 2 methods [id => express-serve-static-core, phase => typescript, scope => TreeScope(TsParsedFile() / TsDeclModule(express-serve-static-core) / TsDeclInterface(IRouter))] 
[info ] ExpandCallables.scala:57 Expanded subscribe into 2 methods [id => express-serve-static-core, phase => typescript, scope => TreeScope(TsParsedFile() / TsDeclModule(express-serve-static-core) / TsDeclInterface(IRouter))] 
[info ] ExpandCallables.scala:57 Expanded trace into 2 methods [id => express-serve-static-core, phase => typescript, scope => TreeScope(TsParsedFile() / TsDeclModule(express-serve-static-core) / TsDeclInterface(IRouter))] 
[info ] ExpandCallables.scala:57 Expanded unlock into 2 methods [id => express-serve-static-core, phase => typescript, scope => TreeScope(TsParsedFile() / TsDeclModule(express-serve-static-core) / TsDeclInterface(IRouter))] 
[info ] ExpandCallables.scala:57 Expanded unsubscribe into 2 methods [id => express-serve-static-core, phase => typescript, scope => TreeScope(TsParsedFile() / TsDeclModule(express-serve-static-core) / TsDeclInterface(IRouter))] 
[info ] ExpandCallables.scala:57 Expanded use into 4 methods [id => express-serve-static-core, phase => typescript, scope => TreeScope(TsParsedFile() / TsDeclModule(express-serve-static-core) / TsDeclInterface(IRouter))] 
[info ] ExpandCallables.scala:57 Expanded all into 2 methods [id => express-serve-static-core, phase => typescript, scope => TreeScope(TsParsedFile() / TsDeclModule(express-serve-static-core) / TsDeclInterface(IRoute))] 
[info ] ExpandCallables.scala:57 Expanded get into 2 methods [id => express-serve-static-core, phase => typescript, scope => TreeScope(TsParsedFile() / TsDeclModule(express-serve-static-core) / TsDeclInterface(IRoute))] 
[info ] ExpandCallables.scala:57 Expanded post into 2 methods [id => express-serve-static-core, phase => typescript, scope => TreeScope(TsParsedFile() / TsDeclModule(express-serve-static-core) / TsDeclInterface(IRoute))] 
[info ] ExpandCallables.scala:57 Expanded put into 2 methods [id => express-serve-static-core, phase => typescript, scope => TreeScope(TsParsedFile() / TsDeclModule(express-serve-static-core) / TsDeclInterface(IRoute))] 
[info ] ExpandCallables.scala:57 Expanded delete into 2 methods [id => express-serve-static-core, phase => typescript, scope => TreeScope(TsParsedFile() / TsDeclModule(express-serve-static-core) / TsDeclInterface(IRoute))] 
[info ] ExpandCallables.scala:57 Expanded patch into 2 methods [id => express-serve-static-core, phase => typescript, scope => TreeScope(TsParsedFile() / TsDeclModule(express-serve-static-core) / TsDeclInterface(IRoute))] 
[info ] ExpandCallables.scala:57 Expanded options into 2 methods [id => express-serve-static-core, phase => typescript, scope => TreeScope(TsParsedFile() / TsDeclModule(express-serve-static-core) / TsDeclInterface(IRoute))] 
[info ] ExpandCallables.scala:57 Expanded head into 2 methods [id => express-serve-static-core, phase => typescript, scope => TreeScope(TsParsedFile() / TsDeclModule(express-serve-static-core) / TsDeclInterface(IRoute))] 
[info ] ExpandCallables.scala:57 Expanded checkout into 2 methods [id => express-serve-static-core, phase => typescript, scope => TreeScope(TsParsedFile() / TsDeclModule(express-serve-static-core) / TsDeclInterface(IRoute))] 
[info ] ExpandCallables.scala:57 Expanded copy into 2 methods [id => express-serve-static-core, phase => typescript, scope => TreeScope(TsParsedFile() / TsDeclModule(express-serve-static-core) / TsDeclInterface(IRoute))] 
[info ] ExpandCallables.scala:57 Expanded lock into 2 methods [id => express-serve-static-core, phase => typescript, scope => TreeScope(TsParsedFile() / TsDeclModule(express-serve-static-core) / TsDeclInterface(IRoute))] 
[info ] ExpandCallables.scala:57 Expanded merge into 2 methods [id => express-serve-static-core, phase => typescript, scope => TreeScope(TsParsedFile() / TsDeclModule(express-serve-static-core) / TsDeclInterface(IRoute))] 
[info ] ExpandCallables.scala:57 Expanded mkactivity into 2 methods [id => express-serve-static-core, phase => typescript, scope => TreeScope(TsParsedFile() / TsDeclModule(express-serve-static-core) / TsDeclInterface(IRoute))] 
[info ] ExpandCallables.scala:57 Expanded mkcol into 2 methods [id => express-serve-static-core, phase => typescript, scope => TreeScope(TsParsedFile() / TsDeclModule(express-serve-static-core) / TsDeclInterface(IRoute))] 
[info ] ExpandCallables.scala:57 Expanded move into 2 methods [id => express-serve-static-core, phase => typescript, scope => TreeScope(TsParsedFile() / TsDeclModule(express-serve-static-core) / TsDeclInterface(IRoute))] 
[info ] ExpandCallables.scala:57 Expanded m-search into 2 methods [id => express-serve-static-core, phase => typescript, scope => TreeScope(TsParsedFile() / TsDeclModule(express-serve-static-core) / TsDeclInterface(IRoute))] 
[info ] ExpandCallables.scala:57 Expanded notify into 2 methods [id => express-serve-static-core, phase => typescript, scope => TreeScope(TsParsedFile() / TsDeclModule(express-serve-static-core) / TsDeclInterface(IRoute))] 
[info ] ExpandCallables.scala:57 Expanded purge into 2 methods [id => express-serve-static-core, phase => typescript, scope => TreeScope(TsParsedFile() / TsDeclModule(express-serve-static-core) / TsDeclInterface(IRoute))] 
[info ] ExpandCallables.scala:57 Expanded report into 2 methods [id => express-serve-static-core, phase => typescript, scope => TreeScope(TsParsedFile() / TsDeclModule(express-serve-static-core) / TsDeclInterface(IRoute))] 
[info ] ExpandCallables.scala:57 Expanded search into 2 methods [id => express-serve-static-core, phase => typescript, scope => TreeScope(TsParsedFile() / TsDeclModule(express-serve-static-core) / TsDeclInterface(IRoute))] 
[info ] ExpandCallables.scala:57 Expanded subscribe into 2 methods [id => express-serve-static-core, phase => typescript, scope => TreeScope(TsParsedFile() / TsDeclModule(express-serve-static-core) / TsDeclInterface(IRoute))] 
[info ] ExpandCallables.scala:57 Expanded trace into 2 methods [id => express-serve-static-core, phase => typescript, scope => TreeScope(TsParsedFile() / TsDeclModule(express-serve-static-core) / TsDeclInterface(IRoute))] 
[info ] ExpandCallables.scala:57 Expanded unlock into 2 methods [id => express-serve-static-core, phase => typescript, scope => TreeScope(TsParsedFile() / TsDeclModule(express-serve-static-core) / TsDeclInterface(IRoute))] 
[info ] ExpandCallables.scala:57 Expanded unsubscribe into 2 methods [id => express-serve-static-core, phase => typescript, scope => TreeScope(TsParsedFile() / TsDeclModule(express-serve-static-core) / TsDeclInterface(IRoute))] 
[info ] PreferTypeAlias.scala:112 Simplified to type alias [id => express-serve-static-core, phase => typescript, scope => TreeScope(TsParsedFile() / TsDeclModule(express-serve-static-core) / TsDeclInterface(Router))] 
[info ] PreferTypeAlias.scala:112 Simplified to type alias [id => express-serve-static-core, phase => typescript, scope => TreeScope(TsParsedFile() / TsDeclModule(express-serve-static-core) / TsDeclInterface(RequestRanges))] 
[info ] ExpandCallables.scala:57 Expanded app into 2 methods [id => express-serve-static-core, phase => typescript, scope => TreeScope(TsParsedFile() / TsDeclModule(express-serve-static-core) / TsDeclInterface(Request))] 
[info ] ExpandCallables.scala:57 Expanded send into 1 methods [id => express-serve-static-core, phase => typescript, scope => TreeScope(TsParsedFile() / TsDeclModule(express-serve-static-core) / TsDeclInterface(Response))] 
[info ] ExpandCallables.scala:57 Expanded json into 1 methods [id => express-serve-static-core, phase => typescript, scope => TreeScope(TsParsedFile() / TsDeclModule(express-serve-static-core) / TsDeclInterface(Response))] 
[info ] ExpandCallables.scala:57 Expanded jsonp into 1 methods [id => express-serve-static-core, phase => typescript, scope => TreeScope(TsParsedFile() / TsDeclModule(express-serve-static-core) / TsDeclInterface(Response))] 
[info ] ExpandCallables.scala:57 Expanded app into 2 methods [id => express-serve-static-core, phase => typescript, scope => TreeScope(TsParsedFile() / TsDeclModule(express-serve-static-core) / TsDeclInterface(Response))] 
[info ] PreferTypeAlias.scala:112 Simplified to type alias [id => express-serve-static-core, phase => typescript, scope => TreeScope(TsParsedFile() / TsDeclModule(express-serve-static-core) / TsDeclInterface(Handler))] 
[info ] ExpandCallables.scala:57 Expanded get into 3 methods [id => express-serve-static-core, phase => typescript, scope => TreeScope(TsParsedFile() / TsDeclModule(express-serve-static-core) / TsDeclInterface(Application))] 
[info ] ExpandCallables.scala:57 Expanded use into 5 methods [id => express-serve-static-core, phase => typescript, scope => TreeScope(TsParsedFile() / TsDeclModule(express-serve-static-core) / TsDeclInterface(Application))] 
[debug] PhaseRunner.scala:78 Success [id => express-serve-static-core, phase => typescript] 
[warn ] Phase2ToScalaJs.scala:34 Processing TsIdentLibrarySimple(express-serve-static-core) [id => express-serve-static-core, phase => scala.js] 
[info ] RemoveMultipleInheritance.scala:39 Dropped parents List(expressDashServeDashStaticDashCoreLib.expressDashServeDashStaticDashCoreMod.IRouter because Inheritance from two classes) [id => express-serve-static-core, phase => scala.js, this => Name(expressDashServeDashStaticDashCoreLib) / Name(expressDashServeDashStaticDashCoreMod) / Name(Application)] 
[info ] InferMemberOverrides.scala:84 added override methods List(Name(pipe), Name(pipe)) [id => express-serve-static-core, phase => scala.js, this => Name(expressDashServeDashStaticDashCoreLib) / Name(expressDashServeDashStaticDashCoreMod) / Name(Request)] 
[debug] PhaseRunner.scala:78 Success [id => express-serve-static-core, phase => scala.js] 
[warn ] PhaseRunner.scala:64 Failed because of, [node => Compilation failed] [id => express-serve-static-core, phase => build] 
[debug] PhaseRunner.scala:82 Failure, [node => Compilation failed] [id => express-serve-static-core, phase => build] 
