[debug] PhaseRunner.scala:78 Success [id => express, phase => typescript] 
[info ] Phase1ReadTypescript.scala:152 Preprocessing TsHelperFile(InFile(/home/tso/tmp/tso-cache/DefinitelyTyped/types/express/index.d.ts),FromFolder(InFolder(/home/tso/tmp/tso-cache/DefinitelyTyped/types/express),TsIdentLibrarySimple(express)),TsIdentModule(None,List(express))) [id => express, phase => typescript] 
[info ] InferredDefaultModule.scala:39 Inferred module TsIdentModule(None,List(express)) [id => express, phase => typescript] 
[warn ] Phase1ReadTypescript.scala:190 Processing TsIdentLibrarySimple(express) [id => express, phase => typescript] 
[info ] ResolveTypeQueries.scala:94 Resolved TsTypeQuery(TsQIdent(List(TsIdentLibrarySimple(body-parser), TsIdentModule(None,List(body-parser)), TsIdentSimple(json)))) [id => express, phase => typescript, scope => TreeScope(TsParsedFile() / TsDeclModule(express) / TsDeclNamespace(e) / TsDeclVar(json) / TsTypeQuery())] 
[info ] ResolveTypeQueries.scala:94 Resolved TsTypeQuery(TsQIdent(List(TsIdentLibrarySimple(serve-static), TsIdentModule(None,List(serve-static)), TsIdentSimple(namespaced)))) [id => express, phase => typescript, scope => TreeScope(TsParsedFile() / TsDeclModule(express) / TsDeclNamespace(e) / TsDeclVar(static) / TsTypeQuery())] 
[info ] ResolveTypeQueries.scala:94 Resolved TsTypeQuery(TsQIdent(List(TsIdentLibrarySimple(body-parser), TsIdentModule(None,List(body-parser)), TsIdentSimple(urlencoded)))) [id => express, phase => typescript, scope => TreeScope(TsParsedFile() / TsDeclModule(express) / TsDeclNamespace(e) / TsDeclVar(urlencoded) / TsTypeQuery())] 
[info ] PreferTypeAlias.scala:97 Could not simplify Response to function type alias because of circular references Vector(TsIdentSimple(Response)) [id => express, phase => typescript, scope => TreeScope(TsParsedFile() / TsDeclModule(express) / TsDeclNamespace(e) / TsDeclInterface(Response))] 
[info ] PreferTypeAlias.scala:97 Could not simplify Application to function type alias because of circular references Vector(TsIdentSimple(Application)) [id => express, phase => typescript, scope => TreeScope(TsParsedFile() / TsDeclModule(express) / TsDeclNamespace(e) / TsDeclInterface(Application))] 
[info ] PreferTypeAlias.scala:97 Could not simplify CookieOptions to function type alias because of circular references Vector(TsIdentSimple(CookieOptions)) [id => express, phase => typescript, scope => TreeScope(TsParsedFile() / TsDeclModule(express) / TsDeclNamespace(e) / TsDeclInterface(CookieOptions))] 
[info ] PreferTypeAlias.scala:97 Could not simplify Errback to function type alias because of circular references Vector(TsIdentSimple(Errback)) [id => express, phase => typescript, scope => TreeScope(TsParsedFile() / TsDeclModule(express) / TsDeclNamespace(e) / TsDeclInterface(Errback))] 
[info ] PreferTypeAlias.scala:97 Could not simplify ErrorRequestHandler to function type alias because of circular references Vector(TsIdentSimple(ErrorRequestHandler)) [id => express, phase => typescript, scope => TreeScope(TsParsedFile() / TsDeclModule(express) / TsDeclNamespace(e) / TsDeclInterface(ErrorRequestHandler))] 
[info ] PreferTypeAlias.scala:97 Could not simplify Express to function type alias because of circular references Vector(TsIdentSimple(Express)) [id => express, phase => typescript, scope => TreeScope(TsParsedFile() / TsDeclModule(express) / TsDeclNamespace(e) / TsDeclInterface(Express))] 
[info ] PreferTypeAlias.scala:97 Could not simplify Handler to function type alias because of circular references Vector(TsIdentSimple(Handler)) [id => express, phase => typescript, scope => TreeScope(TsParsedFile() / TsDeclModule(express) / TsDeclNamespace(e) / TsDeclInterface(Handler))] 
[info ] PreferTypeAlias.scala:97 Could not simplify IRoute to function type alias because of circular references Vector(TsIdentSimple(IRoute)) [id => express, phase => typescript, scope => TreeScope(TsParsedFile() / TsDeclModule(express) / TsDeclNamespace(e) / TsDeclInterface(IRoute))] 
[info ] PreferTypeAlias.scala:97 Could not simplify IRouter to function type alias because of circular references Vector(TsIdentSimple(IRouter)) [id => express, phase => typescript, scope => TreeScope(TsParsedFile() / TsDeclModule(express) / TsDeclNamespace(e) / TsDeclInterface(IRouter))] 
[info ] PreferTypeAlias.scala:97 Could not simplify IRouterHandler to function type alias because of circular references Vector(TsIdentSimple(IRouterHandler)) [id => express, phase => typescript, scope => TreeScope(TsParsedFile() / TsDeclModule(express) / TsDeclNamespace(e) / TsDeclInterface(IRouterHandler))] 
[info ] PreferTypeAlias.scala:97 Could not simplify IRouterMatcher to function type alias because of circular references Vector(TsIdentSimple(IRouterMatcher)) [id => express, phase => typescript, scope => TreeScope(TsParsedFile() / TsDeclModule(express) / TsDeclNamespace(e) / TsDeclInterface(IRouterMatcher))] 
[info ] PreferTypeAlias.scala:97 Could not simplify MediaType to function type alias because of circular references Vector(TsIdentSimple(MediaType)) [id => express, phase => typescript, scope => TreeScope(TsParsedFile() / TsDeclModule(express) / TsDeclNamespace(e) / TsDeclInterface(MediaType))] 
[info ] PreferTypeAlias.scala:97 Could not simplify NextFunction to function type alias because of circular references Vector(TsIdentSimple(NextFunction)) [id => express, phase => typescript, scope => TreeScope(TsParsedFile() / TsDeclModule(express) / TsDeclNamespace(e) / TsDeclInterface(NextFunction))] 
[info ] PreferTypeAlias.scala:97 Could not simplify Request to function type alias because of circular references Vector(TsIdentSimple(Request)) [id => express, phase => typescript, scope => TreeScope(TsParsedFile() / TsDeclModule(express) / TsDeclNamespace(e) / TsDeclInterface(Request))] 
[info ] PreferTypeAlias.scala:97 Could not simplify RequestHandler to function type alias because of circular references Vector(TsIdentSimple(RequestHandler)) [id => express, phase => typescript, scope => TreeScope(TsParsedFile() / TsDeclModule(express) / TsDeclNamespace(e) / TsDeclInterface(RequestHandler))] 
[info ] PreferTypeAlias.scala:97 Could not simplify RequestParamHandler to function type alias because of circular references Vector(TsIdentSimple(RequestParamHandler)) [id => express, phase => typescript, scope => TreeScope(TsParsedFile() / TsDeclModule(express) / TsDeclNamespace(e) / TsDeclInterface(RequestParamHandler))] 
[info ] PreferTypeAlias.scala:97 Could not simplify Router to function type alias because of circular references Vector(TsIdentSimple(Router)) [id => express, phase => typescript, scope => TreeScope(TsParsedFile() / TsDeclModule(express) / TsDeclNamespace(e) / TsDeclInterface(Router))] 
[info ] PreferTypeAlias.scala:97 Could not simplify Send to function type alias because of circular references Vector(TsIdentSimple(Send)) [id => express, phase => typescript, scope => TreeScope(TsParsedFile() / TsDeclModule(express) / TsDeclNamespace(e) / TsDeclInterface(Send))] 
[debug] PhaseRunner.scala:78 Success [id => express, phase => typescript] 
[warn ] Phase2ToScalaJs.scala:34 Processing TsIdentLibrarySimple(express) [id => express, phase => scala.js] 
[debug] PhaseRunner.scala:78 Success [id => express, phase => scala.js] 
[warn ] PhaseRunner.scala:64 Failed because of, [node => Compilation failed] [id => express, phase => build] 
[debug] PhaseRunner.scala:82 Failure, [node => Compilation failed] [id => express, phase => build] 
