[debug] PhaseRunner.scala:78 Success [id => fabric, phase => typescript] 
[debug] PhaseRunner.scala:78 Success [id => fabric, phase => typescript] 
[info ] Phase1ReadTypescript.scala:152 Preprocessing TsHelperFile(InFile(/home/tso/tmp/tso-cache/DefinitelyTyped/types/fabric/fabric-impl.d.ts),FromFolder(InFolder(/home/tso/tmp/tso-cache/DefinitelyTyped/types/fabric),TsIdentLibrarySimple(fabric)),TsIdentModule(None,List(fabric, fabric-impl))) [id => fabric, phase => typescript] 
[info ] InferredDefaultModule.scala:39 Inferred module TsIdentModule(None,List(fabric, fabric-impl)) [id => fabric, phase => typescript] 
[info ] Phase1ReadTypescript.scala:152 Preprocessing TsHelperFile(InFile(/home/tso/tmp/tso-cache/DefinitelyTyped/types/fabric/index.d.ts),FromFolder(InFolder(/home/tso/tmp/tso-cache/DefinitelyTyped/types/fabric),TsIdentLibrarySimple(fabric)),TsIdentModule(None,List(fabric))) [id => fabric, phase => typescript] 
[info ] InferredDefaultModule.scala:39 Inferred module TsIdentModule(None,List(fabric)) [id => fabric, phase => typescript] 
[warn ] Phase1ReadTypescript.scala:190 Processing TsIdentLibrarySimple(fabric) [id => fabric, phase => typescript] 
[info ] PreferTypeAlias.scala:112 Simplified to type alias [id => fabric, phase => typescript, scope => TreeScope(TsParsedFile() / TsDeclModule(fabric/fabric-impl) / TsDeclInterface(ITriangleOptions))] 
[info ] ExpandCallables.scala:57 Expanded easeInBack into 1 methods [id => fabric, phase => typescript, scope => TreeScope(TsParsedFile() / TsDeclModule(fabric/fabric-impl) / TsDeclInterface(IUtilAnimEase))] 
[info ] ExpandCallables.scala:57 Expanded easeInBounce into 1 methods [id => fabric, phase => typescript, scope => TreeScope(TsParsedFile() / TsDeclModule(fabric/fabric-impl) / TsDeclInterface(IUtilAnimEase))] 
[info ] ExpandCallables.scala:57 Expanded easeInCirc into 1 methods [id => fabric, phase => typescript, scope => TreeScope(TsParsedFile() / TsDeclModule(fabric/fabric-impl) / TsDeclInterface(IUtilAnimEase))] 
[info ] ExpandCallables.scala:57 Expanded easeInCubic into 1 methods [id => fabric, phase => typescript, scope => TreeScope(TsParsedFile() / TsDeclModule(fabric/fabric-impl) / TsDeclInterface(IUtilAnimEase))] 
[info ] ExpandCallables.scala:57 Expanded easeInElastic into 1 methods [id => fabric, phase => typescript, scope => TreeScope(TsParsedFile() / TsDeclModule(fabric/fabric-impl) / TsDeclInterface(IUtilAnimEase))] 
[info ] ExpandCallables.scala:57 Expanded easeInExpo into 1 methods [id => fabric, phase => typescript, scope => TreeScope(TsParsedFile() / TsDeclModule(fabric/fabric-impl) / TsDeclInterface(IUtilAnimEase))] 
[info ] ExpandCallables.scala:57 Expanded easeInOutBack into 1 methods [id => fabric, phase => typescript, scope => TreeScope(TsParsedFile() / TsDeclModule(fabric/fabric-impl) / TsDeclInterface(IUtilAnimEase))] 
[info ] ExpandCallables.scala:57 Expanded easeInOutBounce into 1 methods [id => fabric, phase => typescript, scope => TreeScope(TsParsedFile() / TsDeclModule(fabric/fabric-impl) / TsDeclInterface(IUtilAnimEase))] 
[info ] ExpandCallables.scala:57 Expanded easeInOutCirc into 1 methods [id => fabric, phase => typescript, scope => TreeScope(TsParsedFile() / TsDeclModule(fabric/fabric-impl) / TsDeclInterface(IUtilAnimEase))] 
[info ] ExpandCallables.scala:57 Expanded easeInOutCubic into 1 methods [id => fabric, phase => typescript, scope => TreeScope(TsParsedFile() / TsDeclModule(fabric/fabric-impl) / TsDeclInterface(IUtilAnimEase))] 
[info ] ExpandCallables.scala:57 Expanded easeInOutElastic into 1 methods [id => fabric, phase => typescript, scope => TreeScope(TsParsedFile() / TsDeclModule(fabric/fabric-impl) / TsDeclInterface(IUtilAnimEase))] 
[info ] ExpandCallables.scala:57 Expanded easeInOutExpo into 1 methods [id => fabric, phase => typescript, scope => TreeScope(TsParsedFile() / TsDeclModule(fabric/fabric-impl) / TsDeclInterface(IUtilAnimEase))] 
[info ] ExpandCallables.scala:57 Expanded easeInOutQuad into 1 methods [id => fabric, phase => typescript, scope => TreeScope(TsParsedFile() / TsDeclModule(fabric/fabric-impl) / TsDeclInterface(IUtilAnimEase))] 
[info ] ExpandCallables.scala:57 Expanded easeInOutQuart into 1 methods [id => fabric, phase => typescript, scope => TreeScope(TsParsedFile() / TsDeclModule(fabric/fabric-impl) / TsDeclInterface(IUtilAnimEase))] 
[info ] ExpandCallables.scala:57 Expanded easeInOutQuint into 1 methods [id => fabric, phase => typescript, scope => TreeScope(TsParsedFile() / TsDeclModule(fabric/fabric-impl) / TsDeclInterface(IUtilAnimEase))] 
[info ] ExpandCallables.scala:57 Expanded easeInOutSine into 1 methods [id => fabric, phase => typescript, scope => TreeScope(TsParsedFile() / TsDeclModule(fabric/fabric-impl) / TsDeclInterface(IUtilAnimEase))] 
[info ] ExpandCallables.scala:57 Expanded easeInQuad into 1 methods [id => fabric, phase => typescript, scope => TreeScope(TsParsedFile() / TsDeclModule(fabric/fabric-impl) / TsDeclInterface(IUtilAnimEase))] 
[info ] ExpandCallables.scala:57 Expanded easeInQuart into 1 methods [id => fabric, phase => typescript, scope => TreeScope(TsParsedFile() / TsDeclModule(fabric/fabric-impl) / TsDeclInterface(IUtilAnimEase))] 
[info ] ExpandCallables.scala:57 Expanded easeInQuint into 1 methods [id => fabric, phase => typescript, scope => TreeScope(TsParsedFile() / TsDeclModule(fabric/fabric-impl) / TsDeclInterface(IUtilAnimEase))] 
[info ] ExpandCallables.scala:57 Expanded easeInSine into 1 methods [id => fabric, phase => typescript, scope => TreeScope(TsParsedFile() / TsDeclModule(fabric/fabric-impl) / TsDeclInterface(IUtilAnimEase))] 
[info ] ExpandCallables.scala:57 Expanded easeOutBack into 1 methods [id => fabric, phase => typescript, scope => TreeScope(TsParsedFile() / TsDeclModule(fabric/fabric-impl) / TsDeclInterface(IUtilAnimEase))] 
[info ] ExpandCallables.scala:57 Expanded easeOutBounce into 1 methods [id => fabric, phase => typescript, scope => TreeScope(TsParsedFile() / TsDeclModule(fabric/fabric-impl) / TsDeclInterface(IUtilAnimEase))] 
[info ] ExpandCallables.scala:57 Expanded easeOutCirc into 1 methods [id => fabric, phase => typescript, scope => TreeScope(TsParsedFile() / TsDeclModule(fabric/fabric-impl) / TsDeclInterface(IUtilAnimEase))] 
[info ] ExpandCallables.scala:57 Expanded easeOutCubic into 1 methods [id => fabric, phase => typescript, scope => TreeScope(TsParsedFile() / TsDeclModule(fabric/fabric-impl) / TsDeclInterface(IUtilAnimEase))] 
[info ] ExpandCallables.scala:57 Expanded easeOutElastic into 1 methods [id => fabric, phase => typescript, scope => TreeScope(TsParsedFile() / TsDeclModule(fabric/fabric-impl) / TsDeclInterface(IUtilAnimEase))] 
[info ] ExpandCallables.scala:57 Expanded easeOutExpo into 1 methods [id => fabric, phase => typescript, scope => TreeScope(TsParsedFile() / TsDeclModule(fabric/fabric-impl) / TsDeclInterface(IUtilAnimEase))] 
[info ] ExpandCallables.scala:57 Expanded easeOutQuad into 1 methods [id => fabric, phase => typescript, scope => TreeScope(TsParsedFile() / TsDeclModule(fabric/fabric-impl) / TsDeclInterface(IUtilAnimEase))] 
[info ] ExpandCallables.scala:57 Expanded easeOutQuart into 1 methods [id => fabric, phase => typescript, scope => TreeScope(TsParsedFile() / TsDeclModule(fabric/fabric-impl) / TsDeclInterface(IUtilAnimEase))] 
[info ] ExpandCallables.scala:57 Expanded easeOutQuint into 1 methods [id => fabric, phase => typescript, scope => TreeScope(TsParsedFile() / TsDeclModule(fabric/fabric-impl) / TsDeclInterface(IUtilAnimEase))] 
[info ] ExpandCallables.scala:57 Expanded easeOutSine into 1 methods [id => fabric, phase => typescript, scope => TreeScope(TsParsedFile() / TsDeclModule(fabric/fabric-impl) / TsDeclInterface(IUtilAnimEase))] 
[info ] ExtractInterfaces.scala:30 Extracted anonymous interface TsIdentSimple(Anon_Y) [id => fabric, phase => typescript, scope => TreeScope(TsParsedFile() / TsDeclModule(fabric/fabric-impl) / TsDeclClass(PencilBrush) / TsMemberFunction(convertPointsToSVGPath) / TsFunSig() / TsFunParam() / TsTypeRef() / TsTypeObject())] 
[info ] ExtractInterfaces.scala:30 Extracted anonymous interface TsIdentSimple(Anon_Y) [id => fabric, phase => typescript, scope => TreeScope(TsParsedFile() / TsDeclModule(fabric/fabric-impl) / TsDeclClass(PencilBrush) / TsMemberFunction(convertPointsToSVGPath) / TsFunSig() / TsFunParam() / TsTypeRef() / TsTypeObject())] 
[info ] ExtractInterfaces.scala:30 Extracted anonymous interface TsIdentSimple(Anon_Y) [id => fabric, phase => typescript, scope => TreeScope(TsParsedFile() / TsDeclModule(fabric/fabric-impl) / TsDeclClass(PencilBrush) / TsMemberFunction(convertPointsToSVGPath) / TsFunSig() / TsFunParam() / TsTypeRef() / TsTypeObject())] 
[info ] ExtractInterfaces.scala:30 Extracted anonymous interface TsIdentSimple(Anon_Tr) [id => fabric, phase => typescript, scope => TreeScope(TsParsedFile() / TsDeclModule(fabric/fabric-impl) / TsDeclInterface(IObjectOptions) / TsMemberProperty(aCoords) / TsTypeObject())] 
[info ] ExtractInterfaces.scala:30 Extracted anonymous interface TsIdentSimple(Anon_OnComplete) [id => fabric, phase => typescript, scope => TreeScope(TsParsedFile() / TsDeclModule(fabric/fabric-impl) / TsDeclInterface(IUtilDomRequest) / TsMemberFunction(request) / TsFunSig() / TsFunParam() / TsTypeObject())] 
[info ] ExtractInterfaces.scala:30 Extracted anonymous interface TsIdentSimple(Anon_Y) [id => fabric, phase => typescript, scope => TreeScope(TsParsedFile() / TsDeclModule(fabric/fabric-impl) / TsDeclClass(Polygon) / TsMemberFunction(constructor) / TsFunSig() / TsFunParam() / TsTypeRef() / TsTypeObject())] 
[info ] ExtractInterfaces.scala:30 Extracted anonymous interface TsIdentSimple(Anon_Y) [id => fabric, phase => typescript, scope => TreeScope(TsParsedFile() / TsDeclModule(fabric/fabric-impl) / TsDeclClass(Polygon) / TsMemberFunction(constructor) / TsFunSig() / TsFunParam() / TsTypeRef() / TsTypeObject())] 
[info ] ExtractInterfaces.scala:30 Extracted anonymous interface TsIdentSimple(Anon_Y) [id => fabric, phase => typescript, scope => TreeScope(TsParsedFile() / TsDeclModule(fabric/fabric-impl) / TsDeclClass(Polygon) / TsMemberFunction(constructor) / TsFunSig() / TsFunParam() / TsTypeRef() / TsTypeObject())] 
[info ] ExtractInterfaces.scala:30 Extracted anonymous interface TsIdentSimple(Anon_Corner) [id => fabric, phase => typescript, scope => TreeScope(TsParsedFile() / TsDeclModule(fabric/fabric-impl) / TsDeclInterface(IEvent) / TsMemberProperty(transform) / TsTypeObject())] 
[info ] ExtractInterfaces.scala:30 Extracted anonymous interface TsIdentSimple(Anon_Y) [id => fabric, phase => typescript, scope => TreeScope(TsParsedFile() / TsDeclModule(fabric/fabric-impl) / TsDeclClass(Polyline) / TsMemberFunction(constructor) / TsFunSig() / TsFunParam() / TsTypeRef() / TsTypeObject())] 
[info ] ExtractInterfaces.scala:30 Extracted anonymous interface TsIdentSimple(Anon_Y) [id => fabric, phase => typescript, scope => TreeScope(TsParsedFile() / TsDeclModule(fabric/fabric-impl) / TsDeclClass(Polyline) / TsMemberFunction(constructor) / TsFunSig() / TsFunParam() / TsTypeRef() / TsTypeObject())] 
[info ] ExtractInterfaces.scala:30 Extracted anonymous interface TsIdentSimple(Anon_StateProperties) [id => fabric, phase => typescript, scope => TreeScope(TsParsedFile() / TsDeclModule(fabric/fabric-impl) / TsDeclClass(Object) / TsMemberFunction(saveState) / TsFunSig() / TsFunParam() / TsTypeObject())] 
[info ] ExtractInterfaces.scala:30 Extracted anonymous interface TsIdentSimple(Anon_Mb) [id => fabric, phase => typescript, scope => TreeScope(TsParsedFile() / TsDeclModule(fabric/fabric-impl) / TsDeclClass(Object) / TsMemberFunction(setControlsVisibility) / TsFunSig() / TsFunParam() / TsTypeObject())] 
[info ] ExtractInterfaces.scala:30 Extracted anonymous interface TsIdentSimple(Anon_Top) [id => fabric, phase => typescript, scope => TreeScope(TsParsedFile() / TsDeclModule(fabric/fabric-impl) / TsDeclClass(Object) / TsMemberFunction(getBoundingRect) / TsFunSig() / TsTypeObject())] 
[info ] ExtractInterfaces.scala:30 Extracted anonymous interface TsIdentSimple(Anon_Top) [id => fabric, phase => typescript, scope => TreeScope(TsParsedFile() / TsDeclModule(fabric/fabric-impl) / TsDeclClass(Object) / TsMemberFunction(getBoundingRect) / TsFunSig() / TsTypeObject())] 
[info ] ExtractInterfaces.scala:30 Extracted anonymous interface TsIdentSimple(Anon_Top) [id => fabric, phase => typescript, scope => TreeScope(TsParsedFile() / TsDeclModule(fabric/fabric-impl) / TsDeclClass(Object) / TsMemberFunction(getBoundingRect) / TsFunSig() / TsTypeObject())] 
[info ] ExtractInterfaces.scala:30 Extracted anonymous interface TsIdentSimple(Anon_Y) [id => fabric, phase => typescript, scope => TreeScope(TsParsedFile() / TsDeclModule(fabric/fabric-impl) / TsDeclClass(Object) / TsMemberFunction(getLocalPointer) / TsFunSig() / TsTypeObject())] 
[info ] ExtractInterfaces.scala:30 Extracted anonymous interface TsIdentSimple(Anon_Y) [id => fabric, phase => typescript, scope => TreeScope(TsParsedFile() / TsDeclModule(fabric/fabric-impl) / TsDeclClass(Object) / TsMemberFunction(getLocalPointer) / TsFunSig() / TsFunParam() / TsTypeObject())] 
[info ] ExtractInterfaces.scala:30 Extracted anonymous interface TsIdentSimple(Anon_Y) [id => fabric, phase => typescript, scope => TreeScope(TsParsedFile() / TsDeclModule(fabric/fabric-impl) / TsDeclClass(Object) / TsMemberFunction(getLocalPointer) / TsFunSig() / TsTypeObject())] 
[info ] ExtractInterfaces.scala:30 Extracted anonymous interface TsIdentSimple(Anon_Left) [id => fabric, phase => typescript, scope => TreeScope(TsParsedFile() / TsDeclModule(fabric/fabric-impl) / TsDeclInterface(IUtilDomMisc) / TsMemberFunction(getElementOffset) / TsFunSig() / TsTypeObject())] 
[info ] ExtractInterfaces.scala:30 Extracted anonymous interface TsIdentSimple(Anon_Left) [id => fabric, phase => typescript, scope => TreeScope(TsParsedFile() / TsDeclModule(fabric/fabric-impl) / TsDeclInterface(IUtilDomMisc) / TsMemberFunction(getScrollLeftTop) / TsFunSig() / TsTypeObject())] 
[info ] ExtractInterfaces.scala:30 Extracted anonymous interface TsIdentSimple(Anon_TranslateX) [id => fabric, phase => typescript, scope => TreeScope(TsParsedFile() / TsDeclModule(fabric/fabric-impl) / TsDeclInterface(IUtilMisc) / TsMemberFunction(qrDecompose) / TsFunSig() / TsTypeObject())] 
[info ] ExtractInterfaces.scala:30 Extracted anonymous interface TsIdentSimple(Anon_Y) [id => fabric, phase => typescript, scope => TreeScope(TsParsedFile() / TsDeclModule(fabric/fabric-impl) / TsDeclInterface(IUtilMisc) / TsMemberFunction(rotateVector) / TsFunSig() / TsFunParam() / TsTypeObject())] 
[info ] ExtractInterfaces.scala:30 Extracted anonymous interface TsIdentSimple(Anon_Y) [id => fabric, phase => typescript, scope => TreeScope(TsParsedFile() / TsDeclModule(fabric/fabric-impl) / TsDeclInterface(IUtilMisc) / TsMemberFunction(rotateVector) / TsFunSig() / TsTypeObject())] 
[info ] ExtractInterfaces.scala:30 Extracted anonymous interface TsIdentSimple(Anon_TopLeft) [id => fabric, phase => typescript, scope => TreeScope(TsParsedFile() / TsDeclModule(fabric/fabric-impl) / TsDeclClass(StaticCanvas) / TsMemberFunction(getCenter) / TsFunSig() / TsTypeObject())] 
[info ] ExtractInterfaces.scala:30 Extracted anonymous interface TsIdentSimple(Anon_Height) [id => fabric, phase => typescript, scope => TreeScope(TsParsedFile() / TsDeclModule(fabric/fabric-impl) / TsDeclClass(Image) / TsMemberFunction(getOriginalSize) / TsFunSig() / TsTypeObject())] 
[info ] ExtractInterfaces.scala:30 Extracted anonymous interface TsIdentSimple(Anon_Options) [id => fabric, phase => typescript, scope => TreeScope(TsParsedFile() / TsDeclModule(fabric/fabric-impl) / TsDeclInterface(IAllFilters) / TsMemberProperty(Grayscale) / TsTypeObject())] 
[info ] ExtractInterfaces.scala:30 Extracted anonymous interface TsIdentSimple(Anon_Threshold) [id => fabric, phase => typescript, scope => TreeScope(TsParsedFile() / TsDeclModule(fabric/fabric-impl) / TsDeclInterface(IAllFilters) / TsMemberProperty(RemoveWhite) / TsTypeObject() / TsMemberCtor() / TsFunSig() / TsFunParam() / TsTypeObject())] 
[info ] ExtractInterfaces.scala:30 Extracted anonymous interface TsIdentSimple(Anon_OptionsFromObject) [id => fabric, phase => typescript, scope => TreeScope(TsParsedFile() / TsDeclModule(fabric/fabric-impl) / TsDeclInterface(IAllFilters) / TsMemberProperty(RemoveWhite) / TsTypeObject())] 
[info ] ExtractInterfaces.scala:30 Extracted anonymous interface TsIdentSimple(Anon_OptionsIBaseFilter) [id => fabric, phase => typescript, scope => TreeScope(TsParsedFile() / TsDeclModule(fabric/fabric-impl) / TsDeclInterface(IAllFilters) / TsMemberProperty(BaseFilter) / TsTypeObject())] 
[info ] ExtractInterfaces.scala:30 Extracted anonymous interface TsIdentSimple(Anon_OptionsFromObjectObject) [id => fabric, phase => typescript, scope => TreeScope(TsParsedFile() / TsDeclModule(fabric/fabric-impl) / TsDeclInterface(IAllFilters) / TsMemberProperty(Sepia) / TsTypeObject())] 
[info ] ExtractInterfaces.scala:30 Extracted anonymous interface TsIdentSimple(Anon_ThresholdNumber) [id => fabric, phase => typescript, scope => TreeScope(TsParsedFile() / TsDeclModule(fabric/fabric-impl) / TsDeclInterface(IAllFilters) / TsMemberProperty(GradientTransparency) / TsTypeObject() / TsMemberCtor() / TsFunSig() / TsFunParam() / TsTypeObject())] 
[info ] ExtractInterfaces.scala:30 Extracted anonymous interface TsIdentSimple(Anon_OptionsFromObjectObjectIGradientTransparencyFilter) [id => fabric, phase => typescript, scope => TreeScope(TsParsedFile() / TsDeclModule(fabric/fabric-impl) / TsDeclInterface(IAllFilters) / TsMemberProperty(GradientTransparency) / TsTypeObject())] 
[info ] ExtractInterfaces.scala:30 Extracted anonymous interface TsIdentSimple(Anon_OptionsFromObjectObjectIResizeFilter) [id => fabric, phase => typescript, scope => TreeScope(TsParsedFile() / TsDeclModule(fabric/fabric-impl) / TsDeclInterface(IAllFilters) / TsMemberProperty(Resize) / TsTypeObject())] 
[info ] ExtractInterfaces.scala:30 Extracted anonymous interface TsIdentSimple(Anon_Color) [id => fabric, phase => typescript, scope => TreeScope(TsParsedFile() / TsDeclModule(fabric/fabric-impl) / TsDeclInterface(IAllFilters) / TsMemberProperty(Multiply) / TsTypeObject() / TsMemberCtor() / TsFunSig() / TsFunParam() / TsTypeObject())] 
[info ] ExtractInterfaces.scala:30 Extracted anonymous interface TsIdentSimple(Anon_OptionsFromObjectObjectIMultiplyFilter) [id => fabric, phase => typescript, scope => TreeScope(TsParsedFile() / TsDeclModule(fabric/fabric-impl) / TsDeclInterface(IAllFilters) / TsMemberProperty(Multiply) / TsTypeObject())] 
[info ] ExtractInterfaces.scala:30 Extracted anonymous interface TsIdentSimple(Anon_Brightness) [id => fabric, phase => typescript, scope => TreeScope(TsParsedFile() / TsDeclModule(fabric/fabric-impl) / TsDeclInterface(IAllFilters) / TsMemberProperty(Brightness) / TsTypeObject() / TsMemberCtor() / TsFunSig() / TsFunParam() / TsTypeObject())] 
[info ] ExtractInterfaces.scala:30 Extracted anonymous interface TsIdentSimple(Anon_OptionsFromObjectObjectIBrightnessFilter) [id => fabric, phase => typescript, scope => TreeScope(TsParsedFile() / TsDeclModule(fabric/fabric-impl) / TsDeclInterface(IAllFilters) / TsMemberProperty(Brightness) / TsTypeObject())] 
[info ] ExtractInterfaces.scala:30 Extracted anonymous interface TsIdentSimple(Anon_OptionsFromObjectObjectISepia2Filter) [id => fabric, phase => typescript, scope => TreeScope(TsParsedFile() / TsDeclModule(fabric/fabric-impl) / TsDeclInterface(IAllFilters) / TsMemberProperty(Sepia2) / TsTypeObject())] 
[info ] ExtractInterfaces.scala:30 Extracted anonymous interface TsIdentSimple(Anon_Matrix) [id => fabric, phase => typescript, scope => TreeScope(TsParsedFile() / TsDeclModule(fabric/fabric-impl) / TsDeclInterface(IAllFilters) / TsMemberProperty(Convolute) / TsTypeObject() / TsMemberCtor() / TsFunSig() / TsFunParam() / TsTypeObject())] 
[info ] ExtractInterfaces.scala:30 Extracted anonymous interface TsIdentSimple(Anon_OptionsFromObjectObjectIConvoluteFilter) [id => fabric, phase => typescript, scope => TreeScope(TsParsedFile() / TsDeclModule(fabric/fabric-impl) / TsDeclInterface(IAllFilters) / TsMemberProperty(Convolute) / TsTypeObject())] 
[info ] ExtractInterfaces.scala:30 Extracted anonymous interface TsIdentSimple(Anon_Alpha) [id => fabric, phase => typescript, scope => TreeScope(TsParsedFile() / TsDeclModule(fabric/fabric-impl) / TsDeclInterface(IAllFilters) / TsMemberProperty(Blend) / TsTypeObject() / TsMemberCtor() / TsFunSig() / TsFunParam() / TsTypeObject())] 
[info ] ExtractInterfaces.scala:30 Extracted anonymous interface TsIdentSimple(Anon_OptionsFromObjectObjectIBlendFilter) [id => fabric, phase => typescript, scope => TreeScope(TsParsedFile() / TsDeclModule(fabric/fabric-impl) / TsDeclInterface(IAllFilters) / TsMemberProperty(Blend) / TsTypeObject())] 
[info ] ExtractInterfaces.scala:30 Extracted anonymous interface TsIdentSimple(Anon_Blocksize) [id => fabric, phase => typescript, scope => TreeScope(TsParsedFile() / TsDeclModule(fabric/fabric-impl) / TsDeclInterface(IAllFilters) / TsMemberProperty(Pixelate) / TsTypeObject() / TsMemberCtor() / TsFunSig() / TsFunParam() / TsTypeObject())] 
[info ] ExtractInterfaces.scala:30 Extracted anonymous interface TsIdentSimple(Anon_OptionsFromObjectObjectIPixelateFilter) [id => fabric, phase => typescript, scope => TreeScope(TsParsedFile() / TsDeclModule(fabric/fabric-impl) / TsDeclInterface(IAllFilters) / TsMemberProperty(Pixelate) / TsTypeObject())] 
[info ] ExtractInterfaces.scala:30 Extracted anonymous interface TsIdentSimple(Anon_Mask) [id => fabric, phase => typescript, scope => TreeScope(TsParsedFile() / TsDeclModule(fabric/fabric-impl) / TsDeclInterface(IAllFilters) / TsMemberProperty(Mask) / TsTypeObject() / TsMemberCtor() / TsFunSig() / TsFunParam() / TsTypeObject())] 
[info ] ExtractInterfaces.scala:30 Extracted anonymous interface TsIdentSimple(Anon_OptionsFromObjectObjectIMaskFilter) [id => fabric, phase => typescript, scope => TreeScope(TsParsedFile() / TsDeclModule(fabric/fabric-impl) / TsDeclInterface(IAllFilters) / TsMemberProperty(Mask) / TsTypeObject())] 
[info ] ExtractInterfaces.scala:30 Extracted anonymous interface TsIdentSimple(Anon_Noise) [id => fabric, phase => typescript, scope => TreeScope(TsParsedFile() / TsDeclModule(fabric/fabric-impl) / TsDeclInterface(IAllFilters) / TsMemberProperty(Noise) / TsTypeObject() / TsMemberCtor() / TsFunSig() / TsFunParam() / TsTypeObject())] 
[info ] ExtractInterfaces.scala:30 Extracted anonymous interface TsIdentSimple(Anon_OptionsFromObjectObjectINoiseFilter) [id => fabric, phase => typescript, scope => TreeScope(TsParsedFile() / TsDeclModule(fabric/fabric-impl) / TsDeclInterface(IAllFilters) / TsMemberProperty(Noise) / TsTypeObject())] 
[info ] ExtractInterfaces.scala:30 Extracted anonymous interface TsIdentSimple(Anon_OptionsFromObjectObjectIInvertFilter) [id => fabric, phase => typescript, scope => TreeScope(TsParsedFile() / TsDeclModule(fabric/fabric-impl) / TsDeclInterface(IAllFilters) / TsMemberProperty(Invert) / TsTypeObject())] 
[info ] ExtractInterfaces.scala:30 Extracted anonymous interface TsIdentSimple(Anon_Opacity) [id => fabric, phase => typescript, scope => TreeScope(TsParsedFile() / TsDeclModule(fabric/fabric-impl) / TsDeclInterface(IAllFilters) / TsMemberProperty(Tint) / TsTypeObject() / TsMemberCtor() / TsFunSig() / TsFunParam() / TsTypeObject())] 
[info ] ExtractInterfaces.scala:30 Extracted anonymous interface TsIdentSimple(Anon_OptionsFromObjectObjectITintFilter) [id => fabric, phase => typescript, scope => TreeScope(TsParsedFile() / TsDeclModule(fabric/fabric-impl) / TsDeclInterface(IAllFilters) / TsMemberProperty(Tint) / TsTypeObject())] 
[info ] ExtractInterfaces.scala:30 Extracted anonymous interface TsIdentSimple(Anon_Y) [id => fabric, phase => typescript, scope => TreeScope(TsParsedFile() / TsDeclModule(fabric/fabric-impl) / TsDeclClass(Canvas) / TsMemberFunction(getPointer) / TsFunSig() / TsTypeObject())] 
[info ] ExtractInterfaces.scala:30 Extracted anonymous interface TsIdentSimple(Anon_Y) [id => fabric, phase => typescript, scope => TreeScope(TsParsedFile() / TsDeclModule(fabric/fabric-impl) / TsDeclClass(Canvas) / TsMemberFunction(getPointer) / TsFunSig() / TsTypeObject())] 
[info ] ExtractInterfaces.scala:30 Extracted anonymous interface TsIdentSimple(Anon_Y) [id => fabric, phase => typescript, scope => TreeScope(TsParsedFile() / TsDeclModule(fabric/fabric-impl) / TsDeclClass(Canvas) / TsMemberFunction(getPointer) / TsFunSig() / TsTypeObject())] 
[info ] ExtractInterfaces.scala:30 Extracted anonymous interface TsIdentSimple(Anon_Y) [id => fabric, phase => typescript, scope => TreeScope(TsParsedFile() / TsDeclModule(fabric) / TsDeclNamespace(fabric) / TsDeclClass(Polygon) / TsMemberFunction(constructor) / TsFunSig() / TsFunParam() / TsTypeRef() / TsTypeObject())] 
[info ] ExtractInterfaces.scala:30 Extracted anonymous interface TsIdentSimple(Anon_Y) [id => fabric, phase => typescript, scope => TreeScope(TsParsedFile() / TsDeclModule(fabric) / TsDeclNamespace(fabric) / TsDeclClass(Polygon) / TsMemberFunction(constructor) / TsFunSig() / TsFunParam() / TsTypeRef() / TsTypeObject())] 
[info ] ExtractInterfaces.scala:30 Extracted anonymous interface TsIdentSimple(Anon_Y) [id => fabric, phase => typescript, scope => TreeScope(TsParsedFile() / TsDeclModule(fabric) / TsDeclNamespace(fabric) / TsDeclClass(Polygon) / TsMemberFunction(constructor) / TsFunSig() / TsFunParam() / TsTypeRef() / TsTypeObject())] 
[info ] ExtractInterfaces.scala:30 Extracted anonymous interface TsIdentSimple(Anon_Y) [id => fabric, phase => typescript, scope => TreeScope(TsParsedFile() / TsDeclModule(fabric) / TsDeclNamespace(fabric) / TsDeclClass(Polyline) / TsMemberFunction(constructor) / TsFunSig() / TsFunParam() / TsTypeRef() / TsTypeObject())] 
[info ] ExtractInterfaces.scala:30 Extracted anonymous interface TsIdentSimple(Anon_Y) [id => fabric, phase => typescript, scope => TreeScope(TsParsedFile() / TsDeclModule(fabric) / TsDeclNamespace(fabric) / TsDeclClass(Polyline) / TsMemberFunction(constructor) / TsFunSig() / TsFunParam() / TsTypeRef() / TsTypeObject())] 
[debug] PhaseRunner.scala:78 Success [id => fabric, phase => typescript] 
[warn ] Phase2ToScalaJs.scala:34 Processing TsIdentLibrarySimple(fabric) [id => fabric, phase => scala.js] 
[info ] ImportType.scala:160 Failed type conversion: TsTypeLookup(TsTypeThis(),Left(TsIdentSimple(K))) [id => fabric, phase => scala.js, scope => TreeScope(TsParsedFile() / TsDeclModule(fabric/fabric-impl) / TsDeclClass(Object) / TsMemberFunction(set) / TsFunParam() / TsTypeLookup())] 
[info ] ImportType.scala:160 Failed type conversion: TsTypeLookup(TsTypeThis(),Left(TsIdentSimple(K))) [id => fabric, phase => scala.js, scope => TreeScope(TsParsedFile() / TsDeclModule(fabric/fabric-impl) / TsDeclClass(Object) / TsMemberFunction(set) / TsFunParam() / TsTypeFunction() / TsFunParam() / TsTypeLookup())] 
[info ] ImportType.scala:160 Failed type conversion: TsTypeLookup(TsTypeThis(),Left(TsIdentSimple(K))) [id => fabric, phase => scala.js, scope => TreeScope(TsParsedFile() / TsDeclModule(fabric/fabric-impl) / TsDeclClass(Object) / TsMemberFunction(set) / TsFunParam() / TsTypeFunction() / TsTypeLookup())] 
[info ] ImportType.scala:160 Failed type conversion: TsTypeLookup(TsTypeThis(),Left(TsIdentSimple(K))) [id => fabric, phase => scala.js, scope => TreeScope(TsParsedFile() / TsDeclModule(fabric/fabric-impl) / TsDeclClass(Object) / TsMemberFunction(get) / TsTypeLookup())] 
[info ] RemoveDuplicateInheritance.scala:55 Dropped parents QualifiedName(List(Name(fabricLib), Name(fabricDashImplMod), Name(IObjectOptions))) at Name(fabricLib) / Name(fabricDashImplMod) / Name(IITextOptions) because allParentRefs = Set(TypeRef(QualifiedName(List(Name(fabricLib), Name(fabricDashImplMod), Name(IObjectOptions))),List(),NoComments)) [id => fabric, phase => scala.js, this => Name(fabricLib) / Name(fabricDashImplMod) / Name(IITextOptions)] 
[info ] RemoveMultipleInheritance.scala:39 Dropped parents List(fabricLib.fabricDashImplMod.IITextOptions because Would inherit conflicting mutable fields List(cornerColor, transparentCorners, lockScalingX, shadow, hasControls, backgroundColor, name, includeDefaultValues, hasRotatingPoint, cornerSize, perPixelTargetFind, originX, scaleY, aCoords, lockMovementY, visible, transformMatrix, centeredRotation, angle, evented, stroke, strokeDashArray, data, left, height, centeredScaling, strokeLineCap, hoverCursor, skewX, strokeMiterLimit, lockUniScaling, borderDashArray, selectable, strokeLineJoin, skewY, objectCaching, cornerStrokeColor, flipX, fill, cornerDashArray, rotatingPointOffset, borderScaleFactor, opacity, globalCompositeOperation, padding, `type`, cornerStyle, lockScalingFlip, hasBorders, width, top, lockMovementX, lockRotation, clipTo, strokeWidth, flipY, originY, borderColor, scaleX, lockScalingY, borderOpacityWhenMoving, fillRule, minScaleLimit, path, underline, textDecoration, fontStyle, text, textAlign, fontFamily, lineHeight, overline, fontSize, textBackgroundColor, linethrough, useNative, charSpacing, fontWeight)) [id => fabric, phase => scala.js, this => Name(fabricLib) / Name(fabricDashImplMod) / Name(IText)] 
[info ] RemoveMultipleInheritance.scala:39 Dropped parents List(fabricLib.fabricDashImplMod.ICanvasOptions because Would inherit conflicting mutable fields List(allowTouchScrolling, controlsAboveOverlay, backgroundColor, includeDefaultValues, imageSmoothingEnabled, backgroundImage, stateful, overlayImageLeft, freeDrawingColor, overlayImage, viewportTransform, backgroundImageStretch, freeDrawingLineWidth, backgroundImageOpacity, renderOnAddRemove, overlayImageTop, enableRetinaScaling, preserveObjectStacking, clipTo, overlayColor)) [id => fabric, phase => scala.js, this => Name(fabricLib) / Name(fabricDashImplMod) / Name(Canvas)] 
[info ] CompleteClass.scala:60 Completed implementations Vector(x2, y1, x1, y2) [id => fabric, phase => scala.js, this => Name(fabricLib) / Name(fabricDashImplMod) / Name(Line)] 
[info ] CompleteClass.scala:60 Completed implementations Vector(offsetX, repeat, source, offsetY) [id => fabric, phase => scala.js, this => Name(fabricLib) / Name(fabricDashImplMod) / Name(Pattern)] 
[info ] CompleteClass.scala:60 Completed implementations Vector(includeDefaultValues, color, offsetX, blur, offsetY, affectStrike) [id => fabric, phase => scala.js, this => Name(fabricLib) / Name(fabricDashImplMod) / Name(Shadow)] 
[info ] CompleteClass.scala:60 Completed implementations Vector(tileSize) [id => fabric, phase => scala.js, this => Name(fabricLib) / Name(fabricDashImplMod) / Name(WebglFilterBackend)] 
[debug] PhaseRunner.scala:78 Success [id => fabric, phase => scala.js] 
[error] unknown file:-1 bad option: -P:scalajs:sjsDefinedByDefault,  [id => fabric, phase => build] 
[debug] PhaseRunner.scala:82 Failure, [fabric => Compilation failed] [id => fabric, phase => build] 
