[warn ] Phase1ReadTypescript.scala:136 Could not resolve declared dependency fastify [id => fastify-jwt, phase => typescript] 
[info ] ResolveExternalReferences.scala:81 Inferred augmented module None (TsIdentModule(None,List(fastify))) [file => ../types/fastify-jwt/index.d.ts, phase => typescript, scope => TreeScope(TsParsedFile() / TsDeclModule(fastify)), id => fastify-jwt] 
[info ] InferredDependency.scala:20 Inferred dependencies Set(TsIdentLibrarySimple(node)) for TsIdentLibrarySimple(fastify-jwt) [id => fastify-jwt, phase => typescript, file => ../types/fastify-jwt/index.d.ts] 
[debug] PhaseRunner.scala:78 Success [id => fastify-jwt, phase => typescript] 
[info ] Phase1ReadTypescript.scala:152 Preprocessing TsHelperFile(InFile(/home/tso/tmp/tso-cache/DefinitelyTyped/types/fastify-jwt/index.d.ts),FromFolder(InFolder(/home/tso/tmp/tso-cache/DefinitelyTyped/types/fastify-jwt),TsIdentLibrarySimple(fastify-jwt)),TsIdentModule(None,List(fastify-jwt))) [id => fastify-jwt, phase => typescript] 
[info ] InferredDefaultModule.scala:39 Inferred module TsIdentModule(None,List(fastify-jwt)) [id => fastify-jwt, phase => typescript] 
[warn ] Phase1ReadTypescript.scala:190 Processing TsIdentLibrarySimple(fastify-jwt) [id => fastify-jwt, phase => typescript] 
[warn ] Imports.scala:141 Couldn't find expected module TsIdentModule(None,List(fastify)) [id => fastify-jwt, phase => typescript, scope => TreeScope(TsParsedFile() / TsDeclModule(fastify-jwt))] 
[warn ] QualifyReferences.scala:47 Couldn't qualify TsTypeRef(TsQIdent(List(TsIdentSimple(fastify), TsIdentSimple(FastifyRequest))),List(TsTypeRef(TsQIdent(List(TsIdentSimple(IncomingMessage))),List()))), defaulting to any [id => fastify-jwt, phase => typescript, scope => TreeScope(TsParsedFile() / TsDeclModule(fastify-jwt) / TsDeclNamespace(fastifyJwt) / TsDeclTypeAlias(SecretCallback) / TsTypeFunction() / TsFunSig() / TsFunParam() / TsTypeRef())] 
[info ] ExpandCallables.scala:57 Expanded sign into 2 methods [id => fastify-jwt, phase => typescript, scope => TreeScope(TsParsedFile() / TsDeclModule(fastify-jwt) / TsAugmentedModule(fastify) / TsDeclInterface(jwt))] 
[info ] ExpandCallables.scala:57 Expanded verify into 2 methods [id => fastify-jwt, phase => typescript, scope => TreeScope(TsParsedFile() / TsDeclModule(fastify-jwt) / TsAugmentedModule(fastify) / TsDeclInterface(jwt))] 
[debug] PhaseRunner.scala:78 Success [id => fastify-jwt, phase => typescript] 
[warn ] Phase2ToScalaJs.scala:34 Processing TsIdentLibrarySimple(fastify-jwt) [id => fastify-jwt, phase => scala.js] 
[info ] CombineOverloads.scala:54 Dropping 1 incompatible `apply` overloads (have no way to express this) at Name(fastifyDashJwtLib) / Name(fastifyDashJwtMod) / Name(fastifyMod) / Name(VerifyFunction) [id => fastify-jwt, phase => scala.js, this => Name(fastifyDashJwtLib) / Name(fastifyDashJwtMod) / Name(fastifyMod) / Name(VerifyFunction)] 
[info ] CombineOverloads.scala:54 Dropping 1 incompatible `apply` overloads (have no way to express this) at Name(fastifyDashJwtLib) / Name(fastifyDashJwtMod) / Name(fastifyMod) / Name(VerifyFunction) [id => fastify-jwt, phase => scala.js, this => Name(fastifyDashJwtLib) / Name(fastifyDashJwtMod) / Name(fastifyMod) / Name(VerifyFunction)] 
[info ] CombineOverloads.scala:54 Dropping 1 incompatible `apply` overloads (have no way to express this) at Name(fastifyDashJwtLib) / Name(fastifyDashJwtMod) / Name(fastifyMod) / Name(SignFunction) [id => fastify-jwt, phase => scala.js, this => Name(fastifyDashJwtLib) / Name(fastifyDashJwtMod) / Name(fastifyMod) / Name(SignFunction)] 
[info ] CombineOverloads.scala:54 Dropping 1 incompatible `apply` overloads (have no way to express this) at Name(fastifyDashJwtLib) / Name(fastifyDashJwtMod) / Name(fastifyMod) / Name(SignFunction) [id => fastify-jwt, phase => scala.js, this => Name(fastifyDashJwtLib) / Name(fastifyDashJwtMod) / Name(fastifyMod) / Name(SignFunction)] 
[info ] CombineOverloads.scala:54 Dropping 1 incompatible `apply` overloads (have no way to express this) at Name(fastifyDashJwtLib) / Name(fastifyDashJwtMod) / Name(fastifyMod) / Name(SignFunction) [id => fastify-jwt, phase => scala.js, this => Name(fastifyDashJwtLib) / Name(fastifyDashJwtMod) / Name(fastifyMod) / Name(SignFunction)] 
[info ] CombineOverloads.scala:54 Dropping 1 incompatible `apply` overloads (have no way to express this) at Name(fastifyDashJwtLib) / Name(fastifyDashJwtMod) / Name(fastifyMod) / Name(SignFunction) [id => fastify-jwt, phase => scala.js, this => Name(fastifyDashJwtLib) / Name(fastifyDashJwtMod) / Name(fastifyMod) / Name(SignFunction)] 
[info ] CombineOverloads.scala:54 Dropping 1 incompatible `apply` overloads (have no way to express this) at Name(fastifyDashJwtLib) / Name(fastifyDashJwtMod) / Name(fastifyMod) / Name(SignFunction) [id => fastify-jwt, phase => scala.js, this => Name(fastifyDashJwtLib) / Name(fastifyDashJwtMod) / Name(fastifyMod) / Name(SignFunction)] 
[info ] CombineOverloads.scala:54 Dropping 1 incompatible `apply` overloads (have no way to express this) at Name(fastifyDashJwtLib) / Name(fastifyDashJwtMod) / Name(fastifyMod) / Name(SignFunction) [id => fastify-jwt, phase => scala.js, this => Name(fastifyDashJwtLib) / Name(fastifyDashJwtMod) / Name(fastifyMod) / Name(SignFunction)] 
[debug] PhaseRunner.scala:78 Success [id => fastify-jwt, phase => scala.js] 
[warn ] PhaseRunner.scala:64 Failed because of, [node => Compilation failed] [id => fastify-jwt, phase => build] 
[debug] PhaseRunner.scala:82 Failure, [node => Compilation failed] [id => fastify-jwt, phase => build] 
