[info ] InferredDependency.scala:20 Inferred dependencies Set(TsIdentLibrarySimple(node)) for TsIdentLibrarySimple(ffi-napi) [id => ffi-napi, phase => typescript, file => ../types/ffi-napi/index.d.ts] 
[debug] PhaseRunner.scala:78 Success [id => ffi-napi, phase => typescript] 
[info ] InferredDependency.scala:20 Inferred dependencies Set(TsIdentLibrarySimple(node)) for TsIdentLibrarySimple(ffi-napi) [id => ffi-napi, phase => typescript, file => ../types/ffi-napi/node-ffi-napi-buffer.d.ts] 
[debug] PhaseRunner.scala:78 Success [id => ffi-napi, phase => typescript] 
[info ] Phase1ReadTypescript.scala:152 Preprocessing TsHelperFile(InFile(/home/tso/tmp/tso-cache/DefinitelyTyped/types/ffi-napi/index.d.ts),FromFolder(InFolder(/home/tso/tmp/tso-cache/DefinitelyTyped/types/ffi-napi),TsIdentLibrarySimple(ffi-napi)),TsIdentModule(None,List(ffi-napi))) [id => ffi-napi, phase => typescript] 
[info ] InferredDefaultModule.scala:39 Inferred module TsIdentModule(None,List(ffi-napi)) [id => ffi-napi, phase => typescript] 
[info ] Phase1ReadTypescript.scala:152 Preprocessing TsHelperFile(InFile(/home/tso/tmp/tso-cache/DefinitelyTyped/types/ffi-napi/node-ffi-napi-buffer.d.ts),FromFolder(InFolder(/home/tso/tmp/tso-cache/DefinitelyTyped/types/ffi-napi),TsIdentLibrarySimple(ffi-napi)),TsIdentModule(None,List(ffi-napi, node-ffi-napi-buffer))) [id => ffi-napi, phase => typescript] 
[warn ] Phase1ReadTypescript.scala:190 Processing TsIdentLibrarySimple(ffi-napi) [id => ffi-napi, phase => typescript] 
[info ] ExtractInterfaces.scala:30 Extracted anonymous interface TsIdentSimple(Anon_Type) [id => ffi-napi, phase => typescript, scope => TreeScope(TsParsedFile() / TsDeclModule(ffi-napi) / TsDeclVar(ffiType) / TsTypeObject())] 
[info ] ExtractInterfaces.scala:30 Extracted anonymous interface TsIdentSimple(Anon_RetType) [id => ffi-napi, phase => typescript, scope => TreeScope(TsParsedFile() / TsDeclModule(ffi-napi) / TsDeclVar(Function) / TsTypeObject())] 
[info ] ExtractInterfaces.scala:30 Extracted anonymous interface TsIdentSimple(Anon_RTLDNOLOAD) [id => ffi-napi, phase => typescript, scope => TreeScope(TsParsedFile() / TsDeclModule(ffi-napi) / TsDeclVar(DynamicLibrary) / TsTypeObject() / TsMemberProperty(FLAGS) / TsTypeObject())] 
[info ] ExtractInterfaces.scala:30 Extracted anonymous interface TsIdentSimple(Anon_Path) [id => ffi-napi, phase => typescript, scope => TreeScope(TsParsedFile() / TsDeclModule(ffi-napi) / TsDeclVar(DynamicLibrary) / TsTypeObject())] 
[info ] ExtractInterfaces.scala:30 Extracted anonymous interface TsIdentSimple(Anon_Ptr) [id => ffi-napi, phase => typescript, scope => TreeScope(TsParsedFile() / TsDeclModule(ffi-napi) / TsDeclVar(VariadicForeignFunction) / TsTypeObject())] 
[info ] ExtractInterfaces.scala:30 Extracted anonymous interface TsIdentSimple(Anon_PtrRetType) [id => ffi-napi, phase => typescript, scope => TreeScope(TsParsedFile() / TsDeclModule(ffi-napi) / TsDeclVar(ForeignFunction) / TsTypeObject())] 
[info ] ExtractInterfaces.scala:30 Extracted anonymous interface TsIdentSimple(Anon_Uint16) [id => ffi-napi, phase => typescript, scope => TreeScope(TsParsedFile() / TsDeclModule(ffi-napi) / TsDeclVar(types) / TsTypeObject())] 
[debug] PhaseRunner.scala:78 Success [id => ffi-napi, phase => typescript] 
[warn ] Phase2ToScalaJs.scala:34 Processing TsIdentLibrarySimple(ffi-napi) [id => ffi-napi, phase => scala.js] 
[debug] PhaseRunner.scala:78 Success [id => ffi-napi, phase => scala.js] 
[warn ] PhaseRunner.scala:64 Failed because of, [node => Compilation failed] [id => ffi-napi, phase => build] 
[debug] PhaseRunner.scala:82 Failure, [node => Compilation failed] [id => ffi-napi, phase => build] 
