[info ] InferredDependency.scala:22 Inferred dependencies Set(TsIdentLibrarySimple(node)) for TsIdentLibrarySimple(firmata) [id => firmata, phase => typescript, file => ../types/firmata/index.d.ts] 
[debug] PhaseRunner.scala:84 Success [id => firmata, phase => typescript] 
[info ] Phase1ReadTypescript.scala:171 Preprocessing TsHelperFile(InFile(/home/tso/tmp/tso-cache/DefinitelyTyped/types/firmata/index.d.ts),FromFolder(InFolder(/home/tso/tmp/tso-cache/DefinitelyTyped/types/firmata),TsIdentLibrarySimple(firmata)),TsIdentModule(None,List(firmata))) [id => firmata, phase => typescript] 
[info ] InferredDefaultModule.scala:39 Inferred module TsIdentModule(None,List(firmata)) [id => firmata, phase => typescript] 
[warn ] Phase1ReadTypescript.scala:189 Processing TsIdentLibrarySimple(firmata) [id => firmata, phase => typescript] 
[info ] ExtractInterfaces.scala:41 Extracted anonymous interface TsIdentSimple(Anon_DRIVER) [id => firmata, phase => typescript, scope => TreeScope(TsParsedFile() / TsDeclModule(firmata) / TsDeclInterface(StepperConstants) / TsMemberProperty(TYPE) / TsTypeObject())] 
[info ] ExtractInterfaces.scala:41 Extracted anonymous interface TsIdentSimple(Anon_ACCEL) [id => firmata, phase => typescript, scope => TreeScope(TsParsedFile() / TsDeclModule(firmata) / TsDeclInterface(StepperConstants) / TsMemberProperty(RUNSTATE) / TsTypeObject())] 
[info ] ExtractInterfaces.scala:41 Extracted anonymous interface TsIdentSimple(Anon_CCW) [id => firmata, phase => typescript, scope => TreeScope(TsParsedFile() / TsDeclModule(firmata) / TsDeclInterface(StepperConstants) / TsMemberProperty(DIRECTION) / TsTypeObject())] 
[info ] ExtractInterfaces.scala:41 Extracted anonymous interface TsIdentSimple(Anon_BaudRate) [id => firmata, phase => typescript, scope => TreeScope(TsParsedFile() / TsDeclModule(firmata) / TsDeclInterface(Settings) / TsMemberProperty(serialport) / TsTypeObject())] 
[info ] ExtractInterfaces.scala:41 Extracted anonymous interface TsIdentSimple(Anon_Delay) [id => firmata, phase => typescript, scope => TreeScope(TsParsedFile() / TsDeclModule(firmata) / TsDeclInterface(Board) / TsMemberFunction(i2cConfig) / TsFunSig() / TsFunParam() / TsTypeUnion() / TsTypeObject())] 
[info ] ExtractInterfaces.scala:41 Extracted anonymous interface TsIdentSimple(Anon_Address) [id => firmata, phase => typescript, scope => TreeScope(TsParsedFile() / TsDeclModule(firmata) / TsDeclInterface(Board) / TsMemberFunction(i2cStop) / TsFunSig() / TsFunParam() / TsTypeUnion() / TsTypeObject())] 
[info ] ExtractInterfaces.scala:41 Extracted anonymous interface TsIdentSimple(Anon_Baud) [id => firmata, phase => typescript, scope => TreeScope(TsParsedFile() / TsDeclModule(firmata) / TsDeclInterface(Board) / TsMemberFunction(serialConfig) / TsFunSig() / TsFunParam() / TsTypeObject())] 
[debug] PhaseRunner.scala:84 Success [id => firmata, phase => typescript] 
[warn ] Phase2ToScalaJs.scala:42 Processing firmata [id => firmata, phase => scala.js] 
[error] PhaseRes.scala:76 Caught exception: For input string: "0x00" [id => firmata, phase => scala.js] java.lang.NumberFormatException: For input string: "0x00"
	at java.lang.NumberFormatException.forInputString(NumberFormatException.java:65)
	at java.lang.Long.parseLong(Long.java:589)
	at java.lang.Long.parseLong(Long.java:631)
	at scala.collection.immutable.StringLike.toLong(StringLike.scala:309)
	at scala.collection.immutable.StringLike.toLong$(StringLike.scala:309)
	at scala.collection.immutable.StringOps.toLong(StringOps.scala:33)
	at com.olvind.tso.ts.TsExpr$.format(TsExpr.scala:20)
	at com.olvind.tso.importer.ImportEnum$.$anonfun$apply$5(ImportEnum.scala:77)
	at scala.collection.TraversableLike.$anonfun$map$1(TraversableLike.scala:237)
	at scala.collection.immutable.List.foreach(List.scala:392)
	at scala.collection.TraversableLike.map(TraversableLike.scala:237)
	at scala.collection.TraversableLike.map$(TraversableLike.scala:230)
	at scala.collection.immutable.List.map(List.scala:298)
	at com.olvind.tso.importer.ImportEnum$.module$1(ImportEnum.scala:67)
	at com.olvind.tso.importer.ImportEnum$.apply(ImportEnum.scala:87)
	at com.olvind.tso.importer.ImportTree$.decl(ImportTree.scala:158)
	at com.olvind.tso.importer.ImportContainer$.$anonfun$apply$1(ImportContainer.scala:100)
	at scala.collection.TraversableLike.$anonfun$flatMap$1(TraversableLike.scala:244)
	at scala.collection.immutable.List.foreach(List.scala:392)
	at scala.collection.TraversableLike.flatMap(TraversableLike.scala:244)
	at scala.collection.TraversableLike.flatMap$(TraversableLike.scala:241)
	at scala.collection.immutable.List.flatMap(List.scala:355)
	at com.olvind.tso.importer.ImportContainer$.apply(ImportContainer.scala:100)
	at com.olvind.tso.importer.ImportTree$.decl(ImportTree.scala:66)
	at com.olvind.tso.importer.ImportContainer$.$anonfun$apply$1(ImportContainer.scala:100)
	at scala.collection.TraversableLike.$anonfun$flatMap$1(TraversableLike.scala:244)
	at scala.collection.immutable.List.foreach(List.scala:392)
	at scala.collection.TraversableLike.flatMap(TraversableLike.scala:244)
	at scala.collection.TraversableLike.flatMap$(TraversableLike.scala:241)
	at scala.collection.immutable.List.flatMap(List.scala:355)
	at com.olvind.tso.importer.ImportContainer$.apply(ImportContainer.scala:100)
	at com.olvind.tso.importer.ImportTree$.apply(ImportTree.scala:25)
	at com.olvind.tso.importer.Phase2ToScalaJs.$anonfun$apply$2(Phase2ToScalaJs.scala:63)
	at com.olvind.tso.phases.PhaseRes.map(PhaseRes.scala:16)
	at com.olvind.tso.phases.PhaseRes.map$(PhaseRes.scala:14)
	at com.olvind.tso.phases.PhaseRes$Ok.map(PhaseRes.scala:30)
	at com.olvind.tso.importer.Phase2ToScalaJs.apply(Phase2ToScalaJs.scala:32)
	at com.olvind.tso.importer.Phase2ToScalaJs.apply(Phase2ToScalaJs.scala:13)
	at com.olvind.tso.phases.PhaseRunner$.$anonfun$doNext$5(PhaseRunner.scala:78)
	at com.olvind.tso.phases.PhaseRes$.attempt(PhaseRes.scala:71)
	at com.olvind.tso.phases.PhaseRunner$.$anonfun$doNext$4(PhaseRunner.scala:78)
	at com.olvind.tso.phases.PhaseRes.flatMap(PhaseRes.scala:23)
	at com.olvind.tso.phases.PhaseRes.flatMap$(PhaseRes.scala:21)
	at com.olvind.tso.phases.PhaseRes$Ok.flatMap(PhaseRes.scala:30)
	at com.olvind.tso.phases.PhaseRunner$.$anonfun$doNext$1(PhaseRunner.scala:78)
	at com.olvind.tso.phases.PhaseRunner$.$anonfun$doNext$1$adapted(PhaseRunner.scala:49)
	at com.olvind.tso.phases.PhaseCache.$anonfun$getOrElse$1(PhaseCache.scala:40)
	at scala.Option.foreach(Option.scala:274)
	at com.olvind.tso.phases.PhaseCache.getOrElse(PhaseCache.scala:39)
	at com.olvind.tso.phases.PhaseRunner$.doNext(PhaseRunner.scala:49)
	at com.olvind.tso.phases.PhaseRunner$.go(PhaseRunner.scala:30)
	at com.olvind.tso.phases.PhaseRunner$.$anonfun$doNext$1(PhaseRunner.scala:54)
	at com.olvind.tso.phases.PhaseRunner$.$anonfun$doNext$1$adapted(PhaseRunner.scala:49)
	at com.olvind.tso.phases.PhaseCache.$anonfun$getOrElse$1(PhaseCache.scala:40)
	at scala.Option.foreach(Option.scala:274)
	at com.olvind.tso.phases.PhaseCache.getOrElse(PhaseCache.scala:39)
	at com.olvind.tso.phases.PhaseRunner$.doNext(PhaseRunner.scala:49)
	at com.olvind.tso.phases.PhaseRunner$.go(PhaseRunner.scala:30)
	at com.olvind.tso.phases.PhaseRunner$.$anonfun$doNext$1(PhaseRunner.scala:54)
	at com.olvind.tso.phases.PhaseRunner$.$anonfun$doNext$1$adapted(PhaseRunner.scala:49)
	at com.olvind.tso.phases.PhaseCache.$anonfun$getOrElse$1(PhaseCache.scala:40)
	at scala.Option.foreach(Option.scala:274)
	at com.olvind.tso.phases.PhaseCache.getOrElse(PhaseCache.scala:39)
	at com.olvind.tso.phases.PhaseRunner$.doNext(PhaseRunner.scala:49)
	at com.olvind.tso.phases.PhaseRunner$.go(PhaseRunner.scala:30)
	at com.olvind.tso.importer.Main.$anonfun$run$21(Main.scala:219)
	at scala.collection.TraversableLike.$anonfun$map$1(TraversableLike.scala:237)
	at scala.collection.Iterator.foreach(Iterator.scala:941)
	at scala.collection.Iterator.foreach$(Iterator.scala:941)
	at scala.collection.AbstractIterator.foreach(Iterator.scala:1429)
	at scala.collection.IterableLike.foreach(IterableLike.scala:74)
	at scala.collection.IterableLike.foreach$(IterableLike.scala:73)
	at scala.collection.AbstractIterable.foreach(Iterable.scala:56)
	at scala.collection.TraversableLike.map(TraversableLike.scala:237)
	at scala.collection.TraversableLike.map$(TraversableLike.scala:230)
	at scala.collection.AbstractTraversable.map(Traversable.scala:108)
	at com.olvind.tso.importer.Main.run(Main.scala:219)
	at com.olvind.tso.importer.Main$.main(Main.scala:309)
	at com.olvind.tso.importer.Main.main(Main.scala)

[error] PhaseRunner.scala:88 Failure, [firmata => java.lang.NumberFormatException: For input string: "0x00"] [id => firmata, phase => scala.js] 
[error] PhaseRunner.scala:88 Failure, [firmata => java.lang.NumberFormatException: For input string: "0x00"] [id => firmata, phase => build] 
[error] PhaseRunner.scala:88 Failure, [firmata => java.lang.NumberFormatException: For input string: "0x00"] [id => firmata, phase => publish] 
