[debug] PhaseRunner.scala:78 Success [id => fluxible, phase => typescript] 
[debug] PhaseRunner.scala:78 Success [id => fluxible, phase => typescript] 
[debug] PhaseRunner.scala:78 Success [id => fluxible, phase => typescript] 
[info ] Phase1ReadTypescript.scala:152 Preprocessing TsHelperFile(InFile(/home/tso/tmp/tso-cache/DefinitelyTyped/types/fluxible/index.d.ts),FromFolder(InFolder(/home/tso/tmp/tso-cache/DefinitelyTyped/types/fluxible),TsIdentLibrarySimple(fluxible)),TsIdentModule(None,List(fluxible))) [id => fluxible, phase => typescript] 
[info ] InferredDefaultModule.scala:39 Inferred module TsIdentModule(None,List(fluxible)) [id => fluxible, phase => typescript] 
[info ] Phase1ReadTypescript.scala:152 Preprocessing TsHelperFile(InFile(/home/tso/tmp/tso-cache/DefinitelyTyped/types/fluxible/addons/BaseStore.d.ts),FromFolder(InFolder(/home/tso/tmp/tso-cache/DefinitelyTyped/types/fluxible),TsIdentLibrarySimple(fluxible)),TsIdentModule(None,List(fluxible, addons, BaseStore))) [id => fluxible, phase => typescript] 
[info ] InferredDefaultModule.scala:39 Inferred module TsIdentModule(None,List(fluxible, addons, BaseStore)) [id => fluxible, phase => typescript] 
[info ] Phase1ReadTypescript.scala:152 Preprocessing TsHelperFile(InFile(/home/tso/tmp/tso-cache/DefinitelyTyped/types/fluxible/addons/createStore.d.ts),FromFolder(InFolder(/home/tso/tmp/tso-cache/DefinitelyTyped/types/fluxible),TsIdentLibrarySimple(fluxible)),TsIdentModule(None,List(fluxible, addons, createStore))) [id => fluxible, phase => typescript] 
[info ] InferredDefaultModule.scala:39 Inferred module TsIdentModule(None,List(fluxible, addons, createStore)) [id => fluxible, phase => typescript] 
[warn ] Phase1ReadTypescript.scala:190 Processing TsIdentLibrarySimple(fluxible) [id => fluxible, phase => typescript] 
[warn ] ResolveTypeQueries.scala:98 Couldn't resolve TsTypeQuery(TsQIdent(List(TsIdentLibrarySimple(fluxible), TsIdentModule(None,List(fluxible, addons, BaseStore)), TsIdentSimple(namespaced)))) [id => fluxible, phase => typescript, scope => TreeScope(TsParsedFile() / TsDeclModule(fluxible) / TsExport() / TsExporteeTree() / TsDeclClass(Fluxible) / TsMemberFunction(registerStore) / TsFunSig() / TsFunParam() / TsTypeUnion() / TsTypeQuery())] 
[debug] DefaultedTParams.scala:29 Defaulting type parameter TsIdentSimple(S) at TreeScope(TsParsedFile() / TsDeclModule(fluxible) / TsDeclClass(FluxibleContext) / TsMemberFunction(getStore) / TsFunSig() / TsTypeParam() / TsTypeRef()) [id => fluxible, phase => typescript, scope => TreeScope(TsParsedFile() / TsDeclModule(fluxible) / TsDeclClass(FluxibleContext) / TsMemberFunction(getStore) / TsFunSig() / TsTypeParam() / TsTypeRef())] 
[debug] DefaultedTParams.scala:29 Defaulting type parameter TsIdentSimple(S) at TreeScope(TsParsedFile() / TsDeclModule(fluxible) / TsDeclClass(ActionContext) / TsMemberFunction(getStore) / TsFunSig() / TsTypeParam() / TsTypeRef()) [id => fluxible, phase => typescript, scope => TreeScope(TsParsedFile() / TsDeclModule(fluxible) / TsDeclClass(ActionContext) / TsMemberFunction(getStore) / TsFunSig() / TsTypeParam() / TsTypeRef())] 
[debug] DefaultedTParams.scala:29 Defaulting type parameter TsIdentSimple(S) at TreeScope(TsParsedFile() / TsDeclModule(fluxible) / TsDeclClass(ComponentContext) / TsMemberFunction(getStore) / TsFunSig() / TsTypeParam() / TsTypeRef()) [id => fluxible, phase => typescript, scope => TreeScope(TsParsedFile() / TsDeclModule(fluxible) / TsDeclClass(ComponentContext) / TsMemberFunction(getStore) / TsFunSig() / TsTypeParam() / TsTypeRef())] 
[info ] ExtractInterfaces.scala:30 Extracted anonymous interface TsIdentSimple(Anon_Dispatcher) [id => fluxible, phase => typescript, scope => TreeScope(TsParsedFile() / TsDeclModule(fluxible) / TsDeclClass(FluxibleContext) / TsMemberFunction(getStore) / TsFunSig() / TsFunParam() / TsTypeObject())] 
[info ] ExtractInterfaces.scala:30 Extracted anonymous interface TsIdentSimple(Anon_Dispatcher) [id => fluxible, phase => typescript, scope => TreeScope(TsParsedFile() / TsDeclModule(fluxible) / TsDeclClass(ComponentContext) / TsMemberFunction(getStore) / TsFunSig() / TsFunParam() / TsTypeObject())] 
[info ] ExtractInterfaces.scala:30 Extracted anonymous interface TsIdentSimple(Anon_Dispatcher) [id => fluxible, phase => typescript, scope => TreeScope(TsParsedFile() / TsDeclModule(fluxible) / TsDeclClass(ActionContext) / TsMemberFunction(getStore) / TsFunSig() / TsFunParam() / TsTypeObject())] 
[info ] ExtractInterfaces.scala:30 Extracted anonymous interface TsIdentSimple(Anon_Update) [id => fluxible, phase => typescript, scope => TreeScope(TsParsedFile() / TsDeclModule(fluxible) / TsDeclClass(ActionContext) / TsMemberProperty(service) / TsTypeObject())] 
[debug] PhaseRunner.scala:78 Success [id => fluxible, phase => typescript] 
[warn ] Phase2ToScalaJs.scala:34 Processing TsIdentLibrarySimple(fluxible) [id => fluxible, phase => scala.js] 
[debug] PhaseRunner.scala:78 Success [id => fluxible, phase => scala.js] 
[warn ] PhaseRunner.scala:64 Failed because of, [node => Compilation failed] [id => fluxible, phase => build] 
[debug] PhaseRunner.scala:82 Failure, [node => Compilation failed] [id => fluxible, phase => build] 
