[debug] PhaseRunner.scala:82 Success [id => forge-apis, phase => typescript] 
[info ] Phase1ReadTypescript.scala:160 Preprocessing TsHelperFile(InFile(/home/tso/tmp/tso-cache/DefinitelyTyped/types/forge-apis/index.d.ts),FromFolder(InFolder(/home/tso/tmp/tso-cache/DefinitelyTyped/types/forge-apis),TsIdentLibrarySimple(forge-apis)),TsIdentModule(None,List(forge-apis))) [id => forge-apis, phase => typescript] 
[info ] InferredDefaultModule.scala:39 Inferred module TsIdentModule(None,List(forge-apis)) [id => forge-apis, phase => typescript] 
[warn ] Phase1ReadTypescript.scala:200 Processing TsIdentLibrarySimple(forge-apis) [id => forge-apis, phase => typescript] 
[info ] ExtractInterfaces.scala:37 Extracted anonymous interface TsIdentSimple(Anon_ApplicationProtocol) [id => forge-apis, phase => typescript, scope => TreeScope(TsParsedFile() / TsDeclModule(forge-apis) / TsDeclInterface(JobPayloadItem) / TsMemberProperty(advanced) / TsTypeObject())] 
[info ] ExtractInterfaces.scala:37 Extracted anonymous interface TsIdentSimple(Anon_XAdsForce) [id => forge-apis, phase => typescript, scope => TreeScope(TsParsedFile() / TsDeclModule(forge-apis) / TsDeclClass(DerivativesApi) / TsMemberFunction(translate) / TsFunSig() / TsFunParam() / TsTypeObject())] 
[info ] ExtractInterfaces.scala:37 Extracted anonymous interface TsIdentSimple(Anon_Access) [id => forge-apis, phase => typescript, scope => TreeScope(TsParsedFile() / TsDeclModule(forge-apis) / TsDeclNamespace(Dm) / TsDeclInterface(BucketResponse) / TsMemberProperty(permissions) / TsTypeRef() / TsTypeObject())] 
[info ] ExtractInterfaces.scala:37 Extracted anonymous interface TsIdentSimple(Anon_Version) [id => forge-apis, phase => typescript, scope => TreeScope(TsParsedFile() / TsDeclModule(forge-apis) / TsDeclNamespace(Dm) / TsDeclInterface(ItemResponse) / TsMemberProperty(jsonapi) / TsTypeObject())] 
[info ] ExtractInterfaces.scala:37 Extracted anonymous interface TsIdentSimple(Anon_CreateTime) [id => forge-apis, phase => typescript, scope => TreeScope(TsParsedFile() / TsDeclModule(forge-apis) / TsDeclNamespace(Dm) / TsDeclInterface(Item) / TsMemberProperty(attributes) / TsTypeObject())] 
[info ] ExtractInterfaces.scala:37 Extracted anonymous interface TsIdentSimple(Anon_Href) [id => forge-apis, phase => typescript, scope => TreeScope(TsParsedFile() / TsDeclModule(forge-apis) / TsDeclNamespace(Dm) / TsDeclInterface(Item) / TsMemberProperty(links) / TsTypeObject() / TsMemberProperty(self) / TsTypeObject())] 
[info ] ExtractInterfaces.scala:37 Extracted anonymous interface TsIdentSimple(Anon_Self) [id => forge-apis, phase => typescript, scope => TreeScope(TsParsedFile() / TsDeclModule(forge-apis) / TsDeclNamespace(Dm) / TsDeclInterface(Item) / TsMemberProperty(links) / TsTypeObject())] 
[info ] ExtractInterfaces.scala:37 Extracted anonymous interface TsIdentSimple(Anon_Id) [id => forge-apis, phase => typescript, scope => TreeScope(TsParsedFile() / TsDeclModule(forge-apis) / TsDeclNamespace(Dm) / TsDeclInterface(Item) / TsMemberProperty(relationships) / TsTypeObject() / TsMemberProperty(derivatives) / TsTypeObject() / TsMemberProperty(data) / TsTypeObject())] 
[info ] ExtractInterfaces.scala:37 Extracted anonymous interface TsIdentSimple(Anon_Href) [id => forge-apis, phase => typescript, scope => TreeScope(TsParsedFile() / TsDeclModule(forge-apis) / TsDeclNamespace(Dm) / TsDeclInterface(Item) / TsMemberProperty(relationships) / TsTypeObject() / TsMemberProperty(derivatives) / TsTypeObject() / TsMemberProperty(meta) / TsTypeObject() / TsMemberProperty(link) / TsTypeObject())] 
[info ] ExtractInterfaces.scala:37 Extracted anonymous interface TsIdentSimple(Anon_Link) [id => forge-apis, phase => typescript, scope => TreeScope(TsParsedFile() / TsDeclModule(forge-apis) / TsDeclNamespace(Dm) / TsDeclInterface(Item) / TsMemberProperty(relationships) / TsTypeObject() / TsMemberProperty(derivatives) / TsTypeObject() / TsMemberProperty(meta) / TsTypeObject())] 
[info ] ExtractInterfaces.scala:37 Extracted anonymous interface TsIdentSimple(Anon_Data) [id => forge-apis, phase => typescript, scope => TreeScope(TsParsedFile() / TsDeclModule(forge-apis) / TsDeclNamespace(Dm) / TsDeclInterface(Item) / TsMemberProperty(relationships) / TsTypeObject() / TsMemberProperty(derivatives) / TsTypeObject())] 
[info ] ExtractInterfaces.scala:37 Extracted anonymous interface TsIdentSimple(Anon_IdType) [id => forge-apis, phase => typescript, scope => TreeScope(TsParsedFile() / TsDeclModule(forge-apis) / TsDeclNamespace(Dm) / TsDeclInterface(Item) / TsMemberProperty(relationships) / TsTypeObject() / TsMemberProperty(storage) / TsTypeObject() / TsMemberProperty(data) / TsTypeObject())] 
[info ] ExtractInterfaces.scala:37 Extracted anonymous interface TsIdentSimple(Anon_DataAnonIdType) [id => forge-apis, phase => typescript, scope => TreeScope(TsParsedFile() / TsDeclModule(forge-apis) / TsDeclNamespace(Dm) / TsDeclInterface(Item) / TsMemberProperty(relationships) / TsTypeObject() / TsMemberProperty(storage) / TsTypeObject())] 
[info ] ExtractInterfaces.scala:37 Extracted anonymous interface TsIdentSimple(Anon_Derivatives) [id => forge-apis, phase => typescript, scope => TreeScope(TsParsedFile() / TsDeclModule(forge-apis) / TsDeclNamespace(Dm) / TsDeclInterface(Item) / TsMemberProperty(relationships) / TsTypeObject())] 
[debug] PhaseRunner.scala:82 Success [id => forge-apis, phase => typescript] 
[warn ] Phase2ToScalaJs.scala:40 Processing forge-apis [id => forge-apis, phase => scala.js] 
[debug] PhaseRunner.scala:82 Success [id => forge-apis, phase => scala.js] 
[warn ] Phase3CompileBloop.scala:197 Built forge-apis in 421 ms [id => forge-apis, phase => build] 
[info ] Phase3CompileBloop.scala:205 published local, [/home/tso/.ivy2/local/org.scalablytyped/forge-apis_sjs0.6_2.12/0.4-dt-20190123Z-fecaa4/jars/forge-apis_sjs0.6_2.12.jar, /home/tso/.ivy2/local/org.scalablytyped/forge-apis_sjs0.6_2.12/0.4-dt-20190123Z-fecaa4/srcs/forge-apis_sjs0.6_2.12-sources.jar, /home/tso/.ivy2/local/org.scalablytyped/forge-apis_sjs0.6_2.12/0.4-dt-20190123Z-fecaa4/ivys/ivy.xml, /home/tso/.ivy2/local/org.scalablytyped/forge-apis_sjs0.6_2.12/0.4-dt-20190123Z-fecaa4/poms/forge-apis_sjs0.6_2.12.pom] [id => forge-apis, phase => build] 
[debug] PhaseRunner.scala:82 Success [id => forge-apis, phase => build] 
[error] PhaseRes.scala:76 Caught exception: dispatch.StatusCode: Unexpected response status: 404 [id => forge-apis, phase => publish] java.util.concurrent.ExecutionException: dispatch.StatusCode: Unexpected response status: 404
	at com.ning.http.client.providers.netty.future.NettyResponseFuture.done(NettyResponseFuture.java:218)
	at com.ning.http.client.providers.netty.handler.HttpProtocol.markAsDone(HttpProtocol.java:204)
	at com.ning.http.client.providers.netty.handler.HttpProtocol.finishUpdate(HttpProtocol.java:189)
	at com.ning.http.client.providers.netty.handler.HttpProtocol.handleChunk(HttpProtocol.java:457)
	at com.ning.http.client.providers.netty.handler.HttpProtocol.handle(HttpProtocol.java:480)
	at com.ning.http.client.providers.netty.handler.Processor.messageReceived(Processor.java:89)
	at org.jboss.netty.channel.SimpleChannelUpstreamHandler.handleUpstream(SimpleChannelUpstreamHandler.java:70)
	at org.jboss.netty.channel.DefaultChannelPipeline.sendUpstream(DefaultChannelPipeline.java:564)
	at org.jboss.netty.channel.DefaultChannelPipeline$DefaultChannelHandlerContext.sendUpstream(DefaultChannelPipeline.java:791)
	at org.jboss.netty.handler.stream.ChunkedWriteHandler.handleUpstream(ChunkedWriteHandler.java:142)
	at org.jboss.netty.channel.DefaultChannelPipeline.sendUpstream(DefaultChannelPipeline.java:564)
	at org.jboss.netty.channel.DefaultChannelPipeline$DefaultChannelHandlerContext.sendUpstream(DefaultChannelPipeline.java:791)
	at org.jboss.netty.handler.codec.http.HttpContentDecoder.messageReceived(HttpContentDecoder.java:135)
	at org.jboss.netty.channel.SimpleChannelUpstreamHandler.handleUpstream(SimpleChannelUpstreamHandler.java:70)
	at org.jboss.netty.channel.DefaultChannelPipeline.sendUpstream(DefaultChannelPipeline.java:564)
	at org.jboss.netty.channel.DefaultChannelPipeline$DefaultChannelHandlerContext.sendUpstream(DefaultChannelPipeline.java:791)
	at org.jboss.netty.channel.Channels.fireMessageReceived(Channels.java:296)
	at org.jboss.netty.handler.codec.frame.FrameDecoder.unfoldAndFireMessageReceived(FrameDecoder.java:459)
	at org.jboss.netty.handler.codec.replay.ReplayingDecoder.callDecode(ReplayingDecoder.java:536)
	at org.jboss.netty.handler.codec.replay.ReplayingDecoder.messageReceived(ReplayingDecoder.java:435)
	at org.jboss.netty.channel.SimpleChannelUpstreamHandler.handleUpstream(SimpleChannelUpstreamHandler.java:70)
	at org.jboss.netty.handler.codec.http.HttpClientCodec.handleUpstream(HttpClientCodec.java:92)
	at org.jboss.netty.channel.DefaultChannelPipeline.sendUpstream(DefaultChannelPipeline.java:564)
	at org.jboss.netty.channel.DefaultChannelPipeline$DefaultChannelHandlerContext.sendUpstream(DefaultChannelPipeline.java:791)
	at org.jboss.netty.channel.Channels.fireMessageReceived(Channels.java:296)
	at org.jboss.netty.handler.codec.frame.FrameDecoder.unfoldAndFireMessageReceived(FrameDecoder.java:462)
	at org.jboss.netty.handler.codec.frame.FrameDecoder.callDecode(FrameDecoder.java:443)
	at org.jboss.netty.handler.codec.frame.FrameDecoder.messageReceived(FrameDecoder.java:303)
	at org.jboss.netty.channel.SimpleChannelUpstreamHandler.handleUpstream(SimpleChannelUpstreamHandler.java:70)
	at org.jboss.netty.channel.DefaultChannelPipeline.sendUpstream(DefaultChannelPipeline.java:564)
	at org.jboss.netty.channel.DefaultChannelPipeline.sendUpstream(DefaultChannelPipeline.java:559)
	at org.jboss.netty.channel.Channels.fireMessageReceived(Channels.java:268)
	at org.jboss.netty.channel.Channels.fireMessageReceived(Channels.java:255)
	at org.jboss.netty.channel.socket.nio.NioWorker.read(NioWorker.java:88)
	at org.jboss.netty.channel.socket.nio.AbstractNioWorker.process(AbstractNioWorker.java:108)
	at org.jboss.netty.channel.socket.nio.AbstractNioSelector.run(AbstractNioSelector.java:337)
	at org.jboss.netty.channel.socket.nio.AbstractNioWorker.run(AbstractNioWorker.java:89)
	at org.jboss.netty.channel.socket.nio.NioWorker.run(NioWorker.java:178)
	at org.jboss.netty.util.ThreadRenamingRunnable.run(ThreadRenamingRunnable.java:108)
	at org.jboss.netty.util.internal.DeadLockProofWorker$1.run(DeadLockProofWorker.java:42)
	at java.util.concurrent.ThreadPoolExecutor.runWorker(ThreadPoolExecutor.java:1149)
	at java.util.concurrent.ThreadPoolExecutor$Worker.run(ThreadPoolExecutor.java:624)
	at java.lang.Thread.run(Thread.java:748)
Caused by: dispatch.StatusCode: Unexpected response status: 404
	at com.olvind.tso.importer.build.BinTrayPublisher$Handle$.$anonfun$createOrConflict$1(BinTrayPublisher.scala:38)
	at com.olvind.tso.importer.build.BinTrayPublisher$Handle$.$anonfun$createOrConflict$1$adapted(BinTrayPublisher.scala:34)
	at dispatch.FunctionHandler.onCompleted(handlers.scala:26)
	at com.ning.http.client.AsyncCompletionHandler.onCompleted(AsyncCompletionHandler.java:55)
	at com.olvind.tso.importer.build.Caching$WrappedHandler.onCompleted(BinTrayPublisher.scala:139)
	at com.olvind.tso.importer.build.Caching$WrappedHandler.onCompleted(BinTrayPublisher.scala:139)
	at com.olvind.tso.importer.build.Caching$Client$StoringHandler$1$.onCompleted(BinTrayPublisher.scala:114)
	at com.ning.http.client.providers.netty.future.NettyResponseFuture.getContent(NettyResponseFuture.java:177)
	at com.ning.http.client.providers.netty.future.NettyResponseFuture.done(NettyResponseFuture.java:212)
	... 42 more

[error] PhaseRunner.scala:86 Failure, [forge-apis => java.util.concurrent.ExecutionException: dispatch.StatusCode: Unexpected response status: 404] [id => forge-apis, phase => publish] 
