[info ] InferredDependency.scala:22 Inferred dependencies Set(TsIdentLibrarySimple(node)) for TsIdentLibraryScoped(frctl,Some(fractal)) [id => @frctl/fractal, phase => typescript, file => ../types/frctl__fractal/index.d.ts] 
[debug] PhaseRunner.scala:84 Success [id => @frctl/fractal, phase => typescript] 
[info ] Phase1ReadTypescript.scala:171 Preprocessing TsHelperFile(InFile(/home/tso/tmp/tso-cache/DefinitelyTyped/types/frctl__fractal/index.d.ts),FromFolder(InFolder(/home/tso/tmp/tso-cache/DefinitelyTyped/types/frctl__fractal),TsIdentLibraryScoped(frctl,Some(fractal))),TsIdentModule(Some(frctl),List(fractal))) [id => @frctl/fractal, phase => typescript] 
[info ] InferredDefaultModule.scala:39 Inferred module TsIdentModule(Some(frctl),List(fractal)) [id => @frctl/fractal, phase => typescript] 
[warn ] Phase1ReadTypescript.scala:189 Processing TsIdentLibraryScoped(frctl,Some(fractal)) [id => @frctl/fractal, phase => typescript] 
[info ] ResolveTypeQueries.scala:139 Resolved TsTypeQuery(TsQIdent(List(TsIdentSimple(fractal), TsIdentSimple(api), TsIdentSimple(components), TsIdentSimple(Component)))) [id => @frctl/fractal, phase => typescript, scope => TreeScope(TsParsedFile() / TsDeclModule(@frctl/fractal) / TsExport() / TsExporteeTree() / TsDeclNamespace(core) / TsDeclVar(Component) / TsTypeQuery())] 
[info ] ResolveTypeQueries.scala:139 Resolved TsTypeQuery(TsQIdent(List(TsIdentSimple(fractal), TsIdentSimple(api), TsIdentSimple(variants), TsIdentSimple(Variant)))) [id => @frctl/fractal, phase => typescript, scope => TreeScope(TsParsedFile() / TsDeclModule(@frctl/fractal) / TsExport() / TsExporteeTree() / TsDeclNamespace(core) / TsDeclVar(Variant) / TsTypeQuery())] 
[info ] ResolveTypeQueries.scala:139 Resolved TsTypeQuery(TsQIdent(List(TsIdentSimple(fractal), TsIdentSimple(api), TsIdentSimple(docs), TsIdentSimple(Doc)))) [id => @frctl/fractal, phase => typescript, scope => TreeScope(TsParsedFile() / TsDeclModule(@frctl/fractal) / TsExport() / TsExporteeTree() / TsDeclNamespace(core) / TsDeclVar(Doc) / TsTypeQuery())] 
[info ] ExpandTypeParams.scala:61 Expanding 12 members for TsIdentSimple(setOption) [id => @frctl/fractal, phase => typescript, scope => TreeScope(TsParsedFile() / TsDeclModule(@frctl/fractal) / TsDeclClass(WebTheme))] 
[info ] ExpandTypeParams.scala:61 Expanding 12 members for TsIdentSimple(getOption) [id => @frctl/fractal, phase => typescript, scope => TreeScope(TsParsedFile() / TsDeclModule(@frctl/fractal) / TsDeclClass(WebTheme))] 
[info ] ExtractInterfaces.scala:41 Extracted anonymous interface TsIdentSimple(Anon_App) [id => @frctl/fractal, phase => typescript, scope => TreeScope(TsParsedFile() / TsDeclModule(@frctl/fractal) / TsDeclNamespace(fractal) / TsDeclNamespace(core) / TsDeclNamespace(entities) / TsDeclInterface(EntitySource) / TsMemberFunction(engine) / TsFunSig() / TsFunParam() / TsTypeUnion() / TsTypeObject())] 
[info ] ExtractInterfaces.scala:41 Extracted anonymous interface TsIdentSimple(Anon_App) [id => @frctl/fractal, phase => typescript, scope => TreeScope(TsParsedFile() / TsDeclModule(@frctl/fractal) / TsDeclNamespace(fractal) / TsDeclNamespace(core) / TsDeclNamespace(entities) / TsDeclInterface(EntitySource) / TsMemberFunction(engine) / TsFunSig() / TsFunParam() / TsTypeUnion() / TsTypeFunction() / TsFunSig() / TsTypeObject())] 
[info ] ExtractInterfaces.scala:41 Extracted anonymous interface TsIdentSimple(Anon_Handle) [id => @frctl/fractal, phase => typescript, scope => TreeScope(TsParsedFile() / TsDeclModule(@frctl/fractal) / TsDeclNamespace(fractal) / TsDeclNamespace(api) / TsDeclNamespace(components) / TsDeclTypeAlias(Collator) / TsTypeFunction() / TsFunSig() / TsFunParam() / TsTypeObject())] 
[info ] ExtractInterfaces.scala:41 Extracted anonymous interface TsIdentSimple(Anon_Alias) [id => @frctl/fractal, phase => typescript, scope => TreeScope(TsParsedFile() / TsDeclModule(@frctl/fractal) / TsDeclNamespace(fractal) / TsDeclNamespace(api) / TsDeclNamespace(components) / TsDeclInterface(ComponentSource) / TsMemberFunction(getReferencesOf) / TsFunSig() / TsFunParam() / TsTypeObject())] 
[info ] ExtractInterfaces.scala:41 Extracted anonymous interface TsIdentSimple(Anon_Fractal) [id => @frctl/fractal, phase => typescript, scope => TreeScope(TsParsedFile() / TsDeclModule(@frctl/fractal) / TsDeclNamespace(fractal) / TsDeclNamespace(cli) / TsDeclClass(Cli) / TsMemberFunction(command) / TsFunSig() / TsFunParam() / TsTypeFunction() / TsFunSig() / TsFunParam() / TsTypeIntersect() / TsTypeObject())] 
[info ] ExtractInterfaces.scala:41 Extracted anonymous interface TsIdentSimple(Anon_Description) [id => @frctl/fractal, phase => typescript, scope => TreeScope(TsParsedFile() / TsDeclModule(@frctl/fractal) / TsDeclNamespace(fractal) / TsDeclNamespace(cli) / TsDeclClass(Cli) / TsMemberFunction(command) / TsFunSig() / TsFunParam() / TsTypeUnion() / TsTypeObject())] 
[info ] ExtractInterfaces.scala:41 Extracted anonymous interface TsIdentSimple(Anon_Current) [id => @frctl/fractal, phase => typescript, scope => TreeScope(TsParsedFile() / TsDeclModule(@frctl/fractal) / TsDeclNamespace(fractal) / TsDeclNamespace(cli) / TsDeclClass(Notifier) / TsMemberFunction(updateAvailable) / TsFunSig() / TsFunParam() / TsTypeObject())] 
[info ] ExtractInterfaces.scala:41 Extracted anonymous interface TsIdentSimple(Anon_Cli) [id => @frctl/fractal, phase => typescript, scope => TreeScope(TsParsedFile() / TsDeclModule(@frctl/fractal) / TsDeclNamespace(fractal) / TsDeclNamespace(cli) / TsDeclClass(Notifier) / TsMemberFunction(versionMismatch) / TsFunSig() / TsFunParam() / TsTypeObject())] 
[info ] ExtractInterfaces.scala:41 Extracted anonymous interface TsIdentSimple(Anon_ErrorCount) [id => @frctl/fractal, phase => typescript, scope => TreeScope(TsParsedFile() / TsDeclModule(@frctl/fractal) / TsDeclNamespace(fractal) / TsDeclNamespace(web) / TsDeclClass(Builder) / TsMemberFunction(build) / TsFunSig() / TsTypeRef() / TsTypeObject())] 
[info ] ExtractInterfaces.scala:41 Extracted anonymous interface TsIdentSimple(Anon_ErrorCount) [id => @frctl/fractal, phase => typescript, scope => TreeScope(TsParsedFile() / TsDeclModule(@frctl/fractal) / TsDeclNamespace(fractal) / TsDeclNamespace(web) / TsDeclClass(Builder) / TsMemberFunction(start) / TsFunSig() / TsTypeRef() / TsTypeObject())] 
[info ] ExtractInterfaces.scala:41 Extracted anonymous interface TsIdentSimple(Anon_Server) [id => @frctl/fractal, phase => typescript, scope => TreeScope(TsParsedFile() / TsDeclModule(@frctl/fractal) / TsDeclNamespace(fractal) / TsDeclNamespace(web) / TsDeclClass(Server) / TsMemberProperty(ports) / TsTypeObject())] 
[info ] ExtractInterfaces.scala:41 Extracted anonymous interface TsIdentSimple(Anon_External) [id => @frctl/fractal, phase => typescript, scope => TreeScope(TsParsedFile() / TsDeclModule(@frctl/fractal) / TsDeclNamespace(fractal) / TsDeclNamespace(web) / TsDeclClass(Server) / TsMemberProperty(urls) / TsTypeObject() / TsMemberProperty(sync) / TsTypeObject())] 
[info ] ExtractInterfaces.scala:41 Extracted anonymous interface TsIdentSimple(Anon_ServerSync) [id => @frctl/fractal, phase => typescript, scope => TreeScope(TsParsedFile() / TsDeclModule(@frctl/fractal) / TsDeclNamespace(fractal) / TsDeclNamespace(web) / TsDeclClass(Server) / TsMemberProperty(urls) / TsTypeObject())] 
[info ] ExtractInterfaces.scala:41 Extracted anonymous interface TsIdentSimple(Anon_Author) [id => @frctl/fractal, phase => typescript, scope => TreeScope(TsParsedFile() / TsDeclModule(@frctl/fractal) / TsDeclInterface(FractalConfig) / TsMemberProperty(project) / TsTypeObject())] 
[info ] ExtractInterfaces.scala:41 Extracted anonymous interface TsIdentSimple(Anon_Format) [id => @frctl/fractal, phase => typescript, scope => TreeScope(TsParsedFile() / TsDeclModule(@frctl/fractal) / TsDeclInterface(CliThemeConfig) / TsMemberProperty(delimiter) / TsTypeObject())] 
[info ] ExtractInterfaces.scala:41 Extracted anonymous interface TsIdentSimple(Anon_Mount) [id => @frctl/fractal, phase => typescript, scope => TreeScope(TsParsedFile() / TsDeclModule(@frctl/fractal) / TsDeclInterface(WebThemeOptions) / TsMemberProperty(static) / TsTypeObject())] 
[info ] ExtractInterfaces.scala:41 Extracted anonymous interface TsIdentSimple(Anon_Mount) [id => @frctl/fractal, phase => typescript, scope => TreeScope(TsParsedFile() / TsDeclModule(@frctl/fractal) / TsDeclClass(WebTheme) / TsMemberFunction(setOption) / TsFunSig() / TsFunParam() / TsTypeObject())] 
[info ] ExtractInterfaces.scala:41 Extracted anonymous interface TsIdentSimple(Anon_Mount) [id => @frctl/fractal, phase => typescript, scope => TreeScope(TsParsedFile() / TsDeclModule(@frctl/fractal) / TsDeclClass(WebTheme) / TsMemberFunction(getOption) / TsFunSig() / TsTypeObject())] 
[info ] ExtractInterfaces.scala:41 Extracted anonymous interface TsIdentSimple(Anon_MountPath) [id => @frctl/fractal, phase => typescript, scope => TreeScope(TsParsedFile() / TsDeclModule(@frctl/fractal) / TsDeclClass(WebTheme) / TsMemberFunction(static) / TsFunSig() / TsTypeRef() / TsTypeObject())] 
[info ] ExtractInterfaces.scala:41 Extracted anonymous interface TsIdentSimple(Anon_HandleString) [id => @frctl/fractal, phase => typescript, scope => TreeScope(TsParsedFile() / TsDeclModule(@frctl/fractal) / TsDeclClass(WebTheme) / TsMemberFunction(addRoute) / TsFunSig() / TsFunParam() / TsTypeObject())] 
[info ] ExtractInterfaces.scala:41 Extracted anonymous interface TsIdentSimple(Anon_HandleView) [id => @frctl/fractal, phase => typescript, scope => TreeScope(TsParsedFile() / TsDeclModule(@frctl/fractal) / TsDeclClass(WebTheme) / TsMemberFunction(matchRoute) / TsFunSig() / TsTypeUnion() / TsTypeObject() / TsMemberProperty(route) / TsTypeObject())] 
[info ] ExtractInterfaces.scala:41 Extracted anonymous interface TsIdentSimple(Anon_Params) [id => @frctl/fractal, phase => typescript, scope => TreeScope(TsParsedFile() / TsDeclModule(@frctl/fractal) / TsDeclClass(WebTheme) / TsMemberFunction(matchRoute) / TsFunSig() / TsTypeUnion() / TsTypeObject())] 
[info ] ExtractInterfaces.scala:41 Extracted anonymous interface TsIdentSimple(Anon_Content) [id => @frctl/fractal, phase => typescript, scope => TreeScope(TsParsedFile() / TsDeclModule(@frctl/fractal) / TsDeclClass(Adapter) / TsMemberProperty(views) / TsTypeRef() / TsTypeObject())] 
[info ] ExtractInterfaces.scala:41 Extracted anonymous interface TsIdentSimple(Anon_Color) [id => @frctl/fractal, phase => typescript, scope => TreeScope(TsParsedFile() / TsDeclModule(@frctl/fractal) / TsDeclNamespace(utils) / TsDeclFunction(lang) / TsFunSig() / TsTypeObject())] 
[info ] ExtractInterfaces.scala:41 Extracted anonymous interface TsIdentSimple(Anon_Args) [id => @frctl/fractal, phase => typescript, scope => TreeScope(TsParsedFile() / TsDeclModule(@frctl/fractal) / TsDeclNamespace(utils) / TsDeclFunction(parseArgv) / TsFunSig() / TsTypeObject())] 
[debug] PhaseRunner.scala:84 Success [id => @frctl/fractal, phase => typescript] 
[warn ] Phase2ToScalaJs.scala:42 Processing @frctl/fractal [id => @frctl/fractal, phase => scala.js] 
[info ] ImportType.scala:237 Failed type conversion: T[TKey] [id => @frctl/fractal, phase => scala.js, scope => TreeScope(TsParsedFile() / TsDeclModule(@frctl/fractal) / TsDeclNamespace(fractal) / TsDeclNamespace(core) / TsDeclNamespace(mixins) / TsDeclInterface(Collection) / TsMemberFunction(find) / TsFunParam() / TsTypeLookup())] 
[info ] ImportType.scala:237 Failed type conversion: T[TKey] [id => @frctl/fractal, phase => scala.js, scope => TreeScope(TsParsedFile() / TsDeclModule(@frctl/fractal) / TsDeclNamespace(fractal) / TsDeclNamespace(core) / TsDeclNamespace(mixins) / TsDeclInterface(Collection) / TsMemberFunction(findCollection) / TsFunParam() / TsTypeLookup())] 
[info ] ImportType.scala:237 Failed type conversion: T[TKey] [id => @frctl/fractal, phase => scala.js, scope => TreeScope(TsParsedFile() / TsDeclModule(@frctl/fractal) / TsDeclNamespace(fractal) / TsDeclNamespace(core) / TsDeclNamespace(mixins) / TsDeclInterface(Collection) / TsMemberFunction(filter) / TsFunParam() / TsTypeLookup())] 
[info ] ImportType.scala:237 Failed type conversion: T[TKey] [id => @frctl/fractal, phase => scala.js, scope => TreeScope(TsParsedFile() / TsDeclModule(@frctl/fractal) / TsDeclNamespace(fractal) / TsDeclNamespace(core) / TsDeclNamespace(mixins) / TsDeclInterface(Collection) / TsMemberFunction(filterItems) / TsFunParam() / TsTypeLookup())] 
[info ] ImportType.scala:237 Failed type conversion: T[K] [id => @frctl/fractal, phase => scala.js, scope => TreeScope(TsParsedFile() / TsDeclModule(@frctl/fractal) / TsDeclNamespace(fractal) / TsDeclNamespace(core) / TsDeclNamespace(mixins) / TsDeclClass(Configurable) / TsMemberFunction(set) / TsFunParam() / TsTypeLookup())] 
[info ] ImportType.scala:237 Failed type conversion: T[K] [id => @frctl/fractal, phase => scala.js, scope => TreeScope(TsParsedFile() / TsDeclModule(@frctl/fractal) / TsDeclNamespace(fractal) / TsDeclNamespace(core) / TsDeclNamespace(mixins) / TsDeclClass(Configurable) / TsMemberFunction(get) / TsTypeUnion() / TsTypeLookup())] 
[info ] ImportType.scala:237 Failed type conversion: T[K] [id => @frctl/fractal, phase => scala.js, scope => TreeScope(TsParsedFile() / TsDeclModule(@frctl/fractal) / TsDeclNamespace(fractal) / TsDeclNamespace(core) / TsDeclNamespace(mixins) / TsDeclClass(Configurable) / TsMemberFunction(get) / TsTypeUnion() / TsTypeLookup())] 
[info ] RemoveMultipleInheritance.scala:43 Dropped parents 
- atFrctlFractalLib.atFrctlFractalMod.fractalNs.coreNs.mixinsNs.Configurable because Inheritance from two classes. Inlined config, config, set, set, get, get [id => @frctl/fractal, phase => scala.js, this => Name(atFrctlFractalLib) / Name(atFrctlFractalMod) / Name(fractalNs) / Name(coreNs) / Name(mixinsNs) / Name(ConfigurableEmitter)] 
[info ] InferMemberOverrides.scala:86 added override methods List(Name(toJSON)) [id => @frctl/fractal, phase => scala.js, this => Name(atFrctlFractalLib) / Name(atFrctlFractalMod) / Name(fractalNs) / Name(coreNs) / Name(entitiesNs) / Name(EntityCollection)] 
[info ] InferMemberOverrides.scala:86 added override methods List(Name(off), Name(on), Name(prependOnceListener), Name(rawListeners), Name(listeners), Name(removeAllListeners), Name(listenerCount), Name(listenerCount), Name(removeListener), Name(prependListener), Name(addListener), Name(once), Name(setMaxListeners), Name(eventNames), Name(removeAllListeners), Name(rawListeners), Name(emit), Name(prependListener), Name(addListener), Name(removeAllListeners), Name(getMaxListeners), Name(off), Name(listeners), Name(prependOnceListener), Name(on), Name(once), Name(removeListener), Name(emit)) [id => @frctl/fractal, phase => scala.js, this => Name(atFrctlFractalLib) / Name(atFrctlFractalMod) / Name(fractalNs) / Name(coreNs) / Name(mixinsNs) / Name(Source)] 
[debug] PhaseRunner.scala:84 Success [id => @frctl/fractal, phase => scala.js] 
[warn ] Phase3CompileBloop.scala:245 Built frctl__fractal in 1105 ms [id => @frctl/fractal, phase => build] 
[info ] Phase3CompileBloop.scala:253 published local, [/home/tso/.ivy2/local/org.scalablytyped/frctl__fractal_sjs0.6_2.12/1.x-dt-20180725Z-7e17c6/jars/frctl__fractal_sjs0.6_2.12.jar, /home/tso/.ivy2/local/org.scalablytyped/frctl__fractal_sjs0.6_2.12/1.x-dt-20180725Z-7e17c6/srcs/frctl__fractal_sjs0.6_2.12-sources.jar, /home/tso/.ivy2/local/org.scalablytyped/frctl__fractal_sjs0.6_2.12/1.x-dt-20180725Z-7e17c6/ivys/ivy.xml, /home/tso/.ivy2/local/org.scalablytyped/frctl__fractal_sjs0.6_2.12/1.x-dt-20180725Z-7e17c6/poms/frctl__fractal_sjs0.6_2.12.pom] [id => @frctl/fractal, phase => build] 
[debug] PhaseRunner.scala:84 Success [id => @frctl/fractal, phase => build] 
[error] PhaseRes.scala:76 Caught exception: dispatch.StatusCode: Unexpected response status: 405 [id => @frctl/fractal, phase => publish] java.util.concurrent.ExecutionException: dispatch.StatusCode: Unexpected response status: 405
	at com.ning.http.client.providers.netty.future.NettyResponseFuture.done(NettyResponseFuture.java:218)
	at com.ning.http.client.providers.netty.handler.HttpProtocol.markAsDone(HttpProtocol.java:204)
	at com.ning.http.client.providers.netty.handler.HttpProtocol.finishUpdate(HttpProtocol.java:189)
	at com.ning.http.client.providers.netty.handler.HttpProtocol.exitAfterHandlingBody(HttpProtocol.java:402)
	at com.ning.http.client.providers.netty.handler.HttpProtocol.handleHttpResponse(HttpProtocol.java:429)
	at com.ning.http.client.providers.netty.handler.HttpProtocol.handle(HttpProtocol.java:476)
	at com.ning.http.client.providers.netty.handler.Processor.messageReceived(Processor.java:89)
	at org.jboss.netty.channel.SimpleChannelUpstreamHandler.handleUpstream(SimpleChannelUpstreamHandler.java:70)
	at org.jboss.netty.channel.DefaultChannelPipeline.sendUpstream(DefaultChannelPipeline.java:564)
	at org.jboss.netty.channel.DefaultChannelPipeline$DefaultChannelHandlerContext.sendUpstream(DefaultChannelPipeline.java:791)
	at org.jboss.netty.handler.stream.ChunkedWriteHandler.handleUpstream(ChunkedWriteHandler.java:142)
	at org.jboss.netty.channel.DefaultChannelPipeline.sendUpstream(DefaultChannelPipeline.java:564)
	at org.jboss.netty.channel.DefaultChannelPipeline$DefaultChannelHandlerContext.sendUpstream(DefaultChannelPipeline.java:791)
	at org.jboss.netty.handler.codec.http.HttpContentDecoder.messageReceived(HttpContentDecoder.java:108)
	at org.jboss.netty.channel.SimpleChannelUpstreamHandler.handleUpstream(SimpleChannelUpstreamHandler.java:70)
	at org.jboss.netty.channel.DefaultChannelPipeline.sendUpstream(DefaultChannelPipeline.java:564)
	at org.jboss.netty.channel.DefaultChannelPipeline$DefaultChannelHandlerContext.sendUpstream(DefaultChannelPipeline.java:791)
	at org.jboss.netty.channel.Channels.fireMessageReceived(Channels.java:296)
	at org.jboss.netty.handler.codec.frame.FrameDecoder.unfoldAndFireMessageReceived(FrameDecoder.java:459)
	at org.jboss.netty.handler.codec.replay.ReplayingDecoder.callDecode(ReplayingDecoder.java:536)
	at org.jboss.netty.handler.codec.replay.ReplayingDecoder.messageReceived(ReplayingDecoder.java:435)
	at org.jboss.netty.channel.SimpleChannelUpstreamHandler.handleUpstream(SimpleChannelUpstreamHandler.java:70)
	at org.jboss.netty.handler.codec.http.HttpClientCodec.handleUpstream(HttpClientCodec.java:92)
	at org.jboss.netty.channel.DefaultChannelPipeline.sendUpstream(DefaultChannelPipeline.java:564)
	at org.jboss.netty.channel.DefaultChannelPipeline$DefaultChannelHandlerContext.sendUpstream(DefaultChannelPipeline.java:791)
	at org.jboss.netty.channel.Channels.fireMessageReceived(Channels.java:296)
	at org.jboss.netty.handler.codec.frame.FrameDecoder.unfoldAndFireMessageReceived(FrameDecoder.java:462)
	at org.jboss.netty.handler.codec.frame.FrameDecoder.callDecode(FrameDecoder.java:443)
	at org.jboss.netty.handler.codec.frame.FrameDecoder.messageReceived(FrameDecoder.java:303)
	at org.jboss.netty.channel.SimpleChannelUpstreamHandler.handleUpstream(SimpleChannelUpstreamHandler.java:70)
	at org.jboss.netty.channel.DefaultChannelPipeline.sendUpstream(DefaultChannelPipeline.java:564)
	at org.jboss.netty.channel.DefaultChannelPipeline.sendUpstream(DefaultChannelPipeline.java:559)
	at org.jboss.netty.channel.Channels.fireMessageReceived(Channels.java:268)
	at org.jboss.netty.channel.Channels.fireMessageReceived(Channels.java:255)
	at org.jboss.netty.channel.socket.nio.NioWorker.read(NioWorker.java:88)
	at org.jboss.netty.channel.socket.nio.AbstractNioWorker.process(AbstractNioWorker.java:108)
	at org.jboss.netty.channel.socket.nio.AbstractNioSelector.run(AbstractNioSelector.java:337)
	at org.jboss.netty.channel.socket.nio.AbstractNioWorker.run(AbstractNioWorker.java:89)
	at org.jboss.netty.channel.socket.nio.NioWorker.run(NioWorker.java:178)
	at org.jboss.netty.util.ThreadRenamingRunnable.run(ThreadRenamingRunnable.java:108)
	at org.jboss.netty.util.internal.DeadLockProofWorker$1.run(DeadLockProofWorker.java:42)
	at java.util.concurrent.ThreadPoolExecutor.runWorker(ThreadPoolExecutor.java:1149)
	at java.util.concurrent.ThreadPoolExecutor$Worker.run(ThreadPoolExecutor.java:624)
	at java.lang.Thread.run(Thread.java:748)
Caused by: dispatch.StatusCode: Unexpected response status: 405
	at com.olvind.tso.importer.build.BinTrayPublisher$Handle$.$anonfun$createOrConflictUncached$1(BinTrayPublisher.scala:35)
	at com.olvind.tso.importer.build.BinTrayPublisher$Handle$.$anonfun$createOrConflictUncached$1$adapted(BinTrayPublisher.scala:31)
	at dispatch.FunctionHandler.onCompleted(handlers.scala:26)
	at com.ning.http.client.AsyncCompletionHandler.onCompleted(AsyncCompletionHandler.java:55)
	at com.olvind.tso.importer.build.Caching$WrappedHandler.onCompleted(BinTrayPublisher.scala:141)
	at com.olvind.tso.importer.build.Caching$WrappedHandler.onCompleted(BinTrayPublisher.scala:141)
	at com.olvind.tso.importer.build.Caching$Client$StoringHandler$1$.onCompleted(BinTrayPublisher.scala:116)
	at com.ning.http.client.providers.netty.future.NettyResponseFuture.getContent(NettyResponseFuture.java:177)
	at com.ning.http.client.providers.netty.future.NettyResponseFuture.done(NettyResponseFuture.java:212)
	... 43 more

[error] PhaseRunner.scala:88 Failure, [@frctl/fractal => java.util.concurrent.ExecutionException: dispatch.StatusCode: Unexpected response status: 405] [id => @frctl/fractal, phase => publish] 
