[info ] InferredDependency.scala:20 Inferred dependencies Set(TsIdentLibrarySimple(node)) for TsIdentLibrarySimple(fs-extra) [id => fs-extra, phase => typescript, file => ../types/fs-extra/index.d.ts] 
[debug] PhaseRunner.scala:78 Success [id => fs-extra, phase => typescript] 
[info ] Phase1ReadTypescript.scala:152 Preprocessing TsHelperFile(InFile(/home/tso/tmp/tso-cache/DefinitelyTyped/types/fs-extra/index.d.ts),FromFolder(InFolder(/home/tso/tmp/tso-cache/DefinitelyTyped/types/fs-extra),TsIdentLibrarySimple(fs-extra)),TsIdentModule(None,List(fs-extra))) [id => fs-extra, phase => typescript] 
[info ] InferredDefaultModule.scala:39 Inferred module TsIdentModule(None,List(fs-extra)) [id => fs-extra, phase => typescript] 
[warn ] Phase1ReadTypescript.scala:190 Processing TsIdentLibrarySimple(fs-extra) [id => fs-extra, phase => typescript] 
[info ] ExtractInterfaces.scala:30 Extracted anonymous interface TsIdentSimple(Anon_Encoding) [id => fs-extra, phase => typescript, scope => TreeScope(TsParsedFile() / TsDeclModule(fs-extra) / TsDeclFunction(appendFile) / TsFunSig() / TsFunParam() / TsTypeObject())] 
[info ] ExtractInterfaces.scala:30 Extracted anonymous interface TsIdentSimple(Anon_Encoding) [id => fs-extra, phase => typescript, scope => TreeScope(TsParsedFile() / TsDeclModule(fs-extra) / TsDeclFunction(appendFile) / TsFunSig() / TsFunParam() / TsTypeObject())] 
[info ] ExtractInterfaces.scala:30 Extracted anonymous interface TsIdentSimple(Anon_Encoding) [id => fs-extra, phase => typescript, scope => TreeScope(TsParsedFile() / TsDeclModule(fs-extra) / TsDeclFunction(appendFile) / TsFunSig() / TsFunParam() / TsTypeObject())] 
[info ] ExtractInterfaces.scala:30 Extracted anonymous interface TsIdentSimple(Anon_Encoding) [id => fs-extra, phase => typescript, scope => TreeScope(TsParsedFile() / TsDeclModule(fs-extra) / TsDeclFunction(appendFile) / TsFunSig() / TsFunParam() / TsTypeObject())] 
[info ] ExtractInterfaces.scala:30 Extracted anonymous interface TsIdentSimple(Anon_Encoding) [id => fs-extra, phase => typescript, scope => TreeScope(TsParsedFile() / TsDeclModule(fs-extra) / TsDeclFunction(appendFile) / TsFunSig() / TsFunParam() / TsTypeObject())] 
[info ] ExtractInterfaces.scala:30 Extracted anonymous interface TsIdentSimple(Anon_Encoding) [id => fs-extra, phase => typescript, scope => TreeScope(TsParsedFile() / TsDeclModule(fs-extra) / TsDeclFunction(appendFile) / TsFunSig() / TsFunParam() / TsTypeObject())] 
[info ] ExtractInterfaces.scala:30 Extracted anonymous interface TsIdentSimple(Anon_Flag) [id => fs-extra, phase => typescript, scope => TreeScope(TsParsedFile() / TsDeclModule(fs-extra) / TsDeclFunction(readFile) / TsFunSig() / TsFunParam() / TsTypeObject())] 
[info ] ExtractInterfaces.scala:30 Extracted anonymous interface TsIdentSimple(Anon_Flag) [id => fs-extra, phase => typescript, scope => TreeScope(TsParsedFile() / TsDeclModule(fs-extra) / TsDeclFunction(readFile) / TsFunSig() / TsFunParam() / TsTypeObject())] 
[info ] ExtractInterfaces.scala:30 Extracted anonymous interface TsIdentSimple(Anon_Flag) [id => fs-extra, phase => typescript, scope => TreeScope(TsParsedFile() / TsDeclModule(fs-extra) / TsDeclFunction(readFile) / TsFunSig() / TsFunParam() / TsTypeObject())] 
[info ] ExtractInterfaces.scala:30 Extracted anonymous interface TsIdentSimple(Anon_EncodingFlag) [id => fs-extra, phase => typescript, scope => TreeScope(TsParsedFile() / TsDeclModule(fs-extra) / TsDeclFunction(readFile) / TsFunSig() / TsFunParam() / TsTypeObject())] 
[info ] ExtractInterfaces.scala:30 Extracted anonymous interface TsIdentSimple(Anon_EncodingFlag) [id => fs-extra, phase => typescript, scope => TreeScope(TsParsedFile() / TsDeclModule(fs-extra) / TsDeclFunction(readFile) / TsFunSig() / TsFunParam() / TsTypeObject())] 
[info ] ExtractInterfaces.scala:30 Extracted anonymous interface TsIdentSimple(Anon_EncodingFlag) [id => fs-extra, phase => typescript, scope => TreeScope(TsParsedFile() / TsDeclModule(fs-extra) / TsDeclFunction(readFile) / TsFunSig() / TsFunParam() / TsTypeObject())] 
[info ] ExtractInterfaces.scala:30 Extracted anonymous interface TsIdentSimple(Anon_Flag) [id => fs-extra, phase => typescript, scope => TreeScope(TsParsedFile() / TsDeclModule(fs-extra) / TsDeclFunction(readFile) / TsFunSig() / TsFunParam() / TsTypeObject())] 
[info ] ExtractInterfaces.scala:30 Extracted anonymous interface TsIdentSimple(Anon_Flag) [id => fs-extra, phase => typescript, scope => TreeScope(TsParsedFile() / TsDeclModule(fs-extra) / TsDeclFunction(readFile) / TsFunSig() / TsFunParam() / TsTypeObject())] 
[info ] ExtractInterfaces.scala:30 Extracted anonymous interface TsIdentSimple(Anon_Flag) [id => fs-extra, phase => typescript, scope => TreeScope(TsParsedFile() / TsDeclModule(fs-extra) / TsDeclFunction(readFile) / TsFunSig() / TsFunParam() / TsTypeObject())] 
[info ] ExtractInterfaces.scala:30 Extracted anonymous interface TsIdentSimple(Anon_EncodingFlag) [id => fs-extra, phase => typescript, scope => TreeScope(TsParsedFile() / TsDeclModule(fs-extra) / TsDeclFunction(readFile) / TsFunSig() / TsFunParam() / TsTypeObject())] 
[info ] ExtractInterfaces.scala:30 Extracted anonymous interface TsIdentSimple(Anon_EncodingFlag) [id => fs-extra, phase => typescript, scope => TreeScope(TsParsedFile() / TsDeclModule(fs-extra) / TsDeclFunction(readFile) / TsFunSig() / TsFunParam() / TsTypeObject())] 
[info ] ExtractInterfaces.scala:30 Extracted anonymous interface TsIdentSimple(Anon_EncodingFlag) [id => fs-extra, phase => typescript, scope => TreeScope(TsParsedFile() / TsDeclModule(fs-extra) / TsDeclFunction(readFile) / TsFunSig() / TsFunParam() / TsTypeObject())] 
[debug] PhaseRunner.scala:78 Success [id => fs-extra, phase => typescript] 
[warn ] Phase2ToScalaJs.scala:34 Processing TsIdentLibrarySimple(fs-extra) [id => fs-extra, phase => scala.js] 
[debug] PhaseRunner.scala:78 Success [id => fs-extra, phase => scala.js] 
[warn ] PhaseRunner.scala:64 Failed because of, [node => Compilation failed] [id => fs-extra, phase => build] 
[debug] PhaseRunner.scala:82 Failure, [node => Compilation failed] [id => fs-extra, phase => build] 
