[info ] InferredDependency.scala:20 Inferred dependencies Set(TsIdentLibrarySimple(node)) for TsIdentLibrarySimple(fs-mock) [id => fs-mock, phase => typescript, file => ../types/fs-mock/index.d.ts] 
[debug] PhaseRunner.scala:78 Success [id => fs-mock, phase => typescript] 
[info ] Phase1ReadTypescript.scala:152 Preprocessing TsHelperFile(InFile(/home/tso/tmp/tso-cache/DefinitelyTyped/types/fs-mock/index.d.ts),FromFolder(InFolder(/home/tso/tmp/tso-cache/DefinitelyTyped/types/fs-mock),TsIdentLibrarySimple(fs-mock)),TsIdentModule(None,List(fs-mock))) [id => fs-mock, phase => typescript] 
[info ] InferredDefaultModule.scala:39 Inferred module TsIdentModule(None,List(fs-mock)) [id => fs-mock, phase => typescript] 
[warn ] Phase1ReadTypescript.scala:190 Processing TsIdentLibrarySimple(fs-mock) [id => fs-mock, phase => typescript] 
[info ] ExtractInterfaces.scala:30 Extracted anonymous interface TsIdentSimple(Anon_Encoding) [id => fs-mock, phase => typescript, scope => TreeScope(TsParsedFile() / TsDeclModule(fs-mock) / TsDeclInterface(FS) / TsMemberFunction(writeFileSync) / TsFunSig() / TsFunParam() / TsTypeObject())] 
[info ] ExtractInterfaces.scala:30 Extracted anonymous interface TsIdentSimple(Anon_EncodingMode) [id => fs-mock, phase => typescript, scope => TreeScope(TsParsedFile() / TsDeclModule(fs-mock) / TsDeclInterface(FS) / TsMemberFunction(writeFileSync) / TsFunSig() / TsFunParam() / TsTypeObject())] 
[info ] ExtractInterfaces.scala:30 Extracted anonymous interface TsIdentSimple(Anon_Encoding) [id => fs-mock, phase => typescript, scope => TreeScope(TsParsedFile() / TsDeclModule(fs-mock) / TsDeclInterface(FS) / TsMemberFunction(appendFile) / TsFunSig() / TsFunParam() / TsTypeObject())] 
[info ] ExtractInterfaces.scala:30 Extracted anonymous interface TsIdentSimple(Anon_Encoding) [id => fs-mock, phase => typescript, scope => TreeScope(TsParsedFile() / TsDeclModule(fs-mock) / TsDeclInterface(FS) / TsMemberFunction(appendFile) / TsFunSig() / TsFunParam() / TsTypeObject())] 
[info ] ExtractInterfaces.scala:30 Extracted anonymous interface TsIdentSimple(Anon_EncodingMode) [id => fs-mock, phase => typescript, scope => TreeScope(TsParsedFile() / TsDeclModule(fs-mock) / TsDeclInterface(FS) / TsMemberFunction(appendFile) / TsFunSig() / TsFunParam() / TsTypeObject())] 
[info ] ExtractInterfaces.scala:30 Extracted anonymous interface TsIdentSimple(Anon_EncodingMode) [id => fs-mock, phase => typescript, scope => TreeScope(TsParsedFile() / TsDeclModule(fs-mock) / TsDeclInterface(FS) / TsMemberFunction(appendFile) / TsFunSig() / TsFunParam() / TsTypeObject())] 
[info ] ExtractInterfaces.scala:30 Extracted anonymous interface TsIdentSimple(Anon_Persistent) [id => fs-mock, phase => typescript, scope => TreeScope(TsParsedFile() / TsDeclModule(fs-mock) / TsDeclInterface(FS) / TsMemberFunction(watch) / TsFunSig() / TsFunParam() / TsTypeObject())] 
[info ] ExtractInterfaces.scala:30 Extracted anonymous interface TsIdentSimple(Anon_Persistent) [id => fs-mock, phase => typescript, scope => TreeScope(TsParsedFile() / TsDeclModule(fs-mock) / TsDeclInterface(FS) / TsMemberFunction(watch) / TsFunSig() / TsFunParam() / TsTypeObject())] 
[info ] ExtractInterfaces.scala:30 Extracted anonymous interface TsIdentSimple(Anon_PersistentInterval) [id => fs-mock, phase => typescript, scope => TreeScope(TsParsedFile() / TsDeclModule(fs-mock) / TsDeclInterface(FS) / TsMemberFunction(watchFile) / TsFunSig() / TsFunParam() / TsTypeObject())] 
[info ] ExtractInterfaces.scala:30 Extracted anonymous interface TsIdentSimple(Anon_EncodingFlag) [id => fs-mock, phase => typescript, scope => TreeScope(TsParsedFile() / TsDeclModule(fs-mock) / TsDeclInterface(FS) / TsMemberFunction(readFile) / TsFunSig() / TsFunParam() / TsTypeObject())] 
[info ] ExtractInterfaces.scala:30 Extracted anonymous interface TsIdentSimple(Anon_Flag) [id => fs-mock, phase => typescript, scope => TreeScope(TsParsedFile() / TsDeclModule(fs-mock) / TsDeclInterface(FS) / TsMemberFunction(readFile) / TsFunSig() / TsFunParam() / TsTypeObject())] 
[info ] ExtractInterfaces.scala:30 Extracted anonymous interface TsIdentSimple(Anon_Encoding) [id => fs-mock, phase => typescript, scope => TreeScope(TsParsedFile() / TsDeclModule(fs-mock) / TsDeclInterface(FS) / TsMemberFunction(writeFile) / TsFunSig() / TsFunParam() / TsTypeObject())] 
[info ] ExtractInterfaces.scala:30 Extracted anonymous interface TsIdentSimple(Anon_Encoding) [id => fs-mock, phase => typescript, scope => TreeScope(TsParsedFile() / TsDeclModule(fs-mock) / TsDeclInterface(FS) / TsMemberFunction(writeFile) / TsFunSig() / TsFunParam() / TsTypeObject())] 
[info ] ExtractInterfaces.scala:30 Extracted anonymous interface TsIdentSimple(Anon_EncodingMode) [id => fs-mock, phase => typescript, scope => TreeScope(TsParsedFile() / TsDeclModule(fs-mock) / TsDeclInterface(FS) / TsMemberFunction(writeFile) / TsFunSig() / TsFunParam() / TsTypeObject())] 
[info ] ExtractInterfaces.scala:30 Extracted anonymous interface TsIdentSimple(Anon_EncodingMode) [id => fs-mock, phase => typescript, scope => TreeScope(TsParsedFile() / TsDeclModule(fs-mock) / TsDeclInterface(FS) / TsMemberFunction(writeFile) / TsFunSig() / TsFunParam() / TsTypeObject())] 
[info ] ExtractInterfaces.scala:30 Extracted anonymous interface TsIdentSimple(Anon_Flags) [id => fs-mock, phase => typescript, scope => TreeScope(TsParsedFile() / TsDeclModule(fs-mock) / TsDeclInterface(FS) / TsMemberFunction(createReadStream) / TsFunSig() / TsFunParam() / TsTypeObject())] 
[info ] ExtractInterfaces.scala:30 Extracted anonymous interface TsIdentSimple(Anon_FlagsEncoding) [id => fs-mock, phase => typescript, scope => TreeScope(TsParsedFile() / TsDeclModule(fs-mock) / TsDeclInterface(FS) / TsMemberFunction(createReadStream) / TsFunSig() / TsFunParam() / TsTypeObject())] 
[info ] ExtractInterfaces.scala:30 Extracted anonymous interface TsIdentSimple(Anon_Encoding) [id => fs-mock, phase => typescript, scope => TreeScope(TsParsedFile() / TsDeclModule(fs-mock) / TsDeclInterface(FS) / TsMemberFunction(appendFileSync) / TsFunSig() / TsFunParam() / TsTypeObject())] 
[info ] ExtractInterfaces.scala:30 Extracted anonymous interface TsIdentSimple(Anon_EncodingMode) [id => fs-mock, phase => typescript, scope => TreeScope(TsParsedFile() / TsDeclModule(fs-mock) / TsDeclInterface(FS) / TsMemberFunction(appendFileSync) / TsFunSig() / TsFunParam() / TsTypeObject())] 
[info ] ExtractInterfaces.scala:30 Extracted anonymous interface TsIdentSimple(Anon_EncodingString) [id => fs-mock, phase => typescript, scope => TreeScope(TsParsedFile() / TsDeclModule(fs-mock) / TsDeclInterface(FS) / TsMemberFunction(createWriteStream) / TsFunSig() / TsFunParam() / TsTypeObject())] 
[info ] ExtractInterfaces.scala:30 Extracted anonymous interface TsIdentSimple(Anon_EncodingFlag) [id => fs-mock, phase => typescript, scope => TreeScope(TsParsedFile() / TsDeclModule(fs-mock) / TsDeclInterface(FS) / TsMemberFunction(readFileSync) / TsFunSig() / TsFunParam() / TsTypeObject())] 
[info ] ExtractInterfaces.scala:30 Extracted anonymous interface TsIdentSimple(Anon_Flag) [id => fs-mock, phase => typescript, scope => TreeScope(TsParsedFile() / TsDeclModule(fs-mock) / TsDeclInterface(FS) / TsMemberFunction(readFileSync) / TsFunSig() / TsFunParam() / TsTypeObject())] 
[debug] PhaseRunner.scala:78 Success [id => fs-mock, phase => typescript] 
[warn ] Phase2ToScalaJs.scala:34 Processing TsIdentLibrarySimple(fs-mock) [id => fs-mock, phase => scala.js] 
[debug] PhaseRunner.scala:78 Success [id => fs-mock, phase => scala.js] 
[warn ] PhaseRunner.scala:64 Failed because of, [node => Compilation failed] [id => fs-mock, phase => build] 
[debug] PhaseRunner.scala:82 Failure, [node => Compilation failed] [id => fs-mock, phase => build] 
