[info ] InferredDependency.scala:22 Inferred dependencies Set(TsIdentLibrarySimple(node)) for TsIdentLibraryScoped(google-cloud,Some(common)) [id => @google-cloud/common, phase => typescript, file => ../build/src/service-object.d.ts] 
[info ] InferredDependency.scala:22 Inferred dependencies Set(TsIdentLibrarySimple(node)) for TsIdentLibraryScoped(google-cloud,Some(common)) [id => @google-cloud/common, phase => typescript, file => ../build/src/util.d.ts] 
[debug] PhaseRunner.scala:92 Ignored [id => @google-cloud/common, phase => typescript] 
[debug] PhaseRunner.scala:84 Success [id => @google-cloud/common, phase => typescript] 
[debug] PhaseRunner.scala:84 Success [id => @google-cloud/common, phase => typescript] 
[debug] PhaseRunner.scala:84 Success [id => @google-cloud/common, phase => typescript] 
[debug] PhaseRunner.scala:84 Success [id => @google-cloud/common, phase => typescript] 
[debug] PhaseRunner.scala:84 Success [id => @google-cloud/common, phase => typescript] 
[info ] Phase1ReadTypescript.scala:171 Preprocessing TsHelperFile(InFile(/home/tso/tmp/tso-cache/npm/node_modules/@google-cloud/common/build/src/index.d.ts),FromFolder(InFolder(/home/tso/tmp/tso-cache/npm/node_modules/@google-cloud/common),TsIdentLibraryScoped(google-cloud,Some(common))),TsIdentModule(Some(google-cloud),List(common))) [id => @google-cloud/common, phase => typescript] 
[info ] InferredDefaultModule.scala:39 Inferred module TsIdentModule(Some(google-cloud),List(common)) [id => @google-cloud/common, phase => typescript] 
[info ] Phase1ReadTypescript.scala:171 Preprocessing TsHelperFile(InFile(/home/tso/tmp/tso-cache/npm/node_modules/@google-cloud/common/build/src/operation.d.ts),FromFolder(InFolder(/home/tso/tmp/tso-cache/npm/node_modules/@google-cloud/common),TsIdentLibraryScoped(google-cloud,Some(common))),TsIdentModule(Some(google-cloud),List(common, build, src, operation))) [id => @google-cloud/common, phase => typescript] 
[info ] InferredDefaultModule.scala:39 Inferred module TsIdentModule(Some(google-cloud),List(common, build, src, operation)) [id => @google-cloud/common, phase => typescript] 
[info ] Phase1ReadTypescript.scala:171 Preprocessing TsHelperFile(InFile(/home/tso/tmp/tso-cache/npm/node_modules/@google-cloud/common/build/src/service-object.d.ts),FromFolder(InFolder(/home/tso/tmp/tso-cache/npm/node_modules/@google-cloud/common),TsIdentLibraryScoped(google-cloud,Some(common))),TsIdentModule(Some(google-cloud),List(common, build, src, service-object))) [id => @google-cloud/common, phase => typescript] 
[info ] InferredDefaultModule.scala:39 Inferred module TsIdentModule(Some(google-cloud),List(common, build, src, service-object)) [id => @google-cloud/common, phase => typescript] 
[info ] Phase1ReadTypescript.scala:171 Preprocessing TsHelperFile(InFile(/home/tso/tmp/tso-cache/npm/node_modules/@google-cloud/common/build/src/service.d.ts),FromFolder(InFolder(/home/tso/tmp/tso-cache/npm/node_modules/@google-cloud/common),TsIdentLibraryScoped(google-cloud,Some(common))),TsIdentModule(Some(google-cloud),List(common, build, src, service))) [id => @google-cloud/common, phase => typescript] 
[info ] InferredDefaultModule.scala:39 Inferred module TsIdentModule(Some(google-cloud),List(common, build, src, service)) [id => @google-cloud/common, phase => typescript] 
[info ] Phase1ReadTypescript.scala:171 Preprocessing TsHelperFile(InFile(/home/tso/tmp/tso-cache/npm/node_modules/@google-cloud/common/build/src/util.d.ts),FromFolder(InFolder(/home/tso/tmp/tso-cache/npm/node_modules/@google-cloud/common),TsIdentLibraryScoped(google-cloud,Some(common))),TsIdentModule(Some(google-cloud),List(common, build, src, util))) [id => @google-cloud/common, phase => typescript] 
[info ] InferredDefaultModule.scala:39 Inferred module TsIdentModule(Some(google-cloud),List(common, build, src, util)) [id => @google-cloud/common, phase => typescript] 
[warn ] Phase1ReadTypescript.scala:189 Processing TsIdentLibraryScoped(google-cloud,Some(common)) [id => @google-cloud/common, phase => typescript] 
[info ] ResolveTypeQueries.scala:139 Resolved TsTypeQuery(TsQIdent(List(TsIdentSimple(ApiError)))) [id => @google-cloud/common, phase => typescript, scope => TreeScope(TsParsedFile() / TsDeclModule(@google-cloud/common/build/src/util) / TsExport() / TsExporteeTree() / TsDeclClass(Util) / TsMemberProperty(ApiError) / TsTypeQuery())] 
[info ] ResolveTypeQueries.scala:139 Resolved TsTypeQuery(TsQIdent(List(TsIdentSimple(PartialFailureError)))) [id => @google-cloud/common, phase => typescript, scope => TreeScope(TsParsedFile() / TsDeclModule(@google-cloud/common/build/src/util) / TsExport() / TsExporteeTree() / TsDeclClass(Util) / TsMemberProperty(PartialFailureError) / TsTypeQuery())] 
[info ] PreferTypeAlias.scala:73 Simplified to function type alias [id => @google-cloud/common, phase => typescript, scope => TreeScope(TsParsedFile() / TsDeclModule(@google-cloud/common/build/src/service-object) / TsDeclInterface(ExistsCallback))] 
[info ] PreferTypeAlias.scala:73 Simplified to function type alias [id => @google-cloud/common, phase => typescript, scope => TreeScope(TsParsedFile() / TsDeclModule(@google-cloud/common/build/src/service-object) / TsDeclInterface(InstanceResponseCallback))] 
[info ] PreferTypeAlias.scala:73 Simplified to function type alias [id => @google-cloud/common, phase => typescript, scope => TreeScope(TsParsedFile() / TsDeclModule(@google-cloud/common/build/src/service-object) / TsDeclInterface(CreateCallback))] 
[info ] PreferTypeAlias.scala:73 Simplified to function type alias [id => @google-cloud/common, phase => typescript, scope => TreeScope(TsParsedFile() / TsDeclModule(@google-cloud/common/build/src/service-object) / TsDeclInterface(DeleteCallback))] 
[info ] PreferTypeAlias.scala:73 Simplified to function type alias [id => @google-cloud/common, phase => typescript, scope => TreeScope(TsParsedFile() / TsDeclModule(@google-cloud/common/build/src/service-object) / TsDeclInterface(ResponseCallback))] 
[info ] PreferTypeAlias.scala:73 Simplified to function type alias [id => @google-cloud/common, phase => typescript, scope => TreeScope(TsParsedFile() / TsDeclModule(@google-cloud/common/build/src/util) / TsDeclInterface(OnAuthenticatedCallback))] 
[info ] PreferTypeAlias.scala:73 Simplified to function type alias [id => @google-cloud/common, phase => typescript, scope => TreeScope(TsParsedFile() / TsDeclModule(@google-cloud/common/build/src/util) / TsDeclInterface(BodyResponseCallback))] 
[info ] ExtractInterfaces.scala:41 Extracted anonymous interface TsIdentSimple(Anon_ReqOpts) [id => @google-cloud/common, phase => typescript, scope => TreeScope(TsParsedFile() / TsDeclModule(@google-cloud/common/build/src/service-object) / TsDeclTypeAlias(Methods) / TsTypeObject() / TsMemberIndex() / TsTypeUnion() / TsTypeObject())] 
[info ] ExtractInterfaces.scala:41 Extracted anonymous interface TsIdentSimple(Anon_ContentType) [id => @google-cloud/common, phase => typescript, scope => TreeScope(TsParsedFile() / TsDeclModule(@google-cloud/common/build/src/util) / TsDeclInterface(MakeWritableStreamOptions) / TsMemberProperty(metadata) / TsTypeObject())] 
[info ] ExtractInterfaces.scala:41 Extracted anonymous interface TsIdentSimple(Anon_AuthenticatedReqOpts) [id => @google-cloud/common, phase => typescript, scope => TreeScope(TsParsedFile() / TsDeclModule(@google-cloud/common/build/src/util) / TsDeclInterface(MakeWritableStreamOptions) / TsMemberFunction(makeAuthenticatedRequest) / TsFunSig() / TsFunParam() / TsTypeObject())] 
[info ] ExtractInterfaces.scala:41 Extracted anonymous interface TsIdentSimple(TypeofClassApiError) [id => @google-cloud/common, phase => typescript, scope => TreeScope(TsParsedFile() / TsDeclModule(@google-cloud/common/build/src/util) / TsDeclClass(Util) / TsMemberProperty(ApiError) / TsTypeObject())] 
[info ] ExpandCallables.scala:48 Expanded onAuthenticated into 1 methods [id => @google-cloud/common, phase => typescript, scope => TreeScope(TsParsedFile() / TsDeclModule(@google-cloud/common/build/src/util) / TsDeclInterface(MakeAuthenticatedRequestOptions))] 
[info ] ExpandCallables.scala:48 Expanded makeAuthenticatedRequest into 4 methods [id => @google-cloud/common, phase => typescript, scope => TreeScope(TsParsedFile() / TsDeclModule(@google-cloud/common/build/src/service) / TsDeclClass(Service))] 
[debug] PhaseRunner.scala:84 Success [id => @google-cloud/common, phase => typescript] 
[warn ] Phase2ToScalaJs.scala:42 Processing @google-cloud/common [id => @google-cloud/common, phase => scala.js] 
[info ] CombineOverloads.scala:82 Dropping 1 incompatible `apply` overloads (have no way to express this) at Name(atGoogleDashCloudCommonLib) / Name(buildSrcUtilMod) / Name(MakeAuthenticatedRequest) [id => @google-cloud/common, phase => scala.js, this => Name(atGoogleDashCloudCommonLib) / Name(buildSrcUtilMod) / Name(MakeAuthenticatedRequest)] 
[info ] CompleteClass.scala:64 Completed implementations Vector(message, name) [id => @google-cloud/common, phase => scala.js, this => Name(atGoogleDashCloudCommonLib) / Name(buildSrcUtilMod) / Name(ApiError)] 
[info ] CompleteClass.scala:64 Completed implementations Vector(message, name) [id => @google-cloud/common, phase => scala.js, this => Name(atGoogleDashCloudCommonLib) / Name(buildSrcUtilMod) / Name(PartialFailureError)] 
[debug] PhaseRunner.scala:84 Success [id => @google-cloud/common, phase => scala.js] 
[warn ] Phase3CompileBloop.scala:245 Built google-cloud__common in 1191 ms [id => @google-cloud/common, phase => build] 
[info ] Phase3CompileBloop.scala:253 published local, [/home/tso/.ivy2/local/org.scalablytyped/google-cloud__common_sjs0.6_2.12/0.32.1-e38c6d/jars/google-cloud__common_sjs0.6_2.12.jar, /home/tso/.ivy2/local/org.scalablytyped/google-cloud__common_sjs0.6_2.12/0.32.1-e38c6d/srcs/google-cloud__common_sjs0.6_2.12-sources.jar, /home/tso/.ivy2/local/org.scalablytyped/google-cloud__common_sjs0.6_2.12/0.32.1-e38c6d/ivys/ivy.xml, /home/tso/.ivy2/local/org.scalablytyped/google-cloud__common_sjs0.6_2.12/0.32.1-e38c6d/poms/google-cloud__common_sjs0.6_2.12.pom] [id => @google-cloud/common, phase => build] 
[debug] PhaseRunner.scala:84 Success [id => @google-cloud/common, phase => build] 
[warn ] PhaseRunner.scala:70 Failed because of, [google-auth-library => java.util.concurrent.ExecutionException: dispatch.StatusCode: Unexpected response status: 405] [id => @google-cloud/common, phase => publish] 
[error] PhaseRunner.scala:88 Failure, [google-auth-library => java.util.concurrent.ExecutionException: dispatch.StatusCode: Unexpected response status: 405] [id => @google-cloud/common, phase => publish] 
