[info ] InferredDependency.scala:20 Inferred dependencies Set(TsIdentLibrarySimple(node)) for TsIdentLibrarySimple(google-auth-library) [id => google-auth-library, phase => typescript, file => ../src/auth/authclient.d.ts] 
[debug] PhaseRunner.scala:82 Success [id => google-auth-library, phase => typescript] 
[debug] PhaseRunner.scala:82 Success [id => google-auth-library, phase => typescript] 
[debug] PhaseRunner.scala:82 Success [id => google-auth-library, phase => typescript] 
[debug] PhaseRunner.scala:82 Success [id => google-auth-library, phase => typescript] 
[info ] InferredDependency.scala:20 Inferred dependencies Set(TsIdentLibrarySimple(node)) for TsIdentLibrarySimple(google-auth-library) [id => google-auth-library, phase => typescript, file => ../src/crypto/crypto.d.ts] 
[debug] PhaseRunner.scala:82 Success [id => google-auth-library, phase => typescript] 
[debug] PhaseRunner.scala:82 Success [id => google-auth-library, phase => typescript] 
[debug] PhaseRunner.scala:82 Success [id => google-auth-library, phase => typescript] 
[debug] PhaseRunner.scala:82 Success [id => google-auth-library, phase => typescript] 
[info ] InferredDependency.scala:20 Inferred dependencies Set(TsIdentLibrarySimple(node)) for TsIdentLibrarySimple(google-auth-library) [id => google-auth-library, phase => typescript, file => ../src/auth/googleauth.d.ts] 
[info ] InferredDependency.scala:20 Inferred dependencies Set(TsIdentLibrarySimple(node)) for TsIdentLibrarySimple(google-auth-library) [id => google-auth-library, phase => typescript, file => ../src/auth/jwtclient.d.ts] 
[debug] PhaseRunner.scala:82 Success [id => google-auth-library, phase => typescript] 
[info ] InferredDependency.scala:20 Inferred dependencies Set(TsIdentLibrarySimple(node)) for TsIdentLibrarySimple(google-auth-library) [id => google-auth-library, phase => typescript, file => ../src/auth/refreshclient.d.ts] 
[debug] PhaseRunner.scala:82 Success [id => google-auth-library, phase => typescript] 
[debug] PhaseRunner.scala:82 Success [id => google-auth-library, phase => typescript] 
[debug] PhaseRunner.scala:82 Success [id => google-auth-library, phase => typescript] 
[info ] InferredDependency.scala:20 Inferred dependencies Set(TsIdentLibrarySimple(node)) for TsIdentLibrarySimple(google-auth-library) [id => google-auth-library, phase => typescript, file => ../src/auth/jwtaccess.d.ts] 
[debug] PhaseRunner.scala:82 Success [id => google-auth-library, phase => typescript] 
[debug] PhaseRunner.scala:82 Success [id => google-auth-library, phase => typescript] 
[info ] Phase1ReadTypescript.scala:160 Preprocessing TsHelperFile(InFile(/home/tso/tmp/tso-cache/npm/node_modules/google-auth-library/build/src/auth/authclient.d.ts),FromFolder(InFolder(/home/tso/tmp/tso-cache/npm/node_modules/google-auth-library),TsIdentLibrarySimple(google-auth-library)),TsIdentModule(None,List(google-auth-library, build, src, auth, authclient))) [id => google-auth-library, phase => typescript] 
[info ] InferredDefaultModule.scala:39 Inferred module TsIdentModule(None,List(google-auth-library, build, src, auth, authclient)) [id => google-auth-library, phase => typescript] 
[info ] Phase1ReadTypescript.scala:160 Preprocessing TsHelperFile(InFile(/home/tso/tmp/tso-cache/npm/node_modules/google-auth-library/build/src/auth/computeclient.d.ts),FromFolder(InFolder(/home/tso/tmp/tso-cache/npm/node_modules/google-auth-library),TsIdentLibrarySimple(google-auth-library)),TsIdentModule(None,List(google-auth-library, build, src, auth, computeclient))) [id => google-auth-library, phase => typescript] 
[info ] InferredDefaultModule.scala:39 Inferred module TsIdentModule(None,List(google-auth-library, build, src, auth, computeclient)) [id => google-auth-library, phase => typescript] 
[info ] Phase1ReadTypescript.scala:160 Preprocessing TsHelperFile(InFile(/home/tso/tmp/tso-cache/npm/node_modules/google-auth-library/build/src/auth/credentials.d.ts),FromFolder(InFolder(/home/tso/tmp/tso-cache/npm/node_modules/google-auth-library),TsIdentLibrarySimple(google-auth-library)),TsIdentModule(None,List(google-auth-library, build, src, auth, credentials))) [id => google-auth-library, phase => typescript] 
[info ] InferredDefaultModule.scala:39 Inferred module TsIdentModule(None,List(google-auth-library, build, src, auth, credentials)) [id => google-auth-library, phase => typescript] 
[info ] Phase1ReadTypescript.scala:160 Preprocessing TsHelperFile(InFile(/home/tso/tmp/tso-cache/npm/node_modules/google-auth-library/build/src/auth/envDetect.d.ts),FromFolder(InFolder(/home/tso/tmp/tso-cache/npm/node_modules/google-auth-library),TsIdentLibrarySimple(google-auth-library)),TsIdentModule(None,List(google-auth-library, build, src, auth, envDetect))) [id => google-auth-library, phase => typescript] 
[info ] InferredDefaultModule.scala:39 Inferred module TsIdentModule(None,List(google-auth-library, build, src, auth, envDetect)) [id => google-auth-library, phase => typescript] 
[info ] Phase1ReadTypescript.scala:160 Preprocessing TsHelperFile(InFile(/home/tso/tmp/tso-cache/npm/node_modules/google-auth-library/build/src/auth/googleauth.d.ts),FromFolder(InFolder(/home/tso/tmp/tso-cache/npm/node_modules/google-auth-library),TsIdentLibrarySimple(google-auth-library)),TsIdentModule(None,List(google-auth-library, build, src, auth, googleauth))) [id => google-auth-library, phase => typescript] 
[info ] InferredDefaultModule.scala:39 Inferred module TsIdentModule(None,List(google-auth-library, build, src, auth, googleauth)) [id => google-auth-library, phase => typescript] 
[info ] Phase1ReadTypescript.scala:160 Preprocessing TsHelperFile(InFile(/home/tso/tmp/tso-cache/npm/node_modules/google-auth-library/build/src/auth/iam.d.ts),FromFolder(InFolder(/home/tso/tmp/tso-cache/npm/node_modules/google-auth-library),TsIdentLibrarySimple(google-auth-library)),TsIdentModule(None,List(google-auth-library, build, src, auth, iam))) [id => google-auth-library, phase => typescript] 
[info ] InferredDefaultModule.scala:39 Inferred module TsIdentModule(None,List(google-auth-library, build, src, auth, iam)) [id => google-auth-library, phase => typescript] 
[info ] Phase1ReadTypescript.scala:160 Preprocessing TsHelperFile(InFile(/home/tso/tmp/tso-cache/npm/node_modules/google-auth-library/build/src/auth/jwtaccess.d.ts),FromFolder(InFolder(/home/tso/tmp/tso-cache/npm/node_modules/google-auth-library),TsIdentLibrarySimple(google-auth-library)),TsIdentModule(None,List(google-auth-library, build, src, auth, jwtaccess))) [id => google-auth-library, phase => typescript] 
[info ] InferredDefaultModule.scala:39 Inferred module TsIdentModule(None,List(google-auth-library, build, src, auth, jwtaccess)) [id => google-auth-library, phase => typescript] 
[info ] Phase1ReadTypescript.scala:160 Preprocessing TsHelperFile(InFile(/home/tso/tmp/tso-cache/npm/node_modules/google-auth-library/build/src/auth/jwtclient.d.ts),FromFolder(InFolder(/home/tso/tmp/tso-cache/npm/node_modules/google-auth-library),TsIdentLibrarySimple(google-auth-library)),TsIdentModule(None,List(google-auth-library, build, src, auth, jwtclient))) [id => google-auth-library, phase => typescript] 
[info ] InferredDefaultModule.scala:39 Inferred module TsIdentModule(None,List(google-auth-library, build, src, auth, jwtclient)) [id => google-auth-library, phase => typescript] 
[info ] Phase1ReadTypescript.scala:160 Preprocessing TsHelperFile(InFile(/home/tso/tmp/tso-cache/npm/node_modules/google-auth-library/build/src/auth/loginticket.d.ts),FromFolder(InFolder(/home/tso/tmp/tso-cache/npm/node_modules/google-auth-library),TsIdentLibrarySimple(google-auth-library)),TsIdentModule(None,List(google-auth-library, build, src, auth, loginticket))) [id => google-auth-library, phase => typescript] 
[info ] InferredDefaultModule.scala:39 Inferred module TsIdentModule(None,List(google-auth-library, build, src, auth, loginticket)) [id => google-auth-library, phase => typescript] 
[info ] Phase1ReadTypescript.scala:160 Preprocessing TsHelperFile(InFile(/home/tso/tmp/tso-cache/npm/node_modules/google-auth-library/build/src/auth/oauth2client.d.ts),FromFolder(InFolder(/home/tso/tmp/tso-cache/npm/node_modules/google-auth-library),TsIdentLibrarySimple(google-auth-library)),TsIdentModule(None,List(google-auth-library, build, src, auth, oauth2client))) [id => google-auth-library, phase => typescript] 
[info ] InferredDefaultModule.scala:39 Inferred module TsIdentModule(None,List(google-auth-library, build, src, auth, oauth2client)) [id => google-auth-library, phase => typescript] 
[info ] Phase1ReadTypescript.scala:160 Preprocessing TsHelperFile(InFile(/home/tso/tmp/tso-cache/npm/node_modules/google-auth-library/build/src/auth/refreshclient.d.ts),FromFolder(InFolder(/home/tso/tmp/tso-cache/npm/node_modules/google-auth-library),TsIdentLibrarySimple(google-auth-library)),TsIdentModule(None,List(google-auth-library, build, src, auth, refreshclient))) [id => google-auth-library, phase => typescript] 
[info ] InferredDefaultModule.scala:39 Inferred module TsIdentModule(None,List(google-auth-library, build, src, auth, refreshclient)) [id => google-auth-library, phase => typescript] 
[info ] Phase1ReadTypescript.scala:160 Preprocessing TsHelperFile(InFile(/home/tso/tmp/tso-cache/npm/node_modules/google-auth-library/build/src/crypto/crypto.d.ts),FromFolder(InFolder(/home/tso/tmp/tso-cache/npm/node_modules/google-auth-library),TsIdentLibrarySimple(google-auth-library)),TsIdentModule(None,List(google-auth-library, build, src, crypto, crypto))) [id => google-auth-library, phase => typescript] 
[info ] InferredDefaultModule.scala:39 Inferred module TsIdentModule(None,List(google-auth-library, build, src, crypto, crypto)) [id => google-auth-library, phase => typescript] 
[info ] Phase1ReadTypescript.scala:160 Preprocessing TsHelperFile(InFile(/home/tso/tmp/tso-cache/npm/node_modules/google-auth-library/build/src/index.d.ts),FromFolder(InFolder(/home/tso/tmp/tso-cache/npm/node_modules/google-auth-library),TsIdentLibrarySimple(google-auth-library)),TsIdentModule(None,List(google-auth-library))) [id => google-auth-library, phase => typescript] 
[info ] InferredDefaultModule.scala:39 Inferred module TsIdentModule(None,List(google-auth-library)) [id => google-auth-library, phase => typescript] 
[info ] Phase1ReadTypescript.scala:160 Preprocessing TsHelperFile(InFile(/home/tso/tmp/tso-cache/npm/node_modules/google-auth-library/build/src/transporters.d.ts),FromFolder(InFolder(/home/tso/tmp/tso-cache/npm/node_modules/google-auth-library),TsIdentLibrarySimple(google-auth-library)),TsIdentModule(None,List(google-auth-library, build, src, transporters))) [id => google-auth-library, phase => typescript] 
[info ] InferredDefaultModule.scala:39 Inferred module TsIdentModule(None,List(google-auth-library, build, src, transporters)) [id => google-auth-library, phase => typescript] 
[warn ] Phase1ReadTypescript.scala:200 Processing TsIdentLibrarySimple(google-auth-library) [id => google-auth-library, phase => typescript] 
[info ] ResolveTypeQueries.scala:138 Resolved TsTypeQuery(TsQIdent(List(TsIdentSimple(DefaultTransporter)))) [id => google-auth-library, phase => typescript, scope => TreeScope(TsParsedFile() / TsDeclModule(google-auth-library/build/src/auth/googleauth) / TsExport() / TsExporteeTree() / TsDeclClass(GoogleAuth) / TsMemberProperty(DefaultTransporter) / TsTypeQuery())] 
[info ] PreferTypeAlias.scala:51 Simplified to function type alias [id => google-auth-library, phase => typescript, scope => TreeScope(TsParsedFile() / TsDeclModule(google-auth-library/build/src/auth/googleauth) / TsDeclInterface(ProjectIdCallback))] 
[info ] PreferTypeAlias.scala:51 Simplified to function type alias [id => google-auth-library, phase => typescript, scope => TreeScope(TsParsedFile() / TsDeclModule(google-auth-library/build/src/auth/googleauth) / TsDeclInterface(CredentialCallback))] 
[info ] PreferTypeAlias.scala:51 Simplified to function type alias [id => google-auth-library, phase => typescript, scope => TreeScope(TsParsedFile() / TsDeclModule(google-auth-library/build/src/auth/googleauth) / TsDeclInterface(ADCCallback))] 
[info ] PreferTypeAlias.scala:51 Simplified to function type alias [id => google-auth-library, phase => typescript, scope => TreeScope(TsParsedFile() / TsDeclModule(google-auth-library/build/src/auth/oauth2client) / TsDeclInterface(GetTokenCallback))] 
[info ] PreferTypeAlias.scala:51 Simplified to function type alias [id => google-auth-library, phase => typescript, scope => TreeScope(TsParsedFile() / TsDeclModule(google-auth-library/build/src/auth/oauth2client) / TsDeclInterface(GetAccessTokenCallback))] 
[info ] PreferTypeAlias.scala:51 Simplified to function type alias [id => google-auth-library, phase => typescript, scope => TreeScope(TsParsedFile() / TsDeclModule(google-auth-library/build/src/auth/oauth2client) / TsDeclInterface(RefreshAccessTokenCallback))] 
[info ] PreferTypeAlias.scala:51 Simplified to function type alias [id => google-auth-library, phase => typescript, scope => TreeScope(TsParsedFile() / TsDeclModule(google-auth-library/build/src/auth/oauth2client) / TsDeclInterface(RequestMetadataCallback))] 
[info ] PreferTypeAlias.scala:51 Simplified to function type alias [id => google-auth-library, phase => typescript, scope => TreeScope(TsParsedFile() / TsDeclModule(google-auth-library/build/src/auth/oauth2client) / TsDeclInterface(GetFederatedSignonCertsCallback))] 
[info ] PreferTypeAlias.scala:51 Simplified to function type alias [id => google-auth-library, phase => typescript, scope => TreeScope(TsParsedFile() / TsDeclModule(google-auth-library/build/src/transporters) / TsDeclInterface(BodyResponseCallback))] 
[info ] ExtractInterfaces.scala:37 Extracted anonymous interface TsIdentSimple(Anon_USERAGENT) [id => google-auth-library, phase => typescript, scope => TreeScope(TsParsedFile() / TsDeclModule(google-auth-library/build/src/auth/googleauth) / TsDeclClass(GoogleAuth) / TsMemberProperty(DefaultTransporter) / TsTypeObject())] 
[info ] ExtractInterfaces.scala:37 Extracted anonymous interface TsIdentSimple(Anon_Headers) [id => google-auth-library, phase => typescript, scope => TreeScope(TsParsedFile() / TsDeclModule(google-auth-library/build/src/auth/googleauth) / TsDeclClass(GoogleAuth) / TsMemberFunction(authorizeRequest) / TsFunSig() / TsFunParam() / TsTypeObject())] 
[info ] ExtractInterfaces.scala:37 Extracted anonymous interface TsIdentSimple(Anon_HeadersUri) [id => google-auth-library, phase => typescript, scope => TreeScope(TsParsedFile() / TsDeclModule(google-auth-library/build/src/auth/googleauth) / TsDeclClass(GoogleAuth) / TsMemberFunction(authorizeRequest) / TsFunSig() / TsTypeRef() / TsTypeObject())] 
[info ] ExtractInterfaces.scala:37 Extracted anonymous interface TsIdentSimple(Anon_Xgoogiamauthorityselector) [id => google-auth-library, phase => typescript, scope => TreeScope(TsParsedFile() / TsDeclModule(google-auth-library/build/src/auth/iam) / TsDeclClass(IAMAuth) / TsMemberFunction(getRequestHeaders) / TsFunSig() / TsTypeObject())] 
[info ] ExtractInterfaces.scala:37 Extracted anonymous interface TsIdentSimple(Anon_Envelope) [id => google-auth-library, phase => typescript, scope => TreeScope(TsParsedFile() / TsDeclModule(google-auth-library/build/src/auth/loginticket) / TsDeclClass(LoginTicket) / TsMemberFunction(getAttributes) / TsFunSig() / TsTypeObject())] 
[info ] ExtractInterfaces.scala:37 Extracted anonymous interface TsIdentSimple(Anon_CodeChallenge) [id => google-auth-library, phase => typescript, scope => TreeScope(TsParsedFile() / TsDeclModule(google-auth-library/build/src/auth/oauth2client) / TsDeclClass(OAuth2Client) / TsMemberFunction(generateCodeVerifierAsync) / TsFunSig() / TsTypeRef() / TsTypeObject())] 
[info ] ExtractInterfaces.scala:37 Extracted anonymous interface TsIdentSimple(Anon_USERAGENT) [id => google-auth-library, phase => typescript, scope => TreeScope(TsParsedFile() / TsDeclModule(google-auth-library) / TsDeclClass(GoogleAuth) / TsMemberProperty(DefaultTransporter) / TsTypeObject())] 
[debug] PhaseRunner.scala:82 Success [id => google-auth-library, phase => typescript] 
[warn ] Phase2ToScalaJs.scala:40 Processing google-auth-library [id => google-auth-library, phase => scala.js] 
[debug] PhaseRunner.scala:82 Success [id => google-auth-library, phase => scala.js] 
[warn ] Phase3CompileBloop.scala:178 Using cached build of google-auth-library [id => google-auth-library, phase => build] 
[debug] PhaseRunner.scala:82 Success [id => google-auth-library, phase => build] 
[warn ] PhaseRunner.scala:68 Failed because of, [gaxios => java.util.concurrent.ExecutionException: dispatch.StatusCode: Unexpected response status: 404] [id => google-auth-library, phase => publish] 
[error] PhaseRunner.scala:86 Failure, [gaxios => java.util.concurrent.ExecutionException: dispatch.StatusCode: Unexpected response status: 404] [id => google-auth-library, phase => publish] 
