[info ] InferredDependency.scala:22 Inferred dependencies Set(TsIdentLibrarySimple(node)) for TsIdentLibrarySimple(google-gax) [id => google-gax, phase => typescript, file => ../build/src/apitypes.d.ts] 
[debug] PhaseRunner.scala:92 Ignored [id => google-gax, phase => typescript] 
[info ] InferredDependency.scala:22 Inferred dependencies Set(TsIdentLibrarySimple(node)) for TsIdentLibrarySimple(google-gax) [id => google-gax, phase => typescript, file => ../src/bundlingCalls/bundleExecutor.d.ts] 
[debug] PhaseRunner.scala:92 Ignored [id => google-gax, phase => typescript] 
[debug] PhaseRunner.scala:92 Ignored [id => google-gax, phase => typescript] 
[debug] PhaseRunner.scala:92 Ignored [id => google-gax, phase => typescript] 
[debug] PhaseRunner.scala:92 Ignored [id => google-gax, phase => typescript] 
[debug] PhaseRunner.scala:92 Ignored [id => google-gax, phase => typescript] 
[info ] InferredDependency.scala:22 Inferred dependencies Set(TsIdentLibrarySimple(node)) for TsIdentLibrarySimple(google-gax) [id => google-gax, phase => typescript, file => ../build/src/grpc.d.ts] 
[debug] PhaseRunner.scala:84 Success [id => google-gax, phase => typescript] 
[debug] PhaseRunner.scala:84 Success [id => google-gax, phase => typescript] 
[debug] PhaseRunner.scala:84 Success [id => google-gax, phase => typescript] 
[debug] PhaseRunner.scala:92 Ignored [id => google-gax, phase => typescript] 
[info ] InferredDependency.scala:22 Inferred dependencies Set(TsIdentLibrarySimple(node)) for TsIdentLibrarySimple(google-gax) [id => google-gax, phase => typescript, file => ../src/longRunningCalls/longrunning.d.ts] 
[debug] PhaseRunner.scala:84 Success [id => google-gax, phase => typescript] 
[debug] PhaseRunner.scala:84 Success [id => google-gax, phase => typescript] 
[info ] InferredDependency.scala:22 Inferred dependencies Set(TsIdentLibrarySimple(node)) for TsIdentLibrarySimple(google-gax) [id => google-gax, phase => typescript, file => ../build/src/operationsClient.d.ts] 
[debug] PhaseRunner.scala:84 Success [id => google-gax, phase => typescript] 
[debug] PhaseRunner.scala:92 Ignored [id => google-gax, phase => typescript] 
[debug] PhaseRunner.scala:84 Success [id => google-gax, phase => typescript] 
[debug] PhaseRunner.scala:84 Success [id => google-gax, phase => typescript] 
[info ] InferredDependency.scala:22 Inferred dependencies Set(TsIdentLibrarySimple(node)) for TsIdentLibrarySimple(google-gax) [id => google-gax, phase => typescript, file => ../src/streamingCalls/streaming.d.ts] 
[debug] PhaseRunner.scala:84 Success [id => google-gax, phase => typescript] 
[debug] PhaseRunner.scala:84 Success [id => google-gax, phase => typescript] 
[debug] PhaseRunner.scala:84 Success [id => google-gax, phase => typescript] 
[debug] PhaseRunner.scala:84 Success [id => google-gax, phase => typescript] 
[info ] InferredDependency.scala:22 Inferred dependencies Set(TsIdentLibrarySimple(node)) for TsIdentLibrarySimple(google-gax) [id => google-gax, phase => typescript, file => ../src/paginationCalls/pageDescriptor.d.ts] 
[debug] PhaseRunner.scala:84 Success [id => google-gax, phase => typescript] 
[debug] PhaseRunner.scala:84 Success [id => google-gax, phase => typescript] 
[debug] PhaseRunner.scala:84 Success [id => google-gax, phase => typescript] 
[debug] PhaseRunner.scala:84 Success [id => google-gax, phase => typescript] 
[debug] PhaseRunner.scala:92 Ignored [id => google-gax, phase => typescript] 
[debug] PhaseRunner.scala:84 Success [id => google-gax, phase => typescript] 
[debug] PhaseRunner.scala:84 Success [id => google-gax, phase => typescript] 
[debug] PhaseRunner.scala:84 Success [id => google-gax, phase => typescript] 
[debug] PhaseRunner.scala:84 Success [id => google-gax, phase => typescript] 
[debug] PhaseRunner.scala:84 Success [id => google-gax, phase => typescript] 
[debug] PhaseRunner.scala:84 Success [id => google-gax, phase => typescript] 
[debug] PhaseRunner.scala:84 Success [id => google-gax, phase => typescript] 
[debug] PhaseRunner.scala:84 Success [id => google-gax, phase => typescript] 
[debug] PhaseRunner.scala:84 Success [id => google-gax, phase => typescript] 
[info ] Phase1ReadTypescript.scala:160 Preprocessing TsHelperFile(InFile(/home/tso/tmp/tso-cache/npm/node_modules/google-gax/build/src/apiCaller.d.ts),FromFolder(InFolder(/home/tso/tmp/tso-cache/npm/node_modules/google-gax),TsIdentLibrarySimple(google-gax)),TsIdentModule(None,List(google-gax, build, src, apiCaller))) [id => google-gax, phase => typescript] 
[info ] InferredDefaultModule.scala:39 Inferred module TsIdentModule(None,List(google-gax, build, src, apiCaller)) [id => google-gax, phase => typescript] 
[info ] Phase1ReadTypescript.scala:160 Preprocessing TsHelperFile(InFile(/home/tso/tmp/tso-cache/npm/node_modules/google-gax/build/src/apitypes.d.ts),FromFolder(InFolder(/home/tso/tmp/tso-cache/npm/node_modules/google-gax),TsIdentLibrarySimple(google-gax)),TsIdentModule(None,List(google-gax, build, src, apitypes))) [id => google-gax, phase => typescript] 
[info ] InferredDefaultModule.scala:39 Inferred module TsIdentModule(None,List(google-gax, build, src, apitypes)) [id => google-gax, phase => typescript] 
[info ] Phase1ReadTypescript.scala:160 Preprocessing TsHelperFile(InFile(/home/tso/tmp/tso-cache/npm/node_modules/google-gax/build/src/bundlingCalls/bundleApiCaller.d.ts),FromFolder(InFolder(/home/tso/tmp/tso-cache/npm/node_modules/google-gax),TsIdentLibrarySimple(google-gax)),TsIdentModule(None,List(google-gax, build, src, bundlingCalls, bundleApiCaller))) [id => google-gax, phase => typescript] 
[info ] InferredDefaultModule.scala:39 Inferred module TsIdentModule(None,List(google-gax, build, src, bundlingCalls, bundleApiCaller)) [id => google-gax, phase => typescript] 
[info ] Phase1ReadTypescript.scala:160 Preprocessing TsHelperFile(InFile(/home/tso/tmp/tso-cache/npm/node_modules/google-gax/build/src/bundlingCalls/bundleDescriptor.d.ts),FromFolder(InFolder(/home/tso/tmp/tso-cache/npm/node_modules/google-gax),TsIdentLibrarySimple(google-gax)),TsIdentModule(None,List(google-gax, build, src, bundlingCalls, bundleDescriptor))) [id => google-gax, phase => typescript] 
[info ] InferredDefaultModule.scala:39 Inferred module TsIdentModule(None,List(google-gax, build, src, bundlingCalls, bundleDescriptor)) [id => google-gax, phase => typescript] 
[info ] Phase1ReadTypescript.scala:160 Preprocessing TsHelperFile(InFile(/home/tso/tmp/tso-cache/npm/node_modules/google-gax/build/src/bundlingCalls/bundleExecutor.d.ts),FromFolder(InFolder(/home/tso/tmp/tso-cache/npm/node_modules/google-gax),TsIdentLibrarySimple(google-gax)),TsIdentModule(None,List(google-gax, build, src, bundlingCalls, bundleExecutor))) [id => google-gax, phase => typescript] 
[info ] InferredDefaultModule.scala:39 Inferred module TsIdentModule(None,List(google-gax, build, src, bundlingCalls, bundleExecutor)) [id => google-gax, phase => typescript] 
[info ] Phase1ReadTypescript.scala:160 Preprocessing TsHelperFile(InFile(/home/tso/tmp/tso-cache/npm/node_modules/google-gax/build/src/bundlingCalls/task.d.ts),FromFolder(InFolder(/home/tso/tmp/tso-cache/npm/node_modules/google-gax),TsIdentLibrarySimple(google-gax)),TsIdentModule(None,List(google-gax, build, src, bundlingCalls, task))) [id => google-gax, phase => typescript] 
[info ] InferredDefaultModule.scala:39 Inferred module TsIdentModule(None,List(google-gax, build, src, bundlingCalls, task)) [id => google-gax, phase => typescript] 
[info ] Phase1ReadTypescript.scala:160 Preprocessing TsHelperFile(InFile(/home/tso/tmp/tso-cache/npm/node_modules/google-gax/build/src/call.d.ts),FromFolder(InFolder(/home/tso/tmp/tso-cache/npm/node_modules/google-gax),TsIdentLibrarySimple(google-gax)),TsIdentModule(None,List(google-gax, build, src, call))) [id => google-gax, phase => typescript] 
[info ] InferredDefaultModule.scala:39 Inferred module TsIdentModule(None,List(google-gax, build, src, call)) [id => google-gax, phase => typescript] 
[info ] Phase1ReadTypescript.scala:160 Preprocessing TsHelperFile(InFile(/home/tso/tmp/tso-cache/npm/node_modules/google-gax/build/src/createApiCall.d.ts),FromFolder(InFolder(/home/tso/tmp/tso-cache/npm/node_modules/google-gax),TsIdentLibrarySimple(google-gax)),TsIdentModule(None,List(google-gax, build, src, createApiCall))) [id => google-gax, phase => typescript] 
[info ] InferredDefaultModule.scala:39 Inferred module TsIdentModule(None,List(google-gax, build, src, createApiCall)) [id => google-gax, phase => typescript] 
[info ] Phase1ReadTypescript.scala:160 Preprocessing TsHelperFile(InFile(/home/tso/tmp/tso-cache/npm/node_modules/google-gax/build/src/descriptor.d.ts),FromFolder(InFolder(/home/tso/tmp/tso-cache/npm/node_modules/google-gax),TsIdentLibrarySimple(google-gax)),TsIdentModule(None,List(google-gax, build, src, descriptor))) [id => google-gax, phase => typescript] 
[info ] InferredDefaultModule.scala:39 Inferred module TsIdentModule(None,List(google-gax, build, src, descriptor)) [id => google-gax, phase => typescript] 
[info ] Phase1ReadTypescript.scala:160 Preprocessing TsHelperFile(InFile(/home/tso/tmp/tso-cache/npm/node_modules/google-gax/build/src/gax.d.ts),FromFolder(InFolder(/home/tso/tmp/tso-cache/npm/node_modules/google-gax),TsIdentLibrarySimple(google-gax)),TsIdentModule(None,List(google-gax, build, src, gax))) [id => google-gax, phase => typescript] 
[info ] InferredDefaultModule.scala:39 Inferred module TsIdentModule(None,List(google-gax, build, src, gax)) [id => google-gax, phase => typescript] 
[info ] Phase1ReadTypescript.scala:160 Preprocessing TsHelperFile(InFile(/home/tso/tmp/tso-cache/npm/node_modules/google-gax/build/src/googleError.d.ts),FromFolder(InFolder(/home/tso/tmp/tso-cache/npm/node_modules/google-gax),TsIdentLibrarySimple(google-gax)),TsIdentModule(None,List(google-gax, build, src, googleError))) [id => google-gax, phase => typescript] 
[info ] InferredDefaultModule.scala:39 Inferred module TsIdentModule(None,List(google-gax, build, src, googleError)) [id => google-gax, phase => typescript] 
[info ] Phase1ReadTypescript.scala:160 Preprocessing TsHelperFile(InFile(/home/tso/tmp/tso-cache/npm/node_modules/google-gax/build/src/grpc.d.ts),FromFolder(InFolder(/home/tso/tmp/tso-cache/npm/node_modules/google-gax),TsIdentLibrarySimple(google-gax)),TsIdentModule(None,List(google-gax, build, src, grpc))) [id => google-gax, phase => typescript] 
[info ] InferredDefaultModule.scala:39 Inferred module TsIdentModule(None,List(google-gax, build, src, grpc)) [id => google-gax, phase => typescript] 
[info ] Phase1ReadTypescript.scala:160 Preprocessing TsHelperFile(InFile(/home/tso/tmp/tso-cache/npm/node_modules/google-gax/build/src/index.d.ts),FromFolder(InFolder(/home/tso/tmp/tso-cache/npm/node_modules/google-gax),TsIdentLibrarySimple(google-gax)),TsIdentModule(None,List(google-gax))) [id => google-gax, phase => typescript] 
[info ] InferredDefaultModule.scala:39 Inferred module TsIdentModule(None,List(google-gax)) [id => google-gax, phase => typescript] 
[info ] Phase1ReadTypescript.scala:160 Preprocessing TsHelperFile(InFile(/home/tso/tmp/tso-cache/npm/node_modules/google-gax/build/src/longRunningCalls/longRunningApiCaller.d.ts),FromFolder(InFolder(/home/tso/tmp/tso-cache/npm/node_modules/google-gax),TsIdentLibrarySimple(google-gax)),TsIdentModule(None,List(google-gax, build, src, longRunningCalls, longRunningApiCaller))) [id => google-gax, phase => typescript] 
[info ] InferredDefaultModule.scala:39 Inferred module TsIdentModule(None,List(google-gax, build, src, longRunningCalls, longRunningApiCaller)) [id => google-gax, phase => typescript] 
[info ] Phase1ReadTypescript.scala:160 Preprocessing TsHelperFile(InFile(/home/tso/tmp/tso-cache/npm/node_modules/google-gax/build/src/longRunningCalls/longRunningDescriptor.d.ts),FromFolder(InFolder(/home/tso/tmp/tso-cache/npm/node_modules/google-gax),TsIdentLibrarySimple(google-gax)),TsIdentModule(None,List(google-gax, build, src, longRunningCalls, longRunningDescriptor))) [id => google-gax, phase => typescript] 
[info ] InferredDefaultModule.scala:39 Inferred module TsIdentModule(None,List(google-gax, build, src, longRunningCalls, longRunningDescriptor)) [id => google-gax, phase => typescript] 
[info ] Phase1ReadTypescript.scala:160 Preprocessing TsHelperFile(InFile(/home/tso/tmp/tso-cache/npm/node_modules/google-gax/build/src/longRunningCalls/longrunning.d.ts),FromFolder(InFolder(/home/tso/tmp/tso-cache/npm/node_modules/google-gax),TsIdentLibrarySimple(google-gax)),TsIdentModule(None,List(google-gax, build, src, longRunningCalls, longrunning))) [id => google-gax, phase => typescript] 
[info ] InferredDefaultModule.scala:39 Inferred module TsIdentModule(None,List(google-gax, build, src, longRunningCalls, longrunning)) [id => google-gax, phase => typescript] 
[info ] Phase1ReadTypescript.scala:160 Preprocessing TsHelperFile(InFile(/home/tso/tmp/tso-cache/npm/node_modules/google-gax/build/src/normalCalls/normalApiCaller.d.ts),FromFolder(InFolder(/home/tso/tmp/tso-cache/npm/node_modules/google-gax),TsIdentLibrarySimple(google-gax)),TsIdentModule(None,List(google-gax, build, src, normalCalls, normalApiCaller))) [id => google-gax, phase => typescript] 
[info ] InferredDefaultModule.scala:39 Inferred module TsIdentModule(None,List(google-gax, build, src, normalCalls, normalApiCaller)) [id => google-gax, phase => typescript] 
[info ] Phase1ReadTypescript.scala:160 Preprocessing TsHelperFile(InFile(/home/tso/tmp/tso-cache/npm/node_modules/google-gax/build/src/operationsClient.d.ts),FromFolder(InFolder(/home/tso/tmp/tso-cache/npm/node_modules/google-gax),TsIdentLibrarySimple(google-gax)),TsIdentModule(None,List(google-gax, build, src, operationsClient))) [id => google-gax, phase => typescript] 
[info ] InferredDefaultModule.scala:39 Inferred module TsIdentModule(None,List(google-gax, build, src, operationsClient)) [id => google-gax, phase => typescript] 
[info ] Phase1ReadTypescript.scala:160 Preprocessing TsHelperFile(InFile(/home/tso/tmp/tso-cache/npm/node_modules/google-gax/build/src/paginationCalls/pageDescriptor.d.ts),FromFolder(InFolder(/home/tso/tmp/tso-cache/npm/node_modules/google-gax),TsIdentLibrarySimple(google-gax)),TsIdentModule(None,List(google-gax, build, src, paginationCalls, pageDescriptor))) [id => google-gax, phase => typescript] 
[info ] InferredDefaultModule.scala:39 Inferred module TsIdentModule(None,List(google-gax, build, src, paginationCalls, pageDescriptor)) [id => google-gax, phase => typescript] 
[info ] Phase1ReadTypescript.scala:160 Preprocessing TsHelperFile(InFile(/home/tso/tmp/tso-cache/npm/node_modules/google-gax/build/src/pathTemplate.d.ts),FromFolder(InFolder(/home/tso/tmp/tso-cache/npm/node_modules/google-gax),TsIdentLibrarySimple(google-gax)),TsIdentModule(None,List(google-gax, build, src, pathTemplate))) [id => google-gax, phase => typescript] 
[info ] InferredDefaultModule.scala:39 Inferred module TsIdentModule(None,List(google-gax, build, src, pathTemplate)) [id => google-gax, phase => typescript] 
[info ] Phase1ReadTypescript.scala:160 Preprocessing TsHelperFile(InFile(/home/tso/tmp/tso-cache/npm/node_modules/google-gax/build/src/routingHeader.d.ts),FromFolder(InFolder(/home/tso/tmp/tso-cache/npm/node_modules/google-gax),TsIdentLibrarySimple(google-gax)),TsIdentModule(None,List(google-gax, build, src, routingHeader))) [id => google-gax, phase => typescript] 
[info ] InferredDefaultModule.scala:39 Inferred module TsIdentModule(None,List(google-gax, build, src, routingHeader)) [id => google-gax, phase => typescript] 
[info ] Phase1ReadTypescript.scala:160 Preprocessing TsHelperFile(InFile(/home/tso/tmp/tso-cache/npm/node_modules/google-gax/build/src/status.d.ts),FromFolder(InFolder(/home/tso/tmp/tso-cache/npm/node_modules/google-gax),TsIdentLibrarySimple(google-gax)),TsIdentModule(None,List(google-gax, build, src, status))) [id => google-gax, phase => typescript] 
[info ] InferredDefaultModule.scala:39 Inferred module TsIdentModule(None,List(google-gax, build, src, status)) [id => google-gax, phase => typescript] 
[info ] Phase1ReadTypescript.scala:160 Preprocessing TsHelperFile(InFile(/home/tso/tmp/tso-cache/npm/node_modules/google-gax/build/src/streamingCalls/streamDescriptor.d.ts),FromFolder(InFolder(/home/tso/tmp/tso-cache/npm/node_modules/google-gax),TsIdentLibrarySimple(google-gax)),TsIdentModule(None,List(google-gax, build, src, streamingCalls, streamDescriptor))) [id => google-gax, phase => typescript] 
[info ] InferredDefaultModule.scala:39 Inferred module TsIdentModule(None,List(google-gax, build, src, streamingCalls, streamDescriptor)) [id => google-gax, phase => typescript] 
[info ] Phase1ReadTypescript.scala:160 Preprocessing TsHelperFile(InFile(/home/tso/tmp/tso-cache/npm/node_modules/google-gax/build/src/streamingCalls/streaming.d.ts),FromFolder(InFolder(/home/tso/tmp/tso-cache/npm/node_modules/google-gax),TsIdentLibrarySimple(google-gax)),TsIdentModule(None,List(google-gax, build, src, streamingCalls, streaming))) [id => google-gax, phase => typescript] 
[info ] InferredDefaultModule.scala:39 Inferred module TsIdentModule(None,List(google-gax, build, src, streamingCalls, streaming)) [id => google-gax, phase => typescript] 
[warn ] Phase1ReadTypescript.scala:182 Processing TsIdentLibrarySimple(google-gax) [id => google-gax, phase => typescript] 
[info ] SimplifyParents.scala:44 Simplified class which extends var TsTypeRef(NoComments,TsQIdent(List(TsIdentSimple(DuplexifyConstructor))),List()) to typeof var [id => google-gax, phase => typescript, scope => TreeScope(TsParsedFile() / TsDeclModule(google-gax/build/src/streamingCalls/streaming) / TsDeclVar(duplexify))] 
[warn ] TsTreeScope.scala:78 Cannot resolve TsQIdent(List(TsIdentSimple(imported_src), TsIdentSimple(Operation))) [id => google-gax, phase => typescript, scope => TreeScope(TsParsedFile() / TsDeclModule(google-gax/build/src/bundlingCalls/bundleApiCaller) / TsExport() / TsExporteeTree() / TsDeclClass(BundleApiCaller) / TsMemberFunction(result) / TsFunSig() / TsTypeRef() / TsTypeTuple() / TsTypeUnion() / TsTypeRef())] 
[warn ] QualifyReferences.scala:32 Couldn't qualify imported_src.Operation [id => google-gax, phase => typescript, scope => TreeScope(TsParsedFile() / TsDeclModule(google-gax/build/src/bundlingCalls/bundleApiCaller) / TsExport() / TsExporteeTree() / TsDeclClass(BundleApiCaller) / TsMemberFunction(result) / TsFunSig() / TsTypeRef() / TsTypeTuple() / TsTypeUnion() / TsTypeRef())] 
[warn ] TsTreeScope.scala:78 Cannot resolve TsQIdent(List(TsIdentSimple(imported_src), TsIdentSimple(Operation))) [id => google-gax, phase => typescript, scope => TreeScope(TsParsedFile() / TsDeclModule(google-gax/build/src/normalCalls/normalApiCaller) / TsExport() / TsExporteeTree() / TsDeclClass(NormalApiCaller) / TsMemberFunction(result) / TsFunSig() / TsTypeRef() / TsTypeTuple() / TsTypeUnion() / TsTypeRef())] 
[warn ] QualifyReferences.scala:32 Couldn't qualify imported_src.Operation [id => google-gax, phase => typescript, scope => TreeScope(TsParsedFile() / TsDeclModule(google-gax/build/src/normalCalls/normalApiCaller) / TsExport() / TsExporteeTree() / TsDeclClass(NormalApiCaller) / TsMemberFunction(result) / TsFunSig() / TsTypeRef() / TsTypeTuple() / TsTypeUnion() / TsTypeRef())] 
[warn ] TsTreeScope.scala:78 Cannot resolve TsQIdent(List(TsIdentSimple(imported_src), TsIdentSimple(Operation))) [id => google-gax, phase => typescript, scope => TreeScope(TsParsedFile() / TsDeclModule(google-gax/build/src/operationsClient) / TsExport() / TsExporteeTree() / TsDeclClass(OperationsClient) / TsMemberFunction(getOperation) / TsFunSig() / TsTypeUnion() / TsTypeRef() / TsTypeTuple() / TsTypeUnion() / TsTypeRef())] 
[warn ] QualifyReferences.scala:32 Couldn't qualify imported_src.Operation [id => google-gax, phase => typescript, scope => TreeScope(TsParsedFile() / TsDeclModule(google-gax/build/src/operationsClient) / TsExport() / TsExporteeTree() / TsDeclClass(OperationsClient) / TsMemberFunction(getOperation) / TsFunSig() / TsTypeUnion() / TsTypeRef() / TsTypeTuple() / TsTypeUnion() / TsTypeRef())] 
[warn ] TsTreeScope.scala:78 Cannot resolve TsQIdent(List(TsIdentSimple(imported_src), TsIdentSimple(Operation))) [id => google-gax, phase => typescript, scope => TreeScope(TsParsedFile() / TsDeclModule(google-gax/build/src/operationsClient) / TsExport() / TsExporteeTree() / TsDeclClass(OperationsClient) / TsMemberFunction(listOperations) / TsFunSig() / TsTypeUnion() / TsTypeRef() / TsTypeTuple() / TsTypeUnion() / TsTypeRef())] 
[warn ] QualifyReferences.scala:32 Couldn't qualify imported_src.Operation [id => google-gax, phase => typescript, scope => TreeScope(TsParsedFile() / TsDeclModule(google-gax/build/src/operationsClient) / TsExport() / TsExporteeTree() / TsDeclClass(OperationsClient) / TsMemberFunction(listOperations) / TsFunSig() / TsTypeUnion() / TsTypeRef() / TsTypeTuple() / TsTypeUnion() / TsTypeRef())] 
[warn ] TsTreeScope.scala:78 Cannot resolve TsQIdent(List(TsIdentSimple(imported_src), TsIdentSimple(Operation))) [id => google-gax, phase => typescript, scope => TreeScope(TsParsedFile() / TsDeclModule(google-gax/build/src/operationsClient) / TsExport() / TsExporteeTree() / TsDeclClass(OperationsClient) / TsMemberFunction(cancelOperation) / TsFunSig() / TsTypeUnion() / TsTypeRef() / TsTypeTuple() / TsTypeUnion() / TsTypeRef())] 
[warn ] QualifyReferences.scala:32 Couldn't qualify imported_src.Operation [id => google-gax, phase => typescript, scope => TreeScope(TsParsedFile() / TsDeclModule(google-gax/build/src/operationsClient) / TsExport() / TsExporteeTree() / TsDeclClass(OperationsClient) / TsMemberFunction(cancelOperation) / TsFunSig() / TsTypeUnion() / TsTypeRef() / TsTypeTuple() / TsTypeUnion() / TsTypeRef())] 
[warn ] TsTreeScope.scala:78 Cannot resolve TsQIdent(List(TsIdentSimple(imported_src), TsIdentSimple(Operation))) [id => google-gax, phase => typescript, scope => TreeScope(TsParsedFile() / TsDeclModule(google-gax/build/src/operationsClient) / TsExport() / TsExporteeTree() / TsDeclClass(OperationsClient) / TsMemberFunction(deleteOperation) / TsFunSig() / TsTypeUnion() / TsTypeRef() / TsTypeTuple() / TsTypeUnion() / TsTypeRef())] 
[warn ] QualifyReferences.scala:32 Couldn't qualify imported_src.Operation [id => google-gax, phase => typescript, scope => TreeScope(TsParsedFile() / TsDeclModule(google-gax/build/src/operationsClient) / TsExport() / TsExporteeTree() / TsDeclClass(OperationsClient) / TsMemberFunction(deleteOperation) / TsFunSig() / TsTypeUnion() / TsTypeRef() / TsTypeTuple() / TsTypeUnion() / TsTypeRef())] 
[info ] ResolveTypeQueries.scala:150 Resolved TsTypeQuery(TsQIdent(List(TsIdentSimple(grpc)))) [id => google-gax, phase => typescript, scope => TreeScope(TsParsedFile() / TsDeclModule(google-gax/build/src/grpc) / TsExport() / TsExporteeTree() / TsDeclTypeAlias(GrpcModule) / TsTypeQuery())] 
[info ] ResolveTypeQueries.scala:150 Resolved TsTypeQuery(TsQIdent(List(TsIdentSimple(ClientStub)))) [id => google-gax, phase => typescript, scope => TreeScope(TsParsedFile() / TsDeclModule(google-gax/build/src/grpc) / TsExport() / TsExporteeTree() / TsDeclClass(GrpcClient) / TsMemberFunction(createStub) / TsFunSig() / TsFunParam() / TsTypeQuery())] 
[warn ] TsTreeScope.scala:78 Cannot resolve TsQIdent(List(TsIdentSimple(GrpcClient), TsIdentSimple(createByteLengthFunction))) [id => google-gax, phase => typescript, scope => TreeScope(TsParsedFile() / TsDeclModule(google-gax) / TsExport() / TsExporteeTree() / TsDeclVar(createByteLengthFunction) / TsTypeQuery())] 
[warn ] TsTreeScope.scala:78 Cannot resolve TsQIdent(List(TsIdentSimple(GrpcClient), TsIdentSimple(createByteLengthFunction))) [id => google-gax, phase => typescript, scope => TreeScope(TsParsedFile() / TsDeclModule(google-gax) / TsExport() / TsExporteeTree() / TsDeclVar(createByteLengthFunction) / TsTypeQuery())] 
[warn ] ResolveTypeQueries.scala:134 Couldn't resolve typeof GrpcClient.createByteLengthFunction [id => google-gax, phase => typescript, scope => TreeScope(TsParsedFile() / TsDeclModule(google-gax) / TsExport() / TsExporteeTree() / TsDeclVar(createByteLengthFunction) / TsTypeQuery())] 
[info ] ExpandTypeParams.scala:74 Expanding 1 members for TsIdentSimple(createAPICaller) [id => google-gax, phase => typescript, scope => TreeScope(TsParsedFile() / TsDeclModule(google-gax/build/src/apiCaller))] 
[info ] ExpandTypeParams.scala:61 Expanding 1 members for TsIdentSimple(init) [id => google-gax, phase => typescript, scope => TreeScope(TsParsedFile() / TsDeclModule(google-gax/build/src/apiCaller) / TsDeclInterface(APICaller))] 
[info ] ExpandTypeParams.scala:61 Expanding 1 members for TsIdentSimple(wrap) [id => google-gax, phase => typescript, scope => TreeScope(TsParsedFile() / TsDeclModule(google-gax/build/src/apiCaller) / TsDeclInterface(APICaller))] 
[info ] ExpandTypeParams.scala:61 Expanding 1 members for TsIdentSimple(call) [id => google-gax, phase => typescript, scope => TreeScope(TsParsedFile() / TsDeclModule(google-gax/build/src/apiCaller) / TsDeclInterface(APICaller))] 
[info ] ExpandTypeParams.scala:61 Expanding 1 members for TsIdentSimple(fail) [id => google-gax, phase => typescript, scope => TreeScope(TsParsedFile() / TsDeclModule(google-gax/build/src/apiCaller) / TsDeclInterface(APICaller))] 
[info ] ExpandTypeParams.scala:61 Expanding 1 members for TsIdentSimple(result) [id => google-gax, phase => typescript, scope => TreeScope(TsParsedFile() / TsDeclModule(google-gax/build/src/apiCaller) / TsDeclInterface(APICaller))] 
[info ] ExpandTypeParams.scala:61 Expanding 1 members for TsIdentSimple(cancel) [id => google-gax, phase => typescript, scope => TreeScope(TsParsedFile() / TsDeclModule(google-gax/build/src/apitypes) / TsDeclInterface(GRPCCallResult))] 
[info ] PreferTypeAlias.scala:73 Simplified to function type alias [id => google-gax, phase => typescript, scope => TreeScope(TsParsedFile() / TsDeclModule(google-gax/build/src/apitypes) / TsDeclInterface(SimpleCallbackFunction))] 
[info ] PreferTypeAlias.scala:73 Simplified to function type alias [id => google-gax, phase => typescript, scope => TreeScope(TsParsedFile() / TsDeclModule(google-gax/build/src/apitypes) / TsDeclInterface(GaxCallPromise))] 
[info ] PreferTypeAlias.scala:73 Simplified to function type alias [id => google-gax, phase => typescript, scope => TreeScope(TsParsedFile() / TsDeclModule(google-gax/build/src/apitypes) / TsDeclInterface(GaxCallStream))] 
[info ] PreferTypeAlias.scala:73 Simplified to function type alias [id => google-gax, phase => typescript, scope => TreeScope(TsParsedFile() / TsDeclModule(google-gax/build/src/apitypes) / TsDeclInterface(GaxCall))] 
[info ] ExpandTypeParams.scala:61 Expanding 1 members for TsIdentSimple(metadataBuilder) [id => google-gax, phase => typescript, scope => TreeScope(TsParsedFile() / TsDeclModule(google-gax/build/src/apitypes) / TsDeclInterface(GRPCCallOtherArgs))] 
[info ] ExpandTypeParams.scala:61 Expanding 1 members for TsIdentSimple(constructor) [id => google-gax, phase => typescript, scope => TreeScope(TsParsedFile() / TsDeclModule(google-gax/build/src/bundlingCalls/bundleApiCaller) / TsDeclClass(BundleApiCaller))] 
[info ] ExpandTypeParams.scala:61 Expanding 1 members for TsIdentSimple(init) [id => google-gax, phase => typescript, scope => TreeScope(TsParsedFile() / TsDeclModule(google-gax/build/src/bundlingCalls/bundleApiCaller) / TsDeclClass(BundleApiCaller))] 
[info ] ExpandTypeParams.scala:61 Expanding 1 members for TsIdentSimple(wrap) [id => google-gax, phase => typescript, scope => TreeScope(TsParsedFile() / TsDeclModule(google-gax/build/src/bundlingCalls/bundleApiCaller) / TsDeclClass(BundleApiCaller))] 
[info ] ExpandTypeParams.scala:61 Expanding 1 members for TsIdentSimple(call) [id => google-gax, phase => typescript, scope => TreeScope(TsParsedFile() / TsDeclModule(google-gax/build/src/bundlingCalls/bundleApiCaller) / TsDeclClass(BundleApiCaller))] 
[info ] ExpandTypeParams.scala:61 Expanding 1 members for TsIdentSimple(fail) [id => google-gax, phase => typescript, scope => TreeScope(TsParsedFile() / TsDeclModule(google-gax/build/src/bundlingCalls/bundleApiCaller) / TsDeclClass(BundleApiCaller))] 
[info ] ExpandTypeParams.scala:61 Expanding 1 members for TsIdentSimple(result) [id => google-gax, phase => typescript, scope => TreeScope(TsParsedFile() / TsDeclModule(google-gax/build/src/bundlingCalls/bundleApiCaller) / TsDeclClass(BundleApiCaller))] 
[info ] ExpandTypeParams.scala:61 Expanding 1 members for TsIdentSimple(constructor) [id => google-gax, phase => typescript, scope => TreeScope(TsParsedFile() / TsDeclModule(google-gax/build/src/bundlingCalls/bundleDescriptor) / TsDeclClass(BundleDescriptor))] 
[info ] ExpandTypeParams.scala:61 Expanding 1 members for TsIdentSimple(getApiCaller) [id => google-gax, phase => typescript, scope => TreeScope(TsParsedFile() / TsDeclModule(google-gax/build/src/bundlingCalls/bundleDescriptor) / TsDeclClass(BundleDescriptor))] 
[info ] ExpandTypeParams.scala:61 Expanding 1 members for TsIdentSimple(constructor) [id => google-gax, phase => typescript, scope => TreeScope(TsParsedFile() / TsDeclModule(google-gax/build/src/bundlingCalls/bundleExecutor) / TsDeclClass(BundleExecutor))] 
[info ] ExpandTypeParams.scala:61 Expanding 1 members for TsIdentSimple(schedule) [id => google-gax, phase => typescript, scope => TreeScope(TsParsedFile() / TsDeclModule(google-gax/build/src/bundlingCalls/bundleExecutor) / TsDeclClass(BundleExecutor))] 
[info ] ExpandTypeParams.scala:61 Expanding 1 members for TsIdentSimple(_runNow) [id => google-gax, phase => typescript, scope => TreeScope(TsParsedFile() / TsDeclModule(google-gax/build/src/bundlingCalls/bundleExecutor) / TsDeclClass(BundleExecutor))] 
[info ] ExpandTypeParams.scala:74 Expanding 1 members for TsIdentSimple(deepCopyForResponse) [id => google-gax, phase => typescript, scope => TreeScope(TsParsedFile() / TsDeclModule(google-gax/build/src/bundlingCalls/task))] 
[info ] ExpandTypeParams.scala:61 Expanding 1 members for TsIdentSimple(constructor) [id => google-gax, phase => typescript, scope => TreeScope(TsParsedFile() / TsDeclModule(google-gax/build/src/bundlingCalls/task) / TsDeclClass(Task))] 
[info ] ExpandTypeParams.scala:61 Expanding 1 members for TsIdentSimple(getElementCount) [id => google-gax, phase => typescript, scope => TreeScope(TsParsedFile() / TsDeclModule(google-gax/build/src/bundlingCalls/task) / TsDeclClass(Task))] 
[info ] ExpandTypeParams.scala:61 Expanding 1 members for TsIdentSimple(getRequestByteSize) [id => google-gax, phase => typescript, scope => TreeScope(TsParsedFile() / TsDeclModule(google-gax/build/src/bundlingCalls/task) / TsDeclClass(Task))] 
[info ] ExpandTypeParams.scala:61 Expanding 1 members for TsIdentSimple(run) [id => google-gax, phase => typescript, scope => TreeScope(TsParsedFile() / TsDeclModule(google-gax/build/src/bundlingCalls/task) / TsDeclClass(Task))] 
[info ] ExpandTypeParams.scala:61 Expanding 1 members for TsIdentSimple(extend) [id => google-gax, phase => typescript, scope => TreeScope(TsParsedFile() / TsDeclModule(google-gax/build/src/bundlingCalls/task) / TsDeclClass(Task))] 
[info ] ExpandTypeParams.scala:61 Expanding 1 members for TsIdentSimple(cancel) [id => google-gax, phase => typescript, scope => TreeScope(TsParsedFile() / TsDeclModule(google-gax/build/src/bundlingCalls/task) / TsDeclClass(Task))] 
[info ] ExpandTypeParams.scala:61 Expanding 1 members for TsIdentSimple(cancelFunc) [id => google-gax, phase => typescript, scope => TreeScope(TsParsedFile() / TsDeclModule(google-gax/build/src/call) / TsDeclClass(OngoingCall))] 
[info ] ExpandTypeParams.scala:61 Expanding 1 members for TsIdentSimple(constructor) [id => google-gax, phase => typescript, scope => TreeScope(TsParsedFile() / TsDeclModule(google-gax/build/src/call) / TsDeclClass(OngoingCall))] 
[info ] ExpandTypeParams.scala:61 Expanding 1 members for TsIdentSimple(cancel) [id => google-gax, phase => typescript, scope => TreeScope(TsParsedFile() / TsDeclModule(google-gax/build/src/call) / TsDeclClass(OngoingCall))] 
[info ] ExpandTypeParams.scala:61 Expanding 1 members for TsIdentSimple(call) [id => google-gax, phase => typescript, scope => TreeScope(TsParsedFile() / TsDeclModule(google-gax/build/src/call) / TsDeclClass(OngoingCall))] 
[info ] ExpandTypeParams.scala:61 Expanding 1 members for TsIdentSimple(cancel) [id => google-gax, phase => typescript, scope => TreeScope(TsParsedFile() / TsDeclModule(google-gax/build/src/call) / TsDeclInterface(CancellablePromise))] 
[info ] ExpandTypeParams.scala:61 Expanding 1 members for TsIdentSimple(constructor) [id => google-gax, phase => typescript, scope => TreeScope(TsParsedFile() / TsDeclModule(google-gax/build/src/call) / TsDeclClass(OngoingCallPromise))] 
[info ] ExpandTypeParams.scala:74 Expanding 1 members for TsIdentSimple(createApiCall) [id => google-gax, phase => typescript, scope => TreeScope(TsParsedFile() / TsDeclModule(google-gax/build/src/createApiCall))] 
[info ] ExpandTypeParams.scala:61 Expanding 1 members for TsIdentSimple(getApiCaller) [id => google-gax, phase => typescript, scope => TreeScope(TsParsedFile() / TsDeclModule(google-gax/build/src/descriptor) / TsDeclInterface(Descriptor))] 
[info ] ExpandTypeParams.scala:61 Expanding 1 members for TsIdentSimple(constructor) [id => google-gax, phase => typescript, scope => TreeScope(TsParsedFile() / TsDeclModule(google-gax/build/src/descriptor) / TsDeclClass(LongrunningDescriptor))] 
[info ] ExpandTypeParams.scala:61 Expanding 1 members for TsIdentSimple(constructor) [id => google-gax, phase => typescript, scope => TreeScope(TsParsedFile() / TsDeclModule(google-gax/build/src/descriptor) / TsDeclClass(PageDescriptor))] 
[info ] ExpandTypeParams.scala:61 Expanding 1 members for TsIdentSimple(constructor) [id => google-gax, phase => typescript, scope => TreeScope(TsParsedFile() / TsDeclModule(google-gax/build/src/descriptor) / TsDeclClass(StreamDescriptor))] 
[info ] ExpandTypeParams.scala:61 Expanding 1 members for TsIdentSimple(constructor) [id => google-gax, phase => typescript, scope => TreeScope(TsParsedFile() / TsDeclModule(google-gax/build/src/descriptor) / TsDeclClass(BundleDescriptor))] 
[info ] ExpandTypeParams.scala:74 Expanding 1 members for TsIdentSimple(createRetryOptions) [id => google-gax, phase => typescript, scope => TreeScope(TsParsedFile() / TsDeclModule(google-gax/build/src/gax))] 
[info ] ExpandTypeParams.scala:74 Expanding 1 members for TsIdentSimple(createBackoffSettings) [id => google-gax, phase => typescript, scope => TreeScope(TsParsedFile() / TsDeclModule(google-gax/build/src/gax))] 
[info ] ExpandTypeParams.scala:74 Expanding 1 members for TsIdentSimple(createDefaultBackoffSettings) [id => google-gax, phase => typescript, scope => TreeScope(TsParsedFile() / TsDeclModule(google-gax/build/src/gax))] 
[info ] ExpandTypeParams.scala:74 Expanding 1 members for TsIdentSimple(createMaxRetriesBackoffSettings) [id => google-gax, phase => typescript, scope => TreeScope(TsParsedFile() / TsDeclModule(google-gax/build/src/gax))] 
[info ] ExpandTypeParams.scala:74 Expanding 1 members for TsIdentSimple(createBundleOptions) [id => google-gax, phase => typescript, scope => TreeScope(TsParsedFile() / TsDeclModule(google-gax/build/src/gax))] 
[info ] ExpandTypeParams.scala:74 Expanding 1 members for TsIdentSimple(constructSettings) [id => google-gax, phase => typescript, scope => TreeScope(TsParsedFile() / TsDeclModule(google-gax/build/src/gax))] 
[info ] ExpandTypeParams.scala:61 Expanding 1 members for TsIdentSimple(constructor) [id => google-gax, phase => typescript, scope => TreeScope(TsParsedFile() / TsDeclModule(google-gax/build/src/gax) / TsDeclClass(RetryOptions))] 
[info ] ExpandTypeParams.scala:61 Expanding 1 members for TsIdentSimple(constructor) [id => google-gax, phase => typescript, scope => TreeScope(TsParsedFile() / TsDeclModule(google-gax/build/src/gax) / TsDeclClass(CallSettings))] 
[info ] ExpandTypeParams.scala:61 Expanding 1 members for TsIdentSimple(merge) [id => google-gax, phase => typescript, scope => TreeScope(TsParsedFile() / TsDeclModule(google-gax/build/src/gax) / TsDeclClass(CallSettings))] 
[info ] ExpandTypeParams.scala:61 Expanding 1 members for TsIdentSimple(set) [id => google-gax, phase => typescript, scope => TreeScope(TsParsedFile() / TsDeclModule(google-gax/build/src/grpc) / TsDeclInterface(Metadata))] 
[info ] ExpandTypeParams.scala:61 Expanding 1 members for TsIdentSimple(clone) [id => google-gax, phase => typescript, scope => TreeScope(TsParsedFile() / TsDeclModule(google-gax/build/src/grpc) / TsDeclInterface(Metadata))] 
[info ] ExpandTypeParams.scala:61 Expanding 1 members for TsIdentSimple(get) [id => google-gax, phase => typescript, scope => TreeScope(TsParsedFile() / TsDeclModule(google-gax/build/src/grpc) / TsDeclInterface(Metadata))] 
[info ] ExpandTypeParams.scala:61 Expanding 1 members for TsIdentSimple(Server) [id => google-gax, phase => typescript, scope => TreeScope(TsParsedFile() / TsDeclModule(google-gax/build/src/grpc) / TsDeclInterface(GrpcModule))] 
[info ] ExpandTypeParams.scala:61 Expanding 1 members for TsIdentSimple(loadPackageDefinition) [id => google-gax, phase => typescript, scope => TreeScope(TsParsedFile() / TsDeclModule(google-gax/build/src/grpc) / TsDeclInterface(GrpcModule))] 
[info ] ExpandTypeParams.scala:61 Expanding 1 members for TsIdentSimple(setLogger) [id => google-gax, phase => typescript, scope => TreeScope(TsParsedFile() / TsDeclModule(google-gax/build/src/grpc) / TsDeclInterface(GrpcModule))] 
[info ] ExpandTypeParams.scala:61 Expanding 1 members for TsIdentSimple(waitForClientReady) [id => google-gax, phase => typescript, scope => TreeScope(TsParsedFile() / TsDeclModule(google-gax/build/src/grpc) / TsDeclInterface(GrpcModule))] 
[info ] ExpandTypeParams.scala:61 Expanding 1 members for TsIdentSimple(waitForClientReady) [id => google-gax, phase => typescript, scope => TreeScope(TsParsedFile() / TsDeclModule(google-gax/build/src/grpc) / TsDeclInterface(GrpcModule))] 
[info ] ExpandTypeParams.scala:61 Expanding 1 members for TsIdentSimple(load) [id => google-gax, phase => typescript, scope => TreeScope(TsParsedFile() / TsDeclModule(google-gax/build/src/grpc) / TsDeclInterface(GrpcModule))] 
[info ] ExpandTypeParams.scala:61 Expanding 1 members for TsIdentSimple(InterceptingCall) [id => google-gax, phase => typescript, scope => TreeScope(TsParsedFile() / TsDeclModule(google-gax/build/src/grpc) / TsDeclInterface(GrpcModule))] 
[info ] ExpandTypeParams.scala:61 Expanding 1 members for TsIdentSimple(makeClientConstructor) [id => google-gax, phase => typescript, scope => TreeScope(TsParsedFile() / TsDeclModule(google-gax/build/src/grpc) / TsDeclInterface(GrpcModule))] 
[info ] ExpandTypeParams.scala:61 Expanding 1 members for TsIdentSimple(makeClientConstructor) [id => google-gax, phase => typescript, scope => TreeScope(TsParsedFile() / TsDeclModule(google-gax/build/src/grpc) / TsDeclInterface(GrpcModule))] 
[info ] ExpandTypeParams.scala:61 Expanding 1 members for TsIdentSimple(makeGenericClientConstructor) [id => google-gax, phase => typescript, scope => TreeScope(TsParsedFile() / TsDeclModule(google-gax/build/src/grpc) / TsDeclInterface(GrpcModule))] 
[info ] ExpandTypeParams.scala:61 Expanding 1 members for TsIdentSimple(makeGenericClientConstructor) [id => google-gax, phase => typescript, scope => TreeScope(TsParsedFile() / TsDeclModule(google-gax/build/src/grpc) / TsDeclInterface(GrpcModule))] 
[info ] ExpandTypeParams.scala:61 Expanding 1 members for TsIdentSimple(getClientChannel) [id => google-gax, phase => typescript, scope => TreeScope(TsParsedFile() / TsDeclModule(google-gax/build/src/grpc) / TsDeclInterface(GrpcModule))] 
[info ] ExpandTypeParams.scala:61 Expanding 1 members for TsIdentSimple(closeClient) [id => google-gax, phase => typescript, scope => TreeScope(TsParsedFile() / TsDeclModule(google-gax/build/src/grpc) / TsDeclInterface(GrpcModule))] 
[info ] ExpandTypeParams.scala:61 Expanding 1 members for TsIdentSimple(setLogVerbosity) [id => google-gax, phase => typescript, scope => TreeScope(TsParsedFile() / TsDeclModule(google-gax/build/src/grpc) / TsDeclInterface(GrpcModule))] 
[info ] ExpandTypeParams.scala:61 Expanding 1 members for TsIdentSimple(ListenerBuilder) [id => google-gax, phase => typescript, scope => TreeScope(TsParsedFile() / TsDeclModule(google-gax/build/src/grpc) / TsDeclInterface(GrpcModule))] 
[info ] ExpandTypeParams.scala:61 Expanding 1 members for TsIdentSimple(InterceptorBuilder) [id => google-gax, phase => typescript, scope => TreeScope(TsParsedFile() / TsDeclModule(google-gax/build/src/grpc) / TsDeclInterface(GrpcModule))] 
[info ] ExpandTypeParams.scala:61 Expanding 1 members for TsIdentSimple(loadObject) [id => google-gax, phase => typescript, scope => TreeScope(TsParsedFile() / TsDeclModule(google-gax/build/src/grpc) / TsDeclInterface(GrpcModule))] 
[info ] ExpandTypeParams.scala:61 Expanding 1 members for TsIdentSimple(createSsl) [id => google-gax, phase => typescript, scope => TreeScope(TsParsedFile() / TsDeclModule(google-gax/build/src/grpc) / TsDeclInterface(GrpcModule) / TsMemberProperty(ChannelCredentials) / TsTypeObject())] 
[info ] ExpandTypeParams.scala:61 Expanding 1 members for TsIdentSimple(createSsl) [id => google-gax, phase => typescript, scope => TreeScope(TsParsedFile() / TsDeclModule(google-gax/build/src/grpc) / TsDeclInterface(GrpcModule) / TsMemberProperty(ChannelCredentials) / TsTypeObject())] 
[info ] ExpandTypeParams.scala:61 Expanding 1 members for TsIdentSimple(createSsl) [id => google-gax, phase => typescript, scope => TreeScope(TsParsedFile() / TsDeclModule(google-gax/build/src/grpc) / TsDeclInterface(GrpcModule) / TsMemberProperty(ChannelCredentials) / TsTypeObject())] 
[info ] ExpandTypeParams.scala:61 Expanding 1 members for TsIdentSimple(createSsl) [id => google-gax, phase => typescript, scope => TreeScope(TsParsedFile() / TsDeclModule(google-gax/build/src/grpc) / TsDeclInterface(GrpcModule) / TsMemberProperty(ChannelCredentials) / TsTypeObject())] 
[info ] ExpandTypeParams.scala:61 Expanding 1 members for TsIdentSimple(createSsl) [id => google-gax, phase => typescript, scope => TreeScope(TsParsedFile() / TsDeclModule(google-gax/build/src/grpc) / TsDeclInterface(GrpcModule) / TsMemberProperty(ChannelCredentials) / TsTypeObject())] 
[info ] ExpandTypeParams.scala:61 Expanding 1 members for TsIdentSimple(createSsl) [id => google-gax, phase => typescript, scope => TreeScope(TsParsedFile() / TsDeclModule(google-gax/build/src/grpc) / TsDeclInterface(GrpcModule) / TsMemberProperty(ChannelCredentials) / TsTypeObject())] 
[info ] ExpandTypeParams.scala:61 Expanding 1 members for TsIdentSimple(createSsl) [id => google-gax, phase => typescript, scope => TreeScope(TsParsedFile() / TsDeclModule(google-gax/build/src/grpc) / TsDeclInterface(GrpcModule) / TsMemberProperty(ChannelCredentials) / TsTypeObject())] 
[info ] ExpandTypeParams.scala:61 Expanding 1 members for TsIdentSimple(createSsl) [id => google-gax, phase => typescript, scope => TreeScope(TsParsedFile() / TsDeclModule(google-gax/build/src/grpc) / TsDeclInterface(GrpcModule) / TsMemberProperty(ChannelCredentials) / TsTypeObject())] 
[info ] ExpandTypeParams.scala:61 Expanding 1 members for TsIdentSimple(createSsl) [id => google-gax, phase => typescript, scope => TreeScope(TsParsedFile() / TsDeclModule(google-gax/build/src/grpc) / TsDeclInterface(GrpcModule) / TsMemberProperty(ChannelCredentials) / TsTypeObject())] 
[info ] ExpandTypeParams.scala:61 Expanding 1 members for TsIdentSimple(createSsl) [id => google-gax, phase => typescript, scope => TreeScope(TsParsedFile() / TsDeclModule(google-gax/build/src/grpc) / TsDeclInterface(GrpcModule) / TsMemberProperty(ChannelCredentials) / TsTypeObject())] 
[info ] ExpandTypeParams.scala:61 Expanding 1 members for TsIdentSimple(createSsl) [id => google-gax, phase => typescript, scope => TreeScope(TsParsedFile() / TsDeclModule(google-gax/build/src/grpc) / TsDeclInterface(GrpcModule) / TsMemberProperty(ChannelCredentials) / TsTypeObject())] 
[info ] ExpandTypeParams.scala:61 Expanding 1 members for TsIdentSimple(createSsl) [id => google-gax, phase => typescript, scope => TreeScope(TsParsedFile() / TsDeclModule(google-gax/build/src/grpc) / TsDeclInterface(GrpcModule) / TsMemberProperty(ChannelCredentials) / TsTypeObject())] 
[info ] ExpandTypeParams.scala:61 Expanding 1 members for TsIdentSimple(createSsl) [id => google-gax, phase => typescript, scope => TreeScope(TsParsedFile() / TsDeclModule(google-gax/build/src/grpc) / TsDeclInterface(GrpcModule) / TsMemberProperty(ChannelCredentials) / TsTypeObject())] 
[info ] ExpandTypeParams.scala:61 Expanding 1 members for TsIdentSimple(createSsl) [id => google-gax, phase => typescript, scope => TreeScope(TsParsedFile() / TsDeclModule(google-gax/build/src/grpc) / TsDeclInterface(GrpcModule) / TsMemberProperty(ChannelCredentials) / TsTypeObject())] 
[info ] ExpandTypeParams.scala:61 Expanding 1 members for TsIdentSimple(createSsl) [id => google-gax, phase => typescript, scope => TreeScope(TsParsedFile() / TsDeclModule(google-gax/build/src/grpc) / TsDeclInterface(GrpcModule) / TsMemberProperty(ChannelCredentials) / TsTypeObject())] 
[info ] ExpandTypeParams.scala:61 Expanding 1 members for TsIdentSimple(createSsl) [id => google-gax, phase => typescript, scope => TreeScope(TsParsedFile() / TsDeclModule(google-gax/build/src/grpc) / TsDeclInterface(GrpcModule) / TsMemberProperty(ChannelCredentials) / TsTypeObject())] 
[info ] ExpandTypeParams.scala:61 Expanding 1 members for TsIdentSimple(createSsl) [id => google-gax, phase => typescript, scope => TreeScope(TsParsedFile() / TsDeclModule(google-gax/build/src/grpc) / TsDeclInterface(GrpcModule) / TsMemberProperty(ChannelCredentials) / TsTypeObject())] 
[info ] ExpandTypeParams.scala:61 Expanding 1 members for TsIdentSimple(createSsl) [id => google-gax, phase => typescript, scope => TreeScope(TsParsedFile() / TsDeclModule(google-gax/build/src/grpc) / TsDeclInterface(GrpcModule) / TsMemberProperty(ChannelCredentials) / TsTypeObject())] 
[info ] ExpandTypeParams.scala:61 Expanding 1 members for TsIdentSimple(createSsl) [id => google-gax, phase => typescript, scope => TreeScope(TsParsedFile() / TsDeclModule(google-gax/build/src/grpc) / TsDeclInterface(GrpcModule) / TsMemberProperty(ChannelCredentials) / TsTypeObject())] 
[info ] ExpandTypeParams.scala:61 Expanding 1 members for TsIdentSimple(createSsl) [id => google-gax, phase => typescript, scope => TreeScope(TsParsedFile() / TsDeclModule(google-gax/build/src/grpc) / TsDeclInterface(GrpcModule) / TsMemberProperty(ChannelCredentials) / TsTypeObject())] 
[info ] ExpandTypeParams.scala:61 Expanding 1 members for TsIdentSimple(createSsl) [id => google-gax, phase => typescript, scope => TreeScope(TsParsedFile() / TsDeclModule(google-gax/build/src/grpc) / TsDeclInterface(GrpcModule) / TsMemberProperty(ChannelCredentials) / TsTypeObject())] 
[info ] ExpandTypeParams.scala:61 Expanding 1 members for TsIdentSimple(createSsl) [id => google-gax, phase => typescript, scope => TreeScope(TsParsedFile() / TsDeclModule(google-gax/build/src/grpc) / TsDeclInterface(GrpcModule) / TsMemberProperty(ChannelCredentials) / TsTypeObject())] 
[info ] ExpandTypeParams.scala:61 Expanding 1 members for TsIdentSimple(createSsl) [id => google-gax, phase => typescript, scope => TreeScope(TsParsedFile() / TsDeclModule(google-gax/build/src/grpc) / TsDeclInterface(GrpcModule) / TsMemberProperty(ChannelCredentials) / TsTypeObject())] 
[info ] ExpandTypeParams.scala:61 Expanding 1 members for TsIdentSimple(createSsl) [id => google-gax, phase => typescript, scope => TreeScope(TsParsedFile() / TsDeclModule(google-gax/build/src/grpc) / TsDeclInterface(GrpcModule) / TsMemberProperty(ChannelCredentials) / TsTypeObject())] 
[info ] ExpandTypeParams.scala:61 Expanding 1 members for TsIdentSimple(createSsl) [id => google-gax, phase => typescript, scope => TreeScope(TsParsedFile() / TsDeclModule(google-gax/build/src/grpc) / TsDeclInterface(GrpcModule) / TsMemberProperty(ChannelCredentials) / TsTypeObject())] 
[info ] ExpandTypeParams.scala:61 Expanding 1 members for TsIdentSimple(createSsl) [id => google-gax, phase => typescript, scope => TreeScope(TsParsedFile() / TsDeclModule(google-gax/build/src/grpc) / TsDeclInterface(GrpcModule) / TsMemberProperty(ChannelCredentials) / TsTypeObject())] 
[info ] ExpandTypeParams.scala:61 Expanding 1 members for TsIdentSimple(createSsl) [id => google-gax, phase => typescript, scope => TreeScope(TsParsedFile() / TsDeclModule(google-gax/build/src/grpc) / TsDeclInterface(GrpcModule) / TsMemberProperty(ChannelCredentials) / TsTypeObject())] 
[info ] ExpandTypeParams.scala:61 Expanding 1 members for TsIdentSimple(createSsl) [id => google-gax, phase => typescript, scope => TreeScope(TsParsedFile() / TsDeclModule(google-gax/build/src/grpc) / TsDeclInterface(GrpcModule) / TsMemberProperty(ChannelCredentials) / TsTypeObject())] 
[info ] ExpandTypeParams.scala:61 Expanding 1 members for TsIdentSimple(createSsl) [id => google-gax, phase => typescript, scope => TreeScope(TsParsedFile() / TsDeclModule(google-gax/build/src/grpc) / TsDeclInterface(GrpcModule) / TsMemberProperty(ChannelCredentials) / TsTypeObject())] 
[info ] ExpandTypeParams.scala:61 Expanding 1 members for TsIdentSimple(createSsl) [id => google-gax, phase => typescript, scope => TreeScope(TsParsedFile() / TsDeclModule(google-gax/build/src/grpc) / TsDeclInterface(GrpcModule) / TsMemberProperty(ChannelCredentials) / TsTypeObject())] 
[info ] ExpandTypeParams.scala:61 Expanding 1 members for TsIdentSimple(createSsl) [id => google-gax, phase => typescript, scope => TreeScope(TsParsedFile() / TsDeclModule(google-gax/build/src/grpc) / TsDeclInterface(GrpcModule) / TsMemberProperty(ChannelCredentials) / TsTypeObject())] 
[info ] ExpandTypeParams.scala:61 Expanding 1 members for TsIdentSimple(createSsl) [id => google-gax, phase => typescript, scope => TreeScope(TsParsedFile() / TsDeclModule(google-gax/build/src/grpc) / TsDeclInterface(GrpcModule) / TsMemberProperty(ChannelCredentials) / TsTypeObject())] 
[info ] ExpandTypeParams.scala:61 Expanding 1 members for TsIdentSimple(createSsl) [id => google-gax, phase => typescript, scope => TreeScope(TsParsedFile() / TsDeclModule(google-gax/build/src/grpc) / TsDeclInterface(GrpcModule) / TsMemberProperty(ChannelCredentials) / TsTypeObject())] 
[info ] ExpandTypeParams.scala:61 Expanding 1 members for TsIdentSimple(createSsl) [id => google-gax, phase => typescript, scope => TreeScope(TsParsedFile() / TsDeclModule(google-gax/build/src/grpc) / TsDeclInterface(GrpcModule) / TsMemberProperty(ChannelCredentials) / TsTypeObject())] 
[info ] ExpandTypeParams.scala:61 Expanding 1 members for TsIdentSimple(createSsl) [id => google-gax, phase => typescript, scope => TreeScope(TsParsedFile() / TsDeclModule(google-gax/build/src/grpc) / TsDeclInterface(GrpcModule) / TsMemberProperty(ChannelCredentials) / TsTypeObject())] 
[info ] ExpandTypeParams.scala:61 Expanding 1 members for TsIdentSimple(createSsl) [id => google-gax, phase => typescript, scope => TreeScope(TsParsedFile() / TsDeclModule(google-gax/build/src/grpc) / TsDeclInterface(GrpcModule) / TsMemberProperty(ChannelCredentials) / TsTypeObject())] 
[info ] ExpandTypeParams.scala:61 Expanding 1 members for TsIdentSimple(createSsl) [id => google-gax, phase => typescript, scope => TreeScope(TsParsedFile() / TsDeclModule(google-gax/build/src/grpc) / TsDeclInterface(GrpcModule) / TsMemberProperty(ChannelCredentials) / TsTypeObject())] 
[info ] ExpandTypeParams.scala:61 Expanding 1 members for TsIdentSimple(createSsl) [id => google-gax, phase => typescript, scope => TreeScope(TsParsedFile() / TsDeclModule(google-gax/build/src/grpc) / TsDeclInterface(GrpcModule) / TsMemberProperty(ChannelCredentials) / TsTypeObject())] 
[info ] ExpandTypeParams.scala:61 Expanding 1 members for TsIdentSimple(createSsl) [id => google-gax, phase => typescript, scope => TreeScope(TsParsedFile() / TsDeclModule(google-gax/build/src/grpc) / TsDeclInterface(GrpcModule) / TsMemberProperty(ChannelCredentials) / TsTypeObject())] 
[info ] ExpandTypeParams.scala:61 Expanding 1 members for TsIdentSimple(createSsl) [id => google-gax, phase => typescript, scope => TreeScope(TsParsedFile() / TsDeclModule(google-gax/build/src/grpc) / TsDeclInterface(GrpcModule) / TsMemberProperty(ChannelCredentials) / TsTypeObject())] 
[info ] ExpandTypeParams.scala:61 Expanding 1 members for TsIdentSimple(createInsecure) [id => google-gax, phase => typescript, scope => TreeScope(TsParsedFile() / TsDeclModule(google-gax/build/src/grpc) / TsDeclInterface(GrpcModule) / TsMemberProperty(ChannelCredentials) / TsTypeObject())] 
[info ] ExpandTypeParams.scala:61 Expanding 1 members for TsIdentSimple(fromHttp2Headers) [id => google-gax, phase => typescript, scope => TreeScope(TsParsedFile() / TsDeclModule(google-gax/build/src/grpc) / TsDeclInterface(GrpcModule) / TsMemberProperty(Metadata) / TsTypeObject())] 
[info ] ExpandTypeParams.scala:61 Expanding 1 members for TsIdentSimple(createInsecure) [id => google-gax, phase => typescript, scope => TreeScope(TsParsedFile() / TsDeclModule(google-gax/build/src/grpc) / TsDeclInterface(GrpcModule) / TsMemberProperty(ServerCredentials) / TsTypeObject())] 
[info ] ExpandTypeParams.scala:61 Expanding 1 members for TsIdentSimple(createSsl) [id => google-gax, phase => typescript, scope => TreeScope(TsParsedFile() / TsDeclModule(google-gax/build/src/grpc) / TsDeclInterface(GrpcModule) / TsMemberProperty(ServerCredentials) / TsTypeObject())] 
[info ] ExpandTypeParams.scala:61 Expanding 1 members for TsIdentSimple(createSsl) [id => google-gax, phase => typescript, scope => TreeScope(TsParsedFile() / TsDeclModule(google-gax/build/src/grpc) / TsDeclInterface(GrpcModule) / TsMemberProperty(ServerCredentials) / TsTypeObject())] 
[info ] ExpandTypeParams.scala:61 Expanding 1 members for TsIdentSimple(createSsl) [id => google-gax, phase => typescript, scope => TreeScope(TsParsedFile() / TsDeclModule(google-gax/build/src/grpc) / TsDeclInterface(GrpcModule) / TsMemberProperty(ServerCredentials) / TsTypeObject())] 
[info ] ExpandTypeParams.scala:61 Expanding 1 members for TsIdentSimple(createSsl) [id => google-gax, phase => typescript, scope => TreeScope(TsParsedFile() / TsDeclModule(google-gax/build/src/grpc) / TsDeclInterface(GrpcModule) / TsMemberProperty(ServerCredentials) / TsTypeObject())] 
[info ] ExpandTypeParams.scala:61 Expanding 1 members for TsIdentSimple(createFromMetadataGenerator) [id => google-gax, phase => typescript, scope => TreeScope(TsParsedFile() / TsDeclModule(google-gax/build/src/grpc) / TsDeclInterface(GrpcModule) / TsMemberProperty(CallCredentials) / TsTypeObject())] 
[info ] ExpandTypeParams.scala:61 Expanding 1 members for TsIdentSimple(createEmpty) [id => google-gax, phase => typescript, scope => TreeScope(TsParsedFile() / TsDeclModule(google-gax/build/src/grpc) / TsDeclInterface(GrpcModule) / TsMemberProperty(CallCredentials) / TsTypeObject())] 
[info ] ExpandTypeParams.scala:61 Expanding 1 members for TsIdentSimple(constructor) [id => google-gax, phase => typescript, scope => TreeScope(TsParsedFile() / TsDeclModule(google-gax/build/src/grpc) / TsDeclClass(GrpcClient))] 
[info ] ExpandTypeParams.scala:61 Expanding 1 members for TsIdentSimple(_getCredentials) [id => google-gax, phase => typescript, scope => TreeScope(TsParsedFile() / TsDeclModule(google-gax/build/src/grpc) / TsDeclClass(GrpcClient))] 
[info ] ExpandTypeParams.scala:61 Expanding 1 members for TsIdentSimple(loadFromProto) [id => google-gax, phase => typescript, scope => TreeScope(TsParsedFile() / TsDeclModule(google-gax/build/src/grpc) / TsDeclClass(GrpcClient))] 
[info ] ExpandTypeParams.scala:61 Expanding 1 members for TsIdentSimple(loadProto) [id => google-gax, phase => typescript, scope => TreeScope(TsParsedFile() / TsDeclModule(google-gax/build/src/grpc) / TsDeclClass(GrpcClient))] 
[info ] ExpandTypeParams.scala:61 Expanding 1 members for TsIdentSimple(_resolveFile) [id => google-gax, phase => typescript, scope => TreeScope(TsParsedFile() / TsDeclModule(google-gax/build/src/grpc) / TsDeclClass(GrpcClient))] 
[info ] ExpandTypeParams.scala:61 Expanding 1 members for TsIdentSimple(metadataBuilder) [id => google-gax, phase => typescript, scope => TreeScope(TsParsedFile() / TsDeclModule(google-gax/build/src/grpc) / TsDeclClass(GrpcClient))] 
[info ] ExpandTypeParams.scala:61 Expanding 1 members for TsIdentSimple(constructSettings) [id => google-gax, phase => typescript, scope => TreeScope(TsParsedFile() / TsDeclModule(google-gax/build/src/grpc) / TsDeclClass(GrpcClient))] 
[info ] ExpandTypeParams.scala:61 Expanding 1 members for TsIdentSimple(createStub) [id => google-gax, phase => typescript, scope => TreeScope(TsParsedFile() / TsDeclModule(google-gax/build/src/grpc) / TsDeclClass(GrpcClient))] 
[info ] ExpandTypeParams.scala:61 Expanding 1 members for TsIdentSimple(createByteLengthFunction) [id => google-gax, phase => typescript, scope => TreeScope(TsParsedFile() / TsDeclModule(google-gax/build/src/grpc) / TsDeclClass(GrpcClient))] 
[info ] ExpandTypeParams.scala:61 Expanding 1 members for TsIdentSimple(encode) [id => google-gax, phase => typescript, scope => TreeScope(TsParsedFile() / TsDeclModule(google-gax/build/src/grpc) / TsDeclClass(GrpcClient) / TsMemberFunction(createByteLengthFunction) / TsFunSig() / TsFunParam() / TsTypeObject())] 
[info ] ExpandTypeParams.scala:61 Expanding 1 members for TsIdentSimple(finish) [id => google-gax, phase => typescript, scope => TreeScope(TsParsedFile() / TsDeclModule(google-gax/build/src/grpc) / TsDeclClass(GrpcClient) / TsMemberFunction(createByteLengthFunction) / TsFunSig() / TsFunParam() / TsTypeObject() / TsMemberFunction(encode) / TsFunSig() / TsTypeObject())] 
[info ] ExpandTypeParams.scala:61 Expanding 1 members for TsIdentSimple(constructor) [id => google-gax, phase => typescript, scope => TreeScope(TsParsedFile() / TsDeclModule(google-gax/build/src/grpc) / TsDeclClass(GoogleProtoFilesRoot))] 
[info ] ExpandTypeParams.scala:61 Expanding 1 members for TsIdentSimple(resolvePath) [id => google-gax, phase => typescript, scope => TreeScope(TsParsedFile() / TsDeclModule(google-gax/build/src/grpc) / TsDeclClass(GoogleProtoFilesRoot))] 
[info ] ExpandTypeParams.scala:61 Expanding 1 members for TsIdentSimple(_findIncludePath) [id => google-gax, phase => typescript, scope => TreeScope(TsParsedFile() / TsDeclModule(google-gax/build/src/grpc) / TsDeclClass(GoogleProtoFilesRoot))] 
[info ] ExpandTypeParams.scala:74 Expanding 1 members for TsIdentSimple(createApiCall) [id => google-gax, phase => typescript, scope => TreeScope(TsParsedFile() / TsDeclModule(google-gax))] 
[info ] ExpandTypeParams.scala:74 Expanding 1 members for TsIdentSimple(constructSettings) [id => google-gax, phase => typescript, scope => TreeScope(TsParsedFile() / TsDeclModule(google-gax))] 
[info ] ExpandTypeParams.scala:74 Expanding 1 members for TsIdentSimple(operation) [id => google-gax, phase => typescript, scope => TreeScope(TsParsedFile() / TsDeclModule(google-gax))] 
[info ] ExpandTypeParams.scala:74 Expanding 1 members for TsIdentSimple(lro) [id => google-gax, phase => typescript, scope => TreeScope(TsParsedFile() / TsDeclModule(google-gax))] 
[info ] ExpandTypeParams.scala:61 Expanding 1 members for TsIdentSimple(constructor) [id => google-gax, phase => typescript, scope => TreeScope(TsParsedFile() / TsDeclModule(google-gax) / TsDeclClass(GoogleAuth))] 
[info ] ExpandTypeParams.scala:61 Expanding 1 members for TsIdentSimple(constructor) [id => google-gax, phase => typescript, scope => TreeScope(TsParsedFile() / TsDeclModule(google-gax) / TsDeclClass(GoogleAuth))] 
[info ] ExpandTypeParams.scala:61 Expanding 1 members for TsIdentSimple(constructor) [id => google-gax, phase => typescript, scope => TreeScope(TsParsedFile() / TsDeclModule(google-gax) / TsDeclClass(OngoingCall))] 
[info ] ExpandTypeParams.scala:61 Expanding 1 members for TsIdentSimple(constructor) [id => google-gax, phase => typescript, scope => TreeScope(TsParsedFile() / TsDeclModule(google-gax) / TsDeclClass(BundleDescriptor))] 
[info ] ExpandTypeParams.scala:61 Expanding 1 members for TsIdentSimple(constructor) [id => google-gax, phase => typescript, scope => TreeScope(TsParsedFile() / TsDeclModule(google-gax) / TsDeclClass(PageDescriptor))] 
[info ] ExpandTypeParams.scala:61 Expanding 1 members for TsIdentSimple(constructor) [id => google-gax, phase => typescript, scope => TreeScope(TsParsedFile() / TsDeclModule(google-gax) / TsDeclClass(StreamDescriptor))] 
[info ] ExpandTypeParams.scala:61 Expanding 1 members for TsIdentSimple(constructor) [id => google-gax, phase => typescript, scope => TreeScope(TsParsedFile() / TsDeclModule(google-gax) / TsDeclClass(CallSettings))] 
[info ] ExpandTypeParams.scala:61 Expanding 1 members for TsIdentSimple(constructor) [id => google-gax, phase => typescript, scope => TreeScope(TsParsedFile() / TsDeclModule(google-gax) / TsDeclClass(RetryOptions))] 
[info ] ExpandTypeParams.scala:61 Expanding 1 members for TsIdentSimple(constructor) [id => google-gax, phase => typescript, scope => TreeScope(TsParsedFile() / TsDeclModule(google-gax) / TsDeclClass(GoogleProtoFilesRoot))] 
[info ] ExpandTypeParams.scala:61 Expanding 1 members for TsIdentSimple(_findIncludePath) [id => google-gax, phase => typescript, scope => TreeScope(TsParsedFile() / TsDeclModule(google-gax) / TsDeclClass(GoogleProtoFilesRoot))] 
[info ] ExpandTypeParams.scala:61 Expanding 1 members for TsIdentSimple(constructor) [id => google-gax, phase => typescript, scope => TreeScope(TsParsedFile() / TsDeclModule(google-gax) / TsDeclClass(GrpcClient))] 
[info ] ExpandTypeParams.scala:61 Expanding 1 members for TsIdentSimple(_resolveFile) [id => google-gax, phase => typescript, scope => TreeScope(TsParsedFile() / TsDeclModule(google-gax) / TsDeclClass(GrpcClient))] 
[info ] ExpandTypeParams.scala:61 Expanding 1 members for TsIdentSimple(createByteLengthFunction) [id => google-gax, phase => typescript, scope => TreeScope(TsParsedFile() / TsDeclModule(google-gax) / TsDeclClass(GrpcClient))] 
[info ] ExpandTypeParams.scala:61 Expanding 1 members for TsIdentSimple(encode) [id => google-gax, phase => typescript, scope => TreeScope(TsParsedFile() / TsDeclModule(google-gax) / TsDeclClass(GrpcClient) / TsMemberFunction(createByteLengthFunction) / TsFunSig() / TsFunParam() / TsTypeObject())] 
[info ] ExpandTypeParams.scala:61 Expanding 1 members for TsIdentSimple(finish) [id => google-gax, phase => typescript, scope => TreeScope(TsParsedFile() / TsDeclModule(google-gax) / TsDeclClass(GrpcClient) / TsMemberFunction(createByteLengthFunction) / TsFunSig() / TsFunParam() / TsTypeObject() / TsMemberFunction(encode) / TsFunSig() / TsTypeObject())] 
[info ] ExpandTypeParams.scala:61 Expanding 1 members for TsIdentSimple(constructor) [id => google-gax, phase => typescript, scope => TreeScope(TsParsedFile() / TsDeclModule(google-gax) / TsDeclClass(Operation))] 
[info ] ExpandTypeParams.scala:61 Expanding 1 members for TsIdentSimple(constructor) [id => google-gax, phase => typescript, scope => TreeScope(TsParsedFile() / TsDeclModule(google-gax) / TsDeclClass(PathTemplate))] 
[info ] ExpandTypeParams.scala:74 Expanding 1 members for TsIdentSimple(fromParams) [id => google-gax, phase => typescript, scope => TreeScope(TsParsedFile() / TsDeclModule(google-gax) / TsDeclNamespace(routingHeader))] 
[info ] ExpandTypeParams.scala:61 Expanding 1 members for TsIdentSimple(constructor) [id => google-gax, phase => typescript, scope => TreeScope(TsParsedFile() / TsDeclModule(google-gax/build/src/longRunningCalls/longRunningApiCaller) / TsDeclClass(LongrunningApiCaller))] 
[info ] ExpandTypeParams.scala:61 Expanding 1 members for TsIdentSimple(init) [id => google-gax, phase => typescript, scope => TreeScope(TsParsedFile() / TsDeclModule(google-gax/build/src/longRunningCalls/longRunningApiCaller) / TsDeclClass(LongrunningApiCaller))] 
[info ] ExpandTypeParams.scala:61 Expanding 1 members for TsIdentSimple(wrap) [id => google-gax, phase => typescript, scope => TreeScope(TsParsedFile() / TsDeclModule(google-gax/build/src/longRunningCalls/longRunningApiCaller) / TsDeclClass(LongrunningApiCaller))] 
[info ] ExpandTypeParams.scala:61 Expanding 1 members for TsIdentSimple(call) [id => google-gax, phase => typescript, scope => TreeScope(TsParsedFile() / TsDeclModule(google-gax/build/src/longRunningCalls/longRunningApiCaller) / TsDeclClass(LongrunningApiCaller))] 
[info ] ExpandTypeParams.scala:61 Expanding 1 members for TsIdentSimple(fail) [id => google-gax, phase => typescript, scope => TreeScope(TsParsedFile() / TsDeclModule(google-gax/build/src/longRunningCalls/longRunningApiCaller) / TsDeclClass(LongrunningApiCaller))] 
[info ] ExpandTypeParams.scala:61 Expanding 1 members for TsIdentSimple(result) [id => google-gax, phase => typescript, scope => TreeScope(TsParsedFile() / TsDeclModule(google-gax/build/src/longRunningCalls/longRunningApiCaller) / TsDeclClass(LongrunningApiCaller))] 
[info ] PreferTypeAlias.scala:73 Simplified to function type alias [id => google-gax, phase => typescript, scope => TreeScope(TsParsedFile() / TsDeclModule(google-gax/build/src/longRunningCalls/longRunningDescriptor) / TsDeclInterface(AnyDecoder))] 
[info ] ExpandTypeParams.scala:61 Expanding 1 members for TsIdentSimple(constructor) [id => google-gax, phase => typescript, scope => TreeScope(TsParsedFile() / TsDeclModule(google-gax/build/src/longRunningCalls/longRunningDescriptor) / TsDeclClass(LongRunningDescriptor))] 
[info ] ExpandTypeParams.scala:61 Expanding 1 members for TsIdentSimple(getApiCaller) [id => google-gax, phase => typescript, scope => TreeScope(TsParsedFile() / TsDeclModule(google-gax/build/src/longRunningCalls/longRunningDescriptor) / TsDeclClass(LongRunningDescriptor))] 
[info ] ExpandTypeParams.scala:74 Expanding 1 members for TsIdentSimple(operation) [id => google-gax, phase => typescript, scope => TreeScope(TsParsedFile() / TsDeclModule(google-gax/build/src/longRunningCalls/longrunning))] 
[info ] PreferTypeAlias.scala:73 Simplified to function type alias [id => google-gax, phase => typescript, scope => TreeScope(TsParsedFile() / TsDeclModule(google-gax/build/src/longRunningCalls/longrunning) / TsDeclInterface(GetOperationCallback))] 
[info ] ExpandTypeParams.scala:61 Expanding 1 members for TsIdentSimple(constructor) [id => google-gax, phase => typescript, scope => TreeScope(TsParsedFile() / TsDeclModule(google-gax/build/src/longRunningCalls/longrunning) / TsDeclClass(Operation))] 
[info ] ExpandTypeParams.scala:61 Expanding 1 members for TsIdentSimple(_listenForEvents) [id => google-gax, phase => typescript, scope => TreeScope(TsParsedFile() / TsDeclModule(google-gax/build/src/longRunningCalls/longrunning) / TsDeclClass(Operation))] 
[info ] ExpandTypeParams.scala:61 Expanding 1 members for TsIdentSimple(cancel) [id => google-gax, phase => typescript, scope => TreeScope(TsParsedFile() / TsDeclModule(google-gax/build/src/longRunningCalls/longrunning) / TsDeclClass(Operation))] 
[info ] ExpandTypeParams.scala:61 Expanding 1 members for TsIdentSimple(getOperation) [id => google-gax, phase => typescript, scope => TreeScope(TsParsedFile() / TsDeclModule(google-gax/build/src/longRunningCalls/longrunning) / TsDeclClass(Operation))] 
[info ] ExpandTypeParams.scala:61 Expanding 1 members for TsIdentSimple(getOperation) [id => google-gax, phase => typescript, scope => TreeScope(TsParsedFile() / TsDeclModule(google-gax/build/src/longRunningCalls/longrunning) / TsDeclClass(Operation))] 
[info ] ExpandTypeParams.scala:61 Expanding 1 members for TsIdentSimple(_unpackResponse) [id => google-gax, phase => typescript, scope => TreeScope(TsParsedFile() / TsDeclModule(google-gax/build/src/longRunningCalls/longrunning) / TsDeclClass(Operation))] 
[info ] ExpandTypeParams.scala:61 Expanding 1 members for TsIdentSimple(startPolling_) [id => google-gax, phase => typescript, scope => TreeScope(TsParsedFile() / TsDeclModule(google-gax/build/src/longRunningCalls/longrunning) / TsDeclClass(Operation))] 
[info ] ExpandTypeParams.scala:61 Expanding 1 members for TsIdentSimple(promise) [id => google-gax, phase => typescript, scope => TreeScope(TsParsedFile() / TsDeclModule(google-gax/build/src/longRunningCalls/longrunning) / TsDeclClass(Operation))] 
[info ] ExpandTypeParams.scala:61 Expanding 1 members for TsIdentSimple(init) [id => google-gax, phase => typescript, scope => TreeScope(TsParsedFile() / TsDeclModule(google-gax/build/src/normalCalls/normalApiCaller) / TsDeclClass(NormalApiCaller))] 
[info ] ExpandTypeParams.scala:61 Expanding 1 members for TsIdentSimple(wrap) [id => google-gax, phase => typescript, scope => TreeScope(TsParsedFile() / TsDeclModule(google-gax/build/src/normalCalls/normalApiCaller) / TsDeclClass(NormalApiCaller))] 
[info ] ExpandTypeParams.scala:61 Expanding 1 members for TsIdentSimple(call) [id => google-gax, phase => typescript, scope => TreeScope(TsParsedFile() / TsDeclModule(google-gax/build/src/normalCalls/normalApiCaller) / TsDeclClass(NormalApiCaller))] 
[info ] ExpandTypeParams.scala:61 Expanding 1 members for TsIdentSimple(fail) [id => google-gax, phase => typescript, scope => TreeScope(TsParsedFile() / TsDeclModule(google-gax/build/src/normalCalls/normalApiCaller) / TsDeclClass(NormalApiCaller))] 
[info ] ExpandTypeParams.scala:61 Expanding 1 members for TsIdentSimple(result) [id => google-gax, phase => typescript, scope => TreeScope(TsParsedFile() / TsDeclModule(google-gax/build/src/normalCalls/normalApiCaller) / TsDeclClass(NormalApiCaller))] 
[info ] ExpandTypeParams.scala:61 Expanding 1 members for TsIdentSimple(constructor) [id => google-gax, phase => typescript, scope => TreeScope(TsParsedFile() / TsDeclModule(google-gax/build/src/operationsClient) / TsDeclClass(OperationsClient))] 
[info ] ExpandTypeParams.scala:61 Expanding 1 members for TsIdentSimple(getProjectId) [id => google-gax, phase => typescript, scope => TreeScope(TsParsedFile() / TsDeclModule(google-gax/build/src/operationsClient) / TsDeclClass(OperationsClient))] 
[info ] ExpandTypeParams.scala:61 Expanding 1 members for TsIdentSimple(getProjectId) [id => google-gax, phase => typescript, scope => TreeScope(TsParsedFile() / TsDeclModule(google-gax/build/src/operationsClient) / TsDeclClass(OperationsClient))] 
[info ] ExpandTypeParams.scala:61 Expanding 1 members for TsIdentSimple(getOperation) [id => google-gax, phase => typescript, scope => TreeScope(TsParsedFile() / TsDeclModule(google-gax/build/src/operationsClient) / TsDeclClass(OperationsClient))] 
[info ] ExpandTypeParams.scala:61 Expanding 1 members for TsIdentSimple(listOperations) [id => google-gax, phase => typescript, scope => TreeScope(TsParsedFile() / TsDeclModule(google-gax/build/src/operationsClient) / TsDeclClass(OperationsClient))] 
[info ] ExpandTypeParams.scala:61 Expanding 1 members for TsIdentSimple(listOperationsStream) [id => google-gax, phase => typescript, scope => TreeScope(TsParsedFile() / TsDeclModule(google-gax/build/src/operationsClient) / TsDeclClass(OperationsClient))] 
[info ] ExpandTypeParams.scala:61 Expanding 1 members for TsIdentSimple(cancelOperation) [id => google-gax, phase => typescript, scope => TreeScope(TsParsedFile() / TsDeclModule(google-gax/build/src/operationsClient) / TsDeclClass(OperationsClient))] 
[info ] ExpandTypeParams.scala:61 Expanding 1 members for TsIdentSimple(deleteOperation) [id => google-gax, phase => typescript, scope => TreeScope(TsParsedFile() / TsDeclModule(google-gax/build/src/operationsClient) / TsDeclClass(OperationsClient))] 
[info ] ExpandTypeParams.scala:61 Expanding 1 members for TsIdentSimple(operationsClient) [id => google-gax, phase => typescript, scope => TreeScope(TsParsedFile() / TsDeclModule(google-gax/build/src/operationsClient) / TsDeclClass(OperationsClientBuilder))] 
[info ] ExpandTypeParams.scala:61 Expanding 1 members for TsIdentSimple(constructor) [id => google-gax, phase => typescript, scope => TreeScope(TsParsedFile() / TsDeclModule(google-gax/build/src/operationsClient) / TsDeclClass(OperationsClientBuilder))] 
[info ] ExpandTypeParams.scala:61 Expanding 1 members for TsIdentSimple(constructor) [id => google-gax, phase => typescript, scope => TreeScope(TsParsedFile() / TsDeclModule(google-gax/build/src/paginationCalls/pageDescriptor) / TsDeclClass(PageDescriptor))] 
[info ] ExpandTypeParams.scala:61 Expanding 1 members for TsIdentSimple(createStream) [id => google-gax, phase => typescript, scope => TreeScope(TsParsedFile() / TsDeclModule(google-gax/build/src/paginationCalls/pageDescriptor) / TsDeclClass(PageDescriptor))] 
[info ] ExpandTypeParams.scala:61 Expanding 1 members for TsIdentSimple(getApiCaller) [id => google-gax, phase => typescript, scope => TreeScope(TsParsedFile() / TsDeclModule(google-gax/build/src/paginationCalls/pageDescriptor) / TsDeclClass(PageDescriptor))] 
[info ] ExpandTypeParams.scala:61 Expanding 1 members for TsIdentSimple(constructor) [id => google-gax, phase => typescript, scope => TreeScope(TsParsedFile() / TsDeclModule(google-gax/build/src/pathTemplate) / TsDeclClass(PathTemplate))] 
[info ] ExpandTypeParams.scala:61 Expanding 1 members for TsIdentSimple(match) [id => google-gax, phase => typescript, scope => TreeScope(TsParsedFile() / TsDeclModule(google-gax/build/src/pathTemplate) / TsDeclClass(PathTemplate))] 
[info ] ExpandTypeParams.scala:61 Expanding 1 members for TsIdentSimple(render) [id => google-gax, phase => typescript, scope => TreeScope(TsParsedFile() / TsDeclModule(google-gax/build/src/pathTemplate) / TsDeclClass(PathTemplate))] 
[info ] ExpandTypeParams.scala:61 Expanding 1 members for TsIdentSimple(inspect) [id => google-gax, phase => typescript, scope => TreeScope(TsParsedFile() / TsDeclModule(google-gax/build/src/pathTemplate) / TsDeclClass(PathTemplate))] 
[info ] ExpandTypeParams.scala:74 Expanding 1 members for TsIdentSimple(fromParams) [id => google-gax, phase => typescript, scope => TreeScope(TsParsedFile() / TsDeclModule(google-gax/build/src/routingHeader))] 
[info ] ExpandTypeParams.scala:61 Expanding 1 members for TsIdentSimple(constructor) [id => google-gax, phase => typescript, scope => TreeScope(TsParsedFile() / TsDeclModule(google-gax/build/src/streamingCalls/streamDescriptor) / TsDeclClass(StreamDescriptor))] 
[info ] ExpandTypeParams.scala:61 Expanding 1 members for TsIdentSimple(getApiCaller) [id => google-gax, phase => typescript, scope => TreeScope(TsParsedFile() / TsDeclModule(google-gax/build/src/streamingCalls/streamDescriptor) / TsDeclClass(StreamDescriptor))] 
[info ] ExpandTypeParams.scala:61 Expanding 1 members for TsIdentSimple(setWritable) [id => google-gax, phase => typescript, scope => TreeScope(TsParsedFile() / TsDeclModule(google-gax/build/src/streamingCalls/streaming) / TsDeclInterface(Duplexify))] 
[info ] ExpandTypeParams.scala:61 Expanding 1 members for TsIdentSimple(setReadable) [id => google-gax, phase => typescript, scope => TreeScope(TsParsedFile() / TsDeclModule(google-gax/build/src/streamingCalls/streaming) / TsDeclInterface(Duplexify))] 
[info ] ExpandTypeParams.scala:61 Expanding 1 members for TsIdentSimple(obj) [id => google-gax, phase => typescript, scope => TreeScope(TsParsedFile() / TsDeclModule(google-gax/build/src/streamingCalls/streaming) / TsDeclInterface(DuplexifyConstructor))] 
[info ] ExpandTypeParams.scala:53 Expanding 1 call members [id => google-gax, phase => typescript, scope => TreeScope(TsParsedFile() / TsDeclModule(google-gax/build/src/streamingCalls/streaming) / TsDeclInterface(DuplexifyConstructor))] 
[info ] ExpandTypeParams.scala:61 Expanding 1 members for TsIdentSimple(constructor) [id => google-gax, phase => typescript, scope => TreeScope(TsParsedFile() / TsDeclModule(google-gax/build/src/streamingCalls/streaming) / TsDeclClass(StreamProxy))] 
[info ] ExpandTypeParams.scala:61 Expanding 1 members for TsIdentSimple(cancel) [id => google-gax, phase => typescript, scope => TreeScope(TsParsedFile() / TsDeclModule(google-gax/build/src/streamingCalls/streaming) / TsDeclClass(StreamProxy))] 
[info ] ExpandTypeParams.scala:61 Expanding 1 members for TsIdentSimple(forwardEvents) [id => google-gax, phase => typescript, scope => TreeScope(TsParsedFile() / TsDeclModule(google-gax/build/src/streamingCalls/streaming) / TsDeclClass(StreamProxy))] 
[info ] ExpandTypeParams.scala:61 Expanding 1 members for TsIdentSimple(setStream) [id => google-gax, phase => typescript, scope => TreeScope(TsParsedFile() / TsDeclModule(google-gax/build/src/streamingCalls/streaming) / TsDeclClass(StreamProxy))] 
[info ] ExtractInterfaces.scala:41 Extracted anonymous interface TsIdentSimple(Anon_Deadline) [id => google-gax, phase => typescript, scope => TreeScope(TsParsedFile() / TsDeclModule(google-gax/build/src/apitypes) / TsDeclInterface(GRPCCallOtherArgs) / TsMemberProperty(options) / TsTypeObject())] 
[info ] ExtractInterfaces.scala:41 Extracted anonymous interface TsIdentSimple(TypeofClassChannelCredentials) [id => google-gax, phase => typescript, scope => TreeScope(TsParsedFile() / TsDeclModule(google-gax/build/src/grpc) / TsDeclInterface(GrpcModule) / TsMemberProperty(ChannelCredentials) / TsTypeObject())] 
[info ] ExtractInterfaces.scala:41 Extracted anonymous interface TsIdentSimple(TypeofClassMetadata) [id => google-gax, phase => typescript, scope => TreeScope(TsParsedFile() / TsDeclModule(google-gax/build/src/grpc) / TsDeclInterface(GrpcModule) / TsMemberProperty(Metadata) / TsTypeObject())] 
[info ] ExtractInterfaces.scala:41 Extracted anonymous interface TsIdentSimple(TypeofClassServerCredentials) [id => google-gax, phase => typescript, scope => TreeScope(TsParsedFile() / TsDeclModule(google-gax/build/src/grpc) / TsDeclInterface(GrpcModule) / TsMemberProperty(ServerCredentials) / TsTypeObject())] 
[info ] ExtractInterfaces.scala:41 Extracted anonymous interface TsIdentSimple(TypeofClassCallCredentials) [id => google-gax, phase => typescript, scope => TreeScope(TsParsedFile() / TsDeclModule(google-gax/build/src/grpc) / TsDeclInterface(GrpcModule) / TsMemberProperty(CallCredentials) / TsTypeObject())] 
[info ] ExtractInterfaces.scala:41 Extracted anonymous interface TsIdentSimple(Anon_Finish) [id => google-gax, phase => typescript, scope => TreeScope(TsParsedFile() / TsDeclModule(google-gax/build/src/grpc) / TsDeclClass(GrpcClient) / TsMemberFunction(createByteLengthFunction) / TsFunSig() / TsFunParam() / TsTypeObject() / TsMemberFunction(encode) / TsFunSig() / TsTypeObject())] 
[info ] ExtractInterfaces.scala:41 Extracted anonymous interface TsIdentSimple(Anon_Encode) [id => google-gax, phase => typescript, scope => TreeScope(TsParsedFile() / TsDeclModule(google-gax/build/src/grpc) / TsDeclClass(GrpcClient) / TsMemberFunction(createByteLengthFunction) / TsFunSig() / TsFunParam() / TsTypeObject())] 
[info ] ExtractInterfaces.scala:41 Extracted anonymous interface TsIdentSimple(Anon_Finish) [id => google-gax, phase => typescript, scope => TreeScope(TsParsedFile() / TsDeclModule(google-gax) / TsDeclClass(GrpcClient) / TsMemberFunction(createByteLengthFunction) / TsFunSig() / TsFunParam() / TsTypeObject() / TsMemberFunction(encode) / TsFunSig() / TsTypeObject())] 
[info ] ExtractInterfaces.scala:41 Extracted anonymous interface TsIdentSimple(Anon_Encode) [id => google-gax, phase => typescript, scope => TreeScope(TsParsedFile() / TsDeclModule(google-gax) / TsDeclClass(GrpcClient) / TsMemberFunction(createByteLengthFunction) / TsFunSig() / TsFunParam() / TsTypeObject())] 
[info ] ExtractInterfaces.scala:41 Extracted anonymous interface TsIdentSimple(Anon_Value) [id => google-gax, phase => typescript, scope => TreeScope(TsParsedFile() / TsDeclModule(google-gax/build/src/longRunningCalls/longrunning) / TsDeclClass(Operation) / TsMemberProperty(response) / TsTypeObject())] 
[info ] ExpandCallables.scala:48 Expanded _apiCall into 1 methods [id => google-gax, phase => typescript, scope => TreeScope(TsParsedFile() / TsDeclModule(google-gax/build/src/bundlingCalls/task) / TsDeclClass(Task))] 
[info ] ExpandCallables.scala:48 Expanded responseDecoder into 1 methods [id => google-gax, phase => typescript, scope => TreeScope(TsParsedFile() / TsDeclModule(google-gax/build/src/longRunningCalls/longRunningDescriptor) / TsDeclClass(LongRunningDescriptor))] 
[info ] ExpandCallables.scala:48 Expanded metadataDecoder into 1 methods [id => google-gax, phase => typescript, scope => TreeScope(TsParsedFile() / TsDeclModule(google-gax/build/src/longRunningCalls/longRunningDescriptor) / TsDeclClass(LongRunningDescriptor))] 
[debug] PhaseRunner.scala:84 Success [id => google-gax, phase => typescript] 
[warn ] Phase2ToScalaJs.scala:43 Processing google-gax [id => google-gax, phase => scala.js] 
[info ] CompleteClass.scala:65 Completed implementations Vector(getApiCaller) [id => google-gax, phase => scala.js, this => Name(typings) / Name(googleDashGax) / Name(buildSrcBundlingCallsBundleDescriptorMod) / Name(BundleDescriptor)] 
[info ] CompleteClass.scala:65 Completed implementations Vector(message, name) [id => google-gax, phase => scala.js, this => Name(typings) / Name(googleDashGax) / Name(buildSrcGoogleErrorMod) / Name(GoogleError)] 
[info ] CompleteClass.scala:65 Completed implementations Vector(getApiCaller) [id => google-gax, phase => scala.js, this => Name(typings) / Name(googleDashGax) / Name(buildSrcLongRunningCallsLongRunningDescriptorMod) / Name(LongRunningDescriptor)] 
[info ] CompleteClass.scala:65 Completed implementations Vector(getApiCaller) [id => google-gax, phase => scala.js, this => Name(typings) / Name(googleDashGax) / Name(buildSrcPaginationCallsPageDescriptorMod) / Name(PageDescriptor)] 
[info ] CompleteClass.scala:65 Completed implementations Vector(getApiCaller) [id => google-gax, phase => scala.js, this => Name(typings) / Name(googleDashGax) / Name(buildSrcStreamingCallsStreamDescriptorMod) / Name(StreamDescriptor)] 
[info ] CompleteClass.scala:65 Completed implementations Vector(cancel) [id => google-gax, phase => scala.js, this => Name(typings) / Name(googleDashGax) / Name(buildSrcStreamingCallsStreamingMod) / Name(StreamProxy)] 
[debug] PhaseRunner.scala:84 Success [id => google-gax, phase => scala.js] 
[warn ] PhaseRunner.scala:70 Failed because of, [@grpc/grpc-js => Compilation failed] [id => google-gax, phase => build] 
[error] PhaseRunner.scala:88 Failure, [@grpc/grpc-js => Compilation failed] [id => google-gax, phase => build] 
[error] PhaseRunner.scala:88 Failure, [@grpc/grpc-js => Compilation failed] [id => google-gax, phase => publish] 
