[debug] PhaseRunner.scala:82 Success [id => google-adwords-scripts, phase => typescript] 
[info ] Phase1ReadTypescript.scala:163 Preprocessing TsHelperFile(InFile(/home/tso/tmp/tso-cache/DefinitelyTyped/types/google-adwords-scripts/index.d.ts),FromFolder(InFolder(/home/tso/tmp/tso-cache/DefinitelyTyped/types/google-adwords-scripts),TsIdentLibrarySimple(google-adwords-scripts)),TsIdentModule(None,List(google-adwords-scripts))) [id => google-adwords-scripts, phase => typescript] 
[warn ] Phase1ReadTypescript.scala:209 Processing TsIdentLibrarySimple(google-adwords-scripts) [id => google-adwords-scripts, phase => typescript] 
[info ] ExtractInterfaces.scala:37 Extracted anonymous interface TsIdentSimple(Anon_Address) [id => google-adwords-scripts, phase => typescript, scope => TreeScope(TsParsedFile() / TsDeclInterface(Campaign) / TsMemberFunction(addProximity) / TsFunSig() / TsFunParam() / TsTypeObject())] 
[info ] ExtractInterfaces.scala:37 Extracted anonymous interface TsIdentSimple(Anon_Id) [id => google-adwords-scripts, phase => typescript, scope => TreeScope(TsParsedFile() / TsDeclInterface(Campaign) / TsMemberFunction(excludeLocation) / TsFunSig() / TsFunParam() / TsTypeUnion() / TsTypeObject())] 
[debug] PhaseRunner.scala:82 Success [id => google-adwords-scripts, phase => typescript] 
[warn ] Phase2ToScalaJs.scala:40 Processing google-adwords-scripts [id => google-adwords-scripts, phase => scala.js] 
[debug] PhaseRunner.scala:82 Success [id => google-adwords-scripts, phase => scala.js] 
[error] PhaseRes.scala:76 Caught exception: Futures timed out after [2 seconds] [id => google-adwords-scripts, phase => build] java.util.concurrent.TimeoutException: Futures timed out after [2 seconds]
	at scala.concurrent.impl.Promise$DefaultPromise.ready(Promise.scala:259)
	at scala.concurrent.impl.Promise$DefaultPromise.result(Promise.scala:263)
	at scala.concurrent.Await$.$anonfun$result$1(package.scala:219)
	at scala.concurrent.BlockContext$DefaultBlockContext$.blockOn(BlockContext.scala:57)
	at scala.concurrent.Await$.result(package.scala:146)
	at com.olvind.tso.importer.Phase3CompileBloop.$anonfun$apply$12(Phase3CompileBloop.scala:131)
	at com.olvind.tso.phases.PhaseRes.flatMap(PhaseRes.scala:23)
	at com.olvind.tso.phases.PhaseRes.flatMap$(PhaseRes.scala:21)
	at com.olvind.tso.phases.PhaseRes$Ok.flatMap(PhaseRes.scala:30)
	at com.olvind.tso.importer.Phase3CompileBloop.apply(Phase3CompileBloop.scala:127)
	at com.olvind.tso.importer.Phase3CompileBloop.apply(Phase3CompileBloop.scala:29)
	at com.olvind.tso.phases.PhaseRunner$.$anonfun$doNext$5(PhaseRunner.scala:76)
	at com.olvind.tso.phases.PhaseRes$.attempt(PhaseRes.scala:71)
	at com.olvind.tso.phases.PhaseRunner$.$anonfun$doNext$4(PhaseRunner.scala:76)
	at com.olvind.tso.phases.PhaseRes.flatMap(PhaseRes.scala:23)
	at com.olvind.tso.phases.PhaseRes.flatMap$(PhaseRes.scala:21)
	at com.olvind.tso.phases.PhaseRes$Ok.flatMap(PhaseRes.scala:30)
	at com.olvind.tso.phases.PhaseRunner$.$anonfun$doNext$1(PhaseRunner.scala:76)
	at com.olvind.tso.phases.PhaseRunner$.$anonfun$doNext$1$adapted(PhaseRunner.scala:47)
	at com.olvind.tso.phases.PhaseCache.$anonfun$getOrElse$1(PhaseCache.scala:40)
	at scala.Option.foreach(Option.scala:274)
	at com.olvind.tso.phases.PhaseCache.getOrElse(PhaseCache.scala:39)
	at com.olvind.tso.phases.PhaseRunner$.doNext(PhaseRunner.scala:47)
	at com.olvind.tso.phases.PhaseRunner$.go(PhaseRunner.scala:28)
	at com.olvind.tso.phases.PhaseRunner$.$anonfun$doNext$1(PhaseRunner.scala:52)
	at com.olvind.tso.phases.PhaseRunner$.$anonfun$doNext$1$adapted(PhaseRunner.scala:47)
	at com.olvind.tso.phases.PhaseCache.$anonfun$getOrElse$1(PhaseCache.scala:40)
	at scala.Option.foreach(Option.scala:274)
	at com.olvind.tso.phases.PhaseCache.getOrElse(PhaseCache.scala:39)
	at com.olvind.tso.phases.PhaseRunner$.doNext(PhaseRunner.scala:47)
	at com.olvind.tso.phases.PhaseRunner$.go(PhaseRunner.scala:28)
	at com.olvind.tso.importer.Main$.$anonfun$results$1(Main.scala:213)
	at scala.collection.parallel.AugmentedIterableIterator.map2combiner(RemainsIterator.scala:116)
	at scala.collection.parallel.AugmentedIterableIterator.map2combiner$(RemainsIterator.scala:113)
	at scala.collection.parallel.immutable.ParVector$ParVectorIterator.map2combiner(ParVector.scala:66)
	at scala.collection.parallel.ParIterableLike$Map.leaf(ParIterableLike.scala:1056)
	at scala.collection.parallel.Task.$anonfun$tryLeaf$1(Tasks.scala:53)
	at scala.runtime.java8.JFunction0$mcV$sp.apply(JFunction0$mcV$sp.java:23)
	at scala.util.control.Breaks$$anon$1.catchBreak(Breaks.scala:67)
	at scala.collection.parallel.Task.tryLeaf(Tasks.scala:56)
	at scala.collection.parallel.Task.tryLeaf$(Tasks.scala:50)
	at scala.collection.parallel.ParIterableLike$Map.tryLeaf(ParIterableLike.scala:1053)
	at scala.collection.parallel.AdaptiveWorkStealingTasks$WrappedTask.compute(Tasks.scala:153)
	at scala.collection.parallel.AdaptiveWorkStealingTasks$WrappedTask.compute$(Tasks.scala:149)
	at scala.collection.parallel.AdaptiveWorkStealingForkJoinTasks$WrappedTask.compute(Tasks.scala:440)
	at java.util.concurrent.RecursiveAction.exec(RecursiveAction.java:189)
	at java.util.concurrent.ForkJoinTask.doExec(ForkJoinTask.java:289)
	at java.util.concurrent.ForkJoinTask.doJoin(ForkJoinTask.java:389)
	at java.util.concurrent.ForkJoinTask.join(ForkJoinTask.java:719)
	at scala.collection.parallel.ForkJoinTasks$WrappedTask.sync(Tasks.scala:379)
	at scala.collection.parallel.ForkJoinTasks$WrappedTask.sync$(Tasks.scala:379)
	at scala.collection.parallel.AdaptiveWorkStealingForkJoinTasks$WrappedTask.sync(Tasks.scala:440)
	at scala.collection.parallel.ForkJoinTasks.executeAndWaitResult(Tasks.scala:423)
	at scala.collection.parallel.ForkJoinTasks.executeAndWaitResult$(Tasks.scala:416)
	at scala.collection.parallel.ForkJoinTaskSupport.executeAndWaitResult(TaskSupport.scala:60)
	at scala.collection.parallel.ParIterableLike$ResultMapping.leaf(ParIterableLike.scala:960)
	at scala.collection.parallel.Task.$anonfun$tryLeaf$1(Tasks.scala:53)
	at scala.runtime.java8.JFunction0$mcV$sp.apply(JFunction0$mcV$sp.java:23)
	at scala.util.control.Breaks$$anon$1.catchBreak(Breaks.scala:67)
	at scala.collection.parallel.Task.tryLeaf(Tasks.scala:56)
	at scala.collection.parallel.Task.tryLeaf$(Tasks.scala:50)
	at scala.collection.parallel.ParIterableLike$ResultMapping.tryLeaf(ParIterableLike.scala:955)
	at scala.collection.parallel.AdaptiveWorkStealingTasks$WrappedTask.compute(Tasks.scala:153)
	at scala.collection.parallel.AdaptiveWorkStealingTasks$WrappedTask.compute$(Tasks.scala:149)
	at scala.collection.parallel.AdaptiveWorkStealingForkJoinTasks$WrappedTask.compute(Tasks.scala:440)
	at java.util.concurrent.RecursiveAction.exec(RecursiveAction.java:189)
	at java.util.concurrent.ForkJoinTask.doExec(ForkJoinTask.java:289)
	at java.util.concurrent.ForkJoinPool$WorkQueue.runTask(ForkJoinPool.java:1056)
	at java.util.concurrent.ForkJoinPool.runWorker(ForkJoinPool.java:1692)
	at java.util.concurrent.ForkJoinWorkerThread.run(ForkJoinWorkerThread.java:157)

[error] PhaseRunner.scala:86 Failure, [google-adwords-scripts => java.util.concurrent.TimeoutException: Futures timed out after [2 seconds]] [id => google-adwords-scripts, phase => build] 
[error] PhaseRunner.scala:86 Failure, [google-adwords-scripts => java.util.concurrent.TimeoutException: Futures timed out after [2 seconds]] [id => google-adwords-scripts, phase => publish] 
[warn ] Npmjs.scala:106 Could't fetch metadata for TsIdentLibrarySimple(google-adwords-scripts) [id => google-adwords-scripts, phase => build] gigahorse.StatusError: Unexpected status: 404
	at gigahorse.StatusError$.apply(StatusError.scala:29)
	at gigahorse.support.okhttp.OkHandler.onStatusReceived(OkHandler.scala:26)
	at gigahorse.support.okhttp.OkHandler.onStatusReceived$(OkHandler.scala:23)
	at gigahorse.support.okhttp.OkHandler$FullOkHandler.onStatusReceived(OkHandler.scala:31)
	at gigahorse.support.okhttp.OkhClient$$anon$1.onResponse(OkhClient.scala:163)
	at okhttp3.RealCall$AsyncCall.execute(RealCall.java:141)
	at okhttp3.internal.NamedRunnable.run(NamedRunnable.java:32)
	at java.util.concurrent.ThreadPoolExecutor.runWorker(ThreadPoolExecutor.java:1149)
	at java.util.concurrent.ThreadPoolExecutor$Worker.run(ThreadPoolExecutor.java:624)
	at java.lang.Thread.run(Thread.java:748)

