[info ] InferredDependency.scala:20 Inferred dependencies Set(TsIdentLibrarySimple(node)) for TsIdentLibraryScoped(google-cloud,Some(pubsub)) [id => @google-cloud/pubsub, phase => typescript, file => ../build/src/iam.d.ts] 
[debug] PhaseRunner.scala:82 Success [id => @google-cloud/pubsub, phase => typescript] 
[info ] InferredDependency.scala:20 Inferred dependencies Set(TsIdentLibrarySimple(node)) for TsIdentLibraryScoped(google-cloud,Some(pubsub)) [id => @google-cloud/pubsub, phase => typescript, file => ../build/src/pubsub.d.ts] 
[debug] PhaseRunner.scala:82 Success [id => @google-cloud/pubsub, phase => typescript] 
[info ] InferredDependency.scala:20 Inferred dependencies Set(TsIdentLibrarySimple(node)) for TsIdentLibraryScoped(google-cloud,Some(pubsub)) [id => @google-cloud/pubsub, phase => typescript, file => ../build/src/publisher.d.ts] 
[debug] PhaseRunner.scala:90 Ignored [id => @google-cloud/pubsub, phase => typescript] 
[info ] InferredDependency.scala:20 Inferred dependencies Set(TsIdentLibrarySimple(node)) for TsIdentLibraryScoped(google-cloud,Some(pubsub)) [id => @google-cloud/pubsub, phase => typescript, file => ../build/src/topic.d.ts] 
[debug] PhaseRunner.scala:90 Ignored [id => @google-cloud/pubsub, phase => typescript] 
[debug] PhaseRunner.scala:90 Ignored [id => @google-cloud/pubsub, phase => typescript] 
[info ] InferredDependency.scala:20 Inferred dependencies Set(TsIdentLibrarySimple(node)) for TsIdentLibraryScoped(google-cloud,Some(pubsub)) [id => @google-cloud/pubsub, phase => typescript, file => ../build/src/subscription.d.ts] 
[info ] InferredDependency.scala:20 Inferred dependencies Set(TsIdentLibrarySimple(node)) for TsIdentLibraryScoped(google-cloud,Some(pubsub)) [id => @google-cloud/pubsub, phase => typescript, file => ../build/src/lease-manager.d.ts] 
[info ] InferredDependency.scala:20 Inferred dependencies Set(TsIdentLibrarySimple(node)) for TsIdentLibraryScoped(google-cloud,Some(pubsub)) [id => @google-cloud/pubsub, phase => typescript, file => ../build/src/subscriber.d.ts] 
[debug] PhaseRunner.scala:90 Ignored [id => @google-cloud/pubsub, phase => typescript] 
[info ] InferredDependency.scala:20 Inferred dependencies Set(TsIdentLibrarySimple(node)) for TsIdentLibraryScoped(google-cloud,Some(pubsub)) [id => @google-cloud/pubsub, phase => typescript, file => ../build/src/message-queues.d.ts] 
[debug] PhaseRunner.scala:90 Ignored [id => @google-cloud/pubsub, phase => typescript] 
[warn ] PhaseRunner.scala:68 Failed because of, [@grpc/grpc-js => InFile(/home/tso/tmp/tso-cache/npm/node_modules/@grpc/grpc-js/build/src/client.d.ts): Parse error at 28.16 end of input expected] [id => @google-cloud/pubsub, phase => typescript] 
[error] PhaseRunner.scala:86 Failure, [@grpc/grpc-js => InFile(/home/tso/tmp/tso-cache/npm/node_modules/@grpc/grpc-js/build/src/client.d.ts): Parse error at 28.16 end of input expected] [id => @google-cloud/pubsub, phase => typescript] 
[info ] InferredDependency.scala:20 Inferred dependencies Set(TsIdentLibrarySimple(node)) for TsIdentLibraryScoped(google-cloud,Some(pubsub)) [id => @google-cloud/pubsub, phase => typescript, file => ../build/src/message-stream.d.ts] 
[debug] PhaseRunner.scala:82 Success [id => @google-cloud/pubsub, phase => typescript] 
[debug] PhaseRunner.scala:90 Ignored [id => @google-cloud/pubsub, phase => typescript] 
[warn ] PhaseRunner.scala:68 Failed because of, [@grpc/grpc-js => InFile(/home/tso/tmp/tso-cache/npm/node_modules/@grpc/grpc-js/build/src/client.d.ts): Parse error at 28.16 end of input expected] [id => @google-cloud/pubsub, phase => typescript] 
[error] PhaseRunner.scala:86 Failure, [@grpc/grpc-js => InFile(/home/tso/tmp/tso-cache/npm/node_modules/@grpc/grpc-js/build/src/client.d.ts): Parse error at 28.16 end of input expected] [id => @google-cloud/pubsub, phase => typescript] 
[warn ] PhaseRunner.scala:68 Failed because of, [@grpc/grpc-js => InFile(/home/tso/tmp/tso-cache/npm/node_modules/@grpc/grpc-js/build/src/client.d.ts): Parse error at 28.16 end of input expected] [id => @google-cloud/pubsub, phase => typescript] 
[error] PhaseRunner.scala:86 Failure, [@grpc/grpc-js => InFile(/home/tso/tmp/tso-cache/npm/node_modules/@grpc/grpc-js/build/src/client.d.ts): Parse error at 28.16 end of input expected] [id => @google-cloud/pubsub, phase => typescript] 
[debug] PhaseRunner.scala:90 Ignored [id => @google-cloud/pubsub, phase => typescript] 
[debug] PhaseRunner.scala:90 Ignored [id => @google-cloud/pubsub, phase => typescript] 
[warn ] PhaseRunner.scala:68 Failed because of, [@grpc/grpc-js => InFile(/home/tso/tmp/tso-cache/npm/node_modules/@grpc/grpc-js/build/src/client.d.ts): Parse error at 28.16 end of input expected] [id => @google-cloud/pubsub, phase => typescript] 
[error] PhaseRunner.scala:86 Failure, [@grpc/grpc-js => InFile(/home/tso/tmp/tso-cache/npm/node_modules/@grpc/grpc-js/build/src/client.d.ts): Parse error at 28.16 end of input expected] [id => @google-cloud/pubsub, phase => typescript] 
[warn ] PhaseRunner.scala:68 Failed because of, [@grpc/grpc-js => InFile(/home/tso/tmp/tso-cache/npm/node_modules/@grpc/grpc-js/build/src/client.d.ts): Parse error at 28.16 end of input expected] [id => @google-cloud/pubsub, phase => typescript] 
[error] PhaseRunner.scala:86 Failure, [@grpc/grpc-js => InFile(/home/tso/tmp/tso-cache/npm/node_modules/@grpc/grpc-js/build/src/client.d.ts): Parse error at 28.16 end of input expected] [id => @google-cloud/pubsub, phase => typescript] 
[warn ] PhaseRunner.scala:68 Failed because of, [@grpc/grpc-js => InFile(/home/tso/tmp/tso-cache/npm/node_modules/@grpc/grpc-js/build/src/client.d.ts): Parse error at 28.16 end of input expected] [id => @google-cloud/pubsub, phase => typescript] 
[error] PhaseRunner.scala:86 Failure, [@grpc/grpc-js => InFile(/home/tso/tmp/tso-cache/npm/node_modules/@grpc/grpc-js/build/src/client.d.ts): Parse error at 28.16 end of input expected] [id => @google-cloud/pubsub, phase => typescript] 
[warn ] PhaseRunner.scala:68 Failed because of, [@grpc/grpc-js => InFile(/home/tso/tmp/tso-cache/npm/node_modules/@grpc/grpc-js/build/src/client.d.ts): Parse error at 28.16 end of input expected] [id => @google-cloud/pubsub, phase => typescript] 
[error] PhaseRunner.scala:86 Failure, [@grpc/grpc-js => InFile(/home/tso/tmp/tso-cache/npm/node_modules/@grpc/grpc-js/build/src/client.d.ts): Parse error at 28.16 end of input expected] [id => @google-cloud/pubsub, phase => typescript] 
[warn ] PhaseRunner.scala:68 Failed because of, [@grpc/grpc-js => InFile(/home/tso/tmp/tso-cache/npm/node_modules/@grpc/grpc-js/build/src/client.d.ts): Parse error at 28.16 end of input expected] [id => @google-cloud/pubsub, phase => typescript] 
[error] PhaseRunner.scala:86 Failure, [@grpc/grpc-js => InFile(/home/tso/tmp/tso-cache/npm/node_modules/@grpc/grpc-js/build/src/client.d.ts): Parse error at 28.16 end of input expected] [id => @google-cloud/pubsub, phase => typescript] 
[warn ] PhaseRunner.scala:68 Failed because of, [@grpc/grpc-js => InFile(/home/tso/tmp/tso-cache/npm/node_modules/@grpc/grpc-js/build/src/client.d.ts): Parse error at 28.16 end of input expected] [id => @google-cloud/pubsub, phase => typescript] 
[error] PhaseRunner.scala:86 Failure, [@grpc/grpc-js => InFile(/home/tso/tmp/tso-cache/npm/node_modules/@grpc/grpc-js/build/src/client.d.ts): Parse error at 28.16 end of input expected] [id => @google-cloud/pubsub, phase => typescript] 
[warn ] PhaseRunner.scala:68 Failed because of, [@grpc/grpc-js => InFile(/home/tso/tmp/tso-cache/npm/node_modules/@grpc/grpc-js/build/src/client.d.ts): Parse error at 28.16 end of input expected] [id => @google-cloud/pubsub, phase => typescript] 
[error] PhaseRunner.scala:86 Failure, [@grpc/grpc-js => InFile(/home/tso/tmp/tso-cache/npm/node_modules/@grpc/grpc-js/build/src/client.d.ts): Parse error at 28.16 end of input expected] [id => @google-cloud/pubsub, phase => typescript] 
[warn ] PhaseRunner.scala:68 Failed because of, [@grpc/grpc-js => InFile(/home/tso/tmp/tso-cache/npm/node_modules/@grpc/grpc-js/build/src/client.d.ts): Parse error at 28.16 end of input expected] [id => @google-cloud/pubsub, phase => typescript] 
[error] PhaseRunner.scala:86 Failure, [@grpc/grpc-js => InFile(/home/tso/tmp/tso-cache/npm/node_modules/@grpc/grpc-js/build/src/client.d.ts): Parse error at 28.16 end of input expected] [id => @google-cloud/pubsub, phase => typescript] 
[warn ] PhaseRunner.scala:68 Failed because of, [@grpc/grpc-js => InFile(/home/tso/tmp/tso-cache/npm/node_modules/@grpc/grpc-js/build/src/client.d.ts): Parse error at 28.16 end of input expected] [id => @google-cloud/pubsub, phase => typescript] 
[error] PhaseRunner.scala:86 Failure, [@grpc/grpc-js => InFile(/home/tso/tmp/tso-cache/npm/node_modules/@grpc/grpc-js/build/src/client.d.ts): Parse error at 28.16 end of input expected] [id => @google-cloud/pubsub, phase => typescript] 
[error] PhaseRunner.scala:86 Failure, [@grpc/grpc-js => InFile(/home/tso/tmp/tso-cache/npm/node_modules/@grpc/grpc-js/build/src/client.d.ts): Parse error at 28.16 end of input expected] [id => @google-cloud/pubsub, phase => scala.js] 
[error] PhaseRunner.scala:86 Failure, [@grpc/grpc-js => InFile(/home/tso/tmp/tso-cache/npm/node_modules/@grpc/grpc-js/build/src/client.d.ts): Parse error at 28.16 end of input expected] [id => @google-cloud/pubsub, phase => build] 
[error] PhaseRunner.scala:86 Failure, [@grpc/grpc-js => InFile(/home/tso/tmp/tso-cache/npm/node_modules/@grpc/grpc-js/build/src/client.d.ts): Parse error at 28.16 end of input expected] [id => @google-cloud/pubsub, phase => publish] 
