[debug] PhaseRunner.scala:78 Success [id => graphql-relay, phase => typescript] 
[info ] Phase1ReadTypescript.scala:152 Preprocessing TsHelperFile(InFile(/home/tso/tmp/tso-cache/DefinitelyTyped/types/graphql-relay/index.d.ts),FromFolder(InFolder(/home/tso/tmp/tso-cache/DefinitelyTyped/types/graphql-relay),TsIdentLibrarySimple(graphql-relay)),TsIdentModule(None,List(graphql-relay))) [id => graphql-relay, phase => typescript] 
[info ] InferredDefaultModule.scala:39 Inferred module TsIdentModule(None,List(graphql-relay)) [id => graphql-relay, phase => typescript] 
[warn ] Phase1ReadTypescript.scala:190 Processing TsIdentLibrarySimple(graphql-relay) [id => graphql-relay, phase => typescript] 
[info ] ExpandCallables.scala:57 Expanded mutateAndGetPayload into 1 methods [id => graphql-relay, phase => typescript, scope => TreeScope(TsParsedFile() / TsDeclModule(graphql-relay) / TsDeclInterface(MutationConfig))] 
[debug] DefaultedTParams.scala:29 Defaulting type parameter TsIdentSimple(TArgs) at TreeScope(TsParsedFile() / TsDeclModule(graphql-relay) / TsDeclInterface(ConnectionConfig) / TsMemberProperty(resolveNode) / TsTypeUnion() / TsTypeRef()) [id => graphql-relay, phase => typescript, scope => TreeScope(TsParsedFile() / TsDeclModule(graphql-relay) / TsDeclInterface(ConnectionConfig) / TsMemberProperty(resolveNode) / TsTypeUnion() / TsTypeRef())] 
[debug] DefaultedTParams.scala:29 Defaulting type parameter TsIdentSimple(TArgs) at TreeScope(TsParsedFile() / TsDeclModule(graphql-relay) / TsDeclInterface(ConnectionConfig) / TsMemberProperty(resolveCursor) / TsTypeUnion() / TsTypeRef()) [id => graphql-relay, phase => typescript, scope => TreeScope(TsParsedFile() / TsDeclModule(graphql-relay) / TsDeclInterface(ConnectionConfig) / TsMemberProperty(resolveCursor) / TsTypeUnion() / TsTypeRef())] 
[debug] DefaultedTParams.scala:29 Defaulting type parameter TsIdentSimple(TArgs) at TreeScope(TsParsedFile() / TsDeclModule(graphql-relay) / TsDeclFunction(mutationWithClientMutationId) / TsFunSig() / TsTypeRef()) [id => graphql-relay, phase => typescript, scope => TreeScope(TsParsedFile() / TsDeclModule(graphql-relay) / TsDeclFunction(mutationWithClientMutationId) / TsFunSig() / TsTypeRef())] 
[debug] DefaultedTParams.scala:29 Defaulting type parameter TsIdentSimple(TArgs) at TreeScope(TsParsedFile() / TsDeclModule(graphql-relay) / TsDeclInterface(GraphQLNodeDefinitions) / TsMemberProperty(nodeField) / TsTypeRef()) [id => graphql-relay, phase => typescript, scope => TreeScope(TsParsedFile() / TsDeclModule(graphql-relay) / TsDeclInterface(GraphQLNodeDefinitions) / TsMemberProperty(nodeField) / TsTypeRef())] 
[debug] DefaultedTParams.scala:29 Defaulting type parameter TsIdentSimple(TArgs) at TreeScope(TsParsedFile() / TsDeclModule(graphql-relay) / TsDeclInterface(GraphQLNodeDefinitions) / TsMemberProperty(nodesField) / TsTypeRef()) [id => graphql-relay, phase => typescript, scope => TreeScope(TsParsedFile() / TsDeclModule(graphql-relay) / TsDeclInterface(GraphQLNodeDefinitions) / TsMemberProperty(nodesField) / TsTypeRef())] 
[debug] DefaultedTParams.scala:29 Defaulting type parameter TsIdentSimple(TArgs) at TreeScope(TsParsedFile() / TsDeclModule(graphql-relay) / TsDeclFunction(globalIdField) / TsFunSig() / TsTypeRef()) [id => graphql-relay, phase => typescript, scope => TreeScope(TsParsedFile() / TsDeclModule(graphql-relay) / TsDeclFunction(globalIdField) / TsFunSig() / TsTypeRef())] 
[debug] DefaultedTParams.scala:29 Defaulting type parameter TsIdentSimple(TArgs) at TreeScope(TsParsedFile() / TsDeclModule(graphql-relay) / TsDeclFunction(pluralIdentifyingRootField) / TsFunSig() / TsTypeRef()) [id => graphql-relay, phase => typescript, scope => TreeScope(TsParsedFile() / TsDeclModule(graphql-relay) / TsDeclFunction(pluralIdentifyingRootField) / TsFunSig() / TsTypeRef())] 
[info ] ExtractInterfaces.scala:30 Extracted anonymous interface TsIdentSimple(Anon_Type) [id => graphql-relay, phase => typescript, scope => TreeScope(TsParsedFile() / TsDeclModule(graphql-relay) / TsDeclInterface(ForwardConnectionArgs) / TsMemberProperty(after) / TsTypeObject())] 
[info ] ExtractInterfaces.scala:30 Extracted anonymous interface TsIdentSimple(Anon_Type) [id => graphql-relay, phase => typescript, scope => TreeScope(TsParsedFile() / TsDeclModule(graphql-relay) / TsDeclInterface(ForwardConnectionArgs) / TsMemberProperty(first) / TsTypeObject())] 
[info ] ExtractInterfaces.scala:30 Extracted anonymous interface TsIdentSimple(Anon_Type) [id => graphql-relay, phase => typescript, scope => TreeScope(TsParsedFile() / TsDeclModule(graphql-relay) / TsDeclInterface(BackwardConnectionArgs) / TsMemberProperty(last) / TsTypeObject())] 
[info ] ExtractInterfaces.scala:30 Extracted anonymous interface TsIdentSimple(Anon_Type) [id => graphql-relay, phase => typescript, scope => TreeScope(TsParsedFile() / TsDeclModule(graphql-relay) / TsDeclInterface(BackwardConnectionArgs) / TsMemberProperty(before) / TsTypeObject())] 
[debug] PhaseRunner.scala:78 Success [id => graphql-relay, phase => typescript] 
[warn ] Phase2ToScalaJs.scala:34 Processing TsIdentLibrarySimple(graphql-relay) [id => graphql-relay, phase => scala.js] 
[debug] PhaseRunner.scala:78 Success [id => graphql-relay, phase => scala.js] 
[error] unknown file:-1 bad option: -P:scalajs:sjsDefinedByDefault,  [id => graphql-relay, phase => build] 
[debug] PhaseRunner.scala:82 Failure, [graphql-relay => Compilation failed] [id => graphql-relay, phase => build] 
