[info ] InferredDependency.scala:20 Inferred dependencies Set(TsIdentLibrarySimple(node)) for TsIdentLibraryScoped(grpc,Some(grpc-js)) [id => @grpc/grpc-js, phase => typescript, file => ../build/src/channel.d.ts] 
[info ] InferredDependency.scala:20 Inferred dependencies Set(TsIdentLibrarySimple(node)) for TsIdentLibraryScoped(grpc,Some(grpc-js)) [id => @grpc/grpc-js, phase => typescript, file => ../build/src/call-stream.d.ts] 
[info ] InferredDependency.scala:20 Inferred dependencies Set(TsIdentLibrarySimple(node)) for TsIdentLibraryScoped(grpc,Some(grpc-js)) [id => @grpc/grpc-js, phase => typescript, file => ../build/src/metadata.d.ts] 
[debug] PhaseRunner.scala:82 Success [id => @grpc/grpc-js, phase => typescript] 
[debug] PhaseRunner.scala:82 Success [id => @grpc/grpc-js, phase => typescript] 
[debug] PhaseRunner.scala:90 Ignored [id => @grpc/grpc-js, phase => typescript] 
[debug] PhaseRunner.scala:82 Success [id => @grpc/grpc-js, phase => typescript] 
[debug] PhaseRunner.scala:82 Success [id => @grpc/grpc-js, phase => typescript] 
[info ] InferredDependency.scala:20 Inferred dependencies Set(TsIdentLibrarySimple(node)) for TsIdentLibraryScoped(grpc,Some(grpc-js)) [id => @grpc/grpc-js, phase => typescript, file => ../build/src/filter-stack.d.ts] 
[debug] PhaseRunner.scala:90 Ignored [id => @grpc/grpc-js, phase => typescript] 
[info ] InferredDependency.scala:20 Inferred dependencies Set(TsIdentLibrarySimple(node)) for TsIdentLibraryScoped(grpc,Some(grpc-js)) [id => @grpc/grpc-js, phase => typescript, file => ../build/src/filter.d.ts] 
[debug] PhaseRunner.scala:82 Success [id => @grpc/grpc-js, phase => typescript] 
[debug] PhaseRunner.scala:82 Success [id => @grpc/grpc-js, phase => typescript] 
[info ] InferredDependency.scala:20 Inferred dependencies Set(TsIdentLibrarySimple(node)) for TsIdentLibraryScoped(grpc,Some(grpc-js)) [id => @grpc/grpc-js, phase => typescript, file => ../build/src/object-stream.d.ts] 
[debug] PhaseRunner.scala:82 Success [id => @grpc/grpc-js, phase => typescript] 
[debug] PhaseRunner.scala:82 Success [id => @grpc/grpc-js, phase => typescript] 
[info ] InferredDependency.scala:20 Inferred dependencies Set(TsIdentLibrarySimple(node)) for TsIdentLibraryScoped(grpc,Some(grpc-js)) [id => @grpc/grpc-js, phase => typescript, file => ../build/src/channel-credentials.d.ts] 
[debug] PhaseRunner.scala:82 Success [id => @grpc/grpc-js, phase => typescript] 
[debug] PhaseRunner.scala:82 Success [id => @grpc/grpc-js, phase => typescript] 
[debug] PhaseRunner.scala:82 Success [id => @grpc/grpc-js, phase => typescript] 
[error] PhaseRunner.scala:86 Failure, [@grpc/grpc-js => InFile(/home/tso/tmp/tso-cache/npm/node_modules/@grpc/grpc-js/build/src/client.d.ts): Parse error at 28.16 end of input expected] [id => @grpc/grpc-js, phase => typescript] 
[info ] InferredDependency.scala:20 Inferred dependencies Set(TsIdentLibrarySimple(node)) for TsIdentLibraryScoped(grpc,Some(grpc-js)) [id => @grpc/grpc-js, phase => typescript, file => ../build/src/make-client.d.ts] 
[warn ] PhaseRunner.scala:68 Failed because of, [@grpc/grpc-js => InFile(/home/tso/tmp/tso-cache/npm/node_modules/@grpc/grpc-js/build/src/client.d.ts): Parse error at 28.16 end of input expected] [id => @grpc/grpc-js, phase => typescript] 
[error] PhaseRunner.scala:86 Failure, [@grpc/grpc-js => InFile(/home/tso/tmp/tso-cache/npm/node_modules/@grpc/grpc-js/build/src/client.d.ts): Parse error at 28.16 end of input expected] [id => @grpc/grpc-js, phase => typescript] 
[debug] PhaseRunner.scala:82 Success [id => @grpc/grpc-js, phase => typescript] 
[warn ] PhaseRunner.scala:68 Failed because of, [@grpc/grpc-js => InFile(/home/tso/tmp/tso-cache/npm/node_modules/@grpc/grpc-js/build/src/client.d.ts): Parse error at 28.16 end of input expected] [id => @grpc/grpc-js, phase => typescript] 
[error] PhaseRunner.scala:86 Failure, [@grpc/grpc-js => InFile(/home/tso/tmp/tso-cache/npm/node_modules/@grpc/grpc-js/build/src/client.d.ts): Parse error at 28.16 end of input expected] [id => @grpc/grpc-js, phase => typescript] 
[warn ] PhaseRunner.scala:68 Failed because of, [@grpc/grpc-js => InFile(/home/tso/tmp/tso-cache/npm/node_modules/@grpc/grpc-js/build/src/client.d.ts): Parse error at 28.16 end of input expected] [id => @grpc/grpc-js, phase => typescript] 
[error] PhaseRunner.scala:86 Failure, [@grpc/grpc-js => InFile(/home/tso/tmp/tso-cache/npm/node_modules/@grpc/grpc-js/build/src/client.d.ts): Parse error at 28.16 end of input expected] [id => @grpc/grpc-js, phase => typescript] 
[error] PhaseRunner.scala:86 Failure, [@grpc/grpc-js => InFile(/home/tso/tmp/tso-cache/npm/node_modules/@grpc/grpc-js/build/src/client.d.ts): Parse error at 28.16 end of input expected] [id => @grpc/grpc-js, phase => scala.js] 
[error] PhaseRunner.scala:86 Failure, [@grpc/grpc-js => InFile(/home/tso/tmp/tso-cache/npm/node_modules/@grpc/grpc-js/build/src/client.d.ts): Parse error at 28.16 end of input expected] [id => @grpc/grpc-js, phase => build] 
[error] PhaseRunner.scala:86 Failure, [@grpc/grpc-js => InFile(/home/tso/tmp/tso-cache/npm/node_modules/@grpc/grpc-js/build/src/client.d.ts): Parse error at 28.16 end of input expected] [id => @grpc/grpc-js, phase => publish] 
