[debug] PhaseRunner.scala:78 Success [id => gulp-help-doc, phase => typescript] 
[info ] Phase1ReadTypescript.scala:152 Preprocessing TsHelperFile(InFile(/home/tso/tmp/tso-cache/DefinitelyTyped/types/gulp-help-doc/index.d.ts),FromFolder(InFolder(/home/tso/tmp/tso-cache/DefinitelyTyped/types/gulp-help-doc),TsIdentLibrarySimple(gulp-help-doc)),TsIdentModule(None,List(gulp-help-doc))) [id => gulp-help-doc, phase => typescript] 
[warn ] Phase1ReadTypescript.scala:190 Processing TsIdentLibrarySimple(gulp-help-doc) [id => gulp-help-doc, phase => typescript] 
[info ] PreferTypeAlias.scala:118 Simplified to function type alias [id => gulp-help-doc, phase => typescript, scope => TreeScope(TsParsedFile() / TsDeclModule(gulp-help-doc) / TsDeclNamespace(usage) / TsDeclInterface(Usage))] 
[info ] ExtractInterfaces.scala:30 Extracted anonymous interface TsIdentSimple(Anon_Log) [id => gulp-help-doc, phase => typescript, scope => TreeScope(TsParsedFile() / TsDeclModule(gulp-help-doc) / TsDeclNamespace(usage) / TsDeclInterface(UsageOptions) / TsMemberProperty(logger) / TsTypeObject())] 
[debug] PhaseRunner.scala:78 Success [id => gulp-help-doc, phase => typescript] 
[warn ] Phase2ToScalaJs.scala:34 Processing TsIdentLibrarySimple(gulp-help-doc) [id => gulp-help-doc, phase => scala.js] 
[debug] PhaseRunner.scala:78 Success [id => gulp-help-doc, phase => scala.js] 
[warn ] Phase3CompileBloop.scala:211 Built gulp-help-doc in 925 ms [id => gulp-help-doc, phase => build] 
[info ] Phase3CompileBloop.scala:221 published local, [/home/tso/.ivy2/local/com.scalablytyped/gulp-help-doc_sjs0.6_2.12/0.0-unknown-dt-20180910Z-590869/jars/gulp-help-doc_sjs0.6_2.12.jar, /home/tso/.ivy2/local/com.scalablytyped/gulp-help-doc_sjs0.6_2.12/0.0-unknown-dt-20180910Z-590869/srcs/gulp-help-doc_sjs0.6_2.12-sources.jar, /home/tso/.ivy2/local/com.scalablytyped/gulp-help-doc_sjs0.6_2.12/0.0-unknown-dt-20180910Z-590869/ivys/ivy.xml, /home/tso/.ivy2/local/com.scalablytyped/gulp-help-doc_sjs0.6_2.12/0.0-unknown-dt-20180910Z-590869/poms/gulp-help-doc_sjs0.6_2.12.pom] [id => gulp-help-doc, phase => build] 
[debug] PhaseRunner.scala:78 Success [id => gulp-help-doc, phase => build] 
[error] PhaseRes.scala:75 Caught exception [id => gulp-help-doc, phase => publish] java.lang.RuntimeException: was not able to find or create a package for oyvindberg in ScalablyTyped named gulp-help-doc
	at scala.sys.package$.error(package.scala:26)
	at com.olvind.tso.importer.build.BinTrayPublisher.$anonfun$ensurePackage$2(BinTrayPublisher.scala:49)
	at com.olvind.tso.importer.build.BinTrayPublisher.$anonfun$ensurePackage$2$adapted(BinTrayPublisher.scala:46)
	at scala.util.Success.$anonfun$map$1(Try.scala:251)
	at scala.util.Success.map(Try.scala:209)
	at scala.concurrent.Future.$anonfun$map$1(Future.scala:288)
	at scala.concurrent.impl.Promise.liftedTree1$1(Promise.scala:29)
	at scala.concurrent.impl.Promise.$anonfun$transform$1(Promise.scala:29)
	at scala.concurrent.impl.CallbackRunnable.run(Promise.scala:60)
	at java.util.concurrent.ForkJoinTask$RunnableExecuteAction.exec(ForkJoinTask.java:1402)
	at java.util.concurrent.ForkJoinTask.doExec(ForkJoinTask.java:289)
	at java.util.concurrent.ForkJoinPool$WorkQueue.runTask(ForkJoinPool.java:1056)
	at java.util.concurrent.ForkJoinPool.runWorker(ForkJoinPool.java:1692)
	at java.util.concurrent.ForkJoinWorkerThread.run(ForkJoinWorkerThread.java:157)

[debug] PhaseRunner.scala:82 Failure, [gulp-help-doc => java.lang.RuntimeException: was not able to find or create a package for oyvindberg in ScalablyTyped named gulp-help-doc] [id => gulp-help-doc, phase => publish] 
