[debug] PhaseRunner.scala:82 Success [id => handsontable, phase => typescript] 
[info ] Phase1ReadTypescript.scala:160 Preprocessing TsHelperFile(InFile(/home/tso/tmp/tso-cache/npm/node_modules/handsontable/handsontable.d.ts),FromFolder(InFolder(/home/tso/tmp/tso-cache/npm/node_modules/handsontable),TsIdentLibrarySimple(handsontable)),TsIdentModule(None,List(handsontable))) [id => handsontable, phase => typescript] 
[info ] InferredDefaultModule.scala:39 Inferred module TsIdentModule(None,List(handsontable)) [id => handsontable, phase => typescript] 
[warn ] Phase1ReadTypescript.scala:200 Processing TsIdentLibrarySimple(handsontable) [id => handsontable, phase => typescript] 
[info ] ResolveTypeQueries.scala:138 Resolved TsTypeQuery(TsQIdent(List(TsIdentSimple(Handsontable), TsIdentSimple(_editors), TsIdentSimple(Autocomplete)))) [id => handsontable, phase => typescript, scope => TreeScope(TsParsedFile() / TsDeclModule(handsontable) / TsDeclNamespace(Handsontable) / TsDeclInterface(Editors) / TsMemberProperty(AutocompleteEditor) / TsTypeQuery())] 
[info ] ResolveTypeQueries.scala:138 Resolved TsTypeQuery(TsQIdent(List(TsIdentSimple(Handsontable), TsIdentSimple(_editors), TsIdentSimple(Base)))) [id => handsontable, phase => typescript, scope => TreeScope(TsParsedFile() / TsDeclModule(handsontable) / TsDeclNamespace(Handsontable) / TsDeclInterface(Editors) / TsMemberProperty(BaseEditor) / TsTypeQuery())] 
[info ] ResolveTypeQueries.scala:138 Resolved TsTypeQuery(TsQIdent(List(TsIdentSimple(Handsontable), TsIdentSimple(_editors), TsIdentSimple(Checkbox)))) [id => handsontable, phase => typescript, scope => TreeScope(TsParsedFile() / TsDeclModule(handsontable) / TsDeclNamespace(Handsontable) / TsDeclInterface(Editors) / TsMemberProperty(CheckboxEditor) / TsTypeQuery())] 
[info ] ResolveTypeQueries.scala:138 Resolved TsTypeQuery(TsQIdent(List(TsIdentSimple(Handsontable), TsIdentSimple(_editors), TsIdentSimple(Date)))) [id => handsontable, phase => typescript, scope => TreeScope(TsParsedFile() / TsDeclModule(handsontable) / TsDeclNamespace(Handsontable) / TsDeclInterface(Editors) / TsMemberProperty(DateEditor) / TsTypeQuery())] 
[info ] ResolveTypeQueries.scala:138 Resolved TsTypeQuery(TsQIdent(List(TsIdentSimple(Handsontable), TsIdentSimple(_editors), TsIdentSimple(Dropdown)))) [id => handsontable, phase => typescript, scope => TreeScope(TsParsedFile() / TsDeclModule(handsontable) / TsDeclNamespace(Handsontable) / TsDeclInterface(Editors) / TsMemberProperty(DropdownEditor) / TsTypeQuery())] 
[info ] ResolveTypeQueries.scala:138 Resolved TsTypeQuery(TsQIdent(List(TsIdentSimple(Handsontable), TsIdentSimple(_editors), TsIdentSimple(Handsontable)))) [id => handsontable, phase => typescript, scope => TreeScope(TsParsedFile() / TsDeclModule(handsontable) / TsDeclNamespace(Handsontable) / TsDeclInterface(Editors) / TsMemberProperty(HandsontableEditor) / TsTypeQuery())] 
[info ] ResolveTypeQueries.scala:138 Resolved TsTypeQuery(TsQIdent(List(TsIdentSimple(Handsontable), TsIdentSimple(_editors), TsIdentSimple(Mobile)))) [id => handsontable, phase => typescript, scope => TreeScope(TsParsedFile() / TsDeclModule(handsontable) / TsDeclNamespace(Handsontable) / TsDeclInterface(Editors) / TsMemberProperty(MobileEditor) / TsTypeQuery())] 
[info ] ResolveTypeQueries.scala:138 Resolved TsTypeQuery(TsQIdent(List(TsIdentSimple(Handsontable), TsIdentSimple(_editors), TsIdentSimple(Numeric)))) [id => handsontable, phase => typescript, scope => TreeScope(TsParsedFile() / TsDeclModule(handsontable) / TsDeclNamespace(Handsontable) / TsDeclInterface(Editors) / TsMemberProperty(NumericEditor) / TsTypeQuery())] 
[info ] ResolveTypeQueries.scala:138 Resolved TsTypeQuery(TsQIdent(List(TsIdentSimple(Handsontable), TsIdentSimple(_editors), TsIdentSimple(Password)))) [id => handsontable, phase => typescript, scope => TreeScope(TsParsedFile() / TsDeclModule(handsontable) / TsDeclNamespace(Handsontable) / TsDeclInterface(Editors) / TsMemberProperty(PasswordEditor) / TsTypeQuery())] 
[info ] ResolveTypeQueries.scala:138 Resolved TsTypeQuery(TsQIdent(List(TsIdentSimple(Handsontable), TsIdentSimple(_editors), TsIdentSimple(Select)))) [id => handsontable, phase => typescript, scope => TreeScope(TsParsedFile() / TsDeclModule(handsontable) / TsDeclNamespace(Handsontable) / TsDeclInterface(Editors) / TsMemberProperty(SelectEditor) / TsTypeQuery())] 
[info ] ResolveTypeQueries.scala:138 Resolved TsTypeQuery(TsQIdent(List(TsIdentSimple(Handsontable), TsIdentSimple(_editors), TsIdentSimple(Text)))) [id => handsontable, phase => typescript, scope => TreeScope(TsParsedFile() / TsDeclModule(handsontable) / TsDeclNamespace(Handsontable) / TsDeclInterface(Editors) / TsMemberProperty(TextEditor) / TsTypeQuery())] 
[info ] ExpandKeyOfTypeParams.scala:40 Expanding 33 members for TsIdentSimple(getPlugin) [id => handsontable, phase => typescript, scope => TreeScope(TsParsedFile() / TsDeclModule(handsontable) / TsDeclNamespace(_Handsontable) / TsDeclInterface(Core))] 
[info ] PreferTypeAlias.scala:45 Simplified to type alias [id => handsontable, phase => typescript, scope => TreeScope(TsParsedFile() / TsDeclModule(handsontable) / TsDeclNamespace(Handsontable) / TsDeclNamespace(_editors) / TsDeclInterface(Checkbox))] 
[info ] PreferTypeAlias.scala:45 Simplified to type alias [id => handsontable, phase => typescript, scope => TreeScope(TsParsedFile() / TsDeclModule(handsontable) / TsDeclNamespace(Handsontable) / TsDeclNamespace(_editors) / TsDeclInterface(Numeric))] 
[info ] PreferTypeAlias.scala:45 Simplified to type alias [id => handsontable, phase => typescript, scope => TreeScope(TsParsedFile() / TsDeclModule(handsontable) / TsDeclNamespace(Handsontable) / TsDeclNamespace(_editors) / TsDeclInterface(Password))] 
[info ] PreferTypeAlias.scala:45 Simplified to type alias [id => handsontable, phase => typescript, scope => TreeScope(TsParsedFile() / TsDeclModule(handsontable) / TsDeclNamespace(Handsontable) / TsDeclNamespace(_editors) / TsDeclInterface(Dropdown))] 
[info ] PreferTypeAlias.scala:45 Simplified to type alias [id => handsontable, phase => typescript, scope => TreeScope(TsParsedFile() / TsDeclModule(handsontable) / TsDeclNamespace(Handsontable) / TsDeclNamespace(plugins) / TsDeclNamespace(FiltersPlugin) / TsDeclInterface(InputUI))] 
[info ] PreferTypeAlias.scala:45 Simplified to type alias [id => handsontable, phase => typescript, scope => TreeScope(TsParsedFile() / TsDeclModule(handsontable) / TsDeclNamespace(Handsontable) / TsDeclNamespace(plugins) / TsDeclInterface(CellReference))] 
[info ] PreferTypeAlias.scala:45 Simplified to type alias [id => handsontable, phase => typescript, scope => TreeScope(TsParsedFile() / TsDeclModule(handsontable) / TsDeclNamespace(Handsontable) / TsDeclNamespace(plugins) / TsDeclNamespace(moveUI) / TsDeclInterface(BacklightUI))] 
[info ] PreferTypeAlias.scala:45 Simplified to type alias [id => handsontable, phase => typescript, scope => TreeScope(TsParsedFile() / TsDeclModule(handsontable) / TsDeclNamespace(Handsontable) / TsDeclNamespace(plugins) / TsDeclNamespace(moveUI) / TsDeclInterface(GuidelineUI))] 
[info ] PreferTypeAlias.scala:51 Simplified to function type alias [id => handsontable, phase => typescript, scope => TreeScope(TsParsedFile() / TsDeclModule(handsontable) / TsDeclNamespace(Handsontable) / TsDeclNamespace(renderers) / TsDeclInterface(Base))] 
[info ] PreferTypeAlias.scala:45 Simplified to type alias [id => handsontable, phase => typescript, scope => TreeScope(TsParsedFile() / TsDeclModule(handsontable) / TsDeclNamespace(Handsontable) / TsDeclNamespace(renderers) / TsDeclInterface(Autocomplete))] 
[info ] PreferTypeAlias.scala:45 Simplified to type alias [id => handsontable, phase => typescript, scope => TreeScope(TsParsedFile() / TsDeclModule(handsontable) / TsDeclNamespace(Handsontable) / TsDeclNamespace(renderers) / TsDeclInterface(Checkbox))] 
[info ] PreferTypeAlias.scala:45 Simplified to type alias [id => handsontable, phase => typescript, scope => TreeScope(TsParsedFile() / TsDeclModule(handsontable) / TsDeclNamespace(Handsontable) / TsDeclNamespace(renderers) / TsDeclInterface(Html))] 
[info ] PreferTypeAlias.scala:45 Simplified to type alias [id => handsontable, phase => typescript, scope => TreeScope(TsParsedFile() / TsDeclModule(handsontable) / TsDeclNamespace(Handsontable) / TsDeclNamespace(renderers) / TsDeclInterface(Numeric))] 
[info ] PreferTypeAlias.scala:45 Simplified to type alias [id => handsontable, phase => typescript, scope => TreeScope(TsParsedFile() / TsDeclModule(handsontable) / TsDeclNamespace(Handsontable) / TsDeclNamespace(renderers) / TsDeclInterface(Password))] 
[info ] PreferTypeAlias.scala:45 Simplified to type alias [id => handsontable, phase => typescript, scope => TreeScope(TsParsedFile() / TsDeclModule(handsontable) / TsDeclNamespace(Handsontable) / TsDeclNamespace(renderers) / TsDeclInterface(Text))] 
[info ] ExpandCallables.scala:51 Expanded BaseRenderer into 1 methods [id => handsontable, phase => typescript, scope => TreeScope(TsParsedFile() / TsDeclModule(handsontable) / TsDeclNamespace(Handsontable) / TsDeclInterface(Renderers))] 
[info ] PreferTypeAlias.scala:45 Simplified to type alias [id => handsontable, phase => typescript, scope => TreeScope(TsParsedFile() / TsDeclModule(handsontable) / TsDeclInterface(Handsontable))] 
[info ] ExtractInterfaces.scala:37 Extracted anonymous interface TsIdentSimple(Anon_Key) [id => handsontable, phase => typescript, scope => TreeScope(TsParsedFile() / TsDeclModule(handsontable) / TsDeclNamespace(Handsontable) / TsDeclNamespace(plugins) / TsDeclNamespace(FiltersPlugin) / TsDeclInterface(ConditionId) / TsMemberProperty(command) / TsTypeObject())] 
[info ] ExtractInterfaces.scala:37 Extracted anonymous interface TsIdentSimple(Anon_Col) [id => handsontable, phase => typescript, scope => TreeScope(TsParsedFile() / TsDeclModule(handsontable) / TsDeclNamespace(Handsontable) / TsDeclNamespace(plugins) / TsDeclNamespace(FiltersPlugin) / TsDeclInterface(CellLikeData) / TsMemberProperty(meta) / TsTypeObject())] 
[info ] ExtractInterfaces.scala:37 Extracted anonymous interface TsIdentSimple(Anon_A) [id => handsontable, phase => typescript, scope => TreeScope(TsParsedFile() / TsDeclModule(handsontable) / TsDeclNamespace(Handsontable) / TsDeclInterface(Helper) / TsMemberProperty(KEY_CODES) / TsTypeObject())] 
[info ] ExtractInterfaces.scala:37 Extracted anonymous interface TsIdentSimple(Anon_Height) [id => handsontable, phase => typescript, scope => TreeScope(TsParsedFile() / TsDeclModule(handsontable) / TsDeclNamespace(Handsontable) / TsDeclInterface(CommentObject) / TsMemberProperty(comment) / TsTypeObject() / TsMemberProperty(style) / TsTypeObject())] 
[info ] ExtractInterfaces.scala:37 Extracted anonymous interface TsIdentSimple(Anon_ReadOnly) [id => handsontable, phase => typescript, scope => TreeScope(TsParsedFile() / TsDeclModule(handsontable) / TsDeclNamespace(Handsontable) / TsDeclInterface(CommentObject) / TsMemberProperty(comment) / TsTypeObject())] 
[debug] PhaseRunner.scala:82 Success [id => handsontable, phase => typescript] 
[warn ] Phase2ToScalaJs.scala:40 Processing handsontable [id => handsontable, phase => scala.js] 
[info ] RemoveDuplicateInheritance.scala:62 Dropped parents QualifiedName(List(Name(handsontableLib), Name(handsontableMod), Name(HandsontableNs), Name(Hooks))) at Name(handsontableLib) / Name(handsontableMod) / Name(HandsontableNs) / Name(DefaultSettings) because allParentRefs = Set(TypeRef(QualifiedName(List(Name(handsontableLib), Name(handsontableMod), Name(HandsontableNs), Name(Hooks))),List(),NoComments)) [id => handsontable, phase => scala.js, this => Name(handsontableLib) / Name(handsontableMod) / Name(HandsontableNs) / Name(DefaultSettings)] 
[info ] CompleteClass.scala:62 Completed implementations Vector(initialized, isPluginsReady, enabled, pluginsInitializedCallback, pluginName, addHook, enablePlugin, init, disablePlugin, destroy, clearHooks, removeHook, callOnPluginsReady) [id => handsontable, phase => scala.js, this => Name(handsontableLib) / Name(handsontableMod) / Name(pluginsNs) / Name(Base)] 
[debug] PhaseRunner.scala:82 Success [id => handsontable, phase => scala.js] 
[warn ] PhaseRunner.scala:68 Failed because of, [bignumber.js => Compilation failed] [id => handsontable, phase => build] 
[error] PhaseRunner.scala:86 Failure, [bignumber.js => Compilation failed] [id => handsontable, phase => build] 
[error] PhaseRunner.scala:86 Failure, [bignumber.js => Compilation failed] [id => handsontable, phase => publish] 
