[info ] InferredDependency.scala:22 Inferred dependencies Set(TsIdentLibrarySimple(node)) for TsIdentLibrarySimple(hapi) [id => hapi, phase => typescript, file => ../types/hapi/index.d.ts] 
[debug] PhaseRunner.scala:84 Success [id => hapi, phase => typescript] 
[info ] Phase1ReadTypescript.scala:171 Preprocessing TsHelperFile(InFile(/home/tso/tmp/tso-cache/DefinitelyTyped/types/hapi/index.d.ts),FromFolder(InFolder(/home/tso/tmp/tso-cache/DefinitelyTyped/types/hapi),TsIdentLibrarySimple(hapi)),TsIdentModule(None,List(hapi))) [id => hapi, phase => typescript] 
[info ] InferredDefaultModule.scala:39 Inferred module TsIdentModule(None,List(hapi)) [id => hapi, phase => typescript] 
[warn ] Phase1ReadTypescript.scala:189 Processing TsIdentLibrarySimple(hapi) [id => hapi, phase => typescript] 
[info ] PreferTypeAlias.scala:55 Simplified to type alias [id => hapi, phase => typescript, scope => TreeScope(TsParsedFile() / TsDeclModule(hapi) / TsDeclInterface(ServerAuthConfig))] 
[info ] ExtractInterfaces.scala:41 Extracted anonymous interface TsIdentSimple(Anon_Hapi) [id => hapi, phase => typescript, scope => TreeScope(TsParsedFile() / TsDeclModule(hapi) / TsDeclInterface(PluginBase) / TsMemberProperty(requirements) / TsTypeObject())] 
[info ] ExtractInterfaces.scala:41 Extracted anonymous interface TsIdentSimple(Anon_IsOriginMatch) [id => hapi, phase => typescript, scope => TreeScope(TsParsedFile() / TsDeclModule(hapi) / TsDeclInterface(RequestInfo) / TsMemberProperty(cors) / TsTypeObject())] 
[info ] ExtractInterfaces.scala:41 Extracted anonymous interface TsIdentSimple(Anon_Access) [id => hapi, phase => typescript, scope => TreeScope(TsParsedFile() / TsDeclModule(hapi) / TsDeclInterface(RequestRoute) / TsMemberProperty(auth) / TsTypeObject())] 
[info ] ExtractInterfaces.scala:41 Extracted anonymous interface TsIdentSimple(Anon_Req) [id => hapi, phase => typescript, scope => TreeScope(TsParsedFile() / TsDeclModule(hapi) / TsDeclInterface(Request) / TsMemberProperty(raw) / TsTypeObject())] 
[info ] ExtractInterfaces.scala:41 Extracted anonymous interface TsIdentSimple(Anon_Close) [id => hapi, phase => typescript, scope => TreeScope(TsParsedFile() / TsDeclModule(hapi) / TsDeclInterface(Request) / TsMemberFunction(generateResponse) / TsFunSig() / TsFunParam() / TsTypeObject())] 
[info ] ExtractInterfaces.scala:41 Extracted anonymous interface TsIdentSimple(Anon_Vary) [id => hapi, phase => typescript, scope => TreeScope(TsParsedFile() / TsDeclModule(hapi) / TsDeclInterface(ResponseObject) / TsMemberFunction(etag) / TsFunSig() / TsFunParam() / TsTypeObject())] 
[info ] ExtractInterfaces.scala:41 Extracted anonymous interface TsIdentSimple(Anon_Etag) [id => hapi, phase => typescript, scope => TreeScope(TsParsedFile() / TsDeclModule(hapi) / TsDeclInterface(ResponseToolkit) / TsMemberFunction(entity) / TsFunSig() / TsFunParam() / TsTypeObject())] 
[info ] ExtractInterfaces.scala:41 Extracted anonymous interface TsIdentSimple(Anon_Annotated) [id => hapi, phase => typescript, scope => TreeScope(TsParsedFile() / TsDeclModule(hapi) / TsDeclInterface(RouteOptionsPayload) / TsMemberProperty(multipart) / TsTypeUnion() / TsTypeObject())] 
[info ] ExtractInterfaces.scala:41 Extracted anonymous interface TsIdentSimple(Anon_IncludeSubdomains) [id => hapi, phase => typescript, scope => TreeScope(TsParsedFile() / TsDeclModule(hapi) / TsDeclInterface(RouteOptionsSecureObject) / TsMemberProperty(hsts) / TsTypeUnion() / TsTypeObject())] 
[info ] ExtractInterfaces.scala:41 Extracted anonymous interface TsIdentSimple(Anon_Allowfrom) [id => hapi, phase => typescript, scope => TreeScope(TsParsedFile() / TsDeclModule(hapi) / TsDeclInterface(RouteOptionsSecureObject) / TsMemberProperty(xframe) / TsTypeUnion() / TsTypeObject())] 
[info ] ExtractInterfaces.scala:41 Extracted anonymous interface TsIdentSimple(Anon_RelativeTo) [id => hapi, phase => typescript, scope => TreeScope(TsParsedFile() / TsDeclModule(hapi) / TsDeclInterface(RouteOptions) / TsMemberProperty(files) / TsTypeObject())] 
[info ] ExtractInterfaces.scala:41 Extracted anonymous interface TsIdentSimple(Anon_Collect) [id => hapi, phase => typescript, scope => TreeScope(TsParsedFile() / TsDeclModule(hapi) / TsDeclInterface(RouteOptions) / TsMemberProperty(log) / TsTypeObject())] 
[info ] ExtractInterfaces.scala:41 Extracted anonymous interface TsIdentSimple(Anon_FailAction) [id => hapi, phase => typescript, scope => TreeScope(TsParsedFile() / TsDeclModule(hapi) / TsDeclInterface(RouteOptions) / TsMemberProperty(state) / TsTypeObject())] 
[info ] ExtractInterfaces.scala:41 Extracted anonymous interface TsIdentSimple(Anon_Server) [id => hapi, phase => typescript, scope => TreeScope(TsParsedFile() / TsDeclModule(hapi) / TsDeclInterface(RouteOptions) / TsMemberProperty(timeout) / TsTypeObject())] 
[info ] ExtractInterfaces.scala:41 Extracted anonymous interface TsIdentSimple(Anon_Payload) [id => hapi, phase => typescript, scope => TreeScope(TsParsedFile() / TsDeclModule(hapi) / TsDeclInterface(ServerAuthSchemeObject) / TsMemberProperty(options) / TsTypeObject())] 
[info ] ExtractInterfaces.scala:41 Extracted anonymous interface TsIdentSimple(Anon_Default) [id => hapi, phase => typescript, scope => TreeScope(TsParsedFile() / TsDeclModule(hapi) / TsDeclInterface(ServerAuth) / TsMemberProperty(settings) / TsTypeObject())] 
[info ] ExtractInterfaces.scala:41 Extracted anonymous interface TsIdentSimple(Anon_Cache) [id => hapi, phase => typescript, scope => TreeScope(TsParsedFile() / TsDeclModule(hapi) / TsDeclTypeAlias(CachePolicyOptions) / TsTypeIntersect() / TsTypeObject())] 
[info ] ExtractInterfaces.scala:41 Extracted anonymous interface TsIdentSimple(Anon_All) [id => hapi, phase => typescript, scope => TreeScope(TsParsedFile() / TsDeclModule(hapi) / TsDeclInterface(ServerEventCriteria) / TsMemberProperty(filter) / TsTypeUnion() / TsTypeObject())] 
[info ] ExtractInterfaces.scala:41 Extracted anonymous interface TsIdentSimple(Anon_Artifacts) [id => hapi, phase => typescript, scope => TreeScope(TsParsedFile() / TsDeclModule(hapi) / TsDeclInterface(ServerInjectOptions) / TsMemberProperty(auth) / TsTypeObject())] 
[info ] ExtractInterfaces.scala:41 Extracted anonymous interface TsIdentSimple(Anon_Constructor) [id => hapi, phase => typescript, scope => TreeScope(TsParsedFile() / TsDeclModule(hapi) / TsDeclTypeAlias(CacheProvider) / TsTypeUnion() / TsTypeObject())] 
[info ] ExtractInterfaces.scala:41 Extracted anonymous interface TsIdentSimple(Anon_False) [id => hapi, phase => typescript, scope => TreeScope(TsParsedFile() / TsDeclModule(hapi) / TsDeclInterface(ServerOptions) / TsMemberProperty(debug) / TsTypeUnion() / TsTypeObject())] 
[info ] ExtractInterfaces.scala:41 Extracted anonymous interface TsIdentSimple(Anon_Concurrent) [id => hapi, phase => typescript, scope => TreeScope(TsParsedFile() / TsDeclModule(hapi) / TsDeclInterface(ServerOptions) / TsMemberProperty(load) / TsTypeObject())] 
[info ] ExtractInterfaces.scala:41 Extracted anonymous interface TsIdentSimple(Anon_IsCaseSensitive) [id => hapi, phase => typescript, scope => TreeScope(TsParsedFile() / TsDeclModule(hapi) / TsDeclInterface(ServerOptions) / TsMemberProperty(router) / TsTypeObject())] 
[info ] ExtractInterfaces.scala:41 Extracted anonymous interface TsIdentSimple(Anon_Base64) [id => hapi, phase => typescript, scope => TreeScope(TsParsedFile() / TsDeclModule(hapi) / TsDeclInterface(ServerOptions) / TsMemberProperty(state) / TsTypeObject())] 
[info ] ExtractInterfaces.scala:41 Extracted anonymous interface TsIdentSimple(Anon_Parser) [id => hapi, phase => typescript, scope => TreeScope(TsParsedFile() / TsDeclModule(hapi) / TsDeclInterface(ServerOptions) / TsMemberProperty(query) / TsTypeObject())] 
[info ] ExtractInterfaces.scala:41 Extracted anonymous interface TsIdentSimple(Anon_Prefix) [id => hapi, phase => typescript, scope => TreeScope(TsParsedFile() / TsDeclModule(hapi) / TsDeclInterface(ServerRealm) / TsMemberProperty(modifiers) / TsTypeObject() / TsMemberProperty(route) / TsTypeObject())] 
[info ] ExtractInterfaces.scala:41 Extracted anonymous interface TsIdentSimple(Anon_Route) [id => hapi, phase => typescript, scope => TreeScope(TsParsedFile() / TsDeclModule(hapi) / TsDeclInterface(ServerRealm) / TsMemberProperty(modifiers) / TsTypeObject())] 
[info ] ExtractInterfaces.scala:41 Extracted anonymous interface TsIdentSimple(Anon_RelativeTo) [id => hapi, phase => typescript, scope => TreeScope(TsParsedFile() / TsDeclModule(hapi) / TsDeclInterface(ServerRealm) / TsMemberProperty(settings) / TsTypeObject() / TsMemberProperty(files) / TsTypeObject())] 
[info ] ExtractInterfaces.scala:41 Extracted anonymous interface TsIdentSimple(Anon_Bind) [id => hapi, phase => typescript, scope => TreeScope(TsParsedFile() / TsDeclModule(hapi) / TsDeclInterface(ServerRealm) / TsMemberProperty(settings) / TsTypeObject())] 
[info ] ExtractInterfaces.scala:41 Extracted anonymous interface TsIdentSimple(Anon_PrefixVhost) [id => hapi, phase => typescript, scope => TreeScope(TsParsedFile() / TsDeclModule(hapi) / TsDeclInterface(ServerRegisterOptions) / TsMemberProperty(routes) / TsTypeObject())] 
[info ] ExtractInterfaces.scala:41 Extracted anonymous interface TsIdentSimple(Anon_Integrity) [id => hapi, phase => typescript, scope => TreeScope(TsParsedFile() / TsDeclModule(hapi) / TsDeclInterface(ServerStateCookieOptions) / TsMemberProperty(sign) / TsTypeObject())] 
[info ] ExtractInterfaces.scala:41 Extracted anonymous interface TsIdentSimple(Anon_Request) [id => hapi, phase => typescript, scope => TreeScope(TsParsedFile() / TsDeclModule(hapi) / TsDeclClass(Server) / TsMemberProperty(decorations) / TsTypeObject())] 
[info ] ExtractInterfaces.scala:41 Extracted anonymous interface TsIdentSimple(Anon_ConcurrentEventLoopDelay) [id => hapi, phase => typescript, scope => TreeScope(TsParsedFile() / TsDeclModule(hapi) / TsDeclClass(Server) / TsMemberProperty(load) / TsTypeObject())] 
[info ] ExtractInterfaces.scala:41 Extracted anonymous interface TsIdentSimple(Anon_Apply) [id => hapi, phase => typescript, scope => TreeScope(TsParsedFile() / TsDeclModule(hapi) / TsDeclClass(Server) / TsMemberFunction(decorate) / TsFunSig() / TsFunParam() / TsTypeObject())] 
[info ] ExtractInterfaces.scala:41 Extracted anonymous interface TsIdentSimple(Anon_ApplyExtend) [id => hapi, phase => typescript, scope => TreeScope(TsParsedFile() / TsDeclModule(hapi) / TsDeclClass(Server) / TsMemberFunction(decorate) / TsFunSig() / TsFunParam() / TsTypeObject())] 
[info ] ExtractInterfaces.scala:41 Extracted anonymous interface TsIdentSimple(Anon_ApplyExtendTrue) [id => hapi, phase => typescript, scope => TreeScope(TsParsedFile() / TsDeclModule(hapi) / TsDeclClass(Server) / TsMemberFunction(decorate) / TsFunSig() / TsFunParam() / TsTypeObject())] 
[info ] ExtractInterfaces.scala:41 Extracted anonymous interface TsIdentSimple(Anon_Apply) [id => hapi, phase => typescript, scope => TreeScope(TsParsedFile() / TsDeclModule(hapi) / TsDeclClass(Server) / TsMemberFunction(decorate) / TsFunSig() / TsFunParam() / TsTypeObject())] 
[info ] ExtractInterfaces.scala:41 Extracted anonymous interface TsIdentSimple(Anon_ApplyExtendTrueBoolean) [id => hapi, phase => typescript, scope => TreeScope(TsParsedFile() / TsDeclModule(hapi) / TsDeclClass(Server) / TsMemberFunction(decorate) / TsFunSig() / TsFunParam() / TsTypeObject())] 
[info ] ExtractInterfaces.scala:41 Extracted anonymous interface TsIdentSimple(Anon_Apply) [id => hapi, phase => typescript, scope => TreeScope(TsParsedFile() / TsDeclModule(hapi) / TsDeclClass(Server) / TsMemberFunction(decorate) / TsFunSig() / TsFunParam() / TsTypeObject())] 
[info ] ExtractInterfaces.scala:41 Extracted anonymous interface TsIdentSimple(Anon_ApplyExtendTrueBoolean) [id => hapi, phase => typescript, scope => TreeScope(TsParsedFile() / TsDeclModule(hapi) / TsDeclClass(Server) / TsMemberFunction(decorate) / TsFunSig() / TsFunParam() / TsTypeObject())] 
[info ] ExtractInterfaces.scala:41 Extracted anonymous interface TsIdentSimple(Anon_Apply) [id => hapi, phase => typescript, scope => TreeScope(TsParsedFile() / TsDeclModule(hapi) / TsDeclClass(Server) / TsMemberFunction(decorate) / TsFunSig() / TsFunParam() / TsTypeObject())] 
[info ] ExtractInterfaces.scala:41 Extracted anonymous interface TsIdentSimple(Anon_Method) [id => hapi, phase => typescript, scope => TreeScope(TsParsedFile() / TsDeclModule(hapi) / TsDeclClass(Server) / TsMemberFunction(rules) / TsFunSig() / TsFunParam() / TsTypeFunction() / TsFunSig() / TsFunParam() / TsTypeObject())] 
[info ] ExtractInterfaces.scala:41 Extracted anonymous interface TsIdentSimple(Anon_Validate) [id => hapi, phase => typescript, scope => TreeScope(TsParsedFile() / TsDeclModule(hapi) / TsDeclClass(Server) / TsMemberFunction(rules) / TsFunSig() / TsFunParam() / TsTypeObject())] 
[info ] ExtractInterfaces.scala:41 Extracted anonymous interface TsIdentSimple(Anon_Timeout) [id => hapi, phase => typescript, scope => TreeScope(TsParsedFile() / TsDeclModule(hapi) / TsDeclClass(Server) / TsMemberFunction(stop) / TsFunSig() / TsFunParam() / TsTypeObject())] 
[info ] ExpandCallables.scala:48 Expanded method into 1 methods [id => hapi, phase => typescript, scope => TreeScope(TsParsedFile() / TsDeclModule(hapi) / TsDeclInterface(ServerMethodConfigurationObject))] 
[info ] ExpandCallables.scala:48 Expanded cache into 1 methods [id => hapi, phase => typescript, scope => TreeScope(TsParsedFile() / TsDeclModule(hapi) / TsDeclClass(Server))] 
[info ] ExpandCallables.scala:48 Expanded method into 1 methods [id => hapi, phase => typescript, scope => TreeScope(TsParsedFile() / TsDeclModule(hapi) / TsDeclInterface(RouteOptionsPreObject))] 
[info ] ExpandCallables.scala:48 Expanded method into 1 methods [id => hapi, phase => typescript, scope => TreeScope(TsParsedFile() / TsDeclModule(hapi) / TsDeclInterface(RouteExtObject))] 
[debug] PhaseRunner.scala:84 Success [id => hapi, phase => typescript] 
[warn ] Phase2ToScalaJs.scala:42 Processing hapi [id => hapi, phase => scala.js] 
[debug] PhaseRunner.scala:84 Success [id => hapi, phase => scala.js] 
[warn ] Phase3CompileBloop.scala:245 Built hapi in 1986 ms [id => hapi, phase => build] 
[info ] Phase3CompileBloop.scala:253 published local, [/home/tso/.ivy2/local/org.scalablytyped/hapi_sjs0.6_2.12/18.0-dt-20190426Z-8ebf13/jars/hapi_sjs0.6_2.12.jar, /home/tso/.ivy2/local/org.scalablytyped/hapi_sjs0.6_2.12/18.0-dt-20190426Z-8ebf13/srcs/hapi_sjs0.6_2.12-sources.jar, /home/tso/.ivy2/local/org.scalablytyped/hapi_sjs0.6_2.12/18.0-dt-20190426Z-8ebf13/ivys/ivy.xml, /home/tso/.ivy2/local/org.scalablytyped/hapi_sjs0.6_2.12/18.0-dt-20190426Z-8ebf13/poms/hapi_sjs0.6_2.12.pom] [id => hapi, phase => build] 
[debug] PhaseRunner.scala:84 Success [id => hapi, phase => build] 
[error] PhaseRes.scala:76 Caught exception: dispatch.StatusCode: Unexpected response status: 405 [id => hapi, phase => publish] java.util.concurrent.ExecutionException: dispatch.StatusCode: Unexpected response status: 405
	at com.ning.http.client.providers.netty.future.NettyResponseFuture.done(NettyResponseFuture.java:218)
	at com.ning.http.client.providers.netty.handler.HttpProtocol.markAsDone(HttpProtocol.java:204)
	at com.ning.http.client.providers.netty.handler.HttpProtocol.finishUpdate(HttpProtocol.java:189)
	at com.ning.http.client.providers.netty.handler.HttpProtocol.exitAfterHandlingBody(HttpProtocol.java:402)
	at com.ning.http.client.providers.netty.handler.HttpProtocol.handleHttpResponse(HttpProtocol.java:429)
	at com.ning.http.client.providers.netty.handler.HttpProtocol.handle(HttpProtocol.java:476)
	at com.ning.http.client.providers.netty.handler.Processor.messageReceived(Processor.java:89)
	at org.jboss.netty.channel.SimpleChannelUpstreamHandler.handleUpstream(SimpleChannelUpstreamHandler.java:70)
	at org.jboss.netty.channel.DefaultChannelPipeline.sendUpstream(DefaultChannelPipeline.java:564)
	at org.jboss.netty.channel.DefaultChannelPipeline$DefaultChannelHandlerContext.sendUpstream(DefaultChannelPipeline.java:791)
	at org.jboss.netty.handler.stream.ChunkedWriteHandler.handleUpstream(ChunkedWriteHandler.java:142)
	at org.jboss.netty.channel.DefaultChannelPipeline.sendUpstream(DefaultChannelPipeline.java:564)
	at org.jboss.netty.channel.DefaultChannelPipeline$DefaultChannelHandlerContext.sendUpstream(DefaultChannelPipeline.java:791)
	at org.jboss.netty.handler.codec.http.HttpContentDecoder.messageReceived(HttpContentDecoder.java:108)
	at org.jboss.netty.channel.SimpleChannelUpstreamHandler.handleUpstream(SimpleChannelUpstreamHandler.java:70)
	at org.jboss.netty.channel.DefaultChannelPipeline.sendUpstream(DefaultChannelPipeline.java:564)
	at org.jboss.netty.channel.DefaultChannelPipeline$DefaultChannelHandlerContext.sendUpstream(DefaultChannelPipeline.java:791)
	at org.jboss.netty.channel.Channels.fireMessageReceived(Channels.java:296)
	at org.jboss.netty.handler.codec.frame.FrameDecoder.unfoldAndFireMessageReceived(FrameDecoder.java:459)
	at org.jboss.netty.handler.codec.replay.ReplayingDecoder.callDecode(ReplayingDecoder.java:536)
	at org.jboss.netty.handler.codec.replay.ReplayingDecoder.messageReceived(ReplayingDecoder.java:435)
	at org.jboss.netty.channel.SimpleChannelUpstreamHandler.handleUpstream(SimpleChannelUpstreamHandler.java:70)
	at org.jboss.netty.handler.codec.http.HttpClientCodec.handleUpstream(HttpClientCodec.java:92)
	at org.jboss.netty.channel.DefaultChannelPipeline.sendUpstream(DefaultChannelPipeline.java:564)
	at org.jboss.netty.channel.DefaultChannelPipeline$DefaultChannelHandlerContext.sendUpstream(DefaultChannelPipeline.java:791)
	at org.jboss.netty.channel.Channels.fireMessageReceived(Channels.java:296)
	at org.jboss.netty.handler.codec.frame.FrameDecoder.unfoldAndFireMessageReceived(FrameDecoder.java:462)
	at org.jboss.netty.handler.codec.frame.FrameDecoder.callDecode(FrameDecoder.java:443)
	at org.jboss.netty.handler.codec.frame.FrameDecoder.messageReceived(FrameDecoder.java:303)
	at org.jboss.netty.channel.SimpleChannelUpstreamHandler.handleUpstream(SimpleChannelUpstreamHandler.java:70)
	at org.jboss.netty.channel.DefaultChannelPipeline.sendUpstream(DefaultChannelPipeline.java:564)
	at org.jboss.netty.channel.DefaultChannelPipeline.sendUpstream(DefaultChannelPipeline.java:559)
	at org.jboss.netty.channel.Channels.fireMessageReceived(Channels.java:268)
	at org.jboss.netty.channel.Channels.fireMessageReceived(Channels.java:255)
	at org.jboss.netty.channel.socket.nio.NioWorker.read(NioWorker.java:88)
	at org.jboss.netty.channel.socket.nio.AbstractNioWorker.process(AbstractNioWorker.java:108)
	at org.jboss.netty.channel.socket.nio.AbstractNioSelector.run(AbstractNioSelector.java:337)
	at org.jboss.netty.channel.socket.nio.AbstractNioWorker.run(AbstractNioWorker.java:89)
	at org.jboss.netty.channel.socket.nio.NioWorker.run(NioWorker.java:178)
	at org.jboss.netty.util.ThreadRenamingRunnable.run(ThreadRenamingRunnable.java:108)
	at org.jboss.netty.util.internal.DeadLockProofWorker$1.run(DeadLockProofWorker.java:42)
	at java.util.concurrent.ThreadPoolExecutor.runWorker(ThreadPoolExecutor.java:1149)
	at java.util.concurrent.ThreadPoolExecutor$Worker.run(ThreadPoolExecutor.java:624)
	at java.lang.Thread.run(Thread.java:748)
Caused by: dispatch.StatusCode: Unexpected response status: 405
	at com.olvind.tso.importer.build.BinTrayPublisher$Handle$.$anonfun$createOrConflictUncached$1(BinTrayPublisher.scala:35)
	at com.olvind.tso.importer.build.BinTrayPublisher$Handle$.$anonfun$createOrConflictUncached$1$adapted(BinTrayPublisher.scala:31)
	at dispatch.FunctionHandler.onCompleted(handlers.scala:26)
	at com.ning.http.client.AsyncCompletionHandler.onCompleted(AsyncCompletionHandler.java:55)
	at com.olvind.tso.importer.build.Caching$WrappedHandler.onCompleted(BinTrayPublisher.scala:141)
	at com.olvind.tso.importer.build.Caching$WrappedHandler.onCompleted(BinTrayPublisher.scala:141)
	at com.olvind.tso.importer.build.Caching$Client$StoringHandler$1$.onCompleted(BinTrayPublisher.scala:116)
	at com.ning.http.client.providers.netty.future.NettyResponseFuture.getContent(NettyResponseFuture.java:177)
	at com.ning.http.client.providers.netty.future.NettyResponseFuture.done(NettyResponseFuture.java:212)
	... 43 more

[error] PhaseRunner.scala:88 Failure, [hapi => java.util.concurrent.ExecutionException: dispatch.StatusCode: Unexpected response status: 405] [id => hapi, phase => publish] 
