[info ] ResolveExternalReferences.scala:82 Inferred augmented module None (TsIdentModule(Some(hapi),List(hapi))) [file => ../types/hapi__nes/index.d.ts, phase => typescript, scope => TreeScope(TsParsedFile() / TsDeclModule(@hapi/hapi)), id => @hapi/nes] 
[info ] ResolveExternalReferences.scala:82 Inferred augmented module None (TsIdentModule(Some(hapi),List(hapi))) [file => ../types/hapi__nes/index.d.ts, phase => typescript, scope => TreeScope(TsParsedFile() / TsDeclModule(@hapi/hapi)), id => @hapi/nes] 
[debug] PhaseRunner.scala:92 Ignored [id => @hapi/nes, phase => typescript] 
[debug] PhaseRunner.scala:84 Success [id => @hapi/nes, phase => typescript] 
[debug] PhaseRunner.scala:84 Success [id => @hapi/nes, phase => typescript] 
[info ] Phase1ReadTypescript.scala:171 Preprocessing TsHelperFile(InFile(/home/tso/tmp/tso-cache/DefinitelyTyped/types/hapi__nes/index.d.ts),FromFolder(InFolder(/home/tso/tmp/tso-cache/DefinitelyTyped/types/hapi__nes),TsIdentLibraryScoped(hapi,Some(nes))),TsIdentModule(Some(hapi),List(nes))) [id => @hapi/nes, phase => typescript] 
[info ] InferredDefaultModule.scala:39 Inferred module TsIdentModule(Some(hapi),List(nes)) [id => @hapi/nes, phase => typescript] 
[info ] Phase1ReadTypescript.scala:171 Preprocessing TsHelperFile(InFile(/home/tso/tmp/tso-cache/DefinitelyTyped/types/hapi__nes/lib/client.d.ts),FromFolder(InFolder(/home/tso/tmp/tso-cache/DefinitelyTyped/types/hapi__nes),TsIdentLibraryScoped(hapi,Some(nes))),TsIdentModule(Some(hapi),List(nes, lib, client))) [id => @hapi/nes, phase => typescript] 
[info ] InferredDefaultModule.scala:39 Inferred module TsIdentModule(Some(hapi),List(nes, lib, client)) [id => @hapi/nes, phase => typescript] 
[warn ] Phase1ReadTypescript.scala:189 Processing TsIdentLibraryScoped(hapi,Some(nes)) [id => @hapi/nes, phase => typescript] 
[info ] PreferTypeAlias.scala:55 Simplified to type alias [id => @hapi/nes, phase => typescript, scope => TreeScope(TsParsedFile() / TsDeclModule(@hapi/nes) / TsDeclInterface(Client))] 
[info ] PreferTypeAlias.scala:55 Simplified to type alias [id => @hapi/nes, phase => typescript, scope => TreeScope(TsParsedFile() / TsDeclModule(@hapi/nes) / TsDeclInterface(Handler))] 
[info ] PreferTypeAlias.scala:55 Simplified to type alias [id => @hapi/nes, phase => typescript, scope => TreeScope(TsParsedFile() / TsDeclModule(@hapi/nes) / TsDeclInterface(ClientOptions))] 
[info ] PreferTypeAlias.scala:55 Simplified to type alias [id => @hapi/nes, phase => typescript, scope => TreeScope(TsParsedFile() / TsDeclModule(@hapi/nes) / TsDeclInterface(ClientConnectOptions))] 
[info ] PreferTypeAlias.scala:55 Simplified to type alias [id => @hapi/nes, phase => typescript, scope => TreeScope(TsParsedFile() / TsDeclModule(@hapi/nes) / TsDeclInterface(ClientRequestOptions))] 
[info ] PreferTypeAlias.scala:55 Simplified to type alias [id => @hapi/nes, phase => typescript, scope => TreeScope(TsParsedFile() / TsDeclModule(@hapi/nes) / TsDeclInterface(ClientSubscribeFlags))] 
[info ] PreferTypeAlias.scala:73 Simplified to function type alias [id => @hapi/nes, phase => typescript, scope => TreeScope(TsParsedFile() / TsDeclModule(@hapi/nes/lib/client) / TsDeclNamespace(Client) / TsDeclInterface(Handler))] 
[info ] ExtractInterfaces.scala:41 Extracted anonymous interface TsIdentSimple(Anon_Options) [id => @hapi/nes, phase => typescript, scope => TreeScope(TsParsedFile() / TsDeclModule(@hapi/nes) / TsDeclInterface(NesClassExports) / TsMemberProperty(Client) / TsTypeObject())] 
[info ] ExtractInterfaces.scala:41 Extracted anonymous interface TsIdentSimple(Anon_Code) [id => @hapi/nes, phase => typescript, scope => TreeScope(TsParsedFile() / TsDeclModule(@hapi/nes/lib/client) / TsDeclClass(Client) / TsMemberFunction(onDisconnect) / TsFunSig() / TsFunParam() / TsTypeObject())] 
[debug] PhaseRunner.scala:84 Success [id => @hapi/nes, phase => typescript] 
[warn ] Phase2ToScalaJs.scala:42 Processing @hapi/nes [id => @hapi/nes, phase => scala.js] 
[debug] PhaseRunner.scala:84 Success [id => @hapi/nes, phase => scala.js] 
[warn ] Phase3CompileBloop.scala:245 Built hapi__nes in 593 ms [id => @hapi/nes, phase => build] 
[info ] Phase3CompileBloop.scala:253 published local, [/home/tso/.ivy2/local/org.scalablytyped/hapi__nes_sjs0.6_2.12/11.0-dt-20190521Z-197abd/jars/hapi__nes_sjs0.6_2.12.jar, /home/tso/.ivy2/local/org.scalablytyped/hapi__nes_sjs0.6_2.12/11.0-dt-20190521Z-197abd/srcs/hapi__nes_sjs0.6_2.12-sources.jar, /home/tso/.ivy2/local/org.scalablytyped/hapi__nes_sjs0.6_2.12/11.0-dt-20190521Z-197abd/ivys/ivy.xml, /home/tso/.ivy2/local/org.scalablytyped/hapi__nes_sjs0.6_2.12/11.0-dt-20190521Z-197abd/poms/hapi__nes_sjs0.6_2.12.pom] [id => @hapi/nes, phase => build] 
[debug] PhaseRunner.scala:84 Success [id => @hapi/nes, phase => build] 
[warn ] PhaseRunner.scala:70 Failed because of, [@hapi/hapi => java.util.concurrent.ExecutionException: dispatch.StatusCode: Unexpected response status: 405] [id => @hapi/nes, phase => publish] 
[error] PhaseRunner.scala:88 Failure, [@hapi/hapi => java.util.concurrent.ExecutionException: dispatch.StatusCode: Unexpected response status: 405] [id => @hapi/nes, phase => publish] 
