[info ] InferredDependency.scala:22 Inferred dependencies Set(TsIdentLibrarySimple(node)) for TsIdentLibrarySimple(hard-source-webpack-plugin) [id => hard-source-webpack-plugin, phase => typescript, file => ../types/hard-source-webpack-plugin/index.d.ts] 
[debug] PhaseRunner.scala:84 Success [id => hard-source-webpack-plugin, phase => typescript] 
[info ] Phase1ReadTypescript.scala:160 Preprocessing TsHelperFile(InFile(/home/tso/tmp/tso-cache/DefinitelyTyped/types/hard-source-webpack-plugin/index.d.ts),FromFolder(InFolder(/home/tso/tmp/tso-cache/DefinitelyTyped/types/hard-source-webpack-plugin),TsIdentLibrarySimple(hard-source-webpack-plugin)),TsIdentModule(None,List(hard-source-webpack-plugin))) [id => hard-source-webpack-plugin, phase => typescript] 
[info ] InferredDefaultModule.scala:39 Inferred module TsIdentModule(None,List(hard-source-webpack-plugin)) [id => hard-source-webpack-plugin, phase => typescript] 
[warn ] Phase1ReadTypescript.scala:182 Processing TsIdentLibrarySimple(hard-source-webpack-plugin) [id => hard-source-webpack-plugin, phase => typescript] 
[info ] ExpandTypeParams.scala:61 Expanding 1 members for TsIdentSimple(constructor) [id => hard-source-webpack-plugin, phase => typescript, scope => TreeScope(TsParsedFile() / TsDeclModule(hard-source-webpack-plugin) / TsDeclClass(ExcludeModulePlugin))] 
[info ] ExpandTypeParams.scala:61 Expanding 1 members for TsIdentSimple(apply) [id => hard-source-webpack-plugin, phase => typescript, scope => TreeScope(TsParsedFile() / TsDeclModule(hard-source-webpack-plugin) / TsDeclClass(ExcludeModulePlugin))] 
[info ] ExpandTypeParams.scala:61 Expanding 1 members for TsIdentSimple(apply) [id => hard-source-webpack-plugin, phase => typescript, scope => TreeScope(TsParsedFile() / TsDeclModule(hard-source-webpack-plugin) / TsDeclClass(HardSourceLevelDbSerializerPlugin))] 
[info ] ExpandTypeParams.scala:61 Expanding 1 members for TsIdentSimple(apply) [id => hard-source-webpack-plugin, phase => typescript, scope => TreeScope(TsParsedFile() / TsDeclModule(hard-source-webpack-plugin) / TsDeclClass(LevelDbSerializerPlugin))] 
[info ] ExpandTypeParams.scala:61 Expanding 1 members for TsIdentSimple(apply) [id => hard-source-webpack-plugin, phase => typescript, scope => TreeScope(TsParsedFile() / TsDeclModule(hard-source-webpack-plugin) / TsDeclClass(SerializerAppend2Plugin))] 
[info ] ExpandTypeParams.scala:61 Expanding 1 members for TsIdentSimple(apply) [id => hard-source-webpack-plugin, phase => typescript, scope => TreeScope(TsParsedFile() / TsDeclModule(hard-source-webpack-plugin) / TsDeclClass(SerializerAppendPlugin))] 
[info ] ExpandTypeParams.scala:61 Expanding 1 members for TsIdentSimple(apply) [id => hard-source-webpack-plugin, phase => typescript, scope => TreeScope(TsParsedFile() / TsDeclModule(hard-source-webpack-plugin) / TsDeclClass(SerializerCacachePlugin))] 
[info ] ExpandTypeParams.scala:61 Expanding 1 members for TsIdentSimple(apply) [id => hard-source-webpack-plugin, phase => typescript, scope => TreeScope(TsParsedFile() / TsDeclModule(hard-source-webpack-plugin) / TsDeclClass(SerializerJsonPlugin))] 
[info ] ExpandTypeParams.scala:61 Expanding 1 members for TsIdentSimple(constructor) [id => hard-source-webpack-plugin, phase => typescript, scope => TreeScope(TsParsedFile() / TsDeclModule(hard-source-webpack-plugin) / TsDeclClass(ParallelModulePlugin))] 
[info ] ExpandTypeParams.scala:61 Expanding 1 members for TsIdentSimple(apply) [id => hard-source-webpack-plugin, phase => typescript, scope => TreeScope(TsParsedFile() / TsDeclModule(hard-source-webpack-plugin) / TsDeclClass(ParallelModulePlugin))] 
[info ] ExpandTypeParams.scala:61 Expanding 1 members for TsIdentSimple(fork) [id => hard-source-webpack-plugin, phase => typescript, scope => TreeScope(TsParsedFile() / TsDeclModule(hard-source-webpack-plugin) / TsDeclNamespace(ParallelModulePlugin) / TsDeclInterface(Options))] 
[info ] ExpandTypeParams.scala:61 Expanding 1 members for TsIdentSimple(apply) [id => hard-source-webpack-plugin, phase => typescript, scope => TreeScope(TsParsedFile() / TsDeclModule(hard-source-webpack-plugin) / TsDeclInterface(hard_source_webpack_plugin))] 
[info ] ExpandTypeParams.scala:61 Expanding 1 members for TsIdentSimple(constructor) [id => hard-source-webpack-plugin, phase => typescript, scope => TreeScope(TsParsedFile() / TsDeclModule(hard-source-webpack-plugin) / TsDeclClass(^))] 
[info ] ExtractInterfaces.scala:41 Extracted anonymous interface TsIdentSimple(Anon_Directories) [id => hard-source-webpack-plugin, phase => typescript, scope => TreeScope(TsParsedFile() / TsDeclModule(hard-source-webpack-plugin) / TsDeclInterface(Options) / TsMemberProperty(environmentHash) / TsTypeObject())] 
[info ] ExtractInterfaces.scala:41 Extracted anonymous interface TsIdentSimple(Anon_Debug) [id => hard-source-webpack-plugin, phase => typescript, scope => TreeScope(TsParsedFile() / TsDeclModule(hard-source-webpack-plugin) / TsDeclInterface(Options) / TsMemberProperty(info) / TsTypeObject())] 
[info ] ExtractInterfaces.scala:41 Extracted anonymous interface TsIdentSimple(Anon_MaxAge) [id => hard-source-webpack-plugin, phase => typescript, scope => TreeScope(TsParsedFile() / TsDeclModule(hard-source-webpack-plugin) / TsDeclInterface(Options) / TsMemberProperty(cachePrune) / TsTypeObject())] 
[debug] PhaseRunner.scala:84 Success [id => hard-source-webpack-plugin, phase => typescript] 
[warn ] Phase2ToScalaJs.scala:43 Processing hard-source-webpack-plugin [id => hard-source-webpack-plugin, phase => scala.js] 
[info ] CompleteClass.scala:65 Completed implementations Vector(apply) [id => hard-source-webpack-plugin, phase => scala.js, this => Name(typings) / Name(hardDashSourceDashWebpackDashPlugin) / Name(hardDashSourceDashWebpackDashPluginMod) / Name(^)] 
[debug] PhaseRunner.scala:84 Success [id => hard-source-webpack-plugin, phase => scala.js] 
[warn ] PhaseRunner.scala:70 Failed because of, [webpack => com.olvind.logging.Logger$LoggedException: Couldn't resolve jar for webpack-sources IvyLayout((/home/tso/.ivy2/local/org.scalablytyped/webpack-sources_sjs0.6_2.12/0.1-dt-20180625Z-ad22a0/jars/webpack-sources_sjs0.6_2.12.jar,Unchanged),(/home/tso/.ivy2/local/org.scalablytyped/webpack-sources_sjs0.6_2.12/0.1-dt-20180625Z-ad22a0/srcs/webpack-sources_sjs0.6_2.12-sources.jar,Unchanged),(/home/tso/.ivy2/local/org.scalablytyped/webpack-sources_sjs0.6_2.12/0.1-dt-20180625Z-ad22a0/ivys/ivy.xml,Unchanged),(/home/tso/.ivy2/local/org.scalablytyped/webpack-sources_sjs0.6_2.12/0.1-dt-20180625Z-ad22a0/poms/webpack-sources_sjs0.6_2.12.pom,Unchanged))] [id => hard-source-webpack-plugin, phase => build] 
[error] PhaseRunner.scala:88 Failure, [webpack => com.olvind.logging.Logger$LoggedException: Couldn't resolve jar for webpack-sources IvyLayout((/home/tso/.ivy2/local/org.scalablytyped/webpack-sources_sjs0.6_2.12/0.1-dt-20180625Z-ad22a0/jars/webpack-sources_sjs0.6_2.12.jar,Unchanged),(/home/tso/.ivy2/local/org.scalablytyped/webpack-sources_sjs0.6_2.12/0.1-dt-20180625Z-ad22a0/srcs/webpack-sources_sjs0.6_2.12-sources.jar,Unchanged),(/home/tso/.ivy2/local/org.scalablytyped/webpack-sources_sjs0.6_2.12/0.1-dt-20180625Z-ad22a0/ivys/ivy.xml,Unchanged),(/home/tso/.ivy2/local/org.scalablytyped/webpack-sources_sjs0.6_2.12/0.1-dt-20180625Z-ad22a0/poms/webpack-sources_sjs0.6_2.12.pom,Unchanged))] [id => hard-source-webpack-plugin, phase => build] 
[error] PhaseRunner.scala:88 Failure, [webpack => com.olvind.logging.Logger$LoggedException: Couldn't resolve jar for webpack-sources IvyLayout((/home/tso/.ivy2/local/org.scalablytyped/webpack-sources_sjs0.6_2.12/0.1-dt-20180625Z-ad22a0/jars/webpack-sources_sjs0.6_2.12.jar,Unchanged),(/home/tso/.ivy2/local/org.scalablytyped/webpack-sources_sjs0.6_2.12/0.1-dt-20180625Z-ad22a0/srcs/webpack-sources_sjs0.6_2.12-sources.jar,Unchanged),(/home/tso/.ivy2/local/org.scalablytyped/webpack-sources_sjs0.6_2.12/0.1-dt-20180625Z-ad22a0/ivys/ivy.xml,Unchanged),(/home/tso/.ivy2/local/org.scalablytyped/webpack-sources_sjs0.6_2.12/0.1-dt-20180625Z-ad22a0/poms/webpack-sources_sjs0.6_2.12.pom,Unchanged))] [id => hard-source-webpack-plugin, phase => publish] 
