[debug] PhaseRunner.scala:78 Success [id => hash.js, phase => typescript] 
[info ] Phase1ReadTypescript.scala:152 Preprocessing TsHelperFile(InFile(/home/tso/tmp/tso-cache/npm/node_modules/hash.js/lib/hash.d.ts),FromFolder(InFolder(/home/tso/tmp/tso-cache/npm/node_modules/hash.js),TsIdentLibrarySimple(hash.js)),TsIdentModule(None,List(hash.js))) [id => hash.js, phase => typescript] 
[warn ] Phase1ReadTypescript.scala:190 Processing TsIdentLibrarySimple(hash.js) [id => hash.js, phase => typescript] 
[info ] ExpandCallables.scala:57 Expanded hmac into 1 methods [id => hash.js, phase => typescript, scope => TreeScope(TsParsedFile() / TsDeclInterface(Hash))] 
[info ] ExpandCallables.scala:57 Expanded ripemd160 into 1 methods [id => hash.js, phase => typescript, scope => TreeScope(TsParsedFile() / TsDeclInterface(Hash))] 
[info ] ExpandCallables.scala:57 Expanded sha1 into 1 methods [id => hash.js, phase => typescript, scope => TreeScope(TsParsedFile() / TsDeclInterface(Hash))] 
[info ] ExpandCallables.scala:57 Expanded sha224 into 1 methods [id => hash.js, phase => typescript, scope => TreeScope(TsParsedFile() / TsDeclInterface(Hash))] 
[info ] ExpandCallables.scala:57 Expanded sha256 into 1 methods [id => hash.js, phase => typescript, scope => TreeScope(TsParsedFile() / TsDeclInterface(Hash))] 
[info ] ExpandCallables.scala:57 Expanded sha384 into 1 methods [id => hash.js, phase => typescript, scope => TreeScope(TsParsedFile() / TsDeclInterface(Hash))] 
[info ] ExpandCallables.scala:57 Expanded sha512 into 1 methods [id => hash.js, phase => typescript, scope => TreeScope(TsParsedFile() / TsDeclInterface(Hash))] 
[info ] ExpandCallables.scala:57 Expanded ripemd160 into 1 methods [id => hash.js, phase => typescript, scope => TreeScope(TsParsedFile() / TsDeclInterface(RipemdSet))] 
[info ] ExpandCallables.scala:57 Expanded sha1 into 1 methods [id => hash.js, phase => typescript, scope => TreeScope(TsParsedFile() / TsDeclInterface(ShaSet))] 
[info ] ExpandCallables.scala:57 Expanded sha224 into 1 methods [id => hash.js, phase => typescript, scope => TreeScope(TsParsedFile() / TsDeclInterface(ShaSet))] 
[info ] ExpandCallables.scala:57 Expanded sha256 into 1 methods [id => hash.js, phase => typescript, scope => TreeScope(TsParsedFile() / TsDeclInterface(ShaSet))] 
[info ] ExpandCallables.scala:57 Expanded sha384 into 1 methods [id => hash.js, phase => typescript, scope => TreeScope(TsParsedFile() / TsDeclInterface(ShaSet))] 
[info ] ExpandCallables.scala:57 Expanded sha512 into 1 methods [id => hash.js, phase => typescript, scope => TreeScope(TsParsedFile() / TsDeclInterface(ShaSet))] 
[info ] PreferTypeAlias.scala:118 Simplified to function type alias [id => hash.js, phase => typescript, scope => TreeScope(TsParsedFile() / TsDeclInterface(HmacConstructor))] 
[info ] PreferTypeAlias.scala:118 Simplified to function type alias [id => hash.js, phase => typescript, scope => TreeScope(TsParsedFile() / TsDeclInterface(Ripemd160Constructor))] 
[info ] PreferTypeAlias.scala:118 Simplified to function type alias [id => hash.js, phase => typescript, scope => TreeScope(TsParsedFile() / TsDeclInterface(Sha1Constructor))] 
[info ] PreferTypeAlias.scala:118 Simplified to function type alias [id => hash.js, phase => typescript, scope => TreeScope(TsParsedFile() / TsDeclInterface(Sha224Constructor))] 
[info ] PreferTypeAlias.scala:118 Simplified to function type alias [id => hash.js, phase => typescript, scope => TreeScope(TsParsedFile() / TsDeclInterface(Sha256Constructor))] 
[info ] PreferTypeAlias.scala:118 Simplified to function type alias [id => hash.js, phase => typescript, scope => TreeScope(TsParsedFile() / TsDeclInterface(Sha384Constructor))] 
[info ] PreferTypeAlias.scala:118 Simplified to function type alias [id => hash.js, phase => typescript, scope => TreeScope(TsParsedFile() / TsDeclInterface(Sha512Constructor))] 
[debug] PhaseRunner.scala:78 Success [id => hash.js, phase => typescript] 
[warn ] Phase2ToScalaJs.scala:34 Processing TsIdentLibrarySimple(hash.js) [id => hash.js, phase => scala.js] 
[debug] PhaseRunner.scala:78 Success [id => hash.js, phase => scala.js] 
[warn ] PhaseRunner.scala:64 Failed because of, [node => Compilation failed] [id => hash.js, phase => build] 
[debug] PhaseRunner.scala:82 Failure, [node => Compilation failed] [id => hash.js, phase => build] 
