[debug] PhaseRunner.scala:84 Success [id => html-webpack-plugin, phase => typescript] 
[info ] Phase1ReadTypescript.scala:171 Preprocessing TsHelperFile(InFile(/home/tso/tmp/tso-cache/DefinitelyTyped/types/html-webpack-plugin/index.d.ts),FromFolder(InFolder(/home/tso/tmp/tso-cache/DefinitelyTyped/types/html-webpack-plugin),TsIdentLibrarySimple(html-webpack-plugin)),TsIdentModule(None,List(html-webpack-plugin))) [id => html-webpack-plugin, phase => typescript] 
[info ] InferredDefaultModule.scala:39 Inferred module TsIdentModule(None,List(html-webpack-plugin)) [id => html-webpack-plugin, phase => typescript] 
[warn ] Phase1ReadTypescript.scala:189 Processing TsIdentLibrarySimple(html-webpack-plugin) [id => html-webpack-plugin, phase => typescript] 
[info ] PreferTypeAlias.scala:55 Simplified to type alias [id => html-webpack-plugin, phase => typescript, scope => TreeScope(TsParsedFile() / TsDeclModule(html-webpack-plugin) / TsDeclInterface(HtmlWebpackPlugin))] 
[info ] ExtractInterfaces.scala:41 Extracted anonymous interface TsIdentSimple(Anon_Css) [id => html-webpack-plugin, phase => typescript, scope => TreeScope(TsParsedFile() / TsDeclModule(html-webpack-plugin) / TsDeclInterface(Hooks) / TsMemberProperty(htmlWebpackPluginBeforeHtmlGeneration) / TsTypeRef() / TsTypeObject() / TsMemberProperty(assets) / TsTypeObject())] 
[info ] ExtractInterfaces.scala:41 Extracted anonymous interface TsIdentSimple(Anon_Assets) [id => html-webpack-plugin, phase => typescript, scope => TreeScope(TsParsedFile() / TsDeclModule(html-webpack-plugin) / TsDeclInterface(Hooks) / TsMemberProperty(htmlWebpackPluginBeforeHtmlGeneration) / TsTypeRef() / TsTypeObject())] 
[info ] ExtractInterfaces.scala:41 Extracted anonymous interface TsIdentSimple(Anon_Css) [id => html-webpack-plugin, phase => typescript, scope => TreeScope(TsParsedFile() / TsDeclModule(html-webpack-plugin) / TsDeclInterface(Hooks) / TsMemberProperty(htmlWebpackPluginBeforeHtmlProcessing) / TsTypeRef() / TsTypeObject() / TsMemberProperty(assets) / TsTypeObject())] 
[info ] ExtractInterfaces.scala:41 Extracted anonymous interface TsIdentSimple(Anon_AssetsHtml) [id => html-webpack-plugin, phase => typescript, scope => TreeScope(TsParsedFile() / TsDeclModule(html-webpack-plugin) / TsDeclInterface(Hooks) / TsMemberProperty(htmlWebpackPluginBeforeHtmlProcessing) / TsTypeRef() / TsTypeObject())] 
[info ] ExtractInterfaces.scala:41 Extracted anonymous interface TsIdentSimple(Anon_Css) [id => html-webpack-plugin, phase => typescript, scope => TreeScope(TsParsedFile() / TsDeclModule(html-webpack-plugin) / TsDeclInterface(Hooks) / TsMemberProperty(htmlWebpackPluginAfterHtmlProcessing) / TsTypeRef() / TsTypeObject() / TsMemberProperty(assets) / TsTypeObject())] 
[info ] ExtractInterfaces.scala:41 Extracted anonymous interface TsIdentSimple(Anon_AssetsHtml) [id => html-webpack-plugin, phase => typescript, scope => TreeScope(TsParsedFile() / TsDeclModule(html-webpack-plugin) / TsDeclInterface(Hooks) / TsMemberProperty(htmlWebpackPluginAfterHtmlProcessing) / TsTypeRef() / TsTypeObject())] 
[info ] ExtractInterfaces.scala:41 Extracted anonymous interface TsIdentSimple(Anon_Body) [id => html-webpack-plugin, phase => typescript, scope => TreeScope(TsParsedFile() / TsDeclModule(html-webpack-plugin) / TsDeclInterface(Hooks) / TsMemberProperty(htmlWebpackPluginAlterAssetTags) / TsTypeRef() / TsTypeObject())] 
[info ] ExtractInterfaces.scala:41 Extracted anonymous interface TsIdentSimple(Anon_Html) [id => html-webpack-plugin, phase => typescript, scope => TreeScope(TsParsedFile() / TsDeclModule(html-webpack-plugin) / TsDeclInterface(Hooks) / TsMemberProperty(htmlWebpackPluginAfterEmit) / TsTypeRef() / TsTypeObject())] 
[debug] PhaseRunner.scala:84 Success [id => html-webpack-plugin, phase => typescript] 
[warn ] Phase2ToScalaJs.scala:42 Processing html-webpack-plugin [id => html-webpack-plugin, phase => scala.js] 
[debug] PhaseRunner.scala:84 Success [id => html-webpack-plugin, phase => scala.js] 
[warn ] Phase3CompileBloop.scala:245 Built html-webpack-plugin in 685 ms [id => html-webpack-plugin, phase => build] 
[info ] Phase3CompileBloop.scala:253 published local, [/home/tso/.ivy2/local/org.scalablytyped/html-webpack-plugin_sjs0.6_2.12/3.2-dt-20181121Z-22975d/jars/html-webpack-plugin_sjs0.6_2.12.jar, /home/tso/.ivy2/local/org.scalablytyped/html-webpack-plugin_sjs0.6_2.12/3.2-dt-20181121Z-22975d/srcs/html-webpack-plugin_sjs0.6_2.12-sources.jar, /home/tso/.ivy2/local/org.scalablytyped/html-webpack-plugin_sjs0.6_2.12/3.2-dt-20181121Z-22975d/ivys/ivy.xml, /home/tso/.ivy2/local/org.scalablytyped/html-webpack-plugin_sjs0.6_2.12/3.2-dt-20181121Z-22975d/poms/html-webpack-plugin_sjs0.6_2.12.pom] [id => html-webpack-plugin, phase => build] 
[debug] PhaseRunner.scala:84 Success [id => html-webpack-plugin, phase => build] 
[warn ] PhaseRunner.scala:70 Failed because of, [webpack => java.util.concurrent.ExecutionException: dispatch.StatusCode: Unexpected response status: 405] [id => html-webpack-plugin, phase => publish] 
[error] PhaseRunner.scala:88 Failure, [webpack => java.util.concurrent.ExecutionException: dispatch.StatusCode: Unexpected response status: 405] [id => html-webpack-plugin, phase => publish] 
