[debug] PhaseRunner.scala:78 Success [id => i2c-bus, phase => typescript] 
[info ] InferredDependency.scala:20 Inferred dependencies Set(TsIdentLibrarySimple(node)) for TsIdentLibrarySimple(i2c-bus) [id => i2c-bus, phase => typescript, file => ../types/i2c-bus/index.d.ts] 
[debug] PhaseRunner.scala:78 Success [id => i2c-bus, phase => typescript] 
[info ] Phase1ReadTypescript.scala:152 Preprocessing TsHelperFile(InFile(/home/tso/tmp/tso-cache/DefinitelyTyped/types/async/index.d.ts),FromFolder(InFolder(/home/tso/tmp/tso-cache/DefinitelyTyped/types/i2c-bus),TsIdentLibrarySimple(i2c-bus)),TsIdentModule(None,List(i2c-bus, async))) [id => i2c-bus, phase => typescript] 
[info ] InferredDefaultModule.scala:39 Inferred module TsIdentModule(None,List(i2c-bus, async)) [id => i2c-bus, phase => typescript] 
[info ] Phase1ReadTypescript.scala:152 Preprocessing TsHelperFile(InFile(/home/tso/tmp/tso-cache/DefinitelyTyped/types/i2c-bus/index.d.ts),FromFolder(InFolder(/home/tso/tmp/tso-cache/DefinitelyTyped/types/i2c-bus),TsIdentLibrarySimple(i2c-bus)),TsIdentModule(None,List(i2c-bus))) [id => i2c-bus, phase => typescript] 
[info ] InferredDefaultModule.scala:39 Inferred module TsIdentModule(None,List(i2c-bus)) [id => i2c-bus, phase => typescript] 
[warn ] Phase1ReadTypescript.scala:190 Processing TsIdentLibrarySimple(i2c-bus) [id => i2c-bus, phase => typescript] 
[info ] ResolveTypeQueries.scala:94 Resolved TsTypeQuery(TsQIdent(List(TsIdentLibrarySimple(i2c-bus), TsIdentModule(None,List(i2c-bus, async)), TsIdentSimple(each)))) [id => i2c-bus, phase => typescript, scope => TreeScope(TsParsedFile() / TsDeclModule(i2c-bus/async) / TsExport() / TsExporteeTree() / TsDeclVar(eachSeries) / TsTypeQuery())] 
[info ] ResolveTypeQueries.scala:94 Resolved TsTypeQuery(TsQIdent(List(TsIdentLibrarySimple(i2c-bus), TsIdentModule(None,List(i2c-bus, async)), TsIdentSimple(each)))) [id => i2c-bus, phase => typescript, scope => TreeScope(TsParsedFile() / TsDeclModule(i2c-bus/async) / TsExport() / TsExporteeTree() / TsDeclVar(forEach) / TsTypeQuery())] 
[info ] ResolveTypeQueries.scala:94 Resolved TsTypeQuery(TsQIdent(List(TsIdentLibrarySimple(i2c-bus), TsIdentModule(None,List(i2c-bus, async)), TsIdentSimple(each)))) [id => i2c-bus, phase => typescript, scope => TreeScope(TsParsedFile() / TsDeclModule(i2c-bus/async) / TsExport() / TsExporteeTree() / TsDeclVar(forEachSeries) / TsTypeQuery())] 
[info ] ResolveTypeQueries.scala:94 Resolved TsTypeQuery(TsQIdent(List(TsIdentLibrarySimple(i2c-bus), TsIdentModule(None,List(i2c-bus, async)), TsIdentSimple(eachLimit)))) [id => i2c-bus, phase => typescript, scope => TreeScope(TsParsedFile() / TsDeclModule(i2c-bus/async) / TsExport() / TsExporteeTree() / TsDeclVar(forEachLimit) / TsTypeQuery())] 
[info ] ResolveTypeQueries.scala:94 Resolved TsTypeQuery(TsQIdent(List(TsIdentLibrarySimple(i2c-bus), TsIdentModule(None,List(i2c-bus, async)), TsIdentSimple(forEachOf)))) [id => i2c-bus, phase => typescript, scope => TreeScope(TsParsedFile() / TsDeclModule(i2c-bus/async) / TsExport() / TsExporteeTree() / TsDeclVar(forEachOfSeries) / TsTypeQuery())] 
[info ] ResolveTypeQueries.scala:94 Resolved TsTypeQuery(TsQIdent(List(TsIdentLibrarySimple(i2c-bus), TsIdentModule(None,List(i2c-bus, async)), TsIdentSimple(forEachOf)))) [id => i2c-bus, phase => typescript, scope => TreeScope(TsParsedFile() / TsDeclModule(i2c-bus/async) / TsExport() / TsExporteeTree() / TsDeclVar(eachOf) / TsTypeQuery())] 
[info ] ResolveTypeQueries.scala:94 Resolved TsTypeQuery(TsQIdent(List(TsIdentLibrarySimple(i2c-bus), TsIdentModule(None,List(i2c-bus, async)), TsIdentSimple(forEachOf)))) [id => i2c-bus, phase => typescript, scope => TreeScope(TsParsedFile() / TsDeclModule(i2c-bus/async) / TsExport() / TsExporteeTree() / TsDeclVar(eachOfSeries) / TsTypeQuery())] 
[info ] ResolveTypeQueries.scala:94 Resolved TsTypeQuery(TsQIdent(List(TsIdentLibrarySimple(i2c-bus), TsIdentModule(None,List(i2c-bus, async)), TsIdentSimple(forEachOfLimit)))) [id => i2c-bus, phase => typescript, scope => TreeScope(TsParsedFile() / TsDeclModule(i2c-bus/async) / TsExport() / TsExporteeTree() / TsDeclVar(eachOfLimit) / TsTypeQuery())] 
[info ] ResolveTypeQueries.scala:94 Resolved TsTypeQuery(TsQIdent(List(TsIdentLibrarySimple(i2c-bus), TsIdentModule(None,List(i2c-bus, async)), TsIdentSimple(map)))) [id => i2c-bus, phase => typescript, scope => TreeScope(TsParsedFile() / TsDeclModule(i2c-bus/async) / TsExport() / TsExporteeTree() / TsDeclVar(mapSeries) / TsTypeQuery())] 
[info ] ResolveTypeQueries.scala:94 Resolved TsTypeQuery(TsQIdent(List(TsIdentLibrarySimple(i2c-bus), TsIdentModule(None,List(i2c-bus, async)), TsIdentSimple(mapValues)))) [id => i2c-bus, phase => typescript, scope => TreeScope(TsParsedFile() / TsDeclModule(i2c-bus/async) / TsExport() / TsExporteeTree() / TsDeclVar(mapValuesSeries) / TsTypeQuery())] 
[info ] ResolveTypeQueries.scala:94 Resolved TsTypeQuery(TsQIdent(List(TsIdentLibrarySimple(i2c-bus), TsIdentModule(None,List(i2c-bus, async)), TsIdentSimple(filter)))) [id => i2c-bus, phase => typescript, scope => TreeScope(TsParsedFile() / TsDeclModule(i2c-bus/async) / TsExport() / TsExporteeTree() / TsDeclVar(filterSeries) / TsTypeQuery())] 
[info ] ResolveTypeQueries.scala:94 Resolved TsTypeQuery(TsQIdent(List(TsIdentLibrarySimple(i2c-bus), TsIdentModule(None,List(i2c-bus, async)), TsIdentSimple(filter)))) [id => i2c-bus, phase => typescript, scope => TreeScope(TsParsedFile() / TsDeclModule(i2c-bus/async) / TsExport() / TsExporteeTree() / TsDeclVar(select) / TsTypeQuery())] 
[info ] ResolveTypeQueries.scala:94 Resolved TsTypeQuery(TsQIdent(List(TsIdentLibrarySimple(i2c-bus), TsIdentModule(None,List(i2c-bus, async)), TsIdentSimple(filter)))) [id => i2c-bus, phase => typescript, scope => TreeScope(TsParsedFile() / TsDeclModule(i2c-bus/async) / TsExport() / TsExporteeTree() / TsDeclVar(selectSeries) / TsTypeQuery())] 
[info ] ResolveTypeQueries.scala:94 Resolved TsTypeQuery(TsQIdent(List(TsIdentLibrarySimple(i2c-bus), TsIdentModule(None,List(i2c-bus, async)), TsIdentSimple(filterLimit)))) [id => i2c-bus, phase => typescript, scope => TreeScope(TsParsedFile() / TsDeclModule(i2c-bus/async) / TsExport() / TsExporteeTree() / TsDeclVar(selectLimit) / TsTypeQuery())] 
[info ] ResolveTypeQueries.scala:94 Resolved TsTypeQuery(TsQIdent(List(TsIdentLibrarySimple(i2c-bus), TsIdentModule(None,List(i2c-bus, async)), TsIdentSimple(filter)))) [id => i2c-bus, phase => typescript, scope => TreeScope(TsParsedFile() / TsDeclModule(i2c-bus/async) / TsExport() / TsExporteeTree() / TsDeclVar(reject) / TsTypeQuery())] 
[info ] ResolveTypeQueries.scala:94 Resolved TsTypeQuery(TsQIdent(List(TsIdentLibrarySimple(i2c-bus), TsIdentModule(None,List(i2c-bus, async)), TsIdentSimple(filter)))) [id => i2c-bus, phase => typescript, scope => TreeScope(TsParsedFile() / TsDeclModule(i2c-bus/async) / TsExport() / TsExporteeTree() / TsDeclVar(rejectSeries) / TsTypeQuery())] 
[info ] ResolveTypeQueries.scala:94 Resolved TsTypeQuery(TsQIdent(List(TsIdentLibrarySimple(i2c-bus), TsIdentModule(None,List(i2c-bus, async)), TsIdentSimple(filterLimit)))) [id => i2c-bus, phase => typescript, scope => TreeScope(TsParsedFile() / TsDeclModule(i2c-bus/async) / TsExport() / TsExporteeTree() / TsDeclVar(rejectLimit) / TsTypeQuery())] 
[info ] ResolveTypeQueries.scala:94 Resolved TsTypeQuery(TsQIdent(List(TsIdentLibrarySimple(i2c-bus), TsIdentModule(None,List(i2c-bus, async)), TsIdentSimple(reduce)))) [id => i2c-bus, phase => typescript, scope => TreeScope(TsParsedFile() / TsDeclModule(i2c-bus/async) / TsExport() / TsExporteeTree() / TsDeclVar(inject) / TsTypeQuery())] 
[info ] ResolveTypeQueries.scala:94 Resolved TsTypeQuery(TsQIdent(List(TsIdentLibrarySimple(i2c-bus), TsIdentModule(None,List(i2c-bus, async)), TsIdentSimple(reduce)))) [id => i2c-bus, phase => typescript, scope => TreeScope(TsParsedFile() / TsDeclModule(i2c-bus/async) / TsExport() / TsExporteeTree() / TsDeclVar(foldl) / TsTypeQuery())] 
[info ] ResolveTypeQueries.scala:94 Resolved TsTypeQuery(TsQIdent(List(TsIdentLibrarySimple(i2c-bus), TsIdentModule(None,List(i2c-bus, async)), TsIdentSimple(reduce)))) [id => i2c-bus, phase => typescript, scope => TreeScope(TsParsedFile() / TsDeclModule(i2c-bus/async) / TsExport() / TsExporteeTree() / TsDeclVar(reduceRight) / TsTypeQuery())] 
[info ] ResolveTypeQueries.scala:94 Resolved TsTypeQuery(TsQIdent(List(TsIdentLibrarySimple(i2c-bus), TsIdentModule(None,List(i2c-bus, async)), TsIdentSimple(reduce)))) [id => i2c-bus, phase => typescript, scope => TreeScope(TsParsedFile() / TsDeclModule(i2c-bus/async) / TsExport() / TsExporteeTree() / TsDeclVar(foldr) / TsTypeQuery())] 
[info ] ResolveTypeQueries.scala:94 Resolved TsTypeQuery(TsQIdent(List(TsIdentLibrarySimple(i2c-bus), TsIdentModule(None,List(i2c-bus, async)), TsIdentSimple(detect)))) [id => i2c-bus, phase => typescript, scope => TreeScope(TsParsedFile() / TsDeclModule(i2c-bus/async) / TsExport() / TsExporteeTree() / TsDeclVar(detectSeries) / TsTypeQuery())] 
[info ] ResolveTypeQueries.scala:94 Resolved TsTypeQuery(TsQIdent(List(TsIdentLibrarySimple(i2c-bus), TsIdentModule(None,List(i2c-bus, async)), TsIdentSimple(detect)))) [id => i2c-bus, phase => typescript, scope => TreeScope(TsParsedFile() / TsDeclModule(i2c-bus/async) / TsExport() / TsExporteeTree() / TsDeclVar(find) / TsTypeQuery())] 
[info ] ResolveTypeQueries.scala:94 Resolved TsTypeQuery(TsQIdent(List(TsIdentLibrarySimple(i2c-bus), TsIdentModule(None,List(i2c-bus, async)), TsIdentSimple(detect)))) [id => i2c-bus, phase => typescript, scope => TreeScope(TsParsedFile() / TsDeclModule(i2c-bus/async) / TsExport() / TsExporteeTree() / TsDeclVar(findSeries) / TsTypeQuery())] 
[info ] ResolveTypeQueries.scala:94 Resolved TsTypeQuery(TsQIdent(List(TsIdentLibrarySimple(i2c-bus), TsIdentModule(None,List(i2c-bus, async)), TsIdentSimple(detectLimit)))) [id => i2c-bus, phase => typescript, scope => TreeScope(TsParsedFile() / TsDeclModule(i2c-bus/async) / TsExport() / TsExporteeTree() / TsDeclVar(findLimit) / TsTypeQuery())] 
[info ] ResolveTypeQueries.scala:94 Resolved TsTypeQuery(TsQIdent(List(TsIdentLibrarySimple(i2c-bus), TsIdentModule(None,List(i2c-bus, async)), TsIdentSimple(some)))) [id => i2c-bus, phase => typescript, scope => TreeScope(TsParsedFile() / TsDeclModule(i2c-bus/async) / TsExport() / TsExporteeTree() / TsDeclVar(someSeries) / TsTypeQuery())] 
[info ] ResolveTypeQueries.scala:94 Resolved TsTypeQuery(TsQIdent(List(TsIdentLibrarySimple(i2c-bus), TsIdentModule(None,List(i2c-bus, async)), TsIdentSimple(some)))) [id => i2c-bus, phase => typescript, scope => TreeScope(TsParsedFile() / TsDeclModule(i2c-bus/async) / TsExport() / TsExporteeTree() / TsDeclVar(any) / TsTypeQuery())] 
[warn ] ResolveTypeQueries.scala:98 Couldn't resolve TsTypeQuery(TsQIdent(List(TsIdentLibrarySimple(i2c-bus), TsIdentModule(None,List(i2c-bus, async)), TsIdentSimple(someSeries)))) [id => i2c-bus, phase => typescript, scope => TreeScope(TsParsedFile() / TsDeclModule(i2c-bus/async) / TsExport() / TsExporteeTree() / TsDeclVar(anySeries) / TsTypeQuery())] 
[info ] ResolveTypeQueries.scala:94 Resolved TsTypeQuery(TsQIdent(List(TsIdentLibrarySimple(i2c-bus), TsIdentModule(None,List(i2c-bus, async)), TsIdentSimple(someLimit)))) [id => i2c-bus, phase => typescript, scope => TreeScope(TsParsedFile() / TsDeclModule(i2c-bus/async) / TsExport() / TsExporteeTree() / TsDeclVar(anyLimit) / TsTypeQuery())] 
[info ] ResolveTypeQueries.scala:94 Resolved TsTypeQuery(TsQIdent(List(TsIdentLibrarySimple(i2c-bus), TsIdentModule(None,List(i2c-bus, async)), TsIdentSimple(every)))) [id => i2c-bus, phase => typescript, scope => TreeScope(TsParsedFile() / TsDeclModule(i2c-bus/async) / TsExport() / TsExporteeTree() / TsDeclVar(everySeries) / TsTypeQuery())] 
[info ] ResolveTypeQueries.scala:94 Resolved TsTypeQuery(TsQIdent(List(TsIdentLibrarySimple(i2c-bus), TsIdentModule(None,List(i2c-bus, async)), TsIdentSimple(every)))) [id => i2c-bus, phase => typescript, scope => TreeScope(TsParsedFile() / TsDeclModule(i2c-bus/async) / TsExport() / TsExporteeTree() / TsDeclVar(all) / TsTypeQuery())] 
[info ] ResolveTypeQueries.scala:94 Resolved TsTypeQuery(TsQIdent(List(TsIdentLibrarySimple(i2c-bus), TsIdentModule(None,List(i2c-bus, async)), TsIdentSimple(every)))) [id => i2c-bus, phase => typescript, scope => TreeScope(TsParsedFile() / TsDeclModule(i2c-bus/async) / TsExport() / TsExporteeTree() / TsDeclVar(allSeries) / TsTypeQuery())] 
[info ] ResolveTypeQueries.scala:94 Resolved TsTypeQuery(TsQIdent(List(TsIdentLibrarySimple(i2c-bus), TsIdentModule(None,List(i2c-bus, async)), TsIdentSimple(everyLimit)))) [id => i2c-bus, phase => typescript, scope => TreeScope(TsParsedFile() / TsDeclModule(i2c-bus/async) / TsExport() / TsExporteeTree() / TsDeclVar(allLimit) / TsTypeQuery())] 
[info ] ResolveTypeQueries.scala:94 Resolved TsTypeQuery(TsQIdent(List(TsIdentLibrarySimple(i2c-bus), TsIdentModule(None,List(i2c-bus, async)), TsIdentSimple(concat)))) [id => i2c-bus, phase => typescript, scope => TreeScope(TsParsedFile() / TsDeclModule(i2c-bus/async) / TsExport() / TsExporteeTree() / TsDeclVar(concatSeries) / TsTypeQuery())] 
[info ] ResolveTypeQueries.scala:94 Resolved TsTypeQuery(TsQIdent(List(TsIdentLibrarySimple(i2c-bus), TsIdentModule(None,List(i2c-bus, async)), TsIdentSimple(nextTick)))) [id => i2c-bus, phase => typescript, scope => TreeScope(TsParsedFile() / TsDeclModule(i2c-bus/async) / TsExport() / TsExporteeTree() / TsDeclVar(setImmediate) / TsTypeQuery())] 
[info ] PreferTypeAlias.scala:118 Simplified to function type alias [id => i2c-bus, phase => typescript, scope => TreeScope(TsParsedFile() / TsDeclModule(i2c-bus/async) / TsDeclInterface(ErrorCallback))] 
[info ] PreferTypeAlias.scala:118 Simplified to function type alias [id => i2c-bus, phase => typescript, scope => TreeScope(TsParsedFile() / TsDeclModule(i2c-bus/async) / TsDeclInterface(AsyncBooleanResultCallback))] 
[info ] PreferTypeAlias.scala:118 Simplified to function type alias [id => i2c-bus, phase => typescript, scope => TreeScope(TsParsedFile() / TsDeclModule(i2c-bus/async) / TsDeclInterface(AsyncResultCallback))] 
[info ] PreferTypeAlias.scala:118 Simplified to function type alias [id => i2c-bus, phase => typescript, scope => TreeScope(TsParsedFile() / TsDeclModule(i2c-bus/async) / TsDeclInterface(AsyncResultArrayCallback))] 
[info ] PreferTypeAlias.scala:118 Simplified to function type alias [id => i2c-bus, phase => typescript, scope => TreeScope(TsParsedFile() / TsDeclModule(i2c-bus/async) / TsDeclInterface(AsyncResultObjectCallback))] 
[info ] PreferTypeAlias.scala:118 Simplified to function type alias [id => i2c-bus, phase => typescript, scope => TreeScope(TsParsedFile() / TsDeclModule(i2c-bus/async) / TsDeclInterface(AsyncFunction))] 
[info ] PreferTypeAlias.scala:118 Simplified to function type alias [id => i2c-bus, phase => typescript, scope => TreeScope(TsParsedFile() / TsDeclModule(i2c-bus/async) / TsDeclInterface(AsyncFunctionEx))] 
[info ] PreferTypeAlias.scala:118 Simplified to function type alias [id => i2c-bus, phase => typescript, scope => TreeScope(TsParsedFile() / TsDeclModule(i2c-bus/async) / TsDeclInterface(AsyncIterator))] 
[info ] PreferTypeAlias.scala:118 Simplified to function type alias [id => i2c-bus, phase => typescript, scope => TreeScope(TsParsedFile() / TsDeclModule(i2c-bus/async) / TsDeclInterface(AsyncForEachOfIterator))] 
[info ] PreferTypeAlias.scala:118 Simplified to function type alias [id => i2c-bus, phase => typescript, scope => TreeScope(TsParsedFile() / TsDeclModule(i2c-bus/async) / TsDeclInterface(AsyncResultIterator))] 
[info ] PreferTypeAlias.scala:118 Simplified to function type alias [id => i2c-bus, phase => typescript, scope => TreeScope(TsParsedFile() / TsDeclModule(i2c-bus/async) / TsDeclInterface(AsyncMemoIterator))] 
[info ] PreferTypeAlias.scala:118 Simplified to function type alias [id => i2c-bus, phase => typescript, scope => TreeScope(TsParsedFile() / TsDeclModule(i2c-bus/async) / TsDeclInterface(AsyncBooleanIterator))] 
[info ] PreferTypeAlias.scala:118 Simplified to function type alias [id => i2c-bus, phase => typescript, scope => TreeScope(TsParsedFile() / TsDeclModule(i2c-bus/async) / TsDeclInterface(AsyncWorker))] 
[info ] PreferTypeAlias.scala:118 Simplified to function type alias [id => i2c-bus, phase => typescript, scope => TreeScope(TsParsedFile() / TsDeclModule(i2c-bus/async) / TsDeclInterface(AsyncVoidFunction))] 
[info ] PreferTypeAlias.scala:118 Simplified to function type alias [id => i2c-bus, phase => typescript, scope => TreeScope(TsParsedFile() / TsDeclModule(i2c-bus/async) / TsDeclInterface(AsyncAutoTaskFunctionWithoutDependencies))] 
[info ] PreferTypeAlias.scala:118 Simplified to function type alias [id => i2c-bus, phase => typescript, scope => TreeScope(TsParsedFile() / TsDeclModule(i2c-bus/async) / TsDeclInterface(AsyncAutoTaskFunction))] 
[info ] ExtractInterfaces.scala:30 Extracted anonymous interface TsIdentSimple(Anon_Callback) [id => i2c-bus, phase => typescript, scope => TreeScope(TsParsedFile() / TsDeclModule(i2c-bus/async) / TsDeclInterface(AsyncPriorityQueue) / TsMemberFunction(workersList) / TsFunSig() / TsTypeRef() / TsTypeObject())] 
[info ] ExtractInterfaces.scala:30 Extracted anonymous interface TsIdentSimple(Anon_Interval) [id => i2c-bus, phase => typescript, scope => TreeScope(TsParsedFile() / TsDeclModule(i2c-bus/async) / TsDeclFunction(retryable) / TsFunSig() / TsFunParam() / TsTypeObject())] 
[info ] ExtractInterfaces.scala:30 Extracted anonymous interface TsIdentSimple(Anon_Error) [id => i2c-bus, phase => typescript, scope => TreeScope(TsParsedFile() / TsDeclModule(i2c-bus/async) / TsDeclFunction(reflectAll) / TsFunSig() / TsTypeRef() / TsTypeFunction() / TsFunSig() / TsFunParam() / TsTypeFunction() / TsFunSig() / TsFunParam() / TsTypeObject())] 
[info ] ExtractInterfaces.scala:30 Extracted anonymous interface TsIdentSimple(Anon_IntervalRetryCount) [id => i2c-bus, phase => typescript, scope => TreeScope(TsParsedFile() / TsDeclModule(i2c-bus/async) / TsDeclFunction(retry) / TsFunSig() / TsFunParam() / TsTypeObject())] 
[info ] ExtractInterfaces.scala:30 Extracted anonymous interface TsIdentSimple(Anon_Error) [id => i2c-bus, phase => typescript, scope => TreeScope(TsParsedFile() / TsDeclModule(i2c-bus/async) / TsDeclFunction(reflect) / TsFunSig() / TsTypeFunction() / TsFunSig() / TsFunParam() / TsTypeFunction() / TsFunSig() / TsFunParam() / TsTypeObject())] 
[info ] ExtractInterfaces.scala:30 Extracted anonymous interface TsIdentSimple(Anon_CallbackData) [id => i2c-bus, phase => typescript, scope => TreeScope(TsParsedFile() / TsDeclModule(i2c-bus/async) / TsDeclInterface(AsyncQueue) / TsMemberFunction(workersList) / TsFunSig() / TsTypeRef() / TsTypeObject())] 
[debug] PhaseRunner.scala:78 Success [id => i2c-bus, phase => typescript] 
[warn ] Phase2ToScalaJs.scala:34 Processing TsIdentLibrarySimple(i2c-bus) [id => i2c-bus, phase => scala.js] 
[debug] PhaseRunner.scala:78 Success [id => i2c-bus, phase => scala.js] 
[warn ] PhaseRunner.scala:64 Failed because of, [node => Compilation failed] [id => i2c-bus, phase => build] 
[debug] PhaseRunner.scala:82 Failure, [node => Compilation failed] [id => i2c-bus, phase => build] 
