[debug] PhaseRunner.scala:78 Success [id => inversify-restify-utils, phase => typescript] 
[debug] PhaseRunner.scala:78 Success [id => inversify-restify-utils, phase => typescript] 
[debug] PhaseRunner.scala:78 Success [id => inversify-restify-utils, phase => typescript] 
[debug] PhaseRunner.scala:78 Success [id => inversify-restify-utils, phase => typescript] 
[debug] PhaseRunner.scala:78 Success [id => inversify-restify-utils, phase => typescript] 
[info ] Phase1ReadTypescript.scala:152 Preprocessing TsHelperFile(InFile(/home/tso/tmp/tso-cache/npm/node_modules/inversify-restify-utils/dts/constants.d.ts),FromFolder(InFolder(/home/tso/tmp/tso-cache/npm/node_modules/inversify-restify-utils),TsIdentLibrarySimple(inversify-restify-utils)),TsIdentModule(None,List(inversify-restify-utils, dts, constants))) [id => inversify-restify-utils, phase => typescript] 
[info ] InferredDefaultModule.scala:39 Inferred module TsIdentModule(None,List(inversify-restify-utils, dts, constants)) [id => inversify-restify-utils, phase => typescript] 
[info ] Phase1ReadTypescript.scala:152 Preprocessing TsHelperFile(InFile(/home/tso/tmp/tso-cache/npm/node_modules/inversify-restify-utils/dts/decorators.d.ts),FromFolder(InFolder(/home/tso/tmp/tso-cache/npm/node_modules/inversify-restify-utils),TsIdentLibrarySimple(inversify-restify-utils)),TsIdentModule(None,List(inversify-restify-utils, dts, decorators))) [id => inversify-restify-utils, phase => typescript] 
[info ] InferredDefaultModule.scala:39 Inferred module TsIdentModule(None,List(inversify-restify-utils, dts, decorators)) [id => inversify-restify-utils, phase => typescript] 
[info ] Phase1ReadTypescript.scala:152 Preprocessing TsHelperFile(InFile(/home/tso/tmp/tso-cache/npm/node_modules/inversify-restify-utils/dts/index.d.ts),FromFolder(InFolder(/home/tso/tmp/tso-cache/npm/node_modules/inversify-restify-utils),TsIdentLibrarySimple(inversify-restify-utils)),TsIdentModule(None,List(inversify-restify-utils))) [id => inversify-restify-utils, phase => typescript] 
[info ] InferredDefaultModule.scala:39 Inferred module TsIdentModule(None,List(inversify-restify-utils)) [id => inversify-restify-utils, phase => typescript] 
[info ] Phase1ReadTypescript.scala:152 Preprocessing TsHelperFile(InFile(/home/tso/tmp/tso-cache/npm/node_modules/inversify-restify-utils/dts/interfaces.d.ts),FromFolder(InFolder(/home/tso/tmp/tso-cache/npm/node_modules/inversify-restify-utils),TsIdentLibrarySimple(inversify-restify-utils)),TsIdentModule(None,List(inversify-restify-utils, dts, interfaces))) [id => inversify-restify-utils, phase => typescript] 
[info ] InferredDefaultModule.scala:39 Inferred module TsIdentModule(None,List(inversify-restify-utils, dts, interfaces)) [id => inversify-restify-utils, phase => typescript] 
[info ] Phase1ReadTypescript.scala:152 Preprocessing TsHelperFile(InFile(/home/tso/tmp/tso-cache/npm/node_modules/inversify-restify-utils/dts/server.d.ts),FromFolder(InFolder(/home/tso/tmp/tso-cache/npm/node_modules/inversify-restify-utils),TsIdentLibrarySimple(inversify-restify-utils)),TsIdentModule(None,List(inversify-restify-utils, dts, server))) [id => inversify-restify-utils, phase => typescript] 
[info ] InferredDefaultModule.scala:39 Inferred module TsIdentModule(None,List(inversify-restify-utils, dts, server)) [id => inversify-restify-utils, phase => typescript] 
[warn ] Phase1ReadTypescript.scala:190 Processing TsIdentLibrarySimple(inversify-restify-utils) [id => inversify-restify-utils, phase => typescript] 
[info ] PreferTypeAlias.scala:118 Simplified to function type alias [id => inversify-restify-utils, phase => typescript, scope => TreeScope(TsParsedFile() / TsDeclModule(inversify-restify-utils/dts/interfaces) / TsDeclNamespace(interfaces) / TsDeclInterface(HandlerDecorator))] 
[info ] PreferTypeAlias.scala:118 Simplified to function type alias [id => inversify-restify-utils, phase => typescript, scope => TreeScope(TsParsedFile() / TsDeclModule(inversify-restify-utils/dts/interfaces) / TsDeclNamespace(interfaces) / TsDeclInterface(ConfigFunction))] 
[info ] InferReturnTypes.scala:32 Could not infer return type [id => inversify-restify-utils, phase => typescript, scope => TreeScope(TsParsedFile() / TsDeclModule(inversify-restify-utils/dts/server) / TsDeclClass(InversifyRestifyServer) / TsMemberFunction(registerControllers))] 
[info ] InferReturnTypes.scala:32 Could not infer return type [id => inversify-restify-utils, phase => typescript, scope => TreeScope(TsParsedFile() / TsDeclModule(inversify-restify-utils/dts/server) / TsDeclClass(InversifyRestifyServer) / TsMemberFunction(resolveMiddleware))] 
[info ] InferReturnTypes.scala:32 Could not infer return type [id => inversify-restify-utils, phase => typescript, scope => TreeScope(TsParsedFile() / TsDeclModule(inversify-restify-utils/dts/server) / TsDeclClass(InversifyRestifyServer) / TsMemberFunction(handlerFactory))] 
[info ] ExtractInterfaces.scala:30 Extracted anonymous interface TsIdentSimple(Anon_Controller) [id => inversify-restify-utils, phase => typescript, scope => TreeScope(TsParsedFile() / TsDeclModule(inversify-restify-utils/dts/constants) / TsDeclVar(METADATA_KEY) / TsTypeObject())] 
[info ] ExtractInterfaces.scala:30 Extracted anonymous interface TsIdentSimple(Anon_ControllerSymbol) [id => inversify-restify-utils, phase => typescript, scope => TreeScope(TsParsedFile() / TsDeclModule(inversify-restify-utils/dts/constants) / TsDeclVar(TYPE) / TsTypeObject())] 
[info ] ExtractInterfaces.scala:30 Extracted anonymous interface TsIdentSimple(Anon_ControllerSymbol) [id => inversify-restify-utils, phase => typescript, scope => TreeScope(TsParsedFile() / TsDeclModule(inversify-restify-utils) / TsDeclVar(TYPE) / TsTypeObject())] 
[info ] ExtractInterfaces.scala:30 Extracted anonymous interface TsIdentSimple(Anon_Path) [id => inversify-restify-utils, phase => typescript, scope => TreeScope(TsParsedFile() / TsDeclModule(inversify-restify-utils/dts/interfaces) / TsDeclNamespace(interfaces) / TsDeclTypeAlias(RouteOptions) / TsTypeIntersect() / TsTypeUnion() / TsTypeObject())] 
[info ] ExtractInterfaces.scala:30 Extracted anonymous interface TsIdentSimple(Anon_Options) [id => inversify-restify-utils, phase => typescript, scope => TreeScope(TsParsedFile() / TsDeclModule(inversify-restify-utils/dts/interfaces) / TsDeclNamespace(interfaces) / TsDeclTypeAlias(RouteOptions) / TsTypeIntersect() / TsTypeUnion() / TsTypeObject())] 
[debug] PhaseRunner.scala:78 Success [id => inversify-restify-utils, phase => typescript] 
[warn ] Phase2ToScalaJs.scala:34 Processing TsIdentLibrarySimple(inversify-restify-utils) [id => inversify-restify-utils, phase => scala.js] 
[debug] PhaseRunner.scala:78 Success [id => inversify-restify-utils, phase => scala.js] 
[warn ] PhaseRunner.scala:64 Failed because of, [node => Compilation failed] [id => inversify-restify-utils, phase => build] 
[debug] PhaseRunner.scala:82 Failure, [node => Compilation failed] [id => inversify-restify-utils, phase => build] 
