[warn ] Phase1ReadTypescript.scala:143 Could not resolve declared dependency @angular/compiler-cli [id => @ionic/angular, phase => typescript] 
[warn ] Phase1ReadTypescript.scala:143 Could not resolve declared dependency @angular-devkit/schematics [id => @ionic/angular, phase => typescript] 
[warn ] Phase1ReadTypescript.scala:143 Could not resolve declared dependency @angular-devkit/core [id => @ionic/angular, phase => typescript] 
[warn ] PhaseRunner.scala:70 Failed because of, [zone.js => InFile(/home/tso/tmp/tso-cache/npm/node_modules/zone.js/dist/zone.js.d.ts): Parse error at 8.1 end of input expected] [id => @ionic/angular, phase => typescript] 
[error] PhaseRunner.scala:88 Failure, [zone.js => InFile(/home/tso/tmp/tso-cache/npm/node_modules/zone.js/dist/zone.js.d.ts): Parse error at 8.1 end of input expected] [id => @ionic/angular, phase => typescript] 
[warn ] PhaseRunner.scala:70 Failed because of, [zone.js => InFile(/home/tso/tmp/tso-cache/npm/node_modules/zone.js/dist/zone.js.d.ts): Parse error at 8.1 end of input expected] [id => @ionic/angular, phase => typescript] 
[error] PhaseRunner.scala:88 Failure, [zone.js => InFile(/home/tso/tmp/tso-cache/npm/node_modules/zone.js/dist/zone.js.d.ts): Parse error at 8.1 end of input expected] [id => @ionic/angular, phase => typescript] 
[warn ] PhaseRunner.scala:70 Failed because of, [zone.js => InFile(/home/tso/tmp/tso-cache/npm/node_modules/zone.js/dist/zone.js.d.ts): Parse error at 8.1 end of input expected] [id => @ionic/angular, phase => typescript] 
[error] PhaseRunner.scala:88 Failure, [zone.js => InFile(/home/tso/tmp/tso-cache/npm/node_modules/zone.js/dist/zone.js.d.ts): Parse error at 8.1 end of input expected] [id => @ionic/angular, phase => typescript] 
[debug] PhaseRunner.scala:84 Success [id => @ionic/angular, phase => typescript] 
[warn ] PhaseRunner.scala:70 Failed because of, [zone.js => InFile(/home/tso/tmp/tso-cache/npm/node_modules/zone.js/dist/zone.js.d.ts): Parse error at 8.1 end of input expected] [id => @ionic/angular, phase => typescript] 
[error] PhaseRunner.scala:88 Failure, [zone.js => InFile(/home/tso/tmp/tso-cache/npm/node_modules/zone.js/dist/zone.js.d.ts): Parse error at 8.1 end of input expected] [id => @ionic/angular, phase => typescript] 
[warn ] PhaseRunner.scala:70 Failed because of, [zone.js => InFile(/home/tso/tmp/tso-cache/npm/node_modules/zone.js/dist/zone.js.d.ts): Parse error at 8.1 end of input expected] [id => @ionic/angular, phase => typescript] 
[error] PhaseRunner.scala:88 Failure, [zone.js => InFile(/home/tso/tmp/tso-cache/npm/node_modules/zone.js/dist/zone.js.d.ts): Parse error at 8.1 end of input expected] [id => @ionic/angular, phase => typescript] 
[warn ] PhaseRunner.scala:70 Failed because of, [zone.js => InFile(/home/tso/tmp/tso-cache/npm/node_modules/zone.js/dist/zone.js.d.ts): Parse error at 8.1 end of input expected] [id => @ionic/angular, phase => typescript] 
[error] PhaseRunner.scala:88 Failure, [zone.js => InFile(/home/tso/tmp/tso-cache/npm/node_modules/zone.js/dist/zone.js.d.ts): Parse error at 8.1 end of input expected] [id => @ionic/angular, phase => typescript] 
[warn ] PhaseRunner.scala:70 Failed because of, [zone.js => InFile(/home/tso/tmp/tso-cache/npm/node_modules/zone.js/dist/zone.js.d.ts): Parse error at 8.1 end of input expected] [id => @ionic/angular, phase => typescript] 
[error] PhaseRunner.scala:88 Failure, [zone.js => InFile(/home/tso/tmp/tso-cache/npm/node_modules/zone.js/dist/zone.js.d.ts): Parse error at 8.1 end of input expected] [id => @ionic/angular, phase => typescript] 
[warn ] PhaseRunner.scala:70 Failed because of, [zone.js => InFile(/home/tso/tmp/tso-cache/npm/node_modules/zone.js/dist/zone.js.d.ts): Parse error at 8.1 end of input expected] [id => @ionic/angular, phase => typescript] 
[error] PhaseRunner.scala:88 Failure, [zone.js => InFile(/home/tso/tmp/tso-cache/npm/node_modules/zone.js/dist/zone.js.d.ts): Parse error at 8.1 end of input expected] [id => @ionic/angular, phase => typescript] 
[warn ] PhaseRunner.scala:70 Failed because of, [zone.js => InFile(/home/tso/tmp/tso-cache/npm/node_modules/zone.js/dist/zone.js.d.ts): Parse error at 8.1 end of input expected] [id => @ionic/angular, phase => typescript] 
[error] PhaseRunner.scala:88 Failure, [zone.js => InFile(/home/tso/tmp/tso-cache/npm/node_modules/zone.js/dist/zone.js.d.ts): Parse error at 8.1 end of input expected] [id => @ionic/angular, phase => typescript] 
[debug] PhaseRunner.scala:92 Ignored [id => @ionic/angular, phase => typescript] 
[warn ] PhaseRunner.scala:70 Failed because of, [zone.js => InFile(/home/tso/tmp/tso-cache/npm/node_modules/zone.js/dist/zone.js.d.ts): Parse error at 8.1 end of input expected] [id => @ionic/angular, phase => typescript] 
[error] PhaseRunner.scala:88 Failure, [zone.js => InFile(/home/tso/tmp/tso-cache/npm/node_modules/zone.js/dist/zone.js.d.ts): Parse error at 8.1 end of input expected] [id => @ionic/angular, phase => typescript] 
[warn ] PhaseRunner.scala:70 Failed because of, [zone.js => InFile(/home/tso/tmp/tso-cache/npm/node_modules/zone.js/dist/zone.js.d.ts): Parse error at 8.1 end of input expected] [id => @ionic/angular, phase => typescript] 
[error] PhaseRunner.scala:88 Failure, [zone.js => InFile(/home/tso/tmp/tso-cache/npm/node_modules/zone.js/dist/zone.js.d.ts): Parse error at 8.1 end of input expected] [id => @ionic/angular, phase => typescript] 
[warn ] PhaseRunner.scala:70 Failed because of, [zone.js => InFile(/home/tso/tmp/tso-cache/npm/node_modules/zone.js/dist/zone.js.d.ts): Parse error at 8.1 end of input expected] [id => @ionic/angular, phase => typescript] 
[error] PhaseRunner.scala:88 Failure, [zone.js => InFile(/home/tso/tmp/tso-cache/npm/node_modules/zone.js/dist/zone.js.d.ts): Parse error at 8.1 end of input expected] [id => @ionic/angular, phase => typescript] 
[warn ] PhaseRunner.scala:70 Failed because of, [zone.js => InFile(/home/tso/tmp/tso-cache/npm/node_modules/zone.js/dist/zone.js.d.ts): Parse error at 8.1 end of input expected] [id => @ionic/angular, phase => typescript] 
[error] PhaseRunner.scala:88 Failure, [zone.js => InFile(/home/tso/tmp/tso-cache/npm/node_modules/zone.js/dist/zone.js.d.ts): Parse error at 8.1 end of input expected] [id => @ionic/angular, phase => typescript] 
[warn ] PhaseRunner.scala:70 Failed because of, [zone.js => InFile(/home/tso/tmp/tso-cache/npm/node_modules/zone.js/dist/zone.js.d.ts): Parse error at 8.1 end of input expected] [id => @ionic/angular, phase => typescript] 
[error] PhaseRunner.scala:88 Failure, [zone.js => InFile(/home/tso/tmp/tso-cache/npm/node_modules/zone.js/dist/zone.js.d.ts): Parse error at 8.1 end of input expected] [id => @ionic/angular, phase => typescript] 
[warn ] PhaseRunner.scala:70 Failed because of, [zone.js => InFile(/home/tso/tmp/tso-cache/npm/node_modules/zone.js/dist/zone.js.d.ts): Parse error at 8.1 end of input expected] [id => @ionic/angular, phase => typescript] 
[error] PhaseRunner.scala:88 Failure, [zone.js => InFile(/home/tso/tmp/tso-cache/npm/node_modules/zone.js/dist/zone.js.d.ts): Parse error at 8.1 end of input expected] [id => @ionic/angular, phase => typescript] 
[warn ] PhaseRunner.scala:70 Failed because of, [zone.js => InFile(/home/tso/tmp/tso-cache/npm/node_modules/zone.js/dist/zone.js.d.ts): Parse error at 8.1 end of input expected] [id => @ionic/angular, phase => typescript] 
[error] PhaseRunner.scala:88 Failure, [zone.js => InFile(/home/tso/tmp/tso-cache/npm/node_modules/zone.js/dist/zone.js.d.ts): Parse error at 8.1 end of input expected] [id => @ionic/angular, phase => typescript] 
[warn ] PhaseRunner.scala:70 Failed because of, [zone.js => InFile(/home/tso/tmp/tso-cache/npm/node_modules/zone.js/dist/zone.js.d.ts): Parse error at 8.1 end of input expected] [id => @ionic/angular, phase => typescript] 
[error] PhaseRunner.scala:88 Failure, [zone.js => InFile(/home/tso/tmp/tso-cache/npm/node_modules/zone.js/dist/zone.js.d.ts): Parse error at 8.1 end of input expected] [id => @ionic/angular, phase => typescript] 
[warn ] PhaseRunner.scala:70 Failed because of, [zone.js => InFile(/home/tso/tmp/tso-cache/npm/node_modules/zone.js/dist/zone.js.d.ts): Parse error at 8.1 end of input expected] [id => @ionic/angular, phase => typescript] 
[error] PhaseRunner.scala:88 Failure, [zone.js => InFile(/home/tso/tmp/tso-cache/npm/node_modules/zone.js/dist/zone.js.d.ts): Parse error at 8.1 end of input expected] [id => @ionic/angular, phase => typescript] 
[debug] PhaseRunner.scala:84 Success [id => @ionic/angular, phase => typescript] 
[warn ] PhaseRunner.scala:70 Failed because of, [zone.js => InFile(/home/tso/tmp/tso-cache/npm/node_modules/zone.js/dist/zone.js.d.ts): Parse error at 8.1 end of input expected] [id => @ionic/angular, phase => typescript] 
[error] PhaseRunner.scala:88 Failure, [zone.js => InFile(/home/tso/tmp/tso-cache/npm/node_modules/zone.js/dist/zone.js.d.ts): Parse error at 8.1 end of input expected] [id => @ionic/angular, phase => typescript] 
[warn ] PhaseRunner.scala:70 Failed because of, [zone.js => InFile(/home/tso/tmp/tso-cache/npm/node_modules/zone.js/dist/zone.js.d.ts): Parse error at 8.1 end of input expected] [id => @ionic/angular, phase => typescript] 
[error] PhaseRunner.scala:88 Failure, [zone.js => InFile(/home/tso/tmp/tso-cache/npm/node_modules/zone.js/dist/zone.js.d.ts): Parse error at 8.1 end of input expected] [id => @ionic/angular, phase => typescript] 
[warn ] PhaseRunner.scala:70 Failed because of, [zone.js => InFile(/home/tso/tmp/tso-cache/npm/node_modules/zone.js/dist/zone.js.d.ts): Parse error at 8.1 end of input expected] [id => @ionic/angular, phase => typescript] 
[error] PhaseRunner.scala:88 Failure, [zone.js => InFile(/home/tso/tmp/tso-cache/npm/node_modules/zone.js/dist/zone.js.d.ts): Parse error at 8.1 end of input expected] [id => @ionic/angular, phase => typescript] 
[warn ] PhaseRunner.scala:70 Failed because of, [zone.js => InFile(/home/tso/tmp/tso-cache/npm/node_modules/zone.js/dist/zone.js.d.ts): Parse error at 8.1 end of input expected] [id => @ionic/angular, phase => typescript] 
[error] PhaseRunner.scala:88 Failure, [zone.js => InFile(/home/tso/tmp/tso-cache/npm/node_modules/zone.js/dist/zone.js.d.ts): Parse error at 8.1 end of input expected] [id => @ionic/angular, phase => typescript] 
[warn ] PhaseRunner.scala:70 Failed because of, [zone.js => InFile(/home/tso/tmp/tso-cache/npm/node_modules/zone.js/dist/zone.js.d.ts): Parse error at 8.1 end of input expected] [id => @ionic/angular, phase => typescript] 
[error] PhaseRunner.scala:88 Failure, [zone.js => InFile(/home/tso/tmp/tso-cache/npm/node_modules/zone.js/dist/zone.js.d.ts): Parse error at 8.1 end of input expected] [id => @ionic/angular, phase => typescript] 
[warn ] PhaseRunner.scala:70 Failed because of, [zone.js => InFile(/home/tso/tmp/tso-cache/npm/node_modules/zone.js/dist/zone.js.d.ts): Parse error at 8.1 end of input expected] [id => @ionic/angular, phase => typescript] 
[error] PhaseRunner.scala:88 Failure, [zone.js => InFile(/home/tso/tmp/tso-cache/npm/node_modules/zone.js/dist/zone.js.d.ts): Parse error at 8.1 end of input expected] [id => @ionic/angular, phase => typescript] 
[debug] PhaseRunner.scala:84 Success [id => @ionic/angular, phase => typescript] 
[debug] PhaseRunner.scala:84 Success [id => @ionic/angular, phase => typescript] 
[debug] PhaseRunner.scala:84 Success [id => @ionic/angular, phase => typescript] 
[debug] PhaseRunner.scala:84 Success [id => @ionic/angular, phase => typescript] 
[debug] PhaseRunner.scala:84 Success [id => @ionic/angular, phase => typescript] 
[debug] PhaseRunner.scala:84 Success [id => @ionic/angular, phase => typescript] 
[debug] PhaseRunner.scala:84 Success [id => @ionic/angular, phase => typescript] 
[warn ] PhaseRunner.scala:70 Failed because of, [zone.js => InFile(/home/tso/tmp/tso-cache/npm/node_modules/zone.js/dist/zone.js.d.ts): Parse error at 8.1 end of input expected] [id => @ionic/angular, phase => typescript] 
[error] PhaseRunner.scala:88 Failure, [zone.js => InFile(/home/tso/tmp/tso-cache/npm/node_modules/zone.js/dist/zone.js.d.ts): Parse error at 8.1 end of input expected] [id => @ionic/angular, phase => typescript] 
[debug] PhaseRunner.scala:84 Success [id => @ionic/angular, phase => typescript] 
[warn ] PhaseRunner.scala:70 Failed because of, [zone.js => InFile(/home/tso/tmp/tso-cache/npm/node_modules/zone.js/dist/zone.js.d.ts): Parse error at 8.1 end of input expected] [id => @ionic/angular, phase => typescript] 
[error] PhaseRunner.scala:88 Failure, [zone.js => InFile(/home/tso/tmp/tso-cache/npm/node_modules/zone.js/dist/zone.js.d.ts): Parse error at 8.1 end of input expected] [id => @ionic/angular, phase => typescript] 
[debug] PhaseRunner.scala:84 Success [id => @ionic/angular, phase => typescript] 
[warn ] PhaseRunner.scala:70 Failed because of, [zone.js => InFile(/home/tso/tmp/tso-cache/npm/node_modules/zone.js/dist/zone.js.d.ts): Parse error at 8.1 end of input expected] [id => @ionic/angular, phase => typescript] 
[error] PhaseRunner.scala:88 Failure, [zone.js => InFile(/home/tso/tmp/tso-cache/npm/node_modules/zone.js/dist/zone.js.d.ts): Parse error at 8.1 end of input expected] [id => @ionic/angular, phase => typescript] 
[warn ] PhaseRunner.scala:70 Failed because of, [zone.js => InFile(/home/tso/tmp/tso-cache/npm/node_modules/zone.js/dist/zone.js.d.ts): Parse error at 8.1 end of input expected] [id => @ionic/angular, phase => typescript] 
[error] PhaseRunner.scala:88 Failure, [zone.js => InFile(/home/tso/tmp/tso-cache/npm/node_modules/zone.js/dist/zone.js.d.ts): Parse error at 8.1 end of input expected] [id => @ionic/angular, phase => typescript] 
[warn ] PhaseRunner.scala:70 Failed because of, [zone.js => InFile(/home/tso/tmp/tso-cache/npm/node_modules/zone.js/dist/zone.js.d.ts): Parse error at 8.1 end of input expected] [id => @ionic/angular, phase => typescript] 
[error] PhaseRunner.scala:88 Failure, [zone.js => InFile(/home/tso/tmp/tso-cache/npm/node_modules/zone.js/dist/zone.js.d.ts): Parse error at 8.1 end of input expected] [id => @ionic/angular, phase => typescript] 
[warn ] PhaseRunner.scala:70 Failed because of, [zone.js => InFile(/home/tso/tmp/tso-cache/npm/node_modules/zone.js/dist/zone.js.d.ts): Parse error at 8.1 end of input expected] [id => @ionic/angular, phase => typescript] 
[error] PhaseRunner.scala:88 Failure, [zone.js => InFile(/home/tso/tmp/tso-cache/npm/node_modules/zone.js/dist/zone.js.d.ts): Parse error at 8.1 end of input expected] [id => @ionic/angular, phase => typescript] 
[error] PhaseRunner.scala:88 Failure, [zone.js => InFile(/home/tso/tmp/tso-cache/npm/node_modules/zone.js/dist/zone.js.d.ts): Parse error at 8.1 end of input expected] [id => @ionic/angular, phase => scala.js] 
[error] PhaseRunner.scala:88 Failure, [zone.js => InFile(/home/tso/tmp/tso-cache/npm/node_modules/zone.js/dist/zone.js.d.ts): Parse error at 8.1 end of input expected] [id => @ionic/angular, phase => build] 
