[info ] InferredDependency.scala:20 Inferred dependencies Set(TsIdentLibrarySimple(node)) for TsIdentLibraryScoped(ionic,Some(cli-framework)) [id => @ionic/cli-framework, phase => typescript, file => ../@ionic/cli-framework/definitions.d.ts] 
[debug] PhaseRunner.scala:78 Success [id => @ionic/cli-framework, phase => typescript] 
[debug] PhaseRunner.scala:78 Success [id => @ionic/cli-framework, phase => typescript] 
[debug] PhaseRunner.scala:78 Success [id => @ionic/cli-framework, phase => typescript] 
[info ] InferredDependency.scala:20 Inferred dependencies Set(TsIdentLibrarySimple(node)) for TsIdentLibraryScoped(ionic,Some(cli-framework)) [id => @ionic/cli-framework, phase => typescript, file => ../cli-framework/lib/logger.d.ts] 
[debug] PhaseRunner.scala:78 Success [id => @ionic/cli-framework, phase => typescript] 
[debug] PhaseRunner.scala:86 Ignored [id => @ionic/cli-framework, phase => typescript] 
[debug] PhaseRunner.scala:78 Success [id => @ionic/cli-framework, phase => typescript] 
[debug] PhaseRunner.scala:78 Success [id => @ionic/cli-framework, phase => typescript] 
[debug] PhaseRunner.scala:78 Success [id => @ionic/cli-framework, phase => typescript] 
[debug] PhaseRunner.scala:78 Success [id => @ionic/cli-framework, phase => typescript] 
[debug] PhaseRunner.scala:78 Success [id => @ionic/cli-framework, phase => typescript] 
[info ] InferredDependency.scala:20 Inferred dependencies Set(TsIdentLibrarySimple(node)) for TsIdentLibraryScoped(ionic,Some(cli-framework)) [id => @ionic/cli-framework, phase => typescript, file => ../cli-framework/lib/executor.d.ts] 
[info ] InferredDependency.scala:20 Inferred dependencies Set(TsIdentLibrarySimple(node)) for TsIdentLibraryScoped(ionic,Some(cli-framework)) [id => @ionic/cli-framework, phase => typescript, file => ../cli-framework/utils/ipc.d.ts] 
[debug] PhaseRunner.scala:78 Success [id => @ionic/cli-framework, phase => typescript] 
[debug] PhaseRunner.scala:78 Success [id => @ionic/cli-framework, phase => typescript] 
[debug] PhaseRunner.scala:78 Success [id => @ionic/cli-framework, phase => typescript] 
[info ] InferredDependency.scala:20 Inferred dependencies Set(TsIdentLibrarySimple(node)) for TsIdentLibraryScoped(ionic,Some(cli-framework)) [id => @ionic/cli-framework, phase => typescript, file => ../cli-framework/lib/tasks.d.ts] 
[debug] PhaseRunner.scala:78 Success [id => @ionic/cli-framework, phase => typescript] 
[info ] InferredDependency.scala:20 Inferred dependencies Set(TsIdentLibrarySimple(node)) for TsIdentLibraryScoped(ionic,Some(cli-framework)) [id => @ionic/cli-framework, phase => typescript, file => ../cli-framework/lib/output.d.ts] 
[debug] PhaseRunner.scala:78 Success [id => @ionic/cli-framework, phase => typescript] 
[debug] PhaseRunner.scala:78 Success [id => @ionic/cli-framework, phase => typescript] 
[debug] PhaseRunner.scala:78 Success [id => @ionic/cli-framework, phase => typescript] 
[debug] PhaseRunner.scala:78 Success [id => @ionic/cli-framework, phase => typescript] 
[debug] PhaseRunner.scala:78 Success [id => @ionic/cli-framework, phase => typescript] 
[info ] Phase1ReadTypescript.scala:152 Preprocessing TsHelperFile(InFile(/home/tso/tmp/tso-cache/npm/node_modules/@ionic/cli-framework/definitions.d.ts),FromFolder(InFolder(/home/tso/tmp/tso-cache/npm/node_modules/@ionic/cli-framework),TsIdentLibraryScoped(ionic,Some(cli-framework))),TsIdentModule(Some(ionic),List(cli-framework, definitions))) [id => @ionic/cli-framework, phase => typescript] 
[info ] InferredDefaultModule.scala:39 Inferred module TsIdentModule(Some(ionic),List(cli-framework, definitions)) [id => @ionic/cli-framework, phase => typescript] 
[info ] Phase1ReadTypescript.scala:152 Preprocessing TsHelperFile(InFile(/home/tso/tmp/tso-cache/npm/node_modules/@ionic/cli-framework/errors.d.ts),FromFolder(InFolder(/home/tso/tmp/tso-cache/npm/node_modules/@ionic/cli-framework),TsIdentLibraryScoped(ionic,Some(cli-framework))),TsIdentModule(Some(ionic),List(cli-framework, errors))) [id => @ionic/cli-framework, phase => typescript] 
[info ] InferredDefaultModule.scala:39 Inferred module TsIdentModule(Some(ionic),List(cli-framework, errors)) [id => @ionic/cli-framework, phase => typescript] 
[info ] Phase1ReadTypescript.scala:152 Preprocessing TsHelperFile(InFile(/home/tso/tmp/tso-cache/npm/node_modules/@ionic/cli-framework/index.d.ts),FromFolder(InFolder(/home/tso/tmp/tso-cache/npm/node_modules/@ionic/cli-framework),TsIdentLibraryScoped(ionic,Some(cli-framework))),TsIdentModule(Some(ionic),List(cli-framework))) [id => @ionic/cli-framework, phase => typescript] 
[info ] InferredDefaultModule.scala:39 Inferred module TsIdentModule(Some(ionic),List(cli-framework)) [id => @ionic/cli-framework, phase => typescript] 
[info ] Phase1ReadTypescript.scala:152 Preprocessing TsHelperFile(InFile(/home/tso/tmp/tso-cache/npm/node_modules/@ionic/cli-framework/lib/colors.d.ts),FromFolder(InFolder(/home/tso/tmp/tso-cache/npm/node_modules/@ionic/cli-framework),TsIdentLibraryScoped(ionic,Some(cli-framework))),TsIdentModule(Some(ionic),List(cli-framework, lib, colors))) [id => @ionic/cli-framework, phase => typescript] 
[info ] InferredDefaultModule.scala:39 Inferred module TsIdentModule(Some(ionic),List(cli-framework, lib, colors)) [id => @ionic/cli-framework, phase => typescript] 
[info ] Phase1ReadTypescript.scala:152 Preprocessing TsHelperFile(InFile(/home/tso/tmp/tso-cache/npm/node_modules/@ionic/cli-framework/lib/command.d.ts),FromFolder(InFolder(/home/tso/tmp/tso-cache/npm/node_modules/@ionic/cli-framework),TsIdentLibraryScoped(ionic,Some(cli-framework))),TsIdentModule(Some(ionic),List(cli-framework, lib, command))) [id => @ionic/cli-framework, phase => typescript] 
[info ] InferredDefaultModule.scala:39 Inferred module TsIdentModule(Some(ionic),List(cli-framework, lib, command)) [id => @ionic/cli-framework, phase => typescript] 
[info ] Phase1ReadTypescript.scala:152 Preprocessing TsHelperFile(InFile(/home/tso/tmp/tso-cache/npm/node_modules/@ionic/cli-framework/lib/config.d.ts),FromFolder(InFolder(/home/tso/tmp/tso-cache/npm/node_modules/@ionic/cli-framework),TsIdentLibraryScoped(ionic,Some(cli-framework))),TsIdentModule(Some(ionic),List(cli-framework, lib, config))) [id => @ionic/cli-framework, phase => typescript] 
[info ] InferredDefaultModule.scala:39 Inferred module TsIdentModule(Some(ionic),List(cli-framework, lib, config)) [id => @ionic/cli-framework, phase => typescript] 
[info ] Phase1ReadTypescript.scala:152 Preprocessing TsHelperFile(InFile(/home/tso/tmp/tso-cache/npm/node_modules/@ionic/cli-framework/lib/executor.d.ts),FromFolder(InFolder(/home/tso/tmp/tso-cache/npm/node_modules/@ionic/cli-framework),TsIdentLibraryScoped(ionic,Some(cli-framework))),TsIdentModule(Some(ionic),List(cli-framework, lib, executor))) [id => @ionic/cli-framework, phase => typescript] 
[info ] InferredDefaultModule.scala:39 Inferred module TsIdentModule(Some(ionic),List(cli-framework, lib, executor)) [id => @ionic/cli-framework, phase => typescript] 
[info ] Phase1ReadTypescript.scala:152 Preprocessing TsHelperFile(InFile(/home/tso/tmp/tso-cache/npm/node_modules/@ionic/cli-framework/lib/help.d.ts),FromFolder(InFolder(/home/tso/tmp/tso-cache/npm/node_modules/@ionic/cli-framework),TsIdentLibraryScoped(ionic,Some(cli-framework))),TsIdentModule(Some(ionic),List(cli-framework, lib, help))) [id => @ionic/cli-framework, phase => typescript] 
[info ] InferredDefaultModule.scala:39 Inferred module TsIdentModule(Some(ionic),List(cli-framework, lib, help)) [id => @ionic/cli-framework, phase => typescript] 
[info ] Phase1ReadTypescript.scala:152 Preprocessing TsHelperFile(InFile(/home/tso/tmp/tso-cache/npm/node_modules/@ionic/cli-framework/lib/index.d.ts),FromFolder(InFolder(/home/tso/tmp/tso-cache/npm/node_modules/@ionic/cli-framework),TsIdentLibraryScoped(ionic,Some(cli-framework))),TsIdentModule(Some(ionic),List(cli-framework, lib))) [id => @ionic/cli-framework, phase => typescript] 
[info ] InferredDefaultModule.scala:39 Inferred module TsIdentModule(Some(ionic),List(cli-framework, lib)) [id => @ionic/cli-framework, phase => typescript] 
[info ] Phase1ReadTypescript.scala:152 Preprocessing TsHelperFile(InFile(/home/tso/tmp/tso-cache/npm/node_modules/@ionic/cli-framework/lib/logger.d.ts),FromFolder(InFolder(/home/tso/tmp/tso-cache/npm/node_modules/@ionic/cli-framework),TsIdentLibraryScoped(ionic,Some(cli-framework))),TsIdentModule(Some(ionic),List(cli-framework, lib, logger))) [id => @ionic/cli-framework, phase => typescript] 
[info ] InferredDefaultModule.scala:39 Inferred module TsIdentModule(Some(ionic),List(cli-framework, lib, logger)) [id => @ionic/cli-framework, phase => typescript] 
[info ] Phase1ReadTypescript.scala:152 Preprocessing TsHelperFile(InFile(/home/tso/tmp/tso-cache/npm/node_modules/@ionic/cli-framework/lib/options.d.ts),FromFolder(InFolder(/home/tso/tmp/tso-cache/npm/node_modules/@ionic/cli-framework),TsIdentLibraryScoped(ionic,Some(cli-framework))),TsIdentModule(Some(ionic),List(cli-framework, lib, options))) [id => @ionic/cli-framework, phase => typescript] 
[info ] InferredDefaultModule.scala:39 Inferred module TsIdentModule(Some(ionic),List(cli-framework, lib, options)) [id => @ionic/cli-framework, phase => typescript] 
[info ] Phase1ReadTypescript.scala:152 Preprocessing TsHelperFile(InFile(/home/tso/tmp/tso-cache/npm/node_modules/@ionic/cli-framework/lib/output.d.ts),FromFolder(InFolder(/home/tso/tmp/tso-cache/npm/node_modules/@ionic/cli-framework),TsIdentLibraryScoped(ionic,Some(cli-framework))),TsIdentModule(Some(ionic),List(cli-framework, lib, output))) [id => @ionic/cli-framework, phase => typescript] 
[info ] InferredDefaultModule.scala:39 Inferred module TsIdentModule(Some(ionic),List(cli-framework, lib, output)) [id => @ionic/cli-framework, phase => typescript] 
[info ] Phase1ReadTypescript.scala:152 Preprocessing TsHelperFile(InFile(/home/tso/tmp/tso-cache/npm/node_modules/@ionic/cli-framework/lib/prompts.d.ts),FromFolder(InFolder(/home/tso/tmp/tso-cache/npm/node_modules/@ionic/cli-framework),TsIdentLibraryScoped(ionic,Some(cli-framework))),TsIdentModule(Some(ionic),List(cli-framework, lib, prompts))) [id => @ionic/cli-framework, phase => typescript] 
[info ] InferredDefaultModule.scala:39 Inferred module TsIdentModule(Some(ionic),List(cli-framework, lib, prompts)) [id => @ionic/cli-framework, phase => typescript] 
[info ] Phase1ReadTypescript.scala:152 Preprocessing TsHelperFile(InFile(/home/tso/tmp/tso-cache/npm/node_modules/@ionic/cli-framework/lib/tasks.d.ts),FromFolder(InFolder(/home/tso/tmp/tso-cache/npm/node_modules/@ionic/cli-framework),TsIdentLibraryScoped(ionic,Some(cli-framework))),TsIdentModule(Some(ionic),List(cli-framework, lib, tasks))) [id => @ionic/cli-framework, phase => typescript] 
[info ] InferredDefaultModule.scala:39 Inferred module TsIdentModule(Some(ionic),List(cli-framework, lib, tasks)) [id => @ionic/cli-framework, phase => typescript] 
[info ] Phase1ReadTypescript.scala:152 Preprocessing TsHelperFile(InFile(/home/tso/tmp/tso-cache/npm/node_modules/@ionic/cli-framework/lib/validators.d.ts),FromFolder(InFolder(/home/tso/tmp/tso-cache/npm/node_modules/@ionic/cli-framework),TsIdentLibraryScoped(ionic,Some(cli-framework))),TsIdentModule(Some(ionic),List(cli-framework, lib, validators))) [id => @ionic/cli-framework, phase => typescript] 
[info ] InferredDefaultModule.scala:39 Inferred module TsIdentModule(Some(ionic),List(cli-framework, lib, validators)) [id => @ionic/cli-framework, phase => typescript] 
[info ] Phase1ReadTypescript.scala:152 Preprocessing TsHelperFile(InFile(/home/tso/tmp/tso-cache/npm/node_modules/@ionic/cli-framework/utils/format.d.ts),FromFolder(InFolder(/home/tso/tmp/tso-cache/npm/node_modules/@ionic/cli-framework),TsIdentLibraryScoped(ionic,Some(cli-framework))),TsIdentModule(Some(ionic),List(cli-framework, utils, format))) [id => @ionic/cli-framework, phase => typescript] 
[info ] InferredDefaultModule.scala:39 Inferred module TsIdentModule(Some(ionic),List(cli-framework, utils, format)) [id => @ionic/cli-framework, phase => typescript] 
[info ] Phase1ReadTypescript.scala:152 Preprocessing TsHelperFile(InFile(/home/tso/tmp/tso-cache/npm/node_modules/@ionic/cli-framework/utils/ipc.d.ts),FromFolder(InFolder(/home/tso/tmp/tso-cache/npm/node_modules/@ionic/cli-framework),TsIdentLibraryScoped(ionic,Some(cli-framework))),TsIdentModule(Some(ionic),List(cli-framework, utils, ipc))) [id => @ionic/cli-framework, phase => typescript] 
[info ] InferredDefaultModule.scala:39 Inferred module TsIdentModule(Some(ionic),List(cli-framework, utils, ipc)) [id => @ionic/cli-framework, phase => typescript] 
[info ] Phase1ReadTypescript.scala:152 Preprocessing TsHelperFile(InFile(/home/tso/tmp/tso-cache/npm/node_modules/@ionic/cli-framework/utils/object.d.ts),FromFolder(InFolder(/home/tso/tmp/tso-cache/npm/node_modules/@ionic/cli-framework),TsIdentLibraryScoped(ionic,Some(cli-framework))),TsIdentModule(Some(ionic),List(cli-framework, utils, object))) [id => @ionic/cli-framework, phase => typescript] 
[info ] InferredDefaultModule.scala:39 Inferred module TsIdentModule(Some(ionic),List(cli-framework, utils, object)) [id => @ionic/cli-framework, phase => typescript] 
[warn ] Phase1ReadTypescript.scala:190 Processing TsIdentLibraryScoped(ionic,Some(cli-framework)) [id => @ionic/cli-framework, phase => typescript] 
[warn ] ResolveTypeQueries.scala:98 Couldn't resolve TsTypeQuery(TsQIdent(List(TsIdentSimple(minimist)))) [id => @ionic/cli-framework, phase => typescript, scope => TreeScope(TsParsedFile() / TsDeclModule(@ionic/cli-framework/lib/options) / TsExport() / TsExporteeTree() / TsDeclVar(parseArgs) / TsTypeQuery())] 
[warn ] ResolveTypeQueries.scala:98 Couldn't resolve TsTypeQuery(TsQIdent(List(TsIdentLibrarySimple(inquirer), TsIdentModule(None,List(inquirer)), TsIdentSimple(namespaced), TsIdentSimple(ui)))) [id => @ionic/cli-framework, phase => typescript, scope => TreeScope(TsParsedFile() / TsDeclModule(@ionic/cli-framework/lib/output) / TsExport() / TsExporteeTree() / TsDeclInterface(BottomBarOutputStrategyOptions) / TsMemberProperty(BottomBar) / TsTypeQuery())] 
[warn ] ResolveTypeQueries.scala:98 Couldn't resolve TsTypeQuery(TsQIdent(List(TsIdentLibrarySimple(inquirer), TsIdentModule(None,List(inquirer)), TsIdentSimple(namespaced), TsIdentSimple(ui)))) [id => @ionic/cli-framework, phase => typescript, scope => TreeScope(TsParsedFile() / TsDeclModule(@ionic/cli-framework/lib/output) / TsExport() / TsExporteeTree() / TsDeclClass(BottomBarOutputStrategy) / TsMemberProperty(BottomBar) / TsTypeQuery())] 
[warn ] ResolveTypeQueries.scala:98 Couldn't resolve TsTypeQuery(TsQIdent(List(TsIdentLibrarySimple(inquirer), TsIdentModule(None,List(inquirer)), TsIdentSimple(namespaced), TsIdentSimple(ui)))) [id => @ionic/cli-framework, phase => typescript, scope => TreeScope(TsParsedFile() / TsDeclModule(@ionic/cli-framework/lib/output) / TsExport() / TsExporteeTree() / TsDeclClass(BottomBarOutputStrategy) / TsMemberFunction(get) / TsFunSig() / TsTypeQuery())] 
[info ] PreferTypeAlias.scala:112 Simplified to type alias [id => @ionic/cli-framework, phase => typescript, scope => TreeScope(TsParsedFile() / TsDeclModule(@ionic/cli-framework/definitions) / TsDeclInterface(NamespaceMetadata))] 
[info ] ExpandCallables.scala:57 Expanded required into 1 methods [id => @ionic/cli-framework, phase => typescript, scope => TreeScope(TsParsedFile() / TsDeclModule(@ionic/cli-framework/definitions) / TsDeclInterface(Validators))] 
[info ] ExpandCallables.scala:57 Expanded email into 1 methods [id => @ionic/cli-framework, phase => typescript, scope => TreeScope(TsParsedFile() / TsDeclModule(@ionic/cli-framework/definitions) / TsDeclInterface(Validators))] 
[info ] ExpandCallables.scala:57 Expanded numeric into 1 methods [id => @ionic/cli-framework, phase => typescript, scope => TreeScope(TsParsedFile() / TsDeclModule(@ionic/cli-framework/definitions) / TsDeclInterface(Validators))] 
[info ] ExpandCallables.scala:57 Expanded url into 1 methods [id => @ionic/cli-framework, phase => typescript, scope => TreeScope(TsParsedFile() / TsDeclModule(@ionic/cli-framework/definitions) / TsDeclInterface(Validators))] 
[info ] ExpandCallables.scala:57 Expanded slug into 1 methods [id => @ionic/cli-framework, phase => typescript, scope => TreeScope(TsParsedFile() / TsDeclModule(@ionic/cli-framework/definitions) / TsDeclInterface(Validators))] 
[info ] ExpandCallables.scala:57 Expanded validator into 1 methods [id => @ionic/cli-framework, phase => typescript, scope => TreeScope(TsParsedFile() / TsDeclModule(@ionic/cli-framework/definitions) / TsDeclInterface(ValidationError))] 
[info ] ExpandCallables.scala:57 Expanded strong into 2 methods [id => @ionic/cli-framework, phase => typescript, scope => TreeScope(TsParsedFile() / TsDeclModule(@ionic/cli-framework/lib/colors) / TsDeclInterface(Colors))] 
[info ] ExpandCallables.scala:57 Expanded weak into 2 methods [id => @ionic/cli-framework, phase => typescript, scope => TreeScope(TsParsedFile() / TsDeclModule(@ionic/cli-framework/lib/colors) / TsDeclInterface(Colors))] 
[info ] ExpandCallables.scala:57 Expanded input into 2 methods [id => @ionic/cli-framework, phase => typescript, scope => TreeScope(TsParsedFile() / TsDeclModule(@ionic/cli-framework/lib/colors) / TsDeclInterface(Colors))] 
[info ] ExpandCallables.scala:57 Expanded success into 2 methods [id => @ionic/cli-framework, phase => typescript, scope => TreeScope(TsParsedFile() / TsDeclModule(@ionic/cli-framework/lib/colors) / TsDeclInterface(Colors))] 
[info ] ExpandCallables.scala:57 Expanded failure into 2 methods [id => @ionic/cli-framework, phase => typescript, scope => TreeScope(TsParsedFile() / TsDeclModule(@ionic/cli-framework/lib/colors) / TsDeclInterface(Colors))] 
[debug] DefaultedTParams.scala:29 Defaulting type parameter TsIdentSimple(I) at TreeScope(TsParsedFile() / TsDeclModule(@ionic/cli-framework) / TsDeclFunction(createCommandMetadataFromSchema) / TsFunSig() / TsTypeRef() / TsTypeRef()) [id => @ionic/cli-framework, phase => typescript, scope => TreeScope(TsParsedFile() / TsDeclModule(@ionic/cli-framework) / TsDeclFunction(createCommandMetadataFromSchema) / TsFunSig() / TsTypeRef() / TsTypeRef())] 
[debug] DefaultedTParams.scala:29 Defaulting type parameter TsIdentSimple(O) at TreeScope(TsParsedFile() / TsDeclModule(@ionic/cli-framework) / TsDeclFunction(createCommandMetadataFromSchema) / TsFunSig() / TsTypeRef() / TsTypeRef()) [id => @ionic/cli-framework, phase => typescript, scope => TreeScope(TsParsedFile() / TsDeclModule(@ionic/cli-framework) / TsDeclFunction(createCommandMetadataFromSchema) / TsFunSig() / TsTypeRef() / TsTypeRef())] 
[debug] DefaultedTParams.scala:29 Defaulting type parameter TsIdentSimple(I) at TreeScope(TsParsedFile() / TsDeclModule(@ionic/cli-framework/lib/command) / TsDeclClass(Command) / TsTypeRef() / TsTypeRef()) [id => @ionic/cli-framework, phase => typescript, scope => TreeScope(TsParsedFile() / TsDeclModule(@ionic/cli-framework/lib/command) / TsDeclClass(Command) / TsTypeRef() / TsTypeRef())] 
[debug] DefaultedTParams.scala:29 Defaulting type parameter TsIdentSimple(O) at TreeScope(TsParsedFile() / TsDeclModule(@ionic/cli-framework/lib/command) / TsDeclClass(Command) / TsTypeRef() / TsTypeRef()) [id => @ionic/cli-framework, phase => typescript, scope => TreeScope(TsParsedFile() / TsDeclModule(@ionic/cli-framework/lib/command) / TsDeclClass(Command) / TsTypeRef() / TsTypeRef())] 
[debug] DefaultedTParams.scala:29 Defaulting type parameter TsIdentSimple(I) at TreeScope(TsParsedFile() / TsDeclModule(@ionic/cli-framework/lib/command) / TsDeclClass(Namespace) / TsTypeRef() / TsTypeRef()) [id => @ionic/cli-framework, phase => typescript, scope => TreeScope(TsParsedFile() / TsDeclModule(@ionic/cli-framework/lib/command) / TsDeclClass(Namespace) / TsTypeRef() / TsTypeRef())] 
[debug] DefaultedTParams.scala:29 Defaulting type parameter TsIdentSimple(O) at TreeScope(TsParsedFile() / TsDeclModule(@ionic/cli-framework/lib/command) / TsDeclClass(Namespace) / TsTypeRef() / TsTypeRef()) [id => @ionic/cli-framework, phase => typescript, scope => TreeScope(TsParsedFile() / TsDeclModule(@ionic/cli-framework/lib/command) / TsDeclClass(Namespace) / TsTypeRef() / TsTypeRef())] 
[debug] DefaultedTParams.scala:29 Defaulting type parameter TsIdentSimple(I) at TreeScope(TsParsedFile() / TsDeclModule(@ionic/cli-framework/lib/command) / TsDeclClass(CommandMap) / TsTypeRef() / TsTypeRef()) [id => @ionic/cli-framework, phase => typescript, scope => TreeScope(TsParsedFile() / TsDeclModule(@ionic/cli-framework/lib/command) / TsDeclClass(CommandMap) / TsTypeRef() / TsTypeRef())] 
[debug] DefaultedTParams.scala:29 Defaulting type parameter TsIdentSimple(O) at TreeScope(TsParsedFile() / TsDeclModule(@ionic/cli-framework/lib/command) / TsDeclClass(CommandMap) / TsTypeRef() / TsTypeRef()) [id => @ionic/cli-framework, phase => typescript, scope => TreeScope(TsParsedFile() / TsDeclModule(@ionic/cli-framework/lib/command) / TsDeclClass(CommandMap) / TsTypeRef() / TsTypeRef())] 
[debug] DefaultedTParams.scala:29 Defaulting type parameter TsIdentSimple(I) at TreeScope(TsParsedFile() / TsDeclModule(@ionic/cli-framework/lib/command) / TsDeclClass(NamespaceMap) / TsTypeRef() / TsTypeRef()) [id => @ionic/cli-framework, phase => typescript, scope => TreeScope(TsParsedFile() / TsDeclModule(@ionic/cli-framework/lib/command) / TsDeclClass(NamespaceMap) / TsTypeRef() / TsTypeRef())] 
[debug] DefaultedTParams.scala:29 Defaulting type parameter TsIdentSimple(O) at TreeScope(TsParsedFile() / TsDeclModule(@ionic/cli-framework/lib/command) / TsDeclClass(NamespaceMap) / TsTypeRef() / TsTypeRef()) [id => @ionic/cli-framework, phase => typescript, scope => TreeScope(TsParsedFile() / TsDeclModule(@ionic/cli-framework/lib/command) / TsDeclClass(NamespaceMap) / TsTypeRef() / TsTypeRef())] 
[debug] DefaultedTParams.scala:29 Defaulting type parameter TsIdentSimple(I) at TreeScope(TsParsedFile() / TsDeclModule(@ionic/cli-framework/lib/executor) / TsDeclClass(Executor) / TsTypeRef() / TsTypeRef()) [id => @ionic/cli-framework, phase => typescript, scope => TreeScope(TsParsedFile() / TsDeclModule(@ionic/cli-framework/lib/executor) / TsDeclClass(Executor) / TsTypeRef() / TsTypeRef())] 
[debug] DefaultedTParams.scala:29 Defaulting type parameter TsIdentSimple(O) at TreeScope(TsParsedFile() / TsDeclModule(@ionic/cli-framework/lib/executor) / TsDeclClass(Executor) / TsTypeRef() / TsTypeRef()) [id => @ionic/cli-framework, phase => typescript, scope => TreeScope(TsParsedFile() / TsDeclModule(@ionic/cli-framework/lib/executor) / TsDeclClass(Executor) / TsTypeRef() / TsTypeRef())] 
[debug] DefaultedTParams.scala:29 Defaulting type parameter TsIdentSimple(I) at TreeScope(TsParsedFile() / TsDeclModule(@ionic/cli-framework/lib/help) / TsDeclFunction(createCommandMetadataFromSchema) / TsFunSig() / TsTypeRef() / TsTypeRef()) [id => @ionic/cli-framework, phase => typescript, scope => TreeScope(TsParsedFile() / TsDeclModule(@ionic/cli-framework/lib/help) / TsDeclFunction(createCommandMetadataFromSchema) / TsFunSig() / TsTypeRef() / TsTypeRef())] 
[debug] DefaultedTParams.scala:29 Defaulting type parameter TsIdentSimple(O) at TreeScope(TsParsedFile() / TsDeclModule(@ionic/cli-framework/lib/help) / TsDeclFunction(createCommandMetadataFromSchema) / TsFunSig() / TsTypeRef() / TsTypeRef()) [id => @ionic/cli-framework, phase => typescript, scope => TreeScope(TsParsedFile() / TsDeclModule(@ionic/cli-framework/lib/help) / TsDeclFunction(createCommandMetadataFromSchema) / TsFunSig() / TsTypeRef() / TsTypeRef())] 
[debug] DefaultedTParams.scala:29 Defaulting type parameter TsIdentSimple(I) at TreeScope(TsParsedFile() / TsDeclModule(@ionic/cli-framework/lib) / TsDeclFunction(createCommandMetadataFromSchema) / TsFunSig() / TsTypeRef() / TsTypeRef()) [id => @ionic/cli-framework, phase => typescript, scope => TreeScope(TsParsedFile() / TsDeclModule(@ionic/cli-framework/lib) / TsDeclFunction(createCommandMetadataFromSchema) / TsFunSig() / TsTypeRef() / TsTypeRef())] 
[debug] DefaultedTParams.scala:29 Defaulting type parameter TsIdentSimple(O) at TreeScope(TsParsedFile() / TsDeclModule(@ionic/cli-framework/lib) / TsDeclFunction(createCommandMetadataFromSchema) / TsFunSig() / TsTypeRef() / TsTypeRef()) [id => @ionic/cli-framework, phase => typescript, scope => TreeScope(TsParsedFile() / TsDeclModule(@ionic/cli-framework/lib) / TsDeclFunction(createCommandMetadataFromSchema) / TsFunSig() / TsTypeRef() / TsTypeRef())] 
[debug] DefaultedTParams.scala:29 Defaulting type parameter TsIdentSimple(T) at TreeScope(TsParsedFile() / TsDeclModule(@ionic/cli-framework/lib/prompts) / TsDeclInterface(PromptQuestionBase) / TsTypeRef()) [id => @ionic/cli-framework, phase => typescript, scope => TreeScope(TsParsedFile() / TsDeclModule(@ionic/cli-framework/lib/prompts) / TsDeclInterface(PromptQuestionBase) / TsTypeRef())] 
[info ] ExtractInterfaces.scala:30 Extracted anonymous interface TsIdentSimple(Anon_Commands) [id => @ionic/cli-framework, phase => typescript, scope => TreeScope(TsParsedFile() / TsDeclModule(@ionic/cli-framework/lib/command) / TsDeclClass(BaseNamespace) / TsMemberFunction(groupCommandsByNamespace) / TsFunSig() / TsTypeRef() / TsTypeRef() / TsTypeIntersect() / TsTypeObject())] 
[info ] ExtractInterfaces.scala:30 Extracted anonymous interface TsIdentSimple(Anon_Namespace) [id => @ionic/cli-framework, phase => typescript, scope => TreeScope(TsParsedFile() / TsDeclModule(@ionic/cli-framework/lib/executor) / TsDeclFunction(execute) / TsFunSig() / TsFunParam() / TsTypeIntersect() / TsTypeObject())] 
[info ] ExtractInterfaces.scala:30 Extracted anonymous interface TsIdentSimple(Anon_Colors) [id => @ionic/cli-framework, phase => typescript, scope => TreeScope(TsParsedFile() / TsDeclModule(@ionic/cli-framework/lib/help) / TsDeclClass(HelpFormatter) / TsMemberFunction(constructor) / TsFunSig() / TsFunParam() / TsTypeObject())] 
[info ] ExtractInterfaces.scala:30 Extracted anonymous interface TsIdentSimple(Anon_ColorsShowAliases) [id => @ionic/cli-framework, phase => typescript, scope => TreeScope(TsParsedFile() / TsDeclModule(@ionic/cli-framework/lib/help) / TsDeclFunction(formatOptionName) / TsFunSig() / TsFunParam() / TsTypeObject())] 
[info ] ExtractInterfaces.scala:30 Extracted anonymous interface TsIdentSimple(Anon_CaseSensitive) [id => @ionic/cli-framework, phase => typescript, scope => TreeScope(TsParsedFile() / TsDeclModule(@ionic/cli-framework/lib/validators) / TsDeclFunction(contains) / TsFunSig() / TsFunParam() / TsTypeObject())] 
[info ] ExtractInterfaces.scala:30 Extracted anonymous interface TsIdentSimple(Anon_IncludeSeparated) [id => @ionic/cli-framework, phase => typescript, scope => TreeScope(TsParsedFile() / TsDeclModule(@ionic/cli-framework/lib/options) / TsDeclFunction(stripOptions) / TsFunSig() / TsFunParam() / TsTypeObject())] 
[info ] ExtractInterfaces.scala:30 Extracted anonymous interface TsIdentSimple(Anon_NamespaceAliases) [id => @ionic/cli-framework, phase => typescript, scope => TreeScope(TsParsedFile() / TsDeclModule(@ionic/cli-framework/definitions) / TsDeclTypeAlias(HydratedCommandMetadata) / TsTypeIntersect() / TsTypeObject())] 
[info ] ExtractInterfaces.scala:30 Extracted anonymous interface TsIdentSimple(Anon_Commands) [id => @ionic/cli-framework, phase => typescript, scope => TreeScope(TsParsedFile() / TsDeclModule(@ionic/cli-framework/definitions) / TsDeclInterface(INamespace) / TsMemberFunction(groupCommandsByNamespace) / TsFunSig() / TsTypeRef() / TsTypeRef() / TsTypeIntersect() / TsTypeObject())] 
[info ] ExtractInterfaces.scala:30 Extracted anonymous interface TsIdentSimple(Anon_Colors) [id => @ionic/cli-framework, phase => typescript, scope => TreeScope(TsParsedFile() / TsDeclModule(@ionic/cli-framework/lib) / TsDeclClass(HelpFormatter) / TsMemberFunction(constructor) / TsFunSig() / TsFunParam() / TsTypeObject())] 
[info ] ExtractInterfaces.scala:30 Extracted anonymous interface TsIdentSimple(Anon_Namespace) [id => @ionic/cli-framework, phase => typescript, scope => TreeScope(TsParsedFile() / TsDeclModule(@ionic/cli-framework/lib) / TsDeclFunction(execute) / TsFunSig() / TsFunParam() / TsTypeIntersect() / TsTypeObject())] 
[info ] ExtractInterfaces.scala:30 Extracted anonymous interface TsIdentSimple(Anon_IncludeSeparated) [id => @ionic/cli-framework, phase => typescript, scope => TreeScope(TsParsedFile() / TsDeclModule(@ionic/cli-framework/lib) / TsDeclFunction(stripOptions) / TsFunSig() / TsFunParam() / TsTypeObject())] 
[info ] ExtractInterfaces.scala:30 Extracted anonymous interface TsIdentSimple(Anon_CaseSensitive) [id => @ionic/cli-framework, phase => typescript, scope => TreeScope(TsParsedFile() / TsDeclModule(@ionic/cli-framework/lib) / TsDeclFunction(contains) / TsFunSig() / TsFunParam() / TsTypeObject())] 
[info ] ExtractInterfaces.scala:30 Extracted anonymous interface TsIdentSimple(Anon_ColorsShowAliases) [id => @ionic/cli-framework, phase => typescript, scope => TreeScope(TsParsedFile() / TsDeclModule(@ionic/cli-framework/lib) / TsDeclFunction(formatOptionName) / TsFunSig() / TsFunParam() / TsTypeObject())] 
[info ] ExtractInterfaces.scala:30 Extracted anonymous interface TsIdentSimple(Anon_Colors) [id => @ionic/cli-framework, phase => typescript, scope => TreeScope(TsParsedFile() / TsDeclModule(@ionic/cli-framework) / TsDeclClass(HelpFormatter) / TsMemberFunction(constructor) / TsFunSig() / TsFunParam() / TsTypeObject())] 
[info ] ExtractInterfaces.scala:30 Extracted anonymous interface TsIdentSimple(Anon_Namespace) [id => @ionic/cli-framework, phase => typescript, scope => TreeScope(TsParsedFile() / TsDeclModule(@ionic/cli-framework) / TsDeclFunction(execute) / TsFunSig() / TsFunParam() / TsTypeIntersect() / TsTypeObject())] 
[info ] ExtractInterfaces.scala:30 Extracted anonymous interface TsIdentSimple(Anon_IncludeSeparated) [id => @ionic/cli-framework, phase => typescript, scope => TreeScope(TsParsedFile() / TsDeclModule(@ionic/cli-framework) / TsDeclFunction(stripOptions) / TsFunSig() / TsFunParam() / TsTypeObject())] 
[info ] ExtractInterfaces.scala:30 Extracted anonymous interface TsIdentSimple(Anon_CaseSensitive) [id => @ionic/cli-framework, phase => typescript, scope => TreeScope(TsParsedFile() / TsDeclModule(@ionic/cli-framework) / TsDeclFunction(contains) / TsFunSig() / TsFunParam() / TsTypeObject())] 
[info ] ExtractInterfaces.scala:30 Extracted anonymous interface TsIdentSimple(Anon_ColorsShowAliases) [id => @ionic/cli-framework, phase => typescript, scope => TreeScope(TsParsedFile() / TsDeclModule(@ionic/cli-framework) / TsDeclFunction(formatOptionName) / TsFunSig() / TsFunParam() / TsTypeObject())] 
[debug] PhaseRunner.scala:78 Success [id => @ionic/cli-framework, phase => typescript] 
[warn ] Phase2ToScalaJs.scala:34 Processing TsIdentLibraryScoped(ionic,Some(cli-framework)) [id => @ionic/cli-framework, phase => scala.js] 
[info ] ImportType.scala:160 Failed type conversion: TsTypeLookup(TsTypeRef(TsQIdent(List(TsIdentSimple(T))),List()),Left(TsIdentSimple(P))) [id => @ionic/cli-framework, phase => scala.js, scope => TreeScope(TsParsedFile() / TsDeclModule(@ionic/cli-framework/lib/config) / TsDeclClass(BaseConfig) / TsMemberFunction(set) / TsFunParam() / TsTypeLookup())] 
[info ] ImportType.scala:160 Failed type conversion: TsTypeLookup(TsTypeRef(TsQIdent(List(TsIdentSimple(T))),List()),Left(TsIdentSimple(P))) [id => @ionic/cli-framework, phase => scala.js, scope => TreeScope(TsParsedFile() / TsDeclModule(@ionic/cli-framework/lib/config) / TsDeclClass(BaseConfig) / TsMemberFunction(get) / TsTypeLookup())] 
[info ] ImportType.scala:160 Failed type conversion: TsTypeLookup(TsTypeRef(TsQIdent(List(TsIdentSimple(T))),List()),Left(TsIdentSimple(P))) [id => @ionic/cli-framework, phase => scala.js, scope => TreeScope(TsParsedFile() / TsDeclModule(@ionic/cli-framework/lib/config) / TsDeclClass(BaseConfig) / TsMemberFunction(get) / TsTypeRef() / TsTypeLookup())] 
[info ] ImportType.scala:160 Failed type conversion: TsTypeLookup(TsTypeRef(TsQIdent(List(TsIdentSimple(T))),List()),Left(TsIdentSimple(P))) [id => @ionic/cli-framework, phase => scala.js, scope => TreeScope(TsParsedFile() / TsDeclModule(@ionic/cli-framework/lib/config) / TsDeclClass(BaseConfig) / TsMemberFunction(get) / TsFunParam() / TsTypeRef() / TsTypeLookup())] 
[info ] ImportType.scala:160 Failed type conversion: TsTypeLookup(TsTypeRef(TsQIdent(List(TsIdentSimple(R))),List()),Left(TsIdentSimple(procedure))) [id => @ionic/cli-framework, phase => scala.js, scope => TreeScope(TsParsedFile() / TsDeclModule(@ionic/cli-framework/utils/ipc) / TsDeclClass(RPCProcess) / TsMemberFunction(register) / TsFunParam() / TsTypeLookup())] 
[info ] ImportType.scala:160 Failed type conversion: TsTypeLookup(TsTypeLookup(TsTypeRef(TsQIdent(List(TsIdentSimple(R))),List()),Left(TsIdentSimple(request))),Left(TsIdentSimple(args))) [id => @ionic/cli-framework, phase => scala.js, scope => TreeScope(TsParsedFile() / TsDeclModule(@ionic/cli-framework/utils/ipc) / TsDeclClass(RPCProcess) / TsMemberFunction(register) / TsFunParam() / TsTypeFunction() / TsFunParam() / TsTypeLookup())] 
[info ] ImportType.scala:160 Failed type conversion: TsTypeLookup(TsTypeRef(TsQIdent(List(TsIdentSimple(R))),List()),Left(TsIdentSimple(data))) [id => @ionic/cli-framework, phase => scala.js, scope => TreeScope(TsParsedFile() / TsDeclModule(@ionic/cli-framework/utils/ipc) / TsDeclClass(RPCProcess) / TsMemberFunction(register) / TsFunParam() / TsTypeFunction() / TsTypeRef() / TsTypeLookup())] 
[info ] ImportType.scala:160 Failed type conversion: TsTypeLookup(TsTypeRef(TsQIdent(List(TsIdentSimple(R))),List()),Left(TsIdentSimple(data))) [id => @ionic/cli-framework, phase => scala.js, scope => TreeScope(TsParsedFile() / TsDeclModule(@ionic/cli-framework/utils/ipc) / TsDeclClass(RPCProcess) / TsMemberFunction(call) / TsTypeRef() / TsTypeLookup())] 
[info ] ImportType.scala:160 Failed type conversion: TsTypeLookup(TsTypeRef(TsQIdent(List(TsIdentSimple(R))),List()),Left(TsIdentSimple(procedure))) [id => @ionic/cli-framework, phase => scala.js, scope => TreeScope(TsParsedFile() / TsDeclModule(@ionic/cli-framework/utils/ipc) / TsDeclClass(RPCProcess) / TsMemberFunction(call) / TsFunParam() / TsTypeLookup())] 
[info ] ImportType.scala:160 Failed type conversion: TsTypeLookup(TsTypeLookup(TsTypeRef(TsQIdent(List(TsIdentSimple(R))),List()),Left(TsIdentSimple(request))),Left(TsIdentSimple(args))) [id => @ionic/cli-framework, phase => scala.js, scope => TreeScope(TsParsedFile() / TsDeclModule(@ionic/cli-framework/utils/ipc) / TsDeclClass(RPCProcess) / TsMemberFunction(call) / TsFunParam() / TsTypeLookup())] 
[info ] ImportType.scala:160 Failed type conversion: TsTypeLookup(TsTypeRef(TsQIdent(List(TsIdentSimple(R))),List()),Left(TsIdentSimple(procedure))) [id => @ionic/cli-framework, phase => scala.js, scope => TreeScope(TsParsedFile() / TsDeclModule(@ionic/cli-framework/utils/ipc) / TsDeclInterface(RPCResponse) / TsMemberProperty(procedure) / TsTypeLookup())] 
[info ] ImportType.scala:160 Failed type conversion: TsTypeLookup(TsTypeRef(TsQIdent(List(TsIdentSimple(R))),List()),Left(TsIdentSimple(procedure))) [id => @ionic/cli-framework, phase => scala.js, scope => TreeScope(TsParsedFile() / TsDeclModule(@ionic/cli-framework/utils/ipc) / TsDeclClass(RPCHost) / TsMemberFunction(register) / TsFunParam() / TsTypeLookup())] 
[info ] ImportType.scala:160 Failed type conversion: TsTypeLookup(TsTypeLookup(TsTypeRef(TsQIdent(List(TsIdentSimple(R))),List()),Left(TsIdentSimple(request))),Left(TsIdentSimple(args))) [id => @ionic/cli-framework, phase => scala.js, scope => TreeScope(TsParsedFile() / TsDeclModule(@ionic/cli-framework/utils/ipc) / TsDeclClass(RPCHost) / TsMemberFunction(register) / TsFunParam() / TsTypeFunction() / TsFunParam() / TsTypeLookup())] 
[info ] ImportType.scala:160 Failed type conversion: TsTypeLookup(TsTypeRef(TsQIdent(List(TsIdentSimple(R))),List()),Left(TsIdentSimple(data))) [id => @ionic/cli-framework, phase => scala.js, scope => TreeScope(TsParsedFile() / TsDeclModule(@ionic/cli-framework/utils/ipc) / TsDeclClass(RPCHost) / TsMemberFunction(register) / TsFunParam() / TsTypeFunction() / TsTypeRef() / TsTypeLookup())] 
[info ] ImportType.scala:160 Failed type conversion: TsTypeLookup(TsTypeRef(TsQIdent(List(TsIdentSimple(R))),List()),Left(TsIdentSimple(data))) [id => @ionic/cli-framework, phase => scala.js, scope => TreeScope(TsParsedFile() / TsDeclModule(@ionic/cli-framework/utils/ipc) / TsDeclClass(RPCHost) / TsMemberFunction(call) / TsTypeRef() / TsTypeLookup())] 
[info ] ImportType.scala:160 Failed type conversion: TsTypeLookup(TsTypeRef(TsQIdent(List(TsIdentSimple(R))),List()),Left(TsIdentSimple(procedure))) [id => @ionic/cli-framework, phase => scala.js, scope => TreeScope(TsParsedFile() / TsDeclModule(@ionic/cli-framework/utils/ipc) / TsDeclClass(RPCHost) / TsMemberFunction(call) / TsFunParam() / TsTypeLookup())] 
[info ] ImportType.scala:160 Failed type conversion: TsTypeLookup(TsTypeLookup(TsTypeRef(TsQIdent(List(TsIdentSimple(R))),List()),Left(TsIdentSimple(request))),Left(TsIdentSimple(args))) [id => @ionic/cli-framework, phase => scala.js, scope => TreeScope(TsParsedFile() / TsDeclModule(@ionic/cli-framework/utils/ipc) / TsDeclClass(RPCHost) / TsMemberFunction(call) / TsFunParam() / TsTypeLookup())] 
[info ] ImportTree.scala:398 Dropping TsMemberTypeMapped(NoComments,Default,false,TsIdentSimple(P),TsTypeKeyOf(TsTypeRef(TsQIdent(List(TsIdentLibrarySimple(std), TsIdentSimple(Readonly))),List(TsTypeRef(TsQIdent(List(TsIdentLibraryScoped(ionic,Some(cli-framework)), TsIdentModule(Some(ionic),List(cli-framework, definitions)), TsIdentSimple(NamespaceMetadata))),List())))),Deoptionalize,TsTypeLookup(TsTypeRef(TsQIdent(List(TsIdentLibrarySimple(std), TsIdentSimple(Readonly))),List(TsTypeRef(TsQIdent(List(TsIdentLibraryScoped(ionic,Some(cli-framework)), TsIdentModule(Some(ionic),List(cli-framework, definitions)), TsIdentSimple(NamespaceMetadata))),List()))),Left(TsIdentSimple(P)))) [id => @ionic/cli-framework, phase => scala.js, scope => TreeScope(TsParsedFile() / TsDeclModule(@ionic/cli-framework/definitions) / TsDeclInterface(HydratedNamespaceMetadata) / TsMemberTypeMapped())] 
[info ] ImportTree.scala:398 Dropping TsMemberTypeMapped(NoComments,Default,true,TsIdentSimple(L),TsTypeRef(TsQIdent(List(TsIdentLibraryScoped(ionic,Some(cli-framework)), TsIdentModule(Some(ionic),List(cli-framework, lib, logger)), TsIdentSimple(LoggerLevel))),List()),Noop,TsTypeRef(TsQIdent(List(TsIdentLibraryScoped(ionic,Some(cli-framework)), TsIdentModule(Some(ionic),List(cli-framework, lib, logger)), TsIdentSimple(LoggerLevelWeight))),List())) [id => @ionic/cli-framework, phase => scala.js, scope => TreeScope(TsParsedFile() / TsDeclModule(@ionic/cli-framework/lib) / TsDeclVar(LOGGER_LEVELS) / TsMemberTypeMapped())] 
[info ] ImportTree.scala:398 Dropping TsMemberTypeMapped(NoComments,Default,true,TsIdentSimple(L),TsTypeRef(TsQIdent(List(TsIdentLibraryScoped(ionic,Some(cli-framework)), TsIdentModule(Some(ionic),List(cli-framework, lib, logger)), TsIdentSimple(LoggerLevel))),List()),Noop,TsTypeRef(TsQIdent(List(TsIdentLibraryScoped(ionic,Some(cli-framework)), TsIdentModule(Some(ionic),List(cli-framework, lib, logger)), TsIdentSimple(LoggerLevelWeight))),List())) [id => @ionic/cli-framework, phase => scala.js, scope => TreeScope(TsParsedFile() / TsDeclModule(@ionic/cli-framework) / TsDeclVar(LOGGER_LEVELS) / TsMemberTypeMapped())] 
[info ] ImportTree.scala:398 Dropping TsMemberTypeMapped(NoComments,Default,true,TsIdentSimple(L),TsTypeRef(TsQIdent(List(TsIdentLibraryScoped(ionic,Some(cli-framework)), TsIdentModule(Some(ionic),List(cli-framework, lib, logger)), TsIdentSimple(LoggerLevel))),List()),Noop,TsTypeRef(TsQIdent(List(TsIdentLibraryScoped(ionic,Some(cli-framework)), TsIdentModule(Some(ionic),List(cli-framework, lib, logger)), TsIdentSimple(LoggerLevelWeight))),List())) [id => @ionic/cli-framework, phase => scala.js, scope => TreeScope(TsParsedFile() / TsDeclModule(@ionic/cli-framework/lib/logger) / TsDeclVar(LOGGER_LEVELS) / TsMemberTypeMapped())] 
[info ] RemoveDuplicateInheritance.scala:55 Dropped parents QualifiedName(List(Name(ScalablyTyped), Name(runtime), Name(StringDictionary))) at Name(atIonicCliDashFrameworkLib) / Name(definitionsMod) / Name(CommandLineOptions) because allParentRefs = Set(TypeRef(QualifiedName(List(Name(ScalablyTyped), Name(runtime), Name(StringDictionary))),List(),Comments(1))) [id => @ionic/cli-framework, phase => scala.js, this => Name(atIonicCliDashFrameworkLib) / Name(definitionsMod) / Name(CommandLineOptions)] 
[info ] RemoveMultipleInheritance.scala:39 Dropped parents List(atIonicCliDashFrameworkLib.definitionsMod.INamespaceMap because Already inherited) [id => @ionic/cli-framework, phase => scala.js, this => Name(atIonicCliDashFrameworkLib) / Name(libCommandMod) / Name(BaseNamespaceMap)] 
[info ] RemoveMultipleInheritance.scala:39 Dropped parents List(atIonicCliDashFrameworkLib.definitionsMod.ICommandMap because Already inherited) [id => @ionic/cli-framework, phase => scala.js, this => Name(atIonicCliDashFrameworkLib) / Name(libCommandMod) / Name(BaseCommandMap)] 
[info ] CompleteClass.scala:60 Completed implementations Vector(parent, root, getCommandMetadataList, locate, groupCommandsByNamespace, getMetadata, getNamespaces, getCommands) [id => @ionic/cli-framework, phase => scala.js, this => Name(atIonicCliDashFrameworkLib) / Name(libCommandMod) / Name(BaseNamespace)] 
[info ] CompleteClass.scala:60 Completed implementations Vector(handle) [id => @ionic/cli-framework, phase => scala.js, this => Name(atIonicCliDashFrameworkLib) / Name(libLoggerMod) / Name(StreamHandler)] 
[info ] CompleteClass.scala:60 Completed implementations Vector(stream, createTaskChain) [id => @ionic/cli-framework, phase => scala.js, this => Name(atIonicCliDashFrameworkLib) / Name(libOutputMod) / Name(BottomBarOutputStrategy)] 
[info ] CompleteClass.scala:60 Completed implementations Vector(stream, createTaskChain) [id => @ionic/cli-framework, phase => scala.js, this => Name(atIonicCliDashFrameworkLib) / Name(libOutputMod) / Name(StreamOutputStrategy)] 
[debug] PhaseRunner.scala:78 Success [id => @ionic/cli-framework, phase => scala.js] 
[warn ] PhaseRunner.scala:64 Failed because of, [node => Compilation failed] [id => @ionic/cli-framework, phase => build] 
[debug] PhaseRunner.scala:82 Failure, [node => Compilation failed] [id => @ionic/cli-framework, phase => build] 
