[info ] InferredDependency.scala:20 Inferred dependencies Set(TsIdentLibrarySimple(node)) for TsIdentLibrarySimple(irc) [id => irc, phase => typescript, file => ../types/irc/index.d.ts] 
[debug] PhaseRunner.scala:78 Success [id => irc, phase => typescript] 
[info ] Phase1ReadTypescript.scala:152 Preprocessing TsHelperFile(InFile(/home/tso/tmp/tso-cache/DefinitelyTyped/types/irc/index.d.ts),FromFolder(InFolder(/home/tso/tmp/tso-cache/DefinitelyTyped/types/irc),TsIdentLibrarySimple(irc)),TsIdentModule(None,List(irc))) [id => irc, phase => typescript] 
[info ] InferredDefaultModule.scala:39 Inferred module TsIdentModule(None,List(irc)) [id => irc, phase => typescript] 
[warn ] Phase1ReadTypescript.scala:190 Processing TsIdentLibrarySimple(irc) [id => irc, phase => typescript] 
[info ] PreferTypeAlias.scala:118 Simplified to function type alias [id => irc, phase => typescript, scope => TreeScope(TsParsedFile() / TsDeclModule(irc) / TsDeclNamespace(NodeIRC) / TsDeclNamespace(handlers) / TsDeclInterface(IRegistered))] 
[info ] PreferTypeAlias.scala:118 Simplified to function type alias [id => irc, phase => typescript, scope => TreeScope(TsParsedFile() / TsDeclModule(irc) / TsDeclNamespace(NodeIRC) / TsDeclNamespace(handlers) / TsDeclInterface(IMotd))] 
[info ] PreferTypeAlias.scala:118 Simplified to function type alias [id => irc, phase => typescript, scope => TreeScope(TsParsedFile() / TsDeclModule(irc) / TsDeclNamespace(NodeIRC) / TsDeclNamespace(handlers) / TsDeclInterface(INames))] 
[info ] PreferTypeAlias.scala:118 Simplified to function type alias [id => irc, phase => typescript, scope => TreeScope(TsParsedFile() / TsDeclModule(irc) / TsDeclNamespace(NodeIRC) / TsDeclNamespace(handlers) / TsDeclInterface(INamesChannel))] 
[info ] PreferTypeAlias.scala:118 Simplified to function type alias [id => irc, phase => typescript, scope => TreeScope(TsParsedFile() / TsDeclModule(irc) / TsDeclNamespace(NodeIRC) / TsDeclNamespace(handlers) / TsDeclInterface(ITopic))] 
[info ] PreferTypeAlias.scala:118 Simplified to function type alias [id => irc, phase => typescript, scope => TreeScope(TsParsedFile() / TsDeclModule(irc) / TsDeclNamespace(NodeIRC) / TsDeclNamespace(handlers) / TsDeclInterface(IJoin))] 
[info ] PreferTypeAlias.scala:118 Simplified to function type alias [id => irc, phase => typescript, scope => TreeScope(TsParsedFile() / TsDeclModule(irc) / TsDeclNamespace(NodeIRC) / TsDeclNamespace(handlers) / TsDeclInterface(IJoinChannel))] 
[info ] PreferTypeAlias.scala:118 Simplified to function type alias [id => irc, phase => typescript, scope => TreeScope(TsParsedFile() / TsDeclModule(irc) / TsDeclNamespace(NodeIRC) / TsDeclNamespace(handlers) / TsDeclInterface(IPart))] 
[info ] PreferTypeAlias.scala:118 Simplified to function type alias [id => irc, phase => typescript, scope => TreeScope(TsParsedFile() / TsDeclModule(irc) / TsDeclNamespace(NodeIRC) / TsDeclNamespace(handlers) / TsDeclInterface(IPartChannel))] 
[info ] PreferTypeAlias.scala:118 Simplified to function type alias [id => irc, phase => typescript, scope => TreeScope(TsParsedFile() / TsDeclModule(irc) / TsDeclNamespace(NodeIRC) / TsDeclNamespace(handlers) / TsDeclInterface(IKick))] 
[info ] PreferTypeAlias.scala:118 Simplified to function type alias [id => irc, phase => typescript, scope => TreeScope(TsParsedFile() / TsDeclModule(irc) / TsDeclNamespace(NodeIRC) / TsDeclNamespace(handlers) / TsDeclInterface(IKickChannel))] 
[info ] PreferTypeAlias.scala:118 Simplified to function type alias [id => irc, phase => typescript, scope => TreeScope(TsParsedFile() / TsDeclModule(irc) / TsDeclNamespace(NodeIRC) / TsDeclNamespace(handlers) / TsDeclInterface(IRecievedMessage))] 
[info ] PreferTypeAlias.scala:118 Simplified to function type alias [id => irc, phase => typescript, scope => TreeScope(TsParsedFile() / TsDeclModule(irc) / TsDeclNamespace(NodeIRC) / TsDeclNamespace(handlers) / TsDeclInterface(IMessageAllChannels))] 
[info ] PreferTypeAlias.scala:118 Simplified to function type alias [id => irc, phase => typescript, scope => TreeScope(TsParsedFile() / TsDeclModule(irc) / TsDeclNamespace(NodeIRC) / TsDeclNamespace(handlers) / TsDeclInterface(IMessageChannel))] 
[info ] PreferTypeAlias.scala:118 Simplified to function type alias [id => irc, phase => typescript, scope => TreeScope(TsParsedFile() / TsDeclModule(irc) / TsDeclNamespace(NodeIRC) / TsDeclNamespace(handlers) / TsDeclInterface(ISelfMessage))] 
[info ] PreferTypeAlias.scala:118 Simplified to function type alias [id => irc, phase => typescript, scope => TreeScope(TsParsedFile() / TsDeclModule(irc) / TsDeclNamespace(NodeIRC) / TsDeclNamespace(handlers) / TsDeclInterface(INotice))] 
[info ] PreferTypeAlias.scala:118 Simplified to function type alias [id => irc, phase => typescript, scope => TreeScope(TsParsedFile() / TsDeclModule(irc) / TsDeclNamespace(NodeIRC) / TsDeclNamespace(handlers) / TsDeclInterface(IPing))] 
[info ] PreferTypeAlias.scala:118 Simplified to function type alias [id => irc, phase => typescript, scope => TreeScope(TsParsedFile() / TsDeclModule(irc) / TsDeclNamespace(NodeIRC) / TsDeclNamespace(handlers) / TsDeclInterface(IPm))] 
[info ] PreferTypeAlias.scala:118 Simplified to function type alias [id => irc, phase => typescript, scope => TreeScope(TsParsedFile() / TsDeclModule(irc) / TsDeclNamespace(NodeIRC) / TsDeclNamespace(handlers) / TsDeclInterface(ICtcp))] 
[info ] PreferTypeAlias.scala:118 Simplified to function type alias [id => irc, phase => typescript, scope => TreeScope(TsParsedFile() / TsDeclModule(irc) / TsDeclNamespace(NodeIRC) / TsDeclNamespace(handlers) / TsDeclInterface(INick))] 
[info ] PreferTypeAlias.scala:118 Simplified to function type alias [id => irc, phase => typescript, scope => TreeScope(TsParsedFile() / TsDeclModule(irc) / TsDeclNamespace(NodeIRC) / TsDeclNamespace(handlers) / TsDeclInterface(IInvite))] 
[info ] PreferTypeAlias.scala:118 Simplified to function type alias [id => irc, phase => typescript, scope => TreeScope(TsParsedFile() / TsDeclModule(irc) / TsDeclNamespace(NodeIRC) / TsDeclNamespace(handlers) / TsDeclInterface(IModeChange))] 
[info ] PreferTypeAlias.scala:118 Simplified to function type alias [id => irc, phase => typescript, scope => TreeScope(TsParsedFile() / TsDeclModule(irc) / TsDeclNamespace(NodeIRC) / TsDeclNamespace(handlers) / TsDeclInterface(IWhois))] 
[info ] PreferTypeAlias.scala:118 Simplified to function type alias [id => irc, phase => typescript, scope => TreeScope(TsParsedFile() / TsDeclModule(irc) / TsDeclNamespace(NodeIRC) / TsDeclNamespace(handlers) / TsDeclInterface(IChannelList))] 
[info ] PreferTypeAlias.scala:118 Simplified to function type alias [id => irc, phase => typescript, scope => TreeScope(TsParsedFile() / TsDeclModule(irc) / TsDeclNamespace(NodeIRC) / TsDeclNamespace(handlers) / TsDeclInterface(IRaw))] 
[info ] PreferTypeAlias.scala:118 Simplified to function type alias [id => irc, phase => typescript, scope => TreeScope(TsParsedFile() / TsDeclModule(irc) / TsDeclNamespace(NodeIRC) / TsDeclNamespace(handlers) / TsDeclInterface(IError))] 
[info ] PreferTypeAlias.scala:118 Simplified to function type alias [id => irc, phase => typescript, scope => TreeScope(TsParsedFile() / TsDeclModule(irc) / TsDeclNamespace(NodeIRC) / TsDeclNamespace(handlers) / TsDeclInterface(IAction))] 
[info ] ExtractInterfaces.scala:30 Extracted anonymous interface TsIdentSimple(Anon_ServerName) [id => irc, phase => typescript, scope => TreeScope(TsParsedFile() / TsDeclModule(irc) / TsDeclNamespace(NodeIRC) / TsDeclInterface(Client) / TsMemberProperty(chans) / TsTypeObject() / TsMemberIndex() / TsTypeObject())] 
[info ] ExtractInterfaces.scala:30 Extracted anonymous interface TsIdentSimple(Anon_Modes) [id => irc, phase => typescript, scope => TreeScope(TsParsedFile() / TsDeclModule(irc) / TsDeclNamespace(NodeIRC) / TsDeclInterface(Client) / TsMemberProperty(supported) / TsTypeObject() / TsMemberProperty(channel) / TsTypeObject())] 
[info ] ExtractInterfaces.scala:30 Extracted anonymous interface TsIdentSimple(Anon_ModesTopiclength) [id => irc, phase => typescript, scope => TreeScope(TsParsedFile() / TsDeclModule(irc) / TsDeclNamespace(NodeIRC) / TsDeclInterface(Client) / TsMemberProperty(supported) / TsTypeObject())] 
[debug] PhaseRunner.scala:78 Success [id => irc, phase => typescript] 
[warn ] Phase2ToScalaJs.scala:34 Processing TsIdentLibrarySimple(irc) [id => irc, phase => scala.js] 
[debug] PhaseRunner.scala:78 Success [id => irc, phase => scala.js] 
[warn ] PhaseRunner.scala:64 Failed because of, [node => Compilation failed] [id => irc, phase => build] 
[debug] PhaseRunner.scala:82 Failure, [node => Compilation failed] [id => irc, phase => build] 
