[info ] InferredDependency.scala:22 Inferred dependencies Set(TsIdentLibrarySimple(react)) for TsIdentLibraryScoped(jupyterlab,Some(statusbar)) [id => @jupyterlab/statusbar, phase => typescript, file => ../lib/components/group.d.ts] 
[debug] PhaseRunner.scala:84 Success [id => @jupyterlab/statusbar, phase => typescript] 
[debug] PhaseRunner.scala:84 Success [id => @jupyterlab/statusbar, phase => typescript] 
[info ] InferredDependency.scala:22 Inferred dependencies Set(TsIdentLibrarySimple(react)) for TsIdentLibraryScoped(jupyterlab,Some(statusbar)) [id => @jupyterlab/statusbar, phase => typescript, file => ../lib/components/icon.d.ts] 
[debug] PhaseRunner.scala:84 Success [id => @jupyterlab/statusbar, phase => typescript] 
[debug] PhaseRunner.scala:84 Success [id => @jupyterlab/statusbar, phase => typescript] 
[info ] InferredDependency.scala:22 Inferred dependencies Set(TsIdentLibrarySimple(react)) for TsIdentLibraryScoped(jupyterlab,Some(statusbar)) [id => @jupyterlab/statusbar, phase => typescript, file => ../lib/components/text.d.ts] 
[debug] PhaseRunner.scala:84 Success [id => @jupyterlab/statusbar, phase => typescript] 
[debug] PhaseRunner.scala:84 Success [id => @jupyterlab/statusbar, phase => typescript] 
[debug] PhaseRunner.scala:84 Success [id => @jupyterlab/statusbar, phase => typescript] 
[info ] InferredDependency.scala:22 Inferred dependencies Set(TsIdentLibrarySimple(react)) for TsIdentLibraryScoped(jupyterlab,Some(statusbar)) [id => @jupyterlab/statusbar, phase => typescript, file => ../lib/defaults/lineCol.d.ts] 
[debug] PhaseRunner.scala:84 Success [id => @jupyterlab/statusbar, phase => typescript] 
[debug] PhaseRunner.scala:84 Success [id => @jupyterlab/statusbar, phase => typescript] 
[debug] PhaseRunner.scala:84 Success [id => @jupyterlab/statusbar, phase => typescript] 
[debug] PhaseRunner.scala:84 Success [id => @jupyterlab/statusbar, phase => typescript] 
[debug] PhaseRunner.scala:84 Success [id => @jupyterlab/statusbar, phase => typescript] 
[debug] PhaseRunner.scala:84 Success [id => @jupyterlab/statusbar, phase => typescript] 
[debug] PhaseRunner.scala:84 Success [id => @jupyterlab/statusbar, phase => typescript] 
[debug] PhaseRunner.scala:84 Success [id => @jupyterlab/statusbar, phase => typescript] 
[info ] Phase1ReadTypescript.scala:171 Preprocessing TsHelperFile(InFile(/home/tso/tmp/tso-cache/npm/node_modules/@jupyterlab/statusbar/lib/components/group.d.ts),FromFolder(InFolder(/home/tso/tmp/tso-cache/npm/node_modules/@jupyterlab/statusbar),TsIdentLibraryScoped(jupyterlab,Some(statusbar))),TsIdentModule(Some(jupyterlab),List(statusbar, lib, components, group))) [id => @jupyterlab/statusbar, phase => typescript] 
[info ] InferredDefaultModule.scala:39 Inferred module TsIdentModule(Some(jupyterlab),List(statusbar, lib, components, group)) [id => @jupyterlab/statusbar, phase => typescript] 
[info ] Phase1ReadTypescript.scala:171 Preprocessing TsHelperFile(InFile(/home/tso/tmp/tso-cache/npm/node_modules/@jupyterlab/statusbar/lib/components/hover.d.ts),FromFolder(InFolder(/home/tso/tmp/tso-cache/npm/node_modules/@jupyterlab/statusbar),TsIdentLibraryScoped(jupyterlab,Some(statusbar))),TsIdentModule(Some(jupyterlab),List(statusbar, lib, components, hover))) [id => @jupyterlab/statusbar, phase => typescript] 
[info ] InferredDefaultModule.scala:39 Inferred module TsIdentModule(Some(jupyterlab),List(statusbar, lib, components, hover)) [id => @jupyterlab/statusbar, phase => typescript] 
[info ] Phase1ReadTypescript.scala:171 Preprocessing TsHelperFile(InFile(/home/tso/tmp/tso-cache/npm/node_modules/@jupyterlab/statusbar/lib/components/icon.d.ts),FromFolder(InFolder(/home/tso/tmp/tso-cache/npm/node_modules/@jupyterlab/statusbar),TsIdentLibraryScoped(jupyterlab,Some(statusbar))),TsIdentModule(Some(jupyterlab),List(statusbar, lib, components, icon))) [id => @jupyterlab/statusbar, phase => typescript] 
[info ] InferredDefaultModule.scala:39 Inferred module TsIdentModule(Some(jupyterlab),List(statusbar, lib, components, icon)) [id => @jupyterlab/statusbar, phase => typescript] 
[info ] Phase1ReadTypescript.scala:171 Preprocessing TsHelperFile(InFile(/home/tso/tmp/tso-cache/npm/node_modules/@jupyterlab/statusbar/lib/components/index.d.ts),FromFolder(InFolder(/home/tso/tmp/tso-cache/npm/node_modules/@jupyterlab/statusbar),TsIdentLibraryScoped(jupyterlab,Some(statusbar))),TsIdentModule(Some(jupyterlab),List(statusbar, lib, components))) [id => @jupyterlab/statusbar, phase => typescript] 
[info ] InferredDefaultModule.scala:39 Inferred module TsIdentModule(Some(jupyterlab),List(statusbar, lib, components)) [id => @jupyterlab/statusbar, phase => typescript] 
[info ] Phase1ReadTypescript.scala:171 Preprocessing TsHelperFile(InFile(/home/tso/tmp/tso-cache/npm/node_modules/@jupyterlab/statusbar/lib/components/progressBar.d.ts),FromFolder(InFolder(/home/tso/tmp/tso-cache/npm/node_modules/@jupyterlab/statusbar),TsIdentLibraryScoped(jupyterlab,Some(statusbar))),TsIdentModule(Some(jupyterlab),List(statusbar, lib, components, progressBar))) [id => @jupyterlab/statusbar, phase => typescript] 
[info ] InferredDefaultModule.scala:39 Inferred module TsIdentModule(Some(jupyterlab),List(statusbar, lib, components, progressBar)) [id => @jupyterlab/statusbar, phase => typescript] 
[info ] Phase1ReadTypescript.scala:171 Preprocessing TsHelperFile(InFile(/home/tso/tmp/tso-cache/npm/node_modules/@jupyterlab/statusbar/lib/components/text.d.ts),FromFolder(InFolder(/home/tso/tmp/tso-cache/npm/node_modules/@jupyterlab/statusbar),TsIdentLibraryScoped(jupyterlab,Some(statusbar))),TsIdentModule(Some(jupyterlab),List(statusbar, lib, components, text))) [id => @jupyterlab/statusbar, phase => typescript] 
[info ] InferredDefaultModule.scala:39 Inferred module TsIdentModule(Some(jupyterlab),List(statusbar, lib, components, text)) [id => @jupyterlab/statusbar, phase => typescript] 
[info ] Phase1ReadTypescript.scala:171 Preprocessing TsHelperFile(InFile(/home/tso/tmp/tso-cache/npm/node_modules/@jupyterlab/statusbar/lib/defaults/index.d.ts),FromFolder(InFolder(/home/tso/tmp/tso-cache/npm/node_modules/@jupyterlab/statusbar),TsIdentLibraryScoped(jupyterlab,Some(statusbar))),TsIdentModule(Some(jupyterlab),List(statusbar, lib, defaults))) [id => @jupyterlab/statusbar, phase => typescript] 
[info ] InferredDefaultModule.scala:39 Inferred module TsIdentModule(Some(jupyterlab),List(statusbar, lib, defaults)) [id => @jupyterlab/statusbar, phase => typescript] 
[info ] Phase1ReadTypescript.scala:171 Preprocessing TsHelperFile(InFile(/home/tso/tmp/tso-cache/npm/node_modules/@jupyterlab/statusbar/lib/defaults/kernelStatus.d.ts),FromFolder(InFolder(/home/tso/tmp/tso-cache/npm/node_modules/@jupyterlab/statusbar),TsIdentLibraryScoped(jupyterlab,Some(statusbar))),TsIdentModule(Some(jupyterlab),List(statusbar, lib, defaults, kernelStatus))) [id => @jupyterlab/statusbar, phase => typescript] 
[info ] InferredDefaultModule.scala:39 Inferred module TsIdentModule(Some(jupyterlab),List(statusbar, lib, defaults, kernelStatus)) [id => @jupyterlab/statusbar, phase => typescript] 
[info ] Phase1ReadTypescript.scala:171 Preprocessing TsHelperFile(InFile(/home/tso/tmp/tso-cache/npm/node_modules/@jupyterlab/statusbar/lib/defaults/lineCol.d.ts),FromFolder(InFolder(/home/tso/tmp/tso-cache/npm/node_modules/@jupyterlab/statusbar),TsIdentLibraryScoped(jupyterlab,Some(statusbar))),TsIdentModule(Some(jupyterlab),List(statusbar, lib, defaults, lineCol))) [id => @jupyterlab/statusbar, phase => typescript] 
[info ] InferredDefaultModule.scala:39 Inferred module TsIdentModule(Some(jupyterlab),List(statusbar, lib, defaults, lineCol)) [id => @jupyterlab/statusbar, phase => typescript] 
[info ] Phase1ReadTypescript.scala:171 Preprocessing TsHelperFile(InFile(/home/tso/tmp/tso-cache/npm/node_modules/@jupyterlab/statusbar/lib/defaults/memoryUsage.d.ts),FromFolder(InFolder(/home/tso/tmp/tso-cache/npm/node_modules/@jupyterlab/statusbar),TsIdentLibraryScoped(jupyterlab,Some(statusbar))),TsIdentModule(Some(jupyterlab),List(statusbar, lib, defaults, memoryUsage))) [id => @jupyterlab/statusbar, phase => typescript] 
[info ] InferredDefaultModule.scala:39 Inferred module TsIdentModule(Some(jupyterlab),List(statusbar, lib, defaults, memoryUsage)) [id => @jupyterlab/statusbar, phase => typescript] 
[info ] Phase1ReadTypescript.scala:171 Preprocessing TsHelperFile(InFile(/home/tso/tmp/tso-cache/npm/node_modules/@jupyterlab/statusbar/lib/defaults/runningSessions.d.ts),FromFolder(InFolder(/home/tso/tmp/tso-cache/npm/node_modules/@jupyterlab/statusbar),TsIdentLibraryScoped(jupyterlab,Some(statusbar))),TsIdentModule(Some(jupyterlab),List(statusbar, lib, defaults, runningSessions))) [id => @jupyterlab/statusbar, phase => typescript] 
[info ] InferredDefaultModule.scala:39 Inferred module TsIdentModule(Some(jupyterlab),List(statusbar, lib, defaults, runningSessions)) [id => @jupyterlab/statusbar, phase => typescript] 
[info ] Phase1ReadTypescript.scala:171 Preprocessing TsHelperFile(InFile(/home/tso/tmp/tso-cache/npm/node_modules/@jupyterlab/statusbar/lib/index.d.ts),FromFolder(InFolder(/home/tso/tmp/tso-cache/npm/node_modules/@jupyterlab/statusbar),TsIdentLibraryScoped(jupyterlab,Some(statusbar))),TsIdentModule(Some(jupyterlab),List(statusbar))) [id => @jupyterlab/statusbar, phase => typescript] 
[info ] InferredDefaultModule.scala:39 Inferred module TsIdentModule(Some(jupyterlab),List(statusbar)) [id => @jupyterlab/statusbar, phase => typescript] 
[info ] Phase1ReadTypescript.scala:171 Preprocessing TsHelperFile(InFile(/home/tso/tmp/tso-cache/npm/node_modules/@jupyterlab/statusbar/lib/statusbar.d.ts),FromFolder(InFolder(/home/tso/tmp/tso-cache/npm/node_modules/@jupyterlab/statusbar),TsIdentLibraryScoped(jupyterlab,Some(statusbar))),TsIdentModule(Some(jupyterlab),List(statusbar, lib, statusbar))) [id => @jupyterlab/statusbar, phase => typescript] 
[info ] InferredDefaultModule.scala:39 Inferred module TsIdentModule(Some(jupyterlab),List(statusbar, lib, statusbar)) [id => @jupyterlab/statusbar, phase => typescript] 
[info ] Phase1ReadTypescript.scala:171 Preprocessing TsHelperFile(InFile(/home/tso/tmp/tso-cache/npm/node_modules/@jupyterlab/statusbar/lib/style/statusbar.d.ts),FromFolder(InFolder(/home/tso/tmp/tso-cache/npm/node_modules/@jupyterlab/statusbar),TsIdentLibraryScoped(jupyterlab,Some(statusbar))),TsIdentModule(Some(jupyterlab),List(statusbar, lib, style, statusbar))) [id => @jupyterlab/statusbar, phase => typescript] 
[info ] InferredDefaultModule.scala:39 Inferred module TsIdentModule(Some(jupyterlab),List(statusbar, lib, style, statusbar)) [id => @jupyterlab/statusbar, phase => typescript] 
[info ] Phase1ReadTypescript.scala:171 Preprocessing TsHelperFile(InFile(/home/tso/tmp/tso-cache/npm/node_modules/@jupyterlab/statusbar/lib/tokens.d.ts),FromFolder(InFolder(/home/tso/tmp/tso-cache/npm/node_modules/@jupyterlab/statusbar),TsIdentLibraryScoped(jupyterlab,Some(statusbar))),TsIdentModule(Some(jupyterlab),List(statusbar, lib, tokens))) [id => @jupyterlab/statusbar, phase => typescript] 
[info ] InferredDefaultModule.scala:39 Inferred module TsIdentModule(Some(jupyterlab),List(statusbar, lib, tokens)) [id => @jupyterlab/statusbar, phase => typescript] 
[warn ] Phase1ReadTypescript.scala:190 Processing TsIdentLibraryScoped(jupyterlab,Some(statusbar)) [id => @jupyterlab/statusbar, phase => typescript] 
[warn ] QualifyReferences.scala:32 Couldn't qualify CodeEditor.IEditor [id => @jupyterlab/statusbar, phase => typescript, scope => TreeScope(TsParsedFile() / TsDeclModule(@jupyterlab/statusbar/lib/defaults/lineCol) / TsExport() / TsExporteeTree() / TsDeclNamespace(LineCol) / TsDeclClass(Model) / TsMemberProperty(editor) / TsTypeUnion() / TsTypeRef())] 
[debug] PhaseRunner.scala:84 Success [id => @jupyterlab/statusbar, phase => typescript] 
[warn ] Phase2ToScalaJs.scala:42 Processing @jupyterlab/statusbar [id => @jupyterlab/statusbar, phase => scala.js] 
[info ] InferMemberOverrides.scala:83 added override methods List(Name(dispose), Name(processMessage)) [id => @jupyterlab/statusbar, phase => scala.js, this => Name(atJupyterlabStatusbarLib) / Name(libStatusbarMod) / Name(StatusBar)] 
[info ] CompleteClass.scala:65 Completed implementations Vector(registerStatusItem) [id => @jupyterlab/statusbar, phase => scala.js, this => Name(atJupyterlabStatusbarLib) / Name(libStatusbarMod) / Name(StatusBar)] 
[debug] PhaseRunner.scala:84 Success [id => @jupyterlab/statusbar, phase => scala.js] 
[warn ] PhaseRunner.scala:70 Failed because of, [@jupyterlab/services => Compilation failed] [id => @jupyterlab/statusbar, phase => build] 
[error] PhaseRunner.scala:88 Failure, [@jupyterlab/services => Compilation failed] [id => @jupyterlab/statusbar, phase => build] 
[error] PhaseRunner.scala:88 Failure, [@jupyterlab/services => Compilation failed] [id => @jupyterlab/statusbar, phase => publish] 
