[debug] PhaseRunner.scala:84 Success [id => @jupyterlab/services, phase => typescript] 
[debug] PhaseRunner.scala:84 Success [id => @jupyterlab/services, phase => typescript] 
[debug] PhaseRunner.scala:92 Ignored [id => @jupyterlab/services, phase => typescript] 
[debug] PhaseRunner.scala:92 Ignored [id => @jupyterlab/services, phase => typescript] 
[debug] PhaseRunner.scala:84 Success [id => @jupyterlab/services, phase => typescript] 
[debug] PhaseRunner.scala:92 Ignored [id => @jupyterlab/services, phase => typescript] 
[debug] PhaseRunner.scala:84 Success [id => @jupyterlab/services, phase => typescript] 
[debug] PhaseRunner.scala:84 Success [id => @jupyterlab/services, phase => typescript] 
[debug] PhaseRunner.scala:84 Success [id => @jupyterlab/services, phase => typescript] 
[debug] PhaseRunner.scala:84 Success [id => @jupyterlab/services, phase => typescript] 
[debug] PhaseRunner.scala:84 Success [id => @jupyterlab/services, phase => typescript] 
[debug] PhaseRunner.scala:84 Success [id => @jupyterlab/services, phase => typescript] 
[debug] PhaseRunner.scala:84 Success [id => @jupyterlab/services, phase => typescript] 
[debug] PhaseRunner.scala:84 Success [id => @jupyterlab/services, phase => typescript] 
[debug] PhaseRunner.scala:84 Success [id => @jupyterlab/services, phase => typescript] 
[debug] PhaseRunner.scala:84 Success [id => @jupyterlab/services, phase => typescript] 
[debug] PhaseRunner.scala:84 Success [id => @jupyterlab/services, phase => typescript] 
[debug] PhaseRunner.scala:84 Success [id => @jupyterlab/services, phase => typescript] 
[debug] PhaseRunner.scala:84 Success [id => @jupyterlab/services, phase => typescript] 
[debug] PhaseRunner.scala:84 Success [id => @jupyterlab/services, phase => typescript] 
[debug] PhaseRunner.scala:84 Success [id => @jupyterlab/services, phase => typescript] 
[debug] PhaseRunner.scala:84 Success [id => @jupyterlab/services, phase => typescript] 
[debug] PhaseRunner.scala:84 Success [id => @jupyterlab/services, phase => typescript] 
[info ] Phase1ReadTypescript.scala:171 Preprocessing TsHelperFile(InFile(/home/tso/tmp/tso-cache/npm/node_modules/@jupyterlab/services/lib/builder/index.d.ts),FromFolder(InFolder(/home/tso/tmp/tso-cache/npm/node_modules/@jupyterlab/services),TsIdentLibraryScoped(jupyterlab,Some(services))),TsIdentModule(Some(jupyterlab),List(services, lib, builder))) [id => @jupyterlab/services, phase => typescript] 
[info ] InferredDefaultModule.scala:39 Inferred module TsIdentModule(Some(jupyterlab),List(services, lib, builder)) [id => @jupyterlab/services, phase => typescript] 
[info ] Phase1ReadTypescript.scala:171 Preprocessing TsHelperFile(InFile(/home/tso/tmp/tso-cache/npm/node_modules/@jupyterlab/services/lib/config/index.d.ts),FromFolder(InFolder(/home/tso/tmp/tso-cache/npm/node_modules/@jupyterlab/services),TsIdentLibraryScoped(jupyterlab,Some(services))),TsIdentModule(Some(jupyterlab),List(services, lib, config))) [id => @jupyterlab/services, phase => typescript] 
[info ] InferredDefaultModule.scala:39 Inferred module TsIdentModule(Some(jupyterlab),List(services, lib, config)) [id => @jupyterlab/services, phase => typescript] 
[info ] Phase1ReadTypescript.scala:171 Preprocessing TsHelperFile(InFile(/home/tso/tmp/tso-cache/npm/node_modules/@jupyterlab/services/lib/contents/index.d.ts),FromFolder(InFolder(/home/tso/tmp/tso-cache/npm/node_modules/@jupyterlab/services),TsIdentLibraryScoped(jupyterlab,Some(services))),TsIdentModule(Some(jupyterlab),List(services, lib, contents))) [id => @jupyterlab/services, phase => typescript] 
[info ] InferredDefaultModule.scala:39 Inferred module TsIdentModule(Some(jupyterlab),List(services, lib, contents)) [id => @jupyterlab/services, phase => typescript] 
[info ] Phase1ReadTypescript.scala:171 Preprocessing TsHelperFile(InFile(/home/tso/tmp/tso-cache/npm/node_modules/@jupyterlab/services/lib/index.d.ts),FromFolder(InFolder(/home/tso/tmp/tso-cache/npm/node_modules/@jupyterlab/services),TsIdentLibraryScoped(jupyterlab,Some(services))),TsIdentModule(Some(jupyterlab),List(services))) [id => @jupyterlab/services, phase => typescript] 
[info ] InferredDefaultModule.scala:39 Inferred module TsIdentModule(Some(jupyterlab),List(services)) [id => @jupyterlab/services, phase => typescript] 
[info ] Phase1ReadTypescript.scala:171 Preprocessing TsHelperFile(InFile(/home/tso/tmp/tso-cache/npm/node_modules/@jupyterlab/services/lib/kernel/index.d.ts),FromFolder(InFolder(/home/tso/tmp/tso-cache/npm/node_modules/@jupyterlab/services),TsIdentLibraryScoped(jupyterlab,Some(services))),TsIdentModule(Some(jupyterlab),List(services, lib, kernel))) [id => @jupyterlab/services, phase => typescript] 
[info ] InferredDefaultModule.scala:39 Inferred module TsIdentModule(Some(jupyterlab),List(services, lib, kernel)) [id => @jupyterlab/services, phase => typescript] 
[info ] Phase1ReadTypescript.scala:171 Preprocessing TsHelperFile(InFile(/home/tso/tmp/tso-cache/npm/node_modules/@jupyterlab/services/lib/kernel/kernel.d.ts),FromFolder(InFolder(/home/tso/tmp/tso-cache/npm/node_modules/@jupyterlab/services),TsIdentLibraryScoped(jupyterlab,Some(services))),TsIdentModule(Some(jupyterlab),List(services, lib, kernel, kernel))) [id => @jupyterlab/services, phase => typescript] 
[info ] InferredDefaultModule.scala:39 Inferred module TsIdentModule(Some(jupyterlab),List(services, lib, kernel, kernel)) [id => @jupyterlab/services, phase => typescript] 
[info ] Phase1ReadTypescript.scala:171 Preprocessing TsHelperFile(InFile(/home/tso/tmp/tso-cache/npm/node_modules/@jupyterlab/services/lib/kernel/manager.d.ts),FromFolder(InFolder(/home/tso/tmp/tso-cache/npm/node_modules/@jupyterlab/services),TsIdentLibraryScoped(jupyterlab,Some(services))),TsIdentModule(Some(jupyterlab),List(services, lib, kernel, manager))) [id => @jupyterlab/services, phase => typescript] 
[info ] InferredDefaultModule.scala:39 Inferred module TsIdentModule(Some(jupyterlab),List(services, lib, kernel, manager)) [id => @jupyterlab/services, phase => typescript] 
[info ] Phase1ReadTypescript.scala:171 Preprocessing TsHelperFile(InFile(/home/tso/tmp/tso-cache/npm/node_modules/@jupyterlab/services/lib/kernel/messages.d.ts),FromFolder(InFolder(/home/tso/tmp/tso-cache/npm/node_modules/@jupyterlab/services),TsIdentLibraryScoped(jupyterlab,Some(services))),TsIdentModule(Some(jupyterlab),List(services, lib, kernel, messages))) [id => @jupyterlab/services, phase => typescript] 
[info ] InferredDefaultModule.scala:39 Inferred module TsIdentModule(Some(jupyterlab),List(services, lib, kernel, messages)) [id => @jupyterlab/services, phase => typescript] 
[info ] Phase1ReadTypescript.scala:171 Preprocessing TsHelperFile(InFile(/home/tso/tmp/tso-cache/npm/node_modules/@jupyterlab/services/lib/manager.d.ts),FromFolder(InFolder(/home/tso/tmp/tso-cache/npm/node_modules/@jupyterlab/services),TsIdentLibraryScoped(jupyterlab,Some(services))),TsIdentModule(Some(jupyterlab),List(services, lib, manager))) [id => @jupyterlab/services, phase => typescript] 
[info ] InferredDefaultModule.scala:39 Inferred module TsIdentModule(Some(jupyterlab),List(services, lib, manager)) [id => @jupyterlab/services, phase => typescript] 
[info ] Phase1ReadTypescript.scala:171 Preprocessing TsHelperFile(InFile(/home/tso/tmp/tso-cache/npm/node_modules/@jupyterlab/services/lib/nbconvert/index.d.ts),FromFolder(InFolder(/home/tso/tmp/tso-cache/npm/node_modules/@jupyterlab/services),TsIdentLibraryScoped(jupyterlab,Some(services))),TsIdentModule(Some(jupyterlab),List(services, lib, nbconvert))) [id => @jupyterlab/services, phase => typescript] 
[info ] InferredDefaultModule.scala:39 Inferred module TsIdentModule(Some(jupyterlab),List(services, lib, nbconvert)) [id => @jupyterlab/services, phase => typescript] 
[info ] Phase1ReadTypescript.scala:171 Preprocessing TsHelperFile(InFile(/home/tso/tmp/tso-cache/npm/node_modules/@jupyterlab/services/lib/serverconnection.d.ts),FromFolder(InFolder(/home/tso/tmp/tso-cache/npm/node_modules/@jupyterlab/services),TsIdentLibraryScoped(jupyterlab,Some(services))),TsIdentModule(Some(jupyterlab),List(services, lib, serverconnection))) [id => @jupyterlab/services, phase => typescript] 
[info ] InferredDefaultModule.scala:39 Inferred module TsIdentModule(Some(jupyterlab),List(services, lib, serverconnection)) [id => @jupyterlab/services, phase => typescript] 
[info ] Phase1ReadTypescript.scala:171 Preprocessing TsHelperFile(InFile(/home/tso/tmp/tso-cache/npm/node_modules/@jupyterlab/services/lib/session/index.d.ts),FromFolder(InFolder(/home/tso/tmp/tso-cache/npm/node_modules/@jupyterlab/services),TsIdentLibraryScoped(jupyterlab,Some(services))),TsIdentModule(Some(jupyterlab),List(services, lib, session))) [id => @jupyterlab/services, phase => typescript] 
[info ] InferredDefaultModule.scala:39 Inferred module TsIdentModule(Some(jupyterlab),List(services, lib, session)) [id => @jupyterlab/services, phase => typescript] 
[info ] Phase1ReadTypescript.scala:171 Preprocessing TsHelperFile(InFile(/home/tso/tmp/tso-cache/npm/node_modules/@jupyterlab/services/lib/session/manager.d.ts),FromFolder(InFolder(/home/tso/tmp/tso-cache/npm/node_modules/@jupyterlab/services),TsIdentLibraryScoped(jupyterlab,Some(services))),TsIdentModule(Some(jupyterlab),List(services, lib, session, manager))) [id => @jupyterlab/services, phase => typescript] 
[info ] InferredDefaultModule.scala:39 Inferred module TsIdentModule(Some(jupyterlab),List(services, lib, session, manager)) [id => @jupyterlab/services, phase => typescript] 
[info ] Phase1ReadTypescript.scala:171 Preprocessing TsHelperFile(InFile(/home/tso/tmp/tso-cache/npm/node_modules/@jupyterlab/services/lib/session/session.d.ts),FromFolder(InFolder(/home/tso/tmp/tso-cache/npm/node_modules/@jupyterlab/services),TsIdentLibraryScoped(jupyterlab,Some(services))),TsIdentModule(Some(jupyterlab),List(services, lib, session, session))) [id => @jupyterlab/services, phase => typescript] 
[info ] InferredDefaultModule.scala:39 Inferred module TsIdentModule(Some(jupyterlab),List(services, lib, session, session)) [id => @jupyterlab/services, phase => typescript] 
[info ] Phase1ReadTypescript.scala:171 Preprocessing TsHelperFile(InFile(/home/tso/tmp/tso-cache/npm/node_modules/@jupyterlab/services/lib/setting/index.d.ts),FromFolder(InFolder(/home/tso/tmp/tso-cache/npm/node_modules/@jupyterlab/services),TsIdentLibraryScoped(jupyterlab,Some(services))),TsIdentModule(Some(jupyterlab),List(services, lib, setting))) [id => @jupyterlab/services, phase => typescript] 
[info ] InferredDefaultModule.scala:39 Inferred module TsIdentModule(Some(jupyterlab),List(services, lib, setting)) [id => @jupyterlab/services, phase => typescript] 
[info ] Phase1ReadTypescript.scala:171 Preprocessing TsHelperFile(InFile(/home/tso/tmp/tso-cache/npm/node_modules/@jupyterlab/services/lib/terminal/index.d.ts),FromFolder(InFolder(/home/tso/tmp/tso-cache/npm/node_modules/@jupyterlab/services),TsIdentLibraryScoped(jupyterlab,Some(services))),TsIdentModule(Some(jupyterlab),List(services, lib, terminal))) [id => @jupyterlab/services, phase => typescript] 
[info ] InferredDefaultModule.scala:39 Inferred module TsIdentModule(Some(jupyterlab),List(services, lib, terminal)) [id => @jupyterlab/services, phase => typescript] 
[info ] Phase1ReadTypescript.scala:171 Preprocessing TsHelperFile(InFile(/home/tso/tmp/tso-cache/npm/node_modules/@jupyterlab/services/lib/terminal/manager.d.ts),FromFolder(InFolder(/home/tso/tmp/tso-cache/npm/node_modules/@jupyterlab/services),TsIdentLibraryScoped(jupyterlab,Some(services))),TsIdentModule(Some(jupyterlab),List(services, lib, terminal, manager))) [id => @jupyterlab/services, phase => typescript] 
[info ] InferredDefaultModule.scala:39 Inferred module TsIdentModule(Some(jupyterlab),List(services, lib, terminal, manager)) [id => @jupyterlab/services, phase => typescript] 
[info ] Phase1ReadTypescript.scala:171 Preprocessing TsHelperFile(InFile(/home/tso/tmp/tso-cache/npm/node_modules/@jupyterlab/services/lib/terminal/terminal.d.ts),FromFolder(InFolder(/home/tso/tmp/tso-cache/npm/node_modules/@jupyterlab/services),TsIdentLibraryScoped(jupyterlab,Some(services))),TsIdentModule(Some(jupyterlab),List(services, lib, terminal, terminal))) [id => @jupyterlab/services, phase => typescript] 
[info ] InferredDefaultModule.scala:39 Inferred module TsIdentModule(Some(jupyterlab),List(services, lib, terminal, terminal)) [id => @jupyterlab/services, phase => typescript] 
[info ] Phase1ReadTypescript.scala:171 Preprocessing TsHelperFile(InFile(/home/tso/tmp/tso-cache/npm/node_modules/@jupyterlab/services/lib/workspace/index.d.ts),FromFolder(InFolder(/home/tso/tmp/tso-cache/npm/node_modules/@jupyterlab/services),TsIdentLibraryScoped(jupyterlab,Some(services))),TsIdentModule(Some(jupyterlab),List(services, lib, workspace))) [id => @jupyterlab/services, phase => typescript] 
[info ] InferredDefaultModule.scala:39 Inferred module TsIdentModule(Some(jupyterlab),List(services, lib, workspace)) [id => @jupyterlab/services, phase => typescript] 
[warn ] Phase1ReadTypescript.scala:191 Processing TsIdentLibraryScoped(jupyterlab,Some(services)) [id => @jupyterlab/services, phase => typescript] 
[warn ] QualifyReferences.scala:32 Couldn't qualify ServerConnection.ISettings [id => @jupyterlab/services, phase => typescript, scope => TreeScope(TsParsedFile() / TsDeclModule(@jupyterlab/services/lib/config) / TsExport() / TsExporteeTree() / TsDeclInterface(IConfigSection) / TsMemberProperty(serverSettings) / TsTypeRef())] 
[warn ] QualifyReferences.scala:32 Couldn't qualify ServerConnection.ISettings [id => @jupyterlab/services, phase => typescript, scope => TreeScope(TsParsedFile() / TsDeclModule(@jupyterlab/services/lib/config) / TsExport() / TsExporteeTree() / TsDeclNamespace(ConfigSection) / TsDeclInterface(IOptions) / TsMemberProperty(serverSettings) / TsTypeRef())] 
[warn ] QualifyReferences.scala:32 Couldn't qualify ServerConnection.ISettings [id => @jupyterlab/services, phase => typescript, scope => TreeScope(TsParsedFile() / TsDeclModule(@jupyterlab/services/lib/contents) / TsExport() / TsExporteeTree() / TsDeclNamespace(Contents) / TsDeclInterface(IManager) / TsMemberProperty(serverSettings) / TsTypeRef())] 
[warn ] QualifyReferences.scala:32 Couldn't qualify ServerConnection.ISettings [id => @jupyterlab/services, phase => typescript, scope => TreeScope(TsParsedFile() / TsDeclModule(@jupyterlab/services/lib/contents) / TsExport() / TsExporteeTree() / TsDeclNamespace(Contents) / TsDeclInterface(IDrive) / TsMemberProperty(serverSettings) / TsTypeRef())] 
[warn ] QualifyReferences.scala:32 Couldn't qualify ServerConnection.ISettings [id => @jupyterlab/services, phase => typescript, scope => TreeScope(TsParsedFile() / TsDeclModule(@jupyterlab/services/lib/contents) / TsExport() / TsExporteeTree() / TsDeclClass(ContentsManager) / TsMemberProperty(serverSettings) / TsTypeRef())] 
[warn ] QualifyReferences.scala:32 Couldn't qualify ServerConnection.ISettings [id => @jupyterlab/services, phase => typescript, scope => TreeScope(TsParsedFile() / TsDeclModule(@jupyterlab/services/lib/contents) / TsExport() / TsExporteeTree() / TsDeclClass(Drive) / TsMemberProperty(serverSettings) / TsTypeRef())] 
[warn ] QualifyReferences.scala:32 Couldn't qualify ServerConnection.ISettings [id => @jupyterlab/services, phase => typescript, scope => TreeScope(TsParsedFile() / TsDeclModule(@jupyterlab/services/lib/contents) / TsExport() / TsExporteeTree() / TsDeclNamespace(ContentsManager) / TsDeclInterface(IOptions) / TsMemberProperty(serverSettings) / TsTypeRef())] 
[warn ] QualifyReferences.scala:32 Couldn't qualify ServerConnection.ISettings [id => @jupyterlab/services, phase => typescript, scope => TreeScope(TsParsedFile() / TsDeclModule(@jupyterlab/services/lib/contents) / TsExport() / TsExporteeTree() / TsDeclNamespace(Drive) / TsDeclInterface(IOptions) / TsMemberProperty(serverSettings) / TsTypeRef())] 
[warn ] QualifyReferences.scala:32 Couldn't qualify ServerConnection.ISettings [id => @jupyterlab/services, phase => typescript, scope => TreeScope(TsParsedFile() / TsDeclModule(@jupyterlab/services/lib/kernel/kernel) / TsExport() / TsExporteeTree() / TsDeclNamespace(Kernel) / TsDeclInterface(IKernel) / TsMemberProperty(serverSettings) / TsTypeRef())] 
[warn ] QualifyReferences.scala:32 Couldn't qualify ServerConnection.ISettings [id => @jupyterlab/services, phase => typescript, scope => TreeScope(TsParsedFile() / TsDeclModule(@jupyterlab/services/lib/kernel/kernel) / TsExport() / TsExporteeTree() / TsDeclNamespace(Kernel) / TsDeclFunction(findById) / TsFunSig() / TsFunParam() / TsTypeRef())] 
[warn ] QualifyReferences.scala:32 Couldn't qualify ServerConnection.ISettings [id => @jupyterlab/services, phase => typescript, scope => TreeScope(TsParsedFile() / TsDeclModule(@jupyterlab/services/lib/kernel/kernel) / TsExport() / TsExporteeTree() / TsDeclNamespace(Kernel) / TsDeclFunction(getSpecs) / TsFunSig() / TsFunParam() / TsTypeRef())] 
[warn ] QualifyReferences.scala:32 Couldn't qualify ServerConnection.ISettings [id => @jupyterlab/services, phase => typescript, scope => TreeScope(TsParsedFile() / TsDeclModule(@jupyterlab/services/lib/kernel/kernel) / TsExport() / TsExporteeTree() / TsDeclNamespace(Kernel) / TsDeclFunction(listRunning) / TsFunSig() / TsFunParam() / TsTypeRef())] 
[warn ] QualifyReferences.scala:32 Couldn't qualify ServerConnection.ISettings [id => @jupyterlab/services, phase => typescript, scope => TreeScope(TsParsedFile() / TsDeclModule(@jupyterlab/services/lib/kernel/kernel) / TsExport() / TsExporteeTree() / TsDeclNamespace(Kernel) / TsDeclFunction(connectTo) / TsFunSig() / TsFunParam() / TsTypeRef())] 
[warn ] QualifyReferences.scala:32 Couldn't qualify ServerConnection.ISettings [id => @jupyterlab/services, phase => typescript, scope => TreeScope(TsParsedFile() / TsDeclModule(@jupyterlab/services/lib/kernel/kernel) / TsExport() / TsExporteeTree() / TsDeclNamespace(Kernel) / TsDeclFunction(shutdown) / TsFunSig() / TsFunParam() / TsTypeRef())] 
[warn ] QualifyReferences.scala:32 Couldn't qualify ServerConnection.ISettings [id => @jupyterlab/services, phase => typescript, scope => TreeScope(TsParsedFile() / TsDeclModule(@jupyterlab/services/lib/kernel/kernel) / TsExport() / TsExporteeTree() / TsDeclNamespace(Kernel) / TsDeclFunction(shutdownAll) / TsFunSig() / TsFunParam() / TsTypeRef())] 
[warn ] QualifyReferences.scala:32 Couldn't qualify ServerConnection.ISettings [id => @jupyterlab/services, phase => typescript, scope => TreeScope(TsParsedFile() / TsDeclModule(@jupyterlab/services/lib/kernel/kernel) / TsExport() / TsExporteeTree() / TsDeclNamespace(Kernel) / TsDeclInterface(IOptions) / TsMemberProperty(serverSettings) / TsTypeRef())] 
[warn ] QualifyReferences.scala:32 Couldn't qualify ServerConnection.NetworkError [id => @jupyterlab/services, phase => typescript, scope => TreeScope(TsParsedFile() / TsDeclModule(@jupyterlab/services/lib/kernel/kernel) / TsExport() / TsExporteeTree() / TsDeclNamespace(Kernel) / TsDeclInterface(IManager) / TsMemberProperty(connectionFailure) / TsTypeRef() / TsTypeRef())] 
[warn ] QualifyReferences.scala:32 Couldn't qualify ServerConnection.ISettings [id => @jupyterlab/services, phase => typescript, scope => TreeScope(TsParsedFile() / TsDeclModule(@jupyterlab/services/lib/kernel/kernel) / TsExport() / TsExporteeTree() / TsDeclNamespace(Kernel) / TsDeclInterface(IManager) / TsMemberProperty(serverSettings) / TsTypeRef())] 
[warn ] QualifyReferences.scala:32 Couldn't qualify ServerConnection.ISettings [id => @jupyterlab/services, phase => typescript, scope => TreeScope(TsParsedFile() / TsDeclModule(@jupyterlab/services/lib/kernel/manager) / TsExport() / TsExporteeTree() / TsDeclClass(KernelManager) / TsMemberProperty(serverSettings) / TsTypeRef())] 
[warn ] QualifyReferences.scala:32 Couldn't qualify ServerConnection.ISettings [id => @jupyterlab/services, phase => typescript, scope => TreeScope(TsParsedFile() / TsDeclModule(@jupyterlab/services/lib/kernel/manager) / TsExport() / TsExporteeTree() / TsDeclNamespace(KernelManager) / TsDeclInterface(IOptions) / TsMemberProperty(serverSettings) / TsTypeRef())] 
[warn ] QualifyReferences.scala:32 Couldn't qualify ServerConnection.ISettings [id => @jupyterlab/services, phase => typescript, scope => TreeScope(TsParsedFile() / TsDeclModule(@jupyterlab/services/lib/session/session) / TsExport() / TsExporteeTree() / TsDeclNamespace(Session) / TsDeclInterface(ISession) / TsMemberProperty(serverSettings) / TsTypeRef())] 
[warn ] QualifyReferences.scala:32 Couldn't qualify ServerConnection.ISettings [id => @jupyterlab/services, phase => typescript, scope => TreeScope(TsParsedFile() / TsDeclModule(@jupyterlab/services/lib/session/session) / TsExport() / TsExporteeTree() / TsDeclNamespace(Session) / TsDeclFunction(listRunning) / TsFunSig() / TsFunParam() / TsTypeRef())] 
[warn ] QualifyReferences.scala:32 Couldn't qualify ServerConnection.ISettings [id => @jupyterlab/services, phase => typescript, scope => TreeScope(TsParsedFile() / TsDeclModule(@jupyterlab/services/lib/session/session) / TsExport() / TsExporteeTree() / TsDeclNamespace(Session) / TsDeclFunction(findById) / TsFunSig() / TsFunParam() / TsTypeRef())] 
[warn ] QualifyReferences.scala:32 Couldn't qualify ServerConnection.ISettings [id => @jupyterlab/services, phase => typescript, scope => TreeScope(TsParsedFile() / TsDeclModule(@jupyterlab/services/lib/session/session) / TsExport() / TsExporteeTree() / TsDeclNamespace(Session) / TsDeclFunction(findByPath) / TsFunSig() / TsFunParam() / TsTypeRef())] 
[warn ] QualifyReferences.scala:32 Couldn't qualify ServerConnection.ISettings [id => @jupyterlab/services, phase => typescript, scope => TreeScope(TsParsedFile() / TsDeclModule(@jupyterlab/services/lib/session/session) / TsExport() / TsExporteeTree() / TsDeclNamespace(Session) / TsDeclFunction(connectTo) / TsFunSig() / TsFunParam() / TsTypeRef())] 
[warn ] QualifyReferences.scala:32 Couldn't qualify ServerConnection.ISettings [id => @jupyterlab/services, phase => typescript, scope => TreeScope(TsParsedFile() / TsDeclModule(@jupyterlab/services/lib/session/session) / TsExport() / TsExporteeTree() / TsDeclNamespace(Session) / TsDeclFunction(shutdown) / TsFunSig() / TsFunParam() / TsTypeRef())] 
[warn ] QualifyReferences.scala:32 Couldn't qualify ServerConnection.ISettings [id => @jupyterlab/services, phase => typescript, scope => TreeScope(TsParsedFile() / TsDeclModule(@jupyterlab/services/lib/session/session) / TsExport() / TsExporteeTree() / TsDeclNamespace(Session) / TsDeclFunction(shutdownAll) / TsFunSig() / TsFunParam() / TsTypeRef())] 
[warn ] QualifyReferences.scala:32 Couldn't qualify ServerConnection.ISettings [id => @jupyterlab/services, phase => typescript, scope => TreeScope(TsParsedFile() / TsDeclModule(@jupyterlab/services/lib/session/session) / TsExport() / TsExporteeTree() / TsDeclNamespace(Session) / TsDeclInterface(IOptions) / TsMemberProperty(serverSettings) / TsTypeRef())] 
[warn ] QualifyReferences.scala:32 Couldn't qualify ServerConnection.NetworkError [id => @jupyterlab/services, phase => typescript, scope => TreeScope(TsParsedFile() / TsDeclModule(@jupyterlab/services/lib/session/session) / TsExport() / TsExporteeTree() / TsDeclNamespace(Session) / TsDeclInterface(IManager) / TsMemberProperty(connectionFailure) / TsTypeRef() / TsTypeRef())] 
[warn ] QualifyReferences.scala:32 Couldn't qualify ServerConnection.ISettings [id => @jupyterlab/services, phase => typescript, scope => TreeScope(TsParsedFile() / TsDeclModule(@jupyterlab/services/lib/session/session) / TsExport() / TsExporteeTree() / TsDeclNamespace(Session) / TsDeclInterface(IManager) / TsMemberProperty(serverSettings) / TsTypeRef())] 
[warn ] QualifyReferences.scala:32 Couldn't qualify ServerConnection.ISettings [id => @jupyterlab/services, phase => typescript, scope => TreeScope(TsParsedFile() / TsDeclModule(@jupyterlab/services/lib/terminal/manager) / TsExport() / TsExporteeTree() / TsDeclClass(TerminalManager) / TsMemberProperty(serverSettings) / TsTypeRef())] 
[warn ] QualifyReferences.scala:32 Couldn't qualify ServerConnection.ISettings [id => @jupyterlab/services, phase => typescript, scope => TreeScope(TsParsedFile() / TsDeclModule(@jupyterlab/services/lib/terminal/manager) / TsExport() / TsExporteeTree() / TsDeclNamespace(TerminalManager) / TsDeclInterface(IOptions) / TsMemberProperty(serverSettings) / TsTypeRef())] 
[warn ] QualifyReferences.scala:32 Couldn't qualify ServerConnection.ISettings [id => @jupyterlab/services, phase => typescript, scope => TreeScope(TsParsedFile() / TsDeclModule(@jupyterlab/services/lib/terminal/terminal) / TsExport() / TsExporteeTree() / TsDeclNamespace(TerminalSession) / TsDeclInterface(ISession) / TsMemberProperty(serverSettings) / TsTypeRef())] 
[warn ] QualifyReferences.scala:32 Couldn't qualify ServerConnection.ISettings [id => @jupyterlab/services, phase => typescript, scope => TreeScope(TsParsedFile() / TsDeclModule(@jupyterlab/services/lib/terminal/terminal) / TsExport() / TsExporteeTree() / TsDeclNamespace(TerminalSession) / TsDeclFunction(listRunning) / TsFunSig() / TsFunParam() / TsTypeRef())] 
[warn ] QualifyReferences.scala:32 Couldn't qualify ServerConnection.ISettings [id => @jupyterlab/services, phase => typescript, scope => TreeScope(TsParsedFile() / TsDeclModule(@jupyterlab/services/lib/terminal/terminal) / TsExport() / TsExporteeTree() / TsDeclNamespace(TerminalSession) / TsDeclFunction(shutdown) / TsFunSig() / TsFunParam() / TsTypeRef())] 
[warn ] QualifyReferences.scala:32 Couldn't qualify ServerConnection.ISettings [id => @jupyterlab/services, phase => typescript, scope => TreeScope(TsParsedFile() / TsDeclModule(@jupyterlab/services/lib/terminal/terminal) / TsExport() / TsExporteeTree() / TsDeclNamespace(TerminalSession) / TsDeclFunction(shutdownAll) / TsFunSig() / TsFunParam() / TsTypeRef())] 
[warn ] QualifyReferences.scala:32 Couldn't qualify ServerConnection.ISettings [id => @jupyterlab/services, phase => typescript, scope => TreeScope(TsParsedFile() / TsDeclModule(@jupyterlab/services/lib/terminal/terminal) / TsExport() / TsExporteeTree() / TsDeclNamespace(TerminalSession) / TsDeclInterface(IOptions) / TsMemberProperty(serverSettings) / TsTypeRef())] 
[warn ] QualifyReferences.scala:32 Couldn't qualify ServerConnection.NetworkError [id => @jupyterlab/services, phase => typescript, scope => TreeScope(TsParsedFile() / TsDeclModule(@jupyterlab/services/lib/terminal/terminal) / TsExport() / TsExporteeTree() / TsDeclNamespace(TerminalSession) / TsDeclInterface(IManager) / TsMemberProperty(connectionFailure) / TsTypeRef() / TsTypeRef())] 
[warn ] QualifyReferences.scala:32 Couldn't qualify ServerConnection.ISettings [id => @jupyterlab/services, phase => typescript, scope => TreeScope(TsParsedFile() / TsDeclModule(@jupyterlab/services/lib/terminal/terminal) / TsExport() / TsExporteeTree() / TsDeclNamespace(TerminalSession) / TsDeclInterface(IManager) / TsMemberProperty(serverSettings) / TsTypeRef())] 
[info ] ResolveTypeQueries.scala:139 Resolved TsTypeQuery(TsQIdent(List(TsIdentSimple(Request)))) [id => @jupyterlab/services, phase => typescript, scope => TreeScope(TsParsedFile() / TsDeclModule(@jupyterlab/services/lib/serverconnection) / TsExport() / TsExporteeTree() / TsDeclNamespace(ServerConnection) / TsDeclInterface(ISettings) / TsMemberProperty(Request) / TsTypeQuery())] 
[info ] ResolveTypeQueries.scala:139 Resolved TsTypeQuery(TsQIdent(List(TsIdentSimple(Headers)))) [id => @jupyterlab/services, phase => typescript, scope => TreeScope(TsParsedFile() / TsDeclModule(@jupyterlab/services/lib/serverconnection) / TsExport() / TsExporteeTree() / TsDeclNamespace(ServerConnection) / TsDeclInterface(ISettings) / TsMemberProperty(Headers) / TsTypeQuery())] 
[info ] ResolveTypeQueries.scala:139 Resolved TsTypeQuery(TsQIdent(List(TsIdentSimple(WebSocket)))) [id => @jupyterlab/services, phase => typescript, scope => TreeScope(TsParsedFile() / TsDeclModule(@jupyterlab/services/lib/serverconnection) / TsExport() / TsExporteeTree() / TsDeclNamespace(ServerConnection) / TsDeclInterface(ISettings) / TsMemberProperty(WebSocket) / TsTypeQuery())] 
[info ] PreferTypeAlias.scala:55 Simplified to type alias [id => @jupyterlab/services, phase => typescript, scope => TreeScope(TsParsedFile() / TsDeclModule(@jupyterlab/services/lib/builder) / TsDeclNamespace(Builder) / TsDeclInterface(IManager))] 
[info ] PreferTypeAlias.scala:55 Simplified to type alias [id => @jupyterlab/services, phase => typescript, scope => TreeScope(TsParsedFile() / TsDeclModule(@jupyterlab/services/lib/kernel/kernel) / TsDeclNamespace(Kernel) / TsDeclInterface(IShellFuture))] 
[info ] PreferTypeAlias.scala:55 Simplified to type alias [id => @jupyterlab/services, phase => typescript, scope => TreeScope(TsParsedFile() / TsDeclModule(@jupyterlab/services/lib/kernel/kernel) / TsDeclNamespace(Kernel) / TsDeclInterface(IControlFuture))] 
[info ] PreferTypeAlias.scala:55 Simplified to type alias [id => @jupyterlab/services, phase => typescript, scope => TreeScope(TsParsedFile() / TsDeclModule(@jupyterlab/services/lib/nbconvert) / TsDeclNamespace(NbConvert) / TsDeclInterface(IManager))] 
[info ] PreferTypeAlias.scala:55 Simplified to type alias [id => @jupyterlab/services, phase => typescript, scope => TreeScope(TsParsedFile() / TsDeclModule(@jupyterlab/services/lib/setting) / TsDeclNamespace(Setting) / TsDeclInterface(IManager))] 
[info ] PreferTypeAlias.scala:55 Simplified to type alias [id => @jupyterlab/services, phase => typescript, scope => TreeScope(TsParsedFile() / TsDeclModule(@jupyterlab/services/lib/workspace) / TsDeclNamespace(Workspace) / TsDeclInterface(IManager))] 
[info ] ExtractInterfaces.scala:41 Extracted anonymous interface TsIdentSimple(Anon_Code) [id => @jupyterlab/services, phase => typescript, scope => TreeScope(TsParsedFile() / TsDeclModule(@jupyterlab/services/lib/kernel/kernel) / TsDeclNamespace(Kernel) / TsDeclInterface(IKernelConnection) / TsMemberFunction(requestComplete) / TsFunSig() / TsFunParam() / TsTypeObject())] 
[info ] ExtractInterfaces.scala:41 Extracted anonymous interface TsIdentSimple(Anon_0) [id => @jupyterlab/services, phase => typescript, scope => TreeScope(TsParsedFile() / TsDeclModule(@jupyterlab/services/lib/kernel/kernel) / TsDeclNamespace(Kernel) / TsDeclInterface(IKernelConnection) / TsMemberFunction(requestInspect) / TsFunSig() / TsFunParam() / TsTypeObject())] 
[info ] ExtractInterfaces.scala:41 Extracted anonymous interface TsIdentSimple(Anon_Allowstdin) [id => @jupyterlab/services, phase => typescript, scope => TreeScope(TsParsedFile() / TsDeclModule(@jupyterlab/services/lib/kernel/kernel) / TsDeclNamespace(Kernel) / TsDeclInterface(IKernelConnection) / TsMemberFunction(requestExecute) / TsFunSig() / TsFunParam() / TsTypeObject())] 
[info ] ExtractInterfaces.scala:41 Extracted anonymous interface TsIdentSimple(Anon_CodeString) [id => @jupyterlab/services, phase => typescript, scope => TreeScope(TsParsedFile() / TsDeclModule(@jupyterlab/services/lib/kernel/kernel) / TsDeclNamespace(Kernel) / TsDeclInterface(IKernelConnection) / TsMemberFunction(requestIsComplete) / TsFunSig() / TsFunParam() / TsTypeObject())] 
[info ] ExtractInterfaces.scala:41 Extracted anonymous interface TsIdentSimple(Anon_Target) [id => @jupyterlab/services, phase => typescript, scope => TreeScope(TsParsedFile() / TsDeclModule(@jupyterlab/services/lib/kernel/kernel) / TsDeclNamespace(Kernel) / TsDeclInterface(IKernelConnection) / TsMemberFunction(requestCommInfo) / TsFunSig() / TsFunParam() / TsTypeObject())] 
[info ] ExtractInterfaces.scala:41 Extracted anonymous interface TsIdentSimple(Anon_Name) [id => @jupyterlab/services, phase => typescript, scope => TreeScope(TsParsedFile() / TsDeclModule(@jupyterlab/services/lib/kernel/messages) / TsDeclNamespace(KernelMessage) / TsDeclInterface(IStreamMsg) / TsMemberProperty(content) / TsTypeObject())] 
[info ] ExtractInterfaces.scala:41 Extracted anonymous interface TsIdentSimple(Anon_Displayid) [id => @jupyterlab/services, phase => typescript, scope => TreeScope(TsParsedFile() / TsDeclModule(@jupyterlab/services/lib/kernel/messages) / TsDeclNamespace(KernelMessage) / TsDeclInterface(IDisplayDataMsg) / TsMemberProperty(content) / TsTypeObject() / TsMemberProperty(transient) / TsTypeObject())] 
[info ] ExtractInterfaces.scala:41 Extracted anonymous interface TsIdentSimple(Anon_Data) [id => @jupyterlab/services, phase => typescript, scope => TreeScope(TsParsedFile() / TsDeclModule(@jupyterlab/services/lib/kernel/messages) / TsDeclNamespace(KernelMessage) / TsDeclInterface(IDisplayDataMsg) / TsMemberProperty(content) / TsTypeObject())] 
[info ] ExtractInterfaces.scala:41 Extracted anonymous interface TsIdentSimple(Anon_Displayid) [id => @jupyterlab/services, phase => typescript, scope => TreeScope(TsParsedFile() / TsDeclModule(@jupyterlab/services/lib/kernel/messages) / TsDeclNamespace(KernelMessage) / TsDeclInterface(IUpdateDisplayDataMsg) / TsMemberProperty(content) / TsTypeIntersect() / TsTypeObject() / TsMemberProperty(transient) / TsTypeObject())] 
[info ] ExtractInterfaces.scala:41 Extracted anonymous interface TsIdentSimple(Anon_Data) [id => @jupyterlab/services, phase => typescript, scope => TreeScope(TsParsedFile() / TsDeclModule(@jupyterlab/services/lib/kernel/messages) / TsDeclNamespace(KernelMessage) / TsDeclInterface(IUpdateDisplayDataMsg) / TsMemberProperty(content) / TsTypeIntersect() / TsTypeObject())] 
[info ] ExtractInterfaces.scala:41 Extracted anonymous interface TsIdentSimple(Anon_DisplayidString) [id => @jupyterlab/services, phase => typescript, scope => TreeScope(TsParsedFile() / TsDeclModule(@jupyterlab/services/lib/kernel/messages) / TsDeclNamespace(KernelMessage) / TsDeclInterface(IUpdateDisplayDataMsg) / TsMemberProperty(content) / TsTypeIntersect() / TsTypeObject() / TsMemberProperty(transient) / TsTypeObject())] 
[info ] ExtractInterfaces.scala:41 Extracted anonymous interface TsIdentSimple(Anon_Transient) [id => @jupyterlab/services, phase => typescript, scope => TreeScope(TsParsedFile() / TsDeclModule(@jupyterlab/services/lib/kernel/messages) / TsDeclNamespace(KernelMessage) / TsDeclInterface(IUpdateDisplayDataMsg) / TsMemberProperty(content) / TsTypeIntersect() / TsTypeObject())] 
[info ] ExtractInterfaces.scala:41 Extracted anonymous interface TsIdentSimple(Anon_CodeExecutioncount) [id => @jupyterlab/services, phase => typescript, scope => TreeScope(TsParsedFile() / TsDeclModule(@jupyterlab/services/lib/kernel/messages) / TsDeclNamespace(KernelMessage) / TsDeclInterface(IExecuteInputMsg) / TsMemberProperty(content) / TsTypeObject())] 
[info ] ExtractInterfaces.scala:41 Extracted anonymous interface TsIdentSimple(Anon_Displayid) [id => @jupyterlab/services, phase => typescript, scope => TreeScope(TsParsedFile() / TsDeclModule(@jupyterlab/services/lib/kernel/messages) / TsDeclNamespace(KernelMessage) / TsDeclInterface(IExecuteResultMsg) / TsMemberProperty(content) / TsTypeObject() / TsMemberProperty(transient) / TsTypeObject())] 
[info ] ExtractInterfaces.scala:41 Extracted anonymous interface TsIdentSimple(Anon_DataExecutioncount) [id => @jupyterlab/services, phase => typescript, scope => TreeScope(TsParsedFile() / TsDeclModule(@jupyterlab/services/lib/kernel/messages) / TsDeclNamespace(KernelMessage) / TsDeclInterface(IExecuteResultMsg) / TsMemberProperty(content) / TsTypeObject())] 
[info ] ExtractInterfaces.scala:41 Extracted anonymous interface TsIdentSimple(Anon_Ename) [id => @jupyterlab/services, phase => typescript, scope => TreeScope(TsParsedFile() / TsDeclModule(@jupyterlab/services/lib/kernel/messages) / TsDeclNamespace(KernelMessage) / TsDeclInterface(IErrorMsg) / TsMemberProperty(content) / TsTypeObject())] 
[info ] ExtractInterfaces.scala:41 Extracted anonymous interface TsIdentSimple(Anon_Executionstate) [id => @jupyterlab/services, phase => typescript, scope => TreeScope(TsParsedFile() / TsDeclModule(@jupyterlab/services/lib/kernel/messages) / TsDeclNamespace(KernelMessage) / TsDeclInterface(IStatusMsg) / TsMemberProperty(content) / TsTypeObject())] 
[info ] ExtractInterfaces.scala:41 Extracted anonymous interface TsIdentSimple(Anon_Wait) [id => @jupyterlab/services, phase => typescript, scope => TreeScope(TsParsedFile() / TsDeclModule(@jupyterlab/services/lib/kernel/messages) / TsDeclNamespace(KernelMessage) / TsDeclInterface(IClearOutputMsg) / TsMemberProperty(content) / TsTypeObject())] 
[info ] ExtractInterfaces.scala:41 Extracted anonymous interface TsIdentSimple(Anon_Commid) [id => @jupyterlab/services, phase => typescript, scope => TreeScope(TsParsedFile() / TsDeclModule(@jupyterlab/services/lib/kernel/messages) / TsDeclNamespace(KernelMessage) / TsDeclInterface(ICommOpenMsg) / TsMemberProperty(content) / TsTypeObject())] 
[info ] ExtractInterfaces.scala:41 Extracted anonymous interface TsIdentSimple(Anon_CommidData) [id => @jupyterlab/services, phase => typescript, scope => TreeScope(TsParsedFile() / TsDeclModule(@jupyterlab/services/lib/kernel/messages) / TsDeclNamespace(KernelMessage) / TsDeclInterface(ICommCloseMsg) / TsMemberProperty(content) / TsTypeObject())] 
[info ] ExtractInterfaces.scala:41 Extracted anonymous interface TsIdentSimple(Anon_CommidData) [id => @jupyterlab/services, phase => typescript, scope => TreeScope(TsParsedFile() / TsDeclModule(@jupyterlab/services/lib/kernel/messages) / TsDeclNamespace(KernelMessage) / TsDeclInterface(ICommMsgMsg) / TsMemberProperty(content) / TsTypeObject())] 
[info ] ExtractInterfaces.scala:41 Extracted anonymous interface TsIdentSimple(Anon_Text) [id => @jupyterlab/services, phase => typescript, scope => TreeScope(TsParsedFile() / TsDeclModule(@jupyterlab/services/lib/kernel/messages) / TsDeclNamespace(KernelMessage) / TsDeclInterface(IInfoReply) / TsMemberProperty(help_links) / TsTypeRef() / TsTypeObject())] 
[info ] ExtractInterfaces.scala:41 Extracted anonymous interface TsIdentSimple(Anon_Code) [id => @jupyterlab/services, phase => typescript, scope => TreeScope(TsParsedFile() / TsDeclModule(@jupyterlab/services/lib/kernel/messages) / TsDeclNamespace(KernelMessage) / TsDeclInterface(ICompleteRequestMsg) / TsMemberProperty(content) / TsTypeObject())] 
[info ] ExtractInterfaces.scala:41 Extracted anonymous interface TsIdentSimple(Anon_0) [id => @jupyterlab/services, phase => typescript, scope => TreeScope(TsParsedFile() / TsDeclModule(@jupyterlab/services/lib/kernel/messages) / TsDeclNamespace(KernelMessage) / TsDeclInterface(IInspectRequestMsg) / TsMemberProperty(content) / TsTypeObject())] 
[info ] ExtractInterfaces.scala:41 Extracted anonymous interface TsIdentSimple(Anon_CodeString) [id => @jupyterlab/services, phase => typescript, scope => TreeScope(TsParsedFile() / TsDeclModule(@jupyterlab/services/lib/kernel/messages) / TsDeclNamespace(KernelMessage) / TsDeclInterface(IIsCompleteRequestMsg) / TsMemberProperty(content) / TsTypeObject())] 
[info ] ExtractInterfaces.scala:41 Extracted anonymous interface TsIdentSimple(Anon_Allowstdin) [id => @jupyterlab/services, phase => typescript, scope => TreeScope(TsParsedFile() / TsDeclModule(@jupyterlab/services/lib/kernel/messages) / TsDeclNamespace(KernelMessage) / TsDeclInterface(IExecuteRequestMsg) / TsMemberProperty(content) / TsTypeObject())] 
[info ] ExtractInterfaces.scala:41 Extracted anonymous interface TsIdentSimple(Anon_Target) [id => @jupyterlab/services, phase => typescript, scope => TreeScope(TsParsedFile() / TsDeclModule(@jupyterlab/services/lib/kernel/messages) / TsDeclNamespace(KernelMessage) / TsDeclInterface(ICommInfoRequestMsg) / TsMemberProperty(content) / TsTypeObject())] 
[info ] ExtractInterfaces.scala:41 Extracted anonymous interface TsIdentSimple(Anon_Targetname) [id => @jupyterlab/services, phase => typescript, scope => TreeScope(TsParsedFile() / TsDeclModule(@jupyterlab/services/lib/kernel/messages) / TsDeclNamespace(KernelMessage) / TsDeclInterface(ICommInfoReply) / TsMemberProperty(comms) / TsTypeObject() / TsMemberIndex() / TsTypeObject())] 
[info ] ExtractInterfaces.scala:41 Extracted anonymous interface TsIdentSimple(Anon_Password) [id => @jupyterlab/services, phase => typescript, scope => TreeScope(TsParsedFile() / TsDeclModule(@jupyterlab/services/lib/kernel/messages) / TsDeclNamespace(KernelMessage) / TsDeclInterface(IInputRequestMsg) / TsMemberProperty(content) / TsTypeObject())] 
[info ] ExtractInterfaces.scala:41 Extracted anonymous interface TsIdentSimple(Anon_Outputmimetype) [id => @jupyterlab/services, phase => typescript, scope => TreeScope(TsParsedFile() / TsDeclModule(@jupyterlab/services/lib/nbconvert) / TsDeclNamespace(NbConvertManager) / TsDeclTypeAlias(IExportFormats) / TsTypeObject() / TsMemberIndex() / TsTypeObject())] 
[info ] ExtractInterfaces.scala:41 Extracted anonymous interface TsIdentSimple(Anon_Init) [id => @jupyterlab/services, phase => typescript, scope => TreeScope(TsParsedFile() / TsDeclModule(@jupyterlab/services/lib/serverconnection) / TsDeclNamespace(ServerConnection) / TsDeclInterface(ISettings) / TsMemberProperty(Request) / TsTypeObject())] 
[info ] ExtractInterfaces.scala:41 Extracted anonymous interface TsIdentSimple(Anon_InitHeaders) [id => @jupyterlab/services, phase => typescript, scope => TreeScope(TsParsedFile() / TsDeclModule(@jupyterlab/services/lib/serverconnection) / TsDeclNamespace(ServerConnection) / TsDeclInterface(ISettings) / TsMemberProperty(Headers) / TsTypeObject())] 
[info ] ExtractInterfaces.scala:41 Extracted anonymous interface TsIdentSimple(Anon_CLOSED) [id => @jupyterlab/services, phase => typescript, scope => TreeScope(TsParsedFile() / TsDeclModule(@jupyterlab/services/lib/serverconnection) / TsDeclNamespace(ServerConnection) / TsDeclInterface(ISettings) / TsMemberProperty(WebSocket) / TsTypeObject())] 
[info ] ExtractInterfaces.scala:41 Extracted anonymous interface TsIdentSimple(Anon_Ids) [id => @jupyterlab/services, phase => typescript, scope => TreeScope(TsParsedFile() / TsDeclModule(@jupyterlab/services/lib/setting) / TsDeclClass(SettingManager) / TsMemberFunction(list) / TsFunSig() / TsTypeRef() / TsTypeObject())] 
[info ] ExtractInterfaces.scala:41 Extracted anonymous interface TsIdentSimple(Anon_IdsValues) [id => @jupyterlab/services, phase => typescript, scope => TreeScope(TsParsedFile() / TsDeclModule(@jupyterlab/services/lib/workspace) / TsDeclClass(WorkspaceManager) / TsMemberFunction(list) / TsFunSig() / TsTypeRef() / TsTypeObject())] 
[info ] ExtractInterfaces.scala:41 Extracted anonymous interface TsIdentSimple(Anon_Id) [id => @jupyterlab/services, phase => typescript, scope => TreeScope(TsParsedFile() / TsDeclModule(@jupyterlab/services/lib/workspace) / TsDeclNamespace(Workspace) / TsDeclInterface(IWorkspace) / TsMemberProperty(metadata) / TsTypeObject())] 
[debug] PhaseRunner.scala:84 Success [id => @jupyterlab/services, phase => typescript] 
[warn ] Phase2ToScalaJs.scala:42 Processing @jupyterlab/services [id => @jupyterlab/services, phase => scala.js] 
[info ] ImportType.scala:245 Failed type conversion: T['channel'] [id => @jupyterlab/services, phase => scala.js, scope => TreeScope(TsParsedFile() / TsDeclModule(@jupyterlab/services/lib/kernel/messages) / TsDeclNamespace(KernelMessage) / TsDeclInterface(IOptions) / TsMemberProperty(channel) / TsTypeLookup())] 
[info ] ImportType.scala:245 Failed type conversion: T['header']['msg_type'] [id => @jupyterlab/services, phase => scala.js, scope => TreeScope(TsParsedFile() / TsDeclModule(@jupyterlab/services/lib/kernel/messages) / TsDeclNamespace(KernelMessage) / TsDeclInterface(IOptions) / TsMemberProperty(msgType) / TsTypeLookup())] 
[info ] ImportType.scala:245 Failed type conversion: T['content'] [id => @jupyterlab/services, phase => scala.js, scope => TreeScope(TsParsedFile() / TsDeclModule(@jupyterlab/services/lib/kernel/messages) / TsDeclNamespace(KernelMessage) / TsDeclInterface(IOptions) / TsMemberProperty(content) / TsTypeLookup())] 
[info ] ImportType.scala:245 Failed type conversion: T['parent_header'] [id => @jupyterlab/services, phase => scala.js, scope => TreeScope(TsParsedFile() / TsDeclModule(@jupyterlab/services/lib/kernel/messages) / TsDeclNamespace(KernelMessage) / TsDeclInterface(IOptions) / TsMemberProperty(parentHeader) / TsTypeLookup())] 
[info ] ImportType.scala:245 Failed type conversion: @jupyterlab/services.@jupyterlab/services/lib/kernel/messages.KernelMessage.Message['content'] [id => @jupyterlab/services, phase => scala.js, scope => TreeScope(TsParsedFile() / TsDeclModule(@jupyterlab/services/lib/kernel/messages) / TsDeclNamespace(KernelMessage) / TsDeclInterface(IMessage) / TsMemberProperty(content) / TsTypeLookup())] 
[info ] CompleteClass.scala:65 Completed implementations Vector(isDisposed, dispose) [id => @jupyterlab/services, phase => scala.js, this => Name(atJupyterlabServicesLib) / Name(libContentsMod) / Name(ContentsManager)] 
[info ] CompleteClass.scala:65 Completed implementations Vector(isDisposed, dispose) [id => @jupyterlab/services, phase => scala.js, this => Name(atJupyterlabServicesLib) / Name(libContentsMod) / Name(Drive)] 
[info ] CompleteClass.scala:65 Completed implementations Vector(isDisposed, dispose) [id => @jupyterlab/services, phase => scala.js, this => Name(atJupyterlabServicesLib) / Name(libKernelManagerMod) / Name(KernelManager)] 
[info ] CompleteClass.scala:65 Completed implementations Vector(workspaces, serverSettings, ready, terminals, builder, sessions, connectionFailure, isReady, contents, specsChanged, nbconvert, specs, settings, isDisposed, dispose) [id => @jupyterlab/services, phase => scala.js, this => Name(atJupyterlabServicesLib) / Name(libManagerMod) / Name(ServiceManager)] 
[info ] CompleteClass.scala:65 Completed implementations Vector(message, name) [id => @jupyterlab/services, phase => scala.js, this => Name(atJupyterlabServicesLib) / Name(libServerconnectionMod) / Name(ServerConnectionNs) / Name(NetworkError)] 
[info ] CompleteClass.scala:65 Completed implementations Vector(message, name) [id => @jupyterlab/services, phase => scala.js, this => Name(atJupyterlabServicesLib) / Name(libServerconnectionMod) / Name(ServerConnectionNs) / Name(ResponseError)] 
[info ] CompleteClass.scala:65 Completed implementations Vector(ready, connectionFailure, runningChanged, isReady, specsChanged, specs, refreshRunning, refreshSpecs, findByPath, running, startNew, shutdownAll, connectTo, findById, shutdown, stopIfNeeded, isDisposed, dispose) [id => @jupyterlab/services, phase => scala.js, this => Name(atJupyterlabServicesLib) / Name(libSessionManagerMod) / Name(SessionManager)] 
[info ] CompleteClass.scala:65 Completed implementations Vector(isDisposed, dispose) [id => @jupyterlab/services, phase => scala.js, this => Name(atJupyterlabServicesLib) / Name(libTerminalManagerMod) / Name(TerminalManager)] 
[debug] PhaseRunner.scala:84 Success [id => @jupyterlab/services, phase => scala.js] 
[warn ] Phase3Compile.scala:204 Building jupyterlab__services... [id => @jupyterlab/services, phase => build] 
[error] Phase3Compile.scala:230 [E] [E6] src/main/scala/typings/atJupyterlabServicesLib/libKernelMod/KernelMessageNs.scala:23:7
[E]      method createMessage_TICommMsgMsg is defined twice;
[E]        the conflicting method createMessage_TICommMsgMsg was defined at line 21:7
[E]      L23:   def createMessage_TICommMsgMsg[T /* <: atJupyterlabServicesLib.libKernelMessagesMod.KernelMessageNs.ICommMsgMsg[atJupyterlabServicesLib.atJupyterlabServicesLibStrings.shell] */](options: atJupyterlabServicesLib.libKernelMessagesMod.KernelMessageNs.IOptions[T]): T = js.native
[E]                 ^
[E] [E5] src/main/scala/typings/atJupyterlabServicesLib/libKernelMod/KernelMessageNs.scala:27:7
[E]      method createMessage_TICommOpenMsg is defined twice;
[E]        the conflicting method createMessage_TICommOpenMsg was defined at line 25:7
[E]      L27:   def createMessage_TICommOpenMsg[T /* <: atJupyterlabServicesLib.libKernelMessagesMod.KernelMessageNs.ICommOpenMsg[atJupyterlabServicesLib.atJupyterlabServicesLibStrings.shell] */](options: atJupyterlabServicesLib.libKernelMessagesMod.KernelMessageNs.IOptions[T]): T = js.native
[E]                 ^
[E] [E4] src/main/scala/typings/atJupyterlabServicesLib/libKernelMessagesMod/KernelMessageNs.scala:790:7
[E]      method createMessage_TICommMsgMsg is defined twice;
[E]        the conflicting method createMessage_TICommMsgMsg was defined at line 788:7
[E]      L790:   def createMessage_TICommMsgMsg[T /* <: ICommMsgMsg[atJupyterlabServicesLib.atJupyterlabServicesLibStrings.shell] */](options: IOptions[T]): T = js.native
[E]                  ^
[E] [E3] src/main/scala/typings/atJupyterlabServicesLib/libKernelMessagesMod/KernelMessageNs.scala:794:7
[E]      method createMessage_TICommOpenMsg is defined twice;
[E]        the conflicting method createMessage_TICommOpenMsg was defined at line 792:7
[E]      L794:   def createMessage_TICommOpenMsg[T /* <: ICommOpenMsg[atJupyterlabServicesLib.atJupyterlabServicesLibStrings.shell] */](options: IOptions[T]): T = js.native
[E]                  ^
[E] [E2] src/main/scala/typings/atJupyterlabServicesLib/atJupyterlabServicesMod/KernelMessageNs.scala:23:7
[E]      method createMessage_TICommMsgMsg is defined twice;
[E]        the conflicting method createMessage_TICommMsgMsg was defined at line 21:7
[E]      L23:   def createMessage_TICommMsgMsg[T /* <: atJupyterlabServicesLib.libKernelMessagesMod.KernelMessageNs.ICommMsgMsg[atJupyterlabServicesLib.atJupyterlabServicesLibStrings.shell] */](options: atJupyterlabServicesLib.libKernelMessagesMod.KernelMessageNs.IOptions[T]): T = js.native
[E]                 ^
[E] [E1] src/main/scala/typings/atJupyterlabServicesLib/atJupyterlabServicesMod/KernelMessageNs.scala:27:7
[E]      method createMessage_TICommOpenMsg is defined twice;
[E]        the conflicting method createMessage_TICommOpenMsg was defined at line 25:7
[E]      L27:   def createMessage_TICommOpenMsg[T /* <: atJupyterlabServicesLib.libKernelMessagesMod.KernelMessageNs.ICommOpenMsg[atJupyterlabServicesLib.atJupyterlabServicesLibStrings.shell] */](options: atJupyterlabServicesLib.libKernelMessagesMod.KernelMessageNs.IOptions[T]): T = js.native
[E]                 ^
[E] src/main/scala/typings/atJupyterlabServicesLib/atJupyterlabServicesMod/KernelMessageNs.scala: L23 [E2], L27 [E1]
[E] src/main/scala/typings/atJupyterlabServicesLib/libKernelMod/KernelMessageNs.scala: L23 [E6], L27 [E5]
[E] src/main/scala/typings/atJupyterlabServicesLib/libKernelMessagesMod/KernelMessageNs.scala: L790 [E4], L794 [E3]
[E] Failed to compile 'jupyterlab__services'
 [id => @jupyterlab/services, phase => build] 
[error] PhaseRunner.scala:88 Failure, [@jupyterlab/services => Compilation failed] [id => @jupyterlab/services, phase => build] 
[error] PhaseRunner.scala:88 Failure, [@jupyterlab/services => Compilation failed] [id => @jupyterlab/services, phase => publish] 
