[debug] PhaseRunner.scala:84 Success [id => @jupyterlab/outputarea, phase => typescript] 
[debug] PhaseRunner.scala:84 Success [id => @jupyterlab/outputarea, phase => typescript] 
[debug] PhaseRunner.scala:84 Success [id => @jupyterlab/outputarea, phase => typescript] 
[info ] Phase1ReadTypescript.scala:171 Preprocessing TsHelperFile(InFile(/home/tso/tmp/tso-cache/npm/node_modules/@jupyterlab/outputarea/lib/index.d.ts),FromFolder(InFolder(/home/tso/tmp/tso-cache/npm/node_modules/@jupyterlab/outputarea),TsIdentLibraryScoped(jupyterlab,Some(outputarea))),TsIdentModule(Some(jupyterlab),List(outputarea))) [id => @jupyterlab/outputarea, phase => typescript] 
[info ] InferredDefaultModule.scala:39 Inferred module TsIdentModule(Some(jupyterlab),List(outputarea)) [id => @jupyterlab/outputarea, phase => typescript] 
[info ] Phase1ReadTypescript.scala:171 Preprocessing TsHelperFile(InFile(/home/tso/tmp/tso-cache/npm/node_modules/@jupyterlab/outputarea/lib/model.d.ts),FromFolder(InFolder(/home/tso/tmp/tso-cache/npm/node_modules/@jupyterlab/outputarea),TsIdentLibraryScoped(jupyterlab,Some(outputarea))),TsIdentModule(Some(jupyterlab),List(outputarea, lib, model))) [id => @jupyterlab/outputarea, phase => typescript] 
[info ] InferredDefaultModule.scala:39 Inferred module TsIdentModule(Some(jupyterlab),List(outputarea, lib, model)) [id => @jupyterlab/outputarea, phase => typescript] 
[info ] Phase1ReadTypescript.scala:171 Preprocessing TsHelperFile(InFile(/home/tso/tmp/tso-cache/npm/node_modules/@jupyterlab/outputarea/lib/widget.d.ts),FromFolder(InFolder(/home/tso/tmp/tso-cache/npm/node_modules/@jupyterlab/outputarea),TsIdentLibraryScoped(jupyterlab,Some(outputarea))),TsIdentModule(Some(jupyterlab),List(outputarea, lib, widget))) [id => @jupyterlab/outputarea, phase => typescript] 
[info ] InferredDefaultModule.scala:39 Inferred module TsIdentModule(Some(jupyterlab),List(outputarea, lib, widget)) [id => @jupyterlab/outputarea, phase => typescript] 
[warn ] Phase1ReadTypescript.scala:191 Processing TsIdentLibraryScoped(jupyterlab,Some(outputarea)) [id => @jupyterlab/outputarea, phase => typescript] 
[debug] PhaseRunner.scala:84 Success [id => @jupyterlab/outputarea, phase => typescript] 
[warn ] Phase2ToScalaJs.scala:42 Processing @jupyterlab/outputarea [id => @jupyterlab/outputarea, phase => scala.js] 
[info ] RemoveDuplicateInheritance.scala:62 Dropped parents QualifiedName(List(Name(atPhosphorWidgetsLib), Name(atPhosphorWidgetsMod), Name(Widget))) at Name(atJupyterlabOutputareaLib) / Name(libWidgetMod) / Name(Stdin) because allParentRefs = Set(TypeRef(QualifiedName(List(Name(atPhosphorWidgetsLib), Name(libWidgetMod), Name(Widget))),List(),NoComments), TypeRef(QualifiedName(List(Name(atPhosphorDisposableLib), Name(atPhosphorDisposableMod), Name(IDisposable))),List(),NoComments), TypeRef(QualifiedName(List(Name(atPhosphorDisposableLib), Name(atPhosphorDisposableMod), Name(IObservableDisposable))),List(),NoComments), TypeRef(QualifiedName(List(Name(atPhosphorWidgetsLib), Name(atPhosphorWidgetsMod), Name(Widget))),List(),NoComments), TypeRef(QualifiedName(List(Name(atPhosphorMessagingLib), Name(atPhosphorMessagingMod), Name(IMessageHandler))),List(),NoComments)) [id => @jupyterlab/outputarea, phase => scala.js, this => Name(atJupyterlabOutputareaLib) / Name(libWidgetMod) / Name(Stdin)] 
[info ] RemoveDuplicateInheritance.scala:62 Dropped parents QualifiedName(List(Name(atPhosphorWidgetsLib), Name(atPhosphorWidgetsMod), Name(Widget))) at Name(atJupyterlabOutputareaLib) / Name(libWidgetMod) / Name(OutputPrompt) because allParentRefs = Set(TypeRef(QualifiedName(List(Name(atPhosphorWidgetsLib), Name(libWidgetMod), Name(Widget))),List(),NoComments), TypeRef(QualifiedName(List(Name(atPhosphorDisposableLib), Name(atPhosphorDisposableMod), Name(IDisposable))),List(),NoComments), TypeRef(QualifiedName(List(Name(atPhosphorDisposableLib), Name(atPhosphorDisposableMod), Name(IObservableDisposable))),List(),NoComments), TypeRef(QualifiedName(List(Name(atPhosphorWidgetsLib), Name(atPhosphorWidgetsMod), Name(Widget))),List(),NoComments), TypeRef(QualifiedName(List(Name(atPhosphorMessagingLib), Name(atPhosphorMessagingMod), Name(IMessageHandler))),List(),NoComments)) [id => @jupyterlab/outputarea, phase => scala.js, this => Name(atJupyterlabOutputareaLib) / Name(libWidgetMod) / Name(OutputPrompt)] 
[info ] CompleteClass.scala:65 Completed implementations Vector(isDisposed, dispose) [id => @jupyterlab/outputarea, phase => scala.js, this => Name(atJupyterlabOutputareaLib) / Name(libModelMod) / Name(OutputAreaModel)] 
[info ] CompleteClass.scala:65 Completed implementations Vector(createOutputModel) [id => @jupyterlab/outputarea, phase => scala.js, this => Name(atJupyterlabOutputareaLib) / Name(libModelMod) / Name(OutputAreaModelNs) / Name(ContentFactory)] 
[info ] CompleteClass.scala:65 Completed implementations Vector(createStdin, createOutputPrompt) [id => @jupyterlab/outputarea, phase => scala.js, this => Name(atJupyterlabOutputareaLib) / Name(libWidgetMod) / Name(OutputAreaNs) / Name(ContentFactory)] 
[debug] PhaseRunner.scala:84 Success [id => @jupyterlab/outputarea, phase => scala.js] 
[warn ] PhaseRunner.scala:70 Failed because of, [@jupyterlab/services => Compilation failed] [id => @jupyterlab/outputarea, phase => build] 
[error] PhaseRunner.scala:88 Failure, [@jupyterlab/services => Compilation failed] [id => @jupyterlab/outputarea, phase => build] 
[error] PhaseRunner.scala:88 Failure, [@jupyterlab/services => Compilation failed] [id => @jupyterlab/outputarea, phase => publish] 
