[debug] PhaseRunner.scala:84 Success [id => @jupyterlab/application, phase => typescript] 
[debug] PhaseRunner.scala:84 Success [id => @jupyterlab/application, phase => typescript] 
[debug] PhaseRunner.scala:84 Success [id => @jupyterlab/application, phase => typescript] 
[debug] PhaseRunner.scala:84 Success [id => @jupyterlab/application, phase => typescript] 
[debug] PhaseRunner.scala:84 Success [id => @jupyterlab/application, phase => typescript] 
[debug] PhaseRunner.scala:84 Success [id => @jupyterlab/application, phase => typescript] 
[debug] PhaseRunner.scala:84 Success [id => @jupyterlab/application, phase => typescript] 
[debug] PhaseRunner.scala:92 Ignored [id => @jupyterlab/application, phase => typescript] 
[debug] PhaseRunner.scala:84 Success [id => @jupyterlab/application, phase => typescript] 
[debug] PhaseRunner.scala:84 Success [id => @jupyterlab/application, phase => typescript] 
[debug] PhaseRunner.scala:84 Success [id => @jupyterlab/application, phase => typescript] 
[debug] PhaseRunner.scala:84 Success [id => @jupyterlab/application, phase => typescript] 
[info ] Phase1ReadTypescript.scala:171 Preprocessing TsHelperFile(InFile(/home/tso/tmp/tso-cache/npm/node_modules/@jupyterlab/application/lib/connectionlost.d.ts),FromFolder(InFolder(/home/tso/tmp/tso-cache/npm/node_modules/@jupyterlab/application),TsIdentLibraryScoped(jupyterlab,Some(application))),TsIdentModule(Some(jupyterlab),List(application, lib, connectionlost))) [id => @jupyterlab/application, phase => typescript] 
[info ] InferredDefaultModule.scala:39 Inferred module TsIdentModule(Some(jupyterlab),List(application, lib, connectionlost)) [id => @jupyterlab/application, phase => typescript] 
[info ] Phase1ReadTypescript.scala:171 Preprocessing TsHelperFile(InFile(/home/tso/tmp/tso-cache/npm/node_modules/@jupyterlab/application/lib/frontend.d.ts),FromFolder(InFolder(/home/tso/tmp/tso-cache/npm/node_modules/@jupyterlab/application),TsIdentLibraryScoped(jupyterlab,Some(application))),TsIdentModule(Some(jupyterlab),List(application, lib, frontend))) [id => @jupyterlab/application, phase => typescript] 
[info ] InferredDefaultModule.scala:39 Inferred module TsIdentModule(Some(jupyterlab),List(application, lib, frontend)) [id => @jupyterlab/application, phase => typescript] 
[info ] Phase1ReadTypescript.scala:171 Preprocessing TsHelperFile(InFile(/home/tso/tmp/tso-cache/npm/node_modules/@jupyterlab/application/lib/index.d.ts),FromFolder(InFolder(/home/tso/tmp/tso-cache/npm/node_modules/@jupyterlab/application),TsIdentLibraryScoped(jupyterlab,Some(application))),TsIdentModule(Some(jupyterlab),List(application))) [id => @jupyterlab/application, phase => typescript] 
[info ] InferredDefaultModule.scala:39 Inferred module TsIdentModule(Some(jupyterlab),List(application)) [id => @jupyterlab/application, phase => typescript] 
[info ] Phase1ReadTypescript.scala:171 Preprocessing TsHelperFile(InFile(/home/tso/tmp/tso-cache/npm/node_modules/@jupyterlab/application/lib/lab.d.ts),FromFolder(InFolder(/home/tso/tmp/tso-cache/npm/node_modules/@jupyterlab/application),TsIdentLibraryScoped(jupyterlab,Some(application))),TsIdentModule(Some(jupyterlab),List(application, lib, lab))) [id => @jupyterlab/application, phase => typescript] 
[info ] InferredDefaultModule.scala:39 Inferred module TsIdentModule(Some(jupyterlab),List(application, lib, lab)) [id => @jupyterlab/application, phase => typescript] 
[info ] Phase1ReadTypescript.scala:171 Preprocessing TsHelperFile(InFile(/home/tso/tmp/tso-cache/npm/node_modules/@jupyterlab/application/lib/layoutrestorer.d.ts),FromFolder(InFolder(/home/tso/tmp/tso-cache/npm/node_modules/@jupyterlab/application),TsIdentLibraryScoped(jupyterlab,Some(application))),TsIdentModule(Some(jupyterlab),List(application, lib, layoutrestorer))) [id => @jupyterlab/application, phase => typescript] 
[info ] InferredDefaultModule.scala:39 Inferred module TsIdentModule(Some(jupyterlab),List(application, lib, layoutrestorer)) [id => @jupyterlab/application, phase => typescript] 
[info ] Phase1ReadTypescript.scala:171 Preprocessing TsHelperFile(InFile(/home/tso/tmp/tso-cache/npm/node_modules/@jupyterlab/application/lib/mimerenderers.d.ts),FromFolder(InFolder(/home/tso/tmp/tso-cache/npm/node_modules/@jupyterlab/application),TsIdentLibraryScoped(jupyterlab,Some(application))),TsIdentModule(Some(jupyterlab),List(application, lib, mimerenderers))) [id => @jupyterlab/application, phase => typescript] 
[info ] InferredDefaultModule.scala:39 Inferred module TsIdentModule(Some(jupyterlab),List(application, lib, mimerenderers)) [id => @jupyterlab/application, phase => typescript] 
[info ] Phase1ReadTypescript.scala:171 Preprocessing TsHelperFile(InFile(/home/tso/tmp/tso-cache/npm/node_modules/@jupyterlab/application/lib/router.d.ts),FromFolder(InFolder(/home/tso/tmp/tso-cache/npm/node_modules/@jupyterlab/application),TsIdentLibraryScoped(jupyterlab,Some(application))),TsIdentModule(Some(jupyterlab),List(application, lib, router))) [id => @jupyterlab/application, phase => typescript] 
[info ] InferredDefaultModule.scala:39 Inferred module TsIdentModule(Some(jupyterlab),List(application, lib, router)) [id => @jupyterlab/application, phase => typescript] 
[info ] Phase1ReadTypescript.scala:171 Preprocessing TsHelperFile(InFile(/home/tso/tmp/tso-cache/npm/node_modules/@jupyterlab/application/lib/shell.d.ts),FromFolder(InFolder(/home/tso/tmp/tso-cache/npm/node_modules/@jupyterlab/application),TsIdentLibraryScoped(jupyterlab,Some(application))),TsIdentModule(Some(jupyterlab),List(application, lib, shell))) [id => @jupyterlab/application, phase => typescript] 
[info ] InferredDefaultModule.scala:39 Inferred module TsIdentModule(Some(jupyterlab),List(application, lib, shell)) [id => @jupyterlab/application, phase => typescript] 
[info ] Phase1ReadTypescript.scala:171 Preprocessing TsHelperFile(InFile(/home/tso/tmp/tso-cache/npm/node_modules/@jupyterlab/application/lib/status.d.ts),FromFolder(InFolder(/home/tso/tmp/tso-cache/npm/node_modules/@jupyterlab/application),TsIdentLibraryScoped(jupyterlab,Some(application))),TsIdentModule(Some(jupyterlab),List(application, lib, status))) [id => @jupyterlab/application, phase => typescript] 
[info ] InferredDefaultModule.scala:39 Inferred module TsIdentModule(Some(jupyterlab),List(application, lib, status)) [id => @jupyterlab/application, phase => typescript] 
[info ] Phase1ReadTypescript.scala:171 Preprocessing TsHelperFile(InFile(/home/tso/tmp/tso-cache/npm/node_modules/@jupyterlab/application/lib/tokens.d.ts),FromFolder(InFolder(/home/tso/tmp/tso-cache/npm/node_modules/@jupyterlab/application),TsIdentLibraryScoped(jupyterlab,Some(application))),TsIdentModule(Some(jupyterlab),List(application, lib, tokens))) [id => @jupyterlab/application, phase => typescript] 
[info ] InferredDefaultModule.scala:39 Inferred module TsIdentModule(Some(jupyterlab),List(application, lib, tokens)) [id => @jupyterlab/application, phase => typescript] 
[warn ] Phase1ReadTypescript.scala:191 Processing TsIdentLibraryScoped(jupyterlab,Some(application)) [id => @jupyterlab/application, phase => typescript] 
[warn ] QualifyReferences.scala:32 Couldn't qualify JupyterFrontEndPlugin<void | IMimeDocumentTracker> [id => @jupyterlab/application, phase => typescript, scope => TreeScope(TsParsedFile() / TsDeclModule(@jupyterlab/application/lib/mimerenderers) / TsExport() / TsExporteeTree() / TsDeclFunction(createRendermimePlugins) / TsFunSig() / TsTypeRef() / TsTypeRef())] 
[warn ] QualifyReferences.scala:32 Couldn't qualify JupyterFrontEndPlugin<void> [id => @jupyterlab/application, phase => typescript, scope => TreeScope(TsParsedFile() / TsDeclModule(@jupyterlab/application/lib/mimerenderers) / TsExport() / TsExporteeTree() / TsDeclFunction(createRendermimePlugin) / TsFunSig() / TsTypeRef())] 
[info ] PreferTypeAlias.scala:55 Simplified to type alias [id => @jupyterlab/application, phase => typescript, scope => TreeScope(TsParsedFile() / TsDeclModule(@jupyterlab/application/lib/mimerenderers) / TsDeclInterface(IMimeDocumentTracker))] 
[info ] PreferTypeAlias.scala:55 Simplified to type alias [id => @jupyterlab/application, phase => typescript, scope => TreeScope(TsParsedFile() / TsDeclModule(@jupyterlab/application/lib/shell) / TsDeclInterface(ILabShell))] 
[info ] ExtractInterfaces.scala:41 Extracted anonymous interface TsIdentSimple(Anon_App) [id => @jupyterlab/application, phase => typescript, scope => TreeScope(TsParsedFile() / TsDeclModule(@jupyterlab/application/lib/frontend) / TsDeclNamespace(JupyterFrontEnd) / TsDeclInterface(IPaths) / TsMemberProperty(urls) / TsTypeObject())] 
[info ] ExtractInterfaces.scala:41 Extracted anonymous interface TsIdentSimple(Anon_AppSettings) [id => @jupyterlab/application, phase => typescript, scope => TreeScope(TsParsedFile() / TsDeclModule(@jupyterlab/application/lib/frontend) / TsDeclNamespace(JupyterFrontEnd) / TsDeclInterface(IPaths) / TsMemberProperty(directories) / TsTypeObject())] 
[info ] ExtractInterfaces.scala:41 Extracted anonymous interface TsIdentSimple(Anon_Matches) [id => @jupyterlab/application, phase => typescript, scope => TreeScope(TsParsedFile() / TsDeclModule(@jupyterlab/application/lib/lab) / TsDeclNamespace(JupyterLab) / TsDeclInterface(IInfo) / TsMemberProperty(deferred) / TsTypeObject())] 
[info ] ExtractInterfaces.scala:41 Extracted anonymous interface TsIdentSimple(Anon_Matches) [id => @jupyterlab/application, phase => typescript, scope => TreeScope(TsParsedFile() / TsDeclModule(@jupyterlab/application/lib/lab) / TsDeclNamespace(JupyterLab) / TsDeclInterface(IInfo) / TsMemberProperty(disabled) / TsTypeObject())] 
[debug] PhaseRunner.scala:84 Success [id => @jupyterlab/application, phase => typescript] 
[warn ] Phase2ToScalaJs.scala:42 Processing @jupyterlab/application [id => @jupyterlab/application, phase => scala.js] 
[info ] RemoveDuplicateInheritance.scala:62 Dropped parents QualifiedName(List(Name(atPhosphorWidgetsLib), Name(atPhosphorWidgetsMod), Name(Widget))) at Name(atJupyterlabApplicationLib) / Name(libShellMod) / Name(LabShell) because allParentRefs = Set(TypeRef(QualifiedName(List(Name(atPhosphorWidgetsLib), Name(libWidgetMod), Name(Widget))),List(),NoComments), TypeRef(QualifiedName(List(Name(atPhosphorDisposableLib), Name(atPhosphorDisposableMod), Name(IDisposable))),List(),NoComments), TypeRef(QualifiedName(List(Name(atPhosphorDisposableLib), Name(atPhosphorDisposableMod), Name(IObservableDisposable))),List(),NoComments), TypeRef(QualifiedName(List(Name(atPhosphorWidgetsLib), Name(atPhosphorWidgetsMod), Name(Widget))),List(),NoComments), TypeRef(QualifiedName(List(Name(atPhosphorMessagingLib), Name(atPhosphorMessagingMod), Name(IMessageHandler))),List(),NoComments)) [id => @jupyterlab/application, phase => scala.js, this => Name(atJupyterlabApplicationLib) / Name(libShellMod) / Name(LabShell)] 
[info ] CompleteClass.scala:65 Completed implementations Vector(restored_ILayoutRestorer, add, restore, restored, restore) [id => @jupyterlab/application, phase => scala.js, this => Name(atJupyterlabApplicationLib) / Name(libLayoutrestorerMod) / Name(LayoutRestorer)] 
[info ] CompleteClass.scala:65 Completed implementations Vector(busySignal, dirtySignal, isBusy, isDirty, setDirty, setBusy) [id => @jupyterlab/application, phase => scala.js, this => Name(atJupyterlabApplicationLib) / Name(libStatusMod) / Name(LabStatus)] 
[debug] PhaseRunner.scala:84 Success [id => @jupyterlab/application, phase => scala.js] 
[warn ] PhaseRunner.scala:70 Failed because of, [@jupyterlab/services => Compilation failed] [id => @jupyterlab/application, phase => build] 
[error] PhaseRunner.scala:88 Failure, [@jupyterlab/services => Compilation failed] [id => @jupyterlab/application, phase => build] 
[error] PhaseRunner.scala:88 Failure, [@jupyterlab/services => Compilation failed] [id => @jupyterlab/application, phase => publish] 
