[debug] PhaseRunner.scala:92 Ignored [id => @jupyterlab/docmanager, phase => typescript] 
[debug] PhaseRunner.scala:84 Success [id => @jupyterlab/docmanager, phase => typescript] 
[debug] PhaseRunner.scala:84 Success [id => @jupyterlab/docmanager, phase => typescript] 
[debug] PhaseRunner.scala:84 Success [id => @jupyterlab/docmanager, phase => typescript] 
[debug] PhaseRunner.scala:84 Success [id => @jupyterlab/docmanager, phase => typescript] 
[debug] PhaseRunner.scala:84 Success [id => @jupyterlab/docmanager, phase => typescript] 
[debug] PhaseRunner.scala:84 Success [id => @jupyterlab/docmanager, phase => typescript] 
[debug] PhaseRunner.scala:84 Success [id => @jupyterlab/docmanager, phase => typescript] 
[debug] PhaseRunner.scala:84 Success [id => @jupyterlab/docmanager, phase => typescript] 
[debug] PhaseRunner.scala:84 Success [id => @jupyterlab/docmanager, phase => typescript] 
[info ] Phase1ReadTypescript.scala:171 Preprocessing TsHelperFile(InFile(/home/tso/tmp/tso-cache/npm/node_modules/@jupyterlab/docmanager/lib/dialogs.d.ts),FromFolder(InFolder(/home/tso/tmp/tso-cache/npm/node_modules/@jupyterlab/docmanager),TsIdentLibraryScoped(jupyterlab,Some(docmanager))),TsIdentModule(Some(jupyterlab),List(docmanager, lib, dialogs))) [id => @jupyterlab/docmanager, phase => typescript] 
[info ] InferredDefaultModule.scala:39 Inferred module TsIdentModule(Some(jupyterlab),List(docmanager, lib, dialogs)) [id => @jupyterlab/docmanager, phase => typescript] 
[info ] Phase1ReadTypescript.scala:171 Preprocessing TsHelperFile(InFile(/home/tso/tmp/tso-cache/npm/node_modules/@jupyterlab/docmanager/lib/index.d.ts),FromFolder(InFolder(/home/tso/tmp/tso-cache/npm/node_modules/@jupyterlab/docmanager),TsIdentLibraryScoped(jupyterlab,Some(docmanager))),TsIdentModule(Some(jupyterlab),List(docmanager, lib))) [id => @jupyterlab/docmanager, phase => typescript] 
[info ] InferredDefaultModule.scala:39 Inferred module TsIdentModule(Some(jupyterlab),List(docmanager, lib)) [id => @jupyterlab/docmanager, phase => typescript] 
[info ] Phase1ReadTypescript.scala:171 Preprocessing TsHelperFile(InFile(/home/tso/tmp/tso-cache/npm/node_modules/@jupyterlab/docmanager/lib/manager.d.ts),FromFolder(InFolder(/home/tso/tmp/tso-cache/npm/node_modules/@jupyterlab/docmanager),TsIdentLibraryScoped(jupyterlab,Some(docmanager))),TsIdentModule(Some(jupyterlab),List(docmanager, lib, manager))) [id => @jupyterlab/docmanager, phase => typescript] 
[info ] InferredDefaultModule.scala:39 Inferred module TsIdentModule(Some(jupyterlab),List(docmanager, lib, manager)) [id => @jupyterlab/docmanager, phase => typescript] 
[info ] Phase1ReadTypescript.scala:171 Preprocessing TsHelperFile(InFile(/home/tso/tmp/tso-cache/npm/node_modules/@jupyterlab/docmanager/lib/pathstatus.d.ts),FromFolder(InFolder(/home/tso/tmp/tso-cache/npm/node_modules/@jupyterlab/docmanager),TsIdentLibraryScoped(jupyterlab,Some(docmanager))),TsIdentModule(Some(jupyterlab),List(docmanager, lib, pathstatus))) [id => @jupyterlab/docmanager, phase => typescript] 
[info ] InferredDefaultModule.scala:39 Inferred module TsIdentModule(Some(jupyterlab),List(docmanager, lib, pathstatus)) [id => @jupyterlab/docmanager, phase => typescript] 
[info ] Phase1ReadTypescript.scala:171 Preprocessing TsHelperFile(InFile(/home/tso/tmp/tso-cache/npm/node_modules/@jupyterlab/docmanager/lib/savehandler.d.ts),FromFolder(InFolder(/home/tso/tmp/tso-cache/npm/node_modules/@jupyterlab/docmanager),TsIdentLibraryScoped(jupyterlab,Some(docmanager))),TsIdentModule(Some(jupyterlab),List(docmanager, lib, savehandler))) [id => @jupyterlab/docmanager, phase => typescript] 
[info ] InferredDefaultModule.scala:39 Inferred module TsIdentModule(Some(jupyterlab),List(docmanager, lib, savehandler)) [id => @jupyterlab/docmanager, phase => typescript] 
[info ] Phase1ReadTypescript.scala:171 Preprocessing TsHelperFile(InFile(/home/tso/tmp/tso-cache/npm/node_modules/@jupyterlab/docmanager/lib/savingstatus.d.ts),FromFolder(InFolder(/home/tso/tmp/tso-cache/npm/node_modules/@jupyterlab/docmanager),TsIdentLibraryScoped(jupyterlab,Some(docmanager))),TsIdentModule(Some(jupyterlab),List(docmanager, lib, savingstatus))) [id => @jupyterlab/docmanager, phase => typescript] 
[info ] InferredDefaultModule.scala:39 Inferred module TsIdentModule(Some(jupyterlab),List(docmanager, lib, savingstatus)) [id => @jupyterlab/docmanager, phase => typescript] 
[info ] Phase1ReadTypescript.scala:171 Preprocessing TsHelperFile(InFile(/home/tso/tmp/tso-cache/npm/node_modules/@jupyterlab/docmanager/lib/tokens.d.ts),FromFolder(InFolder(/home/tso/tmp/tso-cache/npm/node_modules/@jupyterlab/docmanager),TsIdentLibraryScoped(jupyterlab,Some(docmanager))),TsIdentModule(Some(jupyterlab),List(docmanager, lib, tokens))) [id => @jupyterlab/docmanager, phase => typescript] 
[info ] InferredDefaultModule.scala:39 Inferred module TsIdentModule(Some(jupyterlab),List(docmanager, lib, tokens)) [id => @jupyterlab/docmanager, phase => typescript] 
[info ] Phase1ReadTypescript.scala:171 Preprocessing TsHelperFile(InFile(/home/tso/tmp/tso-cache/npm/node_modules/@jupyterlab/docmanager/lib/widgetmanager.d.ts),FromFolder(InFolder(/home/tso/tmp/tso-cache/npm/node_modules/@jupyterlab/docmanager),TsIdentLibraryScoped(jupyterlab,Some(docmanager))),TsIdentModule(Some(jupyterlab),List(docmanager, lib, widgetmanager))) [id => @jupyterlab/docmanager, phase => typescript] 
[info ] InferredDefaultModule.scala:39 Inferred module TsIdentModule(Some(jupyterlab),List(docmanager, lib, widgetmanager)) [id => @jupyterlab/docmanager, phase => typescript] 
[warn ] Phase1ReadTypescript.scala:190 Processing TsIdentLibraryScoped(jupyterlab,Some(docmanager)) [id => @jupyterlab/docmanager, phase => typescript] 
[debug] PhaseRunner.scala:84 Success [id => @jupyterlab/docmanager, phase => typescript] 
[warn ] Phase2ToScalaJs.scala:42 Processing @jupyterlab/docmanager [id => @jupyterlab/docmanager, phase => scala.js] 
[info ] CompleteClass.scala:65 Completed implementations Vector(isDisposed, dispose) [id => @jupyterlab/docmanager, phase => scala.js, this => Name(atJupyterlabDocmanagerLib) / Name(libManagerMod) / Name(DocumentManager)] 
[info ] CompleteClass.scala:65 Completed implementations Vector(isDisposed, dispose) [id => @jupyterlab/docmanager, phase => scala.js, this => Name(atJupyterlabDocmanagerLib) / Name(libSavehandlerMod) / Name(SaveHandler)] 
[info ] CompleteClass.scala:65 Completed implementations Vector(isDisposed, dispose) [id => @jupyterlab/docmanager, phase => scala.js, this => Name(atJupyterlabDocmanagerLib) / Name(libWidgetmanagerMod) / Name(DocumentWidgetManager)] 
[debug] PhaseRunner.scala:84 Success [id => @jupyterlab/docmanager, phase => scala.js] 
[warn ] PhaseRunner.scala:70 Failed because of, [@jupyterlab/services => Compilation failed] [id => @jupyterlab/docmanager, phase => build] 
[error] PhaseRunner.scala:88 Failure, [@jupyterlab/services => Compilation failed] [id => @jupyterlab/docmanager, phase => build] 
[error] PhaseRunner.scala:88 Failure, [@jupyterlab/services => Compilation failed] [id => @jupyterlab/docmanager, phase => publish] 
