[debug] PhaseRunner.scala:84 Success [id => @jupyterlab/cells, phase => typescript] 
[debug] PhaseRunner.scala:84 Success [id => @jupyterlab/cells, phase => typescript] 
[debug] PhaseRunner.scala:84 Success [id => @jupyterlab/cells, phase => typescript] 
[debug] PhaseRunner.scala:84 Success [id => @jupyterlab/cells, phase => typescript] 
[debug] PhaseRunner.scala:84 Success [id => @jupyterlab/cells, phase => typescript] 
[info ] InferredDependency.scala:22 Inferred dependencies Set(TsIdentLibrarySimple(react)) for TsIdentLibraryScoped(jupyterlab,Some(cells)) [id => @jupyterlab/cells, phase => typescript, file => ../cells/lib/collapser.d.ts] 
[debug] PhaseRunner.scala:84 Success [id => @jupyterlab/cells, phase => typescript] 
[info ] InferredDependency.scala:22 Inferred dependencies Set(TsIdentLibrarySimple(react)) for TsIdentLibraryScoped(jupyterlab,Some(cells)) [id => @jupyterlab/cells, phase => typescript, file => ../cells/lib/placeholder.d.ts] 
[debug] PhaseRunner.scala:84 Success [id => @jupyterlab/cells, phase => typescript] 
[debug] PhaseRunner.scala:84 Success [id => @jupyterlab/cells, phase => typescript] 
[info ] Phase1ReadTypescript.scala:171 Preprocessing TsHelperFile(InFile(/home/tso/tmp/tso-cache/npm/node_modules/@jupyterlab/cells/lib/celldragutils.d.ts),FromFolder(InFolder(/home/tso/tmp/tso-cache/npm/node_modules/@jupyterlab/cells),TsIdentLibraryScoped(jupyterlab,Some(cells))),TsIdentModule(Some(jupyterlab),List(cells, lib, celldragutils))) [id => @jupyterlab/cells, phase => typescript] 
[info ] InferredDefaultModule.scala:39 Inferred module TsIdentModule(Some(jupyterlab),List(cells, lib, celldragutils)) [id => @jupyterlab/cells, phase => typescript] 
[info ] Phase1ReadTypescript.scala:171 Preprocessing TsHelperFile(InFile(/home/tso/tmp/tso-cache/npm/node_modules/@jupyterlab/cells/lib/collapser.d.ts),FromFolder(InFolder(/home/tso/tmp/tso-cache/npm/node_modules/@jupyterlab/cells),TsIdentLibraryScoped(jupyterlab,Some(cells))),TsIdentModule(Some(jupyterlab),List(cells, lib, collapser))) [id => @jupyterlab/cells, phase => typescript] 
[info ] InferredDefaultModule.scala:39 Inferred module TsIdentModule(Some(jupyterlab),List(cells, lib, collapser)) [id => @jupyterlab/cells, phase => typescript] 
[info ] Phase1ReadTypescript.scala:171 Preprocessing TsHelperFile(InFile(/home/tso/tmp/tso-cache/npm/node_modules/@jupyterlab/cells/lib/headerfooter.d.ts),FromFolder(InFolder(/home/tso/tmp/tso-cache/npm/node_modules/@jupyterlab/cells),TsIdentLibraryScoped(jupyterlab,Some(cells))),TsIdentModule(Some(jupyterlab),List(cells, lib, headerfooter))) [id => @jupyterlab/cells, phase => typescript] 
[info ] InferredDefaultModule.scala:39 Inferred module TsIdentModule(Some(jupyterlab),List(cells, lib, headerfooter)) [id => @jupyterlab/cells, phase => typescript] 
[info ] Phase1ReadTypescript.scala:171 Preprocessing TsHelperFile(InFile(/home/tso/tmp/tso-cache/npm/node_modules/@jupyterlab/cells/lib/index.d.ts),FromFolder(InFolder(/home/tso/tmp/tso-cache/npm/node_modules/@jupyterlab/cells),TsIdentLibraryScoped(jupyterlab,Some(cells))),TsIdentModule(Some(jupyterlab),List(cells))) [id => @jupyterlab/cells, phase => typescript] 
[info ] InferredDefaultModule.scala:39 Inferred module TsIdentModule(Some(jupyterlab),List(cells)) [id => @jupyterlab/cells, phase => typescript] 
[info ] Phase1ReadTypescript.scala:171 Preprocessing TsHelperFile(InFile(/home/tso/tmp/tso-cache/npm/node_modules/@jupyterlab/cells/lib/inputarea.d.ts),FromFolder(InFolder(/home/tso/tmp/tso-cache/npm/node_modules/@jupyterlab/cells),TsIdentLibraryScoped(jupyterlab,Some(cells))),TsIdentModule(Some(jupyterlab),List(cells, lib, inputarea))) [id => @jupyterlab/cells, phase => typescript] 
[info ] InferredDefaultModule.scala:39 Inferred module TsIdentModule(Some(jupyterlab),List(cells, lib, inputarea)) [id => @jupyterlab/cells, phase => typescript] 
[info ] Phase1ReadTypescript.scala:171 Preprocessing TsHelperFile(InFile(/home/tso/tmp/tso-cache/npm/node_modules/@jupyterlab/cells/lib/model.d.ts),FromFolder(InFolder(/home/tso/tmp/tso-cache/npm/node_modules/@jupyterlab/cells),TsIdentLibraryScoped(jupyterlab,Some(cells))),TsIdentModule(Some(jupyterlab),List(cells, lib, model))) [id => @jupyterlab/cells, phase => typescript] 
[info ] InferredDefaultModule.scala:39 Inferred module TsIdentModule(Some(jupyterlab),List(cells, lib, model)) [id => @jupyterlab/cells, phase => typescript] 
[info ] Phase1ReadTypescript.scala:171 Preprocessing TsHelperFile(InFile(/home/tso/tmp/tso-cache/npm/node_modules/@jupyterlab/cells/lib/placeholder.d.ts),FromFolder(InFolder(/home/tso/tmp/tso-cache/npm/node_modules/@jupyterlab/cells),TsIdentLibraryScoped(jupyterlab,Some(cells))),TsIdentModule(Some(jupyterlab),List(cells, lib, placeholder))) [id => @jupyterlab/cells, phase => typescript] 
[info ] InferredDefaultModule.scala:39 Inferred module TsIdentModule(Some(jupyterlab),List(cells, lib, placeholder)) [id => @jupyterlab/cells, phase => typescript] 
[info ] Phase1ReadTypescript.scala:171 Preprocessing TsHelperFile(InFile(/home/tso/tmp/tso-cache/npm/node_modules/@jupyterlab/cells/lib/widget.d.ts),FromFolder(InFolder(/home/tso/tmp/tso-cache/npm/node_modules/@jupyterlab/cells),TsIdentLibraryScoped(jupyterlab,Some(cells))),TsIdentModule(Some(jupyterlab),List(cells, lib, widget))) [id => @jupyterlab/cells, phase => typescript] 
[info ] InferredDefaultModule.scala:39 Inferred module TsIdentModule(Some(jupyterlab),List(cells, lib, widget)) [id => @jupyterlab/cells, phase => typescript] 
[warn ] Phase1ReadTypescript.scala:191 Processing TsIdentLibraryScoped(jupyterlab,Some(cells)) [id => @jupyterlab/cells, phase => typescript] 
[warn ] QualifyReferences.scala:32 Couldn't qualify CodeEditorWrapper [id => @jupyterlab/cells, phase => typescript, scope => TreeScope(TsParsedFile() / TsDeclModule(@jupyterlab/cells/lib/inputarea) / TsExport() / TsExporteeTree() / TsDeclClass(InputArea) / TsMemberProperty(editorWidget) / TsTypeRef())] 
[warn ] QualifyReferences.scala:32 Couldn't qualify CodeEditor.IEditor [id => @jupyterlab/cells, phase => typescript, scope => TreeScope(TsParsedFile() / TsDeclModule(@jupyterlab/cells/lib/inputarea) / TsExport() / TsExporteeTree() / TsDeclClass(InputArea) / TsMemberProperty(editor) / TsTypeRef())] 
[warn ] QualifyReferences.scala:32 Couldn't qualify CodeEditor.Factory [id => @jupyterlab/cells, phase => typescript, scope => TreeScope(TsParsedFile() / TsDeclModule(@jupyterlab/cells/lib/inputarea) / TsExport() / TsExporteeTree() / TsDeclNamespace(InputArea) / TsDeclInterface(IContentFactory) / TsMemberProperty(editorFactory) / TsTypeRef())] 
[warn ] QualifyReferences.scala:32 Couldn't qualify CodeEditor.Factory [id => @jupyterlab/cells, phase => typescript, scope => TreeScope(TsParsedFile() / TsDeclModule(@jupyterlab/cells/lib/inputarea) / TsExport() / TsExporteeTree() / TsDeclNamespace(InputArea) / TsDeclClass(ContentFactory) / TsMemberProperty(editorFactory) / TsTypeRef())] 
[warn ] QualifyReferences.scala:32 Couldn't qualify CodeEditor.Factory [id => @jupyterlab/cells, phase => typescript, scope => TreeScope(TsParsedFile() / TsDeclModule(@jupyterlab/cells/lib/inputarea) / TsExport() / TsExporteeTree() / TsDeclNamespace(InputArea) / TsDeclNamespace(ContentFactory) / TsDeclInterface(IOptions) / TsMemberProperty(editorFactory) / TsTypeRef())] 
[warn ] QualifyReferences.scala:32 Couldn't qualify CodeEditor.Factory [id => @jupyterlab/cells, phase => typescript, scope => TreeScope(TsParsedFile() / TsDeclModule(@jupyterlab/cells/lib/inputarea) / TsExport() / TsExporteeTree() / TsDeclNamespace(InputArea) / TsDeclVar(defaultEditorFactory) / TsTypeRef())] 
[warn ] QualifyReferences.scala:32 Couldn't qualify CodeEditor.IModel [id => @jupyterlab/cells, phase => typescript, scope => TreeScope(TsParsedFile() / TsDeclModule(@jupyterlab/cells/lib/model) / TsExport() / TsExporteeTree() / TsDeclInterface(ICellModel) / TsTypeRef())] 
[warn ] QualifyReferences.scala:32 Couldn't qualify CodeEditor.Model [id => @jupyterlab/cells, phase => typescript, scope => TreeScope(TsParsedFile() / TsDeclModule(@jupyterlab/cells/lib/model) / TsExport() / TsExporteeTree() / TsDeclClass(CellModel) / TsTypeRef())] 
[warn ] QualifyReferences.scala:32 Couldn't qualify CodeEditorWrapper [id => @jupyterlab/cells, phase => typescript, scope => TreeScope(TsParsedFile() / TsDeclModule(@jupyterlab/cells/lib/widget) / TsExport() / TsExporteeTree() / TsDeclClass(Cell) / TsMemberProperty(editorWidget) / TsTypeRef())] 
[warn ] QualifyReferences.scala:32 Couldn't qualify CodeEditor.IEditor [id => @jupyterlab/cells, phase => typescript, scope => TreeScope(TsParsedFile() / TsDeclModule(@jupyterlab/cells/lib/widget) / TsExport() / TsExporteeTree() / TsDeclClass(Cell) / TsMemberProperty(editor) / TsTypeRef())] 
[warn ] QualifyReferences.scala:32 Couldn't qualify CodeEditor.IConfig [id => @jupyterlab/cells, phase => typescript, scope => TreeScope(TsParsedFile() / TsDeclModule(@jupyterlab/cells/lib/widget) / TsExport() / TsExporteeTree() / TsDeclNamespace(Cell) / TsDeclInterface(IOptions) / TsMemberProperty(editorConfig) / TsTypeRef() / TsTypeRef())] 
[warn ] QualifyReferences.scala:32 Couldn't qualify CodeEditor.Factory [id => @jupyterlab/cells, phase => typescript, scope => TreeScope(TsParsedFile() / TsDeclModule(@jupyterlab/cells/lib/widget) / TsExport() / TsExporteeTree() / TsDeclNamespace(Cell) / TsDeclClass(ContentFactory) / TsMemberProperty(editorFactory) / TsTypeRef())] 
[warn ] QualifyReferences.scala:32 Couldn't qualify CodeEditor.Factory [id => @jupyterlab/cells, phase => typescript, scope => TreeScope(TsParsedFile() / TsDeclModule(@jupyterlab/cells/lib/widget) / TsExport() / TsExporteeTree() / TsDeclNamespace(Cell) / TsDeclNamespace(ContentFactory) / TsDeclInterface(IOptions) / TsMemberProperty(editorFactory) / TsTypeRef())] 
[info ] PreferTypeAlias.scala:55 Simplified to type alias [id => @jupyterlab/cells, phase => typescript, scope => TreeScope(TsParsedFile() / TsDeclModule(@jupyterlab/cells/lib/headerfooter) / TsDeclInterface(ICellHeader))] 
[info ] PreferTypeAlias.scala:55 Simplified to type alias [id => @jupyterlab/cells, phase => typescript, scope => TreeScope(TsParsedFile() / TsDeclModule(@jupyterlab/cells/lib/headerfooter) / TsDeclInterface(ICellFooter))] 
[debug] PhaseRunner.scala:84 Success [id => @jupyterlab/cells, phase => typescript] 
[warn ] Phase2ToScalaJs.scala:42 Processing @jupyterlab/cells [id => @jupyterlab/cells, phase => scala.js] 
[info ] RemoveDuplicateInheritance.scala:62 Dropped parents QualifiedName(List(Name(atPhosphorWidgetsLib), Name(atPhosphorWidgetsMod), Name(Widget))) at Name(atJupyterlabCellsLib) / Name(libInputareaMod) / Name(InputPrompt) because allParentRefs = Set(TypeRef(QualifiedName(List(Name(atPhosphorWidgetsLib), Name(libWidgetMod), Name(Widget))),List(),NoComments), TypeRef(QualifiedName(List(Name(atPhosphorDisposableLib), Name(atPhosphorDisposableMod), Name(IDisposable))),List(),NoComments), TypeRef(QualifiedName(List(Name(atPhosphorDisposableLib), Name(atPhosphorDisposableMod), Name(IObservableDisposable))),List(),NoComments), TypeRef(QualifiedName(List(Name(atPhosphorWidgetsLib), Name(atPhosphorWidgetsMod), Name(Widget))),List(),NoComments), TypeRef(QualifiedName(List(Name(atPhosphorMessagingLib), Name(atPhosphorMessagingMod), Name(IMessageHandler))),List(),NoComments)) [id => @jupyterlab/cells, phase => scala.js, this => Name(atJupyterlabCellsLib) / Name(libInputareaMod) / Name(InputPrompt)] 
[info ] RemoveMultipleInheritance.scala:44 Dropped parents 
- atJupyterlabCellsLib.libModelMod.ICodeCellModel because var conflicts: trusted. Inlined executionCount, outputs [id => @jupyterlab/cells, phase => scala.js, this => Name(atJupyterlabCellsLib) / Name(libModelMod) / Name(CodeCellModel)] 
[info ] RemoveMultipleInheritance.scala:44 Dropped parents 
- atJupyterlabCellsLib.libHeaderfooterMod.ICellHeader because Already inherited [id => @jupyterlab/cells, phase => scala.js, this => Name(atJupyterlabCellsLib) / Name(libHeaderfooterMod) / Name(CellHeader)] 
[info ] RemoveMultipleInheritance.scala:44 Dropped parents 
- atJupyterlabCellsLib.libHeaderfooterMod.ICellFooter because Already inherited [id => @jupyterlab/cells, phase => scala.js, this => Name(atJupyterlabCellsLib) / Name(libHeaderfooterMod) / Name(CellFooter)] 
[info ] CompleteClass.scala:65 Completed implementations Vector(editorFactory, createInputPrompt) [id => @jupyterlab/cells, phase => scala.js, this => Name(atJupyterlabCellsLib) / Name(libInputareaMod) / Name(InputAreaNs) / Name(ContentFactory)] 
[info ] CompleteClass.scala:65 Completed implementations Vector(id, trusted, metadata, `type`, contentChanged, stateChanged, toJSON) [id => @jupyterlab/cells, phase => scala.js, this => Name(atJupyterlabCellsLib) / Name(libModelMod) / Name(CellModel)] 
[info ] CompleteClass.scala:65 Completed implementations Vector(createAttachmentsModel) [id => @jupyterlab/cells, phase => scala.js, this => Name(atJupyterlabCellsLib) / Name(libModelMod) / Name(AttachmentsCellModelNs) / Name(ContentFactory)] 
[info ] CompleteClass.scala:65 Completed implementations Vector(createOutputArea) [id => @jupyterlab/cells, phase => scala.js, this => Name(atJupyterlabCellsLib) / Name(libModelMod) / Name(CodeCellModelNs) / Name(ContentFactory)] 
[info ] CompleteClass.scala:65 Completed implementations Vector(createCellHeader, createCellFooter, createOutputPrompt, createStdin, editorFactory, createInputPrompt) [id => @jupyterlab/cells, phase => scala.js, this => Name(atJupyterlabCellsLib) / Name(libWidgetMod) / Name(CellNs) / Name(ContentFactory)] 
[debug] PhaseRunner.scala:84 Success [id => @jupyterlab/cells, phase => scala.js] 
[warn ] PhaseRunner.scala:70 Failed because of, [@jupyterlab/services => Compilation failed] [id => @jupyterlab/cells, phase => build] 
[error] PhaseRunner.scala:88 Failure, [@jupyterlab/services => Compilation failed] [id => @jupyterlab/cells, phase => build] 
[error] PhaseRunner.scala:88 Failure, [@jupyterlab/services => Compilation failed] [id => @jupyterlab/cells, phase => publish] 
