[debug] PhaseRunner.scala:84 Success [id => @jupyterlab/docregistry, phase => typescript] 
[debug] PhaseRunner.scala:84 Success [id => @jupyterlab/docregistry, phase => typescript] 
[debug] PhaseRunner.scala:92 Ignored [id => @jupyterlab/docregistry, phase => typescript] 
[debug] PhaseRunner.scala:84 Success [id => @jupyterlab/docregistry, phase => typescript] 
[debug] PhaseRunner.scala:84 Success [id => @jupyterlab/docregistry, phase => typescript] 
[debug] PhaseRunner.scala:84 Success [id => @jupyterlab/docregistry, phase => typescript] 
[debug] PhaseRunner.scala:84 Success [id => @jupyterlab/docregistry, phase => typescript] 
[info ] Phase1ReadTypescript.scala:171 Preprocessing TsHelperFile(InFile(/home/tso/tmp/tso-cache/npm/node_modules/@jupyterlab/docregistry/lib/context.d.ts),FromFolder(InFolder(/home/tso/tmp/tso-cache/npm/node_modules/@jupyterlab/docregistry),TsIdentLibraryScoped(jupyterlab,Some(docregistry))),TsIdentModule(Some(jupyterlab),List(docregistry, lib, context))) [id => @jupyterlab/docregistry, phase => typescript] 
[info ] InferredDefaultModule.scala:39 Inferred module TsIdentModule(Some(jupyterlab),List(docregistry, lib, context)) [id => @jupyterlab/docregistry, phase => typescript] 
[info ] Phase1ReadTypescript.scala:171 Preprocessing TsHelperFile(InFile(/home/tso/tmp/tso-cache/npm/node_modules/@jupyterlab/docregistry/lib/default.d.ts),FromFolder(InFolder(/home/tso/tmp/tso-cache/npm/node_modules/@jupyterlab/docregistry),TsIdentLibraryScoped(jupyterlab,Some(docregistry))),TsIdentModule(Some(jupyterlab),List(docregistry, lib, default))) [id => @jupyterlab/docregistry, phase => typescript] 
[info ] InferredDefaultModule.scala:39 Inferred module TsIdentModule(Some(jupyterlab),List(docregistry, lib, default)) [id => @jupyterlab/docregistry, phase => typescript] 
[info ] Phase1ReadTypescript.scala:171 Preprocessing TsHelperFile(InFile(/home/tso/tmp/tso-cache/npm/node_modules/@jupyterlab/docregistry/lib/index.d.ts),FromFolder(InFolder(/home/tso/tmp/tso-cache/npm/node_modules/@jupyterlab/docregistry),TsIdentLibraryScoped(jupyterlab,Some(docregistry))),TsIdentModule(Some(jupyterlab),List(docregistry))) [id => @jupyterlab/docregistry, phase => typescript] 
[info ] InferredDefaultModule.scala:39 Inferred module TsIdentModule(Some(jupyterlab),List(docregistry)) [id => @jupyterlab/docregistry, phase => typescript] 
[info ] Phase1ReadTypescript.scala:171 Preprocessing TsHelperFile(InFile(/home/tso/tmp/tso-cache/npm/node_modules/@jupyterlab/docregistry/lib/mimedocument.d.ts),FromFolder(InFolder(/home/tso/tmp/tso-cache/npm/node_modules/@jupyterlab/docregistry),TsIdentLibraryScoped(jupyterlab,Some(docregistry))),TsIdentModule(Some(jupyterlab),List(docregistry, lib, mimedocument))) [id => @jupyterlab/docregistry, phase => typescript] 
[info ] InferredDefaultModule.scala:39 Inferred module TsIdentModule(Some(jupyterlab),List(docregistry, lib, mimedocument)) [id => @jupyterlab/docregistry, phase => typescript] 
[info ] Phase1ReadTypescript.scala:171 Preprocessing TsHelperFile(InFile(/home/tso/tmp/tso-cache/npm/node_modules/@jupyterlab/docregistry/lib/registry.d.ts),FromFolder(InFolder(/home/tso/tmp/tso-cache/npm/node_modules/@jupyterlab/docregistry),TsIdentLibraryScoped(jupyterlab,Some(docregistry))),TsIdentModule(Some(jupyterlab),List(docregistry, lib, registry))) [id => @jupyterlab/docregistry, phase => typescript] 
[info ] InferredDefaultModule.scala:39 Inferred module TsIdentModule(Some(jupyterlab),List(docregistry, lib, registry)) [id => @jupyterlab/docregistry, phase => typescript] 
[warn ] Phase1ReadTypescript.scala:190 Processing TsIdentLibraryScoped(jupyterlab,Some(docregistry)) [id => @jupyterlab/docregistry, phase => typescript] 
[warn ] QualifyReferences.scala:32 Couldn't qualify DocumentRegistry.ICodeModel [id => @jupyterlab/docregistry, phase => typescript, scope => TreeScope(TsParsedFile() / TsDeclModule(@jupyterlab/docregistry/lib/default) / TsExport() / TsExporteeTree() / TsDeclClass(DocumentModel))] 
[warn ] QualifyReferences.scala:32 Couldn't qualify CodeEditor.Model [id => @jupyterlab/docregistry, phase => typescript, scope => TreeScope(TsParsedFile() / TsDeclModule(@jupyterlab/docregistry/lib/default) / TsExport() / TsExporteeTree() / TsDeclClass(DocumentModel) / TsTypeRef())] 
[warn ] QualifyReferences.scala:32 Couldn't qualify DocumentRegistry.CodeModelFactory [id => @jupyterlab/docregistry, phase => typescript, scope => TreeScope(TsParsedFile() / TsDeclModule(@jupyterlab/docregistry/lib/default) / TsExport() / TsExporteeTree() / TsDeclClass(TextModelFactory) / TsTypeRef())] 
[warn ] QualifyReferences.scala:32 Couldn't qualify DocumentRegistry.ICodeModel [id => @jupyterlab/docregistry, phase => typescript, scope => TreeScope(TsParsedFile() / TsDeclModule(@jupyterlab/docregistry/lib/default) / TsExport() / TsExporteeTree() / TsDeclClass(TextModelFactory) / TsMemberFunction(createNew) / TsFunSig() / TsTypeRef())] 
[warn ] QualifyReferences.scala:32 Couldn't qualify IDocumentWidget [id => @jupyterlab/docregistry, phase => typescript, scope => TreeScope(TsParsedFile() / TsDeclModule(@jupyterlab/docregistry/lib/default) / TsExport() / TsExporteeTree() / TsDeclClass(ABCWidgetFactory) / TsTypeParam() / TsTypeRef())] 
[warn ] QualifyReferences.scala:32 Couldn't qualify DocumentRegistry.IModel [id => @jupyterlab/docregistry, phase => typescript, scope => TreeScope(TsParsedFile() / TsDeclModule(@jupyterlab/docregistry/lib/default) / TsExport() / TsExporteeTree() / TsDeclClass(ABCWidgetFactory) / TsTypeParam() / TsTypeRef())] 
[warn ] QualifyReferences.scala:32 Couldn't qualify DocumentRegistry.IModel [id => @jupyterlab/docregistry, phase => typescript, scope => TreeScope(TsParsedFile() / TsDeclModule(@jupyterlab/docregistry/lib/default) / TsExport() / TsExporteeTree() / TsDeclClass(ABCWidgetFactory) / TsTypeParam() / TsTypeRef())] 
[warn ] QualifyReferences.scala:32 Couldn't qualify DocumentRegistry.IWidgetFactory<T, U> [id => @jupyterlab/docregistry, phase => typescript, scope => TreeScope(TsParsedFile() / TsDeclModule(@jupyterlab/docregistry/lib/default) / TsExport() / TsExporteeTree() / TsDeclClass(ABCWidgetFactory) / TsTypeRef())] 
[warn ] QualifyReferences.scala:32 Couldn't qualify DocumentRegistry.IWidgetFactoryOptions<T> [id => @jupyterlab/docregistry, phase => typescript, scope => TreeScope(TsParsedFile() / TsDeclModule(@jupyterlab/docregistry/lib/default) / TsExport() / TsExporteeTree() / TsDeclClass(ABCWidgetFactory) / TsMemberFunction(constructor) / TsFunSig() / TsFunParam() / TsTypeRef())] 
[warn ] QualifyReferences.scala:32 Couldn't qualify DocumentRegistry.IWidgetFactory<T, U> [id => @jupyterlab/docregistry, phase => typescript, scope => TreeScope(TsParsedFile() / TsDeclModule(@jupyterlab/docregistry/lib/default) / TsExport() / TsExporteeTree() / TsDeclClass(ABCWidgetFactory) / TsMemberProperty(widgetCreated) / TsTypeRef() / TsTypeRef())] 
[warn ] QualifyReferences.scala:32 Couldn't qualify DocumentRegistry.IContext<U> [id => @jupyterlab/docregistry, phase => typescript, scope => TreeScope(TsParsedFile() / TsDeclModule(@jupyterlab/docregistry/lib/default) / TsExport() / TsExporteeTree() / TsDeclClass(ABCWidgetFactory) / TsMemberFunction(createNew) / TsFunSig() / TsFunParam() / TsTypeRef())] 
[warn ] QualifyReferences.scala:32 Couldn't qualify DocumentRegistry.IContext<U> [id => @jupyterlab/docregistry, phase => typescript, scope => TreeScope(TsParsedFile() / TsDeclModule(@jupyterlab/docregistry/lib/default) / TsExport() / TsExporteeTree() / TsDeclClass(ABCWidgetFactory) / TsMemberFunction(createNewWidget) / TsFunSig() / TsFunParam() / TsTypeRef())] 
[warn ] QualifyReferences.scala:32 Couldn't qualify DocumentRegistry.IToolbarItem [id => @jupyterlab/docregistry, phase => typescript, scope => TreeScope(TsParsedFile() / TsDeclModule(@jupyterlab/docregistry/lib/default) / TsExport() / TsExporteeTree() / TsDeclClass(ABCWidgetFactory) / TsMemberFunction(defaultToolbarFactory) / TsFunSig() / TsTypeRef() / TsTypeRef())] 
[warn ] QualifyReferences.scala:32 Couldn't qualify IDocumentWidget<T, U> [id => @jupyterlab/docregistry, phase => typescript, scope => TreeScope(TsParsedFile() / TsDeclModule(@jupyterlab/docregistry/lib/default) / TsExport() / TsExporteeTree() / TsDeclClass(DocumentWidget))] 
[warn ] QualifyReferences.scala:32 Couldn't qualify DocumentRegistry.IModel [id => @jupyterlab/docregistry, phase => typescript, scope => TreeScope(TsParsedFile() / TsDeclModule(@jupyterlab/docregistry/lib/default) / TsExport() / TsExporteeTree() / TsDeclClass(DocumentWidget) / TsTypeParam() / TsTypeRef())] 
[warn ] QualifyReferences.scala:32 Couldn't qualify DocumentRegistry.IModel [id => @jupyterlab/docregistry, phase => typescript, scope => TreeScope(TsParsedFile() / TsDeclModule(@jupyterlab/docregistry/lib/default) / TsExport() / TsExporteeTree() / TsDeclClass(DocumentWidget) / TsTypeParam() / TsTypeRef())] 
[warn ] QualifyReferences.scala:32 Couldn't qualify DocumentRegistry.IContext<U> [id => @jupyterlab/docregistry, phase => typescript, scope => TreeScope(TsParsedFile() / TsDeclModule(@jupyterlab/docregistry/lib/default) / TsExport() / TsExporteeTree() / TsDeclClass(DocumentWidget) / TsMemberProperty(context) / TsTypeRef())] 
[warn ] QualifyReferences.scala:32 Couldn't qualify DocumentRegistry.IModel [id => @jupyterlab/docregistry, phase => typescript, scope => TreeScope(TsParsedFile() / TsDeclModule(@jupyterlab/docregistry/lib/default) / TsExport() / TsExporteeTree() / TsDeclNamespace(DocumentWidget) / TsDeclInterface(IOptions) / TsTypeParam() / TsTypeRef())] 
[warn ] QualifyReferences.scala:32 Couldn't qualify DocumentRegistry.IModel [id => @jupyterlab/docregistry, phase => typescript, scope => TreeScope(TsParsedFile() / TsDeclModule(@jupyterlab/docregistry/lib/default) / TsExport() / TsExporteeTree() / TsDeclNamespace(DocumentWidget) / TsDeclInterface(IOptions) / TsTypeParam() / TsTypeRef())] 
[warn ] QualifyReferences.scala:32 Couldn't qualify DocumentRegistry.IContext<U> [id => @jupyterlab/docregistry, phase => typescript, scope => TreeScope(TsParsedFile() / TsDeclModule(@jupyterlab/docregistry/lib/default) / TsExport() / TsExporteeTree() / TsDeclNamespace(DocumentWidget) / TsDeclInterface(IOptions) / TsMemberProperty(context) / TsTypeRef())] 
[warn ] QualifyReferences.scala:32 Couldn't qualify DocumentRegistry.IModel [id => @jupyterlab/docregistry, phase => typescript, scope => TreeScope(TsParsedFile() / TsDeclModule(@jupyterlab/docregistry/lib/default) / TsExport() / TsExporteeTree() / TsDeclNamespace(DocumentWidget) / TsDeclInterface(IOptionsOptionalContent) / TsTypeParam() / TsTypeRef())] 
[warn ] QualifyReferences.scala:32 Couldn't qualify DocumentRegistry.IModel [id => @jupyterlab/docregistry, phase => typescript, scope => TreeScope(TsParsedFile() / TsDeclModule(@jupyterlab/docregistry/lib/default) / TsExport() / TsExporteeTree() / TsDeclNamespace(DocumentWidget) / TsDeclInterface(IOptionsOptionalContent) / TsTypeParam() / TsTypeRef())] 
[warn ] QualifyReferences.scala:32 Couldn't qualify DocumentRegistry.IContext<U> [id => @jupyterlab/docregistry, phase => typescript, scope => TreeScope(TsParsedFile() / TsDeclModule(@jupyterlab/docregistry/lib/default) / TsExport() / TsExporteeTree() / TsDeclNamespace(DocumentWidget) / TsDeclInterface(IOptionsOptionalContent) / TsMemberProperty(context) / TsTypeRef())] 
[warn ] QualifyReferences.scala:32 Couldn't qualify CodeEditor.IModel [id => @jupyterlab/docregistry, phase => typescript, scope => TreeScope(TsParsedFile() / TsDeclModule(@jupyterlab/docregistry/lib/registry) / TsExport() / TsExporteeTree() / TsDeclNamespace(DocumentRegistry) / TsDeclInterface(ICodeModel) / TsTypeRef())] 
[debug] PhaseRunner.scala:84 Success [id => @jupyterlab/docregistry, phase => typescript] 
[warn ] Phase2ToScalaJs.scala:42 Processing @jupyterlab/docregistry [id => @jupyterlab/docregistry, phase => scala.js] 
[warn ] ImportTree.scala:383 Dropping List(TsIdentSimple(Printing), TsIdentSimple(symbol)) [id => @jupyterlab/docregistry, phase => scala.js, scope => TreeScope(TsParsedFile() / TsDeclModule(@jupyterlab/docregistry/lib/mimedocument) / TsDeclClass(MimeContent) / TsMemberIndex())] 
[info ] CompleteClass.scala:65 Completed implementations Vector(isDisposed, dispose) [id => @jupyterlab/docregistry, phase => scala.js, this => Name(atJupyterlabDocregistryLib) / Name(libContextMod) / Name(Context)] 
[info ] CompleteClass.scala:65 Completed implementations Vector(isDisposed, dispose) [id => @jupyterlab/docregistry, phase => scala.js, this => Name(atJupyterlabDocregistryLib) / Name(libRegistryMod) / Name(DocumentRegistry)] 
[debug] PhaseRunner.scala:84 Success [id => @jupyterlab/docregistry, phase => scala.js] 
[warn ] PhaseRunner.scala:70 Failed because of, [@jupyterlab/services => Compilation failed] [id => @jupyterlab/docregistry, phase => build] 
[error] PhaseRunner.scala:88 Failure, [@jupyterlab/services => Compilation failed] [id => @jupyterlab/docregistry, phase => build] 
[error] PhaseRunner.scala:88 Failure, [@jupyterlab/services => Compilation failed] [id => @jupyterlab/docregistry, phase => publish] 
