[debug] PhaseRunner.scala:84 Success [id => @jupyterlab/csvviewer, phase => typescript] 
[debug] PhaseRunner.scala:84 Success [id => @jupyterlab/csvviewer, phase => typescript] 
[debug] PhaseRunner.scala:84 Success [id => @jupyterlab/csvviewer, phase => typescript] 
[debug] PhaseRunner.scala:84 Success [id => @jupyterlab/csvviewer, phase => typescript] 
[debug] PhaseRunner.scala:84 Success [id => @jupyterlab/csvviewer, phase => typescript] 
[info ] Phase1ReadTypescript.scala:171 Preprocessing TsHelperFile(InFile(/home/tso/tmp/tso-cache/npm/node_modules/@jupyterlab/csvviewer/lib/index.d.ts),FromFolder(InFolder(/home/tso/tmp/tso-cache/npm/node_modules/@jupyterlab/csvviewer),TsIdentLibraryScoped(jupyterlab,Some(csvviewer))),TsIdentModule(Some(jupyterlab),List(csvviewer))) [id => @jupyterlab/csvviewer, phase => typescript] 
[info ] InferredDefaultModule.scala:39 Inferred module TsIdentModule(Some(jupyterlab),List(csvviewer)) [id => @jupyterlab/csvviewer, phase => typescript] 
[info ] Phase1ReadTypescript.scala:171 Preprocessing TsHelperFile(InFile(/home/tso/tmp/tso-cache/npm/node_modules/@jupyterlab/csvviewer/lib/model.d.ts),FromFolder(InFolder(/home/tso/tmp/tso-cache/npm/node_modules/@jupyterlab/csvviewer),TsIdentLibraryScoped(jupyterlab,Some(csvviewer))),TsIdentModule(Some(jupyterlab),List(csvviewer, lib, model))) [id => @jupyterlab/csvviewer, phase => typescript] 
[info ] InferredDefaultModule.scala:39 Inferred module TsIdentModule(Some(jupyterlab),List(csvviewer, lib, model)) [id => @jupyterlab/csvviewer, phase => typescript] 
[info ] Phase1ReadTypescript.scala:171 Preprocessing TsHelperFile(InFile(/home/tso/tmp/tso-cache/npm/node_modules/@jupyterlab/csvviewer/lib/parse.d.ts),FromFolder(InFolder(/home/tso/tmp/tso-cache/npm/node_modules/@jupyterlab/csvviewer),TsIdentLibraryScoped(jupyterlab,Some(csvviewer))),TsIdentModule(Some(jupyterlab),List(csvviewer, lib, parse))) [id => @jupyterlab/csvviewer, phase => typescript] 
[info ] InferredDefaultModule.scala:39 Inferred module TsIdentModule(Some(jupyterlab),List(csvviewer, lib, parse)) [id => @jupyterlab/csvviewer, phase => typescript] 
[info ] Phase1ReadTypescript.scala:171 Preprocessing TsHelperFile(InFile(/home/tso/tmp/tso-cache/npm/node_modules/@jupyterlab/csvviewer/lib/toolbar.d.ts),FromFolder(InFolder(/home/tso/tmp/tso-cache/npm/node_modules/@jupyterlab/csvviewer),TsIdentLibraryScoped(jupyterlab,Some(csvviewer))),TsIdentModule(Some(jupyterlab),List(csvviewer, lib, toolbar))) [id => @jupyterlab/csvviewer, phase => typescript] 
[info ] InferredDefaultModule.scala:39 Inferred module TsIdentModule(Some(jupyterlab),List(csvviewer, lib, toolbar)) [id => @jupyterlab/csvviewer, phase => typescript] 
[info ] Phase1ReadTypescript.scala:171 Preprocessing TsHelperFile(InFile(/home/tso/tmp/tso-cache/npm/node_modules/@jupyterlab/csvviewer/lib/widget.d.ts),FromFolder(InFolder(/home/tso/tmp/tso-cache/npm/node_modules/@jupyterlab/csvviewer),TsIdentLibraryScoped(jupyterlab,Some(csvviewer))),TsIdentModule(Some(jupyterlab),List(csvviewer, lib, widget))) [id => @jupyterlab/csvviewer, phase => typescript] 
[info ] InferredDefaultModule.scala:39 Inferred module TsIdentModule(Some(jupyterlab),List(csvviewer, lib, widget)) [id => @jupyterlab/csvviewer, phase => typescript] 
[warn ] Phase1ReadTypescript.scala:191 Processing TsIdentLibraryScoped(jupyterlab,Some(csvviewer)) [id => @jupyterlab/csvviewer, phase => typescript] 
[debug] PhaseRunner.scala:84 Success [id => @jupyterlab/csvviewer, phase => typescript] 
[warn ] Phase2ToScalaJs.scala:42 Processing @jupyterlab/csvviewer [id => @jupyterlab/csvviewer, phase => scala.js] 
[info ] CompleteClass.scala:65 Completed implementations Vector(isDisposed, dispose) [id => @jupyterlab/csvviewer, phase => scala.js, this => Name(atJupyterlabCsvviewerLib) / Name(libModelMod) / Name(DSVModel)] 
[debug] PhaseRunner.scala:84 Success [id => @jupyterlab/csvviewer, phase => scala.js] 
[warn ] PhaseRunner.scala:70 Failed because of, [@jupyterlab/services => Compilation failed] [id => @jupyterlab/csvviewer, phase => build] 
[error] PhaseRunner.scala:88 Failure, [@jupyterlab/services => Compilation failed] [id => @jupyterlab/csvviewer, phase => build] 
[error] PhaseRunner.scala:88 Failure, [@jupyterlab/services => Compilation failed] [id => @jupyterlab/csvviewer, phase => publish] 
