[debug] PhaseRunner.scala:84 Success [id => @jupyterlab/console, phase => typescript] 
[debug] PhaseRunner.scala:84 Success [id => @jupyterlab/console, phase => typescript] 
[debug] PhaseRunner.scala:84 Success [id => @jupyterlab/console, phase => typescript] 
[debug] PhaseRunner.scala:84 Success [id => @jupyterlab/console, phase => typescript] 
[debug] PhaseRunner.scala:84 Success [id => @jupyterlab/console, phase => typescript] 
[debug] PhaseRunner.scala:84 Success [id => @jupyterlab/console, phase => typescript] 
[info ] Phase1ReadTypescript.scala:171 Preprocessing TsHelperFile(InFile(/home/tso/tmp/tso-cache/npm/node_modules/@jupyterlab/console/lib/foreign.d.ts),FromFolder(InFolder(/home/tso/tmp/tso-cache/npm/node_modules/@jupyterlab/console),TsIdentLibraryScoped(jupyterlab,Some(console))),TsIdentModule(Some(jupyterlab),List(console, lib, foreign))) [id => @jupyterlab/console, phase => typescript] 
[info ] InferredDefaultModule.scala:39 Inferred module TsIdentModule(Some(jupyterlab),List(console, lib, foreign)) [id => @jupyterlab/console, phase => typescript] 
[info ] Phase1ReadTypescript.scala:171 Preprocessing TsHelperFile(InFile(/home/tso/tmp/tso-cache/npm/node_modules/@jupyterlab/console/lib/history.d.ts),FromFolder(InFolder(/home/tso/tmp/tso-cache/npm/node_modules/@jupyterlab/console),TsIdentLibraryScoped(jupyterlab,Some(console))),TsIdentModule(Some(jupyterlab),List(console, lib, history))) [id => @jupyterlab/console, phase => typescript] 
[info ] InferredDefaultModule.scala:39 Inferred module TsIdentModule(Some(jupyterlab),List(console, lib, history)) [id => @jupyterlab/console, phase => typescript] 
[info ] Phase1ReadTypescript.scala:171 Preprocessing TsHelperFile(InFile(/home/tso/tmp/tso-cache/npm/node_modules/@jupyterlab/console/lib/index.d.ts),FromFolder(InFolder(/home/tso/tmp/tso-cache/npm/node_modules/@jupyterlab/console),TsIdentLibraryScoped(jupyterlab,Some(console))),TsIdentModule(Some(jupyterlab),List(console))) [id => @jupyterlab/console, phase => typescript] 
[info ] InferredDefaultModule.scala:39 Inferred module TsIdentModule(Some(jupyterlab),List(console)) [id => @jupyterlab/console, phase => typescript] 
[info ] Phase1ReadTypescript.scala:171 Preprocessing TsHelperFile(InFile(/home/tso/tmp/tso-cache/npm/node_modules/@jupyterlab/console/lib/panel.d.ts),FromFolder(InFolder(/home/tso/tmp/tso-cache/npm/node_modules/@jupyterlab/console),TsIdentLibraryScoped(jupyterlab,Some(console))),TsIdentModule(Some(jupyterlab),List(console, lib, panel))) [id => @jupyterlab/console, phase => typescript] 
[info ] InferredDefaultModule.scala:39 Inferred module TsIdentModule(Some(jupyterlab),List(console, lib, panel)) [id => @jupyterlab/console, phase => typescript] 
[info ] Phase1ReadTypescript.scala:171 Preprocessing TsHelperFile(InFile(/home/tso/tmp/tso-cache/npm/node_modules/@jupyterlab/console/lib/tokens.d.ts),FromFolder(InFolder(/home/tso/tmp/tso-cache/npm/node_modules/@jupyterlab/console),TsIdentLibraryScoped(jupyterlab,Some(console))),TsIdentModule(Some(jupyterlab),List(console, lib, tokens))) [id => @jupyterlab/console, phase => typescript] 
[info ] InferredDefaultModule.scala:39 Inferred module TsIdentModule(Some(jupyterlab),List(console, lib, tokens)) [id => @jupyterlab/console, phase => typescript] 
[info ] Phase1ReadTypescript.scala:171 Preprocessing TsHelperFile(InFile(/home/tso/tmp/tso-cache/npm/node_modules/@jupyterlab/console/lib/widget.d.ts),FromFolder(InFolder(/home/tso/tmp/tso-cache/npm/node_modules/@jupyterlab/console),TsIdentLibraryScoped(jupyterlab,Some(console))),TsIdentModule(Some(jupyterlab),List(console, lib, widget))) [id => @jupyterlab/console, phase => typescript] 
[info ] InferredDefaultModule.scala:39 Inferred module TsIdentModule(Some(jupyterlab),List(console, lib, widget)) [id => @jupyterlab/console, phase => typescript] 
[warn ] Phase1ReadTypescript.scala:191 Processing TsIdentLibraryScoped(jupyterlab,Some(console)) [id => @jupyterlab/console, phase => typescript] 
[warn ] QualifyReferences.scala:32 Couldn't qualify CodeEditor.IEditor [id => @jupyterlab/console, phase => typescript, scope => TreeScope(TsParsedFile() / TsDeclModule(@jupyterlab/console/lib/history) / TsExport() / TsExporteeTree() / TsDeclInterface(IConsoleHistory) / TsMemberProperty(editor) / TsTypeUnion() / TsTypeRef())] 
[warn ] QualifyReferences.scala:32 Couldn't qualify CodeEditor.IEditor [id => @jupyterlab/console, phase => typescript, scope => TreeScope(TsParsedFile() / TsDeclModule(@jupyterlab/console/lib/history) / TsExport() / TsExporteeTree() / TsDeclClass(ConsoleHistory) / TsMemberProperty(editor) / TsTypeUnion() / TsTypeRef())] 
[warn ] QualifyReferences.scala:32 Couldn't qualify CodeEditor.IEditor [id => @jupyterlab/console, phase => typescript, scope => TreeScope(TsParsedFile() / TsDeclModule(@jupyterlab/console/lib/history) / TsExport() / TsExporteeTree() / TsDeclClass(ConsoleHistory) / TsMemberFunction(onEdgeRequest) / TsFunSig() / TsFunParam() / TsTypeRef())] 
[warn ] QualifyReferences.scala:32 Couldn't qualify CodeEditor.EdgeLocation [id => @jupyterlab/console, phase => typescript, scope => TreeScope(TsParsedFile() / TsDeclModule(@jupyterlab/console/lib/history) / TsExport() / TsExporteeTree() / TsDeclClass(ConsoleHistory) / TsMemberFunction(onEdgeRequest) / TsFunSig() / TsFunParam() / TsTypeRef())] 
[warn ] QualifyReferences.scala:32 Couldn't qualify IEditorMimeTypeService [id => @jupyterlab/console, phase => typescript, scope => TreeScope(TsParsedFile() / TsDeclModule(@jupyterlab/console/lib/panel) / TsExport() / TsExporteeTree() / TsDeclNamespace(ConsolePanel) / TsDeclInterface(IOptions) / TsMemberProperty(mimeTypeService) / TsTypeRef())] 
[warn ] QualifyReferences.scala:32 Couldn't qualify IEditorMimeTypeService [id => @jupyterlab/console, phase => typescript, scope => TreeScope(TsParsedFile() / TsDeclModule(@jupyterlab/console/lib/widget) / TsExport() / TsExporteeTree() / TsDeclNamespace(CodeConsole) / TsDeclInterface(IOptions) / TsMemberProperty(mimeTypeService) / TsTypeRef())] 
[info ] PreferTypeAlias.scala:55 Simplified to type alias [id => @jupyterlab/console, phase => typescript, scope => TreeScope(TsParsedFile() / TsDeclModule(@jupyterlab/console/lib/panel) / TsDeclNamespace(ConsolePanel) / TsDeclNamespace(ContentFactory) / TsDeclInterface(IOptions))] 
[info ] PreferTypeAlias.scala:55 Simplified to type alias [id => @jupyterlab/console, phase => typescript, scope => TreeScope(TsParsedFile() / TsDeclModule(@jupyterlab/console/lib/tokens) / TsDeclInterface(IConsoleTracker))] 
[info ] PreferTypeAlias.scala:55 Simplified to type alias [id => @jupyterlab/console, phase => typescript, scope => TreeScope(TsParsedFile() / TsDeclModule(@jupyterlab/console/lib/widget) / TsDeclNamespace(CodeConsole) / TsDeclNamespace(ContentFactory) / TsDeclInterface(IOptions))] 
[debug] PhaseRunner.scala:84 Success [id => @jupyterlab/console, phase => typescript] 
[warn ] Phase2ToScalaJs.scala:42 Processing @jupyterlab/console [id => @jupyterlab/console, phase => scala.js] 
[info ] InferMemberOverrides.scala:83 added override methods List(Name(createInputPrompt), Name(createOutputPrompt), Name(createCellHeader), Name(createStdin), Name(createCellFooter)) [id => @jupyterlab/console, phase => scala.js, this => Name(atJupyterlabConsoleLib) / Name(libWidgetMod) / Name(CodeConsoleNs) / Name(ContentFactory)] 
[info ] InferMemberOverrides.scala:83 added override methods List(Name(createInputPrompt), Name(createOutputPrompt), Name(createCellHeader), Name(createStdin), Name(createCellFooter)) [id => @jupyterlab/console, phase => scala.js, this => Name(atJupyterlabConsoleLib) / Name(libPanelMod) / Name(ConsolePanelNs) / Name(ContentFactory)] 
[info ] CompleteClass.scala:65 Completed implementations Vector(isDisposed, dispose) [id => @jupyterlab/console, phase => scala.js, this => Name(atJupyterlabConsoleLib) / Name(libForeignMod) / Name(ForeignHandler)] 
[info ] CompleteClass.scala:65 Completed implementations Vector(session, placeholder, editor, push, forward, back, reset, isDisposed, dispose) [id => @jupyterlab/console, phase => scala.js, this => Name(atJupyterlabConsoleLib) / Name(libHistoryMod) / Name(ConsoleHistory)] 
[info ] CompleteClass.scala:65 Completed implementations Vector(createRawCell, createCodeCell, editorFactory, createConsole) [id => @jupyterlab/console, phase => scala.js, this => Name(atJupyterlabConsoleLib) / Name(libPanelMod) / Name(ConsolePanelNs) / Name(ContentFactory)] 
[info ] CompleteClass.scala:65 Completed implementations Vector(createRawCell, createCodeCell, editorFactory) [id => @jupyterlab/console, phase => scala.js, this => Name(atJupyterlabConsoleLib) / Name(libWidgetMod) / Name(CodeConsoleNs) / Name(ContentFactory)] 
[debug] PhaseRunner.scala:84 Success [id => @jupyterlab/console, phase => scala.js] 
[warn ] PhaseRunner.scala:70 Failed because of, [@jupyterlab/services => Compilation failed] [id => @jupyterlab/console, phase => build] 
[error] PhaseRunner.scala:88 Failure, [@jupyterlab/services => Compilation failed] [id => @jupyterlab/console, phase => build] 
[error] PhaseRunner.scala:88 Failure, [@jupyterlab/services => Compilation failed] [id => @jupyterlab/console, phase => publish] 
