[debug] PhaseRunner.scala:84 Success [id => @jupyterlab/settingeditor, phase => typescript] 
[debug] PhaseRunner.scala:84 Success [id => @jupyterlab/settingeditor, phase => typescript] 
[debug] PhaseRunner.scala:84 Success [id => @jupyterlab/settingeditor, phase => typescript] 
[info ] Phase1ReadTypescript.scala:171 Preprocessing TsHelperFile(InFile(/home/tso/tmp/tso-cache/npm/node_modules/@jupyterlab/settingeditor/lib/index.d.ts),FromFolder(InFolder(/home/tso/tmp/tso-cache/npm/node_modules/@jupyterlab/settingeditor),TsIdentLibraryScoped(jupyterlab,Some(settingeditor))),TsIdentModule(Some(jupyterlab),List(settingeditor))) [id => @jupyterlab/settingeditor, phase => typescript] 
[info ] InferredDefaultModule.scala:39 Inferred module TsIdentModule(Some(jupyterlab),List(settingeditor)) [id => @jupyterlab/settingeditor, phase => typescript] 
[info ] Phase1ReadTypescript.scala:171 Preprocessing TsHelperFile(InFile(/home/tso/tmp/tso-cache/npm/node_modules/@jupyterlab/settingeditor/lib/settingeditor.d.ts),FromFolder(InFolder(/home/tso/tmp/tso-cache/npm/node_modules/@jupyterlab/settingeditor),TsIdentLibraryScoped(jupyterlab,Some(settingeditor))),TsIdentModule(Some(jupyterlab),List(settingeditor, lib, settingeditor))) [id => @jupyterlab/settingeditor, phase => typescript] 
[info ] InferredDefaultModule.scala:39 Inferred module TsIdentModule(Some(jupyterlab),List(settingeditor, lib, settingeditor)) [id => @jupyterlab/settingeditor, phase => typescript] 
[info ] Phase1ReadTypescript.scala:171 Preprocessing TsHelperFile(InFile(/home/tso/tmp/tso-cache/npm/node_modules/@jupyterlab/settingeditor/lib/tokens.d.ts),FromFolder(InFolder(/home/tso/tmp/tso-cache/npm/node_modules/@jupyterlab/settingeditor),TsIdentLibraryScoped(jupyterlab,Some(settingeditor))),TsIdentModule(Some(jupyterlab),List(settingeditor, lib, tokens))) [id => @jupyterlab/settingeditor, phase => typescript] 
[info ] InferredDefaultModule.scala:39 Inferred module TsIdentModule(Some(jupyterlab),List(settingeditor, lib, tokens)) [id => @jupyterlab/settingeditor, phase => typescript] 
[warn ] Phase1ReadTypescript.scala:190 Processing TsIdentLibraryScoped(jupyterlab,Some(settingeditor)) [id => @jupyterlab/settingeditor, phase => typescript] 
[warn ] QualifyReferences.scala:32 Couldn't qualify CodeEditor.IEditor [id => @jupyterlab/settingeditor, phase => typescript, scope => TreeScope(TsParsedFile() / TsDeclModule(@jupyterlab/settingeditor/lib/settingeditor) / TsExport() / TsExporteeTree() / TsDeclClass(SettingEditor) / TsMemberProperty(source) / TsTypeRef())] 
[warn ] QualifyReferences.scala:32 Couldn't qualify CodeEditor.Factory [id => @jupyterlab/settingeditor, phase => typescript, scope => TreeScope(TsParsedFile() / TsDeclModule(@jupyterlab/settingeditor/lib/settingeditor) / TsExport() / TsExporteeTree() / TsDeclNamespace(SettingEditor) / TsDeclInterface(IOptions) / TsMemberProperty(editorFactory) / TsTypeRef())] 
[info ] PreferTypeAlias.scala:55 Simplified to type alias [id => @jupyterlab/settingeditor, phase => typescript, scope => TreeScope(TsParsedFile() / TsDeclModule(@jupyterlab/settingeditor/lib/tokens) / TsDeclInterface(ISettingEditorTracker))] 
[info ] ExtractInterfaces.scala:41 Extracted anonymous interface TsIdentSimple(Anon_Registry) [id => @jupyterlab/settingeditor, phase => typescript, scope => TreeScope(TsParsedFile() / TsDeclModule(@jupyterlab/settingeditor/lib/settingeditor) / TsDeclNamespace(SettingEditor) / TsDeclInterface(IOptions) / TsMemberProperty(commands) / TsTypeObject())] 
[debug] PhaseRunner.scala:84 Success [id => @jupyterlab/settingeditor, phase => typescript] 
[warn ] Phase2ToScalaJs.scala:42 Processing @jupyterlab/settingeditor [id => @jupyterlab/settingeditor, phase => scala.js] 
[debug] PhaseRunner.scala:84 Success [id => @jupyterlab/settingeditor, phase => scala.js] 
[warn ] PhaseRunner.scala:70 Failed because of, [@jupyterlab/services => Compilation failed] [id => @jupyterlab/settingeditor, phase => build] 
[error] PhaseRunner.scala:88 Failure, [@jupyterlab/services => Compilation failed] [id => @jupyterlab/settingeditor, phase => build] 
[error] PhaseRunner.scala:88 Failure, [@jupyterlab/services => Compilation failed] [id => @jupyterlab/settingeditor, phase => publish] 
