[debug] PhaseRunner.scala:84 Success [id => @jupyterlab/mainmenu, phase => typescript] 
[debug] PhaseRunner.scala:84 Success [id => @jupyterlab/mainmenu, phase => typescript] 
[debug] PhaseRunner.scala:84 Success [id => @jupyterlab/mainmenu, phase => typescript] 
[debug] PhaseRunner.scala:84 Success [id => @jupyterlab/mainmenu, phase => typescript] 
[debug] PhaseRunner.scala:84 Success [id => @jupyterlab/mainmenu, phase => typescript] 
[debug] PhaseRunner.scala:84 Success [id => @jupyterlab/mainmenu, phase => typescript] 
[debug] PhaseRunner.scala:84 Success [id => @jupyterlab/mainmenu, phase => typescript] 
[debug] PhaseRunner.scala:84 Success [id => @jupyterlab/mainmenu, phase => typescript] 
[debug] PhaseRunner.scala:84 Success [id => @jupyterlab/mainmenu, phase => typescript] 
[debug] PhaseRunner.scala:84 Success [id => @jupyterlab/mainmenu, phase => typescript] 
[debug] PhaseRunner.scala:84 Success [id => @jupyterlab/mainmenu, phase => typescript] 
[debug] PhaseRunner.scala:84 Success [id => @jupyterlab/mainmenu, phase => typescript] 
[info ] Phase1ReadTypescript.scala:171 Preprocessing TsHelperFile(InFile(/home/tso/tmp/tso-cache/npm/node_modules/@jupyterlab/mainmenu/lib/edit.d.ts),FromFolder(InFolder(/home/tso/tmp/tso-cache/npm/node_modules/@jupyterlab/mainmenu),TsIdentLibraryScoped(jupyterlab,Some(mainmenu))),TsIdentModule(Some(jupyterlab),List(mainmenu, lib, edit))) [id => @jupyterlab/mainmenu, phase => typescript] 
[info ] InferredDefaultModule.scala:39 Inferred module TsIdentModule(Some(jupyterlab),List(mainmenu, lib, edit)) [id => @jupyterlab/mainmenu, phase => typescript] 
[info ] Phase1ReadTypescript.scala:171 Preprocessing TsHelperFile(InFile(/home/tso/tmp/tso-cache/npm/node_modules/@jupyterlab/mainmenu/lib/file.d.ts),FromFolder(InFolder(/home/tso/tmp/tso-cache/npm/node_modules/@jupyterlab/mainmenu),TsIdentLibraryScoped(jupyterlab,Some(mainmenu))),TsIdentModule(Some(jupyterlab),List(mainmenu, lib, file))) [id => @jupyterlab/mainmenu, phase => typescript] 
[info ] InferredDefaultModule.scala:39 Inferred module TsIdentModule(Some(jupyterlab),List(mainmenu, lib, file)) [id => @jupyterlab/mainmenu, phase => typescript] 
[info ] Phase1ReadTypescript.scala:171 Preprocessing TsHelperFile(InFile(/home/tso/tmp/tso-cache/npm/node_modules/@jupyterlab/mainmenu/lib/help.d.ts),FromFolder(InFolder(/home/tso/tmp/tso-cache/npm/node_modules/@jupyterlab/mainmenu),TsIdentLibraryScoped(jupyterlab,Some(mainmenu))),TsIdentModule(Some(jupyterlab),List(mainmenu, lib, help))) [id => @jupyterlab/mainmenu, phase => typescript] 
[info ] InferredDefaultModule.scala:39 Inferred module TsIdentModule(Some(jupyterlab),List(mainmenu, lib, help)) [id => @jupyterlab/mainmenu, phase => typescript] 
[info ] Phase1ReadTypescript.scala:171 Preprocessing TsHelperFile(InFile(/home/tso/tmp/tso-cache/npm/node_modules/@jupyterlab/mainmenu/lib/index.d.ts),FromFolder(InFolder(/home/tso/tmp/tso-cache/npm/node_modules/@jupyterlab/mainmenu),TsIdentLibraryScoped(jupyterlab,Some(mainmenu))),TsIdentModule(Some(jupyterlab),List(mainmenu))) [id => @jupyterlab/mainmenu, phase => typescript] 
[info ] InferredDefaultModule.scala:39 Inferred module TsIdentModule(Some(jupyterlab),List(mainmenu)) [id => @jupyterlab/mainmenu, phase => typescript] 
[info ] Phase1ReadTypescript.scala:171 Preprocessing TsHelperFile(InFile(/home/tso/tmp/tso-cache/npm/node_modules/@jupyterlab/mainmenu/lib/kernel.d.ts),FromFolder(InFolder(/home/tso/tmp/tso-cache/npm/node_modules/@jupyterlab/mainmenu),TsIdentLibraryScoped(jupyterlab,Some(mainmenu))),TsIdentModule(Some(jupyterlab),List(mainmenu, lib, kernel))) [id => @jupyterlab/mainmenu, phase => typescript] 
[info ] InferredDefaultModule.scala:39 Inferred module TsIdentModule(Some(jupyterlab),List(mainmenu, lib, kernel)) [id => @jupyterlab/mainmenu, phase => typescript] 
[info ] Phase1ReadTypescript.scala:171 Preprocessing TsHelperFile(InFile(/home/tso/tmp/tso-cache/npm/node_modules/@jupyterlab/mainmenu/lib/labmenu.d.ts),FromFolder(InFolder(/home/tso/tmp/tso-cache/npm/node_modules/@jupyterlab/mainmenu),TsIdentLibraryScoped(jupyterlab,Some(mainmenu))),TsIdentModule(Some(jupyterlab),List(mainmenu, lib, labmenu))) [id => @jupyterlab/mainmenu, phase => typescript] 
[info ] InferredDefaultModule.scala:39 Inferred module TsIdentModule(Some(jupyterlab),List(mainmenu, lib, labmenu)) [id => @jupyterlab/mainmenu, phase => typescript] 
[info ] Phase1ReadTypescript.scala:171 Preprocessing TsHelperFile(InFile(/home/tso/tmp/tso-cache/npm/node_modules/@jupyterlab/mainmenu/lib/mainmenu.d.ts),FromFolder(InFolder(/home/tso/tmp/tso-cache/npm/node_modules/@jupyterlab/mainmenu),TsIdentLibraryScoped(jupyterlab,Some(mainmenu))),TsIdentModule(Some(jupyterlab),List(mainmenu, lib, mainmenu))) [id => @jupyterlab/mainmenu, phase => typescript] 
[info ] InferredDefaultModule.scala:39 Inferred module TsIdentModule(Some(jupyterlab),List(mainmenu, lib, mainmenu)) [id => @jupyterlab/mainmenu, phase => typescript] 
[info ] Phase1ReadTypescript.scala:171 Preprocessing TsHelperFile(InFile(/home/tso/tmp/tso-cache/npm/node_modules/@jupyterlab/mainmenu/lib/run.d.ts),FromFolder(InFolder(/home/tso/tmp/tso-cache/npm/node_modules/@jupyterlab/mainmenu),TsIdentLibraryScoped(jupyterlab,Some(mainmenu))),TsIdentModule(Some(jupyterlab),List(mainmenu, lib, run))) [id => @jupyterlab/mainmenu, phase => typescript] 
[info ] InferredDefaultModule.scala:39 Inferred module TsIdentModule(Some(jupyterlab),List(mainmenu, lib, run)) [id => @jupyterlab/mainmenu, phase => typescript] 
[info ] Phase1ReadTypescript.scala:171 Preprocessing TsHelperFile(InFile(/home/tso/tmp/tso-cache/npm/node_modules/@jupyterlab/mainmenu/lib/settings.d.ts),FromFolder(InFolder(/home/tso/tmp/tso-cache/npm/node_modules/@jupyterlab/mainmenu),TsIdentLibraryScoped(jupyterlab,Some(mainmenu))),TsIdentModule(Some(jupyterlab),List(mainmenu, lib, settings))) [id => @jupyterlab/mainmenu, phase => typescript] 
[info ] InferredDefaultModule.scala:39 Inferred module TsIdentModule(Some(jupyterlab),List(mainmenu, lib, settings)) [id => @jupyterlab/mainmenu, phase => typescript] 
[info ] Phase1ReadTypescript.scala:171 Preprocessing TsHelperFile(InFile(/home/tso/tmp/tso-cache/npm/node_modules/@jupyterlab/mainmenu/lib/tabs.d.ts),FromFolder(InFolder(/home/tso/tmp/tso-cache/npm/node_modules/@jupyterlab/mainmenu),TsIdentLibraryScoped(jupyterlab,Some(mainmenu))),TsIdentModule(Some(jupyterlab),List(mainmenu, lib, tabs))) [id => @jupyterlab/mainmenu, phase => typescript] 
[info ] InferredDefaultModule.scala:39 Inferred module TsIdentModule(Some(jupyterlab),List(mainmenu, lib, tabs)) [id => @jupyterlab/mainmenu, phase => typescript] 
[info ] Phase1ReadTypescript.scala:171 Preprocessing TsHelperFile(InFile(/home/tso/tmp/tso-cache/npm/node_modules/@jupyterlab/mainmenu/lib/tokens.d.ts),FromFolder(InFolder(/home/tso/tmp/tso-cache/npm/node_modules/@jupyterlab/mainmenu),TsIdentLibraryScoped(jupyterlab,Some(mainmenu))),TsIdentModule(Some(jupyterlab),List(mainmenu, lib, tokens))) [id => @jupyterlab/mainmenu, phase => typescript] 
[info ] InferredDefaultModule.scala:39 Inferred module TsIdentModule(Some(jupyterlab),List(mainmenu, lib, tokens)) [id => @jupyterlab/mainmenu, phase => typescript] 
[info ] Phase1ReadTypescript.scala:171 Preprocessing TsHelperFile(InFile(/home/tso/tmp/tso-cache/npm/node_modules/@jupyterlab/mainmenu/lib/view.d.ts),FromFolder(InFolder(/home/tso/tmp/tso-cache/npm/node_modules/@jupyterlab/mainmenu),TsIdentLibraryScoped(jupyterlab,Some(mainmenu))),TsIdentModule(Some(jupyterlab),List(mainmenu, lib, view))) [id => @jupyterlab/mainmenu, phase => typescript] 
[info ] InferredDefaultModule.scala:39 Inferred module TsIdentModule(Some(jupyterlab),List(mainmenu, lib, view)) [id => @jupyterlab/mainmenu, phase => typescript] 
[warn ] Phase1ReadTypescript.scala:190 Processing TsIdentLibraryScoped(jupyterlab,Some(mainmenu)) [id => @jupyterlab/mainmenu, phase => typescript] 
[info ] PreferTypeAlias.scala:55 Simplified to type alias [id => @jupyterlab/mainmenu, phase => typescript, scope => TreeScope(TsParsedFile() / TsDeclModule(@jupyterlab/mainmenu/lib/settings) / TsDeclInterface(ISettingsMenu))] 
[info ] PreferTypeAlias.scala:55 Simplified to type alias [id => @jupyterlab/mainmenu, phase => typescript, scope => TreeScope(TsParsedFile() / TsDeclModule(@jupyterlab/mainmenu/lib/tabs) / TsDeclInterface(ITabsMenu))] 
[debug] PhaseRunner.scala:84 Success [id => @jupyterlab/mainmenu, phase => typescript] 
[warn ] Phase2ToScalaJs.scala:42 Processing @jupyterlab/mainmenu [id => @jupyterlab/mainmenu, phase => scala.js] 
[info ] RemoveMultipleInheritance.scala:44 Dropped parents 
- atJupyterlabMainmenuLib.libTabsMod.ITabsMenu because Already inherited [id => @jupyterlab/mainmenu, phase => scala.js, this => Name(atJupyterlabMainmenuLib) / Name(libTabsMod) / Name(TabsMenu)] 
[info ] RemoveMultipleInheritance.scala:44 Dropped parents 
- atJupyterlabMainmenuLib.libSettingsMod.ISettingsMenu because Already inherited [id => @jupyterlab/mainmenu, phase => scala.js, this => Name(atJupyterlabMainmenuLib) / Name(libSettingsMod) / Name(SettingsMenu)] 
[info ] InferMemberOverrides.scala:83 added override methods List(Name(dispose), Name(processMessage)) [id => @jupyterlab/mainmenu, phase => scala.js, this => Name(atJupyterlabMainmenuLib) / Name(libMainmenuMod) / Name(MainMenu)] 
[info ] CompleteClass.scala:65 Completed implementations Vector(isDisposed, dispose) [id => @jupyterlab/mainmenu, phase => scala.js, this => Name(atJupyterlabMainmenuLib) / Name(libEditMod) / Name(EditMenu)] 
[info ] CompleteClass.scala:65 Completed implementations Vector(isDisposed, dispose) [id => @jupyterlab/mainmenu, phase => scala.js, this => Name(atJupyterlabMainmenuLib) / Name(libFileMod) / Name(FileMenu)] 
[info ] CompleteClass.scala:65 Completed implementations Vector(isDisposed, dispose) [id => @jupyterlab/mainmenu, phase => scala.js, this => Name(atJupyterlabMainmenuLib) / Name(libHelpMod) / Name(HelpMenu)] 
[info ] CompleteClass.scala:65 Completed implementations Vector(isDisposed, dispose) [id => @jupyterlab/mainmenu, phase => scala.js, this => Name(atJupyterlabMainmenuLib) / Name(libKernelMod) / Name(KernelMenu)] 
[info ] CompleteClass.scala:65 Completed implementations Vector(isDisposed, dispose) [id => @jupyterlab/mainmenu, phase => scala.js, this => Name(atJupyterlabMainmenuLib) / Name(libLabmenuMod) / Name(JupyterLabMenu)] 
[info ] CompleteClass.scala:65 Completed implementations Vector(isDisposed, dispose) [id => @jupyterlab/mainmenu, phase => scala.js, this => Name(atJupyterlabMainmenuLib) / Name(libRunMod) / Name(RunMenu)] 
[info ] CompleteClass.scala:65 Completed implementations Vector(isDisposed, dispose) [id => @jupyterlab/mainmenu, phase => scala.js, this => Name(atJupyterlabMainmenuLib) / Name(libViewMod) / Name(ViewMenu)] 
[debug] PhaseRunner.scala:84 Success [id => @jupyterlab/mainmenu, phase => scala.js] 
[warn ] PhaseRunner.scala:70 Failed because of, [@jupyterlab/services => Compilation failed] [id => @jupyterlab/mainmenu, phase => build] 
[error] PhaseRunner.scala:88 Failure, [@jupyterlab/services => Compilation failed] [id => @jupyterlab/mainmenu, phase => build] 
[error] PhaseRunner.scala:88 Failure, [@jupyterlab/services => Compilation failed] [id => @jupyterlab/mainmenu, phase => publish] 
