[info ] InferredDependency.scala:20 Inferred dependencies Set(TsIdentLibrarySimple(node)) for TsIdentLibrarySimple(knex) [id => knex, phase => typescript, file => ../types/knex/index.d.ts] 
[debug] PhaseRunner.scala:78 Success [id => knex, phase => typescript] 
[info ] Phase1ReadTypescript.scala:152 Preprocessing TsHelperFile(InFile(/home/tso/tmp/tso-cache/DefinitelyTyped/types/knex/index.d.ts),FromFolder(InFolder(/home/tso/tmp/tso-cache/DefinitelyTyped/types/knex),TsIdentLibrarySimple(knex)),TsIdentModule(None,List(knex))) [id => knex, phase => typescript] 
[info ] InferredDefaultModule.scala:39 Inferred module TsIdentModule(None,List(knex)) [id => knex, phase => typescript] 
[warn ] Phase1ReadTypescript.scala:190 Processing TsIdentLibrarySimple(knex) [id => knex, phase => typescript] 
[warn ] QualifyReferences.scala:47 Couldn't qualify TsTypeRef(TsQIdent(List(TsIdentSimple(Knex), TsIdentSimple(Raw))),List()), defaulting to any [id => knex, phase => typescript, scope => TreeScope(TsParsedFile() / TsDeclTypeAlias(Value) / TsTypeUnion() / TsTypeRef())] 
[warn ] QualifyReferences.scala:47 Couldn't qualify TsTypeRef(TsQIdent(List(TsIdentSimple(Knex), TsIdentSimple(Raw))),List()), defaulting to any [id => knex, phase => typescript, scope => TreeScope(TsParsedFile() / TsDeclTypeAlias(ColumnName) / TsTypeUnion() / TsTypeRef())] 
[warn ] QualifyReferences.scala:47 Couldn't qualify TsTypeRef(TsQIdent(List(TsIdentSimple(Knex), TsIdentSimple(QueryBuilder))),List()), defaulting to any [id => knex, phase => typescript, scope => TreeScope(TsParsedFile() / TsDeclTypeAlias(ColumnName) / TsTypeUnion() / TsTypeRef())] 
[warn ] QualifyReferences.scala:47 Couldn't qualify TsTypeRef(TsQIdent(List(TsIdentSimple(Knex), TsIdentSimple(Raw))),List()), defaulting to any [id => knex, phase => typescript, scope => TreeScope(TsParsedFile() / TsDeclTypeAlias(TableName) / TsTypeUnion() / TsTypeRef())] 
[warn ] QualifyReferences.scala:47 Couldn't qualify TsTypeRef(TsQIdent(List(TsIdentSimple(Knex), TsIdentSimple(QueryBuilder))),List()), defaulting to any [id => knex, phase => typescript, scope => TreeScope(TsParsedFile() / TsDeclTypeAlias(TableName) / TsTypeUnion() / TsTypeRef())] 
[info ] ResolveTypeQueries.scala:94 Resolved TsTypeQuery(TsQIdent(List(TsIdentLibrarySimple(knex), TsIdentModule(None,List(knex)), TsIdentNamespace(Knex), TsIdentSimple(Client)))) [id => knex, phase => typescript, scope => TreeScope(TsParsedFile() / TsDeclModule(knex) / TsDeclNamespace(Knex) / TsDeclInterface(Config) / TsMemberProperty(client) / TsTypeUnion() / TsTypeQuery())] 
[info ] ExpandCallables.scala:57 Expanded raw into 3 methods [id => knex, phase => typescript, scope => TreeScope(TsParsedFile() / TsDeclModule(knex) / TsDeclInterface(Knex))] 
[info ] ExpandCallables.scala:57 Expanded select into 3 methods [id => knex, phase => typescript, scope => TreeScope(TsParsedFile() / TsDeclModule(knex) / TsDeclNamespace(Knex) / TsDeclInterface(QueryInterface))] 
[info ] ExpandCallables.scala:57 Expanded as into 1 methods [id => knex, phase => typescript, scope => TreeScope(TsParsedFile() / TsDeclModule(knex) / TsDeclNamespace(Knex) / TsDeclInterface(QueryInterface))] 
[info ] ExpandCallables.scala:57 Expanded columns into 3 methods [id => knex, phase => typescript, scope => TreeScope(TsParsedFile() / TsDeclModule(knex) / TsDeclNamespace(Knex) / TsDeclInterface(QueryInterface))] 
[info ] ExpandCallables.scala:57 Expanded column into 3 methods [id => knex, phase => typescript, scope => TreeScope(TsParsedFile() / TsDeclModule(knex) / TsDeclNamespace(Knex) / TsDeclInterface(QueryInterface))] 
[info ] ExpandCallables.scala:57 Expanded from into 1 methods [id => knex, phase => typescript, scope => TreeScope(TsParsedFile() / TsDeclModule(knex) / TsDeclNamespace(Knex) / TsDeclInterface(QueryInterface))] 
[info ] ExpandCallables.scala:57 Expanded into into 1 methods [id => knex, phase => typescript, scope => TreeScope(TsParsedFile() / TsDeclModule(knex) / TsDeclNamespace(Knex) / TsDeclInterface(QueryInterface))] 
[info ] ExpandCallables.scala:57 Expanded table into 1 methods [id => knex, phase => typescript, scope => TreeScope(TsParsedFile() / TsDeclModule(knex) / TsDeclNamespace(Knex) / TsDeclInterface(QueryInterface))] 
[info ] ExpandCallables.scala:57 Expanded join into 7 methods [id => knex, phase => typescript, scope => TreeScope(TsParsedFile() / TsDeclModule(knex) / TsDeclNamespace(Knex) / TsDeclInterface(QueryInterface))] 
[info ] ExpandCallables.scala:57 Expanded joinRaw into 1 methods [id => knex, phase => typescript, scope => TreeScope(TsParsedFile() / TsDeclModule(knex) / TsDeclNamespace(Knex) / TsDeclInterface(QueryInterface))] 
[info ] ExpandCallables.scala:57 Expanded innerJoin into 7 methods [id => knex, phase => typescript, scope => TreeScope(TsParsedFile() / TsDeclModule(knex) / TsDeclNamespace(Knex) / TsDeclInterface(QueryInterface))] 
[info ] ExpandCallables.scala:57 Expanded leftJoin into 7 methods [id => knex, phase => typescript, scope => TreeScope(TsParsedFile() / TsDeclModule(knex) / TsDeclNamespace(Knex) / TsDeclInterface(QueryInterface))] 
[info ] ExpandCallables.scala:57 Expanded leftOuterJoin into 7 methods [id => knex, phase => typescript, scope => TreeScope(TsParsedFile() / TsDeclModule(knex) / TsDeclNamespace(Knex) / TsDeclInterface(QueryInterface))] 
[info ] ExpandCallables.scala:57 Expanded rightJoin into 7 methods [id => knex, phase => typescript, scope => TreeScope(TsParsedFile() / TsDeclModule(knex) / TsDeclNamespace(Knex) / TsDeclInterface(QueryInterface))] 
[info ] ExpandCallables.scala:57 Expanded rightOuterJoin into 7 methods [id => knex, phase => typescript, scope => TreeScope(TsParsedFile() / TsDeclModule(knex) / TsDeclNamespace(Knex) / TsDeclInterface(QueryInterface))] 
[info ] ExpandCallables.scala:57 Expanded outerJoin into 7 methods [id => knex, phase => typescript, scope => TreeScope(TsParsedFile() / TsDeclModule(knex) / TsDeclNamespace(Knex) / TsDeclInterface(QueryInterface))] 
[info ] ExpandCallables.scala:57 Expanded fullOuterJoin into 7 methods [id => knex, phase => typescript, scope => TreeScope(TsParsedFile() / TsDeclModule(knex) / TsDeclNamespace(Knex) / TsDeclInterface(QueryInterface))] 
[info ] ExpandCallables.scala:57 Expanded crossJoin into 7 methods [id => knex, phase => typescript, scope => TreeScope(TsParsedFile() / TsDeclModule(knex) / TsDeclNamespace(Knex) / TsDeclInterface(QueryInterface))] 
[info ] ExpandCallables.scala:57 Expanded withRaw into 2 methods [id => knex, phase => typescript, scope => TreeScope(TsParsedFile() / TsDeclModule(knex) / TsDeclNamespace(Knex) / TsDeclInterface(QueryInterface))] 
[info ] ExpandCallables.scala:57 Expanded withSchema into 1 methods [id => knex, phase => typescript, scope => TreeScope(TsParsedFile() / TsDeclModule(knex) / TsDeclNamespace(Knex) / TsDeclInterface(QueryInterface))] 
[info ] ExpandCallables.scala:57 Expanded withWrapped into 2 methods [id => knex, phase => typescript, scope => TreeScope(TsParsedFile() / TsDeclModule(knex) / TsDeclNamespace(Knex) / TsDeclInterface(QueryInterface))] 
[info ] ExpandCallables.scala:57 Expanded where into 12 methods [id => knex, phase => typescript, scope => TreeScope(TsParsedFile() / TsDeclModule(knex) / TsDeclNamespace(Knex) / TsDeclInterface(QueryInterface))] 
[info ] ExpandCallables.scala:57 Expanded andWhere into 12 methods [id => knex, phase => typescript, scope => TreeScope(TsParsedFile() / TsDeclModule(knex) / TsDeclNamespace(Knex) / TsDeclInterface(QueryInterface))] 
[info ] ExpandCallables.scala:57 Expanded orWhere into 12 methods [id => knex, phase => typescript, scope => TreeScope(TsParsedFile() / TsDeclModule(knex) / TsDeclNamespace(Knex) / TsDeclInterface(QueryInterface))] 
[info ] ExpandCallables.scala:57 Expanded whereNot into 12 methods [id => knex, phase => typescript, scope => TreeScope(TsParsedFile() / TsDeclModule(knex) / TsDeclNamespace(Knex) / TsDeclInterface(QueryInterface))] 
[info ] ExpandCallables.scala:57 Expanded andWhereNot into 12 methods [id => knex, phase => typescript, scope => TreeScope(TsParsedFile() / TsDeclModule(knex) / TsDeclNamespace(Knex) / TsDeclInterface(QueryInterface))] 
[info ] ExpandCallables.scala:57 Expanded orWhereNot into 12 methods [id => knex, phase => typescript, scope => TreeScope(TsParsedFile() / TsDeclModule(knex) / TsDeclNamespace(Knex) / TsDeclInterface(QueryInterface))] 
[info ] ExpandCallables.scala:57 Expanded whereRaw into 4 methods [id => knex, phase => typescript, scope => TreeScope(TsParsedFile() / TsDeclModule(knex) / TsDeclNamespace(Knex) / TsDeclInterface(QueryInterface))] 
[info ] ExpandCallables.scala:57 Expanded orWhereRaw into 4 methods [id => knex, phase => typescript, scope => TreeScope(TsParsedFile() / TsDeclModule(knex) / TsDeclNamespace(Knex) / TsDeclInterface(QueryInterface))] 
[info ] ExpandCallables.scala:57 Expanded andWhereRaw into 4 methods [id => knex, phase => typescript, scope => TreeScope(TsParsedFile() / TsDeclModule(knex) / TsDeclNamespace(Knex) / TsDeclInterface(QueryInterface))] 
[info ] ExpandCallables.scala:57 Expanded whereWrapped into 1 methods [id => knex, phase => typescript, scope => TreeScope(TsParsedFile() / TsDeclModule(knex) / TsDeclNamespace(Knex) / TsDeclInterface(QueryInterface))] 
[info ] ExpandCallables.scala:57 Expanded havingWrapped into 1 methods [id => knex, phase => typescript, scope => TreeScope(TsParsedFile() / TsDeclModule(knex) / TsDeclNamespace(Knex) / TsDeclInterface(QueryInterface))] 
[info ] ExpandCallables.scala:57 Expanded whereExists into 2 methods [id => knex, phase => typescript, scope => TreeScope(TsParsedFile() / TsDeclModule(knex) / TsDeclNamespace(Knex) / TsDeclInterface(QueryInterface))] 
[info ] ExpandCallables.scala:57 Expanded orWhereExists into 2 methods [id => knex, phase => typescript, scope => TreeScope(TsParsedFile() / TsDeclModule(knex) / TsDeclNamespace(Knex) / TsDeclInterface(QueryInterface))] 
[info ] ExpandCallables.scala:57 Expanded whereNotExists into 2 methods [id => knex, phase => typescript, scope => TreeScope(TsParsedFile() / TsDeclModule(knex) / TsDeclNamespace(Knex) / TsDeclInterface(QueryInterface))] 
[info ] ExpandCallables.scala:57 Expanded orWhereNotExists into 2 methods [id => knex, phase => typescript, scope => TreeScope(TsParsedFile() / TsDeclModule(knex) / TsDeclNamespace(Knex) / TsDeclInterface(QueryInterface))] 
[info ] ExpandCallables.scala:57 Expanded whereIn into 2 methods [id => knex, phase => typescript, scope => TreeScope(TsParsedFile() / TsDeclModule(knex) / TsDeclNamespace(Knex) / TsDeclInterface(QueryInterface))] 
[info ] ExpandCallables.scala:57 Expanded orWhereIn into 2 methods [id => knex, phase => typescript, scope => TreeScope(TsParsedFile() / TsDeclModule(knex) / TsDeclNamespace(Knex) / TsDeclInterface(QueryInterface))] 
[info ] ExpandCallables.scala:57 Expanded whereNotIn into 2 methods [id => knex, phase => typescript, scope => TreeScope(TsParsedFile() / TsDeclModule(knex) / TsDeclNamespace(Knex) / TsDeclInterface(QueryInterface))] 
[info ] ExpandCallables.scala:57 Expanded orWhereNotIn into 2 methods [id => knex, phase => typescript, scope => TreeScope(TsParsedFile() / TsDeclModule(knex) / TsDeclNamespace(Knex) / TsDeclInterface(QueryInterface))] 
[info ] ExpandCallables.scala:57 Expanded whereNull into 1 methods [id => knex, phase => typescript, scope => TreeScope(TsParsedFile() / TsDeclModule(knex) / TsDeclNamespace(Knex) / TsDeclInterface(QueryInterface))] 
[info ] ExpandCallables.scala:57 Expanded orWhereNull into 1 methods [id => knex, phase => typescript, scope => TreeScope(TsParsedFile() / TsDeclModule(knex) / TsDeclNamespace(Knex) / TsDeclInterface(QueryInterface))] 
[info ] ExpandCallables.scala:57 Expanded whereNotNull into 1 methods [id => knex, phase => typescript, scope => TreeScope(TsParsedFile() / TsDeclModule(knex) / TsDeclNamespace(Knex) / TsDeclInterface(QueryInterface))] 
[info ] ExpandCallables.scala:57 Expanded orWhereNotNull into 1 methods [id => knex, phase => typescript, scope => TreeScope(TsParsedFile() / TsDeclModule(knex) / TsDeclNamespace(Knex) / TsDeclInterface(QueryInterface))] 
[info ] ExpandCallables.scala:57 Expanded whereBetween into 1 methods [id => knex, phase => typescript, scope => TreeScope(TsParsedFile() / TsDeclModule(knex) / TsDeclNamespace(Knex) / TsDeclInterface(QueryInterface))] 
[info ] ExpandCallables.scala:57 Expanded orWhereBetween into 1 methods [id => knex, phase => typescript, scope => TreeScope(TsParsedFile() / TsDeclModule(knex) / TsDeclNamespace(Knex) / TsDeclInterface(QueryInterface))] 
[info ] ExpandCallables.scala:57 Expanded andWhereBetween into 1 methods [id => knex, phase => typescript, scope => TreeScope(TsParsedFile() / TsDeclModule(knex) / TsDeclNamespace(Knex) / TsDeclInterface(QueryInterface))] 
[info ] ExpandCallables.scala:57 Expanded whereNotBetween into 1 methods [id => knex, phase => typescript, scope => TreeScope(TsParsedFile() / TsDeclModule(knex) / TsDeclNamespace(Knex) / TsDeclInterface(QueryInterface))] 
[info ] ExpandCallables.scala:57 Expanded orWhereNotBetween into 1 methods [id => knex, phase => typescript, scope => TreeScope(TsParsedFile() / TsDeclModule(knex) / TsDeclNamespace(Knex) / TsDeclInterface(QueryInterface))] 
[info ] ExpandCallables.scala:57 Expanded andWhereNotBetween into 1 methods [id => knex, phase => typescript, scope => TreeScope(TsParsedFile() / TsDeclModule(knex) / TsDeclNamespace(Knex) / TsDeclInterface(QueryInterface))] 
[info ] ExpandCallables.scala:57 Expanded groupByRaw into 3 methods [id => knex, phase => typescript, scope => TreeScope(TsParsedFile() / TsDeclModule(knex) / TsDeclNamespace(Knex) / TsDeclInterface(QueryInterface))] 
[info ] ExpandCallables.scala:57 Expanded orderBy into 1 methods [id => knex, phase => typescript, scope => TreeScope(TsParsedFile() / TsDeclModule(knex) / TsDeclNamespace(Knex) / TsDeclInterface(QueryInterface))] 
[info ] ExpandCallables.scala:57 Expanded orderByRaw into 3 methods [id => knex, phase => typescript, scope => TreeScope(TsParsedFile() / TsDeclModule(knex) / TsDeclNamespace(Knex) / TsDeclInterface(QueryInterface))] 
[info ] ExpandCallables.scala:57 Expanded union into 3 methods [id => knex, phase => typescript, scope => TreeScope(TsParsedFile() / TsDeclModule(knex) / TsDeclNamespace(Knex) / TsDeclInterface(QueryInterface))] 
[info ] ExpandCallables.scala:57 Expanded having into 5 methods [id => knex, phase => typescript, scope => TreeScope(TsParsedFile() / TsDeclModule(knex) / TsDeclNamespace(Knex) / TsDeclInterface(QueryInterface))] 
[info ] ExpandCallables.scala:57 Expanded andHaving into 5 methods [id => knex, phase => typescript, scope => TreeScope(TsParsedFile() / TsDeclModule(knex) / TsDeclNamespace(Knex) / TsDeclInterface(QueryInterface))] 
[info ] ExpandCallables.scala:57 Expanded havingRaw into 3 methods [id => knex, phase => typescript, scope => TreeScope(TsParsedFile() / TsDeclModule(knex) / TsDeclNamespace(Knex) / TsDeclInterface(QueryInterface))] 
[info ] ExpandCallables.scala:57 Expanded orHaving into 5 methods [id => knex, phase => typescript, scope => TreeScope(TsParsedFile() / TsDeclModule(knex) / TsDeclNamespace(Knex) / TsDeclInterface(QueryInterface))] 
[info ] ExpandCallables.scala:57 Expanded orHavingRaw into 3 methods [id => knex, phase => typescript, scope => TreeScope(TsParsedFile() / TsDeclModule(knex) / TsDeclNamespace(Knex) / TsDeclInterface(QueryInterface))] 
[info ] ExpandCallables.scala:57 Expanded havingIn into 1 methods [id => knex, phase => typescript, scope => TreeScope(TsParsedFile() / TsDeclModule(knex) / TsDeclNamespace(Knex) / TsDeclInterface(QueryInterface))] 
[info ] ExpandCallables.scala:57 Expanded first into 3 methods [id => knex, phase => typescript, scope => TreeScope(TsParsedFile() / TsDeclModule(knex) / TsDeclNamespace(Knex) / TsDeclInterface(QueryInterface))] 
[info ] PreferTypeAlias.scala:118 Simplified to function type alias [id => knex, phase => typescript, scope => TreeScope(TsParsedFile() / TsDeclModule(knex) / TsDeclNamespace(Knex) / TsDeclInterface(As))] 
[info ] PreferTypeAlias.scala:118 Simplified to function type alias [id => knex, phase => typescript, scope => TreeScope(TsParsedFile() / TsDeclModule(knex) / TsDeclNamespace(Knex) / TsDeclInterface(Table))] 
[info ] PreferTypeAlias.scala:112 Simplified to type alias [id => knex, phase => typescript, scope => TreeScope(TsParsedFile() / TsDeclModule(knex) / TsDeclNamespace(Knex) / TsDeclInterface(Distinct))] 
[info ] PreferTypeAlias.scala:118 Simplified to function type alias [id => knex, phase => typescript, scope => TreeScope(TsParsedFile() / TsDeclModule(knex) / TsDeclNamespace(Knex) / TsDeclInterface(JoinCallback))] 
[info ] PreferTypeAlias.scala:118 Simplified to function type alias [id => knex, phase => typescript, scope => TreeScope(TsParsedFile() / TsDeclModule(knex) / TsDeclNamespace(Knex) / TsDeclInterface(JoinRaw))] 
[info ] PreferTypeAlias.scala:118 Simplified to function type alias [id => knex, phase => typescript, scope => TreeScope(TsParsedFile() / TsDeclModule(knex) / TsDeclNamespace(Knex) / TsDeclInterface(WithSchema))] 
[info ] PreferTypeAlias.scala:118 Simplified to function type alias [id => knex, phase => typescript, scope => TreeScope(TsParsedFile() / TsDeclModule(knex) / TsDeclNamespace(Knex) / TsDeclInterface(WhereWrapped))] 
[info ] PreferTypeAlias.scala:118 Simplified to function type alias [id => knex, phase => typescript, scope => TreeScope(TsParsedFile() / TsDeclModule(knex) / TsDeclNamespace(Knex) / TsDeclInterface(WhereNull))] 
[info ] PreferTypeAlias.scala:118 Simplified to function type alias [id => knex, phase => typescript, scope => TreeScope(TsParsedFile() / TsDeclModule(knex) / TsDeclNamespace(Knex) / TsDeclInterface(WhereBetween))] 
[info ] PreferTypeAlias.scala:118 Simplified to function type alias [id => knex, phase => typescript, scope => TreeScope(TsParsedFile() / TsDeclModule(knex) / TsDeclNamespace(Knex) / TsDeclInterface(OrderBy))] 
[info ] PreferTypeAlias.scala:118 Simplified to function type alias [id => knex, phase => typescript, scope => TreeScope(TsParsedFile() / TsDeclModule(knex) / TsDeclNamespace(Knex) / TsDeclInterface(HavingIn))] 
[info ] PreferTypeAlias.scala:112 Simplified to type alias [id => knex, phase => typescript, scope => TreeScope(TsParsedFile() / TsDeclModule(knex) / TsDeclNamespace(Knex) / TsDeclInterface(CreateTableBuilder))] 
[info ] PreferTypeAlias.scala:112 Simplified to type alias [id => knex, phase => typescript, scope => TreeScope(TsParsedFile() / TsDeclModule(knex) / TsDeclNamespace(Knex) / TsDeclInterface(AlterTableBuilder))] 
[info ] PreferTypeAlias.scala:112 Simplified to type alias [id => knex, phase => typescript, scope => TreeScope(TsParsedFile() / TsDeclModule(knex) / TsDeclNamespace(Knex) / TsDeclInterface(MySqlAlterTableBuilder))] 
[info ] PreferTypeAlias.scala:112 Simplified to type alias [id => knex, phase => typescript, scope => TreeScope(TsParsedFile() / TsDeclModule(knex) / TsDeclNamespace(Knex) / TsDeclInterface(AlterColumnBuilder))] 
[debug] PhaseRunner.scala:78 Success [id => knex, phase => typescript] 
[warn ] Phase2ToScalaJs.scala:34 Processing TsIdentLibrarySimple(knex) [id => knex, phase => scala.js] 
[info ] RemoveMultipleInheritance.scala:39 Dropped parents List(knexLib.knexMod.KnexNs.WhereNull because Already inherited) [id => knex, phase => scala.js, this => Name(knexLib) / Name(knexMod) / Name(KnexNs) / Name(Where)] 
[info ] RemoveMultipleInheritance.scala:39 Dropped parents List(knexLib.knexMod.KnexNs.ChainableInterface because Inheritance from two classes) [id => knex, phase => scala.js, this => Name(knexLib) / Name(knexMod) / Name(KnexNs) / Name(Raw)] 
[info ] InferMemberOverrides.scala:84 added override methods List(Name(<apply>)) [id => knex, phase => scala.js, this => Name(knexLib) / Name(knexMod) / Name(KnexNs) / Name(Having)] 
[info ] InferMemberOverrides.scala:84 added override methods List(Name(isFulfilled), Name(isPending), Name(reason), Name(isRejected), Name(value), Name(isCancelled)) [id => knex, phase => scala.js, this => Name(knexLib) / Name(knexMod) / Name(KnexNs) / Name(QueryBuilder)] 
[info ] InferMemberOverrides.scala:84 added override methods List(Name(<apply>)) [id => knex, phase => scala.js, this => Name(knexLib) / Name(knexMod) / Name(KnexNs) / Name(Where)] 
[debug] PhaseRunner.scala:78 Success [id => knex, phase => scala.js] 
[warn ] PhaseRunner.scala:64 Failed because of, [node => Compilation failed] [id => knex, phase => build] 
[debug] PhaseRunner.scala:82 Failure, [node => Compilation failed] [id => knex, phase => build] 
