[info ] InferredDependency.scala:20 Inferred dependencies Set(TsIdentLibrarySimple(backbone)) for TsIdentLibrarySimple(knockback) [id => knockback, phase => typescript, file => ../types/knockback/index.d.ts] 
[debug] PhaseRunner.scala:78 Success [id => knockback, phase => typescript] 
[info ] Phase1ReadTypescript.scala:152 Preprocessing TsHelperFile(InFile(/home/tso/tmp/tso-cache/DefinitelyTyped/types/knockback/index.d.ts),FromFolder(InFolder(/home/tso/tmp/tso-cache/DefinitelyTyped/types/knockback),TsIdentLibrarySimple(knockback)),TsIdentModule(None,List(knockback))) [id => knockback, phase => typescript] 
[warn ] Phase1ReadTypescript.scala:190 Processing TsIdentLibrarySimple(knockback) [id => knockback, phase => typescript] 
[info ] InferReturnTypes.scala:32 Could not infer return type [id => knockback, phase => typescript, scope => TreeScope(TsParsedFile() / TsDeclNamespace(Knockback) / TsDeclClass(Destroyable) / TsMemberFunction(destroy))] 
[info ] InferReturnTypes.scala:32 Could not infer return type [id => knockback, phase => typescript, scope => TreeScope(TsParsedFile() / TsDeclNamespace(Knockback) / TsDeclClass(ViewModel) / TsMemberFunction(extend))] 
[info ] InferReturnTypes.scala:32 Could not infer return type [id => knockback, phase => typescript, scope => TreeScope(TsParsedFile() / TsDeclNamespace(Knockback) / TsDeclClass(EventWatcher) / TsMemberFunction(useOptionsOrCreate))] 
[info ] InferReturnTypes.scala:32 Could not infer return type [id => knockback, phase => typescript, scope => TreeScope(TsParsedFile() / TsDeclNamespace(Knockback) / TsDeclClass(EventWatcher) / TsMemberFunction(emitter))] 
[info ] InferReturnTypes.scala:32 Could not infer return type [id => knockback, phase => typescript, scope => TreeScope(TsParsedFile() / TsDeclNamespace(Knockback) / TsDeclClass(EventWatcher) / TsMemberFunction(registerCallbacks))] 
[info ] InferReturnTypes.scala:32 Could not infer return type [id => knockback, phase => typescript, scope => TreeScope(TsParsedFile() / TsDeclNamespace(Knockback) / TsDeclClass(EventWatcher) / TsMemberFunction(releaseCallbacks))] 
[info ] InferReturnTypes.scala:32 Could not infer return type [id => knockback, phase => typescript, scope => TreeScope(TsParsedFile() / TsDeclNamespace(Knockback) / TsDeclClass(Factory) / TsMemberFunction(useOptionsOrCreate))] 
[info ] InferReturnTypes.scala:32 Could not infer return type [id => knockback, phase => typescript, scope => TreeScope(TsParsedFile() / TsDeclNamespace(Knockback) / TsDeclClass(Factory) / TsMemberFunction(addPathMapping))] 
[info ] InferReturnTypes.scala:32 Could not infer return type [id => knockback, phase => typescript, scope => TreeScope(TsParsedFile() / TsDeclNamespace(Knockback) / TsDeclClass(Factory) / TsMemberFunction(addPathMappings))] 
[info ] InferReturnTypes.scala:32 Could not infer return type [id => knockback, phase => typescript, scope => TreeScope(TsParsedFile() / TsDeclNamespace(Knockback) / TsDeclClass(Factory) / TsMemberFunction(creatorForPath))] 
[info ] InferReturnTypes.scala:32 Could not infer return type [id => knockback, phase => typescript, scope => TreeScope(TsParsedFile() / TsDeclNamespace(Knockback) / TsDeclClass(Store) / TsMemberFunction(useOptionsOrCreate))] 
[info ] InferReturnTypes.scala:32 Could not infer return type [id => knockback, phase => typescript, scope => TreeScope(TsParsedFile() / TsDeclNamespace(Knockback) / TsDeclClass(Store) / TsMemberFunction(clear))] 
[info ] InferReturnTypes.scala:32 Could not infer return type [id => knockback, phase => typescript, scope => TreeScope(TsParsedFile() / TsDeclNamespace(Knockback) / TsDeclClass(Store) / TsMemberFunction(register))] 
[info ] InferReturnTypes.scala:32 Could not infer return type [id => knockback, phase => typescript, scope => TreeScope(TsParsedFile() / TsDeclNamespace(Knockback) / TsDeclClass(Store) / TsMemberFunction(findOrCreate))] 
[info ] InferReturnTypes.scala:32 Could not infer return type [id => knockback, phase => typescript, scope => TreeScope(TsParsedFile() / TsDeclNamespace(Knockback) / TsDeclClass(DefaultObservable) / TsMemberFunction(setToDefault))] 
[info ] InferReturnTypes.scala:32 Could not infer return type [id => knockback, phase => typescript, scope => TreeScope(TsParsedFile() / TsDeclNamespace(Knockback) / TsDeclInterface(LocalizedObservable) / TsMemberFunction(destroy))] 
[info ] InferReturnTypes.scala:32 Could not infer return type [id => knockback, phase => typescript, scope => TreeScope(TsParsedFile() / TsDeclNamespace(Knockback) / TsDeclInterface(LocalizedObservable) / TsMemberFunction(resetToCurrent))] 
[info ] InferReturnTypes.scala:32 Could not infer return type [id => knockback, phase => typescript, scope => TreeScope(TsParsedFile() / TsDeclNamespace(Knockback) / TsDeclInterface(LocalizedObservable) / TsMemberFunction(observedValue))] 
[info ] InferReturnTypes.scala:32 Could not infer return type [id => knockback, phase => typescript, scope => TreeScope(TsParsedFile() / TsDeclNamespace(Knockback) / TsDeclClass(TriggeredObservable) / TsMemberFunction(emitter))] 
[info ] InferReturnTypes.scala:32 Could not infer return type [id => knockback, phase => typescript, scope => TreeScope(TsParsedFile() / TsDeclNamespace(Knockback) / TsDeclClass(Statistics) / TsMemberFunction(clear))] 
[info ] InferReturnTypes.scala:32 Could not infer return type [id => knockback, phase => typescript, scope => TreeScope(TsParsedFile() / TsDeclNamespace(Knockback) / TsDeclClass(Statistics) / TsMemberFunction(addModelEvent))] 
[info ] InferReturnTypes.scala:32 Could not infer return type [id => knockback, phase => typescript, scope => TreeScope(TsParsedFile() / TsDeclNamespace(Knockback) / TsDeclClass(Statistics) / TsMemberFunction(modelEventsStatsString))] 
[info ] InferReturnTypes.scala:32 Could not infer return type [id => knockback, phase => typescript, scope => TreeScope(TsParsedFile() / TsDeclNamespace(Knockback) / TsDeclClass(Statistics) / TsMemberFunction(register))] 
[info ] InferReturnTypes.scala:32 Could not infer return type [id => knockback, phase => typescript, scope => TreeScope(TsParsedFile() / TsDeclNamespace(Knockback) / TsDeclClass(Statistics) / TsMemberFunction(unregister))] 
[info ] InferReturnTypes.scala:32 Could not infer return type [id => knockback, phase => typescript, scope => TreeScope(TsParsedFile() / TsDeclNamespace(Knockback) / TsDeclInterface(ViewModelOptions) / TsMemberFunction(if))] 
[info ] InferReturnTypes.scala:32 Could not infer return type [id => knockback, phase => typescript, scope => TreeScope(TsParsedFile() / TsDeclNamespace(Knockback) / TsDeclInterface(CollectionObservable) / TsMemberFunction(collection))] 
[info ] InferReturnTypes.scala:32 Could not infer return type [id => knockback, phase => typescript, scope => TreeScope(TsParsedFile() / TsDeclNamespace(Knockback) / TsDeclInterface(CollectionObservable) / TsMemberFunction(destroy))] 
[info ] InferReturnTypes.scala:32 Could not infer return type [id => knockback, phase => typescript, scope => TreeScope(TsParsedFile() / TsDeclNamespace(Knockback) / TsDeclInterface(CollectionObservable) / TsMemberFunction(comparator))] 
[info ] InferReturnTypes.scala:32 Could not infer return type [id => knockback, phase => typescript, scope => TreeScope(TsParsedFile() / TsDeclNamespace(Knockback) / TsDeclInterface(CollectionObservable) / TsMemberFunction(sortAttribute))] 
[info ] InferReturnTypes.scala:32 Could not infer return type [id => knockback, phase => typescript, scope => TreeScope(TsParsedFile() / TsDeclNamespace(Knockback) / TsDeclInterface(Utils) / TsMemberFunction(wrappedObservable))] 
[info ] InferReturnTypes.scala:32 Could not infer return type [id => knockback, phase => typescript, scope => TreeScope(TsParsedFile() / TsDeclNamespace(Knockback) / TsDeclInterface(Utils) / TsMemberFunction(wrappedObject))] 
[info ] InferReturnTypes.scala:32 Could not infer return type [id => knockback, phase => typescript, scope => TreeScope(TsParsedFile() / TsDeclNamespace(Knockback) / TsDeclInterface(Utils) / TsMemberFunction(wrappedModel))] 
[info ] InferReturnTypes.scala:32 Could not infer return type [id => knockback, phase => typescript, scope => TreeScope(TsParsedFile() / TsDeclNamespace(Knockback) / TsDeclInterface(Utils) / TsMemberFunction(wrappedStore))] 
[info ] InferReturnTypes.scala:32 Could not infer return type [id => knockback, phase => typescript, scope => TreeScope(TsParsedFile() / TsDeclNamespace(Knockback) / TsDeclInterface(Utils) / TsMemberFunction(wrappedFactory))] 
[info ] InferReturnTypes.scala:32 Could not infer return type [id => knockback, phase => typescript, scope => TreeScope(TsParsedFile() / TsDeclNamespace(Knockback) / TsDeclInterface(Utils) / TsMemberFunction(wrappedEventWatcher))] 
[info ] InferReturnTypes.scala:32 Could not infer return type [id => knockback, phase => typescript, scope => TreeScope(TsParsedFile() / TsDeclNamespace(Knockback) / TsDeclInterface(Utils) / TsMemberFunction(wrappedDestroy))] 
[info ] InferReturnTypes.scala:32 Could not infer return type [id => knockback, phase => typescript, scope => TreeScope(TsParsedFile() / TsDeclNamespace(Knockback) / TsDeclInterface(Utils) / TsMemberFunction(inferCreator))] 
[info ] InferReturnTypes.scala:32 Could not infer return type [id => knockback, phase => typescript, scope => TreeScope(TsParsedFile() / TsDeclNamespace(Knockback) / TsDeclInterface(Utils) / TsMemberFunction(createFromDefaultCreator))] 
[info ] InferReturnTypes.scala:32 Could not infer return type [id => knockback, phase => typescript, scope => TreeScope(TsParsedFile() / TsDeclNamespace(Knockback) / TsDeclInterface(Static) / TsMemberFunction(release))] 
[info ] InferReturnTypes.scala:32 Could not infer return type [id => knockback, phase => typescript, scope => TreeScope(TsParsedFile() / TsDeclNamespace(Knockback) / TsDeclInterface(Static) / TsMemberFunction(releaseKeys))] 
[info ] InferReturnTypes.scala:32 Could not infer return type [id => knockback, phase => typescript, scope => TreeScope(TsParsedFile() / TsDeclNamespace(Knockback) / TsDeclInterface(Static) / TsMemberFunction(releaseOnNodeRemove))] 
[info ] InferReturnTypes.scala:32 Could not infer return type [id => knockback, phase => typescript, scope => TreeScope(TsParsedFile() / TsDeclNamespace(Knockback) / TsDeclInterface(Static) / TsMemberFunction(renderTemplate))] 
[info ] InferReturnTypes.scala:32 Could not infer return type [id => knockback, phase => typescript, scope => TreeScope(TsParsedFile() / TsDeclNamespace(Knockback) / TsDeclInterface(Static) / TsMemberFunction(renderAutoReleasedTemplate))] 
[info ] InferReturnTypes.scala:32 Could not infer return type [id => knockback, phase => typescript, scope => TreeScope(TsParsedFile() / TsDeclNamespace(Knockback) / TsDeclInterface(Static) / TsMemberFunction(applyBindings))] 
[debug] PhaseRunner.scala:78 Success [id => knockback, phase => typescript] 
[warn ] Phase2ToScalaJs.scala:34 Processing TsIdentLibrarySimple(knockback) [id => knockback, phase => scala.js] 
[debug] PhaseRunner.scala:78 Success [id => knockback, phase => scala.js] 
[warn ] PhaseRunner.scala:64 Failed because of, [backbone => Compilation failed] [id => knockback, phase => build] 
[debug] PhaseRunner.scala:82 Failure, [backbone => Compilation failed] [id => knockback, phase => build] 
