[info ] InferredDependency.scala:20 Inferred dependencies Set(TsIdentLibrarySimple(node)) for TsIdentLibrarySimple(lasso) [id => lasso, phase => typescript, file => ../lasso/lib/Lasso.d.ts] 
[info ] InferredDependency.scala:20 Inferred dependencies Set(TsIdentLibrarySimple(node)) for TsIdentLibrarySimple(lasso) [id => lasso, phase => typescript, file => ../lasso/lib/LassoContext.d.ts] 
[info ] InferredDependency.scala:20 Inferred dependencies Set(TsIdentLibrarySimple(node)) for TsIdentLibrarySimple(lasso) [id => lasso, phase => typescript, file => ../lasso/lib/dependencies.d.ts] 
[debug] PhaseRunner.scala:86 Ignored [id => lasso, phase => typescript] 
[debug] PhaseRunner.scala:78 Success [id => lasso, phase => typescript] 
[debug] PhaseRunner.scala:86 Ignored [id => lasso, phase => typescript] 
[info ] InferredDependency.scala:20 Inferred dependencies Set(TsIdentLibrarySimple(node)) for TsIdentLibrarySimple(lasso) [id => lasso, phase => typescript, file => ../lib/writers/Writer.d.ts] 
[debug] PhaseRunner.scala:78 Success [id => lasso, phase => typescript] 
[debug] PhaseRunner.scala:78 Success [id => lasso, phase => typescript] 
[debug] PhaseRunner.scala:78 Success [id => lasso, phase => typescript] 
[debug] PhaseRunner.scala:78 Success [id => lasso, phase => typescript] 
[debug] PhaseRunner.scala:78 Success [id => lasso, phase => typescript] 
[debug] PhaseRunner.scala:78 Success [id => lasso, phase => typescript] 
[debug] PhaseRunner.scala:78 Success [id => lasso, phase => typescript] 
[debug] PhaseRunner.scala:78 Success [id => lasso, phase => typescript] 
[debug] PhaseRunner.scala:78 Success [id => lasso, phase => typescript] 
[info ] Phase1ReadTypescript.scala:152 Preprocessing TsHelperFile(InFile(/home/tso/tmp/tso-cache/DefinitelyTyped/types/lasso/index.d.ts),FromFolder(InFolder(/home/tso/tmp/tso-cache/DefinitelyTyped/types/lasso),TsIdentLibrarySimple(lasso)),TsIdentModule(None,List(lasso))) [id => lasso, phase => typescript] 
[info ] InferredDefaultModule.scala:39 Inferred module TsIdentModule(None,List(lasso)) [id => lasso, phase => typescript] 
[info ] Phase1ReadTypescript.scala:152 Preprocessing TsHelperFile(InFile(/home/tso/tmp/tso-cache/DefinitelyTyped/types/lasso/node-require-no-op.d.ts),FromFolder(InFolder(/home/tso/tmp/tso-cache/DefinitelyTyped/types/lasso),TsIdentLibrarySimple(lasso)),TsIdentModule(None,List(lasso, node-require-no-op))) [id => lasso, phase => typescript] 
[info ] InferredDefaultModule.scala:39 Inferred module TsIdentModule(None,List(lasso, node-require-no-op)) [id => lasso, phase => typescript] 
[info ] Phase1ReadTypescript.scala:152 Preprocessing TsHelperFile(InFile(/home/tso/tmp/tso-cache/DefinitelyTyped/types/lasso/lib/Lasso.d.ts),FromFolder(InFolder(/home/tso/tmp/tso-cache/DefinitelyTyped/types/lasso),TsIdentLibrarySimple(lasso)),TsIdentModule(None,List(lasso, lib, Lasso))) [id => lasso, phase => typescript] 
[info ] InferredDefaultModule.scala:39 Inferred module TsIdentModule(None,List(lasso, lib, Lasso)) [id => lasso, phase => typescript] 
[info ] Phase1ReadTypescript.scala:152 Preprocessing TsHelperFile(InFile(/home/tso/tmp/tso-cache/DefinitelyTyped/types/lasso/lib/LassoContext.d.ts),FromFolder(InFolder(/home/tso/tmp/tso-cache/DefinitelyTyped/types/lasso),TsIdentLibrarySimple(lasso)),TsIdentModule(None,List(lasso, lib, LassoContext))) [id => lasso, phase => typescript] 
[info ] InferredDefaultModule.scala:39 Inferred module TsIdentModule(None,List(lasso, lib, LassoContext)) [id => lasso, phase => typescript] 
[info ] Phase1ReadTypescript.scala:152 Preprocessing TsHelperFile(InFile(/home/tso/tmp/tso-cache/DefinitelyTyped/types/lasso/lib/LassoPageResult.d.ts),FromFolder(InFolder(/home/tso/tmp/tso-cache/DefinitelyTyped/types/lasso),TsIdentLibrarySimple(lasso)),TsIdentModule(None,List(lasso, lib, LassoPageResult))) [id => lasso, phase => typescript] 
[info ] InferredDefaultModule.scala:39 Inferred module TsIdentModule(None,List(lasso, lib, LassoPageResult)) [id => lasso, phase => typescript] 
[info ] Phase1ReadTypescript.scala:152 Preprocessing TsHelperFile(InFile(/home/tso/tmp/tso-cache/DefinitelyTyped/types/lasso/lib/dependencies.d.ts),FromFolder(InFolder(/home/tso/tmp/tso-cache/DefinitelyTyped/types/lasso),TsIdentLibrarySimple(lasso)),TsIdentModule(None,List(lasso, lib, dependencies))) [id => lasso, phase => typescript] 
[info ] InferredDefaultModule.scala:39 Inferred module TsIdentModule(None,List(lasso, lib, dependencies)) [id => lasso, phase => typescript] 
[info ] Phase1ReadTypescript.scala:152 Preprocessing TsHelperFile(InFile(/home/tso/tmp/tso-cache/DefinitelyTyped/types/lasso/lib/index.d.ts),FromFolder(InFolder(/home/tso/tmp/tso-cache/DefinitelyTyped/types/lasso),TsIdentLibrarySimple(lasso)),TsIdentModule(None,List(lasso, lib))) [id => lasso, phase => typescript] 
[info ] InferredDefaultModule.scala:39 Inferred module TsIdentModule(None,List(lasso, lib)) [id => lasso, phase => typescript] 
[info ] Phase1ReadTypescript.scala:152 Preprocessing TsHelperFile(InFile(/home/tso/tmp/tso-cache/DefinitelyTyped/types/lasso/middleware/index.d.ts),FromFolder(InFolder(/home/tso/tmp/tso-cache/DefinitelyTyped/types/lasso),TsIdentLibrarySimple(lasso)),TsIdentModule(None,List(lasso, middleware))) [id => lasso, phase => typescript] 
[info ] InferredDefaultModule.scala:39 Inferred module TsIdentModule(None,List(lasso, middleware)) [id => lasso, phase => typescript] 
[info ] Phase1ReadTypescript.scala:152 Preprocessing TsHelperFile(InFile(/home/tso/tmp/tso-cache/DefinitelyTyped/types/lasso/lib/writers/Writer.d.ts),FromFolder(InFolder(/home/tso/tmp/tso-cache/DefinitelyTyped/types/lasso),TsIdentLibrarySimple(lasso)),TsIdentModule(None,List(lasso, lib, writers, Writer))) [id => lasso, phase => typescript] 
[info ] InferredDefaultModule.scala:39 Inferred module TsIdentModule(None,List(lasso, lib, writers, Writer)) [id => lasso, phase => typescript] 
[info ] Phase1ReadTypescript.scala:152 Preprocessing TsHelperFile(InFile(/home/tso/tmp/tso-cache/DefinitelyTyped/types/lasso/lib/writers/index.d.ts),FromFolder(InFolder(/home/tso/tmp/tso-cache/DefinitelyTyped/types/lasso),TsIdentLibrarySimple(lasso)),TsIdentModule(None,List(lasso, lib, writers))) [id => lasso, phase => typescript] 
[info ] InferredDefaultModule.scala:39 Inferred module TsIdentModule(None,List(lasso, lib, writers)) [id => lasso, phase => typescript] 
[warn ] Phase1ReadTypescript.scala:190 Processing TsIdentLibrarySimple(lasso) [id => lasso, phase => typescript] 
[info ] ExpandCallables.scala:57 Expanded lassoPage into 1 methods [id => lasso, phase => typescript, scope => TreeScope(TsParsedFile() / TsDeclModule(lasso/lib/Lasso) / TsDeclInterface(Lasso))] 
[info ] ExpandCallables.scala:57 Expanded lassoResource into 1 methods [id => lasso, phase => typescript, scope => TreeScope(TsParsedFile() / TsDeclModule(lasso/lib/Lasso) / TsDeclInterface(Lasso))] 
[info ] PreferTypeAlias.scala:97 Could not simplify Writer to function type alias because of circular references Vector(TsIdentSimple(Writer)) [id => lasso, phase => typescript, scope => TreeScope(TsParsedFile() / TsDeclModule(lasso/lib/writers/Writer) / TsDeclTypeAlias(default))] 
[info ] ExtractInterfaces.scala:30 Extracted anonymous interface TsIdentSimple(Anon_SendOptions) [id => lasso, phase => typescript, scope => TreeScope(TsParsedFile() / TsDeclModule(lasso/middleware) / TsDeclFunction(serveStatic) / TsFunSig() / TsFunParam() / TsTypeObject())] 
[info ] ExtractInterfaces.scala:30 Extracted anonymous interface TsIdentSimple(Anon_Crossorigin) [id => lasso, phase => typescript, scope => TreeScope(TsParsedFile() / TsDeclModule(lasso/lib/dependencies) / TsDeclInterface(DependencyConfig) / TsMemberProperty(attributes) / TsTypeObject())] 
[info ] ExtractInterfaces.scala:30 Extracted anonymous interface TsIdentSimple(Anon_Value) [id => lasso, phase => typescript, scope => TreeScope(TsParsedFile() / TsDeclModule(lasso/lib/Lasso) / TsDeclInterface(Lasso) / TsMemberFunction(buildLassoCacheKey) / TsFunSig() / TsTypeObject())] 
[debug] PhaseRunner.scala:78 Success [id => lasso, phase => typescript] 
[warn ] Phase2ToScalaJs.scala:34 Processing TsIdentLibrarySimple(lasso) [id => lasso, phase => scala.js] 
[debug] PhaseRunner.scala:78 Success [id => lasso, phase => scala.js] 
[warn ] Phase3CompileBloop.scala:211 Built lasso in 1849 ms [id => lasso, phase => build] 
[info ] Phase3CompileBloop.scala:221 published local, [/home/tso/.ivy2/local/com.scalablytyped/lasso_sjs0.6_2.12/2.4-dt-20180910Z-213ac7/jars/lasso_sjs0.6_2.12.jar, /home/tso/.ivy2/local/com.scalablytyped/lasso_sjs0.6_2.12/2.4-dt-20180910Z-213ac7/srcs/lasso_sjs0.6_2.12-sources.jar, /home/tso/.ivy2/local/com.scalablytyped/lasso_sjs0.6_2.12/2.4-dt-20180910Z-213ac7/ivys/ivy.xml, /home/tso/.ivy2/local/com.scalablytyped/lasso_sjs0.6_2.12/2.4-dt-20180910Z-213ac7/poms/lasso_sjs0.6_2.12.pom] [id => lasso, phase => build] 
[debug] PhaseRunner.scala:78 Success [id => lasso, phase => build] 
[error] PhaseRes.scala:75 Caught exception [id => lasso, phase => publish] java.lang.RuntimeException: was not able to find or create a package for oyvindberg in ScalablyTyped named lasso
	at scala.sys.package$.error(package.scala:26)
	at com.olvind.tso.importer.build.BinTrayPublisher.$anonfun$ensurePackage$2(BinTrayPublisher.scala:49)
	at com.olvind.tso.importer.build.BinTrayPublisher.$anonfun$ensurePackage$2$adapted(BinTrayPublisher.scala:46)
	at scala.util.Success.$anonfun$map$1(Try.scala:251)
	at scala.util.Success.map(Try.scala:209)
	at scala.concurrent.Future.$anonfun$map$1(Future.scala:288)
	at scala.concurrent.impl.Promise.liftedTree1$1(Promise.scala:29)
	at scala.concurrent.impl.Promise.$anonfun$transform$1(Promise.scala:29)
	at scala.concurrent.impl.CallbackRunnable.run(Promise.scala:60)
	at java.util.concurrent.ForkJoinTask$RunnableExecuteAction.exec(ForkJoinTask.java:1402)
	at java.util.concurrent.ForkJoinTask.doExec(ForkJoinTask.java:289)
	at java.util.concurrent.ForkJoinPool$WorkQueue.runTask(ForkJoinPool.java:1056)
	at java.util.concurrent.ForkJoinPool.runWorker(ForkJoinPool.java:1692)
	at java.util.concurrent.ForkJoinWorkerThread.run(ForkJoinWorkerThread.java:157)

[debug] PhaseRunner.scala:82 Failure, [lasso => java.lang.RuntimeException: was not able to find or create a package for oyvindberg in ScalablyTyped named lasso] [id => lasso, phase => publish] 
