[debug] PhaseRunner.scala:78 Success [id => layzr.js, phase => typescript] 
[info ] Phase1ReadTypescript.scala:152 Preprocessing TsHelperFile(InFile(/home/tso/tmp/tso-cache/DefinitelyTyped/types/layzr.js/index.d.ts),FromFolder(InFolder(/home/tso/tmp/tso-cache/DefinitelyTyped/types/layzr.js),TsIdentLibrarySimple(layzr.js)),TsIdentModule(None,List(layzr.js))) [id => layzr.js, phase => typescript] 
[info ] InferredDefaultModule.scala:39 Inferred module TsIdentModule(None,List(layzr.js)) [id => layzr.js, phase => typescript] 
[warn ] Phase1ReadTypescript.scala:190 Processing TsIdentLibrarySimple(layzr.js) [id => layzr.js, phase => typescript] 
[debug] PhaseRunner.scala:78 Success [id => layzr.js, phase => typescript] 
[warn ] Phase2ToScalaJs.scala:34 Processing TsIdentLibrarySimple(layzr.js) [id => layzr.js, phase => scala.js] 
[debug] PhaseRunner.scala:78 Success [id => layzr.js, phase => scala.js] 
[warn ] Phase3CompileBloop.scala:211 Built layzr_dot_js in 491 ms [id => layzr.js, phase => build] 
[info ] Phase3CompileBloop.scala:221 published local, [/home/tso/.ivy2/local/com.scalablytyped/layzr_dot_js_sjs0.6_2.12/2.2-dt-20181002Z-1ed787/jars/layzr_dot_js_sjs0.6_2.12.jar, /home/tso/.ivy2/local/com.scalablytyped/layzr_dot_js_sjs0.6_2.12/2.2-dt-20181002Z-1ed787/srcs/layzr_dot_js_sjs0.6_2.12-sources.jar, /home/tso/.ivy2/local/com.scalablytyped/layzr_dot_js_sjs0.6_2.12/2.2-dt-20181002Z-1ed787/ivys/ivy.xml, /home/tso/.ivy2/local/com.scalablytyped/layzr_dot_js_sjs0.6_2.12/2.2-dt-20181002Z-1ed787/poms/layzr_dot_js_sjs0.6_2.12.pom] [id => layzr.js, phase => build] 
[debug] PhaseRunner.scala:78 Success [id => layzr.js, phase => build] 
[error] PhaseRes.scala:75 Caught exception [id => layzr.js, phase => publish] java.lang.RuntimeException: was not able to find or create a package for oyvindberg in ScalablyTyped named layzr_dot_js
	at scala.sys.package$.error(package.scala:26)
	at com.olvind.tso.importer.build.BinTrayPublisher.$anonfun$ensurePackage$2(BinTrayPublisher.scala:49)
	at com.olvind.tso.importer.build.BinTrayPublisher.$anonfun$ensurePackage$2$adapted(BinTrayPublisher.scala:46)
	at scala.util.Success.$anonfun$map$1(Try.scala:251)
	at scala.util.Success.map(Try.scala:209)
	at scala.concurrent.Future.$anonfun$map$1(Future.scala:288)
	at scala.concurrent.impl.Promise.liftedTree1$1(Promise.scala:29)
	at scala.concurrent.impl.Promise.$anonfun$transform$1(Promise.scala:29)
	at scala.concurrent.impl.CallbackRunnable.run(Promise.scala:60)
	at java.util.concurrent.ForkJoinTask$RunnableExecuteAction.exec(ForkJoinTask.java:1402)
	at java.util.concurrent.ForkJoinTask.doExec(ForkJoinTask.java:289)
	at java.util.concurrent.ForkJoinPool$WorkQueue.runTask(ForkJoinPool.java:1056)
	at java.util.concurrent.ForkJoinPool.runWorker(ForkJoinPool.java:1692)
	at java.util.concurrent.ForkJoinWorkerThread.run(ForkJoinWorkerThread.java:157)

[debug] PhaseRunner.scala:82 Failure, [layzr.js => java.lang.RuntimeException: was not able to find or create a package for oyvindberg in ScalablyTyped named layzr_dot_js] [id => layzr.js, phase => publish] 
