[info ] ResolveExternalReferences.scala:82 Inferred augmented module None (TsIdentModule(None,List(leaflet))) [file => ../types/leaflet-editable/index.d.ts, phase => typescript, scope => TreeScope(TsParsedFile() / TsDeclModule(leaflet)), id => leaflet-editable] 
[debug] PhaseRunner.scala:84 Success [id => leaflet-editable, phase => typescript] 
[info ] Phase1ReadTypescript.scala:160 Preprocessing TsHelperFile(InFile(/home/tso/tmp/tso-cache/DefinitelyTyped/types/leaflet-editable/index.d.ts),FromFolder(InFolder(/home/tso/tmp/tso-cache/DefinitelyTyped/types/leaflet-editable),TsIdentLibrarySimple(leaflet-editable)),TsIdentModule(None,List(leaflet-editable))) [id => leaflet-editable, phase => typescript] 
[warn ] Phase1ReadTypescript.scala:185 Processing TsIdentLibrarySimple(leaflet-editable) [id => leaflet-editable, phase => typescript] 
[warn ] TsTreeScope.scala:78 Cannot resolve TsQIdent(List(TsIdentSimple(ILayer))) [id => leaflet-editable, phase => typescript, scope => TreeScope(TsParsedFile() / TsAugmentedModule(leaflet) / TsDeclInterface(EditOptions) / TsMemberProperty(editLayer) / TsTypeRef() / TsTypeRef())] 
[warn ] QualifyReferences.scala:32 Couldn't qualify ILayer [id => leaflet-editable, phase => typescript, scope => TreeScope(TsParsedFile() / TsAugmentedModule(leaflet) / TsDeclInterface(EditOptions) / TsMemberProperty(editLayer) / TsTypeRef() / TsTypeRef())] 
[warn ] TsTreeScope.scala:78 Cannot resolve TsQIdent(List(TsIdentSimple(Mixin), TsIdentSimple(LeafletMixinEvents))) [id => leaflet-editable, phase => typescript, scope => TreeScope(TsParsedFile() / TsAugmentedModule(leaflet) / TsDeclInterface(Editable) / TsTypeRef())] 
[warn ] QualifyReferences.scala:32 Couldn't qualify Mixin.LeafletMixinEvents [id => leaflet-editable, phase => typescript, scope => TreeScope(TsParsedFile() / TsAugmentedModule(leaflet) / TsDeclInterface(Editable) / TsTypeRef())] 
[info ] ExpandTypeParams.scala:61 Expanding 1 members for TsIdentSimple(startPolyline) [id => leaflet-editable, phase => typescript, scope => TreeScope(TsParsedFile() / TsAugmentedModule(leaflet) / TsDeclInterface(Editable))] 
[info ] ExpandTypeParams.scala:61 Expanding 1 members for TsIdentSimple(startPolygon) [id => leaflet-editable, phase => typescript, scope => TreeScope(TsParsedFile() / TsAugmentedModule(leaflet) / TsDeclInterface(Editable))] 
[info ] ExpandTypeParams.scala:61 Expanding 1 members for TsIdentSimple(startMarker) [id => leaflet-editable, phase => typescript, scope => TreeScope(TsParsedFile() / TsAugmentedModule(leaflet) / TsDeclInterface(Editable))] 
[info ] ExpandTypeParams.scala:61 Expanding 1 members for TsIdentSimple(stopDrawing) [id => leaflet-editable, phase => typescript, scope => TreeScope(TsParsedFile() / TsAugmentedModule(leaflet) / TsDeclInterface(Editable))] 
[info ] ExpandTypeParams.scala:61 Expanding 1 members for TsIdentSimple(commitDrawing) [id => leaflet-editable, phase => typescript, scope => TreeScope(TsParsedFile() / TsAugmentedModule(leaflet) / TsDeclInterface(Editable))] 
[info ] ExpandTypeParams.scala:61 Expanding 1 members for TsIdentSimple(enableEdit) [id => leaflet-editable, phase => typescript, scope => TreeScope(TsParsedFile() / TsAugmentedModule(leaflet) / TsDeclInterface(EditableMixin))] 
[info ] ExpandTypeParams.scala:61 Expanding 1 members for TsIdentSimple(disableEdit) [id => leaflet-editable, phase => typescript, scope => TreeScope(TsParsedFile() / TsAugmentedModule(leaflet) / TsDeclInterface(EditableMixin))] 
[info ] ExpandTypeParams.scala:61 Expanding 1 members for TsIdentSimple(toggleEdit) [id => leaflet-editable, phase => typescript, scope => TreeScope(TsParsedFile() / TsAugmentedModule(leaflet) / TsDeclInterface(EditableMixin))] 
[info ] ExpandTypeParams.scala:61 Expanding 1 members for TsIdentSimple(editEnabled) [id => leaflet-editable, phase => typescript, scope => TreeScope(TsParsedFile() / TsAugmentedModule(leaflet) / TsDeclInterface(EditableMixin))] 
[info ] ExpandTypeParams.scala:61 Expanding 1 members for TsIdentSimple(enable) [id => leaflet-editable, phase => typescript, scope => TreeScope(TsParsedFile() / TsAugmentedModule(leaflet) / TsDeclInterface(BaseEditor))] 
[info ] ExpandTypeParams.scala:61 Expanding 1 members for TsIdentSimple(disable) [id => leaflet-editable, phase => typescript, scope => TreeScope(TsParsedFile() / TsAugmentedModule(leaflet) / TsDeclInterface(BaseEditor))] 
[info ] ExpandTypeParams.scala:61 Expanding 1 members for TsIdentSimple(reset) [id => leaflet-editable, phase => typescript, scope => TreeScope(TsParsedFile() / TsAugmentedModule(leaflet) / TsDeclInterface(PathEditor))] 
[info ] ExpandTypeParams.scala:61 Expanding 1 members for TsIdentSimple(continueForward) [id => leaflet-editable, phase => typescript, scope => TreeScope(TsParsedFile() / TsAugmentedModule(leaflet) / TsDeclInterface(PolylineEditor))] 
[info ] ExpandTypeParams.scala:61 Expanding 1 members for TsIdentSimple(continueBackward) [id => leaflet-editable, phase => typescript, scope => TreeScope(TsParsedFile() / TsAugmentedModule(leaflet) / TsDeclInterface(PolylineEditor))] 
[info ] ExpandTypeParams.scala:61 Expanding 1 members for TsIdentSimple(newHole) [id => leaflet-editable, phase => typescript, scope => TreeScope(TsParsedFile() / TsAugmentedModule(leaflet) / TsDeclInterface(PolygonEditor))] 
[info ] PreferTypeAlias.scala:55 Simplified to type alias [id => leaflet-editable, phase => typescript, scope => TreeScope(TsParsedFile() / TsAugmentedModule(leaflet) / TsDeclInterface(MarkerEditor))] 
[debug] PhaseRunner.scala:84 Success [id => leaflet-editable, phase => typescript] 
[warn ] Phase2ToScalaJs.scala:43 Processing leaflet-editable [id => leaflet-editable, phase => scala.js] 
[debug] PhaseRunner.scala:84 Success [id => leaflet-editable, phase => scala.js] 
[warn ] Phase3Compile.scala:214 Building leaflet-editable... [id => leaflet-editable, phase => build] 
[error] Phase3Compile.scala:240 [E] [E18] src/main/scala/typings/leafletDashEditable/leafletMod/Editable.scala:52:64
[E]       typings.leafletDashEditable.leafletMod.Polyline does not take type parameters
[E]       L52:   def startPolyline(latLng: LatLng, options: PolylineOptions): Polyline[LineString | MultiLineString, _] = js.native
[E]                                                                           ^
[E] [E17] src/main/scala/typings/leafletDashEditable/leafletMod/Editable.scala:51:38
[E]       typings.leafletDashEditable.leafletMod.Polyline does not take type parameters
[E]       L51:   def startPolyline(latLng: LatLng): Polyline[LineString | MultiLineString, _] = js.native
[E]                                                 ^
[E] [E16] src/main/scala/typings/leafletDashEditable/leafletMod/Editable.scala:50:24
[E]       typings.leafletDashEditable.leafletMod.Polyline does not take type parameters
[E]       L50:   def startPolyline(): Polyline[LineString | MultiLineString, _] = js.native
[E]                                   ^
[E] [E15] src/main/scala/typings/leafletDashEditable/leafletMod/Editable.scala:45:63
[E]       typings.leafletDashEditable.leafletMod.Polygon does not take type parameters
[E]       L45:   def startPolygon(latLng: LatLng, options: PolylineOptions): Polygon[_] = js.native
[E]                                                                          ^
[E] [E14] src/main/scala/typings/leafletDashEditable/leafletMod/Editable.scala:44:37
[E]       typings.leafletDashEditable.leafletMod.Polygon does not take type parameters
[E]       L44:   def startPolygon(latLng: LatLng): Polygon[_] = js.native
[E]                                                ^
[E] [E13] src/main/scala/typings/leafletDashEditable/leafletMod/Editable.scala:43:23
[E]       typings.leafletDashEditable.leafletMod.Polygon does not take type parameters
[E]       L43:   def startPolygon(): Polygon[_] = js.native
[E]                                  ^
[E] [E12] src/main/scala/typings/leafletDashEditable/leafletMod/Editable.scala:38:60
[E]       typings.leafletDashEditable.leafletMod.Marker does not take type parameters
[E]       L38:   def startMarker(latLng: LatLng, options: MarkerOptions): Marker[_] = js.native
[E]                                                                       ^
[E] [E11] src/main/scala/typings/leafletDashEditable/leafletMod/Editable.scala:37:36
[E]       typings.leafletDashEditable.leafletMod.Marker does not take type parameters
[E]       L37:   def startMarker(latLng: LatLng): Marker[_] = js.native
[E]                                               ^
[E] [E10] src/main/scala/typings/leafletDashEditable/leafletMod/Editable.scala:36:22
[E]       typings.leafletDashEditable.leafletMod.Marker does not take type parameters
[E]       L36:   def startMarker(): Marker[_] = js.native
[E]                                 ^
[E] [E9] src/main/scala/typings/leafletDashEditable/leafletMod/Editable.scala:22:82
[E]      typings.leafletDashEditable.leafletMod.Marker does not take type parameters
[E]      L22:   var currentPolygon: (Polyline[LineString | MultiLineString, _]) | Polygon[_] | Marker[_] = js.native
[E]                                                                                            ^
[E] [E8] src/main/scala/typings/leafletDashEditable/leafletMod/Editable.scala:22:69
[E]      typings.leafletDashEditable.leafletMod.Polygon does not take type parameters
[E]      L22:   var currentPolygon: (Polyline[LineString | MultiLineString, _]) | Polygon[_] | Marker[_] = js.native
[E]                                                                               ^
[E] [E7] src/main/scala/typings/leafletDashEditable/leafletMod/Editable.scala:22:24
[E]      typings.leafletDashEditable.leafletMod.Polyline does not take type parameters
[E]      L22:   var currentPolygon: (Polyline[LineString | MultiLineString, _]) | Polygon[_] | Marker[_] = js.native
[E]                                  ^
[E] [E6] src/main/scala/typings/leafletDashEditable/leafletMod/EditOptions.scala:79:90
[E]      typings.leafletDashEditable.leafletMod.Marker does not take type parameters
[E]      L79:     featuresLayer: LayerGroup[(Polyline[LineString | MultiLineString, _]) | Polygon[_] | Marker[_]] = null,
[E]                                                                                                    ^
[E] [E5] src/main/scala/typings/leafletDashEditable/leafletMod/EditOptions.scala:79:77
[E]      typings.leafletDashEditable.leafletMod.Polygon does not take type parameters
[E]      L79:     featuresLayer: LayerGroup[(Polyline[LineString | MultiLineString, _]) | Polygon[_] | Marker[_]] = null,
[E]                                                                                       ^
[E] [E4] src/main/scala/typings/leafletDashEditable/leafletMod/EditOptions.scala:79:32
[E]      typings.leafletDashEditable.leafletMod.Polyline does not take type parameters
[E]      L79:     featuresLayer: LayerGroup[(Polyline[LineString | MultiLineString, _]) | Polygon[_] | Marker[_]] = null,
[E]                                          ^
[E] [E3] src/main/scala/typings/leafletDashEditable/leafletMod/EditOptions.scala:29:103
[E]      typings.leafletDashEditable.leafletMod.Marker does not take type parameters
[E]      L29:   var featuresLayer: js.UndefOr[LayerGroup[(Polyline[LineString | MultiLineString, _]) | Polygon[_] | Marker[_]]] = js.undefined
[E]                                                                                                                 ^
[E] [E2] src/main/scala/typings/leafletDashEditable/leafletMod/EditOptions.scala:29:90
[E]      typings.leafletDashEditable.leafletMod.Polygon does not take type parameters
[E]      L29:   var featuresLayer: js.UndefOr[LayerGroup[(Polyline[LineString | MultiLineString, _]) | Polygon[_] | Marker[_]]] = js.undefined
[E]                                                                                                    ^
[E] [E1] src/main/scala/typings/leafletDashEditable/leafletMod/EditOptions.scala:29:45
[E]      typings.leafletDashEditable.leafletMod.Polyline does not take type parameters
[E]      L29:   var featuresLayer: js.UndefOr[LayerGroup[(Polyline[LineString | MultiLineString, _]) | Polygon[_] | Marker[_]]] = js.undefined
[E]                                                       ^
[E] src/main/scala/typings/leafletDashEditable/leafletMod/EditOptions.scala: L29 [E1], L29 [E2], L29 [E3], L79 [E4], L79 [E5], L79 [E6]
[E] src/main/scala/typings/leafletDashEditable/leafletMod/Editable.scala: L22 [E7], L22 [E8], L22 [E9], L36 [E10], L37 [E11], L38 [E12], L43 [E13], L44 [E14], L45 [E15], L50 [E16], L51 [E17], L52 [E18]
[E] Failed to compile 'leaflet-editable'
 [id => leaflet-editable, phase => build] 
[error] PhaseRunner.scala:88 Failure, [leaflet-editable => Compilation failed] [id => leaflet-editable, phase => build] 
[error] PhaseRunner.scala:88 Failure, [leaflet-editable => Compilation failed] [id => leaflet-editable, phase => publish] 
