[info ] InferredDependency.scala:22 Inferred dependencies Set(TsIdentLibrarySimple(node)) for TsIdentLibrarySimple(loader-utils) [id => loader-utils, phase => typescript, file => ../types/loader-utils/index.d.ts] 
[debug] PhaseRunner.scala:84 Success [id => loader-utils, phase => typescript] 
[info ] Phase1ReadTypescript.scala:160 Preprocessing TsHelperFile(InFile(/home/tso/tmp/tso-cache/DefinitelyTyped/types/loader-utils/index.d.ts),FromFolder(InFolder(/home/tso/tmp/tso-cache/DefinitelyTyped/types/loader-utils),TsIdentLibrarySimple(loader-utils)),TsIdentModule(None,List(loader-utils))) [id => loader-utils, phase => typescript] 
[info ] InferredDefaultModule.scala:39 Inferred module TsIdentModule(None,List(loader-utils)) [id => loader-utils, phase => typescript] 
[warn ] Phase1ReadTypescript.scala:182 Processing TsIdentLibrarySimple(loader-utils) [id => loader-utils, phase => typescript] 
[info ] ExpandTypeParams.scala:74 Expanding 1 members for TsIdentSimple(getOptions) [id => loader-utils, phase => typescript, scope => TreeScope(TsParsedFile() / TsDeclModule(loader-utils))] 
[info ] ExpandTypeParams.scala:74 Expanding 1 members for TsIdentSimple(parseQuery) [id => loader-utils, phase => typescript, scope => TreeScope(TsParsedFile() / TsDeclModule(loader-utils))] 
[info ] ExpandTypeParams.scala:74 Expanding 1 members for TsIdentSimple(stringifyRequest) [id => loader-utils, phase => typescript, scope => TreeScope(TsParsedFile() / TsDeclModule(loader-utils))] 
[info ] ExpandTypeParams.scala:74 Expanding 1 members for TsIdentSimple(getRemainingRequest) [id => loader-utils, phase => typescript, scope => TreeScope(TsParsedFile() / TsDeclModule(loader-utils))] 
[info ] ExpandTypeParams.scala:74 Expanding 1 members for TsIdentSimple(getCurrentRequest) [id => loader-utils, phase => typescript, scope => TreeScope(TsParsedFile() / TsDeclModule(loader-utils))] 
[info ] ExpandTypeParams.scala:74 Expanding 1 members for TsIdentSimple(isUrlRequest) [id => loader-utils, phase => typescript, scope => TreeScope(TsParsedFile() / TsDeclModule(loader-utils))] 
[info ] ExpandTypeParams.scala:74 Expanding 1 members for TsIdentSimple(parseString) [id => loader-utils, phase => typescript, scope => TreeScope(TsParsedFile() / TsDeclModule(loader-utils))] 
[info ] ExpandTypeParams.scala:74 Expanding 1 members for TsIdentSimple(urlToRequest) [id => loader-utils, phase => typescript, scope => TreeScope(TsParsedFile() / TsDeclModule(loader-utils))] 
[info ] ExpandTypeParams.scala:74 Expanding 1 members for TsIdentSimple(interpolateName) [id => loader-utils, phase => typescript, scope => TreeScope(TsParsedFile() / TsDeclModule(loader-utils))] 
[info ] ExpandTypeParams.scala:74 Expanding 1 members for TsIdentSimple(getHashDigest) [id => loader-utils, phase => typescript, scope => TreeScope(TsParsedFile() / TsDeclModule(loader-utils))] 
[debug] PhaseRunner.scala:84 Success [id => loader-utils, phase => typescript] 
[warn ] Phase2ToScalaJs.scala:43 Processing loader-utils [id => loader-utils, phase => scala.js] 
[debug] PhaseRunner.scala:84 Success [id => loader-utils, phase => scala.js] 
[warn ] PhaseRunner.scala:70 Failed because of, [webpack => com.olvind.logging.Logger$LoggedException: Couldn't resolve jar for webpack-sources IvyLayout((/home/tso/.ivy2/local/org.scalablytyped/webpack-sources_sjs0.6_2.12/0.1-dt-20180625Z-ad22a0/jars/webpack-sources_sjs0.6_2.12.jar,Unchanged),(/home/tso/.ivy2/local/org.scalablytyped/webpack-sources_sjs0.6_2.12/0.1-dt-20180625Z-ad22a0/srcs/webpack-sources_sjs0.6_2.12-sources.jar,Unchanged),(/home/tso/.ivy2/local/org.scalablytyped/webpack-sources_sjs0.6_2.12/0.1-dt-20180625Z-ad22a0/ivys/ivy.xml,Unchanged),(/home/tso/.ivy2/local/org.scalablytyped/webpack-sources_sjs0.6_2.12/0.1-dt-20180625Z-ad22a0/poms/webpack-sources_sjs0.6_2.12.pom,Unchanged))] [id => loader-utils, phase => build] 
[error] PhaseRunner.scala:88 Failure, [webpack => com.olvind.logging.Logger$LoggedException: Couldn't resolve jar for webpack-sources IvyLayout((/home/tso/.ivy2/local/org.scalablytyped/webpack-sources_sjs0.6_2.12/0.1-dt-20180625Z-ad22a0/jars/webpack-sources_sjs0.6_2.12.jar,Unchanged),(/home/tso/.ivy2/local/org.scalablytyped/webpack-sources_sjs0.6_2.12/0.1-dt-20180625Z-ad22a0/srcs/webpack-sources_sjs0.6_2.12-sources.jar,Unchanged),(/home/tso/.ivy2/local/org.scalablytyped/webpack-sources_sjs0.6_2.12/0.1-dt-20180625Z-ad22a0/ivys/ivy.xml,Unchanged),(/home/tso/.ivy2/local/org.scalablytyped/webpack-sources_sjs0.6_2.12/0.1-dt-20180625Z-ad22a0/poms/webpack-sources_sjs0.6_2.12.pom,Unchanged))] [id => loader-utils, phase => build] 
[error] PhaseRunner.scala:88 Failure, [webpack => com.olvind.logging.Logger$LoggedException: Couldn't resolve jar for webpack-sources IvyLayout((/home/tso/.ivy2/local/org.scalablytyped/webpack-sources_sjs0.6_2.12/0.1-dt-20180625Z-ad22a0/jars/webpack-sources_sjs0.6_2.12.jar,Unchanged),(/home/tso/.ivy2/local/org.scalablytyped/webpack-sources_sjs0.6_2.12/0.1-dt-20180625Z-ad22a0/srcs/webpack-sources_sjs0.6_2.12-sources.jar,Unchanged),(/home/tso/.ivy2/local/org.scalablytyped/webpack-sources_sjs0.6_2.12/0.1-dt-20180625Z-ad22a0/ivys/ivy.xml,Unchanged),(/home/tso/.ivy2/local/org.scalablytyped/webpack-sources_sjs0.6_2.12/0.1-dt-20180625Z-ad22a0/poms/webpack-sources_sjs0.6_2.12.pom,Unchanged))] [id => loader-utils, phase => publish] 
