[debug] PhaseRunner.scala:78 Success [id => ltx, phase => typescript] 
[debug] PhaseRunner.scala:78 Success [id => ltx, phase => typescript] 
[debug] PhaseRunner.scala:78 Success [id => ltx, phase => typescript] 
[debug] PhaseRunner.scala:78 Success [id => ltx, phase => typescript] 
[debug] PhaseRunner.scala:78 Success [id => ltx, phase => typescript] 
[debug] PhaseRunner.scala:78 Success [id => ltx, phase => typescript] 
[debug] PhaseRunner.scala:78 Success [id => ltx, phase => typescript] 
[debug] PhaseRunner.scala:78 Success [id => ltx, phase => typescript] 
[debug] PhaseRunner.scala:78 Success [id => ltx, phase => typescript] 
[info ] InferredDependency.scala:20 Inferred dependencies Set(TsIdentLibrarySimple(node)) for TsIdentLibrarySimple(ltx) [id => ltx, phase => typescript, file => ../ltx/lib/Parser.d.ts] 
[debug] PhaseRunner.scala:78 Success [id => ltx, phase => typescript] 
[debug] PhaseRunner.scala:78 Success [id => ltx, phase => typescript] 
[debug] PhaseRunner.scala:78 Success [id => ltx, phase => typescript] 
[info ] Phase1ReadTypescript.scala:152 Preprocessing TsHelperFile(InFile(/home/tso/tmp/tso-cache/DefinitelyTyped/types/ltx/index.d.ts),FromFolder(InFolder(/home/tso/tmp/tso-cache/DefinitelyTyped/types/ltx),TsIdentLibrarySimple(ltx)),TsIdentModule(None,List(ltx))) [id => ltx, phase => typescript] 
[info ] InferredDefaultModule.scala:39 Inferred module TsIdentModule(None,List(ltx)) [id => ltx, phase => typescript] 
[info ] Phase1ReadTypescript.scala:152 Preprocessing TsHelperFile(InFile(/home/tso/tmp/tso-cache/DefinitelyTyped/types/ltx/lib/Element.d.ts),FromFolder(InFolder(/home/tso/tmp/tso-cache/DefinitelyTyped/types/ltx),TsIdentLibrarySimple(ltx)),TsIdentModule(None,List(ltx, lib, Element))) [id => ltx, phase => typescript] 
[info ] InferredDefaultModule.scala:39 Inferred module TsIdentModule(None,List(ltx, lib, Element)) [id => ltx, phase => typescript] 
[info ] Phase1ReadTypescript.scala:152 Preprocessing TsHelperFile(InFile(/home/tso/tmp/tso-cache/DefinitelyTyped/types/ltx/lib/Parser.d.ts),FromFolder(InFolder(/home/tso/tmp/tso-cache/DefinitelyTyped/types/ltx),TsIdentLibrarySimple(ltx)),TsIdentModule(None,List(ltx, lib, Parser))) [id => ltx, phase => typescript] 
[info ] InferredDefaultModule.scala:39 Inferred module TsIdentModule(None,List(ltx, lib, Parser)) [id => ltx, phase => typescript] 
[info ] Phase1ReadTypescript.scala:152 Preprocessing TsHelperFile(InFile(/home/tso/tmp/tso-cache/DefinitelyTyped/types/ltx/lib/clone.d.ts),FromFolder(InFolder(/home/tso/tmp/tso-cache/DefinitelyTyped/types/ltx),TsIdentLibrarySimple(ltx)),TsIdentModule(None,List(ltx, lib, clone))) [id => ltx, phase => typescript] 
[info ] InferredDefaultModule.scala:39 Inferred module TsIdentModule(None,List(ltx, lib, clone)) [id => ltx, phase => typescript] 
[info ] Phase1ReadTypescript.scala:152 Preprocessing TsHelperFile(InFile(/home/tso/tmp/tso-cache/DefinitelyTyped/types/ltx/lib/createElement.d.ts),FromFolder(InFolder(/home/tso/tmp/tso-cache/DefinitelyTyped/types/ltx),TsIdentLibrarySimple(ltx)),TsIdentModule(None,List(ltx, lib, createElement))) [id => ltx, phase => typescript] 
[info ] InferredDefaultModule.scala:39 Inferred module TsIdentModule(None,List(ltx, lib, createElement)) [id => ltx, phase => typescript] 
[info ] Phase1ReadTypescript.scala:152 Preprocessing TsHelperFile(InFile(/home/tso/tmp/tso-cache/DefinitelyTyped/types/ltx/lib/equal.d.ts),FromFolder(InFolder(/home/tso/tmp/tso-cache/DefinitelyTyped/types/ltx),TsIdentLibrarySimple(ltx)),TsIdentModule(None,List(ltx, lib, equal))) [id => ltx, phase => typescript] 
[info ] InferredDefaultModule.scala:39 Inferred module TsIdentModule(None,List(ltx, lib, equal)) [id => ltx, phase => typescript] 
[info ] Phase1ReadTypescript.scala:152 Preprocessing TsHelperFile(InFile(/home/tso/tmp/tso-cache/DefinitelyTyped/types/ltx/lib/escape.d.ts),FromFolder(InFolder(/home/tso/tmp/tso-cache/DefinitelyTyped/types/ltx),TsIdentLibrarySimple(ltx)),TsIdentModule(None,List(ltx, lib, escape))) [id => ltx, phase => typescript] 
[info ] InferredDefaultModule.scala:39 Inferred module TsIdentModule(None,List(ltx, lib, escape)) [id => ltx, phase => typescript] 
[info ] Phase1ReadTypescript.scala:152 Preprocessing TsHelperFile(InFile(/home/tso/tmp/tso-cache/DefinitelyTyped/types/ltx/lib/is.d.ts),FromFolder(InFolder(/home/tso/tmp/tso-cache/DefinitelyTyped/types/ltx),TsIdentLibrarySimple(ltx)),TsIdentModule(None,List(ltx, lib, is))) [id => ltx, phase => typescript] 
[info ] InferredDefaultModule.scala:39 Inferred module TsIdentModule(None,List(ltx, lib, is)) [id => ltx, phase => typescript] 
[info ] Phase1ReadTypescript.scala:152 Preprocessing TsHelperFile(InFile(/home/tso/tmp/tso-cache/DefinitelyTyped/types/ltx/lib/parse.d.ts),FromFolder(InFolder(/home/tso/tmp/tso-cache/DefinitelyTyped/types/ltx),TsIdentLibrarySimple(ltx)),TsIdentModule(None,List(ltx, lib, parse))) [id => ltx, phase => typescript] 
[info ] InferredDefaultModule.scala:39 Inferred module TsIdentModule(None,List(ltx, lib, parse)) [id => ltx, phase => typescript] 
[info ] Phase1ReadTypescript.scala:152 Preprocessing TsHelperFile(InFile(/home/tso/tmp/tso-cache/DefinitelyTyped/types/ltx/lib/stringify.d.ts),FromFolder(InFolder(/home/tso/tmp/tso-cache/DefinitelyTyped/types/ltx),TsIdentLibrarySimple(ltx)),TsIdentModule(None,List(ltx, lib, stringify))) [id => ltx, phase => typescript] 
[info ] InferredDefaultModule.scala:39 Inferred module TsIdentModule(None,List(ltx, lib, stringify)) [id => ltx, phase => typescript] 
[info ] Phase1ReadTypescript.scala:152 Preprocessing TsHelperFile(InFile(/home/tso/tmp/tso-cache/DefinitelyTyped/types/ltx/lib/tag.d.ts),FromFolder(InFolder(/home/tso/tmp/tso-cache/DefinitelyTyped/types/ltx),TsIdentLibrarySimple(ltx)),TsIdentModule(None,List(ltx, lib, tag))) [id => ltx, phase => typescript] 
[info ] InferredDefaultModule.scala:39 Inferred module TsIdentModule(None,List(ltx, lib, tag)) [id => ltx, phase => typescript] 
[info ] Phase1ReadTypescript.scala:152 Preprocessing TsHelperFile(InFile(/home/tso/tmp/tso-cache/DefinitelyTyped/types/ltx/lib/tagString.d.ts),FromFolder(InFolder(/home/tso/tmp/tso-cache/DefinitelyTyped/types/ltx),TsIdentLibrarySimple(ltx)),TsIdentModule(None,List(ltx, lib, tagString))) [id => ltx, phase => typescript] 
[info ] InferredDefaultModule.scala:39 Inferred module TsIdentModule(None,List(ltx, lib, tagString)) [id => ltx, phase => typescript] 
[warn ] Phase1ReadTypescript.scala:190 Processing TsIdentLibrarySimple(ltx) [id => ltx, phase => typescript] 
[debug] PhaseRunner.scala:78 Success [id => ltx, phase => typescript] 
[warn ] Phase2ToScalaJs.scala:34 Processing TsIdentLibrarySimple(ltx) [id => ltx, phase => scala.js] 
[debug] PhaseRunner.scala:78 Success [id => ltx, phase => scala.js] 
[warn ] PhaseRunner.scala:64 Failed because of, [node => Compilation failed] [id => ltx, phase => build] 
[debug] PhaseRunner.scala:82 Failure, [node => Compilation failed] [id => ltx, phase => build] 
