[debug] PhaseRunner.scala:84 Success [id => mangopay2-nodejs-sdk, phase => typescript] 
[debug] PhaseRunner.scala:84 Success [id => mangopay2-nodejs-sdk, phase => typescript] 
[info ] Phase1ReadTypescript.scala:170 Preprocessing TsHelperFile(InFile(/home/tso/tmp/tso-cache/DefinitelyTyped/types/mangopay2-nodejs-sdk/index.d.ts),FromFolder(InFolder(/home/tso/tmp/tso-cache/DefinitelyTyped/types/mangopay2-nodejs-sdk),TsIdentLibrarySimple(mangopay2-nodejs-sdk)),TsIdentModule(None,List(mangopay2-nodejs-sdk))) [id => mangopay2-nodejs-sdk, phase => typescript] 
[info ] InferredDefaultModule.scala:39 Inferred module TsIdentModule(None,List(mangopay2-nodejs-sdk)) [id => mangopay2-nodejs-sdk, phase => typescript] 
[info ] Phase1ReadTypescript.scala:170 Preprocessing TsHelperFile(InFile(/home/tso/tmp/tso-cache/DefinitelyTyped/types/mangopay2-nodejs-sdk/types.d.ts),FromFolder(InFolder(/home/tso/tmp/tso-cache/DefinitelyTyped/types/mangopay2-nodejs-sdk),TsIdentLibrarySimple(mangopay2-nodejs-sdk)),TsIdentModule(None,List(mangopay2-nodejs-sdk, types))) [id => mangopay2-nodejs-sdk, phase => typescript] 
[info ] InferredDefaultModule.scala:39 Inferred module TsIdentModule(None,List(mangopay2-nodejs-sdk, types)) [id => mangopay2-nodejs-sdk, phase => typescript] 
[warn ] Phase1ReadTypescript.scala:190 Processing TsIdentLibrarySimple(mangopay2-nodejs-sdk) [id => mangopay2-nodejs-sdk, phase => typescript] 
[warn ] ResolveTypeQueries.scala:134 Couldn't resolve typeof MangoPay.models [id => mangopay2-nodejs-sdk, phase => typescript, scope => TreeScope(TsParsedFile() / TsDeclModule(mangopay2-nodejs-sdk) / TsDeclClass(MangoPay) / TsMemberProperty(models) / TsTypeQuery())] 
[info ] PreferTypeAlias.scala:55 Simplified to type alias [id => mangopay2-nodejs-sdk, phase => typescript, scope => TreeScope(TsParsedFile() / TsDeclModule(mangopay2-nodejs-sdk) / TsDeclNamespace(bankingAlias) / TsDeclInterface(CreateIBANBankingAlias))] 
[info ] PreferTypeAlias.scala:55 Simplified to type alias [id => mangopay2-nodejs-sdk, phase => typescript, scope => TreeScope(TsParsedFile() / TsDeclModule(mangopay2-nodejs-sdk) / TsDeclNamespace(cardRegistration) / TsDeclInterface(CreateCardRegistration))] 
[info ] PreferTypeAlias.scala:55 Simplified to type alias [id => mangopay2-nodejs-sdk, phase => typescript, scope => TreeScope(TsParsedFile() / TsDeclModule(mangopay2-nodejs-sdk) / TsDeclNamespace(hook) / TsDeclInterface(CreateHook))] 
[info ] PreferTypeAlias.scala:55 Simplified to type alias [id => mangopay2-nodejs-sdk, phase => typescript, scope => TreeScope(TsParsedFile() / TsDeclModule(mangopay2-nodejs-sdk) / TsDeclNamespace(hook) / TsDeclInterface(UpdateHook))] 
[info ] PreferTypeAlias.scala:55 Simplified to type alias [id => mangopay2-nodejs-sdk, phase => typescript, scope => TreeScope(TsParsedFile() / TsDeclModule(mangopay2-nodejs-sdk) / TsDeclNamespace(report) / TsDeclInterface(CreateReport))] 
[info ] PreferTypeAlias.scala:55 Simplified to type alias [id => mangopay2-nodejs-sdk, phase => typescript, scope => TreeScope(TsParsedFile() / TsDeclModule(mangopay2-nodejs-sdk) / TsDeclNamespace(mandate) / TsDeclInterface(CreateMandate))] 
[info ] PreferTypeAlias.scala:55 Simplified to type alias [id => mangopay2-nodejs-sdk, phase => typescript, scope => TreeScope(TsParsedFile() / TsDeclModule(mangopay2-nodejs-sdk) / TsDeclNamespace(user) / TsDeclInterface(CreateUserLegalData))] 
[info ] PreferTypeAlias.scala:55 Simplified to type alias [id => mangopay2-nodejs-sdk, phase => typescript, scope => TreeScope(TsParsedFile() / TsDeclModule(mangopay2-nodejs-sdk) / TsDeclNamespace(user) / TsDeclInterface(CreateUserNaturalData))] 
[info ] PreferTypeAlias.scala:55 Simplified to type alias [id => mangopay2-nodejs-sdk, phase => typescript, scope => TreeScope(TsParsedFile() / TsDeclModule(mangopay2-nodejs-sdk) / TsDeclNamespace(dispute) / TsDeclInterface(SubmitDispute))] 
[info ] PreferTypeAlias.scala:55 Simplified to type alias [id => mangopay2-nodejs-sdk, phase => typescript, scope => TreeScope(TsParsedFile() / TsDeclModule(mangopay2-nodejs-sdk) / TsDeclNamespace(dispute) / TsDeclInterface(UpdateDispute))] 
[info ] PreferTypeAlias.scala:55 Simplified to type alias [id => mangopay2-nodejs-sdk, phase => typescript, scope => TreeScope(TsParsedFile() / TsDeclModule(mangopay2-nodejs-sdk) / TsDeclInterface(DisputeReason))] 
[info ] PreferTypeAlias.scala:55 Simplified to type alias [id => mangopay2-nodejs-sdk, phase => typescript, scope => TreeScope(TsParsedFile() / TsDeclModule(mangopay2-nodejs-sdk) / TsDeclNamespace(settlementTransfer) / TsDeclInterface(CreateSettlementTransfer))] 
[warn ] SimplifyRecursiveTypeAlias.scala:14 Simplified recursive type alias mangopay2-nodejs-sdk.mangopay2-nodejs-sdk/types.DeepPartial<T[P]> [id => mangopay2-nodejs-sdk, phase => typescript, scope => TreeScope(TsParsedFile() / TsDeclModule(mangopay2-nodejs-sdk/types) / TsDeclTypeAlias(DeepPartial) / TsTypeObject() / TsMemberTypeMapped() / TsTypeRef())] 
[info ] ExtractInterfaces.scala:41 Extracted anonymous interface TsIdentSimple(Anon_Timeout) [id => mangopay2-nodejs-sdk, phase => typescript, scope => TreeScope(TsParsedFile() / TsDeclModule(mangopay2-nodejs-sdk) / TsDeclInterface(RequestOptions) / TsMemberProperty(requestConfig) / TsTypeObject())] 
[info ] ExtractInterfaces.scala:41 Extracted anonymous interface TsIdentSimple(Anon_Timeout) [id => mangopay2-nodejs-sdk, phase => typescript, scope => TreeScope(TsParsedFile() / TsDeclModule(mangopay2-nodejs-sdk) / TsDeclInterface(RequestOptions) / TsMemberProperty(responseConfig) / TsTypeObject())] 
[info ] ExtractInterfaces.scala:41 Extracted anonymous interface TsIdentSimple(Anon_ApiVersion) [id => mangopay2-nodejs-sdk, phase => typescript, scope => TreeScope(TsParsedFile() / TsDeclModule(mangopay2-nodejs-sdk) / TsDeclInterface(RequestOptions) / TsMemberProperty(path) / TsTypeObject())] 
[info ] ExtractInterfaces.scala:41 Extracted anonymous interface TsIdentSimple(Anon_ToJSON) [id => mangopay2-nodejs-sdk, phase => typescript, scope => TreeScope(TsParsedFile() / TsDeclModule(mangopay2-nodejs-sdk) / TsDeclTypeAlias(WithToJson) / TsTypeIntersect() / TsTypeObject())] 
[info ] ExtractInterfaces.scala:41 Extracted anonymous interface TsIdentSimple(Anon_Type) [id => mangopay2-nodejs-sdk, phase => typescript, scope => TreeScope(TsParsedFile() / TsDeclModule(mangopay2-nodejs-sdk/types) / TsDeclTypeAlias(OmitType) / TsTypeParam() / TsTypeObject())] 
[info ] ExpandCallables.scala:48 Expanded create into 4 methods [id => mangopay2-nodejs-sdk, phase => typescript, scope => TreeScope(TsParsedFile() / TsDeclModule(mangopay2-nodejs-sdk) / TsDeclClass(CardPreAuthorizations))] 
[info ] ExpandCallables.scala:48 Expanded get into 4 methods [id => mangopay2-nodejs-sdk, phase => typescript, scope => TreeScope(TsParsedFile() / TsDeclModule(mangopay2-nodejs-sdk) / TsDeclClass(CardPreAuthorizations))] 
[info ] ExpandCallables.scala:48 Expanded update into 4 methods [id => mangopay2-nodejs-sdk, phase => typescript, scope => TreeScope(TsParsedFile() / TsDeclModule(mangopay2-nodejs-sdk) / TsDeclClass(CardPreAuthorizations))] 
[info ] ExpandCallables.scala:48 Expanded create into 8 methods [id => mangopay2-nodejs-sdk, phase => typescript, scope => TreeScope(TsParsedFile() / TsDeclModule(mangopay2-nodejs-sdk) / TsDeclClass(Users))] 
[info ] ExpandCallables.scala:48 Expanded update into 8 methods [id => mangopay2-nodejs-sdk, phase => typescript, scope => TreeScope(TsParsedFile() / TsDeclModule(mangopay2-nodejs-sdk) / TsDeclClass(Users))] 
[info ] ExpandCallables.scala:48 Expanded get into 4 methods [id => mangopay2-nodejs-sdk, phase => typescript, scope => TreeScope(TsParsedFile() / TsDeclModule(mangopay2-nodejs-sdk) / TsDeclClass(Users))] 
[info ] ExpandCallables.scala:48 Expanded getNatural into 4 methods [id => mangopay2-nodejs-sdk, phase => typescript, scope => TreeScope(TsParsedFile() / TsDeclModule(mangopay2-nodejs-sdk) / TsDeclClass(Users))] 
[info ] ExpandCallables.scala:48 Expanded getLegal into 4 methods [id => mangopay2-nodejs-sdk, phase => typescript, scope => TreeScope(TsParsedFile() / TsDeclModule(mangopay2-nodejs-sdk) / TsDeclClass(Users))] 
[info ] ExpandCallables.scala:48 Expanded getAll into 4 methods [id => mangopay2-nodejs-sdk, phase => typescript, scope => TreeScope(TsParsedFile() / TsDeclModule(mangopay2-nodejs-sdk) / TsDeclClass(Users))] 
[info ] ExpandCallables.scala:48 Expanded createBankAccount into 20 methods [id => mangopay2-nodejs-sdk, phase => typescript, scope => TreeScope(TsParsedFile() / TsDeclModule(mangopay2-nodejs-sdk) / TsDeclClass(Users))] 
[info ] ExpandCallables.scala:48 Expanded deactivateBankAccount into 4 methods [id => mangopay2-nodejs-sdk, phase => typescript, scope => TreeScope(TsParsedFile() / TsDeclModule(mangopay2-nodejs-sdk) / TsDeclClass(Users))] 
[info ] ExpandCallables.scala:48 Expanded getBankAccounts into 4 methods [id => mangopay2-nodejs-sdk, phase => typescript, scope => TreeScope(TsParsedFile() / TsDeclModule(mangopay2-nodejs-sdk) / TsDeclClass(Users))] 
[info ] ExpandCallables.scala:48 Expanded getBankAccount into 4 methods [id => mangopay2-nodejs-sdk, phase => typescript, scope => TreeScope(TsParsedFile() / TsDeclModule(mangopay2-nodejs-sdk) / TsDeclClass(Users))] 
[info ] ExpandCallables.scala:48 Expanded getWallets into 4 methods [id => mangopay2-nodejs-sdk, phase => typescript, scope => TreeScope(TsParsedFile() / TsDeclModule(mangopay2-nodejs-sdk) / TsDeclClass(Users))] 
[info ] ExpandCallables.scala:48 Expanded getTransactions into 4 methods [id => mangopay2-nodejs-sdk, phase => typescript, scope => TreeScope(TsParsedFile() / TsDeclModule(mangopay2-nodejs-sdk) / TsDeclClass(Users))] 
[info ] ExpandCallables.scala:48 Expanded getCards into 4 methods [id => mangopay2-nodejs-sdk, phase => typescript, scope => TreeScope(TsParsedFile() / TsDeclModule(mangopay2-nodejs-sdk) / TsDeclClass(Users))] 
[info ] ExpandCallables.scala:48 Expanded createKycDocument into 4 methods [id => mangopay2-nodejs-sdk, phase => typescript, scope => TreeScope(TsParsedFile() / TsDeclModule(mangopay2-nodejs-sdk) / TsDeclClass(Users))] 
[info ] ExpandCallables.scala:48 Expanded getKycDocuments into 4 methods [id => mangopay2-nodejs-sdk, phase => typescript, scope => TreeScope(TsParsedFile() / TsDeclModule(mangopay2-nodejs-sdk) / TsDeclClass(Users))] 
[info ] ExpandCallables.scala:48 Expanded getKycDocument into 4 methods [id => mangopay2-nodejs-sdk, phase => typescript, scope => TreeScope(TsParsedFile() / TsDeclModule(mangopay2-nodejs-sdk) / TsDeclClass(Users))] 
[info ] ExpandCallables.scala:48 Expanded updateKycDocument into 4 methods [id => mangopay2-nodejs-sdk, phase => typescript, scope => TreeScope(TsParsedFile() / TsDeclModule(mangopay2-nodejs-sdk) / TsDeclClass(Users))] 
[info ] ExpandCallables.scala:48 Expanded createKycPage into 4 methods [id => mangopay2-nodejs-sdk, phase => typescript, scope => TreeScope(TsParsedFile() / TsDeclModule(mangopay2-nodejs-sdk) / TsDeclClass(Users))] 
[info ] ExpandCallables.scala:48 Expanded createKycPageFromFile into 4 methods [id => mangopay2-nodejs-sdk, phase => typescript, scope => TreeScope(TsParsedFile() / TsDeclModule(mangopay2-nodejs-sdk) / TsDeclClass(Users))] 
[info ] ExpandCallables.scala:48 Expanded getEMoney into 4 methods [id => mangopay2-nodejs-sdk, phase => typescript, scope => TreeScope(TsParsedFile() / TsDeclModule(mangopay2-nodejs-sdk) / TsDeclClass(Users))] 
[info ] ExpandCallables.scala:48 Expanded createUboDeclaration into 4 methods [id => mangopay2-nodejs-sdk, phase => typescript, scope => TreeScope(TsParsedFile() / TsDeclModule(mangopay2-nodejs-sdk) / TsDeclClass(Users))] 
[info ] ExpandCallables.scala:48 Expanded getPreAuthorizations into 4 methods [id => mangopay2-nodejs-sdk, phase => typescript, scope => TreeScope(TsParsedFile() / TsDeclModule(mangopay2-nodejs-sdk) / TsDeclClass(Users))] 
[info ] ExpandCallables.scala:48 Expanded getAll into 4 methods [id => mangopay2-nodejs-sdk, phase => typescript, scope => TreeScope(TsParsedFile() / TsDeclModule(mangopay2-nodejs-sdk) / TsDeclClass(DisputeDocuments))] 
[info ] ExpandCallables.scala:48 Expanded get into 4 methods [id => mangopay2-nodejs-sdk, phase => typescript, scope => TreeScope(TsParsedFile() / TsDeclModule(mangopay2-nodejs-sdk) / TsDeclClass(DisputeDocuments))] 
[info ] ExpandCallables.scala:48 Expanded createDisputeDocumentConsult into 4 methods [id => mangopay2-nodejs-sdk, phase => typescript, scope => TreeScope(TsParsedFile() / TsDeclModule(mangopay2-nodejs-sdk) / TsDeclClass(DisputeDocuments))] 
[info ] ExpandCallables.scala:48 Expanded getRefunds into 4 methods [id => mangopay2-nodejs-sdk, phase => typescript, scope => TreeScope(TsParsedFile() / TsDeclModule(mangopay2-nodejs-sdk) / TsDeclClass(Repudiations))] 
[info ] ExpandCallables.scala:48 Expanded create into 4 methods [id => mangopay2-nodejs-sdk, phase => typescript, scope => TreeScope(TsParsedFile() / TsDeclModule(mangopay2-nodejs-sdk) / TsDeclClass(PayOuts))] 
[info ] ExpandCallables.scala:48 Expanded get into 4 methods [id => mangopay2-nodejs-sdk, phase => typescript, scope => TreeScope(TsParsedFile() / TsDeclModule(mangopay2-nodejs-sdk) / TsDeclClass(PayOuts))] 
[info ] ExpandCallables.scala:48 Expanded getRefunds into 4 methods [id => mangopay2-nodejs-sdk, phase => typescript, scope => TreeScope(TsParsedFile() / TsDeclModule(mangopay2-nodejs-sdk) / TsDeclClass(PayOuts))] 
[info ] ExpandCallables.scala:48 Expanded create into 4 methods [id => mangopay2-nodejs-sdk, phase => typescript, scope => TreeScope(TsParsedFile() / TsDeclModule(mangopay2-nodejs-sdk) / TsDeclClass(CardRegistrations))] 
[info ] ExpandCallables.scala:48 Expanded get into 4 methods [id => mangopay2-nodejs-sdk, phase => typescript, scope => TreeScope(TsParsedFile() / TsDeclModule(mangopay2-nodejs-sdk) / TsDeclClass(CardRegistrations))] 
[info ] ExpandCallables.scala:48 Expanded update into 4 methods [id => mangopay2-nodejs-sdk, phase => typescript, scope => TreeScope(TsParsedFile() / TsDeclModule(mangopay2-nodejs-sdk) / TsDeclClass(CardRegistrations))] 
[info ] ExpandCallables.scala:48 Expanded create into 4 methods [id => mangopay2-nodejs-sdk, phase => typescript, scope => TreeScope(TsParsedFile() / TsDeclModule(mangopay2-nodejs-sdk) / TsDeclClass(Hooks))] 
[info ] ExpandCallables.scala:48 Expanded get into 4 methods [id => mangopay2-nodejs-sdk, phase => typescript, scope => TreeScope(TsParsedFile() / TsDeclModule(mangopay2-nodejs-sdk) / TsDeclClass(Hooks))] 
[info ] ExpandCallables.scala:48 Expanded update into 4 methods [id => mangopay2-nodejs-sdk, phase => typescript, scope => TreeScope(TsParsedFile() / TsDeclModule(mangopay2-nodejs-sdk) / TsDeclClass(Hooks))] 
[info ] ExpandCallables.scala:48 Expanded getAll into 4 methods [id => mangopay2-nodejs-sdk, phase => typescript, scope => TreeScope(TsParsedFile() / TsDeclModule(mangopay2-nodejs-sdk) / TsDeclClass(Hooks))] 
[info ] ExpandCallables.scala:48 Expanded getAll into 4 methods [id => mangopay2-nodejs-sdk, phase => typescript, scope => TreeScope(TsParsedFile() / TsDeclModule(mangopay2-nodejs-sdk) / TsDeclClass(KycDocuments))] 
[info ] ExpandCallables.scala:48 Expanded get into 4 methods [id => mangopay2-nodejs-sdk, phase => typescript, scope => TreeScope(TsParsedFile() / TsDeclModule(mangopay2-nodejs-sdk) / TsDeclClass(KycDocuments))] 
[info ] ExpandCallables.scala:48 Expanded createKycDocumentConsult into 4 methods [id => mangopay2-nodejs-sdk, phase => typescript, scope => TreeScope(TsParsedFile() / TsDeclModule(mangopay2-nodejs-sdk) / TsDeclClass(KycDocuments))] 
[info ] ExpandCallables.scala:48 Expanded get into 4 methods [id => mangopay2-nodejs-sdk, phase => typescript, scope => TreeScope(TsParsedFile() / TsDeclModule(mangopay2-nodejs-sdk) / TsDeclClass(Disputes))] 
[info ] ExpandCallables.scala:48 Expanded getAll into 4 methods [id => mangopay2-nodejs-sdk, phase => typescript, scope => TreeScope(TsParsedFile() / TsDeclModule(mangopay2-nodejs-sdk) / TsDeclClass(Disputes))] 
[info ] ExpandCallables.scala:48 Expanded update into 4 methods [id => mangopay2-nodejs-sdk, phase => typescript, scope => TreeScope(TsParsedFile() / TsDeclModule(mangopay2-nodejs-sdk) / TsDeclClass(Disputes))] 
[info ] ExpandCallables.scala:48 Expanded contestDispute into 4 methods [id => mangopay2-nodejs-sdk, phase => typescript, scope => TreeScope(TsParsedFile() / TsDeclModule(mangopay2-nodejs-sdk) / TsDeclClass(Disputes))] 
[info ] ExpandCallables.scala:48 Expanded resubmitDispute into 4 methods [id => mangopay2-nodejs-sdk, phase => typescript, scope => TreeScope(TsParsedFile() / TsDeclModule(mangopay2-nodejs-sdk) / TsDeclClass(Disputes))] 
[info ] ExpandCallables.scala:48 Expanded closeDispute into 4 methods [id => mangopay2-nodejs-sdk, phase => typescript, scope => TreeScope(TsParsedFile() / TsDeclModule(mangopay2-nodejs-sdk) / TsDeclClass(Disputes))] 
[info ] ExpandCallables.scala:48 Expanded getTransactions into 4 methods [id => mangopay2-nodejs-sdk, phase => typescript, scope => TreeScope(TsParsedFile() / TsDeclModule(mangopay2-nodejs-sdk) / TsDeclClass(Disputes))] 
[info ] ExpandCallables.scala:48 Expanded getDisputesForWallet into 4 methods [id => mangopay2-nodejs-sdk, phase => typescript, scope => TreeScope(TsParsedFile() / TsDeclModule(mangopay2-nodejs-sdk) / TsDeclClass(Disputes))] 
[info ] ExpandCallables.scala:48 Expanded getDisputesForUser into 4 methods [id => mangopay2-nodejs-sdk, phase => typescript, scope => TreeScope(TsParsedFile() / TsDeclModule(mangopay2-nodejs-sdk) / TsDeclClass(Disputes))] 
[info ] ExpandCallables.scala:48 Expanded getRepudiation into 4 methods [id => mangopay2-nodejs-sdk, phase => typescript, scope => TreeScope(TsParsedFile() / TsDeclModule(mangopay2-nodejs-sdk) / TsDeclClass(Disputes))] 
[info ] ExpandCallables.scala:48 Expanded createSettlementTransfer into 4 methods [id => mangopay2-nodejs-sdk, phase => typescript, scope => TreeScope(TsParsedFile() / TsDeclModule(mangopay2-nodejs-sdk) / TsDeclClass(Disputes))] 
[info ] ExpandCallables.scala:48 Expanded getSettlementTransfer into 4 methods [id => mangopay2-nodejs-sdk, phase => typescript, scope => TreeScope(TsParsedFile() / TsDeclModule(mangopay2-nodejs-sdk) / TsDeclClass(Disputes))] 
[info ] ExpandCallables.scala:48 Expanded getDocumentsForDispute into 4 methods [id => mangopay2-nodejs-sdk, phase => typescript, scope => TreeScope(TsParsedFile() / TsDeclModule(mangopay2-nodejs-sdk) / TsDeclClass(Disputes))] 
[info ] ExpandCallables.scala:48 Expanded updateDisputeDocument into 4 methods [id => mangopay2-nodejs-sdk, phase => typescript, scope => TreeScope(TsParsedFile() / TsDeclModule(mangopay2-nodejs-sdk) / TsDeclClass(Disputes))] 
[info ] ExpandCallables.scala:48 Expanded createDisputeDocument into 4 methods [id => mangopay2-nodejs-sdk, phase => typescript, scope => TreeScope(TsParsedFile() / TsDeclModule(mangopay2-nodejs-sdk) / TsDeclClass(Disputes))] 
[info ] ExpandCallables.scala:48 Expanded createDisputeDocumentPage into 4 methods [id => mangopay2-nodejs-sdk, phase => typescript, scope => TreeScope(TsParsedFile() / TsDeclModule(mangopay2-nodejs-sdk) / TsDeclClass(Disputes))] 
[info ] ExpandCallables.scala:48 Expanded createDisputeDocumentPageFromFile into 4 methods [id => mangopay2-nodejs-sdk, phase => typescript, scope => TreeScope(TsParsedFile() / TsDeclModule(mangopay2-nodejs-sdk) / TsDeclClass(Disputes))] 
[info ] ExpandCallables.scala:48 Expanded getPendingSettlement into 4 methods [id => mangopay2-nodejs-sdk, phase => typescript, scope => TreeScope(TsParsedFile() / TsDeclModule(mangopay2-nodejs-sdk) / TsDeclClass(Disputes))] 
[info ] ExpandCallables.scala:48 Expanded create into 4 methods [id => mangopay2-nodejs-sdk, phase => typescript, scope => TreeScope(TsParsedFile() / TsDeclModule(mangopay2-nodejs-sdk) / TsDeclClass(Reports))] 
[info ] ExpandCallables.scala:48 Expanded get into 4 methods [id => mangopay2-nodejs-sdk, phase => typescript, scope => TreeScope(TsParsedFile() / TsDeclModule(mangopay2-nodejs-sdk) / TsDeclClass(Reports))] 
[info ] ExpandCallables.scala:48 Expanded getAll into 4 methods [id => mangopay2-nodejs-sdk, phase => typescript, scope => TreeScope(TsParsedFile() / TsDeclModule(mangopay2-nodejs-sdk) / TsDeclClass(Reports))] 
[info ] ExpandCallables.scala:48 Expanded create into 4 methods [id => mangopay2-nodejs-sdk, phase => typescript, scope => TreeScope(TsParsedFile() / TsDeclModule(mangopay2-nodejs-sdk) / TsDeclClass(Mandates))] 
[info ] ExpandCallables.scala:48 Expanded getAll into 4 methods [id => mangopay2-nodejs-sdk, phase => typescript, scope => TreeScope(TsParsedFile() / TsDeclModule(mangopay2-nodejs-sdk) / TsDeclClass(Mandates))] 
[info ] ExpandCallables.scala:48 Expanded get into 4 methods [id => mangopay2-nodejs-sdk, phase => typescript, scope => TreeScope(TsParsedFile() / TsDeclModule(mangopay2-nodejs-sdk) / TsDeclClass(Mandates))] 
[info ] ExpandCallables.scala:48 Expanded cancel into 4 methods [id => mangopay2-nodejs-sdk, phase => typescript, scope => TreeScope(TsParsedFile() / TsDeclModule(mangopay2-nodejs-sdk) / TsDeclClass(Mandates))] 
[info ] ExpandCallables.scala:48 Expanded getMandatesForUser into 4 methods [id => mangopay2-nodejs-sdk, phase => typescript, scope => TreeScope(TsParsedFile() / TsDeclModule(mangopay2-nodejs-sdk) / TsDeclClass(Mandates))] 
[info ] ExpandCallables.scala:48 Expanded getMandatesForBankAccount into 4 methods [id => mangopay2-nodejs-sdk, phase => typescript, scope => TreeScope(TsParsedFile() / TsDeclModule(mangopay2-nodejs-sdk) / TsDeclClass(Mandates))] 
[info ] ExpandCallables.scala:48 Expanded getTransactions into 4 methods [id => mangopay2-nodejs-sdk, phase => typescript, scope => TreeScope(TsParsedFile() / TsDeclModule(mangopay2-nodejs-sdk) / TsDeclClass(Mandates))] 
[info ] ExpandCallables.scala:48 Expanded getAll into 4 methods [id => mangopay2-nodejs-sdk, phase => typescript, scope => TreeScope(TsParsedFile() / TsDeclModule(mangopay2-nodejs-sdk) / TsDeclClass(Events))] 
[info ] ExpandCallables.scala:48 Expanded getTransactions into 4 methods [id => mangopay2-nodejs-sdk, phase => typescript, scope => TreeScope(TsParsedFile() / TsDeclModule(mangopay2-nodejs-sdk) / TsDeclClass(BankAccounts))] 
[info ] ExpandCallables.scala:48 Expanded create into 4 methods [id => mangopay2-nodejs-sdk, phase => typescript, scope => TreeScope(TsParsedFile() / TsDeclModule(mangopay2-nodejs-sdk) / TsDeclClass(Transfers))] 
[info ] ExpandCallables.scala:48 Expanded get into 4 methods [id => mangopay2-nodejs-sdk, phase => typescript, scope => TreeScope(TsParsedFile() / TsDeclModule(mangopay2-nodejs-sdk) / TsDeclClass(Transfers))] 
[info ] ExpandCallables.scala:48 Expanded createRefund into 4 methods [id => mangopay2-nodejs-sdk, phase => typescript, scope => TreeScope(TsParsedFile() / TsDeclModule(mangopay2-nodejs-sdk) / TsDeclClass(Transfers))] 
[info ] ExpandCallables.scala:48 Expanded getRefunds into 4 methods [id => mangopay2-nodejs-sdk, phase => typescript, scope => TreeScope(TsParsedFile() / TsDeclModule(mangopay2-nodejs-sdk) / TsDeclClass(Transfers))] 
[info ] ExpandCallables.scala:48 Expanded get into 4 methods [id => mangopay2-nodejs-sdk, phase => typescript, scope => TreeScope(TsParsedFile() / TsDeclModule(mangopay2-nodejs-sdk) / TsDeclClass(Clients))] 
[info ] ExpandCallables.scala:48 Expanded update into 4 methods [id => mangopay2-nodejs-sdk, phase => typescript, scope => TreeScope(TsParsedFile() / TsDeclModule(mangopay2-nodejs-sdk) / TsDeclClass(Clients))] 
[info ] ExpandCallables.scala:48 Expanded uploadLogo into 4 methods [id => mangopay2-nodejs-sdk, phase => typescript, scope => TreeScope(TsParsedFile() / TsDeclModule(mangopay2-nodejs-sdk) / TsDeclClass(Clients))] 
[info ] ExpandCallables.scala:48 Expanded uploadLogoFromFile into 4 methods [id => mangopay2-nodejs-sdk, phase => typescript, scope => TreeScope(TsParsedFile() / TsDeclModule(mangopay2-nodejs-sdk) / TsDeclClass(Clients))] 
[info ] ExpandCallables.scala:48 Expanded getClientWallets into 4 methods [id => mangopay2-nodejs-sdk, phase => typescript, scope => TreeScope(TsParsedFile() / TsDeclModule(mangopay2-nodejs-sdk) / TsDeclClass(Clients))] 
[info ] ExpandCallables.scala:48 Expanded getClientWallet into 4 methods [id => mangopay2-nodejs-sdk, phase => typescript, scope => TreeScope(TsParsedFile() / TsDeclModule(mangopay2-nodejs-sdk) / TsDeclClass(Clients))] 
[info ] ExpandCallables.scala:48 Expanded getClientWalletsByFundsType into 4 methods [id => mangopay2-nodejs-sdk, phase => typescript, scope => TreeScope(TsParsedFile() / TsDeclModule(mangopay2-nodejs-sdk) / TsDeclClass(Clients))] 
[info ] ExpandCallables.scala:48 Expanded getClientWalletTransactions into 4 methods [id => mangopay2-nodejs-sdk, phase => typescript, scope => TreeScope(TsParsedFile() / TsDeclModule(mangopay2-nodejs-sdk) / TsDeclClass(Clients))] 
[info ] ExpandCallables.scala:48 Expanded get into 4 methods [id => mangopay2-nodejs-sdk, phase => typescript, scope => TreeScope(TsParsedFile() / TsDeclModule(mangopay2-nodejs-sdk) / TsDeclClass(Responses))] 
[info ] ExpandCallables.scala:48 Expanded get into 4 methods [id => mangopay2-nodejs-sdk, phase => typescript, scope => TreeScope(TsParsedFile() / TsDeclModule(mangopay2-nodejs-sdk) / TsDeclClass(Cards))] 
[info ] ExpandCallables.scala:48 Expanded getByFingerprint into 4 methods [id => mangopay2-nodejs-sdk, phase => typescript, scope => TreeScope(TsParsedFile() / TsDeclModule(mangopay2-nodejs-sdk) / TsDeclClass(Cards))] 
[info ] ExpandCallables.scala:48 Expanded update into 4 methods [id => mangopay2-nodejs-sdk, phase => typescript, scope => TreeScope(TsParsedFile() / TsDeclModule(mangopay2-nodejs-sdk) / TsDeclClass(Cards))] 
[info ] ExpandCallables.scala:48 Expanded getTransactions into 4 methods [id => mangopay2-nodejs-sdk, phase => typescript, scope => TreeScope(TsParsedFile() / TsDeclModule(mangopay2-nodejs-sdk) / TsDeclClass(Cards))] 
[info ] ExpandCallables.scala:48 Expanded getPreAuthorizations into 4 methods [id => mangopay2-nodejs-sdk, phase => typescript, scope => TreeScope(TsParsedFile() / TsDeclModule(mangopay2-nodejs-sdk) / TsDeclClass(Cards))] 
[info ] ExpandCallables.scala:48 Expanded create into 16 methods [id => mangopay2-nodejs-sdk, phase => typescript, scope => TreeScope(TsParsedFile() / TsDeclModule(mangopay2-nodejs-sdk) / TsDeclClass(PayIns))] 
[info ] ExpandCallables.scala:48 Expanded get into 4 methods [id => mangopay2-nodejs-sdk, phase => typescript, scope => TreeScope(TsParsedFile() / TsDeclModule(mangopay2-nodejs-sdk) / TsDeclClass(PayIns))] 
[info ] ExpandCallables.scala:48 Expanded createRefund into 4 methods [id => mangopay2-nodejs-sdk, phase => typescript, scope => TreeScope(TsParsedFile() / TsDeclModule(mangopay2-nodejs-sdk) / TsDeclClass(PayIns))] 
[info ] ExpandCallables.scala:48 Expanded getRefunds into 4 methods [id => mangopay2-nodejs-sdk, phase => typescript, scope => TreeScope(TsParsedFile() / TsDeclModule(mangopay2-nodejs-sdk) / TsDeclClass(PayIns))] 
[info ] ExpandCallables.scala:48 Expanded get into 4 methods [id => mangopay2-nodejs-sdk, phase => typescript, scope => TreeScope(TsParsedFile() / TsDeclModule(mangopay2-nodejs-sdk) / TsDeclClass(UboDeclarations))] 
[info ] ExpandCallables.scala:48 Expanded update into 4 methods [id => mangopay2-nodejs-sdk, phase => typescript, scope => TreeScope(TsParsedFile() / TsDeclModule(mangopay2-nodejs-sdk) / TsDeclClass(UboDeclarations))] 
[info ] ExpandCallables.scala:48 Expanded get into 4 methods [id => mangopay2-nodejs-sdk, phase => typescript, scope => TreeScope(TsParsedFile() / TsDeclModule(mangopay2-nodejs-sdk) / TsDeclClass(Refunds))] 
[info ] ExpandCallables.scala:48 Expanded create into 4 methods [id => mangopay2-nodejs-sdk, phase => typescript, scope => TreeScope(TsParsedFile() / TsDeclModule(mangopay2-nodejs-sdk) / TsDeclClass(BankingAliases))] 
[info ] ExpandCallables.scala:48 Expanded get into 4 methods [id => mangopay2-nodejs-sdk, phase => typescript, scope => TreeScope(TsParsedFile() / TsDeclModule(mangopay2-nodejs-sdk) / TsDeclClass(BankingAliases))] 
[info ] ExpandCallables.scala:48 Expanded getAll into 4 methods [id => mangopay2-nodejs-sdk, phase => typescript, scope => TreeScope(TsParsedFile() / TsDeclModule(mangopay2-nodejs-sdk) / TsDeclClass(BankingAliases))] 
[info ] ExpandCallables.scala:48 Expanded update into 4 methods [id => mangopay2-nodejs-sdk, phase => typescript, scope => TreeScope(TsParsedFile() / TsDeclModule(mangopay2-nodejs-sdk) / TsDeclClass(BankingAliases))] 
[info ] ExpandCallables.scala:48 Expanded deactivate into 4 methods [id => mangopay2-nodejs-sdk, phase => typescript, scope => TreeScope(TsParsedFile() / TsDeclModule(mangopay2-nodejs-sdk) / TsDeclClass(BankingAliases))] 
[info ] ExpandCallables.scala:48 Expanded activate into 4 methods [id => mangopay2-nodejs-sdk, phase => typescript, scope => TreeScope(TsParsedFile() / TsDeclModule(mangopay2-nodejs-sdk) / TsDeclClass(BankingAliases))] 
[info ] ExpandCallables.scala:48 Expanded create into 4 methods [id => mangopay2-nodejs-sdk, phase => typescript, scope => TreeScope(TsParsedFile() / TsDeclModule(mangopay2-nodejs-sdk) / TsDeclClass(Wallets))] 
[info ] ExpandCallables.scala:48 Expanded update into 4 methods [id => mangopay2-nodejs-sdk, phase => typescript, scope => TreeScope(TsParsedFile() / TsDeclModule(mangopay2-nodejs-sdk) / TsDeclClass(Wallets))] 
[info ] ExpandCallables.scala:48 Expanded get into 4 methods [id => mangopay2-nodejs-sdk, phase => typescript, scope => TreeScope(TsParsedFile() / TsDeclModule(mangopay2-nodejs-sdk) / TsDeclClass(Wallets))] 
[info ] ExpandCallables.scala:48 Expanded getTransactions into 4 methods [id => mangopay2-nodejs-sdk, phase => typescript, scope => TreeScope(TsParsedFile() / TsDeclModule(mangopay2-nodejs-sdk) / TsDeclClass(Wallets))] 
[debug] PhaseRunner.scala:84 Success [id => mangopay2-nodejs-sdk, phase => typescript] 
[warn ] Phase2ToScalaJs.scala:43 Processing mangopay2-nodejs-sdk [id => mangopay2-nodejs-sdk, phase => scala.js] 
[info ] ImportType.scala:245 Failed type conversion: T[K] [id => mangopay2-nodejs-sdk, phase => scala.js, scope => TreeScope(TsParsedFile() / TsDeclModule(mangopay2-nodejs-sdk) / TsDeclInterface(ModelMethods) / TsMemberFunction(getData) / TsTypeLookup())] 
[info ] ImportType.scala:245 Failed type conversion: T[K] [id => mangopay2-nodejs-sdk, phase => scala.js, scope => TreeScope(TsParsedFile() / TsDeclModule(mangopay2-nodejs-sdk) / TsDeclInterface(ModelMethods) / TsMemberFunction(setData) / TsFunParam() / TsTypeLookup())] 
[info ] ImportType.scala:245 Failed type conversion: T[K] [id => mangopay2-nodejs-sdk, phase => scala.js, scope => TreeScope(TsParsedFile() / TsDeclModule(mangopay2-nodejs-sdk) / TsDeclNamespace(models) / TsDeclClass(Model) / TsMemberFunction(getData) / TsTypeLookup())] 
[info ] ImportType.scala:245 Failed type conversion: T[K] [id => mangopay2-nodejs-sdk, phase => scala.js, scope => TreeScope(TsParsedFile() / TsDeclModule(mangopay2-nodejs-sdk) / TsDeclNamespace(models) / TsDeclClass(Model) / TsMemberFunction(setData) / TsFunParam() / TsTypeLookup())] 
[info ] ImportType.scala:245 Failed type conversion: T[K] [id => mangopay2-nodejs-sdk, phase => scala.js, scope => TreeScope(TsParsedFile() / TsDeclModule(mangopay2-nodejs-sdk) / TsDeclNamespace(models) / TsDeclClass(EntityBase) / TsMemberFunction(getData) / TsTypeLookup())] 
[info ] ImportType.scala:245 Failed type conversion: T[K] [id => mangopay2-nodejs-sdk, phase => scala.js, scope => TreeScope(TsParsedFile() / TsDeclModule(mangopay2-nodejs-sdk) / TsDeclNamespace(models) / TsDeclClass(EntityBase) / TsMemberFunction(setData) / TsFunParam() / TsTypeLookup())] 
[info ] ImportType.scala:245 Failed type conversion: T[keyof T] [id => mangopay2-nodejs-sdk, phase => scala.js, scope => TreeScope(TsParsedFile() / TsDeclModule(mangopay2-nodejs-sdk/types) / TsDeclTypeAlias(ValueOf) / TsTypeLookup())] 
[info ] RemoveMultipleInheritance.scala:43 Dropped parents 
- typings.mangopay2DashNodejsDashSdk.mangopay2DashNodejsDashSdkMod.addressNs._AddressType because Already inherited [id => mangopay2-nodejs-sdk, phase => scala.js, this => Name(typings) / Name(mangopay2DashNodejsDashSdk) / Name(mangopay2DashNodejsDashSdkMod) / Name(modelsNs) / Name(Address)] 
[info ] CompleteClass.scala:65 Completed implementations Vector(Country, AddressLine1, Region, City, AddressLine2, PostalCode) [id => mangopay2-nodejs-sdk, phase => scala.js, this => Name(typings) / Name(mangopay2DashNodejsDashSdk) / Name(mangopay2DashNodejsDashSdkMod) / Name(modelsNs) / Name(Address)] 
[info ] CompleteClass.scala:65 Completed implementations Vector(InstitutionNumber, BranchCode, AccountNumber, BankName, OwnerName, OwnerAddress, Type) [id => mangopay2-nodejs-sdk, phase => scala.js, this => Name(typings) / Name(mangopay2DashNodejsDashSdk) / Name(mangopay2DashNodejsDashSdkMod) / Name(modelsNs) / Name(BankAccountDetailsCA)] 
[info ] CompleteClass.scala:65 Completed implementations Vector(SortCode, AccountNumber, OwnerName, OwnerAddress, Type) [id => mangopay2-nodejs-sdk, phase => scala.js, this => Name(typings) / Name(mangopay2DashNodejsDashSdk) / Name(mangopay2DashNodejsDashSdkMod) / Name(modelsNs) / Name(BankAccountDetailsGB)] 
[info ] CompleteClass.scala:65 Completed implementations Vector(IBAN, OwnerName, OwnerAddress, Type) [id => mangopay2-nodejs-sdk, phase => scala.js, this => Name(typings) / Name(mangopay2DashNodejsDashSdk) / Name(mangopay2DashNodejsDashSdkMod) / Name(modelsNs) / Name(BankAccountDetailsIBAN)] 
[info ] CompleteClass.scala:65 Completed implementations Vector(AccountNumber, Country, BIC, OwnerName, OwnerAddress, Type) [id => mangopay2-nodejs-sdk, phase => scala.js, this => Name(typings) / Name(mangopay2DashNodejsDashSdk) / Name(mangopay2DashNodejsDashSdkMod) / Name(modelsNs) / Name(BankAccountDetailsOther)] 
[info ] CompleteClass.scala:65 Completed implementations Vector(AccountNumber, ABA, OwnerName, OwnerAddress, Type) [id => mangopay2-nodejs-sdk, phase => scala.js, this => Name(typings) / Name(mangopay2DashNodejsDashSdk) / Name(mangopay2DashNodejsDashSdkMod) / Name(modelsNs) / Name(BankAccountDetailsUS)] 
[info ] CompleteClass.scala:65 Completed implementations Vector(BIC, Type_IBANBankingAliasData, IBAN, Country, OwnerName, CreditedUserId, WalletId, Active, Type, Tag, CreationDate, Id) [id => mangopay2-nodejs-sdk, phase => scala.js, this => Name(typings) / Name(mangopay2DashNodejsDashSdk) / Name(mangopay2DashNodejsDashSdkMod) / Name(modelsNs) / Name(BankingAlias)] 
[info ] CompleteClass.scala:65 Completed implementations Vector(Alias, CardProvider, Country, Fingerprint, CardType, ExpirationDate, BankCode, Currency, Product, Active, Validity, Tag, CreationDate, Id) [id => mangopay2-nodejs-sdk, phase => scala.js, this => Name(typings) / Name(mangopay2DashNodejsDashSdk) / Name(mangopay2DashNodejsDashSdkMod) / Name(modelsNs) / Name(Card)] 
[info ] CompleteClass.scala:65 Completed implementations Vector(SecurityInfo, PaymentStatus, SecureModeReturnURL, SecureModeNeeded, CardId, AuthorId, ResultMessage, SecureModeRedirectURL, PayInId, SecureMode, ExpirationDate, ExecutionType, DebitedFunds, ResultCode, Status, Billing, Tag, CreationDate, Id) [id => mangopay2-nodejs-sdk, phase => scala.js, this => Name(typings) / Name(mangopay2DashNodejsDashSdk) / Name(mangopay2DashNodejsDashSdkMod) / Name(modelsNs) / Name(CardPreAuthorization)] 
[info ] CompleteClass.scala:65 Completed implementations Vector(CardId, RegistrationData, ResultMessage, PreregistrationData, CardType, Currency, ResultCode, UserId, CardRegistrationURL, AccessKey, Status, Tag, CreationDate, Id) [id => mangopay2-nodejs-sdk, phase => scala.js, this => Name(typings) / Name(mangopay2DashNodejsDashSdk) / Name(mangopay2DashNodejsDashSdkMod) / Name(modelsNs) / Name(CardRegistration)] 
[info ] CompleteClass.scala:65 Completed implementations Vector(PrimaryButtonColour, BillingEmails, Name, RegisteredName, TaxNumber, CompanyReference, PlatformDescription, PlatformCategorization, HeadquartersAddress, TechEmails, ClientId, AdminEmails, Logo, PrimaryThemeColour, PlatformURL, FraudEmails, Tag, CreationDate, Id) [id => mangopay2-nodejs-sdk, phase => scala.js, this => Name(typings) / Name(mangopay2DashNodejsDashSdk) / Name(mangopay2DashNodejsDashSdkMod) / Name(modelsNs) / Name(Client)] 
[info ] CompleteClass.scala:65 Completed implementations Vector(StatusMessage, RepudiationId, ContestDeadlineDate, ResultMessage, ContestedFunds, InitialTransactionId, InitialTransactionType, DisputeReason, ResultCode, DisputedFunds, Status, DisputeType, Tag, CreationDate, Id) [id => mangopay2-nodejs-sdk, phase => scala.js, this => Name(typings) / Name(mangopay2DashNodejsDashSdk) / Name(mangopay2DashNodejsDashSdkMod) / Name(modelsNs) / Name(Dispute)] 
[info ] CompleteClass.scala:65 Completed implementations Vector(RefusedReasonType, DisputeId, ProcessedDate, UserId, RefusedReasonMessage, Status, Type, Tag, CreationDate, Id) [id => mangopay2-nodejs-sdk, phase => scala.js, this => Name(typings) / Name(mangopay2DashNodejsDashSdk) / Name(mangopay2DashNodejsDashSdkMod) / Name(modelsNs) / Name(DisputeDocument)] 
[info ] CompleteClass.scala:65 Completed implementations Vector(File) [id => mangopay2-nodejs-sdk, phase => scala.js, this => Name(typings) / Name(mangopay2DashNodejsDashSdk) / Name(mangopay2DashNodejsDashSdkMod) / Name(modelsNs) / Name(DisputeDocumentPage)] 
[info ] CompleteClass.scala:65 Completed implementations Vector(ExpirationDate, Url) [id => mangopay2-nodejs-sdk, phase => scala.js, this => Name(typings) / Name(mangopay2DashNodejsDashSdk) / Name(mangopay2DashNodejsDashSdkMod) / Name(modelsNs) / Name(DocumentPageConsult)] 
[info ] CompleteClass.scala:65 Completed implementations Vector(DebitedEMoney, CreditedEMoney, UserId, Tag, CreationDate, Id) [id => mangopay2-nodejs-sdk, phase => scala.js, this => Name(typings) / Name(mangopay2DashNodejsDashSdk) / Name(mangopay2DashNodejsDashSdkMod) / Name(modelsNs) / Name(EMoney)] 
[info ] CompleteClass.scala:65 Completed implementations Vector(Url, EventType, Validity, Status, Tag, CreationDate, Id) [id => mangopay2-nodejs-sdk, phase => scala.js, this => Name(typings) / Name(mangopay2DashNodejsDashSdk) / Name(mangopay2DashNodejsDashSdkMod) / Name(modelsNs) / Name(Hook)] 
[info ] CompleteClass.scala:65 Completed implementations Vector(RefusedReasonType, ProcessedDate, UserId, RefusedReasonMessage, Status, Type, Tag, CreationDate, Id) [id => mangopay2-nodejs-sdk, phase => scala.js, this => Name(typings) / Name(mangopay2DashNodejsDashSdk) / Name(mangopay2DashNodejsDashSdkMod) / Name(modelsNs) / Name(KycDocument)] 
[info ] CompleteClass.scala:65 Completed implementations Vector(File) [id => mangopay2-nodejs-sdk, phase => scala.js, this => Name(typings) / Name(mangopay2DashNodejsDashSdk) / Name(mangopay2DashNodejsDashSdkMod) / Name(modelsNs) / Name(KycPage)] 
[info ] CompleteClass.scala:65 Completed implementations Vector(RedirectURL, ResultMessage, DocumentURL, MandateType, Culture, BankAccountId, BankReference, ExecutionType, ReturnURL, ResultCode, UserId, Scheme, Status, Tag, CreationDate, Id) [id => mangopay2-nodejs-sdk, phase => scala.js, this => Name(typings) / Name(mangopay2DashNodejsDashSdk) / Name(mangopay2DashNodejsDashSdkMod) / Name(modelsNs) / Name(Mandate)] 
[info ] CompleteClass.scala:65 Completed implementations Vector(CreditedFunds, Nature, ExecutionDate, Fees, AuthorId, ResultMessage, CreditedWalletId, ExecutionType, DebitedFunds, ResultCode, CreditedUserId, DebitedWalletId, PaymentType, Status, Type, Tag, CreationDate, Id) [id => mangopay2-nodejs-sdk, phase => scala.js, this => Name(typings) / Name(mangopay2DashNodejsDashSdk) / Name(mangopay2DashNodejsDashSdkMod) / Name(modelsNs) / Name(PayIn)] 
[info ] CompleteClass.scala:65 Completed implementations Vector(Nature, BeforeDate, AuthorId, MinFeesAmount, MaxDebitedFundsCurrency, MinDebitedFundsCurrency, MaxDebitedFundsAmount, AfterDate, MinDebitedFundsAmount, MaxFeesAmount, MaxFeesCurrency, WalletId, MinFeesCurrency, Status, Type, DownloadURL, ReportDate, DownloadFormat, ResultMessage, CallbackURL, Columns, ResultCode, ReportType, Filters, Sort, Preview, Tag, CreationDate, Id) [id => mangopay2-nodejs-sdk, phase => scala.js, this => Name(typings) / Name(mangopay2DashNodejsDashSdk) / Name(mangopay2DashNodejsDashSdkMod) / Name(modelsNs) / Name(Report)] 
[info ] CompleteClass.scala:65 Completed implementations Vector(RefundReason, InitialTransactionType, InitialTransactionId, Nature_RepudiationData, CreditedFunds, Nature, ExecutionDate, Fees, AuthorId, ResultMessage, CreditedWalletId, DebitedFunds, ResultCode, CreditedUserId, DebitedWalletId, Status, Type, Tag, CreationDate, Id) [id => mangopay2-nodejs-sdk, phase => scala.js, this => Name(typings) / Name(mangopay2DashNodejsDashSdk) / Name(mangopay2DashNodejsDashSdkMod) / Name(modelsNs) / Name(Repudiation)] 
[info ] CompleteClass.scala:65 Completed implementations Vector(Nature_SettlementTransferData, RepudiationId, RefundReason, InitialTransactionId, InitialTransactionType, CreditedFunds, Nature, ExecutionDate, Fees, AuthorId, ResultMessage, CreditedWalletId, DebitedFunds, ResultCode, CreditedUserId, DebitedWalletId, Status, Type, Tag, CreationDate, Id) [id => mangopay2-nodejs-sdk, phase => scala.js, this => Name(typings) / Name(mangopay2DashNodejsDashSdk) / Name(mangopay2DashNodejsDashSdkMod) / Name(modelsNs) / Name(SettlementTransfer)] 
[info ] CompleteClass.scala:65 Completed implementations Vector(CreditedFunds, Nature, ExecutionDate, Fees, AuthorId, ResultMessage, CreditedWalletId, DebitedFunds, ResultCode, CreditedUserId, DebitedWalletId, Status, Type, Tag, CreationDate, Id) [id => mangopay2-nodejs-sdk, phase => scala.js, this => Name(typings) / Name(mangopay2DashNodejsDashSdk) / Name(mangopay2DashNodejsDashSdkMod) / Name(modelsNs) / Name(Transaction)] 
[info ] CompleteClass.scala:65 Completed implementations Vector(CreditedFunds, Nature, ExecutionDate, Fees, AuthorId, ResultMessage, CreditedWalletId, DebitedFunds, ResultCode, CreditedUserId, DebitedWalletId, Status, Type, Tag, CreationDate, Id) [id => mangopay2-nodejs-sdk, phase => scala.js, this => Name(typings) / Name(mangopay2DashNodejsDashSdk) / Name(mangopay2DashNodejsDashSdkMod) / Name(modelsNs) / Name(Transfer)] 
[info ] CompleteClass.scala:65 Completed implementations Vector(DeclaredUBOs, RefusedReasonTypes, UserId, RefusedReasonMessage, Status, Tag, CreationDate, Id) [id => mangopay2-nodejs-sdk, phase => scala.js, this => Name(typings) / Name(mangopay2DashNodejsDashSdk) / Name(mangopay2DashNodejsDashSdkMod) / Name(modelsNs) / Name(UboDeclaration)] 
[info ] CompleteClass.scala:65 Completed implementations Vector(Email, KYCLevel, PersonType, Tag, CreationDate, Id) [id => mangopay2-nodejs-sdk, phase => scala.js, this => Name(typings) / Name(mangopay2DashNodejsDashSdk) / Name(mangopay2DashNodejsDashSdkMod) / Name(modelsNs) / Name(User)] 
[info ] CompleteClass.scala:65 Completed implementations Vector(ProofOfIdentity, ShareholderDeclaration, LegalRepresentativeNationality, Name, LegalRepresentativeEmail, HeadquartersAddress, LegalRepresentativeBirthday, ProofOfRegistration, LegalRepresentativeFirstName, PersonType_UserLegalData, LegalRepresentativeCountryOfResidence, CompanyNumber, LegalPersonType, LegalRepresentativeLastName, LegalRepresentativeAddress, Statute, Email, KYCLevel, PersonType, Tag, CreationDate, Id) [id => mangopay2-nodejs-sdk, phase => scala.js, this => Name(typings) / Name(mangopay2DashNodejsDashSdk) / Name(mangopay2DashNodejsDashSdkMod) / Name(modelsNs) / Name(UserLegal)] 
[info ] CompleteClass.scala:65 Completed implementations Vector(LastName, ProofOfIdentity, Address, Occupation, FirstName, IncomeRange, ProofOfAddress, PersonType_UserNaturalData, Nationality, CountryOfResidence, Birthday, Capacity, Email, KYCLevel, PersonType, Tag, CreationDate, Id) [id => mangopay2-nodejs-sdk, phase => scala.js, this => Name(typings) / Name(mangopay2DashNodejsDashSdk) / Name(mangopay2DashNodejsDashSdkMod) / Name(modelsNs) / Name(UserNatural)] 
[debug] PhaseRunner.scala:84 Success [id => mangopay2-nodejs-sdk, phase => scala.js] 
[warn ] Phase3Compile.scala:208 Building mangopay2-nodejs-sdk... [id => mangopay2-nodejs-sdk, phase => build] 
[error] Phase3Compile.scala:234 [E] [E16] src/main/scala/typings/mangopay2DashNodejsDashSdk/mangopay2DashNodejsDashSdkMod/modelsNs.scala:134:13
[E]       class type required but typings.mangopay2DashNodejsDashSdk.mangopay2DashNodejsDashSdkMod.bankAccountNs.BaseData with typings.mangopay2DashNodejsDashSdk.mangopay2DashNodejsDashSdkMod.bankAccountNs.OtherDetails with typings.mangopay2DashNodejsDashSdk.mangopay2DashNodejsDashSdkMod.bankAccountNs.CADetails with typings.mangopay2DashNodejsDashSdk.mangopay2DashNodejsDashSdkMod.bankAccountNs.GBDetails with typings.mangopay2DashNodejsDashSdk.mangopay2DashNodejsDashSdkMod.bankAccountNs.IBANDetails with typings.mangopay2DashNodejsDashSdk.mangopay2DashNodejsDashSdkMod.bankAccountNs.USDetails found
[E]       L134:        with DataIntersection {
[E]                         ^
[E] [E15] src/main/scala/typings/mangopay2DashNodejsDashSdk/mangopay2DashNodejsDashSdkMod/modelsNs.scala:133:66
[E]       class type required but typings.mangopay2DashNodejsDashSdk.mangopay2DashNodejsDashSdkMod.bankAccountNs.BaseData with typings.mangopay2DashNodejsDashSdk.mangopay2DashNodejsDashSdkMod.bankAccountNs.USDetails found
[E]       L133:        with OtherData with CAData with GBData with IBANData with USData
[E]                                                                              ^
[E] [E14] src/main/scala/typings/mangopay2DashNodejsDashSdk/mangopay2DashNodejsDashSdkMod/modelsNs.scala:133:52
[E]       class type required but typings.mangopay2DashNodejsDashSdk.mangopay2DashNodejsDashSdkMod.bankAccountNs.BaseData with typings.mangopay2DashNodejsDashSdk.mangopay2DashNodejsDashSdkMod.bankAccountNs.IBANDetails found
[E]       L133:        with OtherData with CAData with GBData with IBANData with USData
[E]                                                                ^
[E] [E13] src/main/scala/typings/mangopay2DashNodejsDashSdk/mangopay2DashNodejsDashSdkMod/modelsNs.scala:133:40
[E]       class type required but typings.mangopay2DashNodejsDashSdk.mangopay2DashNodejsDashSdkMod.bankAccountNs.BaseData with typings.mangopay2DashNodejsDashSdk.mangopay2DashNodejsDashSdkMod.bankAccountNs.GBDetails found
[E]       L133:        with OtherData with CAData with GBData with IBANData with USData
[E]                                                    ^
[E] [E12] src/main/scala/typings/mangopay2DashNodejsDashSdk/mangopay2DashNodejsDashSdkMod/modelsNs.scala:133:28
[E]       class type required but typings.mangopay2DashNodejsDashSdk.mangopay2DashNodejsDashSdkMod.bankAccountNs.BaseData with typings.mangopay2DashNodejsDashSdk.mangopay2DashNodejsDashSdkMod.bankAccountNs.CADetails found
[E]       L133:        with OtherData with CAData with GBData with IBANData with USData
[E]                                        ^
[E] [E11] src/main/scala/typings/mangopay2DashNodejsDashSdk/mangopay2DashNodejsDashSdkMod/modelsNs.scala:133:13
[E]       class type required but typings.mangopay2DashNodejsDashSdk.mangopay2DashNodejsDashSdkMod.bankAccountNs.BaseData with typings.mangopay2DashNodejsDashSdk.mangopay2DashNodejsDashSdkMod.bankAccountNs.OtherDetails found
[E]       L133:        with OtherData with CAData with GBData with IBANData with USData
[E]                         ^
[E] [E6] src/main/scala/typings/mangopay2DashNodejsDashSdk/mangopay2DashNodejsDashSdkMod/BankingAliases.scala:263:7
[E]      illegal cyclic reference involving type Partial
[E]      L263:   def update_CreditedUserId(data: Partial[Omit[CreateIBANBankingAlias, CreditedUserId]], options: MethodOptionWithoutResponse): js.Promise[IBANBankingAliasData] = js.native
[E]                  ^
[E] [E5] src/main/scala/typings/mangopay2DashNodejsDashSdk/mangopay2DashNodejsDashSdkMod/BankingAliases.scala:261:7
[E]      illegal cyclic reference involving type Partial
[E]      L261:   def update_CreditedUserId(data: Partial[Omit[CreateIBANBankingAlias, CreditedUserId]], options: MethodOptionWithResponse): js.Promise[WithResponse[IBANBankingAliasData]] = js.native
[E]                  ^
[E] [E4] src/main/scala/typings/mangopay2DashNodejsDashSdk/mangopay2DashNodejsDashSdkMod/BankingAliases.scala:250:7
[E]      illegal cyclic reference involving type Partial
[E]      L250:   def update_CreditedUserId(
[E]                  ^
[E] [E3] src/main/scala/typings/mangopay2DashNodejsDashSdk/mangopay2DashNodejsDashSdkMod/BankingAliases.scala:244:7
[E]      illegal cyclic reference involving type Partial
[E]      L244:   def update_CreditedUserId(
[E]                  ^
[E] [E2] src/main/scala/typings/mangopay2DashNodejsDashSdk/mangopay2DashNodejsDashSdkMod/BankingAliases.scala:234:7
[E]      illegal cyclic reference involving type Partial
[E]      L234:   def update_CreditedUserId(
[E]                  ^
[E] [E1] src/main/scala/typings/mangopay2DashNodejsDashSdk/mangopay2DashNodejsDashSdkMod/BankingAliases.scala:227:7
[E]      illegal cyclic reference involving type Partial
[E]      L227:   def update_CreditedUserId(data: Partial[Omit[CreateIBANBankingAlias, CreditedUserId]]): js.Promise[IBANBankingAliasData] = js.native
[E]                  ^
[E] src/main/scala/typings/mangopay2DashNodejsDashSdk/mangopay2DashNodejsDashSdkMod/package.scala: L3 [E17], L3 [E18]
[E] src/main/scala/typings/mangopay2DashNodejsDashSdk/mangopay2DashNodejsDashSdkMod/BankingAliases.scala: L227 [E1], L234 [E2], L244 [E3], L250 [E4], L261 [E5], L263 [E6]
[E] src/main/scala/typings/mangopay2DashNodejsDashSdk/mangopay2DashNodejsDashSdkMod/mandateNs/package.scala: L3 [E9], L3 [E10]
[E] src/main/scala/typings/mangopay2DashNodejsDashSdk/typesMod/package.scala: L3 [E23], L3 [E24]
[E] src/main/scala/typings/mangopay2DashNodejsDashSdk/mangopay2DashNodejsDashSdkMod/clientNs/package.scala: L3 [E7], L3 [E8]
[E] src/main/scala/typings/mangopay2DashNodejsDashSdk/mangopay2DashNodejsDashSdkMod/modelsNs.scala: L133 [E11], L133 [E12], L133 [E13], L133 [E14], L133 [E15], L134 [E16]
[E] src/main/scala/typings/mangopay2DashNodejsDashSdk/mangopay2DashNodejsDashSdkMod/payInNs/package.scala: L3 [E19], L3 [E20], L4 [E21], L4 [E22]
[E] Failed to compile 'mangopay2-nodejs-sdk'
 [id => mangopay2-nodejs-sdk, phase => build] 
[error] PhaseRunner.scala:88 Failure, [mangopay2-nodejs-sdk => Compilation failed] [id => mangopay2-nodejs-sdk, phase => build] 
[error] PhaseRunner.scala:88 Failure, [mangopay2-nodejs-sdk => Compilation failed] [id => mangopay2-nodejs-sdk, phase => publish] 
