[debug] PhaseRunner.scala:82 Success [id => mapbox-gl, phase => typescript] 
[info ] Phase1ReadTypescript.scala:160 Preprocessing TsHelperFile(InFile(/home/tso/tmp/tso-cache/DefinitelyTyped/types/mapbox-gl/index.d.ts),FromFolder(InFolder(/home/tso/tmp/tso-cache/DefinitelyTyped/types/mapbox-gl),TsIdentLibrarySimple(mapbox-gl)),TsIdentModule(None,List(mapbox-gl))) [id => mapbox-gl, phase => typescript] 
[info ] InferredDefaultModule.scala:39 Inferred module TsIdentModule(None,List(mapbox-gl)) [id => mapbox-gl, phase => typescript] 
[warn ] Phase1ReadTypescript.scala:200 Processing TsIdentLibrarySimple(mapbox-gl) [id => mapbox-gl, phase => typescript] 
[info ] ExpandKeyOfTypeParams.scala:40 Expanding 13 members for TsIdentSimple(on) [id => mapbox-gl, phase => typescript, scope => TreeScope(TsParsedFile() / TsDeclModule(mapbox-gl) / TsDeclNamespace(mapboxgl) / TsDeclInterface(Map))] 
[info ] ExpandKeyOfTypeParams.scala:40 Expanding 45 members for TsIdentSimple(on) [id => mapbox-gl, phase => typescript, scope => TreeScope(TsParsedFile() / TsDeclModule(mapbox-gl) / TsDeclNamespace(mapboxgl) / TsDeclInterface(Map))] 
[info ] ExpandKeyOfTypeParams.scala:40 Expanding 13 members for TsIdentSimple(once) [id => mapbox-gl, phase => typescript, scope => TreeScope(TsParsedFile() / TsDeclModule(mapbox-gl) / TsDeclNamespace(mapboxgl) / TsDeclInterface(Map))] 
[info ] ExpandKeyOfTypeParams.scala:40 Expanding 45 members for TsIdentSimple(once) [id => mapbox-gl, phase => typescript, scope => TreeScope(TsParsedFile() / TsDeclModule(mapbox-gl) / TsDeclNamespace(mapboxgl) / TsDeclInterface(Map))] 
[info ] ExpandKeyOfTypeParams.scala:40 Expanding 13 members for TsIdentSimple(off) [id => mapbox-gl, phase => typescript, scope => TreeScope(TsParsedFile() / TsDeclModule(mapbox-gl) / TsDeclNamespace(mapboxgl) / TsDeclInterface(Map))] 
[info ] ExpandKeyOfTypeParams.scala:40 Expanding 45 members for TsIdentSimple(off) [id => mapbox-gl, phase => typescript, scope => TreeScope(TsParsedFile() / TsDeclModule(mapbox-gl) / TsDeclNamespace(mapboxgl) / TsDeclInterface(Map))] 
[info ] PreferTypeAlias.scala:45 Simplified to type alias [id => mapbox-gl, phase => typescript, scope => TreeScope(TsParsedFile() / TsDeclModule(mapbox-gl) / TsDeclNamespace(mapboxgl) / TsDeclInterface(Control))] 
[info ] PreferTypeAlias.scala:45 Simplified to type alias [id => mapbox-gl, phase => typescript, scope => TreeScope(TsParsedFile() / TsDeclModule(mapbox-gl) / TsDeclNamespace(mapboxgl) / TsDeclInterface(NavigationControl))] 
[info ] PreferTypeAlias.scala:45 Simplified to type alias [id => mapbox-gl, phase => typescript, scope => TreeScope(TsParsedFile() / TsDeclModule(mapbox-gl) / TsDeclNamespace(mapboxgl) / TsDeclInterface(AttributionControl))] 
[info ] PreferTypeAlias.scala:45 Simplified to type alias [id => mapbox-gl, phase => typescript, scope => TreeScope(TsParsedFile() / TsDeclModule(mapbox-gl) / TsDeclNamespace(mapboxgl) / TsDeclInterface(FullscreenControl))] 
[info ] ExtractInterfaces.scala:37 Extracted anonymous interface TsIdentSimple(Anon_FailIfMajorPerformanceCaveat) [id => mapbox-gl, phase => typescript, scope => TreeScope(TsParsedFile() / TsDeclModule(mapbox-gl) / TsDeclFunction(supported) / TsFunSig() / TsFunParam() / TsTypeObject())] 
[info ] ExtractInterfaces.scala:37 Extracted anonymous interface TsIdentSimple(Anon_BearingSnap) [id => mapbox-gl, phase => typescript, scope => TreeScope(TsParsedFile() / TsDeclModule(mapbox-gl) / TsDeclClass(DragRotateHandler) / TsMemberFunction(constructor) / TsFunSig() / TsFunParam() / TsTypeObject())] 
[info ] ExtractInterfaces.scala:37 Extracted anonymous interface TsIdentSimple(Anon_ShowCompass) [id => mapbox-gl, phase => typescript, scope => TreeScope(TsParsedFile() / TsDeclModule(mapbox-gl) / TsDeclClass(NavigationControl) / TsMemberFunction(constructor) / TsFunSig() / TsFunParam() / TsTypeObject())] 
[info ] ExtractInterfaces.scala:37 Extracted anonymous interface TsIdentSimple(Anon_FitBoundsOptions) [id => mapbox-gl, phase => typescript, scope => TreeScope(TsParsedFile() / TsDeclModule(mapbox-gl) / TsDeclClass(GeolocateControl) / TsMemberFunction(constructor) / TsFunSig() / TsFunParam() / TsTypeObject())] 
[info ] ExtractInterfaces.scala:37 Extracted anonymous interface TsIdentSimple(Anon_Compact) [id => mapbox-gl, phase => typescript, scope => TreeScope(TsParsedFile() / TsDeclModule(mapbox-gl) / TsDeclClass(AttributionControl) / TsMemberFunction(constructor) / TsFunSig() / TsFunParam() / TsTypeObject())] 
[info ] ExtractInterfaces.scala:37 Extracted anonymous interface TsIdentSimple(Anon_MaxWidth) [id => mapbox-gl, phase => typescript, scope => TreeScope(TsParsedFile() / TsDeclModule(mapbox-gl) / TsDeclClass(ScaleControl) / TsMemberFunction(constructor) / TsFunSig() / TsFunParam() / TsTypeObject())] 
[info ] ExtractInterfaces.scala:37 Extracted anonymous interface TsIdentSimple(Anon_Filter) [id => mapbox-gl, phase => typescript, scope => TreeScope(TsParsedFile() / TsDeclModule(mapbox-gl) / TsDeclNamespace(mapboxgl) / TsDeclInterface(Map) / TsMemberFunction(queryRenderedFeatures) / TsFunSig() / TsFunParam() / TsTypeObject())] 
[info ] ExtractInterfaces.scala:37 Extracted anonymous interface TsIdentSimple(Anon_Filter) [id => mapbox-gl, phase => typescript, scope => TreeScope(TsParsedFile() / TsDeclModule(mapbox-gl) / TsDeclNamespace(mapboxgl) / TsDeclInterface(Map) / TsMemberFunction(queryRenderedFeatures) / TsFunSig() / TsFunParam() / TsTypeObject())] 
[info ] ExtractInterfaces.scala:37 Extracted anonymous interface TsIdentSimple(Anon_FilterSourceLayer) [id => mapbox-gl, phase => typescript, scope => TreeScope(TsParsedFile() / TsDeclModule(mapbox-gl) / TsDeclNamespace(mapboxgl) / TsDeclInterface(Map) / TsMemberFunction(querySourceFeatures) / TsFunSig() / TsFunParam() / TsTypeObject())] 
[info ] ExtractInterfaces.scala:37 Extracted anonymous interface TsIdentSimple(Anon_Diff) [id => mapbox-gl, phase => typescript, scope => TreeScope(TsParsedFile() / TsDeclModule(mapbox-gl) / TsDeclNamespace(mapboxgl) / TsDeclInterface(Map) / TsMemberFunction(setStyle) / TsFunSig() / TsFunParam() / TsTypeObject())] 
[info ] ExtractInterfaces.scala:37 Extracted anonymous interface TsIdentSimple(Anon_Diff) [id => mapbox-gl, phase => typescript, scope => TreeScope(TsParsedFile() / TsDeclModule(mapbox-gl) / TsDeclNamespace(mapboxgl) / TsDeclInterface(Map) / TsMemberFunction(setStyle) / TsFunSig() / TsFunParam() / TsTypeObject())] 
[info ] ExtractInterfaces.scala:37 Extracted anonymous interface TsIdentSimple(Anon_PixelRatio) [id => mapbox-gl, phase => typescript, scope => TreeScope(TsParsedFile() / TsDeclModule(mapbox-gl) / TsDeclNamespace(mapboxgl) / TsDeclInterface(Map) / TsMemberFunction(addImage) / TsFunSig() / TsFunParam() / TsTypeObject())] 
[info ] ExtractInterfaces.scala:37 Extracted anonymous interface TsIdentSimple(Anon_PixelRatio) [id => mapbox-gl, phase => typescript, scope => TreeScope(TsParsedFile() / TsDeclModule(mapbox-gl) / TsDeclNamespace(mapboxgl) / TsDeclInterface(Map) / TsMemberFunction(addImage) / TsFunSig() / TsFunParam() / TsTypeObject())] 
[info ] ExtractInterfaces.scala:37 Extracted anonymous interface TsIdentSimple(Anon_Data) [id => mapbox-gl, phase => typescript, scope => TreeScope(TsParsedFile() / TsDeclModule(mapbox-gl) / TsDeclNamespace(mapboxgl) / TsDeclInterface(Map) / TsMemberFunction(addImage) / TsFunSig() / TsFunParam() / TsTypeObject())] 
[info ] ExtractInterfaces.scala:37 Extracted anonymous interface TsIdentSimple(Anon_Data) [id => mapbox-gl, phase => typescript, scope => TreeScope(TsParsedFile() / TsDeclModule(mapbox-gl) / TsDeclNamespace(mapboxgl) / TsDeclInterface(Map) / TsMemberFunction(addImage) / TsFunSig() / TsFunParam() / TsTypeObject())] 
[info ] ExtractInterfaces.scala:37 Extracted anonymous interface TsIdentSimple(Anon_PixelRatio) [id => mapbox-gl, phase => typescript, scope => TreeScope(TsParsedFile() / TsDeclModule(mapbox-gl) / TsDeclNamespace(mapboxgl) / TsDeclInterface(Map) / TsMemberFunction(addImage) / TsFunSig() / TsFunParam() / TsTypeObject())] 
[info ] ExtractInterfaces.scala:37 Extracted anonymous interface TsIdentSimple(Anon_PixelRatio) [id => mapbox-gl, phase => typescript, scope => TreeScope(TsParsedFile() / TsDeclModule(mapbox-gl) / TsDeclNamespace(mapboxgl) / TsDeclInterface(Map) / TsMemberFunction(addImage) / TsFunSig() / TsFunParam() / TsTypeObject())] 
[info ] ExtractInterfaces.scala:37 Extracted anonymous interface TsIdentSimple(Anon_Id) [id => mapbox-gl, phase => typescript, scope => TreeScope(TsParsedFile() / TsDeclModule(mapbox-gl) / TsDeclNamespace(mapboxgl) / TsDeclInterface(Map) / TsMemberFunction(setFeatureState) / TsFunSig() / TsFunParam() / TsTypeObject())] 
[info ] ExtractInterfaces.scala:37 Extracted anonymous interface TsIdentSimple(Anon_Id) [id => mapbox-gl, phase => typescript, scope => TreeScope(TsParsedFile() / TsDeclModule(mapbox-gl) / TsDeclNamespace(mapboxgl) / TsDeclInterface(Map) / TsMemberFunction(getFeatureState) / TsFunSig() / TsFunParam() / TsTypeObject())] 
[info ] ExtractInterfaces.scala:37 Extracted anonymous interface TsIdentSimple(Anon_DelayEndEvents) [id => mapbox-gl, phase => typescript, scope => TreeScope(TsParsedFile() / TsDeclModule(mapbox-gl) / TsDeclNamespace(mapboxgl) / TsDeclInterface(Map) / TsMemberFunction(easeTo) / TsFunSig() / TsFunParam() / TsTypeIntersect() / TsTypeObject())] 
[info ] ExtractInterfaces.scala:37 Extracted anonymous interface TsIdentSimple(Anon_DelayEndEvents) [id => mapbox-gl, phase => typescript, scope => TreeScope(TsParsedFile() / TsDeclModule(mapbox-gl) / TsDeclNamespace(mapboxgl) / TsDeclInterface(Map) / TsMemberFunction(easeTo) / TsFunSig() / TsFunParam() / TsTypeIntersect() / TsTypeObject())] 
[info ] ExtractInterfaces.scala:37 Extracted anonymous interface TsIdentSimple(Anon_Key) [id => mapbox-gl, phase => typescript, scope => TreeScope(TsParsedFile() / TsDeclModule(mapbox-gl) / TsDeclNamespace(mapboxgl) / TsDeclTypeAlias(MapboxGeoJSONFeature) / TsTypeIntersect() / TsTypeObject())] 
[info ] ExtractInterfaces.scala:37 Extracted anonymous interface TsIdentSimple(Anon_Features) [id => mapbox-gl, phase => typescript, scope => TreeScope(TsParsedFile() / TsDeclModule(mapbox-gl) / TsDeclNamespace(mapboxgl) / TsDeclTypeAlias(MapLayerMouseEvent) / TsTypeIntersect() / TsTypeObject())] 
[info ] ExtractInterfaces.scala:37 Extracted anonymous interface TsIdentSimple(Anon_Features) [id => mapbox-gl, phase => typescript, scope => TreeScope(TsParsedFile() / TsDeclModule(mapbox-gl) / TsDeclNamespace(mapboxgl) / TsDeclTypeAlias(MapLayerTouchEvent) / TsTypeIntersect() / TsTypeObject())] 
[info ] ExtractInterfaces.scala:37 Extracted anonymous interface TsIdentSimple(Anon_Lat) [id => mapbox-gl, phase => typescript, scope => TreeScope(TsParsedFile() / TsDeclModule(mapbox-gl) / TsDeclNamespace(mapboxgl) / TsDeclTypeAlias(LngLatLike) / TsTypeUnion() / TsTypeObject())] 
[info ] ExtractInterfaces.scala:37 Extracted anonymous interface TsIdentSimple(Anon_LatLon) [id => mapbox-gl, phase => typescript, scope => TreeScope(TsParsedFile() / TsDeclModule(mapbox-gl) / TsDeclNamespace(mapboxgl) / TsDeclTypeAlias(LngLatLike) / TsTypeUnion() / TsTypeObject())] 
[debug] PhaseRunner.scala:82 Success [id => mapbox-gl, phase => typescript] 
[warn ] Phase2ToScalaJs.scala:40 Processing mapbox-gl [id => mapbox-gl, phase => scala.js] 
[info ] CompleteClass.scala:58 Completed implementations Vector(isEnabled, isActive, disable, enable) [id => mapbox-gl, phase => scala.js, this => Name(mapboxDashGlLib) / Name(mapboxDashGlMod) / Name(BoxZoomHandler)] 
[info ] CompleteClass.scala:58 Completed implementations Vector(type_CanvasSource, pause, play, getCanvas, setCoordinates, `type`, coordinates, canvas) [id => mapbox-gl, phase => scala.js, this => Name(mapboxDashGlLib) / Name(mapboxDashGlMod) / Name(CanvasSource)] 
[info ] CompleteClass.scala:58 Completed implementations Vector(isEnabled, disable, enable) [id => mapbox-gl, phase => scala.js, this => Name(mapboxDashGlLib) / Name(mapboxDashGlMod) / Name(DoubleClickZoomHandler)] 
[info ] CompleteClass.scala:58 Completed implementations Vector(isEnabled, isActive, disable, enable) [id => mapbox-gl, phase => scala.js, this => Name(mapboxDashGlLib) / Name(mapboxDashGlMod) / Name(DragPanHandler)] 
[info ] CompleteClass.scala:58 Completed implementations Vector(isEnabled, isActive, disable, enable) [id => mapbox-gl, phase => scala.js, this => Name(mapboxDashGlLib) / Name(mapboxDashGlMod) / Name(DragRotateHandler)] 
[info ] CompleteClass.scala:58 Completed implementations Vector(type_ErrorEvent, error, `type`, originalEvent, target) [id => mapbox-gl, phase => scala.js, this => Name(mapboxDashGlLib) / Name(mapboxDashGlMod) / Name(ErrorEvent)] 
[info ] CompleteClass.scala:58 Completed implementations Vector(type_GeoJSONSourceRaw, `type`) [id => mapbox-gl, phase => scala.js, this => Name(mapboxDashGlLib) / Name(mapboxDashGlMod) / Name(GeoJSONSource)] 
[info ] CompleteClass.scala:58 Completed implementations Vector(type_ImageSource, setCoordinates, `type`) [id => mapbox-gl, phase => scala.js, this => Name(mapboxDashGlLib) / Name(mapboxDashGlMod) / Name(ImageSource)] 
[info ] CompleteClass.scala:58 Completed implementations Vector(isEnabled, disable, enable) [id => mapbox-gl, phase => scala.js, this => Name(mapboxDashGlLib) / Name(mapboxDashGlMod) / Name(KeyboardHandler)] 
[info ] CompleteClass.scala:58 Completed implementations Vector(lat, lng, toBounds, toArray, wrap) [id => mapbox-gl, phase => scala.js, this => Name(mapboxDashGlLib) / Name(mapboxDashGlMod) / Name(LngLat)] 
[info ] CompleteClass.scala:58 Completed implementations Vector(type_MapMouseEvent, lngLat, point, defaultPrevented, preventDefault, `type`, originalEvent, target) [id => mapbox-gl, phase => scala.js, this => Name(mapboxDashGlLib) / Name(mapboxDashGlMod) / Name(MapMouseEvent)] 
[info ] CompleteClass.scala:58 Completed implementations Vector(point, lngLats, defaultPrevented, points, lngLat, type_MapTouchEvent, preventDefault, `type`, originalEvent, target) [id => mapbox-gl, phase => scala.js, this => Name(mapboxDashGlLib) / Name(mapboxDashGlMod) / Name(MapTouchEvent)] 
[info ] CompleteClass.scala:58 Completed implementations Vector(type_MapWheelEvent, defaultPrevented, preventDefault, `type`, originalEvent, target) [id => mapbox-gl, phase => scala.js, this => Name(mapboxDashGlLib) / Name(mapboxDashGlMod) / Name(MapWheelEvent)] 
[info ] CompleteClass.scala:58 Completed implementations Vector(`type`, originalEvent, target) [id => mapbox-gl, phase => scala.js, this => Name(mapboxDashGlLib) / Name(mapboxDashGlMod) / Name(MapboxEvent)] 
[info ] CompleteClass.scala:58 Completed implementations Vector(y, x, dist, mult, angle, perp, equals, add, angleTo, round, rotate, angleWithSep, distSqr, div, mag, unit, angleWidth, sub, matMult) [id => mapbox-gl, phase => scala.js, this => Name(mapboxDashGlLib) / Name(mapboxDashGlMod) / Name(Point)] 
[info ] CompleteClass.scala:58 Completed implementations Vector(isEnabled, disable, enable) [id => mapbox-gl, phase => scala.js, this => Name(mapboxDashGlLib) / Name(mapboxDashGlMod) / Name(ScrollZoomHandler)] 
[info ] CompleteClass.scala:58 Completed implementations Vector(enableRotation, disable, isEnabled, enable, disableRotation) [id => mapbox-gl, phase => scala.js, this => Name(mapboxDashGlLib) / Name(mapboxDashGlMod) / Name(TouchZoomRotateHandler)] 
[info ] CompleteClass.scala:58 Completed implementations Vector(type_VideoSource, getVideo, setCoordinates, `type`) [id => mapbox-gl, phase => scala.js, this => Name(mapboxDashGlLib) / Name(mapboxDashGlMod) / Name(VideoSource)] 
[debug] PhaseRunner.scala:82 Success [id => mapbox-gl, phase => scala.js] 
[warn ] PhaseRunner.scala:68 Failed because of, [geojson => Compilation failed] [id => mapbox-gl, phase => build] 
[error] PhaseRunner.scala:86 Failure, [geojson => Compilation failed] [id => mapbox-gl, phase => build] 
[error] PhaseRunner.scala:86 Failure, [geojson => Compilation failed] [id => mapbox-gl, phase => publish] 
