[debug] PhaseRunner.scala:78 Success [id => md5-file, phase => typescript] 
[info ] Phase1ReadTypescript.scala:152 Preprocessing TsHelperFile(InFile(/home/tso/tmp/tso-cache/DefinitelyTyped/types/md5-file/index.d.ts),FromFolder(InFolder(/home/tso/tmp/tso-cache/DefinitelyTyped/types/md5-file),TsIdentLibrarySimple(md5-file)),TsIdentModule(None,List(md5-file))) [id => md5-file, phase => typescript] 
[info ] InferredDefaultModule.scala:39 Inferred module TsIdentModule(None,List(md5-file)) [id => md5-file, phase => typescript] 
[warn ] Phase1ReadTypescript.scala:190 Processing TsIdentLibrarySimple(md5-file) [id => md5-file, phase => typescript] 
[info ] ExtractInterfaces.scala:30 Extracted anonymous interface TsIdentSimple(Anon_Filename) [id => md5-file, phase => typescript, scope => TreeScope(TsParsedFile() / TsDeclModule(md5-file) / TsDeclVar(namespaced) / TsTypeObject())] 
[debug] PhaseRunner.scala:78 Success [id => md5-file, phase => typescript] 
[warn ] Phase2ToScalaJs.scala:34 Processing TsIdentLibrarySimple(md5-file) [id => md5-file, phase => scala.js] 
[debug] PhaseRunner.scala:78 Success [id => md5-file, phase => scala.js] 
[warn ] Phase3CompileBloop.scala:192 Using cached build of md5-file [id => md5-file, phase => build] 
[debug] PhaseRunner.scala:78 Success [id => md5-file, phase => build] 
[error] PhaseRes.scala:75 Caught exception [id => md5-file, phase => publish] java.lang.RuntimeException: was not able to find or create version 4.0-dt-20181009Z-9c144a for oyvindberg in ScalablyTyped for package md5-file
	at scala.sys.package$.error(package.scala:26)
	at com.olvind.tso.importer.build.BinTrayPublisher.$anonfun$checkVersion$2(BinTrayPublisher.scala:64)
	at com.olvind.tso.importer.build.BinTrayPublisher.$anonfun$checkVersion$2$adapted(BinTrayPublisher.scala:60)
	at scala.util.Success.$anonfun$map$1(Try.scala:251)
	at scala.util.Success.map(Try.scala:209)
	at scala.concurrent.Future.$anonfun$map$1(Future.scala:288)
	at scala.concurrent.impl.Promise.liftedTree1$1(Promise.scala:29)
	at scala.concurrent.impl.Promise.$anonfun$transform$1(Promise.scala:29)
	at scala.concurrent.impl.CallbackRunnable.run(Promise.scala:60)
	at java.util.concurrent.ForkJoinTask$RunnableExecuteAction.exec(ForkJoinTask.java:1402)
	at java.util.concurrent.ForkJoinTask.doExec(ForkJoinTask.java:289)
	at java.util.concurrent.ForkJoinPool$WorkQueue.runTask(ForkJoinPool.java:1056)
	at java.util.concurrent.ForkJoinPool.runWorker(ForkJoinPool.java:1692)
	at java.util.concurrent.ForkJoinWorkerThread.run(ForkJoinWorkerThread.java:157)

[debug] PhaseRunner.scala:82 Failure, [md5-file => java.lang.RuntimeException: was not able to find or create version 4.0-dt-20181009Z-9c144a for oyvindberg in ScalablyTyped for package md5-file] [id => md5-file, phase => publish] 
