[debug] PhaseRunner.scala:84 Success [id => mendixmodelsdk, phase => typescript] 
[debug] PhaseRunner.scala:92 Ignored [id => mendixmodelsdk, phase => typescript] 
[debug] PhaseRunner.scala:92 Ignored [id => mendixmodelsdk, phase => typescript] 
[debug] PhaseRunner.scala:92 Ignored [id => mendixmodelsdk, phase => typescript] 
[debug] PhaseRunner.scala:84 Success [id => mendixmodelsdk, phase => typescript] 
[debug] PhaseRunner.scala:92 Ignored [id => mendixmodelsdk, phase => typescript] 
[debug] PhaseRunner.scala:84 Success [id => mendixmodelsdk, phase => typescript] 
[debug] PhaseRunner.scala:84 Success [id => mendixmodelsdk, phase => typescript] 
[debug] PhaseRunner.scala:84 Success [id => mendixmodelsdk, phase => typescript] 
[debug] PhaseRunner.scala:84 Success [id => mendixmodelsdk, phase => typescript] 
[debug] PhaseRunner.scala:84 Success [id => mendixmodelsdk, phase => typescript] 
[debug] PhaseRunner.scala:84 Success [id => mendixmodelsdk, phase => typescript] 
[debug] PhaseRunner.scala:84 Success [id => mendixmodelsdk, phase => typescript] 
[debug] PhaseRunner.scala:84 Success [id => mendixmodelsdk, phase => typescript] 
[debug] PhaseRunner.scala:92 Ignored [id => mendixmodelsdk, phase => typescript] 
[debug] PhaseRunner.scala:92 Ignored [id => mendixmodelsdk, phase => typescript] 
[debug] PhaseRunner.scala:84 Success [id => mendixmodelsdk, phase => typescript] 
[debug] PhaseRunner.scala:84 Success [id => mendixmodelsdk, phase => typescript] 
[debug] PhaseRunner.scala:84 Success [id => mendixmodelsdk, phase => typescript] 
[debug] PhaseRunner.scala:84 Success [id => mendixmodelsdk, phase => typescript] 
[debug] PhaseRunner.scala:84 Success [id => mendixmodelsdk, phase => typescript] 
[debug] PhaseRunner.scala:84 Success [id => mendixmodelsdk, phase => typescript] 
[debug] PhaseRunner.scala:84 Success [id => mendixmodelsdk, phase => typescript] 
[debug] PhaseRunner.scala:84 Success [id => mendixmodelsdk, phase => typescript] 
[debug] PhaseRunner.scala:84 Success [id => mendixmodelsdk, phase => typescript] 
[debug] PhaseRunner.scala:84 Success [id => mendixmodelsdk, phase => typescript] 
[debug] PhaseRunner.scala:84 Success [id => mendixmodelsdk, phase => typescript] 
[debug] PhaseRunner.scala:84 Success [id => mendixmodelsdk, phase => typescript] 
[debug] PhaseRunner.scala:84 Success [id => mendixmodelsdk, phase => typescript] 
[debug] PhaseRunner.scala:84 Success [id => mendixmodelsdk, phase => typescript] 
[debug] PhaseRunner.scala:84 Success [id => mendixmodelsdk, phase => typescript] 
[debug] PhaseRunner.scala:84 Success [id => mendixmodelsdk, phase => typescript] 
[debug] PhaseRunner.scala:84 Success [id => mendixmodelsdk, phase => typescript] 
[debug] PhaseRunner.scala:84 Success [id => mendixmodelsdk, phase => typescript] 
[debug] PhaseRunner.scala:84 Success [id => mendixmodelsdk, phase => typescript] 
[debug] PhaseRunner.scala:84 Success [id => mendixmodelsdk, phase => typescript] 
[debug] PhaseRunner.scala:84 Success [id => mendixmodelsdk, phase => typescript] 
[debug] PhaseRunner.scala:84 Success [id => mendixmodelsdk, phase => typescript] 
[debug] PhaseRunner.scala:92 Ignored [id => mendixmodelsdk, phase => typescript] 
[debug] PhaseRunner.scala:92 Ignored [id => mendixmodelsdk, phase => typescript] 
[debug] PhaseRunner.scala:92 Ignored [id => mendixmodelsdk, phase => typescript] 
[debug] PhaseRunner.scala:92 Ignored [id => mendixmodelsdk, phase => typescript] 
[debug] PhaseRunner.scala:84 Success [id => mendixmodelsdk, phase => typescript] 
[debug] PhaseRunner.scala:92 Ignored [id => mendixmodelsdk, phase => typescript] 
[debug] PhaseRunner.scala:84 Success [id => mendixmodelsdk, phase => typescript] 
[debug] PhaseRunner.scala:92 Ignored [id => mendixmodelsdk, phase => typescript] 
[debug] PhaseRunner.scala:92 Ignored [id => mendixmodelsdk, phase => typescript] 
[debug] PhaseRunner.scala:92 Ignored [id => mendixmodelsdk, phase => typescript] 
[debug] PhaseRunner.scala:92 Ignored [id => mendixmodelsdk, phase => typescript] 
[debug] PhaseRunner.scala:92 Ignored [id => mendixmodelsdk, phase => typescript] 
[debug] PhaseRunner.scala:92 Ignored [id => mendixmodelsdk, phase => typescript] 
[debug] PhaseRunner.scala:84 Success [id => mendixmodelsdk, phase => typescript] 
[debug] PhaseRunner.scala:92 Ignored [id => mendixmodelsdk, phase => typescript] 
[debug] PhaseRunner.scala:92 Ignored [id => mendixmodelsdk, phase => typescript] 
[debug] PhaseRunner.scala:92 Ignored [id => mendixmodelsdk, phase => typescript] 
[debug] PhaseRunner.scala:92 Ignored [id => mendixmodelsdk, phase => typescript] 
[debug] PhaseRunner.scala:84 Success [id => mendixmodelsdk, phase => typescript] 
[debug] PhaseRunner.scala:84 Success [id => mendixmodelsdk, phase => typescript] 
[debug] PhaseRunner.scala:84 Success [id => mendixmodelsdk, phase => typescript] 
[debug] PhaseRunner.scala:84 Success [id => mendixmodelsdk, phase => typescript] 
[debug] PhaseRunner.scala:84 Success [id => mendixmodelsdk, phase => typescript] 
[debug] PhaseRunner.scala:84 Success [id => mendixmodelsdk, phase => typescript] 
[debug] PhaseRunner.scala:84 Success [id => mendixmodelsdk, phase => typescript] 
[debug] PhaseRunner.scala:84 Success [id => mendixmodelsdk, phase => typescript] 
[debug] PhaseRunner.scala:92 Ignored [id => mendixmodelsdk, phase => typescript] 
[debug] PhaseRunner.scala:92 Ignored [id => mendixmodelsdk, phase => typescript] 
[debug] PhaseRunner.scala:92 Ignored [id => mendixmodelsdk, phase => typescript] 
[debug] PhaseRunner.scala:84 Success [id => mendixmodelsdk, phase => typescript] 
[debug] PhaseRunner.scala:84 Success [id => mendixmodelsdk, phase => typescript] 
[debug] PhaseRunner.scala:92 Ignored [id => mendixmodelsdk, phase => typescript] 
[debug] PhaseRunner.scala:84 Success [id => mendixmodelsdk, phase => typescript] 
[debug] PhaseRunner.scala:92 Ignored [id => mendixmodelsdk, phase => typescript] 
[debug] PhaseRunner.scala:84 Success [id => mendixmodelsdk, phase => typescript] 
[debug] PhaseRunner.scala:84 Success [id => mendixmodelsdk, phase => typescript] 
[debug] PhaseRunner.scala:84 Success [id => mendixmodelsdk, phase => typescript] 
[debug] PhaseRunner.scala:84 Success [id => mendixmodelsdk, phase => typescript] 
[debug] PhaseRunner.scala:84 Success [id => mendixmodelsdk, phase => typescript] 
[debug] PhaseRunner.scala:84 Success [id => mendixmodelsdk, phase => typescript] 
[debug] PhaseRunner.scala:84 Success [id => mendixmodelsdk, phase => typescript] 
[debug] PhaseRunner.scala:84 Success [id => mendixmodelsdk, phase => typescript] 
[debug] PhaseRunner.scala:84 Success [id => mendixmodelsdk, phase => typescript] 
[debug] PhaseRunner.scala:84 Success [id => mendixmodelsdk, phase => typescript] 
[debug] PhaseRunner.scala:84 Success [id => mendixmodelsdk, phase => typescript] 
[debug] PhaseRunner.scala:84 Success [id => mendixmodelsdk, phase => typescript] 
[debug] PhaseRunner.scala:84 Success [id => mendixmodelsdk, phase => typescript] 
[debug] PhaseRunner.scala:84 Success [id => mendixmodelsdk, phase => typescript] 
[debug] PhaseRunner.scala:84 Success [id => mendixmodelsdk, phase => typescript] 
[debug] PhaseRunner.scala:84 Success [id => mendixmodelsdk, phase => typescript] 
[debug] PhaseRunner.scala:84 Success [id => mendixmodelsdk, phase => typescript] 
[debug] PhaseRunner.scala:84 Success [id => mendixmodelsdk, phase => typescript] 
[debug] PhaseRunner.scala:84 Success [id => mendixmodelsdk, phase => typescript] 
[debug] PhaseRunner.scala:84 Success [id => mendixmodelsdk, phase => typescript] 
[debug] PhaseRunner.scala:84 Success [id => mendixmodelsdk, phase => typescript] 
[debug] PhaseRunner.scala:84 Success [id => mendixmodelsdk, phase => typescript] 
[debug] PhaseRunner.scala:84 Success [id => mendixmodelsdk, phase => typescript] 
[debug] PhaseRunner.scala:84 Success [id => mendixmodelsdk, phase => typescript] 
[debug] PhaseRunner.scala:84 Success [id => mendixmodelsdk, phase => typescript] 
[debug] PhaseRunner.scala:84 Success [id => mendixmodelsdk, phase => typescript] 
[debug] PhaseRunner.scala:84 Success [id => mendixmodelsdk, phase => typescript] 
[debug] PhaseRunner.scala:84 Success [id => mendixmodelsdk, phase => typescript] 
[warn ] PhaseRunner.scala:70 Failed because of, [wolfy87-eventemitter => InFile(/home/tso/tmp/tso-cache/npm/node_modules/wolfy87-eventemitter/EventEmitter.d.ts): Parse error at 12.1 end of input expected] [id => mendixmodelsdk, phase => typescript] 
[error] PhaseRunner.scala:88 Failure, [wolfy87-eventemitter => InFile(/home/tso/tmp/tso-cache/npm/node_modules/wolfy87-eventemitter/EventEmitter.d.ts): Parse error at 12.1 end of input expected] [id => mendixmodelsdk, phase => typescript] 
[error] PhaseRunner.scala:88 Failure, [wolfy87-eventemitter => InFile(/home/tso/tmp/tso-cache/npm/node_modules/wolfy87-eventemitter/EventEmitter.d.ts): Parse error at 12.1 end of input expected] [id => mendixmodelsdk, phase => scala.js] 
[error] PhaseRunner.scala:88 Failure, [wolfy87-eventemitter => InFile(/home/tso/tmp/tso-cache/npm/node_modules/wolfy87-eventemitter/EventEmitter.d.ts): Parse error at 12.1 end of input expected] [id => mendixmodelsdk, phase => build] 
[error] PhaseRunner.scala:88 Failure, [wolfy87-eventemitter => InFile(/home/tso/tmp/tso-cache/npm/node_modules/wolfy87-eventemitter/EventEmitter.d.ts): Parse error at 12.1 end of input expected] [id => mendixmodelsdk, phase => publish] 
