[debug] PhaseRunner.scala:78 Success [id => meteor, phase => typescript] 
[debug] PhaseRunner.scala:78 Success [id => meteor, phase => typescript] 
[debug] PhaseRunner.scala:78 Success [id => meteor, phase => typescript] 
[debug] PhaseRunner.scala:78 Success [id => meteor, phase => typescript] 
[debug] PhaseRunner.scala:78 Success [id => meteor, phase => typescript] 
[debug] PhaseRunner.scala:78 Success [id => meteor, phase => typescript] 
[info ] InferredDependency.scala:20 Inferred dependencies Set(TsIdentLibrarySimple(node)) for TsIdentLibrarySimple(meteor) [id => meteor, phase => typescript, file => ../types/meteor/server-render.d.ts] 
[debug] PhaseRunner.scala:78 Success [id => meteor, phase => typescript] 
[debug] PhaseRunner.scala:78 Success [id => meteor, phase => typescript] 
[debug] PhaseRunner.scala:78 Success [id => meteor, phase => typescript] 
[debug] PhaseRunner.scala:78 Success [id => meteor, phase => typescript] 
[debug] PhaseRunner.scala:78 Success [id => meteor, phase => typescript] 
[debug] PhaseRunner.scala:78 Success [id => meteor, phase => typescript] 
[debug] PhaseRunner.scala:78 Success [id => meteor, phase => typescript] 
[debug] PhaseRunner.scala:78 Success [id => meteor, phase => typescript] 
[debug] PhaseRunner.scala:78 Success [id => meteor, phase => typescript] 
[debug] PhaseRunner.scala:78 Success [id => meteor, phase => typescript] 
[debug] PhaseRunner.scala:78 Success [id => meteor, phase => typescript] 
[debug] PhaseRunner.scala:78 Success [id => meteor, phase => typescript] 
[debug] PhaseRunner.scala:78 Success [id => meteor, phase => typescript] 
[debug] PhaseRunner.scala:78 Success [id => meteor, phase => typescript] 
[debug] PhaseRunner.scala:78 Success [id => meteor, phase => typescript] 
[debug] PhaseRunner.scala:78 Success [id => meteor, phase => typescript] 
[debug] PhaseRunner.scala:78 Success [id => meteor, phase => typescript] 
[debug] PhaseRunner.scala:78 Success [id => meteor, phase => typescript] 
[debug] PhaseRunner.scala:78 Success [id => meteor, phase => typescript] 
[debug] PhaseRunner.scala:78 Success [id => meteor, phase => typescript] 
[debug] PhaseRunner.scala:78 Success [id => meteor, phase => typescript] 
[debug] PhaseRunner.scala:78 Success [id => meteor, phase => typescript] 
[info ] InferredDependency.scala:20 Inferred dependencies Set(TsIdentLibrarySimple(node)) for TsIdentLibrarySimple(meteor) [id => meteor, phase => typescript, file => ../types/meteor/webapp.d.ts] 
[debug] PhaseRunner.scala:78 Success [id => meteor, phase => typescript] 
[debug] PhaseRunner.scala:78 Success [id => meteor, phase => typescript] 
[debug] PhaseRunner.scala:78 Success [id => meteor, phase => typescript] 
[debug] PhaseRunner.scala:78 Success [id => meteor, phase => typescript] 
[debug] PhaseRunner.scala:78 Success [id => meteor, phase => typescript] 
[debug] PhaseRunner.scala:78 Success [id => meteor, phase => typescript] 
[debug] PhaseRunner.scala:78 Success [id => meteor, phase => typescript] 
[debug] PhaseRunner.scala:78 Success [id => meteor, phase => typescript] 
[debug] PhaseRunner.scala:78 Success [id => meteor, phase => typescript] 
[debug] PhaseRunner.scala:78 Success [id => meteor, phase => typescript] 
[debug] PhaseRunner.scala:78 Success [id => meteor, phase => typescript] 
[debug] PhaseRunner.scala:78 Success [id => meteor, phase => typescript] 
[debug] PhaseRunner.scala:78 Success [id => meteor, phase => typescript] 
[debug] PhaseRunner.scala:78 Success [id => meteor, phase => typescript] 
[debug] PhaseRunner.scala:78 Success [id => meteor, phase => typescript] 
[debug] PhaseRunner.scala:78 Success [id => meteor, phase => typescript] 
[debug] PhaseRunner.scala:78 Success [id => meteor, phase => typescript] 
[info ] InferredDependency.scala:20 Inferred dependencies Set(TsIdentLibrarySimple(node)) for TsIdentLibrarySimple(meteor) [id => meteor, phase => typescript, file => ../types/meteor/webapp.d.ts] 
[debug] PhaseRunner.scala:78 Success [id => meteor, phase => typescript] 
[info ] InferredDependency.scala:20 Inferred dependencies Set(TsIdentLibrarySimple(react)) for TsIdentLibrarySimple(meteor) [id => meteor, phase => typescript, file => ../types/meteor/react-meteor-data.d.ts] 
[debug] PhaseRunner.scala:78 Success [id => meteor, phase => typescript] 
[debug] PhaseRunner.scala:78 Success [id => meteor, phase => typescript] 
[debug] PhaseRunner.scala:78 Success [id => meteor, phase => typescript] 
[debug] PhaseRunner.scala:78 Success [id => meteor, phase => typescript] 
[debug] PhaseRunner.scala:78 Success [id => meteor, phase => typescript] 
[debug] PhaseRunner.scala:78 Success [id => meteor, phase => typescript] 
[debug] PhaseRunner.scala:78 Success [id => meteor, phase => typescript] 
[debug] PhaseRunner.scala:78 Success [id => meteor, phase => typescript] 
[debug] PhaseRunner.scala:78 Success [id => meteor, phase => typescript] 
[debug] PhaseRunner.scala:78 Success [id => meteor, phase => typescript] 
[debug] PhaseRunner.scala:78 Success [id => meteor, phase => typescript] 
[debug] PhaseRunner.scala:78 Success [id => meteor, phase => typescript] 
[debug] PhaseRunner.scala:78 Success [id => meteor, phase => typescript] 
[debug] PhaseRunner.scala:78 Success [id => meteor, phase => typescript] 
[info ] InferredDependency.scala:20 Inferred dependencies Set(TsIdentLibrarySimple(node)) for TsIdentLibrarySimple(meteor) [id => meteor, phase => typescript, file => ../types/meteor/server-render.d.ts] 
[debug] PhaseRunner.scala:78 Success [id => meteor, phase => typescript] 
[debug] PhaseRunner.scala:78 Success [id => meteor, phase => typescript] 
[debug] PhaseRunner.scala:78 Success [id => meteor, phase => typescript] 
[debug] PhaseRunner.scala:78 Success [id => meteor, phase => typescript] 
[debug] PhaseRunner.scala:78 Success [id => meteor, phase => typescript] 
[debug] PhaseRunner.scala:78 Success [id => meteor, phase => typescript] 
[debug] PhaseRunner.scala:78 Success [id => meteor, phase => typescript] 
[debug] PhaseRunner.scala:78 Success [id => meteor, phase => typescript] 
[debug] PhaseRunner.scala:78 Success [id => meteor, phase => typescript] 
[debug] PhaseRunner.scala:78 Success [id => meteor, phase => typescript] 
[debug] PhaseRunner.scala:78 Success [id => meteor, phase => typescript] 
[debug] PhaseRunner.scala:78 Success [id => meteor, phase => typescript] 
[debug] PhaseRunner.scala:78 Success [id => meteor, phase => typescript] 
[debug] PhaseRunner.scala:78 Success [id => meteor, phase => typescript] 
[debug] PhaseRunner.scala:78 Success [id => meteor, phase => typescript] 
[debug] PhaseRunner.scala:78 Success [id => meteor, phase => typescript] 
[debug] PhaseRunner.scala:78 Success [id => meteor, phase => typescript] 
[debug] PhaseRunner.scala:78 Success [id => meteor, phase => typescript] 
[debug] PhaseRunner.scala:78 Success [id => meteor, phase => typescript] 
[debug] PhaseRunner.scala:78 Success [id => meteor, phase => typescript] 
[debug] PhaseRunner.scala:78 Success [id => meteor, phase => typescript] 
[debug] PhaseRunner.scala:78 Success [id => meteor, phase => typescript] 
[info ] Phase1ReadTypescript.scala:152 Preprocessing TsHelperFile(InFile(/home/tso/tmp/tso-cache/DefinitelyTyped/types/meteor/accounts-base.d.ts),FromFolder(InFolder(/home/tso/tmp/tso-cache/DefinitelyTyped/types/meteor),TsIdentLibrarySimple(meteor)),TsIdentModule(None,List(meteor, accounts-base))) [id => meteor, phase => typescript] 
[info ] Phase1ReadTypescript.scala:152 Preprocessing TsHelperFile(InFile(/home/tso/tmp/tso-cache/DefinitelyTyped/types/meteor/blaze.d.ts),FromFolder(InFolder(/home/tso/tmp/tso-cache/DefinitelyTyped/types/meteor),TsIdentLibrarySimple(meteor)),TsIdentModule(None,List(meteor, blaze))) [id => meteor, phase => typescript] 
[info ] Phase1ReadTypescript.scala:152 Preprocessing TsHelperFile(InFile(/home/tso/tmp/tso-cache/DefinitelyTyped/types/meteor/browser-policy-common.d.ts),FromFolder(InFolder(/home/tso/tmp/tso-cache/DefinitelyTyped/types/meteor),TsIdentLibrarySimple(meteor)),TsIdentModule(None,List(meteor, browser-policy-common))) [id => meteor, phase => typescript] 
[info ] Phase1ReadTypescript.scala:152 Preprocessing TsHelperFile(InFile(/home/tso/tmp/tso-cache/DefinitelyTyped/types/meteor/check.d.ts),FromFolder(InFolder(/home/tso/tmp/tso-cache/DefinitelyTyped/types/meteor),TsIdentLibrarySimple(meteor)),TsIdentModule(None,List(meteor, check))) [id => meteor, phase => typescript] 
[info ] Phase1ReadTypescript.scala:152 Preprocessing TsHelperFile(InFile(/home/tso/tmp/tso-cache/DefinitelyTyped/types/meteor/ddp-rate-limiter.d.ts),FromFolder(InFolder(/home/tso/tmp/tso-cache/DefinitelyTyped/types/meteor),TsIdentLibrarySimple(meteor)),TsIdentModule(None,List(meteor, ddp-rate-limiter))) [id => meteor, phase => typescript] 
[info ] Phase1ReadTypescript.scala:152 Preprocessing TsHelperFile(InFile(/home/tso/tmp/tso-cache/DefinitelyTyped/types/meteor/ddp.d.ts),FromFolder(InFolder(/home/tso/tmp/tso-cache/DefinitelyTyped/types/meteor),TsIdentLibrarySimple(meteor)),TsIdentModule(None,List(meteor, ddp))) [id => meteor, phase => typescript] 
[info ] Phase1ReadTypescript.scala:152 Preprocessing TsHelperFile(InFile(/home/tso/tmp/tso-cache/DefinitelyTyped/types/meteor/ejson.d.ts),FromFolder(InFolder(/home/tso/tmp/tso-cache/DefinitelyTyped/types/meteor),TsIdentLibrarySimple(meteor)),TsIdentModule(None,List(meteor, ejson))) [id => meteor, phase => typescript] 
[info ] Phase1ReadTypescript.scala:152 Preprocessing TsHelperFile(InFile(/home/tso/tmp/tso-cache/DefinitelyTyped/types/meteor/email.d.ts),FromFolder(InFolder(/home/tso/tmp/tso-cache/DefinitelyTyped/types/meteor),TsIdentLibrarySimple(meteor)),TsIdentModule(None,List(meteor, email))) [id => meteor, phase => typescript] 
[info ] Phase1ReadTypescript.scala:152 Preprocessing TsHelperFile(InFile(/home/tso/tmp/tso-cache/DefinitelyTyped/types/meteor/http.d.ts),FromFolder(InFolder(/home/tso/tmp/tso-cache/DefinitelyTyped/types/meteor),TsIdentLibrarySimple(meteor)),TsIdentModule(None,List(meteor, http))) [id => meteor, phase => typescript] 
[info ] Phase1ReadTypescript.scala:152 Preprocessing TsHelperFile(InFile(/home/tso/tmp/tso-cache/DefinitelyTyped/types/meteor/index.d.ts),FromFolder(InFolder(/home/tso/tmp/tso-cache/DefinitelyTyped/types/meteor),TsIdentLibrarySimple(meteor)),TsIdentModule(None,List(meteor))) [id => meteor, phase => typescript] 
[info ] Phase1ReadTypescript.scala:152 Preprocessing TsHelperFile(InFile(/home/tso/tmp/tso-cache/DefinitelyTyped/types/meteor/meteor.d.ts),FromFolder(InFolder(/home/tso/tmp/tso-cache/DefinitelyTyped/types/meteor),TsIdentLibrarySimple(meteor)),TsIdentModule(None,List(meteor, meteor))) [id => meteor, phase => typescript] 
[info ] Phase1ReadTypescript.scala:152 Preprocessing TsHelperFile(InFile(/home/tso/tmp/tso-cache/DefinitelyTyped/types/meteor/mongo.d.ts),FromFolder(InFolder(/home/tso/tmp/tso-cache/DefinitelyTyped/types/meteor),TsIdentLibrarySimple(meteor)),TsIdentModule(None,List(meteor, mongo))) [id => meteor, phase => typescript] 
[info ] Phase1ReadTypescript.scala:152 Preprocessing TsHelperFile(InFile(/home/tso/tmp/tso-cache/DefinitelyTyped/types/meteor/random.d.ts),FromFolder(InFolder(/home/tso/tmp/tso-cache/DefinitelyTyped/types/meteor),TsIdentLibrarySimple(meteor)),TsIdentModule(None,List(meteor, random))) [id => meteor, phase => typescript] 
[info ] Phase1ReadTypescript.scala:152 Preprocessing TsHelperFile(InFile(/home/tso/tmp/tso-cache/DefinitelyTyped/types/meteor/react-meteor-data.d.ts),FromFolder(InFolder(/home/tso/tmp/tso-cache/DefinitelyTyped/types/meteor),TsIdentLibrarySimple(meteor)),TsIdentModule(None,List(meteor, react-meteor-data))) [id => meteor, phase => typescript] 
[info ] InferredDefaultModule.scala:39 Inferred module TsIdentModule(None,List(meteor, react-meteor-data)) [id => meteor, phase => typescript] 
[info ] Phase1ReadTypescript.scala:152 Preprocessing TsHelperFile(InFile(/home/tso/tmp/tso-cache/DefinitelyTyped/types/meteor/reactive-var.d.ts),FromFolder(InFolder(/home/tso/tmp/tso-cache/DefinitelyTyped/types/meteor),TsIdentLibrarySimple(meteor)),TsIdentModule(None,List(meteor, reactive-var))) [id => meteor, phase => typescript] 
[info ] Phase1ReadTypescript.scala:152 Preprocessing TsHelperFile(InFile(/home/tso/tmp/tso-cache/DefinitelyTyped/types/meteor/server-render.d.ts),FromFolder(InFolder(/home/tso/tmp/tso-cache/DefinitelyTyped/types/meteor),TsIdentLibrarySimple(meteor)),TsIdentModule(None,List(meteor, server-render))) [id => meteor, phase => typescript] 
[info ] Phase1ReadTypescript.scala:152 Preprocessing TsHelperFile(InFile(/home/tso/tmp/tso-cache/DefinitelyTyped/types/meteor/service-configuration.d.ts),FromFolder(InFolder(/home/tso/tmp/tso-cache/DefinitelyTyped/types/meteor),TsIdentLibrarySimple(meteor)),TsIdentModule(None,List(meteor, service-configuration))) [id => meteor, phase => typescript] 
[info ] Phase1ReadTypescript.scala:152 Preprocessing TsHelperFile(InFile(/home/tso/tmp/tso-cache/DefinitelyTyped/types/meteor/session.d.ts),FromFolder(InFolder(/home/tso/tmp/tso-cache/DefinitelyTyped/types/meteor),TsIdentLibrarySimple(meteor)),TsIdentModule(None,List(meteor, session))) [id => meteor, phase => typescript] 
[info ] Phase1ReadTypescript.scala:152 Preprocessing TsHelperFile(InFile(/home/tso/tmp/tso-cache/DefinitelyTyped/types/meteor/templating.d.ts),FromFolder(InFolder(/home/tso/tmp/tso-cache/DefinitelyTyped/types/meteor),TsIdentLibrarySimple(meteor)),TsIdentModule(None,List(meteor, templating))) [id => meteor, phase => typescript] 
[info ] Phase1ReadTypescript.scala:152 Preprocessing TsHelperFile(InFile(/home/tso/tmp/tso-cache/DefinitelyTyped/types/meteor/tiny-test.d.ts),FromFolder(InFolder(/home/tso/tmp/tso-cache/DefinitelyTyped/types/meteor),TsIdentLibrarySimple(meteor)),TsIdentModule(None,List(meteor, tiny-test))) [id => meteor, phase => typescript] 
[info ] Phase1ReadTypescript.scala:152 Preprocessing TsHelperFile(InFile(/home/tso/tmp/tso-cache/DefinitelyTyped/types/meteor/tools.d.ts),FromFolder(InFolder(/home/tso/tmp/tso-cache/DefinitelyTyped/types/meteor),TsIdentLibrarySimple(meteor)),TsIdentModule(None,List(meteor, tools))) [id => meteor, phase => typescript] 
[info ] Phase1ReadTypescript.scala:152 Preprocessing TsHelperFile(InFile(/home/tso/tmp/tso-cache/DefinitelyTyped/types/meteor/tracker.d.ts),FromFolder(InFolder(/home/tso/tmp/tso-cache/DefinitelyTyped/types/meteor),TsIdentLibrarySimple(meteor)),TsIdentModule(None,List(meteor, tracker))) [id => meteor, phase => typescript] 
[info ] Phase1ReadTypescript.scala:152 Preprocessing TsHelperFile(InFile(/home/tso/tmp/tso-cache/DefinitelyTyped/types/meteor/underscore.d.ts),FromFolder(InFolder(/home/tso/tmp/tso-cache/DefinitelyTyped/types/meteor),TsIdentLibrarySimple(meteor)),TsIdentModule(None,List(meteor, underscore))) [id => meteor, phase => typescript] 
[info ] Phase1ReadTypescript.scala:152 Preprocessing TsHelperFile(InFile(/home/tso/tmp/tso-cache/DefinitelyTyped/types/meteor/webapp.d.ts),FromFolder(InFolder(/home/tso/tmp/tso-cache/DefinitelyTyped/types/meteor),TsIdentLibrarySimple(meteor)),TsIdentModule(None,List(meteor, webapp))) [id => meteor, phase => typescript] 
[info ] Phase1ReadTypescript.scala:152 Preprocessing TsHelperFile(InFile(/home/tso/tmp/tso-cache/DefinitelyTyped/types/meteor/globals/accounts-base.d.ts),FromFolder(InFolder(/home/tso/tmp/tso-cache/DefinitelyTyped/types/meteor),TsIdentLibrarySimple(meteor)),TsIdentModule(None,List(meteor, globals, accounts-base))) [id => meteor, phase => typescript] 
[info ] Phase1ReadTypescript.scala:152 Preprocessing TsHelperFile(InFile(/home/tso/tmp/tso-cache/DefinitelyTyped/types/meteor/globals/blaze.d.ts),FromFolder(InFolder(/home/tso/tmp/tso-cache/DefinitelyTyped/types/meteor),TsIdentLibrarySimple(meteor)),TsIdentModule(None,List(meteor, globals, blaze))) [id => meteor, phase => typescript] 
[info ] Phase1ReadTypescript.scala:152 Preprocessing TsHelperFile(InFile(/home/tso/tmp/tso-cache/DefinitelyTyped/types/meteor/globals/browser-policy-common.d.ts),FromFolder(InFolder(/home/tso/tmp/tso-cache/DefinitelyTyped/types/meteor),TsIdentLibrarySimple(meteor)),TsIdentModule(None,List(meteor, globals, browser-policy-common))) [id => meteor, phase => typescript] 
[info ] Phase1ReadTypescript.scala:152 Preprocessing TsHelperFile(InFile(/home/tso/tmp/tso-cache/DefinitelyTyped/types/meteor/globals/check.d.ts),FromFolder(InFolder(/home/tso/tmp/tso-cache/DefinitelyTyped/types/meteor),TsIdentLibrarySimple(meteor)),TsIdentModule(None,List(meteor, globals, check))) [id => meteor, phase => typescript] 
[info ] Phase1ReadTypescript.scala:152 Preprocessing TsHelperFile(InFile(/home/tso/tmp/tso-cache/DefinitelyTyped/types/meteor/globals/ddp-rate-limiter.d.ts),FromFolder(InFolder(/home/tso/tmp/tso-cache/DefinitelyTyped/types/meteor),TsIdentLibrarySimple(meteor)),TsIdentModule(None,List(meteor, globals, ddp-rate-limiter))) [id => meteor, phase => typescript] 
[info ] Phase1ReadTypescript.scala:152 Preprocessing TsHelperFile(InFile(/home/tso/tmp/tso-cache/DefinitelyTyped/types/meteor/globals/ddp.d.ts),FromFolder(InFolder(/home/tso/tmp/tso-cache/DefinitelyTyped/types/meteor),TsIdentLibrarySimple(meteor)),TsIdentModule(None,List(meteor, globals, ddp))) [id => meteor, phase => typescript] 
[info ] Phase1ReadTypescript.scala:152 Preprocessing TsHelperFile(InFile(/home/tso/tmp/tso-cache/DefinitelyTyped/types/meteor/globals/ejson.d.ts),FromFolder(InFolder(/home/tso/tmp/tso-cache/DefinitelyTyped/types/meteor),TsIdentLibrarySimple(meteor)),TsIdentModule(None,List(meteor, globals, ejson))) [id => meteor, phase => typescript] 
[info ] Phase1ReadTypescript.scala:152 Preprocessing TsHelperFile(InFile(/home/tso/tmp/tso-cache/DefinitelyTyped/types/meteor/globals/email.d.ts),FromFolder(InFolder(/home/tso/tmp/tso-cache/DefinitelyTyped/types/meteor),TsIdentLibrarySimple(meteor)),TsIdentModule(None,List(meteor, globals, email))) [id => meteor, phase => typescript] 
[info ] Phase1ReadTypescript.scala:152 Preprocessing TsHelperFile(InFile(/home/tso/tmp/tso-cache/DefinitelyTyped/types/meteor/globals/http.d.ts),FromFolder(InFolder(/home/tso/tmp/tso-cache/DefinitelyTyped/types/meteor),TsIdentLibrarySimple(meteor)),TsIdentModule(None,List(meteor, globals, http))) [id => meteor, phase => typescript] 
[info ] Phase1ReadTypescript.scala:152 Preprocessing TsHelperFile(InFile(/home/tso/tmp/tso-cache/DefinitelyTyped/types/meteor/globals/meteor.d.ts),FromFolder(InFolder(/home/tso/tmp/tso-cache/DefinitelyTyped/types/meteor),TsIdentLibrarySimple(meteor)),TsIdentModule(None,List(meteor, globals, meteor))) [id => meteor, phase => typescript] 
[info ] Phase1ReadTypescript.scala:152 Preprocessing TsHelperFile(InFile(/home/tso/tmp/tso-cache/DefinitelyTyped/types/meteor/globals/mongo.d.ts),FromFolder(InFolder(/home/tso/tmp/tso-cache/DefinitelyTyped/types/meteor),TsIdentLibrarySimple(meteor)),TsIdentModule(None,List(meteor, globals, mongo))) [id => meteor, phase => typescript] 
[info ] Phase1ReadTypescript.scala:152 Preprocessing TsHelperFile(InFile(/home/tso/tmp/tso-cache/DefinitelyTyped/types/meteor/globals/random.d.ts),FromFolder(InFolder(/home/tso/tmp/tso-cache/DefinitelyTyped/types/meteor),TsIdentLibrarySimple(meteor)),TsIdentModule(None,List(meteor, globals, random))) [id => meteor, phase => typescript] 
[info ] Phase1ReadTypescript.scala:152 Preprocessing TsHelperFile(InFile(/home/tso/tmp/tso-cache/DefinitelyTyped/types/meteor/globals/reactive-var.d.ts),FromFolder(InFolder(/home/tso/tmp/tso-cache/DefinitelyTyped/types/meteor),TsIdentLibrarySimple(meteor)),TsIdentModule(None,List(meteor, globals, reactive-var))) [id => meteor, phase => typescript] 
[info ] Phase1ReadTypescript.scala:152 Preprocessing TsHelperFile(InFile(/home/tso/tmp/tso-cache/DefinitelyTyped/types/meteor/globals/session.d.ts),FromFolder(InFolder(/home/tso/tmp/tso-cache/DefinitelyTyped/types/meteor),TsIdentLibrarySimple(meteor)),TsIdentModule(None,List(meteor, globals, session))) [id => meteor, phase => typescript] 
[info ] Phase1ReadTypescript.scala:152 Preprocessing TsHelperFile(InFile(/home/tso/tmp/tso-cache/DefinitelyTyped/types/meteor/globals/templating.d.ts),FromFolder(InFolder(/home/tso/tmp/tso-cache/DefinitelyTyped/types/meteor),TsIdentLibrarySimple(meteor)),TsIdentModule(None,List(meteor, globals, templating))) [id => meteor, phase => typescript] 
[info ] Phase1ReadTypescript.scala:152 Preprocessing TsHelperFile(InFile(/home/tso/tmp/tso-cache/DefinitelyTyped/types/meteor/globals/tiny-test.d.ts),FromFolder(InFolder(/home/tso/tmp/tso-cache/DefinitelyTyped/types/meteor),TsIdentLibrarySimple(meteor)),TsIdentModule(None,List(meteor, globals, tiny-test))) [id => meteor, phase => typescript] 
[info ] Phase1ReadTypescript.scala:152 Preprocessing TsHelperFile(InFile(/home/tso/tmp/tso-cache/DefinitelyTyped/types/meteor/globals/tools.d.ts),FromFolder(InFolder(/home/tso/tmp/tso-cache/DefinitelyTyped/types/meteor),TsIdentLibrarySimple(meteor)),TsIdentModule(None,List(meteor, globals, tools))) [id => meteor, phase => typescript] 
[info ] Phase1ReadTypescript.scala:152 Preprocessing TsHelperFile(InFile(/home/tso/tmp/tso-cache/DefinitelyTyped/types/meteor/globals/tracker.d.ts),FromFolder(InFolder(/home/tso/tmp/tso-cache/DefinitelyTyped/types/meteor),TsIdentLibrarySimple(meteor)),TsIdentModule(None,List(meteor, globals, tracker))) [id => meteor, phase => typescript] 
[warn ] Phase1ReadTypescript.scala:190 Processing TsIdentLibrarySimple(meteor) [id => meteor, phase => typescript] 
[info ] PreferTypeAlias.scala:112 Simplified to type alias [id => meteor, phase => typescript, scope => TreeScope(TsParsedFile() / TsDeclModule(meteor/ejson) / TsDeclInterface(EJSON))] 
[info ] SimplifyRecursiveTypeAlias.scala:13 Simplified recursive type alias [id => meteor, phase => typescript, scope => TreeScope(TsParsedFile() / TsDeclModule(meteor/mongo) / TsDeclNamespace(Mongo) / TsDeclTypeAlias(FieldExpression) / TsTypeObject() / TsMemberProperty($not) / TsTypeRef())] 
[info ] SimplifyRecursiveTypeAlias.scala:13 Simplified recursive type alias [id => meteor, phase => typescript, scope => TreeScope(TsParsedFile() / TsDeclModule(meteor/mongo) / TsDeclNamespace(Mongo) / TsDeclTypeAlias(FieldExpression) / TsTypeObject() / TsMemberProperty($expr) / TsTypeRef())] 
[info ] SimplifyRecursiveTypeAlias.scala:13 Simplified recursive type alias [id => meteor, phase => typescript, scope => TreeScope(TsParsedFile() / TsDeclModule(meteor/mongo) / TsDeclNamespace(Mongo) / TsDeclTypeAlias(FieldExpression) / TsTypeObject() / TsMemberProperty($elemMatch) / TsTypeConditional() / TsTypeRef())] 
[info ] SimplifyRecursiveTypeAlias.scala:13 Simplified recursive type alias [id => meteor, phase => typescript, scope => TreeScope(TsParsedFile() / TsDeclModule(meteor/mongo) / TsDeclNamespace(Mongo) / TsDeclTypeAlias(Query) / TsTypeIntersect() / TsTypeObject() / TsMemberProperty($or) / TsTypeRef() / TsTypeRef())] 
[info ] SimplifyRecursiveTypeAlias.scala:13 Simplified recursive type alias [id => meteor, phase => typescript, scope => TreeScope(TsParsedFile() / TsDeclModule(meteor/mongo) / TsDeclNamespace(Mongo) / TsDeclTypeAlias(Query) / TsTypeIntersect() / TsTypeObject() / TsMemberProperty($and) / TsTypeRef() / TsTypeRef())] 
[info ] SimplifyRecursiveTypeAlias.scala:13 Simplified recursive type alias [id => meteor, phase => typescript, scope => TreeScope(TsParsedFile() / TsDeclModule(meteor/mongo) / TsDeclNamespace(Mongo) / TsDeclTypeAlias(Query) / TsTypeIntersect() / TsTypeObject() / TsMemberProperty($nor) / TsTypeRef() / TsTypeRef())] 
[info ] SimplifyRecursiveTypeAlias.scala:13 Simplified recursive type alias [id => meteor, phase => typescript, scope => TreeScope(TsParsedFile() / TsDeclNamespace(Mongo) / TsDeclTypeAlias(FieldExpression) / TsTypeObject() / TsMemberProperty($not) / TsTypeRef())] 
[info ] SimplifyRecursiveTypeAlias.scala:13 Simplified recursive type alias [id => meteor, phase => typescript, scope => TreeScope(TsParsedFile() / TsDeclNamespace(Mongo) / TsDeclTypeAlias(FieldExpression) / TsTypeObject() / TsMemberProperty($expr) / TsTypeRef())] 
[info ] SimplifyRecursiveTypeAlias.scala:13 Simplified recursive type alias [id => meteor, phase => typescript, scope => TreeScope(TsParsedFile() / TsDeclNamespace(Mongo) / TsDeclTypeAlias(FieldExpression) / TsTypeObject() / TsMemberProperty($elemMatch) / TsTypeConditional() / TsTypeRef())] 
[info ] SimplifyRecursiveTypeAlias.scala:13 Simplified recursive type alias [id => meteor, phase => typescript, scope => TreeScope(TsParsedFile() / TsDeclNamespace(Mongo) / TsDeclTypeAlias(Query) / TsTypeIntersect() / TsTypeObject() / TsMemberProperty($or) / TsTypeRef() / TsTypeRef())] 
[info ] SimplifyRecursiveTypeAlias.scala:13 Simplified recursive type alias [id => meteor, phase => typescript, scope => TreeScope(TsParsedFile() / TsDeclNamespace(Mongo) / TsDeclTypeAlias(Query) / TsTypeIntersect() / TsTypeObject() / TsMemberProperty($and) / TsTypeRef() / TsTypeRef())] 
[info ] SimplifyRecursiveTypeAlias.scala:13 Simplified recursive type alias [id => meteor, phase => typescript, scope => TreeScope(TsParsedFile() / TsDeclNamespace(Mongo) / TsDeclTypeAlias(Query) / TsTypeIntersect() / TsTypeObject() / TsMemberProperty($nor) / TsTypeRef() / TsTypeRef())] 
[info ] PreferTypeAlias.scala:112 Simplified to type alias [id => meteor, phase => typescript, scope => TreeScope(TsParsedFile() / TsDeclInterface(EJSON))] 
[debug] DefaultedTParams.scala:29 Defaulting type parameter TsIdentSimple(S) at TreeScope(TsParsedFile() / TsDeclModule(meteor/react-meteor-data) / TsDeclFunction(withTracker) / TsFunSig() / TsTypeFunction() / TsFunSig() / TsTypeRef()) [id => meteor, phase => typescript, scope => TreeScope(TsParsedFile() / TsDeclModule(meteor/react-meteor-data) / TsDeclFunction(withTracker) / TsFunSig() / TsTypeFunction() / TsFunSig() / TsTypeRef())] 
[info ] ExtractInterfaces.scala:30 Extracted anonymous interface TsIdentSimple(Anon_GetMeteorData) [id => meteor, phase => typescript, scope => TreeScope(TsParsedFile() / TsDeclModule(meteor/react-meteor-data) / TsDeclFunction(withTracker) / TsFunSig() / TsFunParam() / TsTypeFunction() / TsFunSig() / TsTypeUnion() / TsTypeObject())] 
[info ] ExtractInterfaces.scala:30 Extracted anonymous interface TsIdentSimple(Anon_Subject) [id => meteor, phase => typescript, scope => TreeScope(TsParsedFile() / TsDeclModule(meteor/email) / TsDeclNamespace(Email) / TsDeclFunction(send) / TsFunSig() / TsFunParam() / TsTypeObject())] 
[info ] ExtractInterfaces.scala:30 Extracted anonymous interface TsIdentSimple(Anon_Auth) [id => meteor, phase => typescript, scope => TreeScope(TsParsedFile() / TsDeclNamespace(HTTP) / TsDeclFunction(call) / TsFunSig() / TsFunParam() / TsTypeObject())] 
[info ] ExtractInterfaces.scala:30 Extracted anonymous interface TsIdentSimple(Anon_Auth) [id => meteor, phase => typescript, scope => TreeScope(TsParsedFile() / TsDeclNamespace(HTTP) / TsDeclFunction(call) / TsFunSig() / TsFunParam() / TsTypeObject())] 
[info ] ExtractInterfaces.scala:30 Extracted anonymous interface TsIdentSimple(Anon_Stdio) [id => meteor, phase => typescript, scope => TreeScope(TsParsedFile() / TsDeclFunction(execFileSync) / TsFunSig() / TsFunParam() / TsTypeObject())] 
[info ] ExtractInterfaces.scala:30 Extracted anonymous interface TsIdentSimple(Anon_Username) [id => meteor, phase => typescript, scope => TreeScope(TsParsedFile() / TsDeclModule(meteor/accounts-base) / TsDeclNamespace(Accounts) / TsDeclFunction(createUser) / TsFunSig() / TsFunParam() / TsTypeObject())] 
[info ] ExtractInterfaces.scala:30 Extracted anonymous interface TsIdentSimple(Anon_Username) [id => meteor, phase => typescript, scope => TreeScope(TsParsedFile() / TsDeclModule(meteor/accounts-base) / TsDeclNamespace(Accounts) / TsDeclFunction(createUser) / TsFunSig() / TsFunParam() / TsTypeObject())] 
[info ] ExtractInterfaces.scala:30 Extracted anonymous interface TsIdentSimple(Anon_Algorithm) [id => meteor, phase => typescript, scope => TreeScope(TsParsedFile() / TsDeclModule(meteor/accounts-base) / TsDeclNamespace(Accounts) / TsDeclFunction(_hashPassword) / TsFunSig() / TsTypeObject())] 
[info ] ExtractInterfaces.scala:30 Extracted anonymous interface TsIdentSimple(Anon_Stop) [id => meteor, phase => typescript, scope => TreeScope(TsParsedFile() / TsDeclModule(meteor/accounts-base) / TsDeclNamespace(Accounts) / TsDeclFunction(onLogin) / TsFunSig() / TsTypeObject())] 
[info ] ExtractInterfaces.scala:30 Extracted anonymous interface TsIdentSimple(Anon_Logout) [id => meteor, phase => typescript, scope => TreeScope(TsParsedFile() / TsDeclModule(meteor/accounts-base) / TsDeclNamespace(Accounts) / TsDeclFunction(setPassword) / TsFunSig() / TsFunParam() / TsTypeObject())] 
[info ] ExtractInterfaces.scala:30 Extracted anonymous interface TsIdentSimple(Anon_PasswordEnrollTokenExpirationInDays) [id => meteor, phase => typescript, scope => TreeScope(TsParsedFile() / TsDeclModule(meteor/accounts-base) / TsDeclNamespace(Accounts) / TsDeclFunction(config) / TsFunSig() / TsFunParam() / TsTypeObject())] 
[info ] ExtractInterfaces.scala:30 Extracted anonymous interface TsIdentSimple(Anon_Email) [id => meteor, phase => typescript, scope => TreeScope(TsParsedFile() / TsDeclModule(meteor/accounts-base) / TsDeclNamespace(Accounts) / TsDeclFunction(forgotPassword) / TsFunSig() / TsFunParam() / TsTypeObject())] 
[info ] ExtractInterfaces.scala:30 Extracted anonymous interface TsIdentSimple(Anon_Email) [id => meteor, phase => typescript, scope => TreeScope(TsParsedFile() / TsDeclModule(meteor/accounts-base) / TsDeclNamespace(Accounts) / TsDeclFunction(forgotPassword) / TsFunSig() / TsFunParam() / TsTypeObject())] 
[info ] ExtractInterfaces.scala:30 Extracted anonymous interface TsIdentSimple(Anon_RequestOfflineToken) [id => meteor, phase => typescript, scope => TreeScope(TsParsedFile() / TsDeclModule(meteor/accounts-base) / TsDeclNamespace(Accounts) / TsDeclVar(ui) / TsTypeObject() / TsMemberFunction(config) / TsFunSig() / TsFunParam() / TsTypeObject())] 
[info ] ExtractInterfaces.scala:30 Extracted anonymous interface TsIdentSimple(Anon_Config) [id => meteor, phase => typescript, scope => TreeScope(TsParsedFile() / TsDeclModule(meteor/accounts-base) / TsDeclNamespace(Accounts) / TsDeclVar(ui) / TsTypeObject())] 
[info ] ExtractInterfaces.scala:30 Extracted anonymous interface TsIdentSimple(Anon_Stop) [id => meteor, phase => typescript, scope => TreeScope(TsParsedFile() / TsDeclModule(meteor/accounts-base) / TsDeclNamespace(Accounts) / TsDeclFunction(onLoginFailure) / TsFunSig() / TsTypeObject())] 
[info ] ExtractInterfaces.scala:30 Extracted anonymous interface TsIdentSimple(Anon_Stop) [id => meteor, phase => typescript, scope => TreeScope(TsParsedFile() / TsDeclModule(meteor/accounts-base) / TsDeclNamespace(Accounts) / TsDeclFunction(validateLoginAttempt) / TsFunSig() / TsTypeObject())] 
[info ] ExtractInterfaces.scala:30 Extracted anonymous interface TsIdentSimple(Anon_Author) [id => meteor, phase => typescript, scope => TreeScope(TsParsedFile() / TsDeclNamespace(App) / TsDeclFunction(info) / TsFunSig() / TsFunParam() / TsTypeObject())] 
[info ] ExtractInterfaces.scala:30 Extracted anonymous interface TsIdentSimple(Anon_LaunchExternal) [id => meteor, phase => typescript, scope => TreeScope(TsParsedFile() / TsDeclNamespace(App) / TsDeclFunction(accessRule) / TsFunSig() / TsFunParam() / TsTypeObject())] 
[info ] ExtractInterfaces.scala:30 Extracted anonymous interface TsIdentSimple(Anon_KeyOrderSensitive) [id => meteor, phase => typescript, scope => TreeScope(TsParsedFile() / TsDeclNamespace(EJSON) / TsDeclFunction(equals) / TsFunSig() / TsFunParam() / TsTypeObject())] 
[info ] ExtractInterfaces.scala:30 Extracted anonymous interface TsIdentSimple(Anon_Indent) [id => meteor, phase => typescript, scope => TreeScope(TsParsedFile() / TsDeclNamespace(EJSON) / TsDeclFunction(stringify) / TsFunSig() / TsFunParam() / TsTypeObject())] 
[info ] ExtractInterfaces.scala:30 Extracted anonymous interface TsIdentSimple(Anon_Format) [id => meteor, phase => typescript, scope => TreeScope(TsParsedFile() / TsDeclModule(meteor/webapp) / TsDeclNamespace(WebApp) / TsDeclVar(clientPrograms) / TsTypeObject() / TsMemberIndex() / TsTypeObject())] 
[info ] ExtractInterfaces.scala:30 Extracted anonymous interface TsIdentSimple(Anon_AbsolutePath) [id => meteor, phase => typescript, scope => TreeScope(TsParsedFile() / TsDeclModule(meteor/webapp) / TsDeclInterface(StaticFiles) / TsMemberIndex() / TsTypeObject())] 
[info ] ExtractInterfaces.scala:30 Extracted anonymous interface TsIdentSimple(Anon_Module) [id => meteor, phase => typescript, scope => TreeScope(TsParsedFile() / TsDeclModule(meteor/webapp) / TsDeclNamespace(WebAppInternals) / TsDeclVar(NpmModules) / TsTypeObject() / TsMemberIndex() / TsTypeObject())] 
[info ] ExtractInterfaces.scala:30 Extracted anonymous interface TsIdentSimple(Anon_Minor) [id => meteor, phase => typescript, scope => TreeScope(TsParsedFile() / TsDeclModule(meteor/webapp) / TsDeclNamespace(WebAppInternals) / TsDeclFunction(identifyBrowser) / TsFunSig() / TsTypeObject())] 
[info ] ExtractInterfaces.scala:30 Extracted anonymous interface TsIdentSimple(Anon_SubjectReplyTo) [id => meteor, phase => typescript, scope => TreeScope(TsParsedFile() / TsDeclNamespace(Email) / TsDeclFunction(send) / TsFunSig() / TsFunParam() / TsTypeObject())] 
[info ] ExtractInterfaces.scala:30 Extracted anonymous interface TsIdentSimple(Anon_RestrictToOrigin) [id => meteor, phase => typescript, scope => TreeScope(TsParsedFile() / TsDeclModule(meteor/browser-policy-common) / TsDeclNamespace(BrowserPolicy) / TsDeclVar(framing) / TsTypeObject())] 
[info ] ExtractInterfaces.scala:30 Extracted anonymous interface TsIdentSimple(Anon_AllowConnectOrigin) [id => meteor, phase => typescript, scope => TreeScope(TsParsedFile() / TsDeclModule(meteor/browser-policy-common) / TsDeclNamespace(BrowserPolicy) / TsDeclVar(content) / TsTypeObject())] 
[info ] ExtractInterfaces.scala:30 Extracted anonymous interface TsIdentSimple(Anon_Stdio) [id => meteor, phase => typescript, scope => TreeScope(TsParsedFile() / TsDeclFunction(execFileAsync) / TsFunSig() / TsFunParam() / TsTypeObject())] 
[info ] ExtractInterfaces.scala:30 Extracted anonymous interface TsIdentSimple(Anon_Username) [id => meteor, phase => typescript, scope => TreeScope(TsParsedFile() / TsDeclNamespace(Accounts) / TsDeclFunction(createUser) / TsFunSig() / TsFunParam() / TsTypeObject())] 
[info ] ExtractInterfaces.scala:30 Extracted anonymous interface TsIdentSimple(Anon_Username) [id => meteor, phase => typescript, scope => TreeScope(TsParsedFile() / TsDeclNamespace(Accounts) / TsDeclFunction(createUser) / TsFunSig() / TsFunParam() / TsTypeObject())] 
[info ] ExtractInterfaces.scala:30 Extracted anonymous interface TsIdentSimple(Anon_Algorithm) [id => meteor, phase => typescript, scope => TreeScope(TsParsedFile() / TsDeclNamespace(Accounts) / TsDeclFunction(_hashPassword) / TsFunSig() / TsTypeObject())] 
[info ] ExtractInterfaces.scala:30 Extracted anonymous interface TsIdentSimple(Anon_Stop) [id => meteor, phase => typescript, scope => TreeScope(TsParsedFile() / TsDeclNamespace(Accounts) / TsDeclFunction(onLogin) / TsFunSig() / TsTypeObject())] 
[info ] ExtractInterfaces.scala:30 Extracted anonymous interface TsIdentSimple(Anon_Logout) [id => meteor, phase => typescript, scope => TreeScope(TsParsedFile() / TsDeclNamespace(Accounts) / TsDeclFunction(setPassword) / TsFunSig() / TsFunParam() / TsTypeObject())] 
[info ] ExtractInterfaces.scala:30 Extracted anonymous interface TsIdentSimple(Anon_PasswordEnrollTokenExpirationInDays) [id => meteor, phase => typescript, scope => TreeScope(TsParsedFile() / TsDeclNamespace(Accounts) / TsDeclFunction(config) / TsFunSig() / TsFunParam() / TsTypeObject())] 
[info ] ExtractInterfaces.scala:30 Extracted anonymous interface TsIdentSimple(Anon_Email) [id => meteor, phase => typescript, scope => TreeScope(TsParsedFile() / TsDeclNamespace(Accounts) / TsDeclFunction(forgotPassword) / TsFunSig() / TsFunParam() / TsTypeObject())] 
[info ] ExtractInterfaces.scala:30 Extracted anonymous interface TsIdentSimple(Anon_Email) [id => meteor, phase => typescript, scope => TreeScope(TsParsedFile() / TsDeclNamespace(Accounts) / TsDeclFunction(forgotPassword) / TsFunSig() / TsFunParam() / TsTypeObject())] 
[info ] ExtractInterfaces.scala:30 Extracted anonymous interface TsIdentSimple(Anon_RequestOfflineToken) [id => meteor, phase => typescript, scope => TreeScope(TsParsedFile() / TsDeclNamespace(Accounts) / TsDeclVar(ui) / TsTypeObject() / TsMemberFunction(config) / TsFunSig() / TsFunParam() / TsTypeObject())] 
[info ] ExtractInterfaces.scala:30 Extracted anonymous interface TsIdentSimple(Anon_Config) [id => meteor, phase => typescript, scope => TreeScope(TsParsedFile() / TsDeclNamespace(Accounts) / TsDeclVar(ui) / TsTypeObject())] 
[info ] ExtractInterfaces.scala:30 Extracted anonymous interface TsIdentSimple(Anon_Stop) [id => meteor, phase => typescript, scope => TreeScope(TsParsedFile() / TsDeclNamespace(Accounts) / TsDeclFunction(onLoginFailure) / TsFunSig() / TsTypeObject())] 
[info ] ExtractInterfaces.scala:30 Extracted anonymous interface TsIdentSimple(Anon_Stop) [id => meteor, phase => typescript, scope => TreeScope(TsParsedFile() / TsDeclNamespace(Accounts) / TsDeclFunction(validateLoginAttempt) / TsFunSig() / TsTypeObject())] 
[info ] ExtractInterfaces.scala:30 Extracted anonymous interface TsIdentSimple(Anon_RestrictToOrigin) [id => meteor, phase => typescript, scope => TreeScope(TsParsedFile() / TsDeclNamespace(BrowserPolicy) / TsDeclVar(framing) / TsTypeObject())] 
[info ] ExtractInterfaces.scala:30 Extracted anonymous interface TsIdentSimple(Anon_AllowDataUrlForAll) [id => meteor, phase => typescript, scope => TreeScope(TsParsedFile() / TsDeclNamespace(BrowserPolicy) / TsDeclVar(content) / TsTypeObject())] 
[info ] ExtractInterfaces.scala:30 Extracted anonymous interface TsIdentSimple(Anon_OnResultReceived) [id => meteor, phase => typescript, scope => TreeScope(TsParsedFile() / TsDeclModule(meteor/meteor) / TsDeclNamespace(Meteor) / TsDeclFunction(apply) / TsFunSig() / TsFunParam() / TsTypeObject())] 
[info ] ExtractInterfaces.scala:30 Extracted anonymous interface TsIdentSimple(Anon_OnResultReceived) [id => meteor, phase => typescript, scope => TreeScope(TsParsedFile() / TsDeclModule(meteor/meteor) / TsDeclNamespace(Meteor) / TsDeclFunction(apply) / TsFunSig() / TsFunParam() / TsTypeObject())] 
[info ] ExtractInterfaces.scala:30 Extracted anonymous interface TsIdentSimple(Anon_RedirectUrl) [id => meteor, phase => typescript, scope => TreeScope(TsParsedFile() / TsDeclModule(meteor/meteor) / TsDeclNamespace(Meteor) / TsDeclFunction(loginWith) / TsFunSig() / TsFunParam() / TsTypeObject())] 
[info ] ExtractInterfaces.scala:30 Extracted anonymous interface TsIdentSimple(Anon_RedirectUrl) [id => meteor, phase => typescript, scope => TreeScope(TsParsedFile() / TsDeclModule(meteor/meteor) / TsDeclNamespace(Meteor) / TsDeclFunction(loginWith) / TsFunSig() / TsFunParam() / TsTypeObject())] 
[info ] ExtractInterfaces.scala:30 Extracted anonymous interface TsIdentSimple(Anon_RootUrl) [id => meteor, phase => typescript, scope => TreeScope(TsParsedFile() / TsDeclModule(meteor/meteor) / TsDeclNamespace(Meteor) / TsDeclFunction(absoluteUrl) / TsFunSig() / TsFunParam() / TsTypeObject())] 
[info ] ExtractInterfaces.scala:30 Extracted anonymous interface TsIdentSimple(Anon_Name) [id => meteor, phase => typescript, scope => TreeScope(TsParsedFile() / TsDeclNamespace(Package) / TsDeclFunction(describe) / TsFunSig() / TsFunParam() / TsTypeObject())] 
[info ] ExtractInterfaces.scala:30 Extracted anonymous interface TsIdentSimple(Anon_Sources) [id => meteor, phase => typescript, scope => TreeScope(TsParsedFile() / TsDeclNamespace(Package) / TsDeclFunction(registerBuildPlugin) / TsFunSig() / TsFunParam() / TsTypeObject())] 
[info ] ExtractInterfaces.scala:30 Extracted anonymous interface TsIdentSimple(Anon_OnResultReceived) [id => meteor, phase => typescript, scope => TreeScope(TsParsedFile() / TsDeclNamespace(Meteor) / TsDeclFunction(apply) / TsFunSig() / TsFunParam() / TsTypeObject())] 
[info ] ExtractInterfaces.scala:30 Extracted anonymous interface TsIdentSimple(Anon_OnResultReceived) [id => meteor, phase => typescript, scope => TreeScope(TsParsedFile() / TsDeclNamespace(Meteor) / TsDeclFunction(apply) / TsFunSig() / TsFunParam() / TsTypeObject())] 
[info ] ExtractInterfaces.scala:30 Extracted anonymous interface TsIdentSimple(Anon_RedirectUrl) [id => meteor, phase => typescript, scope => TreeScope(TsParsedFile() / TsDeclNamespace(Meteor) / TsDeclFunction(loginWith) / TsFunSig() / TsFunParam() / TsTypeObject())] 
[info ] ExtractInterfaces.scala:30 Extracted anonymous interface TsIdentSimple(Anon_RedirectUrl) [id => meteor, phase => typescript, scope => TreeScope(TsParsedFile() / TsDeclNamespace(Meteor) / TsDeclFunction(loginWith) / TsFunSig() / TsFunParam() / TsTypeObject())] 
[info ] ExtractInterfaces.scala:30 Extracted anonymous interface TsIdentSimple(Anon_RootUrl) [id => meteor, phase => typescript, scope => TreeScope(TsParsedFile() / TsDeclNamespace(Meteor) / TsDeclFunction(absoluteUrl) / TsFunSig() / TsFunParam() / TsTypeObject())] 
[info ] ExtractInterfaces.scala:30 Extracted anonymous interface TsIdentSimple(Anon_Configurations) [id => meteor, phase => typescript, scope => TreeScope(TsParsedFile() / TsDeclModule(meteor/service-configuration) / TsDeclVar(ServiceConfiguration) / TsTypeObject())] 
[info ] ExtractInterfaces.scala:30 Extracted anonymous interface TsIdentSimple(Anon_Auth) [id => meteor, phase => typescript, scope => TreeScope(TsParsedFile() / TsDeclModule(meteor/http) / TsDeclNamespace(HTTP) / TsDeclFunction(call) / TsFunSig() / TsFunParam() / TsTypeObject())] 
[info ] ExtractInterfaces.scala:30 Extracted anonymous interface TsIdentSimple(Anon_Auth) [id => meteor, phase => typescript, scope => TreeScope(TsParsedFile() / TsDeclModule(meteor/http) / TsDeclNamespace(HTTP) / TsDeclFunction(call) / TsFunSig() / TsFunParam() / TsTypeObject())] 
[info ] ExtractInterfaces.scala:30 Extracted anonymous interface TsIdentSimple(Anon_Weak) [id => meteor, phase => typescript, scope => TreeScope(TsParsedFile() / TsDeclInterface(PackageAPI) / TsMemberFunction(use) / TsFunSig() / TsFunParam() / TsTypeObject())] 
[info ] ExtractInterfaces.scala:30 Extracted anonymous interface TsIdentSimple(Anon_Weak) [id => meteor, phase => typescript, scope => TreeScope(TsParsedFile() / TsDeclInterface(PackageAPI) / TsMemberFunction(use) / TsFunSig() / TsFunParam() / TsTypeObject())] 
[info ] ExtractInterfaces.scala:30 Extracted anonymous interface TsIdentSimple(Anon_Weak) [id => meteor, phase => typescript, scope => TreeScope(TsParsedFile() / TsDeclInterface(PackageAPI) / TsMemberFunction(use) / TsFunSig() / TsFunParam() / TsTypeObject())] 
[info ] ExtractInterfaces.scala:30 Extracted anonymous interface TsIdentSimple(Anon_Weak) [id => meteor, phase => typescript, scope => TreeScope(TsParsedFile() / TsDeclInterface(PackageAPI) / TsMemberFunction(use) / TsFunSig() / TsFunParam() / TsTypeObject())] 
[info ] ExtractInterfaces.scala:30 Extracted anonymous interface TsIdentSimple(Anon_Bare) [id => meteor, phase => typescript, scope => TreeScope(TsParsedFile() / TsDeclInterface(PackageAPI) / TsMemberFunction(addFiles) / TsFunSig() / TsFunParam() / TsTypeObject())] 
[info ] ExtractInterfaces.scala:30 Extracted anonymous interface TsIdentSimple(Anon_Bare) [id => meteor, phase => typescript, scope => TreeScope(TsParsedFile() / TsDeclInterface(PackageAPI) / TsMemberFunction(addFiles) / TsFunSig() / TsFunParam() / TsTypeObject())] 
[info ] ExtractInterfaces.scala:30 Extracted anonymous interface TsIdentSimple(Anon_Bare) [id => meteor, phase => typescript, scope => TreeScope(TsParsedFile() / TsDeclInterface(PackageAPI) / TsMemberFunction(addFiles) / TsFunSig() / TsFunParam() / TsTypeObject())] 
[info ] ExtractInterfaces.scala:30 Extracted anonymous interface TsIdentSimple(Anon_Bare) [id => meteor, phase => typescript, scope => TreeScope(TsParsedFile() / TsDeclInterface(PackageAPI) / TsMemberFunction(addFiles) / TsFunSig() / TsFunParam() / TsTypeObject())] 
[info ] ExtractInterfaces.scala:30 Extracted anonymous interface TsIdentSimple(Anon_OnError) [id => meteor, phase => typescript, scope => TreeScope(TsParsedFile() / TsDeclNamespace(Tracker) / TsDeclFunction(autorun) / TsFunSig() / TsFunParam() / TsTypeObject())] 
[info ] ExtractInterfaces.scala:30 Extracted anonymous interface TsIdentSimple(Anon_Stdio) [id => meteor, phase => typescript, scope => TreeScope(TsParsedFile() / TsDeclModule(meteor/tools) / TsDeclFunction(execFileSync) / TsFunSig() / TsFunParam() / TsTypeObject())] 
[info ] ExtractInterfaces.scala:30 Extracted anonymous interface TsIdentSimple(Anon_Author) [id => meteor, phase => typescript, scope => TreeScope(TsParsedFile() / TsDeclModule(meteor/tools) / TsDeclNamespace(App) / TsDeclFunction(info) / TsFunSig() / TsFunParam() / TsTypeObject())] 
[info ] ExtractInterfaces.scala:30 Extracted anonymous interface TsIdentSimple(Anon_LaunchExternal) [id => meteor, phase => typescript, scope => TreeScope(TsParsedFile() / TsDeclModule(meteor/tools) / TsDeclNamespace(App) / TsDeclFunction(accessRule) / TsFunSig() / TsFunParam() / TsTypeObject())] 
[info ] ExtractInterfaces.scala:30 Extracted anonymous interface TsIdentSimple(Anon_Stdio) [id => meteor, phase => typescript, scope => TreeScope(TsParsedFile() / TsDeclModule(meteor/tools) / TsDeclFunction(execFileAsync) / TsFunSig() / TsFunParam() / TsTypeObject())] 
[info ] ExtractInterfaces.scala:30 Extracted anonymous interface TsIdentSimple(Anon_Name) [id => meteor, phase => typescript, scope => TreeScope(TsParsedFile() / TsDeclModule(meteor/tools) / TsDeclNamespace(Package) / TsDeclFunction(describe) / TsFunSig() / TsFunParam() / TsTypeObject())] 
[info ] ExtractInterfaces.scala:30 Extracted anonymous interface TsIdentSimple(Anon_Sources) [id => meteor, phase => typescript, scope => TreeScope(TsParsedFile() / TsDeclModule(meteor/tools) / TsDeclNamespace(Package) / TsDeclFunction(registerBuildPlugin) / TsFunSig() / TsFunParam() / TsTypeObject())] 
[info ] ExtractInterfaces.scala:30 Extracted anonymous interface TsIdentSimple(Anon_Weak) [id => meteor, phase => typescript, scope => TreeScope(TsParsedFile() / TsDeclModule(meteor/tools) / TsDeclInterface(PackageAPI) / TsMemberFunction(use) / TsFunSig() / TsFunParam() / TsTypeObject())] 
[info ] ExtractInterfaces.scala:30 Extracted anonymous interface TsIdentSimple(Anon_Weak) [id => meteor, phase => typescript, scope => TreeScope(TsParsedFile() / TsDeclModule(meteor/tools) / TsDeclInterface(PackageAPI) / TsMemberFunction(use) / TsFunSig() / TsFunParam() / TsTypeObject())] 
[info ] ExtractInterfaces.scala:30 Extracted anonymous interface TsIdentSimple(Anon_Weak) [id => meteor, phase => typescript, scope => TreeScope(TsParsedFile() / TsDeclModule(meteor/tools) / TsDeclInterface(PackageAPI) / TsMemberFunction(use) / TsFunSig() / TsFunParam() / TsTypeObject())] 
[info ] ExtractInterfaces.scala:30 Extracted anonymous interface TsIdentSimple(Anon_Weak) [id => meteor, phase => typescript, scope => TreeScope(TsParsedFile() / TsDeclModule(meteor/tools) / TsDeclInterface(PackageAPI) / TsMemberFunction(use) / TsFunSig() / TsFunParam() / TsTypeObject())] 
[info ] ExtractInterfaces.scala:30 Extracted anonymous interface TsIdentSimple(Anon_Bare) [id => meteor, phase => typescript, scope => TreeScope(TsParsedFile() / TsDeclModule(meteor/tools) / TsDeclInterface(PackageAPI) / TsMemberFunction(addFiles) / TsFunSig() / TsFunParam() / TsTypeObject())] 
[info ] ExtractInterfaces.scala:30 Extracted anonymous interface TsIdentSimple(Anon_Bare) [id => meteor, phase => typescript, scope => TreeScope(TsParsedFile() / TsDeclModule(meteor/tools) / TsDeclInterface(PackageAPI) / TsMemberFunction(addFiles) / TsFunSig() / TsFunParam() / TsTypeObject())] 
[info ] ExtractInterfaces.scala:30 Extracted anonymous interface TsIdentSimple(Anon_Bare) [id => meteor, phase => typescript, scope => TreeScope(TsParsedFile() / TsDeclModule(meteor/tools) / TsDeclInterface(PackageAPI) / TsMemberFunction(addFiles) / TsFunSig() / TsFunParam() / TsTypeObject())] 
[info ] ExtractInterfaces.scala:30 Extracted anonymous interface TsIdentSimple(Anon_Bare) [id => meteor, phase => typescript, scope => TreeScope(TsParsedFile() / TsDeclModule(meteor/tools) / TsDeclInterface(PackageAPI) / TsMemberFunction(addFiles) / TsFunSig() / TsFunParam() / TsTypeObject())] 
[info ] ExtractInterfaces.scala:30 Extracted anonymous interface TsIdentSimple(Anon_OnError) [id => meteor, phase => typescript, scope => TreeScope(TsParsedFile() / TsDeclModule(meteor/tracker) / TsDeclNamespace(Tracker) / TsDeclFunction(autorun) / TsFunSig() / TsFunParam() / TsTypeObject())] 
[info ] ExtractInterfaces.scala:30 Extracted anonymous interface TsIdentSimple(Anon_Reactive) [id => meteor, phase => typescript, scope => TreeScope(TsParsedFile() / TsDeclNamespace(Mongo) / TsDeclInterface(Collection) / TsMemberFunction(find) / TsFunSig() / TsFunParam() / TsTypeObject())] 
[info ] ExtractInterfaces.scala:30 Extracted anonymous interface TsIdentSimple(Anon_Reactive) [id => meteor, phase => typescript, scope => TreeScope(TsParsedFile() / TsDeclNamespace(Mongo) / TsDeclInterface(Collection) / TsMemberFunction(find) / TsFunSig() / TsFunParam() / TsTypeObject())] 
[info ] ExtractInterfaces.scala:30 Extracted anonymous interface TsIdentSimple(Anon_Reactive) [id => meteor, phase => typescript, scope => TreeScope(TsParsedFile() / TsDeclNamespace(Mongo) / TsDeclInterface(Collection) / TsMemberFunction(find) / TsFunSig() / TsFunParam() / TsTypeObject())] 
[info ] ExtractInterfaces.scala:30 Extracted anonymous interface TsIdentSimple(Anon_ReactiveSkip) [id => meteor, phase => typescript, scope => TreeScope(TsParsedFile() / TsDeclNamespace(Mongo) / TsDeclInterface(Collection) / TsMemberFunction(findOne) / TsFunSig() / TsFunParam() / TsTypeObject())] 
[info ] ExtractInterfaces.scala:30 Extracted anonymous interface TsIdentSimple(Anon_ReactiveSkip) [id => meteor, phase => typescript, scope => TreeScope(TsParsedFile() / TsDeclNamespace(Mongo) / TsDeclInterface(Collection) / TsMemberFunction(findOne) / TsFunSig() / TsFunParam() / TsTypeObject())] 
[info ] ExtractInterfaces.scala:30 Extracted anonymous interface TsIdentSimple(Anon_ReactiveSkip) [id => meteor, phase => typescript, scope => TreeScope(TsParsedFile() / TsDeclNamespace(Mongo) / TsDeclInterface(Collection) / TsMemberFunction(findOne) / TsFunSig() / TsFunParam() / TsTypeObject())] 
[info ] ExtractInterfaces.scala:30 Extracted anonymous interface TsIdentSimple(Anon_Insert) [id => meteor, phase => typescript, scope => TreeScope(TsParsedFile() / TsDeclNamespace(Mongo) / TsDeclInterface(Collection) / TsMemberFunction(allow) / TsFunSig() / TsFunParam() / TsTypeObject())] 
[info ] ExtractInterfaces.scala:30 Extracted anonymous interface TsIdentSimple(Anon_Insert) [id => meteor, phase => typescript, scope => TreeScope(TsParsedFile() / TsDeclNamespace(Mongo) / TsDeclInterface(Collection) / TsMemberFunction(deny) / TsFunSig() / TsFunParam() / TsTypeObject())] 
[info ] ExtractInterfaces.scala:30 Extracted anonymous interface TsIdentSimple(Anon_Multi) [id => meteor, phase => typescript, scope => TreeScope(TsParsedFile() / TsDeclNamespace(Mongo) / TsDeclInterface(Collection) / TsMemberFunction(update) / TsFunSig() / TsFunParam() / TsTypeObject())] 
[info ] ExtractInterfaces.scala:30 Extracted anonymous interface TsIdentSimple(Anon_Multi) [id => meteor, phase => typescript, scope => TreeScope(TsParsedFile() / TsDeclNamespace(Mongo) / TsDeclInterface(Collection) / TsMemberFunction(update) / TsFunSig() / TsFunParam() / TsTypeObject())] 
[info ] ExtractInterfaces.scala:30 Extracted anonymous interface TsIdentSimple(Anon_Multi) [id => meteor, phase => typescript, scope => TreeScope(TsParsedFile() / TsDeclNamespace(Mongo) / TsDeclInterface(Collection) / TsMemberFunction(update) / TsFunSig() / TsFunParam() / TsTypeObject())] 
[info ] ExtractInterfaces.scala:30 Extracted anonymous interface TsIdentSimple(Anon_Multi) [id => meteor, phase => typescript, scope => TreeScope(TsParsedFile() / TsDeclNamespace(Mongo) / TsDeclInterface(Collection) / TsMemberFunction(update) / TsFunSig() / TsFunParam() / TsTypeObject())] 
[info ] ExtractInterfaces.scala:30 Extracted anonymous interface TsIdentSimple(Anon_Multi) [id => meteor, phase => typescript, scope => TreeScope(TsParsedFile() / TsDeclNamespace(Mongo) / TsDeclInterface(Collection) / TsMemberFunction(update) / TsFunSig() / TsFunParam() / TsTypeObject())] 
[info ] ExtractInterfaces.scala:30 Extracted anonymous interface TsIdentSimple(Anon_Multi) [id => meteor, phase => typescript, scope => TreeScope(TsParsedFile() / TsDeclNamespace(Mongo) / TsDeclInterface(Collection) / TsMemberFunction(update) / TsFunSig() / TsFunParam() / TsTypeObject())] 
[info ] ExtractInterfaces.scala:30 Extracted anonymous interface TsIdentSimple(Anon_NumberAffected) [id => meteor, phase => typescript, scope => TreeScope(TsParsedFile() / TsDeclNamespace(Mongo) / TsDeclInterface(Collection) / TsMemberFunction(upsert) / TsFunSig() / TsTypeObject())] 
[info ] ExtractInterfaces.scala:30 Extracted anonymous interface TsIdentSimple(Anon_MultiBoolean) [id => meteor, phase => typescript, scope => TreeScope(TsParsedFile() / TsDeclNamespace(Mongo) / TsDeclInterface(Collection) / TsMemberFunction(upsert) / TsFunSig() / TsFunParam() / TsTypeObject())] 
[info ] ExtractInterfaces.scala:30 Extracted anonymous interface TsIdentSimple(Anon_NumberAffected) [id => meteor, phase => typescript, scope => TreeScope(TsParsedFile() / TsDeclNamespace(Mongo) / TsDeclInterface(Collection) / TsMemberFunction(upsert) / TsFunSig() / TsTypeObject())] 
[info ] ExtractInterfaces.scala:30 Extracted anonymous interface TsIdentSimple(Anon_MultiBoolean) [id => meteor, phase => typescript, scope => TreeScope(TsParsedFile() / TsDeclNamespace(Mongo) / TsDeclInterface(Collection) / TsMemberFunction(upsert) / TsFunSig() / TsFunParam() / TsTypeObject())] 
[info ] ExtractInterfaces.scala:30 Extracted anonymous interface TsIdentSimple(Anon_NumberAffected) [id => meteor, phase => typescript, scope => TreeScope(TsParsedFile() / TsDeclNamespace(Mongo) / TsDeclInterface(Collection) / TsMemberFunction(upsert) / TsFunSig() / TsTypeObject())] 
[info ] ExtractInterfaces.scala:30 Extracted anonymous interface TsIdentSimple(Anon_NumberAffected) [id => meteor, phase => typescript, scope => TreeScope(TsParsedFile() / TsDeclNamespace(Mongo) / TsDeclInterface(Collection) / TsMemberFunction(upsert) / TsFunSig() / TsTypeObject())] 
[info ] ExtractInterfaces.scala:30 Extracted anonymous interface TsIdentSimple(Anon_MultiBoolean) [id => meteor, phase => typescript, scope => TreeScope(TsParsedFile() / TsDeclNamespace(Mongo) / TsDeclInterface(Collection) / TsMemberFunction(upsert) / TsFunSig() / TsFunParam() / TsTypeObject())] 
[info ] ExtractInterfaces.scala:30 Extracted anonymous interface TsIdentSimple(Anon_NumberAffected) [id => meteor, phase => typescript, scope => TreeScope(TsParsedFile() / TsDeclNamespace(Mongo) / TsDeclInterface(Collection) / TsMemberFunction(upsert) / TsFunSig() / TsTypeObject())] 
[info ] ExtractInterfaces.scala:30 Extracted anonymous interface TsIdentSimple(Anon_MultiBoolean) [id => meteor, phase => typescript, scope => TreeScope(TsParsedFile() / TsDeclNamespace(Mongo) / TsDeclInterface(Collection) / TsMemberFunction(upsert) / TsFunSig() / TsFunParam() / TsTypeObject())] 
[info ] ExtractInterfaces.scala:30 Extracted anonymous interface TsIdentSimple(Anon_NumberAffected) [id => meteor, phase => typescript, scope => TreeScope(TsParsedFile() / TsDeclNamespace(Mongo) / TsDeclInterface(Collection) / TsMemberFunction(upsert) / TsFunSig() / TsTypeObject())] 
[info ] ExtractInterfaces.scala:30 Extracted anonymous interface TsIdentSimple(Anon_NumberAffected) [id => meteor, phase => typescript, scope => TreeScope(TsParsedFile() / TsDeclNamespace(Mongo) / TsDeclInterface(Collection) / TsMemberFunction(upsert) / TsFunSig() / TsTypeObject())] 
[info ] ExtractInterfaces.scala:30 Extracted anonymous interface TsIdentSimple(Anon_MultiBoolean) [id => meteor, phase => typescript, scope => TreeScope(TsParsedFile() / TsDeclNamespace(Mongo) / TsDeclInterface(Collection) / TsMemberFunction(upsert) / TsFunSig() / TsFunParam() / TsTypeObject())] 
[info ] ExtractInterfaces.scala:30 Extracted anonymous interface TsIdentSimple(Anon_NumberAffected) [id => meteor, phase => typescript, scope => TreeScope(TsParsedFile() / TsDeclNamespace(Mongo) / TsDeclInterface(Collection) / TsMemberFunction(upsert) / TsFunSig() / TsTypeObject())] 
[info ] ExtractInterfaces.scala:30 Extracted anonymous interface TsIdentSimple(Anon_MultiBoolean) [id => meteor, phase => typescript, scope => TreeScope(TsParsedFile() / TsDeclNamespace(Mongo) / TsDeclInterface(Collection) / TsMemberFunction(upsert) / TsFunSig() / TsFunParam() / TsTypeObject())] 
[info ] ExtractInterfaces.scala:30 Extracted anonymous interface TsIdentSimple(Anon_NumberAffected) [id => meteor, phase => typescript, scope => TreeScope(TsParsedFile() / TsDeclNamespace(Mongo) / TsDeclInterface(Collection) / TsMemberFunction(upsert) / TsFunSig() / TsTypeObject())] 
[info ] ExtractInterfaces.scala:30 Extracted anonymous interface TsIdentSimple(Anon_Mul) [id => meteor, phase => typescript, scope => TreeScope(TsParsedFile() / TsDeclNamespace(Mongo) / TsDeclTypeAlias(Modifier) / TsTypeUnion() / TsTypeObject())] 
[info ] ExtractInterfaces.scala:30 Extracted anonymous interface TsIdentSimple(Anon_Or) [id => meteor, phase => typescript, scope => TreeScope(TsParsedFile() / TsDeclNamespace(Mongo) / TsDeclTypeAlias(Query) / TsTypeIntersect() / TsTypeObject())] 
[info ] ExtractInterfaces.scala:30 Extracted anonymous interface TsIdentSimple(Anon_Type) [id => meteor, phase => typescript, scope => TreeScope(TsParsedFile() / TsDeclNamespace(Mongo) / TsDeclTypeAlias(CurrentDateModifier) / TsTypeUnion() / TsTypeObject())] 
[info ] ExtractInterfaces.scala:30 Extracted anonymous interface TsIdentSimple(Anon_Transform) [id => meteor, phase => typescript, scope => TreeScope(TsParsedFile() / TsDeclNamespace(Mongo) / TsDeclInterface(CollectionStatic) / TsMemberCtor() / TsFunSig() / TsFunParam() / TsTypeObject())] 
[info ] ExtractInterfaces.scala:30 Extracted anonymous interface TsIdentSimple(Anon_Search) [id => meteor, phase => typescript, scope => TreeScope(TsParsedFile() / TsDeclNamespace(Mongo) / TsDeclInterface(FieldExpression) / TsMemberProperty($text) / TsTypeObject())] 
[info ] ExtractInterfaces.scala:30 Extracted anonymous interface TsIdentSimple(Anon_ReactiveSkipFields) [id => meteor, phase => typescript, scope => TreeScope(TsParsedFile() / TsDeclModule(meteor/mongo) / TsDeclNamespace(Mongo) / TsDeclInterface(Collection) / TsMemberFunction(find) / TsFunSig() / TsFunParam() / TsTypeObject())] 
[info ] ExtractInterfaces.scala:30 Extracted anonymous interface TsIdentSimple(Anon_ReactiveSkipFields) [id => meteor, phase => typescript, scope => TreeScope(TsParsedFile() / TsDeclModule(meteor/mongo) / TsDeclNamespace(Mongo) / TsDeclInterface(Collection) / TsMemberFunction(find) / TsFunSig() / TsFunParam() / TsTypeObject())] 
[info ] ExtractInterfaces.scala:30 Extracted anonymous interface TsIdentSimple(Anon_ReactiveSkipFields) [id => meteor, phase => typescript, scope => TreeScope(TsParsedFile() / TsDeclModule(meteor/mongo) / TsDeclNamespace(Mongo) / TsDeclInterface(Collection) / TsMemberFunction(find) / TsFunSig() / TsFunParam() / TsTypeObject())] 
[info ] ExtractInterfaces.scala:30 Extracted anonymous interface TsIdentSimple(Anon_ReactiveSkipFieldsSort) [id => meteor, phase => typescript, scope => TreeScope(TsParsedFile() / TsDeclModule(meteor/mongo) / TsDeclNamespace(Mongo) / TsDeclInterface(Collection) / TsMemberFunction(findOne) / TsFunSig() / TsFunParam() / TsTypeObject())] 
[info ] ExtractInterfaces.scala:30 Extracted anonymous interface TsIdentSimple(Anon_ReactiveSkipFieldsSort) [id => meteor, phase => typescript, scope => TreeScope(TsParsedFile() / TsDeclModule(meteor/mongo) / TsDeclNamespace(Mongo) / TsDeclInterface(Collection) / TsMemberFunction(findOne) / TsFunSig() / TsFunParam() / TsTypeObject())] 
[info ] ExtractInterfaces.scala:30 Extracted anonymous interface TsIdentSimple(Anon_ReactiveSkipFieldsSort) [id => meteor, phase => typescript, scope => TreeScope(TsParsedFile() / TsDeclModule(meteor/mongo) / TsDeclNamespace(Mongo) / TsDeclInterface(Collection) / TsMemberFunction(findOne) / TsFunSig() / TsFunParam() / TsTypeObject())] 
[info ] ExtractInterfaces.scala:30 Extracted anonymous interface TsIdentSimple(Anon_Insert) [id => meteor, phase => typescript, scope => TreeScope(TsParsedFile() / TsDeclModule(meteor/mongo) / TsDeclNamespace(Mongo) / TsDeclInterface(Collection) / TsMemberFunction(allow) / TsFunSig() / TsFunParam() / TsTypeObject())] 
[info ] ExtractInterfaces.scala:30 Extracted anonymous interface TsIdentSimple(Anon_Insert) [id => meteor, phase => typescript, scope => TreeScope(TsParsedFile() / TsDeclModule(meteor/mongo) / TsDeclNamespace(Mongo) / TsDeclInterface(Collection) / TsMemberFunction(deny) / TsFunSig() / TsFunParam() / TsTypeObject())] 
[info ] ExtractInterfaces.scala:30 Extracted anonymous interface TsIdentSimple(Anon_Multi) [id => meteor, phase => typescript, scope => TreeScope(TsParsedFile() / TsDeclModule(meteor/mongo) / TsDeclNamespace(Mongo) / TsDeclInterface(Collection) / TsMemberFunction(update) / TsFunSig() / TsFunParam() / TsTypeObject())] 
[info ] ExtractInterfaces.scala:30 Extracted anonymous interface TsIdentSimple(Anon_Multi) [id => meteor, phase => typescript, scope => TreeScope(TsParsedFile() / TsDeclModule(meteor/mongo) / TsDeclNamespace(Mongo) / TsDeclInterface(Collection) / TsMemberFunction(update) / TsFunSig() / TsFunParam() / TsTypeObject())] 
[info ] ExtractInterfaces.scala:30 Extracted anonymous interface TsIdentSimple(Anon_Multi) [id => meteor, phase => typescript, scope => TreeScope(TsParsedFile() / TsDeclModule(meteor/mongo) / TsDeclNamespace(Mongo) / TsDeclInterface(Collection) / TsMemberFunction(update) / TsFunSig() / TsFunParam() / TsTypeObject())] 
[info ] ExtractInterfaces.scala:30 Extracted anonymous interface TsIdentSimple(Anon_Multi) [id => meteor, phase => typescript, scope => TreeScope(TsParsedFile() / TsDeclModule(meteor/mongo) / TsDeclNamespace(Mongo) / TsDeclInterface(Collection) / TsMemberFunction(update) / TsFunSig() / TsFunParam() / TsTypeObject())] 
[info ] ExtractInterfaces.scala:30 Extracted anonymous interface TsIdentSimple(Anon_Multi) [id => meteor, phase => typescript, scope => TreeScope(TsParsedFile() / TsDeclModule(meteor/mongo) / TsDeclNamespace(Mongo) / TsDeclInterface(Collection) / TsMemberFunction(update) / TsFunSig() / TsFunParam() / TsTypeObject())] 
[info ] ExtractInterfaces.scala:30 Extracted anonymous interface TsIdentSimple(Anon_Multi) [id => meteor, phase => typescript, scope => TreeScope(TsParsedFile() / TsDeclModule(meteor/mongo) / TsDeclNamespace(Mongo) / TsDeclInterface(Collection) / TsMemberFunction(update) / TsFunSig() / TsFunParam() / TsTypeObject())] 
[info ] ExtractInterfaces.scala:30 Extracted anonymous interface TsIdentSimple(Anon_NumberAffected) [id => meteor, phase => typescript, scope => TreeScope(TsParsedFile() / TsDeclModule(meteor/mongo) / TsDeclNamespace(Mongo) / TsDeclInterface(Collection) / TsMemberFunction(upsert) / TsFunSig() / TsTypeObject())] 
[info ] ExtractInterfaces.scala:30 Extracted anonymous interface TsIdentSimple(Anon_MultiBoolean) [id => meteor, phase => typescript, scope => TreeScope(TsParsedFile() / TsDeclModule(meteor/mongo) / TsDeclNamespace(Mongo) / TsDeclInterface(Collection) / TsMemberFunction(upsert) / TsFunSig() / TsFunParam() / TsTypeObject())] 
[info ] ExtractInterfaces.scala:30 Extracted anonymous interface TsIdentSimple(Anon_NumberAffected) [id => meteor, phase => typescript, scope => TreeScope(TsParsedFile() / TsDeclModule(meteor/mongo) / TsDeclNamespace(Mongo) / TsDeclInterface(Collection) / TsMemberFunction(upsert) / TsFunSig() / TsTypeObject())] 
[info ] ExtractInterfaces.scala:30 Extracted anonymous interface TsIdentSimple(Anon_MultiBoolean) [id => meteor, phase => typescript, scope => TreeScope(TsParsedFile() / TsDeclModule(meteor/mongo) / TsDeclNamespace(Mongo) / TsDeclInterface(Collection) / TsMemberFunction(upsert) / TsFunSig() / TsFunParam() / TsTypeObject())] 
[info ] ExtractInterfaces.scala:30 Extracted anonymous interface TsIdentSimple(Anon_NumberAffected) [id => meteor, phase => typescript, scope => TreeScope(TsParsedFile() / TsDeclModule(meteor/mongo) / TsDeclNamespace(Mongo) / TsDeclInterface(Collection) / TsMemberFunction(upsert) / TsFunSig() / TsTypeObject())] 
[info ] ExtractInterfaces.scala:30 Extracted anonymous interface TsIdentSimple(Anon_NumberAffected) [id => meteor, phase => typescript, scope => TreeScope(TsParsedFile() / TsDeclModule(meteor/mongo) / TsDeclNamespace(Mongo) / TsDeclInterface(Collection) / TsMemberFunction(upsert) / TsFunSig() / TsTypeObject())] 
[info ] ExtractInterfaces.scala:30 Extracted anonymous interface TsIdentSimple(Anon_MultiBoolean) [id => meteor, phase => typescript, scope => TreeScope(TsParsedFile() / TsDeclModule(meteor/mongo) / TsDeclNamespace(Mongo) / TsDeclInterface(Collection) / TsMemberFunction(upsert) / TsFunSig() / TsFunParam() / TsTypeObject())] 
[info ] ExtractInterfaces.scala:30 Extracted anonymous interface TsIdentSimple(Anon_NumberAffected) [id => meteor, phase => typescript, scope => TreeScope(TsParsedFile() / TsDeclModule(meteor/mongo) / TsDeclNamespace(Mongo) / TsDeclInterface(Collection) / TsMemberFunction(upsert) / TsFunSig() / TsTypeObject())] 
[info ] ExtractInterfaces.scala:30 Extracted anonymous interface TsIdentSimple(Anon_MultiBoolean) [id => meteor, phase => typescript, scope => TreeScope(TsParsedFile() / TsDeclModule(meteor/mongo) / TsDeclNamespace(Mongo) / TsDeclInterface(Collection) / TsMemberFunction(upsert) / TsFunSig() / TsFunParam() / TsTypeObject())] 
[info ] ExtractInterfaces.scala:30 Extracted anonymous interface TsIdentSimple(Anon_NumberAffected) [id => meteor, phase => typescript, scope => TreeScope(TsParsedFile() / TsDeclModule(meteor/mongo) / TsDeclNamespace(Mongo) / TsDeclInterface(Collection) / TsMemberFunction(upsert) / TsFunSig() / TsTypeObject())] 
[info ] ExtractInterfaces.scala:30 Extracted anonymous interface TsIdentSimple(Anon_NumberAffected) [id => meteor, phase => typescript, scope => TreeScope(TsParsedFile() / TsDeclModule(meteor/mongo) / TsDeclNamespace(Mongo) / TsDeclInterface(Collection) / TsMemberFunction(upsert) / TsFunSig() / TsTypeObject())] 
[info ] ExtractInterfaces.scala:30 Extracted anonymous interface TsIdentSimple(Anon_MultiBoolean) [id => meteor, phase => typescript, scope => TreeScope(TsParsedFile() / TsDeclModule(meteor/mongo) / TsDeclNamespace(Mongo) / TsDeclInterface(Collection) / TsMemberFunction(upsert) / TsFunSig() / TsFunParam() / TsTypeObject())] 
[info ] ExtractInterfaces.scala:30 Extracted anonymous interface TsIdentSimple(Anon_NumberAffected) [id => meteor, phase => typescript, scope => TreeScope(TsParsedFile() / TsDeclModule(meteor/mongo) / TsDeclNamespace(Mongo) / TsDeclInterface(Collection) / TsMemberFunction(upsert) / TsFunSig() / TsTypeObject())] 
[info ] ExtractInterfaces.scala:30 Extracted anonymous interface TsIdentSimple(Anon_MultiBoolean) [id => meteor, phase => typescript, scope => TreeScope(TsParsedFile() / TsDeclModule(meteor/mongo) / TsDeclNamespace(Mongo) / TsDeclInterface(Collection) / TsMemberFunction(upsert) / TsFunSig() / TsFunParam() / TsTypeObject())] 
[info ] ExtractInterfaces.scala:30 Extracted anonymous interface TsIdentSimple(Anon_NumberAffected) [id => meteor, phase => typescript, scope => TreeScope(TsParsedFile() / TsDeclModule(meteor/mongo) / TsDeclNamespace(Mongo) / TsDeclInterface(Collection) / TsMemberFunction(upsert) / TsFunSig() / TsTypeObject())] 
[info ] ExtractInterfaces.scala:30 Extracted anonymous interface TsIdentSimple(Anon_MulCurrentDate) [id => meteor, phase => typescript, scope => TreeScope(TsParsedFile() / TsDeclModule(meteor/mongo) / TsDeclNamespace(Mongo) / TsDeclTypeAlias(Modifier) / TsTypeUnion() / TsTypeObject())] 
[info ] ExtractInterfaces.scala:30 Extracted anonymous interface TsIdentSimple(Anon_Or) [id => meteor, phase => typescript, scope => TreeScope(TsParsedFile() / TsDeclModule(meteor/mongo) / TsDeclNamespace(Mongo) / TsDeclTypeAlias(Query) / TsTypeIntersect() / TsTypeObject())] 
[info ] ExtractInterfaces.scala:30 Extracted anonymous interface TsIdentSimple(Anon_Type) [id => meteor, phase => typescript, scope => TreeScope(TsParsedFile() / TsDeclModule(meteor/mongo) / TsDeclNamespace(Mongo) / TsDeclTypeAlias(CurrentDateModifier) / TsTypeUnion() / TsTypeObject())] 
[info ] ExtractInterfaces.scala:30 Extracted anonymous interface TsIdentSimple(Anon_Transform) [id => meteor, phase => typescript, scope => TreeScope(TsParsedFile() / TsDeclModule(meteor/mongo) / TsDeclNamespace(Mongo) / TsDeclInterface(CollectionStatic) / TsMemberCtor() / TsFunSig() / TsFunParam() / TsTypeObject())] 
[info ] ExtractInterfaces.scala:30 Extracted anonymous interface TsIdentSimple(Anon_Search) [id => meteor, phase => typescript, scope => TreeScope(TsParsedFile() / TsDeclModule(meteor/mongo) / TsDeclNamespace(Mongo) / TsDeclInterface(FieldExpression) / TsMemberProperty($text) / TsTypeObject())] 
[info ] ExtractInterfaces.scala:30 Extracted anonymous interface TsIdentSimple(Anon_KeyOrderSensitive) [id => meteor, phase => typescript, scope => TreeScope(TsParsedFile() / TsDeclModule(meteor/ejson) / TsDeclNamespace(EJSON) / TsDeclFunction(equals) / TsFunSig() / TsFunParam() / TsTypeObject())] 
[info ] ExtractInterfaces.scala:30 Extracted anonymous interface TsIdentSimple(Anon_Indent) [id => meteor, phase => typescript, scope => TreeScope(TsParsedFile() / TsDeclModule(meteor/ejson) / TsDeclNamespace(EJSON) / TsDeclFunction(stringify) / TsFunSig() / TsFunParam() / TsTypeObject())] 
[debug] PhaseRunner.scala:78 Success [id => meteor, phase => typescript] 
[warn ] Phase2ToScalaJs.scala:34 Processing TsIdentLibrarySimple(meteor) [id => meteor, phase => scala.js] 
[info ] ImportType.scala:160 Failed type conversion: TsTypeLookup(TsTypeRef(TsQIdent(List(TsIdentSimple(T))),List()),Left(TsIdentSimple(0))) [id => meteor, phase => scala.js, scope => TreeScope(TsParsedFile() / TsDeclNamespace(Mongo) / TsDeclTypeAlias(OnlyElementsOfArrays) / TsTypeRef() / TsTypeLookup())] 
[info ] ImportType.scala:160 Failed type conversion: TsTypeLookup(TsTypeRef(TsQIdent(List(TsIdentSimple(T))),List()),Left(TsIdentSimple(0))) [id => meteor, phase => scala.js, scope => TreeScope(TsParsedFile() / TsDeclNamespace(Mongo) / TsDeclTypeAlias(Flatten) / TsTypeUnion() / TsTypeLookup())] 
[info ] ImportType.scala:160 Failed type conversion: TsTypeLookup(TsTypeRef(TsQIdent(List(TsIdentSimple(T))),List()),Left(TsIdentSimple(0))) [id => meteor, phase => scala.js, scope => TreeScope(TsParsedFile() / TsDeclModule(meteor/mongo) / TsDeclNamespace(Mongo) / TsDeclTypeAlias(OnlyElementsOfArrays) / TsTypeRef() / TsTypeLookup())] 
[info ] ImportType.scala:160 Failed type conversion: TsTypeLookup(TsTypeRef(TsQIdent(List(TsIdentSimple(T))),List()),Left(TsIdentSimple(0))) [id => meteor, phase => scala.js, scope => TreeScope(TsParsedFile() / TsDeclModule(meteor/mongo) / TsDeclNamespace(Mongo) / TsDeclTypeAlias(Flatten) / TsTypeUnion() / TsTypeLookup())] 
[info ] RemoveDuplicateInheritance.scala:55 Dropped parents QualifiedName(List(Name(ScalablyTyped), Name(runtime), Name(Instantiable0))),QualifiedName(List(Name(ScalablyTyped), Name(runtime), Name(Instantiable1))),QualifiedName(List(Name(ScalablyTyped), Name(runtime), Name(Instantiable2))) at Name(meteorLib) / Name(templatingMod) / Name(TemplateStatic) because allParentRefs = Set(TypeRef(QualifiedName(List(Name(ScalablyTyped), Name(runtime), Name(Instantiable0))),List(),NoComments), TypeRef(QualifiedName(List(Name(ScalablyTyped), Name(runtime), Name(Instantiable1))),List(),NoComments), TypeRef(QualifiedName(List(Name(ScalablyTyped), Name(runtime), Name(Instantiable2))),List(),NoComments)) [id => meteor, phase => scala.js, this => Name(meteorLib) / Name(templatingMod) / Name(TemplateStatic)] 
[info ] RemoveDuplicateInheritance.scala:55 Dropped parents QualifiedName(List(Name(ScalablyTyped), Name(runtime), Name(Instantiable0))),QualifiedName(List(Name(ScalablyTyped), Name(runtime), Name(Instantiable1))),QualifiedName(List(Name(ScalablyTyped), Name(runtime), Name(Instantiable2))) at Name(meteorLib) / Name(TemplateStatic) because allParentRefs = Set(TypeRef(QualifiedName(List(Name(ScalablyTyped), Name(runtime), Name(Instantiable0))),List(),NoComments), TypeRef(QualifiedName(List(Name(ScalablyTyped), Name(runtime), Name(Instantiable1))),List(),NoComments), TypeRef(QualifiedName(List(Name(ScalablyTyped), Name(runtime), Name(Instantiable2))),List(),NoComments)) [id => meteor, phase => scala.js, this => Name(meteorLib) / Name(TemplateStatic)] 
[debug] PhaseRunner.scala:78 Success [id => meteor, phase => scala.js] 
[warn ] PhaseRunner.scala:64 Failed because of, [node => Compilation failed] [id => meteor, phase => build] 
[debug] PhaseRunner.scala:82 Failure, [node => Compilation failed] [id => meteor, phase => build] 
