[info ] InferredDependency.scala:22 Inferred dependencies Set(TsIdentLibrarySimple(node)) for TsIdentLibrarySimple(mock-fs) [id => mock-fs, phase => typescript, file => ../types/mock-fs/index.d.ts] 
[debug] PhaseRunner.scala:84 Success [id => mock-fs, phase => typescript] 
[info ] Phase1ReadTypescript.scala:171 Preprocessing TsHelperFile(InFile(/home/tso/tmp/tso-cache/DefinitelyTyped/types/mock-fs/index.d.ts),FromFolder(InFolder(/home/tso/tmp/tso-cache/DefinitelyTyped/types/mock-fs),TsIdentLibrarySimple(mock-fs)),TsIdentModule(None,List(mock-fs))) [id => mock-fs, phase => typescript] 
[info ] InferredDefaultModule.scala:39 Inferred module TsIdentModule(None,List(mock-fs)) [id => mock-fs, phase => typescript] 
[warn ] Phase1ReadTypescript.scala:189 Processing TsIdentLibrarySimple(mock-fs) [id => mock-fs, phase => typescript] 
[info ] ResolveTypeQueries.scala:139 Resolved TsTypeQuery(TsQIdent(List(TsIdentSimple(nodefs)))) [id => mock-fs, phase => typescript, scope => TreeScope(TsParsedFile() / TsDeclModule(mock-fs) / TsExport() / TsExporteeTree() / TsDeclFunction(fs) / TsFunSig() / TsTypeQuery())] 
[info ] PreferTypeAlias.scala:168 Could not simplify mock-fs.mock-fs.Config to function type alias because of circular references Vector(TsQIdent(List(TsIdentLibrarySimple(mock-fs), TsIdentModule(None,List(mock-fs)), TsIdentSimple(Config)))) [id => mock-fs, phase => typescript, scope => TreeScope(TsParsedFile() / TsDeclModule(mock-fs) / TsDeclInterface(Config))] 
[info ] ExtractInterfaces.scala:41 Extracted anonymous interface TsIdentSimple(Typeofread) [id => mock-fs, phase => typescript, scope => TreeScope(TsParsedFile() / TsDeclModule(mock-fs) / TsDeclFunction(fs) / TsFunSig() / TsTypeObject() / TsMemberProperty(read) / TsTypeObject())] 
[info ] ExtractInterfaces.scala:41 Extracted anonymous interface TsIdentSimple(Typeofrealpath) [id => mock-fs, phase => typescript, scope => TreeScope(TsParsedFile() / TsDeclModule(mock-fs) / TsDeclFunction(fs) / TsFunSig() / TsTypeObject() / TsMemberProperty(realpath) / TsTypeObject())] 
[info ] ExtractInterfaces.scala:41 Extracted anonymous interface TsIdentSimple(Typeoffchown) [id => mock-fs, phase => typescript, scope => TreeScope(TsParsedFile() / TsDeclModule(mock-fs) / TsDeclFunction(fs) / TsFunSig() / TsTypeObject() / TsMemberProperty(fchown) / TsTypeObject())] 
[info ] ExtractInterfaces.scala:41 Extracted anonymous interface TsIdentSimple(Typeofrmdir) [id => mock-fs, phase => typescript, scope => TreeScope(TsParsedFile() / TsDeclModule(mock-fs) / TsDeclFunction(fs) / TsFunSig() / TsTypeObject() / TsMemberProperty(rmdir) / TsTypeObject())] 
[info ] ExtractInterfaces.scala:41 Extracted anonymous interface TsIdentSimple(Typeoffsync) [id => mock-fs, phase => typescript, scope => TreeScope(TsParsedFile() / TsDeclModule(mock-fs) / TsDeclFunction(fs) / TsFunSig() / TsTypeObject() / TsMemberProperty(fsync) / TsTypeObject())] 
[info ] ExtractInterfaces.scala:41 Extracted anonymous interface TsIdentSimple(Typeoffstat) [id => mock-fs, phase => typescript, scope => TreeScope(TsParsedFile() / TsDeclModule(mock-fs) / TsDeclFunction(fs) / TsFunSig() / TsTypeObject() / TsMemberProperty(fstat) / TsTypeObject())] 
[info ] ExtractInterfaces.scala:41 Extracted anonymous interface TsIdentSimple(Typeofstat) [id => mock-fs, phase => typescript, scope => TreeScope(TsParsedFile() / TsDeclModule(mock-fs) / TsDeclFunction(fs) / TsFunSig() / TsTypeObject() / TsMemberProperty(stat) / TsTypeObject())] 
[info ] ExtractInterfaces.scala:41 Extracted anonymous interface TsIdentSimple(TypeofappendFile) [id => mock-fs, phase => typescript, scope => TreeScope(TsParsedFile() / TsDeclModule(mock-fs) / TsDeclFunction(fs) / TsFunSig() / TsTypeObject() / TsMemberProperty(appendFile) / TsTypeObject())] 
[info ] ExtractInterfaces.scala:41 Extracted anonymous interface TsIdentSimple(Typeoftruncate) [id => mock-fs, phase => typescript, scope => TreeScope(TsParsedFile() / TsDeclModule(mock-fs) / TsDeclFunction(fs) / TsFunSig() / TsTypeObject() / TsMemberProperty(truncate) / TsTypeObject())] 
[info ] ExtractInterfaces.scala:41 Extracted anonymous interface TsIdentSimple(Typeofmkdir) [id => mock-fs, phase => typescript, scope => TreeScope(TsParsedFile() / TsDeclModule(mock-fs) / TsDeclFunction(fs) / TsFunSig() / TsTypeObject() / TsMemberProperty(mkdir) / TsTypeObject())] 
[info ] ExtractInterfaces.scala:41 Extracted anonymous interface TsIdentSimple(Typeofopen) [id => mock-fs, phase => typescript, scope => TreeScope(TsParsedFile() / TsDeclModule(mock-fs) / TsDeclFunction(fs) / TsFunSig() / TsTypeObject() / TsMemberProperty(open) / TsTypeObject())] 
[info ] ExtractInterfaces.scala:41 Extracted anonymous interface TsIdentSimple(Typeofconstants) [id => mock-fs, phase => typescript, scope => TreeScope(TsParsedFile() / TsDeclModule(mock-fs) / TsDeclFunction(fs) / TsFunSig() / TsTypeObject() / TsMemberProperty(constants) / TsTypeObject())] 
[info ] ExtractInterfaces.scala:41 Extracted anonymous interface TsIdentSimple(Typeoflchown) [id => mock-fs, phase => typescript, scope => TreeScope(TsParsedFile() / TsDeclModule(mock-fs) / TsDeclFunction(fs) / TsFunSig() / TsTypeObject() / TsMemberProperty(lchown) / TsTypeObject())] 
[info ] ExtractInterfaces.scala:41 Extracted anonymous interface TsIdentSimple(TypeofreadFile) [id => mock-fs, phase => typescript, scope => TreeScope(TsParsedFile() / TsDeclModule(mock-fs) / TsDeclFunction(fs) / TsFunSig() / TsTypeObject() / TsMemberProperty(readFile) / TsTypeObject())] 
[info ] ExtractInterfaces.scala:41 Extracted anonymous interface TsIdentSimple(Typeofrename) [id => mock-fs, phase => typescript, scope => TreeScope(TsParsedFile() / TsDeclModule(mock-fs) / TsDeclFunction(fs) / TsFunSig() / TsTypeObject() / TsMemberProperty(rename) / TsTypeObject())] 
[info ] ExtractInterfaces.scala:41 Extracted anonymous interface TsIdentSimple(Typeofunlink) [id => mock-fs, phase => typescript, scope => TreeScope(TsParsedFile() / TsDeclModule(mock-fs) / TsDeclFunction(fs) / TsFunSig() / TsTypeObject() / TsMemberProperty(unlink) / TsTypeObject())] 
[info ] ExtractInterfaces.scala:41 Extracted anonymous interface TsIdentSimple(TypeofcopyFile) [id => mock-fs, phase => typescript, scope => TreeScope(TsParsedFile() / TsDeclModule(mock-fs) / TsDeclFunction(fs) / TsFunSig() / TsTypeObject() / TsMemberProperty(copyFile) / TsTypeObject())] 
[info ] ExtractInterfaces.scala:41 Extracted anonymous interface TsIdentSimple(Typeoffchmod) [id => mock-fs, phase => typescript, scope => TreeScope(TsParsedFile() / TsDeclModule(mock-fs) / TsDeclFunction(fs) / TsFunSig() / TsTypeObject() / TsMemberProperty(fchmod) / TsTypeObject())] 
[info ] ExtractInterfaces.scala:41 Extracted anonymous interface TsIdentSimple(TypeofwriteFile) [id => mock-fs, phase => typescript, scope => TreeScope(TsParsedFile() / TsDeclModule(mock-fs) / TsDeclFunction(fs) / TsFunSig() / TsTypeObject() / TsMemberProperty(writeFile) / TsTypeObject())] 
[info ] ExtractInterfaces.scala:41 Extracted anonymous interface TsIdentSimple(Typeoflchmod) [id => mock-fs, phase => typescript, scope => TreeScope(TsParsedFile() / TsDeclModule(mock-fs) / TsDeclFunction(fs) / TsFunSig() / TsTypeObject() / TsMemberProperty(lchmod) / TsTypeObject())] 
[info ] ExtractInterfaces.scala:41 Extracted anonymous interface TsIdentSimple(Typeofftruncate) [id => mock-fs, phase => typescript, scope => TreeScope(TsParsedFile() / TsDeclModule(mock-fs) / TsDeclFunction(fs) / TsFunSig() / TsTypeObject() / TsMemberProperty(ftruncate) / TsTypeObject())] 
[info ] ExtractInterfaces.scala:41 Extracted anonymous interface TsIdentSimple(Typeofreadlink) [id => mock-fs, phase => typescript, scope => TreeScope(TsParsedFile() / TsDeclModule(mock-fs) / TsDeclFunction(fs) / TsFunSig() / TsTypeObject() / TsMemberProperty(readlink) / TsTypeObject())] 
[info ] ExtractInterfaces.scala:41 Extracted anonymous interface TsIdentSimple(Typeoflink) [id => mock-fs, phase => typescript, scope => TreeScope(TsParsedFile() / TsDeclModule(mock-fs) / TsDeclFunction(fs) / TsFunSig() / TsTypeObject() / TsMemberProperty(link) / TsTypeObject())] 
[info ] ExtractInterfaces.scala:41 Extracted anonymous interface TsIdentSimple(Typeofpromises) [id => mock-fs, phase => typescript, scope => TreeScope(TsParsedFile() / TsDeclModule(mock-fs) / TsDeclFunction(fs) / TsFunSig() / TsTypeObject() / TsMemberProperty(promises) / TsTypeObject())] 
[info ] ExtractInterfaces.scala:41 Extracted anonymous interface TsIdentSimple(Typeofexists) [id => mock-fs, phase => typescript, scope => TreeScope(TsParsedFile() / TsDeclModule(mock-fs) / TsDeclFunction(fs) / TsFunSig() / TsTypeObject() / TsMemberProperty(exists) / TsTypeObject())] 
[info ] ExtractInterfaces.scala:41 Extracted anonymous interface TsIdentSimple(Typeoffdatasync) [id => mock-fs, phase => typescript, scope => TreeScope(TsParsedFile() / TsDeclModule(mock-fs) / TsDeclFunction(fs) / TsFunSig() / TsTypeObject() / TsMemberProperty(fdatasync) / TsTypeObject())] 
[info ] ExtractInterfaces.scala:41 Extracted anonymous interface TsIdentSimple(Typeoflstat) [id => mock-fs, phase => typescript, scope => TreeScope(TsParsedFile() / TsDeclModule(mock-fs) / TsDeclFunction(fs) / TsFunSig() / TsTypeObject() / TsMemberProperty(lstat) / TsTypeObject())] 
[info ] ExtractInterfaces.scala:41 Extracted anonymous interface TsIdentSimple(Typeofmkdtemp) [id => mock-fs, phase => typescript, scope => TreeScope(TsParsedFile() / TsDeclModule(mock-fs) / TsDeclFunction(fs) / TsFunSig() / TsTypeObject() / TsMemberProperty(mkdtemp) / TsTypeObject())] 
[info ] ExtractInterfaces.scala:41 Extracted anonymous interface TsIdentSimple(Typeofutimes) [id => mock-fs, phase => typescript, scope => TreeScope(TsParsedFile() / TsDeclModule(mock-fs) / TsDeclFunction(fs) / TsFunSig() / TsTypeObject() / TsMemberProperty(utimes) / TsTypeObject())] 
[info ] ExtractInterfaces.scala:41 Extracted anonymous interface TsIdentSimple(Typeofreaddir) [id => mock-fs, phase => typescript, scope => TreeScope(TsParsedFile() / TsDeclModule(mock-fs) / TsDeclFunction(fs) / TsFunSig() / TsTypeObject() / TsMemberProperty(readdir) / TsTypeObject())] 
[info ] ExtractInterfaces.scala:41 Extracted anonymous interface TsIdentSimple(Typeoffutimes) [id => mock-fs, phase => typescript, scope => TreeScope(TsParsedFile() / TsDeclModule(mock-fs) / TsDeclFunction(fs) / TsFunSig() / TsTypeObject() / TsMemberProperty(futimes) / TsTypeObject())] 
[info ] ExtractInterfaces.scala:41 Extracted anonymous interface TsIdentSimple(Typeofchown) [id => mock-fs, phase => typescript, scope => TreeScope(TsParsedFile() / TsDeclModule(mock-fs) / TsDeclFunction(fs) / TsFunSig() / TsTypeObject() / TsMemberProperty(chown) / TsTypeObject())] 
[info ] ExtractInterfaces.scala:41 Extracted anonymous interface TsIdentSimple(Typeofclose) [id => mock-fs, phase => typescript, scope => TreeScope(TsParsedFile() / TsDeclModule(mock-fs) / TsDeclFunction(fs) / TsFunSig() / TsTypeObject() / TsMemberProperty(close) / TsTypeObject())] 
[info ] ExtractInterfaces.scala:41 Extracted anonymous interface TsIdentSimple(Typeofsymlink) [id => mock-fs, phase => typescript, scope => TreeScope(TsParsedFile() / TsDeclModule(mock-fs) / TsDeclFunction(fs) / TsFunSig() / TsTypeObject() / TsMemberProperty(symlink) / TsTypeObject())] 
[info ] ExtractInterfaces.scala:41 Extracted anonymous interface TsIdentSimple(TypeofrealpathSync) [id => mock-fs, phase => typescript, scope => TreeScope(TsParsedFile() / TsDeclModule(mock-fs) / TsDeclFunction(fs) / TsFunSig() / TsTypeObject() / TsMemberProperty(realpathSync) / TsTypeObject())] 
[info ] ExtractInterfaces.scala:41 Extracted anonymous interface TsIdentSimple(Typeofwrite) [id => mock-fs, phase => typescript, scope => TreeScope(TsParsedFile() / TsDeclModule(mock-fs) / TsDeclFunction(fs) / TsFunSig() / TsTypeObject() / TsMemberProperty(write) / TsTypeObject())] 
[info ] ExtractInterfaces.scala:41 Extracted anonymous interface TsIdentSimple(Typeofaccess) [id => mock-fs, phase => typescript, scope => TreeScope(TsParsedFile() / TsDeclModule(mock-fs) / TsDeclFunction(fs) / TsFunSig() / TsTypeObject() / TsMemberProperty(access) / TsTypeObject())] 
[info ] ExtractInterfaces.scala:41 Extracted anonymous interface TsIdentSimple(Typeofchmod) [id => mock-fs, phase => typescript, scope => TreeScope(TsParsedFile() / TsDeclModule(mock-fs) / TsDeclFunction(fs) / TsFunSig() / TsTypeObject() / TsMemberProperty(chmod) / TsTypeObject())] 
[info ] ExtractInterfaces.scala:41 Extracted anonymous interface TsIdentSimple(Typeofnodefs) [id => mock-fs, phase => typescript, scope => TreeScope(TsParsedFile() / TsDeclModule(mock-fs) / TsDeclFunction(fs) / TsFunSig() / TsTypeObject())] 
[debug] PhaseRunner.scala:84 Success [id => mock-fs, phase => typescript] 
[warn ] Phase2ToScalaJs.scala:42 Processing mock-fs [id => mock-fs, phase => scala.js] 
[debug] PhaseRunner.scala:84 Success [id => mock-fs, phase => scala.js] 
[warn ] Phase3CompileBloop.scala:245 Built mock-fs in 1031 ms [id => mock-fs, phase => build] 
[info ] Phase3CompileBloop.scala:253 published local, [/home/tso/.ivy2/local/org.scalablytyped/mock-fs_sjs0.6_2.12/3.6.0-dt-20190322Z-8b4afe/jars/mock-fs_sjs0.6_2.12.jar, /home/tso/.ivy2/local/org.scalablytyped/mock-fs_sjs0.6_2.12/3.6.0-dt-20190322Z-8b4afe/srcs/mock-fs_sjs0.6_2.12-sources.jar, /home/tso/.ivy2/local/org.scalablytyped/mock-fs_sjs0.6_2.12/3.6.0-dt-20190322Z-8b4afe/ivys/ivy.xml, /home/tso/.ivy2/local/org.scalablytyped/mock-fs_sjs0.6_2.12/3.6.0-dt-20190322Z-8b4afe/poms/mock-fs_sjs0.6_2.12.pom] [id => mock-fs, phase => build] 
[debug] PhaseRunner.scala:84 Success [id => mock-fs, phase => build] 
[error] PhaseRes.scala:76 Caught exception: dispatch.StatusCode: Unexpected response status: 405 [id => mock-fs, phase => publish] java.util.concurrent.ExecutionException: dispatch.StatusCode: Unexpected response status: 405
	at com.ning.http.client.providers.netty.future.NettyResponseFuture.done(NettyResponseFuture.java:218)
	at com.ning.http.client.providers.netty.handler.HttpProtocol.markAsDone(HttpProtocol.java:204)
	at com.ning.http.client.providers.netty.handler.HttpProtocol.finishUpdate(HttpProtocol.java:189)
	at com.ning.http.client.providers.netty.handler.HttpProtocol.exitAfterHandlingBody(HttpProtocol.java:402)
	at com.ning.http.client.providers.netty.handler.HttpProtocol.handleHttpResponse(HttpProtocol.java:429)
	at com.ning.http.client.providers.netty.handler.HttpProtocol.handle(HttpProtocol.java:476)
	at com.ning.http.client.providers.netty.handler.Processor.messageReceived(Processor.java:89)
	at org.jboss.netty.channel.SimpleChannelUpstreamHandler.handleUpstream(SimpleChannelUpstreamHandler.java:70)
	at org.jboss.netty.channel.DefaultChannelPipeline.sendUpstream(DefaultChannelPipeline.java:564)
	at org.jboss.netty.channel.DefaultChannelPipeline$DefaultChannelHandlerContext.sendUpstream(DefaultChannelPipeline.java:791)
	at org.jboss.netty.handler.stream.ChunkedWriteHandler.handleUpstream(ChunkedWriteHandler.java:142)
	at org.jboss.netty.channel.DefaultChannelPipeline.sendUpstream(DefaultChannelPipeline.java:564)
	at org.jboss.netty.channel.DefaultChannelPipeline$DefaultChannelHandlerContext.sendUpstream(DefaultChannelPipeline.java:791)
	at org.jboss.netty.handler.codec.http.HttpContentDecoder.messageReceived(HttpContentDecoder.java:108)
	at org.jboss.netty.channel.SimpleChannelUpstreamHandler.handleUpstream(SimpleChannelUpstreamHandler.java:70)
	at org.jboss.netty.channel.DefaultChannelPipeline.sendUpstream(DefaultChannelPipeline.java:564)
	at org.jboss.netty.channel.DefaultChannelPipeline$DefaultChannelHandlerContext.sendUpstream(DefaultChannelPipeline.java:791)
	at org.jboss.netty.channel.Channels.fireMessageReceived(Channels.java:296)
	at org.jboss.netty.handler.codec.frame.FrameDecoder.unfoldAndFireMessageReceived(FrameDecoder.java:459)
	at org.jboss.netty.handler.codec.replay.ReplayingDecoder.callDecode(ReplayingDecoder.java:536)
	at org.jboss.netty.handler.codec.replay.ReplayingDecoder.messageReceived(ReplayingDecoder.java:435)
	at org.jboss.netty.channel.SimpleChannelUpstreamHandler.handleUpstream(SimpleChannelUpstreamHandler.java:70)
	at org.jboss.netty.handler.codec.http.HttpClientCodec.handleUpstream(HttpClientCodec.java:92)
	at org.jboss.netty.channel.DefaultChannelPipeline.sendUpstream(DefaultChannelPipeline.java:564)
	at org.jboss.netty.channel.DefaultChannelPipeline$DefaultChannelHandlerContext.sendUpstream(DefaultChannelPipeline.java:791)
	at org.jboss.netty.channel.Channels.fireMessageReceived(Channels.java:296)
	at org.jboss.netty.handler.codec.frame.FrameDecoder.unfoldAndFireMessageReceived(FrameDecoder.java:462)
	at org.jboss.netty.handler.codec.frame.FrameDecoder.callDecode(FrameDecoder.java:443)
	at org.jboss.netty.handler.codec.frame.FrameDecoder.messageReceived(FrameDecoder.java:303)
	at org.jboss.netty.channel.SimpleChannelUpstreamHandler.handleUpstream(SimpleChannelUpstreamHandler.java:70)
	at org.jboss.netty.channel.DefaultChannelPipeline.sendUpstream(DefaultChannelPipeline.java:564)
	at org.jboss.netty.channel.DefaultChannelPipeline.sendUpstream(DefaultChannelPipeline.java:559)
	at org.jboss.netty.channel.Channels.fireMessageReceived(Channels.java:268)
	at org.jboss.netty.channel.Channels.fireMessageReceived(Channels.java:255)
	at org.jboss.netty.channel.socket.nio.NioWorker.read(NioWorker.java:88)
	at org.jboss.netty.channel.socket.nio.AbstractNioWorker.process(AbstractNioWorker.java:108)
	at org.jboss.netty.channel.socket.nio.AbstractNioSelector.run(AbstractNioSelector.java:337)
	at org.jboss.netty.channel.socket.nio.AbstractNioWorker.run(AbstractNioWorker.java:89)
	at org.jboss.netty.channel.socket.nio.NioWorker.run(NioWorker.java:178)
	at org.jboss.netty.util.ThreadRenamingRunnable.run(ThreadRenamingRunnable.java:108)
	at org.jboss.netty.util.internal.DeadLockProofWorker$1.run(DeadLockProofWorker.java:42)
	at java.util.concurrent.ThreadPoolExecutor.runWorker(ThreadPoolExecutor.java:1149)
	at java.util.concurrent.ThreadPoolExecutor$Worker.run(ThreadPoolExecutor.java:624)
	at java.lang.Thread.run(Thread.java:748)
Caused by: dispatch.StatusCode: Unexpected response status: 405
	at com.olvind.tso.importer.build.BinTrayPublisher$Handle$.$anonfun$createOrConflictUncached$1(BinTrayPublisher.scala:35)
	at com.olvind.tso.importer.build.BinTrayPublisher$Handle$.$anonfun$createOrConflictUncached$1$adapted(BinTrayPublisher.scala:31)
	at dispatch.FunctionHandler.onCompleted(handlers.scala:26)
	at com.ning.http.client.AsyncCompletionHandler.onCompleted(AsyncCompletionHandler.java:55)
	at com.olvind.tso.importer.build.Caching$WrappedHandler.onCompleted(BinTrayPublisher.scala:141)
	at com.olvind.tso.importer.build.Caching$WrappedHandler.onCompleted(BinTrayPublisher.scala:141)
	at com.olvind.tso.importer.build.Caching$Client$StoringHandler$1$.onCompleted(BinTrayPublisher.scala:116)
	at com.ning.http.client.providers.netty.future.NettyResponseFuture.getContent(NettyResponseFuture.java:177)
	at com.ning.http.client.providers.netty.future.NettyResponseFuture.done(NettyResponseFuture.java:212)
	... 43 more

[error] PhaseRunner.scala:88 Failure, [mock-fs => java.util.concurrent.ExecutionException: dispatch.StatusCode: Unexpected response status: 405] [id => mock-fs, phase => publish] 
