[info ] InferredDependency.scala:20 Inferred dependencies Set(TsIdentLibrarySimple(node)) for TsIdentLibrarySimple(mongodb) [id => mongodb, phase => typescript, file => ../types/mongodb/index.d.ts] 
[debug] PhaseRunner.scala:78 Success [id => mongodb, phase => typescript] 
[info ] Phase1ReadTypescript.scala:152 Preprocessing TsHelperFile(InFile(/home/tso/tmp/tso-cache/DefinitelyTyped/types/mongodb/index.d.ts),FromFolder(InFolder(/home/tso/tmp/tso-cache/DefinitelyTyped/types/mongodb),TsIdentLibrarySimple(mongodb)),TsIdentModule(None,List(mongodb))) [id => mongodb, phase => typescript] 
[info ] InferredDefaultModule.scala:39 Inferred module TsIdentModule(None,List(mongodb)) [id => mongodb, phase => typescript] 
[warn ] Phase1ReadTypescript.scala:190 Processing TsIdentLibrarySimple(mongodb) [id => mongodb, phase => typescript] 
[warn ] QualifyReferences.scala:47 Couldn't qualify TsTypeRef(TsQIdent(List(TsIdentSimple(FilterQuery))),List(TsTypeLookup(TsTypeRef(TsQIdent(List(TsIdentSimple(T))),List()),Left(TsIdentSimple(P))))), defaulting to any [id => mongodb, phase => typescript, scope => TreeScope(TsParsedFile() / TsDeclTypeAlias(Condition) / TsTypeObject() / TsMemberProperty($and) / TsTypeRef() / TsTypeUnion() / TsTypeRef())] 
[warn ] QualifyReferences.scala:47 Couldn't qualify TsTypeRef(TsQIdent(List(TsIdentSimple(FilterQuery))),List(TsTypeLookup(TsTypeRef(TsQIdent(List(TsIdentSimple(T))),List()),Left(TsIdentSimple(P))))), defaulting to any [id => mongodb, phase => typescript, scope => TreeScope(TsParsedFile() / TsDeclTypeAlias(Condition) / TsTypeObject() / TsMemberProperty($or) / TsTypeRef() / TsTypeUnion() / TsTypeRef())] 
[warn ] QualifyReferences.scala:47 Couldn't qualify TsTypeRef(TsQIdent(List(TsIdentSimple(FilterQuery))),List(TsTypeLookup(TsTypeRef(TsQIdent(List(TsIdentSimple(T))),List()),Left(TsIdentSimple(P))))), defaulting to any [id => mongodb, phase => typescript, scope => TreeScope(TsParsedFile() / TsDeclTypeAlias(Condition) / TsTypeObject() / TsMemberProperty($not) / TsTypeUnion() / TsTypeRef() / TsTypeUnion() / TsTypeRef())] 
[warn ] QualifyReferences.scala:47 Couldn't qualify TsTypeRef(TsQIdent(List(TsIdentSimple(ObjectID))),List()), defaulting to any [id => mongodb, phase => typescript, scope => TreeScope(TsParsedFile() / TsDeclTypeAlias(GridFSBucketWriteStreamId) / TsTypeUnion() / TsTypeRef())] 
[info ] PreferTypeAlias.scala:118 Simplified to function type alias [id => mongodb, phase => typescript, scope => TreeScope(TsParsedFile() / TsDeclModule(mongodb) / TsDeclInterface(MongoCallback))] 
[info ] PreferTypeAlias.scala:118 Simplified to function type alias [id => mongodb, phase => typescript, scope => TreeScope(TsParsedFile() / TsDeclModule(mongodb) / TsDeclInterface(IteratorCallback))] 
[info ] PreferTypeAlias.scala:118 Simplified to function type alias [id => mongodb, phase => typescript, scope => TreeScope(TsParsedFile() / TsDeclModule(mongodb) / TsDeclInterface(EndCallback))] 
[info ] PreferTypeAlias.scala:118 Simplified to function type alias [id => mongodb, phase => typescript, scope => TreeScope(TsParsedFile() / TsDeclModule(mongodb) / TsDeclInterface(GridFSBucketErrorCallback))] 
[debug] DefaultedTParams.scala:29 Defaulting type parameter TsIdentSimple(TSchema) at TreeScope(TsParsedFile() / TsDeclModule(mongodb) / TsDeclClass(ChangeStream) / TsMemberFunction(constructor) / TsFunSig() / TsFunParam() / TsTypeUnion() / TsTypeRef()) [id => mongodb, phase => typescript, scope => TreeScope(TsParsedFile() / TsDeclModule(mongodb) / TsDeclClass(ChangeStream) / TsMemberFunction(constructor) / TsFunSig() / TsFunParam() / TsTypeUnion() / TsTypeRef())] 
[debug] DefaultedTParams.scala:29 Defaulting type parameter TsIdentSimple(T) at TreeScope(TsParsedFile() / TsDeclModule(mongodb) / TsDeclClass(ChangeStream) / TsMemberFunction(stream) / TsFunSig() / TsTypeRef()) [id => mongodb, phase => typescript, scope => TreeScope(TsParsedFile() / TsDeclModule(mongodb) / TsDeclClass(ChangeStream) / TsMemberFunction(stream) / TsFunSig() / TsTypeRef())] 
[info ] ExtractInterfaces.scala:30 Extracted anonymous interface TsIdentSimple(Anon_Search) [id => mongodb, phase => typescript, scope => TreeScope(TsParsedFile() / TsDeclInterface(Condition) / TsMemberProperty($text) / TsTypeObject())] 
[info ] ExtractInterfaces.scala:30 Extracted anonymous interface TsIdentSimple(Anon_ReadPreference) [id => mongodb, phase => typescript, scope => TreeScope(TsParsedFile() / TsDeclModule(mongodb) / TsDeclInterface(Admin) / TsMemberFunction(command) / TsFunSig() / TsFunParam() / TsTypeObject())] 
[info ] ExtractInterfaces.scala:30 Extracted anonymous interface TsIdentSimple(Anon_ReadPreference) [id => mongodb, phase => typescript, scope => TreeScope(TsParsedFile() / TsDeclModule(mongodb) / TsDeclInterface(Admin) / TsMemberFunction(command) / TsFunSig() / TsFunParam() / TsTypeObject())] 
[info ] ExtractInterfaces.scala:30 Extracted anonymous interface TsIdentSimple(Anon_Index) [id => mongodb, phase => typescript, scope => TreeScope(TsParsedFile() / TsDeclModule(mongodb) / TsDeclInterface(CollStats) / TsMemberProperty(indexSizes) / TsTypeObject())] 
[info ] ExtractInterfaces.scala:30 Extracted anonymous interface TsIdentSimple(Anon_Session) [id => mongodb, phase => typescript, scope => TreeScope(TsParsedFile() / TsDeclModule(mongodb) / TsDeclInterface(Collection) / TsMemberFunction(stats) / TsFunSig() / TsFunParam() / TsTypeObject())] 
[info ] ExtractInterfaces.scala:30 Extracted anonymous interface TsIdentSimple(Anon_Session) [id => mongodb, phase => typescript, scope => TreeScope(TsParsedFile() / TsDeclModule(mongodb) / TsDeclInterface(Collection) / TsMemberFunction(stats) / TsFunSig() / TsFunParam() / TsTypeObject())] 
[info ] ExtractInterfaces.scala:30 Extracted anonymous interface TsIdentSimple(Anon_SessionClientSession) [id => mongodb, phase => typescript, scope => TreeScope(TsParsedFile() / TsDeclModule(mongodb) / TsDeclInterface(Collection) / TsMemberFunction(indexes) / TsFunSig() / TsFunParam() / TsTypeObject())] 
[info ] ExtractInterfaces.scala:30 Extracted anonymous interface TsIdentSimple(Anon_SessionClientSession_1575395223) [id => mongodb, phase => typescript, scope => TreeScope(TsParsedFile() / TsDeclModule(mongodb) / TsDeclInterface(Collection) / TsMemberFunction(indexes) / TsFunSig() / TsFunParam() / TsTypeObject())] 
[info ] ExtractInterfaces.scala:30 Extracted anonymous interface TsIdentSimple(Anon_SessionStartAtClusterTime) [id => mongodb, phase => typescript, scope => TreeScope(TsParsedFile() / TsDeclModule(mongodb) / TsDeclInterface(Collection) / TsMemberFunction(watch) / TsFunSig() / TsFunParam() / TsTypeIntersect() / TsTypeObject())] 
[info ] ExtractInterfaces.scala:30 Extracted anonymous interface TsIdentSimple(Anon_SessionClientSession) [id => mongodb, phase => typescript, scope => TreeScope(TsParsedFile() / TsDeclModule(mongodb) / TsDeclInterface(Collection) / TsMemberFunction(isCapped) / TsFunSig() / TsFunParam() / TsTypeObject())] 
[info ] ExtractInterfaces.scala:30 Extracted anonymous interface TsIdentSimple(Anon_SessionClientSession) [id => mongodb, phase => typescript, scope => TreeScope(TsParsedFile() / TsDeclModule(mongodb) / TsDeclInterface(Collection) / TsMemberFunction(isCapped) / TsFunSig() / TsFunParam() / TsTypeObject())] 
[info ] ExtractInterfaces.scala:30 Extracted anonymous interface TsIdentSimple(Anon_DropTarget) [id => mongodb, phase => typescript, scope => TreeScope(TsParsedFile() / TsDeclModule(mongodb) / TsDeclInterface(Collection) / TsMemberFunction(rename) / TsFunSig() / TsFunParam() / TsTypeObject())] 
[info ] ExtractInterfaces.scala:30 Extracted anonymous interface TsIdentSimple(Anon_DropTarget) [id => mongodb, phase => typescript, scope => TreeScope(TsParsedFile() / TsDeclModule(mongodb) / TsDeclInterface(Collection) / TsMemberFunction(rename) / TsFunSig() / TsFunParam() / TsTypeObject())] 
[info ] ExtractInterfaces.scala:30 Extracted anonymous interface TsIdentSimple(Anon_SessionClientSession) [id => mongodb, phase => typescript, scope => TreeScope(TsParsedFile() / TsDeclModule(mongodb) / TsDeclInterface(Collection) / TsMemberFunction(drop) / TsFunSig() / TsFunParam() / TsTypeObject())] 
[info ] ExtractInterfaces.scala:30 Extracted anonymous interface TsIdentSimple(Anon_SessionClientSession) [id => mongodb, phase => typescript, scope => TreeScope(TsParsedFile() / TsDeclModule(mongodb) / TsDeclInterface(Collection) / TsMemberFunction(drop) / TsFunSig() / TsFunParam() / TsTypeObject())] 
[info ] ExtractInterfaces.scala:30 Extracted anonymous interface TsIdentSimple(Anon_SessionReadPreference) [id => mongodb, phase => typescript, scope => TreeScope(TsParsedFile() / TsDeclModule(mongodb) / TsDeclInterface(Collection) / TsMemberFunction(listIndexes) / TsFunSig() / TsFunParam() / TsTypeObject())] 
[info ] ExtractInterfaces.scala:30 Extracted anonymous interface TsIdentSimple(Anon_BypassDocumentValidation) [id => mongodb, phase => typescript, scope => TreeScope(TsParsedFile() / TsDeclModule(mongodb) / TsDeclInterface(Collection) / TsMemberFunction(deleteOne) / TsFunSig() / TsFunParam() / TsTypeIntersect() / TsTypeObject())] 
[info ] ExtractInterfaces.scala:30 Extracted anonymous interface TsIdentSimple(Anon_BypassDocumentValidation) [id => mongodb, phase => typescript, scope => TreeScope(TsParsedFile() / TsDeclModule(mongodb) / TsDeclInterface(Collection) / TsMemberFunction(deleteOne) / TsFunSig() / TsFunParam() / TsTypeIntersect() / TsTypeObject())] 
[info ] ExtractInterfaces.scala:30 Extracted anonymous interface TsIdentSimple(Anon_SessionClientSession) [id => mongodb, phase => typescript, scope => TreeScope(TsParsedFile() / TsDeclModule(mongodb) / TsDeclInterface(Collection) / TsMemberFunction(options) / TsFunSig() / TsFunParam() / TsTypeObject())] 
[info ] ExtractInterfaces.scala:30 Extracted anonymous interface TsIdentSimple(Anon_SessionClientSession) [id => mongodb, phase => typescript, scope => TreeScope(TsParsedFile() / TsDeclModule(mongodb) / TsDeclInterface(Collection) / TsMemberFunction(options) / TsFunSig() / TsFunParam() / TsTypeObject())] 
[info ] ExtractInterfaces.scala:30 Extracted anonymous interface TsIdentSimple(Anon_SessionClientSession_1575395223) [id => mongodb, phase => typescript, scope => TreeScope(TsParsedFile() / TsDeclModule(mongodb) / TsDeclInterface(Collection) / TsMemberFunction(createIndexes) / TsFunSig() / TsFunParam() / TsTypeObject())] 
[info ] ExtractInterfaces.scala:30 Extracted anonymous interface TsIdentSimple(Anon_SessionClientSession_1575395223) [id => mongodb, phase => typescript, scope => TreeScope(TsParsedFile() / TsDeclModule(mongodb) / TsDeclInterface(Collection) / TsMemberFunction(createIndexes) / TsFunSig() / TsFunParam() / TsTypeObject())] 
[info ] ExtractInterfaces.scala:30 Extracted anonymous interface TsIdentSimple(Anon_Single) [id => mongodb, phase => typescript, scope => TreeScope(TsParsedFile() / TsDeclModule(mongodb) / TsDeclInterface(Collection) / TsMemberFunction(remove) / TsFunSig() / TsFunParam() / TsTypeIntersect() / TsTypeObject())] 
[info ] ExtractInterfaces.scala:30 Extracted anonymous interface TsIdentSimple(Anon_Single) [id => mongodb, phase => typescript, scope => TreeScope(TsParsedFile() / TsDeclModule(mongodb) / TsDeclInterface(Collection) / TsMemberFunction(remove) / TsFunSig() / TsFunParam() / TsTypeIntersect() / TsTypeObject())] 
[info ] ExtractInterfaces.scala:30 Extracted anonymous interface TsIdentSimple(Anon_Single) [id => mongodb, phase => typescript, scope => TreeScope(TsParsedFile() / TsDeclModule(mongodb) / TsDeclInterface(Collection) / TsMemberFunction(remove) / TsFunSig() / TsFunParam() / TsTypeIntersect() / TsTypeObject())] 
[info ] ExtractInterfaces.scala:30 Extracted anonymous interface TsIdentSimple(Anon_SessionFull) [id => mongodb, phase => typescript, scope => TreeScope(TsParsedFile() / TsDeclModule(mongodb) / TsDeclInterface(Collection) / TsMemberFunction(indexInformation) / TsFunSig() / TsFunParam() / TsTypeObject())] 
[info ] ExtractInterfaces.scala:30 Extracted anonymous interface TsIdentSimple(Anon_SessionFull) [id => mongodb, phase => typescript, scope => TreeScope(TsParsedFile() / TsDeclModule(mongodb) / TsDeclInterface(Collection) / TsMemberFunction(indexInformation) / TsFunSig() / TsFunParam() / TsTypeObject())] 
[info ] ExtractInterfaces.scala:30 Extracted anonymous interface TsIdentSimple(Anon_SessionClientSession) [id => mongodb, phase => typescript, scope => TreeScope(TsParsedFile() / TsDeclModule(mongodb) / TsDeclInterface(Collection) / TsMemberFunction(indexExists) / TsFunSig() / TsFunParam() / TsTypeObject())] 
[info ] ExtractInterfaces.scala:30 Extracted anonymous interface TsIdentSimple(Anon_SessionClientSession) [id => mongodb, phase => typescript, scope => TreeScope(TsParsedFile() / TsDeclModule(mongodb) / TsDeclInterface(Collection) / TsMemberFunction(indexExists) / TsFunSig() / TsFunParam() / TsTypeObject())] 
[info ] ExtractInterfaces.scala:30 Extracted anonymous interface TsIdentSimple(Anon_SessionClientSession) [id => mongodb, phase => typescript, scope => TreeScope(TsParsedFile() / TsDeclModule(mongodb) / TsDeclInterface(Collection) / TsMemberFunction(indexExists) / TsFunSig() / TsFunParam() / TsTypeObject())] 
[info ] ExtractInterfaces.scala:30 Extracted anonymous interface TsIdentSimple(Anon_SessionClientSession) [id => mongodb, phase => typescript, scope => TreeScope(TsParsedFile() / TsDeclModule(mongodb) / TsDeclInterface(Collection) / TsMemberFunction(indexExists) / TsFunSig() / TsFunParam() / TsTypeObject())] 
[info ] ExtractInterfaces.scala:30 Extracted anonymous interface TsIdentSimple(Anon_SessionReadPreferenceMaxTimeMS) [id => mongodb, phase => typescript, scope => TreeScope(TsParsedFile() / TsDeclModule(mongodb) / TsDeclInterface(Collection) / TsMemberFunction(distinct) / TsFunSig() / TsFunParam() / TsTypeObject())] 
[info ] ExtractInterfaces.scala:30 Extracted anonymous interface TsIdentSimple(Anon_SessionReadPreferenceMaxTimeMS) [id => mongodb, phase => typescript, scope => TreeScope(TsParsedFile() / TsDeclModule(mongodb) / TsDeclInterface(Collection) / TsMemberFunction(distinct) / TsFunSig() / TsFunParam() / TsTypeObject())] 
[info ] ExtractInterfaces.scala:30 Extracted anonymous interface TsIdentSimple(Anon_MaxTimeMS) [id => mongodb, phase => typescript, scope => TreeScope(TsParsedFile() / TsDeclModule(mongodb) / TsDeclInterface(Collection) / TsMemberFunction(dropIndex) / TsFunSig() / TsFunParam() / TsTypeIntersect() / TsTypeObject())] 
[info ] ExtractInterfaces.scala:30 Extracted anonymous interface TsIdentSimple(Anon_MaxTimeMS) [id => mongodb, phase => typescript, scope => TreeScope(TsParsedFile() / TsDeclModule(mongodb) / TsDeclInterface(Collection) / TsMemberFunction(dropIndex) / TsFunSig() / TsFunParam() / TsTypeIntersect() / TsTypeObject())] 
[info ] ExtractInterfaces.scala:30 Extracted anonymous interface TsIdentSimple(Anon_SessionClientSession) [id => mongodb, phase => typescript, scope => TreeScope(TsParsedFile() / TsDeclModule(mongodb) / TsDeclInterface(Collection) / TsMemberFunction(reIndex) / TsFunSig() / TsFunParam() / TsTypeObject())] 
[info ] ExtractInterfaces.scala:30 Extracted anonymous interface TsIdentSimple(Anon_SessionClientSession) [id => mongodb, phase => typescript, scope => TreeScope(TsParsedFile() / TsDeclModule(mongodb) / TsDeclInterface(Collection) / TsMemberFunction(reIndex) / TsFunSig() / TsFunParam() / TsTypeObject())] 
[info ] ExtractInterfaces.scala:30 Extracted anonymous interface TsIdentSimple(Anon_Multi) [id => mongodb, phase => typescript, scope => TreeScope(TsParsedFile() / TsDeclModule(mongodb) / TsDeclInterface(Collection) / TsMemberFunction(update) / TsFunSig() / TsFunParam() / TsTypeIntersect() / TsTypeObject())] 
[info ] ExtractInterfaces.scala:30 Extracted anonymous interface TsIdentSimple(Anon_Multi) [id => mongodb, phase => typescript, scope => TreeScope(TsParsedFile() / TsDeclModule(mongodb) / TsDeclInterface(Collection) / TsMemberFunction(update) / TsFunSig() / TsFunParam() / TsTypeIntersect() / TsTypeObject())] 
[info ] ExtractInterfaces.scala:30 Extracted anonymous interface TsIdentSimple(Anon_Multi) [id => mongodb, phase => typescript, scope => TreeScope(TsParsedFile() / TsDeclModule(mongodb) / TsDeclInterface(Collection) / TsMemberFunction(update) / TsFunSig() / TsFunParam() / TsTypeIntersect() / TsTypeObject())] 
[info ] ExtractInterfaces.scala:30 Extracted anonymous interface TsIdentSimple(Anon_Multi) [id => mongodb, phase => typescript, scope => TreeScope(TsParsedFile() / TsDeclModule(mongodb) / TsDeclInterface(Collection) / TsMemberFunction(update) / TsFunSig() / TsFunParam() / TsTypeIntersect() / TsTypeObject())] 
[info ] ExtractInterfaces.scala:30 Extracted anonymous interface TsIdentSimple(Anon_SessionMaxTimeMS) [id => mongodb, phase => typescript, scope => TreeScope(TsParsedFile() / TsDeclModule(mongodb) / TsDeclInterface(Collection) / TsMemberFunction(dropIndexes) / TsFunSig() / TsFunParam() / TsTypeObject())] 
[info ] ExtractInterfaces.scala:30 Extracted anonymous interface TsIdentSimple(Anon_SessionMaxTimeMS) [id => mongodb, phase => typescript, scope => TreeScope(TsParsedFile() / TsDeclModule(mongodb) / TsDeclInterface(Collection) / TsMemberFunction(dropIndexes) / TsFunSig() / TsFunParam() / TsTypeObject())] 
[info ] ExtractInterfaces.scala:30 Extracted anonymous interface TsIdentSimple(Anon_ReadPreferenceString) [id => mongodb, phase => typescript, scope => TreeScope(TsParsedFile() / TsDeclModule(mongodb) / TsDeclInterface(Collection) / TsMemberFunction(group) / TsFunSig() / TsFunParam() / TsTypeObject())] 
[info ] ExtractInterfaces.scala:30 Extracted anonymous interface TsIdentSimple(Anon_ReadPreferenceString) [id => mongodb, phase => typescript, scope => TreeScope(TsParsedFile() / TsDeclModule(mongodb) / TsDeclInterface(Collection) / TsMemberFunction(group) / TsFunSig() / TsFunParam() / TsTypeObject())] 
[info ] ExtractInterfaces.scala:30 Extracted anonymous interface TsIdentSimple(Anon_ReadPreferenceString) [id => mongodb, phase => typescript, scope => TreeScope(TsParsedFile() / TsDeclModule(mongodb) / TsDeclInterface(Collection) / TsMemberFunction(group) / TsFunSig() / TsFunParam() / TsTypeObject())] 
[info ] ExtractInterfaces.scala:30 Extracted anonymous interface TsIdentSimple(Anon_ReadPreferenceString) [id => mongodb, phase => typescript, scope => TreeScope(TsParsedFile() / TsDeclModule(mongodb) / TsDeclInterface(Collection) / TsMemberFunction(group) / TsFunSig() / TsFunParam() / TsTypeObject())] 
[info ] ExtractInterfaces.scala:30 Extracted anonymous interface TsIdentSimple(Anon_ReadPreferenceString) [id => mongodb, phase => typescript, scope => TreeScope(TsParsedFile() / TsDeclModule(mongodb) / TsDeclInterface(Collection) / TsMemberFunction(group) / TsFunSig() / TsFunParam() / TsTypeObject())] 
[info ] ExtractInterfaces.scala:30 Extracted anonymous interface TsIdentSimple(Anon_ReadPreferenceString) [id => mongodb, phase => typescript, scope => TreeScope(TsParsedFile() / TsDeclModule(mongodb) / TsDeclInterface(Collection) / TsMemberFunction(group) / TsFunSig() / TsFunParam() / TsTypeObject())] 
[info ] ExtractInterfaces.scala:30 Extracted anonymous interface TsIdentSimple(Anon_ReadPreferenceString) [id => mongodb, phase => typescript, scope => TreeScope(TsParsedFile() / TsDeclModule(mongodb) / TsDeclInterface(Collection) / TsMemberFunction(group) / TsFunSig() / TsFunParam() / TsTypeObject())] 
[info ] ExtractInterfaces.scala:30 Extracted anonymous interface TsIdentSimple(Anon_ReadPreferenceString) [id => mongodb, phase => typescript, scope => TreeScope(TsParsedFile() / TsDeclModule(mongodb) / TsDeclInterface(Collection) / TsMemberFunction(group) / TsFunSig() / TsFunParam() / TsTypeObject())] 
[info ] ExtractInterfaces.scala:30 Extracted anonymous interface TsIdentSimple(Anon_ReadPreferenceString) [id => mongodb, phase => typescript, scope => TreeScope(TsParsedFile() / TsDeclModule(mongodb) / TsDeclInterface(Collection) / TsMemberFunction(group) / TsFunSig() / TsFunParam() / TsTypeObject())] 
[info ] ExtractInterfaces.scala:30 Extracted anonymous interface TsIdentSimple(Anon_ReadPreferenceString) [id => mongodb, phase => typescript, scope => TreeScope(TsParsedFile() / TsDeclModule(mongodb) / TsDeclInterface(Collection) / TsMemberFunction(group) / TsFunSig() / TsFunParam() / TsTypeObject())] 
[info ] ExtractInterfaces.scala:30 Extracted anonymous interface TsIdentSimple(Anon_ReadPreferenceString) [id => mongodb, phase => typescript, scope => TreeScope(TsParsedFile() / TsDeclModule(mongodb) / TsDeclInterface(Collection) / TsMemberFunction(group) / TsFunSig() / TsFunParam() / TsTypeObject())] 
[info ] ExtractInterfaces.scala:30 Extracted anonymous interface TsIdentSimple(Anon_ReadPreferenceString) [id => mongodb, phase => typescript, scope => TreeScope(TsParsedFile() / TsDeclModule(mongodb) / TsDeclInterface(Collection) / TsMemberFunction(group) / TsFunSig() / TsFunParam() / TsTypeObject())] 
[info ] ExtractInterfaces.scala:30 Extracted anonymous interface TsIdentSimple(Anon_ReadPreferenceString) [id => mongodb, phase => typescript, scope => TreeScope(TsParsedFile() / TsDeclModule(mongodb) / TsDeclInterface(Collection) / TsMemberFunction(group) / TsFunSig() / TsFunParam() / TsTypeObject())] 
[info ] ExtractInterfaces.scala:30 Extracted anonymous interface TsIdentSimple(Anon_ReadPreferenceString) [id => mongodb, phase => typescript, scope => TreeScope(TsParsedFile() / TsDeclModule(mongodb) / TsDeclInterface(Collection) / TsMemberFunction(group) / TsFunSig() / TsFunParam() / TsTypeObject())] 
[info ] ExtractInterfaces.scala:30 Extracted anonymous interface TsIdentSimple(Anon_ReadPreferenceString) [id => mongodb, phase => typescript, scope => TreeScope(TsParsedFile() / TsDeclModule(mongodb) / TsDeclInterface(Collection) / TsMemberFunction(group) / TsFunSig() / TsFunParam() / TsTypeObject())] 
[info ] ExtractInterfaces.scala:30 Extracted anonymous interface TsIdentSimple(Anon_ReadPreferenceString) [id => mongodb, phase => typescript, scope => TreeScope(TsParsedFile() / TsDeclModule(mongodb) / TsDeclInterface(Collection) / TsMemberFunction(group) / TsFunSig() / TsFunParam() / TsTypeObject())] 
[info ] ExtractInterfaces.scala:30 Extracted anonymous interface TsIdentSimple(Anon_ReadPreferenceString) [id => mongodb, phase => typescript, scope => TreeScope(TsParsedFile() / TsDeclModule(mongodb) / TsDeclInterface(Collection) / TsMemberFunction(group) / TsFunSig() / TsFunParam() / TsTypeObject())] 
[info ] ExtractInterfaces.scala:30 Extracted anonymous interface TsIdentSimple(Anon_ReadPreferenceString) [id => mongodb, phase => typescript, scope => TreeScope(TsParsedFile() / TsDeclModule(mongodb) / TsDeclInterface(Collection) / TsMemberFunction(group) / TsFunSig() / TsFunParam() / TsTypeObject())] 
[info ] ExtractInterfaces.scala:30 Extracted anonymous interface TsIdentSimple(Anon_ReadPreferenceString) [id => mongodb, phase => typescript, scope => TreeScope(TsParsedFile() / TsDeclModule(mongodb) / TsDeclInterface(Collection) / TsMemberFunction(group) / TsFunSig() / TsFunParam() / TsTypeObject())] 
[info ] ExtractInterfaces.scala:30 Extracted anonymous interface TsIdentSimple(Anon_ReadPreferenceString) [id => mongodb, phase => typescript, scope => TreeScope(TsParsedFile() / TsDeclModule(mongodb) / TsDeclInterface(Collection) / TsMemberFunction(group) / TsFunSig() / TsFunParam() / TsTypeObject())] 
[info ] ExtractInterfaces.scala:30 Extracted anonymous interface TsIdentSimple(Anon_ReadPreferenceString) [id => mongodb, phase => typescript, scope => TreeScope(TsParsedFile() / TsDeclModule(mongodb) / TsDeclInterface(Collection) / TsMemberFunction(group) / TsFunSig() / TsFunParam() / TsTypeObject())] 
[info ] ExtractInterfaces.scala:30 Extracted anonymous interface TsIdentSimple(Anon_ReadPreferenceString) [id => mongodb, phase => typescript, scope => TreeScope(TsParsedFile() / TsDeclModule(mongodb) / TsDeclInterface(Collection) / TsMemberFunction(group) / TsFunSig() / TsFunParam() / TsTypeObject())] 
[info ] ExtractInterfaces.scala:30 Extracted anonymous interface TsIdentSimple(Anon_ReadPreferenceString) [id => mongodb, phase => typescript, scope => TreeScope(TsParsedFile() / TsDeclModule(mongodb) / TsDeclInterface(Collection) / TsMemberFunction(group) / TsFunSig() / TsFunParam() / TsTypeObject())] 
[info ] ExtractInterfaces.scala:30 Extracted anonymous interface TsIdentSimple(Anon_ReadPreferenceString) [id => mongodb, phase => typescript, scope => TreeScope(TsParsedFile() / TsDeclModule(mongodb) / TsDeclInterface(Collection) / TsMemberFunction(group) / TsFunSig() / TsFunParam() / TsTypeObject())] 
[info ] ExtractInterfaces.scala:30 Extracted anonymous interface TsIdentSimple(Anon_ReadPreferenceString) [id => mongodb, phase => typescript, scope => TreeScope(TsParsedFile() / TsDeclModule(mongodb) / TsDeclInterface(Collection) / TsMemberFunction(group) / TsFunSig() / TsFunParam() / TsTypeObject())] 
[info ] ExtractInterfaces.scala:30 Extracted anonymous interface TsIdentSimple(Anon_ReadPreferenceString) [id => mongodb, phase => typescript, scope => TreeScope(TsParsedFile() / TsDeclModule(mongodb) / TsDeclInterface(Collection) / TsMemberFunction(group) / TsFunSig() / TsFunParam() / TsTypeObject())] 
[info ] ExtractInterfaces.scala:30 Extracted anonymous interface TsIdentSimple(Anon_ReadPreferenceString) [id => mongodb, phase => typescript, scope => TreeScope(TsParsedFile() / TsDeclModule(mongodb) / TsDeclInterface(Collection) / TsMemberFunction(group) / TsFunSig() / TsFunParam() / TsTypeObject())] 
[info ] ExtractInterfaces.scala:30 Extracted anonymous interface TsIdentSimple(Anon_ReadPreferenceString) [id => mongodb, phase => typescript, scope => TreeScope(TsParsedFile() / TsDeclModule(mongodb) / TsDeclInterface(Collection) / TsMemberFunction(group) / TsFunSig() / TsFunParam() / TsTypeObject())] 
[info ] ExtractInterfaces.scala:30 Extracted anonymous interface TsIdentSimple(Anon_ReadPreferenceString) [id => mongodb, phase => typescript, scope => TreeScope(TsParsedFile() / TsDeclModule(mongodb) / TsDeclInterface(Collection) / TsMemberFunction(group) / TsFunSig() / TsFunParam() / TsTypeObject())] 
[info ] ExtractInterfaces.scala:30 Extracted anonymous interface TsIdentSimple(Anon_ReadPreferenceString) [id => mongodb, phase => typescript, scope => TreeScope(TsParsedFile() / TsDeclModule(mongodb) / TsDeclInterface(Collection) / TsMemberFunction(group) / TsFunSig() / TsFunParam() / TsTypeObject())] 
[info ] ExtractInterfaces.scala:30 Extracted anonymous interface TsIdentSimple(Anon_ReadPreferenceString) [id => mongodb, phase => typescript, scope => TreeScope(TsParsedFile() / TsDeclModule(mongodb) / TsDeclInterface(Collection) / TsMemberFunction(group) / TsFunSig() / TsFunParam() / TsTypeObject())] 
[info ] ExtractInterfaces.scala:30 Extracted anonymous interface TsIdentSimple(Anon_ReadPreferenceString) [id => mongodb, phase => typescript, scope => TreeScope(TsParsedFile() / TsDeclModule(mongodb) / TsDeclInterface(Collection) / TsMemberFunction(group) / TsFunSig() / TsFunParam() / TsTypeObject())] 
[info ] ExtractInterfaces.scala:30 Extracted anonymous interface TsIdentSimple(Anon_SessionProjection) [id => mongodb, phase => typescript, scope => TreeScope(TsParsedFile() / TsDeclModule(mongodb) / TsDeclInterface(Collection) / TsMemberFunction(findOneAndDelete) / TsFunSig() / TsFunParam() / TsTypeObject())] 
[info ] ExtractInterfaces.scala:30 Extracted anonymous interface TsIdentSimple(Anon_SessionProjection) [id => mongodb, phase => typescript, scope => TreeScope(TsParsedFile() / TsDeclModule(mongodb) / TsDeclInterface(Collection) / TsMemberFunction(findOneAndDelete) / TsFunSig() / TsFunParam() / TsTypeObject())] 
[info ] ExtractInterfaces.scala:30 Extracted anonymous interface TsIdentSimple(Anon_DbName) [id => mongodb, phase => typescript, scope => TreeScope(TsParsedFile() / TsDeclModule(mongodb) / TsDeclClass(MongoClient) / TsMemberFunction(logout) / TsFunSig() / TsFunParam() / TsTypeObject())] 
[info ] ExtractInterfaces.scala:30 Extracted anonymous interface TsIdentSimple(Anon_DbName) [id => mongodb, phase => typescript, scope => TreeScope(TsParsedFile() / TsDeclModule(mongodb) / TsDeclClass(MongoClient) / TsMemberFunction(logout) / TsFunSig() / TsFunParam() / TsTypeObject())] 
[info ] ExtractInterfaces.scala:30 Extracted anonymous interface TsIdentSimple(Anon_SessionStartAtClusterTime) [id => mongodb, phase => typescript, scope => TreeScope(TsParsedFile() / TsDeclModule(mongodb) / TsDeclClass(MongoClient) / TsMemberFunction(watch) / TsFunSig() / TsFunParam() / TsTypeIntersect() / TsTypeObject())] 
[info ] ExtractInterfaces.scala:30 Extracted anonymous interface TsIdentSimple(Anon_Id) [id => mongodb, phase => typescript, scope => TreeScope(TsParsedFile() / TsDeclModule(mongodb) / TsDeclInterface(UpdateWriteOpResult) / TsMemberProperty(upsertedId) / TsTypeObject())] 
[info ] ExtractInterfaces.scala:30 Extracted anonymous interface TsIdentSimple(Anon_N) [id => mongodb, phase => typescript, scope => TreeScope(TsParsedFile() / TsDeclModule(mongodb) / TsDeclInterface(UpdateWriteOpResult) / TsMemberProperty(result) / TsTypeObject())] 
[info ] ExtractInterfaces.scala:30 Extracted anonymous interface TsIdentSimple(Anon_NOk) [id => mongodb, phase => typescript, scope => TreeScope(TsParsedFile() / TsDeclModule(mongodb) / TsDeclInterface(DeleteWriteOpResultObject) / TsMemberProperty(result) / TsTypeObject())] 
[info ] ExtractInterfaces.scala:30 Extracted anonymous interface TsIdentSimple(Anon_Transform) [id => mongodb, phase => typescript, scope => TreeScope(TsParsedFile() / TsDeclModule(mongodb) / TsDeclClass(ChangeStream) / TsMemberFunction(stream) / TsFunSig() / TsFunParam() / TsTypeObject())] 
[info ] ExtractInterfaces.scala:30 Extracted anonymous interface TsIdentSimple(Anon_User) [id => mongodb, phase => typescript, scope => TreeScope(TsParsedFile() / TsDeclModule(mongodb) / TsDeclInterface(MongoClientOptions) / TsMemberProperty(auth) / TsTypeObject())] 
[info ] ExtractInterfaces.scala:30 Extracted anonymous interface TsIdentSimple(Anon_MaxStalenessSeconds) [id => mongodb, phase => typescript, scope => TreeScope(TsParsedFile() / TsDeclModule(mongodb) / TsDeclClass(ReadPreference) / TsMemberProperty(options) / TsTypeObject())] 
[info ] ExtractInterfaces.scala:30 Extracted anonymous interface TsIdentSimple(Anon_Type) [id => mongodb, phase => typescript, scope => TreeScope(TsParsedFile() / TsDeclModule(mongodb) / TsDeclInterface(UpdateQuery) / TsMemberProperty($currentDate) / TsTypeUnion() / TsTypeObject() / TsMemberIndex() / TsTypeUnion() / TsTypeObject())] 
[info ] ExtractInterfaces.scala:30 Extracted anonymous interface TsIdentSimple(Anon_Bloomfilterpagesevictedfromcache) [id => mongodb, phase => typescript, scope => TreeScope(TsParsedFile() / TsDeclModule(mongodb) / TsDeclInterface(WiredTigerData) / TsMemberProperty(LSM) / TsTypeObject())] 
[info ] ExtractInterfaces.scala:30 Extracted anonymous interface TsIdentSimple(Anon_Internalpagemultiblockwrites) [id => mongodb, phase => typescript, scope => TreeScope(TsParsedFile() / TsDeclModule(mongodb) / TsDeclInterface(WiredTigerData) / TsMemberProperty(reconciliation) / TsTypeObject())] 
[info ] ExtractInterfaces.scala:30 Extracted anonymous interface TsIdentSimple(Anon_Rawcompressioncallfailednoadditionaldataavailable) [id => mongodb, phase => typescript, scope => TreeScope(TsParsedFile() / TsDeclModule(mongodb) / TsDeclInterface(WiredTigerData) / TsMemberProperty(compression) / TsTypeObject())] 
[info ] ExtractInterfaces.scala:30 Extracted anonymous interface TsIdentSimple(Anon_Pagescurrentlyqueuedforeviction) [id => mongodb, phase => typescript, scope => TreeScope(TsParsedFile() / TsDeclModule(mongodb) / TsDeclInterface(WiredTigerData) / TsMemberProperty(cache_walk) / TsTypeObject())] 
[info ] ExtractInterfaces.scala:30 Extracted anonymous interface TsIdentSimple(Anon_Searchnearcalls) [id => mongodb, phase => typescript, scope => TreeScope(TsParsedFile() / TsDeclModule(mongodb) / TsDeclInterface(WiredTigerData) / TsMemberProperty(cursor) / TsTypeObject())] 
[info ] ExtractInterfaces.scala:30 Extracted anonymous interface TsIdentSimple(Anon_Inmemorypagesplits) [id => mongodb, phase => typescript, scope => TreeScope(TsParsedFile() / TsDeclModule(mongodb) / TsDeclInterface(WiredTigerData) / TsMemberProperty(cache) / TsTypeObject())] 
[info ] ExtractInterfaces.scala:30 Extracted anonymous interface TsIdentSimple(Anon_Blocksfreed) [id => mongodb, phase => typescript, scope => TreeScope(TsParsedFile() / TsDeclModule(mongodb) / TsDeclInterface(WiredTigerData) / TsMemberProperty(block-manager) / TsTypeObject())] 
[info ] ExtractInterfaces.scala:30 Extracted anonymous interface TsIdentSimple(Anon_Maximuminternalpagekeysize) [id => mongodb, phase => typescript, scope => TreeScope(TsParsedFile() / TsDeclModule(mongodb) / TsDeclInterface(WiredTigerData) / TsMemberProperty(btree) / TsTypeObject())] 
[info ] ExtractInterfaces.scala:30 Extracted anonymous interface TsIdentSimple(Anon_NOkNumber) [id => mongodb, phase => typescript, scope => TreeScope(TsParsedFile() / TsDeclModule(mongodb) / TsDeclInterface(InsertWriteOpResult) / TsMemberProperty(result) / TsTypeObject())] 
[info ] ExtractInterfaces.scala:30 Extracted anonymous interface TsIdentSimple(Anon_BatchSize) [id => mongodb, phase => typescript, scope => TreeScope(TsParsedFile() / TsDeclModule(mongodb) / TsDeclInterface(CollectionAggregationOptions) / TsMemberProperty(cursor) / TsTypeObject())] 
[info ] ExtractInterfaces.scala:30 Extracted anonymous interface TsIdentSimple(Anon_Start) [id => mongodb, phase => typescript, scope => TreeScope(TsParsedFile() / TsDeclModule(mongodb) / TsDeclClass(GridFSBucket) / TsMemberFunction(openDownloadStream) / TsFunSig() / TsFunParam() / TsTypeObject())] 
[info ] ExtractInterfaces.scala:30 Extracted anonymous interface TsIdentSimple(Anon_Revision) [id => mongodb, phase => typescript, scope => TreeScope(TsParsedFile() / TsDeclModule(mongodb) / TsDeclClass(GridFSBucket) / TsMemberFunction(openDownloadStreamByName) / TsFunSig() / TsFunParam() / TsTypeObject())] 
[info ] ExtractInterfaces.scala:30 Extracted anonymous interface TsIdentSimple(Anon_TransformFunction) [id => mongodb, phase => typescript, scope => TreeScope(TsParsedFile() / TsDeclModule(mongodb) / TsDeclClass(Cursor) / TsMemberFunction(stream) / TsFunSig() / TsFunParam() / TsTypeObject())] 
[info ] ExtractInterfaces.scala:30 Extracted anonymous interface TsIdentSimple(Anon_SessionClientSession_1575395223) [id => mongodb, phase => typescript, scope => TreeScope(TsParsedFile() / TsDeclModule(mongodb) / TsDeclClass(Db) / TsMemberFunction(profilingInfo) / TsFunSig() / TsFunParam() / TsTypeObject())] 
[info ] ExtractInterfaces.scala:30 Extracted anonymous interface TsIdentSimple(Anon_SessionClientSession_1575395223) [id => mongodb, phase => typescript, scope => TreeScope(TsParsedFile() / TsDeclModule(mongodb) / TsDeclClass(Db) / TsMemberFunction(profilingInfo) / TsFunSig() / TsFunParam() / TsTypeObject())] 
[info ] ExtractInterfaces.scala:30 Extracted anonymous interface TsIdentSimple(Anon_Scale) [id => mongodb, phase => typescript, scope => TreeScope(TsParsedFile() / TsDeclModule(mongodb) / TsDeclClass(Db) / TsMemberFunction(stats) / TsFunSig() / TsFunParam() / TsTypeObject())] 
[info ] ExtractInterfaces.scala:30 Extracted anonymous interface TsIdentSimple(Anon_Scale) [id => mongodb, phase => typescript, scope => TreeScope(TsParsedFile() / TsDeclModule(mongodb) / TsDeclClass(Db) / TsMemberFunction(stats) / TsFunSig() / TsFunParam() / TsTypeObject())] 
[info ] ExtractInterfaces.scala:30 Extracted anonymous interface TsIdentSimple(Anon_ReadPreference) [id => mongodb, phase => typescript, scope => TreeScope(TsParsedFile() / TsDeclModule(mongodb) / TsDeclClass(Db) / TsMemberFunction(executeDbAdminCommand) / TsFunSig() / TsFunParam() / TsTypeObject())] 
[info ] ExtractInterfaces.scala:30 Extracted anonymous interface TsIdentSimple(Anon_ReadPreference) [id => mongodb, phase => typescript, scope => TreeScope(TsParsedFile() / TsDeclModule(mongodb) / TsDeclClass(Db) / TsMemberFunction(executeDbAdminCommand) / TsFunSig() / TsFunParam() / TsTypeObject())] 
[info ] ExtractInterfaces.scala:30 Extracted anonymous interface TsIdentSimple(Anon_SessionClientSession_1575395223) [id => mongodb, phase => typescript, scope => TreeScope(TsParsedFile() / TsDeclModule(mongodb) / TsDeclClass(Db) / TsMemberFunction(setProfilingLevel) / TsFunSig() / TsFunParam() / TsTypeObject())] 
[info ] ExtractInterfaces.scala:30 Extracted anonymous interface TsIdentSimple(Anon_SessionClientSession_1575395223) [id => mongodb, phase => typescript, scope => TreeScope(TsParsedFile() / TsDeclModule(mongodb) / TsDeclClass(Db) / TsMemberFunction(setProfilingLevel) / TsFunSig() / TsFunParam() / TsTypeObject())] 
[info ] ExtractInterfaces.scala:30 Extracted anonymous interface TsIdentSimple(Anon_ReadPreferenceString_114210322) [id => mongodb, phase => typescript, scope => TreeScope(TsParsedFile() / TsDeclModule(mongodb) / TsDeclClass(Db) / TsMemberFunction(command) / TsFunSig() / TsFunParam() / TsTypeObject())] 
[info ] ExtractInterfaces.scala:30 Extracted anonymous interface TsIdentSimple(Anon_ReadPreferenceString_114210322) [id => mongodb, phase => typescript, scope => TreeScope(TsParsedFile() / TsDeclModule(mongodb) / TsDeclClass(Db) / TsMemberFunction(command) / TsFunSig() / TsFunParam() / TsTypeObject())] 
[info ] ExtractInterfaces.scala:30 Extracted anonymous interface TsIdentSimple(Anon_ReadPreferenceBatchSize) [id => mongodb, phase => typescript, scope => TreeScope(TsParsedFile() / TsDeclModule(mongodb) / TsDeclClass(Db) / TsMemberFunction(listCollections) / TsFunSig() / TsFunParam() / TsTypeObject())] 
[info ] ExtractInterfaces.scala:30 Extracted anonymous interface TsIdentSimple(Anon_ReadPreferenceFull) [id => mongodb, phase => typescript, scope => TreeScope(TsParsedFile() / TsDeclModule(mongodb) / TsDeclClass(Db) / TsMemberFunction(indexInformation) / TsFunSig() / TsFunParam() / TsTypeObject())] 
[info ] ExtractInterfaces.scala:30 Extracted anonymous interface TsIdentSimple(Anon_ReadPreferenceFull) [id => mongodb, phase => typescript, scope => TreeScope(TsParsedFile() / TsDeclModule(mongodb) / TsDeclClass(Db) / TsMemberFunction(indexInformation) / TsFunSig() / TsFunParam() / TsTypeObject())] 
[info ] ExtractInterfaces.scala:30 Extracted anonymous interface TsIdentSimple(Anon_SessionClientSession_1575395223) [id => mongodb, phase => typescript, scope => TreeScope(TsParsedFile() / TsDeclModule(mongodb) / TsDeclClass(Db) / TsMemberFunction(profilingLevel) / TsFunSig() / TsFunParam() / TsTypeObject())] 
[info ] ExtractInterfaces.scala:30 Extracted anonymous interface TsIdentSimple(Anon_SessionClientSession_1575395223) [id => mongodb, phase => typescript, scope => TreeScope(TsParsedFile() / TsDeclModule(mongodb) / TsDeclClass(Db) / TsMemberFunction(profilingLevel) / TsFunSig() / TsFunParam() / TsTypeObject())] 
[info ] ExtractInterfaces.scala:30 Extracted anonymous interface TsIdentSimple(Anon_DropTargetBoolean) [id => mongodb, phase => typescript, scope => TreeScope(TsParsedFile() / TsDeclModule(mongodb) / TsDeclClass(Db) / TsMemberFunction(renameCollection) / TsFunSig() / TsFunParam() / TsTypeObject())] 
[info ] ExtractInterfaces.scala:30 Extracted anonymous interface TsIdentSimple(Anon_DropTargetBoolean) [id => mongodb, phase => typescript, scope => TreeScope(TsParsedFile() / TsDeclModule(mongodb) / TsDeclClass(Db) / TsMemberFunction(renameCollection) / TsFunSig() / TsFunParam() / TsTypeObject())] 
[info ] ExtractInterfaces.scala:30 Extracted anonymous interface TsIdentSimple(Anon_NOkNumber) [id => mongodb, phase => typescript, scope => TreeScope(TsParsedFile() / TsDeclModule(mongodb) / TsDeclInterface(InsertOneWriteOpResult) / TsMemberProperty(result) / TsTypeObject())] 
[debug] PhaseRunner.scala:78 Success [id => mongodb, phase => typescript] 
[warn ] Phase2ToScalaJs.scala:34 Processing TsIdentLibrarySimple(mongodb) [id => mongodb, phase => scala.js] 
[info ] ImportType.scala:160 Failed type conversion: TsTypeLookup(TsTypeRef(TsQIdent(List(TsIdentSimple(T))),List()),Left(TsIdentSimple(P))) [id => mongodb, phase => scala.js, scope => TreeScope(TsParsedFile() / TsDeclInterface(Condition) / TsMemberProperty($eq) / TsTypeLookup())] 
[info ] ImportType.scala:160 Failed type conversion: TsTypeLookup(TsTypeRef(TsQIdent(List(TsIdentSimple(T))),List()),Left(TsIdentSimple(P))) [id => mongodb, phase => scala.js, scope => TreeScope(TsParsedFile() / TsDeclInterface(Condition) / TsMemberProperty($gt) / TsTypeLookup())] 
[info ] ImportType.scala:160 Failed type conversion: TsTypeLookup(TsTypeRef(TsQIdent(List(TsIdentSimple(T))),List()),Left(TsIdentSimple(P))) [id => mongodb, phase => scala.js, scope => TreeScope(TsParsedFile() / TsDeclInterface(Condition) / TsMemberProperty($in) / TsTypeRef() / TsTypeLookup())] 
[info ] ImportType.scala:160 Failed type conversion: TsTypeLookup(TsTypeRef(TsQIdent(List(TsIdentSimple(T))),List()),Left(TsIdentSimple(P))) [id => mongodb, phase => scala.js, scope => TreeScope(TsParsedFile() / TsDeclInterface(Condition) / TsMemberProperty($and) / TsTypeRef() / TsTypeUnion() / TsTypeLookup())] 
[info ] ImportType.scala:160 Failed type conversion: TsTypeLookup(TsTypeRef(TsQIdent(List(TsIdentSimple(T))),List()),Left(TsIdentSimple(P))) [id => mongodb, phase => scala.js, scope => TreeScope(TsParsedFile() / TsDeclInterface(Condition) / TsMemberProperty($or) / TsTypeRef() / TsTypeUnion() / TsTypeLookup())] 
[info ] ImportType.scala:160 Failed type conversion: TsTypeLookup(TsTypeRef(TsQIdent(List(TsIdentSimple(T))),List()),Left(TsIdentSimple(P))) [id => mongodb, phase => scala.js, scope => TreeScope(TsParsedFile() / TsDeclInterface(Condition) / TsMemberProperty($ne) / TsTypeLookup())] 
[info ] ImportType.scala:160 Failed type conversion: TsTypeLookup(TsTypeRef(TsQIdent(List(TsIdentSimple(T))),List()),Left(TsIdentSimple(P))) [id => mongodb, phase => scala.js, scope => TreeScope(TsParsedFile() / TsDeclInterface(Condition) / TsMemberProperty($gte) / TsTypeLookup())] 
[info ] ImportType.scala:160 Failed type conversion: TsTypeLookup(TsTypeRef(TsQIdent(List(TsIdentSimple(T))),List()),Left(TsIdentSimple(P))) [id => mongodb, phase => scala.js, scope => TreeScope(TsParsedFile() / TsDeclInterface(Condition) / TsMemberProperty($lt) / TsTypeLookup())] 
[info ] ImportType.scala:160 Failed type conversion: TsTypeLookup(TsTypeRef(TsQIdent(List(TsIdentSimple(T))),List()),Left(TsIdentSimple(P))) [id => mongodb, phase => scala.js, scope => TreeScope(TsParsedFile() / TsDeclInterface(Condition) / TsMemberProperty($not) / TsTypeUnion() / TsTypeRef() / TsTypeUnion() / TsTypeLookup())] 
[info ] ImportType.scala:160 Failed type conversion: TsTypeLookup(TsTypeRef(TsQIdent(List(TsIdentSimple(T))),List()),Left(TsIdentSimple(P))) [id => mongodb, phase => scala.js, scope => TreeScope(TsParsedFile() / TsDeclInterface(Condition) / TsMemberProperty($not) / TsTypeUnion() / TsTypeLookup())] 
[info ] ImportType.scala:160 Failed type conversion: TsTypeLookup(TsTypeRef(TsQIdent(List(TsIdentSimple(T))),List()),Left(TsIdentSimple(P))) [id => mongodb, phase => scala.js, scope => TreeScope(TsParsedFile() / TsDeclInterface(Condition) / TsMemberProperty($nin) / TsTypeRef() / TsTypeLookup())] 
[info ] ImportType.scala:160 Failed type conversion: TsTypeLookup(TsTypeRef(TsQIdent(List(TsIdentSimple(T))),List()),Left(TsIdentSimple(P))) [id => mongodb, phase => scala.js, scope => TreeScope(TsParsedFile() / TsDeclInterface(Condition) / TsMemberProperty($lte) / TsTypeLookup())] 
[info ] RemoveDuplicateInheritance.scala:55 Dropped parents QualifiedName(List(Name(mongodbLib), Name(mongodbMod), Name(SSLOptions))),QualifiedName(List(Name(mongodbLib), Name(mongodbMod), Name(HighAvailabilityOptions))) at Name(mongodbLib) / Name(mongodbMod) / Name(MongoClientOptions) because allParentRefs = Set(TypeRef(QualifiedName(List(Name(mongodbLib), Name(mongodbMod), Name(SSLOptions))),List(),NoComments), TypeRef(QualifiedName(List(Name(mongodbLib), Name(mongodbMod), Name(HighAvailabilityOptions))),List(),NoComments), TypeRef(QualifiedName(List(Name(mongodbLib), Name(mongodbMod), Name(CommonOptions))),List(),NoComments), TypeRef(QualifiedName(List(Name(mongodbLib), Name(mongodbMod), Name(WriteConcern))),List(),NoComments)) [id => mongodb, phase => scala.js, this => Name(mongodbLib) / Name(mongodbMod) / Name(MongoClientOptions)] 
[info ] RemoveMultipleInheritance.scala:39 Dropped parents List(mongodbLib.mongodbMod.ReplSetOptions because Would inherit conflicting mutable fields List(ciphers, servername, ssl, sslCA, poolSize, sslValidate, ecdhCurve, sslCert, sslCRL, sslKey, checkServerIdentity, minSize, sslPass, domainsEnabled, socketOptions, haInterval), mongodbLib.mongodbMod.MongosOptions because Would inherit conflicting mutable fields List(ciphers, servername, ssl, sslCA, poolSize, sslValidate, ecdhCurve, sslCert, sslCRL, sslKey, checkServerIdentity, minSize, sslPass, domainsEnabled, socketOptions, haInterval)) [id => mongodb, phase => scala.js, this => Name(mongodbLib) / Name(mongodbMod) / Name(MongoClientOptions)] 
[debug] PhaseRunner.scala:78 Success [id => mongodb, phase => scala.js] 
[warn ] PhaseRunner.scala:64 Failed because of, [node => Compilation failed] [id => mongodb, phase => build] 
[debug] PhaseRunner.scala:82 Failure, [node => Compilation failed] [id => mongodb, phase => build] 
