[info ] InferredDependency.scala:20 Inferred dependencies Set(TsIdentLibrarySimple(node)) for TsIdentLibrarySimple(monk) [id => monk, phase => typescript, file => ../node_modules/monk/index.d.ts] 
[debug] PhaseRunner.scala:82 Success [id => monk, phase => typescript] 
[info ] Phase1ReadTypescript.scala:160 Preprocessing TsHelperFile(InFile(/home/tso/tmp/tso-cache/npm/node_modules/monk/index.d.ts),FromFolder(InFolder(/home/tso/tmp/tso-cache/npm/node_modules/monk),TsIdentLibrarySimple(monk)),TsIdentModule(None,List(monk))) [id => monk, phase => typescript] 
[warn ] Phase1ReadTypescript.scala:200 Processing TsIdentLibrarySimple(monk) [id => monk, phase => typescript] 
[info ] ExtractInterfaces.scala:37 Extracted anonymous interface TsIdentSimple(Anon_Collection) [id => monk, phase => typescript, scope => TreeScope(TsParsedFile() / TsDeclModule(monk) / TsDeclTypeAlias(TMiddleware) / TsTypeFunction() / TsFunSig() / TsFunParam() / TsTypeObject())] 
[info ] ExtractInterfaces.scala:37 Extracted anonymous interface TsIdentSimple(Anon_0) [id => monk, phase => typescript, scope => TreeScope(TsParsedFile() / TsDeclModule(monk) / TsDeclClass(ICollection) / TsMemberFunction(dropIndex) / TsFunSig() / TsTypeRef() / TsTypeObject())] 
[info ] ExtractInterfaces.scala:37 Extracted anonymous interface TsIdentSimple(Anon_0) [id => monk, phase => typescript, scope => TreeScope(TsParsedFile() / TsDeclModule(monk) / TsDeclClass(ICollection) / TsMemberFunction(dropIndex) / TsFunSig() / TsTypeRef() / TsTypeObject())] 
[info ] ExtractInterfaces.scala:37 Extracted anonymous interface TsIdentSimple(Anon_0) [id => monk, phase => typescript, scope => TreeScope(TsParsedFile() / TsDeclModule(monk) / TsDeclClass(ICollection) / TsMemberFunction(dropIndex) / TsFunSig() / TsTypeRef() / TsTypeObject())] 
[info ] ExtractInterfaces.scala:37 Extracted anonymous interface TsIdentSimple(Anon_01) [id => monk, phase => typescript, scope => TreeScope(TsParsedFile() / TsDeclModule(monk) / TsDeclClass(ICollection) / TsMemberFunction(dropIndexes) / TsFunSig() / TsTypeRef() / TsTypeObject())] 
[info ] ExtractInterfaces.scala:37 Extracted anonymous interface TsIdentSimple(Anon_Close) [id => monk, phase => typescript, scope => TreeScope(TsParsedFile() / TsDeclModule(monk) / TsDeclClass(ICollection) / TsMemberFunction(find) / TsFunSig() / TsTypeIntersect() / TsTypeObject() / TsMemberFunction(each) / TsFunSig() / TsFunParam() / TsTypeObject())] 
[info ] ExtractInterfaces.scala:37 Extracted anonymous interface TsIdentSimple(Anon_Cursor) [id => monk, phase => typescript, scope => TreeScope(TsParsedFile() / TsDeclModule(monk) / TsDeclClass(ICollection) / TsMemberFunction(find) / TsFunSig() / TsTypeIntersect() / TsTypeObject())] 
[info ] ExtractInterfaces.scala:37 Extracted anonymous interface TsIdentSimple(Anon_Close) [id => monk, phase => typescript, scope => TreeScope(TsParsedFile() / TsDeclModule(monk) / TsDeclClass(ICollection) / TsMemberFunction(find) / TsFunSig() / TsTypeIntersect() / TsTypeObject() / TsMemberFunction(each) / TsFunSig() / TsFunParam() / TsTypeObject())] 
[info ] ExtractInterfaces.scala:37 Extracted anonymous interface TsIdentSimple(Anon_Cursor) [id => monk, phase => typescript, scope => TreeScope(TsParsedFile() / TsDeclModule(monk) / TsDeclClass(ICollection) / TsMemberFunction(find) / TsFunSig() / TsTypeIntersect() / TsTypeObject())] 
[info ] ExtractInterfaces.scala:37 Extracted anonymous interface TsIdentSimple(Anon_Close) [id => monk, phase => typescript, scope => TreeScope(TsParsedFile() / TsDeclModule(monk) / TsDeclClass(ICollection) / TsMemberFunction(find) / TsFunSig() / TsTypeIntersect() / TsTypeObject() / TsMemberFunction(each) / TsFunSig() / TsFunParam() / TsTypeObject())] 
[info ] ExtractInterfaces.scala:37 Extracted anonymous interface TsIdentSimple(Anon_Cursor) [id => monk, phase => typescript, scope => TreeScope(TsParsedFile() / TsDeclModule(monk) / TsDeclClass(ICollection) / TsMemberFunction(find) / TsFunSig() / TsTypeIntersect() / TsTypeObject())] 
[info ] ExtractInterfaces.scala:37 Extracted anonymous interface TsIdentSimple(Anon_01N) [id => monk, phase => typescript, scope => TreeScope(TsParsedFile() / TsDeclModule(monk) / TsDeclClass(ICollection) / TsMemberFunction(remove) / TsFunSig() / TsTypeRef() / TsTypeObject() / TsMemberProperty(result) / TsTypeObject())] 
[info ] ExtractInterfaces.scala:37 Extracted anonymous interface TsIdentSimple(Anon_DeletedCount) [id => monk, phase => typescript, scope => TreeScope(TsParsedFile() / TsDeclModule(monk) / TsDeclClass(ICollection) / TsMemberFunction(remove) / TsFunSig() / TsTypeRef() / TsTypeObject())] 
[info ] ExtractInterfaces.scala:37 Extracted anonymous interface TsIdentSimple(Anon_01N) [id => monk, phase => typescript, scope => TreeScope(TsParsedFile() / TsDeclModule(monk) / TsDeclClass(ICollection) / TsMemberFunction(remove) / TsFunSig() / TsTypeRef() / TsTypeObject() / TsMemberProperty(result) / TsTypeObject())] 
[info ] ExtractInterfaces.scala:37 Extracted anonymous interface TsIdentSimple(Anon_DeletedCount) [id => monk, phase => typescript, scope => TreeScope(TsParsedFile() / TsDeclModule(monk) / TsDeclClass(ICollection) / TsMemberFunction(remove) / TsFunSig() / TsTypeRef() / TsTypeObject())] 
[info ] ExtractInterfaces.scala:37 Extracted anonymous interface TsIdentSimple(Anon_01N) [id => monk, phase => typescript, scope => TreeScope(TsParsedFile() / TsDeclModule(monk) / TsDeclClass(ICollection) / TsMemberFunction(remove) / TsFunSig() / TsTypeRef() / TsTypeObject() / TsMemberProperty(result) / TsTypeObject())] 
[info ] ExtractInterfaces.scala:37 Extracted anonymous interface TsIdentSimple(Anon_DeletedCount) [id => monk, phase => typescript, scope => TreeScope(TsParsedFile() / TsDeclModule(monk) / TsDeclClass(ICollection) / TsMemberFunction(remove) / TsFunSig() / TsTypeRef() / TsTypeObject())] 
[info ] ExtractInterfaces.scala:37 Extracted anonymous interface TsIdentSimple(Anon_01AvgObjSize) [id => monk, phase => typescript, scope => TreeScope(TsParsedFile() / TsDeclModule(monk) / TsDeclClass(ICollection) / TsMemberFunction(stats) / TsFunSig() / TsTypeRef() / TsTypeObject())] 
[info ] ExtractInterfaces.scala:37 Extracted anonymous interface TsIdentSimple(Anon_01AvgObjSize) [id => monk, phase => typescript, scope => TreeScope(TsParsedFile() / TsDeclModule(monk) / TsDeclClass(ICollection) / TsMemberFunction(stats) / TsFunSig() / TsTypeRef() / TsTypeObject())] 
[info ] ExtractInterfaces.scala:37 Extracted anonymous interface TsIdentSimple(Anon_01NNModified) [id => monk, phase => typescript, scope => TreeScope(TsParsedFile() / TsDeclModule(monk) / TsDeclClass(ICollection) / TsMemberFunction(update) / TsFunSig() / TsTypeRef() / TsTypeObject())] 
[info ] ExtractInterfaces.scala:37 Extracted anonymous interface TsIdentSimple(Anon_01NNModified) [id => monk, phase => typescript, scope => TreeScope(TsParsedFile() / TsDeclModule(monk) / TsDeclClass(ICollection) / TsMemberFunction(update) / TsFunSig() / TsTypeRef() / TsTypeObject())] 
[info ] ExtractInterfaces.scala:37 Extracted anonymous interface TsIdentSimple(Anon_AcceptableLatencyMS) [id => monk, phase => typescript, scope => TreeScope(TsParsedFile() / TsDeclModule(monk) / TsDeclFunction(default) / TsFunSig() / TsFunParam() / TsTypeObject())] 
[info ] ExtractInterfaces.scala:37 Extracted anonymous interface TsIdentSimple(Anon_AcceptableLatencyMS) [id => monk, phase => typescript, scope => TreeScope(TsParsedFile() / TsDeclModule(monk) / TsDeclFunction(default) / TsFunSig() / TsFunParam() / TsTypeObject())] 
[debug] PhaseRunner.scala:82 Success [id => monk, phase => typescript] 
[warn ] Phase2ToScalaJs.scala:40 Processing monk [id => monk, phase => scala.js] 
[debug] PhaseRunner.scala:82 Success [id => monk, phase => scala.js] 
[warn ] PhaseRunner.scala:68 Failed because of, [bson => Compilation failed] [id => monk, phase => build] 
[error] PhaseRunner.scala:86 Failure, [bson => Compilation failed] [id => monk, phase => build] 
[error] PhaseRunner.scala:86 Failure, [bson => Compilation failed] [id => monk, phase => publish] 
