[warn ] Phase1ReadTypescript.scala:154 Could not resolve declared dependency fp-ts [id => monocle-ts, phase => typescript] 
[debug] PhaseRunner.scala:84 Success [id => monocle-ts, phase => typescript] 
[debug] PhaseRunner.scala:84 Success [id => monocle-ts, phase => typescript] 
[info ] Phase1ReadTypescript.scala:171 Preprocessing TsHelperFile(InFile(/home/tso/tmp/tso-cache/npm/node_modules/monocle-ts/es6/index.d.ts),FromFolder(InFolder(/home/tso/tmp/tso-cache/npm/node_modules/monocle-ts),TsIdentLibrarySimple(monocle-ts)),TsIdentModule(None,List(monocle-ts, es6))) [id => monocle-ts, phase => typescript] 
[info ] InferredDefaultModule.scala:39 Inferred module TsIdentModule(None,List(monocle-ts, es6)) [id => monocle-ts, phase => typescript] 
[info ] Phase1ReadTypescript.scala:171 Preprocessing TsHelperFile(InFile(/home/tso/tmp/tso-cache/npm/node_modules/monocle-ts/lib/index.d.ts),FromFolder(InFolder(/home/tso/tmp/tso-cache/npm/node_modules/monocle-ts),TsIdentLibrarySimple(monocle-ts)),TsIdentModule(None,List(monocle-ts))) [id => monocle-ts, phase => typescript] 
[info ] InferredDefaultModule.scala:39 Inferred module TsIdentModule(None,List(monocle-ts)) [id => monocle-ts, phase => typescript] 
[warn ] Phase1ReadTypescript.scala:191 Processing TsIdentLibrarySimple(monocle-ts) [id => monocle-ts, phase => typescript] 
[warn ] QualifyReferences.scala:32 Couldn't qualify Refinement<S, A> [id => monocle-ts, phase => typescript, scope => TreeScope(TsParsedFile() / TsDeclModule(monocle-ts/es6) / TsExport() / TsExporteeTree() / TsDeclClass(Prism) / TsMemberFunction(fromPredicate) / TsFunSig() / TsFunParam() / TsTypeRef())] 
[warn ] QualifyReferences.scala:32 Couldn't qualify Predicate<A> [id => monocle-ts, phase => typescript, scope => TreeScope(TsParsedFile() / TsDeclModule(monocle-ts/es6) / TsExport() / TsExporteeTree() / TsDeclClass(Prism) / TsMemberFunction(fromPredicate) / TsFunSig() / TsFunParam() / TsTypeRef())] 
[warn ] QualifyReferences.scala:32 Couldn't qualify URIS3 [id => monocle-ts, phase => typescript, scope => TreeScope(TsParsedFile() / TsDeclModule(monocle-ts/es6) / TsExport() / TsExporteeTree() / TsDeclInterface(ModifyF) / TsMemberCall() / TsFunSig() / TsTypeParam() / TsTypeRef())] 
[warn ] QualifyReferences.scala:32 Couldn't qualify Applicative3<F> [id => monocle-ts, phase => typescript, scope => TreeScope(TsParsedFile() / TsDeclModule(monocle-ts/es6) / TsExport() / TsExporteeTree() / TsDeclInterface(ModifyF) / TsMemberCall() / TsFunSig() / TsFunParam() / TsTypeRef())] 
[warn ] QualifyReferences.scala:32 Couldn't qualify Kind3<F, U, L, A> [id => monocle-ts, phase => typescript, scope => TreeScope(TsParsedFile() / TsDeclModule(monocle-ts/es6) / TsExport() / TsExporteeTree() / TsDeclInterface(ModifyF) / TsMemberCall() / TsFunSig() / TsTypeFunction() / TsFunSig() / TsFunParam() / TsTypeFunction() / TsFunSig() / TsTypeRef())] 
[warn ] QualifyReferences.scala:32 Couldn't qualify Kind3<F, U, L, S> [id => monocle-ts, phase => typescript, scope => TreeScope(TsParsedFile() / TsDeclModule(monocle-ts/es6) / TsExport() / TsExporteeTree() / TsDeclInterface(ModifyF) / TsMemberCall() / TsFunSig() / TsTypeFunction() / TsFunSig() / TsTypeFunction() / TsFunSig() / TsTypeRef())] 
[warn ] QualifyReferences.scala:32 Couldn't qualify URIS2 [id => monocle-ts, phase => typescript, scope => TreeScope(TsParsedFile() / TsDeclModule(monocle-ts/es6) / TsExport() / TsExporteeTree() / TsDeclInterface(ModifyF) / TsMemberCall() / TsFunSig() / TsTypeParam() / TsTypeRef())] 
[warn ] QualifyReferences.scala:32 Couldn't qualify Applicative2<F> [id => monocle-ts, phase => typescript, scope => TreeScope(TsParsedFile() / TsDeclModule(monocle-ts/es6) / TsExport() / TsExporteeTree() / TsDeclInterface(ModifyF) / TsMemberCall() / TsFunSig() / TsFunParam() / TsTypeRef())] 
[warn ] QualifyReferences.scala:32 Couldn't qualify Kind2<F, L, A> [id => monocle-ts, phase => typescript, scope => TreeScope(TsParsedFile() / TsDeclModule(monocle-ts/es6) / TsExport() / TsExporteeTree() / TsDeclInterface(ModifyF) / TsMemberCall() / TsFunSig() / TsTypeFunction() / TsFunSig() / TsFunParam() / TsTypeFunction() / TsFunSig() / TsTypeRef())] 
[warn ] QualifyReferences.scala:32 Couldn't qualify Kind2<F, L, S> [id => monocle-ts, phase => typescript, scope => TreeScope(TsParsedFile() / TsDeclModule(monocle-ts/es6) / TsExport() / TsExporteeTree() / TsDeclInterface(ModifyF) / TsMemberCall() / TsFunSig() / TsTypeFunction() / TsFunSig() / TsTypeFunction() / TsFunSig() / TsTypeRef())] 
[warn ] QualifyReferences.scala:32 Couldn't qualify URIS2 [id => monocle-ts, phase => typescript, scope => TreeScope(TsParsedFile() / TsDeclModule(monocle-ts/es6) / TsExport() / TsExporteeTree() / TsDeclInterface(ModifyF) / TsMemberCall() / TsFunSig() / TsTypeParam() / TsTypeRef())] 
[warn ] QualifyReferences.scala:32 Couldn't qualify Applicative2C<F, L> [id => monocle-ts, phase => typescript, scope => TreeScope(TsParsedFile() / TsDeclModule(monocle-ts/es6) / TsExport() / TsExporteeTree() / TsDeclInterface(ModifyF) / TsMemberCall() / TsFunSig() / TsFunParam() / TsTypeRef())] 
[warn ] QualifyReferences.scala:32 Couldn't qualify Kind2<F, L, A> [id => monocle-ts, phase => typescript, scope => TreeScope(TsParsedFile() / TsDeclModule(monocle-ts/es6) / TsExport() / TsExporteeTree() / TsDeclInterface(ModifyF) / TsMemberCall() / TsFunSig() / TsTypeFunction() / TsFunSig() / TsFunParam() / TsTypeFunction() / TsFunSig() / TsTypeRef())] 
[warn ] QualifyReferences.scala:32 Couldn't qualify Kind2<F, L, S> [id => monocle-ts, phase => typescript, scope => TreeScope(TsParsedFile() / TsDeclModule(monocle-ts/es6) / TsExport() / TsExporteeTree() / TsDeclInterface(ModifyF) / TsMemberCall() / TsFunSig() / TsTypeFunction() / TsFunSig() / TsTypeFunction() / TsFunSig() / TsTypeRef())] 
[warn ] QualifyReferences.scala:32 Couldn't qualify URIS [id => monocle-ts, phase => typescript, scope => TreeScope(TsParsedFile() / TsDeclModule(monocle-ts/es6) / TsExport() / TsExporteeTree() / TsDeclInterface(ModifyF) / TsMemberCall() / TsFunSig() / TsTypeParam() / TsTypeRef())] 
[warn ] QualifyReferences.scala:32 Couldn't qualify Applicative1<F> [id => monocle-ts, phase => typescript, scope => TreeScope(TsParsedFile() / TsDeclModule(monocle-ts/es6) / TsExport() / TsExporteeTree() / TsDeclInterface(ModifyF) / TsMemberCall() / TsFunSig() / TsFunParam() / TsTypeRef())] 
[warn ] QualifyReferences.scala:32 Couldn't qualify Kind<F, A> [id => monocle-ts, phase => typescript, scope => TreeScope(TsParsedFile() / TsDeclModule(monocle-ts/es6) / TsExport() / TsExporteeTree() / TsDeclInterface(ModifyF) / TsMemberCall() / TsFunSig() / TsTypeFunction() / TsFunSig() / TsFunParam() / TsTypeFunction() / TsFunSig() / TsTypeRef())] 
[warn ] QualifyReferences.scala:32 Couldn't qualify Kind<F, S> [id => monocle-ts, phase => typescript, scope => TreeScope(TsParsedFile() / TsDeclModule(monocle-ts/es6) / TsExport() / TsExporteeTree() / TsDeclInterface(ModifyF) / TsMemberCall() / TsFunSig() / TsTypeFunction() / TsFunSig() / TsTypeFunction() / TsFunSig() / TsTypeRef())] 
[warn ] QualifyReferences.scala:32 Couldn't qualify Applicative<F> [id => monocle-ts, phase => typescript, scope => TreeScope(TsParsedFile() / TsDeclModule(monocle-ts/es6) / TsExport() / TsExporteeTree() / TsDeclInterface(ModifyF) / TsMemberCall() / TsFunSig() / TsFunParam() / TsTypeRef())] 
[warn ] QualifyReferences.scala:32 Couldn't qualify HKT<F, A> [id => monocle-ts, phase => typescript, scope => TreeScope(TsParsedFile() / TsDeclModule(monocle-ts/es6) / TsExport() / TsExporteeTree() / TsDeclInterface(ModifyF) / TsMemberCall() / TsFunSig() / TsTypeFunction() / TsFunSig() / TsFunParam() / TsTypeFunction() / TsFunSig() / TsTypeRef())] 
[warn ] QualifyReferences.scala:32 Couldn't qualify HKT<F, S> [id => monocle-ts, phase => typescript, scope => TreeScope(TsParsedFile() / TsDeclModule(monocle-ts/es6) / TsExport() / TsExporteeTree() / TsDeclInterface(ModifyF) / TsMemberCall() / TsFunSig() / TsTypeFunction() / TsFunSig() / TsTypeFunction() / TsFunSig() / TsTypeRef())] 
[warn ] QualifyReferences.scala:32 Couldn't qualify Refinement<A, B> [id => monocle-ts, phase => typescript, scope => TreeScope(TsParsedFile() / TsDeclModule(monocle-ts/es6) / TsExport() / TsExporteeTree() / TsDeclClass(Traversal) / TsMemberFunction(filter) / TsFunSig() / TsFunParam() / TsTypeRef())] 
[warn ] QualifyReferences.scala:32 Couldn't qualify Predicate<A> [id => monocle-ts, phase => typescript, scope => TreeScope(TsParsedFile() / TsDeclModule(monocle-ts/es6) / TsExport() / TsExporteeTree() / TsDeclClass(Traversal) / TsMemberFunction(filter) / TsFunSig() / TsFunParam() / TsTypeRef())] 
[warn ] QualifyReferences.scala:32 Couldn't qualify Monoid<M> [id => monocle-ts, phase => typescript, scope => TreeScope(TsParsedFile() / TsDeclModule(monocle-ts/es6) / TsExport() / TsExporteeTree() / TsDeclClass(Fold) / TsMemberFunction(foldMap) / TsFunSig() / TsFunParam() / TsTypeRef())] 
[warn ] QualifyReferences.scala:32 Couldn't qualify Predicate<A> [id => monocle-ts, phase => typescript, scope => TreeScope(TsParsedFile() / TsDeclModule(monocle-ts/es6) / TsExport() / TsExporteeTree() / TsDeclClass(Fold) / TsMemberFunction(exist) / TsFunSig() / TsFunParam() / TsTypeRef())] 
[warn ] QualifyReferences.scala:32 Couldn't qualify Predicate<S> [id => monocle-ts, phase => typescript, scope => TreeScope(TsParsedFile() / TsDeclModule(monocle-ts/es6) / TsExport() / TsExporteeTree() / TsDeclClass(Fold) / TsMemberFunction(exist) / TsFunSig() / TsTypeRef())] 
[warn ] QualifyReferences.scala:32 Couldn't qualify Predicate<A> [id => monocle-ts, phase => typescript, scope => TreeScope(TsParsedFile() / TsDeclModule(monocle-ts/es6) / TsExport() / TsExporteeTree() / TsDeclClass(Fold) / TsMemberFunction(all) / TsFunSig() / TsFunParam() / TsTypeRef())] 
[warn ] QualifyReferences.scala:32 Couldn't qualify Predicate<S> [id => monocle-ts, phase => typescript, scope => TreeScope(TsParsedFile() / TsDeclModule(monocle-ts/es6) / TsExport() / TsExporteeTree() / TsDeclClass(Fold) / TsMemberFunction(all) / TsFunSig() / TsTypeRef())] 
[warn ] QualifyReferences.scala:32 Couldn't qualify Monoid<M> [id => monocle-ts, phase => typescript, scope => TreeScope(TsParsedFile() / TsDeclModule(monocle-ts/es6) / TsExport() / TsExporteeTree() / TsDeclClass(Fold) / TsMemberFunction(constructor) / TsFunSig() / TsFunParam() / TsTypeFunction() / TsFunSig() / TsFunParam() / TsTypeRef())] 
[warn ] QualifyReferences.scala:32 Couldn't qualify Refinement<A, B> [id => monocle-ts, phase => typescript, scope => TreeScope(TsParsedFile() / TsDeclModule(monocle-ts/es6) / TsExport() / TsExporteeTree() / TsDeclClass(Fold) / TsMemberFunction(find) / TsFunSig() / TsFunParam() / TsTypeRef())] 
[warn ] QualifyReferences.scala:32 Couldn't qualify Predicate<A> [id => monocle-ts, phase => typescript, scope => TreeScope(TsParsedFile() / TsDeclModule(monocle-ts/es6) / TsExport() / TsExporteeTree() / TsDeclClass(Fold) / TsMemberFunction(find) / TsFunSig() / TsFunParam() / TsTypeRef())] 
[warn ] QualifyReferences.scala:32 Couldn't qualify URIS3 [id => monocle-ts, phase => typescript, scope => TreeScope(TsParsedFile() / TsDeclModule(monocle-ts/es6) / TsExport() / TsExporteeTree() / TsDeclFunction(fromTraversable) / TsFunSig() / TsTypeParam() / TsTypeRef())] 
[warn ] QualifyReferences.scala:32 Couldn't qualify Traversable3<T> [id => monocle-ts, phase => typescript, scope => TreeScope(TsParsedFile() / TsDeclModule(monocle-ts/es6) / TsExport() / TsExporteeTree() / TsDeclFunction(fromTraversable) / TsFunSig() / TsFunParam() / TsTypeRef())] 
[warn ] QualifyReferences.scala:32 Couldn't qualify Kind3<T, U, L, A> [id => monocle-ts, phase => typescript, scope => TreeScope(TsParsedFile() / TsDeclModule(monocle-ts/es6) / TsExport() / TsExporteeTree() / TsDeclFunction(fromTraversable) / TsFunSig() / TsTypeFunction() / TsFunSig() / TsTypeRef() / TsTypeRef())] 
[warn ] QualifyReferences.scala:32 Couldn't qualify URIS2 [id => monocle-ts, phase => typescript, scope => TreeScope(TsParsedFile() / TsDeclModule(monocle-ts/es6) / TsExport() / TsExporteeTree() / TsDeclFunction(fromTraversable) / TsFunSig() / TsTypeParam() / TsTypeRef())] 
[warn ] QualifyReferences.scala:32 Couldn't qualify Traversable2<T> [id => monocle-ts, phase => typescript, scope => TreeScope(TsParsedFile() / TsDeclModule(monocle-ts/es6) / TsExport() / TsExporteeTree() / TsDeclFunction(fromTraversable) / TsFunSig() / TsFunParam() / TsTypeRef())] 
[warn ] QualifyReferences.scala:32 Couldn't qualify Kind2<T, L, A> [id => monocle-ts, phase => typescript, scope => TreeScope(TsParsedFile() / TsDeclModule(monocle-ts/es6) / TsExport() / TsExporteeTree() / TsDeclFunction(fromTraversable) / TsFunSig() / TsTypeFunction() / TsFunSig() / TsTypeRef() / TsTypeRef())] 
[warn ] QualifyReferences.scala:32 Couldn't qualify URIS [id => monocle-ts, phase => typescript, scope => TreeScope(TsParsedFile() / TsDeclModule(monocle-ts/es6) / TsExport() / TsExporteeTree() / TsDeclFunction(fromTraversable) / TsFunSig() / TsTypeParam() / TsTypeRef())] 
[warn ] QualifyReferences.scala:32 Couldn't qualify Traversable1<T> [id => monocle-ts, phase => typescript, scope => TreeScope(TsParsedFile() / TsDeclModule(monocle-ts/es6) / TsExport() / TsExporteeTree() / TsDeclFunction(fromTraversable) / TsFunSig() / TsFunParam() / TsTypeRef())] 
[warn ] QualifyReferences.scala:32 Couldn't qualify Kind<T, A> [id => monocle-ts, phase => typescript, scope => TreeScope(TsParsedFile() / TsDeclModule(monocle-ts/es6) / TsExport() / TsExporteeTree() / TsDeclFunction(fromTraversable) / TsFunSig() / TsTypeFunction() / TsFunSig() / TsTypeRef() / TsTypeRef())] 
[warn ] QualifyReferences.scala:32 Couldn't qualify Traversable<T> [id => monocle-ts, phase => typescript, scope => TreeScope(TsParsedFile() / TsDeclModule(monocle-ts/es6) / TsExport() / TsExporteeTree() / TsDeclFunction(fromTraversable) / TsFunSig() / TsFunParam() / TsTypeRef())] 
[warn ] QualifyReferences.scala:32 Couldn't qualify HKT<T, A> [id => monocle-ts, phase => typescript, scope => TreeScope(TsParsedFile() / TsDeclModule(monocle-ts/es6) / TsExport() / TsExporteeTree() / TsDeclFunction(fromTraversable) / TsFunSig() / TsTypeFunction() / TsFunSig() / TsTypeRef() / TsTypeRef())] 
[warn ] QualifyReferences.scala:32 Couldn't qualify URIS3 [id => monocle-ts, phase => typescript, scope => TreeScope(TsParsedFile() / TsDeclModule(monocle-ts/es6) / TsExport() / TsExporteeTree() / TsDeclFunction(fromFoldable) / TsFunSig() / TsTypeParam() / TsTypeRef())] 
[warn ] QualifyReferences.scala:32 Couldn't qualify Foldable3<F> [id => monocle-ts, phase => typescript, scope => TreeScope(TsParsedFile() / TsDeclModule(monocle-ts/es6) / TsExport() / TsExporteeTree() / TsDeclFunction(fromFoldable) / TsFunSig() / TsFunParam() / TsTypeRef())] 
[warn ] QualifyReferences.scala:32 Couldn't qualify Kind3<F, U, L, A> [id => monocle-ts, phase => typescript, scope => TreeScope(TsParsedFile() / TsDeclModule(monocle-ts/es6) / TsExport() / TsExporteeTree() / TsDeclFunction(fromFoldable) / TsFunSig() / TsTypeFunction() / TsFunSig() / TsTypeRef() / TsTypeRef())] 
[warn ] QualifyReferences.scala:32 Couldn't qualify URIS2 [id => monocle-ts, phase => typescript, scope => TreeScope(TsParsedFile() / TsDeclModule(monocle-ts/es6) / TsExport() / TsExporteeTree() / TsDeclFunction(fromFoldable) / TsFunSig() / TsTypeParam() / TsTypeRef())] 
[warn ] QualifyReferences.scala:32 Couldn't qualify Foldable2<F> [id => monocle-ts, phase => typescript, scope => TreeScope(TsParsedFile() / TsDeclModule(monocle-ts/es6) / TsExport() / TsExporteeTree() / TsDeclFunction(fromFoldable) / TsFunSig() / TsFunParam() / TsTypeRef())] 
[warn ] QualifyReferences.scala:32 Couldn't qualify Kind2<F, L, A> [id => monocle-ts, phase => typescript, scope => TreeScope(TsParsedFile() / TsDeclModule(monocle-ts/es6) / TsExport() / TsExporteeTree() / TsDeclFunction(fromFoldable) / TsFunSig() / TsTypeFunction() / TsFunSig() / TsTypeRef() / TsTypeRef())] 
[warn ] QualifyReferences.scala:32 Couldn't qualify URIS [id => monocle-ts, phase => typescript, scope => TreeScope(TsParsedFile() / TsDeclModule(monocle-ts/es6) / TsExport() / TsExporteeTree() / TsDeclFunction(fromFoldable) / TsFunSig() / TsTypeParam() / TsTypeRef())] 
[warn ] QualifyReferences.scala:32 Couldn't qualify Foldable1<F> [id => monocle-ts, phase => typescript, scope => TreeScope(TsParsedFile() / TsDeclModule(monocle-ts/es6) / TsExport() / TsExporteeTree() / TsDeclFunction(fromFoldable) / TsFunSig() / TsFunParam() / TsTypeRef())] 
[warn ] QualifyReferences.scala:32 Couldn't qualify Kind<F, A> [id => monocle-ts, phase => typescript, scope => TreeScope(TsParsedFile() / TsDeclModule(monocle-ts/es6) / TsExport() / TsExporteeTree() / TsDeclFunction(fromFoldable) / TsFunSig() / TsTypeFunction() / TsFunSig() / TsTypeRef() / TsTypeRef())] 
[warn ] QualifyReferences.scala:32 Couldn't qualify Foldable<F> [id => monocle-ts, phase => typescript, scope => TreeScope(TsParsedFile() / TsDeclModule(monocle-ts/es6) / TsExport() / TsExporteeTree() / TsDeclFunction(fromFoldable) / TsFunSig() / TsFunParam() / TsTypeRef())] 
[warn ] QualifyReferences.scala:32 Couldn't qualify HKT<F, A> [id => monocle-ts, phase => typescript, scope => TreeScope(TsParsedFile() / TsDeclModule(monocle-ts/es6) / TsExport() / TsExporteeTree() / TsDeclFunction(fromFoldable) / TsFunSig() / TsTypeFunction() / TsFunSig() / TsTypeRef() / TsTypeRef())] 
[warn ] QualifyReferences.scala:32 Couldn't qualify Refinement<S, A> [id => monocle-ts, phase => typescript, scope => TreeScope(TsParsedFile() / TsDeclModule(monocle-ts) / TsExport() / TsExporteeTree() / TsDeclClass(Prism) / TsMemberFunction(fromPredicate) / TsFunSig() / TsFunParam() / TsTypeRef())] 
[warn ] QualifyReferences.scala:32 Couldn't qualify Predicate<A> [id => monocle-ts, phase => typescript, scope => TreeScope(TsParsedFile() / TsDeclModule(monocle-ts) / TsExport() / TsExporteeTree() / TsDeclClass(Prism) / TsMemberFunction(fromPredicate) / TsFunSig() / TsFunParam() / TsTypeRef())] 
[warn ] QualifyReferences.scala:32 Couldn't qualify URIS3 [id => monocle-ts, phase => typescript, scope => TreeScope(TsParsedFile() / TsDeclModule(monocle-ts) / TsExport() / TsExporteeTree() / TsDeclInterface(ModifyF) / TsMemberCall() / TsFunSig() / TsTypeParam() / TsTypeRef())] 
[warn ] QualifyReferences.scala:32 Couldn't qualify Applicative3<F> [id => monocle-ts, phase => typescript, scope => TreeScope(TsParsedFile() / TsDeclModule(monocle-ts) / TsExport() / TsExporteeTree() / TsDeclInterface(ModifyF) / TsMemberCall() / TsFunSig() / TsFunParam() / TsTypeRef())] 
[warn ] QualifyReferences.scala:32 Couldn't qualify Kind3<F, U, L, A> [id => monocle-ts, phase => typescript, scope => TreeScope(TsParsedFile() / TsDeclModule(monocle-ts) / TsExport() / TsExporteeTree() / TsDeclInterface(ModifyF) / TsMemberCall() / TsFunSig() / TsTypeFunction() / TsFunSig() / TsFunParam() / TsTypeFunction() / TsFunSig() / TsTypeRef())] 
[warn ] QualifyReferences.scala:32 Couldn't qualify Kind3<F, U, L, S> [id => monocle-ts, phase => typescript, scope => TreeScope(TsParsedFile() / TsDeclModule(monocle-ts) / TsExport() / TsExporteeTree() / TsDeclInterface(ModifyF) / TsMemberCall() / TsFunSig() / TsTypeFunction() / TsFunSig() / TsTypeFunction() / TsFunSig() / TsTypeRef())] 
[warn ] QualifyReferences.scala:32 Couldn't qualify URIS2 [id => monocle-ts, phase => typescript, scope => TreeScope(TsParsedFile() / TsDeclModule(monocle-ts) / TsExport() / TsExporteeTree() / TsDeclInterface(ModifyF) / TsMemberCall() / TsFunSig() / TsTypeParam() / TsTypeRef())] 
[warn ] QualifyReferences.scala:32 Couldn't qualify Applicative2<F> [id => monocle-ts, phase => typescript, scope => TreeScope(TsParsedFile() / TsDeclModule(monocle-ts) / TsExport() / TsExporteeTree() / TsDeclInterface(ModifyF) / TsMemberCall() / TsFunSig() / TsFunParam() / TsTypeRef())] 
[warn ] QualifyReferences.scala:32 Couldn't qualify Kind2<F, L, A> [id => monocle-ts, phase => typescript, scope => TreeScope(TsParsedFile() / TsDeclModule(monocle-ts) / TsExport() / TsExporteeTree() / TsDeclInterface(ModifyF) / TsMemberCall() / TsFunSig() / TsTypeFunction() / TsFunSig() / TsFunParam() / TsTypeFunction() / TsFunSig() / TsTypeRef())] 
[warn ] QualifyReferences.scala:32 Couldn't qualify Kind2<F, L, S> [id => monocle-ts, phase => typescript, scope => TreeScope(TsParsedFile() / TsDeclModule(monocle-ts) / TsExport() / TsExporteeTree() / TsDeclInterface(ModifyF) / TsMemberCall() / TsFunSig() / TsTypeFunction() / TsFunSig() / TsTypeFunction() / TsFunSig() / TsTypeRef())] 
[warn ] QualifyReferences.scala:32 Couldn't qualify URIS2 [id => monocle-ts, phase => typescript, scope => TreeScope(TsParsedFile() / TsDeclModule(monocle-ts) / TsExport() / TsExporteeTree() / TsDeclInterface(ModifyF) / TsMemberCall() / TsFunSig() / TsTypeParam() / TsTypeRef())] 
[warn ] QualifyReferences.scala:32 Couldn't qualify Applicative2C<F, L> [id => monocle-ts, phase => typescript, scope => TreeScope(TsParsedFile() / TsDeclModule(monocle-ts) / TsExport() / TsExporteeTree() / TsDeclInterface(ModifyF) / TsMemberCall() / TsFunSig() / TsFunParam() / TsTypeRef())] 
[warn ] QualifyReferences.scala:32 Couldn't qualify Kind2<F, L, A> [id => monocle-ts, phase => typescript, scope => TreeScope(TsParsedFile() / TsDeclModule(monocle-ts) / TsExport() / TsExporteeTree() / TsDeclInterface(ModifyF) / TsMemberCall() / TsFunSig() / TsTypeFunction() / TsFunSig() / TsFunParam() / TsTypeFunction() / TsFunSig() / TsTypeRef())] 
[warn ] QualifyReferences.scala:32 Couldn't qualify Kind2<F, L, S> [id => monocle-ts, phase => typescript, scope => TreeScope(TsParsedFile() / TsDeclModule(monocle-ts) / TsExport() / TsExporteeTree() / TsDeclInterface(ModifyF) / TsMemberCall() / TsFunSig() / TsTypeFunction() / TsFunSig() / TsTypeFunction() / TsFunSig() / TsTypeRef())] 
[warn ] QualifyReferences.scala:32 Couldn't qualify URIS [id => monocle-ts, phase => typescript, scope => TreeScope(TsParsedFile() / TsDeclModule(monocle-ts) / TsExport() / TsExporteeTree() / TsDeclInterface(ModifyF) / TsMemberCall() / TsFunSig() / TsTypeParam() / TsTypeRef())] 
[warn ] QualifyReferences.scala:32 Couldn't qualify Applicative1<F> [id => monocle-ts, phase => typescript, scope => TreeScope(TsParsedFile() / TsDeclModule(monocle-ts) / TsExport() / TsExporteeTree() / TsDeclInterface(ModifyF) / TsMemberCall() / TsFunSig() / TsFunParam() / TsTypeRef())] 
[warn ] QualifyReferences.scala:32 Couldn't qualify Kind<F, A> [id => monocle-ts, phase => typescript, scope => TreeScope(TsParsedFile() / TsDeclModule(monocle-ts) / TsExport() / TsExporteeTree() / TsDeclInterface(ModifyF) / TsMemberCall() / TsFunSig() / TsTypeFunction() / TsFunSig() / TsFunParam() / TsTypeFunction() / TsFunSig() / TsTypeRef())] 
[warn ] QualifyReferences.scala:32 Couldn't qualify Kind<F, S> [id => monocle-ts, phase => typescript, scope => TreeScope(TsParsedFile() / TsDeclModule(monocle-ts) / TsExport() / TsExporteeTree() / TsDeclInterface(ModifyF) / TsMemberCall() / TsFunSig() / TsTypeFunction() / TsFunSig() / TsTypeFunction() / TsFunSig() / TsTypeRef())] 
[warn ] QualifyReferences.scala:32 Couldn't qualify Applicative<F> [id => monocle-ts, phase => typescript, scope => TreeScope(TsParsedFile() / TsDeclModule(monocle-ts) / TsExport() / TsExporteeTree() / TsDeclInterface(ModifyF) / TsMemberCall() / TsFunSig() / TsFunParam() / TsTypeRef())] 
[warn ] QualifyReferences.scala:32 Couldn't qualify HKT<F, A> [id => monocle-ts, phase => typescript, scope => TreeScope(TsParsedFile() / TsDeclModule(monocle-ts) / TsExport() / TsExporteeTree() / TsDeclInterface(ModifyF) / TsMemberCall() / TsFunSig() / TsTypeFunction() / TsFunSig() / TsFunParam() / TsTypeFunction() / TsFunSig() / TsTypeRef())] 
[warn ] QualifyReferences.scala:32 Couldn't qualify HKT<F, S> [id => monocle-ts, phase => typescript, scope => TreeScope(TsParsedFile() / TsDeclModule(monocle-ts) / TsExport() / TsExporteeTree() / TsDeclInterface(ModifyF) / TsMemberCall() / TsFunSig() / TsTypeFunction() / TsFunSig() / TsTypeFunction() / TsFunSig() / TsTypeRef())] 
[warn ] QualifyReferences.scala:32 Couldn't qualify Refinement<A, B> [id => monocle-ts, phase => typescript, scope => TreeScope(TsParsedFile() / TsDeclModule(monocle-ts) / TsExport() / TsExporteeTree() / TsDeclClass(Traversal) / TsMemberFunction(filter) / TsFunSig() / TsFunParam() / TsTypeRef())] 
[warn ] QualifyReferences.scala:32 Couldn't qualify Predicate<A> [id => monocle-ts, phase => typescript, scope => TreeScope(TsParsedFile() / TsDeclModule(monocle-ts) / TsExport() / TsExporteeTree() / TsDeclClass(Traversal) / TsMemberFunction(filter) / TsFunSig() / TsFunParam() / TsTypeRef())] 
[warn ] QualifyReferences.scala:32 Couldn't qualify Monoid<M> [id => monocle-ts, phase => typescript, scope => TreeScope(TsParsedFile() / TsDeclModule(monocle-ts) / TsExport() / TsExporteeTree() / TsDeclClass(Fold) / TsMemberFunction(foldMap) / TsFunSig() / TsFunParam() / TsTypeRef())] 
[warn ] QualifyReferences.scala:32 Couldn't qualify Predicate<A> [id => monocle-ts, phase => typescript, scope => TreeScope(TsParsedFile() / TsDeclModule(monocle-ts) / TsExport() / TsExporteeTree() / TsDeclClass(Fold) / TsMemberFunction(exist) / TsFunSig() / TsFunParam() / TsTypeRef())] 
[warn ] QualifyReferences.scala:32 Couldn't qualify Predicate<S> [id => monocle-ts, phase => typescript, scope => TreeScope(TsParsedFile() / TsDeclModule(monocle-ts) / TsExport() / TsExporteeTree() / TsDeclClass(Fold) / TsMemberFunction(exist) / TsFunSig() / TsTypeRef())] 
[warn ] QualifyReferences.scala:32 Couldn't qualify Predicate<A> [id => monocle-ts, phase => typescript, scope => TreeScope(TsParsedFile() / TsDeclModule(monocle-ts) / TsExport() / TsExporteeTree() / TsDeclClass(Fold) / TsMemberFunction(all) / TsFunSig() / TsFunParam() / TsTypeRef())] 
[warn ] QualifyReferences.scala:32 Couldn't qualify Predicate<S> [id => monocle-ts, phase => typescript, scope => TreeScope(TsParsedFile() / TsDeclModule(monocle-ts) / TsExport() / TsExporteeTree() / TsDeclClass(Fold) / TsMemberFunction(all) / TsFunSig() / TsTypeRef())] 
[warn ] QualifyReferences.scala:32 Couldn't qualify Monoid<M> [id => monocle-ts, phase => typescript, scope => TreeScope(TsParsedFile() / TsDeclModule(monocle-ts) / TsExport() / TsExporteeTree() / TsDeclClass(Fold) / TsMemberFunction(constructor) / TsFunSig() / TsFunParam() / TsTypeFunction() / TsFunSig() / TsFunParam() / TsTypeRef())] 
[warn ] QualifyReferences.scala:32 Couldn't qualify Refinement<A, B> [id => monocle-ts, phase => typescript, scope => TreeScope(TsParsedFile() / TsDeclModule(monocle-ts) / TsExport() / TsExporteeTree() / TsDeclClass(Fold) / TsMemberFunction(find) / TsFunSig() / TsFunParam() / TsTypeRef())] 
[warn ] QualifyReferences.scala:32 Couldn't qualify Predicate<A> [id => monocle-ts, phase => typescript, scope => TreeScope(TsParsedFile() / TsDeclModule(monocle-ts) / TsExport() / TsExporteeTree() / TsDeclClass(Fold) / TsMemberFunction(find) / TsFunSig() / TsFunParam() / TsTypeRef())] 
[warn ] QualifyReferences.scala:32 Couldn't qualify URIS3 [id => monocle-ts, phase => typescript, scope => TreeScope(TsParsedFile() / TsDeclModule(monocle-ts) / TsExport() / TsExporteeTree() / TsDeclFunction(fromTraversable) / TsFunSig() / TsTypeParam() / TsTypeRef())] 
[warn ] QualifyReferences.scala:32 Couldn't qualify Traversable3<T> [id => monocle-ts, phase => typescript, scope => TreeScope(TsParsedFile() / TsDeclModule(monocle-ts) / TsExport() / TsExporteeTree() / TsDeclFunction(fromTraversable) / TsFunSig() / TsFunParam() / TsTypeRef())] 
[warn ] QualifyReferences.scala:32 Couldn't qualify Kind3<T, U, L, A> [id => monocle-ts, phase => typescript, scope => TreeScope(TsParsedFile() / TsDeclModule(monocle-ts) / TsExport() / TsExporteeTree() / TsDeclFunction(fromTraversable) / TsFunSig() / TsTypeFunction() / TsFunSig() / TsTypeRef() / TsTypeRef())] 
[warn ] QualifyReferences.scala:32 Couldn't qualify URIS2 [id => monocle-ts, phase => typescript, scope => TreeScope(TsParsedFile() / TsDeclModule(monocle-ts) / TsExport() / TsExporteeTree() / TsDeclFunction(fromTraversable) / TsFunSig() / TsTypeParam() / TsTypeRef())] 
[warn ] QualifyReferences.scala:32 Couldn't qualify Traversable2<T> [id => monocle-ts, phase => typescript, scope => TreeScope(TsParsedFile() / TsDeclModule(monocle-ts) / TsExport() / TsExporteeTree() / TsDeclFunction(fromTraversable) / TsFunSig() / TsFunParam() / TsTypeRef())] 
[warn ] QualifyReferences.scala:32 Couldn't qualify Kind2<T, L, A> [id => monocle-ts, phase => typescript, scope => TreeScope(TsParsedFile() / TsDeclModule(monocle-ts) / TsExport() / TsExporteeTree() / TsDeclFunction(fromTraversable) / TsFunSig() / TsTypeFunction() / TsFunSig() / TsTypeRef() / TsTypeRef())] 
[warn ] QualifyReferences.scala:32 Couldn't qualify URIS [id => monocle-ts, phase => typescript, scope => TreeScope(TsParsedFile() / TsDeclModule(monocle-ts) / TsExport() / TsExporteeTree() / TsDeclFunction(fromTraversable) / TsFunSig() / TsTypeParam() / TsTypeRef())] 
[warn ] QualifyReferences.scala:32 Couldn't qualify Traversable1<T> [id => monocle-ts, phase => typescript, scope => TreeScope(TsParsedFile() / TsDeclModule(monocle-ts) / TsExport() / TsExporteeTree() / TsDeclFunction(fromTraversable) / TsFunSig() / TsFunParam() / TsTypeRef())] 
[warn ] QualifyReferences.scala:32 Couldn't qualify Kind<T, A> [id => monocle-ts, phase => typescript, scope => TreeScope(TsParsedFile() / TsDeclModule(monocle-ts) / TsExport() / TsExporteeTree() / TsDeclFunction(fromTraversable) / TsFunSig() / TsTypeFunction() / TsFunSig() / TsTypeRef() / TsTypeRef())] 
[warn ] QualifyReferences.scala:32 Couldn't qualify Traversable<T> [id => monocle-ts, phase => typescript, scope => TreeScope(TsParsedFile() / TsDeclModule(monocle-ts) / TsExport() / TsExporteeTree() / TsDeclFunction(fromTraversable) / TsFunSig() / TsFunParam() / TsTypeRef())] 
[warn ] QualifyReferences.scala:32 Couldn't qualify HKT<T, A> [id => monocle-ts, phase => typescript, scope => TreeScope(TsParsedFile() / TsDeclModule(monocle-ts) / TsExport() / TsExporteeTree() / TsDeclFunction(fromTraversable) / TsFunSig() / TsTypeFunction() / TsFunSig() / TsTypeRef() / TsTypeRef())] 
[warn ] QualifyReferences.scala:32 Couldn't qualify URIS3 [id => monocle-ts, phase => typescript, scope => TreeScope(TsParsedFile() / TsDeclModule(monocle-ts) / TsExport() / TsExporteeTree() / TsDeclFunction(fromFoldable) / TsFunSig() / TsTypeParam() / TsTypeRef())] 
[warn ] QualifyReferences.scala:32 Couldn't qualify Foldable3<F> [id => monocle-ts, phase => typescript, scope => TreeScope(TsParsedFile() / TsDeclModule(monocle-ts) / TsExport() / TsExporteeTree() / TsDeclFunction(fromFoldable) / TsFunSig() / TsFunParam() / TsTypeRef())] 
[warn ] QualifyReferences.scala:32 Couldn't qualify Kind3<F, U, L, A> [id => monocle-ts, phase => typescript, scope => TreeScope(TsParsedFile() / TsDeclModule(monocle-ts) / TsExport() / TsExporteeTree() / TsDeclFunction(fromFoldable) / TsFunSig() / TsTypeFunction() / TsFunSig() / TsTypeRef() / TsTypeRef())] 
[warn ] QualifyReferences.scala:32 Couldn't qualify URIS2 [id => monocle-ts, phase => typescript, scope => TreeScope(TsParsedFile() / TsDeclModule(monocle-ts) / TsExport() / TsExporteeTree() / TsDeclFunction(fromFoldable) / TsFunSig() / TsTypeParam() / TsTypeRef())] 
[warn ] QualifyReferences.scala:32 Couldn't qualify Foldable2<F> [id => monocle-ts, phase => typescript, scope => TreeScope(TsParsedFile() / TsDeclModule(monocle-ts) / TsExport() / TsExporteeTree() / TsDeclFunction(fromFoldable) / TsFunSig() / TsFunParam() / TsTypeRef())] 
[warn ] QualifyReferences.scala:32 Couldn't qualify Kind2<F, L, A> [id => monocle-ts, phase => typescript, scope => TreeScope(TsParsedFile() / TsDeclModule(monocle-ts) / TsExport() / TsExporteeTree() / TsDeclFunction(fromFoldable) / TsFunSig() / TsTypeFunction() / TsFunSig() / TsTypeRef() / TsTypeRef())] 
[warn ] QualifyReferences.scala:32 Couldn't qualify URIS [id => monocle-ts, phase => typescript, scope => TreeScope(TsParsedFile() / TsDeclModule(monocle-ts) / TsExport() / TsExporteeTree() / TsDeclFunction(fromFoldable) / TsFunSig() / TsTypeParam() / TsTypeRef())] 
[warn ] QualifyReferences.scala:32 Couldn't qualify Foldable1<F> [id => monocle-ts, phase => typescript, scope => TreeScope(TsParsedFile() / TsDeclModule(monocle-ts) / TsExport() / TsExporteeTree() / TsDeclFunction(fromFoldable) / TsFunSig() / TsFunParam() / TsTypeRef())] 
[warn ] QualifyReferences.scala:32 Couldn't qualify Kind<F, A> [id => monocle-ts, phase => typescript, scope => TreeScope(TsParsedFile() / TsDeclModule(monocle-ts) / TsExport() / TsExporteeTree() / TsDeclFunction(fromFoldable) / TsFunSig() / TsTypeFunction() / TsFunSig() / TsTypeRef() / TsTypeRef())] 
[warn ] QualifyReferences.scala:32 Couldn't qualify Foldable<F> [id => monocle-ts, phase => typescript, scope => TreeScope(TsParsedFile() / TsDeclModule(monocle-ts) / TsExport() / TsExporteeTree() / TsDeclFunction(fromFoldable) / TsFunSig() / TsFunParam() / TsTypeRef())] 
[warn ] QualifyReferences.scala:32 Couldn't qualify HKT<F, A> [id => monocle-ts, phase => typescript, scope => TreeScope(TsParsedFile() / TsDeclModule(monocle-ts) / TsExport() / TsExporteeTree() / TsDeclFunction(fromFoldable) / TsFunSig() / TsTypeFunction() / TsFunSig() / TsTypeRef() / TsTypeRef())] 
[info ] ExpandCallables.scala:48 Expanded modifyF into 5 methods [id => monocle-ts, phase => typescript, scope => TreeScope(TsParsedFile() / TsDeclModule(monocle-ts/es6) / TsDeclClass(Traversal))] 
[info ] ExpandCallables.scala:48 Expanded modifyF into 5 methods [id => monocle-ts, phase => typescript, scope => TreeScope(TsParsedFile() / TsDeclModule(monocle-ts) / TsDeclClass(Traversal))] 
[debug] PhaseRunner.scala:84 Success [id => monocle-ts, phase => typescript] 
[warn ] Phase2ToScalaJs.scala:42 Processing monocle-ts [id => monocle-ts, phase => scala.js] 
[info ] ImportType.scala:245 Failed type conversion: S[keyof S] [id => monocle-ts, phase => scala.js, scope => TreeScope(TsParsedFile() / TsDeclModule(monocle-ts/es6) / TsDeclClass(Optional) / TsMemberFunction(fromNullableProp) / TsTypeFunction() / TsTypeRef() / TsTypeRef() / TsTypeLookup())] 
[info ] ImportType.scala:245 Failed type conversion: S[keyof S] [id => monocle-ts, phase => scala.js, scope => TreeScope(TsParsedFile() / TsDeclModule(monocle-ts/es6) / TsDeclClass(Lens) / TsMemberFunction(fromProp) / TsTypeFunction() / TsTypeRef() / TsTypeLookup())] 
[info ] ImportType.scala:245 Failed type conversion: S[keyof S] [id => monocle-ts, phase => scala.js, scope => TreeScope(TsParsedFile() / TsDeclModule(monocle-ts/es6) / TsDeclClass(Lens) / TsMemberFunction(fromNullableProp) / TsTypeFunction() / TsFunParam() / TsTypeLookup())] 
[info ] ImportType.scala:245 Failed type conversion: S[keyof S] [id => monocle-ts, phase => scala.js, scope => TreeScope(TsParsedFile() / TsDeclModule(monocle-ts/es6) / TsDeclClass(Lens) / TsMemberFunction(fromNullableProp) / TsTypeFunction() / TsTypeRef() / TsTypeRef() / TsTypeLookup())] 
[info ] ImportType.scala:245 Failed type conversion: S[K1][K2][K3][K4][K5] [id => monocle-ts, phase => scala.js, scope => TreeScope(TsParsedFile() / TsDeclModule(monocle-ts/es6) / TsDeclInterface(LensFromPath) / TsMemberCall() / TsTypeRef() / TsTypeLookup())] 
[info ] ImportType.scala:245 Failed type conversion: keyof S[K1] [id => monocle-ts, phase => scala.js, scope => TreeScope(TsParsedFile() / TsDeclModule(monocle-ts/es6) / TsDeclInterface(LensFromPath) / TsMemberCall() / TsTypeParam() / TsTypeLookup())] 
[info ] ImportType.scala:245 Failed type conversion: keyof S[K1][K2] [id => monocle-ts, phase => scala.js, scope => TreeScope(TsParsedFile() / TsDeclModule(monocle-ts/es6) / TsDeclInterface(LensFromPath) / TsMemberCall() / TsTypeParam() / TsTypeLookup())] 
[info ] ImportType.scala:245 Failed type conversion: keyof S[K1][K2][K3] [id => monocle-ts, phase => scala.js, scope => TreeScope(TsParsedFile() / TsDeclModule(monocle-ts/es6) / TsDeclInterface(LensFromPath) / TsMemberCall() / TsTypeParam() / TsTypeLookup())] 
[info ] ImportType.scala:245 Failed type conversion: keyof S[K1][K2][K3][K4] [id => monocle-ts, phase => scala.js, scope => TreeScope(TsParsedFile() / TsDeclModule(monocle-ts/es6) / TsDeclInterface(LensFromPath) / TsMemberCall() / TsTypeParam() / TsTypeLookup())] 
[info ] ImportType.scala:245 Failed type conversion: S[K1][K2][K3][K4] [id => monocle-ts, phase => scala.js, scope => TreeScope(TsParsedFile() / TsDeclModule(monocle-ts/es6) / TsDeclInterface(LensFromPath) / TsMemberCall() / TsTypeRef() / TsTypeLookup())] 
[info ] ImportType.scala:245 Failed type conversion: keyof S[K1] [id => monocle-ts, phase => scala.js, scope => TreeScope(TsParsedFile() / TsDeclModule(monocle-ts/es6) / TsDeclInterface(LensFromPath) / TsMemberCall() / TsTypeParam() / TsTypeLookup())] 
[info ] ImportType.scala:245 Failed type conversion: keyof S[K1][K2] [id => monocle-ts, phase => scala.js, scope => TreeScope(TsParsedFile() / TsDeclModule(monocle-ts/es6) / TsDeclInterface(LensFromPath) / TsMemberCall() / TsTypeParam() / TsTypeLookup())] 
[info ] ImportType.scala:245 Failed type conversion: keyof S[K1][K2][K3] [id => monocle-ts, phase => scala.js, scope => TreeScope(TsParsedFile() / TsDeclModule(monocle-ts/es6) / TsDeclInterface(LensFromPath) / TsMemberCall() / TsTypeParam() / TsTypeLookup())] 
[info ] ImportType.scala:245 Failed type conversion: S[K1][K2][K3] [id => monocle-ts, phase => scala.js, scope => TreeScope(TsParsedFile() / TsDeclModule(monocle-ts/es6) / TsDeclInterface(LensFromPath) / TsMemberCall() / TsTypeRef() / TsTypeLookup())] 
[info ] ImportType.scala:245 Failed type conversion: keyof S[K1] [id => monocle-ts, phase => scala.js, scope => TreeScope(TsParsedFile() / TsDeclModule(monocle-ts/es6) / TsDeclInterface(LensFromPath) / TsMemberCall() / TsTypeParam() / TsTypeLookup())] 
[info ] ImportType.scala:245 Failed type conversion: keyof S[K1][K2] [id => monocle-ts, phase => scala.js, scope => TreeScope(TsParsedFile() / TsDeclModule(monocle-ts/es6) / TsDeclInterface(LensFromPath) / TsMemberCall() / TsTypeParam() / TsTypeLookup())] 
[info ] ImportType.scala:245 Failed type conversion: S[K1][K2] [id => monocle-ts, phase => scala.js, scope => TreeScope(TsParsedFile() / TsDeclModule(monocle-ts/es6) / TsDeclInterface(LensFromPath) / TsMemberCall() / TsTypeRef() / TsTypeLookup())] 
[info ] ImportType.scala:245 Failed type conversion: keyof S[K1] [id => monocle-ts, phase => scala.js, scope => TreeScope(TsParsedFile() / TsDeclModule(monocle-ts/es6) / TsDeclInterface(LensFromPath) / TsMemberCall() / TsTypeParam() / TsTypeLookup())] 
[info ] ImportType.scala:245 Failed type conversion: S[K1] [id => monocle-ts, phase => scala.js, scope => TreeScope(TsParsedFile() / TsDeclModule(monocle-ts/es6) / TsDeclInterface(LensFromPath) / TsMemberCall() / TsTypeRef() / TsTypeLookup())] 
[info ] ImportType.scala:245 Failed type conversion: {[ K in keyof S ]: -? S[K] extends std.Option? K : never}[keyof S] [id => monocle-ts, phase => scala.js, scope => TreeScope(TsParsedFile() / TsDeclModule(monocle-ts/es6) / TsDeclTypeAlias(OptionPropertyNames) / TsTypeLookup())] 
[info ] ImportType.scala:245 Failed type conversion: S[keyof S] [id => monocle-ts, phase => scala.js, scope => TreeScope(TsParsedFile() / TsDeclModule(monocle-ts) / TsDeclClass(Optional) / TsMemberFunction(fromNullableProp) / TsTypeFunction() / TsTypeRef() / TsTypeRef() / TsTypeLookup())] 
[info ] ImportType.scala:245 Failed type conversion: S[keyof S] [id => monocle-ts, phase => scala.js, scope => TreeScope(TsParsedFile() / TsDeclModule(monocle-ts) / TsDeclClass(Lens) / TsMemberFunction(fromProp) / TsTypeFunction() / TsTypeRef() / TsTypeLookup())] 
[info ] ImportType.scala:245 Failed type conversion: S[keyof S] [id => monocle-ts, phase => scala.js, scope => TreeScope(TsParsedFile() / TsDeclModule(monocle-ts) / TsDeclClass(Lens) / TsMemberFunction(fromNullableProp) / TsTypeFunction() / TsFunParam() / TsTypeLookup())] 
[info ] ImportType.scala:245 Failed type conversion: S[keyof S] [id => monocle-ts, phase => scala.js, scope => TreeScope(TsParsedFile() / TsDeclModule(monocle-ts) / TsDeclClass(Lens) / TsMemberFunction(fromNullableProp) / TsTypeFunction() / TsTypeRef() / TsTypeRef() / TsTypeLookup())] 
[info ] ImportType.scala:245 Failed type conversion: S[K1][K2][K3][K4][K5] [id => monocle-ts, phase => scala.js, scope => TreeScope(TsParsedFile() / TsDeclModule(monocle-ts) / TsDeclInterface(LensFromPath) / TsMemberCall() / TsTypeRef() / TsTypeLookup())] 
[info ] ImportType.scala:245 Failed type conversion: keyof S[K1] [id => monocle-ts, phase => scala.js, scope => TreeScope(TsParsedFile() / TsDeclModule(monocle-ts) / TsDeclInterface(LensFromPath) / TsMemberCall() / TsTypeParam() / TsTypeLookup())] 
[info ] ImportType.scala:245 Failed type conversion: keyof S[K1][K2] [id => monocle-ts, phase => scala.js, scope => TreeScope(TsParsedFile() / TsDeclModule(monocle-ts) / TsDeclInterface(LensFromPath) / TsMemberCall() / TsTypeParam() / TsTypeLookup())] 
[info ] ImportType.scala:245 Failed type conversion: keyof S[K1][K2][K3] [id => monocle-ts, phase => scala.js, scope => TreeScope(TsParsedFile() / TsDeclModule(monocle-ts) / TsDeclInterface(LensFromPath) / TsMemberCall() / TsTypeParam() / TsTypeLookup())] 
[info ] ImportType.scala:245 Failed type conversion: keyof S[K1][K2][K3][K4] [id => monocle-ts, phase => scala.js, scope => TreeScope(TsParsedFile() / TsDeclModule(monocle-ts) / TsDeclInterface(LensFromPath) / TsMemberCall() / TsTypeParam() / TsTypeLookup())] 
[info ] ImportType.scala:245 Failed type conversion: S[K1][K2][K3][K4] [id => monocle-ts, phase => scala.js, scope => TreeScope(TsParsedFile() / TsDeclModule(monocle-ts) / TsDeclInterface(LensFromPath) / TsMemberCall() / TsTypeRef() / TsTypeLookup())] 
[info ] ImportType.scala:245 Failed type conversion: keyof S[K1] [id => monocle-ts, phase => scala.js, scope => TreeScope(TsParsedFile() / TsDeclModule(monocle-ts) / TsDeclInterface(LensFromPath) / TsMemberCall() / TsTypeParam() / TsTypeLookup())] 
[info ] ImportType.scala:245 Failed type conversion: keyof S[K1][K2] [id => monocle-ts, phase => scala.js, scope => TreeScope(TsParsedFile() / TsDeclModule(monocle-ts) / TsDeclInterface(LensFromPath) / TsMemberCall() / TsTypeParam() / TsTypeLookup())] 
[info ] ImportType.scala:245 Failed type conversion: keyof S[K1][K2][K3] [id => monocle-ts, phase => scala.js, scope => TreeScope(TsParsedFile() / TsDeclModule(monocle-ts) / TsDeclInterface(LensFromPath) / TsMemberCall() / TsTypeParam() / TsTypeLookup())] 
[info ] ImportType.scala:245 Failed type conversion: S[K1][K2][K3] [id => monocle-ts, phase => scala.js, scope => TreeScope(TsParsedFile() / TsDeclModule(monocle-ts) / TsDeclInterface(LensFromPath) / TsMemberCall() / TsTypeRef() / TsTypeLookup())] 
[info ] ImportType.scala:245 Failed type conversion: keyof S[K1] [id => monocle-ts, phase => scala.js, scope => TreeScope(TsParsedFile() / TsDeclModule(monocle-ts) / TsDeclInterface(LensFromPath) / TsMemberCall() / TsTypeParam() / TsTypeLookup())] 
[info ] ImportType.scala:245 Failed type conversion: keyof S[K1][K2] [id => monocle-ts, phase => scala.js, scope => TreeScope(TsParsedFile() / TsDeclModule(monocle-ts) / TsDeclInterface(LensFromPath) / TsMemberCall() / TsTypeParam() / TsTypeLookup())] 
[info ] ImportType.scala:245 Failed type conversion: S[K1][K2] [id => monocle-ts, phase => scala.js, scope => TreeScope(TsParsedFile() / TsDeclModule(monocle-ts) / TsDeclInterface(LensFromPath) / TsMemberCall() / TsTypeRef() / TsTypeLookup())] 
[info ] ImportType.scala:245 Failed type conversion: keyof S[K1] [id => monocle-ts, phase => scala.js, scope => TreeScope(TsParsedFile() / TsDeclModule(monocle-ts) / TsDeclInterface(LensFromPath) / TsMemberCall() / TsTypeParam() / TsTypeLookup())] 
[info ] ImportType.scala:245 Failed type conversion: S[K1] [id => monocle-ts, phase => scala.js, scope => TreeScope(TsParsedFile() / TsDeclModule(monocle-ts) / TsDeclInterface(LensFromPath) / TsMemberCall() / TsTypeRef() / TsTypeLookup())] 
[info ] ImportType.scala:245 Failed type conversion: {[ K in keyof S ]: -? S[K] extends std.Option? K : never}[keyof S] [id => monocle-ts, phase => scala.js, scope => TreeScope(TsParsedFile() / TsDeclModule(monocle-ts) / TsDeclTypeAlias(OptionPropertyNames) / TsTypeLookup())] 
[info ] CombineOverloads.scala:82 Dropping 1 incompatible `apply` overloads (have no way to express this) at Name(monocleDashTsLib) / Name(es6Mod) / Name(ModifyF) [id => monocle-ts, phase => scala.js, this => Name(monocleDashTsLib) / Name(es6Mod) / Name(ModifyF)] 
[info ] CombineOverloads.scala:82 Dropping 1 incompatible `apply` overloads (have no way to express this) at Name(monocleDashTsLib) / Name(es6Mod) / Name(ModifyF) [id => monocle-ts, phase => scala.js, this => Name(monocleDashTsLib) / Name(es6Mod) / Name(ModifyF)] 
[info ] CombineOverloads.scala:82 Dropping 1 incompatible `apply` overloads (have no way to express this) at Name(monocleDashTsLib) / Name(monocleDashTsMod) / Name(ModifyF) [id => monocle-ts, phase => scala.js, this => Name(monocleDashTsLib) / Name(monocleDashTsMod) / Name(ModifyF)] 
[info ] CombineOverloads.scala:82 Dropping 1 incompatible `apply` overloads (have no way to express this) at Name(monocleDashTsLib) / Name(monocleDashTsMod) / Name(ModifyF) [id => monocle-ts, phase => scala.js, this => Name(monocleDashTsLib) / Name(monocleDashTsMod) / Name(ModifyF)] 
[debug] PhaseRunner.scala:84 Success [id => monocle-ts, phase => scala.js] 
[warn ] Phase3Compile.scala:204 Building monocle-ts... [id => monocle-ts, phase => build] 
[error] Phase3Compile.scala:230 [E] [E2] src/main/scala/typings/monocleDashTsLib/monocleDashTsMod/package.scala:10:67
[E]      not found: type A
[E]      L10:   type OptionPropertyType[S, K /* <: OptionPropertyNames[S] */] = A
[E]                                                                             ^
[E] [E1] src/main/scala/typings/monocleDashTsLib/es6Mod/package.scala:10:67
[E]      not found: type A
[E]      L10:   type OptionPropertyType[S, K /* <: OptionPropertyNames[S] */] = A
[E]                                                                             ^
[E] src/main/scala/typings/monocleDashTsLib/es6Mod/package.scala: L10 [E1]
[E] src/main/scala/typings/monocleDashTsLib/monocleDashTsMod/package.scala: L10 [E2]
[E] Failed to compile 'monocle-ts'
 [id => monocle-ts, phase => build] 
[error] PhaseRunner.scala:88 Failure, [monocle-ts => Compilation failed] [id => monocle-ts, phase => build] 
[error] PhaseRunner.scala:88 Failure, [monocle-ts => Compilation failed] [id => monocle-ts, phase => publish] 
