[info ] InferredDependency.scala:20 Inferred dependencies Set(TsIdentLibrarySimple(node)) for TsIdentLibrarySimple(msnodesql) [id => msnodesql, phase => typescript, file => ../types/msnodesql/index.d.ts] 
[debug] PhaseRunner.scala:78 Success [id => msnodesql, phase => typescript] 
[info ] Phase1ReadTypescript.scala:152 Preprocessing TsHelperFile(InFile(/home/tso/tmp/tso-cache/DefinitelyTyped/types/msnodesql/index.d.ts),FromFolder(InFolder(/home/tso/tmp/tso-cache/DefinitelyTyped/types/msnodesql),TsIdentLibrarySimple(msnodesql)),TsIdentModule(None,List(msnodesql))) [id => msnodesql, phase => typescript] 
[info ] InferredDefaultModule.scala:39 Inferred module TsIdentModule(None,List(msnodesql)) [id => msnodesql, phase => typescript] 
[warn ] Phase1ReadTypescript.scala:190 Processing TsIdentLibrarySimple(msnodesql) [id => msnodesql, phase => typescript] 
[info ] PreferTypeAlias.scala:118 Simplified to function type alias [id => msnodesql, phase => typescript, scope => TreeScope(TsParsedFile() / TsDeclModule(msnodesql) / TsDeclInterface(OpenCallback))] 
[info ] PreferTypeAlias.scala:118 Simplified to function type alias [id => msnodesql, phase => typescript, scope => TreeScope(TsParsedFile() / TsDeclModule(msnodesql) / TsDeclInterface(QueryCallback))] 
[info ] PreferTypeAlias.scala:118 Simplified to function type alias [id => msnodesql, phase => typescript, scope => TreeScope(TsParsedFile() / TsDeclModule(msnodesql) / TsDeclInterface(QueryRawCallback))] 
[info ] PreferTypeAlias.scala:118 Simplified to function type alias [id => msnodesql, phase => typescript, scope => TreeScope(TsParsedFile() / TsDeclModule(msnodesql) / TsDeclInterface(ErrorCallback))] 
[info ] InferReturnTypes.scala:32 Could not infer return type [id => msnodesql, phase => typescript, scope => TreeScope(TsParsedFile() / TsDeclModule(msnodesql) / TsDeclInterface(Connection) / TsMemberFunction(beginTransaction))] 
[info ] InferReturnTypes.scala:32 Could not infer return type [id => msnodesql, phase => typescript, scope => TreeScope(TsParsedFile() / TsDeclModule(msnodesql) / TsDeclInterface(Connection) / TsMemberFunction(commit))] 
[info ] InferReturnTypes.scala:32 Could not infer return type [id => msnodesql, phase => typescript, scope => TreeScope(TsParsedFile() / TsDeclModule(msnodesql) / TsDeclInterface(Connection) / TsMemberFunction(rollback))] 
[info ] InferReturnTypes.scala:32 Could not infer return type [id => msnodesql, phase => typescript, scope => TreeScope(TsParsedFile() / TsDeclModule(msnodesql) / TsDeclInterface(Connection) / TsMemberFunction(close))] 
[info ] InferReturnTypes.scala:32 Could not infer return type [id => msnodesql, phase => typescript, scope => TreeScope(TsParsedFile() / TsDeclModule(msnodesql) / TsDeclInterface(Connection) / TsMemberFunction(close))] 
[info ] PreferTypeAlias.scala:112 Simplified to type alias [id => msnodesql, phase => typescript, scope => TreeScope(TsParsedFile() / TsDeclModule(msnodesql) / TsDeclInterface(StreamEvents))] 
[debug] PhaseRunner.scala:78 Success [id => msnodesql, phase => typescript] 
[warn ] Phase2ToScalaJs.scala:34 Processing TsIdentLibrarySimple(msnodesql) [id => msnodesql, phase => scala.js] 
[debug] PhaseRunner.scala:78 Success [id => msnodesql, phase => scala.js] 
[warn ] PhaseRunner.scala:64 Failed because of, [node => Compilation failed] [id => msnodesql, phase => build] 
[debug] PhaseRunner.scala:82 Failure, [node => Compilation failed] [id => msnodesql, phase => build] 
