[debug] PhaseRunner.scala:78 Success [id => nanoid, phase => typescript] 
[debug] PhaseRunner.scala:78 Success [id => nanoid, phase => typescript] 
[debug] PhaseRunner.scala:78 Success [id => nanoid, phase => typescript] 
[info ] InferredDependency.scala:20 Inferred dependencies Set(TsIdentLibrarySimple(node)) for TsIdentLibrarySimple(nanoid) [id => nanoid, phase => typescript, file => ../types/nanoid/random.d.ts] 
[debug] PhaseRunner.scala:78 Success [id => nanoid, phase => typescript] 
[debug] PhaseRunner.scala:78 Success [id => nanoid, phase => typescript] 
[debug] PhaseRunner.scala:78 Success [id => nanoid, phase => typescript] 
[debug] PhaseRunner.scala:78 Success [id => nanoid, phase => typescript] 
[debug] PhaseRunner.scala:78 Success [id => nanoid, phase => typescript] 
[info ] Phase1ReadTypescript.scala:152 Preprocessing TsHelperFile(InFile(/home/tso/tmp/tso-cache/DefinitelyTyped/types/nanoid/async-browser.d.ts),FromFolder(InFolder(/home/tso/tmp/tso-cache/DefinitelyTyped/types/nanoid),TsIdentLibrarySimple(nanoid)),TsIdentModule(None,List(nanoid, async-browser))) [id => nanoid, phase => typescript] 
[info ] InferredDefaultModule.scala:39 Inferred module TsIdentModule(None,List(nanoid, async-browser)) [id => nanoid, phase => typescript] 
[info ] Phase1ReadTypescript.scala:152 Preprocessing TsHelperFile(InFile(/home/tso/tmp/tso-cache/DefinitelyTyped/types/nanoid/async.d.ts),FromFolder(InFolder(/home/tso/tmp/tso-cache/DefinitelyTyped/types/nanoid),TsIdentLibrarySimple(nanoid)),TsIdentModule(None,List(nanoid, async))) [id => nanoid, phase => typescript] 
[info ] InferredDefaultModule.scala:39 Inferred module TsIdentModule(None,List(nanoid, async)) [id => nanoid, phase => typescript] 
[info ] Phase1ReadTypescript.scala:152 Preprocessing TsHelperFile(InFile(/home/tso/tmp/tso-cache/DefinitelyTyped/types/nanoid/format.d.ts),FromFolder(InFolder(/home/tso/tmp/tso-cache/DefinitelyTyped/types/nanoid),TsIdentLibrarySimple(nanoid)),TsIdentModule(None,List(nanoid, format))) [id => nanoid, phase => typescript] 
[info ] InferredDefaultModule.scala:39 Inferred module TsIdentModule(None,List(nanoid, format)) [id => nanoid, phase => typescript] 
[info ] Phase1ReadTypescript.scala:152 Preprocessing TsHelperFile(InFile(/home/tso/tmp/tso-cache/DefinitelyTyped/types/nanoid/generate.d.ts),FromFolder(InFolder(/home/tso/tmp/tso-cache/DefinitelyTyped/types/nanoid),TsIdentLibrarySimple(nanoid)),TsIdentModule(None,List(nanoid, generate))) [id => nanoid, phase => typescript] 
[info ] InferredDefaultModule.scala:39 Inferred module TsIdentModule(None,List(nanoid, generate)) [id => nanoid, phase => typescript] 
[info ] Phase1ReadTypescript.scala:152 Preprocessing TsHelperFile(InFile(/home/tso/tmp/tso-cache/DefinitelyTyped/types/nanoid/index.d.ts),FromFolder(InFolder(/home/tso/tmp/tso-cache/DefinitelyTyped/types/nanoid),TsIdentLibrarySimple(nanoid)),TsIdentModule(None,List(nanoid))) [id => nanoid, phase => typescript] 
[info ] InferredDefaultModule.scala:39 Inferred module TsIdentModule(None,List(nanoid)) [id => nanoid, phase => typescript] 
[info ] Phase1ReadTypescript.scala:152 Preprocessing TsHelperFile(InFile(/home/tso/tmp/tso-cache/DefinitelyTyped/types/nanoid/random-browser.d.ts),FromFolder(InFolder(/home/tso/tmp/tso-cache/DefinitelyTyped/types/nanoid),TsIdentLibrarySimple(nanoid)),TsIdentModule(None,List(nanoid, random-browser))) [id => nanoid, phase => typescript] 
[info ] InferredDefaultModule.scala:39 Inferred module TsIdentModule(None,List(nanoid, random-browser)) [id => nanoid, phase => typescript] 
[info ] Phase1ReadTypescript.scala:152 Preprocessing TsHelperFile(InFile(/home/tso/tmp/tso-cache/DefinitelyTyped/types/nanoid/random.d.ts),FromFolder(InFolder(/home/tso/tmp/tso-cache/DefinitelyTyped/types/nanoid),TsIdentLibrarySimple(nanoid)),TsIdentModule(None,List(nanoid, random))) [id => nanoid, phase => typescript] 
[info ] InferredDefaultModule.scala:39 Inferred module TsIdentModule(None,List(nanoid, random)) [id => nanoid, phase => typescript] 
[info ] Phase1ReadTypescript.scala:152 Preprocessing TsHelperFile(InFile(/home/tso/tmp/tso-cache/DefinitelyTyped/types/nanoid/url.d.ts),FromFolder(InFolder(/home/tso/tmp/tso-cache/DefinitelyTyped/types/nanoid),TsIdentLibrarySimple(nanoid)),TsIdentModule(None,List(nanoid, url))) [id => nanoid, phase => typescript] 
[info ] InferredDefaultModule.scala:39 Inferred module TsIdentModule(None,List(nanoid, url)) [id => nanoid, phase => typescript] 
[warn ] Phase1ReadTypescript.scala:190 Processing TsIdentLibrarySimple(nanoid) [id => nanoid, phase => typescript] 
[debug] PhaseRunner.scala:78 Success [id => nanoid, phase => typescript] 
[warn ] Phase2ToScalaJs.scala:34 Processing TsIdentLibrarySimple(nanoid) [id => nanoid, phase => scala.js] 
[debug] PhaseRunner.scala:78 Success [id => nanoid, phase => scala.js] 
[warn ] PhaseRunner.scala:64 Failed because of, [node => Compilation failed] [id => nanoid, phase => build] 
[debug] PhaseRunner.scala:82 Failure, [node => Compilation failed] [id => nanoid, phase => build] 
