[info ] InferredDependency.scala:20 Inferred dependencies Set(TsIdentLibrarySimple(node)) for TsIdentLibrarySimple(natural) [id => natural, phase => typescript, file => ../types/natural/index.d.ts] 
[debug] PhaseRunner.scala:78 Success [id => natural, phase => typescript] 
[info ] Phase1ReadTypescript.scala:152 Preprocessing TsHelperFile(InFile(/home/tso/tmp/tso-cache/DefinitelyTyped/types/natural/index.d.ts),FromFolder(InFolder(/home/tso/tmp/tso-cache/DefinitelyTyped/types/natural),TsIdentLibrarySimple(natural)),TsIdentModule(None,List(natural))) [id => natural, phase => typescript] 
[info ] InferredDefaultModule.scala:39 Inferred module TsIdentModule(None,List(natural)) [id => natural, phase => typescript] 
[warn ] Phase1ReadTypescript.scala:190 Processing TsIdentLibrarySimple(natural) [id => natural, phase => typescript] 
[info ] PreferTypeAlias.scala:118 Simplified to function type alias [id => natural, phase => typescript, scope => TreeScope(TsParsedFile() / TsDeclModule(natural) / TsDeclInterface(BayesClassifierCallback))] 
[info ] PreferTypeAlias.scala:118 Simplified to function type alias [id => natural, phase => typescript, scope => TreeScope(TsParsedFile() / TsDeclModule(natural) / TsDeclInterface(LogisticRegressionClassifierCallback))] 
[info ] PreferTypeAlias.scala:118 Simplified to function type alias [id => natural, phase => typescript, scope => TreeScope(TsParsedFile() / TsDeclModule(natural) / TsDeclInterface(TfIdfCallback))] 
[info ] PreferTypeAlias.scala:118 Simplified to function type alias [id => natural, phase => typescript, scope => TreeScope(TsParsedFile() / TsDeclModule(natural) / TsDeclInterface(WordNetLookupCallback))] 
[info ] PreferTypeAlias.scala:118 Simplified to function type alias [id => natural, phase => typescript, scope => TreeScope(TsParsedFile() / TsDeclModule(natural) / TsDeclInterface(WordNetGetCallback))] 
[info ] ExtractInterfaces.scala:30 Extracted anonymous interface TsIdentSimple(Anon_Stem) [id => natural, phase => typescript, scope => TreeScope(TsParsedFile() / TsDeclModule(natural) / TsDeclVar(PorterStemmer) / TsTypeObject())] 
[info ] ExtractInterfaces.scala:30 Extracted anonymous interface TsIdentSimple(Anon_Compare) [id => natural, phase => typescript, scope => TreeScope(TsParsedFile() / TsDeclModule(natural) / TsDeclVar(SoundEx) / TsTypeObject())] 
[info ] ExtractInterfaces.scala:30 Extracted anonymous interface TsIdentSimple(Anon_CompareStringA) [id => natural, phase => typescript, scope => TreeScope(TsParsedFile() / TsDeclModule(natural) / TsDeclVar(DoubleMetaphone) / TsTypeObject())] 
[info ] ExtractInterfaces.scala:30 Extracted anonymous interface TsIdentSimple(Anon_Bigrams) [id => natural, phase => typescript, scope => TreeScope(TsParsedFile() / TsDeclModule(natural) / TsDeclVar(NGrams) / TsTypeObject())] 
[info ] ExtractInterfaces.scala:30 Extracted anonymous interface TsIdentSimple(Anon_Stem) [id => natural, phase => typescript, scope => TreeScope(TsParsedFile() / TsDeclModule(natural) / TsDeclVar(PorterStemmerRu) / TsTypeObject())] 
[info ] ExtractInterfaces.scala:30 Extracted anonymous interface TsIdentSimple(Anon_Stem) [id => natural, phase => typescript, scope => TreeScope(TsParsedFile() / TsDeclModule(natural) / TsDeclVar(PorterStemmerIt) / TsTypeObject())] 
[info ] ExtractInterfaces.scala:30 Extracted anonymous interface TsIdentSimple(Anon_Stem) [id => natural, phase => typescript, scope => TreeScope(TsParsedFile() / TsDeclModule(natural) / TsDeclVar(PorterStemmerPt) / TsTypeObject())] 
[info ] ExtractInterfaces.scala:30 Extracted anonymous interface TsIdentSimple(Anon_Stem) [id => natural, phase => typescript, scope => TreeScope(TsParsedFile() / TsDeclModule(natural) / TsDeclVar(LancasterStemmer) / TsTypeObject())] 
[info ] ExtractInterfaces.scala:30 Extracted anonymous interface TsIdentSimple(Anon_Bigrams) [id => natural, phase => typescript, scope => TreeScope(TsParsedFile() / TsDeclModule(natural) / TsDeclVar(NGramsZH) / TsTypeObject())] 
[info ] ExtractInterfaces.scala:30 Extracted anonymous interface TsIdentSimple(Anon_Compare) [id => natural, phase => typescript, scope => TreeScope(TsParsedFile() / TsDeclModule(natural) / TsDeclVar(Metaphone) / TsTypeObject())] 
[info ] ExtractInterfaces.scala:30 Extracted anonymous interface TsIdentSimple(Anon_Stem) [id => natural, phase => typescript, scope => TreeScope(TsParsedFile() / TsDeclModule(natural) / TsDeclVar(PorterStemmerEs) / TsTypeObject())] 
[info ] ExtractInterfaces.scala:30 Extracted anonymous interface TsIdentSimple(Anon_Stem) [id => natural, phase => typescript, scope => TreeScope(TsParsedFile() / TsDeclModule(natural) / TsDeclVar(PorterStemmerNo) / TsTypeObject())] 
[info ] ExtractInterfaces.scala:30 Extracted anonymous interface TsIdentSimple(Anon_Nth) [id => natural, phase => typescript, scope => TreeScope(TsParsedFile() / TsDeclModule(natural) / TsDeclVar(CountInflector) / TsTypeObject())] 
[info ] ExtractInterfaces.scala:30 Extracted anonymous interface TsIdentSimple(Anon_Stem) [id => natural, phase => typescript, scope => TreeScope(TsParsedFile() / TsDeclModule(natural) / TsDeclVar(PorterStemmerFa) / TsTypeObject())] 
[info ] ExtractInterfaces.scala:30 Extracted anonymous interface TsIdentSimple(Anon_Stem) [id => natural, phase => typescript, scope => TreeScope(TsParsedFile() / TsDeclModule(natural) / TsDeclVar(PorterStemmerFr) / TsTypeObject())] 
[debug] PhaseRunner.scala:78 Success [id => natural, phase => typescript] 
[warn ] Phase2ToScalaJs.scala:34 Processing TsIdentLibrarySimple(natural) [id => natural, phase => scala.js] 
[info ] CompleteClass.scala:60 Completed implementations Vector(tokenize) [id => natural, phase => scala.js, this => Name(naturalLib) / Name(naturalMod) / Name(AggressiveTokenizer)] 
[info ] CompleteClass.scala:60 Completed implementations Vector(tokenize) [id => natural, phase => scala.js, this => Name(naturalLib) / Name(naturalMod) / Name(RegexpTokenizer)] 
[info ] CompleteClass.scala:60 Completed implementations Vector(tokenize) [id => natural, phase => scala.js, this => Name(naturalLib) / Name(naturalMod) / Name(TreebankWordTokenizer)] 
[info ] CompleteClass.scala:60 Completed implementations Vector(tokenize) [id => natural, phase => scala.js, this => Name(naturalLib) / Name(naturalMod) / Name(WordPunctTokenizer)] 
[info ] CompleteClass.scala:60 Completed implementations Vector(tokenize) [id => natural, phase => scala.js, this => Name(naturalLib) / Name(naturalMod) / Name(WordTokenizer)] 
[debug] PhaseRunner.scala:78 Success [id => natural, phase => scala.js] 
[warn ] PhaseRunner.scala:64 Failed because of, [node => Compilation failed] [id => natural, phase => build] 
[debug] PhaseRunner.scala:82 Failure, [node => Compilation failed] [id => natural, phase => build] 
