[debug] PhaseRunner.scala:78 Success [id => nearley, phase => typescript] 
[info ] Phase1ReadTypescript.scala:152 Preprocessing TsHelperFile(InFile(/home/tso/tmp/tso-cache/DefinitelyTyped/types/nearley/index.d.ts),FromFolder(InFolder(/home/tso/tmp/tso-cache/DefinitelyTyped/types/nearley),TsIdentLibrarySimple(nearley)),TsIdentModule(None,List(nearley))) [id => nearley, phase => typescript] 
[info ] InferredDefaultModule.scala:39 Inferred module TsIdentModule(None,List(nearley)) [id => nearley, phase => typescript] 
[warn ] Phase1ReadTypescript.scala:190 Processing TsIdentLibrarySimple(nearley) [id => nearley, phase => typescript] 
[info ] ExtractInterfaces.scala:30 Extracted anonymous interface TsIdentSimple(Anon_Key) [id => nearley, phase => typescript, scope => TreeScope(TsParsedFile() / TsDeclModule(nearley) / TsDeclClass(Parser) / TsMemberFunction(restore) / TsFunSig() / TsFunParam() / TsTypeObject())] 
[info ] ExtractInterfaces.scala:30 Extracted anonymous interface TsIdentSimple(Anon_Key) [id => nearley, phase => typescript, scope => TreeScope(TsParsedFile() / TsDeclModule(nearley) / TsDeclClass(Parser) / TsMemberFunction(save) / TsFunSig() / TsTypeObject())] 
[info ] ExtractInterfaces.scala:30 Extracted anonymous interface TsIdentSimple(Anon_Value) [id => nearley, phase => typescript, scope => TreeScope(TsParsedFile() / TsDeclModule(nearley) / TsDeclTypeAlias(Token) / TsTypeUnion() / TsTypeObject())] 
[debug] PhaseRunner.scala:78 Success [id => nearley, phase => typescript] 
[warn ] Phase2ToScalaJs.scala:34 Processing TsIdentLibrarySimple(nearley) [id => nearley, phase => scala.js] 
[debug] PhaseRunner.scala:78 Success [id => nearley, phase => scala.js] 
[warn ] Phase3CompileBloop.scala:211 Built nearley in 479 ms [id => nearley, phase => build] 
[info ] Phase3CompileBloop.scala:221 published local, [/home/tso/.ivy2/local/com.scalablytyped/nearley_sjs0.6_2.12/2.11-dt-20180910Z-b66e0e/jars/nearley_sjs0.6_2.12.jar, /home/tso/.ivy2/local/com.scalablytyped/nearley_sjs0.6_2.12/2.11-dt-20180910Z-b66e0e/srcs/nearley_sjs0.6_2.12-sources.jar, /home/tso/.ivy2/local/com.scalablytyped/nearley_sjs0.6_2.12/2.11-dt-20180910Z-b66e0e/ivys/ivy.xml, /home/tso/.ivy2/local/com.scalablytyped/nearley_sjs0.6_2.12/2.11-dt-20180910Z-b66e0e/poms/nearley_sjs0.6_2.12.pom] [id => nearley, phase => build] 
[debug] PhaseRunner.scala:78 Success [id => nearley, phase => build] 
[error] PhaseRes.scala:75 Caught exception [id => nearley, phase => publish] java.lang.RuntimeException: was not able to find or create a package for oyvindberg in ScalablyTyped named nearley
	at scala.sys.package$.error(package.scala:26)
	at com.olvind.tso.importer.build.BinTrayPublisher.$anonfun$ensurePackage$2(BinTrayPublisher.scala:49)
	at com.olvind.tso.importer.build.BinTrayPublisher.$anonfun$ensurePackage$2$adapted(BinTrayPublisher.scala:46)
	at scala.util.Success.$anonfun$map$1(Try.scala:251)
	at scala.util.Success.map(Try.scala:209)
	at scala.concurrent.Future.$anonfun$map$1(Future.scala:288)
	at scala.concurrent.impl.Promise.liftedTree1$1(Promise.scala:29)
	at scala.concurrent.impl.Promise.$anonfun$transform$1(Promise.scala:29)
	at scala.concurrent.impl.CallbackRunnable.run(Promise.scala:60)
	at java.util.concurrent.ForkJoinTask$RunnableExecuteAction.exec(ForkJoinTask.java:1402)
	at java.util.concurrent.ForkJoinTask.doExec(ForkJoinTask.java:289)
	at java.util.concurrent.ForkJoinPool$WorkQueue.runTask(ForkJoinPool.java:1056)
	at java.util.concurrent.ForkJoinPool.runWorker(ForkJoinPool.java:1692)
	at java.util.concurrent.ForkJoinWorkerThread.run(ForkJoinWorkerThread.java:157)

[debug] PhaseRunner.scala:82 Failure, [nearley => java.lang.RuntimeException: was not able to find or create a package for oyvindberg in ScalablyTyped named nearley] [id => nearley, phase => publish] 
