[debug] PhaseRunner.scala:84 Success [id => nes, phase => typescript] 
[info ] ResolveExternalReferences.scala:82 Inferred augmented module None (TsIdentModule(None,List(hapi))) [file => ../types/nes/index.d.ts, phase => typescript, scope => TreeScope(TsParsedFile() / TsDeclModule(hapi)), id => nes] 
[info ] ResolveExternalReferences.scala:82 Inferred augmented module None (TsIdentModule(None,List(hapi))) [file => ../types/nes/index.d.ts, phase => typescript, scope => TreeScope(TsParsedFile() / TsDeclModule(hapi)), id => nes] 
[debug] PhaseRunner.scala:92 Ignored [id => nes, phase => typescript] 
[debug] PhaseRunner.scala:84 Success [id => nes, phase => typescript] 
[info ] Phase1ReadTypescript.scala:171 Preprocessing TsHelperFile(InFile(/home/tso/tmp/tso-cache/DefinitelyTyped/types/nes/client.d.ts),FromFolder(InFolder(/home/tso/tmp/tso-cache/DefinitelyTyped/types/nes),TsIdentLibrarySimple(nes)),TsIdentModule(None,List(nes, client))) [id => nes, phase => typescript] 
[info ] InferredDefaultModule.scala:39 Inferred module TsIdentModule(None,List(nes, client)) [id => nes, phase => typescript] 
[info ] Phase1ReadTypescript.scala:171 Preprocessing TsHelperFile(InFile(/home/tso/tmp/tso-cache/DefinitelyTyped/types/nes/index.d.ts),FromFolder(InFolder(/home/tso/tmp/tso-cache/DefinitelyTyped/types/nes),TsIdentLibrarySimple(nes)),TsIdentModule(None,List(nes))) [id => nes, phase => typescript] 
[info ] InferredDefaultModule.scala:39 Inferred module TsIdentModule(None,List(nes)) [id => nes, phase => typescript] 
[warn ] Phase1ReadTypescript.scala:189 Processing TsIdentLibrarySimple(nes) [id => nes, phase => typescript] 
[info ] PreferTypeAlias.scala:73 Simplified to function type alias [id => nes, phase => typescript, scope => TreeScope(TsParsedFile() / TsDeclModule(nes/client) / TsDeclInterface(Handler))] 
[info ] PreferTypeAlias.scala:55 Simplified to type alias [id => nes, phase => typescript, scope => TreeScope(TsParsedFile() / TsDeclModule(nes) / TsDeclInterface(Client))] 
[info ] PreferTypeAlias.scala:55 Simplified to type alias [id => nes, phase => typescript, scope => TreeScope(TsParsedFile() / TsDeclModule(nes) / TsDeclInterface(Handler))] 
[info ] PreferTypeAlias.scala:55 Simplified to type alias [id => nes, phase => typescript, scope => TreeScope(TsParsedFile() / TsDeclModule(nes) / TsDeclInterface(ClientOptions))] 
[info ] PreferTypeAlias.scala:55 Simplified to type alias [id => nes, phase => typescript, scope => TreeScope(TsParsedFile() / TsDeclModule(nes) / TsDeclInterface(ClientConnectOptions))] 
[info ] PreferTypeAlias.scala:55 Simplified to type alias [id => nes, phase => typescript, scope => TreeScope(TsParsedFile() / TsDeclModule(nes) / TsDeclInterface(ClientRequestOptions))] 
[info ] PreferTypeAlias.scala:55 Simplified to type alias [id => nes, phase => typescript, scope => TreeScope(TsParsedFile() / TsDeclModule(nes) / TsDeclInterface(ClientSubscribeFlags))] 
[info ] ExtractInterfaces.scala:41 Extracted anonymous interface TsIdentSimple(Anon_Options) [id => nes, phase => typescript, scope => TreeScope(TsParsedFile() / TsDeclModule(nes) / TsDeclInterface(NesClassExports) / TsMemberProperty(Client) / TsTypeObject())] 
[debug] PhaseRunner.scala:84 Success [id => nes, phase => typescript] 
[warn ] Phase2ToScalaJs.scala:42 Processing nes [id => nes, phase => scala.js] 
[debug] PhaseRunner.scala:84 Success [id => nes, phase => scala.js] 
[warn ] Phase3CompileBloop.scala:245 Built nes in 533 ms [id => nes, phase => build] 
[info ] Phase3CompileBloop.scala:253 published local, [/home/tso/.ivy2/local/org.scalablytyped/nes_sjs0.6_2.12/7.0.0-dt-20190322Z-1bfd3c/jars/nes_sjs0.6_2.12.jar, /home/tso/.ivy2/local/org.scalablytyped/nes_sjs0.6_2.12/7.0.0-dt-20190322Z-1bfd3c/srcs/nes_sjs0.6_2.12-sources.jar, /home/tso/.ivy2/local/org.scalablytyped/nes_sjs0.6_2.12/7.0.0-dt-20190322Z-1bfd3c/ivys/ivy.xml, /home/tso/.ivy2/local/org.scalablytyped/nes_sjs0.6_2.12/7.0.0-dt-20190322Z-1bfd3c/poms/nes_sjs0.6_2.12.pom] [id => nes, phase => build] 
[debug] PhaseRunner.scala:84 Success [id => nes, phase => build] 
[warn ] PhaseRunner.scala:70 Failed because of, [hapi => java.util.concurrent.ExecutionException: dispatch.StatusCode: Unexpected response status: 405] [id => nes, phase => publish] 
[error] PhaseRunner.scala:88 Failure, [hapi => java.util.concurrent.ExecutionException: dispatch.StatusCode: Unexpected response status: 405] [id => nes, phase => publish] 
