[info ] InferredDependency.scala:20 Inferred dependencies Set(TsIdentLibrarySimple(react)) for TsIdentLibrarySimple(next-server) [id => next-server, phase => typescript, file => ../types/next-server/router.d.ts] 
[debug] PhaseRunner.scala:78 Success [id => next-server, phase => typescript] 
[debug] PhaseRunner.scala:78 Success [id => next-server, phase => typescript] 
[info ] InferredDependency.scala:20 Inferred dependencies Set(TsIdentLibrarySimple(react)) for TsIdentLibrarySimple(next-server) [id => next-server, phase => typescript, file => ../types/next-server/link.d.ts] 
[debug] PhaseRunner.scala:78 Success [id => next-server, phase => typescript] 
[debug] PhaseRunner.scala:78 Success [id => next-server, phase => typescript] 
[debug] PhaseRunner.scala:78 Success [id => next-server, phase => typescript] 
[info ] InferredDependency.scala:20 Inferred dependencies Set(TsIdentLibrarySimple(react)) for TsIdentLibrarySimple(next-server) [id => next-server, phase => typescript, file => ../types/next-server/dynamic.d.ts] 
[debug] PhaseRunner.scala:78 Success [id => next-server, phase => typescript] 
[debug] PhaseRunner.scala:78 Success [id => next-server, phase => typescript] 
[info ] InferredDependency.scala:20 Inferred dependencies Set(TsIdentLibrarySimple(react)) for TsIdentLibrarySimple(next-server) [id => next-server, phase => typescript, file => ../types/next-server/head.d.ts] 
[debug] PhaseRunner.scala:78 Success [id => next-server, phase => typescript] 
[info ] InferredDependency.scala:20 Inferred dependencies Set(TsIdentLibrarySimple(node)) for TsIdentLibrarySimple(next-server) [id => next-server, phase => typescript, file => ../types/next-server/index.d.ts] 
[debug] PhaseRunner.scala:78 Success [id => next-server, phase => typescript] 
[info ] Phase1ReadTypescript.scala:152 Preprocessing TsHelperFile(InFile(/home/tso/tmp/tso-cache/DefinitelyTyped/types/next-server/asset.d.ts),FromFolder(InFolder(/home/tso/tmp/tso-cache/DefinitelyTyped/types/next-server),TsIdentLibrarySimple(next-server)),TsIdentModule(None,List(next-server, asset))) [id => next-server, phase => typescript] 
[info ] InferredDefaultModule.scala:39 Inferred module TsIdentModule(None,List(next-server, asset)) [id => next-server, phase => typescript] 
[info ] Phase1ReadTypescript.scala:152 Preprocessing TsHelperFile(InFile(/home/tso/tmp/tso-cache/DefinitelyTyped/types/next-server/config.d.ts),FromFolder(InFolder(/home/tso/tmp/tso-cache/DefinitelyTyped/types/next-server),TsIdentLibrarySimple(next-server)),TsIdentModule(None,List(next-server, config))) [id => next-server, phase => typescript] 
[info ] InferredDefaultModule.scala:39 Inferred module TsIdentModule(None,List(next-server, config)) [id => next-server, phase => typescript] 
[info ] Phase1ReadTypescript.scala:152 Preprocessing TsHelperFile(InFile(/home/tso/tmp/tso-cache/DefinitelyTyped/types/next-server/constants.d.ts),FromFolder(InFolder(/home/tso/tmp/tso-cache/DefinitelyTyped/types/next-server),TsIdentLibrarySimple(next-server)),TsIdentModule(None,List(next-server, constants))) [id => next-server, phase => typescript] 
[info ] InferredDefaultModule.scala:39 Inferred module TsIdentModule(None,List(next-server, constants)) [id => next-server, phase => typescript] 
[info ] Phase1ReadTypescript.scala:152 Preprocessing TsHelperFile(InFile(/home/tso/tmp/tso-cache/DefinitelyTyped/types/next-server/dynamic.d.ts),FromFolder(InFolder(/home/tso/tmp/tso-cache/DefinitelyTyped/types/next-server),TsIdentLibrarySimple(next-server)),TsIdentModule(None,List(next-server, dynamic))) [id => next-server, phase => typescript] 
[info ] InferredDefaultModule.scala:39 Inferred module TsIdentModule(None,List(next-server, dynamic)) [id => next-server, phase => typescript] 
[info ] Phase1ReadTypescript.scala:152 Preprocessing TsHelperFile(InFile(/home/tso/tmp/tso-cache/DefinitelyTyped/types/next-server/head.d.ts),FromFolder(InFolder(/home/tso/tmp/tso-cache/DefinitelyTyped/types/next-server),TsIdentLibrarySimple(next-server)),TsIdentModule(None,List(next-server, head))) [id => next-server, phase => typescript] 
[info ] InferredDefaultModule.scala:39 Inferred module TsIdentModule(None,List(next-server, head)) [id => next-server, phase => typescript] 
[info ] Phase1ReadTypescript.scala:152 Preprocessing TsHelperFile(InFile(/home/tso/tmp/tso-cache/DefinitelyTyped/types/next-server/index.d.ts),FromFolder(InFolder(/home/tso/tmp/tso-cache/DefinitelyTyped/types/next-server),TsIdentLibrarySimple(next-server)),TsIdentModule(None,List(next-server))) [id => next-server, phase => typescript] 
[info ] InferredDefaultModule.scala:39 Inferred module TsIdentModule(None,List(next-server)) [id => next-server, phase => typescript] 
[info ] Phase1ReadTypescript.scala:152 Preprocessing TsHelperFile(InFile(/home/tso/tmp/tso-cache/DefinitelyTyped/types/next-server/link.d.ts),FromFolder(InFolder(/home/tso/tmp/tso-cache/DefinitelyTyped/types/next-server),TsIdentLibrarySimple(next-server)),TsIdentModule(None,List(next-server, link))) [id => next-server, phase => typescript] 
[info ] InferredDefaultModule.scala:39 Inferred module TsIdentModule(None,List(next-server, link)) [id => next-server, phase => typescript] 
[info ] Phase1ReadTypescript.scala:152 Preprocessing TsHelperFile(InFile(/home/tso/tmp/tso-cache/DefinitelyTyped/types/next-server/next-config.d.ts),FromFolder(InFolder(/home/tso/tmp/tso-cache/DefinitelyTyped/types/next-server),TsIdentLibrarySimple(next-server)),TsIdentModule(None,List(next-server, next-config))) [id => next-server, phase => typescript] 
[info ] InferredDefaultModule.scala:39 Inferred module TsIdentModule(None,List(next-server, next-config)) [id => next-server, phase => typescript] 
[info ] Phase1ReadTypescript.scala:152 Preprocessing TsHelperFile(InFile(/home/tso/tmp/tso-cache/DefinitelyTyped/types/next-server/router.d.ts),FromFolder(InFolder(/home/tso/tmp/tso-cache/DefinitelyTyped/types/next-server),TsIdentLibrarySimple(next-server)),TsIdentModule(None,List(next-server, router))) [id => next-server, phase => typescript] 
[info ] InferredDefaultModule.scala:39 Inferred module TsIdentModule(None,List(next-server, router)) [id => next-server, phase => typescript] 
[warn ] Phase1ReadTypescript.scala:190 Processing TsIdentLibrarySimple(next-server) [id => next-server, phase => typescript] 
[info ] PreferTypeAlias.scala:112 Simplified to type alias [id => next-server, phase => typescript, scope => TreeScope(TsParsedFile() / TsDeclModule(next-server/head) / TsDeclInterface(Head))] 
[info ] PreferTypeAlias.scala:112 Simplified to type alias [id => next-server, phase => typescript, scope => TreeScope(TsParsedFile() / TsDeclModule(next-server/link) / TsDeclInterface(Link))] 
[info ] UnionTypesFromKeyOf.scala:23 Could not expand keyof TsQIdent(List(TsIdentSimple(any))): None [id => next-server, phase => typescript, scope => TreeScope(TsParsedFile() / TsDeclModule(next-server/router) / TsDeclTypeAlias(Omit) / TsTypeParam() / TsTypeKeyOf())] 
[debug] DefaultedTParams.scala:29 Defaulting type parameter TsIdentSimple(P) at TreeScope(TsParsedFile() / TsDeclModule(next-server/dynamic) / TsDeclTypeAlias(ModuleMapping) / TsTypeRef() / TsTypeRef()) [id => next-server, phase => typescript, scope => TreeScope(TsParsedFile() / TsDeclModule(next-server/dynamic) / TsDeclTypeAlias(ModuleMapping) / TsTypeRef() / TsTypeRef())] 
[debug] DefaultedTParams.scala:29 Defaulting type parameter TsIdentSimple(P) at TreeScope(TsParsedFile() / TsDeclModule(next-server/dynamic) / TsDeclTypeAlias(LoadedModuleMapping) / TsTypeRef() / TsTypeRef()) [id => next-server, phase => typescript, scope => TreeScope(TsParsedFile() / TsDeclModule(next-server/dynamic) / TsDeclTypeAlias(LoadedModuleMapping) / TsTypeRef() / TsTypeRef())] 
[debug] DefaultedTParams.scala:29 Defaulting type parameter TsIdentSimple(P) at TreeScope(TsParsedFile() / TsDeclModule(next-server/head) / TsDeclTypeAlias(Head) / TsTypeRef()) [id => next-server, phase => typescript, scope => TreeScope(TsParsedFile() / TsDeclModule(next-server/head) / TsDeclTypeAlias(Head) / TsTypeRef())] 
[debug] DefaultedTParams.scala:29 Defaulting type parameter TsIdentSimple(S) at TreeScope(TsParsedFile() / TsDeclModule(next-server/head) / TsDeclTypeAlias(Head) / TsTypeRef()) [id => next-server, phase => typescript, scope => TreeScope(TsParsedFile() / TsDeclModule(next-server/head) / TsDeclTypeAlias(Head) / TsTypeRef())] 
[debug] DefaultedTParams.scala:29 Defaulting type parameter TsIdentSimple(SS) at TreeScope(TsParsedFile() / TsDeclModule(next-server/head) / TsDeclTypeAlias(Head) / TsTypeRef()) [id => next-server, phase => typescript, scope => TreeScope(TsParsedFile() / TsDeclModule(next-server/head) / TsDeclTypeAlias(Head) / TsTypeRef())] 
[debug] DefaultedTParams.scala:29 Defaulting type parameter TsIdentSimple(P) at TreeScope(TsParsedFile() / TsDeclModule(next-server) / TsDeclNamespace(next) / TsDeclInterface(ServerRouter) / TsMemberProperty(routes) / TsTypeRef() / TsTypeRef()) [id => next-server, phase => typescript, scope => TreeScope(TsParsedFile() / TsDeclModule(next-server) / TsDeclNamespace(next) / TsDeclInterface(ServerRouter) / TsMemberProperty(routes) / TsTypeRef() / TsTypeRef())] 
[debug] DefaultedTParams.scala:29 Defaulting type parameter TsIdentSimple(P) at TreeScope(TsParsedFile() / TsDeclModule(next-server) / TsDeclNamespace(next) / TsDeclInterface(ServerRouter) / TsMemberFunction(add) / TsFunSig() / TsFunParam() / TsTypeRef()) [id => next-server, phase => typescript, scope => TreeScope(TsParsedFile() / TsDeclModule(next-server) / TsDeclNamespace(next) / TsDeclInterface(ServerRouter) / TsMemberFunction(add) / TsFunSig() / TsFunParam() / TsTypeRef())] 
[debug] DefaultedTParams.scala:29 Defaulting type parameter TsIdentSimple(P) at TreeScope(TsParsedFile() / TsDeclModule(next-server) / TsDeclNamespace(next) / TsDeclInterface(Server) / TsMemberFunction(generateRoutes) / TsFunSig() / TsTypeRef() / TsTypeRef()) [id => next-server, phase => typescript, scope => TreeScope(TsParsedFile() / TsDeclModule(next-server) / TsDeclNamespace(next) / TsDeclInterface(Server) / TsMemberFunction(generateRoutes) / TsFunSig() / TsTypeRef() / TsTypeRef())] 
[debug] DefaultedTParams.scala:29 Defaulting type parameter TsIdentSimple(S) at TreeScope(TsParsedFile() / TsDeclModule(next-server/link) / TsDeclTypeAlias(Link) / TsTypeRef()) [id => next-server, phase => typescript, scope => TreeScope(TsParsedFile() / TsDeclModule(next-server/link) / TsDeclTypeAlias(Link) / TsTypeRef())] 
[debug] DefaultedTParams.scala:29 Defaulting type parameter TsIdentSimple(SS) at TreeScope(TsParsedFile() / TsDeclModule(next-server/link) / TsDeclTypeAlias(Link) / TsTypeRef()) [id => next-server, phase => typescript, scope => TreeScope(TsParsedFile() / TsDeclModule(next-server/link) / TsDeclTypeAlias(Link) / TsTypeRef())] 
[debug] DefaultedTParams.scala:29 Defaulting type parameter TsIdentSimple(Q) at TreeScope(TsParsedFile() / TsDeclModule(next-server/router) / TsDeclVar(default) / TsTypeRef()) [id => next-server, phase => typescript, scope => TreeScope(TsParsedFile() / TsDeclModule(next-server/router) / TsDeclVar(default) / TsTypeRef())] 
[info ] ExtractInterfaces.scala:30 Extracted anonymous interface TsIdentSimple(Anon_Webpack) [id => next-server, phase => typescript, scope => TreeScope(TsParsedFile() / TsDeclModule(next-server/dynamic) / TsDeclInterface(NextDynamicOptions) / TsMemberProperty(loadableGenerated) / TsTypeObject())] 
[info ] ExtractInterfaces.scala:30 Extracted anonymous interface TsIdentSimple(Anon_Component) [id => next-server, phase => typescript, scope => TreeScope(TsParsedFile() / TsDeclModule(next-server/router) / TsDeclInterface(RouterProps) / TsMemberProperty(components) / TsTypeObject() / TsMemberIndex() / TsTypeObject())] 
[info ] ExtractInterfaces.scala:30 Extracted anonymous interface TsIdentSimple(Anon_On) [id => next-server, phase => typescript, scope => TreeScope(TsParsedFile() / TsDeclModule(next-server/router) / TsDeclInterface(RouterProps) / TsMemberProperty(events) / TsTypeObject())] 
[debug] PhaseRunner.scala:78 Success [id => next-server, phase => typescript] 
[warn ] Phase2ToScalaJs.scala:34 Processing TsIdentLibrarySimple(next-server) [id => next-server, phase => scala.js] 
[info ] ImportTree.scala:398 Dropping TsMemberTypeMapped(NoComments,Default,false,TsIdentSimple(P),TsTypeRef(TsQIdent(List(TsIdentLibrarySimple(std), TsIdentSimple(Exclude))),List(TsTypeKeyOf(TsTypeRef(TsQIdent(List(TsIdentLibrarySimple(react-loadable), TsIdentNamespace(LoadableExport), TsIdentSimple(CommonOptions))),List())), TsTypeUnion(List(TsTypeLiteral(TsLiteralString(loading)), TsTypeLiteral(TsLiteralString(modules)))))),Noop,TsTypeLookup(TsTypeRef(TsQIdent(List(TsIdentLibrarySimple(react-loadable), TsIdentNamespace(LoadableExport), TsIdentSimple(CommonOptions))),List()),Left(TsIdentSimple(P)))) [id => next-server, phase => scala.js, scope => TreeScope(TsParsedFile() / TsDeclModule(next-server/dynamic) / TsDeclInterface(NextDynamicOptions) / TsMemberTypeMapped())] 
[debug] PhaseRunner.scala:78 Success [id => next-server, phase => scala.js] 
[warn ] PhaseRunner.scala:64 Failed because of, [node => Compilation failed] [id => next-server, phase => build] 
[debug] PhaseRunner.scala:82 Failure, [node => Compilation failed] [id => next-server, phase => build] 
