[info ] InferredDependency.scala:20 Inferred dependencies Set(TsIdentLibrarySimple(angular)) for TsIdentLibrarySimple(ng-table) [id => ng-table, phase => typescript, file => ../src/browser/index.d.ts] 
[debug] PhaseRunner.scala:85 Failure, [ng-table => InFile(/home/tso/tmp/tso-cache/npm/node_modules/ng-table/src/browser/filters/number.html): Parse error at 1.1 ''global'' expected but '<' found] [id => ng-table, phase => typescript] 
[debug] PhaseRunner.scala:85 Failure, [ng-table => InFile(/home/tso/tmp/tso-cache/npm/node_modules/ng-table/src/browser/filters/select-multiple.html): Parse error at 1.1 ''global'' expected but '<' found] [id => ng-table, phase => typescript] 
[debug] PhaseRunner.scala:85 Failure, [ng-table => InFile(/home/tso/tmp/tso-cache/npm/node_modules/ng-table/src/browser/filters/select.html): Parse error at 1.1 ''global'' expected but '<' found] [id => ng-table, phase => typescript] 
[debug] PhaseRunner.scala:85 Failure, [ng-table => InFile(/home/tso/tmp/tso-cache/npm/node_modules/ng-table/src/browser/filters/text.html): Parse error at 1.1 ''global'' expected but '<' found] [id => ng-table, phase => typescript] 
[debug] PhaseRunner.scala:85 Failure, [ng-table => InFile(/home/tso/tmp/tso-cache/npm/node_modules/ng-table/src/browser/header.html): Parse error at 1.1 ''global'' expected but '<' found] [id => ng-table, phase => typescript] 
[debug] PhaseRunner.scala:81 Success [id => ng-table, phase => typescript] 
[debug] PhaseRunner.scala:81 Success [id => ng-table, phase => typescript] 
[info ] InferredDependency.scala:20 Inferred dependencies Set(TsIdentLibrarySimple(angular)) for TsIdentLibrarySimple(ng-table) [id => ng-table, phase => typescript, file => ../src/core/index.d.ts] 
[debug] PhaseRunner.scala:81 Success [id => ng-table, phase => typescript] 
[debug] PhaseRunner.scala:89 Ignored [id => ng-table, phase => typescript] 
[debug] PhaseRunner.scala:81 Success [id => ng-table, phase => typescript] 
[debug] PhaseRunner.scala:81 Success [id => ng-table, phase => typescript] 
[debug] PhaseRunner.scala:81 Success [id => ng-table, phase => typescript] 
[debug] PhaseRunner.scala:81 Success [id => ng-table, phase => typescript] 
[debug] PhaseRunner.scala:89 Ignored [id => ng-table, phase => typescript] 
[debug] PhaseRunner.scala:81 Success [id => ng-table, phase => typescript] 
[debug] PhaseRunner.scala:81 Success [id => ng-table, phase => typescript] 
[debug] PhaseRunner.scala:81 Success [id => ng-table, phase => typescript] 
[debug] PhaseRunner.scala:81 Success [id => ng-table, phase => typescript] 
[debug] PhaseRunner.scala:89 Ignored [id => ng-table, phase => typescript] 
[debug] PhaseRunner.scala:81 Success [id => ng-table, phase => typescript] 
[debug] PhaseRunner.scala:81 Success [id => ng-table, phase => typescript] 
[debug] PhaseRunner.scala:89 Ignored [id => ng-table, phase => typescript] 
[debug] PhaseRunner.scala:81 Success [id => ng-table, phase => typescript] 
[debug] PhaseRunner.scala:81 Success [id => ng-table, phase => typescript] 
[debug] PhaseRunner.scala:81 Success [id => ng-table, phase => typescript] 
[debug] PhaseRunner.scala:81 Success [id => ng-table, phase => typescript] 
[debug] PhaseRunner.scala:81 Success [id => ng-table, phase => typescript] 
[debug] PhaseRunner.scala:81 Success [id => ng-table, phase => typescript] 
[debug] PhaseRunner.scala:81 Success [id => ng-table, phase => typescript] 
[debug] PhaseRunner.scala:81 Success [id => ng-table, phase => typescript] 
[debug] PhaseRunner.scala:81 Success [id => ng-table, phase => typescript] 
[debug] PhaseRunner.scala:81 Success [id => ng-table, phase => typescript] 
[debug] PhaseRunner.scala:81 Success [id => ng-table, phase => typescript] 
[debug] PhaseRunner.scala:81 Success [id => ng-table, phase => typescript] 
[debug] PhaseRunner.scala:81 Success [id => ng-table, phase => typescript] 
[debug] PhaseRunner.scala:81 Success [id => ng-table, phase => typescript] 
[debug] PhaseRunner.scala:85 Failure, [ng-table => InFile(/home/tso/tmp/tso-cache/npm/node_modules/ng-table/src/browser/pager.html): Parse error at 1.1 ''global'' expected but '<' found] [id => ng-table, phase => typescript] 
[warn ] PhaseRunner.scala:67 Failed because of, [ng-table => InFile(/home/tso/tmp/tso-cache/npm/node_modules/ng-table/src/browser/filters/select-multiple.html): Parse error at 1.1 ''global'' expected but '<' found, ng-table => InFile(/home/tso/tmp/tso-cache/npm/node_modules/ng-table/src/browser/filters/number.html): Parse error at 1.1 ''global'' expected but '<' found, ng-table => InFile(/home/tso/tmp/tso-cache/npm/node_modules/ng-table/src/browser/header.html): Parse error at 1.1 ''global'' expected but '<' found, ng-table => InFile(/home/tso/tmp/tso-cache/npm/node_modules/ng-table/src/browser/filters/text.html): Parse error at 1.1 ''global'' expected but '<' found, ng-table => InFile(/home/tso/tmp/tso-cache/npm/node_modules/ng-table/src/browser/filters/select.html): Parse error at 1.1 ''global'' expected but '<' found, ng-table => InFile(/home/tso/tmp/tso-cache/npm/node_modules/ng-table/src/browser/pager.html): Parse error at 1.1 ''global'' expected but '<' found] [id => ng-table, phase => typescript] 
[debug] PhaseRunner.scala:85 Failure, [ng-table => InFile(/home/tso/tmp/tso-cache/npm/node_modules/ng-table/src/browser/filters/select-multiple.html): Parse error at 1.1 ''global'' expected but '<' found, ng-table => InFile(/home/tso/tmp/tso-cache/npm/node_modules/ng-table/src/browser/filters/number.html): Parse error at 1.1 ''global'' expected but '<' found, ng-table => InFile(/home/tso/tmp/tso-cache/npm/node_modules/ng-table/src/browser/header.html): Parse error at 1.1 ''global'' expected but '<' found, ng-table => InFile(/home/tso/tmp/tso-cache/npm/node_modules/ng-table/src/browser/filters/text.html): Parse error at 1.1 ''global'' expected but '<' found, ng-table => InFile(/home/tso/tmp/tso-cache/npm/node_modules/ng-table/src/browser/filters/select.html): Parse error at 1.1 ''global'' expected but '<' found, ng-table => InFile(/home/tso/tmp/tso-cache/npm/node_modules/ng-table/src/browser/pager.html): Parse error at 1.1 ''global'' expected but '<' found] [id => ng-table, phase => typescript] 
[warn ] PhaseRunner.scala:67 Failed because of, [ng-table => InFile(/home/tso/tmp/tso-cache/npm/node_modules/ng-table/src/browser/filters/select-multiple.html): Parse error at 1.1 ''global'' expected but '<' found, ng-table => InFile(/home/tso/tmp/tso-cache/npm/node_modules/ng-table/src/browser/filters/number.html): Parse error at 1.1 ''global'' expected but '<' found, ng-table => InFile(/home/tso/tmp/tso-cache/npm/node_modules/ng-table/src/browser/header.html): Parse error at 1.1 ''global'' expected but '<' found, ng-table => InFile(/home/tso/tmp/tso-cache/npm/node_modules/ng-table/src/browser/filters/text.html): Parse error at 1.1 ''global'' expected but '<' found, ng-table => InFile(/home/tso/tmp/tso-cache/npm/node_modules/ng-table/src/browser/filters/select.html): Parse error at 1.1 ''global'' expected but '<' found, ng-table => InFile(/home/tso/tmp/tso-cache/npm/node_modules/ng-table/src/browser/pager.html): Parse error at 1.1 ''global'' expected but '<' found] [id => ng-table, phase => typescript] 
[debug] PhaseRunner.scala:85 Failure, [ng-table => InFile(/home/tso/tmp/tso-cache/npm/node_modules/ng-table/src/browser/filters/select-multiple.html): Parse error at 1.1 ''global'' expected but '<' found, ng-table => InFile(/home/tso/tmp/tso-cache/npm/node_modules/ng-table/src/browser/filters/number.html): Parse error at 1.1 ''global'' expected but '<' found, ng-table => InFile(/home/tso/tmp/tso-cache/npm/node_modules/ng-table/src/browser/header.html): Parse error at 1.1 ''global'' expected but '<' found, ng-table => InFile(/home/tso/tmp/tso-cache/npm/node_modules/ng-table/src/browser/filters/text.html): Parse error at 1.1 ''global'' expected but '<' found, ng-table => InFile(/home/tso/tmp/tso-cache/npm/node_modules/ng-table/src/browser/filters/select.html): Parse error at 1.1 ''global'' expected but '<' found, ng-table => InFile(/home/tso/tmp/tso-cache/npm/node_modules/ng-table/src/browser/pager.html): Parse error at 1.1 ''global'' expected but '<' found] [id => ng-table, phase => typescript] 
[warn ] PhaseRunner.scala:67 Failed because of, [ng-table => InFile(/home/tso/tmp/tso-cache/npm/node_modules/ng-table/src/browser/filters/select-multiple.html): Parse error at 1.1 ''global'' expected but '<' found, ng-table => InFile(/home/tso/tmp/tso-cache/npm/node_modules/ng-table/src/browser/filters/number.html): Parse error at 1.1 ''global'' expected but '<' found, ng-table => InFile(/home/tso/tmp/tso-cache/npm/node_modules/ng-table/src/browser/header.html): Parse error at 1.1 ''global'' expected but '<' found, ng-table => InFile(/home/tso/tmp/tso-cache/npm/node_modules/ng-table/src/browser/filters/text.html): Parse error at 1.1 ''global'' expected but '<' found, ng-table => InFile(/home/tso/tmp/tso-cache/npm/node_modules/ng-table/src/browser/filters/select.html): Parse error at 1.1 ''global'' expected but '<' found, ng-table => InFile(/home/tso/tmp/tso-cache/npm/node_modules/ng-table/src/browser/pager.html): Parse error at 1.1 ''global'' expected but '<' found] [id => ng-table, phase => typescript] 
[debug] PhaseRunner.scala:85 Failure, [ng-table => InFile(/home/tso/tmp/tso-cache/npm/node_modules/ng-table/src/browser/filters/select-multiple.html): Parse error at 1.1 ''global'' expected but '<' found, ng-table => InFile(/home/tso/tmp/tso-cache/npm/node_modules/ng-table/src/browser/filters/number.html): Parse error at 1.1 ''global'' expected but '<' found, ng-table => InFile(/home/tso/tmp/tso-cache/npm/node_modules/ng-table/src/browser/header.html): Parse error at 1.1 ''global'' expected but '<' found, ng-table => InFile(/home/tso/tmp/tso-cache/npm/node_modules/ng-table/src/browser/filters/text.html): Parse error at 1.1 ''global'' expected but '<' found, ng-table => InFile(/home/tso/tmp/tso-cache/npm/node_modules/ng-table/src/browser/filters/select.html): Parse error at 1.1 ''global'' expected but '<' found, ng-table => InFile(/home/tso/tmp/tso-cache/npm/node_modules/ng-table/src/browser/pager.html): Parse error at 1.1 ''global'' expected but '<' found] [id => ng-table, phase => typescript] 
[debug] PhaseRunner.scala:85 Failure, [ng-table => InFile(/home/tso/tmp/tso-cache/npm/node_modules/ng-table/src/browser/filters/select-multiple.html): Parse error at 1.1 ''global'' expected but '<' found, ng-table => InFile(/home/tso/tmp/tso-cache/npm/node_modules/ng-table/src/browser/filters/number.html): Parse error at 1.1 ''global'' expected but '<' found, ng-table => InFile(/home/tso/tmp/tso-cache/npm/node_modules/ng-table/src/browser/header.html): Parse error at 1.1 ''global'' expected but '<' found, ng-table => InFile(/home/tso/tmp/tso-cache/npm/node_modules/ng-table/src/browser/filters/text.html): Parse error at 1.1 ''global'' expected but '<' found, ng-table => InFile(/home/tso/tmp/tso-cache/npm/node_modules/ng-table/src/browser/filters/select.html): Parse error at 1.1 ''global'' expected but '<' found, ng-table => InFile(/home/tso/tmp/tso-cache/npm/node_modules/ng-table/src/browser/pager.html): Parse error at 1.1 ''global'' expected but '<' found] [id => ng-table, phase => scala.js] 
[debug] PhaseRunner.scala:85 Failure, [ng-table => InFile(/home/tso/tmp/tso-cache/npm/node_modules/ng-table/src/browser/filters/select-multiple.html): Parse error at 1.1 ''global'' expected but '<' found, ng-table => InFile(/home/tso/tmp/tso-cache/npm/node_modules/ng-table/src/browser/filters/number.html): Parse error at 1.1 ''global'' expected but '<' found, ng-table => InFile(/home/tso/tmp/tso-cache/npm/node_modules/ng-table/src/browser/header.html): Parse error at 1.1 ''global'' expected but '<' found, ng-table => InFile(/home/tso/tmp/tso-cache/npm/node_modules/ng-table/src/browser/filters/text.html): Parse error at 1.1 ''global'' expected but '<' found, ng-table => InFile(/home/tso/tmp/tso-cache/npm/node_modules/ng-table/src/browser/filters/select.html): Parse error at 1.1 ''global'' expected but '<' found, ng-table => InFile(/home/tso/tmp/tso-cache/npm/node_modules/ng-table/src/browser/pager.html): Parse error at 1.1 ''global'' expected but '<' found] [id => ng-table, phase => build] 
[debug] PhaseRunner.scala:85 Failure, [ng-table => InFile(/home/tso/tmp/tso-cache/npm/node_modules/ng-table/src/browser/filters/select-multiple.html): Parse error at 1.1 ''global'' expected but '<' found, ng-table => InFile(/home/tso/tmp/tso-cache/npm/node_modules/ng-table/src/browser/filters/number.html): Parse error at 1.1 ''global'' expected but '<' found, ng-table => InFile(/home/tso/tmp/tso-cache/npm/node_modules/ng-table/src/browser/header.html): Parse error at 1.1 ''global'' expected but '<' found, ng-table => InFile(/home/tso/tmp/tso-cache/npm/node_modules/ng-table/src/browser/filters/text.html): Parse error at 1.1 ''global'' expected but '<' found, ng-table => InFile(/home/tso/tmp/tso-cache/npm/node_modules/ng-table/src/browser/filters/select.html): Parse error at 1.1 ''global'' expected but '<' found, ng-table => InFile(/home/tso/tmp/tso-cache/npm/node_modules/ng-table/src/browser/pager.html): Parse error at 1.1 ''global'' expected but '<' found] [id => ng-table, phase => publish] 
