[debug] PhaseRunner.scala:78 Success [id => ngx-infinite-scroll, phase => typescript] 
[debug] PhaseRunner.scala:78 Success [id => ngx-infinite-scroll, phase => typescript] 
[debug] PhaseRunner.scala:78 Success [id => ngx-infinite-scroll, phase => typescript] 
[debug] PhaseRunner.scala:78 Success [id => ngx-infinite-scroll, phase => typescript] 
[debug] PhaseRunner.scala:78 Success [id => ngx-infinite-scroll, phase => typescript] 
[debug] PhaseRunner.scala:78 Success [id => ngx-infinite-scroll, phase => typescript] 
[info ] Phase1ReadTypescript.scala:152 Preprocessing TsHelperFile(InFile(/home/tso/tmp/tso-cache/npm/node_modules/ngx-infinite-scroll/ngx-infinite-scroll.d.ts),FromFolder(InFolder(/home/tso/tmp/tso-cache/npm/node_modules/ngx-infinite-scroll),TsIdentLibrarySimple(ngx-infinite-scroll)),TsIdentModule(None,List(ngx-infinite-scroll))) [id => ngx-infinite-scroll, phase => typescript] 
[info ] InferredDefaultModule.scala:39 Inferred module TsIdentModule(None,List(ngx-infinite-scroll)) [id => ngx-infinite-scroll, phase => typescript] 
[info ] Phase1ReadTypescript.scala:152 Preprocessing TsHelperFile(InFile(/home/tso/tmp/tso-cache/npm/node_modules/ngx-infinite-scroll/public_api.d.ts),FromFolder(InFolder(/home/tso/tmp/tso-cache/npm/node_modules/ngx-infinite-scroll),TsIdentLibrarySimple(ngx-infinite-scroll)),TsIdentModule(None,List(ngx-infinite-scroll, public_api))) [id => ngx-infinite-scroll, phase => typescript] 
[info ] InferredDefaultModule.scala:39 Inferred module TsIdentModule(None,List(ngx-infinite-scroll, public_api)) [id => ngx-infinite-scroll, phase => typescript] 
[info ] Phase1ReadTypescript.scala:152 Preprocessing TsHelperFile(InFile(/home/tso/tmp/tso-cache/npm/node_modules/ngx-infinite-scroll/src/models.d.ts),FromFolder(InFolder(/home/tso/tmp/tso-cache/npm/node_modules/ngx-infinite-scroll),TsIdentLibrarySimple(ngx-infinite-scroll)),TsIdentModule(None,List(ngx-infinite-scroll, src, models))) [id => ngx-infinite-scroll, phase => typescript] 
[info ] InferredDefaultModule.scala:39 Inferred module TsIdentModule(None,List(ngx-infinite-scroll, src, models)) [id => ngx-infinite-scroll, phase => typescript] 
[info ] Phase1ReadTypescript.scala:152 Preprocessing TsHelperFile(InFile(/home/tso/tmp/tso-cache/npm/node_modules/ngx-infinite-scroll/src/ngx-infinite-scroll.d.ts),FromFolder(InFolder(/home/tso/tmp/tso-cache/npm/node_modules/ngx-infinite-scroll),TsIdentLibrarySimple(ngx-infinite-scroll)),TsIdentModule(None,List(ngx-infinite-scroll, src, ngx-infinite-scroll))) [id => ngx-infinite-scroll, phase => typescript] 
[info ] InferredDefaultModule.scala:39 Inferred module TsIdentModule(None,List(ngx-infinite-scroll, src, ngx-infinite-scroll)) [id => ngx-infinite-scroll, phase => typescript] 
[info ] Phase1ReadTypescript.scala:152 Preprocessing TsHelperFile(InFile(/home/tso/tmp/tso-cache/npm/node_modules/ngx-infinite-scroll/src/modules/infinite-scroll.directive.d.ts),FromFolder(InFolder(/home/tso/tmp/tso-cache/npm/node_modules/ngx-infinite-scroll),TsIdentLibrarySimple(ngx-infinite-scroll)),TsIdentModule(None,List(ngx-infinite-scroll, src, modules, infinite-scroll.directive))) [id => ngx-infinite-scroll, phase => typescript] 
[info ] InferredDefaultModule.scala:39 Inferred module TsIdentModule(None,List(ngx-infinite-scroll, src, modules, infinite-scroll.directive)) [id => ngx-infinite-scroll, phase => typescript] 
[info ] Phase1ReadTypescript.scala:152 Preprocessing TsHelperFile(InFile(/home/tso/tmp/tso-cache/npm/node_modules/ngx-infinite-scroll/src/modules/ngx-infinite-scroll.module.d.ts),FromFolder(InFolder(/home/tso/tmp/tso-cache/npm/node_modules/ngx-infinite-scroll),TsIdentLibrarySimple(ngx-infinite-scroll)),TsIdentModule(None,List(ngx-infinite-scroll, src, modules, ngx-infinite-scroll.module))) [id => ngx-infinite-scroll, phase => typescript] 
[info ] InferredDefaultModule.scala:39 Inferred module TsIdentModule(None,List(ngx-infinite-scroll, src, modules, ngx-infinite-scroll.module)) [id => ngx-infinite-scroll, phase => typescript] 
[warn ] Phase1ReadTypescript.scala:190 Processing TsIdentLibrarySimple(ngx-infinite-scroll) [id => ngx-infinite-scroll, phase => typescript] 
[debug] DefaultedTParams.scala:29 Defaulting type parameter TsIdentSimple(T) at TreeScope(TsParsedFile() / TsDeclModule(ngx-infinite-scroll) / TsDeclClass(InfiniteScrollDirective) / TsMemberFunction(constructor) / TsFunSig() / TsFunParam() / TsTypeRef()) [id => ngx-infinite-scroll, phase => typescript, scope => TreeScope(TsParsedFile() / TsDeclModule(ngx-infinite-scroll) / TsDeclClass(InfiniteScrollDirective) / TsMemberFunction(constructor) / TsFunSig() / TsFunParam() / TsTypeRef())] 
[debug] DefaultedTParams.scala:29 Defaulting type parameter TsIdentSimple(T) at TreeScope(TsParsedFile() / TsDeclModule(ngx-infinite-scroll/public_api) / TsDeclClass(InfiniteScrollDirective) / TsMemberFunction(constructor) / TsFunSig() / TsFunParam() / TsTypeRef()) [id => ngx-infinite-scroll, phase => typescript, scope => TreeScope(TsParsedFile() / TsDeclModule(ngx-infinite-scroll/public_api) / TsDeclClass(InfiniteScrollDirective) / TsMemberFunction(constructor) / TsFunSig() / TsFunParam() / TsTypeRef())] 
[debug] DefaultedTParams.scala:29 Defaulting type parameter TsIdentSimple(T) at TreeScope(TsParsedFile() / TsDeclModule(ngx-infinite-scroll/src/models) / TsDeclTypeAlias(ContainerRef) / TsTypeUnion() / TsTypeRef()) [id => ngx-infinite-scroll, phase => typescript, scope => TreeScope(TsParsedFile() / TsDeclModule(ngx-infinite-scroll/src/models) / TsDeclTypeAlias(ContainerRef) / TsTypeUnion() / TsTypeRef())] 
[debug] DefaultedTParams.scala:29 Defaulting type parameter TsIdentSimple(T) at TreeScope(TsParsedFile() / TsDeclModule(ngx-infinite-scroll/src/models) / TsDeclInterface(IScroller) / TsMemberProperty(element) / TsTypeRef()) [id => ngx-infinite-scroll, phase => typescript, scope => TreeScope(TsParsedFile() / TsDeclModule(ngx-infinite-scroll/src/models) / TsDeclInterface(IScroller) / TsMemberProperty(element) / TsTypeRef())] 
[debug] DefaultedTParams.scala:29 Defaulting type parameter TsIdentSimple(T) at TreeScope(TsParsedFile() / TsDeclModule(ngx-infinite-scroll/src/models) / TsDeclInterface(IScroller) / TsMemberProperty(scrollContainer) / TsTypeUnion() / TsTypeRef()) [id => ngx-infinite-scroll, phase => typescript, scope => TreeScope(TsParsedFile() / TsDeclModule(ngx-infinite-scroll/src/models) / TsDeclInterface(IScroller) / TsMemberProperty(scrollContainer) / TsTypeUnion() / TsTypeRef())] 
[debug] DefaultedTParams.scala:29 Defaulting type parameter TsIdentSimple(T) at TreeScope(TsParsedFile() / TsDeclModule(ngx-infinite-scroll/src/ngx-infinite-scroll) / TsDeclClass(InfiniteScrollDirective) / TsMemberFunction(constructor) / TsFunSig() / TsFunParam() / TsTypeRef()) [id => ngx-infinite-scroll, phase => typescript, scope => TreeScope(TsParsedFile() / TsDeclModule(ngx-infinite-scroll/src/ngx-infinite-scroll) / TsDeclClass(InfiniteScrollDirective) / TsMemberFunction(constructor) / TsFunSig() / TsFunParam() / TsTypeRef())] 
[debug] DefaultedTParams.scala:29 Defaulting type parameter TsIdentSimple(T) at TreeScope(TsParsedFile() / TsDeclModule(ngx-infinite-scroll/src/modules/infinite-scroll.directive) / TsDeclClass(InfiniteScrollDirective) / TsMemberFunction(constructor) / TsFunSig() / TsFunParam() / TsTypeRef()) [id => ngx-infinite-scroll, phase => typescript, scope => TreeScope(TsParsedFile() / TsDeclModule(ngx-infinite-scroll/src/modules/infinite-scroll.directive) / TsDeclClass(InfiniteScrollDirective) / TsMemberFunction(constructor) / TsFunSig() / TsFunParam() / TsTypeRef())] 
[info ] ExtractInterfaces.scala:30 Extracted anonymous interface TsIdentSimple(Anon_Down) [id => ngx-infinite-scroll, phase => typescript, scope => TreeScope(TsParsedFile() / TsDeclModule(ngx-infinite-scroll/src/models) / TsDeclInterface(IScrollState) / TsMemberProperty(triggered) / TsTypeObject())] 
[debug] PhaseRunner.scala:78 Success [id => ngx-infinite-scroll, phase => typescript] 
[warn ] Phase2ToScalaJs.scala:34 Processing TsIdentLibrarySimple(ngx-infinite-scroll) [id => ngx-infinite-scroll, phase => scala.js] 
[info ] CompleteClass.scala:60 Completed implementations Vector(ngOnDestroy, ngOnChanges, ngAfterViewInit) [id => ngx-infinite-scroll, phase => scala.js, this => Name(ngxDashInfiniteDashScrollLib) / Name(srcModulesInfiniteDashScrollDotDirectiveMod) / Name(InfiniteScrollDirective)] 
[debug] PhaseRunner.scala:78 Success [id => ngx-infinite-scroll, phase => scala.js] 
[warn ] PhaseRunner.scala:64 Failed because of, [node => Compilation failed] [id => ngx-infinite-scroll, phase => build] 
[debug] PhaseRunner.scala:82 Failure, [node => Compilation failed] [id => ngx-infinite-scroll, phase => build] 
