[info ] InferredDependency.scala:20 Inferred dependencies Set(TsIdentLibrarySimple(node)) for TsIdentLibrarySimple(nock) [id => nock, phase => typescript, file => ../types/nock/index.d.ts] 
[debug] PhaseRunner.scala:78 Success [id => nock, phase => typescript] 
[info ] Phase1ReadTypescript.scala:152 Preprocessing TsHelperFile(InFile(/home/tso/tmp/tso-cache/DefinitelyTyped/types/nock/index.d.ts),FromFolder(InFolder(/home/tso/tmp/tso-cache/DefinitelyTyped/types/nock),TsIdentLibrarySimple(nock)),TsIdentModule(None,List(nock))) [id => nock, phase => typescript] 
[info ] InferredDefaultModule.scala:39 Inferred module TsIdentModule(None,List(nock)) [id => nock, phase => typescript] 
[warn ] Phase1ReadTypescript.scala:190 Processing TsIdentLibrarySimple(nock) [id => nock, phase => typescript] 
[info ] ExpandCallables.scala:57 Expanded get into 1 methods [id => nock, phase => typescript, scope => TreeScope(TsParsedFile() / TsDeclModule(nock) / TsDeclNamespace(nock) / TsDeclInterface(Scope))] 
[info ] ExpandCallables.scala:57 Expanded post into 1 methods [id => nock, phase => typescript, scope => TreeScope(TsParsedFile() / TsDeclModule(nock) / TsDeclNamespace(nock) / TsDeclInterface(Scope))] 
[info ] ExpandCallables.scala:57 Expanded put into 1 methods [id => nock, phase => typescript, scope => TreeScope(TsParsedFile() / TsDeclModule(nock) / TsDeclNamespace(nock) / TsDeclInterface(Scope))] 
[info ] ExpandCallables.scala:57 Expanded head into 1 methods [id => nock, phase => typescript, scope => TreeScope(TsParsedFile() / TsDeclModule(nock) / TsDeclNamespace(nock) / TsDeclInterface(Scope))] 
[info ] ExpandCallables.scala:57 Expanded patch into 1 methods [id => nock, phase => typescript, scope => TreeScope(TsParsedFile() / TsDeclModule(nock) / TsDeclNamespace(nock) / TsDeclInterface(Scope))] 
[info ] ExpandCallables.scala:57 Expanded merge into 1 methods [id => nock, phase => typescript, scope => TreeScope(TsParsedFile() / TsDeclModule(nock) / TsDeclNamespace(nock) / TsDeclInterface(Scope))] 
[info ] ExpandCallables.scala:57 Expanded delete into 1 methods [id => nock, phase => typescript, scope => TreeScope(TsParsedFile() / TsDeclModule(nock) / TsDeclNamespace(nock) / TsDeclInterface(Scope))] 
[info ] ExpandCallables.scala:57 Expanded options into 1 methods [id => nock, phase => typescript, scope => TreeScope(TsParsedFile() / TsDeclModule(nock) / TsDeclNamespace(nock) / TsDeclInterface(Scope))] 
[info ] ExtractInterfaces.scala:30 Extracted anonymous interface TsIdentSimple(Anon_Uri) [id => nock, phase => typescript, scope => TreeScope(TsParsedFile() / TsDeclModule(nock) / TsDeclNamespace(nock) / TsDeclInterface(Scope) / TsMemberFunction(post) / TsFunSig() / TsFunParam() / TsTypeObject())] 
[info ] ExtractInterfaces.scala:30 Extracted anonymous interface TsIdentSimple(Anon_Uri) [id => nock, phase => typescript, scope => TreeScope(TsParsedFile() / TsDeclModule(nock) / TsDeclNamespace(nock) / TsDeclInterface(Scope) / TsMemberFunction(post) / TsFunSig() / TsFunParam() / TsTypeObject())] 
[info ] ExtractInterfaces.scala:30 Extracted anonymous interface TsIdentSimple(Anon_Uri) [id => nock, phase => typescript, scope => TreeScope(TsParsedFile() / TsDeclModule(nock) / TsDeclNamespace(nock) / TsDeclInterface(Scope) / TsMemberFunction(post) / TsFunSig() / TsFunParam() / TsTypeObject())] 
[info ] ExtractInterfaces.scala:30 Extracted anonymous interface TsIdentSimple(Anon_Uri) [id => nock, phase => typescript, scope => TreeScope(TsParsedFile() / TsDeclModule(nock) / TsDeclNamespace(nock) / TsDeclInterface(Scope) / TsMemberFunction(post) / TsFunSig() / TsFunParam() / TsTypeObject())] 
[info ] ExtractInterfaces.scala:30 Extracted anonymous interface TsIdentSimple(Anon_Uri) [id => nock, phase => typescript, scope => TreeScope(TsParsedFile() / TsDeclModule(nock) / TsDeclNamespace(nock) / TsDeclInterface(Scope) / TsMemberFunction(post) / TsFunSig() / TsFunParam() / TsTypeObject())] 
[info ] ExtractInterfaces.scala:30 Extracted anonymous interface TsIdentSimple(Anon_Uri) [id => nock, phase => typescript, scope => TreeScope(TsParsedFile() / TsDeclModule(nock) / TsDeclNamespace(nock) / TsDeclInterface(Scope) / TsMemberFunction(post) / TsFunSig() / TsFunParam() / TsTypeObject())] 
[info ] ExtractInterfaces.scala:30 Extracted anonymous interface TsIdentSimple(Anon_Body) [id => nock, phase => typescript, scope => TreeScope(TsParsedFile() / TsDeclModule(nock) / TsDeclNamespace(nock) / TsDeclInterface(Scope) / TsMemberFunction(post) / TsFunSig() / TsFunParam() / TsTypeObject())] 
[info ] ExtractInterfaces.scala:30 Extracted anonymous interface TsIdentSimple(Anon_Body) [id => nock, phase => typescript, scope => TreeScope(TsParsedFile() / TsDeclModule(nock) / TsDeclNamespace(nock) / TsDeclInterface(Scope) / TsMemberFunction(post) / TsFunSig() / TsFunParam() / TsTypeObject())] 
[info ] ExtractInterfaces.scala:30 Extracted anonymous interface TsIdentSimple(Anon_Body) [id => nock, phase => typescript, scope => TreeScope(TsParsedFile() / TsDeclModule(nock) / TsDeclNamespace(nock) / TsDeclInterface(Scope) / TsMemberFunction(post) / TsFunSig() / TsFunParam() / TsTypeObject())] 
[info ] ExtractInterfaces.scala:30 Extracted anonymous interface TsIdentSimple(Anon_Body) [id => nock, phase => typescript, scope => TreeScope(TsParsedFile() / TsDeclModule(nock) / TsDeclNamespace(nock) / TsDeclInterface(Scope) / TsMemberFunction(post) / TsFunSig() / TsFunParam() / TsTypeObject())] 
[info ] ExtractInterfaces.scala:30 Extracted anonymous interface TsIdentSimple(Anon_Uri) [id => nock, phase => typescript, scope => TreeScope(TsParsedFile() / TsDeclModule(nock) / TsDeclNamespace(nock) / TsDeclInterface(Scope) / TsMemberFunction(post) / TsFunSig() / TsFunParam() / TsTypeObject())] 
[info ] ExtractInterfaces.scala:30 Extracted anonymous interface TsIdentSimple(Anon_Uri) [id => nock, phase => typescript, scope => TreeScope(TsParsedFile() / TsDeclModule(nock) / TsDeclNamespace(nock) / TsDeclInterface(Scope) / TsMemberFunction(post) / TsFunSig() / TsFunParam() / TsTypeObject())] 
[info ] ExtractInterfaces.scala:30 Extracted anonymous interface TsIdentSimple(Anon_Body) [id => nock, phase => typescript, scope => TreeScope(TsParsedFile() / TsDeclModule(nock) / TsDeclNamespace(nock) / TsDeclInterface(Scope) / TsMemberFunction(post) / TsFunSig() / TsFunParam() / TsTypeObject())] 
[info ] ExtractInterfaces.scala:30 Extracted anonymous interface TsIdentSimple(Anon_Uri) [id => nock, phase => typescript, scope => TreeScope(TsParsedFile() / TsDeclModule(nock) / TsDeclNamespace(nock) / TsDeclInterface(Scope) / TsMemberFunction(post) / TsFunSig() / TsFunParam() / TsTypeObject())] 
[info ] ExtractInterfaces.scala:30 Extracted anonymous interface TsIdentSimple(Anon_Body) [id => nock, phase => typescript, scope => TreeScope(TsParsedFile() / TsDeclModule(nock) / TsDeclNamespace(nock) / TsDeclInterface(Scope) / TsMemberFunction(post) / TsFunSig() / TsFunParam() / TsTypeObject())] 
[info ] ExtractInterfaces.scala:30 Extracted anonymous interface TsIdentSimple(Anon_Uri) [id => nock, phase => typescript, scope => TreeScope(TsParsedFile() / TsDeclModule(nock) / TsDeclNamespace(nock) / TsDeclInterface(Scope) / TsMemberFunction(post) / TsFunSig() / TsFunParam() / TsTypeObject())] 
[info ] ExtractInterfaces.scala:30 Extracted anonymous interface TsIdentSimple(Anon_Uri) [id => nock, phase => typescript, scope => TreeScope(TsParsedFile() / TsDeclModule(nock) / TsDeclNamespace(nock) / TsDeclInterface(Scope) / TsMemberFunction(post) / TsFunSig() / TsFunParam() / TsTypeObject())] 
[info ] ExtractInterfaces.scala:30 Extracted anonymous interface TsIdentSimple(Anon_Uri) [id => nock, phase => typescript, scope => TreeScope(TsParsedFile() / TsDeclModule(nock) / TsDeclNamespace(nock) / TsDeclInterface(Scope) / TsMemberFunction(post) / TsFunSig() / TsFunParam() / TsTypeObject())] 
[info ] ExtractInterfaces.scala:30 Extracted anonymous interface TsIdentSimple(Anon_Uri) [id => nock, phase => typescript, scope => TreeScope(TsParsedFile() / TsDeclModule(nock) / TsDeclNamespace(nock) / TsDeclInterface(Scope) / TsMemberFunction(intercept) / TsFunSig() / TsFunParam() / TsTypeObject())] 
[info ] ExtractInterfaces.scala:30 Extracted anonymous interface TsIdentSimple(Anon_Uri) [id => nock, phase => typescript, scope => TreeScope(TsParsedFile() / TsDeclModule(nock) / TsDeclNamespace(nock) / TsDeclInterface(Scope) / TsMemberFunction(intercept) / TsFunSig() / TsFunParam() / TsTypeObject())] 
[info ] ExtractInterfaces.scala:30 Extracted anonymous interface TsIdentSimple(Anon_Uri) [id => nock, phase => typescript, scope => TreeScope(TsParsedFile() / TsDeclModule(nock) / TsDeclNamespace(nock) / TsDeclInterface(Scope) / TsMemberFunction(intercept) / TsFunSig() / TsFunParam() / TsTypeObject())] 
[info ] ExtractInterfaces.scala:30 Extracted anonymous interface TsIdentSimple(Anon_Uri) [id => nock, phase => typescript, scope => TreeScope(TsParsedFile() / TsDeclModule(nock) / TsDeclNamespace(nock) / TsDeclInterface(Scope) / TsMemberFunction(intercept) / TsFunSig() / TsFunParam() / TsTypeObject())] 
[info ] ExtractInterfaces.scala:30 Extracted anonymous interface TsIdentSimple(Anon_Uri) [id => nock, phase => typescript, scope => TreeScope(TsParsedFile() / TsDeclModule(nock) / TsDeclNamespace(nock) / TsDeclInterface(Scope) / TsMemberFunction(intercept) / TsFunSig() / TsFunParam() / TsTypeObject())] 
[info ] ExtractInterfaces.scala:30 Extracted anonymous interface TsIdentSimple(Anon_Uri) [id => nock, phase => typescript, scope => TreeScope(TsParsedFile() / TsDeclModule(nock) / TsDeclNamespace(nock) / TsDeclInterface(Scope) / TsMemberFunction(intercept) / TsFunSig() / TsFunParam() / TsTypeObject())] 
[info ] ExtractInterfaces.scala:30 Extracted anonymous interface TsIdentSimple(Anon_Body) [id => nock, phase => typescript, scope => TreeScope(TsParsedFile() / TsDeclModule(nock) / TsDeclNamespace(nock) / TsDeclInterface(Scope) / TsMemberFunction(intercept) / TsFunSig() / TsFunParam() / TsTypeObject())] 
[info ] ExtractInterfaces.scala:30 Extracted anonymous interface TsIdentSimple(Anon_Body) [id => nock, phase => typescript, scope => TreeScope(TsParsedFile() / TsDeclModule(nock) / TsDeclNamespace(nock) / TsDeclInterface(Scope) / TsMemberFunction(intercept) / TsFunSig() / TsFunParam() / TsTypeObject())] 
[info ] ExtractInterfaces.scala:30 Extracted anonymous interface TsIdentSimple(Anon_Body) [id => nock, phase => typescript, scope => TreeScope(TsParsedFile() / TsDeclModule(nock) / TsDeclNamespace(nock) / TsDeclInterface(Scope) / TsMemberFunction(intercept) / TsFunSig() / TsFunParam() / TsTypeObject())] 
[info ] ExtractInterfaces.scala:30 Extracted anonymous interface TsIdentSimple(Anon_Body) [id => nock, phase => typescript, scope => TreeScope(TsParsedFile() / TsDeclModule(nock) / TsDeclNamespace(nock) / TsDeclInterface(Scope) / TsMemberFunction(intercept) / TsFunSig() / TsFunParam() / TsTypeObject())] 
[info ] ExtractInterfaces.scala:30 Extracted anonymous interface TsIdentSimple(Anon_Uri) [id => nock, phase => typescript, scope => TreeScope(TsParsedFile() / TsDeclModule(nock) / TsDeclNamespace(nock) / TsDeclInterface(Scope) / TsMemberFunction(intercept) / TsFunSig() / TsFunParam() / TsTypeObject())] 
[info ] ExtractInterfaces.scala:30 Extracted anonymous interface TsIdentSimple(Anon_Uri) [id => nock, phase => typescript, scope => TreeScope(TsParsedFile() / TsDeclModule(nock) / TsDeclNamespace(nock) / TsDeclInterface(Scope) / TsMemberFunction(intercept) / TsFunSig() / TsFunParam() / TsTypeObject())] 
[info ] ExtractInterfaces.scala:30 Extracted anonymous interface TsIdentSimple(Anon_Body) [id => nock, phase => typescript, scope => TreeScope(TsParsedFile() / TsDeclModule(nock) / TsDeclNamespace(nock) / TsDeclInterface(Scope) / TsMemberFunction(intercept) / TsFunSig() / TsFunParam() / TsTypeObject())] 
[info ] ExtractInterfaces.scala:30 Extracted anonymous interface TsIdentSimple(Anon_Uri) [id => nock, phase => typescript, scope => TreeScope(TsParsedFile() / TsDeclModule(nock) / TsDeclNamespace(nock) / TsDeclInterface(Scope) / TsMemberFunction(intercept) / TsFunSig() / TsFunParam() / TsTypeObject())] 
[info ] ExtractInterfaces.scala:30 Extracted anonymous interface TsIdentSimple(Anon_Body) [id => nock, phase => typescript, scope => TreeScope(TsParsedFile() / TsDeclModule(nock) / TsDeclNamespace(nock) / TsDeclInterface(Scope) / TsMemberFunction(intercept) / TsFunSig() / TsFunParam() / TsTypeObject())] 
[info ] ExtractInterfaces.scala:30 Extracted anonymous interface TsIdentSimple(Anon_Uri) [id => nock, phase => typescript, scope => TreeScope(TsParsedFile() / TsDeclModule(nock) / TsDeclNamespace(nock) / TsDeclInterface(Scope) / TsMemberFunction(intercept) / TsFunSig() / TsFunParam() / TsTypeObject())] 
[info ] ExtractInterfaces.scala:30 Extracted anonymous interface TsIdentSimple(Anon_Uri) [id => nock, phase => typescript, scope => TreeScope(TsParsedFile() / TsDeclModule(nock) / TsDeclNamespace(nock) / TsDeclInterface(Scope) / TsMemberFunction(intercept) / TsFunSig() / TsFunParam() / TsTypeObject())] 
[info ] ExtractInterfaces.scala:30 Extracted anonymous interface TsIdentSimple(Anon_Uri) [id => nock, phase => typescript, scope => TreeScope(TsParsedFile() / TsDeclModule(nock) / TsDeclNamespace(nock) / TsDeclInterface(Scope) / TsMemberFunction(intercept) / TsFunSig() / TsFunParam() / TsTypeObject())] 
[info ] ExtractInterfaces.scala:30 Extracted anonymous interface TsIdentSimple(Anon_Uri) [id => nock, phase => typescript, scope => TreeScope(TsParsedFile() / TsDeclModule(nock) / TsDeclNamespace(nock) / TsDeclInterface(Scope) / TsMemberFunction(head) / TsFunSig() / TsFunParam() / TsTypeObject())] 
[info ] ExtractInterfaces.scala:30 Extracted anonymous interface TsIdentSimple(Anon_Uri) [id => nock, phase => typescript, scope => TreeScope(TsParsedFile() / TsDeclModule(nock) / TsDeclNamespace(nock) / TsDeclInterface(Scope) / TsMemberFunction(head) / TsFunSig() / TsFunParam() / TsTypeObject())] 
[info ] ExtractInterfaces.scala:30 Extracted anonymous interface TsIdentSimple(Anon_Uri) [id => nock, phase => typescript, scope => TreeScope(TsParsedFile() / TsDeclModule(nock) / TsDeclNamespace(nock) / TsDeclInterface(Scope) / TsMemberFunction(head) / TsFunSig() / TsFunParam() / TsTypeObject())] 
[info ] ExtractInterfaces.scala:30 Extracted anonymous interface TsIdentSimple(Anon_Uri) [id => nock, phase => typescript, scope => TreeScope(TsParsedFile() / TsDeclModule(nock) / TsDeclNamespace(nock) / TsDeclInterface(Scope) / TsMemberFunction(head) / TsFunSig() / TsFunParam() / TsTypeObject())] 
[info ] ExtractInterfaces.scala:30 Extracted anonymous interface TsIdentSimple(Anon_Uri) [id => nock, phase => typescript, scope => TreeScope(TsParsedFile() / TsDeclModule(nock) / TsDeclNamespace(nock) / TsDeclInterface(Scope) / TsMemberFunction(head) / TsFunSig() / TsFunParam() / TsTypeObject())] 
[info ] ExtractInterfaces.scala:30 Extracted anonymous interface TsIdentSimple(Anon_Uri) [id => nock, phase => typescript, scope => TreeScope(TsParsedFile() / TsDeclModule(nock) / TsDeclNamespace(nock) / TsDeclInterface(Scope) / TsMemberFunction(head) / TsFunSig() / TsFunParam() / TsTypeObject())] 
[info ] ExtractInterfaces.scala:30 Extracted anonymous interface TsIdentSimple(Anon_Body) [id => nock, phase => typescript, scope => TreeScope(TsParsedFile() / TsDeclModule(nock) / TsDeclNamespace(nock) / TsDeclInterface(Scope) / TsMemberFunction(head) / TsFunSig() / TsFunParam() / TsTypeObject())] 
[info ] ExtractInterfaces.scala:30 Extracted anonymous interface TsIdentSimple(Anon_Body) [id => nock, phase => typescript, scope => TreeScope(TsParsedFile() / TsDeclModule(nock) / TsDeclNamespace(nock) / TsDeclInterface(Scope) / TsMemberFunction(head) / TsFunSig() / TsFunParam() / TsTypeObject())] 
[info ] ExtractInterfaces.scala:30 Extracted anonymous interface TsIdentSimple(Anon_Body) [id => nock, phase => typescript, scope => TreeScope(TsParsedFile() / TsDeclModule(nock) / TsDeclNamespace(nock) / TsDeclInterface(Scope) / TsMemberFunction(head) / TsFunSig() / TsFunParam() / TsTypeObject())] 
[info ] ExtractInterfaces.scala:30 Extracted anonymous interface TsIdentSimple(Anon_Body) [id => nock, phase => typescript, scope => TreeScope(TsParsedFile() / TsDeclModule(nock) / TsDeclNamespace(nock) / TsDeclInterface(Scope) / TsMemberFunction(head) / TsFunSig() / TsFunParam() / TsTypeObject())] 
[info ] ExtractInterfaces.scala:30 Extracted anonymous interface TsIdentSimple(Anon_Uri) [id => nock, phase => typescript, scope => TreeScope(TsParsedFile() / TsDeclModule(nock) / TsDeclNamespace(nock) / TsDeclInterface(Scope) / TsMemberFunction(head) / TsFunSig() / TsFunParam() / TsTypeObject())] 
[info ] ExtractInterfaces.scala:30 Extracted anonymous interface TsIdentSimple(Anon_Uri) [id => nock, phase => typescript, scope => TreeScope(TsParsedFile() / TsDeclModule(nock) / TsDeclNamespace(nock) / TsDeclInterface(Scope) / TsMemberFunction(head) / TsFunSig() / TsFunParam() / TsTypeObject())] 
[info ] ExtractInterfaces.scala:30 Extracted anonymous interface TsIdentSimple(Anon_Body) [id => nock, phase => typescript, scope => TreeScope(TsParsedFile() / TsDeclModule(nock) / TsDeclNamespace(nock) / TsDeclInterface(Scope) / TsMemberFunction(head) / TsFunSig() / TsFunParam() / TsTypeObject())] 
[info ] ExtractInterfaces.scala:30 Extracted anonymous interface TsIdentSimple(Anon_Uri) [id => nock, phase => typescript, scope => TreeScope(TsParsedFile() / TsDeclModule(nock) / TsDeclNamespace(nock) / TsDeclInterface(Scope) / TsMemberFunction(head) / TsFunSig() / TsFunParam() / TsTypeObject())] 
[info ] ExtractInterfaces.scala:30 Extracted anonymous interface TsIdentSimple(Anon_Body) [id => nock, phase => typescript, scope => TreeScope(TsParsedFile() / TsDeclModule(nock) / TsDeclNamespace(nock) / TsDeclInterface(Scope) / TsMemberFunction(head) / TsFunSig() / TsFunParam() / TsTypeObject())] 
[info ] ExtractInterfaces.scala:30 Extracted anonymous interface TsIdentSimple(Anon_Uri) [id => nock, phase => typescript, scope => TreeScope(TsParsedFile() / TsDeclModule(nock) / TsDeclNamespace(nock) / TsDeclInterface(Scope) / TsMemberFunction(head) / TsFunSig() / TsFunParam() / TsTypeObject())] 
[info ] ExtractInterfaces.scala:30 Extracted anonymous interface TsIdentSimple(Anon_Uri) [id => nock, phase => typescript, scope => TreeScope(TsParsedFile() / TsDeclModule(nock) / TsDeclNamespace(nock) / TsDeclInterface(Scope) / TsMemberFunction(head) / TsFunSig() / TsFunParam() / TsTypeObject())] 
[info ] ExtractInterfaces.scala:30 Extracted anonymous interface TsIdentSimple(Anon_Uri) [id => nock, phase => typescript, scope => TreeScope(TsParsedFile() / TsDeclModule(nock) / TsDeclNamespace(nock) / TsDeclInterface(Scope) / TsMemberFunction(head) / TsFunSig() / TsFunParam() / TsTypeObject())] 
[info ] ExtractInterfaces.scala:30 Extracted anonymous interface TsIdentSimple(Anon_Uri) [id => nock, phase => typescript, scope => TreeScope(TsParsedFile() / TsDeclModule(nock) / TsDeclNamespace(nock) / TsDeclInterface(Scope) / TsMemberFunction(options) / TsFunSig() / TsFunParam() / TsTypeObject())] 
[info ] ExtractInterfaces.scala:30 Extracted anonymous interface TsIdentSimple(Anon_Uri) [id => nock, phase => typescript, scope => TreeScope(TsParsedFile() / TsDeclModule(nock) / TsDeclNamespace(nock) / TsDeclInterface(Scope) / TsMemberFunction(options) / TsFunSig() / TsFunParam() / TsTypeObject())] 
[info ] ExtractInterfaces.scala:30 Extracted anonymous interface TsIdentSimple(Anon_Uri) [id => nock, phase => typescript, scope => TreeScope(TsParsedFile() / TsDeclModule(nock) / TsDeclNamespace(nock) / TsDeclInterface(Scope) / TsMemberFunction(options) / TsFunSig() / TsFunParam() / TsTypeObject())] 
[info ] ExtractInterfaces.scala:30 Extracted anonymous interface TsIdentSimple(Anon_Uri) [id => nock, phase => typescript, scope => TreeScope(TsParsedFile() / TsDeclModule(nock) / TsDeclNamespace(nock) / TsDeclInterface(Scope) / TsMemberFunction(options) / TsFunSig() / TsFunParam() / TsTypeObject())] 
[info ] ExtractInterfaces.scala:30 Extracted anonymous interface TsIdentSimple(Anon_Uri) [id => nock, phase => typescript, scope => TreeScope(TsParsedFile() / TsDeclModule(nock) / TsDeclNamespace(nock) / TsDeclInterface(Scope) / TsMemberFunction(options) / TsFunSig() / TsFunParam() / TsTypeObject())] 
[info ] ExtractInterfaces.scala:30 Extracted anonymous interface TsIdentSimple(Anon_Uri) [id => nock, phase => typescript, scope => TreeScope(TsParsedFile() / TsDeclModule(nock) / TsDeclNamespace(nock) / TsDeclInterface(Scope) / TsMemberFunction(options) / TsFunSig() / TsFunParam() / TsTypeObject())] 
[info ] ExtractInterfaces.scala:30 Extracted anonymous interface TsIdentSimple(Anon_Body) [id => nock, phase => typescript, scope => TreeScope(TsParsedFile() / TsDeclModule(nock) / TsDeclNamespace(nock) / TsDeclInterface(Scope) / TsMemberFunction(options) / TsFunSig() / TsFunParam() / TsTypeObject())] 
[info ] ExtractInterfaces.scala:30 Extracted anonymous interface TsIdentSimple(Anon_Body) [id => nock, phase => typescript, scope => TreeScope(TsParsedFile() / TsDeclModule(nock) / TsDeclNamespace(nock) / TsDeclInterface(Scope) / TsMemberFunction(options) / TsFunSig() / TsFunParam() / TsTypeObject())] 
[info ] ExtractInterfaces.scala:30 Extracted anonymous interface TsIdentSimple(Anon_Body) [id => nock, phase => typescript, scope => TreeScope(TsParsedFile() / TsDeclModule(nock) / TsDeclNamespace(nock) / TsDeclInterface(Scope) / TsMemberFunction(options) / TsFunSig() / TsFunParam() / TsTypeObject())] 
[info ] ExtractInterfaces.scala:30 Extracted anonymous interface TsIdentSimple(Anon_Body) [id => nock, phase => typescript, scope => TreeScope(TsParsedFile() / TsDeclModule(nock) / TsDeclNamespace(nock) / TsDeclInterface(Scope) / TsMemberFunction(options) / TsFunSig() / TsFunParam() / TsTypeObject())] 
[info ] ExtractInterfaces.scala:30 Extracted anonymous interface TsIdentSimple(Anon_Uri) [id => nock, phase => typescript, scope => TreeScope(TsParsedFile() / TsDeclModule(nock) / TsDeclNamespace(nock) / TsDeclInterface(Scope) / TsMemberFunction(options) / TsFunSig() / TsFunParam() / TsTypeObject())] 
[info ] ExtractInterfaces.scala:30 Extracted anonymous interface TsIdentSimple(Anon_Uri) [id => nock, phase => typescript, scope => TreeScope(TsParsedFile() / TsDeclModule(nock) / TsDeclNamespace(nock) / TsDeclInterface(Scope) / TsMemberFunction(options) / TsFunSig() / TsFunParam() / TsTypeObject())] 
[info ] ExtractInterfaces.scala:30 Extracted anonymous interface TsIdentSimple(Anon_Body) [id => nock, phase => typescript, scope => TreeScope(TsParsedFile() / TsDeclModule(nock) / TsDeclNamespace(nock) / TsDeclInterface(Scope) / TsMemberFunction(options) / TsFunSig() / TsFunParam() / TsTypeObject())] 
[info ] ExtractInterfaces.scala:30 Extracted anonymous interface TsIdentSimple(Anon_Uri) [id => nock, phase => typescript, scope => TreeScope(TsParsedFile() / TsDeclModule(nock) / TsDeclNamespace(nock) / TsDeclInterface(Scope) / TsMemberFunction(options) / TsFunSig() / TsFunParam() / TsTypeObject())] 
[info ] ExtractInterfaces.scala:30 Extracted anonymous interface TsIdentSimple(Anon_Body) [id => nock, phase => typescript, scope => TreeScope(TsParsedFile() / TsDeclModule(nock) / TsDeclNamespace(nock) / TsDeclInterface(Scope) / TsMemberFunction(options) / TsFunSig() / TsFunParam() / TsTypeObject())] 
[info ] ExtractInterfaces.scala:30 Extracted anonymous interface TsIdentSimple(Anon_Uri) [id => nock, phase => typescript, scope => TreeScope(TsParsedFile() / TsDeclModule(nock) / TsDeclNamespace(nock) / TsDeclInterface(Scope) / TsMemberFunction(options) / TsFunSig() / TsFunParam() / TsTypeObject())] 
[info ] ExtractInterfaces.scala:30 Extracted anonymous interface TsIdentSimple(Anon_Uri) [id => nock, phase => typescript, scope => TreeScope(TsParsedFile() / TsDeclModule(nock) / TsDeclNamespace(nock) / TsDeclInterface(Scope) / TsMemberFunction(options) / TsFunSig() / TsFunParam() / TsTypeObject())] 
[info ] ExtractInterfaces.scala:30 Extracted anonymous interface TsIdentSimple(Anon_Uri) [id => nock, phase => typescript, scope => TreeScope(TsParsedFile() / TsDeclModule(nock) / TsDeclNamespace(nock) / TsDeclInterface(Scope) / TsMemberFunction(options) / TsFunSig() / TsFunParam() / TsTypeObject())] 
[info ] ExtractInterfaces.scala:30 Extracted anonymous interface TsIdentSimple(Anon_Uri) [id => nock, phase => typescript, scope => TreeScope(TsParsedFile() / TsDeclModule(nock) / TsDeclNamespace(nock) / TsDeclInterface(Scope) / TsMemberFunction(merge) / TsFunSig() / TsFunParam() / TsTypeObject())] 
[info ] ExtractInterfaces.scala:30 Extracted anonymous interface TsIdentSimple(Anon_Uri) [id => nock, phase => typescript, scope => TreeScope(TsParsedFile() / TsDeclModule(nock) / TsDeclNamespace(nock) / TsDeclInterface(Scope) / TsMemberFunction(merge) / TsFunSig() / TsFunParam() / TsTypeObject())] 
[info ] ExtractInterfaces.scala:30 Extracted anonymous interface TsIdentSimple(Anon_Uri) [id => nock, phase => typescript, scope => TreeScope(TsParsedFile() / TsDeclModule(nock) / TsDeclNamespace(nock) / TsDeclInterface(Scope) / TsMemberFunction(merge) / TsFunSig() / TsFunParam() / TsTypeObject())] 
[info ] ExtractInterfaces.scala:30 Extracted anonymous interface TsIdentSimple(Anon_Uri) [id => nock, phase => typescript, scope => TreeScope(TsParsedFile() / TsDeclModule(nock) / TsDeclNamespace(nock) / TsDeclInterface(Scope) / TsMemberFunction(merge) / TsFunSig() / TsFunParam() / TsTypeObject())] 
[info ] ExtractInterfaces.scala:30 Extracted anonymous interface TsIdentSimple(Anon_Uri) [id => nock, phase => typescript, scope => TreeScope(TsParsedFile() / TsDeclModule(nock) / TsDeclNamespace(nock) / TsDeclInterface(Scope) / TsMemberFunction(merge) / TsFunSig() / TsFunParam() / TsTypeObject())] 
[info ] ExtractInterfaces.scala:30 Extracted anonymous interface TsIdentSimple(Anon_Uri) [id => nock, phase => typescript, scope => TreeScope(TsParsedFile() / TsDeclModule(nock) / TsDeclNamespace(nock) / TsDeclInterface(Scope) / TsMemberFunction(merge) / TsFunSig() / TsFunParam() / TsTypeObject())] 
[info ] ExtractInterfaces.scala:30 Extracted anonymous interface TsIdentSimple(Anon_Body) [id => nock, phase => typescript, scope => TreeScope(TsParsedFile() / TsDeclModule(nock) / TsDeclNamespace(nock) / TsDeclInterface(Scope) / TsMemberFunction(merge) / TsFunSig() / TsFunParam() / TsTypeObject())] 
[info ] ExtractInterfaces.scala:30 Extracted anonymous interface TsIdentSimple(Anon_Body) [id => nock, phase => typescript, scope => TreeScope(TsParsedFile() / TsDeclModule(nock) / TsDeclNamespace(nock) / TsDeclInterface(Scope) / TsMemberFunction(merge) / TsFunSig() / TsFunParam() / TsTypeObject())] 
[info ] ExtractInterfaces.scala:30 Extracted anonymous interface TsIdentSimple(Anon_Body) [id => nock, phase => typescript, scope => TreeScope(TsParsedFile() / TsDeclModule(nock) / TsDeclNamespace(nock) / TsDeclInterface(Scope) / TsMemberFunction(merge) / TsFunSig() / TsFunParam() / TsTypeObject())] 
[info ] ExtractInterfaces.scala:30 Extracted anonymous interface TsIdentSimple(Anon_Body) [id => nock, phase => typescript, scope => TreeScope(TsParsedFile() / TsDeclModule(nock) / TsDeclNamespace(nock) / TsDeclInterface(Scope) / TsMemberFunction(merge) / TsFunSig() / TsFunParam() / TsTypeObject())] 
[info ] ExtractInterfaces.scala:30 Extracted anonymous interface TsIdentSimple(Anon_Uri) [id => nock, phase => typescript, scope => TreeScope(TsParsedFile() / TsDeclModule(nock) / TsDeclNamespace(nock) / TsDeclInterface(Scope) / TsMemberFunction(merge) / TsFunSig() / TsFunParam() / TsTypeObject())] 
[info ] ExtractInterfaces.scala:30 Extracted anonymous interface TsIdentSimple(Anon_Uri) [id => nock, phase => typescript, scope => TreeScope(TsParsedFile() / TsDeclModule(nock) / TsDeclNamespace(nock) / TsDeclInterface(Scope) / TsMemberFunction(merge) / TsFunSig() / TsFunParam() / TsTypeObject())] 
[info ] ExtractInterfaces.scala:30 Extracted anonymous interface TsIdentSimple(Anon_Body) [id => nock, phase => typescript, scope => TreeScope(TsParsedFile() / TsDeclModule(nock) / TsDeclNamespace(nock) / TsDeclInterface(Scope) / TsMemberFunction(merge) / TsFunSig() / TsFunParam() / TsTypeObject())] 
[info ] ExtractInterfaces.scala:30 Extracted anonymous interface TsIdentSimple(Anon_Uri) [id => nock, phase => typescript, scope => TreeScope(TsParsedFile() / TsDeclModule(nock) / TsDeclNamespace(nock) / TsDeclInterface(Scope) / TsMemberFunction(merge) / TsFunSig() / TsFunParam() / TsTypeObject())] 
[info ] ExtractInterfaces.scala:30 Extracted anonymous interface TsIdentSimple(Anon_Body) [id => nock, phase => typescript, scope => TreeScope(TsParsedFile() / TsDeclModule(nock) / TsDeclNamespace(nock) / TsDeclInterface(Scope) / TsMemberFunction(merge) / TsFunSig() / TsFunParam() / TsTypeObject())] 
[info ] ExtractInterfaces.scala:30 Extracted anonymous interface TsIdentSimple(Anon_Uri) [id => nock, phase => typescript, scope => TreeScope(TsParsedFile() / TsDeclModule(nock) / TsDeclNamespace(nock) / TsDeclInterface(Scope) / TsMemberFunction(merge) / TsFunSig() / TsFunParam() / TsTypeObject())] 
[info ] ExtractInterfaces.scala:30 Extracted anonymous interface TsIdentSimple(Anon_Uri) [id => nock, phase => typescript, scope => TreeScope(TsParsedFile() / TsDeclModule(nock) / TsDeclNamespace(nock) / TsDeclInterface(Scope) / TsMemberFunction(merge) / TsFunSig() / TsFunParam() / TsTypeObject())] 
[info ] ExtractInterfaces.scala:30 Extracted anonymous interface TsIdentSimple(Anon_Uri) [id => nock, phase => typescript, scope => TreeScope(TsParsedFile() / TsDeclModule(nock) / TsDeclNamespace(nock) / TsDeclInterface(Scope) / TsMemberFunction(merge) / TsFunSig() / TsFunParam() / TsTypeObject())] 
[info ] ExtractInterfaces.scala:30 Extracted anonymous interface TsIdentSimple(Anon_Uri) [id => nock, phase => typescript, scope => TreeScope(TsParsedFile() / TsDeclModule(nock) / TsDeclNamespace(nock) / TsDeclInterface(Scope) / TsMemberFunction(delete) / TsFunSig() / TsFunParam() / TsTypeObject())] 
[info ] ExtractInterfaces.scala:30 Extracted anonymous interface TsIdentSimple(Anon_Uri) [id => nock, phase => typescript, scope => TreeScope(TsParsedFile() / TsDeclModule(nock) / TsDeclNamespace(nock) / TsDeclInterface(Scope) / TsMemberFunction(delete) / TsFunSig() / TsFunParam() / TsTypeObject())] 
[info ] ExtractInterfaces.scala:30 Extracted anonymous interface TsIdentSimple(Anon_Uri) [id => nock, phase => typescript, scope => TreeScope(TsParsedFile() / TsDeclModule(nock) / TsDeclNamespace(nock) / TsDeclInterface(Scope) / TsMemberFunction(delete) / TsFunSig() / TsFunParam() / TsTypeObject())] 
[info ] ExtractInterfaces.scala:30 Extracted anonymous interface TsIdentSimple(Anon_Uri) [id => nock, phase => typescript, scope => TreeScope(TsParsedFile() / TsDeclModule(nock) / TsDeclNamespace(nock) / TsDeclInterface(Scope) / TsMemberFunction(delete) / TsFunSig() / TsFunParam() / TsTypeObject())] 
[info ] ExtractInterfaces.scala:30 Extracted anonymous interface TsIdentSimple(Anon_Uri) [id => nock, phase => typescript, scope => TreeScope(TsParsedFile() / TsDeclModule(nock) / TsDeclNamespace(nock) / TsDeclInterface(Scope) / TsMemberFunction(delete) / TsFunSig() / TsFunParam() / TsTypeObject())] 
[info ] ExtractInterfaces.scala:30 Extracted anonymous interface TsIdentSimple(Anon_Uri) [id => nock, phase => typescript, scope => TreeScope(TsParsedFile() / TsDeclModule(nock) / TsDeclNamespace(nock) / TsDeclInterface(Scope) / TsMemberFunction(delete) / TsFunSig() / TsFunParam() / TsTypeObject())] 
[info ] ExtractInterfaces.scala:30 Extracted anonymous interface TsIdentSimple(Anon_Body) [id => nock, phase => typescript, scope => TreeScope(TsParsedFile() / TsDeclModule(nock) / TsDeclNamespace(nock) / TsDeclInterface(Scope) / TsMemberFunction(delete) / TsFunSig() / TsFunParam() / TsTypeObject())] 
[info ] ExtractInterfaces.scala:30 Extracted anonymous interface TsIdentSimple(Anon_Body) [id => nock, phase => typescript, scope => TreeScope(TsParsedFile() / TsDeclModule(nock) / TsDeclNamespace(nock) / TsDeclInterface(Scope) / TsMemberFunction(delete) / TsFunSig() / TsFunParam() / TsTypeObject())] 
[info ] ExtractInterfaces.scala:30 Extracted anonymous interface TsIdentSimple(Anon_Body) [id => nock, phase => typescript, scope => TreeScope(TsParsedFile() / TsDeclModule(nock) / TsDeclNamespace(nock) / TsDeclInterface(Scope) / TsMemberFunction(delete) / TsFunSig() / TsFunParam() / TsTypeObject())] 
[info ] ExtractInterfaces.scala:30 Extracted anonymous interface TsIdentSimple(Anon_Body) [id => nock, phase => typescript, scope => TreeScope(TsParsedFile() / TsDeclModule(nock) / TsDeclNamespace(nock) / TsDeclInterface(Scope) / TsMemberFunction(delete) / TsFunSig() / TsFunParam() / TsTypeObject())] 
[info ] ExtractInterfaces.scala:30 Extracted anonymous interface TsIdentSimple(Anon_Uri) [id => nock, phase => typescript, scope => TreeScope(TsParsedFile() / TsDeclModule(nock) / TsDeclNamespace(nock) / TsDeclInterface(Scope) / TsMemberFunction(delete) / TsFunSig() / TsFunParam() / TsTypeObject())] 
[info ] ExtractInterfaces.scala:30 Extracted anonymous interface TsIdentSimple(Anon_Uri) [id => nock, phase => typescript, scope => TreeScope(TsParsedFile() / TsDeclModule(nock) / TsDeclNamespace(nock) / TsDeclInterface(Scope) / TsMemberFunction(delete) / TsFunSig() / TsFunParam() / TsTypeObject())] 
[info ] ExtractInterfaces.scala:30 Extracted anonymous interface TsIdentSimple(Anon_Body) [id => nock, phase => typescript, scope => TreeScope(TsParsedFile() / TsDeclModule(nock) / TsDeclNamespace(nock) / TsDeclInterface(Scope) / TsMemberFunction(delete) / TsFunSig() / TsFunParam() / TsTypeObject())] 
[info ] ExtractInterfaces.scala:30 Extracted anonymous interface TsIdentSimple(Anon_Uri) [id => nock, phase => typescript, scope => TreeScope(TsParsedFile() / TsDeclModule(nock) / TsDeclNamespace(nock) / TsDeclInterface(Scope) / TsMemberFunction(delete) / TsFunSig() / TsFunParam() / TsTypeObject())] 
[info ] ExtractInterfaces.scala:30 Extracted anonymous interface TsIdentSimple(Anon_Body) [id => nock, phase => typescript, scope => TreeScope(TsParsedFile() / TsDeclModule(nock) / TsDeclNamespace(nock) / TsDeclInterface(Scope) / TsMemberFunction(delete) / TsFunSig() / TsFunParam() / TsTypeObject())] 
[info ] ExtractInterfaces.scala:30 Extracted anonymous interface TsIdentSimple(Anon_Uri) [id => nock, phase => typescript, scope => TreeScope(TsParsedFile() / TsDeclModule(nock) / TsDeclNamespace(nock) / TsDeclInterface(Scope) / TsMemberFunction(delete) / TsFunSig() / TsFunParam() / TsTypeObject())] 
[info ] ExtractInterfaces.scala:30 Extracted anonymous interface TsIdentSimple(Anon_Uri) [id => nock, phase => typescript, scope => TreeScope(TsParsedFile() / TsDeclModule(nock) / TsDeclNamespace(nock) / TsDeclInterface(Scope) / TsMemberFunction(delete) / TsFunSig() / TsFunParam() / TsTypeObject())] 
[info ] ExtractInterfaces.scala:30 Extracted anonymous interface TsIdentSimple(Anon_Uri) [id => nock, phase => typescript, scope => TreeScope(TsParsedFile() / TsDeclModule(nock) / TsDeclNamespace(nock) / TsDeclInterface(Scope) / TsMemberFunction(delete) / TsFunSig() / TsFunParam() / TsTypeObject())] 
[info ] ExtractInterfaces.scala:30 Extracted anonymous interface TsIdentSimple(Anon_Uri) [id => nock, phase => typescript, scope => TreeScope(TsParsedFile() / TsDeclModule(nock) / TsDeclNamespace(nock) / TsDeclInterface(Scope) / TsMemberFunction(put) / TsFunSig() / TsFunParam() / TsTypeObject())] 
[info ] ExtractInterfaces.scala:30 Extracted anonymous interface TsIdentSimple(Anon_Uri) [id => nock, phase => typescript, scope => TreeScope(TsParsedFile() / TsDeclModule(nock) / TsDeclNamespace(nock) / TsDeclInterface(Scope) / TsMemberFunction(put) / TsFunSig() / TsFunParam() / TsTypeObject())] 
[info ] ExtractInterfaces.scala:30 Extracted anonymous interface TsIdentSimple(Anon_Uri) [id => nock, phase => typescript, scope => TreeScope(TsParsedFile() / TsDeclModule(nock) / TsDeclNamespace(nock) / TsDeclInterface(Scope) / TsMemberFunction(put) / TsFunSig() / TsFunParam() / TsTypeObject())] 
[info ] ExtractInterfaces.scala:30 Extracted anonymous interface TsIdentSimple(Anon_Uri) [id => nock, phase => typescript, scope => TreeScope(TsParsedFile() / TsDeclModule(nock) / TsDeclNamespace(nock) / TsDeclInterface(Scope) / TsMemberFunction(put) / TsFunSig() / TsFunParam() / TsTypeObject())] 
[info ] ExtractInterfaces.scala:30 Extracted anonymous interface TsIdentSimple(Anon_Uri) [id => nock, phase => typescript, scope => TreeScope(TsParsedFile() / TsDeclModule(nock) / TsDeclNamespace(nock) / TsDeclInterface(Scope) / TsMemberFunction(put) / TsFunSig() / TsFunParam() / TsTypeObject())] 
[info ] ExtractInterfaces.scala:30 Extracted anonymous interface TsIdentSimple(Anon_Uri) [id => nock, phase => typescript, scope => TreeScope(TsParsedFile() / TsDeclModule(nock) / TsDeclNamespace(nock) / TsDeclInterface(Scope) / TsMemberFunction(put) / TsFunSig() / TsFunParam() / TsTypeObject())] 
[info ] ExtractInterfaces.scala:30 Extracted anonymous interface TsIdentSimple(Anon_Body) [id => nock, phase => typescript, scope => TreeScope(TsParsedFile() / TsDeclModule(nock) / TsDeclNamespace(nock) / TsDeclInterface(Scope) / TsMemberFunction(put) / TsFunSig() / TsFunParam() / TsTypeObject())] 
[info ] ExtractInterfaces.scala:30 Extracted anonymous interface TsIdentSimple(Anon_Body) [id => nock, phase => typescript, scope => TreeScope(TsParsedFile() / TsDeclModule(nock) / TsDeclNamespace(nock) / TsDeclInterface(Scope) / TsMemberFunction(put) / TsFunSig() / TsFunParam() / TsTypeObject())] 
[info ] ExtractInterfaces.scala:30 Extracted anonymous interface TsIdentSimple(Anon_Body) [id => nock, phase => typescript, scope => TreeScope(TsParsedFile() / TsDeclModule(nock) / TsDeclNamespace(nock) / TsDeclInterface(Scope) / TsMemberFunction(put) / TsFunSig() / TsFunParam() / TsTypeObject())] 
[info ] ExtractInterfaces.scala:30 Extracted anonymous interface TsIdentSimple(Anon_Body) [id => nock, phase => typescript, scope => TreeScope(TsParsedFile() / TsDeclModule(nock) / TsDeclNamespace(nock) / TsDeclInterface(Scope) / TsMemberFunction(put) / TsFunSig() / TsFunParam() / TsTypeObject())] 
[info ] ExtractInterfaces.scala:30 Extracted anonymous interface TsIdentSimple(Anon_Uri) [id => nock, phase => typescript, scope => TreeScope(TsParsedFile() / TsDeclModule(nock) / TsDeclNamespace(nock) / TsDeclInterface(Scope) / TsMemberFunction(put) / TsFunSig() / TsFunParam() / TsTypeObject())] 
[info ] ExtractInterfaces.scala:30 Extracted anonymous interface TsIdentSimple(Anon_Uri) [id => nock, phase => typescript, scope => TreeScope(TsParsedFile() / TsDeclModule(nock) / TsDeclNamespace(nock) / TsDeclInterface(Scope) / TsMemberFunction(put) / TsFunSig() / TsFunParam() / TsTypeObject())] 
[info ] ExtractInterfaces.scala:30 Extracted anonymous interface TsIdentSimple(Anon_Body) [id => nock, phase => typescript, scope => TreeScope(TsParsedFile() / TsDeclModule(nock) / TsDeclNamespace(nock) / TsDeclInterface(Scope) / TsMemberFunction(put) / TsFunSig() / TsFunParam() / TsTypeObject())] 
[info ] ExtractInterfaces.scala:30 Extracted anonymous interface TsIdentSimple(Anon_Uri) [id => nock, phase => typescript, scope => TreeScope(TsParsedFile() / TsDeclModule(nock) / TsDeclNamespace(nock) / TsDeclInterface(Scope) / TsMemberFunction(put) / TsFunSig() / TsFunParam() / TsTypeObject())] 
[info ] ExtractInterfaces.scala:30 Extracted anonymous interface TsIdentSimple(Anon_Body) [id => nock, phase => typescript, scope => TreeScope(TsParsedFile() / TsDeclModule(nock) / TsDeclNamespace(nock) / TsDeclInterface(Scope) / TsMemberFunction(put) / TsFunSig() / TsFunParam() / TsTypeObject())] 
[info ] ExtractInterfaces.scala:30 Extracted anonymous interface TsIdentSimple(Anon_Uri) [id => nock, phase => typescript, scope => TreeScope(TsParsedFile() / TsDeclModule(nock) / TsDeclNamespace(nock) / TsDeclInterface(Scope) / TsMemberFunction(put) / TsFunSig() / TsFunParam() / TsTypeObject())] 
[info ] ExtractInterfaces.scala:30 Extracted anonymous interface TsIdentSimple(Anon_Uri) [id => nock, phase => typescript, scope => TreeScope(TsParsedFile() / TsDeclModule(nock) / TsDeclNamespace(nock) / TsDeclInterface(Scope) / TsMemberFunction(put) / TsFunSig() / TsFunParam() / TsTypeObject())] 
[info ] ExtractInterfaces.scala:30 Extracted anonymous interface TsIdentSimple(Anon_Uri) [id => nock, phase => typescript, scope => TreeScope(TsParsedFile() / TsDeclModule(nock) / TsDeclNamespace(nock) / TsDeclInterface(Scope) / TsMemberFunction(put) / TsFunSig() / TsFunParam() / TsTypeObject())] 
[info ] ExtractInterfaces.scala:30 Extracted anonymous interface TsIdentSimple(Anon_Uri) [id => nock, phase => typescript, scope => TreeScope(TsParsedFile() / TsDeclModule(nock) / TsDeclNamespace(nock) / TsDeclInterface(Scope) / TsMemberFunction(get) / TsFunSig() / TsFunParam() / TsTypeObject())] 
[info ] ExtractInterfaces.scala:30 Extracted anonymous interface TsIdentSimple(Anon_Uri) [id => nock, phase => typescript, scope => TreeScope(TsParsedFile() / TsDeclModule(nock) / TsDeclNamespace(nock) / TsDeclInterface(Scope) / TsMemberFunction(get) / TsFunSig() / TsFunParam() / TsTypeObject())] 
[info ] ExtractInterfaces.scala:30 Extracted anonymous interface TsIdentSimple(Anon_Uri) [id => nock, phase => typescript, scope => TreeScope(TsParsedFile() / TsDeclModule(nock) / TsDeclNamespace(nock) / TsDeclInterface(Scope) / TsMemberFunction(get) / TsFunSig() / TsFunParam() / TsTypeObject())] 
[info ] ExtractInterfaces.scala:30 Extracted anonymous interface TsIdentSimple(Anon_Uri) [id => nock, phase => typescript, scope => TreeScope(TsParsedFile() / TsDeclModule(nock) / TsDeclNamespace(nock) / TsDeclInterface(Scope) / TsMemberFunction(get) / TsFunSig() / TsFunParam() / TsTypeObject())] 
[info ] ExtractInterfaces.scala:30 Extracted anonymous interface TsIdentSimple(Anon_Uri) [id => nock, phase => typescript, scope => TreeScope(TsParsedFile() / TsDeclModule(nock) / TsDeclNamespace(nock) / TsDeclInterface(Scope) / TsMemberFunction(get) / TsFunSig() / TsFunParam() / TsTypeObject())] 
[info ] ExtractInterfaces.scala:30 Extracted anonymous interface TsIdentSimple(Anon_Uri) [id => nock, phase => typescript, scope => TreeScope(TsParsedFile() / TsDeclModule(nock) / TsDeclNamespace(nock) / TsDeclInterface(Scope) / TsMemberFunction(get) / TsFunSig() / TsFunParam() / TsTypeObject())] 
[info ] ExtractInterfaces.scala:30 Extracted anonymous interface TsIdentSimple(Anon_Body) [id => nock, phase => typescript, scope => TreeScope(TsParsedFile() / TsDeclModule(nock) / TsDeclNamespace(nock) / TsDeclInterface(Scope) / TsMemberFunction(get) / TsFunSig() / TsFunParam() / TsTypeObject())] 
[info ] ExtractInterfaces.scala:30 Extracted anonymous interface TsIdentSimple(Anon_Body) [id => nock, phase => typescript, scope => TreeScope(TsParsedFile() / TsDeclModule(nock) / TsDeclNamespace(nock) / TsDeclInterface(Scope) / TsMemberFunction(get) / TsFunSig() / TsFunParam() / TsTypeObject())] 
[info ] ExtractInterfaces.scala:30 Extracted anonymous interface TsIdentSimple(Anon_Body) [id => nock, phase => typescript, scope => TreeScope(TsParsedFile() / TsDeclModule(nock) / TsDeclNamespace(nock) / TsDeclInterface(Scope) / TsMemberFunction(get) / TsFunSig() / TsFunParam() / TsTypeObject())] 
[info ] ExtractInterfaces.scala:30 Extracted anonymous interface TsIdentSimple(Anon_Body) [id => nock, phase => typescript, scope => TreeScope(TsParsedFile() / TsDeclModule(nock) / TsDeclNamespace(nock) / TsDeclInterface(Scope) / TsMemberFunction(get) / TsFunSig() / TsFunParam() / TsTypeObject())] 
[info ] ExtractInterfaces.scala:30 Extracted anonymous interface TsIdentSimple(Anon_Uri) [id => nock, phase => typescript, scope => TreeScope(TsParsedFile() / TsDeclModule(nock) / TsDeclNamespace(nock) / TsDeclInterface(Scope) / TsMemberFunction(get) / TsFunSig() / TsFunParam() / TsTypeObject())] 
[info ] ExtractInterfaces.scala:30 Extracted anonymous interface TsIdentSimple(Anon_Uri) [id => nock, phase => typescript, scope => TreeScope(TsParsedFile() / TsDeclModule(nock) / TsDeclNamespace(nock) / TsDeclInterface(Scope) / TsMemberFunction(get) / TsFunSig() / TsFunParam() / TsTypeObject())] 
[info ] ExtractInterfaces.scala:30 Extracted anonymous interface TsIdentSimple(Anon_Body) [id => nock, phase => typescript, scope => TreeScope(TsParsedFile() / TsDeclModule(nock) / TsDeclNamespace(nock) / TsDeclInterface(Scope) / TsMemberFunction(get) / TsFunSig() / TsFunParam() / TsTypeObject())] 
[info ] ExtractInterfaces.scala:30 Extracted anonymous interface TsIdentSimple(Anon_Uri) [id => nock, phase => typescript, scope => TreeScope(TsParsedFile() / TsDeclModule(nock) / TsDeclNamespace(nock) / TsDeclInterface(Scope) / TsMemberFunction(get) / TsFunSig() / TsFunParam() / TsTypeObject())] 
[info ] ExtractInterfaces.scala:30 Extracted anonymous interface TsIdentSimple(Anon_Body) [id => nock, phase => typescript, scope => TreeScope(TsParsedFile() / TsDeclModule(nock) / TsDeclNamespace(nock) / TsDeclInterface(Scope) / TsMemberFunction(get) / TsFunSig() / TsFunParam() / TsTypeObject())] 
[info ] ExtractInterfaces.scala:30 Extracted anonymous interface TsIdentSimple(Anon_Uri) [id => nock, phase => typescript, scope => TreeScope(TsParsedFile() / TsDeclModule(nock) / TsDeclNamespace(nock) / TsDeclInterface(Scope) / TsMemberFunction(get) / TsFunSig() / TsFunParam() / TsTypeObject())] 
[info ] ExtractInterfaces.scala:30 Extracted anonymous interface TsIdentSimple(Anon_Uri) [id => nock, phase => typescript, scope => TreeScope(TsParsedFile() / TsDeclModule(nock) / TsDeclNamespace(nock) / TsDeclInterface(Scope) / TsMemberFunction(get) / TsFunSig() / TsFunParam() / TsTypeObject())] 
[info ] ExtractInterfaces.scala:30 Extracted anonymous interface TsIdentSimple(Anon_Uri) [id => nock, phase => typescript, scope => TreeScope(TsParsedFile() / TsDeclModule(nock) / TsDeclNamespace(nock) / TsDeclInterface(Scope) / TsMemberFunction(get) / TsFunSig() / TsFunParam() / TsTypeObject())] 
[info ] ExtractInterfaces.scala:30 Extracted anonymous interface TsIdentSimple(Anon_Uri) [id => nock, phase => typescript, scope => TreeScope(TsParsedFile() / TsDeclModule(nock) / TsDeclNamespace(nock) / TsDeclInterface(Scope) / TsMemberFunction(patch) / TsFunSig() / TsFunParam() / TsTypeObject())] 
[info ] ExtractInterfaces.scala:30 Extracted anonymous interface TsIdentSimple(Anon_Uri) [id => nock, phase => typescript, scope => TreeScope(TsParsedFile() / TsDeclModule(nock) / TsDeclNamespace(nock) / TsDeclInterface(Scope) / TsMemberFunction(patch) / TsFunSig() / TsFunParam() / TsTypeObject())] 
[info ] ExtractInterfaces.scala:30 Extracted anonymous interface TsIdentSimple(Anon_Uri) [id => nock, phase => typescript, scope => TreeScope(TsParsedFile() / TsDeclModule(nock) / TsDeclNamespace(nock) / TsDeclInterface(Scope) / TsMemberFunction(patch) / TsFunSig() / TsFunParam() / TsTypeObject())] 
[info ] ExtractInterfaces.scala:30 Extracted anonymous interface TsIdentSimple(Anon_Uri) [id => nock, phase => typescript, scope => TreeScope(TsParsedFile() / TsDeclModule(nock) / TsDeclNamespace(nock) / TsDeclInterface(Scope) / TsMemberFunction(patch) / TsFunSig() / TsFunParam() / TsTypeObject())] 
[info ] ExtractInterfaces.scala:30 Extracted anonymous interface TsIdentSimple(Anon_Uri) [id => nock, phase => typescript, scope => TreeScope(TsParsedFile() / TsDeclModule(nock) / TsDeclNamespace(nock) / TsDeclInterface(Scope) / TsMemberFunction(patch) / TsFunSig() / TsFunParam() / TsTypeObject())] 
[info ] ExtractInterfaces.scala:30 Extracted anonymous interface TsIdentSimple(Anon_Uri) [id => nock, phase => typescript, scope => TreeScope(TsParsedFile() / TsDeclModule(nock) / TsDeclNamespace(nock) / TsDeclInterface(Scope) / TsMemberFunction(patch) / TsFunSig() / TsFunParam() / TsTypeObject())] 
[info ] ExtractInterfaces.scala:30 Extracted anonymous interface TsIdentSimple(Anon_Body) [id => nock, phase => typescript, scope => TreeScope(TsParsedFile() / TsDeclModule(nock) / TsDeclNamespace(nock) / TsDeclInterface(Scope) / TsMemberFunction(patch) / TsFunSig() / TsFunParam() / TsTypeObject())] 
[info ] ExtractInterfaces.scala:30 Extracted anonymous interface TsIdentSimple(Anon_Body) [id => nock, phase => typescript, scope => TreeScope(TsParsedFile() / TsDeclModule(nock) / TsDeclNamespace(nock) / TsDeclInterface(Scope) / TsMemberFunction(patch) / TsFunSig() / TsFunParam() / TsTypeObject())] 
[info ] ExtractInterfaces.scala:30 Extracted anonymous interface TsIdentSimple(Anon_Body) [id => nock, phase => typescript, scope => TreeScope(TsParsedFile() / TsDeclModule(nock) / TsDeclNamespace(nock) / TsDeclInterface(Scope) / TsMemberFunction(patch) / TsFunSig() / TsFunParam() / TsTypeObject())] 
[info ] ExtractInterfaces.scala:30 Extracted anonymous interface TsIdentSimple(Anon_Body) [id => nock, phase => typescript, scope => TreeScope(TsParsedFile() / TsDeclModule(nock) / TsDeclNamespace(nock) / TsDeclInterface(Scope) / TsMemberFunction(patch) / TsFunSig() / TsFunParam() / TsTypeObject())] 
[info ] ExtractInterfaces.scala:30 Extracted anonymous interface TsIdentSimple(Anon_Uri) [id => nock, phase => typescript, scope => TreeScope(TsParsedFile() / TsDeclModule(nock) / TsDeclNamespace(nock) / TsDeclInterface(Scope) / TsMemberFunction(patch) / TsFunSig() / TsFunParam() / TsTypeObject())] 
[info ] ExtractInterfaces.scala:30 Extracted anonymous interface TsIdentSimple(Anon_Uri) [id => nock, phase => typescript, scope => TreeScope(TsParsedFile() / TsDeclModule(nock) / TsDeclNamespace(nock) / TsDeclInterface(Scope) / TsMemberFunction(patch) / TsFunSig() / TsFunParam() / TsTypeObject())] 
[info ] ExtractInterfaces.scala:30 Extracted anonymous interface TsIdentSimple(Anon_Body) [id => nock, phase => typescript, scope => TreeScope(TsParsedFile() / TsDeclModule(nock) / TsDeclNamespace(nock) / TsDeclInterface(Scope) / TsMemberFunction(patch) / TsFunSig() / TsFunParam() / TsTypeObject())] 
[info ] ExtractInterfaces.scala:30 Extracted anonymous interface TsIdentSimple(Anon_Uri) [id => nock, phase => typescript, scope => TreeScope(TsParsedFile() / TsDeclModule(nock) / TsDeclNamespace(nock) / TsDeclInterface(Scope) / TsMemberFunction(patch) / TsFunSig() / TsFunParam() / TsTypeObject())] 
[info ] ExtractInterfaces.scala:30 Extracted anonymous interface TsIdentSimple(Anon_Body) [id => nock, phase => typescript, scope => TreeScope(TsParsedFile() / TsDeclModule(nock) / TsDeclNamespace(nock) / TsDeclInterface(Scope) / TsMemberFunction(patch) / TsFunSig() / TsFunParam() / TsTypeObject())] 
[info ] ExtractInterfaces.scala:30 Extracted anonymous interface TsIdentSimple(Anon_Uri) [id => nock, phase => typescript, scope => TreeScope(TsParsedFile() / TsDeclModule(nock) / TsDeclNamespace(nock) / TsDeclInterface(Scope) / TsMemberFunction(patch) / TsFunSig() / TsFunParam() / TsTypeObject())] 
[info ] ExtractInterfaces.scala:30 Extracted anonymous interface TsIdentSimple(Anon_Uri) [id => nock, phase => typescript, scope => TreeScope(TsParsedFile() / TsDeclModule(nock) / TsDeclNamespace(nock) / TsDeclInterface(Scope) / TsMemberFunction(patch) / TsFunSig() / TsFunParam() / TsTypeObject())] 
[info ] ExtractInterfaces.scala:30 Extracted anonymous interface TsIdentSimple(Anon_Uri) [id => nock, phase => typescript, scope => TreeScope(TsParsedFile() / TsDeclModule(nock) / TsDeclNamespace(nock) / TsDeclInterface(Scope) / TsMemberFunction(patch) / TsFunSig() / TsFunParam() / TsTypeObject())] 
[info ] ExtractInterfaces.scala:30 Extracted anonymous interface TsIdentSimple(Anon_Value) [id => nock, phase => typescript, scope => TreeScope(TsParsedFile() / TsDeclModule(nock) / TsDeclNamespace(nock) / TsDeclInterface(Scope) / TsMemberFunction(matchHeader) / TsFunSig() / TsFunParam() / TsTypeObject())] 
[info ] ExtractInterfaces.scala:30 Extracted anonymous interface TsIdentSimple(Anon_BodyHead) [id => nock, phase => typescript, scope => TreeScope(TsParsedFile() / TsDeclModule(nock) / TsDeclNamespace(nock) / TsDeclInterface(Interceptor) / TsMemberFunction(delay) / TsFunSig() / TsFunParam() / TsTypeObject())] 
[info ] ExtractInterfaces.scala:30 Extracted anonymous interface TsIdentSimple(Anon_User) [id => nock, phase => typescript, scope => TreeScope(TsParsedFile() / TsDeclModule(nock) / TsDeclNamespace(nock) / TsDeclInterface(Interceptor) / TsMemberFunction(basicAuth) / TsFunSig() / TsFunParam() / TsTypeObject())] 
[info ] ExtractInterfaces.scala:30 Extracted anonymous interface TsIdentSimple(Anon_QuerObject) [id => nock, phase => typescript, scope => TreeScope(TsParsedFile() / TsDeclModule(nock) / TsDeclNamespace(nock) / TsDeclInterface(Interceptor) / TsMemberFunction(query) / TsFunSig() / TsFunParam() / TsTypeObject())] 
[info ] ExtractInterfaces.scala:30 Extracted anonymous interface TsIdentSimple(Anon_Req) [id => nock, phase => typescript, scope => TreeScope(TsParsedFile() / TsDeclModule(nock) / TsDeclNamespace(nock) / TsDeclInterface(HttpHeaders) / TsMemberIndex() / TsTypeUnion() / TsTypeObject())] 
[info ] ExtractInterfaces.scala:30 Extracted anonymous interface TsIdentSimple(Anon_HeaderValue) [id => nock, phase => typescript, scope => TreeScope(TsParsedFile() / TsDeclModule(nock) / TsDeclNamespace(nock) / TsDeclInterface(Options) / TsMemberProperty(reqheaders) / TsTypeObject() / TsMemberIndex() / TsTypeUnion() / TsTypeObject())] 
[info ] ExtractInterfaces.scala:30 Extracted anonymous interface TsIdentSimple(Anon_Scope) [id => nock, phase => typescript, scope => TreeScope(TsParsedFile() / TsDeclModule(nock) / TsDeclNamespace(nock) / TsDeclInterface(Options) / TsMemberProperty(filteringScope) / TsTypeObject())] 
[info ] ExtractInterfaces.scala:30 Extracted anonymous interface TsIdentSimple(Anon_HeaderValue) [id => nock, phase => typescript, scope => TreeScope(TsParsedFile() / TsDeclModule(nock) / TsDeclNamespace(nock) / TsDeclInterface(NockDefinition) / TsMemberProperty(reqheaders) / TsTypeObject() / TsMemberIndex() / TsTypeUnion() / TsTypeObject())] 
[info ] ExtractInterfaces.scala:30 Extracted anonymous interface TsIdentSimple(Anon_Uri) [id => nock, phase => typescript, scope => TreeScope(TsParsedFile() / TsDeclModule(nock) / TsDeclNamespace(nock) / TsDeclTypeAlias(InterceptFunction) / TsTypeFunction() / TsFunSig() / TsFunParam() / TsTypeUnion() / TsTypeObject())] 
[info ] ExtractInterfaces.scala:30 Extracted anonymous interface TsIdentSimple(Anon_Body) [id => nock, phase => typescript, scope => TreeScope(TsParsedFile() / TsDeclModule(nock) / TsDeclNamespace(nock) / TsDeclTypeAlias(InterceptFunction) / TsTypeFunction() / TsFunSig() / TsFunParam() / TsTypeUnion() / TsTypeObject())] 
[info ] ExtractInterfaces.scala:30 Extracted anonymous interface TsIdentSimple(Anon_NockDone) [id => nock, phase => typescript, scope => TreeScope(TsParsedFile() / TsDeclModule(nock) / TsDeclNamespace(nock) / TsDeclInterface(NockBack) / TsMemberCall() / TsFunSig() / TsTypeRef() / TsTypeObject())] 
[info ] ExtractInterfaces.scala:30 Extracted anonymous interface TsIdentSimple(Anon_NockDone) [id => nock, phase => typescript, scope => TreeScope(TsParsedFile() / TsDeclModule(nock) / TsDeclNamespace(nock) / TsDeclInterface(NockBack) / TsMemberCall() / TsFunSig() / TsTypeRef() / TsTypeObject())] 
[debug] PhaseRunner.scala:78 Success [id => nock, phase => typescript] 
[warn ] Phase2ToScalaJs.scala:34 Processing TsIdentLibrarySimple(nock) [id => nock, phase => scala.js] 
[debug] PhaseRunner.scala:78 Success [id => nock, phase => scala.js] 
[warn ] PhaseRunner.scala:64 Failed because of, [node => Compilation failed] [id => nock, phase => build] 
[debug] PhaseRunner.scala:82 Failure, [node => Compilation failed] [id => nock, phase => build] 
