[info ] InferredDependency.scala:20 Inferred dependencies Set(TsIdentLibrarySimple(node)) for TsIdentLibrarySimple(nodemailer) [id => nodemailer, phase => typescript, file => ../nodemailer/lib/json-transport.d.ts] 
[info ] InferredDependency.scala:20 Inferred dependencies Set(TsIdentLibrarySimple(node)) for TsIdentLibrarySimple(nodemailer) [id => nodemailer, phase => typescript, file => ../lib/mailer/index.d.ts] 
[info ] InferredDependency.scala:20 Inferred dependencies Set(TsIdentLibrarySimple(node)) for TsIdentLibrarySimple(nodemailer) [id => nodemailer, phase => typescript, file => ../lib/mailer/mail-message.d.ts] 
[info ] InferredDependency.scala:20 Inferred dependencies Set(TsIdentLibrarySimple(node)) for TsIdentLibrarySimple(nodemailer) [id => nodemailer, phase => typescript, file => ../nodemailer/lib/mime-node.d.ts] 
[info ] InferredDependency.scala:20 Inferred dependencies Set(TsIdentLibrarySimple(node)) for TsIdentLibrarySimple(nodemailer) [id => nodemailer, phase => typescript, file => ../nodemailer/lib/smtp-connection.d.ts] 
[info ] InferredDependency.scala:20 Inferred dependencies Set(TsIdentLibrarySimple(node)) for TsIdentLibrarySimple(nodemailer) [id => nodemailer, phase => typescript, file => ../nodemailer/lib/shared.d.ts] 
[debug] PhaseRunner.scala:86 Ignored [id => nodemailer, phase => typescript] 
[debug] PhaseRunner.scala:78 Success [id => nodemailer, phase => typescript] 
[debug] PhaseRunner.scala:86 Ignored [id => nodemailer, phase => typescript] 
[info ] InferredDependency.scala:20 Inferred dependencies Set(TsIdentLibrarySimple(node)) for TsIdentLibrarySimple(nodemailer) [id => nodemailer, phase => typescript, file => ../nodemailer/lib/xoauth2.d.ts] 
[debug] PhaseRunner.scala:78 Success [id => nodemailer, phase => typescript] 
[debug] PhaseRunner.scala:78 Success [id => nodemailer, phase => typescript] 
[debug] PhaseRunner.scala:86 Ignored [id => nodemailer, phase => typescript] 
[debug] PhaseRunner.scala:78 Success [id => nodemailer, phase => typescript] 
[debug] PhaseRunner.scala:78 Success [id => nodemailer, phase => typescript] 
[debug] PhaseRunner.scala:78 Success [id => nodemailer, phase => typescript] 
[debug] PhaseRunner.scala:86 Ignored [id => nodemailer, phase => typescript] 
[info ] InferredDependency.scala:20 Inferred dependencies Set(TsIdentLibrarySimple(node)) for TsIdentLibrarySimple(nodemailer) [id => nodemailer, phase => typescript, file => ../nodemailer/lib/smtp-pool.d.ts] 
[debug] PhaseRunner.scala:86 Ignored [id => nodemailer, phase => typescript] 
[debug] PhaseRunner.scala:78 Success [id => nodemailer, phase => typescript] 
[debug] PhaseRunner.scala:78 Success [id => nodemailer, phase => typescript] 
[info ] InferredDependency.scala:20 Inferred dependencies Set(TsIdentLibrarySimple(node)) for TsIdentLibrarySimple(nodemailer) [id => nodemailer, phase => typescript, file => ../nodemailer/lib/ses-transport.d.ts] 
[debug] PhaseRunner.scala:78 Success [id => nodemailer, phase => typescript] 
[info ] InferredDependency.scala:20 Inferred dependencies Set(TsIdentLibrarySimple(node)) for TsIdentLibrarySimple(nodemailer) [id => nodemailer, phase => typescript, file => ../nodemailer/lib/stream-transport.d.ts] 
[debug] PhaseRunner.scala:78 Success [id => nodemailer, phase => typescript] 
[info ] InferredDependency.scala:20 Inferred dependencies Set(TsIdentLibrarySimple(node)) for TsIdentLibrarySimple(nodemailer) [id => nodemailer, phase => typescript, file => ../nodemailer/lib/smtp-transport.d.ts] 
[debug] PhaseRunner.scala:78 Success [id => nodemailer, phase => typescript] 
[debug] PhaseRunner.scala:78 Success [id => nodemailer, phase => typescript] 
[debug] PhaseRunner.scala:78 Success [id => nodemailer, phase => typescript] 
[debug] PhaseRunner.scala:78 Success [id => nodemailer, phase => typescript] 
[info ] InferredDependency.scala:20 Inferred dependencies Set(TsIdentLibrarySimple(node)) for TsIdentLibrarySimple(nodemailer) [id => nodemailer, phase => typescript, file => ../lib/mime-funcs/index.d.ts] 
[debug] PhaseRunner.scala:78 Success [id => nodemailer, phase => typescript] 
[info ] InferredDependency.scala:20 Inferred dependencies Set(TsIdentLibrarySimple(node)) for TsIdentLibrarySimple(nodemailer) [id => nodemailer, phase => typescript, file => ../nodemailer/lib/qp.d.ts] 
[debug] PhaseRunner.scala:78 Success [id => nodemailer, phase => typescript] 
[info ] InferredDependency.scala:20 Inferred dependencies Set(TsIdentLibrarySimple(node)) for TsIdentLibrarySimple(nodemailer) [id => nodemailer, phase => typescript, file => ../nodemailer/lib/base64.d.ts] 
[debug] PhaseRunner.scala:78 Success [id => nodemailer, phase => typescript] 
[debug] PhaseRunner.scala:78 Success [id => nodemailer, phase => typescript] 
[info ] InferredDependency.scala:20 Inferred dependencies Set(TsIdentLibrarySimple(node)) for TsIdentLibrarySimple(nodemailer) [id => nodemailer, phase => typescript, file => ../lib/sendmail-transport/le-windows.d.ts] 
[debug] PhaseRunner.scala:78 Success [id => nodemailer, phase => typescript] 
[info ] InferredDependency.scala:20 Inferred dependencies Set(TsIdentLibrarySimple(node)) for TsIdentLibrarySimple(nodemailer) [id => nodemailer, phase => typescript, file => ../lib/fetch/index.d.ts] 
[debug] PhaseRunner.scala:78 Success [id => nodemailer, phase => typescript] 
[debug] PhaseRunner.scala:78 Success [id => nodemailer, phase => typescript] 
[info ] InferredDependency.scala:20 Inferred dependencies Set(TsIdentLibrarySimple(node)) for TsIdentLibrarySimple(nodemailer) [id => nodemailer, phase => typescript, file => ../lib/sendmail-transport/le-unix.d.ts] 
[debug] PhaseRunner.scala:78 Success [id => nodemailer, phase => typescript] 
[debug] PhaseRunner.scala:78 Success [id => nodemailer, phase => typescript] 
[debug] PhaseRunner.scala:78 Success [id => nodemailer, phase => typescript] 
[debug] PhaseRunner.scala:78 Success [id => nodemailer, phase => typescript] 
[info ] Phase1ReadTypescript.scala:152 Preprocessing TsHelperFile(InFile(/home/tso/tmp/tso-cache/DefinitelyTyped/types/nodemailer/index.d.ts),FromFolder(InFolder(/home/tso/tmp/tso-cache/DefinitelyTyped/types/nodemailer),TsIdentLibrarySimple(nodemailer)),TsIdentModule(None,List(nodemailer))) [id => nodemailer, phase => typescript] 
[info ] InferredDefaultModule.scala:39 Inferred module TsIdentModule(None,List(nodemailer)) [id => nodemailer, phase => typescript] 
[info ] Phase1ReadTypescript.scala:152 Preprocessing TsHelperFile(InFile(/home/tso/tmp/tso-cache/DefinitelyTyped/types/nodemailer/lib/addressparser.d.ts),FromFolder(InFolder(/home/tso/tmp/tso-cache/DefinitelyTyped/types/nodemailer),TsIdentLibrarySimple(nodemailer)),TsIdentModule(None,List(nodemailer, lib, addressparser))) [id => nodemailer, phase => typescript] 
[info ] InferredDefaultModule.scala:39 Inferred module TsIdentModule(None,List(nodemailer, lib, addressparser)) [id => nodemailer, phase => typescript] 
[info ] Phase1ReadTypescript.scala:152 Preprocessing TsHelperFile(InFile(/home/tso/tmp/tso-cache/DefinitelyTyped/types/nodemailer/lib/base64.d.ts),FromFolder(InFolder(/home/tso/tmp/tso-cache/DefinitelyTyped/types/nodemailer),TsIdentLibrarySimple(nodemailer)),TsIdentModule(None,List(nodemailer, lib, base64))) [id => nodemailer, phase => typescript] 
[info ] InferredDefaultModule.scala:39 Inferred module TsIdentModule(None,List(nodemailer, lib, base64)) [id => nodemailer, phase => typescript] 
[info ] Phase1ReadTypescript.scala:152 Preprocessing TsHelperFile(InFile(/home/tso/tmp/tso-cache/DefinitelyTyped/types/nodemailer/lib/dkim.d.ts),FromFolder(InFolder(/home/tso/tmp/tso-cache/DefinitelyTyped/types/nodemailer),TsIdentLibrarySimple(nodemailer)),TsIdentModule(None,List(nodemailer, lib, dkim))) [id => nodemailer, phase => typescript] 
[info ] InferredDefaultModule.scala:39 Inferred module TsIdentModule(None,List(nodemailer, lib, dkim)) [id => nodemailer, phase => typescript] 
[info ] Phase1ReadTypescript.scala:152 Preprocessing TsHelperFile(InFile(/home/tso/tmp/tso-cache/DefinitelyTyped/types/nodemailer/lib/json-transport.d.ts),FromFolder(InFolder(/home/tso/tmp/tso-cache/DefinitelyTyped/types/nodemailer),TsIdentLibrarySimple(nodemailer)),TsIdentModule(None,List(nodemailer, lib, json-transport))) [id => nodemailer, phase => typescript] 
[info ] InferredDefaultModule.scala:39 Inferred module TsIdentModule(None,List(nodemailer, lib, json-transport)) [id => nodemailer, phase => typescript] 
[info ] Phase1ReadTypescript.scala:152 Preprocessing TsHelperFile(InFile(/home/tso/tmp/tso-cache/DefinitelyTyped/types/nodemailer/lib/mail-composer.d.ts),FromFolder(InFolder(/home/tso/tmp/tso-cache/DefinitelyTyped/types/nodemailer),TsIdentLibrarySimple(nodemailer)),TsIdentModule(None,List(nodemailer, lib, mail-composer))) [id => nodemailer, phase => typescript] 
[info ] InferredDefaultModule.scala:39 Inferred module TsIdentModule(None,List(nodemailer, lib, mail-composer)) [id => nodemailer, phase => typescript] 
[info ] Phase1ReadTypescript.scala:152 Preprocessing TsHelperFile(InFile(/home/tso/tmp/tso-cache/DefinitelyTyped/types/nodemailer/lib/mime-node.d.ts),FromFolder(InFolder(/home/tso/tmp/tso-cache/DefinitelyTyped/types/nodemailer),TsIdentLibrarySimple(nodemailer)),TsIdentModule(None,List(nodemailer, lib, mime-node))) [id => nodemailer, phase => typescript] 
[info ] InferredDefaultModule.scala:39 Inferred module TsIdentModule(None,List(nodemailer, lib, mime-node)) [id => nodemailer, phase => typescript] 
[info ] Phase1ReadTypescript.scala:152 Preprocessing TsHelperFile(InFile(/home/tso/tmp/tso-cache/DefinitelyTyped/types/nodemailer/lib/qp.d.ts),FromFolder(InFolder(/home/tso/tmp/tso-cache/DefinitelyTyped/types/nodemailer),TsIdentLibrarySimple(nodemailer)),TsIdentModule(None,List(nodemailer, lib, qp))) [id => nodemailer, phase => typescript] 
[info ] InferredDefaultModule.scala:39 Inferred module TsIdentModule(None,List(nodemailer, lib, qp)) [id => nodemailer, phase => typescript] 
[info ] Phase1ReadTypescript.scala:152 Preprocessing TsHelperFile(InFile(/home/tso/tmp/tso-cache/DefinitelyTyped/types/nodemailer/lib/ses-transport.d.ts),FromFolder(InFolder(/home/tso/tmp/tso-cache/DefinitelyTyped/types/nodemailer),TsIdentLibrarySimple(nodemailer)),TsIdentModule(None,List(nodemailer, lib, ses-transport))) [id => nodemailer, phase => typescript] 
[info ] InferredDefaultModule.scala:39 Inferred module TsIdentModule(None,List(nodemailer, lib, ses-transport)) [id => nodemailer, phase => typescript] 
[info ] Phase1ReadTypescript.scala:152 Preprocessing TsHelperFile(InFile(/home/tso/tmp/tso-cache/DefinitelyTyped/types/nodemailer/lib/shared.d.ts),FromFolder(InFolder(/home/tso/tmp/tso-cache/DefinitelyTyped/types/nodemailer),TsIdentLibrarySimple(nodemailer)),TsIdentModule(None,List(nodemailer, lib, shared))) [id => nodemailer, phase => typescript] 
[info ] InferredDefaultModule.scala:39 Inferred module TsIdentModule(None,List(nodemailer, lib, shared)) [id => nodemailer, phase => typescript] 
[info ] Phase1ReadTypescript.scala:152 Preprocessing TsHelperFile(InFile(/home/tso/tmp/tso-cache/DefinitelyTyped/types/nodemailer/lib/smtp-connection.d.ts),FromFolder(InFolder(/home/tso/tmp/tso-cache/DefinitelyTyped/types/nodemailer),TsIdentLibrarySimple(nodemailer)),TsIdentModule(None,List(nodemailer, lib, smtp-connection))) [id => nodemailer, phase => typescript] 
[info ] InferredDefaultModule.scala:39 Inferred module TsIdentModule(None,List(nodemailer, lib, smtp-connection)) [id => nodemailer, phase => typescript] 
[info ] Phase1ReadTypescript.scala:152 Preprocessing TsHelperFile(InFile(/home/tso/tmp/tso-cache/DefinitelyTyped/types/nodemailer/lib/smtp-pool.d.ts),FromFolder(InFolder(/home/tso/tmp/tso-cache/DefinitelyTyped/types/nodemailer),TsIdentLibrarySimple(nodemailer)),TsIdentModule(None,List(nodemailer, lib, smtp-pool))) [id => nodemailer, phase => typescript] 
[info ] InferredDefaultModule.scala:39 Inferred module TsIdentModule(None,List(nodemailer, lib, smtp-pool)) [id => nodemailer, phase => typescript] 
[info ] Phase1ReadTypescript.scala:152 Preprocessing TsHelperFile(InFile(/home/tso/tmp/tso-cache/DefinitelyTyped/types/nodemailer/lib/smtp-transport.d.ts),FromFolder(InFolder(/home/tso/tmp/tso-cache/DefinitelyTyped/types/nodemailer),TsIdentLibrarySimple(nodemailer)),TsIdentModule(None,List(nodemailer, lib, smtp-transport))) [id => nodemailer, phase => typescript] 
[info ] InferredDefaultModule.scala:39 Inferred module TsIdentModule(None,List(nodemailer, lib, smtp-transport)) [id => nodemailer, phase => typescript] 
[info ] Phase1ReadTypescript.scala:152 Preprocessing TsHelperFile(InFile(/home/tso/tmp/tso-cache/DefinitelyTyped/types/nodemailer/lib/stream-transport.d.ts),FromFolder(InFolder(/home/tso/tmp/tso-cache/DefinitelyTyped/types/nodemailer),TsIdentLibrarySimple(nodemailer)),TsIdentModule(None,List(nodemailer, lib, stream-transport))) [id => nodemailer, phase => typescript] 
[info ] InferredDefaultModule.scala:39 Inferred module TsIdentModule(None,List(nodemailer, lib, stream-transport)) [id => nodemailer, phase => typescript] 
[info ] Phase1ReadTypescript.scala:152 Preprocessing TsHelperFile(InFile(/home/tso/tmp/tso-cache/DefinitelyTyped/types/nodemailer/lib/well-known.d.ts),FromFolder(InFolder(/home/tso/tmp/tso-cache/DefinitelyTyped/types/nodemailer),TsIdentLibrarySimple(nodemailer)),TsIdentModule(None,List(nodemailer, lib, well-known))) [id => nodemailer, phase => typescript] 
[info ] InferredDefaultModule.scala:39 Inferred module TsIdentModule(None,List(nodemailer, lib, well-known)) [id => nodemailer, phase => typescript] 
[info ] Phase1ReadTypescript.scala:152 Preprocessing TsHelperFile(InFile(/home/tso/tmp/tso-cache/DefinitelyTyped/types/nodemailer/lib/xoauth2.d.ts),FromFolder(InFolder(/home/tso/tmp/tso-cache/DefinitelyTyped/types/nodemailer),TsIdentLibrarySimple(nodemailer)),TsIdentModule(None,List(nodemailer, lib, xoauth2))) [id => nodemailer, phase => typescript] 
[info ] InferredDefaultModule.scala:39 Inferred module TsIdentModule(None,List(nodemailer, lib, xoauth2)) [id => nodemailer, phase => typescript] 
[info ] Phase1ReadTypescript.scala:152 Preprocessing TsHelperFile(InFile(/home/tso/tmp/tso-cache/DefinitelyTyped/types/nodemailer/lib/fetch/cookies.d.ts),FromFolder(InFolder(/home/tso/tmp/tso-cache/DefinitelyTyped/types/nodemailer),TsIdentLibrarySimple(nodemailer)),TsIdentModule(None,List(nodemailer, lib, fetch, cookies))) [id => nodemailer, phase => typescript] 
[info ] InferredDefaultModule.scala:39 Inferred module TsIdentModule(None,List(nodemailer, lib, fetch, cookies)) [id => nodemailer, phase => typescript] 
[info ] Phase1ReadTypescript.scala:152 Preprocessing TsHelperFile(InFile(/home/tso/tmp/tso-cache/DefinitelyTyped/types/nodemailer/lib/fetch/index.d.ts),FromFolder(InFolder(/home/tso/tmp/tso-cache/DefinitelyTyped/types/nodemailer),TsIdentLibrarySimple(nodemailer)),TsIdentModule(None,List(nodemailer, lib, fetch))) [id => nodemailer, phase => typescript] 
[info ] InferredDefaultModule.scala:39 Inferred module TsIdentModule(None,List(nodemailer, lib, fetch)) [id => nodemailer, phase => typescript] 
[info ] Phase1ReadTypescript.scala:152 Preprocessing TsHelperFile(InFile(/home/tso/tmp/tso-cache/DefinitelyTyped/types/nodemailer/lib/mailer/index.d.ts),FromFolder(InFolder(/home/tso/tmp/tso-cache/DefinitelyTyped/types/nodemailer),TsIdentLibrarySimple(nodemailer)),TsIdentModule(None,List(nodemailer, lib, mailer))) [id => nodemailer, phase => typescript] 
[info ] InferredDefaultModule.scala:39 Inferred module TsIdentModule(None,List(nodemailer, lib, mailer)) [id => nodemailer, phase => typescript] 
[info ] Phase1ReadTypescript.scala:152 Preprocessing TsHelperFile(InFile(/home/tso/tmp/tso-cache/DefinitelyTyped/types/nodemailer/lib/mailer/mail-message.d.ts),FromFolder(InFolder(/home/tso/tmp/tso-cache/DefinitelyTyped/types/nodemailer),TsIdentLibrarySimple(nodemailer)),TsIdentModule(None,List(nodemailer, lib, mailer, mail-message))) [id => nodemailer, phase => typescript] 
[info ] InferredDefaultModule.scala:39 Inferred module TsIdentModule(None,List(nodemailer, lib, mailer, mail-message)) [id => nodemailer, phase => typescript] 
[info ] Phase1ReadTypescript.scala:152 Preprocessing TsHelperFile(InFile(/home/tso/tmp/tso-cache/DefinitelyTyped/types/nodemailer/lib/mime-funcs/index.d.ts),FromFolder(InFolder(/home/tso/tmp/tso-cache/DefinitelyTyped/types/nodemailer),TsIdentLibrarySimple(nodemailer)),TsIdentModule(None,List(nodemailer, lib, mime-funcs))) [id => nodemailer, phase => typescript] 
[info ] InferredDefaultModule.scala:39 Inferred module TsIdentModule(None,List(nodemailer, lib, mime-funcs)) [id => nodemailer, phase => typescript] 
[info ] Phase1ReadTypescript.scala:152 Preprocessing TsHelperFile(InFile(/home/tso/tmp/tso-cache/DefinitelyTyped/types/nodemailer/lib/mime-funcs/mime-types.d.ts),FromFolder(InFolder(/home/tso/tmp/tso-cache/DefinitelyTyped/types/nodemailer),TsIdentLibrarySimple(nodemailer)),TsIdentModule(None,List(nodemailer, lib, mime-funcs, mime-types))) [id => nodemailer, phase => typescript] 
[info ] InferredDefaultModule.scala:39 Inferred module TsIdentModule(None,List(nodemailer, lib, mime-funcs, mime-types)) [id => nodemailer, phase => typescript] 
[info ] Phase1ReadTypescript.scala:152 Preprocessing TsHelperFile(InFile(/home/tso/tmp/tso-cache/DefinitelyTyped/types/nodemailer/lib/sendmail-transport/index.d.ts),FromFolder(InFolder(/home/tso/tmp/tso-cache/DefinitelyTyped/types/nodemailer),TsIdentLibrarySimple(nodemailer)),TsIdentModule(None,List(nodemailer, lib, sendmail-transport))) [id => nodemailer, phase => typescript] 
[info ] InferredDefaultModule.scala:39 Inferred module TsIdentModule(None,List(nodemailer, lib, sendmail-transport)) [id => nodemailer, phase => typescript] 
[info ] Phase1ReadTypescript.scala:152 Preprocessing TsHelperFile(InFile(/home/tso/tmp/tso-cache/DefinitelyTyped/types/nodemailer/lib/sendmail-transport/le-unix.d.ts),FromFolder(InFolder(/home/tso/tmp/tso-cache/DefinitelyTyped/types/nodemailer),TsIdentLibrarySimple(nodemailer)),TsIdentModule(None,List(nodemailer, lib, sendmail-transport, le-unix))) [id => nodemailer, phase => typescript] 
[info ] InferredDefaultModule.scala:39 Inferred module TsIdentModule(None,List(nodemailer, lib, sendmail-transport, le-unix)) [id => nodemailer, phase => typescript] 
[info ] Phase1ReadTypescript.scala:152 Preprocessing TsHelperFile(InFile(/home/tso/tmp/tso-cache/DefinitelyTyped/types/nodemailer/lib/sendmail-transport/le-windows.d.ts),FromFolder(InFolder(/home/tso/tmp/tso-cache/DefinitelyTyped/types/nodemailer),TsIdentLibrarySimple(nodemailer)),TsIdentModule(None,List(nodemailer, lib, sendmail-transport, le-windows))) [id => nodemailer, phase => typescript] 
[info ] InferredDefaultModule.scala:39 Inferred module TsIdentModule(None,List(nodemailer, lib, sendmail-transport, le-windows)) [id => nodemailer, phase => typescript] 
[warn ] Phase1ReadTypescript.scala:190 Processing TsIdentLibrarySimple(nodemailer) [id => nodemailer, phase => typescript] 
[info ] PreferTypeAlias.scala:112 Simplified to type alias [id => nodemailer, phase => typescript, scope => TreeScope(TsParsedFile() / TsDeclModule(nodemailer/lib/sendmail-transport/le-unix) / TsDeclInterface(LeUnix))] 
[info ] PreferTypeAlias.scala:112 Simplified to type alias [id => nodemailer, phase => typescript, scope => TreeScope(TsParsedFile() / TsDeclModule(nodemailer/lib/sendmail-transport/le-windows) / TsDeclInterface(LeWindows))] 
[info ] ExtractInterfaces.scala:30 Extracted anonymous interface TsIdentSimple(Anon_Key) [id => nodemailer, phase => typescript, scope => TreeScope(TsParsedFile() / TsDeclModule(nodemailer/lib/xoauth2) / TsDeclNamespace(XOAuth2) / TsDeclInterface(Options) / TsMemberProperty(privateKey) / TsTypeUnion() / TsTypeObject())] 
[info ] ExtractInterfaces.scala:30 Extracted anonymous interface TsIdentSimple(Anon_KeyValue) [id => nodemailer, phase => typescript, scope => TreeScope(TsParsedFile() / TsDeclModule(nodemailer/lib/mime-node) / TsDeclInterface(MimeNode) / TsMemberFunction(addHeader) / TsFunSig() / TsFunParam() / TsTypeRef() / TsTypeObject())] 
[info ] ExtractInterfaces.scala:30 Extracted anonymous interface TsIdentSimple(Anon_KeyValue) [id => nodemailer, phase => typescript, scope => TreeScope(TsParsedFile() / TsDeclModule(nodemailer/lib/mime-node) / TsDeclInterface(MimeNode) / TsMemberFunction(setHeader) / TsFunSig() / TsFunParam() / TsTypeRef() / TsTypeObject())] 
[info ] ExtractInterfaces.scala:30 Extracted anonymous interface TsIdentSimple(Anon_Key) [id => nodemailer, phase => typescript, scope => TreeScope(TsParsedFile() / TsDeclModule(nodemailer/lib/dkim) / TsDeclNamespace(DKIM) / TsDeclInterface(SingleKeyOptions) / TsMemberProperty(privateKey) / TsTypeUnion() / TsTypeObject())] 
[info ] ExtractInterfaces.scala:30 Extracted anonymous interface TsIdentSimple(Anon_Key) [id => nodemailer, phase => typescript, scope => TreeScope(TsParsedFile() / TsDeclModule(nodemailer/lib/dkim) / TsDeclInterface(DKIM) / TsMemberProperty(keys) / TsTypeRef() / TsTypeUnion() / TsTypeObject())] 
[info ] ExtractInterfaces.scala:30 Extracted anonymous interface TsIdentSimple(Anon_Pending) [id => nodemailer, phase => typescript, scope => TreeScope(TsParsedFile() / TsDeclModule(nodemailer/lib/ses-transport) / TsDeclInterface(SESTransport) / TsMemberProperty(rateMessages) / TsTypeRef() / TsTypeObject())] 
[info ] ExtractInterfaces.scala:30 Extracted anonymous interface TsIdentSimple(Anon_Mail) [id => nodemailer, phase => typescript, scope => TreeScope(TsParsedFile() / TsDeclModule(nodemailer/lib/ses-transport) / TsDeclInterface(SESTransport) / TsMemberProperty(pending) / TsTypeRef() / TsTypeObject())] 
[info ] ExtractInterfaces.scala:30 Extracted anonymous interface TsIdentSimple(Anon_Comment) [id => nodemailer, phase => typescript, scope => TreeScope(TsParsedFile() / TsDeclModule(nodemailer/lib/mailer) / TsDeclNamespace(Mail) / TsDeclTypeAlias(ListHeader) / TsTypeUnion() / TsTypeObject())] 
[info ] ExtractInterfaces.scala:30 Extracted anonymous interface TsIdentSimple(Anon_Prepared) [id => nodemailer, phase => typescript, scope => TreeScope(TsParsedFile() / TsDeclModule(nodemailer/lib/mailer) / TsDeclNamespace(Mail) / TsDeclTypeAlias(Headers) / TsTypeUnion() / TsTypeObject() / TsMemberIndex() / TsTypeUnion() / TsTypeObject())] 
[info ] ExtractInterfaces.scala:30 Extracted anonymous interface TsIdentSimple(Anon_KeyValue) [id => nodemailer, phase => typescript, scope => TreeScope(TsParsedFile() / TsDeclModule(nodemailer/lib/mailer) / TsDeclNamespace(Mail) / TsDeclTypeAlias(Headers) / TsTypeUnion() / TsTypeRef() / TsTypeObject())] 
[info ] ExtractInterfaces.scala:30 Extracted anonymous interface TsIdentSimple(Anon_Connection) [id => nodemailer, phase => typescript, scope => TreeScope(TsParsedFile() / TsDeclModule(nodemailer/lib/mailer) / TsDeclInterface(Mail) / TsMemberFunction(set) / TsFunSig() / TsFunParam() / TsTypeFunction() / TsFunSig() / TsFunParam() / TsTypeFunction() / TsFunSig() / TsFunParam() / TsTypeObject())] 
[info ] ExtractInterfaces.scala:30 Extracted anonymous interface TsIdentSimple(Anon_Connection) [id => nodemailer, phase => typescript, scope => TreeScope(TsParsedFile() / TsDeclModule(nodemailer/lib/mailer) / TsDeclInterface(Mail) / TsMemberFunction(set) / TsFunSig() / TsFunParam() / TsTypeFunction() / TsFunSig() / TsFunParam() / TsTypeFunction() / TsFunSig() / TsFunParam() / TsTypeObject())] 
[info ] ExtractInterfaces.scala:30 Extracted anonymous interface TsIdentSimple(Anon_Connection) [id => nodemailer, phase => typescript, scope => TreeScope(TsParsedFile() / TsDeclModule(nodemailer/lib/mailer) / TsDeclInterface(Mail) / TsMemberFunction(set) / TsFunSig() / TsFunParam() / TsTypeFunction() / TsFunSig() / TsFunParam() / TsTypeFunction() / TsFunSig() / TsFunParam() / TsTypeObject())] 
[info ] ExtractInterfaces.scala:30 Extracted anonymous interface TsIdentSimple(Anon_Connection) [id => nodemailer, phase => typescript, scope => TreeScope(TsParsedFile() / TsDeclModule(nodemailer/lib/mailer) / TsDeclInterface(Mail) / TsMemberFunction(set) / TsFunSig() / TsFunParam() / TsTypeFunction() / TsFunSig() / TsFunParam() / TsTypeFunction() / TsFunSig() / TsFunParam() / TsTypeObject())] 
[info ] ExtractInterfaces.scala:30 Extracted anonymous interface TsIdentSimple(Anon_Connection) [id => nodemailer, phase => typescript, scope => TreeScope(TsParsedFile() / TsDeclModule(nodemailer/lib/mailer) / TsDeclInterface(Mail) / TsMemberFunction(set) / TsFunSig() / TsFunParam() / TsTypeFunction() / TsFunSig() / TsFunParam() / TsTypeFunction() / TsFunSig() / TsFunParam() / TsTypeObject())] 
[info ] ExtractInterfaces.scala:30 Extracted anonymous interface TsIdentSimple(Anon_Connection) [id => nodemailer, phase => typescript, scope => TreeScope(TsParsedFile() / TsDeclModule(nodemailer/lib/mailer) / TsDeclInterface(Mail) / TsMemberFunction(set) / TsFunSig() / TsFunParam() / TsTypeFunction() / TsFunSig() / TsFunParam() / TsTypeFunction() / TsFunSig() / TsFunParam() / TsTypeObject())] 
[info ] ExtractInterfaces.scala:30 Extracted anonymous interface TsIdentSimple(Anon_Connection) [id => nodemailer, phase => typescript, scope => TreeScope(TsParsedFile() / TsDeclModule(nodemailer/lib/mailer) / TsDeclInterface(Mail) / TsMemberFunction(get) / TsFunSig() / TsTypeFunction() / TsFunSig() / TsFunParam() / TsTypeFunction() / TsFunSig() / TsFunParam() / TsTypeObject())] 
[info ] ExtractInterfaces.scala:30 Extracted anonymous interface TsIdentSimple(Anon_Connection) [id => nodemailer, phase => typescript, scope => TreeScope(TsParsedFile() / TsDeclModule(nodemailer/lib/mailer) / TsDeclInterface(Mail) / TsMemberFunction(get) / TsFunSig() / TsTypeFunction() / TsFunSig() / TsFunParam() / TsTypeFunction() / TsFunSig() / TsFunParam() / TsTypeObject())] 
[info ] ExtractInterfaces.scala:30 Extracted anonymous interface TsIdentSimple(Anon_Connection) [id => nodemailer, phase => typescript, scope => TreeScope(TsParsedFile() / TsDeclModule(nodemailer/lib/mailer) / TsDeclInterface(Mail) / TsMemberFunction(get) / TsFunSig() / TsTypeFunction() / TsFunSig() / TsFunParam() / TsTypeFunction() / TsFunSig() / TsFunParam() / TsTypeObject())] 
[info ] ExtractInterfaces.scala:30 Extracted anonymous interface TsIdentSimple(Anon_Connection) [id => nodemailer, phase => typescript, scope => TreeScope(TsParsedFile() / TsDeclModule(nodemailer/lib/mailer) / TsDeclInterface(Mail) / TsMemberFunction(get) / TsFunSig() / TsTypeFunction() / TsFunSig() / TsFunParam() / TsTypeFunction() / TsFunSig() / TsFunParam() / TsTypeObject())] 
[info ] ExtractInterfaces.scala:30 Extracted anonymous interface TsIdentSimple(Anon_Connection) [id => nodemailer, phase => typescript, scope => TreeScope(TsParsedFile() / TsDeclModule(nodemailer/lib/mailer) / TsDeclInterface(Mail) / TsMemberFunction(get) / TsFunSig() / TsTypeFunction() / TsFunSig() / TsFunParam() / TsTypeFunction() / TsFunSig() / TsFunParam() / TsTypeObject())] 
[info ] ExtractInterfaces.scala:30 Extracted anonymous interface TsIdentSimple(Anon_Connection) [id => nodemailer, phase => typescript, scope => TreeScope(TsParsedFile() / TsDeclModule(nodemailer/lib/mailer) / TsDeclInterface(Mail) / TsMemberFunction(get) / TsFunSig() / TsTypeFunction() / TsFunSig() / TsFunParam() / TsTypeFunction() / TsFunSig() / TsFunParam() / TsTypeObject())] 
[info ] ExtractInterfaces.scala:30 Extracted anonymous interface TsIdentSimple(Anon_Secure) [id => nodemailer, phase => typescript, scope => TreeScope(TsParsedFile() / TsDeclModule(nodemailer) / TsDeclInterface(TestAccount) / TsMemberProperty(smtp) / TsTypeObject())] 
[info ] ExtractInterfaces.scala:30 Extracted anonymous interface TsIdentSimple(Anon_Secure) [id => nodemailer, phase => typescript, scope => TreeScope(TsParsedFile() / TsDeclModule(nodemailer) / TsDeclInterface(TestAccount) / TsMemberProperty(imap) / TsTypeObject())] 
[info ] ExtractInterfaces.scala:30 Extracted anonymous interface TsIdentSimple(Anon_Secure) [id => nodemailer, phase => typescript, scope => TreeScope(TsParsedFile() / TsDeclModule(nodemailer) / TsDeclInterface(TestAccount) / TsMemberProperty(pop3) / TsTypeObject())] 
[debug] PhaseRunner.scala:78 Success [id => nodemailer, phase => typescript] 
[warn ] Phase2ToScalaJs.scala:34 Processing TsIdentLibrarySimple(nodemailer) [id => nodemailer, phase => scala.js] 
[info ] RemoveMultipleInheritance.scala:39 Dropped parents List(nodemailerLib.libSmtpDashConnectionMod.SMTPConnectionNs.Options because Would inherit conflicting mutable fields List(auth)) [id => nodemailer, phase => scala.js, this => Name(nodemailerLib) / Name(libSmtpDashTransportMod) / Name(SMTPTransportNs) / Name(Options)] 
[info ] RemoveMultipleInheritance.scala:39 Dropped parents List(nodemailerLib.libSmtpDashConnectionMod.SMTPConnectionNs.Options because Would inherit conflicting mutable fields List(auth)) [id => nodemailer, phase => scala.js, this => Name(nodemailerLib) / Name(libSmtpDashPoolMod) / Name(SMTPPoolNs) / Name(Options)] 
[info ] CompleteClass.scala:60 Completed implementations Vector(options, keys) [id => nodemailer, phase => scala.js, this => Name(nodemailerLib) / Name(libDkimMod) / Name(namespaced)] 
[info ] CompleteClass.scala:60 Completed implementations Vector(cookies, options, set, add, parse, getPath, get, list, `match`, compare, isExpired) [id => nodemailer, phase => scala.js, this => Name(nodemailerLib) / Name(libFetchCookiesMod) / Name(namespaced)] 
[info ] CompleteClass.scala:60 Completed implementations Vector(logger, mailer_JSONTransport, options, name, version, send) [id => nodemailer, phase => scala.js, this => Name(nodemailerLib) / Name(libJsonDashTransportMod) / Name(namespaced)] 
[info ] CompleteClass.scala:60 Completed implementations Vector(mail, message, getAttachments, compile, getAlternatives) [id => nodemailer, phase => scala.js, this => Name(nodemailerLib) / Name(libMailDashComposerMod) / Name(namespaced)] 
[info ] CompleteClass.scala:60 Completed implementations Vector(path, logger, mailer_SendmailTransport, options, args, winbreak, name, version, send) [id => nodemailer, phase => scala.js, this => Name(nodemailerLib) / Name(libSendmailDashTransportMod) / Name(namespaced)] 
[info ] CompleteClass.scala:60 Completed implementations Vector(name, version, send) [id => nodemailer, phase => scala.js, this => Name(nodemailerLib) / Name(libSesDashTransportMod) / Name(namespaced)] 
[info ] CompleteClass.scala:60 Completed implementations Vector(name, version, send) [id => nodemailer, phase => scala.js, this => Name(nodemailerLib) / Name(libSmtpDashPoolMod) / Name(namespaced)] 
[info ] CompleteClass.scala:60 Completed implementations Vector(name, version, send) [id => nodemailer, phase => scala.js, this => Name(nodemailerLib) / Name(libSmtpDashTransportMod) / Name(namespaced)] 
[info ] CompleteClass.scala:60 Completed implementations Vector(logger, mailer_StreamTransport, options, winbreak, name, version, send) [id => nodemailer, phase => scala.js, this => Name(nodemailerLib) / Name(libStreamDashTransportMod) / Name(namespaced)] 
[debug] PhaseRunner.scala:78 Success [id => nodemailer, phase => scala.js] 
[warn ] PhaseRunner.scala:64 Failed because of, [node => Compilation failed] [id => nodemailer, phase => build] 
[debug] PhaseRunner.scala:82 Failure, [node => Compilation failed] [id => nodemailer, phase => build] 
