[info ] InferredDependency.scala:20 Inferred dependencies Set(TsIdentLibrarySimple(node)) for TsIdentLibrarySimple(node-hue-api) [id => node-hue-api, phase => typescript, file => ../types/node-hue-api/index.d.ts] 
[debug] PhaseRunner.scala:78 Success [id => node-hue-api, phase => typescript] 
[info ] Phase1ReadTypescript.scala:152 Preprocessing TsHelperFile(InFile(/home/tso/tmp/tso-cache/DefinitelyTyped/types/node-hue-api/index.d.ts),FromFolder(InFolder(/home/tso/tmp/tso-cache/DefinitelyTyped/types/node-hue-api),TsIdentLibrarySimple(node-hue-api)),TsIdentModule(None,List(node-hue-api))) [id => node-hue-api, phase => typescript] 
[info ] InferredDefaultModule.scala:39 Inferred module TsIdentModule(None,List(node-hue-api)) [id => node-hue-api, phase => typescript] 
[warn ] Phase1ReadTypescript.scala:190 Processing TsIdentLibrarySimple(node-hue-api) [id => node-hue-api, phase => typescript] 
[info ] ExtractInterfaces.scala:30 Extracted anonymous interface TsIdentSimple(Anon_Ct) [id => node-hue-api, phase => typescript, scope => TreeScope(TsParsedFile() / TsDeclModule(node-hue-api) / TsDeclInterface(ILight) / TsMemberProperty(state) / TsTypeObject())] 
[info ] ExtractInterfaces.scala:30 Extracted anonymous interface TsIdentSimple(Anon_8) [id => node-hue-api, phase => typescript, scope => TreeScope(TsParsedFile() / TsDeclModule(node-hue-api) / TsDeclInterface(ILight) / TsMemberProperty(pointsymbol) / TsTypeObject())] 
[info ] ExtractInterfaces.scala:30 Extracted anonymous interface TsIdentSimple(Anon_Software) [id => node-hue-api, phase => typescript, scope => TreeScope(TsParsedFile() / TsDeclModule(node-hue-api) / TsDeclInterface(IBridgeVersion) / TsMemberProperty(version) / TsTypeObject())] 
[info ] ExtractInterfaces.scala:30 Extracted anonymous interface TsIdentSimple(Anon_Name) [id => node-hue-api, phase => typescript, scope => TreeScope(TsParsedFile() / TsDeclModule(node-hue-api) / TsDeclInterface(INewLightsResponse) / TsMemberIndex() / TsTypeUnion() / TsTypeObject())] 
[info ] ExtractInterfaces.scala:30 Extracted anonymous interface TsIdentSimple(Anon_Key) [id => node-hue-api, phase => typescript, scope => TreeScope(TsParsedFile() / TsDeclModule(node-hue-api) / TsDeclInterface(ISensor) / TsMemberProperty(state) / TsTypeObject())] 
[info ] ExtractInterfaces.scala:30 Extracted anonymous interface TsIdentSimple(Anon_Status) [id => node-hue-api, phase => typescript, scope => TreeScope(TsParsedFile() / TsDeclModule(node-hue-api) / TsDeclInterface(IBridgeConfig) / TsMemberProperty(backup) / TsTypeObject())] 
[info ] ExtractInterfaces.scala:30 Extracted anonymous interface TsIdentSimple(Anon_Lights) [id => node-hue-api, phase => typescript, scope => TreeScope(TsParsedFile() / TsDeclModule(node-hue-api) / TsDeclInterface(IBridgeConfig) / TsMemberProperty(swupdate) / TsTypeObject() / TsMemberProperty(devicetypes) / TsTypeObject())] 
[info ] ExtractInterfaces.scala:30 Extracted anonymous interface TsIdentSimple(Anon_Notify) [id => node-hue-api, phase => typescript, scope => TreeScope(TsParsedFile() / TsDeclModule(node-hue-api) / TsDeclInterface(IBridgeConfig) / TsMemberProperty(swupdate) / TsTypeObject())] 
[info ] ExtractInterfaces.scala:30 Extracted anonymous interface TsIdentSimple(Anon_Incoming) [id => node-hue-api, phase => typescript, scope => TreeScope(TsParsedFile() / TsDeclModule(node-hue-api) / TsDeclInterface(IBridgeConfig) / TsMemberProperty(portalstate) / TsTypeObject())] 
[info ] ExtractInterfaces.scala:30 Extracted anonymous interface TsIdentSimple(Anon_Createdate) [id => node-hue-api, phase => typescript, scope => TreeScope(TsParsedFile() / TsDeclModule(node-hue-api) / TsDeclInterface(IBridgeConfig) / TsMemberProperty(whitelist) / TsTypeObject() / TsMemberIndex() / TsTypeObject())] 
[info ] ExtractInterfaces.scala:30 Extracted anonymous interface TsIdentSimple(Anon_On) [id => node-hue-api, phase => typescript, scope => TreeScope(TsParsedFile() / TsDeclModule(node-hue-api) / TsDeclInterface(ISchedule) / TsMemberProperty(command) / TsTypeObject() / TsMemberProperty(body) / TsTypeObject())] 
[info ] ExtractInterfaces.scala:30 Extracted anonymous interface TsIdentSimple(Anon_Address) [id => node-hue-api, phase => typescript, scope => TreeScope(TsParsedFile() / TsDeclModule(node-hue-api) / TsDeclInterface(ISchedule) / TsMemberProperty(command) / TsTypeObject())] 
[info ] ExtractInterfaces.scala:30 Extracted anonymous interface TsIdentSimple(Anon_Serial) [id => node-hue-api, phase => typescript, scope => TreeScope(TsParsedFile() / TsDeclModule(node-hue-api) / TsDeclInterface(IBridgeDescription) / TsMemberProperty(model) / TsTypeObject())] 
[info ] ExtractInterfaces.scala:30 Extracted anonymous interface TsIdentSimple(Anon_Minor) [id => node-hue-api, phase => typescript, scope => TreeScope(TsParsedFile() / TsDeclModule(node-hue-api) / TsDeclInterface(IBridgeDescription) / TsMemberProperty(version) / TsTypeObject())] 
[info ] ExtractInterfaces.scala:30 Extracted anonymous interface TsIdentSimple(Anon_CtColormode) [id => node-hue-api, phase => typescript, scope => TreeScope(TsParsedFile() / TsDeclModule(node-hue-api) / TsDeclInterface(ILightGroup) / TsMemberProperty(action) / TsTypeObject())] 
[debug] PhaseRunner.scala:78 Success [id => node-hue-api, phase => typescript] 
[warn ] Phase2ToScalaJs.scala:34 Processing TsIdentLibrarySimple(node-hue-api) [id => node-hue-api, phase => scala.js] 
[debug] PhaseRunner.scala:78 Success [id => node-hue-api, phase => scala.js] 
[warn ] PhaseRunner.scala:64 Failed because of, [node => Compilation failed] [id => node-hue-api, phase => build] 
[debug] PhaseRunner.scala:82 Failure, [node => Compilation failed] [id => node-hue-api, phase => build] 
