[debug] PhaseRunner.scala:84 Success [id => node-vault, phase => typescript] 
[info ] Phase1ReadTypescript.scala:160 Preprocessing TsHelperFile(InFile(/home/tso/tmp/tso-cache/DefinitelyTyped/types/node-vault/index.d.ts),FromFolder(InFolder(/home/tso/tmp/tso-cache/DefinitelyTyped/types/node-vault),TsIdentLibrarySimple(node-vault)),TsIdentModule(None,List(node-vault))) [id => node-vault, phase => typescript] 
[info ] InferredDefaultModule.scala:39 Inferred module TsIdentModule(None,List(node-vault)) [id => node-vault, phase => typescript] 
[warn ] Phase1ReadTypescript.scala:182 Processing TsIdentLibrarySimple(node-vault) [id => node-vault, phase => typescript] 
[info ] ResolveTypeQueries.scala:218 Resolved TsTypeQuery(TsQIdent(List(TsIdentSimple(mustache)))) [id => node-vault, phase => typescript, scope => TreeScope(TsParsedFile() / TsDeclModule(node-vault) / TsExport() / TsExporteeTree() / TsDeclInterface(VaultOptions) / TsMemberProperty(mustache) / TsTypeQuery())] 
[info ] ExpandTypeParams.scala:74 Expanding 1 members for TsIdentSimple(^) [id => node-vault, phase => typescript, scope => TreeScope(TsParsedFile() / TsDeclModule(node-vault))] 
[info ] ExpandTypeParams.scala:61 Expanding 1 members for TsIdentSimple(handleVaultResponse) [id => node-vault, phase => typescript, scope => TreeScope(TsParsedFile() / TsDeclModule(node-vault) / TsDeclInterface(Client))] 
[info ] ExpandTypeParams.scala:61 Expanding 1 members for TsIdentSimple(request) [id => node-vault, phase => typescript, scope => TreeScope(TsParsedFile() / TsDeclModule(node-vault) / TsDeclInterface(Client))] 
[info ] ExpandTypeParams.scala:61 Expanding 1 members for TsIdentSimple(help) [id => node-vault, phase => typescript, scope => TreeScope(TsParsedFile() / TsDeclModule(node-vault) / TsDeclInterface(Client))] 
[info ] ExpandTypeParams.scala:61 Expanding 1 members for TsIdentSimple(write) [id => node-vault, phase => typescript, scope => TreeScope(TsParsedFile() / TsDeclModule(node-vault) / TsDeclInterface(Client))] 
[info ] ExpandTypeParams.scala:61 Expanding 1 members for TsIdentSimple(read) [id => node-vault, phase => typescript, scope => TreeScope(TsParsedFile() / TsDeclModule(node-vault) / TsDeclInterface(Client))] 
[info ] ExpandTypeParams.scala:61 Expanding 1 members for TsIdentSimple(list) [id => node-vault, phase => typescript, scope => TreeScope(TsParsedFile() / TsDeclModule(node-vault) / TsDeclInterface(Client))] 
[info ] ExpandTypeParams.scala:61 Expanding 1 members for TsIdentSimple(delete) [id => node-vault, phase => typescript, scope => TreeScope(TsParsedFile() / TsDeclModule(node-vault) / TsDeclInterface(Client))] 
[info ] ExpandTypeParams.scala:61 Expanding 1 members for TsIdentSimple(generateFunction) [id => node-vault, phase => typescript, scope => TreeScope(TsParsedFile() / TsDeclModule(node-vault) / TsDeclInterface(Client))] 
[info ] ExpandTypeParams.scala:61 Expanding 1 members for TsIdentSimple(status) [id => node-vault, phase => typescript, scope => TreeScope(TsParsedFile() / TsDeclModule(node-vault) / TsDeclInterface(Client))] 
[info ] ExpandTypeParams.scala:61 Expanding 1 members for TsIdentSimple(initialized) [id => node-vault, phase => typescript, scope => TreeScope(TsParsedFile() / TsDeclModule(node-vault) / TsDeclInterface(Client))] 
[info ] ExpandTypeParams.scala:61 Expanding 1 members for TsIdentSimple(init) [id => node-vault, phase => typescript, scope => TreeScope(TsParsedFile() / TsDeclModule(node-vault) / TsDeclInterface(Client))] 
[info ] ExpandTypeParams.scala:61 Expanding 1 members for TsIdentSimple(unseal) [id => node-vault, phase => typescript, scope => TreeScope(TsParsedFile() / TsDeclModule(node-vault) / TsDeclInterface(Client))] 
[info ] ExpandTypeParams.scala:61 Expanding 1 members for TsIdentSimple(seal) [id => node-vault, phase => typescript, scope => TreeScope(TsParsedFile() / TsDeclModule(node-vault) / TsDeclInterface(Client))] 
[info ] ExpandTypeParams.scala:61 Expanding 1 members for TsIdentSimple(generateRootStatus) [id => node-vault, phase => typescript, scope => TreeScope(TsParsedFile() / TsDeclModule(node-vault) / TsDeclInterface(Client))] 
[info ] ExpandTypeParams.scala:61 Expanding 1 members for TsIdentSimple(generateRootInit) [id => node-vault, phase => typescript, scope => TreeScope(TsParsedFile() / TsDeclModule(node-vault) / TsDeclInterface(Client))] 
[info ] ExpandTypeParams.scala:61 Expanding 1 members for TsIdentSimple(generateRootCancel) [id => node-vault, phase => typescript, scope => TreeScope(TsParsedFile() / TsDeclModule(node-vault) / TsDeclInterface(Client))] 
[info ] ExpandTypeParams.scala:61 Expanding 1 members for TsIdentSimple(generateRootUpdate) [id => node-vault, phase => typescript, scope => TreeScope(TsParsedFile() / TsDeclModule(node-vault) / TsDeclInterface(Client))] 
[info ] ExpandTypeParams.scala:61 Expanding 1 members for TsIdentSimple(mounts) [id => node-vault, phase => typescript, scope => TreeScope(TsParsedFile() / TsDeclModule(node-vault) / TsDeclInterface(Client))] 
[info ] ExpandTypeParams.scala:61 Expanding 1 members for TsIdentSimple(mount) [id => node-vault, phase => typescript, scope => TreeScope(TsParsedFile() / TsDeclModule(node-vault) / TsDeclInterface(Client))] 
[info ] ExpandTypeParams.scala:61 Expanding 1 members for TsIdentSimple(unmount) [id => node-vault, phase => typescript, scope => TreeScope(TsParsedFile() / TsDeclModule(node-vault) / TsDeclInterface(Client))] 
[info ] ExpandTypeParams.scala:61 Expanding 1 members for TsIdentSimple(remount) [id => node-vault, phase => typescript, scope => TreeScope(TsParsedFile() / TsDeclModule(node-vault) / TsDeclInterface(Client))] 
[info ] ExpandTypeParams.scala:61 Expanding 1 members for TsIdentSimple(policies) [id => node-vault, phase => typescript, scope => TreeScope(TsParsedFile() / TsDeclModule(node-vault) / TsDeclInterface(Client))] 
[info ] ExpandTypeParams.scala:61 Expanding 1 members for TsIdentSimple(addPolicy) [id => node-vault, phase => typescript, scope => TreeScope(TsParsedFile() / TsDeclModule(node-vault) / TsDeclInterface(Client))] 
[info ] ExpandTypeParams.scala:61 Expanding 1 members for TsIdentSimple(getPolicy) [id => node-vault, phase => typescript, scope => TreeScope(TsParsedFile() / TsDeclModule(node-vault) / TsDeclInterface(Client))] 
[info ] ExpandTypeParams.scala:61 Expanding 1 members for TsIdentSimple(removePolicy) [id => node-vault, phase => typescript, scope => TreeScope(TsParsedFile() / TsDeclModule(node-vault) / TsDeclInterface(Client))] 
[info ] ExpandTypeParams.scala:61 Expanding 1 members for TsIdentSimple(auths) [id => node-vault, phase => typescript, scope => TreeScope(TsParsedFile() / TsDeclModule(node-vault) / TsDeclInterface(Client))] 
[info ] ExpandTypeParams.scala:61 Expanding 1 members for TsIdentSimple(enableAuth) [id => node-vault, phase => typescript, scope => TreeScope(TsParsedFile() / TsDeclModule(node-vault) / TsDeclInterface(Client))] 
[info ] ExpandTypeParams.scala:61 Expanding 1 members for TsIdentSimple(disableAuth) [id => node-vault, phase => typescript, scope => TreeScope(TsParsedFile() / TsDeclModule(node-vault) / TsDeclInterface(Client))] 
[info ] ExpandTypeParams.scala:61 Expanding 1 members for TsIdentSimple(audits) [id => node-vault, phase => typescript, scope => TreeScope(TsParsedFile() / TsDeclModule(node-vault) / TsDeclInterface(Client))] 
[info ] ExpandTypeParams.scala:61 Expanding 1 members for TsIdentSimple(enableAudit) [id => node-vault, phase => typescript, scope => TreeScope(TsParsedFile() / TsDeclModule(node-vault) / TsDeclInterface(Client))] 
[info ] ExpandTypeParams.scala:61 Expanding 1 members for TsIdentSimple(disableAudit) [id => node-vault, phase => typescript, scope => TreeScope(TsParsedFile() / TsDeclModule(node-vault) / TsDeclInterface(Client))] 
[info ] ExpandTypeParams.scala:61 Expanding 1 members for TsIdentSimple(renew) [id => node-vault, phase => typescript, scope => TreeScope(TsParsedFile() / TsDeclModule(node-vault) / TsDeclInterface(Client))] 
[info ] ExpandTypeParams.scala:61 Expanding 1 members for TsIdentSimple(revoke) [id => node-vault, phase => typescript, scope => TreeScope(TsParsedFile() / TsDeclModule(node-vault) / TsDeclInterface(Client))] 
[info ] ExpandTypeParams.scala:61 Expanding 1 members for TsIdentSimple(revokePrefix) [id => node-vault, phase => typescript, scope => TreeScope(TsParsedFile() / TsDeclModule(node-vault) / TsDeclInterface(Client))] 
[info ] ExpandTypeParams.scala:61 Expanding 1 members for TsIdentSimple(rotate) [id => node-vault, phase => typescript, scope => TreeScope(TsParsedFile() / TsDeclModule(node-vault) / TsDeclInterface(Client))] 
[info ] ExpandTypeParams.scala:61 Expanding 1 members for TsIdentSimple(unwrap) [id => node-vault, phase => typescript, scope => TreeScope(TsParsedFile() / TsDeclModule(node-vault) / TsDeclInterface(Client))] 
[info ] ExpandTypeParams.scala:61 Expanding 1 members for TsIdentSimple(gcpLogin) [id => node-vault, phase => typescript, scope => TreeScope(TsParsedFile() / TsDeclModule(node-vault) / TsDeclInterface(Client))] 
[info ] ExpandTypeParams.scala:61 Expanding 1 members for TsIdentSimple(githubLogin) [id => node-vault, phase => typescript, scope => TreeScope(TsParsedFile() / TsDeclModule(node-vault) / TsDeclInterface(Client))] 
[info ] ExpandTypeParams.scala:61 Expanding 1 members for TsIdentSimple(kubernetesLogin) [id => node-vault, phase => typescript, scope => TreeScope(TsParsedFile() / TsDeclModule(node-vault) / TsDeclInterface(Client))] 
[info ] ExpandTypeParams.scala:61 Expanding 1 members for TsIdentSimple(userpassLogin) [id => node-vault, phase => typescript, scope => TreeScope(TsParsedFile() / TsDeclModule(node-vault) / TsDeclInterface(Client))] 
[info ] ExpandTypeParams.scala:61 Expanding 1 members for TsIdentSimple(ldapLogin) [id => node-vault, phase => typescript, scope => TreeScope(TsParsedFile() / TsDeclModule(node-vault) / TsDeclInterface(Client))] 
[info ] ExpandTypeParams.scala:61 Expanding 1 members for TsIdentSimple(oktaLogin) [id => node-vault, phase => typescript, scope => TreeScope(TsParsedFile() / TsDeclModule(node-vault) / TsDeclInterface(Client))] 
[info ] ExpandTypeParams.scala:61 Expanding 1 members for TsIdentSimple(radiusLogin) [id => node-vault, phase => typescript, scope => TreeScope(TsParsedFile() / TsDeclModule(node-vault) / TsDeclInterface(Client))] 
[info ] ExpandTypeParams.scala:61 Expanding 1 members for TsIdentSimple(tokenAccessors) [id => node-vault, phase => typescript, scope => TreeScope(TsParsedFile() / TsDeclModule(node-vault) / TsDeclInterface(Client))] 
[info ] ExpandTypeParams.scala:61 Expanding 1 members for TsIdentSimple(tokenCreate) [id => node-vault, phase => typescript, scope => TreeScope(TsParsedFile() / TsDeclModule(node-vault) / TsDeclInterface(Client))] 
[info ] ExpandTypeParams.scala:61 Expanding 1 members for TsIdentSimple(tokenCreateOrphan) [id => node-vault, phase => typescript, scope => TreeScope(TsParsedFile() / TsDeclModule(node-vault) / TsDeclInterface(Client))] 
[info ] ExpandTypeParams.scala:61 Expanding 1 members for TsIdentSimple(tokenCreateRole) [id => node-vault, phase => typescript, scope => TreeScope(TsParsedFile() / TsDeclModule(node-vault) / TsDeclInterface(Client))] 
[info ] ExpandTypeParams.scala:61 Expanding 1 members for TsIdentSimple(tokenLookup) [id => node-vault, phase => typescript, scope => TreeScope(TsParsedFile() / TsDeclModule(node-vault) / TsDeclInterface(Client))] 
[info ] ExpandTypeParams.scala:61 Expanding 1 members for TsIdentSimple(tokenLookupAccessor) [id => node-vault, phase => typescript, scope => TreeScope(TsParsedFile() / TsDeclModule(node-vault) / TsDeclInterface(Client))] 
[info ] ExpandTypeParams.scala:61 Expanding 1 members for TsIdentSimple(tokenLookupSelf) [id => node-vault, phase => typescript, scope => TreeScope(TsParsedFile() / TsDeclModule(node-vault) / TsDeclInterface(Client))] 
[info ] ExpandTypeParams.scala:61 Expanding 1 members for TsIdentSimple(tokenRenew) [id => node-vault, phase => typescript, scope => TreeScope(TsParsedFile() / TsDeclModule(node-vault) / TsDeclInterface(Client))] 
[info ] ExpandTypeParams.scala:61 Expanding 1 members for TsIdentSimple(tokenRenewSelf) [id => node-vault, phase => typescript, scope => TreeScope(TsParsedFile() / TsDeclModule(node-vault) / TsDeclInterface(Client))] 
[info ] ExpandTypeParams.scala:61 Expanding 1 members for TsIdentSimple(tokenRevoke) [id => node-vault, phase => typescript, scope => TreeScope(TsParsedFile() / TsDeclModule(node-vault) / TsDeclInterface(Client))] 
[info ] ExpandTypeParams.scala:61 Expanding 1 members for TsIdentSimple(tokenRevokeAccessor) [id => node-vault, phase => typescript, scope => TreeScope(TsParsedFile() / TsDeclModule(node-vault) / TsDeclInterface(Client))] 
[info ] ExpandTypeParams.scala:61 Expanding 1 members for TsIdentSimple(tokenRevokeOrphan) [id => node-vault, phase => typescript, scope => TreeScope(TsParsedFile() / TsDeclModule(node-vault) / TsDeclInterface(Client))] 
[info ] ExpandTypeParams.scala:61 Expanding 1 members for TsIdentSimple(tokenRevokeSelf) [id => node-vault, phase => typescript, scope => TreeScope(TsParsedFile() / TsDeclModule(node-vault) / TsDeclInterface(Client))] 
[info ] ExpandTypeParams.scala:61 Expanding 1 members for TsIdentSimple(tokenRoles) [id => node-vault, phase => typescript, scope => TreeScope(TsParsedFile() / TsDeclModule(node-vault) / TsDeclInterface(Client))] 
[info ] ExpandTypeParams.scala:61 Expanding 1 members for TsIdentSimple(addTokenRole) [id => node-vault, phase => typescript, scope => TreeScope(TsParsedFile() / TsDeclModule(node-vault) / TsDeclInterface(Client))] 
[info ] ExpandTypeParams.scala:61 Expanding 1 members for TsIdentSimple(getTokenRole) [id => node-vault, phase => typescript, scope => TreeScope(TsParsedFile() / TsDeclModule(node-vault) / TsDeclInterface(Client))] 
[info ] ExpandTypeParams.scala:61 Expanding 1 members for TsIdentSimple(removeTokenRole) [id => node-vault, phase => typescript, scope => TreeScope(TsParsedFile() / TsDeclModule(node-vault) / TsDeclInterface(Client))] 
[info ] ExpandTypeParams.scala:61 Expanding 1 members for TsIdentSimple(approleRoles) [id => node-vault, phase => typescript, scope => TreeScope(TsParsedFile() / TsDeclModule(node-vault) / TsDeclInterface(Client))] 
[info ] ExpandTypeParams.scala:61 Expanding 1 members for TsIdentSimple(addApproleRole) [id => node-vault, phase => typescript, scope => TreeScope(TsParsedFile() / TsDeclModule(node-vault) / TsDeclInterface(Client))] 
[info ] ExpandTypeParams.scala:61 Expanding 1 members for TsIdentSimple(getApproleRole) [id => node-vault, phase => typescript, scope => TreeScope(TsParsedFile() / TsDeclModule(node-vault) / TsDeclInterface(Client))] 
[info ] ExpandTypeParams.scala:61 Expanding 1 members for TsIdentSimple(deleteApproleRole) [id => node-vault, phase => typescript, scope => TreeScope(TsParsedFile() / TsDeclModule(node-vault) / TsDeclInterface(Client))] 
[info ] ExpandTypeParams.scala:61 Expanding 1 members for TsIdentSimple(getApproleRoleId) [id => node-vault, phase => typescript, scope => TreeScope(TsParsedFile() / TsDeclModule(node-vault) / TsDeclInterface(Client))] 
[info ] ExpandTypeParams.scala:61 Expanding 1 members for TsIdentSimple(updateApproleRoleId) [id => node-vault, phase => typescript, scope => TreeScope(TsParsedFile() / TsDeclModule(node-vault) / TsDeclInterface(Client))] 
[info ] ExpandTypeParams.scala:61 Expanding 1 members for TsIdentSimple(getApproleRoleSecret) [id => node-vault, phase => typescript, scope => TreeScope(TsParsedFile() / TsDeclModule(node-vault) / TsDeclInterface(Client))] 
[info ] ExpandTypeParams.scala:61 Expanding 1 members for TsIdentSimple(approleSecretAccessors) [id => node-vault, phase => typescript, scope => TreeScope(TsParsedFile() / TsDeclModule(node-vault) / TsDeclInterface(Client))] 
[info ] ExpandTypeParams.scala:61 Expanding 1 members for TsIdentSimple(approleSecretLookup) [id => node-vault, phase => typescript, scope => TreeScope(TsParsedFile() / TsDeclModule(node-vault) / TsDeclInterface(Client))] 
[info ] ExpandTypeParams.scala:61 Expanding 1 members for TsIdentSimple(approleSecretDestroy) [id => node-vault, phase => typescript, scope => TreeScope(TsParsedFile() / TsDeclModule(node-vault) / TsDeclInterface(Client))] 
[info ] ExpandTypeParams.scala:61 Expanding 1 members for TsIdentSimple(approleSecretAccessorLookup) [id => node-vault, phase => typescript, scope => TreeScope(TsParsedFile() / TsDeclModule(node-vault) / TsDeclInterface(Client))] 
[info ] ExpandTypeParams.scala:61 Expanding 1 members for TsIdentSimple(approleSecretAccessorDestroy) [id => node-vault, phase => typescript, scope => TreeScope(TsParsedFile() / TsDeclModule(node-vault) / TsDeclInterface(Client))] 
[info ] ExpandTypeParams.scala:61 Expanding 1 members for TsIdentSimple(approleLogin) [id => node-vault, phase => typescript, scope => TreeScope(TsParsedFile() / TsDeclModule(node-vault) / TsDeclInterface(Client))] 
[info ] ExpandTypeParams.scala:61 Expanding 1 members for TsIdentSimple(health) [id => node-vault, phase => typescript, scope => TreeScope(TsParsedFile() / TsDeclModule(node-vault) / TsDeclInterface(Client))] 
[info ] ExpandTypeParams.scala:61 Expanding 1 members for TsIdentSimple(leader) [id => node-vault, phase => typescript, scope => TreeScope(TsParsedFile() / TsDeclModule(node-vault) / TsDeclInterface(Client))] 
[info ] ExpandTypeParams.scala:61 Expanding 1 members for TsIdentSimple(stepDown) [id => node-vault, phase => typescript, scope => TreeScope(TsParsedFile() / TsDeclModule(node-vault) / TsDeclInterface(Client))] 
[info ] ExtractInterfaces.scala:41 Extracted anonymous interface TsIdentSimple(Anon_Query) [id => node-vault, phase => typescript, scope => TreeScope(TsParsedFile() / TsDeclModule(node-vault) / TsDeclInterface(FunctionConf) / TsMemberProperty(schema) / TsTypeObject())] 
[info ] ExtractInterfaces.scala:41 Extracted anonymous interface TsIdentSimple(Anon_Body) [id => node-vault, phase => typescript, scope => TreeScope(TsParsedFile() / TsDeclModule(node-vault) / TsDeclInterface(Client) / TsMemberFunction(handleVaultResponse) / TsFunSig() / TsFunParam() / TsTypeObject())] 
[info ] ExtractInterfaces.scala:41 Extracted anonymous interface TsIdentSimple(Anon_Method) [id => node-vault, phase => typescript, scope => TreeScope(TsParsedFile() / TsDeclModule(node-vault) / TsDeclInterface(VaultOptions) / TsMemberProperty(commands) / TsTypeRef() / TsTypeObject())] 
[info ] ExtractInterfaces.scala:41 Extracted anonymous interface TsIdentSimple(Typeofmustache) [id => node-vault, phase => typescript, scope => TreeScope(TsParsedFile() / TsDeclModule(node-vault) / TsDeclInterface(VaultOptions) / TsMemberProperty(mustache) / TsTypeObject())] 
[debug] PhaseRunner.scala:84 Success [id => node-vault, phase => typescript] 
[warn ] Phase2ToScalaJs.scala:43 Processing node-vault [id => node-vault, phase => scala.js] 
[debug] PhaseRunner.scala:84 Success [id => node-vault, phase => scala.js] 
[warn ] Phase3Compile.scala:214 Building node-vault... [id => node-vault, phase => build] 
[error] Phase3Compile.scala:240 [E] [E3] src/main/scala/typings/nodeDashVault/Typeofmustache.scala:32:60
[E]      type Writer is not a member of object typings.mustache.mustacheMod.^
[E]      L32:   var Writer: Instantiable0[typings.mustache.mustacheMod.^.Writer] = js.native
[E]                                                                      ^
[E] [E2] src/main/scala/typings/nodeDashVault/Typeofmustache.scala:26:82
[E]      type Scanner is not a member of object typings.mustache.mustacheMod.^
[E]      L26:   var Scanner: Instantiable1[/* string */ String, typings.mustache.mustacheMod.^.Scanner] = js.native
[E]                                                                                            ^
[E] [E1] src/main/scala/typings/nodeDashVault/Typeofmustache.scala:21:36
[E]      type Context is not a member of object typings.mustache.mustacheMod.^
[E]      L21:     typings.mustache.mustacheMod.^.Context
[E]                                              ^
[E] src/main/scala/typings/nodeDashVault/Typeofmustache.scala: L21 [E1], L26 [E2], L32 [E3]
[E] Failed to compile 'node-vault'
 [id => node-vault, phase => build] 
[error] PhaseRunner.scala:88 Failure, [node-vault => Compilation failed] [id => node-vault, phase => build] 
[error] PhaseRunner.scala:88 Failure, [node-vault => Compilation failed] [id => node-vault, phase => publish] 
