[debug] PhaseRunner.scala:82 Success [id => node-xlsx, phase => typescript] 
[info ] Phase1ReadTypescript.scala:160 Preprocessing TsHelperFile(InFile(/home/tso/tmp/tso-cache/DefinitelyTyped/types/node-xlsx/index.d.ts),FromFolder(InFolder(/home/tso/tmp/tso-cache/DefinitelyTyped/types/node-xlsx),TsIdentLibrarySimple(node-xlsx)),TsIdentModule(None,List(node-xlsx))) [id => node-xlsx, phase => typescript] 
[info ] InferredDefaultModule.scala:39 Inferred module TsIdentModule(None,List(node-xlsx)) [id => node-xlsx, phase => typescript] 
[warn ] Phase1ReadTypescript.scala:200 Processing TsIdentLibrarySimple(node-xlsx) [id => node-xlsx, phase => typescript] 
[info ] ResolveTypeQueries.scala:125 Resolved TsTypeQuery(TsQIdent(List(TsIdentSimple(parse)))) [id => node-xlsx, phase => typescript, scope => TreeScope(TsParsedFile() / TsDeclModule(node-xlsx) / TsDeclVar(_default))] 
[info ] ResolveTypeQueries.scala:125 Resolved TsTypeQuery(TsQIdent(List(TsIdentSimple(parse)))) [id => node-xlsx, phase => typescript, scope => TreeScope(TsParsedFile() / TsDeclModule(node-xlsx) / TsDeclVar(_default) / TsTypeObject() / TsMemberProperty(parse) / TsTypeQuery())] 
[info ] ResolveTypeQueries.scala:125 Resolved TsTypeQuery(TsQIdent(List(TsIdentSimple(build)))) [id => node-xlsx, phase => typescript, scope => TreeScope(TsParsedFile() / TsDeclModule(node-xlsx) / TsDeclVar(_default))] 
[info ] ResolveTypeQueries.scala:125 Resolved TsTypeQuery(TsQIdent(List(TsIdentSimple(build)))) [id => node-xlsx, phase => typescript, scope => TreeScope(TsParsedFile() / TsDeclModule(node-xlsx) / TsDeclVar(_default) / TsTypeObject() / TsMemberProperty(build) / TsTypeQuery())] 
[info ] ExpandCallables.scala:51 Expanded parse into 1 methods [id => node-xlsx, phase => typescript, scope => TreeScope(TsParsedFile() / TsDeclModule(node-xlsx) / TsDeclVar(default) / TsTypeObject())] 
[info ] ExpandCallables.scala:51 Expanded build into 1 methods [id => node-xlsx, phase => typescript, scope => TreeScope(TsParsedFile() / TsDeclModule(node-xlsx) / TsDeclVar(default) / TsTypeObject())] 
[info ] ExtractInterfaces.scala:37 Extracted anonymous interface TsIdentSimple(Anon_Data) [id => node-xlsx, phase => typescript, scope => TreeScope(TsParsedFile() / TsDeclModule(node-xlsx) / TsDeclFunction(parse) / TsFunSig() / TsTypeRef() / TsTypeObject())] 
[info ] ExtractInterfaces.scala:37 Extracted anonymous interface TsIdentSimple(Anon_Data) [id => node-xlsx, phase => typescript, scope => TreeScope(TsParsedFile() / TsDeclModule(node-xlsx) / TsDeclFunction(parse) / TsFunSig() / TsTypeRef() / TsTypeObject())] 
[info ] ExtractInterfaces.scala:37 Extracted anonymous interface TsIdentSimple(Anon_Data) [id => node-xlsx, phase => typescript, scope => TreeScope(TsParsedFile() / TsDeclModule(node-xlsx) / TsDeclFunction(parse) / TsFunSig() / TsTypeRef() / TsTypeObject())] 
[info ] ExtractInterfaces.scala:37 Extracted anonymous interface TsIdentSimple(Anon_Data) [id => node-xlsx, phase => typescript, scope => TreeScope(TsParsedFile() / TsDeclModule(node-xlsx) / TsDeclFunction(parse) / TsFunSig() / TsTypeRef() / TsTypeObject())] 
[info ] ExtractInterfaces.scala:37 Extracted anonymous interface TsIdentSimple(Anon_DataName) [id => node-xlsx, phase => typescript, scope => TreeScope(TsParsedFile() / TsDeclModule(node-xlsx) / TsDeclFunction(build) / TsFunSig() / TsFunParam() / TsTypeRef() / TsTypeObject())] 
[info ] ExtractInterfaces.scala:37 Extracted anonymous interface TsIdentSimple(Anon_DataName) [id => node-xlsx, phase => typescript, scope => TreeScope(TsParsedFile() / TsDeclModule(node-xlsx) / TsDeclFunction(build) / TsFunSig() / TsFunParam() / TsTypeRef() / TsTypeObject())] 
[info ] ExtractInterfaces.scala:37 Extracted anonymous interface TsIdentSimple(Anon_Data) [id => node-xlsx, phase => typescript, scope => TreeScope(TsParsedFile() / TsDeclModule(node-xlsx) / TsDeclVar(default) / TsTypeObject() / TsMemberFunction(parse) / TsFunSig() / TsTypeRef() / TsTypeObject())] 
[info ] ExtractInterfaces.scala:37 Extracted anonymous interface TsIdentSimple(Anon_Data) [id => node-xlsx, phase => typescript, scope => TreeScope(TsParsedFile() / TsDeclModule(node-xlsx) / TsDeclVar(default) / TsTypeObject() / TsMemberFunction(parse) / TsFunSig() / TsTypeRef() / TsTypeObject())] 
[info ] ExtractInterfaces.scala:37 Extracted anonymous interface TsIdentSimple(Anon_Data) [id => node-xlsx, phase => typescript, scope => TreeScope(TsParsedFile() / TsDeclModule(node-xlsx) / TsDeclVar(default) / TsTypeObject() / TsMemberFunction(parse) / TsFunSig() / TsTypeRef() / TsTypeObject())] 
[info ] ExtractInterfaces.scala:37 Extracted anonymous interface TsIdentSimple(Anon_Data) [id => node-xlsx, phase => typescript, scope => TreeScope(TsParsedFile() / TsDeclModule(node-xlsx) / TsDeclVar(default) / TsTypeObject() / TsMemberFunction(parse) / TsFunSig() / TsTypeRef() / TsTypeObject())] 
[info ] ExtractInterfaces.scala:37 Extracted anonymous interface TsIdentSimple(Anon_Data) [id => node-xlsx, phase => typescript, scope => TreeScope(TsParsedFile() / TsDeclModule(node-xlsx) / TsDeclVar(default) / TsTypeObject() / TsMemberProperty(parse) / TsTypeFunction() / TsFunSig() / TsTypeRef() / TsTypeObject())] 
[info ] ExtractInterfaces.scala:37 Extracted anonymous interface TsIdentSimple(Anon_DataName) [id => node-xlsx, phase => typescript, scope => TreeScope(TsParsedFile() / TsDeclModule(node-xlsx) / TsDeclVar(default) / TsTypeObject() / TsMemberFunction(build) / TsFunSig() / TsFunParam() / TsTypeRef() / TsTypeObject())] 
[info ] ExtractInterfaces.scala:37 Extracted anonymous interface TsIdentSimple(Anon_DataName) [id => node-xlsx, phase => typescript, scope => TreeScope(TsParsedFile() / TsDeclModule(node-xlsx) / TsDeclVar(default) / TsTypeObject() / TsMemberFunction(build) / TsFunSig() / TsFunParam() / TsTypeRef() / TsTypeObject())] 
[info ] ExtractInterfaces.scala:37 Extracted anonymous interface TsIdentSimple(Anon_DataName) [id => node-xlsx, phase => typescript, scope => TreeScope(TsParsedFile() / TsDeclModule(node-xlsx) / TsDeclVar(default) / TsTypeObject() / TsMemberProperty(build) / TsTypeFunction() / TsFunSig() / TsFunParam() / TsTypeRef() / TsTypeObject())] 
[info ] ExtractInterfaces.scala:37 Extracted anonymous interface TsIdentSimple(Anon_Build) [id => node-xlsx, phase => typescript, scope => TreeScope(TsParsedFile() / TsDeclModule(node-xlsx) / TsDeclVar(default) / TsTypeObject())] 
[debug] PhaseRunner.scala:82 Success [id => node-xlsx, phase => typescript] 
[warn ] Phase2ToScalaJs.scala:40 Processing node-xlsx [id => node-xlsx, phase => scala.js] 
[debug] PhaseRunner.scala:82 Success [id => node-xlsx, phase => scala.js] 
[error] Anon_Data.scala:9 class Array takes type parameters,   var data: js.Array[js.Array] [id => node-xlsx, phase => build] 
[error] Anon_Data.scala:9 class Array takes type parameters,   var data: js.Array[js.Array] [id => node-xlsx, phase => build] 
[error] Anon_Data.scala:9 class Array takes type parameters,   var data: js.Array[js.Array] [id => node-xlsx, phase => build] 
[error] Anon_Data.scala:9 class Array takes type parameters,   var data: js.Array[js.Array] [id => node-xlsx, phase => build] 
[error] PhaseRunner.scala:86 Failure, [node-xlsx => Compilation failed] [id => node-xlsx, phase => build] 
[error] PhaseRunner.scala:86 Failure, [node-xlsx => Compilation failed] [id => node-xlsx, phase => publish] 
