[debug] PhaseRunner.scala:84 Success [id => numeric, phase => typescript] 
[info ] Phase1ReadTypescript.scala:171 Preprocessing TsHelperFile(InFile(/home/tso/tmp/tso-cache/DefinitelyTyped/types/numeric/index.d.ts),FromFolder(InFolder(/home/tso/tmp/tso-cache/DefinitelyTyped/types/numeric),TsIdentLibrarySimple(numeric)),TsIdentModule(None,List(numeric))) [id => numeric, phase => typescript] 
[info ] InferredDefaultModule.scala:39 Inferred module TsIdentModule(None,List(numeric)) [id => numeric, phase => typescript] 
[warn ] Phase1ReadTypescript.scala:226 Processing TsIdentLibrarySimple(numeric) [id => numeric, phase => typescript] 
[info ] ExpandTypeParams.scala:61 Expanding 15 members for TsIdentSimple(abs) [id => numeric, phase => typescript, scope => TreeScope(TsParsedFile() / TsDeclModule(numeric) / TsDeclInterface(Numeric))] 
[info ] ExpandTypeParams.scala:61 Expanding 15 members for TsIdentSimple(abseq) [id => numeric, phase => typescript, scope => TreeScope(TsParsedFile() / TsDeclModule(numeric) / TsDeclInterface(Numeric))] 
[info ] ExpandTypeParams.scala:61 Expanding 15 members for TsIdentSimple(acos) [id => numeric, phase => typescript, scope => TreeScope(TsParsedFile() / TsDeclModule(numeric) / TsDeclInterface(Numeric))] 
[info ] ExpandTypeParams.scala:61 Expanding 15 members for TsIdentSimple(acoseq) [id => numeric, phase => typescript, scope => TreeScope(TsParsedFile() / TsDeclModule(numeric) / TsDeclInterface(Numeric))] 
[info ] ExpandTypeParams.scala:61 Expanding 15 members for TsIdentSimple(asin) [id => numeric, phase => typescript, scope => TreeScope(TsParsedFile() / TsDeclModule(numeric) / TsDeclInterface(Numeric))] 
[info ] ExpandTypeParams.scala:61 Expanding 15 members for TsIdentSimple(asineq) [id => numeric, phase => typescript, scope => TreeScope(TsParsedFile() / TsDeclModule(numeric) / TsDeclInterface(Numeric))] 
[info ] ExpandTypeParams.scala:61 Expanding 15 members for TsIdentSimple(atan) [id => numeric, phase => typescript, scope => TreeScope(TsParsedFile() / TsDeclModule(numeric) / TsDeclInterface(Numeric))] 
[info ] ExpandTypeParams.scala:61 Expanding 15 members for TsIdentSimple(ataneq) [id => numeric, phase => typescript, scope => TreeScope(TsParsedFile() / TsDeclModule(numeric) / TsDeclInterface(Numeric))] 
[info ] ExpandTypeParams.scala:61 Expanding 15 members for TsIdentSimple(ceil) [id => numeric, phase => typescript, scope => TreeScope(TsParsedFile() / TsDeclModule(numeric) / TsDeclInterface(Numeric))] 
[info ] ExpandTypeParams.scala:61 Expanding 15 members for TsIdentSimple(ceileq) [id => numeric, phase => typescript, scope => TreeScope(TsParsedFile() / TsDeclModule(numeric) / TsDeclInterface(Numeric))] 
[info ] ExpandTypeParams.scala:61 Expanding 15 members for TsIdentSimple(cos) [id => numeric, phase => typescript, scope => TreeScope(TsParsedFile() / TsDeclModule(numeric) / TsDeclInterface(Numeric))] 
[info ] ExpandTypeParams.scala:61 Expanding 15 members for TsIdentSimple(coseq) [id => numeric, phase => typescript, scope => TreeScope(TsParsedFile() / TsDeclModule(numeric) / TsDeclInterface(Numeric))] 
[info ] ExpandTypeParams.scala:61 Expanding 15 members for TsIdentSimple(exp) [id => numeric, phase => typescript, scope => TreeScope(TsParsedFile() / TsDeclModule(numeric) / TsDeclInterface(Numeric))] 
[info ] ExpandTypeParams.scala:61 Expanding 15 members for TsIdentSimple(expeq) [id => numeric, phase => typescript, scope => TreeScope(TsParsedFile() / TsDeclModule(numeric) / TsDeclInterface(Numeric))] 
[info ] ExpandTypeParams.scala:61 Expanding 15 members for TsIdentSimple(floor) [id => numeric, phase => typescript, scope => TreeScope(TsParsedFile() / TsDeclModule(numeric) / TsDeclInterface(Numeric))] 
[info ] ExpandTypeParams.scala:61 Expanding 15 members for TsIdentSimple(flooreq) [id => numeric, phase => typescript, scope => TreeScope(TsParsedFile() / TsDeclModule(numeric) / TsDeclInterface(Numeric))] 
[info ] ExpandTypeParams.scala:61 Expanding 15 members for TsIdentSimple(log) [id => numeric, phase => typescript, scope => TreeScope(TsParsedFile() / TsDeclModule(numeric) / TsDeclInterface(Numeric))] 
[info ] ExpandTypeParams.scala:61 Expanding 15 members for TsIdentSimple(logeq) [id => numeric, phase => typescript, scope => TreeScope(TsParsedFile() / TsDeclModule(numeric) / TsDeclInterface(Numeric))] 
[info ] ExpandTypeParams.scala:61 Expanding 15 members for TsIdentSimple(round) [id => numeric, phase => typescript, scope => TreeScope(TsParsedFile() / TsDeclModule(numeric) / TsDeclInterface(Numeric))] 
[info ] ExpandTypeParams.scala:61 Expanding 15 members for TsIdentSimple(roundeq) [id => numeric, phase => typescript, scope => TreeScope(TsParsedFile() / TsDeclModule(numeric) / TsDeclInterface(Numeric))] 
[info ] ExpandTypeParams.scala:61 Expanding 15 members for TsIdentSimple(sin) [id => numeric, phase => typescript, scope => TreeScope(TsParsedFile() / TsDeclModule(numeric) / TsDeclInterface(Numeric))] 
[info ] ExpandTypeParams.scala:61 Expanding 15 members for TsIdentSimple(sineq) [id => numeric, phase => typescript, scope => TreeScope(TsParsedFile() / TsDeclModule(numeric) / TsDeclInterface(Numeric))] 
[info ] ExpandTypeParams.scala:61 Expanding 15 members for TsIdentSimple(sqrt) [id => numeric, phase => typescript, scope => TreeScope(TsParsedFile() / TsDeclModule(numeric) / TsDeclInterface(Numeric))] 
[info ] ExpandTypeParams.scala:61 Expanding 15 members for TsIdentSimple(sqrteq) [id => numeric, phase => typescript, scope => TreeScope(TsParsedFile() / TsDeclModule(numeric) / TsDeclInterface(Numeric))] 
[info ] ExpandTypeParams.scala:61 Expanding 15 members for TsIdentSimple(tan) [id => numeric, phase => typescript, scope => TreeScope(TsParsedFile() / TsDeclModule(numeric) / TsDeclInterface(Numeric))] 
[info ] ExpandTypeParams.scala:61 Expanding 15 members for TsIdentSimple(taneq) [id => numeric, phase => typescript, scope => TreeScope(TsParsedFile() / TsDeclModule(numeric) / TsDeclInterface(Numeric))] 
[info ] ExpandTypeParams.scala:61 Expanding 16 members for TsIdentSimple(neg) [id => numeric, phase => typescript, scope => TreeScope(TsParsedFile() / TsDeclModule(numeric) / TsDeclInterface(Numeric))] 
[info ] ExpandTypeParams.scala:61 Expanding 16 members for TsIdentSimple(negeq) [id => numeric, phase => typescript, scope => TreeScope(TsParsedFile() / TsDeclModule(numeric) / TsDeclInterface(Numeric))] 
[info ] ExpandTypeParams.scala:61 Expanding 16 members for TsIdentSimple(bnot) [id => numeric, phase => typescript, scope => TreeScope(TsParsedFile() / TsDeclModule(numeric) / TsDeclInterface(Numeric))] 
[info ] ExpandTypeParams.scala:61 Expanding 16 members for TsIdentSimple(bnoteq) [id => numeric, phase => typescript, scope => TreeScope(TsParsedFile() / TsDeclModule(numeric) / TsDeclInterface(Numeric))] 
[info ] ExpandTypeParams.scala:61 Expanding 15 members for TsIdentSimple(clone) [id => numeric, phase => typescript, scope => TreeScope(TsParsedFile() / TsDeclModule(numeric) / TsDeclInterface(Numeric))] 
[info ] ExpandTypeParams.scala:61 Expanding 15 members for TsIdentSimple(cloneeq) [id => numeric, phase => typescript, scope => TreeScope(TsParsedFile() / TsDeclModule(numeric) / TsDeclInterface(Numeric))] 
[info ] ExpandTypeParams.scala:61 Expanding 14 members for TsIdentSimple(add) [id => numeric, phase => typescript, scope => TreeScope(TsParsedFile() / TsDeclModule(numeric) / TsDeclInterface(Numeric))] 
[info ] ExpandTypeParams.scala:61 Expanding 14 members for TsIdentSimple(+) [id => numeric, phase => typescript, scope => TreeScope(TsParsedFile() / TsDeclModule(numeric) / TsDeclInterface(Numeric))] 
[info ] ExpandTypeParams.scala:61 Expanding 14 members for TsIdentSimple(sub) [id => numeric, phase => typescript, scope => TreeScope(TsParsedFile() / TsDeclModule(numeric) / TsDeclInterface(Numeric))] 
[info ] ExpandTypeParams.scala:61 Expanding 14 members for TsIdentSimple(-) [id => numeric, phase => typescript, scope => TreeScope(TsParsedFile() / TsDeclModule(numeric) / TsDeclInterface(Numeric))] 
[info ] ExpandTypeParams.scala:61 Expanding 14 members for TsIdentSimple(mul) [id => numeric, phase => typescript, scope => TreeScope(TsParsedFile() / TsDeclModule(numeric) / TsDeclInterface(Numeric))] 
[info ] ExpandTypeParams.scala:61 Expanding 14 members for TsIdentSimple(*) [id => numeric, phase => typescript, scope => TreeScope(TsParsedFile() / TsDeclModule(numeric) / TsDeclInterface(Numeric))] 
[info ] ExpandTypeParams.scala:61 Expanding 14 members for TsIdentSimple(div) [id => numeric, phase => typescript, scope => TreeScope(TsParsedFile() / TsDeclModule(numeric) / TsDeclInterface(Numeric))] 
[info ] ExpandTypeParams.scala:61 Expanding 14 members for TsIdentSimple(/) [id => numeric, phase => typescript, scope => TreeScope(TsParsedFile() / TsDeclModule(numeric) / TsDeclInterface(Numeric))] 
[info ] ExpandTypeParams.scala:61 Expanding 14 members for TsIdentSimple(mod) [id => numeric, phase => typescript, scope => TreeScope(TsParsedFile() / TsDeclModule(numeric) / TsDeclInterface(Numeric))] 
[info ] ExpandTypeParams.scala:61 Expanding 14 members for TsIdentSimple(%) [id => numeric, phase => typescript, scope => TreeScope(TsParsedFile() / TsDeclModule(numeric) / TsDeclInterface(Numeric))] 
[info ] ExpandTypeParams.scala:61 Expanding 14 members for TsIdentSimple(and) [id => numeric, phase => typescript, scope => TreeScope(TsParsedFile() / TsDeclModule(numeric) / TsDeclInterface(Numeric))] 
[info ] ExpandTypeParams.scala:61 Expanding 14 members for TsIdentSimple(&&) [id => numeric, phase => typescript, scope => TreeScope(TsParsedFile() / TsDeclModule(numeric) / TsDeclInterface(Numeric))] 
[info ] ExpandTypeParams.scala:61 Expanding 14 members for TsIdentSimple(or) [id => numeric, phase => typescript, scope => TreeScope(TsParsedFile() / TsDeclModule(numeric) / TsDeclInterface(Numeric))] 
[info ] ExpandTypeParams.scala:61 Expanding 14 members for TsIdentSimple(||) [id => numeric, phase => typescript, scope => TreeScope(TsParsedFile() / TsDeclModule(numeric) / TsDeclInterface(Numeric))] 
[info ] ExpandTypeParams.scala:61 Expanding 14 members for TsIdentSimple(band) [id => numeric, phase => typescript, scope => TreeScope(TsParsedFile() / TsDeclModule(numeric) / TsDeclInterface(Numeric))] 
[info ] ExpandTypeParams.scala:61 Expanding 14 members for TsIdentSimple(&) [id => numeric, phase => typescript, scope => TreeScope(TsParsedFile() / TsDeclModule(numeric) / TsDeclInterface(Numeric))] 
[info ] ExpandTypeParams.scala:61 Expanding 14 members for TsIdentSimple(bor) [id => numeric, phase => typescript, scope => TreeScope(TsParsedFile() / TsDeclModule(numeric) / TsDeclInterface(Numeric))] 
[info ] ExpandTypeParams.scala:61 Expanding 14 members for TsIdentSimple(|) [id => numeric, phase => typescript, scope => TreeScope(TsParsedFile() / TsDeclModule(numeric) / TsDeclInterface(Numeric))] 
[info ] ExpandTypeParams.scala:61 Expanding 14 members for TsIdentSimple(bxor) [id => numeric, phase => typescript, scope => TreeScope(TsParsedFile() / TsDeclModule(numeric) / TsDeclInterface(Numeric))] 
[info ] ExpandTypeParams.scala:61 Expanding 14 members for TsIdentSimple(^) [id => numeric, phase => typescript, scope => TreeScope(TsParsedFile() / TsDeclModule(numeric) / TsDeclInterface(Numeric))] 
[info ] ExpandTypeParams.scala:61 Expanding 14 members for TsIdentSimple(lshift) [id => numeric, phase => typescript, scope => TreeScope(TsParsedFile() / TsDeclModule(numeric) / TsDeclInterface(Numeric))] 
[info ] ExpandTypeParams.scala:61 Expanding 14 members for TsIdentSimple(<<) [id => numeric, phase => typescript, scope => TreeScope(TsParsedFile() / TsDeclModule(numeric) / TsDeclInterface(Numeric))] 
[info ] ExpandTypeParams.scala:61 Expanding 14 members for TsIdentSimple(rshift) [id => numeric, phase => typescript, scope => TreeScope(TsParsedFile() / TsDeclModule(numeric) / TsDeclInterface(Numeric))] 
[info ] ExpandTypeParams.scala:61 Expanding 14 members for TsIdentSimple(>>) [id => numeric, phase => typescript, scope => TreeScope(TsParsedFile() / TsDeclModule(numeric) / TsDeclInterface(Numeric))] 
[info ] ExpandTypeParams.scala:61 Expanding 14 members for TsIdentSimple(rrshift) [id => numeric, phase => typescript, scope => TreeScope(TsParsedFile() / TsDeclModule(numeric) / TsDeclInterface(Numeric))] 
[info ] ExpandTypeParams.scala:61 Expanding 14 members for TsIdentSimple(>>>) [id => numeric, phase => typescript, scope => TreeScope(TsParsedFile() / TsDeclModule(numeric) / TsDeclInterface(Numeric))] 
[info ] ExpandTypeParams.scala:61 Expanding 14 members for TsIdentSimple(atan2) [id => numeric, phase => typescript, scope => TreeScope(TsParsedFile() / TsDeclModule(numeric) / TsDeclInterface(Numeric))] 
[info ] ExpandTypeParams.scala:61 Expanding 14 members for TsIdentSimple(pow) [id => numeric, phase => typescript, scope => TreeScope(TsParsedFile() / TsDeclModule(numeric) / TsDeclInterface(Numeric))] 
[info ] ExpandTypeParams.scala:61 Expanding 14 members for TsIdentSimple(max) [id => numeric, phase => typescript, scope => TreeScope(TsParsedFile() / TsDeclModule(numeric) / TsDeclInterface(Numeric))] 
[info ] ExpandTypeParams.scala:61 Expanding 14 members for TsIdentSimple(min) [id => numeric, phase => typescript, scope => TreeScope(TsParsedFile() / TsDeclModule(numeric) / TsDeclInterface(Numeric))] 
[info ] ExpandTypeParams.scala:61 Expanding 14 members for TsIdentSimple(getBlock) [id => numeric, phase => typescript, scope => TreeScope(TsParsedFile() / TsDeclModule(numeric) / TsDeclInterface(Numeric))] 
[info ] ExpandTypeParams.scala:61 Expanding 14 members for TsIdentSimple(setBlock) [id => numeric, phase => typescript, scope => TreeScope(TsParsedFile() / TsDeclModule(numeric) / TsDeclInterface(Numeric))] 
[info ] ExtractInterfaces.scala:39 Extracted anonymous interface TsIdentSimple(Anon_E) [id => numeric, phase => typescript, scope => TreeScope(TsParsedFile() / TsDeclModule(numeric) / TsDeclInterface(Tensor) / TsMemberFunction(eig) / TsFunSig() / TsTypeObject())] 
[info ] ExtractInterfaces.scala:39 Extracted anonymous interface TsIdentSimple(Anon_Random) [id => numeric, phase => typescript, scope => TreeScope(TsParsedFile() / TsDeclModule(numeric) / TsDeclInterface(Numeric) / TsMemberProperty(seedrandom) / TsTypeObject())] 
[info ] ExtractInterfaces.scala:39 Extracted anonymous interface TsIdentSimple(Anon_H) [id => numeric, phase => typescript, scope => TreeScope(TsParsedFile() / TsDeclModule(numeric) / TsDeclInterface(Numeric) / TsMemberFunction(toUpperHessenberg) / TsFunSig() / TsTypeObject())] 
[info ] ExtractInterfaces.scala:39 Extracted anonymous interface TsIdentSimple(Anon_B) [id => numeric, phase => typescript, scope => TreeScope(TsParsedFile() / TsDeclModule(numeric) / TsDeclInterface(Numeric) / TsMemberFunction(QRFrancis) / TsFunSig() / TsTypeObject())] 
[info ] ExtractInterfaces.scala:39 Extracted anonymous interface TsIdentSimple(Anon_E) [id => numeric, phase => typescript, scope => TreeScope(TsParsedFile() / TsDeclModule(numeric) / TsDeclInterface(Numeric) / TsMemberFunction(eig) / TsFunSig() / TsTypeObject())] 
[info ] ExtractInterfaces.scala:39 Extracted anonymous interface TsIdentSimple(Anon_Hinv) [id => numeric, phase => typescript, scope => TreeScope(TsParsedFile() / TsDeclModule(numeric) / TsDeclInterface(Numeric) / TsMemberFunction(uncmin) / TsFunSig() / TsFunParam() / TsTypeObject())] 
[info ] ExtractInterfaces.scala:39 Extracted anonymous interface TsIdentSimple(Anon_F) [id => numeric, phase => typescript, scope => TreeScope(TsParsedFile() / TsDeclModule(numeric) / TsDeclInterface(Numeric) / TsMemberFunction(uncmin) / TsFunSig() / TsTypeObject())] 
[info ] ExtractInterfaces.scala:39 Extracted anonymous interface TsIdentSimple(Anon_LU) [id => numeric, phase => typescript, scope => TreeScope(TsParsedFile() / TsDeclModule(numeric) / TsDeclInterface(Numeric) / TsMemberFunction(LU) / TsFunSig() / TsTypeObject())] 
[info ] ExtractInterfaces.scala:39 Extracted anonymous interface TsIdentSimple(Anon_LU) [id => numeric, phase => typescript, scope => TreeScope(TsParsedFile() / TsDeclModule(numeric) / TsDeclInterface(Numeric) / TsMemberFunction(LUsolve) / TsFunSig() / TsFunParam() / TsTypeObject())] 
[info ] ExtractInterfaces.scala:39 Extracted anonymous interface TsIdentSimple(Anon_A) [id => numeric, phase => typescript, scope => TreeScope(TsParsedFile() / TsDeclModule(numeric) / TsDeclInterface(Numeric) / TsMemberFunction(echelonize) / TsFunSig() / TsTypeObject())] 
[info ] ExtractInterfaces.scala:39 Extracted anonymous interface TsIdentSimple(Anon_Iterations) [id => numeric, phase => typescript, scope => TreeScope(TsParsedFile() / TsDeclModule(numeric) / TsDeclInterface(Numeric) / TsMemberFunction(solveLP) / TsFunSig() / TsTypeObject())] 
[info ] ExtractInterfaces.scala:39 Extracted anonymous interface TsIdentSimple(Anon_Iact) [id => numeric, phase => typescript, scope => TreeScope(TsParsedFile() / TsDeclModule(numeric) / TsDeclInterface(Numeric) / TsMemberFunction(solveQP) / TsFunSig() / TsTypeObject())] 
[info ] ExtractInterfaces.scala:39 Extracted anonymous interface TsIdentSimple(Anon_S) [id => numeric, phase => typescript, scope => TreeScope(TsParsedFile() / TsDeclModule(numeric) / TsDeclInterface(Numeric) / TsMemberFunction(svd) / TsFunSig() / TsTypeObject())] 
[debug] PhaseRunner.scala:84 Success [id => numeric, phase => typescript] 
[warn ] Phase2ToScalaJs.scala:42 Processing numeric [id => numeric, phase => scala.js] 
[error] PhaseRes.scala:76 Caught exception: Cannot rename `Name(^)` [id => numeric, phase => scala.js] java.lang.RuntimeException: Cannot rename `Name(^)`
	at scala.sys.package$.error(package.scala:30)
	at com.olvind.tso.scalajs.Annotation$.renamedFrom(Annotation.scala:48)
	at com.olvind.tso.scalajs.MethodTree.renamed(tree.scala:148)
	at com.olvind.tso.scalajs.MethodTree.withSuffix(tree.scala:143)
	at com.olvind.tso.scalajs.transforms.CombineOverloads$.$anonfun$combineSameErasureSameTypeParams$7(CombineOverloads.scala:68)
	at com.olvind.tso.scalajs.transforms.CombineOverloads$.$anonfun$combineSameErasureSameTypeParams$7$adapted(CombineOverloads.scala:67)
	at scala.collection.LinearSeqOptimized.foldLeft(LinearSeqOptimized.scala:126)
	at scala.collection.LinearSeqOptimized.foldLeft$(LinearSeqOptimized.scala:122)
	at scala.collection.immutable.List.foldLeft(List.scala:89)
	at com.olvind.tso.scalajs.transforms.CombineOverloads$.combineSameErasureSameTypeParams(CombineOverloads.scala:67)
	at com.olvind.tso.scalajs.transforms.CombineOverloads$.$anonfun$combineSameErasure$3(CombineOverloads.scala:90)
	at scala.collection.TraversableLike.$anonfun$flatMap$1(TraversableLike.scala:244)
	at scala.collection.Iterator.foreach(Iterator.scala:941)
	at scala.collection.Iterator.foreach$(Iterator.scala:941)
	at scala.collection.AbstractIterator.foreach(Iterator.scala:1429)
	at scala.collection.IterableLike.foreach(IterableLike.scala:74)
	at scala.collection.IterableLike.foreach$(IterableLike.scala:73)
	at scala.collection.AbstractIterable.foreach(Iterable.scala:56)
	at scala.collection.TraversableLike.flatMap(TraversableLike.scala:244)
	at scala.collection.TraversableLike.flatMap$(TraversableLike.scala:241)
	at scala.collection.AbstractTraversable.flatMap(Traversable.scala:108)
	at com.olvind.tso.scalajs.transforms.CombineOverloads$.combineSameErasure(CombineOverloads.scala:80)
	at com.olvind.tso.scalajs.transforms.CombineOverloads$.$anonfun$combineOverloads$2(CombineOverloads.scala:122)
	at scala.collection.TraversableLike.$anonfun$flatMap$1(TraversableLike.scala:244)
	at scala.collection.immutable.HashMap$HashMap1.foreach(HashMap.scala:234)
	at scala.collection.immutable.HashMap$HashTrieMap.foreach(HashMap.scala:465)
	at scala.collection.immutable.HashMap$HashTrieMap.foreach(HashMap.scala:465)
	at scala.collection.TraversableLike.flatMap(TraversableLike.scala:244)
	at scala.collection.TraversableLike.flatMap$(TraversableLike.scala:241)
	at scala.collection.AbstractTraversable.flatMap(Traversable.scala:108)
	at com.olvind.tso.scalajs.transforms.CombineOverloads$.combineOverloads(CombineOverloads.scala:123)
	at com.olvind.tso.scalajs.transforms.CombineOverloads$.enterClassTree(CombineOverloads.scala:27)
	at com.olvind.tso.scalajs.TreeTransformation.visitClassTree(TreeTransformation.scala:36)
	at com.olvind.tso.scalajs.TreeTransformation.visitTree(TreeTransformation.scala:207)
	at com.olvind.tso.scalajs.TreeTransformation.$anonfun$visitPackageTree$1(TreeTransformation.scala:123)
	at scala.collection.TraversableLike.$anonfun$map$1(TraversableLike.scala:237)
	at scala.collection.immutable.List.foreach(List.scala:392)
	at scala.collection.TraversableLike.map(TraversableLike.scala:237)
	at scala.collection.TraversableLike.map$(TraversableLike.scala:230)
	at scala.collection.immutable.List.map(List.scala:298)
	at com.olvind.tso.scalajs.TreeTransformation.visitPackageTree(TreeTransformation.scala:123)
	at com.olvind.tso.scalajs.TreeTransformation.visitContainerTree(TreeTransformation.scala:192)
	at com.olvind.tso.scalajs.TreeTransformation.visitTree(TreeTransformation.scala:206)
	at com.olvind.tso.scalajs.TreeTransformation.$anonfun$visitPackageTree$1(TreeTransformation.scala:123)
	at scala.collection.TraversableLike.$anonfun$map$1(TraversableLike.scala:237)
	at scala.collection.immutable.List.foreach(List.scala:392)
	at scala.collection.TraversableLike.map(TraversableLike.scala:237)
	at scala.collection.TraversableLike.map$(TraversableLike.scala:230)
	at scala.collection.immutable.List.map(List.scala:298)
	at com.olvind.tso.scalajs.TreeTransformation.visitPackageTree(TreeTransformation.scala:123)
	at com.olvind.tso.scalajs.TreeTransformation.visitContainerTree(TreeTransformation.scala:192)
	at com.olvind.tso.importer.Phase2ToScalaJs.$anonfun$apply$10(Phase2ToScalaJs.scala:55)
	at com.olvind.tso.importer.Phase2ToScalaJs.$anonfun$apply$15(Phase2ToScalaJs.scala:64)
	at scala.collection.LinearSeqOptimized.foldLeft(LinearSeqOptimized.scala:126)
	at scala.collection.LinearSeqOptimized.foldLeft$(LinearSeqOptimized.scala:122)
	at scala.collection.immutable.List.foldLeft(List.scala:89)
	at com.olvind.tso.importer.Phase2ToScalaJs.$anonfun$apply$2(Phase2ToScalaJs.scala:63)
	at com.olvind.tso.phases.PhaseRes.map(PhaseRes.scala:16)
	at com.olvind.tso.phases.PhaseRes.map$(PhaseRes.scala:14)
	at com.olvind.tso.phases.PhaseRes$Ok.map(PhaseRes.scala:30)
	at com.olvind.tso.importer.Phase2ToScalaJs.apply(Phase2ToScalaJs.scala:32)
	at com.olvind.tso.importer.Phase2ToScalaJs.apply(Phase2ToScalaJs.scala:13)
	at com.olvind.tso.phases.PhaseRunner$.$anonfun$doNext$5(PhaseRunner.scala:78)
	at com.olvind.tso.phases.PhaseRes$.attempt(PhaseRes.scala:71)
	at com.olvind.tso.phases.PhaseRunner$.$anonfun$doNext$4(PhaseRunner.scala:78)
	at com.olvind.tso.phases.PhaseRes.flatMap(PhaseRes.scala:23)
	at com.olvind.tso.phases.PhaseRes.flatMap$(PhaseRes.scala:21)
	at com.olvind.tso.phases.PhaseRes$Ok.flatMap(PhaseRes.scala:30)
	at com.olvind.tso.phases.PhaseRunner$.$anonfun$doNext$1(PhaseRunner.scala:78)
	at com.olvind.tso.phases.PhaseRunner$.$anonfun$doNext$1$adapted(PhaseRunner.scala:49)
	at com.olvind.tso.phases.PhaseCache.$anonfun$getOrElse$1(PhaseCache.scala:40)
	at scala.Option.foreach(Option.scala:274)
	at com.olvind.tso.phases.PhaseCache.getOrElse(PhaseCache.scala:39)
	at com.olvind.tso.phases.PhaseRunner$.doNext(PhaseRunner.scala:49)
	at com.olvind.tso.phases.PhaseRunner$.go(PhaseRunner.scala:30)
	at com.olvind.tso.phases.PhaseRunner$.$anonfun$doNext$1(PhaseRunner.scala:54)
	at com.olvind.tso.phases.PhaseRunner$.$anonfun$doNext$1$adapted(PhaseRunner.scala:49)
	at com.olvind.tso.phases.PhaseCache.$anonfun$getOrElse$1(PhaseCache.scala:40)
	at scala.Option.foreach(Option.scala:274)
	at com.olvind.tso.phases.PhaseCache.getOrElse(PhaseCache.scala:39)
	at com.olvind.tso.phases.PhaseRunner$.doNext(PhaseRunner.scala:49)
	at com.olvind.tso.phases.PhaseRunner$.go(PhaseRunner.scala:30)
	at com.olvind.tso.phases.PhaseRunner$.$anonfun$doNext$1(PhaseRunner.scala:54)
	at com.olvind.tso.phases.PhaseRunner$.$anonfun$doNext$1$adapted(PhaseRunner.scala:49)
	at com.olvind.tso.phases.PhaseCache.$anonfun$getOrElse$1(PhaseCache.scala:40)
	at scala.Option.foreach(Option.scala:274)
	at com.olvind.tso.phases.PhaseCache.getOrElse(PhaseCache.scala:39)
	at com.olvind.tso.phases.PhaseRunner$.doNext(PhaseRunner.scala:49)
	at com.olvind.tso.phases.PhaseRunner$.go(PhaseRunner.scala:30)
	at com.olvind.tso.importer.Main$.$anonfun$run$23(Main.scala:233)
	at scala.collection.TraversableLike.$anonfun$map$1(TraversableLike.scala:237)
	at scala.collection.Iterator.foreach(Iterator.scala:941)
	at scala.collection.Iterator.foreach$(Iterator.scala:941)
	at scala.collection.AbstractIterator.foreach(Iterator.scala:1429)
	at scala.collection.IterableLike.foreach(IterableLike.scala:74)
	at scala.collection.IterableLike.foreach$(IterableLike.scala:73)
	at scala.collection.AbstractIterable.foreach(Iterable.scala:56)
	at scala.collection.TraversableLike.map(TraversableLike.scala:237)
	at scala.collection.TraversableLike.map$(TraversableLike.scala:230)
	at scala.collection.AbstractTraversable.map(Traversable.scala:108)
	at com.olvind.tso.importer.Main$.run(Main.scala:233)
	at com.olvind.tso.importer.Main$.main(Main.scala:32)
	at com.olvind.tso.importer.Main.main(Main.scala)

[error] PhaseRunner.scala:88 Failure, [numeric => java.lang.RuntimeException: Cannot rename `Name(^)`] [id => numeric, phase => scala.js] 
[error] PhaseRunner.scala:88 Failure, [numeric => java.lang.RuntimeException: Cannot rename `Name(^)`] [id => numeric, phase => build] 
[error] PhaseRunner.scala:88 Failure, [numeric => java.lang.RuntimeException: Cannot rename `Name(^)`] [id => numeric, phase => publish] 
