[debug] PhaseRunner.scala:78 Success [id => oauth2-server, phase => typescript] 
[info ] Phase1ReadTypescript.scala:152 Preprocessing TsHelperFile(InFile(/home/tso/tmp/tso-cache/DefinitelyTyped/types/oauth2-server/index.d.ts),FromFolder(InFolder(/home/tso/tmp/tso-cache/DefinitelyTyped/types/oauth2-server),TsIdentLibrarySimple(oauth2-server)),TsIdentModule(None,List(oauth2-server))) [id => oauth2-server, phase => typescript] 
[info ] InferredDefaultModule.scala:39 Inferred module TsIdentModule(None,List(oauth2-server)) [id => oauth2-server, phase => typescript] 
[warn ] Phase1ReadTypescript.scala:190 Processing TsIdentLibrarySimple(oauth2-server) [id => oauth2-server, phase => typescript] 
[info ] ResolveTypeQueries.scala:94 Resolved TsTypeQuery(TsQIdent(List(TsIdentLibrarySimple(oauth2-server), TsIdentModule(None,List(oauth2-server)), TsIdentNamespace(OAuth2Server)))) [id => oauth2-server, phase => typescript, scope => TreeScope(TsParsedFile() / TsDeclModule(oauth2-server) / TsDeclClass(OAuth2Server) / TsMemberProperty(OAuth2Server) / TsTypeQuery())] 
[info ] PreferTypeAlias.scala:112 Simplified to type alias [id => oauth2-server, phase => typescript, scope => TreeScope(TsParsedFile() / TsDeclModule(oauth2-server) / TsDeclNamespace(OAuth2Server) / TsDeclInterface(AccessDeniedError))] 
[info ] PreferTypeAlias.scala:112 Simplified to type alias [id => oauth2-server, phase => typescript, scope => TreeScope(TsParsedFile() / TsDeclModule(oauth2-server) / TsDeclNamespace(OAuth2Server) / TsDeclInterface(InsufficientScopeError))] 
[info ] PreferTypeAlias.scala:112 Simplified to type alias [id => oauth2-server, phase => typescript, scope => TreeScope(TsParsedFile() / TsDeclModule(oauth2-server) / TsDeclNamespace(OAuth2Server) / TsDeclInterface(InvalidArgumentError))] 
[info ] PreferTypeAlias.scala:112 Simplified to type alias [id => oauth2-server, phase => typescript, scope => TreeScope(TsParsedFile() / TsDeclModule(oauth2-server) / TsDeclNamespace(OAuth2Server) / TsDeclInterface(InvalidClientError))] 
[info ] PreferTypeAlias.scala:112 Simplified to type alias [id => oauth2-server, phase => typescript, scope => TreeScope(TsParsedFile() / TsDeclModule(oauth2-server) / TsDeclNamespace(OAuth2Server) / TsDeclInterface(InvalidGrantError))] 
[info ] PreferTypeAlias.scala:112 Simplified to type alias [id => oauth2-server, phase => typescript, scope => TreeScope(TsParsedFile() / TsDeclModule(oauth2-server) / TsDeclNamespace(OAuth2Server) / TsDeclInterface(InvalidRequestError))] 
[info ] PreferTypeAlias.scala:112 Simplified to type alias [id => oauth2-server, phase => typescript, scope => TreeScope(TsParsedFile() / TsDeclModule(oauth2-server) / TsDeclNamespace(OAuth2Server) / TsDeclInterface(InvalidScopeError))] 
[info ] PreferTypeAlias.scala:112 Simplified to type alias [id => oauth2-server, phase => typescript, scope => TreeScope(TsParsedFile() / TsDeclModule(oauth2-server) / TsDeclNamespace(OAuth2Server) / TsDeclInterface(InvalidTokenError))] 
[info ] PreferTypeAlias.scala:112 Simplified to type alias [id => oauth2-server, phase => typescript, scope => TreeScope(TsParsedFile() / TsDeclModule(oauth2-server) / TsDeclNamespace(OAuth2Server) / TsDeclInterface(ServerError))] 
[info ] PreferTypeAlias.scala:112 Simplified to type alias [id => oauth2-server, phase => typescript, scope => TreeScope(TsParsedFile() / TsDeclModule(oauth2-server) / TsDeclNamespace(OAuth2Server) / TsDeclInterface(UnauthorizedClientError))] 
[info ] PreferTypeAlias.scala:112 Simplified to type alias [id => oauth2-server, phase => typescript, scope => TreeScope(TsParsedFile() / TsDeclModule(oauth2-server) / TsDeclNamespace(OAuth2Server) / TsDeclInterface(UnauthorizedRequestError))] 
[info ] PreferTypeAlias.scala:112 Simplified to type alias [id => oauth2-server, phase => typescript, scope => TreeScope(TsParsedFile() / TsDeclModule(oauth2-server) / TsDeclNamespace(OAuth2Server) / TsDeclInterface(UnsupportedGrantTypeError))] 
[info ] PreferTypeAlias.scala:112 Simplified to type alias [id => oauth2-server, phase => typescript, scope => TreeScope(TsParsedFile() / TsDeclModule(oauth2-server) / TsDeclNamespace(OAuth2Server) / TsDeclInterface(UnsupportedResponseTypeError))] 
[info ] ExtractInterfaces.scala:30 Extracted anonymous interface TsIdentSimple(Anon_OAuthError) [id => oauth2-server, phase => typescript, scope => TreeScope(TsParsedFile() / TsDeclModule(oauth2-server) / TsDeclClass(namespaced) / TsMemberProperty(OAuth2Server) / TsTypeObject())] 
[debug] PhaseRunner.scala:78 Success [id => oauth2-server, phase => typescript] 
[warn ] Phase2ToScalaJs.scala:34 Processing TsIdentLibrarySimple(oauth2-server) [id => oauth2-server, phase => scala.js] 
[info ] CompleteClass.scala:60 Completed implementations Vector(code, name, message) [id => oauth2-server, phase => scala.js, this => Name(oauth2DashServerLib) / Name(oauth2DashServerMod) / Name(AccessDeniedError)] 
[info ] CompleteClass.scala:60 Completed implementations Vector(code, name, message) [id => oauth2-server, phase => scala.js, this => Name(oauth2DashServerLib) / Name(oauth2DashServerMod) / Name(InsufficientScopeError)] 
[info ] CompleteClass.scala:60 Completed implementations Vector(code, name, message) [id => oauth2-server, phase => scala.js, this => Name(oauth2DashServerLib) / Name(oauth2DashServerMod) / Name(InvalidArgumentError)] 
[info ] CompleteClass.scala:60 Completed implementations Vector(code, name, message) [id => oauth2-server, phase => scala.js, this => Name(oauth2DashServerLib) / Name(oauth2DashServerMod) / Name(InvalidClientError)] 
[info ] CompleteClass.scala:60 Completed implementations Vector(code, name, message) [id => oauth2-server, phase => scala.js, this => Name(oauth2DashServerLib) / Name(oauth2DashServerMod) / Name(InvalidGrantError)] 
[info ] CompleteClass.scala:60 Completed implementations Vector(code, name, message) [id => oauth2-server, phase => scala.js, this => Name(oauth2DashServerLib) / Name(oauth2DashServerMod) / Name(InvalidRequestError)] 
[info ] CompleteClass.scala:60 Completed implementations Vector(code, name, message) [id => oauth2-server, phase => scala.js, this => Name(oauth2DashServerLib) / Name(oauth2DashServerMod) / Name(InvalidScopeError)] 
[info ] CompleteClass.scala:60 Completed implementations Vector(code, name, message) [id => oauth2-server, phase => scala.js, this => Name(oauth2DashServerLib) / Name(oauth2DashServerMod) / Name(InvalidTokenError)] 
[info ] CompleteClass.scala:60 Completed implementations Vector(code, name, message) [id => oauth2-server, phase => scala.js, this => Name(oauth2DashServerLib) / Name(oauth2DashServerMod) / Name(OAuthError)] 
[info ] CompleteClass.scala:60 Completed implementations Vector(is, get) [id => oauth2-server, phase => scala.js, this => Name(oauth2DashServerLib) / Name(oauth2DashServerMod) / Name(Request)] 
[info ] CompleteClass.scala:60 Completed implementations Vector(redirect, set, get) [id => oauth2-server, phase => scala.js, this => Name(oauth2DashServerLib) / Name(oauth2DashServerMod) / Name(Response)] 
[info ] CompleteClass.scala:60 Completed implementations Vector(code, name, message) [id => oauth2-server, phase => scala.js, this => Name(oauth2DashServerLib) / Name(oauth2DashServerMod) / Name(ServerError)] 
[info ] CompleteClass.scala:60 Completed implementations Vector(code, name, message) [id => oauth2-server, phase => scala.js, this => Name(oauth2DashServerLib) / Name(oauth2DashServerMod) / Name(UnauthorizedClientError)] 
[info ] CompleteClass.scala:60 Completed implementations Vector(code, name, message) [id => oauth2-server, phase => scala.js, this => Name(oauth2DashServerLib) / Name(oauth2DashServerMod) / Name(UnauthorizedRequestError)] 
[info ] CompleteClass.scala:60 Completed implementations Vector(code, name, message) [id => oauth2-server, phase => scala.js, this => Name(oauth2DashServerLib) / Name(oauth2DashServerMod) / Name(UnsupportedGrantTypeError)] 
[info ] CompleteClass.scala:60 Completed implementations Vector(code, name, message) [id => oauth2-server, phase => scala.js, this => Name(oauth2DashServerLib) / Name(oauth2DashServerMod) / Name(UnsupportedResponseTypeError)] 
[debug] PhaseRunner.scala:78 Success [id => oauth2-server, phase => scala.js] 
[warn ] PhaseRunner.scala:64 Failed because of, [node => Compilation failed] [id => oauth2-server, phase => build] 
[debug] PhaseRunner.scala:82 Failure, [node => Compilation failed] [id => oauth2-server, phase => build] 
