[info ] InferredDependency.scala:22 Inferred dependencies Set(TsIdentLibrarySimple(node)) for TsIdentLibrarySimple(objection) [id => objection, phase => typescript, file => ../typings/objection/index.d.ts] 
[debug] PhaseRunner.scala:84 Success [id => objection, phase => typescript] 
[info ] Phase1ReadTypescript.scala:171 Preprocessing TsHelperFile(InFile(/home/tso/tmp/tso-cache/npm/node_modules/objection/typings/objection/index.d.ts),FromFolder(InFolder(/home/tso/tmp/tso-cache/npm/node_modules/objection),TsIdentLibrarySimple(objection)),TsIdentModule(None,List(objection))) [id => objection, phase => typescript] 
[info ] InferredDefaultModule.scala:39 Inferred module TsIdentModule(None,List(objection)) [id => objection, phase => typescript] 
[warn ] Phase1ReadTypescript.scala:189 Processing TsIdentLibrarySimple(objection) [id => objection, phase => typescript] 
[info ] ResolveTypeQueries.scala:139 Resolved TsTypeQuery(TsQIdent(List(TsIdentSimple(Model)))) [id => objection, phase => typescript, scope => TreeScope(TsParsedFile() / TsDeclModule(objection) / TsExport() / TsExporteeTree() / TsDeclInterface(Plugin) / TsMemberCall() / TsFunSig() / TsTypeParam() / TsTypeQuery())] 
[info ] ResolveTypeQueries.scala:139 Resolved TsTypeQuery(TsQIdent(List(TsIdentSimple(QueryBuilder)))) [id => objection, phase => typescript, scope => TreeScope(TsParsedFile() / TsDeclModule(objection) / TsExport() / TsExporteeTree() / TsDeclClass(Model) / TsMemberProperty(QueryBuilder) / TsTypeQuery())] 
[info ] ResolveTypeQueries.scala:139 Resolved TsTypeQuery(TsQIdent(List(TsIdentSimple(Model)))) [id => objection, phase => typescript, scope => TreeScope(TsParsedFile() / TsDeclModule(objection) / TsExport() / TsExporteeTree() / TsDeclClass(Model) / TsMemberFunction(traverse) / TsFunSig() / TsFunParam() / TsTypeQuery())] 
[info ] ResolveTypeQueries.scala:139 Resolved TsTypeQuery(TsQIdent(List(TsIdentSimple(Model)))) [id => objection, phase => typescript, scope => TreeScope(TsParsedFile() / TsDeclModule(objection) / TsExport() / TsExporteeTree() / TsDeclInterface(QueryBuilder) / TsMemberFunction(castTo) / TsFunSig() / TsTypeParam() / TsTypeQuery())] 
[info ] ResolveTypeQueries.scala:139 Resolved TsTypeQuery(TsQIdent(List(TsIdentSimple(QueryBuilder)))) [id => objection, phase => typescript, scope => TreeScope(TsParsedFile() / TsDeclModule(objection) / TsExport() / TsExporteeTree() / TsDeclInterface(ModelClass) / TsMemberProperty(QueryBuilder) / TsTypeQuery())] 
[info ] ResolveTypeQueries.scala:139 Resolved TsTypeQuery(TsQIdent(List(TsIdentSimple(Model)))) [id => objection, phase => typescript, scope => TreeScope(TsParsedFile() / TsDeclModule(objection) / TsExport() / TsExporteeTree() / TsDeclInterface(ModelClass) / TsMemberFunction(traverse) / TsFunSig() / TsFunParam() / TsTypeQuery())] 
[info ] ResolveTypeQueries.scala:139 Resolved TsTypeQuery(TsQIdent(List(TsIdentSimple(Model)))) [id => objection, phase => typescript, scope => TreeScope(TsParsedFile() / TsDeclModule(objection) / TsExport() / TsExporteeTree() / TsDeclInterface(QueryBuilderBase) / TsMemberFunction(modelClass) / TsFunSig() / TsTypeQuery())] 
[info ] ResolveTypeQueries.scala:139 Resolved TsTypeQuery(TsQIdent(List(TsIdentSimple(Model)))) [id => objection, phase => typescript, scope => TreeScope(TsParsedFile() / TsDeclModule(objection) / TsExport() / TsExporteeTree() / TsDeclInterface(QueryBuilderBase) / TsMemberFunction(traverse) / TsFunSig() / TsFunParam() / TsTypeQuery())] 
[info ] ResolveTypeQueries.scala:139 Resolved TsTypeQuery(TsQIdent(List(TsIdentSimple(Model)))) [id => objection, phase => typescript, scope => TreeScope(TsParsedFile() / TsDeclModule(objection) / TsExport() / TsExporteeTree() / TsDeclInterface(QueryBuilderBase) / TsMemberFunction(pick) / TsFunSig() / TsFunParam() / TsTypeQuery())] 
[info ] ResolveTypeQueries.scala:139 Resolved TsTypeQuery(TsQIdent(List(TsIdentSimple(Model)))) [id => objection, phase => typescript, scope => TreeScope(TsParsedFile() / TsDeclModule(objection) / TsExport() / TsExporteeTree() / TsDeclInterface(QueryBuilderBase) / TsMemberFunction(omit) / TsFunSig() / TsFunParam() / TsTypeQuery())] 
[warn ] DefaultedTypeArguments.scala:38 no default parameter for RM [id => objection, phase => typescript, scope => TreeScope(TsParsedFile() / TsDeclModule(objection) / TsDeclInterface(Plugin) / TsMemberCall() / TsFunSig() / TsTypeParam() / TsTypeObject() / TsMemberFunction(query) / TsFunSig() / TsTypeRef())] 
[warn ] DefaultedTypeArguments.scala:38 no default parameter for RV [id => objection, phase => typescript, scope => TreeScope(TsParsedFile() / TsDeclModule(objection) / TsDeclInterface(Plugin) / TsMemberCall() / TsFunSig() / TsTypeParam() / TsTypeObject() / TsMemberFunction(query) / TsFunSig() / TsTypeRef())] 
[warn ] DefaultedTypeArguments.scala:38 no default parameter for RV [id => objection, phase => typescript, scope => TreeScope(TsParsedFile() / TsDeclModule(objection) / TsDeclInterface(Plugin) / TsMemberCall() / TsFunSig() / TsTypeParam() / TsTypeObject() / TsMemberFunction(relatedQuery) / TsFunSig() / TsTypeRef())] 
[warn ] DefaultedTypeArguments.scala:38 no default parameter for RM [id => objection, phase => typescript, scope => TreeScope(TsParsedFile() / TsDeclModule(objection) / TsDeclInterface(Plugin) / TsMemberCall() / TsFunSig() / TsTypeParam() / TsTypeObject() / TsMemberFunction(loadRelated) / TsFunSig() / TsTypeRef())] 
[warn ] DefaultedTypeArguments.scala:38 no default parameter for RV [id => objection, phase => typescript, scope => TreeScope(TsParsedFile() / TsDeclModule(objection) / TsDeclInterface(Plugin) / TsMemberCall() / TsFunSig() / TsTypeParam() / TsTypeObject() / TsMemberFunction(loadRelated) / TsFunSig() / TsTypeRef())] 
[warn ] DefaultedTypeArguments.scala:38 no default parameter for RM [id => objection, phase => typescript, scope => TreeScope(TsParsedFile() / TsDeclModule(objection) / TsDeclInterface(RelationMapping) / TsMemberProperty(modify) / TsTypeUnion() / TsTypeFunction() / TsFunSig() / TsFunParam() / TsTypeRef())] 
[warn ] DefaultedTypeArguments.scala:38 no default parameter for RV [id => objection, phase => typescript, scope => TreeScope(TsParsedFile() / TsDeclModule(objection) / TsDeclInterface(RelationMapping) / TsMemberProperty(modify) / TsTypeUnion() / TsTypeFunction() / TsFunSig() / TsFunParam() / TsTypeRef())] 
[warn ] DefaultedTypeArguments.scala:38 no default parameter for RM [id => objection, phase => typescript, scope => TreeScope(TsParsedFile() / TsDeclModule(objection) / TsDeclInterface(RelationMapping) / TsMemberProperty(modify) / TsTypeUnion() / TsTypeFunction() / TsFunSig() / TsTypeRef())] 
[warn ] DefaultedTypeArguments.scala:38 no default parameter for RV [id => objection, phase => typescript, scope => TreeScope(TsParsedFile() / TsDeclModule(objection) / TsDeclInterface(RelationMapping) / TsMemberProperty(modify) / TsTypeUnion() / TsTypeFunction() / TsFunSig() / TsTypeRef())] 
[warn ] DefaultedTypeArguments.scala:38 no default parameter for RM [id => objection, phase => typescript, scope => TreeScope(TsParsedFile() / TsDeclModule(objection) / TsDeclInterface(RelationMapping) / TsMemberProperty(filter) / TsTypeUnion() / TsTypeFunction() / TsFunSig() / TsFunParam() / TsTypeRef())] 
[warn ] DefaultedTypeArguments.scala:38 no default parameter for RV [id => objection, phase => typescript, scope => TreeScope(TsParsedFile() / TsDeclModule(objection) / TsDeclInterface(RelationMapping) / TsMemberProperty(filter) / TsTypeUnion() / TsTypeFunction() / TsFunSig() / TsFunParam() / TsTypeRef())] 
[warn ] DefaultedTypeArguments.scala:38 no default parameter for RM [id => objection, phase => typescript, scope => TreeScope(TsParsedFile() / TsDeclModule(objection) / TsDeclInterface(RelationMapping) / TsMemberProperty(filter) / TsTypeUnion() / TsTypeFunction() / TsFunSig() / TsTypeRef())] 
[warn ] DefaultedTypeArguments.scala:38 no default parameter for RV [id => objection, phase => typescript, scope => TreeScope(TsParsedFile() / TsDeclModule(objection) / TsDeclInterface(RelationMapping) / TsMemberProperty(filter) / TsTypeUnion() / TsTypeFunction() / TsFunSig() / TsTypeRef())] 
[warn ] DefaultedTypeArguments.scala:38 no default parameter for RM [id => objection, phase => typescript, scope => TreeScope(TsParsedFile() / TsDeclModule(objection) / TsDeclInterface(Modifiers) / TsMemberIndex() / TsTypeFunction() / TsFunSig() / TsFunParam() / TsTypeRef())] 
[warn ] DefaultedTypeArguments.scala:38 no default parameter for RV [id => objection, phase => typescript, scope => TreeScope(TsParsedFile() / TsDeclModule(objection) / TsDeclInterface(Modifiers) / TsMemberIndex() / TsTypeFunction() / TsFunSig() / TsFunParam() / TsTypeRef())] 
[warn ] DefaultedTypeArguments.scala:38 no default parameter for RM [id => objection, phase => typescript, scope => TreeScope(TsParsedFile() / TsDeclModule(objection) / TsDeclClass(Model) / TsMemberProperty(QueryBuilder) / TsTypeObject() / TsMemberFunction(forClass) / TsFunSig() / TsTypeRef())] 
[warn ] DefaultedTypeArguments.scala:38 no default parameter for RV [id => objection, phase => typescript, scope => TreeScope(TsParsedFile() / TsDeclModule(objection) / TsDeclClass(Model) / TsMemberProperty(QueryBuilder) / TsTypeObject() / TsMemberFunction(forClass) / TsFunSig() / TsTypeRef())] 
[warn ] DefaultedTypeArguments.scala:38 no default parameter for RM [id => objection, phase => typescript, scope => TreeScope(TsParsedFile() / TsDeclModule(objection) / TsDeclClass(Model) / TsMemberFunction(query) / TsFunSig() / TsTypeRef())] 
[warn ] DefaultedTypeArguments.scala:38 no default parameter for RV [id => objection, phase => typescript, scope => TreeScope(TsParsedFile() / TsDeclModule(objection) / TsDeclClass(Model) / TsMemberFunction(query) / TsFunSig() / TsTypeRef())] 
[warn ] DefaultedTypeArguments.scala:38 no default parameter for RV [id => objection, phase => typescript, scope => TreeScope(TsParsedFile() / TsDeclModule(objection) / TsDeclClass(Model) / TsMemberFunction(relatedQuery) / TsFunSig() / TsTypeRef())] 
[warn ] DefaultedTypeArguments.scala:38 no default parameter for RM [id => objection, phase => typescript, scope => TreeScope(TsParsedFile() / TsDeclModule(objection) / TsDeclClass(Model) / TsMemberFunction(loadRelated) / TsFunSig() / TsTypeRef())] 
[warn ] DefaultedTypeArguments.scala:38 no default parameter for RV [id => objection, phase => typescript, scope => TreeScope(TsParsedFile() / TsDeclModule(objection) / TsDeclClass(Model) / TsMemberFunction(loadRelated) / TsFunSig() / TsTypeRef())] 
[warn ] DefaultedTypeArguments.scala:38 no default parameter for RM [id => objection, phase => typescript, scope => TreeScope(TsParsedFile() / TsDeclModule(objection) / TsDeclClass(Model) / TsMemberFunction(traverse) / TsFunSig() / TsFunParam() / TsTypeObject() / TsMemberFunction(query) / TsFunSig() / TsTypeRef())] 
[warn ] DefaultedTypeArguments.scala:38 no default parameter for RV [id => objection, phase => typescript, scope => TreeScope(TsParsedFile() / TsDeclModule(objection) / TsDeclClass(Model) / TsMemberFunction(traverse) / TsFunSig() / TsFunParam() / TsTypeObject() / TsMemberFunction(query) / TsFunSig() / TsTypeRef())] 
[warn ] DefaultedTypeArguments.scala:38 no default parameter for RV [id => objection, phase => typescript, scope => TreeScope(TsParsedFile() / TsDeclModule(objection) / TsDeclClass(Model) / TsMemberFunction(traverse) / TsFunSig() / TsFunParam() / TsTypeObject() / TsMemberFunction(relatedQuery) / TsFunSig() / TsTypeRef())] 
[warn ] DefaultedTypeArguments.scala:38 no default parameter for RM [id => objection, phase => typescript, scope => TreeScope(TsParsedFile() / TsDeclModule(objection) / TsDeclClass(Model) / TsMemberFunction(traverse) / TsFunSig() / TsFunParam() / TsTypeObject() / TsMemberFunction(loadRelated) / TsFunSig() / TsTypeRef())] 
[warn ] DefaultedTypeArguments.scala:38 no default parameter for RV [id => objection, phase => typescript, scope => TreeScope(TsParsedFile() / TsDeclModule(objection) / TsDeclClass(Model) / TsMemberFunction(traverse) / TsFunSig() / TsFunParam() / TsTypeObject() / TsMemberFunction(loadRelated) / TsFunSig() / TsTypeRef())] 
[warn ] DefaultedTypeArguments.scala:38 no default parameter for RV [id => objection, phase => typescript, scope => TreeScope(TsParsedFile() / TsDeclModule(objection) / TsDeclClass(Model) / TsMemberFunction($query) / TsFunSig() / TsTypeRef())] 
[warn ] DefaultedTypeArguments.scala:38 no default parameter for RV [id => objection, phase => typescript, scope => TreeScope(TsParsedFile() / TsDeclModule(objection) / TsDeclClass(Model) / TsMemberFunction($relatedQuery) / TsFunSig() / TsTypeRef())] 
[warn ] DefaultedTypeArguments.scala:38 no default parameter for RV [id => objection, phase => typescript, scope => TreeScope(TsParsedFile() / TsDeclModule(objection) / TsDeclClass(Model) / TsMemberFunction($loadRelated) / TsFunSig() / TsTypeRef())] 
[warn ] DefaultedTypeArguments.scala:38 no default parameter for RM [id => objection, phase => typescript, scope => TreeScope(TsParsedFile() / TsDeclModule(objection) / TsDeclClass(QueryBuilder) / TsMemberFunction(forClass) / TsFunSig() / TsTypeRef())] 
[warn ] DefaultedTypeArguments.scala:38 no default parameter for RV [id => objection, phase => typescript, scope => TreeScope(TsParsedFile() / TsDeclModule(objection) / TsDeclClass(QueryBuilder) / TsMemberFunction(forClass) / TsFunSig() / TsTypeRef())] 
[warn ] DefaultedTypeArguments.scala:38 no default parameter for RV [id => objection, phase => typescript, scope => TreeScope(TsParsedFile() / TsDeclModule(objection) / TsDeclClass(QueryBuilder) / TsMemberFunction(throwIfNotFound) / TsFunSig() / TsTypeRef())] 
[warn ] DefaultedTypeArguments.scala:38 no default parameter for RM [id => objection, phase => typescript, scope => TreeScope(TsParsedFile() / TsDeclModule(objection) / TsDeclClass(QueryBuilder) / TsMemberFunction(castTo) / TsFunSig() / TsTypeParam() / TsTypeObject() / TsMemberFunction(query) / TsFunSig() / TsTypeRef())] 
[warn ] DefaultedTypeArguments.scala:38 no default parameter for RV [id => objection, phase => typescript, scope => TreeScope(TsParsedFile() / TsDeclModule(objection) / TsDeclClass(QueryBuilder) / TsMemberFunction(castTo) / TsFunSig() / TsTypeParam() / TsTypeObject() / TsMemberFunction(query) / TsFunSig() / TsTypeRef())] 
[warn ] DefaultedTypeArguments.scala:38 no default parameter for RV [id => objection, phase => typescript, scope => TreeScope(TsParsedFile() / TsDeclModule(objection) / TsDeclClass(QueryBuilder) / TsMemberFunction(castTo) / TsFunSig() / TsTypeParam() / TsTypeObject() / TsMemberFunction(relatedQuery) / TsFunSig() / TsTypeRef())] 
[warn ] DefaultedTypeArguments.scala:38 no default parameter for RM [id => objection, phase => typescript, scope => TreeScope(TsParsedFile() / TsDeclModule(objection) / TsDeclClass(QueryBuilder) / TsMemberFunction(castTo) / TsFunSig() / TsTypeParam() / TsTypeObject() / TsMemberFunction(loadRelated) / TsFunSig() / TsTypeRef())] 
[warn ] DefaultedTypeArguments.scala:38 no default parameter for RV [id => objection, phase => typescript, scope => TreeScope(TsParsedFile() / TsDeclModule(objection) / TsDeclClass(QueryBuilder) / TsMemberFunction(castTo) / TsFunSig() / TsTypeParam() / TsTypeObject() / TsMemberFunction(loadRelated) / TsFunSig() / TsTypeRef())] 
[warn ] DefaultedTypeArguments.scala:38 no default parameter for RV [id => objection, phase => typescript, scope => TreeScope(TsParsedFile() / TsDeclModule(objection) / TsDeclClass(QueryBuilder) / TsMemberFunction(castTo) / TsFunSig() / TsTypeRef())] 
[warn ] DefaultedTypeArguments.scala:38 no default parameter for RV [id => objection, phase => typescript, scope => TreeScope(TsParsedFile() / TsDeclModule(objection) / TsDeclInterface(FilterFunction) / TsMemberCall() / TsFunSig() / TsFunParam() / TsTypeRef())] 
[warn ] DefaultedTypeArguments.scala:38 no default parameter for RV [id => objection, phase => typescript, scope => TreeScope(TsParsedFile() / TsDeclModule(objection) / TsDeclInterface(FilterFunction) / TsMemberCall() / TsFunSig() / TsFunParam() / TsTypeRef())] 
[warn ] DefaultedTypeArguments.scala:38 no default parameter for RV [id => objection, phase => typescript, scope => TreeScope(TsParsedFile() / TsDeclModule(objection) / TsDeclInterface(JoinRelation) / TsMemberCall() / TsFunSig() / TsTypeRef())] 
[warn ] DefaultedTypeArguments.scala:38 no default parameter for RV [id => objection, phase => typescript, scope => TreeScope(TsParsedFile() / TsDeclModule(objection) / TsDeclInterface(ModifyEager) / TsMemberCall() / TsFunSig() / TsFunParam() / TsTypeFunction() / TsFunSig() / TsFunParam() / TsTypeRef())] 
[warn ] DefaultedTypeArguments.scala:38 no default parameter for RV [id => objection, phase => typescript, scope => TreeScope(TsParsedFile() / TsDeclModule(objection) / TsDeclInterface(Filters) / TsMemberIndex() / TsTypeFunction() / TsFunSig() / TsFunParam() / TsTypeRef())] 
[warn ] DefaultedTypeArguments.scala:38 no default parameter for RV [id => objection, phase => typescript, scope => TreeScope(TsParsedFile() / TsDeclModule(objection) / TsDeclInterface(Filters) / TsMemberIndex() / TsTypeFunction() / TsFunSig() / TsFunParam() / TsTypeRef())] 
[warn ] DefaultedTypeArguments.scala:38 no default parameter for RM [id => objection, phase => typescript, scope => TreeScope(TsParsedFile() / TsDeclModule(objection) / TsDeclInterface(ModelClass) / TsMemberProperty(QueryBuilder) / TsTypeObject() / TsMemberFunction(forClass) / TsFunSig() / TsTypeRef())] 
[warn ] DefaultedTypeArguments.scala:38 no default parameter for RV [id => objection, phase => typescript, scope => TreeScope(TsParsedFile() / TsDeclModule(objection) / TsDeclInterface(ModelClass) / TsMemberProperty(QueryBuilder) / TsTypeObject() / TsMemberFunction(forClass) / TsFunSig() / TsTypeRef())] 
[warn ] DefaultedTypeArguments.scala:38 no default parameter for RV [id => objection, phase => typescript, scope => TreeScope(TsParsedFile() / TsDeclModule(objection) / TsDeclInterface(ModelClass) / TsMemberFunction(query) / TsFunSig() / TsTypeRef())] 
[warn ] DefaultedTypeArguments.scala:38 no default parameter for RV [id => objection, phase => typescript, scope => TreeScope(TsParsedFile() / TsDeclModule(objection) / TsDeclInterface(ModelClass) / TsMemberFunction(relatedQuery) / TsFunSig() / TsTypeRef())] 
[warn ] DefaultedTypeArguments.scala:38 no default parameter for RM [id => objection, phase => typescript, scope => TreeScope(TsParsedFile() / TsDeclModule(objection) / TsDeclInterface(ModelClass) / TsMemberFunction(loadRelated) / TsFunSig() / TsTypeRef())] 
[warn ] DefaultedTypeArguments.scala:38 no default parameter for RV [id => objection, phase => typescript, scope => TreeScope(TsParsedFile() / TsDeclModule(objection) / TsDeclInterface(ModelClass) / TsMemberFunction(loadRelated) / TsFunSig() / TsTypeRef())] 
[warn ] DefaultedTypeArguments.scala:38 no default parameter for RM [id => objection, phase => typescript, scope => TreeScope(TsParsedFile() / TsDeclModule(objection) / TsDeclInterface(ModelClass) / TsMemberFunction(traverse) / TsFunSig() / TsFunParam() / TsTypeObject() / TsMemberFunction(query) / TsFunSig() / TsTypeRef())] 
[warn ] DefaultedTypeArguments.scala:38 no default parameter for RV [id => objection, phase => typescript, scope => TreeScope(TsParsedFile() / TsDeclModule(objection) / TsDeclInterface(ModelClass) / TsMemberFunction(traverse) / TsFunSig() / TsFunParam() / TsTypeObject() / TsMemberFunction(query) / TsFunSig() / TsTypeRef())] 
[warn ] DefaultedTypeArguments.scala:38 no default parameter for RV [id => objection, phase => typescript, scope => TreeScope(TsParsedFile() / TsDeclModule(objection) / TsDeclInterface(ModelClass) / TsMemberFunction(traverse) / TsFunSig() / TsFunParam() / TsTypeObject() / TsMemberFunction(relatedQuery) / TsFunSig() / TsTypeRef())] 
[warn ] DefaultedTypeArguments.scala:38 no default parameter for RM [id => objection, phase => typescript, scope => TreeScope(TsParsedFile() / TsDeclModule(objection) / TsDeclInterface(ModelClass) / TsMemberFunction(traverse) / TsFunSig() / TsFunParam() / TsTypeObject() / TsMemberFunction(loadRelated) / TsFunSig() / TsTypeRef())] 
[warn ] DefaultedTypeArguments.scala:38 no default parameter for RV [id => objection, phase => typescript, scope => TreeScope(TsParsedFile() / TsDeclModule(objection) / TsDeclInterface(ModelClass) / TsMemberFunction(traverse) / TsFunSig() / TsFunParam() / TsTypeObject() / TsMemberFunction(loadRelated) / TsFunSig() / TsTypeRef())] 
[warn ] DefaultedTypeArguments.scala:38 no default parameter for RV [id => objection, phase => typescript, scope => TreeScope(TsParsedFile() / TsDeclModule(objection) / TsDeclInterface(Insert) / TsMemberCall() / TsFunSig() / TsTypeRef())] 
[warn ] DefaultedTypeArguments.scala:38 no default parameter for RV [id => objection, phase => typescript, scope => TreeScope(TsParsedFile() / TsDeclModule(objection) / TsDeclInterface(Insert) / TsMemberCall() / TsFunSig() / TsTypeRef())] 
[warn ] DefaultedTypeArguments.scala:38 no default parameter for RV [id => objection, phase => typescript, scope => TreeScope(TsParsedFile() / TsDeclModule(objection) / TsDeclInterface(InsertGraph) / TsMemberCall() / TsFunSig() / TsTypeRef())] 
[warn ] DefaultedTypeArguments.scala:38 no default parameter for RV [id => objection, phase => typescript, scope => TreeScope(TsParsedFile() / TsDeclModule(objection) / TsDeclInterface(InsertGraph) / TsMemberCall() / TsFunSig() / TsTypeRef())] 
[warn ] DefaultedTypeArguments.scala:38 no default parameter for RV [id => objection, phase => typescript, scope => TreeScope(TsParsedFile() / TsDeclModule(objection) / TsDeclInterface(InsertGraphAndFetch) / TsMemberCall() / TsFunSig() / TsTypeRef())] 
[warn ] DefaultedTypeArguments.scala:38 no default parameter for RV [id => objection, phase => typescript, scope => TreeScope(TsParsedFile() / TsDeclModule(objection) / TsDeclInterface(InsertGraphAndFetch) / TsMemberCall() / TsFunSig() / TsTypeRef())] 
[warn ] DefaultedTypeArguments.scala:38 no default parameter for RV [id => objection, phase => typescript, scope => TreeScope(TsParsedFile() / TsDeclModule(objection) / TsDeclInterface(UpsertGraph) / TsMemberCall() / TsFunSig() / TsTypeRef())] 
[warn ] DefaultedTypeArguments.scala:38 no default parameter for RV [id => objection, phase => typescript, scope => TreeScope(TsParsedFile() / TsDeclModule(objection) / TsDeclInterface(UpsertGraph) / TsMemberCall() / TsFunSig() / TsTypeRef())] 
[warn ] DefaultedTypeArguments.scala:38 no default parameter for RV [id => objection, phase => typescript, scope => TreeScope(TsParsedFile() / TsDeclModule(objection) / TsDeclInterface(UpsertGraphAndFetch) / TsMemberCall() / TsFunSig() / TsTypeRef())] 
[warn ] DefaultedTypeArguments.scala:38 no default parameter for RV [id => objection, phase => typescript, scope => TreeScope(TsParsedFile() / TsDeclModule(objection) / TsDeclInterface(UpsertGraphAndFetch) / TsMemberCall() / TsFunSig() / TsTypeRef())] 
[warn ] DefaultedTypeArguments.scala:38 no default parameter for RV [id => objection, phase => typescript, scope => TreeScope(TsParsedFile() / TsDeclModule(objection) / TsDeclTypeAlias(PartialUpdate) / TsTypeObject() / TsMemberTypeMapped() / TsTypeUnion() / TsTypeRef())] 
[warn ] DefaultedTypeArguments.scala:38 no default parameter for RV [id => objection, phase => typescript, scope => TreeScope(TsParsedFile() / TsDeclModule(objection) / TsDeclInterface(QueryBuilderBase) / TsMemberFunction(insertAndFetch) / TsFunSig() / TsTypeRef())] 
[warn ] DefaultedTypeArguments.scala:38 no default parameter for RV [id => objection, phase => typescript, scope => TreeScope(TsParsedFile() / TsDeclModule(objection) / TsDeclInterface(QueryBuilderBase) / TsMemberFunction(insertAndFetch) / TsFunSig() / TsTypeRef())] 
[warn ] DefaultedTypeArguments.scala:38 no default parameter for RV [id => objection, phase => typescript, scope => TreeScope(TsParsedFile() / TsDeclModule(objection) / TsDeclInterface(QueryBuilderBase) / TsMemberFunction(updateAndFetch) / TsFunSig() / TsTypeRef())] 
[warn ] DefaultedTypeArguments.scala:38 no default parameter for RV [id => objection, phase => typescript, scope => TreeScope(TsParsedFile() / TsDeclModule(objection) / TsDeclInterface(QueryBuilderBase) / TsMemberFunction(updateAndFetchById) / TsFunSig() / TsTypeRef())] 
[warn ] DefaultedTypeArguments.scala:38 no default parameter for RV [id => objection, phase => typescript, scope => TreeScope(TsParsedFile() / TsDeclModule(objection) / TsDeclInterface(QueryBuilderBase) / TsMemberFunction(patchAndFetchById) / TsFunSig() / TsTypeRef())] 
[warn ] DefaultedTypeArguments.scala:38 no default parameter for RV [id => objection, phase => typescript, scope => TreeScope(TsParsedFile() / TsDeclModule(objection) / TsDeclInterface(QueryBuilderBase) / TsMemberFunction(patchAndFetch) / TsFunSig() / TsTypeRef())] 
[warn ] DefaultedTypeArguments.scala:38 no default parameter for RV [id => objection, phase => typescript, scope => TreeScope(TsParsedFile() / TsDeclModule(objection) / TsDeclInterface(QueryBuilderBase) / TsMemberFunction(whereComposite) / TsFunSig() / TsFunParam() / TsTypeUnion() / TsTypeRef())] 
[warn ] DefaultedTypeArguments.scala:38 no default parameter for RV [id => objection, phase => typescript, scope => TreeScope(TsParsedFile() / TsDeclModule(objection) / TsDeclInterface(QueryBuilderBase) / TsMemberFunction(whereComposite) / TsFunSig() / TsFunParam() / TsTypeUnion() / TsTypeRef())] 
[warn ] DefaultedTypeArguments.scala:38 no default parameter for RV [id => objection, phase => typescript, scope => TreeScope(TsParsedFile() / TsDeclModule(objection) / TsDeclInterface(QueryBuilderBase) / TsMemberFunction(whereComposite) / TsFunSig() / TsFunParam() / TsTypeUnion() / TsTypeRef())] 
[warn ] DefaultedTypeArguments.scala:38 no default parameter for RV [id => objection, phase => typescript, scope => TreeScope(TsParsedFile() / TsDeclModule(objection) / TsDeclInterface(QueryBuilderBase) / TsMemberFunction(whereComposite) / TsFunSig() / TsFunParam() / TsTypeUnion() / TsTypeRef())] 
[warn ] DefaultedTypeArguments.scala:38 no default parameter for RV [id => objection, phase => typescript, scope => TreeScope(TsParsedFile() / TsDeclModule(objection) / TsDeclInterface(QueryBuilderBase) / TsMemberFunction(whereInComposite) / TsFunSig() / TsFunParam() / TsTypeUnion() / TsTypeRef())] 
[warn ] DefaultedTypeArguments.scala:38 no default parameter for RV [id => objection, phase => typescript, scope => TreeScope(TsParsedFile() / TsDeclModule(objection) / TsDeclInterface(QueryBuilderBase) / TsMemberFunction(runBefore) / TsFunSig() / TsFunParam() / TsTypeFunction() / TsFunSig() / TsFunParam() / TsTypeRef())] 
[warn ] DefaultedTypeArguments.scala:38 no default parameter for RV [id => objection, phase => typescript, scope => TreeScope(TsParsedFile() / TsDeclModule(objection) / TsDeclInterface(QueryBuilderBase) / TsMemberFunction(runAfter) / TsFunSig() / TsFunParam() / TsTypeFunction() / TsFunSig() / TsFunParam() / TsTypeRef())] 
[warn ] DefaultedTypeArguments.scala:38 no default parameter for RM [id => objection, phase => typescript, scope => TreeScope(TsParsedFile() / TsDeclModule(objection) / TsDeclInterface(QueryBuilderBase) / TsMemberFunction(modelClass) / TsFunSig() / TsTypeObject() / TsMemberFunction(query) / TsFunSig() / TsTypeRef())] 
[warn ] DefaultedTypeArguments.scala:38 no default parameter for RV [id => objection, phase => typescript, scope => TreeScope(TsParsedFile() / TsDeclModule(objection) / TsDeclInterface(QueryBuilderBase) / TsMemberFunction(modelClass) / TsFunSig() / TsTypeObject() / TsMemberFunction(query) / TsFunSig() / TsTypeRef())] 
[warn ] DefaultedTypeArguments.scala:38 no default parameter for RV [id => objection, phase => typescript, scope => TreeScope(TsParsedFile() / TsDeclModule(objection) / TsDeclInterface(QueryBuilderBase) / TsMemberFunction(modelClass) / TsFunSig() / TsTypeObject() / TsMemberFunction(relatedQuery) / TsFunSig() / TsTypeRef())] 
[warn ] DefaultedTypeArguments.scala:38 no default parameter for RM [id => objection, phase => typescript, scope => TreeScope(TsParsedFile() / TsDeclModule(objection) / TsDeclInterface(QueryBuilderBase) / TsMemberFunction(modelClass) / TsFunSig() / TsTypeObject() / TsMemberFunction(loadRelated) / TsFunSig() / TsTypeRef())] 
[warn ] DefaultedTypeArguments.scala:38 no default parameter for RV [id => objection, phase => typescript, scope => TreeScope(TsParsedFile() / TsDeclModule(objection) / TsDeclInterface(QueryBuilderBase) / TsMemberFunction(modelClass) / TsFunSig() / TsTypeObject() / TsMemberFunction(loadRelated) / TsFunSig() / TsTypeRef())] 
[warn ] DefaultedTypeArguments.scala:38 no default parameter for RV [id => objection, phase => typescript, scope => TreeScope(TsParsedFile() / TsDeclModule(objection) / TsDeclInterface(QueryBuilderBase) / TsMemberFunction(page) / TsFunSig() / TsTypeRef())] 
[warn ] DefaultedTypeArguments.scala:38 no default parameter for RV [id => objection, phase => typescript, scope => TreeScope(TsParsedFile() / TsDeclModule(objection) / TsDeclInterface(QueryBuilderBase) / TsMemberFunction(range) / TsFunSig() / TsTypeRef())] 
[warn ] DefaultedTypeArguments.scala:38 no default parameter for RV [id => objection, phase => typescript, scope => TreeScope(TsParsedFile() / TsDeclModule(objection) / TsDeclInterface(QueryBuilderBase) / TsMemberFunction(range) / TsFunSig() / TsTypeRef())] 
[warn ] DefaultedTypeArguments.scala:38 no default parameter for RM [id => objection, phase => typescript, scope => TreeScope(TsParsedFile() / TsDeclModule(objection) / TsDeclInterface(QueryBuilderBase) / TsMemberFunction(traverse) / TsFunSig() / TsFunParam() / TsTypeObject() / TsMemberFunction(query) / TsFunSig() / TsTypeRef())] 
[warn ] DefaultedTypeArguments.scala:38 no default parameter for RV [id => objection, phase => typescript, scope => TreeScope(TsParsedFile() / TsDeclModule(objection) / TsDeclInterface(QueryBuilderBase) / TsMemberFunction(traverse) / TsFunSig() / TsFunParam() / TsTypeObject() / TsMemberFunction(query) / TsFunSig() / TsTypeRef())] 
[warn ] DefaultedTypeArguments.scala:38 no default parameter for RV [id => objection, phase => typescript, scope => TreeScope(TsParsedFile() / TsDeclModule(objection) / TsDeclInterface(QueryBuilderBase) / TsMemberFunction(traverse) / TsFunSig() / TsFunParam() / TsTypeObject() / TsMemberFunction(relatedQuery) / TsFunSig() / TsTypeRef())] 
[warn ] DefaultedTypeArguments.scala:38 no default parameter for RM [id => objection, phase => typescript, scope => TreeScope(TsParsedFile() / TsDeclModule(objection) / TsDeclInterface(QueryBuilderBase) / TsMemberFunction(traverse) / TsFunSig() / TsFunParam() / TsTypeObject() / TsMemberFunction(loadRelated) / TsFunSig() / TsTypeRef())] 
[warn ] DefaultedTypeArguments.scala:38 no default parameter for RV [id => objection, phase => typescript, scope => TreeScope(TsParsedFile() / TsDeclModule(objection) / TsDeclInterface(QueryBuilderBase) / TsMemberFunction(traverse) / TsFunSig() / TsFunParam() / TsTypeObject() / TsMemberFunction(loadRelated) / TsFunSig() / TsTypeRef())] 
[warn ] DefaultedTypeArguments.scala:38 no default parameter for RM [id => objection, phase => typescript, scope => TreeScope(TsParsedFile() / TsDeclModule(objection) / TsDeclInterface(QueryBuilderBase) / TsMemberFunction(pick) / TsFunSig() / TsFunParam() / TsTypeObject() / TsMemberFunction(query) / TsFunSig() / TsTypeRef())] 
[warn ] DefaultedTypeArguments.scala:38 no default parameter for RV [id => objection, phase => typescript, scope => TreeScope(TsParsedFile() / TsDeclModule(objection) / TsDeclInterface(QueryBuilderBase) / TsMemberFunction(pick) / TsFunSig() / TsFunParam() / TsTypeObject() / TsMemberFunction(query) / TsFunSig() / TsTypeRef())] 
[warn ] DefaultedTypeArguments.scala:38 no default parameter for RV [id => objection, phase => typescript, scope => TreeScope(TsParsedFile() / TsDeclModule(objection) / TsDeclInterface(QueryBuilderBase) / TsMemberFunction(pick) / TsFunSig() / TsFunParam() / TsTypeObject() / TsMemberFunction(relatedQuery) / TsFunSig() / TsTypeRef())] 
[warn ] DefaultedTypeArguments.scala:38 no default parameter for RM [id => objection, phase => typescript, scope => TreeScope(TsParsedFile() / TsDeclModule(objection) / TsDeclInterface(QueryBuilderBase) / TsMemberFunction(pick) / TsFunSig() / TsFunParam() / TsTypeObject() / TsMemberFunction(loadRelated) / TsFunSig() / TsTypeRef())] 
[warn ] DefaultedTypeArguments.scala:38 no default parameter for RV [id => objection, phase => typescript, scope => TreeScope(TsParsedFile() / TsDeclModule(objection) / TsDeclInterface(QueryBuilderBase) / TsMemberFunction(pick) / TsFunSig() / TsFunParam() / TsTypeObject() / TsMemberFunction(loadRelated) / TsFunSig() / TsTypeRef())] 
[warn ] DefaultedTypeArguments.scala:38 no default parameter for RM [id => objection, phase => typescript, scope => TreeScope(TsParsedFile() / TsDeclModule(objection) / TsDeclInterface(QueryBuilderBase) / TsMemberFunction(omit) / TsFunSig() / TsFunParam() / TsTypeObject() / TsMemberFunction(query) / TsFunSig() / TsTypeRef())] 
[warn ] DefaultedTypeArguments.scala:38 no default parameter for RV [id => objection, phase => typescript, scope => TreeScope(TsParsedFile() / TsDeclModule(objection) / TsDeclInterface(QueryBuilderBase) / TsMemberFunction(omit) / TsFunSig() / TsFunParam() / TsTypeObject() / TsMemberFunction(query) / TsFunSig() / TsTypeRef())] 
[warn ] DefaultedTypeArguments.scala:38 no default parameter for RV [id => objection, phase => typescript, scope => TreeScope(TsParsedFile() / TsDeclModule(objection) / TsDeclInterface(QueryBuilderBase) / TsMemberFunction(omit) / TsFunSig() / TsFunParam() / TsTypeObject() / TsMemberFunction(relatedQuery) / TsFunSig() / TsTypeRef())] 
[warn ] DefaultedTypeArguments.scala:38 no default parameter for RM [id => objection, phase => typescript, scope => TreeScope(TsParsedFile() / TsDeclModule(objection) / TsDeclInterface(QueryBuilderBase) / TsMemberFunction(omit) / TsFunSig() / TsFunParam() / TsTypeObject() / TsMemberFunction(loadRelated) / TsFunSig() / TsTypeRef())] 
[warn ] DefaultedTypeArguments.scala:38 no default parameter for RV [id => objection, phase => typescript, scope => TreeScope(TsParsedFile() / TsDeclModule(objection) / TsDeclInterface(QueryBuilderBase) / TsMemberFunction(omit) / TsFunSig() / TsFunParam() / TsTypeObject() / TsMemberFunction(loadRelated) / TsFunSig() / TsTypeRef())] 
[warn ] DefaultedTypeArguments.scala:38 no default parameter for RV [id => objection, phase => typescript, scope => TreeScope(TsParsedFile() / TsDeclModule(objection) / TsDeclInterface(QueryBuilderBase) / TsMemberFunction(returning) / TsFunSig() / TsTypeRef())] 
[warn ] DefaultedTypeArguments.scala:38 no default parameter for RV [id => objection, phase => typescript, scope => TreeScope(TsParsedFile() / TsDeclModule(objection) / TsDeclTypeAlias(ColumnRef) / TsTypeUnion() / TsTypeRef())] 
[warn ] DefaultedTypeArguments.scala:38 no default parameter for RV [id => objection, phase => typescript, scope => TreeScope(TsParsedFile() / TsDeclModule(objection) / TsDeclTypeAlias(TableName) / TsTypeUnion() / TsTypeRef())] 
[warn ] DefaultedTypeArguments.scala:38 no default parameter for RV [id => objection, phase => typescript, scope => TreeScope(TsParsedFile() / TsDeclModule(objection) / TsDeclInterface(Table) / TsMemberCall() / TsFunSig() / TsFunParam() / TsTypeFunction() / TsFunSig() / TsFunParam() / TsTypeRef())] 
[warn ] DefaultedTypeArguments.scala:38 no default parameter for RV [id => objection, phase => typescript, scope => TreeScope(TsParsedFile() / TsDeclModule(objection) / TsDeclInterface(Table) / TsMemberCall() / TsFunSig() / TsFunParam() / TsTypeFunction() / TsFunSig() / TsFunParam() / TsTypeRef())] 
[warn ] DefaultedTypeArguments.scala:38 no default parameter for RM [id => objection, phase => typescript, scope => TreeScope(TsParsedFile() / TsDeclModule(objection) / TsDeclInterface(Join) / TsMemberCall() / TsFunSig() / TsFunParam() / TsTypeRef())] 
[warn ] DefaultedTypeArguments.scala:38 no default parameter for RV [id => objection, phase => typescript, scope => TreeScope(TsParsedFile() / TsDeclModule(objection) / TsDeclInterface(Join) / TsMemberCall() / TsFunSig() / TsFunParam() / TsTypeRef())] 
[warn ] DefaultedTypeArguments.scala:38 no default parameter for RV [id => objection, phase => typescript, scope => TreeScope(TsParsedFile() / TsDeclModule(objection) / TsDeclInterface(WithWrapped) / TsMemberCall() / TsFunSig() / TsFunParam() / TsTypeFunction() / TsFunSig() / TsFunParam() / TsTypeRef())] 
[warn ] DefaultedTypeArguments.scala:38 no default parameter for RV [id => objection, phase => typescript, scope => TreeScope(TsParsedFile() / TsDeclModule(objection) / TsDeclInterface(Where) / TsMemberCall() / TsFunSig() / TsFunParam() / TsTypeFunction() / TsFunSig() / TsFunParam() / TsTypeRef())] 
[warn ] DefaultedTypeArguments.scala:38 no default parameter for RV [id => objection, phase => typescript, scope => TreeScope(TsParsedFile() / TsDeclModule(objection) / TsDeclInterface(Where) / TsMemberCall() / TsFunSig() / TsFunParam() / TsTypeFunction() / TsFunSig() / TsFunParam() / TsTypeRef())] 
[warn ] DefaultedTypeArguments.scala:38 no default parameter for RV [id => objection, phase => typescript, scope => TreeScope(TsParsedFile() / TsDeclModule(objection) / TsDeclInterface(Where) / TsMemberCall() / TsFunSig() / TsFunParam() / TsTypeUnion() / TsTypeRef())] 
[warn ] DefaultedTypeArguments.scala:38 no default parameter for RV [id => objection, phase => typescript, scope => TreeScope(TsParsedFile() / TsDeclModule(objection) / TsDeclInterface(Where) / TsMemberCall() / TsFunSig() / TsFunParam() / TsTypeUnion() / TsTypeRef())] 
[warn ] DefaultedTypeArguments.scala:38 no default parameter for RV [id => objection, phase => typescript, scope => TreeScope(TsParsedFile() / TsDeclModule(objection) / TsDeclInterface(Where) / TsMemberCall() / TsFunSig() / TsFunParam() / TsTypeFunction() / TsFunSig() / TsFunParam() / TsTypeRef())] 
[warn ] DefaultedTypeArguments.scala:38 no default parameter for RV [id => objection, phase => typescript, scope => TreeScope(TsParsedFile() / TsDeclModule(objection) / TsDeclInterface(Where) / TsMemberCall() / TsFunSig() / TsFunParam() / TsTypeFunction() / TsFunSig() / TsFunParam() / TsTypeRef())] 
[warn ] DefaultedTypeArguments.scala:38 no default parameter for RV [id => objection, phase => typescript, scope => TreeScope(TsParsedFile() / TsDeclModule(objection) / TsDeclInterface(FindOne) / TsMemberCall() / TsFunSig() / TsFunParam() / TsTypeFunction() / TsFunSig() / TsFunParam() / TsTypeRef())] 
[warn ] DefaultedTypeArguments.scala:38 no default parameter for RV [id => objection, phase => typescript, scope => TreeScope(TsParsedFile() / TsDeclModule(objection) / TsDeclInterface(FindOne) / TsMemberCall() / TsFunSig() / TsFunParam() / TsTypeFunction() / TsFunSig() / TsFunParam() / TsTypeRef())] 
[warn ] DefaultedTypeArguments.scala:38 no default parameter for RV [id => objection, phase => typescript, scope => TreeScope(TsParsedFile() / TsDeclModule(objection) / TsDeclInterface(FindOne) / TsMemberCall() / TsFunSig() / TsFunParam() / TsTypeUnion() / TsTypeRef())] 
[warn ] DefaultedTypeArguments.scala:38 no default parameter for RV [id => objection, phase => typescript, scope => TreeScope(TsParsedFile() / TsDeclModule(objection) / TsDeclInterface(FindOne) / TsMemberCall() / TsFunSig() / TsFunParam() / TsTypeUnion() / TsTypeRef())] 
[warn ] DefaultedTypeArguments.scala:38 no default parameter for RV [id => objection, phase => typescript, scope => TreeScope(TsParsedFile() / TsDeclModule(objection) / TsDeclInterface(FindOne) / TsMemberCall() / TsFunSig() / TsFunParam() / TsTypeFunction() / TsFunSig() / TsFunParam() / TsTypeRef())] 
[warn ] DefaultedTypeArguments.scala:38 no default parameter for RV [id => objection, phase => typescript, scope => TreeScope(TsParsedFile() / TsDeclModule(objection) / TsDeclInterface(FindOne) / TsMemberCall() / TsFunSig() / TsFunParam() / TsTypeFunction() / TsFunSig() / TsFunParam() / TsTypeRef())] 
[warn ] DefaultedTypeArguments.scala:38 no default parameter for RV [id => objection, phase => typescript, scope => TreeScope(TsParsedFile() / TsDeclModule(objection) / TsDeclInterface(WhereWrapped) / TsMemberCall() / TsFunSig() / TsFunParam() / TsTypeFunction() / TsFunSig() / TsFunParam() / TsTypeRef())] 
[warn ] DefaultedTypeArguments.scala:38 no default parameter for RV [id => objection, phase => typescript, scope => TreeScope(TsParsedFile() / TsDeclModule(objection) / TsDeclInterface(WhereIn) / TsMemberCall() / TsFunSig() / TsFunParam() / TsTypeFunction() / TsFunSig() / TsFunParam() / TsTypeRef())] 
[warn ] DefaultedTypeArguments.scala:38 no default parameter for RV [id => objection, phase => typescript, scope => TreeScope(TsParsedFile() / TsDeclModule(objection) / TsDeclInterface(WhereIn) / TsMemberCall() / TsFunSig() / TsFunParam() / TsTypeFunction() / TsFunSig() / TsFunParam() / TsTypeRef())] 
[warn ] DefaultedTypeArguments.scala:38 no default parameter for RV [id => objection, phase => typescript, scope => TreeScope(TsParsedFile() / TsDeclModule(objection) / TsDeclInterface(WhereIn) / TsMemberCall() / TsFunSig() / TsFunParam() / TsTypeRef())] 
[warn ] DefaultedTypeArguments.scala:38 no default parameter for RV [id => objection, phase => typescript, scope => TreeScope(TsParsedFile() / TsDeclModule(objection) / TsDeclInterface(WhereExists) / TsMemberCall() / TsFunSig() / TsFunParam() / TsTypeFunction() / TsFunSig() / TsFunParam() / TsTypeRef())] 
[warn ] DefaultedTypeArguments.scala:38 no default parameter for RV [id => objection, phase => typescript, scope => TreeScope(TsParsedFile() / TsDeclModule(objection) / TsDeclInterface(WhereExists) / TsMemberCall() / TsFunSig() / TsFunParam() / TsTypeFunction() / TsFunSig() / TsFunParam() / TsTypeRef())] 
[warn ] DefaultedTypeArguments.scala:38 no default parameter for RV [id => objection, phase => typescript, scope => TreeScope(TsParsedFile() / TsDeclModule(objection) / TsDeclInterface(WhereExists) / TsMemberCall() / TsFunSig() / TsFunParam() / TsTypeRef())] 
[warn ] DefaultedTypeArguments.scala:38 no default parameter for RV [id => objection, phase => typescript, scope => TreeScope(TsParsedFile() / TsDeclModule(objection) / TsDeclInterface(SetOperations) / TsMemberCall() / TsFunSig() / TsFunParam() / TsTypeFunction() / TsFunSig() / TsFunParam() / TsTypeRef())] 
[warn ] DefaultedTypeArguments.scala:38 no default parameter for RV [id => objection, phase => typescript, scope => TreeScope(TsParsedFile() / TsDeclModule(objection) / TsDeclInterface(SetOperations) / TsMemberCall() / TsFunSig() / TsFunParam() / TsTypeFunction() / TsFunSig() / TsFunParam() / TsTypeRef())] 
[warn ] DefaultedTypeArguments.scala:38 no default parameter for RV [id => objection, phase => typescript, scope => TreeScope(TsParsedFile() / TsDeclModule(objection) / TsDeclInterface(SetOperations) / TsMemberCall() / TsFunSig() / TsTypeRef())] 
[warn ] DefaultedTypeArguments.scala:38 no default parameter for RV [id => objection, phase => typescript, scope => TreeScope(TsParsedFile() / TsDeclModule(objection) / TsDeclInterface(SetOperations) / TsMemberCall() / TsFunSig() / TsFunParam() / TsTypeRef() / TsTypeFunction() / TsFunSig() / TsFunParam() / TsTypeRef())] 
[warn ] DefaultedTypeArguments.scala:38 no default parameter for RV [id => objection, phase => typescript, scope => TreeScope(TsParsedFile() / TsDeclModule(objection) / TsDeclInterface(SetOperations) / TsMemberCall() / TsFunSig() / TsFunParam() / TsTypeRef() / TsTypeFunction() / TsFunSig() / TsFunParam() / TsTypeRef())] 
[warn ] DefaultedTypeArguments.scala:38 no default parameter for RV [id => objection, phase => typescript, scope => TreeScope(TsParsedFile() / TsDeclModule(objection) / TsDeclInterface(SetOperations) / TsMemberCall() / TsFunSig() / TsTypeRef())] 
[warn ] DefaultedTypeArguments.scala:38 no default parameter for RV [id => objection, phase => typescript, scope => TreeScope(TsParsedFile() / TsDeclModule(objection) / TsDeclInterface(SetOperations) / TsMemberCall() / TsFunSig() / TsFunParam() / TsTypeRepeated() / TsTypeFunction() / TsFunSig() / TsFunParam() / TsTypeRef())] 
[warn ] DefaultedTypeArguments.scala:38 no default parameter for RV [id => objection, phase => typescript, scope => TreeScope(TsParsedFile() / TsDeclModule(objection) / TsDeclInterface(SetOperations) / TsMemberCall() / TsFunSig() / TsFunParam() / TsTypeRepeated() / TsTypeFunction() / TsFunSig() / TsFunParam() / TsTypeRef())] 
[warn ] DefaultedTypeArguments.scala:38 no default parameter for RV [id => objection, phase => typescript, scope => TreeScope(TsParsedFile() / TsDeclModule(objection) / TsDeclInterface(SetOperations) / TsMemberCall() / TsFunSig() / TsTypeRef())] 
[info ] PreferTypeAlias.scala:73 Simplified to function type alias [id => objection, phase => typescript, scope => TreeScope(TsParsedFile() / TsDeclModule(objection) / TsDeclInterface(LiteralBuilder))] 
[info ] PreferTypeAlias.scala:73 Simplified to function type alias [id => objection, phase => typescript, scope => TreeScope(TsParsedFile() / TsDeclModule(objection) / TsDeclInterface(ReferenceBuilder))] 
[info ] PreferTypeAlias.scala:55 Simplified to type alias [id => objection, phase => typescript, scope => TreeScope(TsParsedFile() / TsDeclModule(objection) / TsDeclInterface(Literal))] 
[info ] PreferTypeAlias.scala:55 Simplified to type alias [id => objection, phase => typescript, scope => TreeScope(TsParsedFile() / TsDeclModule(objection) / TsDeclInterface(Reference))] 
[info ] PreferTypeAlias.scala:73 Simplified to function type alias [id => objection, phase => typescript, scope => TreeScope(TsParsedFile() / TsDeclModule(objection) / TsDeclInterface(Plugin))] 
[info ] PreferTypeAlias.scala:55 Simplified to type alias [id => objection, phase => typescript, scope => TreeScope(TsParsedFile() / TsDeclModule(objection) / TsDeclInterface(QueryBuilderYieldingOne))] 
[info ] PreferTypeAlias.scala:55 Simplified to type alias [id => objection, phase => typescript, scope => TreeScope(TsParsedFile() / TsDeclModule(objection) / TsDeclInterface(QueryBuilderYieldingOneOrNone))] 
[info ] PreferTypeAlias.scala:168 Could not simplify objection.objection.DeepPartialGraphArray to function type alias because of circular references Vector(TsQIdent(List(TsIdentLibrarySimple(objection), TsIdentModule(None,List(objection)), TsIdentSimple(DeepPartialGraphArray)))) [id => objection, phase => typescript, scope => TreeScope(TsParsedFile() / TsDeclModule(objection) / TsDeclTypeAlias(DeepPartialGraph))] 
[info ] PreferTypeAlias.scala:73 Simplified to function type alias [id => objection, phase => typescript, scope => TreeScope(TsParsedFile() / TsDeclModule(objection) / TsDeclInterface(FilterFunction))] 
[info ] PreferTypeAlias.scala:73 Simplified to function type alias [id => objection, phase => typescript, scope => TreeScope(TsParsedFile() / TsDeclModule(objection) / TsDeclInterface(RelationExpressionMethod))] 
[info ] PreferTypeAlias.scala:73 Simplified to function type alias [id => objection, phase => typescript, scope => TreeScope(TsParsedFile() / TsDeclModule(objection) / TsDeclInterface(TraverserFunction))] 
[info ] PreferTypeAlias.scala:73 Simplified to function type alias [id => objection, phase => typescript, scope => TreeScope(TsParsedFile() / TsDeclModule(objection) / TsDeclInterface(JoinRelation))] 
[info ] PreferTypeAlias.scala:73 Simplified to function type alias [id => objection, phase => typescript, scope => TreeScope(TsParsedFile() / TsDeclModule(objection) / TsDeclInterface(WhereJson))] 
[info ] PreferTypeAlias.scala:73 Simplified to function type alias [id => objection, phase => typescript, scope => TreeScope(TsParsedFile() / TsDeclModule(objection) / TsDeclInterface(WhereFieldExpression))] 
[info ] PreferTypeAlias.scala:73 Simplified to function type alias [id => objection, phase => typescript, scope => TreeScope(TsParsedFile() / TsDeclModule(objection) / TsDeclInterface(WhereJsonExpression))] 
[info ] PreferTypeAlias.scala:73 Simplified to function type alias [id => objection, phase => typescript, scope => TreeScope(TsParsedFile() / TsDeclModule(objection) / TsDeclInterface(WhereJsonField))] 
[info ] PreferTypeAlias.scala:73 Simplified to function type alias [id => objection, phase => typescript, scope => TreeScope(TsParsedFile() / TsDeclModule(objection) / TsDeclInterface(BluebirdMapper))] 
[info ] PreferTypeAlias.scala:73 Simplified to function type alias [id => objection, phase => typescript, scope => TreeScope(TsParsedFile() / TsDeclModule(objection) / TsDeclInterface(NodeStyleCallback))] 
[info ] PreferTypeAlias.scala:73 Simplified to function type alias [id => objection, phase => typescript, scope => TreeScope(TsParsedFile() / TsDeclModule(objection) / TsDeclInterface(As))] 
[info ] PreferTypeAlias.scala:55 Simplified to type alias [id => objection, phase => typescript, scope => TreeScope(TsParsedFile() / TsDeclModule(objection) / TsDeclInterface(Select))] 
[info ] PreferTypeAlias.scala:55 Simplified to type alias [id => objection, phase => typescript, scope => TreeScope(TsParsedFile() / TsDeclModule(objection) / TsDeclInterface(Distinct))] 
[info ] PreferTypeAlias.scala:73 Simplified to function type alias [id => objection, phase => typescript, scope => TreeScope(TsParsedFile() / TsDeclModule(objection) / TsDeclInterface(JoinRaw))] 
[info ] PreferTypeAlias.scala:73 Simplified to function type alias [id => objection, phase => typescript, scope => TreeScope(TsParsedFile() / TsDeclModule(objection) / TsDeclInterface(WithWrapped))] 
[info ] PreferTypeAlias.scala:73 Simplified to function type alias [id => objection, phase => typescript, scope => TreeScope(TsParsedFile() / TsDeclModule(objection) / TsDeclInterface(WhereWrapped))] 
[info ] PreferTypeAlias.scala:73 Simplified to function type alias [id => objection, phase => typescript, scope => TreeScope(TsParsedFile() / TsDeclModule(objection) / TsDeclInterface(WhereNull))] 
[info ] PreferTypeAlias.scala:73 Simplified to function type alias [id => objection, phase => typescript, scope => TreeScope(TsParsedFile() / TsDeclModule(objection) / TsDeclInterface(WhereBetween))] 
[info ] PreferTypeAlias.scala:73 Simplified to function type alias [id => objection, phase => typescript, scope => TreeScope(TsParsedFile() / TsDeclModule(objection) / TsDeclInterface(OrderBy))] 
[info ] ExtractInterfaces.scala:41 Extracted anonymous interface TsIdentSimple(TypeofClassModel) [id => objection, phase => typescript, scope => TreeScope(TsParsedFile() / TsDeclModule(objection) / TsDeclTypeAlias(Plugin) / TsTypeFunction() / TsFunSig() / TsTypeParam() / TsTypeObject())] 
[info ] ExtractInterfaces.scala:41 Extracted anonymous interface TsIdentSimple(TypeofClassQueryBuilder) [id => objection, phase => typescript, scope => TreeScope(TsParsedFile() / TsDeclModule(objection) / TsDeclClass(Model) / TsMemberProperty(QueryBuilder) / TsTypeObject())] 
[info ] ExtractInterfaces.scala:41 Extracted anonymous interface TsIdentSimple(TypeofClassModel) [id => objection, phase => typescript, scope => TreeScope(TsParsedFile() / TsDeclModule(objection) / TsDeclClass(Model) / TsMemberFunction(traverse) / TsFunSig() / TsFunParam() / TsTypeObject())] 
[info ] ExtractInterfaces.scala:41 Extracted anonymous interface TsIdentSimple(TypeofClassModel) [id => objection, phase => typescript, scope => TreeScope(TsParsedFile() / TsDeclModule(objection) / TsDeclClass(QueryBuilder) / TsMemberFunction(castTo) / TsFunSig() / TsTypeParam() / TsTypeObject())] 
[info ] ExtractInterfaces.scala:41 Extracted anonymous interface TsIdentSimple(Anon_DbRef) [id => objection, phase => typescript, scope => TreeScope(TsParsedFile() / TsDeclModule(objection) / TsDeclTypeAlias(GraphModel) / TsTypeUnion() / TsTypeIntersect() / TsTypeObject())] 
[info ] ExtractInterfaces.scala:41 Extracted anonymous interface TsIdentSimple(Anon_DbRefId) [id => objection, phase => typescript, scope => TreeScope(TsParsedFile() / TsDeclModule(objection) / TsDeclTypeAlias(GraphModel) / TsTypeUnion() / TsTypeIntersect() / TsTypeObject())] 
[info ] ExtractInterfaces.scala:41 Extracted anonymous interface TsIdentSimple(Anon_DbRefIdRef) [id => objection, phase => typescript, scope => TreeScope(TsParsedFile() / TsDeclModule(objection) / TsDeclTypeAlias(GraphModel) / TsTypeUnion() / TsTypeIntersect() / TsTypeObject())] 
[info ] ExtractInterfaces.scala:41 Extracted anonymous interface TsIdentSimple(TypeofClassQueryBuilder) [id => objection, phase => typescript, scope => TreeScope(TsParsedFile() / TsDeclModule(objection) / TsDeclInterface(ModelClass) / TsMemberProperty(QueryBuilder) / TsTypeObject())] 
[info ] ExtractInterfaces.scala:41 Extracted anonymous interface TsIdentSimple(TypeofClassModel) [id => objection, phase => typescript, scope => TreeScope(TsParsedFile() / TsDeclModule(objection) / TsDeclInterface(ModelClass) / TsMemberFunction(traverse) / TsFunSig() / TsFunParam() / TsTypeObject())] 
[info ] ExtractInterfaces.scala:41 Extracted anonymous interface TsIdentSimple(TypeofClassModel) [id => objection, phase => typescript, scope => TreeScope(TsParsedFile() / TsDeclModule(objection) / TsDeclInterface(QueryBuilderBase) / TsMemberFunction(modelClass) / TsFunSig() / TsTypeObject())] 
[info ] ExtractInterfaces.scala:41 Extracted anonymous interface TsIdentSimple(TypeofClassModel) [id => objection, phase => typescript, scope => TreeScope(TsParsedFile() / TsDeclModule(objection) / TsDeclInterface(QueryBuilderBase) / TsMemberFunction(traverse) / TsFunSig() / TsFunParam() / TsTypeObject())] 
[info ] ExtractInterfaces.scala:41 Extracted anonymous interface TsIdentSimple(TypeofClassModel) [id => objection, phase => typescript, scope => TreeScope(TsParsedFile() / TsDeclModule(objection) / TsDeclInterface(QueryBuilderBase) / TsMemberFunction(pick) / TsFunSig() / TsFunParam() / TsTypeObject())] 
[info ] ExtractInterfaces.scala:41 Extracted anonymous interface TsIdentSimple(TypeofClassModel) [id => objection, phase => typescript, scope => TreeScope(TsParsedFile() / TsDeclModule(objection) / TsDeclInterface(QueryBuilderBase) / TsMemberFunction(omit) / TsFunSig() / TsFunParam() / TsTypeObject())] 
[info ] ExpandCallables.scala:48 Expanded raw into 4 methods [id => objection, phase => typescript, scope => TreeScope(TsParsedFile() / TsDeclModule(objection) / TsDeclClass(Model))] 
[info ] ExpandCallables.scala:48 Expanded transaction into 4 methods [id => objection, phase => typescript, scope => TreeScope(TsParsedFile() / TsDeclModule(objection) / TsDeclInterface(QueryContext))] 
[info ] ExpandCallables.scala:48 Expanded raw into 4 methods [id => objection, phase => typescript, scope => TreeScope(TsParsedFile() / TsDeclModule(objection) / TsDeclInterface(ModelClass))] 
[info ] ExpandCallables.scala:48 Expanded findOne into 8 methods [id => objection, phase => typescript, scope => TreeScope(TsParsedFile() / TsDeclModule(objection) / TsDeclInterface(QueryBuilderBase))] 
[info ] ExpandCallables.scala:48 Expanded insert into 3 methods [id => objection, phase => typescript, scope => TreeScope(TsParsedFile() / TsDeclModule(objection) / TsDeclInterface(QueryBuilderBase))] 
[info ] ExpandCallables.scala:48 Expanded insertGraph into 3 methods [id => objection, phase => typescript, scope => TreeScope(TsParsedFile() / TsDeclModule(objection) / TsDeclInterface(QueryBuilderBase))] 
[info ] ExpandCallables.scala:48 Expanded insertGraphAndFetch into 2 methods [id => objection, phase => typescript, scope => TreeScope(TsParsedFile() / TsDeclModule(objection) / TsDeclInterface(QueryBuilderBase))] 
[info ] ExpandCallables.scala:48 Expanded insertWithRelated into 3 methods [id => objection, phase => typescript, scope => TreeScope(TsParsedFile() / TsDeclModule(objection) / TsDeclInterface(QueryBuilderBase))] 
[info ] ExpandCallables.scala:48 Expanded insertWithRelatedAndFetch into 2 methods [id => objection, phase => typescript, scope => TreeScope(TsParsedFile() / TsDeclModule(objection) / TsDeclInterface(QueryBuilderBase))] 
[info ] ExpandCallables.scala:48 Expanded upsertGraph into 2 methods [id => objection, phase => typescript, scope => TreeScope(TsParsedFile() / TsDeclModule(objection) / TsDeclInterface(QueryBuilderBase))] 
[info ] ExpandCallables.scala:48 Expanded upsertGraphAndFetch into 2 methods [id => objection, phase => typescript, scope => TreeScope(TsParsedFile() / TsDeclModule(objection) / TsDeclInterface(QueryBuilderBase))] 
[info ] ExpandCallables.scala:48 Expanded joinRelation into 1 methods [id => objection, phase => typescript, scope => TreeScope(TsParsedFile() / TsDeclModule(objection) / TsDeclInterface(QueryBuilderBase))] 
[info ] ExpandCallables.scala:48 Expanded innerJoinRelation into 1 methods [id => objection, phase => typescript, scope => TreeScope(TsParsedFile() / TsDeclModule(objection) / TsDeclInterface(QueryBuilderBase))] 
[info ] ExpandCallables.scala:48 Expanded outerJoinRelation into 1 methods [id => objection, phase => typescript, scope => TreeScope(TsParsedFile() / TsDeclModule(objection) / TsDeclInterface(QueryBuilderBase))] 
[info ] ExpandCallables.scala:48 Expanded leftJoinRelation into 1 methods [id => objection, phase => typescript, scope => TreeScope(TsParsedFile() / TsDeclModule(objection) / TsDeclInterface(QueryBuilderBase))] 
[info ] ExpandCallables.scala:48 Expanded leftOuterJoinRelation into 1 methods [id => objection, phase => typescript, scope => TreeScope(TsParsedFile() / TsDeclModule(objection) / TsDeclInterface(QueryBuilderBase))] 
[info ] ExpandCallables.scala:48 Expanded rightJoinRelation into 1 methods [id => objection, phase => typescript, scope => TreeScope(TsParsedFile() / TsDeclModule(objection) / TsDeclInterface(QueryBuilderBase))] 
[info ] ExpandCallables.scala:48 Expanded rightOuterJoinRelation into 1 methods [id => objection, phase => typescript, scope => TreeScope(TsParsedFile() / TsDeclModule(objection) / TsDeclInterface(QueryBuilderBase))] 
[info ] ExpandCallables.scala:48 Expanded fullOuterJoinRelation into 1 methods [id => objection, phase => typescript, scope => TreeScope(TsParsedFile() / TsDeclModule(objection) / TsDeclInterface(QueryBuilderBase))] 
[info ] ExpandCallables.scala:48 Expanded whereJsonSupersetOf into 1 methods [id => objection, phase => typescript, scope => TreeScope(TsParsedFile() / TsDeclModule(objection) / TsDeclInterface(QueryBuilderBase))] 
[info ] ExpandCallables.scala:48 Expanded orWhereJsonSupersetOf into 1 methods [id => objection, phase => typescript, scope => TreeScope(TsParsedFile() / TsDeclModule(objection) / TsDeclInterface(QueryBuilderBase))] 
[info ] ExpandCallables.scala:48 Expanded whereJsonNotSupersetOf into 1 methods [id => objection, phase => typescript, scope => TreeScope(TsParsedFile() / TsDeclModule(objection) / TsDeclInterface(QueryBuilderBase))] 
[info ] ExpandCallables.scala:48 Expanded orWhereJsonNotSupersetOf into 1 methods [id => objection, phase => typescript, scope => TreeScope(TsParsedFile() / TsDeclModule(objection) / TsDeclInterface(QueryBuilderBase))] 
[info ] ExpandCallables.scala:48 Expanded whereJsonSubsetOf into 1 methods [id => objection, phase => typescript, scope => TreeScope(TsParsedFile() / TsDeclModule(objection) / TsDeclInterface(QueryBuilderBase))] 
[info ] ExpandCallables.scala:48 Expanded orWhereJsonSubsetOf into 1 methods [id => objection, phase => typescript, scope => TreeScope(TsParsedFile() / TsDeclModule(objection) / TsDeclInterface(QueryBuilderBase))] 
[info ] ExpandCallables.scala:48 Expanded whereJsonNotSubsetOf into 1 methods [id => objection, phase => typescript, scope => TreeScope(TsParsedFile() / TsDeclModule(objection) / TsDeclInterface(QueryBuilderBase))] 
[info ] ExpandCallables.scala:48 Expanded orWhereJsonNotSubsetOf into 1 methods [id => objection, phase => typescript, scope => TreeScope(TsParsedFile() / TsDeclModule(objection) / TsDeclInterface(QueryBuilderBase))] 
[info ] ExpandCallables.scala:48 Expanded whereJsonIsArray into 1 methods [id => objection, phase => typescript, scope => TreeScope(TsParsedFile() / TsDeclModule(objection) / TsDeclInterface(QueryBuilderBase))] 
[info ] ExpandCallables.scala:48 Expanded orWhereJsonIsArray into 1 methods [id => objection, phase => typescript, scope => TreeScope(TsParsedFile() / TsDeclModule(objection) / TsDeclInterface(QueryBuilderBase))] 
[info ] ExpandCallables.scala:48 Expanded whereJsonNotArray into 1 methods [id => objection, phase => typescript, scope => TreeScope(TsParsedFile() / TsDeclModule(objection) / TsDeclInterface(QueryBuilderBase))] 
[info ] ExpandCallables.scala:48 Expanded orWhereJsonNotArray into 1 methods [id => objection, phase => typescript, scope => TreeScope(TsParsedFile() / TsDeclModule(objection) / TsDeclInterface(QueryBuilderBase))] 
[info ] ExpandCallables.scala:48 Expanded whereJsonIsObject into 1 methods [id => objection, phase => typescript, scope => TreeScope(TsParsedFile() / TsDeclModule(objection) / TsDeclInterface(QueryBuilderBase))] 
[info ] ExpandCallables.scala:48 Expanded orWhereJsonIsObject into 1 methods [id => objection, phase => typescript, scope => TreeScope(TsParsedFile() / TsDeclModule(objection) / TsDeclInterface(QueryBuilderBase))] 
[info ] ExpandCallables.scala:48 Expanded whereJsonNotObject into 1 methods [id => objection, phase => typescript, scope => TreeScope(TsParsedFile() / TsDeclModule(objection) / TsDeclInterface(QueryBuilderBase))] 
[info ] ExpandCallables.scala:48 Expanded orWhereJsonNotObject into 1 methods [id => objection, phase => typescript, scope => TreeScope(TsParsedFile() / TsDeclModule(objection) / TsDeclInterface(QueryBuilderBase))] 
[info ] ExpandCallables.scala:48 Expanded whereJsonHasAny into 1 methods [id => objection, phase => typescript, scope => TreeScope(TsParsedFile() / TsDeclModule(objection) / TsDeclInterface(QueryBuilderBase))] 
[info ] ExpandCallables.scala:48 Expanded orWhereJsonHasAny into 1 methods [id => objection, phase => typescript, scope => TreeScope(TsParsedFile() / TsDeclModule(objection) / TsDeclInterface(QueryBuilderBase))] 
[info ] ExpandCallables.scala:48 Expanded whereJsonHasAll into 1 methods [id => objection, phase => typescript, scope => TreeScope(TsParsedFile() / TsDeclModule(objection) / TsDeclInterface(QueryBuilderBase))] 
[info ] ExpandCallables.scala:48 Expanded orWhereJsonHasAll into 1 methods [id => objection, phase => typescript, scope => TreeScope(TsParsedFile() / TsDeclModule(objection) / TsDeclInterface(QueryBuilderBase))] 
[info ] ExpandCallables.scala:48 Expanded allowEager into 1 methods [id => objection, phase => typescript, scope => TreeScope(TsParsedFile() / TsDeclModule(objection) / TsDeclInterface(QueryBuilderBase))] 
[info ] ExpandCallables.scala:48 Expanded modifyEager into 2 methods [id => objection, phase => typescript, scope => TreeScope(TsParsedFile() / TsDeclModule(objection) / TsDeclInterface(QueryBuilderBase))] 
[info ] ExpandCallables.scala:48 Expanded filterEager into 2 methods [id => objection, phase => typescript, scope => TreeScope(TsParsedFile() / TsDeclModule(objection) / TsDeclInterface(QueryBuilderBase))] 
[info ] ExpandCallables.scala:48 Expanded allowInsert into 1 methods [id => objection, phase => typescript, scope => TreeScope(TsParsedFile() / TsDeclModule(objection) / TsDeclInterface(QueryBuilderBase))] 
[info ] ExpandCallables.scala:48 Expanded allowUpsert into 1 methods [id => objection, phase => typescript, scope => TreeScope(TsParsedFile() / TsDeclModule(objection) / TsDeclInterface(QueryBuilderBase))] 
[info ] ExpandCallables.scala:48 Expanded select into 2 methods [id => objection, phase => typescript, scope => TreeScope(TsParsedFile() / TsDeclModule(objection) / TsDeclInterface(QueryInterface))] 
[info ] ExpandCallables.scala:48 Expanded as into 1 methods [id => objection, phase => typescript, scope => TreeScope(TsParsedFile() / TsDeclModule(objection) / TsDeclInterface(QueryInterface))] 
[info ] ExpandCallables.scala:48 Expanded columns into 2 methods [id => objection, phase => typescript, scope => TreeScope(TsParsedFile() / TsDeclModule(objection) / TsDeclInterface(QueryInterface))] 
[info ] ExpandCallables.scala:48 Expanded column into 2 methods [id => objection, phase => typescript, scope => TreeScope(TsParsedFile() / TsDeclModule(objection) / TsDeclInterface(QueryInterface))] 
[info ] ExpandCallables.scala:48 Expanded from into 2 methods [id => objection, phase => typescript, scope => TreeScope(TsParsedFile() / TsDeclModule(objection) / TsDeclInterface(QueryInterface))] 
[info ] ExpandCallables.scala:48 Expanded into into 2 methods [id => objection, phase => typescript, scope => TreeScope(TsParsedFile() / TsDeclModule(objection) / TsDeclInterface(QueryInterface))] 
[info ] ExpandCallables.scala:48 Expanded table into 2 methods [id => objection, phase => typescript, scope => TreeScope(TsParsedFile() / TsDeclModule(objection) / TsDeclInterface(QueryInterface))] 
[info ] ExpandCallables.scala:48 Expanded distinct into 2 methods [id => objection, phase => typescript, scope => TreeScope(TsParsedFile() / TsDeclModule(objection) / TsDeclInterface(QueryInterface))] 
[info ] ExpandCallables.scala:48 Expanded join into 7 methods [id => objection, phase => typescript, scope => TreeScope(TsParsedFile() / TsDeclModule(objection) / TsDeclInterface(QueryInterface))] 
[info ] ExpandCallables.scala:48 Expanded joinRaw into 1 methods [id => objection, phase => typescript, scope => TreeScope(TsParsedFile() / TsDeclModule(objection) / TsDeclInterface(QueryInterface))] 
[info ] ExpandCallables.scala:48 Expanded innerJoin into 7 methods [id => objection, phase => typescript, scope => TreeScope(TsParsedFile() / TsDeclModule(objection) / TsDeclInterface(QueryInterface))] 
[info ] ExpandCallables.scala:48 Expanded leftJoin into 7 methods [id => objection, phase => typescript, scope => TreeScope(TsParsedFile() / TsDeclModule(objection) / TsDeclInterface(QueryInterface))] 
[info ] ExpandCallables.scala:48 Expanded leftOuterJoin into 7 methods [id => objection, phase => typescript, scope => TreeScope(TsParsedFile() / TsDeclModule(objection) / TsDeclInterface(QueryInterface))] 
[info ] ExpandCallables.scala:48 Expanded rightJoin into 7 methods [id => objection, phase => typescript, scope => TreeScope(TsParsedFile() / TsDeclModule(objection) / TsDeclInterface(QueryInterface))] 
[info ] ExpandCallables.scala:48 Expanded rightOuterJoin into 7 methods [id => objection, phase => typescript, scope => TreeScope(TsParsedFile() / TsDeclModule(objection) / TsDeclInterface(QueryInterface))] 
[info ] ExpandCallables.scala:48 Expanded outerJoin into 7 methods [id => objection, phase => typescript, scope => TreeScope(TsParsedFile() / TsDeclModule(objection) / TsDeclInterface(QueryInterface))] 
[info ] ExpandCallables.scala:48 Expanded fullOuterJoin into 7 methods [id => objection, phase => typescript, scope => TreeScope(TsParsedFile() / TsDeclModule(objection) / TsDeclInterface(QueryInterface))] 
[info ] ExpandCallables.scala:48 Expanded crossJoin into 7 methods [id => objection, phase => typescript, scope => TreeScope(TsParsedFile() / TsDeclModule(objection) / TsDeclInterface(QueryInterface))] 
[info ] ExpandCallables.scala:48 Expanded with into 2 methods [id => objection, phase => typescript, scope => TreeScope(TsParsedFile() / TsDeclModule(objection) / TsDeclInterface(QueryInterface))] 
[info ] ExpandCallables.scala:48 Expanded withRaw into 2 methods [id => objection, phase => typescript, scope => TreeScope(TsParsedFile() / TsDeclModule(objection) / TsDeclInterface(QueryInterface))] 
[info ] ExpandCallables.scala:48 Expanded withWrapped into 1 methods [id => objection, phase => typescript, scope => TreeScope(TsParsedFile() / TsDeclModule(objection) / TsDeclInterface(QueryInterface))] 
[info ] ExpandCallables.scala:48 Expanded where into 9 methods [id => objection, phase => typescript, scope => TreeScope(TsParsedFile() / TsDeclModule(objection) / TsDeclInterface(QueryInterface))] 
[info ] ExpandCallables.scala:48 Expanded andWhere into 9 methods [id => objection, phase => typescript, scope => TreeScope(TsParsedFile() / TsDeclModule(objection) / TsDeclInterface(QueryInterface))] 
[info ] ExpandCallables.scala:48 Expanded orWhere into 9 methods [id => objection, phase => typescript, scope => TreeScope(TsParsedFile() / TsDeclModule(objection) / TsDeclInterface(QueryInterface))] 
[info ] ExpandCallables.scala:48 Expanded whereNot into 9 methods [id => objection, phase => typescript, scope => TreeScope(TsParsedFile() / TsDeclModule(objection) / TsDeclInterface(QueryInterface))] 
[info ] ExpandCallables.scala:48 Expanded andWhereNot into 9 methods [id => objection, phase => typescript, scope => TreeScope(TsParsedFile() / TsDeclModule(objection) / TsDeclInterface(QueryInterface))] 
[info ] ExpandCallables.scala:48 Expanded orWhereNot into 9 methods [id => objection, phase => typescript, scope => TreeScope(TsParsedFile() / TsDeclModule(objection) / TsDeclInterface(QueryInterface))] 
[info ] ExpandCallables.scala:48 Expanded whereRaw into 4 methods [id => objection, phase => typescript, scope => TreeScope(TsParsedFile() / TsDeclModule(objection) / TsDeclInterface(QueryInterface))] 
[info ] ExpandCallables.scala:48 Expanded orWhereRaw into 4 methods [id => objection, phase => typescript, scope => TreeScope(TsParsedFile() / TsDeclModule(objection) / TsDeclInterface(QueryInterface))] 
[info ] ExpandCallables.scala:48 Expanded andWhereRaw into 4 methods [id => objection, phase => typescript, scope => TreeScope(TsParsedFile() / TsDeclModule(objection) / TsDeclInterface(QueryInterface))] 
[info ] ExpandCallables.scala:48 Expanded whereWrapped into 1 methods [id => objection, phase => typescript, scope => TreeScope(TsParsedFile() / TsDeclModule(objection) / TsDeclInterface(QueryInterface))] 
[info ] ExpandCallables.scala:48 Expanded havingWrapped into 1 methods [id => objection, phase => typescript, scope => TreeScope(TsParsedFile() / TsDeclModule(objection) / TsDeclInterface(QueryInterface))] 
[info ] ExpandCallables.scala:48 Expanded whereExists into 3 methods [id => objection, phase => typescript, scope => TreeScope(TsParsedFile() / TsDeclModule(objection) / TsDeclInterface(QueryInterface))] 
[info ] ExpandCallables.scala:48 Expanded orWhereExists into 3 methods [id => objection, phase => typescript, scope => TreeScope(TsParsedFile() / TsDeclModule(objection) / TsDeclInterface(QueryInterface))] 
[info ] ExpandCallables.scala:48 Expanded whereNotExists into 3 methods [id => objection, phase => typescript, scope => TreeScope(TsParsedFile() / TsDeclModule(objection) / TsDeclInterface(QueryInterface))] 
[info ] ExpandCallables.scala:48 Expanded orWhereNotExists into 3 methods [id => objection, phase => typescript, scope => TreeScope(TsParsedFile() / TsDeclModule(objection) / TsDeclInterface(QueryInterface))] 
[info ] ExpandCallables.scala:48 Expanded whereIn into 3 methods [id => objection, phase => typescript, scope => TreeScope(TsParsedFile() / TsDeclModule(objection) / TsDeclInterface(QueryInterface))] 
[info ] ExpandCallables.scala:48 Expanded orWhereIn into 3 methods [id => objection, phase => typescript, scope => TreeScope(TsParsedFile() / TsDeclModule(objection) / TsDeclInterface(QueryInterface))] 
[info ] ExpandCallables.scala:48 Expanded whereNotIn into 3 methods [id => objection, phase => typescript, scope => TreeScope(TsParsedFile() / TsDeclModule(objection) / TsDeclInterface(QueryInterface))] 
[info ] ExpandCallables.scala:48 Expanded orWhereNotIn into 3 methods [id => objection, phase => typescript, scope => TreeScope(TsParsedFile() / TsDeclModule(objection) / TsDeclInterface(QueryInterface))] 
[info ] ExpandCallables.scala:48 Expanded whereNull into 1 methods [id => objection, phase => typescript, scope => TreeScope(TsParsedFile() / TsDeclModule(objection) / TsDeclInterface(QueryInterface))] 
[info ] ExpandCallables.scala:48 Expanded orWhereNull into 1 methods [id => objection, phase => typescript, scope => TreeScope(TsParsedFile() / TsDeclModule(objection) / TsDeclInterface(QueryInterface))] 
[info ] ExpandCallables.scala:48 Expanded whereNotNull into 1 methods [id => objection, phase => typescript, scope => TreeScope(TsParsedFile() / TsDeclModule(objection) / TsDeclInterface(QueryInterface))] 
[info ] ExpandCallables.scala:48 Expanded orWhereNotNull into 1 methods [id => objection, phase => typescript, scope => TreeScope(TsParsedFile() / TsDeclModule(objection) / TsDeclInterface(QueryInterface))] 
[info ] ExpandCallables.scala:48 Expanded whereBetween into 1 methods [id => objection, phase => typescript, scope => TreeScope(TsParsedFile() / TsDeclModule(objection) / TsDeclInterface(QueryInterface))] 
[info ] ExpandCallables.scala:48 Expanded orWhereBetween into 1 methods [id => objection, phase => typescript, scope => TreeScope(TsParsedFile() / TsDeclModule(objection) / TsDeclInterface(QueryInterface))] 
[info ] ExpandCallables.scala:48 Expanded andWhereBetween into 1 methods [id => objection, phase => typescript, scope => TreeScope(TsParsedFile() / TsDeclModule(objection) / TsDeclInterface(QueryInterface))] 
[info ] ExpandCallables.scala:48 Expanded whereNotBetween into 1 methods [id => objection, phase => typescript, scope => TreeScope(TsParsedFile() / TsDeclModule(objection) / TsDeclInterface(QueryInterface))] 
[info ] ExpandCallables.scala:48 Expanded orWhereNotBetween into 1 methods [id => objection, phase => typescript, scope => TreeScope(TsParsedFile() / TsDeclModule(objection) / TsDeclInterface(QueryInterface))] 
[info ] ExpandCallables.scala:48 Expanded andWhereNotBetween into 1 methods [id => objection, phase => typescript, scope => TreeScope(TsParsedFile() / TsDeclModule(objection) / TsDeclInterface(QueryInterface))] 
[info ] ExpandCallables.scala:48 Expanded whereColumn into 9 methods [id => objection, phase => typescript, scope => TreeScope(TsParsedFile() / TsDeclModule(objection) / TsDeclInterface(QueryInterface))] 
[info ] ExpandCallables.scala:48 Expanded andWhereColumn into 9 methods [id => objection, phase => typescript, scope => TreeScope(TsParsedFile() / TsDeclModule(objection) / TsDeclInterface(QueryInterface))] 
[info ] ExpandCallables.scala:48 Expanded orWhereColumn into 9 methods [id => objection, phase => typescript, scope => TreeScope(TsParsedFile() / TsDeclModule(objection) / TsDeclInterface(QueryInterface))] 
[info ] ExpandCallables.scala:48 Expanded whereNotColumn into 9 methods [id => objection, phase => typescript, scope => TreeScope(TsParsedFile() / TsDeclModule(objection) / TsDeclInterface(QueryInterface))] 
[info ] ExpandCallables.scala:48 Expanded andWhereNotColumn into 9 methods [id => objection, phase => typescript, scope => TreeScope(TsParsedFile() / TsDeclModule(objection) / TsDeclInterface(QueryInterface))] 
[info ] ExpandCallables.scala:48 Expanded orWhereNotColumn into 9 methods [id => objection, phase => typescript, scope => TreeScope(TsParsedFile() / TsDeclModule(objection) / TsDeclInterface(QueryInterface))] 
[info ] ExpandCallables.scala:48 Expanded groupBy into 5 methods [id => objection, phase => typescript, scope => TreeScope(TsParsedFile() / TsDeclModule(objection) / TsDeclInterface(QueryInterface))] 
[info ] ExpandCallables.scala:48 Expanded groupByRaw into 3 methods [id => objection, phase => typescript, scope => TreeScope(TsParsedFile() / TsDeclModule(objection) / TsDeclInterface(QueryInterface))] 
[info ] ExpandCallables.scala:48 Expanded orderBy into 1 methods [id => objection, phase => typescript, scope => TreeScope(TsParsedFile() / TsDeclModule(objection) / TsDeclInterface(QueryInterface))] 
[info ] ExpandCallables.scala:48 Expanded orderByRaw into 3 methods [id => objection, phase => typescript, scope => TreeScope(TsParsedFile() / TsDeclModule(objection) / TsDeclInterface(QueryInterface))] 
[info ] ExpandCallables.scala:48 Expanded union into 3 methods [id => objection, phase => typescript, scope => TreeScope(TsParsedFile() / TsDeclModule(objection) / TsDeclInterface(QueryInterface))] 
[info ] ExpandCallables.scala:48 Expanded unionAll into 3 methods [id => objection, phase => typescript, scope => TreeScope(TsParsedFile() / TsDeclModule(objection) / TsDeclInterface(QueryInterface))] 
[info ] ExpandCallables.scala:48 Expanded intersect into 3 methods [id => objection, phase => typescript, scope => TreeScope(TsParsedFile() / TsDeclModule(objection) / TsDeclInterface(QueryInterface))] 
[info ] ExpandCallables.scala:48 Expanded having into 9 methods [id => objection, phase => typescript, scope => TreeScope(TsParsedFile() / TsDeclModule(objection) / TsDeclInterface(QueryInterface))] 
[info ] ExpandCallables.scala:48 Expanded andHaving into 9 methods [id => objection, phase => typescript, scope => TreeScope(TsParsedFile() / TsDeclModule(objection) / TsDeclInterface(QueryInterface))] 
[info ] ExpandCallables.scala:48 Expanded orHaving into 9 methods [id => objection, phase => typescript, scope => TreeScope(TsParsedFile() / TsDeclModule(objection) / TsDeclInterface(QueryInterface))] 
[info ] ExpandCallables.scala:48 Expanded havingRaw into 4 methods [id => objection, phase => typescript, scope => TreeScope(TsParsedFile() / TsDeclModule(objection) / TsDeclInterface(QueryInterface))] 
[info ] ExpandCallables.scala:48 Expanded orHavingRaw into 4 methods [id => objection, phase => typescript, scope => TreeScope(TsParsedFile() / TsDeclModule(objection) / TsDeclInterface(QueryInterface))] 
[info ] ExpandCallables.scala:48 Expanded havingIn into 3 methods [id => objection, phase => typescript, scope => TreeScope(TsParsedFile() / TsDeclModule(objection) / TsDeclInterface(QueryInterface))] 
[info ] ExpandCallables.scala:48 Expanded orHavingIn into 3 methods [id => objection, phase => typescript, scope => TreeScope(TsParsedFile() / TsDeclModule(objection) / TsDeclInterface(QueryInterface))] 
[info ] ExpandCallables.scala:48 Expanded havingNotIn into 3 methods [id => objection, phase => typescript, scope => TreeScope(TsParsedFile() / TsDeclModule(objection) / TsDeclInterface(QueryInterface))] 
[info ] ExpandCallables.scala:48 Expanded orHavingNotIn into 3 methods [id => objection, phase => typescript, scope => TreeScope(TsParsedFile() / TsDeclModule(objection) / TsDeclInterface(QueryInterface))] 
[info ] ExpandCallables.scala:48 Expanded havingNull into 1 methods [id => objection, phase => typescript, scope => TreeScope(TsParsedFile() / TsDeclModule(objection) / TsDeclInterface(QueryInterface))] 
[info ] ExpandCallables.scala:48 Expanded orHavingNull into 1 methods [id => objection, phase => typescript, scope => TreeScope(TsParsedFile() / TsDeclModule(objection) / TsDeclInterface(QueryInterface))] 
[info ] ExpandCallables.scala:48 Expanded havingNotNull into 1 methods [id => objection, phase => typescript, scope => TreeScope(TsParsedFile() / TsDeclModule(objection) / TsDeclInterface(QueryInterface))] 
[info ] ExpandCallables.scala:48 Expanded orHavingNotNull into 1 methods [id => objection, phase => typescript, scope => TreeScope(TsParsedFile() / TsDeclModule(objection) / TsDeclInterface(QueryInterface))] 
[info ] ExpandCallables.scala:48 Expanded havingExists into 3 methods [id => objection, phase => typescript, scope => TreeScope(TsParsedFile() / TsDeclModule(objection) / TsDeclInterface(QueryInterface))] 
[info ] ExpandCallables.scala:48 Expanded orHavingExists into 3 methods [id => objection, phase => typescript, scope => TreeScope(TsParsedFile() / TsDeclModule(objection) / TsDeclInterface(QueryInterface))] 
[info ] ExpandCallables.scala:48 Expanded havingNotExists into 3 methods [id => objection, phase => typescript, scope => TreeScope(TsParsedFile() / TsDeclModule(objection) / TsDeclInterface(QueryInterface))] 
[info ] ExpandCallables.scala:48 Expanded orHavingNotExists into 3 methods [id => objection, phase => typescript, scope => TreeScope(TsParsedFile() / TsDeclModule(objection) / TsDeclInterface(QueryInterface))] 
[info ] ExpandCallables.scala:48 Expanded havingBetween into 1 methods [id => objection, phase => typescript, scope => TreeScope(TsParsedFile() / TsDeclModule(objection) / TsDeclInterface(QueryInterface))] 
[info ] ExpandCallables.scala:48 Expanded orHavingBetween into 1 methods [id => objection, phase => typescript, scope => TreeScope(TsParsedFile() / TsDeclModule(objection) / TsDeclInterface(QueryInterface))] 
[info ] ExpandCallables.scala:48 Expanded havingNotBetween into 1 methods [id => objection, phase => typescript, scope => TreeScope(TsParsedFile() / TsDeclModule(objection) / TsDeclInterface(QueryInterface))] 
[info ] ExpandCallables.scala:48 Expanded orHavingNotBetween into 1 methods [id => objection, phase => typescript, scope => TreeScope(TsParsedFile() / TsDeclModule(objection) / TsDeclInterface(QueryInterface))] 
[info ] ExpandCallables.scala:48 Expanded raw into 4 methods [id => objection, phase => typescript, scope => TreeScope(TsParsedFile() / TsDeclInterface(TypeofClassModel))] 
[debug] PhaseRunner.scala:84 Success [id => objection, phase => typescript] 
[warn ] Phase2ToScalaJs.scala:42 Processing objection [id => objection, phase => scala.js] 
[info ] ImportType.scala:237 Failed type conversion: this[K] [id => objection, phase => scala.js, scope => TreeScope(TsParsedFile() / TsDeclModule(objection) / TsDeclClass(Model) / TsMemberFunction($relatedQuery) / TsTypeParam() / TsTypeIntersect() / TsTypeLookup())] 
[info ] ImportType.scala:237 Failed type conversion: this[K] [id => objection, phase => scala.js, scope => TreeScope(TsParsedFile() / TsDeclModule(objection) / TsDeclClass(Model) / TsMemberFunction($relatedQuery) / TsTypeParam() / TsTypeIntersect() / TsTypeLookup())] 
[info ] ImportType.scala:237 Failed type conversion: this[K] [id => objection, phase => scala.js, scope => TreeScope(TsParsedFile() / TsDeclModule(objection) / TsDeclClass(Model) / TsMemberFunction($relatedQuery) / TsTypeParam() / TsTypeIntersect() / TsTypeLookup())] 
[info ] ImportType.scala:237 Failed type conversion: this[K] [id => objection, phase => scala.js, scope => TreeScope(TsParsedFile() / TsDeclModule(objection) / TsDeclClass(Model) / TsMemberFunction($relatedQuery) / TsTypeParam() / TsTypeIntersect() / TsTypeLookup())] 
[info ] ImportType.scala:237 Failed type conversion: {[ K in keyof T ]: T[K] extends std.Function? never : K}[keyof T] [id => objection, phase => scala.js, scope => TreeScope(TsParsedFile() / TsDeclModule(objection) / TsDeclTypeAlias(NonFunctionPropertyNames) / TsTypeLookup())] 
[info ] ImportType.scala:237 Failed type conversion: T[number] [id => objection, phase => scala.js, scope => TreeScope(TsParsedFile() / TsDeclModule(objection) / TsDeclTypeAlias(DeepPartialGraph) / TsTypeUnion() / TsTypeRef() / TsTypeLookup())] 
[info ] ImportTree.scala:398 Dropping TsMemberProperty(NoComments,Default,TsIdentSimple(QueryBuilder),Some(TsTypeQuery(TsQIdent(List(TsIdentSimple(QueryBuilder))))),None,false,false,false) [id => objection, phase => scala.js, scope => TreeScope(TsParsedFile() / TsDeclInterface(TypeofClassModel) / TsMemberProperty(QueryBuilder))] 
[info ] ImportType.scala:237 Failed type conversion: typeof Model [id => objection, phase => scala.js, scope => TreeScope(TsParsedFile() / TsDeclInterface(TypeofClassModel) / TsMemberFunction(traverse) / TsFunParam() / TsTypeQuery())] 
[info ] ImportType.scala:237 Failed type conversion: typeof Model [id => objection, phase => scala.js, scope => TreeScope(TsParsedFile() / TsDeclInterface(TypeofClassModel) / TsMemberFunction(traverse) / TsFunParam() / TsTypeQuery())] 
[info ] CombineOverloads.scala:82 Dropping 1 incompatible `apply` overloads (have no way to express this) at Name(objectionLib) / Name(objectionMod) / Name(InsertGraph) [id => objection, phase => scala.js, this => Name(objectionLib) / Name(objectionMod) / Name(InsertGraph)] 
[info ] CombineOverloads.scala:82 Dropping 1 incompatible `apply` overloads (have no way to express this) at Name(objectionLib) / Name(objectionMod) / Name(Insert) [id => objection, phase => scala.js, this => Name(objectionLib) / Name(objectionMod) / Name(Insert)] 
[info ] InferMemberOverrides.scala:86 added override methods List(Name(<apply>)) [id => objection, phase => scala.js, this => Name(objectionLib) / Name(objectionMod) / Name(With)] 
[info ] CompleteClass.scala:64 Completed implementations Vector(message, name) [id => objection, phase => scala.js, this => Name(objectionLib) / Name(objectionMod) / Name(NotFoundError)] 
[info ] CompleteClass.scala:64 Completed implementations Vector(message, name) [id => objection, phase => scala.js, this => Name(objectionLib) / Name(objectionMod) / Name(ValidationError)] 
[debug] PhaseRunner.scala:84 Success [id => objection, phase => scala.js] 
[warn ] Phase3CompileBloop.scala:245 Built objection in 1837 ms [id => objection, phase => build] 
[info ] Phase3CompileBloop.scala:253 published local, [/home/tso/.ivy2/local/org.scalablytyped/objection_sjs0.6_2.12/1.6.9-cc72ce/jars/objection_sjs0.6_2.12.jar, /home/tso/.ivy2/local/org.scalablytyped/objection_sjs0.6_2.12/1.6.9-cc72ce/srcs/objection_sjs0.6_2.12-sources.jar, /home/tso/.ivy2/local/org.scalablytyped/objection_sjs0.6_2.12/1.6.9-cc72ce/ivys/ivy.xml, /home/tso/.ivy2/local/org.scalablytyped/objection_sjs0.6_2.12/1.6.9-cc72ce/poms/objection_sjs0.6_2.12.pom] [id => objection, phase => build] 
[debug] PhaseRunner.scala:84 Success [id => objection, phase => build] 
[error] PhaseRes.scala:76 Caught exception: dispatch.StatusCode: Unexpected response status: 405 [id => objection, phase => publish] java.util.concurrent.ExecutionException: dispatch.StatusCode: Unexpected response status: 405
	at com.ning.http.client.providers.netty.future.NettyResponseFuture.done(NettyResponseFuture.java:218)
	at com.ning.http.client.providers.netty.handler.HttpProtocol.markAsDone(HttpProtocol.java:204)
	at com.ning.http.client.providers.netty.handler.HttpProtocol.finishUpdate(HttpProtocol.java:189)
	at com.ning.http.client.providers.netty.handler.HttpProtocol.exitAfterHandlingBody(HttpProtocol.java:402)
	at com.ning.http.client.providers.netty.handler.HttpProtocol.handleHttpResponse(HttpProtocol.java:429)
	at com.ning.http.client.providers.netty.handler.HttpProtocol.handle(HttpProtocol.java:476)
	at com.ning.http.client.providers.netty.handler.Processor.messageReceived(Processor.java:89)
	at org.jboss.netty.channel.SimpleChannelUpstreamHandler.handleUpstream(SimpleChannelUpstreamHandler.java:70)
	at org.jboss.netty.channel.DefaultChannelPipeline.sendUpstream(DefaultChannelPipeline.java:564)
	at org.jboss.netty.channel.DefaultChannelPipeline$DefaultChannelHandlerContext.sendUpstream(DefaultChannelPipeline.java:791)
	at org.jboss.netty.handler.stream.ChunkedWriteHandler.handleUpstream(ChunkedWriteHandler.java:142)
	at org.jboss.netty.channel.DefaultChannelPipeline.sendUpstream(DefaultChannelPipeline.java:564)
	at org.jboss.netty.channel.DefaultChannelPipeline$DefaultChannelHandlerContext.sendUpstream(DefaultChannelPipeline.java:791)
	at org.jboss.netty.handler.codec.http.HttpContentDecoder.messageReceived(HttpContentDecoder.java:108)
	at org.jboss.netty.channel.SimpleChannelUpstreamHandler.handleUpstream(SimpleChannelUpstreamHandler.java:70)
	at org.jboss.netty.channel.DefaultChannelPipeline.sendUpstream(DefaultChannelPipeline.java:564)
	at org.jboss.netty.channel.DefaultChannelPipeline$DefaultChannelHandlerContext.sendUpstream(DefaultChannelPipeline.java:791)
	at org.jboss.netty.channel.Channels.fireMessageReceived(Channels.java:296)
	at org.jboss.netty.handler.codec.frame.FrameDecoder.unfoldAndFireMessageReceived(FrameDecoder.java:459)
	at org.jboss.netty.handler.codec.replay.ReplayingDecoder.callDecode(ReplayingDecoder.java:536)
	at org.jboss.netty.handler.codec.replay.ReplayingDecoder.messageReceived(ReplayingDecoder.java:435)
	at org.jboss.netty.channel.SimpleChannelUpstreamHandler.handleUpstream(SimpleChannelUpstreamHandler.java:70)
	at org.jboss.netty.handler.codec.http.HttpClientCodec.handleUpstream(HttpClientCodec.java:92)
	at org.jboss.netty.channel.DefaultChannelPipeline.sendUpstream(DefaultChannelPipeline.java:564)
	at org.jboss.netty.channel.DefaultChannelPipeline$DefaultChannelHandlerContext.sendUpstream(DefaultChannelPipeline.java:791)
	at org.jboss.netty.channel.Channels.fireMessageReceived(Channels.java:296)
	at org.jboss.netty.handler.codec.frame.FrameDecoder.unfoldAndFireMessageReceived(FrameDecoder.java:462)
	at org.jboss.netty.handler.codec.frame.FrameDecoder.callDecode(FrameDecoder.java:443)
	at org.jboss.netty.handler.codec.frame.FrameDecoder.messageReceived(FrameDecoder.java:303)
	at org.jboss.netty.channel.SimpleChannelUpstreamHandler.handleUpstream(SimpleChannelUpstreamHandler.java:70)
	at org.jboss.netty.channel.DefaultChannelPipeline.sendUpstream(DefaultChannelPipeline.java:564)
	at org.jboss.netty.channel.DefaultChannelPipeline.sendUpstream(DefaultChannelPipeline.java:559)
	at org.jboss.netty.channel.Channels.fireMessageReceived(Channels.java:268)
	at org.jboss.netty.channel.Channels.fireMessageReceived(Channels.java:255)
	at org.jboss.netty.channel.socket.nio.NioWorker.read(NioWorker.java:88)
	at org.jboss.netty.channel.socket.nio.AbstractNioWorker.process(AbstractNioWorker.java:108)
	at org.jboss.netty.channel.socket.nio.AbstractNioSelector.run(AbstractNioSelector.java:337)
	at org.jboss.netty.channel.socket.nio.AbstractNioWorker.run(AbstractNioWorker.java:89)
	at org.jboss.netty.channel.socket.nio.NioWorker.run(NioWorker.java:178)
	at org.jboss.netty.util.ThreadRenamingRunnable.run(ThreadRenamingRunnable.java:108)
	at org.jboss.netty.util.internal.DeadLockProofWorker$1.run(DeadLockProofWorker.java:42)
	at java.util.concurrent.ThreadPoolExecutor.runWorker(ThreadPoolExecutor.java:1149)
	at java.util.concurrent.ThreadPoolExecutor$Worker.run(ThreadPoolExecutor.java:624)
	at java.lang.Thread.run(Thread.java:748)
Caused by: dispatch.StatusCode: Unexpected response status: 405
	at com.olvind.tso.importer.build.BinTrayPublisher$Handle$.$anonfun$createOrConflictUncached$1(BinTrayPublisher.scala:35)
	at com.olvind.tso.importer.build.BinTrayPublisher$Handle$.$anonfun$createOrConflictUncached$1$adapted(BinTrayPublisher.scala:31)
	at dispatch.FunctionHandler.onCompleted(handlers.scala:26)
	at com.ning.http.client.AsyncCompletionHandler.onCompleted(AsyncCompletionHandler.java:55)
	at com.olvind.tso.importer.build.Caching$WrappedHandler.onCompleted(BinTrayPublisher.scala:141)
	at com.olvind.tso.importer.build.Caching$WrappedHandler.onCompleted(BinTrayPublisher.scala:141)
	at com.olvind.tso.importer.build.Caching$Client$StoringHandler$1$.onCompleted(BinTrayPublisher.scala:116)
	at com.ning.http.client.providers.netty.future.NettyResponseFuture.getContent(NettyResponseFuture.java:177)
	at com.ning.http.client.providers.netty.future.NettyResponseFuture.done(NettyResponseFuture.java:212)
	... 43 more

[error] PhaseRunner.scala:88 Failure, [objection => java.util.concurrent.ExecutionException: dispatch.StatusCode: Unexpected response status: 405] [id => objection, phase => publish] 
