[debug] PhaseRunner.scala:78 Success [id => office-js, phase => typescript] 
[info ] Phase1ReadTypescript.scala:152 Preprocessing TsHelperFile(InFile(/home/tso/tmp/tso-cache/DefinitelyTyped/types/office-js/index.d.ts),FromFolder(InFolder(/home/tso/tmp/tso-cache/DefinitelyTyped/types/office-js),TsIdentLibrarySimple(office-js)),TsIdentModule(None,List(office-js))) [id => office-js, phase => typescript] 
[warn ] Phase1ReadTypescript.scala:190 Processing TsIdentLibrarySimple(office-js) [id => office-js, phase => typescript] 
[info ] PreferTypeAlias.scala:112 Simplified to type alias [id => office-js, phase => typescript, scope => TreeScope(TsParsedFile() / TsDeclNamespace(Office) / TsDeclInterface(TextBinding))] 
[info ] PreferTypeAlias.scala:112 Simplified to type alias [id => office-js, phase => typescript, scope => TreeScope(TsParsedFile() / TsDeclNamespace(Office) / TsDeclInterface(Appointment))] 
[info ] InferReturnTypes.scala:32 Could not infer return type [id => office-js, phase => typescript, scope => TreeScope(TsParsedFile() / TsDeclNamespace(Excel) / TsDeclClass(Setting) / TsMemberFunction(replaceStringDateWithDate))] 
[info ] ExtractInterfaces.scala:30 Extracted anonymous interface TsIdentSimple(Anon_Select) [id => office-js, phase => typescript, scope => TreeScope(TsParsedFile() / TsDeclNamespace(Visio) / TsDeclClass(Hyperlink) / TsMemberFunction(load) / TsFunSig() / TsFunParam() / TsTypeObject())] 
[info ] ExtractInterfaces.scala:30 Extracted anonymous interface TsIdentSimple(Anon_Select) [id => office-js, phase => typescript, scope => TreeScope(TsParsedFile() / TsDeclNamespace(Visio) / TsDeclClass(DocumentView) / TsMemberFunction(load) / TsFunSig() / TsFunParam() / TsTypeObject())] 
[info ] ExtractInterfaces.scala:30 Extracted anonymous interface TsIdentSimple(Anon_Select) [id => office-js, phase => typescript, scope => TreeScope(TsParsedFile() / TsDeclNamespace(Visio) / TsDeclClass(PageView) / TsMemberFunction(load) / TsFunSig() / TsFunParam() / TsTypeObject())] 
[info ] ExtractInterfaces.scala:30 Extracted anonymous interface TsIdentSimple(Anon_Select) [id => office-js, phase => typescript, scope => TreeScope(TsParsedFile() / TsDeclNamespace(Visio) / TsDeclClass(Page) / TsMemberFunction(load) / TsFunSig() / TsFunParam() / TsTypeObject())] 
[info ] ExtractInterfaces.scala:30 Extracted anonymous interface TsIdentSimple(Anon_Select) [id => office-js, phase => typescript, scope => TreeScope(TsParsedFile() / TsDeclNamespace(Visio) / TsDeclClass(Shape) / TsMemberFunction(load) / TsFunSig() / TsFunParam() / TsTypeObject())] 
[info ] ExtractInterfaces.scala:30 Extracted anonymous interface TsIdentSimple(Anon_Select) [id => office-js, phase => typescript, scope => TreeScope(TsParsedFile() / TsDeclNamespace(Visio) / TsDeclClass(Application) / TsMemberFunction(load) / TsFunSig() / TsFunParam() / TsTypeObject())] 
[info ] ExtractInterfaces.scala:30 Extracted anonymous interface TsIdentSimple(Anon_Select) [id => office-js, phase => typescript, scope => TreeScope(TsParsedFile() / TsDeclNamespace(Visio) / TsDeclClass(ShapeView) / TsMemberFunction(load) / TsFunSig() / TsFunParam() / TsTypeObject())] 
[info ] ExtractInterfaces.scala:30 Extracted anonymous interface TsIdentSimple(Anon_Select) [id => office-js, phase => typescript, scope => TreeScope(TsParsedFile() / TsDeclNamespace(Visio) / TsDeclClass(Comment) / TsMemberFunction(load) / TsFunSig() / TsFunParam() / TsTypeObject())] 
[info ] ExtractInterfaces.scala:30 Extracted anonymous interface TsIdentSimple(Anon_Select) [id => office-js, phase => typescript, scope => TreeScope(TsParsedFile() / TsDeclNamespace(Visio) / TsDeclClass(ShapeDataItem) / TsMemberFunction(load) / TsFunSig() / TsFunParam() / TsTypeObject())] 
[info ] ExtractInterfaces.scala:30 Extracted anonymous interface TsIdentSimple(Anon_Select) [id => office-js, phase => typescript, scope => TreeScope(TsParsedFile() / TsDeclNamespace(Visio) / TsDeclClass(Selection) / TsMemberFunction(load) / TsFunSig() / TsFunParam() / TsTypeObject())] 
[info ] ExtractInterfaces.scala:30 Extracted anonymous interface TsIdentSimple(Anon_Select) [id => office-js, phase => typescript, scope => TreeScope(TsParsedFile() / TsDeclNamespace(Visio) / TsDeclClass(Document) / TsMemberFunction(load) / TsFunSig() / TsFunParam() / TsTypeObject())] 
[info ] ExtractInterfaces.scala:30 Extracted anonymous interface TsIdentSimple(Anon_Cells) [id => office-js, phase => typescript, scope => TreeScope(TsParsedFile() / TsDeclNamespace(Office) / TsDeclInterface(TableBinding) / TsMemberFunction(getFormatsAsync) / TsFunSig() / TsFunParam() / TsTypeFunction() / TsFunSig() / TsFunParam() / TsTypeRef() / TsTypeRef() / TsTypeObject())] 
[info ] ExtractInterfaces.scala:30 Extracted anonymous interface TsIdentSimple(Anon_IsRest) [id => office-js, phase => typescript, scope => TreeScope(TsParsedFile() / TsDeclNamespace(Office) / TsDeclInterface(Mailbox) / TsMemberFunction(getCallbackTokenAsync) / TsFunSig() / TsFunParam() / TsTypeIntersect() / TsTypeObject())] 
[info ] ExtractInterfaces.scala:30 Extracted anonymous interface TsIdentSimple(Anon_Platform) [id => office-js, phase => typescript, scope => TreeScope(TsParsedFile() / TsDeclNamespace(Office) / TsDeclFunction(onReady) / TsFunSig() / TsTypeRef() / TsTypeObject())] 
[info ] ExtractInterfaces.scala:30 Extracted anonymous interface TsIdentSimple(Anon_Platform) [id => office-js, phase => typescript, scope => TreeScope(TsParsedFile() / TsDeclNamespace(Office) / TsDeclFunction(onReady) / TsFunSig() / TsFunParam() / TsTypeFunction() / TsFunSig() / TsFunParam() / TsTypeObject())] 
[info ] ExtractInterfaces.scala:30 Extracted anonymous interface TsIdentSimple(Anon_Platform) [id => office-js, phase => typescript, scope => TreeScope(TsParsedFile() / TsDeclNamespace(Office) / TsDeclFunction(onReady) / TsFunSig() / TsTypeRef() / TsTypeObject())] 
[info ] ExtractInterfaces.scala:30 Extracted anonymous interface TsIdentSimple(Anon_StartCustomFunctions) [id => office-js, phase => typescript, scope => TreeScope(TsParsedFile() / TsDeclNamespace(Office) / TsDeclVar(Preview) / TsTypeObject())] 
[info ] ExtractInterfaces.scala:30 Extracted anonymous interface TsIdentSimple(Anon_ExtendedErrorLogging) [id => office-js, phase => typescript, scope => TreeScope(TsParsedFile() / TsDeclNamespace(OfficeExtension) / TsDeclVar(config) / TsTypeObject())] 
[info ] ExtractInterfaces.scala:30 Extracted anonymous interface TsIdentSimple(Anon_Select) [id => office-js, phase => typescript, scope => TreeScope(TsParsedFile() / TsDeclNamespace(OneNote) / TsDeclClass(InkAnalysis) / TsMemberFunction(load) / TsFunSig() / TsFunParam() / TsTypeObject())] 
[info ] ExtractInterfaces.scala:30 Extracted anonymous interface TsIdentSimple(Anon_Select) [id => office-js, phase => typescript, scope => TreeScope(TsParsedFile() / TsDeclNamespace(OneNote) / TsDeclClass(RichText) / TsMemberFunction(load) / TsFunSig() / TsFunParam() / TsTypeObject())] 
[info ] ExtractInterfaces.scala:30 Extracted anonymous interface TsIdentSimple(Anon_Select) [id => office-js, phase => typescript, scope => TreeScope(TsParsedFile() / TsDeclNamespace(OneNote) / TsDeclClass(InkAnalysisLine) / TsMemberFunction(load) / TsFunSig() / TsFunParam() / TsTypeObject())] 
[info ] ExtractInterfaces.scala:30 Extracted anonymous interface TsIdentSimple(Anon_Select) [id => office-js, phase => typescript, scope => TreeScope(TsParsedFile() / TsDeclNamespace(OneNote) / TsDeclClass(FloatingInk) / TsMemberFunction(load) / TsFunSig() / TsFunParam() / TsTypeObject())] 
[info ] ExtractInterfaces.scala:30 Extracted anonymous interface TsIdentSimple(Anon_Select) [id => office-js, phase => typescript, scope => TreeScope(TsParsedFile() / TsDeclNamespace(OneNote) / TsDeclClass(InkAnalysisWord) / TsMemberFunction(load) / TsFunSig() / TsFunParam() / TsTypeObject())] 
[info ] ExtractInterfaces.scala:30 Extracted anonymous interface TsIdentSimple(Anon_Select) [id => office-js, phase => typescript, scope => TreeScope(TsParsedFile() / TsDeclNamespace(OneNote) / TsDeclClass(InkWord) / TsMemberFunction(load) / TsFunSig() / TsFunParam() / TsTypeObject())] 
[info ] ExtractInterfaces.scala:30 Extracted anonymous interface TsIdentSimple(Anon_Select) [id => office-js, phase => typescript, scope => TreeScope(TsParsedFile() / TsDeclNamespace(OneNote) / TsDeclClass(TableCell) / TsMemberFunction(load) / TsFunSig() / TsFunParam() / TsTypeObject())] 
[info ] ExtractInterfaces.scala:30 Extracted anonymous interface TsIdentSimple(Anon_Select) [id => office-js, phase => typescript, scope => TreeScope(TsParsedFile() / TsDeclNamespace(OneNote) / TsDeclClass(Section) / TsMemberFunction(load) / TsFunSig() / TsFunParam() / TsTypeObject())] 
[info ] ExtractInterfaces.scala:30 Extracted anonymous interface TsIdentSimple(Anon_Select) [id => office-js, phase => typescript, scope => TreeScope(TsParsedFile() / TsDeclNamespace(OneNote) / TsDeclClass(Paragraph) / TsMemberFunction(load) / TsFunSig() / TsFunParam() / TsTypeObject())] 
[info ] ExtractInterfaces.scala:30 Extracted anonymous interface TsIdentSimple(Anon_Select) [id => office-js, phase => typescript, scope => TreeScope(TsParsedFile() / TsDeclNamespace(OneNote) / TsDeclClass(NoteTag) / TsMemberFunction(load) / TsFunSig() / TsFunParam() / TsTypeObject())] 
[info ] ExtractInterfaces.scala:30 Extracted anonymous interface TsIdentSimple(Anon_Select) [id => office-js, phase => typescript, scope => TreeScope(TsParsedFile() / TsDeclNamespace(OneNote) / TsDeclClass(Notebook) / TsMemberFunction(load) / TsFunSig() / TsFunParam() / TsTypeObject())] 
[info ] ExtractInterfaces.scala:30 Extracted anonymous interface TsIdentSimple(Anon_Select) [id => office-js, phase => typescript, scope => TreeScope(TsParsedFile() / TsDeclNamespace(OneNote) / TsDeclClass(Page) / TsMemberFunction(load) / TsFunSig() / TsFunParam() / TsTypeObject())] 
[info ] ExtractInterfaces.scala:30 Extracted anonymous interface TsIdentSimple(Anon_Select) [id => office-js, phase => typescript, scope => TreeScope(TsParsedFile() / TsDeclNamespace(OneNote) / TsDeclClass(TableRow) / TsMemberFunction(load) / TsFunSig() / TsFunParam() / TsTypeObject())] 
[info ] ExtractInterfaces.scala:30 Extracted anonymous interface TsIdentSimple(Anon_Select) [id => office-js, phase => typescript, scope => TreeScope(TsParsedFile() / TsDeclNamespace(OneNote) / TsDeclClass(Table) / TsMemberFunction(load) / TsFunSig() / TsFunParam() / TsTypeObject())] 
[info ] ExtractInterfaces.scala:30 Extracted anonymous interface TsIdentSimple(Anon_Select) [id => office-js, phase => typescript, scope => TreeScope(TsParsedFile() / TsDeclNamespace(OneNote) / TsDeclClass(Application) / TsMemberFunction(load) / TsFunSig() / TsFunParam() / TsTypeObject())] 
[info ] ExtractInterfaces.scala:30 Extracted anonymous interface TsIdentSimple(Anon_Select) [id => office-js, phase => typescript, scope => TreeScope(TsParsedFile() / TsDeclNamespace(OneNote) / TsDeclClass(PageContent) / TsMemberFunction(load) / TsFunSig() / TsFunParam() / TsTypeObject())] 
[info ] ExtractInterfaces.scala:30 Extracted anonymous interface TsIdentSimple(Anon_Select) [id => office-js, phase => typescript, scope => TreeScope(TsParsedFile() / TsDeclNamespace(OneNote) / TsDeclClass(Outline) / TsMemberFunction(load) / TsFunSig() / TsFunParam() / TsTypeObject())] 
[info ] ExtractInterfaces.scala:30 Extracted anonymous interface TsIdentSimple(Anon_Select) [id => office-js, phase => typescript, scope => TreeScope(TsParsedFile() / TsDeclNamespace(OneNote) / TsDeclClass(InkStroke) / TsMemberFunction(load) / TsFunSig() / TsFunParam() / TsTypeObject())] 
[info ] ExtractInterfaces.scala:30 Extracted anonymous interface TsIdentSimple(Anon_Select) [id => office-js, phase => typescript, scope => TreeScope(TsParsedFile() / TsDeclNamespace(OneNote) / TsDeclClass(InkAnalysisParagraph) / TsMemberFunction(load) / TsFunSig() / TsFunParam() / TsTypeObject())] 
[info ] ExtractInterfaces.scala:30 Extracted anonymous interface TsIdentSimple(Anon_Select) [id => office-js, phase => typescript, scope => TreeScope(TsParsedFile() / TsDeclNamespace(OneNote) / TsDeclClass(Image) / TsMemberFunction(load) / TsFunSig() / TsFunParam() / TsTypeObject())] 
[info ] ExtractInterfaces.scala:30 Extracted anonymous interface TsIdentSimple(Anon_Select) [id => office-js, phase => typescript, scope => TreeScope(TsParsedFile() / TsDeclNamespace(OneNote) / TsDeclClass(SectionGroup) / TsMemberFunction(load) / TsFunSig() / TsFunParam() / TsTypeObject())] 
[info ] ExtractInterfaces.scala:30 Extracted anonymous interface TsIdentSimple(Anon_Select) [id => office-js, phase => typescript, scope => TreeScope(TsParsedFile() / TsDeclNamespace(Excel) / TsDeclClass(PivotLayout) / TsMemberFunction(load) / TsFunSig() / TsFunParam() / TsTypeObject())] 
[info ] ExtractInterfaces.scala:30 Extracted anonymous interface TsIdentSimple(Anon_Select) [id => office-js, phase => typescript, scope => TreeScope(TsParsedFile() / TsDeclNamespace(Excel) / TsDeclClass(RangeBorder) / TsMemberFunction(load) / TsFunSig() / TsFunParam() / TsTypeObject())] 
[info ] ExtractInterfaces.scala:30 Extracted anonymous interface TsIdentSimple(Anon_Select) [id => office-js, phase => typescript, scope => TreeScope(TsParsedFile() / TsDeclNamespace(Excel) / TsDeclClass(ChartAxis) / TsMemberFunction(load) / TsFunSig() / TsFunParam() / TsTypeObject())] 
[info ] ExtractInterfaces.scala:30 Extracted anonymous interface TsIdentSimple(Anon_Select) [id => office-js, phase => typescript, scope => TreeScope(TsParsedFile() / TsDeclNamespace(Excel) / TsDeclClass(ChartDataLabelFormat) / TsMemberFunction(load) / TsFunSig() / TsFunParam() / TsTypeObject())] 
[info ] ExtractInterfaces.scala:30 Extracted anonymous interface TsIdentSimple(Anon_Select) [id => office-js, phase => typescript, scope => TreeScope(TsParsedFile() / TsDeclNamespace(Excel) / TsDeclClass(CustomXmlPart) / TsMemberFunction(load) / TsFunSig() / TsFunParam() / TsTypeObject())] 
[info ] ExtractInterfaces.scala:30 Extracted anonymous interface TsIdentSimple(Anon_Select) [id => office-js, phase => typescript, scope => TreeScope(TsParsedFile() / TsDeclNamespace(Excel) / TsDeclClass(ChartPointFormat) / TsMemberFunction(load) / TsFunSig() / TsFunParam() / TsTypeObject())] 
[info ] ExtractInterfaces.scala:30 Extracted anonymous interface TsIdentSimple(Anon_Select) [id => office-js, phase => typescript, scope => TreeScope(TsParsedFile() / TsDeclNamespace(Excel) / TsDeclClass(ChartLegendEntry) / TsMemberFunction(load) / TsFunSig() / TsFunParam() / TsTypeObject())] 
[info ] ExtractInterfaces.scala:30 Extracted anonymous interface TsIdentSimple(Anon_Select) [id => office-js, phase => typescript, scope => TreeScope(TsParsedFile() / TsDeclNamespace(Excel) / TsDeclClass(WorksheetProtection) / TsMemberFunction(load) / TsFunSig() / TsFunParam() / TsTypeObject())] 
[info ] ExtractInterfaces.scala:30 Extracted anonymous interface TsIdentSimple(Anon_Select) [id => office-js, phase => typescript, scope => TreeScope(TsParsedFile() / TsDeclNamespace(Excel) / TsDeclClass(TableSort) / TsMemberFunction(load) / TsFunSig() / TsFunParam() / TsTypeObject())] 
[info ] ExtractInterfaces.scala:30 Extracted anonymous interface TsIdentSimple(Anon_Select) [id => office-js, phase => typescript, scope => TreeScope(TsParsedFile() / TsDeclNamespace(Excel) / TsDeclClass(ChartBorder) / TsMemberFunction(load) / TsFunSig() / TsFunParam() / TsTypeObject())] 
[info ] ExtractInterfaces.scala:30 Extracted anonymous interface TsIdentSimple(Anon_Select) [id => office-js, phase => typescript, scope => TreeScope(TsParsedFile() / TsDeclNamespace(Excel) / TsDeclClass(ChartAreaFormat) / TsMemberFunction(load) / TsFunSig() / TsFunParam() / TsTypeObject())] 
[info ] ExtractInterfaces.scala:30 Extracted anonymous interface TsIdentSimple(Anon_Select) [id => office-js, phase => typescript, scope => TreeScope(TsParsedFile() / TsDeclNamespace(Excel) / TsDeclClass(ChartSeries) / TsMemberFunction(load) / TsFunSig() / TsFunParam() / TsTypeObject())] 
[info ] ExtractInterfaces.scala:30 Extracted anonymous interface TsIdentSimple(Anon_Select) [id => office-js, phase => typescript, scope => TreeScope(TsParsedFile() / TsDeclNamespace(Excel) / TsDeclClass(ChartPlotArea) / TsMemberFunction(load) / TsFunSig() / TsFunParam() / TsTypeObject())] 
[info ] ExtractInterfaces.scala:30 Extracted anonymous interface TsIdentSimple(Anon_Select) [id => office-js, phase => typescript, scope => TreeScope(TsParsedFile() / TsDeclNamespace(Excel) / TsDeclClass(ChartTrendline) / TsMemberFunction(load) / TsFunSig() / TsFunParam() / TsTypeObject())] 
[info ] ExtractInterfaces.scala:30 Extracted anonymous interface TsIdentSimple(Anon_Select) [id => office-js, phase => typescript, scope => TreeScope(TsParsedFile() / TsDeclNamespace(Excel) / TsDeclClass(ChartLegend) / TsMemberFunction(load) / TsFunSig() / TsFunParam() / TsTypeObject())] 
[info ] ExtractInterfaces.scala:30 Extracted anonymous interface TsIdentSimple(Anon_Select) [id => office-js, phase => typescript, scope => TreeScope(TsParsedFile() / TsDeclNamespace(Excel) / TsDeclClass(ChartDataLabels) / TsMemberFunction(load) / TsFunSig() / TsFunParam() / TsTypeObject())] 
[info ] ExtractInterfaces.scala:30 Extracted anonymous interface TsIdentSimple(Anon_Select) [id => office-js, phase => typescript, scope => TreeScope(TsParsedFile() / TsDeclNamespace(Excel) / TsDeclClass(ChartSeriesFormat) / TsMemberFunction(load) / TsFunSig() / TsFunParam() / TsTypeObject())] 
[info ] ExtractInterfaces.scala:30 Extracted anonymous interface TsIdentSimple(Anon_Select) [id => office-js, phase => typescript, scope => TreeScope(TsParsedFile() / TsDeclNamespace(Excel) / TsDeclClass(ChartAxisTitleFormat) / TsMemberFunction(load) / TsFunSig() / TsFunParam() / TsTypeObject())] 
[info ] ExtractInterfaces.scala:30 Extracted anonymous interface TsIdentSimple(Anon_Select) [id => office-js, phase => typescript, scope => TreeScope(TsParsedFile() / TsDeclNamespace(Excel) / TsDeclClass(Worksheet) / TsMemberFunction(load) / TsFunSig() / TsFunParam() / TsTypeObject())] 
[info ] ExtractInterfaces.scala:30 Extracted anonymous interface TsIdentSimple(Anon_Select) [id => office-js, phase => typescript, scope => TreeScope(TsParsedFile() / TsDeclNamespace(Excel) / TsDeclClass(ConditionalRangeBorder) / TsMemberFunction(load) / TsFunSig() / TsFunParam() / TsTypeObject())] 
[info ] ExtractInterfaces.scala:30 Extracted anonymous interface TsIdentSimple(Anon_Select) [id => office-js, phase => typescript, scope => TreeScope(TsParsedFile() / TsDeclNamespace(Excel) / TsDeclClass(ConditionalDataBarPositiveFormat) / TsMemberFunction(load) / TsFunSig() / TsFunParam() / TsTypeObject())] 
[info ] ExtractInterfaces.scala:30 Extracted anonymous interface TsIdentSimple(Anon_Select) [id => office-js, phase => typescript, scope => TreeScope(TsParsedFile() / TsDeclNamespace(Excel) / TsDeclClass(TopBottomConditionalFormat) / TsMemberFunction(load) / TsFunSig() / TsFunParam() / TsTypeObject())] 
[info ] ExtractInterfaces.scala:30 Extracted anonymous interface TsIdentSimple(Anon_Select) [id => office-js, phase => typescript, scope => TreeScope(TsParsedFile() / TsDeclNamespace(Excel) / TsDeclClass(ConditionalFormat) / TsMemberFunction(load) / TsFunSig() / TsFunParam() / TsTypeObject())] 
[info ] ExtractInterfaces.scala:30 Extracted anonymous interface TsIdentSimple(Anon_Select) [id => office-js, phase => typescript, scope => TreeScope(TsParsedFile() / TsDeclNamespace(Excel) / TsDeclClass(ChartTrendlineFormat) / TsMemberFunction(load) / TsFunSig() / TsFunParam() / TsTypeObject())] 
[info ] ExtractInterfaces.scala:30 Extracted anonymous interface TsIdentSimple(Anon_Select) [id => office-js, phase => typescript, scope => TreeScope(TsParsedFile() / TsDeclNamespace(Excel) / TsDeclClass(DocumentProperties) / TsMemberFunction(load) / TsFunSig() / TsFunParam() / TsTypeObject())] 
[info ] ExtractInterfaces.scala:30 Extracted anonymous interface TsIdentSimple(Anon_Select) [id => office-js, phase => typescript, scope => TreeScope(TsParsedFile() / TsDeclNamespace(Excel) / TsDeclClass(ConditionalRangeFont) / TsMemberFunction(load) / TsFunSig() / TsFunParam() / TsTypeObject())] 
[info ] ExtractInterfaces.scala:30 Extracted anonymous interface TsIdentSimple(Anon_Select) [id => office-js, phase => typescript, scope => TreeScope(TsParsedFile() / TsDeclNamespace(Excel) / TsDeclClass(RangeFont) / TsMemberFunction(load) / TsFunSig() / TsFunParam() / TsTypeObject())] 
[info ] ExtractInterfaces.scala:30 Extracted anonymous interface TsIdentSimple(Anon_Select) [id => office-js, phase => typescript, scope => TreeScope(TsParsedFile() / TsDeclNamespace(Excel) / TsDeclClass(Binding) / TsMemberFunction(load) / TsFunSig() / TsFunParam() / TsTypeObject())] 
[info ] ExtractInterfaces.scala:30 Extracted anonymous interface TsIdentSimple(Anon_Select) [id => office-js, phase => typescript, scope => TreeScope(TsParsedFile() / TsDeclNamespace(Excel) / TsDeclClass(ChartGridlinesFormat) / TsMemberFunction(load) / TsFunSig() / TsFunParam() / TsTypeObject())] 
[info ] ExtractInterfaces.scala:30 Extracted anonymous interface TsIdentSimple(Anon_Select) [id => office-js, phase => typescript, scope => TreeScope(TsParsedFile() / TsDeclNamespace(Excel) / TsDeclClass(ChartFormatString) / TsMemberFunction(load) / TsFunSig() / TsFunParam() / TsTypeObject())] 
[info ] ExtractInterfaces.scala:30 Extracted anonymous interface TsIdentSimple(Anon_Select) [id => office-js, phase => typescript, scope => TreeScope(TsParsedFile() / TsDeclNamespace(Excel) / TsDeclClass(ChartTrendlineLabel) / TsMemberFunction(load) / TsFunSig() / TsFunParam() / TsTypeObject())] 
[info ] ExtractInterfaces.scala:30 Extracted anonymous interface TsIdentSimple(Anon_Select) [id => office-js, phase => typescript, scope => TreeScope(TsParsedFile() / TsDeclNamespace(Excel) / TsDeclClass(RowColumnPivotHierarchy) / TsMemberFunction(load) / TsFunSig() / TsFunParam() / TsTypeObject())] 
[info ] ExtractInterfaces.scala:30 Extracted anonymous interface TsIdentSimple(Anon_Select) [id => office-js, phase => typescript, scope => TreeScope(TsParsedFile() / TsDeclNamespace(Excel) / TsDeclClass(FormatProtection) / TsMemberFunction(load) / TsFunSig() / TsFunParam() / TsTypeObject())] 
[info ] ExtractInterfaces.scala:30 Extracted anonymous interface TsIdentSimple(Anon_Select) [id => office-js, phase => typescript, scope => TreeScope(TsParsedFile() / TsDeclNamespace(Excel) / TsDeclClass(ChartFont) / TsMemberFunction(load) / TsFunSig() / TsFunParam() / TsTypeObject())] 
[info ] ExtractInterfaces.scala:30 Extracted anonymous interface TsIdentSimple(Anon_Select) [id => office-js, phase => typescript, scope => TreeScope(TsParsedFile() / TsDeclNamespace(Excel) / TsDeclClass(DataValidation) / TsMemberFunction(load) / TsFunSig() / TsFunParam() / TsTypeObject())] 
[info ] ExtractInterfaces.scala:30 Extracted anonymous interface TsIdentSimple(Anon_Select) [id => office-js, phase => typescript, scope => TreeScope(TsParsedFile() / TsDeclNamespace(Excel) / TsDeclClass(WorkbookCreated) / TsMemberFunction(load) / TsFunSig() / TsFunParam() / TsTypeObject())] 
[info ] ExtractInterfaces.scala:30 Extracted anonymous interface TsIdentSimple(Anon_Select) [id => office-js, phase => typescript, scope => TreeScope(TsParsedFile() / TsDeclNamespace(Excel) / TsDeclClass(ChartTrendlineLabelFormat) / TsMemberFunction(load) / TsFunSig() / TsFunParam() / TsTypeObject())] 
[info ] ExtractInterfaces.scala:30 Extracted anonymous interface TsIdentSimple(Anon_Select) [id => office-js, phase => typescript, scope => TreeScope(TsParsedFile() / TsDeclNamespace(Excel) / TsDeclClass(ConditionalFormatRule) / TsMemberFunction(load) / TsFunSig() / TsFunParam() / TsTypeObject())] 
[info ] ExtractInterfaces.scala:30 Extracted anonymous interface TsIdentSimple(Anon_Select) [id => office-js, phase => typescript, scope => TreeScope(TsParsedFile() / TsDeclNamespace(Excel) / TsDeclClass(ConditionalRangeFill) / TsMemberFunction(load) / TsFunSig() / TsFunParam() / TsTypeObject())] 
[info ] ExtractInterfaces.scala:30 Extracted anonymous interface TsIdentSimple(Anon_Select) [id => office-js, phase => typescript, scope => TreeScope(TsParsedFile() / TsDeclNamespace(Excel) / TsDeclClass(ChartLegendFormat) / TsMemberFunction(load) / TsFunSig() / TsFunParam() / TsTypeObject())] 
[info ] ExtractInterfaces.scala:30 Extracted anonymous interface TsIdentSimple(Anon_Select) [id => office-js, phase => typescript, scope => TreeScope(TsParsedFile() / TsDeclNamespace(Excel) / TsDeclClass(ColorScaleConditionalFormat) / TsMemberFunction(load) / TsFunSig() / TsFunParam() / TsTypeObject())] 
[info ] ExtractInterfaces.scala:30 Extracted anonymous interface TsIdentSimple(Anon_Select) [id => office-js, phase => typescript, scope => TreeScope(TsParsedFile() / TsDeclNamespace(Excel) / TsDeclClass(RangeView) / TsMemberFunction(load) / TsFunSig() / TsFunParam() / TsTypeObject())] 
[info ] ExtractInterfaces.scala:30 Extracted anonymous interface TsIdentSimple(Anon_Select) [id => office-js, phase => typescript, scope => TreeScope(TsParsedFile() / TsDeclNamespace(Excel) / TsDeclClass(ChartLineFormat) / TsMemberFunction(load) / TsFunSig() / TsFunParam() / TsTypeObject())] 
[info ] ExtractInterfaces.scala:30 Extracted anonymous interface TsIdentSimple(Anon_Select) [id => office-js, phase => typescript, scope => TreeScope(TsParsedFile() / TsDeclNamespace(Excel) / TsDeclClass(TableColumn) / TsMemberFunction(load) / TsFunSig() / TsFunParam() / TsTypeObject())] 
[info ] ExtractInterfaces.scala:30 Extracted anonymous interface TsIdentSimple(Anon_Select) [id => office-js, phase => typescript, scope => TreeScope(TsParsedFile() / TsDeclNamespace(Excel) / TsDeclClass(FunctionResult) / TsMemberFunction(load) / TsFunSig() / TsFunParam() / TsTypeObject())] 
[info ] ExtractInterfaces.scala:30 Extracted anonymous interface TsIdentSimple(Anon_Select) [id => office-js, phase => typescript, scope => TreeScope(TsParsedFile() / TsDeclNamespace(Excel) / TsDeclClass(Chart) / TsMemberFunction(load) / TsFunSig() / TsFunParam() / TsTypeObject())] 
[info ] ExtractInterfaces.scala:30 Extracted anonymous interface TsIdentSimple(Anon_Select) [id => office-js, phase => typescript, scope => TreeScope(TsParsedFile() / TsDeclNamespace(Excel) / TsDeclClass(ConditionalDataBarNegativeFormat) / TsMemberFunction(load) / TsFunSig() / TsFunParam() / TsTypeObject())] 
[info ] ExtractInterfaces.scala:30 Extracted anonymous interface TsIdentSimple(Anon_Select) [id => office-js, phase => typescript, scope => TreeScope(TsParsedFile() / TsDeclNamespace(Excel) / TsDeclClass(TableRow) / TsMemberFunction(load) / TsFunSig() / TsFunParam() / TsTypeObject())] 
[info ] ExtractInterfaces.scala:30 Extracted anonymous interface TsIdentSimple(Anon_Select) [id => office-js, phase => typescript, scope => TreeScope(TsParsedFile() / TsDeclNamespace(Excel) / TsDeclClass(DataBarConditionalFormat) / TsMemberFunction(load) / TsFunSig() / TsFunParam() / TsTypeObject())] 
[info ] ExtractInterfaces.scala:30 Extracted anonymous interface TsIdentSimple(Anon_Select) [id => office-js, phase => typescript, scope => TreeScope(TsParsedFile() / TsDeclNamespace(Excel) / TsDeclClass(ChartGridlines) / TsMemberFunction(load) / TsFunSig() / TsFunParam() / TsTypeObject())] 
[info ] ExtractInterfaces.scala:30 Extracted anonymous interface TsIdentSimple(Anon_Select) [id => office-js, phase => typescript, scope => TreeScope(TsParsedFile() / TsDeclNamespace(Excel) / TsDeclClass(ChartTitle) / TsMemberFunction(load) / TsFunSig() / TsFunParam() / TsTypeObject())] 
[info ] ExtractInterfaces.scala:30 Extracted anonymous interface TsIdentSimple(Anon_Select) [id => office-js, phase => typescript, scope => TreeScope(TsParsedFile() / TsDeclNamespace(Excel) / TsDeclClass(CustomConditionalFormat) / TsMemberFunction(load) / TsFunSig() / TsFunParam() / TsTypeObject())] 
[info ] ExtractInterfaces.scala:30 Extracted anonymous interface TsIdentSimple(Anon_Select) [id => office-js, phase => typescript, scope => TreeScope(TsParsedFile() / TsDeclNamespace(Excel) / TsDeclClass(NamedItemArrayValues) / TsMemberFunction(load) / TsFunSig() / TsFunParam() / TsTypeObject())] 
[info ] ExtractInterfaces.scala:30 Extracted anonymous interface TsIdentSimple(Anon_Select) [id => office-js, phase => typescript, scope => TreeScope(TsParsedFile() / TsDeclNamespace(Excel) / TsDeclClass(Setting) / TsMemberFunction(load) / TsFunSig() / TsFunParam() / TsTypeObject())] 
[info ] ExtractInterfaces.scala:30 Extracted anonymous interface TsIdentSimple(Anon_Select) [id => office-js, phase => typescript, scope => TreeScope(TsParsedFile() / TsDeclNamespace(Excel) / TsDeclClass(Table) / TsMemberFunction(load) / TsFunSig() / TsFunParam() / TsTypeObject())] 
[info ] ExtractInterfaces.scala:30 Extracted anonymous interface TsIdentSimple(Anon_Select) [id => office-js, phase => typescript, scope => TreeScope(TsParsedFile() / TsDeclNamespace(Excel) / TsDeclClass(Application) / TsMemberFunction(load) / TsFunSig() / TsFunParam() / TsTypeObject())] 
[info ] ExtractInterfaces.scala:30 Extracted anonymous interface TsIdentSimple(Anon_Select) [id => office-js, phase => typescript, scope => TreeScope(TsParsedFile() / TsDeclNamespace(Excel) / TsDeclClass(FilterPivotHierarchy) / TsMemberFunction(load) / TsFunSig() / TsFunParam() / TsTypeObject())] 
[info ] ExtractInterfaces.scala:30 Extracted anonymous interface TsIdentSimple(Anon_Select) [id => office-js, phase => typescript, scope => TreeScope(TsParsedFile() / TsDeclNamespace(Excel) / TsDeclClass(WorkbookProtection) / TsMemberFunction(load) / TsFunSig() / TsFunParam() / TsTypeObject())] 
[info ] ExtractInterfaces.scala:30 Extracted anonymous interface TsIdentSimple(Anon_Select) [id => office-js, phase => typescript, scope => TreeScope(TsParsedFile() / TsDeclNamespace(Excel) / TsDeclClass(ChartTitleFormat) / TsMemberFunction(load) / TsFunSig() / TsFunParam() / TsTypeObject())] 
[info ] ExtractInterfaces.scala:30 Extracted anonymous interface TsIdentSimple(Anon_Select) [id => office-js, phase => typescript, scope => TreeScope(TsParsedFile() / TsDeclNamespace(Excel) / TsDeclClass(Runtime) / TsMemberFunction(load) / TsFunSig() / TsFunParam() / TsTypeObject())] 
[info ] ExtractInterfaces.scala:30 Extracted anonymous interface TsIdentSimple(Anon_Select) [id => office-js, phase => typescript, scope => TreeScope(TsParsedFile() / TsDeclNamespace(Excel) / TsDeclClass(ChartAxisFormat) / TsMemberFunction(load) / TsFunSig() / TsFunParam() / TsTypeObject())] 
[info ] ExtractInterfaces.scala:30 Extracted anonymous interface TsIdentSimple(Anon_Select) [id => office-js, phase => typescript, scope => TreeScope(TsParsedFile() / TsDeclNamespace(Excel) / TsDeclClass(ChartPoint) / TsMemberFunction(load) / TsFunSig() / TsFunParam() / TsTypeObject())] 
[info ] ExtractInterfaces.scala:30 Extracted anonymous interface TsIdentSimple(Anon_Select) [id => office-js, phase => typescript, scope => TreeScope(TsParsedFile() / TsDeclNamespace(Excel) / TsDeclClass(PivotHierarchy) / TsMemberFunction(load) / TsFunSig() / TsFunParam() / TsTypeObject())] 
[info ] ExtractInterfaces.scala:30 Extracted anonymous interface TsIdentSimple(Anon_Select) [id => office-js, phase => typescript, scope => TreeScope(TsParsedFile() / TsDeclNamespace(Excel) / TsDeclClass(PivotField) / TsMemberFunction(load) / TsFunSig() / TsFunParam() / TsTypeObject())] 
[info ] ExtractInterfaces.scala:30 Extracted anonymous interface TsIdentSimple(Anon_Select) [id => office-js, phase => typescript, scope => TreeScope(TsParsedFile() / TsDeclNamespace(Excel) / TsDeclClass(PivotTable) / TsMemberFunction(load) / TsFunSig() / TsFunParam() / TsTypeObject())] 
[info ] ExtractInterfaces.scala:30 Extracted anonymous interface TsIdentSimple(Anon_Select) [id => office-js, phase => typescript, scope => TreeScope(TsParsedFile() / TsDeclNamespace(Excel) / TsDeclClass(Workbook) / TsMemberFunction(load) / TsFunSig() / TsFunParam() / TsTypeObject())] 
[info ] ExtractInterfaces.scala:30 Extracted anonymous interface TsIdentSimple(Anon_Select) [id => office-js, phase => typescript, scope => TreeScope(TsParsedFile() / TsDeclNamespace(Excel) / TsDeclClass(NamedItem) / TsMemberFunction(load) / TsFunSig() / TsFunParam() / TsTypeObject())] 
[info ] ExtractInterfaces.scala:30 Extracted anonymous interface TsIdentSimple(Anon_Select) [id => office-js, phase => typescript, scope => TreeScope(TsParsedFile() / TsDeclNamespace(Excel) / TsDeclClass(PresetCriteriaConditionalFormat) / TsMemberFunction(load) / TsFunSig() / TsFunParam() / TsTypeObject())] 
[info ] ExtractInterfaces.scala:30 Extracted anonymous interface TsIdentSimple(Anon_Select) [id => office-js, phase => typescript, scope => TreeScope(TsParsedFile() / TsDeclNamespace(Excel) / TsDeclClass(ChartDataLabel) / TsMemberFunction(load) / TsFunSig() / TsFunParam() / TsTypeObject())] 
[info ] ExtractInterfaces.scala:30 Extracted anonymous interface TsIdentSimple(Anon_Select) [id => office-js, phase => typescript, scope => TreeScope(TsParsedFile() / TsDeclNamespace(Excel) / TsDeclClass(DataPivotHierarchy) / TsMemberFunction(load) / TsFunSig() / TsFunParam() / TsTypeObject())] 
[info ] ExtractInterfaces.scala:30 Extracted anonymous interface TsIdentSimple(Anon_Select) [id => office-js, phase => typescript, scope => TreeScope(TsParsedFile() / TsDeclNamespace(Excel) / TsDeclClass(ChartPlotAreaFormat) / TsMemberFunction(load) / TsFunSig() / TsFunParam() / TsTypeObject())] 
[info ] ExtractInterfaces.scala:30 Extracted anonymous interface TsIdentSimple(Anon_Select) [id => office-js, phase => typescript, scope => TreeScope(TsParsedFile() / TsDeclNamespace(Excel) / TsDeclClass(ConditionalRangeFormat) / TsMemberFunction(load) / TsFunSig() / TsFunParam() / TsTypeObject())] 
[info ] ExtractInterfaces.scala:30 Extracted anonymous interface TsIdentSimple(Anon_Select) [id => office-js, phase => typescript, scope => TreeScope(TsParsedFile() / TsDeclNamespace(Excel) / TsDeclClass(ChartAxisTitle) / TsMemberFunction(load) / TsFunSig() / TsFunParam() / TsTypeObject())] 
[info ] ExtractInterfaces.scala:30 Extracted anonymous interface TsIdentSimple(Anon_Select) [id => office-js, phase => typescript, scope => TreeScope(TsParsedFile() / TsDeclNamespace(Excel) / TsDeclClass(RangeFormat) / TsMemberFunction(load) / TsFunSig() / TsFunParam() / TsTypeObject())] 
[info ] ExtractInterfaces.scala:30 Extracted anonymous interface TsIdentSimple(Anon_Select) [id => office-js, phase => typescript, scope => TreeScope(TsParsedFile() / TsDeclNamespace(Excel) / TsDeclClass(Style) / TsMemberFunction(load) / TsFunSig() / TsFunParam() / TsTypeObject())] 
[info ] ExtractInterfaces.scala:30 Extracted anonymous interface TsIdentSimple(Anon_Select) [id => office-js, phase => typescript, scope => TreeScope(TsParsedFile() / TsDeclNamespace(Excel) / TsDeclClass(Filter) / TsMemberFunction(load) / TsFunSig() / TsFunParam() / TsTypeObject())] 
[info ] ExtractInterfaces.scala:30 Extracted anonymous interface TsIdentSimple(Anon_Select) [id => office-js, phase => typescript, scope => TreeScope(TsParsedFile() / TsDeclNamespace(Excel) / TsDeclClass(RangeFill) / TsMemberFunction(load) / TsFunSig() / TsFunParam() / TsTypeObject())] 
[info ] ExtractInterfaces.scala:30 Extracted anonymous interface TsIdentSimple(Anon_Select) [id => office-js, phase => typescript, scope => TreeScope(TsParsedFile() / TsDeclNamespace(Excel) / TsDeclClass(ChartAxes) / TsMemberFunction(load) / TsFunSig() / TsFunParam() / TsTypeObject())] 
[info ] ExtractInterfaces.scala:30 Extracted anonymous interface TsIdentSimple(Anon_Select) [id => office-js, phase => typescript, scope => TreeScope(TsParsedFile() / TsDeclNamespace(Excel) / TsDeclClass(TextConditionalFormat) / TsMemberFunction(load) / TsFunSig() / TsFunParam() / TsTypeObject())] 
[info ] ExtractInterfaces.scala:30 Extracted anonymous interface TsIdentSimple(Anon_Select) [id => office-js, phase => typescript, scope => TreeScope(TsParsedFile() / TsDeclNamespace(Excel) / TsDeclClass(IconSetConditionalFormat) / TsMemberFunction(load) / TsFunSig() / TsFunParam() / TsTypeObject())] 
[info ] ExtractInterfaces.scala:30 Extracted anonymous interface TsIdentSimple(Anon_Select) [id => office-js, phase => typescript, scope => TreeScope(TsParsedFile() / TsDeclNamespace(Excel) / TsDeclClass(CustomProperty) / TsMemberFunction(load) / TsFunSig() / TsFunParam() / TsTypeObject())] 
[info ] ExtractInterfaces.scala:30 Extracted anonymous interface TsIdentSimple(Anon_Select) [id => office-js, phase => typescript, scope => TreeScope(TsParsedFile() / TsDeclNamespace(Excel) / TsDeclClass(PivotItem) / TsMemberFunction(load) / TsFunSig() / TsFunParam() / TsTypeObject())] 
[info ] ExtractInterfaces.scala:30 Extracted anonymous interface TsIdentSimple(Anon_Select) [id => office-js, phase => typescript, scope => TreeScope(TsParsedFile() / TsDeclNamespace(Excel) / TsDeclClass(CellValueConditionalFormat) / TsMemberFunction(load) / TsFunSig() / TsFunParam() / TsTypeObject())] 
[info ] ExtractInterfaces.scala:30 Extracted anonymous interface TsIdentSimple(Anon_Select) [id => office-js, phase => typescript, scope => TreeScope(TsParsedFile() / TsDeclNamespace(Excel) / TsDeclClass(Range) / TsMemberFunction(load) / TsFunSig() / TsFunParam() / TsTypeObject())] 
[info ] ExtractInterfaces.scala:30 Extracted anonymous interface TsIdentSimple(Anon_Select) [id => office-js, phase => typescript, scope => TreeScope(TsParsedFile() / TsDeclNamespace(Word) / TsDeclClass(ListItem) / TsMemberFunction(load) / TsFunSig() / TsFunParam() / TsTypeObject())] 
[info ] ExtractInterfaces.scala:30 Extracted anonymous interface TsIdentSimple(Anon_Select) [id => office-js, phase => typescript, scope => TreeScope(TsParsedFile() / TsDeclNamespace(Word) / TsDeclClass(SearchOptions) / TsMemberFunction(load) / TsFunSig() / TsFunParam() / TsTypeObject())] 
[info ] ExtractInterfaces.scala:30 Extracted anonymous interface TsIdentSimple(Anon_Select) [id => office-js, phase => typescript, scope => TreeScope(TsParsedFile() / TsDeclNamespace(Word) / TsDeclClass(DocumentCreated) / TsMemberFunction(load) / TsFunSig() / TsFunParam() / TsTypeObject())] 
[info ] ExtractInterfaces.scala:30 Extracted anonymous interface TsIdentSimple(Anon_Select) [id => office-js, phase => typescript, scope => TreeScope(TsParsedFile() / TsDeclNamespace(Word) / TsDeclClass(DocumentProperties) / TsMemberFunction(load) / TsFunSig() / TsFunParam() / TsTypeObject())] 
[info ] ExtractInterfaces.scala:30 Extracted anonymous interface TsIdentSimple(Anon_Select) [id => office-js, phase => typescript, scope => TreeScope(TsParsedFile() / TsDeclNamespace(Word) / TsDeclClass(ContentControl) / TsMemberFunction(load) / TsFunSig() / TsFunParam() / TsTypeObject())] 
[info ] ExtractInterfaces.scala:30 Extracted anonymous interface TsIdentSimple(Anon_MatchSuffix) [id => office-js, phase => typescript, scope => TreeScope(TsParsedFile() / TsDeclNamespace(Word) / TsDeclClass(ContentControl) / TsMemberFunction(search) / TsFunSig() / TsFunParam() / TsTypeObject())] 
[info ] ExtractInterfaces.scala:30 Extracted anonymous interface TsIdentSimple(Anon_Select) [id => office-js, phase => typescript, scope => TreeScope(TsParsedFile() / TsDeclNamespace(Word) / TsDeclClass(TableCell) / TsMemberFunction(load) / TsFunSig() / TsFunParam() / TsTypeObject())] 
[info ] ExtractInterfaces.scala:30 Extracted anonymous interface TsIdentSimple(Anon_Select) [id => office-js, phase => typescript, scope => TreeScope(TsParsedFile() / TsDeclNamespace(Word) / TsDeclClass(Section) / TsMemberFunction(load) / TsFunSig() / TsFunParam() / TsTypeObject())] 
[info ] ExtractInterfaces.scala:30 Extracted anonymous interface TsIdentSimple(Anon_Select) [id => office-js, phase => typescript, scope => TreeScope(TsParsedFile() / TsDeclNamespace(Word) / TsDeclClass(Paragraph) / TsMemberFunction(load) / TsFunSig() / TsFunParam() / TsTypeObject())] 
[info ] ExtractInterfaces.scala:30 Extracted anonymous interface TsIdentSimple(Anon_MatchSuffix) [id => office-js, phase => typescript, scope => TreeScope(TsParsedFile() / TsDeclNamespace(Word) / TsDeclClass(Paragraph) / TsMemberFunction(search) / TsFunSig() / TsFunParam() / TsTypeObject())] 
[info ] ExtractInterfaces.scala:30 Extracted anonymous interface TsIdentSimple(Anon_Select) [id => office-js, phase => typescript, scope => TreeScope(TsParsedFile() / TsDeclNamespace(Word) / TsDeclClass(InlinePicture) / TsMemberFunction(load) / TsFunSig() / TsFunParam() / TsTypeObject())] 
[info ] ExtractInterfaces.scala:30 Extracted anonymous interface TsIdentSimple(Anon_Select) [id => office-js, phase => typescript, scope => TreeScope(TsParsedFile() / TsDeclNamespace(Word) / TsDeclClass(TableRow) / TsMemberFunction(load) / TsFunSig() / TsFunParam() / TsTypeObject())] 
[info ] ExtractInterfaces.scala:30 Extracted anonymous interface TsIdentSimple(Anon_MatchSuffix) [id => office-js, phase => typescript, scope => TreeScope(TsParsedFile() / TsDeclNamespace(Word) / TsDeclClass(TableRow) / TsMemberFunction(search) / TsFunSig() / TsFunParam() / TsTypeObject())] 
[info ] ExtractInterfaces.scala:30 Extracted anonymous interface TsIdentSimple(Anon_Select) [id => office-js, phase => typescript, scope => TreeScope(TsParsedFile() / TsDeclNamespace(Word) / TsDeclClass(Body) / TsMemberFunction(load) / TsFunSig() / TsFunParam() / TsTypeObject())] 
[info ] ExtractInterfaces.scala:30 Extracted anonymous interface TsIdentSimple(Anon_MatchSuffix) [id => office-js, phase => typescript, scope => TreeScope(TsParsedFile() / TsDeclNamespace(Word) / TsDeclClass(Body) / TsMemberFunction(search) / TsFunSig() / TsFunParam() / TsTypeObject())] 
[info ] ExtractInterfaces.scala:30 Extracted anonymous interface TsIdentSimple(Anon_Select) [id => office-js, phase => typescript, scope => TreeScope(TsParsedFile() / TsDeclNamespace(Word) / TsDeclClass(Table) / TsMemberFunction(load) / TsFunSig() / TsFunParam() / TsTypeObject())] 
[info ] ExtractInterfaces.scala:30 Extracted anonymous interface TsIdentSimple(Anon_MatchSuffix) [id => office-js, phase => typescript, scope => TreeScope(TsParsedFile() / TsDeclNamespace(Word) / TsDeclClass(Table) / TsMemberFunction(search) / TsFunSig() / TsFunParam() / TsTypeObject())] 
[info ] ExtractInterfaces.scala:30 Extracted anonymous interface TsIdentSimple(Anon_Select) [id => office-js, phase => typescript, scope => TreeScope(TsParsedFile() / TsDeclNamespace(Word) / TsDeclClass(List) / TsMemberFunction(load) / TsFunSig() / TsFunParam() / TsTypeObject())] 
[info ] ExtractInterfaces.scala:30 Extracted anonymous interface TsIdentSimple(Anon_Select) [id => office-js, phase => typescript, scope => TreeScope(TsParsedFile() / TsDeclNamespace(Word) / TsDeclClass(Font) / TsMemberFunction(load) / TsFunSig() / TsFunParam() / TsTypeObject())] 
[info ] ExtractInterfaces.scala:30 Extracted anonymous interface TsIdentSimple(Anon_Select) [id => office-js, phase => typescript, scope => TreeScope(TsParsedFile() / TsDeclNamespace(Word) / TsDeclClass(TableBorder) / TsMemberFunction(load) / TsFunSig() / TsFunParam() / TsTypeObject())] 
[info ] ExtractInterfaces.scala:30 Extracted anonymous interface TsIdentSimple(Anon_Select) [id => office-js, phase => typescript, scope => TreeScope(TsParsedFile() / TsDeclNamespace(Word) / TsDeclClass(CustomProperty) / TsMemberFunction(load) / TsFunSig() / TsFunParam() / TsTypeObject())] 
[info ] ExtractInterfaces.scala:30 Extracted anonymous interface TsIdentSimple(Anon_Select) [id => office-js, phase => typescript, scope => TreeScope(TsParsedFile() / TsDeclNamespace(Word) / TsDeclClass(Range) / TsMemberFunction(load) / TsFunSig() / TsFunParam() / TsTypeObject())] 
[info ] ExtractInterfaces.scala:30 Extracted anonymous interface TsIdentSimple(Anon_MatchSuffix) [id => office-js, phase => typescript, scope => TreeScope(TsParsedFile() / TsDeclNamespace(Word) / TsDeclClass(Range) / TsMemberFunction(search) / TsFunSig() / TsFunParam() / TsTypeObject())] 
[info ] ExtractInterfaces.scala:30 Extracted anonymous interface TsIdentSimple(Anon_Select) [id => office-js, phase => typescript, scope => TreeScope(TsParsedFile() / TsDeclNamespace(Word) / TsDeclClass(Document) / TsMemberFunction(load) / TsFunSig() / TsFunParam() / TsTypeObject())] 
[debug] PhaseRunner.scala:78 Success [id => office-js, phase => typescript] 
[warn ] Phase2ToScalaJs.scala:34 Processing TsIdentLibrarySimple(office-js) [id => office-js, phase => scala.js] 
[info ] RemoveDuplicateInheritance.scala:55 Dropped parents QualifiedName(List(Name(officeDashJsLib), Name(OfficeNs), Name(Item))) at Name(officeDashJsLib) / Name(OfficeNs) / Name(AppointmentCompose) because allParentRefs = Set(TypeRef(QualifiedName(List(Name(officeDashJsLib), Name(OfficeNs), Name(Item))),List(),NoComments)) [id => office-js, phase => scala.js, this => Name(officeDashJsLib) / Name(OfficeNs) / Name(AppointmentCompose)] 
[info ] RemoveDuplicateInheritance.scala:55 Dropped parents QualifiedName(List(Name(officeDashJsLib), Name(OfficeNs), Name(Item))) at Name(officeDashJsLib) / Name(OfficeNs) / Name(AppointmentRead) because allParentRefs = Set(TypeRef(QualifiedName(List(Name(officeDashJsLib), Name(OfficeNs), Name(Item))),List(),NoComments)) [id => office-js, phase => scala.js, this => Name(officeDashJsLib) / Name(OfficeNs) / Name(AppointmentRead)] 
[info ] RemoveMultipleInheritance.scala:39 Dropped parents List(officeDashJsLib.OfficeNs.ItemRead because Would inherit conflicting mutable fields List(notificationMessages, body, recurrence, dateTimeCreated, itemType, dateTimeModifed, seriesId)) [id => office-js, phase => scala.js, this => Name(officeDashJsLib) / Name(OfficeNs) / Name(MessageRead)] 
[info ] RemoveMultipleInheritance.scala:39 Dropped parents List(officeDashJsLib.OfficeNs.ItemCompose because Would inherit conflicting mutable fields List(notificationMessages, body, recurrence, dateTimeCreated, itemType, dateTimeModifed, seriesId)) [id => office-js, phase => scala.js, this => Name(officeDashJsLib) / Name(OfficeNs) / Name(MessageCompose)] 
[debug] PhaseRunner.scala:78 Success [id => office-js, phase => scala.js] 
[error] unknown file:-1 bad option: -P:scalajs:sjsDefinedByDefault,  [id => office-js, phase => build] 
[debug] PhaseRunner.scala:82 Failure, [office-js => Compilation failed] [id => office-js, phase => build] 
