[debug] PhaseRunner.scala:84 Success [id => openfin, phase => typescript] 
[debug] PhaseRunner.scala:84 Success [id => openfin, phase => typescript] 
[debug] PhaseRunner.scala:84 Success [id => openfin, phase => typescript] 
[debug] PhaseRunner.scala:84 Success [id => openfin, phase => typescript] 
[info ] InferredDependency.scala:22 Inferred dependencies Set(TsIdentLibrarySimple(node)) for TsIdentLibrarySimple(openfin) [id => openfin, phase => typescript, file => ../_v2/api/base.d.ts] 
[debug] PhaseRunner.scala:92 Ignored [id => openfin, phase => typescript] 
[debug] PhaseRunner.scala:84 Success [id => openfin, phase => typescript] 
[debug] PhaseRunner.scala:84 Success [id => openfin, phase => typescript] 
[info ] InferredDependency.scala:22 Inferred dependencies Set(TsIdentLibrarySimple(node)) for TsIdentLibrarySimple(openfin) [id => openfin, phase => typescript, file => ../api/events/emitterMap.d.ts] 
[debug] PhaseRunner.scala:84 Success [id => openfin, phase => typescript] 
[debug] PhaseRunner.scala:84 Success [id => openfin, phase => typescript] 
[info ] InferredDependency.scala:22 Inferred dependencies Set(TsIdentLibrarySimple(node)) for TsIdentLibrarySimple(openfin) [id => openfin, phase => typescript, file => ../_v2/transport/transport.d.ts] 
[debug] PhaseRunner.scala:92 Ignored [id => openfin, phase => typescript] 
[debug] PhaseRunner.scala:84 Success [id => openfin, phase => typescript] 
[info ] InferredDependency.scala:22 Inferred dependencies Set(TsIdentLibrarySimple(node)) for TsIdentLibrarySimple(openfin) [id => openfin, phase => typescript, file => ../_v2/transport/wire.d.ts] 
[debug] PhaseRunner.scala:84 Success [id => openfin, phase => typescript] 
[debug] PhaseRunner.scala:84 Success [id => openfin, phase => typescript] 
[debug] PhaseRunner.scala:84 Success [id => openfin, phase => typescript] 
[debug] PhaseRunner.scala:84 Success [id => openfin, phase => typescript] 
[debug] PhaseRunner.scala:92 Ignored [id => openfin, phase => typescript] 
[debug] PhaseRunner.scala:84 Success [id => openfin, phase => typescript] 
[debug] PhaseRunner.scala:84 Success [id => openfin, phase => typescript] 
[debug] PhaseRunner.scala:84 Success [id => openfin, phase => typescript] 
[debug] PhaseRunner.scala:84 Success [id => openfin, phase => typescript] 
[debug] PhaseRunner.scala:92 Ignored [id => openfin, phase => typescript] 
[debug] PhaseRunner.scala:84 Success [id => openfin, phase => typescript] 
[debug] PhaseRunner.scala:92 Ignored [id => openfin, phase => typescript] 
[debug] PhaseRunner.scala:84 Success [id => openfin, phase => typescript] 
[debug] PhaseRunner.scala:84 Success [id => openfin, phase => typescript] 
[debug] PhaseRunner.scala:84 Success [id => openfin, phase => typescript] 
[debug] PhaseRunner.scala:84 Success [id => openfin, phase => typescript] 
[debug] PhaseRunner.scala:84 Success [id => openfin, phase => typescript] 
[debug] PhaseRunner.scala:84 Success [id => openfin, phase => typescript] 
[debug] PhaseRunner.scala:84 Success [id => openfin, phase => typescript] 
[debug] PhaseRunner.scala:84 Success [id => openfin, phase => typescript] 
[debug] PhaseRunner.scala:84 Success [id => openfin, phase => typescript] 
[info ] InferredDependency.scala:22 Inferred dependencies Set(TsIdentLibrarySimple(node)) for TsIdentLibrarySimple(openfin) [id => openfin, phase => typescript, file => ../_v2/api/fin.d.ts] 
[debug] PhaseRunner.scala:84 Success [id => openfin, phase => typescript] 
[debug] PhaseRunner.scala:92 Ignored [id => openfin, phase => typescript] 
[debug] PhaseRunner.scala:84 Success [id => openfin, phase => typescript] 
[debug] PhaseRunner.scala:84 Success [id => openfin, phase => typescript] 
[info ] InferredDependency.scala:22 Inferred dependencies Set(TsIdentLibrarySimple(node)) for TsIdentLibrarySimple(openfin) [id => openfin, phase => typescript, file => ../api/interappbus/interappbus.d.ts] 
[debug] PhaseRunner.scala:84 Success [id => openfin, phase => typescript] 
[debug] PhaseRunner.scala:84 Success [id => openfin, phase => typescript] 
[debug] PhaseRunner.scala:84 Success [id => openfin, phase => typescript] 
[debug] PhaseRunner.scala:92 Ignored [id => openfin, phase => typescript] 
[debug] PhaseRunner.scala:84 Success [id => openfin, phase => typescript] 
[debug] PhaseRunner.scala:84 Success [id => openfin, phase => typescript] 
[debug] PhaseRunner.scala:84 Success [id => openfin, phase => typescript] 
[debug] PhaseRunner.scala:84 Success [id => openfin, phase => typescript] 
[debug] PhaseRunner.scala:84 Success [id => openfin, phase => typescript] 
[debug] PhaseRunner.scala:84 Success [id => openfin, phase => typescript] 
[debug] PhaseRunner.scala:84 Success [id => openfin, phase => typescript] 
[debug] PhaseRunner.scala:84 Success [id => openfin, phase => typescript] 
[debug] PhaseRunner.scala:84 Success [id => openfin, phase => typescript] 
[debug] PhaseRunner.scala:84 Success [id => openfin, phase => typescript] 
[debug] PhaseRunner.scala:84 Success [id => openfin, phase => typescript] 
[debug] PhaseRunner.scala:84 Success [id => openfin, phase => typescript] 
[debug] PhaseRunner.scala:84 Success [id => openfin, phase => typescript] 
[debug] PhaseRunner.scala:84 Success [id => openfin, phase => typescript] 
[debug] PhaseRunner.scala:84 Success [id => openfin, phase => typescript] 
[debug] PhaseRunner.scala:84 Success [id => openfin, phase => typescript] 
[debug] PhaseRunner.scala:84 Success [id => openfin, phase => typescript] 
[debug] PhaseRunner.scala:84 Success [id => openfin, phase => typescript] 
[debug] PhaseRunner.scala:84 Success [id => openfin, phase => typescript] 
[debug] PhaseRunner.scala:84 Success [id => openfin, phase => typescript] 
[debug] PhaseRunner.scala:84 Success [id => openfin, phase => typescript] 
[debug] PhaseRunner.scala:84 Success [id => openfin, phase => typescript] 
[debug] PhaseRunner.scala:84 Success [id => openfin, phase => typescript] 
[debug] PhaseRunner.scala:84 Success [id => openfin, phase => typescript] 
[debug] PhaseRunner.scala:84 Success [id => openfin, phase => typescript] 
[debug] PhaseRunner.scala:84 Success [id => openfin, phase => typescript] 
[debug] PhaseRunner.scala:84 Success [id => openfin, phase => typescript] 
[debug] PhaseRunner.scala:84 Success [id => openfin, phase => typescript] 
[info ] InferredDependency.scala:22 Inferred dependencies Set(TsIdentLibrarySimple(node)) for TsIdentLibrarySimple(openfin) [id => openfin, phase => typescript, file => ../_v2/launcher/launcher.d.ts] 
[debug] PhaseRunner.scala:84 Success [id => openfin, phase => typescript] 
[info ] InferredDependency.scala:22 Inferred dependencies Set(TsIdentLibrarySimple(node)) for TsIdentLibrarySimple(openfin) [id => openfin, phase => typescript, file => ../_v2/launcher/nix-launch.d.ts] 
[debug] PhaseRunner.scala:84 Success [id => openfin, phase => typescript] 
[debug] PhaseRunner.scala:84 Success [id => openfin, phase => typescript] 
[info ] InferredDependency.scala:22 Inferred dependencies Set(TsIdentLibrarySimple(node)) for TsIdentLibrarySimple(openfin) [id => openfin, phase => typescript, file => ../_v2/launcher/win-launch.d.ts] 
[debug] PhaseRunner.scala:84 Success [id => openfin, phase => typescript] 
[debug] PhaseRunner.scala:84 Success [id => openfin, phase => typescript] 
[info ] InferredDependency.scala:22 Inferred dependencies Set(TsIdentLibrarySimple(node)) for TsIdentLibrarySimple(openfin) [id => openfin, phase => typescript, file => ../_v2/transport/elipc.d.ts] 
[debug] PhaseRunner.scala:84 Success [id => openfin, phase => typescript] 
[debug] PhaseRunner.scala:84 Success [id => openfin, phase => typescript] 
[debug] PhaseRunner.scala:84 Success [id => openfin, phase => typescript] 
[info ] InferredDependency.scala:22 Inferred dependencies Set(TsIdentLibrarySimple(node)) for TsIdentLibrarySimple(openfin) [id => openfin, phase => typescript, file => ../_v2/transport/websocket.d.ts] 
[debug] PhaseRunner.scala:84 Success [id => openfin, phase => typescript] 
[debug] PhaseRunner.scala:84 Success [id => openfin, phase => typescript] 
[debug] PhaseRunner.scala:84 Success [id => openfin, phase => typescript] 
[debug] PhaseRunner.scala:84 Success [id => openfin, phase => typescript] 
[debug] PhaseRunner.scala:84 Success [id => openfin, phase => typescript] 
[info ] Phase1ReadTypescript.scala:170 Preprocessing TsHelperFile(InFile(/home/tso/tmp/tso-cache/DefinitelyTyped/types/openfin/_v2/api/application/application.d.ts),FromFolder(InFolder(/home/tso/tmp/tso-cache/DefinitelyTyped/types/openfin),TsIdentLibrarySimple(openfin)),TsIdentModule(None,List(openfin, _v2, api, application, application))) [id => openfin, phase => typescript] 
[info ] InferredDefaultModule.scala:39 Inferred module TsIdentModule(None,List(openfin, _v2, api, application, application)) [id => openfin, phase => typescript] 
[info ] Phase1ReadTypescript.scala:170 Preprocessing TsHelperFile(InFile(/home/tso/tmp/tso-cache/DefinitelyTyped/types/openfin/_v2/api/application/applicationOption.d.ts),FromFolder(InFolder(/home/tso/tmp/tso-cache/DefinitelyTyped/types/openfin),TsIdentLibrarySimple(openfin)),TsIdentModule(None,List(openfin, _v2, api, application, applicationOption))) [id => openfin, phase => typescript] 
[info ] InferredDefaultModule.scala:39 Inferred module TsIdentModule(None,List(openfin, _v2, api, application, applicationOption)) [id => openfin, phase => typescript] 
[info ] Phase1ReadTypescript.scala:170 Preprocessing TsHelperFile(InFile(/home/tso/tmp/tso-cache/DefinitelyTyped/types/openfin/_v2/api/base.d.ts),FromFolder(InFolder(/home/tso/tmp/tso-cache/DefinitelyTyped/types/openfin),TsIdentLibrarySimple(openfin)),TsIdentModule(None,List(openfin, _v2, api, base))) [id => openfin, phase => typescript] 
[info ] InferredDefaultModule.scala:39 Inferred module TsIdentModule(None,List(openfin, _v2, api, base)) [id => openfin, phase => typescript] 
[info ] Phase1ReadTypescript.scala:170 Preprocessing TsHelperFile(InFile(/home/tso/tmp/tso-cache/DefinitelyTyped/types/openfin/_v2/api/browserview/browserview.d.ts),FromFolder(InFolder(/home/tso/tmp/tso-cache/DefinitelyTyped/types/openfin),TsIdentLibrarySimple(openfin)),TsIdentModule(None,List(openfin, _v2, api, browserview, browserview))) [id => openfin, phase => typescript] 
[info ] InferredDefaultModule.scala:39 Inferred module TsIdentModule(None,List(openfin, _v2, api, browserview, browserview)) [id => openfin, phase => typescript] 
[info ] Phase1ReadTypescript.scala:170 Preprocessing TsHelperFile(InFile(/home/tso/tmp/tso-cache/DefinitelyTyped/types/openfin/_v2/api/clipboard/clipboard.d.ts),FromFolder(InFolder(/home/tso/tmp/tso-cache/DefinitelyTyped/types/openfin),TsIdentLibrarySimple(openfin)),TsIdentModule(None,List(openfin, _v2, api, clipboard, clipboard))) [id => openfin, phase => typescript] 
[info ] InferredDefaultModule.scala:39 Inferred module TsIdentModule(None,List(openfin, _v2, api, clipboard, clipboard)) [id => openfin, phase => typescript] 
[info ] Phase1ReadTypescript.scala:170 Preprocessing TsHelperFile(InFile(/home/tso/tmp/tso-cache/DefinitelyTyped/types/openfin/_v2/api/clipboard/write-request.d.ts),FromFolder(InFolder(/home/tso/tmp/tso-cache/DefinitelyTyped/types/openfin),TsIdentLibrarySimple(openfin)),TsIdentModule(None,List(openfin, _v2, api, clipboard, write-request))) [id => openfin, phase => typescript] 
[info ] InferredDefaultModule.scala:39 Inferred module TsIdentModule(None,List(openfin, _v2, api, clipboard, write-request)) [id => openfin, phase => typescript] 
[info ] Phase1ReadTypescript.scala:170 Preprocessing TsHelperFile(InFile(/home/tso/tmp/tso-cache/DefinitelyTyped/types/openfin/_v2/api/events/application.d.ts),FromFolder(InFolder(/home/tso/tmp/tso-cache/DefinitelyTyped/types/openfin),TsIdentLibrarySimple(openfin)),TsIdentModule(None,List(openfin, _v2, api, events, application))) [id => openfin, phase => typescript] 
[info ] InferredDefaultModule.scala:39 Inferred module TsIdentModule(None,List(openfin, _v2, api, events, application)) [id => openfin, phase => typescript] 
[info ] Phase1ReadTypescript.scala:170 Preprocessing TsHelperFile(InFile(/home/tso/tmp/tso-cache/DefinitelyTyped/types/openfin/_v2/api/events/base.d.ts),FromFolder(InFolder(/home/tso/tmp/tso-cache/DefinitelyTyped/types/openfin),TsIdentLibrarySimple(openfin)),TsIdentModule(None,List(openfin, _v2, api, events, base))) [id => openfin, phase => typescript] 
[info ] InferredDefaultModule.scala:39 Inferred module TsIdentModule(None,List(openfin, _v2, api, events, base)) [id => openfin, phase => typescript] 
[info ] Phase1ReadTypescript.scala:170 Preprocessing TsHelperFile(InFile(/home/tso/tmp/tso-cache/DefinitelyTyped/types/openfin/_v2/api/events/channel.d.ts),FromFolder(InFolder(/home/tso/tmp/tso-cache/DefinitelyTyped/types/openfin),TsIdentLibrarySimple(openfin)),TsIdentModule(None,List(openfin, _v2, api, events, channel))) [id => openfin, phase => typescript] 
[info ] InferredDefaultModule.scala:39 Inferred module TsIdentModule(None,List(openfin, _v2, api, events, channel)) [id => openfin, phase => typescript] 
[info ] Phase1ReadTypescript.scala:170 Preprocessing TsHelperFile(InFile(/home/tso/tmp/tso-cache/DefinitelyTyped/types/openfin/_v2/api/events/emitterMap.d.ts),FromFolder(InFolder(/home/tso/tmp/tso-cache/DefinitelyTyped/types/openfin),TsIdentLibrarySimple(openfin)),TsIdentModule(None,List(openfin, _v2, api, events, emitterMap))) [id => openfin, phase => typescript] 
[info ] InferredDefaultModule.scala:39 Inferred module TsIdentModule(None,List(openfin, _v2, api, events, emitterMap)) [id => openfin, phase => typescript] 
[info ] Phase1ReadTypescript.scala:170 Preprocessing TsHelperFile(InFile(/home/tso/tmp/tso-cache/DefinitelyTyped/types/openfin/_v2/api/events/eventAggregator.d.ts),FromFolder(InFolder(/home/tso/tmp/tso-cache/DefinitelyTyped/types/openfin),TsIdentLibrarySimple(openfin)),TsIdentModule(None,List(openfin, _v2, api, events, eventAggregator))) [id => openfin, phase => typescript] 
[info ] InferredDefaultModule.scala:39 Inferred module TsIdentModule(None,List(openfin, _v2, api, events, eventAggregator)) [id => openfin, phase => typescript] 
[info ] Phase1ReadTypescript.scala:170 Preprocessing TsHelperFile(InFile(/home/tso/tmp/tso-cache/DefinitelyTyped/types/openfin/_v2/api/events/externalApplication.d.ts),FromFolder(InFolder(/home/tso/tmp/tso-cache/DefinitelyTyped/types/openfin),TsIdentLibrarySimple(openfin)),TsIdentModule(None,List(openfin, _v2, api, events, externalApplication))) [id => openfin, phase => typescript] 
[info ] InferredDefaultModule.scala:39 Inferred module TsIdentModule(None,List(openfin, _v2, api, events, externalApplication)) [id => openfin, phase => typescript] 
[info ] Phase1ReadTypescript.scala:170 Preprocessing TsHelperFile(InFile(/home/tso/tmp/tso-cache/DefinitelyTyped/types/openfin/_v2/api/events/externalWindow.d.ts),FromFolder(InFolder(/home/tso/tmp/tso-cache/DefinitelyTyped/types/openfin),TsIdentLibrarySimple(openfin)),TsIdentModule(None,List(openfin, _v2, api, events, externalWindow))) [id => openfin, phase => typescript] 
[info ] InferredDefaultModule.scala:39 Inferred module TsIdentModule(None,List(openfin, _v2, api, events, externalWindow)) [id => openfin, phase => typescript] 
[info ] Phase1ReadTypescript.scala:170 Preprocessing TsHelperFile(InFile(/home/tso/tmp/tso-cache/DefinitelyTyped/types/openfin/_v2/api/events/frame.d.ts),FromFolder(InFolder(/home/tso/tmp/tso-cache/DefinitelyTyped/types/openfin),TsIdentLibrarySimple(openfin)),TsIdentModule(None,List(openfin, _v2, api, events, frame))) [id => openfin, phase => typescript] 
[info ] InferredDefaultModule.scala:39 Inferred module TsIdentModule(None,List(openfin, _v2, api, events, frame)) [id => openfin, phase => typescript] 
[info ] Phase1ReadTypescript.scala:170 Preprocessing TsHelperFile(InFile(/home/tso/tmp/tso-cache/DefinitelyTyped/types/openfin/_v2/api/events/globalHotkey.d.ts),FromFolder(InFolder(/home/tso/tmp/tso-cache/DefinitelyTyped/types/openfin),TsIdentLibrarySimple(openfin)),TsIdentModule(None,List(openfin, _v2, api, events, globalHotkey))) [id => openfin, phase => typescript] 
[info ] InferredDefaultModule.scala:39 Inferred module TsIdentModule(None,List(openfin, _v2, api, events, globalHotkey)) [id => openfin, phase => typescript] 
[info ] Phase1ReadTypescript.scala:170 Preprocessing TsHelperFile(InFile(/home/tso/tmp/tso-cache/DefinitelyTyped/types/openfin/_v2/api/events/notifications.d.ts),FromFolder(InFolder(/home/tso/tmp/tso-cache/DefinitelyTyped/types/openfin),TsIdentLibrarySimple(openfin)),TsIdentModule(None,List(openfin, _v2, api, events, notifications))) [id => openfin, phase => typescript] 
[info ] InferredDefaultModule.scala:39 Inferred module TsIdentModule(None,List(openfin, _v2, api, events, notifications)) [id => openfin, phase => typescript] 
[info ] Phase1ReadTypescript.scala:170 Preprocessing TsHelperFile(InFile(/home/tso/tmp/tso-cache/DefinitelyTyped/types/openfin/_v2/api/events/system.d.ts),FromFolder(InFolder(/home/tso/tmp/tso-cache/DefinitelyTyped/types/openfin),TsIdentLibrarySimple(openfin)),TsIdentModule(None,List(openfin, _v2, api, events, system))) [id => openfin, phase => typescript] 
[info ] InferredDefaultModule.scala:39 Inferred module TsIdentModule(None,List(openfin, _v2, api, events, system)) [id => openfin, phase => typescript] 
[info ] Phase1ReadTypescript.scala:170 Preprocessing TsHelperFile(InFile(/home/tso/tmp/tso-cache/DefinitelyTyped/types/openfin/_v2/api/events/window.d.ts),FromFolder(InFolder(/home/tso/tmp/tso-cache/DefinitelyTyped/types/openfin),TsIdentLibrarySimple(openfin)),TsIdentModule(None,List(openfin, _v2, api, events, window))) [id => openfin, phase => typescript] 
[info ] InferredDefaultModule.scala:39 Inferred module TsIdentModule(None,List(openfin, _v2, api, events, window)) [id => openfin, phase => typescript] 
[info ] Phase1ReadTypescript.scala:170 Preprocessing TsHelperFile(InFile(/home/tso/tmp/tso-cache/DefinitelyTyped/types/openfin/_v2/api/external-application/external-application.d.ts),FromFolder(InFolder(/home/tso/tmp/tso-cache/DefinitelyTyped/types/openfin),TsIdentLibrarySimple(openfin)),TsIdentModule(None,List(openfin, _v2, api, external-application, external-application))) [id => openfin, phase => typescript] 
[info ] InferredDefaultModule.scala:39 Inferred module TsIdentModule(None,List(openfin, _v2, api, external-application, external-application)) [id => openfin, phase => typescript] 
[info ] Phase1ReadTypescript.scala:170 Preprocessing TsHelperFile(InFile(/home/tso/tmp/tso-cache/DefinitelyTyped/types/openfin/_v2/api/external-window/external-window.d.ts),FromFolder(InFolder(/home/tso/tmp/tso-cache/DefinitelyTyped/types/openfin),TsIdentLibrarySimple(openfin)),TsIdentModule(None,List(openfin, _v2, api, external-window, external-window))) [id => openfin, phase => typescript] 
[info ] InferredDefaultModule.scala:39 Inferred module TsIdentModule(None,List(openfin, _v2, api, external-window, external-window)) [id => openfin, phase => typescript] 
[info ] Phase1ReadTypescript.scala:170 Preprocessing TsHelperFile(InFile(/home/tso/tmp/tso-cache/DefinitelyTyped/types/openfin/_v2/api/fin.d.ts),FromFolder(InFolder(/home/tso/tmp/tso-cache/DefinitelyTyped/types/openfin),TsIdentLibrarySimple(openfin)),TsIdentModule(None,List(openfin, _v2, api, fin))) [id => openfin, phase => typescript] 
[info ] InferredDefaultModule.scala:39 Inferred module TsIdentModule(None,List(openfin, _v2, api, fin)) [id => openfin, phase => typescript] 
[info ] Phase1ReadTypescript.scala:170 Preprocessing TsHelperFile(InFile(/home/tso/tmp/tso-cache/DefinitelyTyped/types/openfin/_v2/api/frame/frame.d.ts),FromFolder(InFolder(/home/tso/tmp/tso-cache/DefinitelyTyped/types/openfin),TsIdentLibrarySimple(openfin)),TsIdentModule(None,List(openfin, _v2, api, frame, frame))) [id => openfin, phase => typescript] 
[info ] InferredDefaultModule.scala:39 Inferred module TsIdentModule(None,List(openfin, _v2, api, frame, frame)) [id => openfin, phase => typescript] 
[info ] Phase1ReadTypescript.scala:170 Preprocessing TsHelperFile(InFile(/home/tso/tmp/tso-cache/DefinitelyTyped/types/openfin/_v2/api/global-hotkey/index.d.ts),FromFolder(InFolder(/home/tso/tmp/tso-cache/DefinitelyTyped/types/openfin),TsIdentLibrarySimple(openfin)),TsIdentModule(None,List(openfin, _v2, api, global-hotkey))) [id => openfin, phase => typescript] 
[info ] InferredDefaultModule.scala:39 Inferred module TsIdentModule(None,List(openfin, _v2, api, global-hotkey)) [id => openfin, phase => typescript] 
[info ] Phase1ReadTypescript.scala:170 Preprocessing TsHelperFile(InFile(/home/tso/tmp/tso-cache/DefinitelyTyped/types/openfin/_v2/api/interappbus/channel/channel.d.ts),FromFolder(InFolder(/home/tso/tmp/tso-cache/DefinitelyTyped/types/openfin),TsIdentLibrarySimple(openfin)),TsIdentModule(None,List(openfin, _v2, api, interappbus, channel, channel))) [id => openfin, phase => typescript] 
[info ] InferredDefaultModule.scala:39 Inferred module TsIdentModule(None,List(openfin, _v2, api, interappbus, channel, channel)) [id => openfin, phase => typescript] 
[info ] Phase1ReadTypescript.scala:170 Preprocessing TsHelperFile(InFile(/home/tso/tmp/tso-cache/DefinitelyTyped/types/openfin/_v2/api/interappbus/channel/client.d.ts),FromFolder(InFolder(/home/tso/tmp/tso-cache/DefinitelyTyped/types/openfin),TsIdentLibrarySimple(openfin)),TsIdentModule(None,List(openfin, _v2, api, interappbus, channel, client))) [id => openfin, phase => typescript] 
[info ] InferredDefaultModule.scala:39 Inferred module TsIdentModule(None,List(openfin, _v2, api, interappbus, channel, client)) [id => openfin, phase => typescript] 
[info ] Phase1ReadTypescript.scala:170 Preprocessing TsHelperFile(InFile(/home/tso/tmp/tso-cache/DefinitelyTyped/types/openfin/_v2/api/interappbus/channel/index.d.ts),FromFolder(InFolder(/home/tso/tmp/tso-cache/DefinitelyTyped/types/openfin),TsIdentLibrarySimple(openfin)),TsIdentModule(None,List(openfin, _v2, api, interappbus, channel))) [id => openfin, phase => typescript] 
[info ] InferredDefaultModule.scala:39 Inferred module TsIdentModule(None,List(openfin, _v2, api, interappbus, channel)) [id => openfin, phase => typescript] 
[info ] Phase1ReadTypescript.scala:170 Preprocessing TsHelperFile(InFile(/home/tso/tmp/tso-cache/DefinitelyTyped/types/openfin/_v2/api/interappbus/channel/provider.d.ts),FromFolder(InFolder(/home/tso/tmp/tso-cache/DefinitelyTyped/types/openfin),TsIdentLibrarySimple(openfin)),TsIdentModule(None,List(openfin, _v2, api, interappbus, channel, provider))) [id => openfin, phase => typescript] 
[info ] InferredDefaultModule.scala:39 Inferred module TsIdentModule(None,List(openfin, _v2, api, interappbus, channel, provider)) [id => openfin, phase => typescript] 
[info ] Phase1ReadTypescript.scala:170 Preprocessing TsHelperFile(InFile(/home/tso/tmp/tso-cache/DefinitelyTyped/types/openfin/_v2/api/interappbus/interappbus.d.ts),FromFolder(InFolder(/home/tso/tmp/tso-cache/DefinitelyTyped/types/openfin),TsIdentLibrarySimple(openfin)),TsIdentModule(None,List(openfin, _v2, api, interappbus, interappbus))) [id => openfin, phase => typescript] 
[info ] InferredDefaultModule.scala:39 Inferred module TsIdentModule(None,List(openfin, _v2, api, interappbus, interappbus)) [id => openfin, phase => typescript] 
[info ] Phase1ReadTypescript.scala:170 Preprocessing TsHelperFile(InFile(/home/tso/tmp/tso-cache/DefinitelyTyped/types/openfin/_v2/api/notification/notification.d.ts),FromFolder(InFolder(/home/tso/tmp/tso-cache/DefinitelyTyped/types/openfin),TsIdentLibrarySimple(openfin)),TsIdentModule(None,List(openfin, _v2, api, notification, notification))) [id => openfin, phase => typescript] 
[info ] InferredDefaultModule.scala:39 Inferred module TsIdentModule(None,List(openfin, _v2, api, notification, notification)) [id => openfin, phase => typescript] 
[info ] Phase1ReadTypescript.scala:170 Preprocessing TsHelperFile(InFile(/home/tso/tmp/tso-cache/DefinitelyTyped/types/openfin/_v2/api/system/application.d.ts),FromFolder(InFolder(/home/tso/tmp/tso-cache/DefinitelyTyped/types/openfin),TsIdentLibrarySimple(openfin)),TsIdentModule(None,List(openfin, _v2, api, system, application))) [id => openfin, phase => typescript] 
[info ] InferredDefaultModule.scala:39 Inferred module TsIdentModule(None,List(openfin, _v2, api, system, application)) [id => openfin, phase => typescript] 
[info ] Phase1ReadTypescript.scala:170 Preprocessing TsHelperFile(InFile(/home/tso/tmp/tso-cache/DefinitelyTyped/types/openfin/_v2/api/system/clearCacheOption.d.ts),FromFolder(InFolder(/home/tso/tmp/tso-cache/DefinitelyTyped/types/openfin),TsIdentLibrarySimple(openfin)),TsIdentModule(None,List(openfin, _v2, api, system, clearCacheOption))) [id => openfin, phase => typescript] 
[info ] InferredDefaultModule.scala:39 Inferred module TsIdentModule(None,List(openfin, _v2, api, system, clearCacheOption)) [id => openfin, phase => typescript] 
[info ] Phase1ReadTypescript.scala:170 Preprocessing TsHelperFile(InFile(/home/tso/tmp/tso-cache/DefinitelyTyped/types/openfin/_v2/api/system/cookie.d.ts),FromFolder(InFolder(/home/tso/tmp/tso-cache/DefinitelyTyped/types/openfin),TsIdentLibrarySimple(openfin)),TsIdentModule(None,List(openfin, _v2, api, system, cookie))) [id => openfin, phase => typescript] 
[info ] InferredDefaultModule.scala:39 Inferred module TsIdentModule(None,List(openfin, _v2, api, system, cookie)) [id => openfin, phase => typescript] 
[info ] Phase1ReadTypescript.scala:170 Preprocessing TsHelperFile(InFile(/home/tso/tmp/tso-cache/DefinitelyTyped/types/openfin/_v2/api/system/crashReporterOption.d.ts),FromFolder(InFolder(/home/tso/tmp/tso-cache/DefinitelyTyped/types/openfin),TsIdentLibrarySimple(openfin)),TsIdentModule(None,List(openfin, _v2, api, system, crashReporterOption))) [id => openfin, phase => typescript] 
[info ] InferredDefaultModule.scala:39 Inferred module TsIdentModule(None,List(openfin, _v2, api, system, crashReporterOption)) [id => openfin, phase => typescript] 
[info ] Phase1ReadTypescript.scala:170 Preprocessing TsHelperFile(InFile(/home/tso/tmp/tso-cache/DefinitelyTyped/types/openfin/_v2/api/system/download-asset.d.ts),FromFolder(InFolder(/home/tso/tmp/tso-cache/DefinitelyTyped/types/openfin),TsIdentLibrarySimple(openfin)),TsIdentModule(None,List(openfin, _v2, api, system, download-asset))) [id => openfin, phase => typescript] 
[info ] InferredDefaultModule.scala:39 Inferred module TsIdentModule(None,List(openfin, _v2, api, system, download-asset)) [id => openfin, phase => typescript] 
[info ] Phase1ReadTypescript.scala:170 Preprocessing TsHelperFile(InFile(/home/tso/tmp/tso-cache/DefinitelyTyped/types/openfin/_v2/api/system/download-preload.d.ts),FromFolder(InFolder(/home/tso/tmp/tso-cache/DefinitelyTyped/types/openfin),TsIdentLibrarySimple(openfin)),TsIdentModule(None,List(openfin, _v2, api, system, download-preload))) [id => openfin, phase => typescript] 
[info ] InferredDefaultModule.scala:39 Inferred module TsIdentModule(None,List(openfin, _v2, api, system, download-preload)) [id => openfin, phase => typescript] 
[info ] Phase1ReadTypescript.scala:170 Preprocessing TsHelperFile(InFile(/home/tso/tmp/tso-cache/DefinitelyTyped/types/openfin/_v2/api/system/entity.d.ts),FromFolder(InFolder(/home/tso/tmp/tso-cache/DefinitelyTyped/types/openfin),TsIdentLibrarySimple(openfin)),TsIdentModule(None,List(openfin, _v2, api, system, entity))) [id => openfin, phase => typescript] 
[info ] InferredDefaultModule.scala:39 Inferred module TsIdentModule(None,List(openfin, _v2, api, system, entity)) [id => openfin, phase => typescript] 
[info ] Phase1ReadTypescript.scala:170 Preprocessing TsHelperFile(InFile(/home/tso/tmp/tso-cache/DefinitelyTyped/types/openfin/_v2/api/system/external-process.d.ts),FromFolder(InFolder(/home/tso/tmp/tso-cache/DefinitelyTyped/types/openfin),TsIdentLibrarySimple(openfin)),TsIdentModule(None,List(openfin, _v2, api, system, external-process))) [id => openfin, phase => typescript] 
[info ] InferredDefaultModule.scala:39 Inferred module TsIdentModule(None,List(openfin, _v2, api, system, external-process)) [id => openfin, phase => typescript] 
[info ] Phase1ReadTypescript.scala:170 Preprocessing TsHelperFile(InFile(/home/tso/tmp/tso-cache/DefinitelyTyped/types/openfin/_v2/api/system/host-specs.d.ts),FromFolder(InFolder(/home/tso/tmp/tso-cache/DefinitelyTyped/types/openfin),TsIdentLibrarySimple(openfin)),TsIdentModule(None,List(openfin, _v2, api, system, host-specs))) [id => openfin, phase => typescript] 
[info ] InferredDefaultModule.scala:39 Inferred module TsIdentModule(None,List(openfin, _v2, api, system, host-specs)) [id => openfin, phase => typescript] 
[info ] Phase1ReadTypescript.scala:170 Preprocessing TsHelperFile(InFile(/home/tso/tmp/tso-cache/DefinitelyTyped/types/openfin/_v2/api/system/log.d.ts),FromFolder(InFolder(/home/tso/tmp/tso-cache/DefinitelyTyped/types/openfin),TsIdentLibrarySimple(openfin)),TsIdentModule(None,List(openfin, _v2, api, system, log))) [id => openfin, phase => typescript] 
[info ] InferredDefaultModule.scala:39 Inferred module TsIdentModule(None,List(openfin, _v2, api, system, log)) [id => openfin, phase => typescript] 
[info ] Phase1ReadTypescript.scala:170 Preprocessing TsHelperFile(InFile(/home/tso/tmp/tso-cache/DefinitelyTyped/types/openfin/_v2/api/system/monitor.d.ts),FromFolder(InFolder(/home/tso/tmp/tso-cache/DefinitelyTyped/types/openfin),TsIdentLibrarySimple(openfin)),TsIdentModule(None,List(openfin, _v2, api, system, monitor))) [id => openfin, phase => typescript] 
[info ] InferredDefaultModule.scala:39 Inferred module TsIdentModule(None,List(openfin, _v2, api, system, monitor)) [id => openfin, phase => typescript] 
[info ] Phase1ReadTypescript.scala:170 Preprocessing TsHelperFile(InFile(/home/tso/tmp/tso-cache/DefinitelyTyped/types/openfin/_v2/api/system/point.d.ts),FromFolder(InFolder(/home/tso/tmp/tso-cache/DefinitelyTyped/types/openfin),TsIdentLibrarySimple(openfin)),TsIdentModule(None,List(openfin, _v2, api, system, point))) [id => openfin, phase => typescript] 
[info ] InferredDefaultModule.scala:39 Inferred module TsIdentModule(None,List(openfin, _v2, api, system, point)) [id => openfin, phase => typescript] 
[info ] Phase1ReadTypescript.scala:170 Preprocessing TsHelperFile(InFile(/home/tso/tmp/tso-cache/DefinitelyTyped/types/openfin/_v2/api/system/process.d.ts),FromFolder(InFolder(/home/tso/tmp/tso-cache/DefinitelyTyped/types/openfin),TsIdentLibrarySimple(openfin)),TsIdentModule(None,List(openfin, _v2, api, system, process))) [id => openfin, phase => typescript] 
[info ] InferredDefaultModule.scala:39 Inferred module TsIdentModule(None,List(openfin, _v2, api, system, process)) [id => openfin, phase => typescript] 
[info ] Phase1ReadTypescript.scala:170 Preprocessing TsHelperFile(InFile(/home/tso/tmp/tso-cache/DefinitelyTyped/types/openfin/_v2/api/system/proxy.d.ts),FromFolder(InFolder(/home/tso/tmp/tso-cache/DefinitelyTyped/types/openfin),TsIdentLibrarySimple(openfin)),TsIdentModule(None,List(openfin, _v2, api, system, proxy))) [id => openfin, phase => typescript] 
[info ] InferredDefaultModule.scala:39 Inferred module TsIdentModule(None,List(openfin, _v2, api, system, proxy)) [id => openfin, phase => typescript] 
[info ] Phase1ReadTypescript.scala:170 Preprocessing TsHelperFile(InFile(/home/tso/tmp/tso-cache/DefinitelyTyped/types/openfin/_v2/api/system/registry-info.d.ts),FromFolder(InFolder(/home/tso/tmp/tso-cache/DefinitelyTyped/types/openfin),TsIdentLibrarySimple(openfin)),TsIdentModule(None,List(openfin, _v2, api, system, registry-info))) [id => openfin, phase => typescript] 
[info ] InferredDefaultModule.scala:39 Inferred module TsIdentModule(None,List(openfin, _v2, api, system, registry-info)) [id => openfin, phase => typescript] 
[info ] Phase1ReadTypescript.scala:170 Preprocessing TsHelperFile(InFile(/home/tso/tmp/tso-cache/DefinitelyTyped/types/openfin/_v2/api/system/runtime-info.d.ts),FromFolder(InFolder(/home/tso/tmp/tso-cache/DefinitelyTyped/types/openfin),TsIdentLibrarySimple(openfin)),TsIdentModule(None,List(openfin, _v2, api, system, runtime-info))) [id => openfin, phase => typescript] 
[info ] InferredDefaultModule.scala:39 Inferred module TsIdentModule(None,List(openfin, _v2, api, system, runtime-info)) [id => openfin, phase => typescript] 
[info ] Phase1ReadTypescript.scala:170 Preprocessing TsHelperFile(InFile(/home/tso/tmp/tso-cache/DefinitelyTyped/types/openfin/_v2/api/system/rvm.d.ts),FromFolder(InFolder(/home/tso/tmp/tso-cache/DefinitelyTyped/types/openfin),TsIdentLibrarySimple(openfin)),TsIdentModule(None,List(openfin, _v2, api, system, rvm))) [id => openfin, phase => typescript] 
[info ] InferredDefaultModule.scala:39 Inferred module TsIdentModule(None,List(openfin, _v2, api, system, rvm)) [id => openfin, phase => typescript] 
[info ] Phase1ReadTypescript.scala:170 Preprocessing TsHelperFile(InFile(/home/tso/tmp/tso-cache/DefinitelyTyped/types/openfin/_v2/api/system/system.d.ts),FromFolder(InFolder(/home/tso/tmp/tso-cache/DefinitelyTyped/types/openfin),TsIdentLibrarySimple(openfin)),TsIdentModule(None,List(openfin, _v2, api, system, system))) [id => openfin, phase => typescript] 
[info ] InferredDefaultModule.scala:39 Inferred module TsIdentModule(None,List(openfin, _v2, api, system, system)) [id => openfin, phase => typescript] 
[info ] Phase1ReadTypescript.scala:170 Preprocessing TsHelperFile(InFile(/home/tso/tmp/tso-cache/DefinitelyTyped/types/openfin/_v2/api/system/window.d.ts),FromFolder(InFolder(/home/tso/tmp/tso-cache/DefinitelyTyped/types/openfin),TsIdentLibrarySimple(openfin)),TsIdentModule(None,List(openfin, _v2, api, system, window))) [id => openfin, phase => typescript] 
[info ] InferredDefaultModule.scala:39 Inferred module TsIdentModule(None,List(openfin, _v2, api, system, window)) [id => openfin, phase => typescript] 
[info ] Phase1ReadTypescript.scala:170 Preprocessing TsHelperFile(InFile(/home/tso/tmp/tso-cache/DefinitelyTyped/types/openfin/_v2/api/webcontents/webcontents.d.ts),FromFolder(InFolder(/home/tso/tmp/tso-cache/DefinitelyTyped/types/openfin),TsIdentLibrarySimple(openfin)),TsIdentModule(None,List(openfin, _v2, api, webcontents, webcontents))) [id => openfin, phase => typescript] 
[info ] InferredDefaultModule.scala:39 Inferred module TsIdentModule(None,List(openfin, _v2, api, webcontents, webcontents)) [id => openfin, phase => typescript] 
[info ] Phase1ReadTypescript.scala:170 Preprocessing TsHelperFile(InFile(/home/tso/tmp/tso-cache/DefinitelyTyped/types/openfin/_v2/api/window/bounds-changed.d.ts),FromFolder(InFolder(/home/tso/tmp/tso-cache/DefinitelyTyped/types/openfin),TsIdentLibrarySimple(openfin)),TsIdentModule(None,List(openfin, _v2, api, window, bounds-changed))) [id => openfin, phase => typescript] 
[info ] InferredDefaultModule.scala:39 Inferred module TsIdentModule(None,List(openfin, _v2, api, window, bounds-changed)) [id => openfin, phase => typescript] 
[info ] Phase1ReadTypescript.scala:170 Preprocessing TsHelperFile(InFile(/home/tso/tmp/tso-cache/DefinitelyTyped/types/openfin/_v2/api/window/window.d.ts),FromFolder(InFolder(/home/tso/tmp/tso-cache/DefinitelyTyped/types/openfin),TsIdentLibrarySimple(openfin)),TsIdentModule(None,List(openfin, _v2, api, window, window))) [id => openfin, phase => typescript] 
[info ] InferredDefaultModule.scala:39 Inferred module TsIdentModule(None,List(openfin, _v2, api, window, window)) [id => openfin, phase => typescript] 
[info ] Phase1ReadTypescript.scala:170 Preprocessing TsHelperFile(InFile(/home/tso/tmp/tso-cache/DefinitelyTyped/types/openfin/_v2/api/window/windowOption.d.ts),FromFolder(InFolder(/home/tso/tmp/tso-cache/DefinitelyTyped/types/openfin),TsIdentLibrarySimple(openfin)),TsIdentModule(None,List(openfin, _v2, api, window, windowOption))) [id => openfin, phase => typescript] 
[info ] InferredDefaultModule.scala:39 Inferred module TsIdentModule(None,List(openfin, _v2, api, window, windowOption)) [id => openfin, phase => typescript] 
[info ] Phase1ReadTypescript.scala:170 Preprocessing TsHelperFile(InFile(/home/tso/tmp/tso-cache/DefinitelyTyped/types/openfin/_v2/environment/environment.d.ts),FromFolder(InFolder(/home/tso/tmp/tso-cache/DefinitelyTyped/types/openfin),TsIdentLibrarySimple(openfin)),TsIdentModule(None,List(openfin, _v2, environment, environment))) [id => openfin, phase => typescript] 
[info ] InferredDefaultModule.scala:39 Inferred module TsIdentModule(None,List(openfin, _v2, environment, environment)) [id => openfin, phase => typescript] 
[info ] Phase1ReadTypescript.scala:170 Preprocessing TsHelperFile(InFile(/home/tso/tmp/tso-cache/DefinitelyTyped/types/openfin/_v2/environment/node-env.d.ts),FromFolder(InFolder(/home/tso/tmp/tso-cache/DefinitelyTyped/types/openfin),TsIdentLibrarySimple(openfin)),TsIdentModule(None,List(openfin, _v2, environment, node-env))) [id => openfin, phase => typescript] 
[info ] InferredDefaultModule.scala:39 Inferred module TsIdentModule(None,List(openfin, _v2, environment, node-env)) [id => openfin, phase => typescript] 
[info ] Phase1ReadTypescript.scala:170 Preprocessing TsHelperFile(InFile(/home/tso/tmp/tso-cache/DefinitelyTyped/types/openfin/_v2/environment/openfin-env.d.ts),FromFolder(InFolder(/home/tso/tmp/tso-cache/DefinitelyTyped/types/openfin),TsIdentLibrarySimple(openfin)),TsIdentModule(None,List(openfin, _v2, environment, openfin-env))) [id => openfin, phase => typescript] 
[info ] InferredDefaultModule.scala:39 Inferred module TsIdentModule(None,List(openfin, _v2, environment, openfin-env)) [id => openfin, phase => typescript] 
[info ] Phase1ReadTypescript.scala:170 Preprocessing TsHelperFile(InFile(/home/tso/tmp/tso-cache/DefinitelyTyped/types/openfin/_v2/environment/openfin-renderer-api.d.ts),FromFolder(InFolder(/home/tso/tmp/tso-cache/DefinitelyTyped/types/openfin),TsIdentLibrarySimple(openfin)),TsIdentModule(None,List(openfin, _v2, environment, openfin-renderer-api))) [id => openfin, phase => typescript] 
[info ] InferredDefaultModule.scala:39 Inferred module TsIdentModule(None,List(openfin, _v2, environment, openfin-renderer-api)) [id => openfin, phase => typescript] 
[info ] Phase1ReadTypescript.scala:170 Preprocessing TsHelperFile(InFile(/home/tso/tmp/tso-cache/DefinitelyTyped/types/openfin/_v2/identity.d.ts),FromFolder(InFolder(/home/tso/tmp/tso-cache/DefinitelyTyped/types/openfin),TsIdentLibrarySimple(openfin)),TsIdentModule(None,List(openfin, _v2, identity))) [id => openfin, phase => typescript] 
[info ] InferredDefaultModule.scala:39 Inferred module TsIdentModule(None,List(openfin, _v2, identity)) [id => openfin, phase => typescript] 
[info ] Phase1ReadTypescript.scala:170 Preprocessing TsHelperFile(InFile(/home/tso/tmp/tso-cache/DefinitelyTyped/types/openfin/_v2/launcher/launcher.d.ts),FromFolder(InFolder(/home/tso/tmp/tso-cache/DefinitelyTyped/types/openfin),TsIdentLibrarySimple(openfin)),TsIdentModule(None,List(openfin, _v2, launcher, launcher))) [id => openfin, phase => typescript] 
[info ] InferredDefaultModule.scala:39 Inferred module TsIdentModule(None,List(openfin, _v2, launcher, launcher)) [id => openfin, phase => typescript] 
[info ] Phase1ReadTypescript.scala:170 Preprocessing TsHelperFile(InFile(/home/tso/tmp/tso-cache/DefinitelyTyped/types/openfin/_v2/launcher/nix-launch.d.ts),FromFolder(InFolder(/home/tso/tmp/tso-cache/DefinitelyTyped/types/openfin),TsIdentLibrarySimple(openfin)),TsIdentModule(None,List(openfin, _v2, launcher, nix-launch))) [id => openfin, phase => typescript] 
[info ] InferredDefaultModule.scala:39 Inferred module TsIdentModule(None,List(openfin, _v2, launcher, nix-launch)) [id => openfin, phase => typescript] 
[info ] Phase1ReadTypescript.scala:170 Preprocessing TsHelperFile(InFile(/home/tso/tmp/tso-cache/DefinitelyTyped/types/openfin/_v2/launcher/util.d.ts),FromFolder(InFolder(/home/tso/tmp/tso-cache/DefinitelyTyped/types/openfin),TsIdentLibrarySimple(openfin)),TsIdentModule(None,List(openfin, _v2, launcher, util))) [id => openfin, phase => typescript] 
[info ] InferredDefaultModule.scala:39 Inferred module TsIdentModule(None,List(openfin, _v2, launcher, util)) [id => openfin, phase => typescript] 
[info ] Phase1ReadTypescript.scala:170 Preprocessing TsHelperFile(InFile(/home/tso/tmp/tso-cache/DefinitelyTyped/types/openfin/_v2/launcher/win-launch.d.ts),FromFolder(InFolder(/home/tso/tmp/tso-cache/DefinitelyTyped/types/openfin),TsIdentLibrarySimple(openfin)),TsIdentModule(None,List(openfin, _v2, launcher, win-launch))) [id => openfin, phase => typescript] 
[info ] InferredDefaultModule.scala:39 Inferred module TsIdentModule(None,List(openfin, _v2, launcher, win-launch)) [id => openfin, phase => typescript] 
[info ] Phase1ReadTypescript.scala:170 Preprocessing TsHelperFile(InFile(/home/tso/tmp/tso-cache/DefinitelyTyped/types/openfin/_v2/main.d.ts),FromFolder(InFolder(/home/tso/tmp/tso-cache/DefinitelyTyped/types/openfin),TsIdentLibrarySimple(openfin)),TsIdentModule(None,List(openfin, _v2, main))) [id => openfin, phase => typescript] 
[info ] InferredDefaultModule.scala:39 Inferred module TsIdentModule(None,List(openfin, _v2, main)) [id => openfin, phase => typescript] 
[info ] Phase1ReadTypescript.scala:170 Preprocessing TsHelperFile(InFile(/home/tso/tmp/tso-cache/DefinitelyTyped/types/openfin/_v2/of-main.d.ts),FromFolder(InFolder(/home/tso/tmp/tso-cache/DefinitelyTyped/types/openfin),TsIdentLibrarySimple(openfin)),TsIdentModule(None,List(openfin, _v2, of-main))) [id => openfin, phase => typescript] 
[info ] InferredDefaultModule.scala:39 Inferred module TsIdentModule(None,List(openfin, _v2, of-main)) [id => openfin, phase => typescript] 
[info ] Phase1ReadTypescript.scala:170 Preprocessing TsHelperFile(InFile(/home/tso/tmp/tso-cache/DefinitelyTyped/types/openfin/_v2/shapes.d.ts),FromFolder(InFolder(/home/tso/tmp/tso-cache/DefinitelyTyped/types/openfin),TsIdentLibrarySimple(openfin)),TsIdentModule(None,List(openfin, _v2, shapes))) [id => openfin, phase => typescript] 
[info ] InferredDefaultModule.scala:39 Inferred module TsIdentModule(None,List(openfin, _v2, shapes)) [id => openfin, phase => typescript] 
[info ] Phase1ReadTypescript.scala:170 Preprocessing TsHelperFile(InFile(/home/tso/tmp/tso-cache/DefinitelyTyped/types/openfin/_v2/transport/elipc.d.ts),FromFolder(InFolder(/home/tso/tmp/tso-cache/DefinitelyTyped/types/openfin),TsIdentLibrarySimple(openfin)),TsIdentModule(None,List(openfin, _v2, transport, elipc))) [id => openfin, phase => typescript] 
[info ] InferredDefaultModule.scala:39 Inferred module TsIdentModule(None,List(openfin, _v2, transport, elipc)) [id => openfin, phase => typescript] 
[info ] Phase1ReadTypescript.scala:170 Preprocessing TsHelperFile(InFile(/home/tso/tmp/tso-cache/DefinitelyTyped/types/openfin/_v2/transport/port-discovery.d.ts),FromFolder(InFolder(/home/tso/tmp/tso-cache/DefinitelyTyped/types/openfin),TsIdentLibrarySimple(openfin)),TsIdentModule(None,List(openfin, _v2, transport, port-discovery))) [id => openfin, phase => typescript] 
[info ] InferredDefaultModule.scala:39 Inferred module TsIdentModule(None,List(openfin, _v2, transport, port-discovery)) [id => openfin, phase => typescript] 
[info ] Phase1ReadTypescript.scala:170 Preprocessing TsHelperFile(InFile(/home/tso/tmp/tso-cache/DefinitelyTyped/types/openfin/_v2/transport/transport-errors.d.ts),FromFolder(InFolder(/home/tso/tmp/tso-cache/DefinitelyTyped/types/openfin),TsIdentLibrarySimple(openfin)),TsIdentModule(None,List(openfin, _v2, transport, transport-errors))) [id => openfin, phase => typescript] 
[info ] InferredDefaultModule.scala:39 Inferred module TsIdentModule(None,List(openfin, _v2, transport, transport-errors)) [id => openfin, phase => typescript] 
[info ] Phase1ReadTypescript.scala:170 Preprocessing TsHelperFile(InFile(/home/tso/tmp/tso-cache/DefinitelyTyped/types/openfin/_v2/transport/transport.d.ts),FromFolder(InFolder(/home/tso/tmp/tso-cache/DefinitelyTyped/types/openfin),TsIdentLibrarySimple(openfin)),TsIdentModule(None,List(openfin, _v2, transport, transport))) [id => openfin, phase => typescript] 
[info ] InferredDefaultModule.scala:39 Inferred module TsIdentModule(None,List(openfin, _v2, transport, transport)) [id => openfin, phase => typescript] 
[info ] Phase1ReadTypescript.scala:170 Preprocessing TsHelperFile(InFile(/home/tso/tmp/tso-cache/DefinitelyTyped/types/openfin/_v2/transport/websocket.d.ts),FromFolder(InFolder(/home/tso/tmp/tso-cache/DefinitelyTyped/types/openfin),TsIdentLibrarySimple(openfin)),TsIdentModule(None,List(openfin, _v2, transport, websocket))) [id => openfin, phase => typescript] 
[info ] InferredDefaultModule.scala:39 Inferred module TsIdentModule(None,List(openfin, _v2, transport, websocket)) [id => openfin, phase => typescript] 
[info ] Phase1ReadTypescript.scala:170 Preprocessing TsHelperFile(InFile(/home/tso/tmp/tso-cache/DefinitelyTyped/types/openfin/_v2/transport/wire.d.ts),FromFolder(InFolder(/home/tso/tmp/tso-cache/DefinitelyTyped/types/openfin),TsIdentLibrarySimple(openfin)),TsIdentModule(None,List(openfin, _v2, transport, wire))) [id => openfin, phase => typescript] 
[info ] InferredDefaultModule.scala:39 Inferred module TsIdentModule(None,List(openfin, _v2, transport, wire)) [id => openfin, phase => typescript] 
[info ] Phase1ReadTypescript.scala:170 Preprocessing TsHelperFile(InFile(/home/tso/tmp/tso-cache/DefinitelyTyped/types/openfin/_v2/util/normalize-config.d.ts),FromFolder(InFolder(/home/tso/tmp/tso-cache/DefinitelyTyped/types/openfin),TsIdentLibrarySimple(openfin)),TsIdentModule(None,List(openfin, _v2, util, normalize-config))) [id => openfin, phase => typescript] 
[info ] InferredDefaultModule.scala:39 Inferred module TsIdentModule(None,List(openfin, _v2, util, normalize-config)) [id => openfin, phase => typescript] 
[info ] Phase1ReadTypescript.scala:170 Preprocessing TsHelperFile(InFile(/home/tso/tmp/tso-cache/DefinitelyTyped/types/openfin/_v2/util/promises.d.ts),FromFolder(InFolder(/home/tso/tmp/tso-cache/DefinitelyTyped/types/openfin),TsIdentLibrarySimple(openfin)),TsIdentModule(None,List(openfin, _v2, util, promises))) [id => openfin, phase => typescript] 
[info ] InferredDefaultModule.scala:39 Inferred module TsIdentModule(None,List(openfin, _v2, util, promises)) [id => openfin, phase => typescript] 
[info ] Phase1ReadTypescript.scala:170 Preprocessing TsHelperFile(InFile(/home/tso/tmp/tso-cache/DefinitelyTyped/types/openfin/_v2/util/ref-counter.d.ts),FromFolder(InFolder(/home/tso/tmp/tso-cache/DefinitelyTyped/types/openfin),TsIdentLibrarySimple(openfin)),TsIdentModule(None,List(openfin, _v2, util, ref-counter))) [id => openfin, phase => typescript] 
[info ] InferredDefaultModule.scala:39 Inferred module TsIdentModule(None,List(openfin, _v2, util, ref-counter)) [id => openfin, phase => typescript] 
[info ] Phase1ReadTypescript.scala:170 Preprocessing TsHelperFile(InFile(/home/tso/tmp/tso-cache/DefinitelyTyped/types/openfin/index.d.ts),FromFolder(InFolder(/home/tso/tmp/tso-cache/DefinitelyTyped/types/openfin),TsIdentLibrarySimple(openfin)),TsIdentModule(None,List(openfin))) [id => openfin, phase => typescript] 
[info ] InferredDefaultModule.scala:39 Inferred module TsIdentModule(None,List(openfin)) [id => openfin, phase => typescript] 
[warn ] Phase1ReadTypescript.scala:190 Processing TsIdentLibrarySimple(openfin) [id => openfin, phase => typescript] 
[warn ] QualifyReferences.scala:32 Couldn't qualify imported_openfin/_v2/api/application/application.default [id => openfin, phase => typescript, scope => TreeScope(TsParsedFile() / TsDeclModule(openfin) / TsDeclNamespace(fin) / TsDeclVar(Application) / TsTypeRef())] 
[warn ] QualifyReferences.scala:32 Couldn't qualify imported_openfin/_v2/api/clipboard/clipboard.default [id => openfin, phase => typescript, scope => TreeScope(TsParsedFile() / TsDeclModule(openfin) / TsDeclNamespace(fin) / TsDeclVar(Clipboard) / TsTypeRef())] 
[warn ] QualifyReferences.scala:32 Couldn't qualify imported_openfin/_v2/api/external-application/external-application.default [id => openfin, phase => typescript, scope => TreeScope(TsParsedFile() / TsDeclModule(openfin) / TsDeclNamespace(fin) / TsDeclVar(ExternalApplication) / TsTypeRef())] 
[warn ] QualifyReferences.scala:32 Couldn't qualify imported_openfin/_v2/api/external-window/external-window.default [id => openfin, phase => typescript, scope => TreeScope(TsParsedFile() / TsDeclModule(openfin) / TsDeclNamespace(fin) / TsDeclVar(ExternalWindow) / TsTypeRef())] 
[warn ] QualifyReferences.scala:32 Couldn't qualify imported_openfin/_v2/api/frame/frame.default [id => openfin, phase => typescript, scope => TreeScope(TsParsedFile() / TsDeclModule(openfin) / TsDeclNamespace(fin) / TsDeclVar(Frame) / TsTypeRef())] 
[warn ] QualifyReferences.scala:32 Couldn't qualify imported_openfin/_v2/api/global-hotkey.default [id => openfin, phase => typescript, scope => TreeScope(TsParsedFile() / TsDeclModule(openfin) / TsDeclNamespace(fin) / TsDeclVar(GlobalHotkey) / TsTypeRef())] 
[warn ] QualifyReferences.scala:32 Couldn't qualify imported_openfin/_v2/api/interappbus/interappbus.default [id => openfin, phase => typescript, scope => TreeScope(TsParsedFile() / TsDeclModule(openfin) / TsDeclNamespace(fin) / TsDeclVar(InterApplicationBus) / TsTypeRef())] 
[warn ] QualifyReferences.scala:32 Couldn't qualify imported_openfin/_v2/api/notification/notification.default [id => openfin, phase => typescript, scope => TreeScope(TsParsedFile() / TsDeclModule(openfin) / TsDeclNamespace(fin) / TsDeclVar(Notification) / TsTypeRef())] 
[warn ] QualifyReferences.scala:32 Couldn't qualify imported_openfin/_v2/api/system/system.default [id => openfin, phase => typescript, scope => TreeScope(TsParsedFile() / TsDeclModule(openfin) / TsDeclNamespace(fin) / TsDeclVar(System) / TsTypeRef())] 
[warn ] QualifyReferences.scala:32 Couldn't qualify imported_openfin/_v2/api/window/window.default [id => openfin, phase => typescript, scope => TreeScope(TsParsedFile() / TsDeclModule(openfin) / TsDeclNamespace(fin) / TsDeclVar(Window) / TsTypeRef())] 
[warn ] QualifyReferences.scala:32 Couldn't qualify imported_openfin/_v2/api/application/application.LogInfo [id => openfin, phase => typescript, scope => TreeScope(TsParsedFile() / TsDeclModule(openfin) / TsDeclNamespace(fin) / TsDeclTypeAlias(applicationLogInfo) / TsTypeRef())] 
[warn ] QualifyReferences.scala:32 Couldn't qualify imported_openfin/_v2/api/application/applicationOption.ApplicationOption [id => openfin, phase => typescript, scope => TreeScope(TsParsedFile() / TsDeclModule(openfin) / TsDeclNamespace(fin) / TsDeclTypeAlias(ApplicationOption) / TsTypeRef())] 
[warn ] QualifyReferences.scala:32 Couldn't qualify imported_openfin/_v2/api/system/application.ApplicationInfo [id => openfin, phase => typescript, scope => TreeScope(TsParsedFile() / TsDeclModule(openfin) / TsDeclNamespace(fin) / TsDeclTypeAlias(ApplicationInfo) / TsTypeRef())] 
[warn ] QualifyReferences.scala:32 Couldn't qualify imported_openfin/_v2/api/system/download-asset.AppAssetInfo [id => openfin, phase => typescript, scope => TreeScope(TsParsedFile() / TsDeclModule(openfin) / TsDeclNamespace(fin) / TsDeclTypeAlias(AppAssetInfo) / TsTypeRef())] 
[warn ] QualifyReferences.scala:32 Couldn't qualify imported_openfin/_v2/api/system/download-asset.AppAssetRequest [id => openfin, phase => typescript, scope => TreeScope(TsParsedFile() / TsDeclModule(openfin) / TsDeclNamespace(fin) / TsDeclTypeAlias(AppAssetRequest) / TsTypeRef())] 
[warn ] QualifyReferences.scala:32 Couldn't qualify imported_openfin/_v2/shapes.AnchorType [id => openfin, phase => typescript, scope => TreeScope(TsParsedFile() / TsDeclModule(openfin) / TsDeclNamespace(fin) / TsDeclTypeAlias(AnchorType) / TsTypeRef())] 
[warn ] QualifyReferences.scala:32 Couldn't qualify imported_openfin/_v2/shapes.Bounds [id => openfin, phase => typescript, scope => TreeScope(TsParsedFile() / TsDeclModule(openfin) / TsDeclNamespace(fin) / TsDeclTypeAlias(Bounds) / TsTypeRef())] 
[warn ] QualifyReferences.scala:32 Couldn't qualify imported_openfin/_v2/api/system/clearCacheOption.ClearCacheOption [id => openfin, phase => typescript, scope => TreeScope(TsParsedFile() / TsDeclModule(openfin) / TsDeclNamespace(fin) / TsDeclTypeAlias(ClearCacheOption) / TsTypeRef())] 
[warn ] QualifyReferences.scala:32 Couldn't qualify imported_openfin/_v2/api/system/cookie.CookieInfo [id => openfin, phase => typescript, scope => TreeScope(TsParsedFile() / TsDeclModule(openfin) / TsDeclNamespace(fin) / TsDeclTypeAlias(CookieInfo) / TsTypeRef())] 
[warn ] QualifyReferences.scala:32 Couldn't qualify imported_openfin/_v2/api/system/cookie.CookieOption [id => openfin, phase => typescript, scope => TreeScope(TsParsedFile() / TsDeclModule(openfin) / TsDeclNamespace(fin) / TsDeclTypeAlias(CookieOption) / TsTypeRef())] 
[warn ] QualifyReferences.scala:32 Couldn't qualify imported_openfin/_v2/api/system/crashReporterOption.CrashReporterOption [id => openfin, phase => typescript, scope => TreeScope(TsParsedFile() / TsDeclModule(openfin) / TsDeclNamespace(fin) / TsDeclTypeAlias(CrashReporterOption) / TsTypeRef())] 
[warn ] QualifyReferences.scala:32 Couldn't qualify imported_openfin/_v2/shapes.ContextMenuSettings [id => openfin, phase => typescript, scope => TreeScope(TsParsedFile() / TsDeclModule(openfin) / TsDeclNamespace(fin) / TsDeclTypeAlias(ContextMenuSettings) / TsTypeRef())] 
[warn ] QualifyReferences.scala:32 Couldn't qualify imported_openfin/_v2/api/system/download-preload.DownloadPreloadInfo [id => openfin, phase => typescript, scope => TreeScope(TsParsedFile() / TsDeclModule(openfin) / TsDeclNamespace(fin) / TsDeclTypeAlias(DownloadPreloadInfo) / TsTypeRef())] 
[warn ] QualifyReferences.scala:32 Couldn't qualify imported_openfin/_v2/api/system/download-preload.DownloadPreloadOption [id => openfin, phase => typescript, scope => TreeScope(TsParsedFile() / TsDeclModule(openfin) / TsDeclNamespace(fin) / TsDeclTypeAlias(DownloadPreloadOption) / TsTypeRef())] 
[warn ] QualifyReferences.scala:32 Couldn't qualify imported_openfin/_v2/api/system/entity.EntityInfo [id => openfin, phase => typescript, scope => TreeScope(TsParsedFile() / TsDeclModule(openfin) / TsDeclNamespace(fin) / TsDeclTypeAlias(EntityInfo) / TsTypeRef())] 
[warn ] QualifyReferences.scala:32 Couldn't qualify imported_openfin/_v2/api/external-application/external-application.ExternalApplicationInfo [id => openfin, phase => typescript, scope => TreeScope(TsParsedFile() / TsDeclModule(openfin) / TsDeclNamespace(fin) / TsDeclTypeAlias(ExternalApplicationInfo) / TsTypeRef())] 
[warn ] QualifyReferences.scala:32 Couldn't qualify imported_openfin/_v2/api/system/external-process.ExternalProcessRequestType [id => openfin, phase => typescript, scope => TreeScope(TsParsedFile() / TsDeclModule(openfin) / TsDeclNamespace(fin) / TsDeclTypeAlias(ExternalProcessRequestType) / TsTypeRef())] 
[warn ] QualifyReferences.scala:32 Couldn't qualify imported_openfin/_v2/api/system/external-process.ExternalProcessInfo [id => openfin, phase => typescript, scope => TreeScope(TsParsedFile() / TsDeclModule(openfin) / TsDeclNamespace(fin) / TsDeclTypeAlias(ExternalProcessInfo) / TsTypeRef())] 
[warn ] QualifyReferences.scala:32 Couldn't qualify imported_openfin/_v2/api/window/window.FrameInfo [id => openfin, phase => typescript, scope => TreeScope(TsParsedFile() / TsDeclModule(openfin) / TsDeclNamespace(fin) / TsDeclTypeAlias(FrameInfo) / TsTypeRef())] 
[warn ] QualifyReferences.scala:32 Couldn't qualify imported_openfin/_v2/api/system/host-specs.HostSpecs [id => openfin, phase => typescript, scope => TreeScope(TsParsedFile() / TsDeclModule(openfin) / TsDeclNamespace(fin) / TsDeclTypeAlias(HostSpecs) / TsTypeRef())] 
[warn ] QualifyReferences.scala:32 Couldn't qualify imported_openfin/_v2/identity.Identity [id => openfin, phase => typescript, scope => TreeScope(TsParsedFile() / TsDeclModule(openfin) / TsDeclNamespace(fin) / TsDeclTypeAlias(Identity) / TsTypeRef())] 
[warn ] QualifyReferences.scala:32 Couldn't qualify imported_openfin/_v2/api/application/application.ApplicationInfo [id => openfin, phase => typescript, scope => TreeScope(TsParsedFile() / TsDeclModule(openfin) / TsDeclNamespace(fin) / TsDeclTypeAlias(LaunchInfo) / TsTypeRef())] 
[warn ] QualifyReferences.scala:32 Couldn't qualify imported_openfin/_v2/api/system/log.LogInfo [id => openfin, phase => typescript, scope => TreeScope(TsParsedFile() / TsDeclModule(openfin) / TsDeclNamespace(fin) / TsDeclTypeAlias(LogInfo) / TsTypeRef())] 
[warn ] QualifyReferences.scala:32 Couldn't qualify imported_openfin/_v2/api/system/monitor.MonitorInfo [id => openfin, phase => typescript, scope => TreeScope(TsParsedFile() / TsDeclModule(openfin) / TsDeclNamespace(fin) / TsDeclTypeAlias(MonitorInfo) / TsTypeRef())] 
[warn ] QualifyReferences.scala:32 Couldn't qualify imported_openfin/_v2/shapes.Opacity [id => openfin, phase => typescript, scope => TreeScope(TsParsedFile() / TsDeclModule(openfin) / TsDeclNamespace(fin) / TsDeclTypeAlias(Opacity) / TsTypeRef())] 
[warn ] QualifyReferences.scala:32 Couldn't qualify imported_openfin/_v2/api/system/point.PointTopLeft [id => openfin, phase => typescript, scope => TreeScope(TsParsedFile() / TsDeclModule(openfin) / TsDeclNamespace(fin) / TsDeclTypeAlias(PointTopLeft) / TsTypeRef())] 
[warn ] QualifyReferences.scala:32 Couldn't qualify imported_openfin/_v2/shapes.Position [id => openfin, phase => typescript, scope => TreeScope(TsParsedFile() / TsDeclModule(openfin) / TsDeclNamespace(fin) / TsDeclTypeAlias(Position) / TsTypeRef())] 
[warn ] QualifyReferences.scala:32 Couldn't qualify imported_openfin/_v2/api/system/process.ProcessInfo [id => openfin, phase => typescript, scope => TreeScope(TsParsedFile() / TsDeclModule(openfin) / TsDeclNamespace(fin) / TsDeclTypeAlias(ProcessInfo) / TsTypeRef())] 
[warn ] QualifyReferences.scala:32 Couldn't qualify imported_openfin/_v2/api/system/proxy.ProxyInfo [id => openfin, phase => typescript, scope => TreeScope(TsParsedFile() / TsDeclModule(openfin) / TsDeclNamespace(fin) / TsDeclTypeAlias(ProxyInfo) / TsTypeRef())] 
[warn ] QualifyReferences.scala:32 Couldn't qualify imported_openfin/_v2/api/system/registry-info.RegistryInfo [id => openfin, phase => typescript, scope => TreeScope(TsParsedFile() / TsDeclModule(openfin) / TsDeclNamespace(fin) / TsDeclTypeAlias(RegistryInfo) / TsTypeRef())] 
[warn ] QualifyReferences.scala:32 Couldn't qualify imported_openfin/_v2/api/system/runtime-info.RuntimeInfo [id => openfin, phase => typescript, scope => TreeScope(TsParsedFile() / TsDeclModule(openfin) / TsDeclNamespace(fin) / TsDeclTypeAlias(RuntimeInfo) / TsTypeRef())] 
[warn ] QualifyReferences.scala:32 Couldn't qualify imported_openfin/_v2/api/system/rvm.RVMInfo [id => openfin, phase => typescript, scope => TreeScope(TsParsedFile() / TsDeclModule(openfin) / TsDeclNamespace(fin) / TsDeclTypeAlias(RVMInfo) / TsTypeRef())] 
[warn ] QualifyReferences.scala:32 Couldn't qualify imported_openfin/_v2/shapes.RGB [id => openfin, phase => typescript, scope => TreeScope(TsParsedFile() / TsDeclModule(openfin) / TsDeclNamespace(fin) / TsDeclTypeAlias(RGB) / TsTypeRef())] 
[warn ] QualifyReferences.scala:32 Couldn't qualify imported_openfin/_v2/api/system/download-asset.RuntimeDownloadOptions [id => openfin, phase => typescript, scope => TreeScope(TsParsedFile() / TsDeclModule(openfin) / TsDeclNamespace(fin) / TsDeclTypeAlias(RuntimeDownloadOptions) / TsTypeRef())] 
[warn ] QualifyReferences.scala:32 Couldn't qualify imported_openfin/_v2/api/system/download-asset.RuntimeDownloadProgress [id => openfin, phase => typescript, scope => TreeScope(TsParsedFile() / TsDeclModule(openfin) / TsDeclNamespace(fin) / TsDeclTypeAlias(RuntimeDownloadProgress) / TsTypeRef())] 
[warn ] QualifyReferences.scala:32 Couldn't qualify imported_openfin/_v2/api/application/application.ShortCutConfig [id => openfin, phase => typescript, scope => TreeScope(TsParsedFile() / TsDeclModule(openfin) / TsDeclNamespace(fin) / TsDeclTypeAlias(ShortCutConfig) / TsTypeRef())] 
[warn ] QualifyReferences.scala:32 Couldn't qualify imported_openfin/_v2/api/system/window.WindowInfo [id => openfin, phase => typescript, scope => TreeScope(TsParsedFile() / TsDeclModule(openfin) / TsDeclNamespace(fin) / TsDeclTypeAlias(SystemWindowInfo) / TsTypeRef())] 
[warn ] QualifyReferences.scala:32 Couldn't qualify imported_openfin/_v2/shapes.Size [id => openfin, phase => typescript, scope => TreeScope(TsParsedFile() / TsDeclModule(openfin) / TsDeclNamespace(fin) / TsDeclTypeAlias(Size) / TsTypeRef())] 
[warn ] QualifyReferences.scala:32 Couldn't qualify imported_openfin/_v2/api/application/application.TrayInfo [id => openfin, phase => typescript, scope => TreeScope(TsParsedFile() / TsDeclModule(openfin) / TsDeclNamespace(fin) / TsDeclTypeAlias(TrayInfo) / TsTypeRef())] 
[warn ] QualifyReferences.scala:32 Couldn't qualify imported_openfin/_v2/shapes.Transition [id => openfin, phase => typescript, scope => TreeScope(TsParsedFile() / TsDeclModule(openfin) / TsDeclNamespace(fin) / TsDeclTypeAlias(Transition) / TsTypeRef())] 
[warn ] QualifyReferences.scala:32 Couldn't qualify imported_openfin/_v2/shapes.TransitionOptions [id => openfin, phase => typescript, scope => TreeScope(TsParsedFile() / TsDeclModule(openfin) / TsDeclNamespace(fin) / TsDeclTypeAlias(TransitionOptions) / TsTypeRef())] 
[warn ] QualifyReferences.scala:32 Couldn't qualify imported_openfin/_v2/shapes.TransitionBase [id => openfin, phase => typescript, scope => TreeScope(TsParsedFile() / TsDeclModule(openfin) / TsDeclNamespace(fin) / TsDeclTypeAlias(TransitionBase) / TsTypeRef())] 
[warn ] QualifyReferences.scala:32 Couldn't qualify imported_openfin/_v2/api/system/window.WindowDetail [id => openfin, phase => typescript, scope => TreeScope(TsParsedFile() / TsDeclModule(openfin) / TsDeclNamespace(fin) / TsDeclTypeAlias(WindowDetail) / TsTypeRef())] 
[warn ] QualifyReferences.scala:32 Couldn't qualify imported_openfin/_v2/api/window/windowOption.WindowOption [id => openfin, phase => typescript, scope => TreeScope(TsParsedFile() / TsDeclModule(openfin) / TsDeclNamespace(fin) / TsDeclTypeAlias(WindowOption) / TsTypeRef())] 
[warn ] QualifyReferences.scala:32 Couldn't qualify imported_openfin/_v2/api/window/window.WindowInfo [id => openfin, phase => typescript, scope => TreeScope(TsParsedFile() / TsDeclModule(openfin) / TsDeclNamespace(fin) / TsDeclTypeAlias(WindowInfo) / TsTypeRef())] 
[warn ] ResolveTypeQueries.scala:134 Couldn't resolve typeof READY_STATE [id => openfin, phase => typescript, scope => TreeScope(TsParsedFile() / TsDeclModule(openfin/_v2/transport/elipc) / TsExport() / TsExporteeTree() / TsDeclClass(ElIPCTransport) / TsMemberProperty(READY_STATE) / TsTypeQuery())] 
[warn ] ResolveTypeQueries.scala:134 Couldn't resolve typeof READY_STATE [id => openfin, phase => typescript, scope => TreeScope(TsParsedFile() / TsDeclModule(openfin/_v2/transport/transport) / TsDeclClass(Transport) / TsMemberProperty(READY_STATE) / TsTypeQuery())] 
[warn ] ResolveTypeQueries.scala:134 Couldn't resolve typeof READY_STATE [id => openfin, phase => typescript, scope => TreeScope(TsParsedFile() / TsDeclModule(openfin/_v2/transport/websocket) / TsExport() / TsExporteeTree() / TsDeclClass(WebSocketTransport) / TsMemberProperty(READY_STATE) / TsTypeQuery())] 
[info ] ExpandTypeParams.scala:61 Expanding 3 members for TsIdentSimple(emit) [id => openfin, phase => typescript, scope => TreeScope(TsParsedFile() / TsDeclModule(openfin/_v2/api/base) / TsDeclClass(EmitterBase))] 
[info ] ExpandTypeParams.scala:61 Expanding 3 members for TsIdentSimple(on) [id => openfin, phase => typescript, scope => TreeScope(TsParsedFile() / TsDeclModule(openfin/_v2/api/base) / TsDeclClass(EmitterBase))] 
[info ] ExpandTypeParams.scala:61 Expanding 3 members for TsIdentSimple(addListener) [id => openfin, phase => typescript, scope => TreeScope(TsParsedFile() / TsDeclModule(openfin/_v2/api/base) / TsDeclClass(EmitterBase))] 
[info ] ExpandTypeParams.scala:61 Expanding 3 members for TsIdentSimple(once) [id => openfin, phase => typescript, scope => TreeScope(TsParsedFile() / TsDeclModule(openfin/_v2/api/base) / TsDeclClass(EmitterBase))] 
[info ] ExpandTypeParams.scala:61 Expanding 3 members for TsIdentSimple(prependListener) [id => openfin, phase => typescript, scope => TreeScope(TsParsedFile() / TsDeclModule(openfin/_v2/api/base) / TsDeclClass(EmitterBase))] 
[info ] ExpandTypeParams.scala:61 Expanding 3 members for TsIdentSimple(prependOnceListener) [id => openfin, phase => typescript, scope => TreeScope(TsParsedFile() / TsDeclModule(openfin/_v2/api/base) / TsDeclClass(EmitterBase))] 
[info ] ExpandTypeParams.scala:61 Expanding 3 members for TsIdentSimple(removeListener) [id => openfin, phase => typescript, scope => TreeScope(TsParsedFile() / TsDeclModule(openfin/_v2/api/base) / TsDeclClass(EmitterBase))] 
[info ] InlineConstEnum.scala:21 Inlining const enum type openfin.openfin/_v2/api/global-hotkey.nonHotkeyEvents.REGISTERED => 'registered' [id => openfin, phase => typescript, scope => TreeScope(TsParsedFile() / TsDeclModule(openfin/_v2/api/events/globalHotkey) / TsDeclInterface(GlobalHotkeyEvents) / TsMemberIndex() / TsTypeRef() / TsTypeRef())] 
[info ] InlineConstEnum.scala:21 Inlining const enum type openfin.openfin/_v2/api/global-hotkey.nonHotkeyEvents.UNREGISTERED => 'unregistered' [id => openfin, phase => typescript, scope => TreeScope(TsParsedFile() / TsDeclModule(openfin/_v2/api/events/globalHotkey) / TsDeclInterface(GlobalHotkeyEvents) / TsMemberIndex() / TsTypeRef() / TsTypeRef())] 
[info ] PreferTypeAlias.scala:73 Simplified to function type alias [id => openfin, phase => typescript, scope => TreeScope(TsParsedFile() / TsDeclModule(openfin/_v2/api/system/external-process) / TsDeclInterface(LaunchExternalProcessListener))] 
[info ] UnionTypesFromKeyOf.scala:11 Expanded keyof TsQIdent(List(TsIdentLibrarySimple(openfin), TsIdentModule(None,List(openfin, _v2, api, window, windowOption)), TsIdentSimple(WindowOption))) [id => openfin, phase => typescript, scope => TreeScope(TsParsedFile() / TsDeclModule(openfin/_v2/api/window/windowOption) / TsDeclTypeAlias(WindowOptionDiff) / TsTypeObject() / TsMemberTypeMapped() / TsTypeKeyOf())] 
[info ] ExtractInterfaces.scala:41 Extracted anonymous interface TsIdentSimple(Anon_Height) [id => openfin, phase => typescript, scope => TreeScope(TsParsedFile() / TsDeclModule(openfin/_v2/api/browserview/browserview) / TsDeclInterface(BrowserViewCreationOptions) / TsMemberProperty(bounds) / TsTypeObject())] 
[info ] ExtractInterfaces.scala:41 Extracted anonymous interface TsIdentSimple(Anon_Html) [id => openfin, phase => typescript, scope => TreeScope(TsParsedFile() / TsDeclModule(openfin/_v2/api/clipboard/write-request) / TsDeclInterface(WriteAnyRequestType) / TsMemberProperty(data) / TsTypeObject())] 
[info ] ExtractInterfaces.scala:41 Extracted anonymous interface TsIdentSimple(Anon_Host) [id => openfin, phase => typescript, scope => TreeScope(TsParsedFile() / TsDeclModule(openfin/_v2/api/events/window) / TsDeclInterface(WindowAuthRequestedEvent) / TsMemberProperty(authInfo) / TsTypeObject())] 
[info ] ExtractInterfaces.scala:41 Extracted anonymous interface TsIdentSimple(Anon_AppUuid) [id => openfin, phase => typescript, scope => TreeScope(TsParsedFile() / TsDeclModule(openfin/_v2/api/events/window) / TsDeclInterface(WindowGroupChanged) / TsMemberProperty(sourceGroup) / TsTypeRef() / TsTypeObject())] 
[info ] ExtractInterfaces.scala:41 Extracted anonymous interface TsIdentSimple(Anon_AppUuid) [id => openfin, phase => typescript, scope => TreeScope(TsParsedFile() / TsDeclModule(openfin/_v2/api/events/window) / TsDeclInterface(WindowGroupChanged) / TsMemberProperty(targetGroup) / TsTypeRef() / TsTypeObject())] 
[info ] ExtractInterfaces.scala:41 Extracted anonymous interface TsIdentSimple(Fn_Action) [id => openfin, phase => typescript, scope => TreeScope(TsParsedFile() / TsDeclModule(openfin/_v2/api/interappbus/channel/channel) / TsDeclClass(ChannelBase) / TsMemberProperty(sendRaw) / TsTypeObject())] 
[info ] ExtractInterfaces.scala:41 Extracted anonymous interface TsIdentSimple(Fn_Action) [id => openfin, phase => typescript, scope => TreeScope(TsParsedFile() / TsDeclModule(openfin/_v2/api/interappbus/channel/channel) / TsDeclClass(ChannelBase) / TsMemberFunction(constructor) / TsFunSig() / TsFunParam() / TsTypeObject())] 
[info ] ExtractInterfaces.scala:41 Extracted anonymous interface TsIdentSimple(Fn_Action) [id => openfin, phase => typescript, scope => TreeScope(TsParsedFile() / TsDeclModule(openfin/_v2/api/interappbus/channel/client) / TsDeclClass(ChannelClient) / TsMemberFunction(constructor) / TsFunSig() / TsFunParam() / TsTypeObject())] 
[info ] ExtractInterfaces.scala:41 Extracted anonymous interface TsIdentSimple(Fn_Action) [id => openfin, phase => typescript, scope => TreeScope(TsParsedFile() / TsDeclModule(openfin/_v2/api/interappbus/channel/provider) / TsDeclClass(ChannelProvider) / TsMemberFunction(constructor) / TsFunSig() / TsFunParam() / TsTypeObject())] 
[info ] ExtractInterfaces.scala:41 Extracted anonymous interface TsIdentSimple(Anon_SubscriberAdded) [id => openfin, phase => typescript, scope => TreeScope(TsParsedFile() / TsDeclModule(openfin/_v2/api/interappbus/interappbus) / TsDeclInterface(InterApplicationBus) / TsMemberProperty(events) / TsTypeObject())] 
[info ] ExtractInterfaces.scala:41 Extracted anonymous interface TsIdentSimple(Anon_Click) [id => openfin, phase => typescript, scope => TreeScope(TsParsedFile() / TsDeclModule(openfin/_v2/api/notification/notification) / TsDeclInterface(_NotificationModule) / TsMemberProperty(events) / TsTypeObject())] 
[info ] ExtractInterfaces.scala:41 Extracted anonymous interface TsIdentSimple(Anon_NotificationId) [id => openfin, phase => typescript, scope => TreeScope(TsParsedFile() / TsDeclModule(openfin/_v2/transport/transport) / TsDeclInterface(NotificationEvent) / TsMemberProperty(payload) / TsTypeObject())] 
[info ] ExtractInterfaces.scala:41 Extracted anonymous interface TsIdentSimple(Anon_Reject) [id => openfin, phase => typescript, scope => TreeScope(TsParsedFile() / TsDeclModule(openfin/_v2/transport/transport) / TsDeclInterface(Transport) / TsMemberProperty(wireListeners) / TsTypeRef() / TsTypeObject())] 
[info ] ExtractInterfaces.scala:41 Extracted anonymous interface TsIdentSimple(Anon_Alias) [id => openfin, phase => typescript, scope => TreeScope(TsParsedFile() / TsDeclModule(openfin/_v2/transport/wire) / TsDeclInterface(BaseConfig) / TsMemberProperty(appAssets) / TsTypeTuple() / TsTypeObject())] 
[info ] ExtractInterfaces.scala:41 Extracted anonymous interface TsIdentSimple(Anon_HttpResponseCode) [id => openfin, phase => typescript, scope => TreeScope(TsParsedFile() / TsDeclModule(openfin) / TsDeclNamespace(fin) / TsDeclInterface(OpenFinApplicationStatic) / TsMemberCtor() / TsFunSig() / TsFunParam() / TsTypeFunction() / TsFunSig() / TsFunParam() / TsTypeObject())] 
[info ] ExtractInterfaces.scala:41 Extracted anonymous interface TsIdentSimple(Anon_DownloadedBytes) [id => openfin, phase => typescript, scope => TreeScope(TsParsedFile() / TsDeclModule(openfin) / TsDeclNamespace(fin) / TsDeclInterface(OpenFinSystem) / TsMemberFunction(downloadAsset) / TsFunSig() / TsFunParam() / TsTypeFunction() / TsFunSig() / TsFunParam() / TsTypeObject())] 
[info ] ExtractInterfaces.scala:41 Extracted anonymous interface TsIdentSimple(Anon_Path) [id => openfin, phase => typescript, scope => TreeScope(TsParsedFile() / TsDeclModule(openfin) / TsDeclNamespace(fin) / TsDeclInterface(OpenFinSystem) / TsMemberFunction(downloadAsset) / TsFunSig() / TsFunParam() / TsTypeFunction() / TsFunSig() / TsFunParam() / TsTypeObject())] 
[info ] ExtractInterfaces.scala:41 Extracted anonymous interface TsIdentSimple(Anon_Uuid) [id => openfin, phase => typescript, scope => TreeScope(TsParsedFile() / TsDeclModule(openfin) / TsDeclNamespace(fin) / TsDeclInterface(OpenFinSystem) / TsMemberFunction(launchExternalProcess) / TsFunSig() / TsFunParam() / TsTypeFunction() / TsFunSig() / TsFunParam() / TsTypeObject())] 
[info ] ExtractInterfaces.scala:41 Extracted anonymous interface TsIdentSimple(Anon_Uuid) [id => openfin, phase => typescript, scope => TreeScope(TsParsedFile() / TsDeclModule(openfin) / TsDeclNamespace(fin) / TsDeclInterface(OpenFinSystem) / TsMemberFunction(monitorExternalProcess) / TsFunSig() / TsFunParam() / TsTypeFunction() / TsFunSig() / TsFunParam() / TsTypeObject())] 
[info ] ExtractInterfaces.scala:41 Extracted anonymous interface TsIdentSimple(Anon_Token) [id => openfin, phase => typescript, scope => TreeScope(TsParsedFile() / TsDeclModule(openfin) / TsDeclNamespace(fin) / TsDeclInterface(OpenFinSystem) / TsMemberFunction(registerExternalConnection) / TsFunSig() / TsFunParam() / TsTypeFunction() / TsFunSig() / TsFunParam() / TsTypeObject())] 
[info ] ExtractInterfaces.scala:41 Extracted anonymous interface TsIdentSimple(Anon_Clean) [id => openfin, phase => typescript, scope => TreeScope(TsParsedFile() / TsDeclModule(openfin) / TsDeclNamespace(fin) / TsDeclInterface(OpenFinSystem) / TsMemberFunction(terminateExternalProcess) / TsFunSig() / TsFunParam() / TsTypeFunction() / TsFunSig() / TsFunParam() / TsTypeObject())] 
[info ] ExtractInterfaces.scala:41 Extracted anonymous interface TsIdentSimple(Anon_HttpResponseCode) [id => openfin, phase => typescript, scope => TreeScope(TsParsedFile() / TsDeclModule(openfin) / TsDeclNamespace(fin) / TsDeclInterface(OpenFinWindowStatic) / TsMemberCtor() / TsFunSig() / TsFunParam() / TsTypeFunction() / TsFunSig() / TsFunParam() / TsTypeObject())] 
[info ] ExtractInterfaces.scala:41 Extracted anonymous interface TsIdentSimple(Anon_Host) [id => openfin, phase => typescript, scope => TreeScope(TsParsedFile() / TsDeclModule(openfin) / TsDeclNamespace(fin) / TsDeclInterface(WindowAuthRequested) / TsMemberProperty(authInfo) / TsTypeObject())] 
[info ] ExtractInterfaces.scala:41 Extracted anonymous interface TsIdentSimple(Anon_EntityType) [id => openfin, phase => typescript, scope => TreeScope(TsParsedFile() / TsDeclModule(openfin) / TsDeclNamespace(fin) / TsDeclInterface(GlobalHotkeyEvent) / TsMemberProperty(identity) / TsTypeObject())] 
[info ] ExtractInterfaces.scala:41 Extracted anonymous interface TsIdentSimple(Anon_Left) [id => openfin, phase => typescript, scope => TreeScope(TsParsedFile() / TsDeclModule(openfin) / TsDeclNamespace(fin) / TsDeclInterface(DesktopIconClickedEvent) / TsMemberProperty(mouse) / TsTypeObject())] 
[info ] ExtractInterfaces.scala:41 Extracted anonymous interface TsIdentSimple(Anon_Host) [id => openfin, phase => typescript, scope => TreeScope(TsParsedFile() / TsDeclModule(openfin) / TsDeclNamespace(fin) / TsDeclInterface(WindowAuthRequestedEvent) / TsMemberProperty(authInfo) / TsTypeObject())] 
[info ] ExpandCallables.scala:48 Expanded sendRaw into 2 methods [id => openfin, phase => typescript, scope => TreeScope(TsParsedFile() / TsDeclModule(openfin/_v2/api/interappbus/channel/channel) / TsDeclClass(ChannelBase))] 
[info ] ExpandCallables.scala:48 Expanded sendRaw into 1 methods [id => openfin, phase => typescript, scope => TreeScope(TsParsedFile() / TsDeclModule(openfin/_v2/transport/transport) / TsDeclInterface(Transport))] 
[debug] PhaseRunner.scala:84 Success [id => openfin, phase => typescript] 
[warn ] Phase2ToScalaJs.scala:43 Processing openfin [id => openfin, phase => scala.js] 
[info ] ImportType.scala:245 Failed type conversion: EventTypes[string] [id => openfin, phase => scala.js, scope => TreeScope(TsParsedFile() / TsDeclModule(openfin/_v2/api/base) / TsDeclClass(EmitterBase) / TsMemberFunction(emit) / TsFunParam() / TsTypeLookup())] 
[info ] ImportType.scala:245 Failed type conversion: EventTypes[symbol] [id => openfin, phase => scala.js, scope => TreeScope(TsParsedFile() / TsDeclModule(openfin/_v2/api/base) / TsDeclClass(EmitterBase) / TsMemberFunction(emit) / TsFunParam() / TsTypeLookup())] 
[info ] ImportType.scala:245 Failed type conversion: EventTypes[E] [id => openfin, phase => scala.js, scope => TreeScope(TsParsedFile() / TsDeclModule(openfin/_v2/api/base) / TsDeclClass(EmitterBase) / TsMemberFunction(emit) / TsFunParam() / TsTypeLookup())] 
[info ] ImportType.scala:245 Failed type conversion: EventTypes[string] [id => openfin, phase => scala.js, scope => TreeScope(TsParsedFile() / TsDeclModule(openfin/_v2/api/base) / TsDeclClass(EmitterBase) / TsMemberFunction(on) / TsFunParam() / TsTypeFunction() / TsFunParam() / TsTypeLookup())] 
[info ] ImportType.scala:245 Failed type conversion: EventTypes[string] [id => openfin, phase => scala.js, scope => TreeScope(TsParsedFile() / TsDeclModule(openfin/_v2/api/base) / TsDeclClass(EmitterBase) / TsMemberFunction(on) / TsFunParam() / TsTypeFunction() / TsFunParam() / TsTypeLookup())] 
[info ] ImportType.scala:245 Failed type conversion: EventTypes[symbol] [id => openfin, phase => scala.js, scope => TreeScope(TsParsedFile() / TsDeclModule(openfin/_v2/api/base) / TsDeclClass(EmitterBase) / TsMemberFunction(on) / TsFunParam() / TsTypeFunction() / TsFunParam() / TsTypeLookup())] 
[info ] ImportType.scala:245 Failed type conversion: EventTypes[symbol] [id => openfin, phase => scala.js, scope => TreeScope(TsParsedFile() / TsDeclModule(openfin/_v2/api/base) / TsDeclClass(EmitterBase) / TsMemberFunction(on) / TsFunParam() / TsTypeFunction() / TsFunParam() / TsTypeLookup())] 
[info ] ImportType.scala:245 Failed type conversion: EventTypes[E] [id => openfin, phase => scala.js, scope => TreeScope(TsParsedFile() / TsDeclModule(openfin/_v2/api/base) / TsDeclClass(EmitterBase) / TsMemberFunction(on) / TsFunParam() / TsTypeFunction() / TsFunParam() / TsTypeLookup())] 
[info ] ImportType.scala:245 Failed type conversion: EventTypes[E] [id => openfin, phase => scala.js, scope => TreeScope(TsParsedFile() / TsDeclModule(openfin/_v2/api/base) / TsDeclClass(EmitterBase) / TsMemberFunction(on) / TsFunParam() / TsTypeFunction() / TsFunParam() / TsTypeLookup())] 
[info ] ImportType.scala:245 Failed type conversion: EventTypes[string] [id => openfin, phase => scala.js, scope => TreeScope(TsParsedFile() / TsDeclModule(openfin/_v2/api/base) / TsDeclClass(EmitterBase) / TsMemberFunction(addListener) / TsFunParam() / TsTypeFunction() / TsFunParam() / TsTypeLookup())] 
[info ] ImportType.scala:245 Failed type conversion: EventTypes[string] [id => openfin, phase => scala.js, scope => TreeScope(TsParsedFile() / TsDeclModule(openfin/_v2/api/base) / TsDeclClass(EmitterBase) / TsMemberFunction(addListener) / TsFunParam() / TsTypeFunction() / TsFunParam() / TsTypeLookup())] 
[info ] ImportType.scala:245 Failed type conversion: EventTypes[symbol] [id => openfin, phase => scala.js, scope => TreeScope(TsParsedFile() / TsDeclModule(openfin/_v2/api/base) / TsDeclClass(EmitterBase) / TsMemberFunction(addListener) / TsFunParam() / TsTypeFunction() / TsFunParam() / TsTypeLookup())] 
[info ] ImportType.scala:245 Failed type conversion: EventTypes[symbol] [id => openfin, phase => scala.js, scope => TreeScope(TsParsedFile() / TsDeclModule(openfin/_v2/api/base) / TsDeclClass(EmitterBase) / TsMemberFunction(addListener) / TsFunParam() / TsTypeFunction() / TsFunParam() / TsTypeLookup())] 
[info ] ImportType.scala:245 Failed type conversion: EventTypes[E] [id => openfin, phase => scala.js, scope => TreeScope(TsParsedFile() / TsDeclModule(openfin/_v2/api/base) / TsDeclClass(EmitterBase) / TsMemberFunction(addListener) / TsFunParam() / TsTypeFunction() / TsFunParam() / TsTypeLookup())] 
[info ] ImportType.scala:245 Failed type conversion: EventTypes[E] [id => openfin, phase => scala.js, scope => TreeScope(TsParsedFile() / TsDeclModule(openfin/_v2/api/base) / TsDeclClass(EmitterBase) / TsMemberFunction(addListener) / TsFunParam() / TsTypeFunction() / TsFunParam() / TsTypeLookup())] 
[info ] ImportType.scala:245 Failed type conversion: EventTypes[string] [id => openfin, phase => scala.js, scope => TreeScope(TsParsedFile() / TsDeclModule(openfin/_v2/api/base) / TsDeclClass(EmitterBase) / TsMemberFunction(once) / TsFunParam() / TsTypeFunction() / TsFunParam() / TsTypeLookup())] 
[info ] ImportType.scala:245 Failed type conversion: EventTypes[string] [id => openfin, phase => scala.js, scope => TreeScope(TsParsedFile() / TsDeclModule(openfin/_v2/api/base) / TsDeclClass(EmitterBase) / TsMemberFunction(once) / TsFunParam() / TsTypeFunction() / TsFunParam() / TsTypeLookup())] 
[info ] ImportType.scala:245 Failed type conversion: EventTypes[symbol] [id => openfin, phase => scala.js, scope => TreeScope(TsParsedFile() / TsDeclModule(openfin/_v2/api/base) / TsDeclClass(EmitterBase) / TsMemberFunction(once) / TsFunParam() / TsTypeFunction() / TsFunParam() / TsTypeLookup())] 
[info ] ImportType.scala:245 Failed type conversion: EventTypes[symbol] [id => openfin, phase => scala.js, scope => TreeScope(TsParsedFile() / TsDeclModule(openfin/_v2/api/base) / TsDeclClass(EmitterBase) / TsMemberFunction(once) / TsFunParam() / TsTypeFunction() / TsFunParam() / TsTypeLookup())] 
[info ] ImportType.scala:245 Failed type conversion: EventTypes[E] [id => openfin, phase => scala.js, scope => TreeScope(TsParsedFile() / TsDeclModule(openfin/_v2/api/base) / TsDeclClass(EmitterBase) / TsMemberFunction(once) / TsFunParam() / TsTypeFunction() / TsFunParam() / TsTypeLookup())] 
[info ] ImportType.scala:245 Failed type conversion: EventTypes[E] [id => openfin, phase => scala.js, scope => TreeScope(TsParsedFile() / TsDeclModule(openfin/_v2/api/base) / TsDeclClass(EmitterBase) / TsMemberFunction(once) / TsFunParam() / TsTypeFunction() / TsFunParam() / TsTypeLookup())] 
[info ] ImportType.scala:245 Failed type conversion: EventTypes[string] [id => openfin, phase => scala.js, scope => TreeScope(TsParsedFile() / TsDeclModule(openfin/_v2/api/base) / TsDeclClass(EmitterBase) / TsMemberFunction(prependListener) / TsFunParam() / TsTypeFunction() / TsFunParam() / TsTypeLookup())] 
[info ] ImportType.scala:245 Failed type conversion: EventTypes[string] [id => openfin, phase => scala.js, scope => TreeScope(TsParsedFile() / TsDeclModule(openfin/_v2/api/base) / TsDeclClass(EmitterBase) / TsMemberFunction(prependListener) / TsFunParam() / TsTypeFunction() / TsFunParam() / TsTypeLookup())] 
[info ] ImportType.scala:245 Failed type conversion: EventTypes[symbol] [id => openfin, phase => scala.js, scope => TreeScope(TsParsedFile() / TsDeclModule(openfin/_v2/api/base) / TsDeclClass(EmitterBase) / TsMemberFunction(prependListener) / TsFunParam() / TsTypeFunction() / TsFunParam() / TsTypeLookup())] 
[info ] ImportType.scala:245 Failed type conversion: EventTypes[symbol] [id => openfin, phase => scala.js, scope => TreeScope(TsParsedFile() / TsDeclModule(openfin/_v2/api/base) / TsDeclClass(EmitterBase) / TsMemberFunction(prependListener) / TsFunParam() / TsTypeFunction() / TsFunParam() / TsTypeLookup())] 
[info ] ImportType.scala:245 Failed type conversion: EventTypes[E] [id => openfin, phase => scala.js, scope => TreeScope(TsParsedFile() / TsDeclModule(openfin/_v2/api/base) / TsDeclClass(EmitterBase) / TsMemberFunction(prependListener) / TsFunParam() / TsTypeFunction() / TsFunParam() / TsTypeLookup())] 
[info ] ImportType.scala:245 Failed type conversion: EventTypes[E] [id => openfin, phase => scala.js, scope => TreeScope(TsParsedFile() / TsDeclModule(openfin/_v2/api/base) / TsDeclClass(EmitterBase) / TsMemberFunction(prependListener) / TsFunParam() / TsTypeFunction() / TsFunParam() / TsTypeLookup())] 
[info ] ImportType.scala:245 Failed type conversion: EventTypes[string] [id => openfin, phase => scala.js, scope => TreeScope(TsParsedFile() / TsDeclModule(openfin/_v2/api/base) / TsDeclClass(EmitterBase) / TsMemberFunction(prependOnceListener) / TsFunParam() / TsTypeFunction() / TsFunParam() / TsTypeLookup())] 
[info ] ImportType.scala:245 Failed type conversion: EventTypes[string] [id => openfin, phase => scala.js, scope => TreeScope(TsParsedFile() / TsDeclModule(openfin/_v2/api/base) / TsDeclClass(EmitterBase) / TsMemberFunction(prependOnceListener) / TsFunParam() / TsTypeFunction() / TsFunParam() / TsTypeLookup())] 
[info ] ImportType.scala:245 Failed type conversion: EventTypes[symbol] [id => openfin, phase => scala.js, scope => TreeScope(TsParsedFile() / TsDeclModule(openfin/_v2/api/base) / TsDeclClass(EmitterBase) / TsMemberFunction(prependOnceListener) / TsFunParam() / TsTypeFunction() / TsFunParam() / TsTypeLookup())] 
[info ] ImportType.scala:245 Failed type conversion: EventTypes[symbol] [id => openfin, phase => scala.js, scope => TreeScope(TsParsedFile() / TsDeclModule(openfin/_v2/api/base) / TsDeclClass(EmitterBase) / TsMemberFunction(prependOnceListener) / TsFunParam() / TsTypeFunction() / TsFunParam() / TsTypeLookup())] 
[info ] ImportType.scala:245 Failed type conversion: EventTypes[E] [id => openfin, phase => scala.js, scope => TreeScope(TsParsedFile() / TsDeclModule(openfin/_v2/api/base) / TsDeclClass(EmitterBase) / TsMemberFunction(prependOnceListener) / TsFunParam() / TsTypeFunction() / TsFunParam() / TsTypeLookup())] 
[info ] ImportType.scala:245 Failed type conversion: EventTypes[E] [id => openfin, phase => scala.js, scope => TreeScope(TsParsedFile() / TsDeclModule(openfin/_v2/api/base) / TsDeclClass(EmitterBase) / TsMemberFunction(prependOnceListener) / TsFunParam() / TsTypeFunction() / TsFunParam() / TsTypeLookup())] 
[info ] ImportType.scala:245 Failed type conversion: EventTypes[string] [id => openfin, phase => scala.js, scope => TreeScope(TsParsedFile() / TsDeclModule(openfin/_v2/api/base) / TsDeclClass(EmitterBase) / TsMemberFunction(removeListener) / TsFunParam() / TsTypeFunction() / TsFunParam() / TsTypeLookup())] 
[info ] ImportType.scala:245 Failed type conversion: EventTypes[string] [id => openfin, phase => scala.js, scope => TreeScope(TsParsedFile() / TsDeclModule(openfin/_v2/api/base) / TsDeclClass(EmitterBase) / TsMemberFunction(removeListener) / TsFunParam() / TsTypeFunction() / TsFunParam() / TsTypeLookup())] 
[info ] ImportType.scala:245 Failed type conversion: EventTypes[symbol] [id => openfin, phase => scala.js, scope => TreeScope(TsParsedFile() / TsDeclModule(openfin/_v2/api/base) / TsDeclClass(EmitterBase) / TsMemberFunction(removeListener) / TsFunParam() / TsTypeFunction() / TsFunParam() / TsTypeLookup())] 
[info ] ImportType.scala:245 Failed type conversion: EventTypes[symbol] [id => openfin, phase => scala.js, scope => TreeScope(TsParsedFile() / TsDeclModule(openfin/_v2/api/base) / TsDeclClass(EmitterBase) / TsMemberFunction(removeListener) / TsFunParam() / TsTypeFunction() / TsFunParam() / TsTypeLookup())] 
[info ] ImportType.scala:245 Failed type conversion: EventTypes[E] [id => openfin, phase => scala.js, scope => TreeScope(TsParsedFile() / TsDeclModule(openfin/_v2/api/base) / TsDeclClass(EmitterBase) / TsMemberFunction(removeListener) / TsFunParam() / TsTypeFunction() / TsFunParam() / TsTypeLookup())] 
[info ] ImportType.scala:245 Failed type conversion: EventTypes[E] [id => openfin, phase => scala.js, scope => TreeScope(TsParsedFile() / TsDeclModule(openfin/_v2/api/base) / TsDeclClass(EmitterBase) / TsMemberFunction(removeListener) / TsFunParam() / TsTypeFunction() / TsFunParam() / TsTypeLookup())] 
[warn ] ImportTree.scala:386 Dropping List(TsIdentSimple(nonHotkeyEvents), TsIdentSimple(REGISTERED)) [id => openfin, phase => scala.js, scope => TreeScope(TsParsedFile() / TsDeclModule(openfin/_v2/api/events/globalHotkey) / TsDeclInterface(GlobalHotkeyEvents) / TsMemberIndex())] 
[warn ] ImportTree.scala:386 Dropping List(TsIdentSimple(nonHotkeyEvents), TsIdentSimple(UNREGISTERED)) [id => openfin, phase => scala.js, scope => TreeScope(TsParsedFile() / TsDeclModule(openfin/_v2/api/events/globalHotkey) / TsDeclInterface(GlobalHotkeyEvents) / TsMemberIndex())] 
[info ] RemoveDuplicateInheritance.scala:62 Dropped parents QualifiedName(List(Name(typings), Name(node), Name(eventsMod), Name(EventEmitter))) at Name(typings) / Name(openfin) / Name(underscoreV2TransportWebsocketMod) / Name(WebSocketTransport) because allParentRefs = Set(TypeRef(QualifiedName(List(Name(typings), Name(node), Name(eventsMod), Name(internal))),List(),NoComments), TypeRef(QualifiedName(List(Name(typings), Name(node), Name(eventsMod), Name(EventEmitter))),List(),NoComments)) [id => openfin, phase => scala.js, this => Name(typings) / Name(openfin) / Name(underscoreV2TransportWebsocketMod) / Name(WebSocketTransport)] 
[info ] RemoveDuplicateInheritance.scala:62 Dropped parents QualifiedName(List(Name(typings), Name(node), Name(eventsMod), Name(EventEmitter))) at Name(typings) / Name(openfin) / Name(underscoreV2TransportElipcMod) / Name(ElIPCTransport) because allParentRefs = Set(TypeRef(QualifiedName(List(Name(typings), Name(node), Name(eventsMod), Name(internal))),List(),NoComments), TypeRef(QualifiedName(List(Name(typings), Name(node), Name(eventsMod), Name(EventEmitter))),List(),NoComments)) [id => openfin, phase => scala.js, this => Name(typings) / Name(openfin) / Name(underscoreV2TransportElipcMod) / Name(ElIPCTransport)] 
[info ] RemoveMultipleInheritance.scala:43 Dropped parents 
- typings.openfin.underscoreV2ApiEventsBaseMod.RuntimeEvent because Already inherited [id => openfin, phase => scala.js, this => Name(typings) / Name(openfin) / Name(underscoreV2ApiEventsBaseMod) / Name(ApplicationEvent)] 
[info ] RemoveMultipleInheritance.scala:43 Dropped parents 
- typings.openfin.underscoreV2ApiEventsBaseMod.RuntimeEvent because Already inherited [id => openfin, phase => scala.js, this => Name(typings) / Name(openfin) / Name(underscoreV2ApiEventsBaseMod) / Name(WindowEvent)] 
[info ] RemoveMultipleInheritance.scala:43 Dropped parents 
- typings.openfin.underscoreV2ApiEventsBaseMod.RuntimeEvent because Already inherited [id => openfin, phase => scala.js, this => Name(typings) / Name(openfin) / Name(underscoreV2ApiEventsFrameMod) / Name(FrameEvent)] 
[info ] CompleteClass.scala:65 Completed implementations Vector(uuid) [id => openfin, phase => scala.js, this => Name(typings) / Name(openfin) / Name(underscoreV2ApiBaseMod) / Name(Reply)] 
[info ] CompleteClass.scala:65 Completed implementations Vector(messageCounter, getNextMessageId, createChildWindow, isWindowExists, getRandomId, retrievePort, getWebWindow, writeToken) [id => openfin, phase => scala.js, this => Name(typings) / Name(openfin) / Name(underscoreV2EnvironmentNodeDashEnvMod) / Name(default)] 
[info ] CompleteClass.scala:65 Completed implementations Vector(resolveUrl, getNextMessageId, createChildWindow, isWindowExists, getRandomId, retrievePort, getWebWindow, writeToken) [id => openfin, phase => scala.js, this => Name(typings) / Name(openfin) / Name(underscoreV2EnvironmentOpenfinDashEnvMod) / Name(default)] 
[info ] CompleteClass.scala:65 Completed implementations Vector(os, macLaunch, winLaunch, Security_Realm_Config_Key, OpenFin_Installer, Installer_Work_Dir, launch) [id => openfin, phase => scala.js, this => Name(typings) / Name(openfin) / Name(underscoreV2LauncherLauncherMod) / Name(default)] 
[info ] CompleteClass.scala:65 Completed implementations Vector(message, name) [id => openfin, phase => scala.js, this => Name(typings) / Name(openfin) / Name(underscoreV2TransportTransportDashErrorsMod) / Name(DisconnectedError)] 
[info ] CompleteClass.scala:65 Completed implementations Vector(message, name) [id => openfin, phase => scala.js, this => Name(typings) / Name(openfin) / Name(underscoreV2TransportTransportDashErrorsMod) / Name(DuplicateCorrelationError)] 
[info ] CompleteClass.scala:65 Completed implementations Vector(message, name) [id => openfin, phase => scala.js, this => Name(typings) / Name(openfin) / Name(underscoreV2TransportTransportDashErrorsMod) / Name(NoAckError)] 
[info ] CompleteClass.scala:65 Completed implementations Vector(message, name) [id => openfin, phase => scala.js, this => Name(typings) / Name(openfin) / Name(underscoreV2TransportTransportDashErrorsMod) / Name(NotImplementedError)] 
[info ] CompleteClass.scala:65 Completed implementations Vector(message, name) [id => openfin, phase => scala.js, this => Name(typings) / Name(openfin) / Name(underscoreV2TransportTransportDashErrorsMod) / Name(NotSupportedError)] 
[info ] CompleteClass.scala:65 Completed implementations Vector(message, name) [id => openfin, phase => scala.js, this => Name(typings) / Name(openfin) / Name(underscoreV2TransportTransportDashErrorsMod) / Name(RuntimeError)] 
[info ] CompleteClass.scala:65 Completed implementations Vector(message, name) [id => openfin, phase => scala.js, this => Name(typings) / Name(openfin) / Name(underscoreV2TransportTransportDashErrorsMod) / Name(UnexpectedActionError)] 
[debug] PhaseRunner.scala:84 Success [id => openfin, phase => scala.js] 
[warn ] Npmjs.scala:107 Could't fetch metadata for TsIdentLibrarySimple(openfin) [id => openfin, phase => build] gigahorse.StatusError: Unexpected status: 404
	at gigahorse.StatusError$.apply(StatusError.scala:29)
	at gigahorse.support.okhttp.OkHandler.onStatusReceived(OkHandler.scala:26)
	at gigahorse.support.okhttp.OkHandler.onStatusReceived$(OkHandler.scala:23)
	at gigahorse.support.okhttp.OkHandler$FullOkHandler.onStatusReceived(OkHandler.scala:31)
	at gigahorse.support.okhttp.OkhClient$$anon$1.onResponse(OkhClient.scala:163)
	at okhttp3.RealCall$AsyncCall.execute(RealCall.java:141)
	at okhttp3.internal.NamedRunnable.run(NamedRunnable.java:32)
	at java.util.concurrent.ThreadPoolExecutor.runWorker(ThreadPoolExecutor.java:1149)
	at java.util.concurrent.ThreadPoolExecutor$Worker.run(ThreadPoolExecutor.java:624)
	at java.lang.Thread.run(Thread.java:748)

[warn ] Phase3Compile.scala:208 Building openfin... [id => openfin, phase => build] 
[error] Phase3Compile.scala:234 [E] [E12] src/main/scala/typings/openfin/underscoreV2ApiEventsWindowMod/package.scala:16:85
[E]       not found: type Type
[E]       L16:     */ typings.openfin.openfinStrings.WindowEvents with (WindowEventMapping[window, Type])
[E]                                                                                                ^
[E] [E11] src/main/scala/typings/openfin/underscoreV2ApiEventsSystemMod/package.scala:14:177
[E]       not found: type Type
[E]       L14:   type SystemEvents = PropagatedWindowEvents[system] with PropagatedApplicationEvents[system] with typings.openfin.openfinStrings.SystemEvents with (SystemEventMapping[system, Type])
[E]                                                                                                                                                                                            ^
[E] [E10] src/main/scala/typings/openfin/underscoreV2ApiEventsExternalWindowMod/package.scala:36:112
[E]       not found: type Type
[E]       L36:     */ typings.openfin.openfinStrings.ExternalWindowEvents with (ExternalWindowEventMapping[`external-window`, Type])
[E]                                                                                                                           ^
[E] [E9] src/main/scala/typings/openfin/underscoreV2ApiEventsApplicationMod/package.scala:13:114
[E]      not found: type Type
[E]      L13:     */ typings.openfin.openfinStrings.PropagatedApplicationEvents with (PropagatedApplicationEventMapping[Topic, Type])
[E]                                                                                                                            ^
[E] [E8] src/main/scala/typings/openfin/underscoreV2ApiBaseMod/EmitterBase.scala:74:23
[E]      method deregisterAllListeners is defined twice;
[E]        the conflicting method deregisterAllListeners was defined at line 72:23
[E]      L74:   /* protected */ def deregisterAllListeners(eventType: Extract[String, String]): js.Promise[Unit | EventEmitter] = js.native
[E]                                 ^
[E] [E7] src/main/scala/typings/openfin/underscoreV2ApiBaseMod/EmitterBase.scala:79:23
[E]      method deregisterEventListener is defined twice;
[E]        the conflicting method deregisterEventListener was defined at line 75:23
[E]      L79:   /* protected */ def deregisterEventListener(eventType: Extract[String, String]): js.Promise[Unit | EventEmitter] = js.native
[E]                                 ^
[E] [E6] src/main/scala/typings/openfin/underscoreV2ApiBaseMod/EmitterBase.scala:80:23
[E]      method deregisterEventListener is defined twice;
[E]        the conflicting method deregisterEventListener was defined at line 76:23
[E]      L80:   /* protected */ def deregisterEventListener(eventType: Extract[String, String], options: SubOptions): js.Promise[Unit | EventEmitter] = js.native
[E]                                 ^
[E] [E5] src/main/scala/typings/openfin/underscoreV2ApiBaseMod/EmitterBase.scala:309:23
[E]      method registerEventListener is defined twice;
[E]        the conflicting method registerEventListener was defined at line 305:23
[E]      L309:   /* protected */ def registerEventListener(eventType: Extract[String, String]): js.Promise[EventEmitter] = js.native
[E]                                  ^
[E] [E4] src/main/scala/typings/openfin/underscoreV2ApiBaseMod/EmitterBase.scala:310:23
[E]      method registerEventListener is defined twice;
[E]        the conflicting method registerEventListener was defined at line 306:23
[E]      L310:   /* protected */ def registerEventListener(eventType: Extract[String, String], options: SubOptions): js.Promise[EventEmitter] = js.native
[E]                                  ^
[E] [E3] src/main/scala/typings/openfin/underscoreV2ApiBaseMod/EmitterBase.scala:314:7
[E]      method removeAllListeners is defined twice;
[E]        the conflicting method removeAllListeners was defined at line 312:7
[E]      L314:   def removeAllListeners(eventType: Extract[String, String]): js.Promise[this.type] = js.native
[E]                  ^
[E] [E2] src/main/scala/typings/openfin/underscoreV2ApiEventsApplicationMod/package.scala:10:161
[E]      not found: type Type
[E]      L10:   type ApplicationEvents = PropagatedWindowEvents[application] with typings.openfin.openfinStrings.ApplicationEvents with (ApplicationEventMapping[application, Type])
[E]                                                                                                                                                                           ^
[E] [E1] src/main/scala/typings/openfin/underscoreV2ApiEventsWindowMod/package.scala:12:104
[E]      not found: type Type
[E]      L12:     */ typings.openfin.openfinStrings.PropagatedWindowEvents with (PropagatedWindowEventMapping[Topic, Type])
[E]                                                                                                                  ^
[E] src/main/scala/typings/openfin/underscoreV2ApiEventsApplicationMod/package.scala: L10 [E2], L13 [E9]
[E] src/main/scala/typings/openfin/underscoreV2ApiBaseMod/EmitterBase.scala: L74 [E8], L79 [E7], L80 [E6], L309 [E5], L310 [E4], L314 [E3]
[E] src/main/scala/typings/openfin/underscoreV2ApiEventsExternalWindowMod/package.scala: L36 [E10]
[E] src/main/scala/typings/openfin/underscoreV2ApiEventsSystemMod/package.scala: L14 [E11]
[E] src/main/scala/typings/openfin/underscoreV2ApiEventsWindowMod/package.scala: L12 [E1], L16 [E12]
[E] Failed to compile 'openfin'
 [id => openfin, phase => build] 
[error] PhaseRunner.scala:88 Failure, [openfin => Compilation failed] [id => openfin, phase => build] 
[error] PhaseRunner.scala:88 Failure, [openfin => Compilation failed] [id => openfin, phase => publish] 
