[info ] InferredDependency.scala:20 Inferred dependencies Set(TsIdentLibrarySimple(node)) for TsIdentLibrarySimple(orientjs) [id => orientjs, phase => typescript, file => ../types/orientjs/index.d.ts] 
[debug] PhaseRunner.scala:78 Success [id => orientjs, phase => typescript] 
[info ] Phase1ReadTypescript.scala:152 Preprocessing TsHelperFile(InFile(/home/tso/tmp/tso-cache/DefinitelyTyped/types/orientjs/index.d.ts),FromFolder(InFolder(/home/tso/tmp/tso-cache/DefinitelyTyped/types/orientjs),TsIdentLibrarySimple(orientjs)),TsIdentModule(None,List(orientjs))) [id => orientjs, phase => typescript] 
[info ] InferredDefaultModule.scala:39 Inferred module TsIdentModule(None,List(orientjs)) [id => orientjs, phase => typescript] 
[warn ] Phase1ReadTypescript.scala:190 Processing TsIdentLibrarySimple(orientjs) [id => orientjs, phase => typescript] 
[info ] PreferTypeAlias.scala:112 Simplified to type alias [id => orientjs, phase => typescript, scope => TreeScope(TsParsedFile() / TsDeclModule(orientjs) / TsDeclNamespace(orientjs) / TsDeclNamespace(errors) / TsDeclInterface(RequestError))] 
[info ] PreferTypeAlias.scala:112 Simplified to type alias [id => orientjs, phase => typescript, scope => TreeScope(TsParsedFile() / TsDeclModule(orientjs) / TsDeclNamespace(orientjs) / TsDeclNamespace(Migration) / TsDeclInterface(Manager))] 
[info ] PreferTypeAlias.scala:112 Simplified to type alias [id => orientjs, phase => typescript, scope => TreeScope(TsParsedFile() / TsDeclModule(orientjs) / TsDeclNamespace(orientjs) / TsDeclInterface(ODatabase))] 
[info ] ExtractInterfaces.scala:30 Extracted anonymous interface TsIdentSimple(Anon_Name) [id => orientjs, phase => typescript, scope => TreeScope(TsParsedFile() / TsDeclModule(orientjs) / TsDeclClass(ODatabase) / TsMemberFunction(constructor) / TsFunSig() / TsFunParam() / TsTypeObject())] 
[info ] ExtractInterfaces.scala:30 Extracted anonymous interface TsIdentSimple(Anon_Fields) [id => orientjs, phase => typescript, scope => TreeScope(TsParsedFile() / TsDeclModule(orientjs) / TsDeclNamespace(orientjs) / TsDeclInterface(PropertyUpdateConfig) / TsMemberProperty(custom) / TsTypeObject())] 
[info ] ExtractInterfaces.scala:30 Extracted anonymous interface TsIdentSimple(Anon_Fields) [id => orientjs, phase => typescript, scope => TreeScope(TsParsedFile() / TsDeclModule(orientjs) / TsDeclNamespace(orientjs) / TsDeclInterface(PropertyCreateConfig) / TsMemberProperty(custom) / TsTypeObject())] 
[info ] ExtractInterfaces.scala:30 Extracted anonymous interface TsIdentSimple(Anon_Ifexist) [id => orientjs, phase => typescript, scope => TreeScope(TsParsedFile() / TsDeclModule(orientjs) / TsDeclNamespace(orientjs) / TsDeclInterface(Class) / TsMemberFunction(drop) / TsFunSig() / TsFunParam() / TsTypeObject())] 
[info ] ExtractInterfaces.scala:30 Extracted anonymous interface TsIdentSimple(Anon_Fields) [id => orientjs, phase => typescript, scope => TreeScope(TsParsedFile() / TsDeclModule(orientjs) / TsDeclNamespace(orientjs) / TsDeclInterface(Property) / TsMemberProperty(custom) / TsTypeObject())] 
[info ] ExtractInterfaces.scala:30 Extracted anonymous interface TsIdentSimple(Anon_Ifexist) [id => orientjs, phase => typescript, scope => TreeScope(TsParsedFile() / TsDeclModule(orientjs) / TsDeclNamespace(orientjs) / TsDeclInterface(Property) / TsMemberFunction(drop) / TsFunSig() / TsFunParam() / TsTypeObject())] 
[debug] PhaseRunner.scala:78 Success [id => orientjs, phase => typescript] 
[warn ] Phase2ToScalaJs.scala:34 Processing TsIdentLibrarySimple(orientjs) [id => orientjs, phase => scala.js] 
[info ] CompleteClass.scala:60 Completed implementations Vector(next, current, reset) [id => orientjs, phase => scala.js, this => Name(orientjsLib) / Name(orientjsMod) / Name(SequenceSqlFunction)] 
[info ] CompleteClass.scala:60 Completed implementations Vector(db, id, create, update, commit, delete) [id => orientjs, phase => scala.js, this => Name(orientjsLib) / Name(orientjsMod) / Name(Transaction)] 
[info ] CompleteClass.scala:60 Completed implementations Vector(name, init) [id => orientjs, phase => scala.js, this => Name(orientjsLib) / Name(orientjsMod) / Name(errorsNs) / Name(BaseError)] 
[info ] CompleteClass.scala:60 Completed implementations Vector(date, message, name, init) [id => orientjs, phase => scala.js, this => Name(orientjsLib) / Name(orientjsMod) / Name(errorsNs) / Name(OperationError)] 
[info ] CompleteClass.scala:60 Completed implementations Vector(date, message, name, init) [id => orientjs, phase => scala.js, this => Name(orientjsLib) / Name(orientjsMod) / Name(errorsNs) / Name(RequestError)] 
[debug] PhaseRunner.scala:78 Success [id => orientjs, phase => scala.js] 
[warn ] PhaseRunner.scala:64 Failed because of, [node => Compilation failed] [id => orientjs, phase => build] 
[debug] PhaseRunner.scala:82 Failure, [node => Compilation failed] [id => orientjs, phase => build] 
