[info ] InferredDependency.scala:20 Inferred dependencies Set(TsIdentLibrarySimple(node)) for TsIdentLibrarySimple(parse) [id => parse, phase => typescript, file => ../types/parse/index.d.ts] 
[debug] PhaseRunner.scala:86 Ignored [id => parse, phase => typescript] 
[debug] PhaseRunner.scala:78 Success [id => parse, phase => typescript] 
[info ] Phase1ReadTypescript.scala:152 Preprocessing TsHelperFile(InFile(/home/tso/tmp/tso-cache/DefinitelyTyped/types/parse/index.d.ts),FromFolder(InFolder(/home/tso/tmp/tso-cache/DefinitelyTyped/types/parse),TsIdentLibrarySimple(parse)),TsIdentModule(None,List(parse))) [id => parse, phase => typescript] 
[warn ] Phase1ReadTypescript.scala:190 Processing TsIdentLibrarySimple(parse) [id => parse, phase => typescript] 
[info ] PreferTypeAlias.scala:112 Simplified to type alias [id => parse, phase => typescript, scope => TreeScope(TsParsedFile() / TsDeclNamespace(Parse) / TsDeclNamespace(Cloud) / TsDeclInterface(AfterSaveRequest))] 
[info ] PreferTypeAlias.scala:112 Simplified to type alias [id => parse, phase => typescript, scope => TreeScope(TsParsedFile() / TsDeclNamespace(Parse) / TsDeclNamespace(Cloud) / TsDeclInterface(AfterDeleteRequest))] 
[info ] PreferTypeAlias.scala:112 Simplified to type alias [id => parse, phase => typescript, scope => TreeScope(TsParsedFile() / TsDeclNamespace(Parse) / TsDeclNamespace(Cloud) / TsDeclInterface(BeforeDeleteRequest))] 
[info ] PreferTypeAlias.scala:112 Simplified to type alias [id => parse, phase => typescript, scope => TreeScope(TsParsedFile() / TsDeclNamespace(Parse) / TsDeclNamespace(Cloud) / TsDeclInterface(BeforeDeleteResponse))] 
[info ] PreferTypeAlias.scala:112 Simplified to type alias [id => parse, phase => typescript, scope => TreeScope(TsParsedFile() / TsDeclNamespace(Parse) / TsDeclNamespace(Cloud) / TsDeclInterface(BeforeSaveRequest))] 
[info ] PreferTypeAlias.scala:112 Simplified to type alias [id => parse, phase => typescript, scope => TreeScope(TsParsedFile() / TsDeclNamespace(Parse) / TsDeclNamespace(Op) / TsDeclInterface(Add))] 
[info ] PreferTypeAlias.scala:112 Simplified to type alias [id => parse, phase => typescript, scope => TreeScope(TsParsedFile() / TsDeclNamespace(Parse) / TsDeclNamespace(Op) / TsDeclInterface(AddUnique))] 
[info ] PreferTypeAlias.scala:112 Simplified to type alias [id => parse, phase => typescript, scope => TreeScope(TsParsedFile() / TsDeclNamespace(Parse) / TsDeclNamespace(Op) / TsDeclInterface(Unset))] 
[debug] DefaultedTParams.scala:29 Defaulting type parameter TsIdentSimple(T) at TreeScope(TsParsedFile() / TsDeclNamespace(Parse) / TsDeclNamespace(Cloud) / TsDeclInterface(BeforeFindRequest) / TsMemberProperty(query) / TsTypeRef()) [id => parse, phase => typescript, scope => TreeScope(TsParsedFile() / TsDeclNamespace(Parse) / TsDeclNamespace(Cloud) / TsDeclInterface(BeforeFindRequest) / TsMemberProperty(query) / TsTypeRef())] 
[info ] ExtractInterfaces.scala:30 Extracted anonymous interface TsIdentSimple(Anon_Key) [id => parse, phase => typescript, scope => TreeScope(TsParsedFile() / TsDeclNamespace(Parse) / TsDeclNamespace(Query) / TsDeclInterface(AggregationOptions) / TsMemberProperty(group) / TsTypeObject())] 
[debug] PhaseRunner.scala:78 Success [id => parse, phase => typescript] 
[warn ] Phase2ToScalaJs.scala:34 Processing TsIdentLibrarySimple(parse) [id => parse, phase => scala.js] 
[info ] CompleteClass.scala:60 Completed implementations Vector(toJSON) [id => parse, phase => scala.js, this => Name(parseLib) / Name(ParseNs) / Name(BaseObject)] 
[debug] PhaseRunner.scala:78 Success [id => parse, phase => scala.js] 
[warn ] PhaseRunner.scala:64 Failed because of, [node => Compilation failed] [id => parse, phase => build] 
[debug] PhaseRunner.scala:82 Failure, [node => Compilation failed] [id => parse, phase => build] 
