[debug] PhaseRunner.scala:78 Success [id => passport-azure-ad, phase => typescript] 
[debug] PhaseRunner.scala:78 Success [id => passport-azure-ad, phase => typescript] 
[debug] PhaseRunner.scala:78 Success [id => passport-azure-ad, phase => typescript] 
[debug] PhaseRunner.scala:78 Success [id => passport-azure-ad, phase => typescript] 
[info ] Phase1ReadTypescript.scala:152 Preprocessing TsHelperFile(InFile(/home/tso/tmp/tso-cache/DefinitelyTyped/types/passport-azure-ad/bearer-strategy.d.ts),FromFolder(InFolder(/home/tso/tmp/tso-cache/DefinitelyTyped/types/passport-azure-ad),TsIdentLibrarySimple(passport-azure-ad)),TsIdentModule(None,List(passport-azure-ad, bearer-strategy))) [id => passport-azure-ad, phase => typescript] 
[info ] InferredDefaultModule.scala:39 Inferred module TsIdentModule(None,List(passport-azure-ad, bearer-strategy)) [id => passport-azure-ad, phase => typescript] 
[info ] Phase1ReadTypescript.scala:152 Preprocessing TsHelperFile(InFile(/home/tso/tmp/tso-cache/DefinitelyTyped/types/passport-azure-ad/common.d.ts),FromFolder(InFolder(/home/tso/tmp/tso-cache/DefinitelyTyped/types/passport-azure-ad),TsIdentLibrarySimple(passport-azure-ad)),TsIdentModule(None,List(passport-azure-ad, common))) [id => passport-azure-ad, phase => typescript] 
[info ] InferredDefaultModule.scala:39 Inferred module TsIdentModule(None,List(passport-azure-ad, common)) [id => passport-azure-ad, phase => typescript] 
[info ] Phase1ReadTypescript.scala:152 Preprocessing TsHelperFile(InFile(/home/tso/tmp/tso-cache/DefinitelyTyped/types/passport-azure-ad/index.d.ts),FromFolder(InFolder(/home/tso/tmp/tso-cache/DefinitelyTyped/types/passport-azure-ad),TsIdentLibrarySimple(passport-azure-ad)),TsIdentModule(None,List(passport-azure-ad))) [id => passport-azure-ad, phase => typescript] 
[info ] InferredDefaultModule.scala:39 Inferred module TsIdentModule(None,List(passport-azure-ad)) [id => passport-azure-ad, phase => typescript] 
[info ] Phase1ReadTypescript.scala:152 Preprocessing TsHelperFile(InFile(/home/tso/tmp/tso-cache/DefinitelyTyped/types/passport-azure-ad/oidc-strategy.d.ts),FromFolder(InFolder(/home/tso/tmp/tso-cache/DefinitelyTyped/types/passport-azure-ad),TsIdentLibrarySimple(passport-azure-ad)),TsIdentModule(None,List(passport-azure-ad, oidc-strategy))) [id => passport-azure-ad, phase => typescript] 
[info ] InferredDefaultModule.scala:39 Inferred module TsIdentModule(None,List(passport-azure-ad, oidc-strategy)) [id => passport-azure-ad, phase => typescript] 
[warn ] Phase1ReadTypescript.scala:190 Processing TsIdentLibrarySimple(passport-azure-ad) [id => passport-azure-ad, phase => typescript] 
[info ] PreferTypeAlias.scala:118 Simplified to function type alias [id => passport-azure-ad, phase => typescript, scope => TreeScope(TsParsedFile() / TsDeclModule(passport-azure-ad/common) / TsDeclInterface(VerifyCallback))] 
[info ] ExtractInterfaces.scala:30 Extracted anonymous interface TsIdentSimple(Anon_Key) [id => passport-azure-ad, phase => typescript, scope => TreeScope(TsParsedFile() / TsDeclModule(passport-azure-ad/oidc-strategy) / TsDeclInterface(IOIDCStrategyOption) / TsMemberProperty(cookieEncryptionKeys) / TsTypeRef() / TsTypeObject())] 
[info ] ExtractInterfaces.scala:30 Extracted anonymous interface TsIdentSimple(Anon_GivenName) [id => passport-azure-ad, phase => typescript, scope => TreeScope(TsParsedFile() / TsDeclModule(passport-azure-ad/oidc-strategy) / TsDeclInterface(IProfile) / TsMemberProperty(name) / TsTypeObject())] 
[debug] PhaseRunner.scala:78 Success [id => passport-azure-ad, phase => typescript] 
[warn ] Phase2ToScalaJs.scala:34 Processing TsIdentLibrarySimple(passport-azure-ad) [id => passport-azure-ad, phase => scala.js] 
[debug] PhaseRunner.scala:78 Success [id => passport-azure-ad, phase => scala.js] 
[warn ] PhaseRunner.scala:64 Failed because of, [node => Compilation failed] [id => passport-azure-ad, phase => build] 
[debug] PhaseRunner.scala:82 Failure, [node => Compilation failed] [id => passport-azure-ad, phase => build] 
