[info ] InferredDependency.scala:20 Inferred dependencies Set(TsIdentLibrarySimple(node)) for TsIdentLibrarySimple(paypal-rest-sdk) [id => paypal-rest-sdk, phase => typescript, file => ../types/paypal-rest-sdk/index.d.ts] 
[debug] PhaseRunner.scala:78 Success [id => paypal-rest-sdk, phase => typescript] 
[info ] Phase1ReadTypescript.scala:152 Preprocessing TsHelperFile(InFile(/home/tso/tmp/tso-cache/DefinitelyTyped/types/paypal-rest-sdk/index.d.ts),FromFolder(InFolder(/home/tso/tmp/tso-cache/DefinitelyTyped/types/paypal-rest-sdk),TsIdentLibrarySimple(paypal-rest-sdk)),TsIdentModule(None,List(paypal-rest-sdk))) [id => paypal-rest-sdk, phase => typescript] 
[info ] InferredDefaultModule.scala:39 Inferred module TsIdentModule(None,List(paypal-rest-sdk)) [id => paypal-rest-sdk, phase => typescript] 
[warn ] Phase1ReadTypescript.scala:190 Processing TsIdentLibrarySimple(paypal-rest-sdk) [id => paypal-rest-sdk, phase => typescript] 
[info ] ExtractInterfaces.scala:30 Extracted anonymous interface TsIdentSimple(Anon_Allowedpaymentmethod) [id => paypal-rest-sdk, phase => typescript, scope => TreeScope(TsParsedFile() / TsDeclModule(paypal-rest-sdk) / TsDeclInterface(Transaction) / TsMemberProperty(payment_options) / TsTypeObject())] 
[info ] ExtractInterfaces.scala:30 Extracted anonymous interface TsIdentSimple(Anon_Shippingphonenumber) [id => paypal-rest-sdk, phase => typescript, scope => TreeScope(TsParsedFile() / TsDeclModule(paypal-rest-sdk) / TsDeclInterface(Transaction) / TsMemberProperty(item_list) / TsTypeObject())] 
[info ] ExtractInterfaces.scala:30 Extracted anonymous interface TsIdentSimple(Anon_Displayphone) [id => paypal-rest-sdk, phase => typescript, scope => TreeScope(TsParsedFile() / TsDeclModule(paypal-rest-sdk) / TsDeclInterface(Payee) / TsMemberProperty(payee_display_metadata) / TsTypeObject())] 
[info ] ExtractInterfaces.scala:30 Extracted anonymous interface TsIdentSimple(Anon_Insurance) [id => paypal-rest-sdk, phase => typescript, scope => TreeScope(TsParsedFile() / TsDeclModule(paypal-rest-sdk) / TsDeclInterface(Amount) / TsMemberProperty(details) / TsTypeObject())] 
[info ] ExtractInterfaces.scala:30 Extracted anonymous interface TsIdentSimple(Anon_Paypal) [id => paypal-rest-sdk, phase => typescript, scope => TreeScope(TsParsedFile() / TsDeclModule(paypal-rest-sdk) / TsDeclNamespace(invoice) / TsDeclInterface(Invoice) / TsMemberProperty(payment_summary) / TsTypeObject())] 
[info ] ExtractInterfaces.scala:30 Extracted anonymous interface TsIdentSimple(Anon_Firstname) [id => paypal-rest-sdk, phase => typescript, scope => TreeScope(TsParsedFile() / TsDeclModule(paypal-rest-sdk) / TsDeclNamespace(invoice) / TsDeclInterface(Invoice) / TsMemberProperty(shipping_info) / TsTypeObject())] 
[info ] ExtractInterfaces.scala:30 Extracted anonymous interface TsIdentSimple(Anon_Paypal) [id => paypal-rest-sdk, phase => typescript, scope => TreeScope(TsParsedFile() / TsDeclModule(paypal-rest-sdk) / TsDeclNamespace(invoice) / TsDeclInterface(Invoice) / TsMemberProperty(refunded_amount) / TsTypeObject())] 
[info ] ExtractInterfaces.scala:30 Extracted anonymous interface TsIdentSimple(Anon_Paypal) [id => paypal-rest-sdk, phase => typescript, scope => TreeScope(TsParsedFile() / TsDeclModule(paypal-rest-sdk) / TsDeclNamespace(invoice) / TsDeclInterface(Invoice) / TsMemberProperty(paid_amount) / TsTypeObject())] 
[info ] ExtractInterfaces.scala:30 Extracted anonymous interface TsIdentSimple(Anon_Createdby) [id => paypal-rest-sdk, phase => typescript, scope => TreeScope(TsParsedFile() / TsDeclModule(paypal-rest-sdk) / TsDeclNamespace(invoice) / TsDeclInterface(Invoice) / TsMemberProperty(metadata) / TsTypeObject())] 
[info ] ExtractInterfaces.scala:30 Extracted anonymous interface TsIdentSimple(Anon_Paymentmethod) [id => paypal-rest-sdk, phase => typescript, scope => TreeScope(TsParsedFile() / TsDeclModule(paypal-rest-sdk) / TsDeclInterface(Payment) / TsMemberProperty(payer) / TsTypeObject())] 
[info ] ExtractInterfaces.scala:30 Extracted anonymous interface TsIdentSimple(Anon_Cancelurl) [id => paypal-rest-sdk, phase => typescript, scope => TreeScope(TsParsedFile() / TsDeclModule(paypal-rest-sdk) / TsDeclInterface(Payment) / TsMemberProperty(redirect_urls) / TsTypeObject())] 
[debug] PhaseRunner.scala:78 Success [id => paypal-rest-sdk, phase => typescript] 
[warn ] Phase2ToScalaJs.scala:34 Processing TsIdentLibrarySimple(paypal-rest-sdk) [id => paypal-rest-sdk, phase => scala.js] 
[info ] InferMemberOverrides.scala:81 added override fields List(Name(create_time)) [id => paypal-rest-sdk, phase => scala.js, this => Name(paypalDashRestDashSdkLib) / Name(paypalDashRestDashSdkMod) / Name(paymentNs) / Name(SaleResponse)] 
[info ] InferMemberOverrides.scala:81 added override fields List(Name(create_time)) [id => paypal-rest-sdk, phase => scala.js, this => Name(paypalDashRestDashSdkLib) / Name(paypalDashRestDashSdkMod) / Name(paymentNs) / Name(CaptureResponse)] 
[info ] InferMemberOverrides.scala:81 added override fields List(Name(create_time)) [id => paypal-rest-sdk, phase => scala.js, this => Name(paypalDashRestDashSdkLib) / Name(paypalDashRestDashSdkMod) / Name(paymentNs) / Name(RefundResponse)] 
[info ] InferMemberOverrides.scala:81 added override fields List(Name(create_time)) [id => paypal-rest-sdk, phase => scala.js, this => Name(paypalDashRestDashSdkLib) / Name(paypalDashRestDashSdkMod) / Name(paymentNs) / Name(AuthorizationResponse)] 
[info ] InferMemberOverrides.scala:81 added override fields List(Name(create_time)) [id => paypal-rest-sdk, phase => scala.js, this => Name(paypalDashRestDashSdkLib) / Name(paypalDashRestDashSdkMod) / Name(PaymentResponse)] 
[debug] PhaseRunner.scala:78 Success [id => paypal-rest-sdk, phase => scala.js] 
[warn ] PhaseRunner.scala:64 Failed because of, [node => Compilation failed] [id => paypal-rest-sdk, phase => build] 
[debug] PhaseRunner.scala:82 Failure, [node => Compilation failed] [id => paypal-rest-sdk, phase => build] 
