[info ] InferredDependency.scala:20 Inferred dependencies Set(TsIdentLibrarySimple(node)) for TsIdentLibrarySimple(pino) [id => pino, phase => typescript, file => ../types/pino/index.d.ts] 
[debug] PhaseRunner.scala:78 Success [id => pino, phase => typescript] 
[info ] Phase1ReadTypescript.scala:152 Preprocessing TsHelperFile(InFile(/home/tso/tmp/tso-cache/DefinitelyTyped/types/pino/index.d.ts),FromFolder(InFolder(/home/tso/tmp/tso-cache/DefinitelyTyped/types/pino),TsIdentLibrarySimple(pino)),TsIdentModule(None,List(pino))) [id => pino, phase => typescript] 
[info ] InferredDefaultModule.scala:39 Inferred module TsIdentModule(None,List(pino)) [id => pino, phase => typescript] 
[warn ] Phase1ReadTypescript.scala:190 Processing TsIdentLibrarySimple(pino) [id => pino, phase => typescript] 
[info ] ExpandCallables.scala:57 Expanded fatal into 2 methods [id => pino, phase => typescript, scope => TreeScope(TsParsedFile() / TsDeclModule(pino) / TsDeclNamespace(P) / TsDeclInterface(BaseLogger))] 
[info ] ExpandCallables.scala:57 Expanded error into 2 methods [id => pino, phase => typescript, scope => TreeScope(TsParsedFile() / TsDeclModule(pino) / TsDeclNamespace(P) / TsDeclInterface(BaseLogger))] 
[info ] ExpandCallables.scala:57 Expanded warn into 2 methods [id => pino, phase => typescript, scope => TreeScope(TsParsedFile() / TsDeclModule(pino) / TsDeclNamespace(P) / TsDeclInterface(BaseLogger))] 
[info ] ExpandCallables.scala:57 Expanded info into 2 methods [id => pino, phase => typescript, scope => TreeScope(TsParsedFile() / TsDeclModule(pino) / TsDeclNamespace(P) / TsDeclInterface(BaseLogger))] 
[info ] ExpandCallables.scala:57 Expanded debug into 2 methods [id => pino, phase => typescript, scope => TreeScope(TsParsedFile() / TsDeclModule(pino) / TsDeclNamespace(P) / TsDeclInterface(BaseLogger))] 
[info ] ExpandCallables.scala:57 Expanded trace into 2 methods [id => pino, phase => typescript, scope => TreeScope(TsParsedFile() / TsDeclModule(pino) / TsDeclNamespace(P) / TsDeclInterface(BaseLogger))] 
[info ] ExtractInterfaces.scala:30 Extracted anonymous interface TsIdentSimple(Anon_Method) [id => pino, phase => typescript, scope => TreeScope(TsParsedFile() / TsDeclModule(pino) / TsDeclVar(stdSerializers) / TsTypeObject() / TsMemberFunction(req) / TsFunSig() / TsTypeObject())] 
[info ] ExtractInterfaces.scala:30 Extracted anonymous interface TsIdentSimple(Anon_Key) [id => pino, phase => typescript, scope => TreeScope(TsParsedFile() / TsDeclModule(pino) / TsDeclVar(stdSerializers) / TsTypeObject() / TsMemberFunction(err) / TsFunSig() / TsTypeObject())] 
[info ] ExtractInterfaces.scala:30 Extracted anonymous interface TsIdentSimple(Anon_Header) [id => pino, phase => typescript, scope => TreeScope(TsParsedFile() / TsDeclModule(pino) / TsDeclVar(stdSerializers) / TsTypeObject() / TsMemberFunction(res) / TsFunSig() / TsTypeObject())] 
[info ] ExtractInterfaces.scala:30 Extracted anonymous interface TsIdentSimple(Anon_Req) [id => pino, phase => typescript, scope => TreeScope(TsParsedFile() / TsDeclModule(pino) / TsDeclVar(stdSerializers) / TsTypeObject())] 
[info ] ExtractInterfaces.scala:30 Extracted anonymous interface TsIdentSimple(Anon_Trace) [id => pino, phase => typescript, scope => TreeScope(TsParsedFile() / TsDeclModule(pino) / TsDeclNamespace(P) / TsDeclInterface(LoggerOptions) / TsMemberProperty(browser) / TsTypeObject() / TsMemberProperty(write) / TsTypeUnion() / TsTypeIntersect() / TsTypeObject())] 
[info ] ExtractInterfaces.scala:30 Extracted anonymous interface TsIdentSimple(Anon_Write) [id => pino, phase => typescript, scope => TreeScope(TsParsedFile() / TsDeclModule(pino) / TsDeclNamespace(P) / TsDeclInterface(LoggerOptions) / TsMemberProperty(browser) / TsTypeObject())] 
[info ] ExtractInterfaces.scala:30 Extracted anonymous interface TsIdentSimple(Anon_KeyLevel) [id => pino, phase => typescript, scope => TreeScope(TsParsedFile() / TsDeclModule(pino) / TsDeclNamespace(P) / TsDeclInterface(BaseLogger) / TsMemberFunction(child) / TsFunSig() / TsFunParam() / TsTypeObject())] 
[info ] ExtractInterfaces.scala:30 Extracted anonymous interface TsIdentSimple(Anon_NullTime) [id => pino, phase => typescript, scope => TreeScope(TsParsedFile() / TsDeclModule(pino) / TsDeclVar(stdTimeFunctions) / TsTypeObject())] 
[debug] PhaseRunner.scala:78 Success [id => pino, phase => typescript] 
[warn ] Phase2ToScalaJs.scala:34 Processing TsIdentLibrarySimple(pino) [id => pino, phase => scala.js] 
[debug] PhaseRunner.scala:78 Success [id => pino, phase => scala.js] 
[warn ] PhaseRunner.scala:64 Failed because of, [node => Compilation failed] [id => pino, phase => build] 
[debug] PhaseRunner.scala:82 Failure, [node => Compilation failed] [id => pino, phase => build] 
