[warn ] Phase1ReadTypescript.scala:143 Could not resolve declared dependency cac [id => poi, phase => typescript] 
[debug] PhaseRunner.scala:84 Success [id => poi, phase => typescript] 
[info ] Phase1ReadTypescript.scala:160 Preprocessing TsHelperFile(InFile(/home/tso/tmp/tso-cache/DefinitelyTyped/types/poi/index.d.ts),FromFolder(InFolder(/home/tso/tmp/tso-cache/DefinitelyTyped/types/poi),TsIdentLibrarySimple(poi)),TsIdentModule(None,List(poi))) [id => poi, phase => typescript] 
[info ] InferredDefaultModule.scala:39 Inferred module TsIdentModule(None,List(poi)) [id => poi, phase => typescript] 
[warn ] Phase1ReadTypescript.scala:182 Processing TsIdentLibrarySimple(poi) [id => poi, phase => typescript] 
[warn ] TsTreeScope.scala:78 Cannot resolve TsQIdent(List(TsIdentSimple(CAC))) [id => poi, phase => typescript, scope => TreeScope(TsParsedFile() / TsDeclModule(poi) / TsDeclClass(PoiCore) / TsMemberProperty(cli) / TsTypeRef())] 
[warn ] QualifyReferences.scala:32 Couldn't qualify CAC [id => poi, phase => typescript, scope => TreeScope(TsParsedFile() / TsDeclModule(poi) / TsDeclClass(PoiCore) / TsMemberProperty(cli) / TsTypeRef())] 
[warn ] TsTreeScope.scala:78 Cannot resolve TsQIdent(List(TsIdentSimple(CAC))) [id => poi, phase => typescript, scope => TreeScope(TsParsedFile() / TsDeclModule(poi) / TsDeclClass(PoiCore) / TsMemberProperty(command) / TsTypeLookup() / TsTypeRef())] 
[warn ] QualifyReferences.scala:32 Couldn't qualify CAC [id => poi, phase => typescript, scope => TreeScope(TsParsedFile() / TsDeclModule(poi) / TsDeclClass(PoiCore) / TsMemberProperty(command) / TsTypeLookup() / TsTypeRef())] 
[info ] PreferTypeAlias.scala:73 Simplified to function type alias [id => poi, phase => typescript, scope => TreeScope(TsParsedFile() / TsDeclModule(poi) / TsDeclNamespace(Config) / TsDeclInterface(ChainWebpack))] 
[info ] ExpandTypeParams.scala:61 Expanding 1 members for TsIdentSimple(resolve) [id => poi, phase => typescript, scope => TreeScope(TsParsedFile() / TsDeclModule(poi) / TsDeclInterface(ConfigLoader))] 
[info ] ExpandTypeParams.scala:61 Expanding 1 members for TsIdentSimple(resolve) [id => poi, phase => typescript, scope => TreeScope(TsParsedFile() / TsDeclModule(poi) / TsDeclInterface(ConfigLoader))] 
[info ] ExpandTypeParams.scala:61 Expanding 1 members for TsIdentSimple(load) [id => poi, phase => typescript, scope => TreeScope(TsParsedFile() / TsDeclModule(poi) / TsDeclInterface(ConfigLoader))] 
[info ] ExpandTypeParams.scala:61 Expanding 1 members for TsIdentSimple(load) [id => poi, phase => typescript, scope => TreeScope(TsParsedFile() / TsDeclModule(poi) / TsDeclInterface(ConfigLoader))] 
[info ] ExpandTypeParams.scala:61 Expanding 1 members for TsIdentSimple(parseJSON) [id => poi, phase => typescript, scope => TreeScope(TsParsedFile() / TsDeclModule(poi) / TsDeclNamespace(ConfigLoader) / TsDeclInterface(Options))] 
[info ] PreferTypeAlias.scala:73 Simplified to function type alias [id => poi, phase => typescript, scope => TreeScope(TsParsedFile() / TsDeclModule(poi) / TsDeclInterface(HookHandler))] 
[info ] ExpandTypeParams.scala:61 Expanding 1 members for TsIdentSimple(hasDependency) [id => poi, phase => typescript, scope => TreeScope(TsParsedFile() / TsDeclModule(poi) / TsDeclInterface(PoiCore))] 
[info ] ExpandTypeParams.scala:61 Expanding 1 members for TsIdentSimple(hasPlugin) [id => poi, phase => typescript, scope => TreeScope(TsParsedFile() / TsDeclModule(poi) / TsDeclInterface(PoiCore))] 
[info ] ExpandTypeParams.scala:61 Expanding 1 members for TsIdentSimple(hook) [id => poi, phase => typescript, scope => TreeScope(TsParsedFile() / TsDeclModule(poi) / TsDeclInterface(PoiCore))] 
[info ] ExpandTypeParams.scala:61 Expanding 1 members for TsIdentSimple(resolveCwd) [id => poi, phase => typescript, scope => TreeScope(TsParsedFile() / TsDeclModule(poi) / TsDeclInterface(PoiCore))] 
[info ] ExpandTypeParams.scala:61 Expanding 1 members for TsIdentSimple(resolveOutDir) [id => poi, phase => typescript, scope => TreeScope(TsParsedFile() / TsDeclModule(poi) / TsDeclInterface(PoiCore))] 
[info ] ExpandTypeParams.scala:61 Expanding 1 members for TsIdentSimple(run) [id => poi, phase => typescript, scope => TreeScope(TsParsedFile() / TsDeclModule(poi) / TsDeclInterface(PoiCore))] 
[info ] ExpandTypeParams.scala:61 Expanding 1 members for TsIdentSimple(getCacheConfig) [id => poi, phase => typescript, scope => TreeScope(TsParsedFile() / TsDeclModule(poi) / TsDeclInterface(PoiCore))] 
[info ] ExpandTypeParams.scala:61 Expanding 1 members for TsIdentSimple(createWebpackChain) [id => poi, phase => typescript, scope => TreeScope(TsParsedFile() / TsDeclModule(poi) / TsDeclInterface(PoiCore))] 
[info ] ExpandTypeParams.scala:61 Expanding 1 members for TsIdentSimple(createWebpackCompiler) [id => poi, phase => typescript, scope => TreeScope(TsParsedFile() / TsDeclModule(poi) / TsDeclInterface(PoiCore))] 
[info ] ExpandTypeParams.scala:61 Expanding 1 members for TsIdentSimple(localResolve) [id => poi, phase => typescript, scope => TreeScope(TsParsedFile() / TsDeclModule(poi) / TsDeclInterface(PoiCore))] 
[info ] ExpandTypeParams.scala:61 Expanding 1 members for TsIdentSimple(localRequire) [id => poi, phase => typescript, scope => TreeScope(TsParsedFile() / TsDeclModule(poi) / TsDeclInterface(PoiCore))] 
[info ] ExpandTypeParams.scala:61 Expanding 1 members for TsIdentSimple(constructor) [id => poi, phase => typescript, scope => TreeScope(TsParsedFile() / TsDeclModule(poi) / TsDeclClass(^))] 
[info ] ExtractInterfaces.scala:41 Extracted anonymous interface TsIdentSimple(Anon_Chunks) [id => poi, phase => typescript, scope => TreeScope(TsParsedFile() / TsDeclModule(poi) / TsDeclNamespace(Config) / TsDeclTypeAlias(Pages) / TsTypeObject() / TsMemberIndex() / TsTypeUnion() / TsTypeIntersect() / TsTypeObject())] 
[info ] ExtractInterfaces.scala:41 Extracted anonymous interface TsIdentSimple(Anon_CacheDirectory) [id => poi, phase => typescript, scope => TreeScope(TsParsedFile() / TsDeclModule(poi) / TsDeclInterface(PoiCore) / TsMemberFunction(getCacheConfig) / TsFunSig() / TsTypeObject())] 
[debug] PhaseRunner.scala:84 Success [id => poi, phase => typescript] 
[warn ] Phase2ToScalaJs.scala:43 Processing poi [id => poi, phase => scala.js] 
[info ] ImportType.scala:245 Failed type conversion: /* import warning: QualifyReferences.resolveTypeRef many Couldn't qualify CAC */ any['command'] [id => poi, phase => scala.js, scope => TreeScope(TsParsedFile() / TsDeclModule(poi) / TsDeclInterface(PoiCore) / TsMemberProperty(command) / TsTypeLookup())] 
[debug] PhaseRunner.scala:84 Success [id => poi, phase => scala.js] 
[warn ] PhaseRunner.scala:70 Failed because of, [webpack => com.olvind.logging.Logger$LoggedException: Couldn't resolve jar for webpack-sources IvyLayout((/home/tso/.ivy2/local/org.scalablytyped/webpack-sources_sjs0.6_2.12/0.1-dt-20180625Z-ad22a0/jars/webpack-sources_sjs0.6_2.12.jar,Unchanged),(/home/tso/.ivy2/local/org.scalablytyped/webpack-sources_sjs0.6_2.12/0.1-dt-20180625Z-ad22a0/srcs/webpack-sources_sjs0.6_2.12-sources.jar,Unchanged),(/home/tso/.ivy2/local/org.scalablytyped/webpack-sources_sjs0.6_2.12/0.1-dt-20180625Z-ad22a0/ivys/ivy.xml,Unchanged),(/home/tso/.ivy2/local/org.scalablytyped/webpack-sources_sjs0.6_2.12/0.1-dt-20180625Z-ad22a0/poms/webpack-sources_sjs0.6_2.12.pom,Unchanged))] [id => poi, phase => build] 
[error] PhaseRunner.scala:88 Failure, [webpack => com.olvind.logging.Logger$LoggedException: Couldn't resolve jar for webpack-sources IvyLayout((/home/tso/.ivy2/local/org.scalablytyped/webpack-sources_sjs0.6_2.12/0.1-dt-20180625Z-ad22a0/jars/webpack-sources_sjs0.6_2.12.jar,Unchanged),(/home/tso/.ivy2/local/org.scalablytyped/webpack-sources_sjs0.6_2.12/0.1-dt-20180625Z-ad22a0/srcs/webpack-sources_sjs0.6_2.12-sources.jar,Unchanged),(/home/tso/.ivy2/local/org.scalablytyped/webpack-sources_sjs0.6_2.12/0.1-dt-20180625Z-ad22a0/ivys/ivy.xml,Unchanged),(/home/tso/.ivy2/local/org.scalablytyped/webpack-sources_sjs0.6_2.12/0.1-dt-20180625Z-ad22a0/poms/webpack-sources_sjs0.6_2.12.pom,Unchanged))] [id => poi, phase => build] 
[error] PhaseRunner.scala:88 Failure, [webpack => com.olvind.logging.Logger$LoggedException: Couldn't resolve jar for webpack-sources IvyLayout((/home/tso/.ivy2/local/org.scalablytyped/webpack-sources_sjs0.6_2.12/0.1-dt-20180625Z-ad22a0/jars/webpack-sources_sjs0.6_2.12.jar,Unchanged),(/home/tso/.ivy2/local/org.scalablytyped/webpack-sources_sjs0.6_2.12/0.1-dt-20180625Z-ad22a0/srcs/webpack-sources_sjs0.6_2.12-sources.jar,Unchanged),(/home/tso/.ivy2/local/org.scalablytyped/webpack-sources_sjs0.6_2.12/0.1-dt-20180625Z-ad22a0/ivys/ivy.xml,Unchanged),(/home/tso/.ivy2/local/org.scalablytyped/webpack-sources_sjs0.6_2.12/0.1-dt-20180625Z-ad22a0/poms/webpack-sources_sjs0.6_2.12.pom,Unchanged))] [id => poi, phase => publish] 
