[info ] InferredDependency.scala:20 Inferred dependencies Set(TsIdentLibrarySimple(node)) for TsIdentLibrarySimple(postman-collection) [id => postman-collection, phase => typescript, file => ../types/postman-collection/index.d.ts] 
[debug] PhaseRunner.scala:78 Success [id => postman-collection, phase => typescript] 
[info ] Phase1ReadTypescript.scala:152 Preprocessing TsHelperFile(InFile(/home/tso/tmp/tso-cache/DefinitelyTyped/types/postman-collection/index.d.ts),FromFolder(InFolder(/home/tso/tmp/tso-cache/DefinitelyTyped/types/postman-collection),TsIdentLibrarySimple(postman-collection)),TsIdentModule(None,List(postman-collection))) [id => postman-collection, phase => typescript] 
[info ] InferredDefaultModule.scala:39 Inferred module TsIdentModule(None,List(postman-collection)) [id => postman-collection, phase => typescript] 
[warn ] Phase1ReadTypescript.scala:190 Processing TsIdentLibrarySimple(postman-collection) [id => postman-collection, phase => typescript] 
[info ] ExtractInterfaces.scala:30 Extracted anonymous interface TsIdentSimple(Anon_IgnoreCase) [id => postman-collection, phase => typescript, scope => TreeScope(TsParsedFile() / TsDeclModule(postman-collection) / TsDeclClass(Request) / TsMemberFunction(removeHeader) / TsFunSig() / TsFunParam() / TsTypeObject())] 
[info ] ExtractInterfaces.scala:30 Extracted anonymous interface TsIdentSimple(Anon_IgnoreCase) [id => postman-collection, phase => typescript, scope => TreeScope(TsParsedFile() / TsDeclModule(postman-collection) / TsDeclClass(Request) / TsMemberFunction(removeHeader) / TsFunSig() / TsFunParam() / TsTypeObject())] 
[info ] ExtractInterfaces.scala:30 Extracted anonymous interface TsIdentSimple(Anon_IgnoreCaseEnabled) [id => postman-collection, phase => typescript, scope => TreeScope(TsParsedFile() / TsDeclModule(postman-collection) / TsDeclClass(Request) / TsMemberFunction(getHeaders) / TsFunSig() / TsFunParam() / TsTypeObject())] 
[info ] ExtractInterfaces.scala:30 Extracted anonymous interface TsIdentSimple(Anon_Info) [id => postman-collection, phase => typescript, scope => TreeScope(TsParsedFile() / TsDeclModule(postman-collection) / TsDeclClass(PropertyBase) / TsMemberFunction(constructor) / TsFunSig() / TsFunParam() / TsTypeObject())] 
[info ] ExtractInterfaces.scala:30 Extracted anonymous interface TsIdentSimple(Anon_WithRoot) [id => postman-collection, phase => typescript, scope => TreeScope(TsParsedFile() / TsDeclModule(postman-collection) / TsDeclClass(PropertyBase) / TsMemberFunction(forEachParent) / TsFunSig() / TsFunParam() / TsTypeObject())] 
[info ] ExtractInterfaces.scala:30 Extracted anonymous interface TsIdentSimple(Anon_In) [id => postman-collection, phase => typescript, scope => TreeScope(TsParsedFile() / TsDeclModule(postman-collection) / TsDeclClass(Variable) / TsMemberProperty(types) / TsTypeObject() / TsMemberProperty(any) / TsTypeObject())] 
[info ] ExtractInterfaces.scala:30 Extracted anonymous interface TsIdentSimple(Anon_InVal) [id => postman-collection, phase => typescript, scope => TreeScope(TsParsedFile() / TsDeclModule(postman-collection) / TsDeclClass(Variable) / TsMemberProperty(types) / TsTypeObject() / TsMemberProperty(json) / TsTypeObject())] 
[info ] ExtractInterfaces.scala:30 Extracted anonymous interface TsIdentSimple(Anon_Number) [id => postman-collection, phase => typescript, scope => TreeScope(TsParsedFile() / TsDeclModule(postman-collection) / TsDeclClass(Variable) / TsMemberProperty(types) / TsTypeObject())] 
[info ] ExtractInterfaces.scala:30 Extracted anonymous interface TsIdentSimple(Anon_Created) [id => postman-collection, phase => typescript, scope => TreeScope(TsParsedFile() / TsDeclModule(postman-collection) / TsDeclClass(Collection) / TsMemberFunction(syncVariablesFrom) / TsFunSig() / TsTypeUnion() / TsTypeObject())] 
[info ] ExtractInterfaces.scala:30 Extracted anonymous interface TsIdentSimple(Anon_Created) [id => postman-collection, phase => typescript, scope => TreeScope(TsParsedFile() / TsDeclModule(postman-collection) / TsDeclClass(Collection) / TsMemberFunction(syncVariablesFrom) / TsFunSig() / TsTypeUnion() / TsTypeObject())] 
[info ] ExtractInterfaces.scala:30 Extracted anonymous interface TsIdentSimple(Anon_Created) [id => postman-collection, phase => typescript, scope => TreeScope(TsParsedFile() / TsDeclModule(postman-collection) / TsDeclClass(Collection) / TsMemberFunction(syncVariablesFrom) / TsFunSig() / TsTypeUnion() / TsTypeObject())] 
[info ] ExtractInterfaces.scala:30 Extracted anonymous interface TsIdentSimple(Anon_Key) [id => postman-collection, phase => typescript, scope => TreeScope(TsParsedFile() / TsDeclModule(postman-collection) / TsDeclInterface(CookieDefinition) / TsMemberProperty(extensions) / TsTypeRef() / TsTypeObject())] 
[info ] ExtractInterfaces.scala:30 Extracted anonymous interface TsIdentSimple(Anon_Pattern) [id => postman-collection, phase => typescript, scope => TreeScope(TsParsedFile() / TsDeclModule(postman-collection) / TsDeclClass(UrlMatchPattern) / TsMemberFunction(constructor) / TsFunSig() / TsFunParam() / TsTypeObject())] 
[info ] ExtractInterfaces.scala:30 Extracted anonymous interface TsIdentSimple(Anon_Protocols) [id => postman-collection, phase => typescript, scope => TreeScope(TsParsedFile() / TsDeclModule(postman-collection) / TsDeclClass(UrlMatchPattern) / TsMemberFunction(matchAbsoluteHostPattern) / TsFunSig() / TsFunParam() / TsTypeObject())] 
[info ] ExtractInterfaces.scala:30 Extracted anonymous interface TsIdentSimple(Anon_Protocols) [id => postman-collection, phase => typescript, scope => TreeScope(TsParsedFile() / TsDeclModule(postman-collection) / TsDeclClass(UrlMatchPattern) / TsMemberFunction(createMatchPattern) / TsFunSig() / TsTypeUnion() / TsTypeObject())] 
[info ] ExtractInterfaces.scala:30 Extracted anonymous interface TsIdentSimple(Anon_Protocols) [id => postman-collection, phase => typescript, scope => TreeScope(TsParsedFile() / TsDeclModule(postman-collection) / TsDeclClass(UrlMatchPattern) / TsMemberFunction(matchSuffixHostPattern) / TsFunSig() / TsFunParam() / TsTypeObject())] 
[info ] ExtractInterfaces.scala:30 Extracted anonymous interface TsIdentSimple(Anon_Protocols) [id => postman-collection, phase => typescript, scope => TreeScope(TsParsedFile() / TsDeclModule(postman-collection) / TsDeclClass(UrlMatchPattern) / TsMemberFunction(matchAnyHost) / TsFunSig() / TsFunParam() / TsTypeObject())] 
[info ] ExtractInterfaces.scala:30 Extracted anonymous interface TsIdentSimple(Anon_Pattern) [id => postman-collection, phase => typescript, scope => TreeScope(TsParsedFile() / TsDeclModule(postman-collection) / TsDeclClass(UrlMatchPattern) / TsMemberFunction(update) / TsFunSig() / TsFunParam() / TsTypeObject())] 
[info ] ExtractInterfaces.scala:30 Extracted anonymous interface TsIdentSimple(Anon_Pattern) [id => postman-collection, phase => typescript, scope => TreeScope(TsParsedFile() / TsDeclModule(postman-collection) / TsDeclClass(UrlMatchPattern) / TsMemberFunction(toJSON) / TsFunSig() / TsTypeObject())] 
[info ] ExtractInterfaces.scala:30 Extracted anonymous interface TsIdentSimple(Anon_Name) [id => postman-collection, phase => typescript, scope => TreeScope(TsParsedFile() / TsDeclModule(postman-collection) / TsDeclInterface(CollectionDefinition) / TsMemberProperty(info) / TsTypeObject())] 
[info ] ExtractInterfaces.scala:30 Extracted anonymous interface TsIdentSimple(Anon_Key) [id => postman-collection, phase => typescript, scope => TreeScope(TsParsedFile() / TsDeclModule(postman-collection) / TsDeclClass(RequestAuth) / TsMemberFunction(use) / TsFunSig() / TsFunParam() / TsTypeRef() / TsTypeObject())] 
[info ] ExtractInterfaces.scala:30 Extracted anonymous interface TsIdentSimple(Anon_Key) [id => postman-collection, phase => typescript, scope => TreeScope(TsParsedFile() / TsDeclModule(postman-collection) / TsDeclClass(RequestAuth) / TsMemberFunction(use) / TsFunSig() / TsFunParam() / TsTypeObject())] 
[info ] ExtractInterfaces.scala:30 Extracted anonymous interface TsIdentSimple(Anon_Key) [id => postman-collection, phase => typescript, scope => TreeScope(TsParsedFile() / TsDeclModule(postman-collection) / TsDeclClass(RequestAuth) / TsMemberFunction(update) / TsFunSig() / TsFunParam() / TsTypeRef() / TsTypeObject())] 
[info ] ExtractInterfaces.scala:30 Extracted anonymous interface TsIdentSimple(Anon_Key) [id => postman-collection, phase => typescript, scope => TreeScope(TsParsedFile() / TsDeclModule(postman-collection) / TsDeclClass(RequestAuth) / TsMemberFunction(update) / TsFunSig() / TsFunParam() / TsTypeRef() / TsTypeObject())] 
[info ] ExtractInterfaces.scala:30 Extracted anonymous interface TsIdentSimple(Anon_Key) [id => postman-collection, phase => typescript, scope => TreeScope(TsParsedFile() / TsDeclModule(postman-collection) / TsDeclClass(RequestAuth) / TsMemberFunction(update) / TsFunSig() / TsFunParam() / TsTypeObject())] 
[info ] ExtractInterfaces.scala:30 Extracted anonymous interface TsIdentSimple(Anon_Key) [id => postman-collection, phase => typescript, scope => TreeScope(TsParsedFile() / TsDeclModule(postman-collection) / TsDeclClass(RequestAuth) / TsMemberFunction(update) / TsFunSig() / TsFunParam() / TsTypeObject())] 
[info ] ExtractInterfaces.scala:30 Extracted anonymous interface TsIdentSimple(Anon_Created) [id => postman-collection, phase => typescript, scope => TreeScope(TsParsedFile() / TsDeclModule(postman-collection) / TsDeclClass(VariableScope) / TsMemberFunction(syncVariablesFrom) / TsFunSig() / TsTypeUnion() / TsTypeObject())] 
[info ] ExtractInterfaces.scala:30 Extracted anonymous interface TsIdentSimple(Anon_Created) [id => postman-collection, phase => typescript, scope => TreeScope(TsParsedFile() / TsDeclModule(postman-collection) / TsDeclClass(VariableScope) / TsMemberFunction(syncVariablesFrom) / TsFunSig() / TsTypeUnion() / TsTypeObject())] 
[info ] ExtractInterfaces.scala:30 Extracted anonymous interface TsIdentSimple(Anon_Created) [id => postman-collection, phase => typescript, scope => TreeScope(TsParsedFile() / TsDeclModule(postman-collection) / TsDeclClass(VariableScope) / TsMemberFunction(syncVariablesFrom) / TsFunSig() / TsTypeUnion() / TsTypeObject())] 
[info ] ExtractInterfaces.scala:30 Extracted anonymous interface TsIdentSimple(Anon_IgnoreDisabled) [id => postman-collection, phase => typescript, scope => TreeScope(TsParsedFile() / TsDeclModule(postman-collection) / TsDeclClass(QueryParam) / TsMemberFunction(unparse) / TsFunSig() / TsFunParam() / TsTypeObject())] 
[info ] ExtractInterfaces.scala:30 Extracted anonymous interface TsIdentSimple(Anon_KeyValue) [id => postman-collection, phase => typescript, scope => TreeScope(TsParsedFile() / TsDeclModule(postman-collection) / TsDeclClass(QueryParam) / TsMemberFunction(update) / TsFunSig() / TsFunParam() / TsTypeObject())] 
[info ] ExtractInterfaces.scala:30 Extracted anonymous interface TsIdentSimple(Anon_Pattern) [id => postman-collection, phase => typescript, scope => TreeScope(TsParsedFile() / TsDeclModule(postman-collection) / TsDeclInterface(ProxyConfigDefinition) / TsMemberProperty(match) / TsTypeUnion() / TsTypeObject())] 
[info ] ExtractInterfaces.scala:30 Extracted anonymous interface TsIdentSimple(Anon_Raw) [id => postman-collection, phase => typescript, scope => TreeScope(TsParsedFile() / TsDeclModule(postman-collection) / TsDeclClass(RequestBody) / TsMemberProperty(MODES) / TsTypeObject())] 
[info ] ExtractInterfaces.scala:30 Extracted anonymous interface TsIdentSimple(Anon_Src) [id => postman-collection, phase => typescript, scope => TreeScope(TsParsedFile() / TsDeclModule(postman-collection) / TsDeclClass(RequestBody) / TsMemberProperty(file) / TsTypeObject())] 
[info ] ExtractInterfaces.scala:30 Extracted anonymous interface TsIdentSimple(Anon_Src) [id => postman-collection, phase => typescript, scope => TreeScope(TsParsedFile() / TsDeclModule(postman-collection) / TsDeclInterface(RequestBodyDefinition) / TsMemberProperty(file) / TsTypeUnion() / TsTypeObject())] 
[info ] ExtractInterfaces.scala:30 Extracted anonymous interface TsIdentSimple(Anon_SrcString) [id => postman-collection, phase => typescript, scope => TreeScope(TsParsedFile() / TsDeclModule(postman-collection) / TsDeclInterface(CertificateDefinition) / TsMemberProperty(key) / TsTypeUnion() / TsTypeObject())] 
[info ] ExtractInterfaces.scala:30 Extracted anonymous interface TsIdentSimple(Anon_SrcString) [id => postman-collection, phase => typescript, scope => TreeScope(TsParsedFile() / TsDeclModule(postman-collection) / TsDeclInterface(CertificateDefinition) / TsMemberProperty(cert) / TsTypeUnion() / TsTypeObject())] 
[info ] ExtractInterfaces.scala:30 Extracted anonymous interface TsIdentSimple(Anon_StatusCode) [id => postman-collection, phase => typescript, scope => TreeScope(TsParsedFile() / TsDeclModule(postman-collection) / TsDeclClass(Response) / TsMemberFunction(createFromNode) / TsFunSig() / TsFunParam() / TsTypeObject())] 
[info ] ExtractInterfaces.scala:30 Extracted anonymous interface TsIdentSimple(Anon_Source) [id => postman-collection, phase => typescript, scope => TreeScope(TsParsedFile() / TsDeclModule(postman-collection) / TsDeclClass(Response) / TsMemberFunction(encoding) / TsFunSig() / TsTypeObject())] 
[info ] ExtractInterfaces.scala:30 Extracted anonymous interface TsIdentSimple(Anon_NameCode) [id => postman-collection, phase => typescript, scope => TreeScope(TsParsedFile() / TsDeclModule(postman-collection) / TsDeclClass(Response) / TsMemberFunction(details) / TsFunSig() / TsTypeUnion() / TsTypeObject())] 
[info ] ExtractInterfaces.scala:30 Extracted anonymous interface TsIdentSimple(Anon_ForcePort) [id => postman-collection, phase => typescript, scope => TreeScope(TsParsedFile() / TsDeclModule(postman-collection) / TsDeclClass(Url) / TsMemberFunction(getRemote) / TsFunSig() / TsFunParam() / TsTypeObject())] 
[info ] ExtractInterfaces.scala:30 Extracted anonymous interface TsIdentSimple(Anon_User) [id => postman-collection, phase => typescript, scope => TreeScope(TsParsedFile() / TsDeclModule(postman-collection) / TsDeclClass(Url) / TsMemberProperty(auth) / TsTypeObject())] 
[info ] ExtractInterfaces.scala:30 Extracted anonymous interface TsIdentSimple(Anon_Unresolved) [id => postman-collection, phase => typescript, scope => TreeScope(TsParsedFile() / TsDeclModule(postman-collection) / TsDeclClass(Url) / TsMemberFunction(getPath) / TsFunSig() / TsFunParam() / TsTypeObject())] 
[info ] ExtractInterfaces.scala:30 Extracted anonymous interface TsIdentSimple(Anon_IgnoredDisabled) [id => postman-collection, phase => typescript, scope => TreeScope(TsParsedFile() / TsDeclModule(postman-collection) / TsDeclClass(Url) / TsMemberFunction(getQueryString) / TsFunSig() / TsFunParam() / TsTypeObject())] 
[info ] ExtractInterfaces.scala:30 Extracted anonymous interface TsIdentSimple(Anon_Created) [id => postman-collection, phase => typescript, scope => TreeScope(TsParsedFile() / TsDeclModule(postman-collection) / TsDeclClass(VariableList) / TsMemberFunction(syncFromObject) / TsFunSig() / TsTypeUnion() / TsTypeObject())] 
[info ] ExtractInterfaces.scala:30 Extracted anonymous interface TsIdentSimple(Anon_Created) [id => postman-collection, phase => typescript, scope => TreeScope(TsParsedFile() / TsDeclModule(postman-collection) / TsDeclClass(VariableList) / TsMemberFunction(syncFromObject) / TsFunSig() / TsTypeUnion() / TsTypeObject())] 
[info ] ExtractInterfaces.scala:30 Extracted anonymous interface TsIdentSimple(Anon_Created) [id => postman-collection, phase => typescript, scope => TreeScope(TsParsedFile() / TsDeclModule(postman-collection) / TsDeclClass(VariableList) / TsMemberFunction(syncFromObject) / TsFunSig() / TsTypeUnion() / TsTypeObject())] 
[info ] ExtractInterfaces.scala:30 Extracted anonymous interface TsIdentSimple(Anon_Key) [id => postman-collection, phase => typescript, scope => TreeScope(TsParsedFile() / TsDeclModule(postman-collection) / TsDeclClass(Cookie) / TsMemberProperty(extensions) / TsTypeRef() / TsTypeObject())] 
[info ] ExtractInterfaces.scala:30 Extracted anonymous interface TsIdentSimple(Anon_KeyValueString) [id => postman-collection, phase => typescript, scope => TreeScope(TsParsedFile() / TsDeclModule(postman-collection) / TsDeclClass(Cookie) / TsMemberFunction(splitParam) / TsFunSig() / TsTypeObject())] 
[info ] ExtractInterfaces.scala:30 Extracted anonymous interface TsIdentSimple(Anon_SrcString) [id => postman-collection, phase => typescript, scope => TreeScope(TsParsedFile() / TsDeclModule(postman-collection) / TsDeclClass(Certificate) / TsMemberProperty(cert) / TsTypeObject())] 
[info ] ExtractInterfaces.scala:30 Extracted anonymous interface TsIdentSimple(Anon_SrcString) [id => postman-collection, phase => typescript, scope => TreeScope(TsParsedFile() / TsDeclModule(postman-collection) / TsDeclClass(Certificate) / TsMemberProperty(key) / TsTypeObject())] 
[info ] ExtractInterfaces.scala:30 Extracted anonymous interface TsIdentSimple(Anon_User) [id => postman-collection, phase => typescript, scope => TreeScope(TsParsedFile() / TsDeclModule(postman-collection) / TsDeclInterface(UrlDefinition) / TsMemberProperty(auth) / TsTypeObject())] 
[info ] ExtractInterfaces.scala:30 Extracted anonymous interface TsIdentSimple(Anon_Variables) [id => postman-collection, phase => typescript, scope => TreeScope(TsParsedFile() / TsDeclModule(postman-collection) / TsDeclClass(Property) / TsMemberFunction(toObjectResolved) / TsFunSig() / TsFunParam() / TsTypeObject())] 
[info ] ExtractInterfaces.scala:30 Extracted anonymous interface TsIdentSimple(Anon_Variables) [id => postman-collection, phase => typescript, scope => TreeScope(TsParsedFile() / TsDeclModule(postman-collection) / TsDeclClass(Property) / TsMemberFunction(toObjectResolved) / TsFunSig() / TsFunParam() / TsTypeObject())] 
[info ] ExtractInterfaces.scala:30 Extracted anonymous interface TsIdentSimple(Anon_IgnoreOwnVariables) [id => postman-collection, phase => typescript, scope => TreeScope(TsParsedFile() / TsDeclModule(postman-collection) / TsDeclClass(Property) / TsMemberFunction(toObjectResolved) / TsFunSig() / TsFunParam() / TsTypeObject())] 
[info ] ExtractInterfaces.scala:30 Extracted anonymous interface TsIdentSimple(Anon_IgnoreOwnVariables) [id => postman-collection, phase => typescript, scope => TreeScope(TsParsedFile() / TsDeclModule(postman-collection) / TsDeclClass(Property) / TsMemberFunction(toObjectResolved) / TsFunSig() / TsFunParam() / TsTypeObject())] 
[info ] ExtractInterfaces.scala:30 Extracted anonymous interface TsIdentSimple(Anon_InfoDisabled) [id => postman-collection, phase => typescript, scope => TreeScope(TsParsedFile() / TsDeclModule(postman-collection) / TsDeclClass(Property) / TsMemberFunction(constructor) / TsFunSig() / TsFunParam() / TsTypeObject())] 
[debug] PhaseRunner.scala:78 Success [id => postman-collection, phase => typescript] 
[warn ] Phase2ToScalaJs.scala:34 Processing TsIdentLibrarySimple(postman-collection) [id => postman-collection, phase => scala.js] 
[info ] RemoveMultipleInheritance.scala:39 Dropped parents List(postmanDashCollectionLib.postmanDashCollectionMod.RequestDefinition because Would inherit conflicting mutable fields List(description, name, disabled, id)) [id => postman-collection, phase => scala.js, this => Name(postmanDashCollectionLib) / Name(postmanDashCollectionMod) / Name(Request)] 
[info ] RemoveMultipleInheritance.scala:39 Dropped parents List(postmanDashCollectionLib.postmanDashCollectionMod.HeaderDefinition because Would inherit conflicting mutable fields List(description, name, disabled, id)) [id => postman-collection, phase => scala.js, this => Name(postmanDashCollectionLib) / Name(postmanDashCollectionMod) / Name(Header)] 
[info ] RemoveMultipleInheritance.scala:39 Dropped parents List(postmanDashCollectionLib.postmanDashCollectionMod.ProxyConfigDefinition because Would inherit conflicting mutable fields List(description, name, disabled, id)) [id => postman-collection, phase => scala.js, this => Name(postmanDashCollectionLib) / Name(postmanDashCollectionMod) / Name(ProxyConfig)] 
[info ] RemoveMultipleInheritance.scala:39 Dropped parents List(postmanDashCollectionLib.postmanDashCollectionMod.EventDefinition because Would inherit conflicting mutable fields List(description, name, disabled, id)) [id => postman-collection, phase => scala.js, this => Name(postmanDashCollectionLib) / Name(postmanDashCollectionMod) / Name(Event)] 
[info ] RemoveMultipleInheritance.scala:39 Dropped parents List(postmanDashCollectionLib.postmanDashCollectionMod.VariableDefinition because Would inherit conflicting mutable fields List(description, name, disabled, id)) [id => postman-collection, phase => scala.js, this => Name(postmanDashCollectionLib) / Name(postmanDashCollectionMod) / Name(Variable)] 
[info ] RemoveMultipleInheritance.scala:39 Dropped parents List(postmanDashCollectionLib.postmanDashCollectionMod.VersionDefinition because Would inherit conflicting mutable fields List(description)) [id => postman-collection, phase => scala.js, this => Name(postmanDashCollectionLib) / Name(postmanDashCollectionMod) / Name(Version)] 
[info ] RemoveMultipleInheritance.scala:39 Dropped parents List(postmanDashCollectionLib.postmanDashCollectionMod.RequestAuthDefinition because Would inherit conflicting mutable fields List(description, name, disabled, id)) [id => postman-collection, phase => scala.js, this => Name(postmanDashCollectionLib) / Name(postmanDashCollectionMod) / Name(RequestAuth)] 
[info ] RemoveMultipleInheritance.scala:39 Dropped parents List(postmanDashCollectionLib.postmanDashCollectionMod.VariableScopeDefinition because Would inherit conflicting mutable fields List(description, name, disabled, id)) [id => postman-collection, phase => scala.js, this => Name(postmanDashCollectionLib) / Name(postmanDashCollectionMod) / Name(VariableScope)] 
[info ] RemoveMultipleInheritance.scala:39 Dropped parents List(postmanDashCollectionLib.postmanDashCollectionMod.QueryParamDefinition because Would inherit conflicting mutable fields List(description, name, disabled, id)) [id => postman-collection, phase => scala.js, this => Name(postmanDashCollectionLib) / Name(postmanDashCollectionMod) / Name(QueryParam)] 
[info ] RemoveMultipleInheritance.scala:39 Dropped parents List(postmanDashCollectionLib.postmanDashCollectionMod.RequestBodyDefinition because Would inherit conflicting mutable fields List(description)) [id => postman-collection, phase => scala.js, this => Name(postmanDashCollectionLib) / Name(postmanDashCollectionMod) / Name(RequestBody)] 
[info ] RemoveMultipleInheritance.scala:39 Dropped parents List(postmanDashCollectionLib.postmanDashCollectionMod.ScriptDefinition because Would inherit conflicting mutable fields List(description, name, disabled, id)) [id => postman-collection, phase => scala.js, this => Name(postmanDashCollectionLib) / Name(postmanDashCollectionMod) / Name(Script)] 
[info ] RemoveMultipleInheritance.scala:39 Dropped parents List(postmanDashCollectionLib.postmanDashCollectionMod.ResponseDefinition because Would inherit conflicting mutable fields List(description, name, disabled, id)) [id => postman-collection, phase => scala.js, this => Name(postmanDashCollectionLib) / Name(postmanDashCollectionMod) / Name(Response)] 
[info ] RemoveMultipleInheritance.scala:39 Dropped parents List(postmanDashCollectionLib.postmanDashCollectionMod.UrlDefinition because Would inherit conflicting mutable fields List(description)) [id => postman-collection, phase => scala.js, this => Name(postmanDashCollectionLib) / Name(postmanDashCollectionMod) / Name(Url)] 
[info ] RemoveMultipleInheritance.scala:39 Dropped parents List(postmanDashCollectionLib.postmanDashCollectionMod.FormParamDefinition because Would inherit conflicting mutable fields List(description, name, disabled, id)) [id => postman-collection, phase => scala.js, this => Name(postmanDashCollectionLib) / Name(postmanDashCollectionMod) / Name(FormParam)] 
[info ] RemoveMultipleInheritance.scala:39 Dropped parents List(postmanDashCollectionLib.postmanDashCollectionMod.CertificateDefinition because Would inherit conflicting mutable fields List(description, name, disabled, id)) [id => postman-collection, phase => scala.js, this => Name(postmanDashCollectionLib) / Name(postmanDashCollectionMod) / Name(Certificate)] 
[info ] RemoveMultipleInheritance.scala:39 Dropped parents List(postmanDashCollectionLib.postmanDashCollectionMod.PropertyDefinition because Would inherit conflicting mutable fields List(description)) [id => postman-collection, phase => scala.js, this => Name(postmanDashCollectionLib) / Name(postmanDashCollectionMod) / Name(Property)] 
[info ] CompleteClass.scala:60 Completed implementations Vector(path, domain) [id => postman-collection, phase => scala.js, this => Name(postmanDashCollectionLib) / Name(postmanDashCollectionMod) / Name(Cookie)] 
[info ] CompleteClass.scala:60 Completed implementations Vector(content) [id => postman-collection, phase => scala.js, this => Name(postmanDashCollectionLib) / Name(postmanDashCollectionMod) / Name(Description)] 
[debug] PhaseRunner.scala:78 Success [id => postman-collection, phase => scala.js] 
[warn ] PhaseRunner.scala:64 Failed because of, [node => Compilation failed] [id => postman-collection, phase => build] 
[debug] PhaseRunner.scala:82 Failure, [node => Compilation failed] [id => postman-collection, phase => build] 
