[info ] InferredDependency.scala:20 Inferred dependencies Set(TsIdentLibrarySimple(node)) for TsIdentLibrarySimple(pouchdb-core) [id => pouchdb-core, phase => typescript, file => ../types/pouchdb-core/index.d.ts] 
[debug] PhaseRunner.scala:86 Ignored [id => pouchdb-core, phase => typescript] 
[debug] PhaseRunner.scala:78 Success [id => pouchdb-core, phase => typescript] 
[info ] Phase1ReadTypescript.scala:152 Preprocessing TsHelperFile(InFile(/home/tso/tmp/tso-cache/DefinitelyTyped/types/pouchdb-core/index.d.ts),FromFolder(InFolder(/home/tso/tmp/tso-cache/DefinitelyTyped/types/pouchdb-core),TsIdentLibrarySimple(pouchdb-core)),TsIdentModule(None,List(pouchdb-core))) [id => pouchdb-core, phase => typescript] 
[warn ] Phase1ReadTypescript.scala:190 Processing TsIdentLibrarySimple(pouchdb-core) [id => pouchdb-core, phase => typescript] 
[info ] ExpandCallables.scala:57 Expanded fetch into 1 methods [id => pouchdb-core, phase => typescript, scope => TreeScope(TsParsedFile() / TsDeclNamespace(PouchDB) / TsDeclInterface(Static))] 
[info ] ExpandCallables.scala:57 Expanded debug into 1 methods [id => pouchdb-core, phase => typescript, scope => TreeScope(TsParsedFile() / TsDeclNamespace(PouchDB) / TsDeclInterface(Static))] 
[info ] ExtractInterfaces.scala:30 Extracted anonymous interface TsIdentSimple(Anon_Type) [id => pouchdb-core, phase => typescript, scope => TreeScope(TsParsedFile() / TsDeclInterface(Buffer) / TsMemberFunction(toJSON) / TsFunSig() / TsTypeObject())] 
[info ] ExtractInterfaces.scala:30 Extracted anonymous interface TsIdentSimple(Anon_Username) [id => pouchdb-core, phase => typescript, scope => TreeScope(TsParsedFile() / TsDeclNamespace(PouchDB) / TsDeclNamespace(Configuration) / TsDeclInterface(RemoteDatabaseConfiguration) / TsMemberProperty(auth) / TsTypeObject())] 
[info ] ExtractInterfaces.scala:30 Extracted anonymous interface TsIdentSimple(Anon_Rev) [id => pouchdb-core, phase => typescript, scope => TreeScope(TsParsedFile() / TsDeclNamespace(PouchDB) / TsDeclInterface(Database) / TsMemberFunction(getAttachment) / TsFunSig() / TsFunParam() / TsTypeObject())] 
[info ] ExtractInterfaces.scala:30 Extracted anonymous interface TsIdentSimple(Anon_Rev) [id => pouchdb-core, phase => typescript, scope => TreeScope(TsParsedFile() / TsDeclNamespace(PouchDB) / TsDeclInterface(Database) / TsMemberFunction(getAttachment) / TsFunSig() / TsFunParam() / TsTypeObject())] 
[info ] ExtractInterfaces.scala:30 Extracted anonymous interface TsIdentSimple(Anon_Name) [id => pouchdb-core, phase => typescript, scope => TreeScope(TsParsedFile() / TsDeclNamespace(PouchDB) / TsDeclInterface(Static) / TsMemberFunction(defaults) / TsFunSig() / TsTypeObject())] 
[info ] ExtractInterfaces.scala:30 Extracted anonymous interface TsIdentSimple(Anon_Id) [id => pouchdb-core, phase => typescript, scope => TreeScope(TsParsedFile() / TsDeclNamespace(PouchDB) / TsDeclNamespace(Core) / TsDeclTypeAlias(PutDocument) / TsTypeIntersect() / TsTypeObject())] 
[info ] ExtractInterfaces.scala:30 Extracted anonymous interface TsIdentSimple(Anon_RevId) [id => pouchdb-core, phase => typescript, scope => TreeScope(TsParsedFile() / TsDeclNamespace(PouchDB) / TsDeclNamespace(Core) / TsDeclInterface(BulkGetOptions) / TsMemberProperty(docs) / TsTypeRef() / TsTypeObject())] 
[info ] ExtractInterfaces.scala:30 Extracted anonymous interface TsIdentSimple(Anon_RevString) [id => pouchdb-core, phase => typescript, scope => TreeScope(TsParsedFile() / TsDeclNamespace(PouchDB) / TsDeclNamespace(Core) / TsDeclInterface(ChangesResponseChange) / TsMemberProperty(changes) / TsTypeRef() / TsTypeObject())] 
[info ] ExtractInterfaces.scala:30 Extracted anonymous interface TsIdentSimple(Anon_Ids) [id => pouchdb-core, phase => typescript, scope => TreeScope(TsParsedFile() / TsDeclNamespace(PouchDB) / TsDeclNamespace(Core) / TsDeclInterface(GetMeta) / TsMemberProperty(_revisions) / TsTypeObject())] 
[info ] ExtractInterfaces.scala:30 Extracted anonymous interface TsIdentSimple(Anon_Filters) [id => pouchdb-core, phase => typescript, scope => TreeScope(TsParsedFile() / TsDeclNamespace(PouchDB) / TsDeclNamespace(Core) / TsDeclTypeAlias(PostDocument) / TsTypeIntersect() / TsTypeObject())] 
[info ] ExtractInterfaces.scala:30 Extracted anonymous interface TsIdentSimple(Anon_Deleted) [id => pouchdb-core, phase => typescript, scope => TreeScope(TsParsedFile() / TsDeclNamespace(PouchDB) / TsDeclNamespace(Core) / TsDeclInterface(AllDocsResponse) / TsMemberProperty(rows) / TsTypeRef() / TsTypeObject() / TsMemberProperty(value) / TsTypeObject())] 
[info ] ExtractInterfaces.scala:30 Extracted anonymous interface TsIdentSimple(Anon_Key) [id => pouchdb-core, phase => typescript, scope => TreeScope(TsParsedFile() / TsDeclNamespace(PouchDB) / TsDeclNamespace(Core) / TsDeclInterface(AllDocsResponse) / TsMemberProperty(rows) / TsTypeRef() / TsTypeObject())] 
[info ] ExtractInterfaces.scala:30 Extracted anonymous interface TsIdentSimple(Anon_Ok) [id => pouchdb-core, phase => typescript, scope => TreeScope(TsParsedFile() / TsDeclNamespace(PouchDB) / TsDeclNamespace(Core) / TsDeclInterface(BulkGetResponse) / TsMemberProperty(results) / TsTypeRef() / TsTypeObject() / TsMemberProperty(docs) / TsTypeRef() / TsTypeUnion() / TsTypeObject())] 
[info ] ExtractInterfaces.scala:30 Extracted anonymous interface TsIdentSimple(Anon_Error) [id => pouchdb-core, phase => typescript, scope => TreeScope(TsParsedFile() / TsDeclNamespace(PouchDB) / TsDeclNamespace(Core) / TsDeclInterface(BulkGetResponse) / TsMemberProperty(results) / TsTypeRef() / TsTypeObject() / TsMemberProperty(docs) / TsTypeRef() / TsTypeUnion() / TsTypeObject())] 
[info ] ExtractInterfaces.scala:30 Extracted anonymous interface TsIdentSimple(Anon_Docs) [id => pouchdb-core, phase => typescript, scope => TreeScope(TsParsedFile() / TsDeclNamespace(PouchDB) / TsDeclNamespace(Core) / TsDeclInterface(BulkGetResponse) / TsMemberProperty(results) / TsTypeRef() / TsTypeObject())] 
[debug] PhaseRunner.scala:78 Success [id => pouchdb-core, phase => typescript] 
[warn ] Phase2ToScalaJs.scala:34 Processing TsIdentLibrarySimple(pouchdb-core) [id => pouchdb-core, phase => scala.js] 
[debug] PhaseRunner.scala:78 Success [id => pouchdb-core, phase => scala.js] 
[warn ] PhaseRunner.scala:64 Failed because of, [node => Compilation failed] [id => pouchdb-core, phase => build] 
[debug] PhaseRunner.scala:82 Failure, [node => Compilation failed] [id => pouchdb-core, phase => build] 
