[debug] PhaseRunner.scala:84 Success [id => powerbi-visuals-tools, phase => typescript] 
[info ] Phase1ReadTypescript.scala:171 Preprocessing TsHelperFile(InFile(/home/tso/tmp/tso-cache/DefinitelyTyped/types/powerbi-visuals-tools/index.d.ts),FromFolder(InFolder(/home/tso/tmp/tso-cache/DefinitelyTyped/types/powerbi-visuals-tools),TsIdentLibrarySimple(powerbi-visuals-tools)),TsIdentModule(None,List(powerbi-visuals-tools))) [id => powerbi-visuals-tools, phase => typescript] 
[info ] InferredDefaultModule.scala:39 Inferred module TsIdentModule(None,List(powerbi-visuals-tools)) [id => powerbi-visuals-tools, phase => typescript] 
[warn ] Phase1ReadTypescript.scala:189 Processing TsIdentLibrarySimple(powerbi-visuals-tools) [id => powerbi-visuals-tools, phase => typescript] 
[warn ] QualifyReferences.scala:32 Couldn't qualify SemanticFilter [id => powerbi-visuals-tools, phase => typescript, scope => TreeScope(TsParsedFile() / TsDeclModule(powerbi-visuals-tools) / TsExport() / TsExporteeTree() / TsDeclTypeAlias(StructuralObjectValue) / TsTypeUnion() / TsTypeRef())] 
[info ] PreferTypeAlias.scala:55 Simplified to type alias [id => powerbi-visuals-tools, phase => typescript, scope => TreeScope(TsParsedFile() / TsDeclModule(powerbi-visuals-tools) / TsDeclInterface(IPromise))] 
[info ] PreferTypeAlias.scala:55 Simplified to type alias [id => powerbi-visuals-tools, phase => typescript, scope => TreeScope(TsParsedFile() / TsDeclModule(powerbi-visuals-tools) / TsDeclInterface(IDeferred))] 
[info ] PreferTypeAlias.scala:55 Simplified to type alias [id => powerbi-visuals-tools, phase => typescript, scope => TreeScope(TsParsedFile() / TsDeclModule(powerbi-visuals-tools) / TsDeclInterface(RejectablePromise))] 
[info ] PreferTypeAlias.scala:73 Simplified to function type alias [id => powerbi-visuals-tools, phase => typescript, scope => TreeScope(TsParsedFile() / TsDeclModule(powerbi-visuals-tools) / TsDeclInterface(IResultCallback))] 
[info ] InlineConstEnum.scala:21 Inlining const enum type powerbi-visuals-tools.powerbi-visuals-tools.DataRepetitionKind.RoleWildcard => 0 [id => powerbi-visuals-tools, phase => typescript, scope => TreeScope(TsParsedFile() / TsDeclModule(powerbi-visuals-tools) / TsDeclNamespace(data) / TsDeclInterface(DataViewRoleWildcard) / TsMemberProperty(kind) / TsTypeRef())] 
[info ] InlineConstEnum.scala:21 Inlining const enum type powerbi-visuals-tools.powerbi-visuals-tools.DataRepetitionKind.ScopeWildcard => 3 [id => powerbi-visuals-tools, phase => typescript, scope => TreeScope(TsParsedFile() / TsDeclModule(powerbi-visuals-tools) / TsDeclNamespace(data) / TsDeclInterface(DataViewScopeWildcard) / TsMemberProperty(kind) / TsTypeRef())] 
[info ] InlineConstEnum.scala:21 Inlining const enum type powerbi-visuals-tools.powerbi-visuals-tools.DataRepetitionKind.ScopeTotal => 2 [id => powerbi-visuals-tools, phase => typescript, scope => TreeScope(TsParsedFile() / TsDeclModule(powerbi-visuals-tools) / TsDeclNamespace(data) / TsDeclInterface(DataViewScopeTotal) / TsMemberProperty(kind) / TsTypeRef())] 
[info ] InlineConstEnum.scala:21 Inlining const enum type powerbi-visuals-tools.powerbi-visuals-tools.DataRepetitionKind.ScopeIdentity => 1 [id => powerbi-visuals-tools, phase => typescript, scope => TreeScope(TsParsedFile() / TsDeclModule(powerbi-visuals-tools) / TsDeclInterface(DataViewScopeIdentity) / TsMemberProperty(kind) / TsTypeRef())] 
[info ] PreferTypeAlias.scala:55 Simplified to type alias [id => powerbi-visuals-tools, phase => typescript, scope => TreeScope(TsParsedFile() / TsDeclModule(powerbi-visuals-tools) / TsDeclInterface(FillRule))] 
[info ] PreferTypeAlias.scala:73 Simplified to function type alias [id => powerbi-visuals-tools, phase => typescript, scope => TreeScope(TsParsedFile() / TsDeclModule(powerbi-visuals-tools) / TsDeclNamespace(extensibility) / TsDeclInterface(IVisualDataViewTransform))] 
[info ] ExtractInterfaces.scala:41 Extracted anonymous interface TsIdentSimple(Anon_Color) [id => powerbi-visuals-tools, phase => typescript, scope => TreeScope(TsParsedFile() / TsDeclModule(powerbi-visuals-tools) / TsDeclInterface(Fill) / TsMemberProperty(solid) / TsTypeObject())] 
[info ] ExtractInterfaces.scala:41 Extracted anonymous interface TsIdentSimple(Anon_EndColor) [id => powerbi-visuals-tools, phase => typescript, scope => TreeScope(TsParsedFile() / TsDeclModule(powerbi-visuals-tools) / TsDeclInterface(Fill) / TsMemberProperty(gradient) / TsTypeObject())] 
[info ] ExtractInterfaces.scala:41 Extracted anonymous interface TsIdentSimple(Anon_ColorPatternKind) [id => powerbi-visuals-tools, phase => typescript, scope => TreeScope(TsParsedFile() / TsDeclModule(powerbi-visuals-tools) / TsDeclInterface(Fill) / TsMemberProperty(pattern) / TsTypeObject())] 
[info ] ExtractInterfaces.scala:41 Extracted anonymous interface TsIdentSimple(Anon_ColorFillSolidColorTypeDescriptor) [id => powerbi-visuals-tools, phase => typescript, scope => TreeScope(TsParsedFile() / TsDeclModule(powerbi-visuals-tools) / TsDeclInterface(FillTypeDescriptor) / TsMemberProperty(solid) / TsTypeObject())] 
[info ] ExtractInterfaces.scala:41 Extracted anonymous interface TsIdentSimple(Anon_EndColorStartColor) [id => powerbi-visuals-tools, phase => typescript, scope => TreeScope(TsParsedFile() / TsDeclModule(powerbi-visuals-tools) / TsDeclInterface(FillTypeDescriptor) / TsMemberProperty(gradient) / TsTypeObject())] 
[info ] ExtractInterfaces.scala:41 Extracted anonymous interface TsIdentSimple(Anon_ColorPatternKindBoolean) [id => powerbi-visuals-tools, phase => typescript, scope => TreeScope(TsParsedFile() / TsDeclModule(powerbi-visuals-tools) / TsDeclInterface(FillTypeDescriptor) / TsMemberProperty(pattern) / TsTypeObject())] 
[debug] PhaseRunner.scala:84 Success [id => powerbi-visuals-tools, phase => typescript] 
[warn ] Phase2ToScalaJs.scala:42 Processing powerbi-visuals-tools [id => powerbi-visuals-tools, phase => scala.js] 
[debug] PhaseRunner.scala:84 Success [id => powerbi-visuals-tools, phase => scala.js] 
[warn ] Phase3Compile.scala:204 Building powerbi-visuals-tools... [id => powerbi-visuals-tools, phase => build] 
[error] Phase3Compile.scala:230 [E] [E10] src/main/scala/typings/powerbiDashVisualsDashToolsLib/powerbiDashVisualsDashToolsMod/SortDirection.scala:24:1
[E]       Unmatched closing brace '}' ignored here
[E]       L24: }
[E]            ^
[E] [E9] src/main/scala/typings/powerbiDashVisualsDashToolsLib/powerbiDashVisualsDashToolsMod/SortDirection.scala:23:1
[E]      expected class or object definition
[E]      L23: ative
[E]           ^
[E] [E8] src/main/scala/typings/powerbiDashVisualsDashToolsLib/powerbiDashVisualsDashToolsMod/PromiseResultType.scala:24:1
[E]      Unmatched closing brace '}' ignored here
[E]      L24: }
[E]           ^
[E] [E7] src/main/scala/typings/powerbiDashVisualsDashToolsLib/powerbiDashVisualsDashToolsMod/PromiseResultType.scala:23:2
[E]      ';' expected but '=' found.
[E]      L23:  = js.native
[E]            ^
[E] [E6] src/main/scala/typings/powerbiDashVisualsDashToolsLib/powerbiDashVisualsDashToolsMod/JoinPredicateBehavior.scala:19:1
[E]      Unmatched closing brace '}' ignored here
[E]      L19: }
[E]           ^
[E] [E5] src/main/scala/typings/powerbiDashVisualsDashToolsLib/powerbiDashVisualsDashToolsMod/JoinPredicateBehavior.scala:16:1
[E]      expected class or object definition
[E]      L16: y(value: scala.Double): js.UndefOr[
[E]           ^
[E] [E4] src/main/scala/typings/powerbiDashVisualsDashToolsLib/powerbiDashVisualsDashToolsMod/CartesianRoleKind.scala:24:1
[E]      Unmatched closing brace '}' ignored here
[E]      L24: }
[E]           ^
[E] [E3] src/main/scala/typings/powerbiDashVisualsDashToolsLib/Anon_ColorFillSolidColorTypeDescriptor.scala:27:1
[E]      eof expected but '}' found.
[E]      L27: }
[E]           ^
[E] [E2] src/main/scala/typings/powerbiDashVisualsDashToolsLib/Anon_ColorFillSolidColorTypeDescriptor.scala:26:3
[E]      Unmatched closing brace '}' ignored here
[E]      L26:   }
[E]             ^
[E] [E1] src/main/scala/typings/powerbiDashVisualsDashToolsLib/Anon_ColorFillSolidColorTypeDescriptor.scala:25:1
[E]      expected class or object definition
[E]      L25: eDescriptor]
[E]           ^
[E] src/main/scala/typings/powerbiDashVisualsDashToolsLib/powerbiDashVisualsDashToolsMod/CartesianRoleKind.scala: L24 [E4]
[E] src/main/scala/typings/powerbiDashVisualsDashToolsLib/powerbiDashVisualsDashToolsMod/PromiseResultType.scala: L23 [E7], L24 [E8]
[E] src/main/scala/typings/powerbiDashVisualsDashToolsLib/Anon_ColorFillSolidColorTypeDescriptor.scala: L25 [E1], L26 [E2], L27 [E3]
[E] src/main/scala/typings/powerbiDashVisualsDashToolsLib/powerbiDashVisualsDashToolsMod/JoinPredicateBehavior.scala: L16 [E5], L19 [E6]
[E] src/main/scala/typings/powerbiDashVisualsDashToolsLib/powerbiDashVisualsDashToolsMod/SortDirection.scala: L23 [E9], L24 [E10]
[E] Failed to compile 'powerbi-visuals-tools'
 [id => powerbi-visuals-tools, phase => build] 
[error] PhaseRunner.scala:88 Failure, [powerbi-visuals-tools => Compilation failed] [id => powerbi-visuals-tools, phase => build] 
[error] PhaseRunner.scala:88 Failure, [powerbi-visuals-tools => Compilation failed] [id => powerbi-visuals-tools, phase => publish] 
