[info ] InferredDependency.scala:20 Inferred dependencies Set(TsIdentLibrarySimple(node)) for TsIdentLibrarySimple(protobufjs) [id => protobufjs, phase => typescript, file => ../node_modules/protobufjs/index.d.ts] 
[debug] PhaseRunner.scala:78 Success [id => protobufjs, phase => typescript] 
[info ] Phase1ReadTypescript.scala:152 Preprocessing TsHelperFile(InFile(/home/tso/tmp/tso-cache/npm/node_modules/protobufjs/index.d.ts),FromFolder(InFolder(/home/tso/tmp/tso-cache/npm/node_modules/protobufjs),TsIdentLibrarySimple(protobufjs)),TsIdentModule(None,List(protobufjs))) [id => protobufjs, phase => typescript] 
[info ] InferredDefaultModule.scala:39 Inferred module TsIdentModule(None,List(protobufjs)) [id => protobufjs, phase => typescript] 
[warn ] Phase1ReadTypescript.scala:190 Processing TsIdentLibrarySimple(protobufjs) [id => protobufjs, phase => typescript] 
[warn ] QualifyReferences.scala:47 Couldn't qualify TsTypeRef(TsQIdent(List(TsIdentSimple(Root))),List()), defaulting to any [id => protobufjs, phase => typescript, scope => TreeScope(TsParsedFile() / TsDeclTypeAlias(LoadCallback) / TsTypeFunction() / TsFunSig() / TsFunParam() / TsTypeRef())] 
[warn ] QualifyReferences.scala:47 Couldn't qualify TsTypeRef(TsQIdent(List(TsIdentSimple(IExtensionField))),List()), defaulting to any [id => protobufjs, phase => typescript, scope => TreeScope(TsParsedFile() / TsDeclTypeAlias(AnyExtensionField) / TsTypeUnion() / TsTypeRef())] 
[warn ] QualifyReferences.scala:47 Couldn't qualify TsTypeRef(TsQIdent(List(TsIdentSimple(IExtensionMapField))),List()), defaulting to any [id => protobufjs, phase => typescript, scope => TreeScope(TsParsedFile() / TsDeclTypeAlias(AnyExtensionField) / TsTypeUnion() / TsTypeRef())] 
[warn ] QualifyReferences.scala:47 Couldn't qualify TsTypeRef(TsQIdent(List(TsIdentSimple(IEnum))),List()), defaulting to any [id => protobufjs, phase => typescript, scope => TreeScope(TsParsedFile() / TsDeclTypeAlias(AnyNestedObject) / TsTypeUnion() / TsTypeRef())] 
[warn ] QualifyReferences.scala:47 Couldn't qualify TsTypeRef(TsQIdent(List(TsIdentSimple(IType))),List()), defaulting to any [id => protobufjs, phase => typescript, scope => TreeScope(TsParsedFile() / TsDeclTypeAlias(AnyNestedObject) / TsTypeUnion() / TsTypeRef())] 
[warn ] QualifyReferences.scala:47 Couldn't qualify TsTypeRef(TsQIdent(List(TsIdentSimple(IService))),List()), defaulting to any [id => protobufjs, phase => typescript, scope => TreeScope(TsParsedFile() / TsDeclTypeAlias(AnyNestedObject) / TsTypeUnion() / TsTypeRef())] 
[warn ] QualifyReferences.scala:47 Couldn't qualify TsTypeRef(TsQIdent(List(TsIdentSimple(INamespace))),List()), defaulting to any [id => protobufjs, phase => typescript, scope => TreeScope(TsParsedFile() / TsDeclTypeAlias(AnyNestedObject) / TsTypeUnion() / TsTypeRef())] 
[warn ] QualifyReferences.scala:47 Couldn't qualify TsTypeRef(TsQIdent(List(TsIdentSimple(Method))),List()), defaulting to any [id => protobufjs, phase => typescript, scope => TreeScope(TsParsedFile() / TsDeclTypeAlias(RPCImpl) / TsTypeFunction() / TsFunSig() / TsFunParam() / TsTypeUnion() / TsTypeRef())] 
[warn ] QualifyReferences.scala:47 Couldn't qualify TsTypeRef(TsQIdent(List(TsIdentSimple(rpc), TsIdentSimple(ServiceMethod))),List(TsTypeRef(TsQIdent(List(TsIdentSimple(Message))),List(TsTypeObject(List()))), TsTypeRef(TsQIdent(List(TsIdentSimple(Message))),List(TsTypeObject(List()))))), defaulting to any [id => protobufjs, phase => typescript, scope => TreeScope(TsParsedFile() / TsDeclTypeAlias(RPCImpl) / TsTypeFunction() / TsFunSig() / TsFunParam() / TsTypeUnion() / TsTypeRef())] 
[warn ] QualifyReferences.scala:47 Couldn't qualify TsTypeRef(TsQIdent(List(TsIdentSimple(Message))),List(TsTypeRef(TsQIdent(List(TsIdentSimple(T))),List()))), defaulting to any [id => protobufjs, phase => typescript, scope => TreeScope(TsParsedFile() / TsDeclTypeAlias(TypeDecorator) / TsTypeParam() / TsTypeRef())] 
[warn ] QualifyReferences.scala:47 Couldn't qualify TsTypeRef(TsQIdent(List(TsIdentSimple(Constructor))),List(TsTypeRef(TsQIdent(List(TsIdentSimple(T))),List()))), defaulting to any [id => protobufjs, phase => typescript, scope => TreeScope(TsParsedFile() / TsDeclTypeAlias(TypeDecorator) / TsTypeFunction() / TsFunSig() / TsFunParam() / TsTypeRef())] 
[warn ] QualifyReferences.scala:47 Couldn't qualify TsTypeRef(TsQIdent(List(TsIdentSimple(Type))),List()), defaulting to any [id => protobufjs, phase => typescript, scope => TreeScope(TsParsedFile() / TsDeclTypeAlias(WrapperFromObjectConverter) / TsTypeFunction() / TsFunSig() / TsFunParam() / TsTypeRef())] 
[warn ] QualifyReferences.scala:47 Couldn't qualify TsTypeRef(TsQIdent(List(TsIdentSimple(Message))),List(TsTypeObject(List()))), defaulting to any [id => protobufjs, phase => typescript, scope => TreeScope(TsParsedFile() / TsDeclTypeAlias(WrapperFromObjectConverter) / TsTypeFunction() / TsFunSig() / TsTypeRef())] 
[warn ] QualifyReferences.scala:47 Couldn't qualify TsTypeRef(TsQIdent(List(TsIdentSimple(Type))),List()), defaulting to any [id => protobufjs, phase => typescript, scope => TreeScope(TsParsedFile() / TsDeclTypeAlias(WrapperToObjectConverter) / TsTypeFunction() / TsFunSig() / TsFunParam() / TsTypeRef())] 
[warn ] QualifyReferences.scala:47 Couldn't qualify TsTypeRef(TsQIdent(List(TsIdentSimple(Message))),List(TsTypeObject(List()))), defaulting to any [id => protobufjs, phase => typescript, scope => TreeScope(TsParsedFile() / TsDeclTypeAlias(WrapperToObjectConverter) / TsTypeFunction() / TsFunSig() / TsFunParam() / TsTypeRef())] 
[warn ] QualifyReferences.scala:47 Couldn't qualify TsTypeRef(TsQIdent(List(TsIdentSimple(IConversionOptions))),List()), defaulting to any [id => protobufjs, phase => typescript, scope => TreeScope(TsParsedFile() / TsDeclTypeAlias(WrapperToObjectConverter) / TsTypeFunction() / TsFunSig() / TsFunParam() / TsTypeRef())] 
[info ] SimplifyRecursiveTypeAlias.scala:13 Simplified recursive type alias [id => protobufjs, phase => typescript, scope => TreeScope(TsParsedFile() / TsDeclTypeAlias(Codegen) / TsTypeFunction() / TsFunSig() / TsTypeUnion() / TsTypeRef())] 
[info ] ExpandCallables.scala:57 Expanded next into 1 methods [id => protobufjs, phase => typescript, scope => TreeScope(TsParsedFile() / TsDeclModule(protobufjs) / TsDeclInterface(ITokenizerHandle))] 
[info ] ExpandCallables.scala:57 Expanded peek into 1 methods [id => protobufjs, phase => typescript, scope => TreeScope(TsParsedFile() / TsDeclModule(protobufjs) / TsDeclInterface(ITokenizerHandle))] 
[info ] ExpandCallables.scala:57 Expanded push into 1 methods [id => protobufjs, phase => typescript, scope => TreeScope(TsParsedFile() / TsDeclModule(protobufjs) / TsDeclInterface(ITokenizerHandle))] 
[info ] ExpandCallables.scala:57 Expanded skip into 1 methods [id => protobufjs, phase => typescript, scope => TreeScope(TsParsedFile() / TsDeclModule(protobufjs) / TsDeclInterface(ITokenizerHandle))] 
[info ] ExpandCallables.scala:57 Expanded cmnt into 1 methods [id => protobufjs, phase => typescript, scope => TreeScope(TsParsedFile() / TsDeclModule(protobufjs) / TsDeclInterface(ITokenizerHandle))] 
[info ] PreferTypeAlias.scala:112 Simplified to type alias [id => protobufjs, phase => typescript, scope => TreeScope(TsParsedFile() / TsDeclModule(protobufjs) / TsDeclInterface(Buffer))] 
[info ] ExtractInterfaces.scala:30 Extracted anonymous interface TsIdentSimple(Anon_Float) [id => protobufjs, phase => typescript, scope => TreeScope(TsParsedFile() / TsDeclModule(protobufjs) / TsDeclNamespace(types) / TsDeclVar(defaults) / TsTypeObject())] 
[info ] ExtractInterfaces.scala:30 Extracted anonymous interface TsIdentSimple(Anon_FloatUint32) [id => protobufjs, phase => typescript, scope => TreeScope(TsParsedFile() / TsDeclModule(protobufjs) / TsDeclNamespace(types) / TsDeclVar(packed) / TsTypeObject())] 
[info ] ExtractInterfaces.scala:30 Extracted anonymous interface TsIdentSimple(Anon_Sfixed64) [id => protobufjs, phase => typescript, scope => TreeScope(TsParsedFile() / TsDeclModule(protobufjs) / TsDeclNamespace(types) / TsDeclVar(long) / TsTypeObject())] 
[info ] ExtractInterfaces.scala:30 Extracted anonymous interface TsIdentSimple(Anon_Uint32) [id => protobufjs, phase => typescript, scope => TreeScope(TsParsedFile() / TsDeclModule(protobufjs) / TsDeclNamespace(types) / TsDeclVar(mapKey) / TsTypeObject())] 
[info ] ExtractInterfaces.scala:30 Extracted anonymous interface TsIdentSimple(Anon_FloatUint32Fixed32) [id => protobufjs, phase => typescript, scope => TreeScope(TsParsedFile() / TsDeclModule(protobufjs) / TsDeclNamespace(types) / TsDeclVar(basic) / TsTypeObject())] 
[debug] PhaseRunner.scala:78 Success [id => protobufjs, phase => typescript] 
[warn ] Phase2ToScalaJs.scala:34 Processing TsIdentLibrarySimple(protobufjs) [id => protobufjs, phase => scala.js] 
[debug] PhaseRunner.scala:78 Success [id => protobufjs, phase => scala.js] 
[warn ] PhaseRunner.scala:64 Failed because of, [node => Compilation failed] [id => protobufjs, phase => build] 
[debug] PhaseRunner.scala:82 Failure, [node => Compilation failed] [id => protobufjs, phase => build] 
