[debug] PhaseRunner.scala:78 Success [id => @pulumi/cloud, phase => typescript] 
[debug] PhaseRunner.scala:78 Success [id => @pulumi/cloud, phase => typescript] 
[info ] InferredDependency.scala:20 Inferred dependencies Set(TsIdentLibrarySimple(node)) for TsIdentLibraryScoped(pulumi,Some(cloud)) [id => @pulumi/cloud, phase => typescript, file => ../@pulumi/cloud/httpServer.d.ts] 
[debug] PhaseRunner.scala:78 Success [id => @pulumi/cloud, phase => typescript] 
[debug] PhaseRunner.scala:78 Success [id => @pulumi/cloud, phase => typescript] 
[info ] InferredDependency.scala:20 Inferred dependencies Set(TsIdentLibrarySimple(node)) for TsIdentLibraryScoped(pulumi,Some(cloud)) [id => @pulumi/cloud, phase => typescript, file => ../@pulumi/cloud/api.d.ts] 
[debug] PhaseRunner.scala:78 Success [id => @pulumi/cloud, phase => typescript] 
[debug] PhaseRunner.scala:78 Success [id => @pulumi/cloud, phase => typescript] 
[info ] InferredDependency.scala:20 Inferred dependencies Set(TsIdentLibrarySimple(node)) for TsIdentLibraryScoped(pulumi,Some(cloud)) [id => @pulumi/cloud, phase => typescript, file => ../@pulumi/cloud/bucket.d.ts] 
[debug] PhaseRunner.scala:78 Success [id => @pulumi/cloud, phase => typescript] 
[debug] PhaseRunner.scala:78 Success [id => @pulumi/cloud, phase => typescript] 
[info ] Phase1ReadTypescript.scala:152 Preprocessing TsHelperFile(InFile(/home/tso/tmp/tso-cache/npm/node_modules/@pulumi/cloud/api.d.ts),FromFolder(InFolder(/home/tso/tmp/tso-cache/npm/node_modules/@pulumi/cloud),TsIdentLibraryScoped(pulumi,Some(cloud))),TsIdentModule(Some(pulumi),List(cloud, api))) [id => @pulumi/cloud, phase => typescript] 
[info ] InferredDefaultModule.scala:39 Inferred module TsIdentModule(Some(pulumi),List(cloud, api)) [id => @pulumi/cloud, phase => typescript] 
[info ] Phase1ReadTypescript.scala:152 Preprocessing TsHelperFile(InFile(/home/tso/tmp/tso-cache/npm/node_modules/@pulumi/cloud/bucket.d.ts),FromFolder(InFolder(/home/tso/tmp/tso-cache/npm/node_modules/@pulumi/cloud),TsIdentLibraryScoped(pulumi,Some(cloud))),TsIdentModule(Some(pulumi),List(cloud, bucket))) [id => @pulumi/cloud, phase => typescript] 
[info ] InferredDefaultModule.scala:39 Inferred module TsIdentModule(Some(pulumi),List(cloud, bucket)) [id => @pulumi/cloud, phase => typescript] 
[info ] Phase1ReadTypescript.scala:152 Preprocessing TsHelperFile(InFile(/home/tso/tmp/tso-cache/npm/node_modules/@pulumi/cloud/httpServer.d.ts),FromFolder(InFolder(/home/tso/tmp/tso-cache/npm/node_modules/@pulumi/cloud),TsIdentLibraryScoped(pulumi,Some(cloud))),TsIdentModule(Some(pulumi),List(cloud, httpServer))) [id => @pulumi/cloud, phase => typescript] 
[info ] InferredDefaultModule.scala:39 Inferred module TsIdentModule(Some(pulumi),List(cloud, httpServer)) [id => @pulumi/cloud, phase => typescript] 
[info ] Phase1ReadTypescript.scala:152 Preprocessing TsHelperFile(InFile(/home/tso/tmp/tso-cache/npm/node_modules/@pulumi/cloud/service.d.ts),FromFolder(InFolder(/home/tso/tmp/tso-cache/npm/node_modules/@pulumi/cloud),TsIdentLibraryScoped(pulumi,Some(cloud))),TsIdentModule(Some(pulumi),List(cloud, service))) [id => @pulumi/cloud, phase => typescript] 
[info ] InferredDefaultModule.scala:39 Inferred module TsIdentModule(Some(pulumi),List(cloud, service)) [id => @pulumi/cloud, phase => typescript] 
[info ] Phase1ReadTypescript.scala:152 Preprocessing TsHelperFile(InFile(/home/tso/tmp/tso-cache/npm/node_modules/@pulumi/cloud/table.d.ts),FromFolder(InFolder(/home/tso/tmp/tso-cache/npm/node_modules/@pulumi/cloud),TsIdentLibraryScoped(pulumi,Some(cloud))),TsIdentModule(Some(pulumi),List(cloud, table))) [id => @pulumi/cloud, phase => typescript] 
[info ] InferredDefaultModule.scala:39 Inferred module TsIdentModule(Some(pulumi),List(cloud, table)) [id => @pulumi/cloud, phase => typescript] 
[info ] Phase1ReadTypescript.scala:152 Preprocessing TsHelperFile(InFile(/home/tso/tmp/tso-cache/npm/node_modules/@pulumi/cloud/timer.d.ts),FromFolder(InFolder(/home/tso/tmp/tso-cache/npm/node_modules/@pulumi/cloud),TsIdentLibraryScoped(pulumi,Some(cloud))),TsIdentModule(Some(pulumi),List(cloud, timer))) [id => @pulumi/cloud, phase => typescript] 
[info ] InferredDefaultModule.scala:39 Inferred module TsIdentModule(Some(pulumi),List(cloud, timer)) [id => @pulumi/cloud, phase => typescript] 
[info ] Phase1ReadTypescript.scala:152 Preprocessing TsHelperFile(InFile(/home/tso/tmp/tso-cache/npm/node_modules/@pulumi/cloud/topic.d.ts),FromFolder(InFolder(/home/tso/tmp/tso-cache/npm/node_modules/@pulumi/cloud),TsIdentLibraryScoped(pulumi,Some(cloud))),TsIdentModule(Some(pulumi),List(cloud, topic))) [id => @pulumi/cloud, phase => typescript] 
[info ] InferredDefaultModule.scala:39 Inferred module TsIdentModule(Some(pulumi),List(cloud, topic)) [id => @pulumi/cloud, phase => typescript] 
[info ] Phase1ReadTypescript.scala:152 Preprocessing TsHelperFile(InFile(/home/tso/tmp/tso-cache/npm/node_modules/@pulumi/cloud/types.d.ts),FromFolder(InFolder(/home/tso/tmp/tso-cache/npm/node_modules/@pulumi/cloud),TsIdentLibraryScoped(pulumi,Some(cloud))),TsIdentModule(Some(pulumi),List(cloud))) [id => @pulumi/cloud, phase => typescript] 
[info ] InferredDefaultModule.scala:39 Inferred module TsIdentModule(Some(pulumi),List(cloud)) [id => @pulumi/cloud, phase => typescript] 
[warn ] Phase1ReadTypescript.scala:190 Processing TsIdentLibraryScoped(pulumi,Some(cloud)) [id => @pulumi/cloud, phase => typescript] 
[debug] PhaseRunner.scala:78 Success [id => @pulumi/cloud, phase => typescript] 
[warn ] Phase2ToScalaJs.scala:34 Processing TsIdentLibraryScoped(pulumi,Some(cloud)) [id => @pulumi/cloud, phase => scala.js] 
[debug] PhaseRunner.scala:78 Success [id => @pulumi/cloud, phase => scala.js] 
[warn ] PhaseRunner.scala:64 Failed because of, [node => Compilation failed] [id => @pulumi/cloud, phase => build] 
[debug] PhaseRunner.scala:82 Failure, [node => Compilation failed] [id => @pulumi/cloud, phase => build] 
