[debug] PhaseRunner.scala:86 Ignored [id => @pulumi/kubernetes, phase => typescript] 
[debug] PhaseRunner.scala:78 Success [id => @pulumi/kubernetes, phase => typescript] 
[debug] PhaseRunner.scala:78 Success [id => @pulumi/kubernetes, phase => typescript] 
[debug] PhaseRunner.scala:78 Success [id => @pulumi/kubernetes, phase => typescript] 
[debug] PhaseRunner.scala:78 Success [id => @pulumi/kubernetes, phase => typescript] 
[debug] PhaseRunner.scala:78 Success [id => @pulumi/kubernetes, phase => typescript] 
[debug] PhaseRunner.scala:78 Success [id => @pulumi/kubernetes, phase => typescript] 
[info ] Phase1ReadTypescript.scala:152 Preprocessing TsHelperFile(InFile(/home/tso/tmp/tso-cache/npm/node_modules/@pulumi/kubernetes/helm.d.ts),FromFolder(InFolder(/home/tso/tmp/tso-cache/npm/node_modules/@pulumi/kubernetes),TsIdentLibraryScoped(pulumi,Some(kubernetes))),TsIdentModule(Some(pulumi),List(kubernetes, helm))) [id => @pulumi/kubernetes, phase => typescript] 
[info ] InferredDefaultModule.scala:39 Inferred module TsIdentModule(Some(pulumi),List(kubernetes, helm)) [id => @pulumi/kubernetes, phase => typescript] 
[info ] Phase1ReadTypescript.scala:152 Preprocessing TsHelperFile(InFile(/home/tso/tmp/tso-cache/npm/node_modules/@pulumi/kubernetes/index.d.ts),FromFolder(InFolder(/home/tso/tmp/tso-cache/npm/node_modules/@pulumi/kubernetes),TsIdentLibraryScoped(pulumi,Some(kubernetes))),TsIdentModule(Some(pulumi),List(kubernetes))) [id => @pulumi/kubernetes, phase => typescript] 
[info ] InferredDefaultModule.scala:39 Inferred module TsIdentModule(Some(pulumi),List(kubernetes)) [id => @pulumi/kubernetes, phase => typescript] 
[info ] Phase1ReadTypescript.scala:152 Preprocessing TsHelperFile(InFile(/home/tso/tmp/tso-cache/npm/node_modules/@pulumi/kubernetes/path.d.ts),FromFolder(InFolder(/home/tso/tmp/tso-cache/npm/node_modules/@pulumi/kubernetes),TsIdentLibraryScoped(pulumi,Some(kubernetes))),TsIdentModule(Some(pulumi),List(kubernetes, path))) [id => @pulumi/kubernetes, phase => typescript] 
[info ] InferredDefaultModule.scala:39 Inferred module TsIdentModule(Some(pulumi),List(kubernetes, path)) [id => @pulumi/kubernetes, phase => typescript] 
[info ] Phase1ReadTypescript.scala:152 Preprocessing TsHelperFile(InFile(/home/tso/tmp/tso-cache/npm/node_modules/@pulumi/kubernetes/provider.d.ts),FromFolder(InFolder(/home/tso/tmp/tso-cache/npm/node_modules/@pulumi/kubernetes),TsIdentLibraryScoped(pulumi,Some(kubernetes))),TsIdentModule(Some(pulumi),List(kubernetes, provider))) [id => @pulumi/kubernetes, phase => typescript] 
[info ] InferredDefaultModule.scala:39 Inferred module TsIdentModule(Some(pulumi),List(kubernetes, provider)) [id => @pulumi/kubernetes, phase => typescript] 
[info ] Phase1ReadTypescript.scala:152 Preprocessing TsHelperFile(InFile(/home/tso/tmp/tso-cache/npm/node_modules/@pulumi/kubernetes/types/input.d.ts),FromFolder(InFolder(/home/tso/tmp/tso-cache/npm/node_modules/@pulumi/kubernetes),TsIdentLibraryScoped(pulumi,Some(kubernetes))),TsIdentModule(Some(pulumi),List(kubernetes, types, input))) [id => @pulumi/kubernetes, phase => typescript] 
[info ] InferredDefaultModule.scala:39 Inferred module TsIdentModule(Some(pulumi),List(kubernetes, types, input)) [id => @pulumi/kubernetes, phase => typescript] 
[info ] Phase1ReadTypescript.scala:152 Preprocessing TsHelperFile(InFile(/home/tso/tmp/tso-cache/npm/node_modules/@pulumi/kubernetes/types/output.d.ts),FromFolder(InFolder(/home/tso/tmp/tso-cache/npm/node_modules/@pulumi/kubernetes),TsIdentLibraryScoped(pulumi,Some(kubernetes))),TsIdentModule(Some(pulumi),List(kubernetes, types, output))) [id => @pulumi/kubernetes, phase => typescript] 
[info ] InferredDefaultModule.scala:39 Inferred module TsIdentModule(Some(pulumi),List(kubernetes, types, output)) [id => @pulumi/kubernetes, phase => typescript] 
[warn ] Phase1ReadTypescript.scala:190 Processing TsIdentLibraryScoped(pulumi,Some(kubernetes)) [id => @pulumi/kubernetes, phase => typescript] 
[debug] PhaseRunner.scala:78 Success [id => @pulumi/kubernetes, phase => typescript] 
[warn ] Phase2ToScalaJs.scala:34 Processing TsIdentLibraryScoped(pulumi,Some(kubernetes)) [id => @pulumi/kubernetes, phase => scala.js] 
[debug] PhaseRunner.scala:78 Success [id => @pulumi/kubernetes, phase => scala.js] 
[warn ] PhaseRunner.scala:64 Failed because of, [node => Compilation failed] [id => @pulumi/kubernetes, phase => build] 
[debug] PhaseRunner.scala:82 Failure, [node => Compilation failed] [id => @pulumi/kubernetes, phase => build] 
