[info ] InferredDependency.scala:20 Inferred dependencies Set(TsIdentLibrarySimple(node)) for TsIdentLibrarySimple(rbac-a) [id => rbac-a, phase => typescript, file => ../types/rbac-a/index.d.ts] 
[debug] PhaseRunner.scala:78 Success [id => rbac-a, phase => typescript] 
[debug] PhaseRunner.scala:78 Success [id => rbac-a, phase => typescript] 
[debug] PhaseRunner.scala:78 Success [id => rbac-a, phase => typescript] 
[debug] PhaseRunner.scala:78 Success [id => rbac-a, phase => typescript] 
[info ] Phase1ReadTypescript.scala:152 Preprocessing TsHelperFile(InFile(/home/tso/tmp/tso-cache/DefinitelyTyped/types/rbac-a/index.d.ts),FromFolder(InFolder(/home/tso/tmp/tso-cache/DefinitelyTyped/types/rbac-a),TsIdentLibrarySimple(rbac-a)),TsIdentModule(None,List(rbac-a))) [id => rbac-a, phase => typescript] 
[info ] InferredDefaultModule.scala:39 Inferred module TsIdentModule(None,List(rbac-a)) [id => rbac-a, phase => typescript] 
[info ] Phase1ReadTypescript.scala:152 Preprocessing TsHelperFile(InFile(/home/tso/tmp/tso-cache/DefinitelyTyped/types/rbac-a/lib/attributes-manager.d.ts),FromFolder(InFolder(/home/tso/tmp/tso-cache/DefinitelyTyped/types/rbac-a),TsIdentLibrarySimple(rbac-a)),TsIdentModule(None,List(rbac-a, lib, attributes-manager))) [id => rbac-a, phase => typescript] 
[info ] InferredDefaultModule.scala:39 Inferred module TsIdentModule(None,List(rbac-a, lib, attributes-manager)) [id => rbac-a, phase => typescript] 
[info ] Phase1ReadTypescript.scala:152 Preprocessing TsHelperFile(InFile(/home/tso/tmp/tso-cache/DefinitelyTyped/types/rbac-a/lib/provider.d.ts),FromFolder(InFolder(/home/tso/tmp/tso-cache/DefinitelyTyped/types/rbac-a),TsIdentLibrarySimple(rbac-a)),TsIdentModule(None,List(rbac-a, lib, provider))) [id => rbac-a, phase => typescript] 
[info ] InferredDefaultModule.scala:39 Inferred module TsIdentModule(None,List(rbac-a, lib, provider)) [id => rbac-a, phase => typescript] 
[info ] Phase1ReadTypescript.scala:152 Preprocessing TsHelperFile(InFile(/home/tso/tmp/tso-cache/DefinitelyTyped/types/rbac-a/lib/rbac.d.ts),FromFolder(InFolder(/home/tso/tmp/tso-cache/DefinitelyTyped/types/rbac-a),TsIdentLibrarySimple(rbac-a)),TsIdentModule(None,List(rbac-a, lib, rbac))) [id => rbac-a, phase => typescript] 
[info ] InferredDefaultModule.scala:39 Inferred module TsIdentModule(None,List(rbac-a, lib, rbac)) [id => rbac-a, phase => typescript] 
[warn ] Phase1ReadTypescript.scala:190 Processing TsIdentLibrarySimple(rbac-a) [id => rbac-a, phase => typescript] 
[info ] ExtractInterfaces.scala:30 Extracted anonymous interface TsIdentSimple(Anon_Roles) [id => rbac-a, phase => typescript, scope => TreeScope(TsParsedFile() / TsDeclModule(rbac-a) / TsDeclVar(Providers) / TsTypeObject() / TsMemberProperty(JsonProvider) / TsTypeObject())] 
[info ] ExtractInterfaces.scala:30 Extracted anonymous interface TsIdentSimple(Anon_JsonProvider) [id => rbac-a, phase => typescript, scope => TreeScope(TsParsedFile() / TsDeclModule(rbac-a) / TsDeclVar(Providers) / TsTypeObject())] 
[info ] ExtractInterfaces.scala:30 Extracted anonymous interface TsIdentSimple(Anon_Attributes) [id => rbac-a, phase => typescript, scope => TreeScope(TsParsedFile() / TsDeclModule(rbac-a) / TsDeclClass(RBAC) / TsMemberFunction(constructor) / TsFunSig() / TsFunParam() / TsTypeObject())] 
[info ] ExtractInterfaces.scala:30 Extracted anonymous interface TsIdentSimple(Anon_Attributes) [id => rbac-a, phase => typescript, scope => TreeScope(TsParsedFile() / TsDeclModule(rbac-a/lib/rbac) / TsDeclClass(namespaced) / TsMemberFunction(constructor) / TsFunSig() / TsFunParam() / TsTypeObject())] 
[debug] PhaseRunner.scala:78 Success [id => rbac-a, phase => typescript] 
[warn ] Phase2ToScalaJs.scala:34 Processing TsIdentLibrarySimple(rbac-a) [id => rbac-a, phase => scala.js] 
[debug] PhaseRunner.scala:78 Success [id => rbac-a, phase => scala.js] 
[warn ] PhaseRunner.scala:64 Failed because of, [node => Compilation failed] [id => rbac-a, phase => build] 
[debug] PhaseRunner.scala:82 Failure, [node => Compilation failed] [id => rbac-a, phase => build] 
