[info ] InferredDependency.scala:22 Inferred dependencies Set(TsIdentLibrarySimple(react)) for TsIdentLibrarySimple(react-loadable) [id => react-loadable, phase => typescript, file => ../types/react-loadable/index.d.ts] 
[debug] PhaseRunner.scala:84 Success [id => react-loadable, phase => typescript] 
[debug] PhaseRunner.scala:84 Success [id => react-loadable, phase => typescript] 
[info ] Phase1ReadTypescript.scala:160 Preprocessing TsHelperFile(InFile(/home/tso/tmp/tso-cache/DefinitelyTyped/types/react-loadable/index.d.ts),FromFolder(InFolder(/home/tso/tmp/tso-cache/DefinitelyTyped/types/react-loadable),TsIdentLibrarySimple(react-loadable)),TsIdentModule(None,List(react-loadable))) [id => react-loadable, phase => typescript] 
[info ] Phase1ReadTypescript.scala:160 Preprocessing TsHelperFile(InFile(/home/tso/tmp/tso-cache/DefinitelyTyped/types/react-loadable/webpack.d.ts),FromFolder(InFolder(/home/tso/tmp/tso-cache/DefinitelyTyped/types/react-loadable),TsIdentLibrarySimple(react-loadable)),TsIdentModule(None,List(react-loadable, webpack))) [id => react-loadable, phase => typescript] 
[info ] InferredDefaultModule.scala:39 Inferred module TsIdentModule(None,List(react-loadable, webpack)) [id => react-loadable, phase => typescript] 
[warn ] Phase1ReadTypescript.scala:182 Processing TsIdentLibrarySimple(react-loadable) [id => react-loadable, phase => typescript] 
[info ] ExpandTypeParams.scala:61 Expanding 1 members for TsIdentSimple(retry) [id => react-loadable, phase => typescript, scope => TreeScope(TsParsedFile() / TsDeclNamespace(LoadableExport) / TsDeclInterface(LoadingComponentProps))] 
[info ] ExpandTypeParams.scala:61 Expanding 1 members for TsIdentSimple(webpack) [id => react-loadable, phase => typescript, scope => TreeScope(TsParsedFile() / TsDeclNamespace(LoadableExport) / TsDeclInterface(CommonOptions))] 
[info ] ExpandTypeParams.scala:61 Expanding 1 members for TsIdentSimple(loader) [id => react-loadable, phase => typescript, scope => TreeScope(TsParsedFile() / TsDeclNamespace(LoadableExport) / TsDeclInterface(OptionsWithoutRender))] 
[info ] ExpandTypeParams.scala:61 Expanding 1 members for TsIdentSimple(loader) [id => react-loadable, phase => typescript, scope => TreeScope(TsParsedFile() / TsDeclNamespace(LoadableExport) / TsDeclInterface(OptionsWithRender))] 
[info ] ExpandTypeParams.scala:61 Expanding 1 members for TsIdentSimple(render) [id => react-loadable, phase => typescript, scope => TreeScope(TsParsedFile() / TsDeclNamespace(LoadableExport) / TsDeclInterface(OptionsWithRender))] 
[info ] ExpandTypeParams.scala:61 Expanding 1 members for TsIdentSimple(render) [id => react-loadable, phase => typescript, scope => TreeScope(TsParsedFile() / TsDeclNamespace(LoadableExport) / TsDeclInterface(OptionsWithMap))] 
[info ] ExpandTypeParams.scala:61 Expanding 1 members for TsIdentSimple(preload) [id => react-loadable, phase => typescript, scope => TreeScope(TsParsedFile() / TsDeclNamespace(LoadableExport) / TsDeclInterface(LoadableComponent))] 
[info ] ExpandTypeParams.scala:61 Expanding 1 members for TsIdentSimple(report) [id => react-loadable, phase => typescript, scope => TreeScope(TsParsedFile() / TsDeclNamespace(LoadableExport) / TsDeclInterface(LoadableCaptureProps))] 
[info ] ExpandTypeParams.scala:53 Expanding 1 call members [id => react-loadable, phase => typescript, scope => TreeScope(TsParsedFile() / TsDeclNamespace(LoadableExport) / TsDeclInterface(Loadable))] 
[info ] ExpandTypeParams.scala:61 Expanding 1 members for TsIdentSimple(Map) [id => react-loadable, phase => typescript, scope => TreeScope(TsParsedFile() / TsDeclNamespace(LoadableExport) / TsDeclInterface(Loadable))] 
[info ] ExpandTypeParams.scala:61 Expanding 1 members for TsIdentSimple(preloadAll) [id => react-loadable, phase => typescript, scope => TreeScope(TsParsedFile() / TsDeclNamespace(LoadableExport) / TsDeclInterface(Loadable))] 
[info ] ExpandTypeParams.scala:61 Expanding 1 members for TsIdentSimple(preloadReady) [id => react-loadable, phase => typescript, scope => TreeScope(TsParsedFile() / TsDeclNamespace(LoadableExport) / TsDeclInterface(Loadable))] 
[info ] ExpandTypeParams.scala:74 Expanding 1 members for TsIdentSimple(getBundles) [id => react-loadable, phase => typescript, scope => TreeScope(TsParsedFile() / TsDeclModule(react-loadable/webpack))] 
[info ] ExpandTypeParams.scala:61 Expanding 1 members for TsIdentSimple(constructor) [id => react-loadable, phase => typescript, scope => TreeScope(TsParsedFile() / TsDeclModule(react-loadable/webpack) / TsDeclClass(ReactLoadablePlugin))] 
[info ] ExtractInterfaces.scala:41 Extracted anonymous interface TsIdentSimple(Anon_Default) [id => react-loadable, phase => typescript, scope => TreeScope(TsParsedFile() / TsDeclNamespace(LoadableExport) / TsDeclInterface(OptionsWithoutRender) / TsMemberFunction(loader) / TsFunSig() / TsTypeRef() / TsTypeUnion() / TsTypeObject())] 
[debug] PhaseRunner.scala:84 Success [id => react-loadable, phase => typescript] 
[warn ] Phase2ToScalaJs.scala:43 Processing react-loadable [id => react-loadable, phase => scala.js] 
[debug] PhaseRunner.scala:84 Success [id => react-loadable, phase => scala.js] 
[warn ] PhaseRunner.scala:70 Failed because of, [webpack => com.olvind.logging.Logger$LoggedException: Couldn't resolve jar for webpack-sources IvyLayout((/home/tso/.ivy2/local/org.scalablytyped/webpack-sources_sjs0.6_2.12/0.1-dt-20180625Z-ad22a0/jars/webpack-sources_sjs0.6_2.12.jar,Unchanged),(/home/tso/.ivy2/local/org.scalablytyped/webpack-sources_sjs0.6_2.12/0.1-dt-20180625Z-ad22a0/srcs/webpack-sources_sjs0.6_2.12-sources.jar,Unchanged),(/home/tso/.ivy2/local/org.scalablytyped/webpack-sources_sjs0.6_2.12/0.1-dt-20180625Z-ad22a0/ivys/ivy.xml,Unchanged),(/home/tso/.ivy2/local/org.scalablytyped/webpack-sources_sjs0.6_2.12/0.1-dt-20180625Z-ad22a0/poms/webpack-sources_sjs0.6_2.12.pom,Unchanged))] [id => react-loadable, phase => build] 
[error] PhaseRunner.scala:88 Failure, [webpack => com.olvind.logging.Logger$LoggedException: Couldn't resolve jar for webpack-sources IvyLayout((/home/tso/.ivy2/local/org.scalablytyped/webpack-sources_sjs0.6_2.12/0.1-dt-20180625Z-ad22a0/jars/webpack-sources_sjs0.6_2.12.jar,Unchanged),(/home/tso/.ivy2/local/org.scalablytyped/webpack-sources_sjs0.6_2.12/0.1-dt-20180625Z-ad22a0/srcs/webpack-sources_sjs0.6_2.12-sources.jar,Unchanged),(/home/tso/.ivy2/local/org.scalablytyped/webpack-sources_sjs0.6_2.12/0.1-dt-20180625Z-ad22a0/ivys/ivy.xml,Unchanged),(/home/tso/.ivy2/local/org.scalablytyped/webpack-sources_sjs0.6_2.12/0.1-dt-20180625Z-ad22a0/poms/webpack-sources_sjs0.6_2.12.pom,Unchanged))] [id => react-loadable, phase => build] 
[error] PhaseRunner.scala:88 Failure, [webpack => com.olvind.logging.Logger$LoggedException: Couldn't resolve jar for webpack-sources IvyLayout((/home/tso/.ivy2/local/org.scalablytyped/webpack-sources_sjs0.6_2.12/0.1-dt-20180625Z-ad22a0/jars/webpack-sources_sjs0.6_2.12.jar,Unchanged),(/home/tso/.ivy2/local/org.scalablytyped/webpack-sources_sjs0.6_2.12/0.1-dt-20180625Z-ad22a0/srcs/webpack-sources_sjs0.6_2.12-sources.jar,Unchanged),(/home/tso/.ivy2/local/org.scalablytyped/webpack-sources_sjs0.6_2.12/0.1-dt-20180625Z-ad22a0/ivys/ivy.xml,Unchanged),(/home/tso/.ivy2/local/org.scalablytyped/webpack-sources_sjs0.6_2.12/0.1-dt-20180625Z-ad22a0/poms/webpack-sources_sjs0.6_2.12.pom,Unchanged))] [id => react-loadable, phase => publish] 
