[info ] InferredDependency.scala:22 Inferred dependencies Set(TsIdentLibrarySimple(react)) for TsIdentLibrarySimple(react-apollo) [id => react-apollo, phase => typescript, file => ../node_modules/react-apollo/ApolloConsumer.d.ts] 
[debug] PhaseRunner.scala:84 Success [id => react-apollo, phase => typescript] 
[info ] InferredDependency.scala:22 Inferred dependencies Set(TsIdentLibrarySimple(react)) for TsIdentLibrarySimple(react-apollo) [id => react-apollo, phase => typescript, file => ../node_modules/react-apollo/ApolloContext.d.ts] 
[debug] PhaseRunner.scala:84 Success [id => react-apollo, phase => typescript] 
[info ] InferredDependency.scala:22 Inferred dependencies Set(TsIdentLibrarySimple(react)) for TsIdentLibrarySimple(react-apollo) [id => react-apollo, phase => typescript, file => ../node_modules/react-apollo/ApolloProvider.d.ts] 
[debug] PhaseRunner.scala:84 Success [id => react-apollo, phase => typescript] 
[info ] InferredDependency.scala:22 Inferred dependencies Set(TsIdentLibrarySimple(react)) for TsIdentLibrarySimple(react-apollo) [id => react-apollo, phase => typescript, file => ../node_modules/react-apollo/Mutation.d.ts] 
[debug] PhaseRunner.scala:92 Ignored [id => react-apollo, phase => typescript] 
[debug] PhaseRunner.scala:84 Success [id => react-apollo, phase => typescript] 
[debug] PhaseRunner.scala:84 Success [id => react-apollo, phase => typescript] 
[info ] InferredDependency.scala:22 Inferred dependencies Set(TsIdentLibrarySimple(react)) for TsIdentLibrarySimple(react-apollo) [id => react-apollo, phase => typescript, file => ../node_modules/react-apollo/Query.d.ts] 
[info ] InferredDependency.scala:22 Inferred dependencies Set(TsIdentLibrarySimple(react)) for TsIdentLibrarySimple(react-apollo) [id => react-apollo, phase => typescript, file => ../node_modules/react-apollo/getDataFromTree.d.ts] 
[debug] PhaseRunner.scala:92 Ignored [id => react-apollo, phase => typescript] 
[debug] PhaseRunner.scala:84 Success [id => react-apollo, phase => typescript] 
[debug] PhaseRunner.scala:84 Success [id => react-apollo, phase => typescript] 
[info ] InferredDependency.scala:22 Inferred dependencies Set(TsIdentLibrarySimple(react)) for TsIdentLibrarySimple(react-apollo) [id => react-apollo, phase => typescript, file => ../node_modules/react-apollo/Subscriptions.d.ts] 
[debug] PhaseRunner.scala:84 Success [id => react-apollo, phase => typescript] 
[info ] InferredDependency.scala:22 Inferred dependencies Set(TsIdentLibrarySimple(react)) for TsIdentLibrarySimple(react-apollo) [id => react-apollo, phase => typescript, file => ../node_modules/react-apollo/graphql.d.ts] 
[debug] PhaseRunner.scala:84 Success [id => react-apollo, phase => typescript] 
[info ] InferredDependency.scala:22 Inferred dependencies Set(TsIdentLibrarySimple(react)) for TsIdentLibrarySimple(react-apollo) [id => react-apollo, phase => typescript, file => ../node_modules/react-apollo/mutation-hoc.d.ts] 
[debug] PhaseRunner.scala:84 Success [id => react-apollo, phase => typescript] 
[info ] InferredDependency.scala:22 Inferred dependencies Set(TsIdentLibrarySimple(react)) for TsIdentLibrarySimple(react-apollo) [id => react-apollo, phase => typescript, file => ../node_modules/react-apollo/query-hoc.d.ts] 
[debug] PhaseRunner.scala:84 Success [id => react-apollo, phase => typescript] 
[debug] PhaseRunner.scala:84 Success [id => react-apollo, phase => typescript] 
[info ] InferredDependency.scala:22 Inferred dependencies Set(TsIdentLibrarySimple(react)) for TsIdentLibrarySimple(react-apollo) [id => react-apollo, phase => typescript, file => ../node_modules/react-apollo/subscription-hoc.d.ts] 
[debug] PhaseRunner.scala:84 Success [id => react-apollo, phase => typescript] 
[debug] PhaseRunner.scala:84 Success [id => react-apollo, phase => typescript] 
[info ] InferredDependency.scala:22 Inferred dependencies Set(TsIdentLibrarySimple(react)) for TsIdentLibrarySimple(react-apollo) [id => react-apollo, phase => typescript, file => ../node_modules/react-apollo/withApollo.d.ts] 
[debug] PhaseRunner.scala:84 Success [id => react-apollo, phase => typescript] 
[debug] PhaseRunner.scala:84 Success [id => react-apollo, phase => typescript] 
[info ] Phase1ReadTypescript.scala:171 Preprocessing TsHelperFile(InFile(/home/tso/tmp/tso-cache/npm/node_modules/react-apollo/ApolloConsumer.d.ts),FromFolder(InFolder(/home/tso/tmp/tso-cache/npm/node_modules/react-apollo),TsIdentLibrarySimple(react-apollo)),TsIdentModule(None,List(react-apollo, ApolloConsumer))) [id => react-apollo, phase => typescript] 
[info ] InferredDefaultModule.scala:39 Inferred module TsIdentModule(None,List(react-apollo, ApolloConsumer)) [id => react-apollo, phase => typescript] 
[info ] Phase1ReadTypescript.scala:171 Preprocessing TsHelperFile(InFile(/home/tso/tmp/tso-cache/npm/node_modules/react-apollo/ApolloContext.d.ts),FromFolder(InFolder(/home/tso/tmp/tso-cache/npm/node_modules/react-apollo),TsIdentLibrarySimple(react-apollo)),TsIdentModule(None,List(react-apollo, ApolloContext))) [id => react-apollo, phase => typescript] 
[info ] InferredDefaultModule.scala:39 Inferred module TsIdentModule(None,List(react-apollo, ApolloContext)) [id => react-apollo, phase => typescript] 
[info ] Phase1ReadTypescript.scala:171 Preprocessing TsHelperFile(InFile(/home/tso/tmp/tso-cache/npm/node_modules/react-apollo/ApolloProvider.d.ts),FromFolder(InFolder(/home/tso/tmp/tso-cache/npm/node_modules/react-apollo),TsIdentLibrarySimple(react-apollo)),TsIdentModule(None,List(react-apollo, ApolloProvider))) [id => react-apollo, phase => typescript] 
[info ] InferredDefaultModule.scala:39 Inferred module TsIdentModule(None,List(react-apollo, ApolloProvider)) [id => react-apollo, phase => typescript] 
[info ] Phase1ReadTypescript.scala:171 Preprocessing TsHelperFile(InFile(/home/tso/tmp/tso-cache/npm/node_modules/react-apollo/Mutation.d.ts),FromFolder(InFolder(/home/tso/tmp/tso-cache/npm/node_modules/react-apollo),TsIdentLibrarySimple(react-apollo)),TsIdentModule(None,List(react-apollo, Mutation))) [id => react-apollo, phase => typescript] 
[info ] InferredDefaultModule.scala:39 Inferred module TsIdentModule(None,List(react-apollo, Mutation)) [id => react-apollo, phase => typescript] 
[info ] Phase1ReadTypescript.scala:171 Preprocessing TsHelperFile(InFile(/home/tso/tmp/tso-cache/npm/node_modules/react-apollo/Query.d.ts),FromFolder(InFolder(/home/tso/tmp/tso-cache/npm/node_modules/react-apollo),TsIdentLibrarySimple(react-apollo)),TsIdentModule(None,List(react-apollo, Query))) [id => react-apollo, phase => typescript] 
[info ] InferredDefaultModule.scala:39 Inferred module TsIdentModule(None,List(react-apollo, Query)) [id => react-apollo, phase => typescript] 
[info ] Phase1ReadTypescript.scala:171 Preprocessing TsHelperFile(InFile(/home/tso/tmp/tso-cache/npm/node_modules/react-apollo/Subscriptions.d.ts),FromFolder(InFolder(/home/tso/tmp/tso-cache/npm/node_modules/react-apollo),TsIdentLibrarySimple(react-apollo)),TsIdentModule(None,List(react-apollo, Subscriptions))) [id => react-apollo, phase => typescript] 
[info ] InferredDefaultModule.scala:39 Inferred module TsIdentModule(None,List(react-apollo, Subscriptions)) [id => react-apollo, phase => typescript] 
[info ] Phase1ReadTypescript.scala:171 Preprocessing TsHelperFile(InFile(/home/tso/tmp/tso-cache/npm/node_modules/react-apollo/getDataFromTree.d.ts),FromFolder(InFolder(/home/tso/tmp/tso-cache/npm/node_modules/react-apollo),TsIdentLibrarySimple(react-apollo)),TsIdentModule(None,List(react-apollo, getDataFromTree))) [id => react-apollo, phase => typescript] 
[info ] InferredDefaultModule.scala:39 Inferred module TsIdentModule(None,List(react-apollo, getDataFromTree)) [id => react-apollo, phase => typescript] 
[info ] Phase1ReadTypescript.scala:171 Preprocessing TsHelperFile(InFile(/home/tso/tmp/tso-cache/npm/node_modules/react-apollo/graphql.d.ts),FromFolder(InFolder(/home/tso/tmp/tso-cache/npm/node_modules/react-apollo),TsIdentLibrarySimple(react-apollo)),TsIdentModule(None,List(react-apollo, graphql))) [id => react-apollo, phase => typescript] 
[info ] InferredDefaultModule.scala:39 Inferred module TsIdentModule(None,List(react-apollo, graphql)) [id => react-apollo, phase => typescript] 
[info ] Phase1ReadTypescript.scala:171 Preprocessing TsHelperFile(InFile(/home/tso/tmp/tso-cache/npm/node_modules/react-apollo/index.d.ts),FromFolder(InFolder(/home/tso/tmp/tso-cache/npm/node_modules/react-apollo),TsIdentLibrarySimple(react-apollo)),TsIdentModule(None,List(react-apollo))) [id => react-apollo, phase => typescript] 
[info ] InferredDefaultModule.scala:39 Inferred module TsIdentModule(None,List(react-apollo)) [id => react-apollo, phase => typescript] 
[info ] Phase1ReadTypescript.scala:171 Preprocessing TsHelperFile(InFile(/home/tso/tmp/tso-cache/npm/node_modules/react-apollo/mutation-hoc.d.ts),FromFolder(InFolder(/home/tso/tmp/tso-cache/npm/node_modules/react-apollo),TsIdentLibrarySimple(react-apollo)),TsIdentModule(None,List(react-apollo, mutation-hoc))) [id => react-apollo, phase => typescript] 
[info ] InferredDefaultModule.scala:39 Inferred module TsIdentModule(None,List(react-apollo, mutation-hoc)) [id => react-apollo, phase => typescript] 
[info ] Phase1ReadTypescript.scala:171 Preprocessing TsHelperFile(InFile(/home/tso/tmp/tso-cache/npm/node_modules/react-apollo/query-hoc.d.ts),FromFolder(InFolder(/home/tso/tmp/tso-cache/npm/node_modules/react-apollo),TsIdentLibrarySimple(react-apollo)),TsIdentModule(None,List(react-apollo, query-hoc))) [id => react-apollo, phase => typescript] 
[info ] InferredDefaultModule.scala:39 Inferred module TsIdentModule(None,List(react-apollo, query-hoc)) [id => react-apollo, phase => typescript] 
[info ] Phase1ReadTypescript.scala:171 Preprocessing TsHelperFile(InFile(/home/tso/tmp/tso-cache/npm/node_modules/react-apollo/renderToStringWithData.d.ts),FromFolder(InFolder(/home/tso/tmp/tso-cache/npm/node_modules/react-apollo),TsIdentLibrarySimple(react-apollo)),TsIdentModule(None,List(react-apollo, renderToStringWithData))) [id => react-apollo, phase => typescript] 
[info ] InferredDefaultModule.scala:39 Inferred module TsIdentModule(None,List(react-apollo, renderToStringWithData)) [id => react-apollo, phase => typescript] 
[info ] Phase1ReadTypescript.scala:171 Preprocessing TsHelperFile(InFile(/home/tso/tmp/tso-cache/npm/node_modules/react-apollo/subscription-hoc.d.ts),FromFolder(InFolder(/home/tso/tmp/tso-cache/npm/node_modules/react-apollo),TsIdentLibrarySimple(react-apollo)),TsIdentModule(None,List(react-apollo, subscription-hoc))) [id => react-apollo, phase => typescript] 
[info ] InferredDefaultModule.scala:39 Inferred module TsIdentModule(None,List(react-apollo, subscription-hoc)) [id => react-apollo, phase => typescript] 
[info ] Phase1ReadTypescript.scala:171 Preprocessing TsHelperFile(InFile(/home/tso/tmp/tso-cache/npm/node_modules/react-apollo/types.d.ts),FromFolder(InFolder(/home/tso/tmp/tso-cache/npm/node_modules/react-apollo),TsIdentLibrarySimple(react-apollo)),TsIdentModule(None,List(react-apollo, types))) [id => react-apollo, phase => typescript] 
[info ] InferredDefaultModule.scala:39 Inferred module TsIdentModule(None,List(react-apollo, types)) [id => react-apollo, phase => typescript] 
[info ] Phase1ReadTypescript.scala:171 Preprocessing TsHelperFile(InFile(/home/tso/tmp/tso-cache/npm/node_modules/react-apollo/utils/flowRight.d.ts),FromFolder(InFolder(/home/tso/tmp/tso-cache/npm/node_modules/react-apollo),TsIdentLibrarySimple(react-apollo)),TsIdentModule(None,List(react-apollo, utils, flowRight))) [id => react-apollo, phase => typescript] 
[info ] InferredDefaultModule.scala:39 Inferred module TsIdentModule(None,List(react-apollo, utils, flowRight)) [id => react-apollo, phase => typescript] 
[info ] Phase1ReadTypescript.scala:171 Preprocessing TsHelperFile(InFile(/home/tso/tmp/tso-cache/npm/node_modules/react-apollo/withApollo.d.ts),FromFolder(InFolder(/home/tso/tmp/tso-cache/npm/node_modules/react-apollo),TsIdentLibrarySimple(react-apollo)),TsIdentModule(None,List(react-apollo, withApollo))) [id => react-apollo, phase => typescript] 
[info ] InferredDefaultModule.scala:39 Inferred module TsIdentModule(None,List(react-apollo, withApollo)) [id => react-apollo, phase => typescript] 
[warn ] Phase1ReadTypescript.scala:189 Processing TsIdentLibrarySimple(react-apollo) [id => react-apollo, phase => typescript] 
[info ] PreferTypeAlias.scala:55 Simplified to type alias [id => react-apollo, phase => typescript, scope => TreeScope(TsParsedFile() / TsDeclModule(react-apollo/types) / TsDeclInterface(GraphqlQueryControls))] 
[info ] ExtractInterfaces.scala:41 Extracted anonymous interface TsIdentSimple(Anon_Query) [id => react-apollo, phase => typescript, scope => TreeScope(TsParsedFile() / TsDeclModule(react-apollo/ApolloContext) / TsDeclInterface(ApolloContextValue) / TsMemberProperty(operations) / TsTypeRef() / TsTypeObject())] 
[info ] ExtractInterfaces.scala:41 Extracted anonymous interface TsIdentSimple(Anon_Children) [id => react-apollo, phase => typescript, scope => TreeScope(TsParsedFile() / TsDeclModule(react-apollo/ApolloProvider) / TsDeclClass(default) / TsMemberProperty(propTypes) / TsTypeObject())] 
[info ] ExtractInterfaces.scala:41 Extracted anonymous interface TsIdentSimple(Anon_Client) [id => react-apollo, phase => typescript, scope => TreeScope(TsParsedFile() / TsDeclModule(react-apollo/ApolloProvider) / TsDeclClass(default) / TsMemberProperty(childContextTypes) / TsTypeObject())] 
[info ] ExtractInterfaces.scala:41 Extracted anonymous interface TsIdentSimple(Anon_ClientOperations) [id => react-apollo, phase => typescript, scope => TreeScope(TsParsedFile() / TsDeclModule(react-apollo/ApolloProvider) / TsDeclInterface(ApolloProvider) / TsMemberFunction(getChildContext) / TsFunSig() / TsTypeObject())] 
[info ] ExtractInterfaces.scala:41 Extracted anonymous interface TsIdentSimple(Anon_Query) [id => react-apollo, phase => typescript, scope => TreeScope(TsParsedFile() / TsDeclModule(react-apollo/Mutation) / TsDeclInterface(MutationContext) / TsMemberProperty(operations) / TsTypeRef() / TsTypeObject())] 
[info ] ExtractInterfaces.scala:41 Extracted anonymous interface TsIdentSimple(Anon_Context) [id => react-apollo, phase => typescript, scope => TreeScope(TsParsedFile() / TsDeclModule(react-apollo/Mutation) / TsDeclTypeAlias(FetchResult) / TsTypeIntersect() / TsTypeObject())] 
[info ] ExtractInterfaces.scala:41 Extracted anonymous interface TsIdentSimple(Anon_ClientOperationsObject) [id => react-apollo, phase => typescript, scope => TreeScope(TsParsedFile() / TsDeclModule(react-apollo/Mutation) / TsDeclClass(default) / TsMemberProperty(contextTypes) / TsTypeObject())] 
[info ] ExtractInterfaces.scala:41 Extracted anonymous interface TsIdentSimple(Anon_Args) [id => react-apollo, phase => typescript, scope => TreeScope(TsParsedFile() / TsDeclModule(react-apollo/Mutation) / TsDeclClass(default) / TsMemberProperty(propTypes) / TsTypeObject())] 
[info ] ExtractInterfaces.scala:41 Extracted anonymous interface TsIdentSimple(Anon_QueryDocumentNode) [id => react-apollo, phase => typescript, scope => TreeScope(TsParsedFile() / TsDeclModule(react-apollo/Query) / TsDeclTypeAlias(ObservableQueryFields) / TsTypeIntersect() / TsTypeObject() / TsMemberProperty(fetchMore) / TsTypeIntersect() / TsTypeFunction() / TsFunSig() / TsFunParam() / TsTypeIntersect() / TsTypeObject())] 
[info ] ExtractInterfaces.scala:41 Extracted anonymous interface TsIdentSimple(Anon_FetchMore) [id => react-apollo, phase => typescript, scope => TreeScope(TsParsedFile() / TsDeclModule(react-apollo/Query) / TsDeclTypeAlias(ObservableQueryFields) / TsTypeIntersect() / TsTypeObject())] 
[info ] ExtractInterfaces.scala:41 Extracted anonymous interface TsIdentSimple(Anon_Query) [id => react-apollo, phase => typescript, scope => TreeScope(TsParsedFile() / TsDeclModule(react-apollo/Query) / TsDeclInterface(QueryContext) / TsMemberProperty(operations) / TsTypeRef() / TsTypeObject())] 
[info ] ExtractInterfaces.scala:41 Extracted anonymous interface TsIdentSimple(Anon_ClientOperationsRenderPromises) [id => react-apollo, phase => typescript, scope => TreeScope(TsParsedFile() / TsDeclModule(react-apollo/Query) / TsDeclClass(default) / TsMemberProperty(contextTypes) / TsTypeObject())] 
[info ] ExtractInterfaces.scala:41 Extracted anonymous interface TsIdentSimple(Anon_ArgsChildren) [id => react-apollo, phase => typescript, scope => TreeScope(TsParsedFile() / TsDeclModule(react-apollo/Query) / TsDeclClass(default) / TsMemberProperty(propTypes) / TsTypeObject())] 
[info ] ExtractInterfaces.scala:41 Extracted anonymous interface TsIdentSimple(Anon_ClientObject) [id => react-apollo, phase => typescript, scope => TreeScope(TsParsedFile() / TsDeclModule(react-apollo/Subscriptions) / TsDeclClass(default) / TsMemberProperty(contextTypes) / TsTypeObject())] 
[info ] ExtractInterfaces.scala:41 Extracted anonymous interface TsIdentSimple(Anon_ArgsChildrenOnSubscriptionComplete) [id => react-apollo, phase => typescript, scope => TreeScope(TsParsedFile() / TsDeclModule(react-apollo/Subscriptions) / TsDeclClass(default) / TsMemberProperty(propTypes) / TsTypeObject())] 
[info ] ExtractInterfaces.scala:41 Extracted anonymous interface TsIdentSimple(Anon_Children) [id => react-apollo, phase => typescript, scope => TreeScope(TsParsedFile() / TsDeclModule(react-apollo) / TsDeclClass(ApolloProvider) / TsMemberProperty(propTypes) / TsTypeObject())] 
[info ] ExtractInterfaces.scala:41 Extracted anonymous interface TsIdentSimple(Anon_Client) [id => react-apollo, phase => typescript, scope => TreeScope(TsParsedFile() / TsDeclModule(react-apollo) / TsDeclClass(ApolloProvider) / TsMemberProperty(childContextTypes) / TsTypeObject())] 
[info ] ExtractInterfaces.scala:41 Extracted anonymous interface TsIdentSimple(Anon_ClientOperationsRenderPromises) [id => react-apollo, phase => typescript, scope => TreeScope(TsParsedFile() / TsDeclModule(react-apollo) / TsDeclClass(Query) / TsMemberProperty(contextTypes) / TsTypeObject())] 
[info ] ExtractInterfaces.scala:41 Extracted anonymous interface TsIdentSimple(Anon_ArgsChildren) [id => react-apollo, phase => typescript, scope => TreeScope(TsParsedFile() / TsDeclModule(react-apollo) / TsDeclClass(Query) / TsMemberProperty(propTypes) / TsTypeObject())] 
[info ] ExtractInterfaces.scala:41 Extracted anonymous interface TsIdentSimple(Anon_ClientOperationsObject) [id => react-apollo, phase => typescript, scope => TreeScope(TsParsedFile() / TsDeclModule(react-apollo) / TsDeclClass(Mutation) / TsMemberProperty(contextTypes) / TsTypeObject())] 
[info ] ExtractInterfaces.scala:41 Extracted anonymous interface TsIdentSimple(Anon_Args) [id => react-apollo, phase => typescript, scope => TreeScope(TsParsedFile() / TsDeclModule(react-apollo) / TsDeclClass(Mutation) / TsMemberProperty(propTypes) / TsTypeObject())] 
[info ] ExtractInterfaces.scala:41 Extracted anonymous interface TsIdentSimple(Anon_ClientObject) [id => react-apollo, phase => typescript, scope => TreeScope(TsParsedFile() / TsDeclModule(react-apollo) / TsDeclClass(Subscription) / TsMemberProperty(contextTypes) / TsTypeObject())] 
[info ] ExtractInterfaces.scala:41 Extracted anonymous interface TsIdentSimple(Anon_ArgsChildrenOnSubscriptionComplete) [id => react-apollo, phase => typescript, scope => TreeScope(TsParsedFile() / TsDeclModule(react-apollo) / TsDeclClass(Subscription) / TsMemberProperty(propTypes) / TsTypeObject())] 
[info ] ExtractInterfaces.scala:41 Extracted anonymous interface TsIdentSimple(Anon_OwnProps) [id => react-apollo, phase => typescript, scope => TreeScope(TsParsedFile() / TsDeclModule(react-apollo/types) / TsDeclTypeAlias(NamedProps) / TsTypeIntersect() / TsTypeObject())] 
[info ] ExtractInterfaces.scala:41 Extracted anonymous interface TsIdentSimple(Anon_ClientAny) [id => react-apollo, phase => typescript, scope => TreeScope(TsParsedFile() / TsDeclModule(react-apollo/withApollo) / TsDeclTypeAlias(WithApolloClient) / TsTypeIntersect() / TsTypeObject())] 
[debug] PhaseRunner.scala:84 Success [id => react-apollo, phase => typescript] 
[warn ] Phase2ToScalaJs.scala:42 Processing react-apollo [id => react-apollo, phase => scala.js] 
[debug] PhaseRunner.scala:84 Success [id => react-apollo, phase => scala.js] 
[warn ] Phase3CompileBloop.scala:245 Built react-apollo in 1339 ms [id => react-apollo, phase => build] 
[info ] Phase3CompileBloop.scala:253 published local, [/home/tso/.ivy2/local/org.scalablytyped/react-apollo_sjs0.6_2.12/2.5.6-eb1744/jars/react-apollo_sjs0.6_2.12.jar, /home/tso/.ivy2/local/org.scalablytyped/react-apollo_sjs0.6_2.12/2.5.6-eb1744/srcs/react-apollo_sjs0.6_2.12-sources.jar, /home/tso/.ivy2/local/org.scalablytyped/react-apollo_sjs0.6_2.12/2.5.6-eb1744/ivys/ivy.xml, /home/tso/.ivy2/local/org.scalablytyped/react-apollo_sjs0.6_2.12/2.5.6-eb1744/poms/react-apollo_sjs0.6_2.12.pom] [id => react-apollo, phase => build] 
[debug] PhaseRunner.scala:84 Success [id => react-apollo, phase => build] 
[warn ] PhaseRunner.scala:70 Failed because of, [apollo-client => java.util.concurrent.ExecutionException: dispatch.StatusCode: Unexpected response status: 405] [id => react-apollo, phase => publish] 
[error] PhaseRunner.scala:88 Failure, [apollo-client => java.util.concurrent.ExecutionException: dispatch.StatusCode: Unexpected response status: 405] [id => react-apollo, phase => publish] 
