[info ] InferredDependency.scala:20 Inferred dependencies Set(TsIdentLibrarySimple(react)) for TsIdentLibrarySimple(react-native-elements) [id => react-native-elements, phase => typescript, file => ../react-native-elements/src/index.d.ts] 
[debug] PhaseRunner.scala:82 Success [id => react-native-elements, phase => typescript] 
[info ] Phase1ReadTypescript.scala:160 Preprocessing TsHelperFile(InFile(/home/tso/tmp/tso-cache/npm/node_modules/react-native-elements/src/index.d.ts),FromFolder(InFolder(/home/tso/tmp/tso-cache/npm/node_modules/react-native-elements),TsIdentLibrarySimple(react-native-elements)),TsIdentModule(None,List(react-native-elements))) [id => react-native-elements, phase => typescript] 
[info ] InferredDefaultModule.scala:39 Inferred module TsIdentModule(None,List(react-native-elements)) [id => react-native-elements, phase => typescript] 
[warn ] Phase1ReadTypescript.scala:200 Processing TsIdentLibrarySimple(react-native-elements) [id => react-native-elements, phase => typescript] 
[warn ] QualifyReferences.scala:32 Couldn't qualify SearchBarWrapper [id => react-native-elements, phase => typescript, scope => TreeScope(TsParsedFile() / TsDeclTypeAlias(SearchBarProps) / TsTypeIntersect() / TsTypeRef())] 
[warn ] QualifyReferences.scala:32 Couldn't qualify SearchBarBase [id => react-native-elements, phase => typescript, scope => TreeScope(TsParsedFile() / TsDeclTypeAlias(SearchBarProps) / TsTypeIntersect() / TsTypeRef())] 
[warn ] QualifyReferences.scala:32 Couldn't qualify SearchBarPlatform [id => react-native-elements, phase => typescript, scope => TreeScope(TsParsedFile() / TsDeclTypeAlias(SearchBarProps) / TsTypeIntersect() / TsTypeRef())] 
[warn ] QualifyReferences.scala:32 Couldn't qualify SearchBarDefault [id => react-native-elements, phase => typescript, scope => TreeScope(TsParsedFile() / TsDeclTypeAlias(SearchBarProps) / TsTypeIntersect() / TsTypeRef())] 
[warn ] QualifyReferences.scala:32 Couldn't qualify SearchBarIOS [id => react-native-elements, phase => typescript, scope => TreeScope(TsParsedFile() / TsDeclTypeAlias(SearchBarProps) / TsTypeIntersect() / TsTypeRef())] 
[warn ] QualifyReferences.scala:32 Couldn't qualify SearchBarAndroid [id => react-native-elements, phase => typescript, scope => TreeScope(TsParsedFile() / TsDeclTypeAlias(SearchBarProps) / TsTypeIntersect() / TsTypeRef())] 
[warn ] QualifyReferences.scala:32 Couldn't qualify TextProperties [id => react-native-elements, phase => typescript, scope => TreeScope(TsParsedFile() / TsDeclModule(react-native-elements) / TsExport() / TsExporteeTree() / TsDeclInterface(TextProps) / TsTypeRef())] 
[warn ] QualifyReferences.scala:32 Couldn't qualify ImageProperties [id => react-native-elements, phase => typescript, scope => TreeScope(TsParsedFile() / TsDeclModule(react-native-elements) / TsExport() / TsExporteeTree() / TsDeclInterface(AvatarProps) / TsMemberProperty(imageProps) / TsTypeRef() / TsTypeRef())] 
[warn ] QualifyReferences.scala:32 Couldn't qualify TextProperties [id => react-native-elements, phase => typescript, scope => TreeScope(TsParsedFile() / TsDeclModule(react-native-elements) / TsExport() / TsExporteeTree() / TsDeclInterface(ButtonProps) / TsMemberProperty(titleProps) / TsTypeRef())] 
[warn ] QualifyReferences.scala:32 Couldn't qualify ActivityIndicatorProperties [id => react-native-elements, phase => typescript, scope => TreeScope(TsParsedFile() / TsDeclModule(react-native-elements) / TsExport() / TsExporteeTree() / TsDeclInterface(ButtonProps) / TsMemberProperty(loadingProps) / TsTypeRef())] 
[warn ] QualifyReferences.scala:32 Couldn't qualify ImageProperties [id => react-native-elements, phase => typescript, scope => TreeScope(TsParsedFile() / TsDeclModule(react-native-elements) / TsExport() / TsExporteeTree() / TsDeclInterface(CardProps) / TsMemberProperty(imageProps) / TsTypeRef() / TsTypeRef())] 
[warn ] QualifyReferences.scala:32 Couldn't qualify TextProperties [id => react-native-elements, phase => typescript, scope => TreeScope(TsParsedFile() / TsDeclModule(react-native-elements) / TsExport() / TsExporteeTree() / TsDeclInterface(CheckBoxProps) / TsMemberProperty(titleProps) / TsTypeRef() / TsTypeRef())] 
[warn ] QualifyReferences.scala:32 Couldn't qualify ViewProperties [id => react-native-elements, phase => typescript, scope => TreeScope(TsParsedFile() / TsDeclModule(react-native-elements) / TsExport() / TsExporteeTree() / TsDeclInterface(DividerProps) / TsTypeRef())] 
[warn ] QualifyReferences.scala:32 Couldn't qualify TextInputProperties [id => react-native-elements, phase => typescript, scope => TreeScope(TsParsedFile() / TsDeclModule(react-native-elements) / TsExport() / TsExporteeTree() / TsDeclInterface(InputProps) / TsTypeRef())] 
[warn ] QualifyReferences.scala:32 Couldn't qualify ViewProperties [id => react-native-elements, phase => typescript, scope => TreeScope(TsParsedFile() / TsDeclModule(react-native-elements) / TsExport() / TsExporteeTree() / TsDeclInterface(HeaderProps) / TsTypeRef())] 
[warn ] QualifyReferences.scala:32 Couldn't qualify StatusBarProperties [id => react-native-elements, phase => typescript, scope => TreeScope(TsParsedFile() / TsDeclModule(react-native-elements) / TsExport() / TsExporteeTree() / TsDeclInterface(HeaderProps) / TsMemberProperty(statusBarProps) / TsTypeRef())] 
[warn ] QualifyReferences.scala:32 Couldn't qualify TextProperties [id => react-native-elements, phase => typescript, scope => TreeScope(TsParsedFile() / TsDeclModule(react-native-elements) / TsExport() / TsExporteeTree() / TsDeclInterface(ListItemProps) / TsMemberProperty(titleProps) / TsTypeRef())] 
[warn ] QualifyReferences.scala:32 Couldn't qualify TextProperties [id => react-native-elements, phase => typescript, scope => TreeScope(TsParsedFile() / TsDeclModule(react-native-elements) / TsExport() / TsExporteeTree() / TsDeclInterface(ListItemProps) / TsMemberProperty(subtitleProps) / TsTypeRef())] 
[warn ] QualifyReferences.scala:32 Couldn't qualify TextProperties [id => react-native-elements, phase => typescript, scope => TreeScope(TsParsedFile() / TsDeclModule(react-native-elements) / TsExport() / TsExporteeTree() / TsDeclInterface(ListItemProps) / TsMemberProperty(rightTitleProps) / TsTypeRef())] 
[warn ] QualifyReferences.scala:32 Couldn't qualify TextProperties [id => react-native-elements, phase => typescript, scope => TreeScope(TsParsedFile() / TsDeclModule(react-native-elements) / TsExport() / TsExporteeTree() / TsDeclInterface(ListItemProps) / TsMemberProperty(rightSubtitleProps) / TsTypeRef())] 
[warn ] QualifyReferences.scala:32 Couldn't qualify SwitchProperties [id => react-native-elements, phase => typescript, scope => TreeScope(TsParsedFile() / TsDeclModule(react-native-elements) / TsExport() / TsExporteeTree() / TsDeclInterface(ListItemProps) / TsMemberProperty(switch) / TsTypeRef())] 
[warn ] QualifyReferences.scala:32 Couldn't qualify TextInputProperties [id => react-native-elements, phase => typescript, scope => TreeScope(TsParsedFile() / TsDeclModule(react-native-elements) / TsExport() / TsExporteeTree() / TsDeclInterface(SearchBarBase) / TsTypeRef())] 
[warn ] QualifyReferences.scala:32 Couldn't qualify ActivityIndicatorProperties [id => react-native-elements, phase => typescript, scope => TreeScope(TsParsedFile() / TsDeclModule(react-native-elements) / TsExport() / TsExporteeTree() / TsDeclInterface(SearchBarBase) / TsMemberProperty(loadingProps) / TsTypeRef())] 
[warn ] QualifyReferences.scala:32 Couldn't qualify ImageProperties [id => react-native-elements, phase => typescript, scope => TreeScope(TsParsedFile() / TsDeclModule(react-native-elements) / TsExport() / TsExporteeTree() / TsDeclInterface(ImageProps) / TsTypeRef())] 
[warn ] SimplifyRecursiveTypeAlias.scala:14 Simplified recursive type alias react-native-elements.RecursivePartial<T[P]> [id => react-native-elements, phase => typescript, scope => TreeScope(TsParsedFile() / TsDeclTypeAlias(RecursivePartial) / TsTypeObject() / TsMemberTypeMapped() / TsTypeRef())] 
[info ] PreferTypeAlias.scala:45 Simplified to type alias [id => react-native-elements, phase => typescript, scope => TreeScope(TsParsedFile() / TsDeclModule(react-native-elements) / TsDeclInterface(DividerProps))] 
[info ] ExpandCallables.scala:51 Expanded updateTheme into 1 methods [id => react-native-elements, phase => typescript, scope => TreeScope(TsParsedFile() / TsDeclModule(react-native-elements) / TsDeclInterface(ThemeProps))] 
[info ] ExpandCallables.scala:51 Expanded updateTheme into 1 methods [id => react-native-elements, phase => typescript, scope => TreeScope(TsParsedFile() / TsDeclModule(react-native-elements) / TsDeclClass(ThemeProvider))] 
[info ] ExtractInterfaces.scala:37 Extracted anonymous interface TsIdentSimple(Anon_Bottom) [id => react-native-elements, phase => typescript, scope => TreeScope(TsParsedFile() / TsDeclModule(react-native-elements) / TsDeclFunction(withBadge) / TsFunSig() / TsFunParam() / TsTypeIntersect() / TsTypeObject())] 
[info ] ExtractInterfaces.scala:37 Extracted anonymous interface TsIdentSimple(Anon_Bottom) [id => react-native-elements, phase => typescript, scope => TreeScope(TsParsedFile() / TsDeclModule(react-native-elements) / TsDeclFunction(withBadge) / TsFunSig() / TsFunParam() / TsTypeIntersect() / TsTypeObject())] 
[info ] ExtractInterfaces.scala:37 Extracted anonymous interface TsIdentSimple(Anon_ButtonDisabledStyle) [id => react-native-elements, phase => typescript, scope => TreeScope(TsParsedFile() / TsDeclModule(react-native-elements) / TsDeclInterface(SearchBarIOS) / TsMemberProperty(cancelButtonProps) / TsTypeIntersect() / TsTypeObject())] 
[info ] ExtractInterfaces.scala:37 Extracted anonymous interface TsIdentSimple(Anon_Height) [id => react-native-elements, phase => typescript, scope => TreeScope(TsParsedFile() / TsDeclModule(react-native-elements) / TsDeclInterface(SliderProps) / TsMemberProperty(thumbTouchSize) / TsTypeObject())] 
[info ] ExtractInterfaces.scala:37 Extracted anonymous interface TsIdentSimple(Anon_Error) [id => react-native-elements, phase => typescript, scope => TreeScope(TsParsedFile() / TsDeclModule(react-native-elements) / TsDeclInterface(Colors) / TsMemberProperty(platform) / TsTypeObject() / TsMemberProperty(ios) / TsTypeObject())] 
[info ] ExtractInterfaces.scala:37 Extracted anonymous interface TsIdentSimple(Anon_Error) [id => react-native-elements, phase => typescript, scope => TreeScope(TsParsedFile() / TsDeclModule(react-native-elements) / TsDeclInterface(Colors) / TsMemberProperty(platform) / TsTypeObject() / TsMemberProperty(android) / TsTypeObject())] 
[info ] ExtractInterfaces.scala:37 Extracted anonymous interface TsIdentSimple(Anon_Android) [id => react-native-elements, phase => typescript, scope => TreeScope(TsParsedFile() / TsDeclModule(react-native-elements) / TsDeclInterface(Colors) / TsMemberProperty(platform) / TsTypeObject())] 
[debug] PhaseRunner.scala:82 Success [id => react-native-elements, phase => typescript] 
[warn ] Phase2ToScalaJs.scala:40 Processing react-native-elements [id => react-native-elements, phase => scala.js] 
[info ] RemoveMultipleInheritance.scala:43 Dropped parents 
- reactDashNativeLib.reactDashNativeMod.TouchableNativeFeedbackProps because var conflicts: accessibilityComponentType, accessibilityElementsHidden, accessibilityHint, accessibilityIgnoresInvertColors, accessibilityLabel, accessibilityLiveRegion, accessibilityRole, accessibilityStates, accessibilityTraits, accessible, delayLongPress, delayPressIn, delayPressOut, disabled, hitSlop, importantForAccessibility, onAccessibilityTap, onLayout, onLongPress, onMagicTap, onPress, onPressIn, onPressOut, pressRetentionOffset, style, testID. Inlined background, useForeground [id => react-native-elements, phase => scala.js, this => Name(reactDashNativeDashElementsLib) / Name(reactDashNativeDashElementsMod) / Name(ButtonProps)] 
[debug] PhaseRunner.scala:82 Success [id => react-native-elements, phase => scala.js] 
[error] unknown file:-1 bad option: -P:scalajs:sjsDefinedByDefault,  [id => react-native-elements, phase => build] 
[error] PhaseRunner.scala:86 Failure, [react-native-elements => Compilation failed] [id => react-native-elements, phase => build] 
[error] PhaseRunner.scala:86 Failure, [react-native-elements => Compilation failed] [id => react-native-elements, phase => publish] 
