[info ] InferredDependency.scala:20 Inferred dependencies Set(TsIdentLibrarySimple(react)) for TsIdentLibrarySimple(react-virtualized-select) [id => react-virtualized-select, phase => typescript, file => ../types/react-virtualized-select/index.d.ts] 
[debug] PhaseRunner.scala:78 Success [id => react-virtualized-select, phase => typescript] 
[info ] Phase1ReadTypescript.scala:152 Preprocessing TsHelperFile(InFile(/home/tso/tmp/tso-cache/DefinitelyTyped/types/react-virtualized-select/index.d.ts),FromFolder(InFolder(/home/tso/tmp/tso-cache/DefinitelyTyped/types/react-virtualized-select),TsIdentLibrarySimple(react-virtualized-select)),TsIdentModule(None,List(react-virtualized-select))) [id => react-virtualized-select, phase => typescript] 
[info ] InferredDefaultModule.scala:39 Inferred module TsIdentModule(None,List(react-virtualized-select)) [id => react-virtualized-select, phase => typescript] 
[warn ] Phase1ReadTypescript.scala:190 Processing TsIdentLibrarySimple(react-virtualized-select) [id => react-virtualized-select, phase => typescript] 
[warn ] QualifyReferences.scala:47 Couldn't qualify TsTypeRef(TsQIdent(List(TsIdentSimple(OptionValues))),List()), defaulting to any [id => react-virtualized-select, phase => typescript, scope => TreeScope(TsParsedFile() / TsDeclTypeAlias(VirtualizedSelectProps) / TsTypeParam() / TsTypeRef())] 
[warn ] QualifyReferences.scala:47 Couldn't qualify TsTypeRef(TsQIdent(List(TsIdentSimple(ReactCreatableSelectProps))),List(TsTypeRef(TsQIdent(List(TsIdentSimple(TValue))),List()))), defaulting to any [id => react-virtualized-select, phase => typescript, scope => TreeScope(TsParsedFile() / TsDeclTypeAlias(VirtualizedSelectProps) / TsTypeIntersect() / TsTypeUnion() / TsTypeIntersect() / TsTypeRef())] 
[warn ] QualifyReferences.scala:47 Couldn't qualify TsTypeRef(TsQIdent(List(TsIdentSimple(ReactAsyncSelectProps))),List(TsTypeRef(TsQIdent(List(TsIdentSimple(TValue))),List()))), defaulting to any [id => react-virtualized-select, phase => typescript, scope => TreeScope(TsParsedFile() / TsDeclTypeAlias(VirtualizedSelectProps) / TsTypeIntersect() / TsTypeUnion() / TsTypeIntersect() / TsTypeRef())] 
[warn ] QualifyReferences.scala:47 Couldn't qualify TsTypeRef(TsQIdent(List(TsIdentSimple(AdditionalVirtualizedSelectProps))),List(TsTypeRef(TsQIdent(List(TsIdentSimple(TValue))),List()))), defaulting to any [id => react-virtualized-select, phase => typescript, scope => TreeScope(TsParsedFile() / TsDeclTypeAlias(VirtualizedSelectProps) / TsTypeIntersect() / TsTypeUnion() / TsTypeIntersect() / TsTypeRef())] 
[warn ] QualifyReferences.scala:47 Couldn't qualify TsTypeRef(TsQIdent(List(TsIdentSimple(ReactCreatableSelectProps))),List(TsTypeRef(TsQIdent(List(TsIdentSimple(TValue))),List()))), defaulting to any [id => react-virtualized-select, phase => typescript, scope => TreeScope(TsParsedFile() / TsDeclTypeAlias(VirtualizedSelectProps) / TsTypeIntersect() / TsTypeUnion() / TsTypeRef())] 
[warn ] QualifyReferences.scala:47 Couldn't qualify TsTypeRef(TsQIdent(List(TsIdentSimple(ReactSelectProps))),List(TsTypeRef(TsQIdent(List(TsIdentSimple(TValue))),List()))), defaulting to any [id => react-virtualized-select, phase => typescript, scope => TreeScope(TsParsedFile() / TsDeclTypeAlias(VirtualizedSelectProps) / TsTypeIntersect() / TsTypeRef())] 
[warn ] QualifyReferences.scala:47 Couldn't qualify TsTypeRef(TsQIdent(List(TsIdentSimple(AdditionalVirtualizedSelectProps))),List(TsTypeRef(TsQIdent(List(TsIdentSimple(TValue))),List()))), defaulting to any [id => react-virtualized-select, phase => typescript, scope => TreeScope(TsParsedFile() / TsDeclTypeAlias(VirtualizedSelectProps) / TsTypeIntersect() / TsTypeRef())] 
[warn ] QualifyReferences.scala:47 Couldn't qualify TsTypeRef(TsQIdent(List(TsIdentSimple(OptionValues))),List()), defaulting to any [id => react-virtualized-select, phase => typescript, scope => TreeScope(TsParsedFile() / TsDeclModule(react-virtualized-select) / TsDeclClass(VirtualizedSelect) / TsTypeParam() / TsTypeRef())] 
[info ] PreferTypeAlias.scala:112 Simplified to type alias [id => react-virtualized-select, phase => typescript, scope => TreeScope(TsParsedFile() / TsDeclModule(react-virtualized-select) / TsDeclInterface(VirtualizedSelect))] 
[debug] DefaultedTParams.scala:29 Defaulting type parameter TsIdentSimple(S) at TreeScope(TsParsedFile() / TsDeclModule(react-virtualized-select) / TsDeclInterface(AdditionalVirtualizedSelectProps) / TsMemberProperty(selectComponent) / TsTypeUnion() / TsTypeRef()) [id => react-virtualized-select, phase => typescript, scope => TreeScope(TsParsedFile() / TsDeclModule(react-virtualized-select) / TsDeclInterface(AdditionalVirtualizedSelectProps) / TsMemberProperty(selectComponent) / TsTypeUnion() / TsTypeRef())] 
[debug] DefaultedTParams.scala:29 Defaulting type parameter TsIdentSimple(S) at TreeScope(TsParsedFile() / TsDeclModule(react-virtualized-select) / TsDeclTypeAlias(VirtualizedSelect) / TsTypeRef()) [id => react-virtualized-select, phase => typescript, scope => TreeScope(TsParsedFile() / TsDeclModule(react-virtualized-select) / TsDeclTypeAlias(VirtualizedSelect) / TsTypeRef())] 
[debug] DefaultedTParams.scala:29 Defaulting type parameter TsIdentSimple(SS) at TreeScope(TsParsedFile() / TsDeclModule(react-virtualized-select) / TsDeclTypeAlias(VirtualizedSelect) / TsTypeRef()) [id => react-virtualized-select, phase => typescript, scope => TreeScope(TsParsedFile() / TsDeclModule(react-virtualized-select) / TsDeclTypeAlias(VirtualizedSelect) / TsTypeRef())] 
[info ] ExtractInterfaces.scala:30 Extracted anonymous interface TsIdentSimple(Anon_Async) [id => react-virtualized-select, phase => typescript, scope => TreeScope(TsParsedFile() / TsDeclTypeAlias(VirtualizedSelectProps) / TsTypeIntersect() / TsTypeUnion() / TsTypeIntersect() / TsTypeObject())] 
[debug] PhaseRunner.scala:78 Success [id => react-virtualized-select, phase => typescript] 
[warn ] Phase2ToScalaJs.scala:34 Processing TsIdentLibrarySimple(react-virtualized-select) [id => react-virtualized-select, phase => scala.js] 
[debug] PhaseRunner.scala:78 Success [id => react-virtualized-select, phase => scala.js] 
[warn ] PhaseRunner.scala:64 Failed because of, [node => Compilation failed] [id => react-virtualized-select, phase => build] 
[debug] PhaseRunner.scala:82 Failure, [node => Compilation failed] [id => react-virtualized-select, phase => build] 
