[debug] PhaseRunner.scala:78 Success [id => react-native-indicators, phase => typescript] 
[info ] Phase1ReadTypescript.scala:152 Preprocessing TsHelperFile(InFile(/home/tso/tmp/tso-cache/DefinitelyTyped/types/react-native-indicators/index.d.ts),FromFolder(InFolder(/home/tso/tmp/tso-cache/DefinitelyTyped/types/react-native-indicators),TsIdentLibrarySimple(react-native-indicators)),TsIdentModule(None,List(react-native-indicators))) [id => react-native-indicators, phase => typescript] 
[info ] InferredDefaultModule.scala:39 Inferred module TsIdentModule(None,List(react-native-indicators)) [id => react-native-indicators, phase => typescript] 
[warn ] Phase1ReadTypescript.scala:190 Processing TsIdentLibrarySimple(react-native-indicators) [id => react-native-indicators, phase => typescript] 
[debug] DefaultedTParams.scala:29 Defaulting type parameter TsIdentSimple(S) at TreeScope(TsParsedFile() / TsDeclModule(react-native-indicators) / TsDeclClass(UIActivityIndicator) / TsTypeRef()) [id => react-native-indicators, phase => typescript, scope => TreeScope(TsParsedFile() / TsDeclModule(react-native-indicators) / TsDeclClass(UIActivityIndicator) / TsTypeRef())] 
[debug] DefaultedTParams.scala:29 Defaulting type parameter TsIdentSimple(SS) at TreeScope(TsParsedFile() / TsDeclModule(react-native-indicators) / TsDeclClass(UIActivityIndicator) / TsTypeRef()) [id => react-native-indicators, phase => typescript, scope => TreeScope(TsParsedFile() / TsDeclModule(react-native-indicators) / TsDeclClass(UIActivityIndicator) / TsTypeRef())] 
[debug] DefaultedTParams.scala:29 Defaulting type parameter TsIdentSimple(S) at TreeScope(TsParsedFile() / TsDeclModule(react-native-indicators) / TsDeclClass(BallIndicator) / TsTypeRef()) [id => react-native-indicators, phase => typescript, scope => TreeScope(TsParsedFile() / TsDeclModule(react-native-indicators) / TsDeclClass(BallIndicator) / TsTypeRef())] 
[debug] DefaultedTParams.scala:29 Defaulting type parameter TsIdentSimple(SS) at TreeScope(TsParsedFile() / TsDeclModule(react-native-indicators) / TsDeclClass(BallIndicator) / TsTypeRef()) [id => react-native-indicators, phase => typescript, scope => TreeScope(TsParsedFile() / TsDeclModule(react-native-indicators) / TsDeclClass(BallIndicator) / TsTypeRef())] 
[debug] DefaultedTParams.scala:29 Defaulting type parameter TsIdentSimple(S) at TreeScope(TsParsedFile() / TsDeclModule(react-native-indicators) / TsDeclClass(BarIndicator) / TsTypeRef()) [id => react-native-indicators, phase => typescript, scope => TreeScope(TsParsedFile() / TsDeclModule(react-native-indicators) / TsDeclClass(BarIndicator) / TsTypeRef())] 
[debug] DefaultedTParams.scala:29 Defaulting type parameter TsIdentSimple(SS) at TreeScope(TsParsedFile() / TsDeclModule(react-native-indicators) / TsDeclClass(BarIndicator) / TsTypeRef()) [id => react-native-indicators, phase => typescript, scope => TreeScope(TsParsedFile() / TsDeclModule(react-native-indicators) / TsDeclClass(BarIndicator) / TsTypeRef())] 
[debug] DefaultedTParams.scala:29 Defaulting type parameter TsIdentSimple(S) at TreeScope(TsParsedFile() / TsDeclModule(react-native-indicators) / TsDeclClass(DotIndicator) / TsTypeRef()) [id => react-native-indicators, phase => typescript, scope => TreeScope(TsParsedFile() / TsDeclModule(react-native-indicators) / TsDeclClass(DotIndicator) / TsTypeRef())] 
[debug] DefaultedTParams.scala:29 Defaulting type parameter TsIdentSimple(SS) at TreeScope(TsParsedFile() / TsDeclModule(react-native-indicators) / TsDeclClass(DotIndicator) / TsTypeRef()) [id => react-native-indicators, phase => typescript, scope => TreeScope(TsParsedFile() / TsDeclModule(react-native-indicators) / TsDeclClass(DotIndicator) / TsTypeRef())] 
[debug] DefaultedTParams.scala:29 Defaulting type parameter TsIdentSimple(S) at TreeScope(TsParsedFile() / TsDeclModule(react-native-indicators) / TsDeclClass(MaterialIndicator) / TsTypeRef()) [id => react-native-indicators, phase => typescript, scope => TreeScope(TsParsedFile() / TsDeclModule(react-native-indicators) / TsDeclClass(MaterialIndicator) / TsTypeRef())] 
[debug] DefaultedTParams.scala:29 Defaulting type parameter TsIdentSimple(SS) at TreeScope(TsParsedFile() / TsDeclModule(react-native-indicators) / TsDeclClass(MaterialIndicator) / TsTypeRef()) [id => react-native-indicators, phase => typescript, scope => TreeScope(TsParsedFile() / TsDeclModule(react-native-indicators) / TsDeclClass(MaterialIndicator) / TsTypeRef())] 
[debug] DefaultedTParams.scala:29 Defaulting type parameter TsIdentSimple(S) at TreeScope(TsParsedFile() / TsDeclModule(react-native-indicators) / TsDeclClass(PulseIndicator) / TsTypeRef()) [id => react-native-indicators, phase => typescript, scope => TreeScope(TsParsedFile() / TsDeclModule(react-native-indicators) / TsDeclClass(PulseIndicator) / TsTypeRef())] 
[debug] DefaultedTParams.scala:29 Defaulting type parameter TsIdentSimple(SS) at TreeScope(TsParsedFile() / TsDeclModule(react-native-indicators) / TsDeclClass(PulseIndicator) / TsTypeRef()) [id => react-native-indicators, phase => typescript, scope => TreeScope(TsParsedFile() / TsDeclModule(react-native-indicators) / TsDeclClass(PulseIndicator) / TsTypeRef())] 
[debug] DefaultedTParams.scala:29 Defaulting type parameter TsIdentSimple(S) at TreeScope(TsParsedFile() / TsDeclModule(react-native-indicators) / TsDeclClass(PacmanIndicator) / TsTypeRef()) [id => react-native-indicators, phase => typescript, scope => TreeScope(TsParsedFile() / TsDeclModule(react-native-indicators) / TsDeclClass(PacmanIndicator) / TsTypeRef())] 
[debug] DefaultedTParams.scala:29 Defaulting type parameter TsIdentSimple(SS) at TreeScope(TsParsedFile() / TsDeclModule(react-native-indicators) / TsDeclClass(PacmanIndicator) / TsTypeRef()) [id => react-native-indicators, phase => typescript, scope => TreeScope(TsParsedFile() / TsDeclModule(react-native-indicators) / TsDeclClass(PacmanIndicator) / TsTypeRef())] 
[debug] DefaultedTParams.scala:29 Defaulting type parameter TsIdentSimple(S) at TreeScope(TsParsedFile() / TsDeclModule(react-native-indicators) / TsDeclClass(SkypeIndicator) / TsTypeRef()) [id => react-native-indicators, phase => typescript, scope => TreeScope(TsParsedFile() / TsDeclModule(react-native-indicators) / TsDeclClass(SkypeIndicator) / TsTypeRef())] 
[debug] DefaultedTParams.scala:29 Defaulting type parameter TsIdentSimple(SS) at TreeScope(TsParsedFile() / TsDeclModule(react-native-indicators) / TsDeclClass(SkypeIndicator) / TsTypeRef()) [id => react-native-indicators, phase => typescript, scope => TreeScope(TsParsedFile() / TsDeclModule(react-native-indicators) / TsDeclClass(SkypeIndicator) / TsTypeRef())] 
[debug] DefaultedTParams.scala:29 Defaulting type parameter TsIdentSimple(S) at TreeScope(TsParsedFile() / TsDeclModule(react-native-indicators) / TsDeclClass(WaveIndicator) / TsTypeRef()) [id => react-native-indicators, phase => typescript, scope => TreeScope(TsParsedFile() / TsDeclModule(react-native-indicators) / TsDeclClass(WaveIndicator) / TsTypeRef())] 
[debug] DefaultedTParams.scala:29 Defaulting type parameter TsIdentSimple(SS) at TreeScope(TsParsedFile() / TsDeclModule(react-native-indicators) / TsDeclClass(WaveIndicator) / TsTypeRef()) [id => react-native-indicators, phase => typescript, scope => TreeScope(TsParsedFile() / TsDeclModule(react-native-indicators) / TsDeclClass(WaveIndicator) / TsTypeRef())] 
[debug] PhaseRunner.scala:78 Success [id => react-native-indicators, phase => typescript] 
[warn ] Phase2ToScalaJs.scala:34 Processing TsIdentLibrarySimple(react-native-indicators) [id => react-native-indicators, phase => scala.js] 
[debug] PhaseRunner.scala:78 Success [id => react-native-indicators, phase => scala.js] 
[warn ] PhaseRunner.scala:64 Failed because of, [react-native => Compilation failed] [id => react-native-indicators, phase => build] 
[debug] PhaseRunner.scala:82 Failure, [react-native => Compilation failed] [id => react-native-indicators, phase => build] 
