[debug] PhaseRunner.scala:78 Success [id => react-lazylog, phase => typescript] 
[debug] PhaseRunner.scala:78 Success [id => react-lazylog, phase => typescript] 
[debug] PhaseRunner.scala:78 Success [id => react-lazylog, phase => typescript] 
[debug] PhaseRunner.scala:78 Success [id => react-lazylog, phase => typescript] 
[debug] PhaseRunner.scala:78 Success [id => react-lazylog, phase => typescript] 
[debug] PhaseRunner.scala:78 Success [id => react-lazylog, phase => typescript] 
[debug] PhaseRunner.scala:78 Success [id => react-lazylog, phase => typescript] 
[debug] PhaseRunner.scala:78 Success [id => react-lazylog, phase => typescript] 
[info ] Phase1ReadTypescript.scala:152 Preprocessing TsHelperFile(InFile(/home/tso/tmp/tso-cache/DefinitelyTyped/types/react-lazylog/index.d.ts),FromFolder(InFolder(/home/tso/tmp/tso-cache/DefinitelyTyped/types/react-lazylog),TsIdentLibrarySimple(react-lazylog)),TsIdentModule(None,List(react-lazylog))) [id => react-lazylog, phase => typescript] 
[info ] InferredDefaultModule.scala:39 Inferred module TsIdentModule(None,List(react-lazylog)) [id => react-lazylog, phase => typescript] 
[info ] Phase1ReadTypescript.scala:152 Preprocessing TsHelperFile(InFile(/home/tso/tmp/tso-cache/DefinitelyTyped/types/react-lazylog/build/LazyLog.d.ts),FromFolder(InFolder(/home/tso/tmp/tso-cache/DefinitelyTyped/types/react-lazylog),TsIdentLibrarySimple(react-lazylog)),TsIdentModule(None,List(react-lazylog, build, LazyLog))) [id => react-lazylog, phase => typescript] 
[info ] InferredDefaultModule.scala:39 Inferred module TsIdentModule(None,List(react-lazylog, build, LazyLog)) [id => react-lazylog, phase => typescript] 
[info ] Phase1ReadTypescript.scala:152 Preprocessing TsHelperFile(InFile(/home/tso/tmp/tso-cache/DefinitelyTyped/types/react-lazylog/build/Line.d.ts),FromFolder(InFolder(/home/tso/tmp/tso-cache/DefinitelyTyped/types/react-lazylog),TsIdentLibrarySimple(react-lazylog)),TsIdentModule(None,List(react-lazylog, build, Line))) [id => react-lazylog, phase => typescript] 
[info ] InferredDefaultModule.scala:39 Inferred module TsIdentModule(None,List(react-lazylog, build, Line)) [id => react-lazylog, phase => typescript] 
[info ] Phase1ReadTypescript.scala:152 Preprocessing TsHelperFile(InFile(/home/tso/tmp/tso-cache/DefinitelyTyped/types/react-lazylog/build/LineContent.d.ts),FromFolder(InFolder(/home/tso/tmp/tso-cache/DefinitelyTyped/types/react-lazylog),TsIdentLibrarySimple(react-lazylog)),TsIdentModule(None,List(react-lazylog, build, LineContent))) [id => react-lazylog, phase => typescript] 
[info ] InferredDefaultModule.scala:39 Inferred module TsIdentModule(None,List(react-lazylog, build, LineContent)) [id => react-lazylog, phase => typescript] 
[info ] Phase1ReadTypescript.scala:152 Preprocessing TsHelperFile(InFile(/home/tso/tmp/tso-cache/DefinitelyTyped/types/react-lazylog/build/LineNumber.d.ts),FromFolder(InFolder(/home/tso/tmp/tso-cache/DefinitelyTyped/types/react-lazylog),TsIdentLibrarySimple(react-lazylog)),TsIdentModule(None,List(react-lazylog, build, LineNumber))) [id => react-lazylog, phase => typescript] 
[info ] InferredDefaultModule.scala:39 Inferred module TsIdentModule(None,List(react-lazylog, build, LineNumber)) [id => react-lazylog, phase => typescript] 
[info ] Phase1ReadTypescript.scala:152 Preprocessing TsHelperFile(InFile(/home/tso/tmp/tso-cache/DefinitelyTyped/types/react-lazylog/build/LinePart.d.ts),FromFolder(InFolder(/home/tso/tmp/tso-cache/DefinitelyTyped/types/react-lazylog),TsIdentLibrarySimple(react-lazylog)),TsIdentModule(None,List(react-lazylog, build, LinePart))) [id => react-lazylog, phase => typescript] 
[info ] InferredDefaultModule.scala:39 Inferred module TsIdentModule(None,List(react-lazylog, build, LinePart)) [id => react-lazylog, phase => typescript] 
[info ] Phase1ReadTypescript.scala:152 Preprocessing TsHelperFile(InFile(/home/tso/tmp/tso-cache/DefinitelyTyped/types/react-lazylog/build/Loading.d.ts),FromFolder(InFolder(/home/tso/tmp/tso-cache/DefinitelyTyped/types/react-lazylog),TsIdentLibrarySimple(react-lazylog)),TsIdentModule(None,List(react-lazylog, build, Loading))) [id => react-lazylog, phase => typescript] 
[info ] InferredDefaultModule.scala:39 Inferred module TsIdentModule(None,List(react-lazylog, build, Loading)) [id => react-lazylog, phase => typescript] 
[info ] Phase1ReadTypescript.scala:152 Preprocessing TsHelperFile(InFile(/home/tso/tmp/tso-cache/DefinitelyTyped/types/react-lazylog/build/ScrollFollow.d.ts),FromFolder(InFolder(/home/tso/tmp/tso-cache/DefinitelyTyped/types/react-lazylog),TsIdentLibrarySimple(react-lazylog)),TsIdentModule(None,List(react-lazylog, build, ScrollFollow))) [id => react-lazylog, phase => typescript] 
[info ] InferredDefaultModule.scala:39 Inferred module TsIdentModule(None,List(react-lazylog, build, ScrollFollow)) [id => react-lazylog, phase => typescript] 
[warn ] Phase1ReadTypescript.scala:190 Processing TsIdentLibrarySimple(react-lazylog) [id => react-lazylog, phase => typescript] 
[info ] PreferTypeAlias.scala:112 Simplified to type alias [id => react-lazylog, phase => typescript, scope => TreeScope(TsParsedFile() / TsDeclModule(react-lazylog/build/Line) / TsDeclInterface(Line))] 
[info ] PreferTypeAlias.scala:112 Simplified to type alias [id => react-lazylog, phase => typescript, scope => TreeScope(TsParsedFile() / TsDeclModule(react-lazylog/build/LineContent) / TsDeclInterface(LineContent))] 
[info ] PreferTypeAlias.scala:112 Simplified to type alias [id => react-lazylog, phase => typescript, scope => TreeScope(TsParsedFile() / TsDeclModule(react-lazylog/build/LineNumber) / TsDeclInterface(LinePart))] 
[info ] PreferTypeAlias.scala:112 Simplified to type alias [id => react-lazylog, phase => typescript, scope => TreeScope(TsParsedFile() / TsDeclModule(react-lazylog/build/LinePart) / TsDeclInterface(LinePart))] 
[info ] PreferTypeAlias.scala:112 Simplified to type alias [id => react-lazylog, phase => typescript, scope => TreeScope(TsParsedFile() / TsDeclModule(react-lazylog/build/Loading) / TsDeclInterface(Loading))] 
[debug] DefaultedTParams.scala:29 Defaulting type parameter TsIdentSimple(S) at TreeScope(TsParsedFile() / TsDeclModule(react-lazylog/build/LazyLog) / TsDeclClass(LazyLog) / TsTypeRef()) [id => react-lazylog, phase => typescript, scope => TreeScope(TsParsedFile() / TsDeclModule(react-lazylog/build/LazyLog) / TsDeclClass(LazyLog) / TsTypeRef())] 
[debug] DefaultedTParams.scala:29 Defaulting type parameter TsIdentSimple(SS) at TreeScope(TsParsedFile() / TsDeclModule(react-lazylog/build/LazyLog) / TsDeclClass(LazyLog) / TsTypeRef()) [id => react-lazylog, phase => typescript, scope => TreeScope(TsParsedFile() / TsDeclModule(react-lazylog/build/LazyLog) / TsDeclClass(LazyLog) / TsTypeRef())] 
[debug] DefaultedTParams.scala:29 Defaulting type parameter TsIdentSimple(S) at TreeScope(TsParsedFile() / TsDeclModule(react-lazylog/build/Line) / TsDeclTypeAlias(Line) / TsTypeRef()) [id => react-lazylog, phase => typescript, scope => TreeScope(TsParsedFile() / TsDeclModule(react-lazylog/build/Line) / TsDeclTypeAlias(Line) / TsTypeRef())] 
[debug] DefaultedTParams.scala:29 Defaulting type parameter TsIdentSimple(SS) at TreeScope(TsParsedFile() / TsDeclModule(react-lazylog/build/Line) / TsDeclTypeAlias(Line) / TsTypeRef()) [id => react-lazylog, phase => typescript, scope => TreeScope(TsParsedFile() / TsDeclModule(react-lazylog/build/Line) / TsDeclTypeAlias(Line) / TsTypeRef())] 
[debug] DefaultedTParams.scala:29 Defaulting type parameter TsIdentSimple(S) at TreeScope(TsParsedFile() / TsDeclModule(react-lazylog/build/LineContent) / TsDeclTypeAlias(LineContent) / TsTypeRef()) [id => react-lazylog, phase => typescript, scope => TreeScope(TsParsedFile() / TsDeclModule(react-lazylog/build/LineContent) / TsDeclTypeAlias(LineContent) / TsTypeRef())] 
[debug] DefaultedTParams.scala:29 Defaulting type parameter TsIdentSimple(SS) at TreeScope(TsParsedFile() / TsDeclModule(react-lazylog/build/LineContent) / TsDeclTypeAlias(LineContent) / TsTypeRef()) [id => react-lazylog, phase => typescript, scope => TreeScope(TsParsedFile() / TsDeclModule(react-lazylog/build/LineContent) / TsDeclTypeAlias(LineContent) / TsTypeRef())] 
[debug] DefaultedTParams.scala:29 Defaulting type parameter TsIdentSimple(S) at TreeScope(TsParsedFile() / TsDeclModule(react-lazylog/build/LineNumber) / TsDeclTypeAlias(LinePart) / TsTypeRef()) [id => react-lazylog, phase => typescript, scope => TreeScope(TsParsedFile() / TsDeclModule(react-lazylog/build/LineNumber) / TsDeclTypeAlias(LinePart) / TsTypeRef())] 
[debug] DefaultedTParams.scala:29 Defaulting type parameter TsIdentSimple(SS) at TreeScope(TsParsedFile() / TsDeclModule(react-lazylog/build/LineNumber) / TsDeclTypeAlias(LinePart) / TsTypeRef()) [id => react-lazylog, phase => typescript, scope => TreeScope(TsParsedFile() / TsDeclModule(react-lazylog/build/LineNumber) / TsDeclTypeAlias(LinePart) / TsTypeRef())] 
[debug] DefaultedTParams.scala:29 Defaulting type parameter TsIdentSimple(S) at TreeScope(TsParsedFile() / TsDeclModule(react-lazylog/build/LinePart) / TsDeclTypeAlias(LinePart) / TsTypeRef()) [id => react-lazylog, phase => typescript, scope => TreeScope(TsParsedFile() / TsDeclModule(react-lazylog/build/LinePart) / TsDeclTypeAlias(LinePart) / TsTypeRef())] 
[debug] DefaultedTParams.scala:29 Defaulting type parameter TsIdentSimple(SS) at TreeScope(TsParsedFile() / TsDeclModule(react-lazylog/build/LinePart) / TsDeclTypeAlias(LinePart) / TsTypeRef()) [id => react-lazylog, phase => typescript, scope => TreeScope(TsParsedFile() / TsDeclModule(react-lazylog/build/LinePart) / TsDeclTypeAlias(LinePart) / TsTypeRef())] 
[debug] DefaultedTParams.scala:29 Defaulting type parameter TsIdentSimple(P) at TreeScope(TsParsedFile() / TsDeclModule(react-lazylog/build/Loading) / TsDeclTypeAlias(Loading) / TsTypeRef()) [id => react-lazylog, phase => typescript, scope => TreeScope(TsParsedFile() / TsDeclModule(react-lazylog/build/Loading) / TsDeclTypeAlias(Loading) / TsTypeRef())] 
[debug] DefaultedTParams.scala:29 Defaulting type parameter TsIdentSimple(S) at TreeScope(TsParsedFile() / TsDeclModule(react-lazylog/build/Loading) / TsDeclTypeAlias(Loading) / TsTypeRef()) [id => react-lazylog, phase => typescript, scope => TreeScope(TsParsedFile() / TsDeclModule(react-lazylog/build/Loading) / TsDeclTypeAlias(Loading) / TsTypeRef())] 
[debug] DefaultedTParams.scala:29 Defaulting type parameter TsIdentSimple(SS) at TreeScope(TsParsedFile() / TsDeclModule(react-lazylog/build/Loading) / TsDeclTypeAlias(Loading) / TsTypeRef()) [id => react-lazylog, phase => typescript, scope => TreeScope(TsParsedFile() / TsDeclModule(react-lazylog/build/Loading) / TsDeclTypeAlias(Loading) / TsTypeRef())] 
[debug] DefaultedTParams.scala:29 Defaulting type parameter TsIdentSimple(S) at TreeScope(TsParsedFile() / TsDeclModule(react-lazylog/build/ScrollFollow) / TsDeclClass(ScrollFollow) / TsTypeRef()) [id => react-lazylog, phase => typescript, scope => TreeScope(TsParsedFile() / TsDeclModule(react-lazylog/build/ScrollFollow) / TsDeclClass(ScrollFollow) / TsTypeRef())] 
[debug] DefaultedTParams.scala:29 Defaulting type parameter TsIdentSimple(SS) at TreeScope(TsParsedFile() / TsDeclModule(react-lazylog/build/ScrollFollow) / TsDeclClass(ScrollFollow) / TsTypeRef()) [id => react-lazylog, phase => typescript, scope => TreeScope(TsParsedFile() / TsDeclModule(react-lazylog/build/ScrollFollow) / TsDeclClass(ScrollFollow) / TsTypeRef())] 
[info ] ExtractInterfaces.scala:30 Extracted anonymous interface TsIdentSimple(Anon_Text) [id => react-lazylog, phase => typescript, scope => TreeScope(TsParsedFile() / TsDeclModule(react-lazylog/build/LinePart) / TsDeclInterface(LinePartProps) / TsMemberProperty(part) / TsTypeObject())] 
[info ] ExtractInterfaces.scala:30 Extracted anonymous interface TsIdentSimple(Anon_ClientHeight) [id => react-lazylog, phase => typescript, scope => TreeScope(TsParsedFile() / TsDeclModule(react-lazylog/build/ScrollFollow) / TsDeclInterface(ScrollFollowRenderProps) / TsMemberFunction(onScroll) / TsFunSig() / TsFunParam() / TsTypeObject())] 
[info ] ExtractInterfaces.scala:30 Extracted anonymous interface TsIdentSimple(Anon_Text) [id => react-lazylog, phase => typescript, scope => TreeScope(TsParsedFile() / TsDeclModule(react-lazylog/build/Line) / TsDeclInterface(LineProps) / TsMemberProperty(data) / TsTypeRef() / TsTypeObject())] 
[info ] ExtractInterfaces.scala:30 Extracted anonymous interface TsIdentSimple(Anon_Text) [id => react-lazylog, phase => typescript, scope => TreeScope(TsParsedFile() / TsDeclModule(react-lazylog/build/LineContent) / TsDeclInterface(LineContentProps) / TsMemberProperty(data) / TsTypeRef() / TsTypeObject())] 
[debug] PhaseRunner.scala:78 Success [id => react-lazylog, phase => typescript] 
[warn ] Phase2ToScalaJs.scala:34 Processing TsIdentLibrarySimple(react-lazylog) [id => react-lazylog, phase => scala.js] 
[debug] PhaseRunner.scala:78 Success [id => react-lazylog, phase => scala.js] 
[warn ] PhaseRunner.scala:64 Failed because of, [immutable => Compilation failed] [id => react-lazylog, phase => build] 
[debug] PhaseRunner.scala:82 Failure, [immutable => Compilation failed] [id => react-lazylog, phase => build] 
[debug] PhaseRunner.scala:82 Failure, [immutable => Compilation failed] [id => react-lazylog, phase => publish] 
