[info ] InferredDependency.scala:20 Inferred dependencies Set(TsIdentLibrarySimple(react)) for TsIdentLibrarySimple(react-select) [id => react-select, phase => typescript, file => ../lib/components/indicators.d.ts] 
[info ] InferredDependency.scala:20 Inferred dependencies Set(TsIdentLibrarySimple(react)) for TsIdentLibrarySimple(react-select) [id => react-select, phase => typescript, file => ../react-select/lib/types.d.ts] 
[debug] PhaseRunner.scala:78 Success [id => react-select, phase => typescript] 
[debug] PhaseRunner.scala:78 Success [id => react-select, phase => typescript] 
[debug] PhaseRunner.scala:78 Success [id => react-select, phase => typescript] 
[debug] PhaseRunner.scala:78 Success [id => react-select, phase => typescript] 
[info ] InferredDependency.scala:20 Inferred dependencies Set(TsIdentLibrarySimple(react)) for TsIdentLibrarySimple(react-select) [id => react-select, phase => typescript, file => ../react-select/lib/utils.d.ts] 
[debug] PhaseRunner.scala:78 Success [id => react-select, phase => typescript] 
[info ] InferredDependency.scala:20 Inferred dependencies Set(TsIdentLibrarySimple(react)) for TsIdentLibrarySimple(react-select) [id => react-select, phase => typescript, file => ../lib/animated/transitions.d.ts] 
[debug] PhaseRunner.scala:78 Success [id => react-select, phase => typescript] 
[info ] InferredDependency.scala:20 Inferred dependencies Set(TsIdentLibrarySimple(react)) for TsIdentLibrarySimple(react-select) [id => react-select, phase => typescript, file => ../lib/components/Placeholder.d.ts] 
[debug] PhaseRunner.scala:78 Success [id => react-select, phase => typescript] 
[debug] PhaseRunner.scala:78 Success [id => react-select, phase => typescript] 
[info ] InferredDependency.scala:20 Inferred dependencies Set(TsIdentLibrarySimple(react)) for TsIdentLibrarySimple(react-select) [id => react-select, phase => typescript, file => ../lib/components/SingleValue.d.ts] 
[debug] PhaseRunner.scala:78 Success [id => react-select, phase => typescript] 
[debug] PhaseRunner.scala:78 Success [id => react-select, phase => typescript] 
[info ] InferredDependency.scala:20 Inferred dependencies Set(TsIdentLibrarySimple(react)) for TsIdentLibrarySimple(react-select) [id => react-select, phase => typescript, file => ../lib/animated/Input.d.ts] 
[info ] InferredDependency.scala:20 Inferred dependencies Set(TsIdentLibrarySimple(react)) for TsIdentLibrarySimple(react-select) [id => react-select, phase => typescript, file => ../lib/components/Input.d.ts] 
[debug] PhaseRunner.scala:78 Success [id => react-select, phase => typescript] 
[debug] PhaseRunner.scala:78 Success [id => react-select, phase => typescript] 
[info ] InferredDependency.scala:20 Inferred dependencies Set(TsIdentLibrarySimple(react)) for TsIdentLibrarySimple(react-select) [id => react-select, phase => typescript, file => ../lib/components/containers.d.ts] 
[debug] PhaseRunner.scala:78 Success [id => react-select, phase => typescript] 
[debug] PhaseRunner.scala:78 Success [id => react-select, phase => typescript] 
[info ] InferredDependency.scala:20 Inferred dependencies Set(TsIdentLibrarySimple(react)) for TsIdentLibrarySimple(react-select) [id => react-select, phase => typescript, file => ../lib/components/MultiValue.d.ts] 
[debug] PhaseRunner.scala:78 Success [id => react-select, phase => typescript] 
[debug] PhaseRunner.scala:78 Success [id => react-select, phase => typescript] 
[info ] InferredDependency.scala:20 Inferred dependencies Set(TsIdentLibrarySimple(react)) for TsIdentLibrarySimple(react-select) [id => react-select, phase => typescript, file => ../lib/components/Option.d.ts] 
[debug] PhaseRunner.scala:78 Success [id => react-select, phase => typescript] 
[info ] InferredDependency.scala:20 Inferred dependencies Set(TsIdentLibrarySimple(react)) for TsIdentLibrarySimple(react-select) [id => react-select, phase => typescript, file => ../lib/components/Control.d.ts] 
[debug] PhaseRunner.scala:78 Success [id => react-select, phase => typescript] 
[info ] InferredDependency.scala:20 Inferred dependencies Set(TsIdentLibrarySimple(react)) for TsIdentLibrarySimple(react-select) [id => react-select, phase => typescript, file => ../lib/components/Menu.d.ts] 
[debug] PhaseRunner.scala:78 Success [id => react-select, phase => typescript] 
[info ] InferredDependency.scala:20 Inferred dependencies Set(TsIdentLibrarySimple(react)) for TsIdentLibrarySimple(react-select) [id => react-select, phase => typescript, file => ../lib/components/Group.d.ts] 
[debug] PhaseRunner.scala:78 Success [id => react-select, phase => typescript] 
[debug] PhaseRunner.scala:78 Success [id => react-select, phase => typescript] 
[debug] PhaseRunner.scala:78 Success [id => react-select, phase => typescript] 
[debug] PhaseRunner.scala:78 Success [id => react-select, phase => typescript] 
[debug] PhaseRunner.scala:78 Success [id => react-select, phase => typescript] 
[debug] PhaseRunner.scala:78 Success [id => react-select, phase => typescript] 
[info ] InferredDependency.scala:20 Inferred dependencies Set(TsIdentLibrarySimple(react)) for TsIdentLibrarySimple(react-select) [id => react-select, phase => typescript, file => ../react-select/lib/Select.d.ts] 
[debug] PhaseRunner.scala:78 Success [id => react-select, phase => typescript] 
[debug] PhaseRunner.scala:78 Success [id => react-select, phase => typescript] 
[debug] PhaseRunner.scala:78 Success [id => react-select, phase => typescript] 
[info ] InferredDependency.scala:20 Inferred dependencies Set(TsIdentLibrarySimple(react)) for TsIdentLibrarySimple(react-select) [id => react-select, phase => typescript, file => ../react-select/lib/Creatable.d.ts] 
[debug] PhaseRunner.scala:78 Success [id => react-select, phase => typescript] 
[info ] InferredDependency.scala:20 Inferred dependencies Set(TsIdentLibrarySimple(react)) for TsIdentLibrarySimple(react-select) [id => react-select, phase => typescript, file => ../react-select/lib/Async.d.ts] 
[debug] PhaseRunner.scala:78 Success [id => react-select, phase => typescript] 
[debug] PhaseRunner.scala:78 Success [id => react-select, phase => typescript] 
[debug] PhaseRunner.scala:78 Success [id => react-select, phase => typescript] 
[info ] Phase1ReadTypescript.scala:152 Preprocessing TsHelperFile(InFile(/home/tso/tmp/tso-cache/DefinitelyTyped/types/react-select/index.d.ts),FromFolder(InFolder(/home/tso/tmp/tso-cache/DefinitelyTyped/types/react-select),TsIdentLibrarySimple(react-select)),TsIdentModule(None,List(react-select))) [id => react-select, phase => typescript] 
[info ] InferredDefaultModule.scala:39 Inferred module TsIdentModule(None,List(react-select)) [id => react-select, phase => typescript] 
[info ] Phase1ReadTypescript.scala:152 Preprocessing TsHelperFile(InFile(/home/tso/tmp/tso-cache/DefinitelyTyped/types/react-select/lib/Async.d.ts),FromFolder(InFolder(/home/tso/tmp/tso-cache/DefinitelyTyped/types/react-select),TsIdentLibrarySimple(react-select)),TsIdentModule(None,List(react-select, lib, Async))) [id => react-select, phase => typescript] 
[info ] InferredDefaultModule.scala:39 Inferred module TsIdentModule(None,List(react-select, lib, Async)) [id => react-select, phase => typescript] 
[info ] Phase1ReadTypescript.scala:152 Preprocessing TsHelperFile(InFile(/home/tso/tmp/tso-cache/DefinitelyTyped/types/react-select/lib/AsyncCreatable.d.ts),FromFolder(InFolder(/home/tso/tmp/tso-cache/DefinitelyTyped/types/react-select),TsIdentLibrarySimple(react-select)),TsIdentModule(None,List(react-select, lib, AsyncCreatable))) [id => react-select, phase => typescript] 
[info ] InferredDefaultModule.scala:39 Inferred module TsIdentModule(None,List(react-select, lib, AsyncCreatable)) [id => react-select, phase => typescript] 
[info ] Phase1ReadTypescript.scala:152 Preprocessing TsHelperFile(InFile(/home/tso/tmp/tso-cache/DefinitelyTyped/types/react-select/lib/Creatable.d.ts),FromFolder(InFolder(/home/tso/tmp/tso-cache/DefinitelyTyped/types/react-select),TsIdentLibrarySimple(react-select)),TsIdentModule(None,List(react-select, lib, Creatable))) [id => react-select, phase => typescript] 
[info ] InferredDefaultModule.scala:39 Inferred module TsIdentModule(None,List(react-select, lib, Creatable)) [id => react-select, phase => typescript] 
[info ] Phase1ReadTypescript.scala:152 Preprocessing TsHelperFile(InFile(/home/tso/tmp/tso-cache/DefinitelyTyped/types/react-select/lib/Select.d.ts),FromFolder(InFolder(/home/tso/tmp/tso-cache/DefinitelyTyped/types/react-select),TsIdentLibrarySimple(react-select)),TsIdentModule(None,List(react-select, lib, Select))) [id => react-select, phase => typescript] 
[info ] InferredDefaultModule.scala:39 Inferred module TsIdentModule(None,List(react-select, lib, Select)) [id => react-select, phase => typescript] 
[info ] Phase1ReadTypescript.scala:152 Preprocessing TsHelperFile(InFile(/home/tso/tmp/tso-cache/DefinitelyTyped/types/react-select/lib/builtins.d.ts),FromFolder(InFolder(/home/tso/tmp/tso-cache/DefinitelyTyped/types/react-select),TsIdentLibrarySimple(react-select)),TsIdentModule(None,List(react-select, lib, builtins))) [id => react-select, phase => typescript] 
[info ] InferredDefaultModule.scala:39 Inferred module TsIdentModule(None,List(react-select, lib, builtins)) [id => react-select, phase => typescript] 
[info ] Phase1ReadTypescript.scala:152 Preprocessing TsHelperFile(InFile(/home/tso/tmp/tso-cache/DefinitelyTyped/types/react-select/lib/diacritics.d.ts),FromFolder(InFolder(/home/tso/tmp/tso-cache/DefinitelyTyped/types/react-select),TsIdentLibrarySimple(react-select)),TsIdentModule(None,List(react-select, lib, diacritics))) [id => react-select, phase => typescript] 
[info ] InferredDefaultModule.scala:39 Inferred module TsIdentModule(None,List(react-select, lib, diacritics)) [id => react-select, phase => typescript] 
[info ] Phase1ReadTypescript.scala:152 Preprocessing TsHelperFile(InFile(/home/tso/tmp/tso-cache/DefinitelyTyped/types/react-select/lib/filters.d.ts),FromFolder(InFolder(/home/tso/tmp/tso-cache/DefinitelyTyped/types/react-select),TsIdentLibrarySimple(react-select)),TsIdentModule(None,List(react-select, lib, filters))) [id => react-select, phase => typescript] 
[info ] InferredDefaultModule.scala:39 Inferred module TsIdentModule(None,List(react-select, lib, filters)) [id => react-select, phase => typescript] 
[info ] Phase1ReadTypescript.scala:152 Preprocessing TsHelperFile(InFile(/home/tso/tmp/tso-cache/DefinitelyTyped/types/react-select/lib/stateManager.d.ts),FromFolder(InFolder(/home/tso/tmp/tso-cache/DefinitelyTyped/types/react-select),TsIdentLibrarySimple(react-select)),TsIdentModule(None,List(react-select, lib, stateManager))) [id => react-select, phase => typescript] 
[info ] InferredDefaultModule.scala:39 Inferred module TsIdentModule(None,List(react-select, lib, stateManager)) [id => react-select, phase => typescript] 
[info ] Phase1ReadTypescript.scala:152 Preprocessing TsHelperFile(InFile(/home/tso/tmp/tso-cache/DefinitelyTyped/types/react-select/lib/styles.d.ts),FromFolder(InFolder(/home/tso/tmp/tso-cache/DefinitelyTyped/types/react-select),TsIdentLibrarySimple(react-select)),TsIdentModule(None,List(react-select, lib, styles))) [id => react-select, phase => typescript] 
[info ] InferredDefaultModule.scala:39 Inferred module TsIdentModule(None,List(react-select, lib, styles)) [id => react-select, phase => typescript] 
[info ] Phase1ReadTypescript.scala:152 Preprocessing TsHelperFile(InFile(/home/tso/tmp/tso-cache/DefinitelyTyped/types/react-select/lib/theme.d.ts),FromFolder(InFolder(/home/tso/tmp/tso-cache/DefinitelyTyped/types/react-select),TsIdentLibrarySimple(react-select)),TsIdentModule(None,List(react-select, lib, theme))) [id => react-select, phase => typescript] 
[info ] InferredDefaultModule.scala:39 Inferred module TsIdentModule(None,List(react-select, lib, theme)) [id => react-select, phase => typescript] 
[info ] Phase1ReadTypescript.scala:152 Preprocessing TsHelperFile(InFile(/home/tso/tmp/tso-cache/DefinitelyTyped/types/react-select/lib/types.d.ts),FromFolder(InFolder(/home/tso/tmp/tso-cache/DefinitelyTyped/types/react-select),TsIdentLibrarySimple(react-select)),TsIdentModule(None,List(react-select, lib, types))) [id => react-select, phase => typescript] 
[info ] InferredDefaultModule.scala:39 Inferred module TsIdentModule(None,List(react-select, lib, types)) [id => react-select, phase => typescript] 
[info ] Phase1ReadTypescript.scala:152 Preprocessing TsHelperFile(InFile(/home/tso/tmp/tso-cache/DefinitelyTyped/types/react-select/lib/utils.d.ts),FromFolder(InFolder(/home/tso/tmp/tso-cache/DefinitelyTyped/types/react-select),TsIdentLibrarySimple(react-select)),TsIdentModule(None,List(react-select, lib, utils))) [id => react-select, phase => typescript] 
[info ] InferredDefaultModule.scala:39 Inferred module TsIdentModule(None,List(react-select, lib, utils)) [id => react-select, phase => typescript] 
[info ] Phase1ReadTypescript.scala:152 Preprocessing TsHelperFile(InFile(/home/tso/tmp/tso-cache/DefinitelyTyped/types/react-select/lib/accessibility/index.d.ts),FromFolder(InFolder(/home/tso/tmp/tso-cache/DefinitelyTyped/types/react-select),TsIdentLibrarySimple(react-select)),TsIdentModule(None,List(react-select, lib, accessibility))) [id => react-select, phase => typescript] 
[info ] InferredDefaultModule.scala:39 Inferred module TsIdentModule(None,List(react-select, lib, accessibility)) [id => react-select, phase => typescript] 
[info ] Phase1ReadTypescript.scala:152 Preprocessing TsHelperFile(InFile(/home/tso/tmp/tso-cache/DefinitelyTyped/types/react-select/lib/animated/Input.d.ts),FromFolder(InFolder(/home/tso/tmp/tso-cache/DefinitelyTyped/types/react-select),TsIdentLibrarySimple(react-select)),TsIdentModule(None,List(react-select, lib, animated, Input))) [id => react-select, phase => typescript] 
[info ] InferredDefaultModule.scala:39 Inferred module TsIdentModule(None,List(react-select, lib, animated, Input)) [id => react-select, phase => typescript] 
[info ] Phase1ReadTypescript.scala:152 Preprocessing TsHelperFile(InFile(/home/tso/tmp/tso-cache/DefinitelyTyped/types/react-select/lib/animated/MultiValue.d.ts),FromFolder(InFolder(/home/tso/tmp/tso-cache/DefinitelyTyped/types/react-select),TsIdentLibrarySimple(react-select)),TsIdentModule(None,List(react-select, lib, animated, MultiValue))) [id => react-select, phase => typescript] 
[info ] InferredDefaultModule.scala:39 Inferred module TsIdentModule(None,List(react-select, lib, animated, MultiValue)) [id => react-select, phase => typescript] 
[info ] Phase1ReadTypescript.scala:152 Preprocessing TsHelperFile(InFile(/home/tso/tmp/tso-cache/DefinitelyTyped/types/react-select/lib/animated/Placeholder.d.ts),FromFolder(InFolder(/home/tso/tmp/tso-cache/DefinitelyTyped/types/react-select),TsIdentLibrarySimple(react-select)),TsIdentModule(None,List(react-select, lib, animated, Placeholder))) [id => react-select, phase => typescript] 
[info ] InferredDefaultModule.scala:39 Inferred module TsIdentModule(None,List(react-select, lib, animated, Placeholder)) [id => react-select, phase => typescript] 
[info ] Phase1ReadTypescript.scala:152 Preprocessing TsHelperFile(InFile(/home/tso/tmp/tso-cache/DefinitelyTyped/types/react-select/lib/animated/SingleValue.d.ts),FromFolder(InFolder(/home/tso/tmp/tso-cache/DefinitelyTyped/types/react-select),TsIdentLibrarySimple(react-select)),TsIdentModule(None,List(react-select, lib, animated, SingleValue))) [id => react-select, phase => typescript] 
[info ] InferredDefaultModule.scala:39 Inferred module TsIdentModule(None,List(react-select, lib, animated, SingleValue)) [id => react-select, phase => typescript] 
[info ] Phase1ReadTypescript.scala:152 Preprocessing TsHelperFile(InFile(/home/tso/tmp/tso-cache/DefinitelyTyped/types/react-select/lib/animated/ValueContainer.d.ts),FromFolder(InFolder(/home/tso/tmp/tso-cache/DefinitelyTyped/types/react-select),TsIdentLibrarySimple(react-select)),TsIdentModule(None,List(react-select, lib, animated, ValueContainer))) [id => react-select, phase => typescript] 
[info ] InferredDefaultModule.scala:39 Inferred module TsIdentModule(None,List(react-select, lib, animated, ValueContainer)) [id => react-select, phase => typescript] 
[info ] Phase1ReadTypescript.scala:152 Preprocessing TsHelperFile(InFile(/home/tso/tmp/tso-cache/DefinitelyTyped/types/react-select/lib/animated/index.d.ts),FromFolder(InFolder(/home/tso/tmp/tso-cache/DefinitelyTyped/types/react-select),TsIdentLibrarySimple(react-select)),TsIdentModule(None,List(react-select, lib, animated))) [id => react-select, phase => typescript] 
[info ] InferredDefaultModule.scala:39 Inferred module TsIdentModule(None,List(react-select, lib, animated)) [id => react-select, phase => typescript] 
[info ] Phase1ReadTypescript.scala:152 Preprocessing TsHelperFile(InFile(/home/tso/tmp/tso-cache/DefinitelyTyped/types/react-select/lib/animated/transitions.d.ts),FromFolder(InFolder(/home/tso/tmp/tso-cache/DefinitelyTyped/types/react-select),TsIdentLibrarySimple(react-select)),TsIdentModule(None,List(react-select, lib, animated, transitions))) [id => react-select, phase => typescript] 
[info ] InferredDefaultModule.scala:39 Inferred module TsIdentModule(None,List(react-select, lib, animated, transitions)) [id => react-select, phase => typescript] 
[info ] Phase1ReadTypescript.scala:152 Preprocessing TsHelperFile(InFile(/home/tso/tmp/tso-cache/DefinitelyTyped/types/react-select/lib/components/Control.d.ts),FromFolder(InFolder(/home/tso/tmp/tso-cache/DefinitelyTyped/types/react-select),TsIdentLibrarySimple(react-select)),TsIdentModule(None,List(react-select, lib, components, Control))) [id => react-select, phase => typescript] 
[info ] InferredDefaultModule.scala:39 Inferred module TsIdentModule(None,List(react-select, lib, components, Control)) [id => react-select, phase => typescript] 
[info ] Phase1ReadTypescript.scala:152 Preprocessing TsHelperFile(InFile(/home/tso/tmp/tso-cache/DefinitelyTyped/types/react-select/lib/components/Group.d.ts),FromFolder(InFolder(/home/tso/tmp/tso-cache/DefinitelyTyped/types/react-select),TsIdentLibrarySimple(react-select)),TsIdentModule(None,List(react-select, lib, components, Group))) [id => react-select, phase => typescript] 
[info ] InferredDefaultModule.scala:39 Inferred module TsIdentModule(None,List(react-select, lib, components, Group)) [id => react-select, phase => typescript] 
[info ] Phase1ReadTypescript.scala:152 Preprocessing TsHelperFile(InFile(/home/tso/tmp/tso-cache/DefinitelyTyped/types/react-select/lib/components/Input.d.ts),FromFolder(InFolder(/home/tso/tmp/tso-cache/DefinitelyTyped/types/react-select),TsIdentLibrarySimple(react-select)),TsIdentModule(None,List(react-select, lib, components, Input))) [id => react-select, phase => typescript] 
[info ] InferredDefaultModule.scala:39 Inferred module TsIdentModule(None,List(react-select, lib, components, Input)) [id => react-select, phase => typescript] 
[info ] Phase1ReadTypescript.scala:152 Preprocessing TsHelperFile(InFile(/home/tso/tmp/tso-cache/DefinitelyTyped/types/react-select/lib/components/Menu.d.ts),FromFolder(InFolder(/home/tso/tmp/tso-cache/DefinitelyTyped/types/react-select),TsIdentLibrarySimple(react-select)),TsIdentModule(None,List(react-select, lib, components, Menu))) [id => react-select, phase => typescript] 
[info ] InferredDefaultModule.scala:39 Inferred module TsIdentModule(None,List(react-select, lib, components, Menu)) [id => react-select, phase => typescript] 
[info ] Phase1ReadTypescript.scala:152 Preprocessing TsHelperFile(InFile(/home/tso/tmp/tso-cache/DefinitelyTyped/types/react-select/lib/components/MultiValue.d.ts),FromFolder(InFolder(/home/tso/tmp/tso-cache/DefinitelyTyped/types/react-select),TsIdentLibrarySimple(react-select)),TsIdentModule(None,List(react-select, lib, components, MultiValue))) [id => react-select, phase => typescript] 
[info ] InferredDefaultModule.scala:39 Inferred module TsIdentModule(None,List(react-select, lib, components, MultiValue)) [id => react-select, phase => typescript] 
[info ] Phase1ReadTypescript.scala:152 Preprocessing TsHelperFile(InFile(/home/tso/tmp/tso-cache/DefinitelyTyped/types/react-select/lib/components/Option.d.ts),FromFolder(InFolder(/home/tso/tmp/tso-cache/DefinitelyTyped/types/react-select),TsIdentLibrarySimple(react-select)),TsIdentModule(None,List(react-select, lib, components, Option))) [id => react-select, phase => typescript] 
[info ] InferredDefaultModule.scala:39 Inferred module TsIdentModule(None,List(react-select, lib, components, Option)) [id => react-select, phase => typescript] 
[info ] Phase1ReadTypescript.scala:152 Preprocessing TsHelperFile(InFile(/home/tso/tmp/tso-cache/DefinitelyTyped/types/react-select/lib/components/Placeholder.d.ts),FromFolder(InFolder(/home/tso/tmp/tso-cache/DefinitelyTyped/types/react-select),TsIdentLibrarySimple(react-select)),TsIdentModule(None,List(react-select, lib, components, Placeholder))) [id => react-select, phase => typescript] 
[info ] InferredDefaultModule.scala:39 Inferred module TsIdentModule(None,List(react-select, lib, components, Placeholder)) [id => react-select, phase => typescript] 
[info ] Phase1ReadTypescript.scala:152 Preprocessing TsHelperFile(InFile(/home/tso/tmp/tso-cache/DefinitelyTyped/types/react-select/lib/components/SingleValue.d.ts),FromFolder(InFolder(/home/tso/tmp/tso-cache/DefinitelyTyped/types/react-select),TsIdentLibrarySimple(react-select)),TsIdentModule(None,List(react-select, lib, components, SingleValue))) [id => react-select, phase => typescript] 
[info ] InferredDefaultModule.scala:39 Inferred module TsIdentModule(None,List(react-select, lib, components, SingleValue)) [id => react-select, phase => typescript] 
[info ] Phase1ReadTypescript.scala:152 Preprocessing TsHelperFile(InFile(/home/tso/tmp/tso-cache/DefinitelyTyped/types/react-select/lib/components/containers.d.ts),FromFolder(InFolder(/home/tso/tmp/tso-cache/DefinitelyTyped/types/react-select),TsIdentLibrarySimple(react-select)),TsIdentModule(None,List(react-select, lib, components, containers))) [id => react-select, phase => typescript] 
[info ] InferredDefaultModule.scala:39 Inferred module TsIdentModule(None,List(react-select, lib, components, containers)) [id => react-select, phase => typescript] 
[info ] Phase1ReadTypescript.scala:152 Preprocessing TsHelperFile(InFile(/home/tso/tmp/tso-cache/DefinitelyTyped/types/react-select/lib/components/index.d.ts),FromFolder(InFolder(/home/tso/tmp/tso-cache/DefinitelyTyped/types/react-select),TsIdentLibrarySimple(react-select)),TsIdentModule(None,List(react-select, lib, components))) [id => react-select, phase => typescript] 
[info ] InferredDefaultModule.scala:39 Inferred module TsIdentModule(None,List(react-select, lib, components)) [id => react-select, phase => typescript] 
[info ] Phase1ReadTypescript.scala:152 Preprocessing TsHelperFile(InFile(/home/tso/tmp/tso-cache/DefinitelyTyped/types/react-select/lib/components/indicators.d.ts),FromFolder(InFolder(/home/tso/tmp/tso-cache/DefinitelyTyped/types/react-select),TsIdentLibrarySimple(react-select)),TsIdentModule(None,List(react-select, lib, components, indicators))) [id => react-select, phase => typescript] 
[info ] InferredDefaultModule.scala:39 Inferred module TsIdentModule(None,List(react-select, lib, components, indicators)) [id => react-select, phase => typescript] 
[warn ] Phase1ReadTypescript.scala:190 Processing TsIdentLibrarySimple(react-select) [id => react-select, phase => typescript] 
[info ] ResolveTypeQueries.scala:94 Resolved TsTypeQuery(TsQIdent(List(TsIdentLibrarySimple(react-select), TsIdentModule(None,List(react-select, lib, components, MultiValue)), TsIdentSimple(MultiValueGeneric)))) [id => react-select, phase => typescript, scope => TreeScope(TsParsedFile() / TsDeclModule(react-select/lib/components/MultiValue) / TsExport() / TsExporteeTree() / TsDeclVar(MultiValueContainer) / TsTypeQuery())] 
[info ] ResolveTypeQueries.scala:94 Resolved TsTypeQuery(TsQIdent(List(TsIdentLibrarySimple(react-select), TsIdentModule(None,List(react-select, lib, components, MultiValue)), TsIdentSimple(MultiValueGeneric)))) [id => react-select, phase => typescript, scope => TreeScope(TsParsedFile() / TsDeclModule(react-select/lib/components/MultiValue) / TsExport() / TsExporteeTree() / TsDeclVar(MultiValueLabel) / TsTypeQuery())] 
[info ] ExpandCallables.scala:57 Expanded getOptionLabel into 1 methods [id => react-select, phase => typescript, scope => TreeScope(TsParsedFile() / TsDeclModule(react-select/lib/Select) / TsDeclInterface(Select))] 
[info ] ExpandCallables.scala:57 Expanded getOptionValue into 1 methods [id => react-select, phase => typescript, scope => TreeScope(TsParsedFile() / TsDeclModule(react-select/lib/Select) / TsDeclInterface(Select))] 
[info ] ExpandCallables.scala:57 Expanded formatGroupLabel into 1 methods [id => react-select, phase => typescript, scope => TreeScope(TsParsedFile() / TsDeclModule(react-select/lib/Select) / TsDeclInterface(Select))] 
[info ] ExpandCallables.scala:57 Expanded valueContainer into 1 methods [id => react-select, phase => typescript, scope => TreeScope(TsParsedFile() / TsDeclModule(react-select/lib/styles) / TsDeclInterface(Styles))] 
[info ] ExpandCallables.scala:57 Expanded onExited into 1 methods [id => react-select, phase => typescript, scope => TreeScope(TsParsedFile() / TsDeclModule(react-select/lib/animated/transitions) / TsDeclInterface(BaseTransition))] 
[info ] ExpandCallables.scala:57 Expanded onClick into 1 methods [id => react-select, phase => typescript, scope => TreeScope(TsParsedFile() / TsDeclModule(react-select/lib/components/Option) / TsDeclInterface(InnerProps))] 
[info ] ExpandCallables.scala:57 Expanded onMouseOver into 1 methods [id => react-select, phase => typescript, scope => TreeScope(TsParsedFile() / TsDeclModule(react-select/lib/components/Option) / TsDeclInterface(InnerProps))] 
[debug] DefaultedTParams.scala:29 Defaulting type parameter TsIdentSimple(SS) at TreeScope(TsParsedFile() / TsDeclModule(react-select/lib/Async) / TsDeclClass(Async) / TsTypeRef()) [id => react-select, phase => typescript, scope => TreeScope(TsParsedFile() / TsDeclModule(react-select/lib/Async) / TsDeclClass(Async) / TsTypeRef())] 
[debug] DefaultedTParams.scala:29 Defaulting type parameter TsIdentSimple(SS) at TreeScope(TsParsedFile() / TsDeclModule(react-select/lib/AsyncCreatable) / TsDeclClass(AsyncCreatable) / TsTypeRef()) [id => react-select, phase => typescript, scope => TreeScope(TsParsedFile() / TsDeclModule(react-select/lib/AsyncCreatable) / TsDeclClass(AsyncCreatable) / TsTypeRef())] 
[debug] DefaultedTParams.scala:29 Defaulting type parameter TsIdentSimple(SS) at TreeScope(TsParsedFile() / TsDeclModule(react-select/lib/Creatable) / TsDeclClass(Creatable) / TsTypeRef()) [id => react-select, phase => typescript, scope => TreeScope(TsParsedFile() / TsDeclModule(react-select/lib/Creatable) / TsDeclClass(Creatable) / TsTypeRef())] 
[debug] DefaultedTParams.scala:29 Defaulting type parameter TsIdentSimple(SS) at TreeScope(TsParsedFile() / TsDeclModule(react-select/lib/Select) / TsDeclInterface(Select) / TsTypeRef()) [id => react-select, phase => typescript, scope => TreeScope(TsParsedFile() / TsDeclModule(react-select/lib/Select) / TsDeclInterface(Select) / TsTypeRef())] 
[debug] DefaultedTParams.scala:29 Defaulting type parameter TsIdentSimple(SS) at TreeScope(TsParsedFile() / TsDeclModule(react-select/lib/stateManager) / TsDeclClass(StateManager) / TsTypeRef()) [id => react-select, phase => typescript, scope => TreeScope(TsParsedFile() / TsDeclModule(react-select/lib/stateManager) / TsDeclClass(StateManager) / TsTypeRef())] 
[debug] DefaultedTParams.scala:29 Defaulting type parameter TsIdentSimple(SS) at TreeScope(TsParsedFile() / TsDeclModule(react-select/lib/animated/transitions) / TsDeclClass(Collapse) / TsTypeRef()) [id => react-select, phase => typescript, scope => TreeScope(TsParsedFile() / TsDeclModule(react-select/lib/animated/transitions) / TsDeclClass(Collapse) / TsTypeRef())] 
[debug] DefaultedTParams.scala:29 Defaulting type parameter TsIdentSimple(SS) at TreeScope(TsParsedFile() / TsDeclModule(react-select/lib/components/Menu) / TsDeclClass(Menu) / TsTypeRef()) [id => react-select, phase => typescript, scope => TreeScope(TsParsedFile() / TsDeclModule(react-select/lib/components/Menu) / TsDeclClass(Menu) / TsTypeRef())] 
[debug] DefaultedTParams.scala:29 Defaulting type parameter TsIdentSimple(SS) at TreeScope(TsParsedFile() / TsDeclModule(react-select/lib/components/Menu) / TsDeclClass(MenuPortal) / TsTypeRef()) [id => react-select, phase => typescript, scope => TreeScope(TsParsedFile() / TsDeclModule(react-select/lib/components/Menu) / TsDeclClass(MenuPortal) / TsTypeRef())] 
[debug] DefaultedTParams.scala:29 Defaulting type parameter TsIdentSimple(S) at TreeScope(TsParsedFile() / TsDeclModule(react-select/lib/components/MultiValue) / TsDeclClass(MultiValueRemove) / TsTypeRef()) [id => react-select, phase => typescript, scope => TreeScope(TsParsedFile() / TsDeclModule(react-select/lib/components/MultiValue) / TsDeclClass(MultiValueRemove) / TsTypeRef())] 
[debug] DefaultedTParams.scala:29 Defaulting type parameter TsIdentSimple(SS) at TreeScope(TsParsedFile() / TsDeclModule(react-select/lib/components/MultiValue) / TsDeclClass(MultiValueRemove) / TsTypeRef()) [id => react-select, phase => typescript, scope => TreeScope(TsParsedFile() / TsDeclModule(react-select/lib/components/MultiValue) / TsDeclClass(MultiValueRemove) / TsTypeRef())] 
[debug] DefaultedTParams.scala:29 Defaulting type parameter TsIdentSimple(S) at TreeScope(TsParsedFile() / TsDeclModule(react-select/lib/components/MultiValue) / TsDeclClass(MultiValue) / TsTypeRef()) [id => react-select, phase => typescript, scope => TreeScope(TsParsedFile() / TsDeclModule(react-select/lib/components/MultiValue) / TsDeclClass(MultiValue) / TsTypeRef())] 
[debug] DefaultedTParams.scala:29 Defaulting type parameter TsIdentSimple(SS) at TreeScope(TsParsedFile() / TsDeclModule(react-select/lib/components/MultiValue) / TsDeclClass(MultiValue) / TsTypeRef()) [id => react-select, phase => typescript, scope => TreeScope(TsParsedFile() / TsDeclModule(react-select/lib/components/MultiValue) / TsDeclClass(MultiValue) / TsTypeRef())] 
[debug] DefaultedTParams.scala:29 Defaulting type parameter TsIdentSimple(T) at TreeScope(TsParsedFile() / TsDeclModule(react-select/lib/components/Option) / TsDeclInterface(InnerProps) / TsMemberProperty(onClick) / TsTypeRef()) [id => react-select, phase => typescript, scope => TreeScope(TsParsedFile() / TsDeclModule(react-select/lib/components/Option) / TsDeclInterface(InnerProps) / TsMemberProperty(onClick) / TsTypeRef())] 
[debug] DefaultedTParams.scala:29 Defaulting type parameter TsIdentSimple(T) at TreeScope(TsParsedFile() / TsDeclModule(react-select/lib/components/Option) / TsDeclInterface(InnerProps) / TsMemberProperty(onMouseOver) / TsTypeRef()) [id => react-select, phase => typescript, scope => TreeScope(TsParsedFile() / TsDeclModule(react-select/lib/components/Option) / TsDeclInterface(InnerProps) / TsMemberProperty(onMouseOver) / TsTypeRef())] 
[debug] DefaultedTParams.scala:29 Defaulting type parameter TsIdentSimple(S) at TreeScope(TsParsedFile() / TsDeclModule(react-select/lib/components/containers) / TsDeclClass(ValueContainer) / TsTypeRef()) [id => react-select, phase => typescript, scope => TreeScope(TsParsedFile() / TsDeclModule(react-select/lib/components/containers) / TsDeclClass(ValueContainer) / TsTypeRef())] 
[debug] DefaultedTParams.scala:29 Defaulting type parameter TsIdentSimple(SS) at TreeScope(TsParsedFile() / TsDeclModule(react-select/lib/components/containers) / TsDeclClass(ValueContainer) / TsTypeRef()) [id => react-select, phase => typescript, scope => TreeScope(TsParsedFile() / TsDeclModule(react-select/lib/components/containers) / TsDeclClass(ValueContainer) / TsTypeRef())] 
[info ] ExtractInterfaces.scala:30 Extracted anonymous interface TsIdentSimple(Anon_IsFocused) [id => react-select, phase => typescript, scope => TreeScope(TsParsedFile() / TsDeclModule(react-select/lib/types) / TsDeclTypeAlias(OptionProps) / TsTypeIntersect() / TsTypeObject())] 
[info ] ExtractInterfaces.scala:30 Extracted anonymous interface TsIdentSimple(Anon_GetPortalPlacement) [id => react-select, phase => typescript, scope => TreeScope(TsParsedFile() / TsDeclModule(react-select/lib/components/Menu) / TsDeclClass(Menu) / TsMemberProperty(contextTypes) / TsTypeObject())] 
[info ] ExtractInterfaces.scala:30 Extracted anonymous interface TsIdentSimple(Anon_GetPortalPlacement) [id => react-select, phase => typescript, scope => TreeScope(TsParsedFile() / TsDeclModule(react-select/lib/components/Menu) / TsDeclClass(MenuPortal) / TsMemberFunction(getChildContext) / TsFunSig() / TsTypeObject())] 
[info ] ExtractInterfaces.scala:30 Extracted anonymous interface TsIdentSimple(Anon_GetPortalPlacement) [id => react-select, phase => typescript, scope => TreeScope(TsParsedFile() / TsDeclModule(react-select/lib/components/Menu) / TsDeclClass(MenuPortal) / TsMemberProperty(childContextTypes) / TsTypeObject())] 
[info ] ExtractInterfaces.scala:30 Extracted anonymous interface TsIdentSimple(Anon_Children) [id => react-select, phase => typescript, scope => TreeScope(TsParsedFile() / TsDeclModule(react-select/lib/components/Menu) / TsDeclTypeAlias(NoticeProps) / TsTypeIntersect() / TsTypeObject())] 
[info ] ExtractInterfaces.scala:30 Extracted anonymous interface TsIdentSimple(Anon_ChildrenControlElement) [id => react-select, phase => typescript, scope => TreeScope(TsParsedFile() / TsDeclModule(react-select/lib/components/Menu) / TsDeclTypeAlias(MenuPortalProps) / TsTypeIntersect() / TsTypeObject())] 
[info ] ExtractInterfaces.scala:30 Extracted anonymous interface TsIdentSimple(Anon_GetPortalPlacement) [id => react-select, phase => typescript, scope => TreeScope(TsParsedFile() / TsDeclModule(react-select/lib/components/Menu) / TsDeclClass(default) / TsMemberProperty(contextTypes) / TsTypeObject())] 
[info ] ExtractInterfaces.scala:30 Extracted anonymous interface TsIdentSimple(Anon_ChildrenMinMenuHeight) [id => react-select, phase => typescript, scope => TreeScope(TsParsedFile() / TsDeclModule(react-select/lib/components/Menu) / TsDeclTypeAlias(MenuProps) / TsTypeIntersect() / TsTypeObject())] 
[info ] ExtractInterfaces.scala:30 Extracted anonymous interface TsIdentSimple(Anon_OnExited) [id => react-select, phase => typescript, scope => TreeScope(TsParsedFile() / TsDeclModule(react-select/lib/animated/MultiValue) / TsDeclTypeAlias(AnimatedMultiValueProps) / TsTypeIntersect() / TsTypeObject())] 
[info ] ExtractInterfaces.scala:30 Extracted anonymous interface TsIdentSimple(Anon_ChildrenIsFocused) [id => react-select, phase => typescript, scope => TreeScope(TsParsedFile() / TsDeclModule(react-select/lib/components/indicators) / TsDeclTypeAlias(IndicatorProps) / TsTypeIntersect() / TsTypeObject())] 
[info ] ExtractInterfaces.scala:30 Extracted anonymous interface TsIdentSimple(Anon_Size) [id => react-select, phase => typescript, scope => TreeScope(TsParsedFile() / TsDeclModule(react-select/lib/components/indicators) / TsDeclFunction(loadingIndicatorCSS) / TsFunSig() / TsFunParam() / TsTypeObject())] 
[info ] ExtractInterfaces.scala:30 Extracted anonymous interface TsIdentSimple(Anon_IsFocusedIsRtl) [id => react-select, phase => typescript, scope => TreeScope(TsParsedFile() / TsDeclModule(react-select/lib/components/indicators) / TsDeclTypeAlias(LoadingIconProps) / TsTypeIntersect() / TsTypeObject())] 
[info ] ExtractInterfaces.scala:30 Extracted anonymous interface TsIdentSimple(Anon_SizeNumber) [id => react-select, phase => typescript, scope => TreeScope(TsParsedFile() / TsDeclModule(react-select/lib/components/indicators) / TsDeclTypeAlias(LoadingIconProps) / TsTypeIntersect() / TsTypeObject())] 
[info ] ExtractInterfaces.scala:30 Extracted anonymous interface TsIdentSimple(Anon_InnerRef) [id => react-select, phase => typescript, scope => TreeScope(TsParsedFile() / TsDeclModule(react-select/lib/components/Input) / TsDeclTypeAlias(InputProps) / TsTypeIntersect() / TsTypeObject())] 
[info ] ExtractInterfaces.scala:30 Extracted anonymous interface TsIdentSimple(Anon_Value) [id => react-select, phase => typescript, scope => TreeScope(TsParsedFile() / TsDeclModule(react-select/lib/Select) / TsDeclInterface(Props) / TsTypeParam() / TsTypeObject())] 
[info ] ExtractInterfaces.scala:30 Extracted anonymous interface TsIdentSimple(Anon_Count) [id => react-select, phase => typescript, scope => TreeScope(TsParsedFile() / TsDeclModule(react-select/lib/Select) / TsDeclInterface(Props) / TsMemberFunction(screenReaderStatus) / TsFunSig() / TsFunParam() / TsTypeObject())] 
[info ] ExtractInterfaces.scala:30 Extracted anonymous interface TsIdentSimple(Anon_InputValue) [id => react-select, phase => typescript, scope => TreeScope(TsParsedFile() / TsDeclModule(react-select/lib/Select) / TsDeclInterface(Props) / TsMemberFunction(loadingMessage) / TsFunSig() / TsFunParam() / TsTypeObject())] 
[info ] ExtractInterfaces.scala:30 Extracted anonymous interface TsIdentSimple(Anon_InputValue) [id => react-select, phase => typescript, scope => TreeScope(TsParsedFile() / TsDeclModule(react-select/lib/Select) / TsDeclInterface(Props) / TsMemberFunction(noOptionsMessage) / TsFunSig() / TsFunParam() / TsTypeObject())] 
[info ] ExtractInterfaces.scala:30 Extracted anonymous interface TsIdentSimple(Anon_Event) [id => react-select, phase => typescript, scope => TreeScope(TsParsedFile() / TsDeclModule(react-select/lib/Select) / TsDeclInterface(Select) / TsMemberFunction(announceAriaLiveSelection) / TsFunSig() / TsFunParam() / TsTypeObject())] 
[info ] ExtractInterfaces.scala:30 Extracted anonymous interface TsIdentSimple(Anon_EventContext) [id => react-select, phase => typescript, scope => TreeScope(TsParsedFile() / TsDeclModule(react-select/lib/Select) / TsDeclInterface(Select) / TsMemberFunction(announceAriaLiveContext) / TsFunSig() / TsFunParam() / TsTypeObject())] 
[info ] ExtractInterfaces.scala:30 Extracted anonymous interface TsIdentSimple(Anon_ChildrenReactNode) [id => react-select, phase => typescript, scope => TreeScope(TsParsedFile() / TsDeclModule(react-select/lib/Select) / TsDeclInterface(Select) / TsMemberFunction(getCommonProps) / TsFunSig() / TsTypeObject() / TsMemberProperty(selectProps) / TsTypeIntersect() / TsTypeRef() / TsTypeObject())] 
[info ] ExtractInterfaces.scala:30 Extracted anonymous interface TsIdentSimple(Anon_SelectProps) [id => react-select, phase => typescript, scope => TreeScope(TsParsedFile() / TsDeclModule(react-select/lib/Select) / TsDeclInterface(Select) / TsMemberFunction(getCommonProps) / TsFunSig() / TsTypeObject())] 
[info ] ExtractInterfaces.scala:30 Extracted anonymous interface TsIdentSimple(Anon_InnerRefChildren) [id => react-select, phase => typescript, scope => TreeScope(TsParsedFile() / TsDeclModule(react-select/lib/components/Option) / TsDeclTypeAlias(OptionProps) / TsTypeIntersect() / TsTypeObject())] 
[info ] ExtractInterfaces.scala:30 Extracted anonymous interface TsIdentSimple(Anon_ClassName) [id => react-select, phase => typescript, scope => TreeScope(TsParsedFile() / TsDeclModule(react-select/lib/components/MultiValue) / TsDeclTypeAlias(MultiValueRemoveProps) / TsTypeIntersect() / TsTypeObject() / TsMemberProperty(innerProps) / TsTypeObject())] 
[info ] ExtractInterfaces.scala:30 Extracted anonymous interface TsIdentSimple(Anon_ChildrenSelectProps) [id => react-select, phase => typescript, scope => TreeScope(TsParsedFile() / TsDeclModule(react-select/lib/components/MultiValue) / TsDeclTypeAlias(MultiValueRemoveProps) / TsTypeIntersect() / TsTypeObject())] 
[info ] ExtractInterfaces.scala:30 Extracted anonymous interface TsIdentSimple(Anon_CropWithEllipsis) [id => react-select, phase => typescript, scope => TreeScope(TsParsedFile() / TsDeclModule(react-select/lib/components/MultiValue) / TsDeclClass(MultiValue) / TsMemberProperty(defaultProps) / TsTypeObject())] 
[info ] ExtractInterfaces.scala:30 Extracted anonymous interface TsIdentSimple(Anon_OnMouseDown) [id => react-select, phase => typescript, scope => TreeScope(TsParsedFile() / TsDeclModule(react-select/lib/components/MultiValue) / TsDeclTypeAlias(MultiValueProps) / TsTypeIntersect() / TsTypeObject() / TsMemberProperty(removeProps) / TsTypeObject())] 
[info ] ExtractInterfaces.scala:30 Extracted anonymous interface TsIdentSimple(Anon_IsFocusedChildren) [id => react-select, phase => typescript, scope => TreeScope(TsParsedFile() / TsDeclModule(react-select/lib/components/MultiValue) / TsDeclTypeAlias(MultiValueProps) / TsTypeIntersect() / TsTypeObject())] 
[info ] ExtractInterfaces.scala:30 Extracted anonymous interface TsIdentSimple(Anon_ClassNameString) [id => react-select, phase => typescript, scope => TreeScope(TsParsedFile() / TsDeclModule(react-select/lib/components/MultiValue) / TsDeclInterface(MultiValueGenericProps) / TsMemberProperty(innerProps) / TsTypeObject())] 
[info ] ExtractInterfaces.scala:30 Extracted anonymous interface TsIdentSimple(Anon_CropWithEllipsis) [id => react-select, phase => typescript, scope => TreeScope(TsParsedFile() / TsDeclModule(react-select/lib/components/MultiValue) / TsDeclClass(default) / TsMemberProperty(defaultProps) / TsTypeObject())] 
[info ] ExtractInterfaces.scala:30 Extracted anonymous interface TsIdentSimple(Anon_ChildrenReactNode_1719049753) [id => react-select, phase => typescript, scope => TreeScope(TsParsedFile() / TsDeclModule(react-select/lib/components/MultiValue) / TsDeclClass(MultiValueRemove) / TsMemberProperty(defaultProps) / TsTypeObject())] 
[info ] ExtractInterfaces.scala:30 Extracted anonymous interface TsIdentSimple(Anon_Bottom) [id => react-select, phase => typescript, scope => TreeScope(TsParsedFile() / TsDeclModule(react-select/lib/utils) / TsDeclFunction(getBoundingClientObj) / TsFunSig() / TsTypeObject())] 
[info ] ExtractInterfaces.scala:30 Extracted anonymous interface TsIdentSimple(Anon_Component) [id => react-select, phase => typescript, scope => TreeScope(TsParsedFile() / TsDeclModule(react-select/lib/animated/transitions) / TsDeclTypeAlias(FadeProps) / TsTypeIntersect() / TsTypeObject())] 
[info ] ExtractInterfaces.scala:30 Extracted anonymous interface TsIdentSimple(Anon_Exited) [id => react-select, phase => typescript, scope => TreeScope(TsParsedFile() / TsDeclModule(react-select/lib/animated/transitions) / TsDeclClass(Collapse) / TsMemberProperty(transition) / TsTypeObject())] 
[info ] ExtractInterfaces.scala:30 Extracted anonymous interface TsIdentSimple(Anon_Neutral4) [id => react-select, phase => typescript, scope => TreeScope(TsParsedFile() / TsDeclModule(react-select/lib/theme) / TsDeclVar(colors) / TsTypeObject())] 
[info ] ExtractInterfaces.scala:30 Extracted anonymous interface TsIdentSimple(Anon_ControlHeight) [id => react-select, phase => typescript, scope => TreeScope(TsParsedFile() / TsDeclModule(react-select/lib/theme) / TsDeclVar(spacing) / TsTypeObject())] 
[info ] ExtractInterfaces.scala:30 Extracted anonymous interface TsIdentSimple(Anon_ChildrenIsMulti) [id => react-select, phase => typescript, scope => TreeScope(TsParsedFile() / TsDeclModule(react-select/lib/components/containers) / TsDeclTypeAlias(ValueContainerProps) / TsTypeIntersect() / TsTypeObject())] 
[info ] ExtractInterfaces.scala:30 Extracted anonymous interface TsIdentSimple(Anon_OnKeyDown) [id => react-select, phase => typescript, scope => TreeScope(TsParsedFile() / TsDeclModule(react-select/lib/components/containers) / TsDeclTypeAlias(ContainerProps) / TsTypeIntersect() / TsTypeObject() / TsMemberProperty(innerProps) / TsTypeObject())] 
[info ] ExtractInterfaces.scala:30 Extracted anonymous interface TsIdentSimple(Anon_ChildrenInnerProps) [id => react-select, phase => typescript, scope => TreeScope(TsParsedFile() / TsDeclModule(react-select/lib/components/containers) / TsDeclTypeAlias(ContainerProps) / TsTypeIntersect() / TsTypeObject())] 
[info ] ExtractInterfaces.scala:30 Extracted anonymous interface TsIdentSimple(Anon_ChildrenReactNode_1719049753) [id => react-select, phase => typescript, scope => TreeScope(TsParsedFile() / TsDeclModule(react-select/lib/components/containers) / TsDeclTypeAlias(IndicatorContainerProps) / TsTypeIntersect() / TsTypeObject())] 
[info ] ExtractInterfaces.scala:30 Extracted anonymous interface TsIdentSimple(Anon_Children) [id => react-select, phase => typescript, scope => TreeScope(TsParsedFile() / TsDeclModule(react-select/lib/components/Placeholder) / TsDeclTypeAlias(PlaceholderProps) / TsTypeIntersect() / TsTypeObject())] 
[info ] ExtractInterfaces.scala:30 Extracted anonymous interface TsIdentSimple(Anon_OnMouseDownEvent) [id => react-select, phase => typescript, scope => TreeScope(TsParsedFile() / TsDeclModule(react-select/lib/components/Control) / TsDeclTypeAlias(ControlProps) / TsTypeIntersect() / TsTypeObject() / TsMemberProperty(innerProps) / TsTypeObject())] 
[info ] ExtractInterfaces.scala:30 Extracted anonymous interface TsIdentSimple(Anon_ChildrenInnerRef) [id => react-select, phase => typescript, scope => TreeScope(TsParsedFile() / TsDeclModule(react-select/lib/components/Control) / TsDeclTypeAlias(ControlProps) / TsTypeIntersect() / TsTypeObject())] 
[debug] PhaseRunner.scala:78 Success [id => react-select, phase => typescript] 
[warn ] Phase2ToScalaJs.scala:34 Processing TsIdentLibrarySimple(react-select) [id => react-select, phase => scala.js] 
[debug] PhaseRunner.scala:78 Success [id => react-select, phase => scala.js] 
[warn ] PhaseRunner.scala:64 Failed because of, [node => Compilation failed] [id => react-select, phase => build] 
[debug] PhaseRunner.scala:82 Failure, [node => Compilation failed] [id => react-select, phase => build] 
