[info ] InferredDependency.scala:20 Inferred dependencies Set(TsIdentLibrarySimple(react)) for TsIdentLibrarySimple(react-native-vector-icons) [id => react-native-vector-icons, phase => typescript, file => ../types/react-native-vector-icons/Icon.d.ts] 
[debug] PhaseRunner.scala:78 Success [id => react-native-vector-icons, phase => typescript] 
[debug] PhaseRunner.scala:78 Success [id => react-native-vector-icons, phase => typescript] 
[debug] PhaseRunner.scala:78 Success [id => react-native-vector-icons, phase => typescript] 
[debug] PhaseRunner.scala:78 Success [id => react-native-vector-icons, phase => typescript] 
[debug] PhaseRunner.scala:78 Success [id => react-native-vector-icons, phase => typescript] 
[debug] PhaseRunner.scala:78 Success [id => react-native-vector-icons, phase => typescript] 
[debug] PhaseRunner.scala:78 Success [id => react-native-vector-icons, phase => typescript] 
[debug] PhaseRunner.scala:78 Success [id => react-native-vector-icons, phase => typescript] 
[debug] PhaseRunner.scala:78 Success [id => react-native-vector-icons, phase => typescript] 
[debug] PhaseRunner.scala:78 Success [id => react-native-vector-icons, phase => typescript] 
[debug] PhaseRunner.scala:78 Success [id => react-native-vector-icons, phase => typescript] 
[debug] PhaseRunner.scala:78 Success [id => react-native-vector-icons, phase => typescript] 
[debug] PhaseRunner.scala:78 Success [id => react-native-vector-icons, phase => typescript] 
[debug] PhaseRunner.scala:78 Success [id => react-native-vector-icons, phase => typescript] 
[debug] PhaseRunner.scala:78 Success [id => react-native-vector-icons, phase => typescript] 
[info ] Phase1ReadTypescript.scala:152 Preprocessing TsHelperFile(InFile(/home/tso/tmp/tso-cache/DefinitelyTyped/types/react-native-vector-icons/Entypo.d.ts),FromFolder(InFolder(/home/tso/tmp/tso-cache/DefinitelyTyped/types/react-native-vector-icons),TsIdentLibrarySimple(react-native-vector-icons)),TsIdentModule(None,List(react-native-vector-icons, Entypo))) [id => react-native-vector-icons, phase => typescript] 
[info ] InferredDefaultModule.scala:39 Inferred module TsIdentModule(None,List(react-native-vector-icons, Entypo)) [id => react-native-vector-icons, phase => typescript] 
[info ] Phase1ReadTypescript.scala:152 Preprocessing TsHelperFile(InFile(/home/tso/tmp/tso-cache/DefinitelyTyped/types/react-native-vector-icons/EvilIcons.d.ts),FromFolder(InFolder(/home/tso/tmp/tso-cache/DefinitelyTyped/types/react-native-vector-icons),TsIdentLibrarySimple(react-native-vector-icons)),TsIdentModule(None,List(react-native-vector-icons, EvilIcons))) [id => react-native-vector-icons, phase => typescript] 
[info ] InferredDefaultModule.scala:39 Inferred module TsIdentModule(None,List(react-native-vector-icons, EvilIcons)) [id => react-native-vector-icons, phase => typescript] 
[info ] Phase1ReadTypescript.scala:152 Preprocessing TsHelperFile(InFile(/home/tso/tmp/tso-cache/DefinitelyTyped/types/react-native-vector-icons/Feather.d.ts),FromFolder(InFolder(/home/tso/tmp/tso-cache/DefinitelyTyped/types/react-native-vector-icons),TsIdentLibrarySimple(react-native-vector-icons)),TsIdentModule(None,List(react-native-vector-icons, Feather))) [id => react-native-vector-icons, phase => typescript] 
[info ] InferredDefaultModule.scala:39 Inferred module TsIdentModule(None,List(react-native-vector-icons, Feather)) [id => react-native-vector-icons, phase => typescript] 
[info ] Phase1ReadTypescript.scala:152 Preprocessing TsHelperFile(InFile(/home/tso/tmp/tso-cache/DefinitelyTyped/types/react-native-vector-icons/FontAwesome.d.ts),FromFolder(InFolder(/home/tso/tmp/tso-cache/DefinitelyTyped/types/react-native-vector-icons),TsIdentLibrarySimple(react-native-vector-icons)),TsIdentModule(None,List(react-native-vector-icons, FontAwesome))) [id => react-native-vector-icons, phase => typescript] 
[info ] InferredDefaultModule.scala:39 Inferred module TsIdentModule(None,List(react-native-vector-icons, FontAwesome)) [id => react-native-vector-icons, phase => typescript] 
[info ] Phase1ReadTypescript.scala:152 Preprocessing TsHelperFile(InFile(/home/tso/tmp/tso-cache/DefinitelyTyped/types/react-native-vector-icons/FontAwesome5.d.ts),FromFolder(InFolder(/home/tso/tmp/tso-cache/DefinitelyTyped/types/react-native-vector-icons),TsIdentLibrarySimple(react-native-vector-icons)),TsIdentModule(None,List(react-native-vector-icons, FontAwesome5))) [id => react-native-vector-icons, phase => typescript] 
[info ] InferredDefaultModule.scala:39 Inferred module TsIdentModule(None,List(react-native-vector-icons, FontAwesome5)) [id => react-native-vector-icons, phase => typescript] 
[info ] Phase1ReadTypescript.scala:152 Preprocessing TsHelperFile(InFile(/home/tso/tmp/tso-cache/DefinitelyTyped/types/react-native-vector-icons/FontAwesome5Pro.d.ts),FromFolder(InFolder(/home/tso/tmp/tso-cache/DefinitelyTyped/types/react-native-vector-icons),TsIdentLibrarySimple(react-native-vector-icons)),TsIdentModule(None,List(react-native-vector-icons, FontAwesome5Pro))) [id => react-native-vector-icons, phase => typescript] 
[info ] InferredDefaultModule.scala:39 Inferred module TsIdentModule(None,List(react-native-vector-icons, FontAwesome5Pro)) [id => react-native-vector-icons, phase => typescript] 
[info ] Phase1ReadTypescript.scala:152 Preprocessing TsHelperFile(InFile(/home/tso/tmp/tso-cache/DefinitelyTyped/types/react-native-vector-icons/Foundation.d.ts),FromFolder(InFolder(/home/tso/tmp/tso-cache/DefinitelyTyped/types/react-native-vector-icons),TsIdentLibrarySimple(react-native-vector-icons)),TsIdentModule(None,List(react-native-vector-icons, Foundation))) [id => react-native-vector-icons, phase => typescript] 
[info ] InferredDefaultModule.scala:39 Inferred module TsIdentModule(None,List(react-native-vector-icons, Foundation)) [id => react-native-vector-icons, phase => typescript] 
[info ] Phase1ReadTypescript.scala:152 Preprocessing TsHelperFile(InFile(/home/tso/tmp/tso-cache/DefinitelyTyped/types/react-native-vector-icons/Icon.d.ts),FromFolder(InFolder(/home/tso/tmp/tso-cache/DefinitelyTyped/types/react-native-vector-icons),TsIdentLibrarySimple(react-native-vector-icons)),TsIdentModule(None,List(react-native-vector-icons, Icon))) [id => react-native-vector-icons, phase => typescript] 
[info ] InferredDefaultModule.scala:39 Inferred module TsIdentModule(None,List(react-native-vector-icons, Icon)) [id => react-native-vector-icons, phase => typescript] 
[info ] Phase1ReadTypescript.scala:152 Preprocessing TsHelperFile(InFile(/home/tso/tmp/tso-cache/DefinitelyTyped/types/react-native-vector-icons/Ionicons.d.ts),FromFolder(InFolder(/home/tso/tmp/tso-cache/DefinitelyTyped/types/react-native-vector-icons),TsIdentLibrarySimple(react-native-vector-icons)),TsIdentModule(None,List(react-native-vector-icons, Ionicons))) [id => react-native-vector-icons, phase => typescript] 
[info ] InferredDefaultModule.scala:39 Inferred module TsIdentModule(None,List(react-native-vector-icons, Ionicons)) [id => react-native-vector-icons, phase => typescript] 
[info ] Phase1ReadTypescript.scala:152 Preprocessing TsHelperFile(InFile(/home/tso/tmp/tso-cache/DefinitelyTyped/types/react-native-vector-icons/MaterialCommunityIcons.d.ts),FromFolder(InFolder(/home/tso/tmp/tso-cache/DefinitelyTyped/types/react-native-vector-icons),TsIdentLibrarySimple(react-native-vector-icons)),TsIdentModule(None,List(react-native-vector-icons, MaterialCommunityIcons))) [id => react-native-vector-icons, phase => typescript] 
[info ] InferredDefaultModule.scala:39 Inferred module TsIdentModule(None,List(react-native-vector-icons, MaterialCommunityIcons)) [id => react-native-vector-icons, phase => typescript] 
[info ] Phase1ReadTypescript.scala:152 Preprocessing TsHelperFile(InFile(/home/tso/tmp/tso-cache/DefinitelyTyped/types/react-native-vector-icons/MaterialIcons.d.ts),FromFolder(InFolder(/home/tso/tmp/tso-cache/DefinitelyTyped/types/react-native-vector-icons),TsIdentLibrarySimple(react-native-vector-icons)),TsIdentModule(None,List(react-native-vector-icons, MaterialIcons))) [id => react-native-vector-icons, phase => typescript] 
[info ] InferredDefaultModule.scala:39 Inferred module TsIdentModule(None,List(react-native-vector-icons, MaterialIcons)) [id => react-native-vector-icons, phase => typescript] 
[info ] Phase1ReadTypescript.scala:152 Preprocessing TsHelperFile(InFile(/home/tso/tmp/tso-cache/DefinitelyTyped/types/react-native-vector-icons/Octicons.d.ts),FromFolder(InFolder(/home/tso/tmp/tso-cache/DefinitelyTyped/types/react-native-vector-icons),TsIdentLibrarySimple(react-native-vector-icons)),TsIdentModule(None,List(react-native-vector-icons, Octicons))) [id => react-native-vector-icons, phase => typescript] 
[info ] InferredDefaultModule.scala:39 Inferred module TsIdentModule(None,List(react-native-vector-icons, Octicons)) [id => react-native-vector-icons, phase => typescript] 
[info ] Phase1ReadTypescript.scala:152 Preprocessing TsHelperFile(InFile(/home/tso/tmp/tso-cache/DefinitelyTyped/types/react-native-vector-icons/SimpleLineIcons.d.ts),FromFolder(InFolder(/home/tso/tmp/tso-cache/DefinitelyTyped/types/react-native-vector-icons),TsIdentLibrarySimple(react-native-vector-icons)),TsIdentModule(None,List(react-native-vector-icons, SimpleLineIcons))) [id => react-native-vector-icons, phase => typescript] 
[info ] InferredDefaultModule.scala:39 Inferred module TsIdentModule(None,List(react-native-vector-icons, SimpleLineIcons)) [id => react-native-vector-icons, phase => typescript] 
[info ] Phase1ReadTypescript.scala:152 Preprocessing TsHelperFile(InFile(/home/tso/tmp/tso-cache/DefinitelyTyped/types/react-native-vector-icons/Zocial.d.ts),FromFolder(InFolder(/home/tso/tmp/tso-cache/DefinitelyTyped/types/react-native-vector-icons),TsIdentLibrarySimple(react-native-vector-icons)),TsIdentModule(None,List(react-native-vector-icons, Zocial))) [id => react-native-vector-icons, phase => typescript] 
[info ] InferredDefaultModule.scala:39 Inferred module TsIdentModule(None,List(react-native-vector-icons, Zocial)) [id => react-native-vector-icons, phase => typescript] 
[info ] Phase1ReadTypescript.scala:152 Preprocessing TsHelperFile(InFile(/home/tso/tmp/tso-cache/DefinitelyTyped/types/react-native-vector-icons/index.d.ts),FromFolder(InFolder(/home/tso/tmp/tso-cache/DefinitelyTyped/types/react-native-vector-icons),TsIdentLibrarySimple(react-native-vector-icons)),TsIdentModule(None,List(react-native-vector-icons))) [id => react-native-vector-icons, phase => typescript] 
[info ] InferredDefaultModule.scala:39 Inferred module TsIdentModule(None,List(react-native-vector-icons)) [id => react-native-vector-icons, phase => typescript] 
[warn ] Phase1ReadTypescript.scala:190 Processing TsIdentLibrarySimple(react-native-vector-icons) [id => react-native-vector-icons, phase => typescript] 
[info ] ResolveTypeQueries.scala:94 Resolved TsTypeQuery(TsQIdent(List(TsIdentLibrarySimple(react-native-vector-icons), TsIdentModule(None,List(react-native-vector-icons, FontAwesome5)), TsIdentSimple(FA5Style)))) [id => react-native-vector-icons, phase => typescript, scope => TreeScope(TsParsedFile() / TsDeclModule(react-native-vector-icons/FontAwesome5) / TsExport() / TsExporteeTree() / TsDeclTypeAlias(FontAwesome5IconVariants) / TsTypeKeyOf() / TsTypeRef() / TsTypeQuery())] 
[info ] ResolveTypeQueries.scala:94 Resolved TsTypeQuery(TsQIdent(List(TsIdentLibrarySimple(react-native-vector-icons), TsIdentModule(None,List(react-native-vector-icons, FontAwesome5)), TsIdentSimple(FA5Style)))) [id => react-native-vector-icons, phase => typescript, scope => TreeScope(TsParsedFile() / TsDeclModule(react-native-vector-icons/FontAwesome5) / TsExport() / TsExporteeTree() / TsDeclClass(FontAwesome5Icon) / TsMemberFunction(getImageSource) / TsFunSig() / TsFunParam() / TsTypeRef() / TsTypeQuery())] 
[info ] ResolveTypeQueries.scala:94 Resolved TsTypeQuery(TsQIdent(List(TsIdentLibrarySimple(react-native-vector-icons), TsIdentModule(None,List(react-native-vector-icons, Icon)), TsIdentSimple(Icon)))) [id => react-native-vector-icons, phase => typescript, scope => TreeScope(TsParsedFile() / TsDeclModule(react-native-vector-icons) / TsExport() / TsExporteeTree() / TsDeclFunction(createIconSet) / TsFunSig() / TsTypeQuery())] 
[info ] ResolveTypeQueries.scala:94 Resolved TsTypeQuery(TsQIdent(List(TsIdentLibrarySimple(react-native-vector-icons), TsIdentModule(None,List(react-native-vector-icons, Icon)), TsIdentSimple(Icon)))) [id => react-native-vector-icons, phase => typescript, scope => TreeScope(TsParsedFile() / TsDeclModule(react-native-vector-icons) / TsExport() / TsExporteeTree() / TsDeclFunction(createIconSetFromFontello) / TsFunSig() / TsTypeQuery())] 
[info ] ResolveTypeQueries.scala:94 Resolved TsTypeQuery(TsQIdent(List(TsIdentLibrarySimple(react-native-vector-icons), TsIdentModule(None,List(react-native-vector-icons, Icon)), TsIdentSimple(Icon)))) [id => react-native-vector-icons, phase => typescript, scope => TreeScope(TsParsedFile() / TsDeclModule(react-native-vector-icons) / TsExport() / TsExporteeTree() / TsDeclFunction(createIconSetFromIcoMoon) / TsFunSig() / TsTypeQuery())] 
[info ] PreferTypeAlias.scala:112 Simplified to type alias [id => react-native-vector-icons, phase => typescript, scope => TreeScope(TsParsedFile() / TsDeclModule(react-native-vector-icons/FontAwesome5) / TsDeclInterface(FontAwesome5Icon))] 
[debug] DefaultedTParams.scala:29 Defaulting type parameter TsIdentSimple(SS) at TreeScope(TsParsedFile() / TsDeclModule(react-native-vector-icons/FontAwesome5) / TsDeclTypeAlias(FontAwesome5Icon) / TsTypeRef()) [id => react-native-vector-icons, phase => typescript, scope => TreeScope(TsParsedFile() / TsDeclModule(react-native-vector-icons/FontAwesome5) / TsDeclTypeAlias(FontAwesome5Icon) / TsTypeRef())] 
[debug] DefaultedTParams.scala:29 Defaulting type parameter TsIdentSimple(SS) at TreeScope(TsParsedFile() / TsDeclModule(react-native-vector-icons/Icon) / TsDeclClass(Icon) / TsTypeRef()) [id => react-native-vector-icons, phase => typescript, scope => TreeScope(TsParsedFile() / TsDeclModule(react-native-vector-icons/Icon) / TsDeclClass(Icon) / TsTypeRef())] 
[debug] DefaultedTParams.scala:29 Defaulting type parameter TsIdentSimple(SS) at TreeScope(TsParsedFile() / TsDeclModule(react-native-vector-icons/Icon) / TsDeclNamespace(Icon) / TsDeclClass(ToolbarAndroid) / TsTypeRef()) [id => react-native-vector-icons, phase => typescript, scope => TreeScope(TsParsedFile() / TsDeclModule(react-native-vector-icons/Icon) / TsDeclNamespace(Icon) / TsDeclClass(ToolbarAndroid) / TsTypeRef())] 
[debug] DefaultedTParams.scala:29 Defaulting type parameter TsIdentSimple(SS) at TreeScope(TsParsedFile() / TsDeclModule(react-native-vector-icons/Icon) / TsDeclNamespace(Icon) / TsDeclClass(TabBarItem) / TsTypeRef()) [id => react-native-vector-icons, phase => typescript, scope => TreeScope(TsParsedFile() / TsDeclModule(react-native-vector-icons/Icon) / TsDeclNamespace(Icon) / TsDeclClass(TabBarItem) / TsTypeRef())] 
[debug] DefaultedTParams.scala:29 Defaulting type parameter TsIdentSimple(SS) at TreeScope(TsParsedFile() / TsDeclModule(react-native-vector-icons/Icon) / TsDeclNamespace(Icon) / TsDeclClass(TabBarItemIOS) / TsTypeRef()) [id => react-native-vector-icons, phase => typescript, scope => TreeScope(TsParsedFile() / TsDeclModule(react-native-vector-icons/Icon) / TsDeclNamespace(Icon) / TsDeclClass(TabBarItemIOS) / TsTypeRef())] 
[debug] DefaultedTParams.scala:29 Defaulting type parameter TsIdentSimple(SS) at TreeScope(TsParsedFile() / TsDeclModule(react-native-vector-icons/Icon) / TsDeclNamespace(Icon) / TsDeclClass(Button) / TsTypeRef()) [id => react-native-vector-icons, phase => typescript, scope => TreeScope(TsParsedFile() / TsDeclModule(react-native-vector-icons/Icon) / TsDeclNamespace(Icon) / TsDeclClass(Button) / TsTypeRef())] 
[info ] ExtractInterfaces.scala:30 Extracted anonymous interface TsIdentSimple(Anon_Regular) [id => react-native-vector-icons, phase => typescript, scope => TreeScope(TsParsedFile() / TsDeclModule(react-native-vector-icons/FontAwesome5) / TsDeclClass(default) / TsMemberFunction(getImageSource) / TsFunSig() / TsFunParam() / TsTypeRef() / TsTypeObject())] 
[info ] ExtractInterfaces.scala:30 Extracted anonymous interface TsIdentSimple(Anon_Regular) [id => react-native-vector-icons, phase => typescript, scope => TreeScope(TsParsedFile() / TsDeclModule(react-native-vector-icons/FontAwesome5) / TsDeclVar(FA5Style) / TsTypeObject())] 
[info ] ExtractInterfaces.scala:30 Extracted anonymous interface TsIdentSimple(Anon_Regular) [id => react-native-vector-icons, phase => typescript, scope => TreeScope(TsParsedFile() / TsDeclModule(react-native-vector-icons/FontAwesome5) / TsDeclTypeAlias(FontAwesome5IconVariants) / TsTypeKeyOf() / TsTypeRef() / TsTypeObject())] 
[info ] ExtractInterfaces.scala:30 Extracted anonymous interface TsIdentSimple(Anon_Regular) [id => react-native-vector-icons, phase => typescript, scope => TreeScope(TsParsedFile() / TsDeclModule(react-native-vector-icons/FontAwesome5Pro) / TsDeclClass(default) / TsMemberFunction(getImageSource) / TsFunSig() / TsFunParam() / TsTypeRef() / TsTypeObject())] 
[info ] ExtractInterfaces.scala:30 Extracted anonymous interface TsIdentSimple(Anon_Regular) [id => react-native-vector-icons, phase => typescript, scope => TreeScope(TsParsedFile() / TsDeclModule(react-native-vector-icons/FontAwesome5Pro) / TsDeclVar(FA5Style) / TsTypeObject())] 
[info ] ExtractInterfaces.scala:30 Extracted anonymous interface TsIdentSimple(Anon_TabBarItem) [id => react-native-vector-icons, phase => typescript, scope => TreeScope(TsParsedFile() / TsDeclModule(react-native-vector-icons) / TsDeclFunction(createIconSetFromIcoMoon) / TsFunSig() / TsTypeObject())] 
[info ] ExtractInterfaces.scala:30 Extracted anonymous interface TsIdentSimple(Anon_TabBarItem) [id => react-native-vector-icons, phase => typescript, scope => TreeScope(TsParsedFile() / TsDeclModule(react-native-vector-icons) / TsDeclFunction(createIconSetFromIcoMoon) / TsFunSig() / TsTypeObject())] 
[info ] ExtractInterfaces.scala:30 Extracted anonymous interface TsIdentSimple(Anon_TabBarItem) [id => react-native-vector-icons, phase => typescript, scope => TreeScope(TsParsedFile() / TsDeclModule(react-native-vector-icons) / TsDeclFunction(createIconSetFromIcoMoon) / TsFunSig() / TsTypeObject())] 
[info ] ExtractInterfaces.scala:30 Extracted anonymous interface TsIdentSimple(Anon_TabBarItem) [id => react-native-vector-icons, phase => typescript, scope => TreeScope(TsParsedFile() / TsDeclModule(react-native-vector-icons) / TsDeclFunction(createIconSet) / TsFunSig() / TsTypeObject())] 
[info ] ExtractInterfaces.scala:30 Extracted anonymous interface TsIdentSimple(Anon_TabBarItem) [id => react-native-vector-icons, phase => typescript, scope => TreeScope(TsParsedFile() / TsDeclModule(react-native-vector-icons) / TsDeclFunction(createIconSet) / TsFunSig() / TsTypeObject())] 
[info ] ExtractInterfaces.scala:30 Extracted anonymous interface TsIdentSimple(Anon_TabBarItem) [id => react-native-vector-icons, phase => typescript, scope => TreeScope(TsParsedFile() / TsDeclModule(react-native-vector-icons) / TsDeclFunction(createIconSetFromFontello) / TsFunSig() / TsTypeObject())] 
[info ] ExtractInterfaces.scala:30 Extracted anonymous interface TsIdentSimple(Anon_TabBarItem) [id => react-native-vector-icons, phase => typescript, scope => TreeScope(TsParsedFile() / TsDeclModule(react-native-vector-icons) / TsDeclFunction(createIconSetFromFontello) / TsFunSig() / TsTypeObject())] 
[info ] ExtractInterfaces.scala:30 Extracted anonymous interface TsIdentSimple(Anon_TabBarItem) [id => react-native-vector-icons, phase => typescript, scope => TreeScope(TsParsedFile() / TsDeclModule(react-native-vector-icons) / TsDeclFunction(createIconSetFromFontello) / TsFunSig() / TsTypeObject())] 
[debug] PhaseRunner.scala:78 Success [id => react-native-vector-icons, phase => typescript] 
[warn ] Phase2ToScalaJs.scala:34 Processing TsIdentLibrarySimple(react-native-vector-icons) [id => react-native-vector-icons, phase => scala.js] 
[info ] ImportType.scala:160 Failed type conversion: TsTypeLookup(TsTypeRef(TsQIdent(List(TsIdentSimple(T))),List()),Right(TsTypeKeyOf(TsTypeRef(TsQIdent(List(TsIdentSimple(T))),List())))) [id => react-native-vector-icons, phase => scala.js, scope => TreeScope(TsParsedFile() / TsDeclModule(react-native-vector-icons/FontAwesome5) / TsDeclTypeAlias(ValueOf) / TsTypeLookup())] 
[info ] RemoveMultipleInheritance.scala:39 Dropped parents List(reactDashNativeLib.reactDashNativeMod.TouchableNativeFeedbackProps because Would inherit conflicting mutable fields List(accessibilityComponentType, accessibilityLiveRegion, importantForAccessibility, accessibilityElementsHidden, accessibilityIgnoresInvertColors, accessibilityTraits, onAccessibilityTap, onMagicTap, accessibilityHint, accessibilityLabel, accessibilityRole, accessibilityStates, accessible, onLayout, onLongPress, onPress, style, testID), reactDashNativeLib.reactDashNativeMod.TouchableHighlightProps because Would inherit conflicting mutable fields List(accessibilityComponentType, accessibilityLiveRegion, importantForAccessibility, accessibilityElementsHidden, accessibilityIgnoresInvertColors, accessibilityTraits, onAccessibilityTap, onMagicTap, accessibilityHint, accessibilityLabel, accessibilityRole, accessibilityStates, accessible, onLayout, onLongPress, onPress, style, testID)) [id => react-native-vector-icons, phase => scala.js, this => Name(reactDashNativeDashVectorDashIconsLib) / Name(iconMod) / Name(IconButtonProps)] 
[debug] PhaseRunner.scala:78 Success [id => react-native-vector-icons, phase => scala.js] 
[warn ] PhaseRunner.scala:64 Failed because of, [react-native => Compilation failed] [id => react-native-vector-icons, phase => build] 
[debug] PhaseRunner.scala:82 Failure, [react-native => Compilation failed] [id => react-native-vector-icons, phase => build] 
