[info ] InferredDependency.scala:20 Inferred dependencies Set(TsIdentLibrarySimple(react)) for TsIdentLibrarySimple(react-mosaic-component) [id => react-mosaic-component, phase => typescript, file => ../react-mosaic-component/lib/Mosaic.d.ts] 
[debug] PhaseRunner.scala:82 Success [id => react-mosaic-component, phase => typescript] 
[debug] PhaseRunner.scala:82 Success [id => react-mosaic-component, phase => typescript] 
[debug] PhaseRunner.scala:82 Success [id => react-mosaic-component, phase => typescript] 
[info ] InferredDependency.scala:20 Inferred dependencies Set(TsIdentLibrarySimple(react)) for TsIdentLibrarySimple(react-mosaic-component) [id => react-mosaic-component, phase => typescript, file => ../react-mosaic-component/lib/MosaicWindow.d.ts] 
[warn ] PhaseRunner.scala:68 Failed because of, [react-dnd => InFile(/home/tso/tmp/tso-cache/npm/node_modules/react-dnd/lib/DragDropContext.d.ts): Parse error at 13.94 ''global'' expected but ',' found] [id => react-mosaic-component, phase => typescript] 
[error] PhaseRunner.scala:86 Failure, [react-dnd => InFile(/home/tso/tmp/tso-cache/npm/node_modules/react-dnd/lib/DragDropContext.d.ts): Parse error at 13.94 ''global'' expected but ',' found] [id => react-mosaic-component, phase => typescript] 
[info ] InferredDependency.scala:20 Inferred dependencies Set(TsIdentLibrarySimple(react)) for TsIdentLibrarySimple(react-mosaic-component) [id => react-mosaic-component, phase => typescript, file => ../react-mosaic-component/lib/MosaicZeroState.d.ts] 
[debug] PhaseRunner.scala:82 Success [id => react-mosaic-component, phase => typescript] 
[info ] InferredDependency.scala:20 Inferred dependencies Set(TsIdentLibrarySimple(react)) for TsIdentLibrarySimple(react-mosaic-component) [id => react-mosaic-component, phase => typescript, file => ../lib/buttons/ExpandButton.d.ts] 
[info ] InferredDependency.scala:20 Inferred dependencies Set(TsIdentLibrarySimple(react)) for TsIdentLibrarySimple(react-mosaic-component) [id => react-mosaic-component, phase => typescript, file => ../lib/buttons/MosaicButton.d.ts] 
[debug] PhaseRunner.scala:82 Success [id => react-mosaic-component, phase => typescript] 
[debug] PhaseRunner.scala:82 Success [id => react-mosaic-component, phase => typescript] 
[info ] InferredDependency.scala:20 Inferred dependencies Set(TsIdentLibrarySimple(react)) for TsIdentLibrarySimple(react-mosaic-component) [id => react-mosaic-component, phase => typescript, file => ../lib/buttons/RemoveButton.d.ts] 
[debug] PhaseRunner.scala:82 Success [id => react-mosaic-component, phase => typescript] 
[info ] InferredDependency.scala:20 Inferred dependencies Set(TsIdentLibrarySimple(react)) for TsIdentLibrarySimple(react-mosaic-component) [id => react-mosaic-component, phase => typescript, file => ../lib/buttons/ReplaceButton.d.ts] 
[debug] PhaseRunner.scala:82 Success [id => react-mosaic-component, phase => typescript] 
[info ] InferredDependency.scala:20 Inferred dependencies Set(TsIdentLibrarySimple(react)) for TsIdentLibrarySimple(react-mosaic-component) [id => react-mosaic-component, phase => typescript, file => ../lib/buttons/Separator.d.ts] 
[debug] PhaseRunner.scala:82 Success [id => react-mosaic-component, phase => typescript] 
[info ] InferredDependency.scala:20 Inferred dependencies Set(TsIdentLibrarySimple(react)) for TsIdentLibrarySimple(react-mosaic-component) [id => react-mosaic-component, phase => typescript, file => ../lib/buttons/SplitButton.d.ts] 
[debug] PhaseRunner.scala:82 Success [id => react-mosaic-component, phase => typescript] 
[info ] InferredDependency.scala:20 Inferred dependencies Set(TsIdentLibrarySimple(react)) for TsIdentLibrarySimple(react-mosaic-component) [id => react-mosaic-component, phase => typescript, file => ../lib/buttons/defaultToolbarControls.d.ts] 
[debug] PhaseRunner.scala:82 Success [id => react-mosaic-component, phase => typescript] 
[debug] PhaseRunner.scala:82 Success [id => react-mosaic-component, phase => typescript] 
[debug] PhaseRunner.scala:82 Success [id => react-mosaic-component, phase => typescript] 
[debug] PhaseRunner.scala:82 Success [id => react-mosaic-component, phase => typescript] 
[warn ] PhaseRunner.scala:68 Failed because of, [react-dnd => InFile(/home/tso/tmp/tso-cache/npm/node_modules/react-dnd/lib/DragDropContext.d.ts): Parse error at 13.94 ''global'' expected but ',' found] [id => react-mosaic-component, phase => typescript] 
[error] PhaseRunner.scala:86 Failure, [react-dnd => InFile(/home/tso/tmp/tso-cache/npm/node_modules/react-dnd/lib/DragDropContext.d.ts): Parse error at 13.94 ''global'' expected but ',' found] [id => react-mosaic-component, phase => typescript] 
[warn ] PhaseRunner.scala:68 Failed because of, [react-dnd => InFile(/home/tso/tmp/tso-cache/npm/node_modules/react-dnd/lib/DragDropContext.d.ts): Parse error at 13.94 ''global'' expected but ',' found] [id => react-mosaic-component, phase => typescript] 
[error] PhaseRunner.scala:86 Failure, [react-dnd => InFile(/home/tso/tmp/tso-cache/npm/node_modules/react-dnd/lib/DragDropContext.d.ts): Parse error at 13.94 ''global'' expected but ',' found] [id => react-mosaic-component, phase => typescript] 
[error] PhaseRunner.scala:86 Failure, [react-dnd => InFile(/home/tso/tmp/tso-cache/npm/node_modules/react-dnd/lib/DragDropContext.d.ts): Parse error at 13.94 ''global'' expected but ',' found] [id => react-mosaic-component, phase => scala.js] 
[error] PhaseRunner.scala:86 Failure, [react-dnd => InFile(/home/tso/tmp/tso-cache/npm/node_modules/react-dnd/lib/DragDropContext.d.ts): Parse error at 13.94 ''global'' expected but ',' found] [id => react-mosaic-component, phase => build] 
