[info ] InferredDependency.scala:20 Inferred dependencies Set(TsIdentLibrarySimple(react)) for TsIdentLibrarySimple(react-beautiful-dnd) [id => react-beautiful-dnd, phase => typescript, file => ../types/react-beautiful-dnd/index.d.ts] 
[debug] PhaseRunner.scala:81 Success [id => react-beautiful-dnd, phase => typescript] 
[info ] Phase1ReadTypescript.scala:158 Preprocessing TsHelperFile(InFile(/home/tso/tmp/tso-cache/DefinitelyTyped/types/react-beautiful-dnd/index.d.ts),FromFolder(InFolder(/home/tso/tmp/tso-cache/DefinitelyTyped/types/react-beautiful-dnd),TsIdentLibrarySimple(react-beautiful-dnd)),TsIdentModule(None,List(react-beautiful-dnd))) [id => react-beautiful-dnd, phase => typescript] 
[info ] InferredDefaultModule.scala:39 Inferred module TsIdentModule(None,List(react-beautiful-dnd)) [id => react-beautiful-dnd, phase => typescript] 
[warn ] Phase1ReadTypescript.scala:196 Processing TsIdentLibrarySimple(react-beautiful-dnd) [id => react-beautiful-dnd, phase => typescript] 
[info ] ExpandCallables.scala:57 Expanded announce into 1 methods [id => react-beautiful-dnd, phase => typescript, scope => TreeScope(TsParsedFile() / TsDeclModule(react-beautiful-dnd) / TsDeclInterface(ResponderProvided))] 
[info ] ExpandCallables.scala:57 Expanded onDragEnd into 1 methods [id => react-beautiful-dnd, phase => typescript, scope => TreeScope(TsParsedFile() / TsDeclModule(react-beautiful-dnd) / TsDeclInterface(Responders))] 
[info ] ExpandCallables.scala:57 Expanded onMouseDown into 1 methods [id => react-beautiful-dnd, phase => typescript, scope => TreeScope(TsParsedFile() / TsDeclModule(react-beautiful-dnd) / TsDeclInterface(DraggableProvidedDragHandleProps))] 
[info ] ExpandCallables.scala:57 Expanded onKeyDown into 1 methods [id => react-beautiful-dnd, phase => typescript, scope => TreeScope(TsParsedFile() / TsDeclModule(react-beautiful-dnd) / TsDeclInterface(DraggableProvidedDragHandleProps))] 
[info ] ExpandCallables.scala:57 Expanded onTouchStart into 1 methods [id => react-beautiful-dnd, phase => typescript, scope => TreeScope(TsParsedFile() / TsDeclModule(react-beautiful-dnd) / TsDeclInterface(DraggableProvidedDragHandleProps))] 
[info ] ExpandCallables.scala:57 Expanded onTouchMove into 1 methods [id => react-beautiful-dnd, phase => typescript, scope => TreeScope(TsParsedFile() / TsDeclModule(react-beautiful-dnd) / TsDeclInterface(DraggableProvidedDragHandleProps))] 
[info ] ExpandCallables.scala:57 Expanded onDragStart into 1 methods [id => react-beautiful-dnd, phase => typescript, scope => TreeScope(TsParsedFile() / TsDeclModule(react-beautiful-dnd) / TsDeclInterface(DraggableProvidedDragHandleProps))] 
[error] PhaseRes.scala:76 Caught exception: Type parameter not provided [id => react-beautiful-dnd, phase => typescript] java.lang.RuntimeException: Type parameter not provided
	at scala.sys.package$.error(package.scala:30)
	at com.olvind.tso.ts.FillInTParams$.$anonfun$rewriter$2(FillInTParams.scala:34)
	at scala.Option.getOrElse(Option.scala:138)
	at com.olvind.tso.ts.FillInTParams$.$anonfun$rewriter$1(FillInTParams.scala:34)
	at scala.collection.TraversableLike.$anonfun$map$1(TraversableLike.scala:237)
	at scala.collection.immutable.List.foreach(List.scala:392)
	at scala.collection.TraversableLike.map(TraversableLike.scala:237)
	at scala.collection.TraversableLike.map$(TraversableLike.scala:230)
	at scala.collection.immutable.List.map(List.scala:298)
	at com.olvind.tso.ts.FillInTParams$.rewriter(FillInTParams.scala:30)
	at com.olvind.tso.ts.FillInTParams$.apply(FillInTParams.scala:20)
	at com.olvind.tso.ts.transforms.ExpandCallables$$anonfun$callableTypes$2.applyOrElse(ExpandCallables.scala:100)
	at com.olvind.tso.ts.transforms.ExpandCallables$$anonfun$callableTypes$2.applyOrElse(ExpandCallables.scala:91)
	at scala.collection.TraversableOnce.collectFirst(TraversableOnce.scala:148)
	at scala.collection.TraversableOnce.collectFirst$(TraversableOnce.scala:135)
	at scala.collection.AbstractTraversable.collectFirst(Traversable.scala:108)
	at com.olvind.tso.ts.transforms.ExpandCallables$.callableTypes(ExpandCallables.scala:91)
	at com.olvind.tso.ts.transforms.ExpandCallables$.$anonfun$newClassMembers$1(ExpandCallables.scala:45)
	at scala.collection.TraversableLike.$anonfun$flatMap$1(TraversableLike.scala:244)
	at scala.collection.Iterator.foreach(Iterator.scala:941)
	at scala.collection.Iterator.foreach$(Iterator.scala:941)
	at scala.collection.AbstractIterator.foreach(Iterator.scala:1429)
	at scala.collection.IterableLike.foreach(IterableLike.scala:74)
	at scala.collection.IterableLike.foreach$(IterableLike.scala:73)
	at scala.collection.AbstractIterable.foreach(Iterable.scala:56)
	at scala.collection.TraversableLike.flatMap(TraversableLike.scala:244)
	at scala.collection.TraversableLike.flatMap$(TraversableLike.scala:241)
	at scala.collection.AbstractTraversable.flatMap(Traversable.scala:108)
	at com.olvind.tso.ts.transforms.ExpandCallables$.newClassMembers(ExpandCallables.scala:43)
	at com.olvind.tso.ts.transforms.ExpandCallables$.enterTsDeclInterface(ExpandCallables.scala:40)
	at com.olvind.tso.ts.transforms.ExpandCallables$.enterTsDeclInterface(ExpandCallables.scala:30)
	at com.olvind.tso.ts.TreeTransformation$$anon$1.enterTsDeclInterface(TreeTransformation.scala:601)
	at com.olvind.tso.ts.TreeTransformation$$anon$1.enterTsDeclInterface(TreeTransformation.scala:601)
	at com.olvind.tso.ts.TreeTransformation$$anon$1.enterTsDeclInterface(TreeTransformation.scala:601)
	at com.olvind.tso.ts.TreeTransformation$$anon$1.enterTsDeclInterface(TreeTransformation.scala:601)
	at com.olvind.tso.ts.TreeTransformation$$anon$1.enterTsDeclInterface(TreeTransformation.scala:601)
	at com.olvind.tso.ts.TreeTransformation$$anon$1.enterTsDeclInterface(TreeTransformation.scala:601)
	at com.olvind.tso.ts.TreeTransformation$$anon$1.enterTsDeclInterface(TreeTransformation.scala:601)
	at com.olvind.tso.ts.TreeTransformation.visitTsDeclInterface(TreeTransformation.scala:129)
	at com.olvind.tso.ts.TreeTransformation.visitTsDeclInterface$(TreeTransformation.scala:128)
	at com.olvind.tso.ts.TreeTransformation$$anon$1.visitTsDeclInterface(TreeTransformation.scala:589)
	at com.olvind.tso.ts.TreeTransformation.visitTsNamedDecl(TreeTransformation.scala:502)
	at com.olvind.tso.ts.TreeTransformation.visitTsNamedDecl$(TreeTransformation.scala:492)
	at com.olvind.tso.ts.TreeTransformation$$anon$1.visitTsNamedDecl(TreeTransformation.scala:589)
	at com.olvind.tso.ts.TreeTransformation.visitTsDecl(TreeTransformation.scala:486)
	at com.olvind.tso.ts.TreeTransformation.visitTsDecl$(TreeTransformation.scala:484)
	at com.olvind.tso.ts.TreeTransformation$$anon$1.visitTsDecl(TreeTransformation.scala:589)
	at com.olvind.tso.ts.TreeTransformation.visitTsContainerOrDecl(TreeTransformation.scala:517)
	at com.olvind.tso.ts.TreeTransformation.visitTsContainerOrDecl$(TreeTransformation.scala:514)
	at com.olvind.tso.ts.TreeTransformation$$anon$1.visitTsContainerOrDecl(TreeTransformation.scala:589)
	at com.olvind.tso.ts.TreeTransformation.$anonfun$visitTsDeclModule$1(TreeTransformation.scala:148)
	at scala.collection.TraversableLike.$anonfun$map$1(TraversableLike.scala:237)
	at scala.collection.Iterator.foreach(Iterator.scala:941)
	at scala.collection.Iterator.foreach$(Iterator.scala:941)
	at scala.collection.AbstractIterator.foreach(Iterator.scala:1429)
	at scala.collection.IterableLike.foreach(IterableLike.scala:74)
	at scala.collection.IterableLike.foreach$(IterableLike.scala:73)
	at scala.collection.AbstractIterable.foreach(Iterable.scala:56)
	at scala.collection.TraversableLike.map(TraversableLike.scala:237)
	at scala.collection.TraversableLike.map$(TraversableLike.scala:230)
	at scala.collection.AbstractTraversable.map(Traversable.scala:108)
	at com.olvind.tso.ts.TreeTransformation.visitTsDeclModule(TreeTransformation.scala:148)
	at com.olvind.tso.ts.TreeTransformation.visitTsDeclModule$(TreeTransformation.scala:143)
	at com.olvind.tso.ts.TreeTransformation$$anon$1.visitTsDeclModule(TreeTransformation.scala:589)
	at com.olvind.tso.ts.TreeTransformation.visitTsContainer(TreeTransformation.scala:510)
	at com.olvind.tso.ts.TreeTransformation.visitTsContainer$(TreeTransformation.scala:505)
	at com.olvind.tso.ts.TreeTransformation$$anon$1.visitTsContainer(TreeTransformation.scala:589)
	at com.olvind.tso.ts.TreeTransformation.visitTsContainerOrDecl(TreeTransformation.scala:516)
	at com.olvind.tso.ts.TreeTransformation.visitTsContainerOrDecl$(TreeTransformation.scala:514)
	at com.olvind.tso.ts.TreeTransformation$$anon$1.visitTsContainerOrDecl(TreeTransformation.scala:589)
	at com.olvind.tso.ts.TreeTransformation.$anonfun$visitTsParsedFile$1(TreeTransformation.scala:333)
	at scala.collection.TraversableLike.$anonfun$map$1(TraversableLike.scala:237)
	at scala.collection.Iterator.foreach(Iterator.scala:941)
	at scala.collection.Iterator.foreach$(Iterator.scala:941)
	at scala.collection.AbstractIterator.foreach(Iterator.scala:1429)
	at scala.collection.IterableLike.foreach(IterableLike.scala:74)
	at scala.collection.IterableLike.foreach$(IterableLike.scala:73)
	at scala.collection.AbstractIterable.foreach(Iterable.scala:56)
	at scala.collection.TraversableLike.map(TraversableLike.scala:237)
	at scala.collection.TraversableLike.map$(TraversableLike.scala:230)
	at scala.collection.AbstractTraversable.map(Traversable.scala:108)
	at com.olvind.tso.ts.TreeTransformation.visitTsParsedFile(TreeTransformation.scala:333)
	at com.olvind.tso.ts.TreeTransformation.visitTsParsedFile$(TreeTransformation.scala:329)
	at com.olvind.tso.ts.TreeTransformation$$anon$1.visitTsParsedFile(TreeTransformation.scala:589)
	at com.olvind.tso.importer.Phase1ReadTypescript.$anonfun$apply$36(Phase1ReadTypescript.scala:185)
	at com.olvind.tso.importer.Phase1ReadTypescript.$anonfun$apply$42(Phase1ReadTypescript.scala:197)
	at scala.collection.LinearSeqOptimized.foldLeft(LinearSeqOptimized.scala:126)
	at scala.collection.LinearSeqOptimized.foldLeft$(LinearSeqOptimized.scala:122)
	at scala.collection.immutable.List.foldLeft(List.scala:89)
	at com.olvind.tso.importer.Phase1ReadTypescript.$anonfun$apply$24(Phase1ReadTypescript.scala:197)
	at com.olvind.tso.phases.PhaseRes.map(PhaseRes.scala:16)
	at com.olvind.tso.phases.PhaseRes.map$(PhaseRes.scala:14)
	at com.olvind.tso.phases.PhaseRes$Ok.map(PhaseRes.scala:30)
	at com.olvind.tso.importer.Phase1ReadTypescript.apply(Phase1ReadTypescript.scala:148)
	at com.olvind.tso.importer.Phase1ReadTypescript.apply(Phase1ReadTypescript.scala:17)
	at com.olvind.tso.phases.PhaseRunner$.$anonfun$doNext$6(PhaseRunner.scala:75)
	at com.olvind.tso.phases.PhaseRes$.attempt(PhaseRes.scala:71)
	at com.olvind.tso.phases.PhaseRunner$.$anonfun$doNext$5(PhaseRunner.scala:75)
	at com.olvind.tso.phases.PhaseRes.flatMap(PhaseRes.scala:23)
	at com.olvind.tso.phases.PhaseRes.flatMap$(PhaseRes.scala:21)
	at com.olvind.tso.phases.PhaseRes$Ok.flatMap(PhaseRes.scala:30)
	at com.olvind.tso.phases.PhaseRunner$.$anonfun$doNext$1(PhaseRunner.scala:75)
	at com.olvind.tso.phases.PhaseRunner$.$anonfun$doNext$1$adapted(PhaseRunner.scala:46)
	at com.olvind.tso.phases.PhaseCache.$anonfun$getOrElse$1(PhaseCache.scala:40)
	at scala.Option.foreach(Option.scala:274)
	at com.olvind.tso.phases.PhaseCache.getOrElse(PhaseCache.scala:39)
	at com.olvind.tso.phases.PhaseRunner$.doNext(PhaseRunner.scala:46)
	at com.olvind.tso.phases.PhaseRunner$.go(PhaseRunner.scala:29)
	at com.olvind.tso.phases.PhaseRunner$.$anonfun$doNext$1(PhaseRunner.scala:51)
	at com.olvind.tso.phases.PhaseRunner$.$anonfun$doNext$1$adapted(PhaseRunner.scala:46)
	at com.olvind.tso.phases.PhaseCache.$anonfun$getOrElse$1(PhaseCache.scala:40)
	at scala.Option.foreach(Option.scala:274)
	at com.olvind.tso.phases.PhaseCache.getOrElse(PhaseCache.scala:39)
	at com.olvind.tso.phases.PhaseRunner$.doNext(PhaseRunner.scala:46)
	at com.olvind.tso.phases.PhaseRunner$.go(PhaseRunner.scala:29)
	at com.olvind.tso.phases.PhaseRunner$.$anonfun$doNext$1(PhaseRunner.scala:51)
	at com.olvind.tso.phases.PhaseRunner$.$anonfun$doNext$1$adapted(PhaseRunner.scala:46)
	at com.olvind.tso.phases.PhaseCache.$anonfun$getOrElse$1(PhaseCache.scala:40)
	at scala.Option.foreach(Option.scala:274)
	at com.olvind.tso.phases.PhaseCache.getOrElse(PhaseCache.scala:39)
	at com.olvind.tso.phases.PhaseRunner$.doNext(PhaseRunner.scala:46)
	at com.olvind.tso.phases.PhaseRunner$.go(PhaseRunner.scala:29)
	at com.olvind.tso.phases.PhaseRunner$.$anonfun$doNext$1(PhaseRunner.scala:51)
	at com.olvind.tso.phases.PhaseRunner$.$anonfun$doNext$1$adapted(PhaseRunner.scala:46)
	at com.olvind.tso.phases.PhaseCache.$anonfun$getOrElse$1(PhaseCache.scala:40)
	at scala.Option.foreach(Option.scala:274)
	at com.olvind.tso.phases.PhaseCache.getOrElse(PhaseCache.scala:39)
	at com.olvind.tso.phases.PhaseRunner$.doNext(PhaseRunner.scala:46)
	at com.olvind.tso.phases.PhaseRunner$.go(PhaseRunner.scala:29)
	at com.olvind.tso.importer.Main$.$anonfun$results$1(Main.scala:188)
	at scala.collection.parallel.AugmentedIterableIterator.map2combiner(RemainsIterator.scala:116)
	at scala.collection.parallel.AugmentedIterableIterator.map2combiner$(RemainsIterator.scala:113)
	at scala.collection.parallel.immutable.ParVector$ParVectorIterator.map2combiner(ParVector.scala:66)
	at scala.collection.parallel.ParIterableLike$Map.leaf(ParIterableLike.scala:1056)
	at scala.collection.parallel.Task.$anonfun$tryLeaf$1(Tasks.scala:53)
	at scala.runtime.java8.JFunction0$mcV$sp.apply(JFunction0$mcV$sp.java:23)
	at scala.util.control.Breaks$$anon$1.catchBreak(Breaks.scala:67)
	at scala.collection.parallel.Task.tryLeaf(Tasks.scala:56)
	at scala.collection.parallel.Task.tryLeaf$(Tasks.scala:50)
	at scala.collection.parallel.ParIterableLike$Map.tryLeaf(ParIterableLike.scala:1053)
	at scala.collection.parallel.AdaptiveWorkStealingTasks$WrappedTask.internal(Tasks.scala:160)
	at scala.collection.parallel.AdaptiveWorkStealingTasks$WrappedTask.internal$(Tasks.scala:157)
	at scala.collection.parallel.AdaptiveWorkStealingForkJoinTasks$WrappedTask.internal(Tasks.scala:440)
	at scala.collection.parallel.AdaptiveWorkStealingTasks$WrappedTask.compute(Tasks.scala:150)
	at scala.collection.parallel.AdaptiveWorkStealingTasks$WrappedTask.compute$(Tasks.scala:149)
	at scala.collection.parallel.AdaptiveWorkStealingForkJoinTasks$WrappedTask.compute(Tasks.scala:440)
	at java.util.concurrent.RecursiveAction.exec(RecursiveAction.java:189)
	at java.util.concurrent.ForkJoinTask.doExec(ForkJoinTask.java:289)
	at java.util.concurrent.ForkJoinPool$WorkQueue.runTask(ForkJoinPool.java:1056)
	at java.util.concurrent.ForkJoinPool.runWorker(ForkJoinPool.java:1692)
	at java.util.concurrent.ForkJoinWorkerThread.run(ForkJoinWorkerThread.java:157)

[debug] PhaseRunner.scala:85 Failure, [react-beautiful-dnd => java.lang.RuntimeException: Type parameter not provided] [id => react-beautiful-dnd, phase => typescript] 
[debug] PhaseRunner.scala:85 Failure, [react-beautiful-dnd => java.lang.RuntimeException: Type parameter not provided] [id => react-beautiful-dnd, phase => scala.js] 
[debug] PhaseRunner.scala:85 Failure, [react-beautiful-dnd => java.lang.RuntimeException: Type parameter not provided] [id => react-beautiful-dnd, phase => build] 
[debug] PhaseRunner.scala:85 Failure, [react-beautiful-dnd => java.lang.RuntimeException: Type parameter not provided] [id => react-beautiful-dnd, phase => publish] 
