[info ] InferredDependency.scala:22 Inferred dependencies Set(TsIdentLibrarySimple(react)) for TsIdentLibrarySimple(react-async) [id => react-async, phase => typescript, file => ../react-async/dist-types/index.d.ts] 
[debug] PhaseRunner.scala:84 Success [id => react-async, phase => typescript] 
[info ] Phase1ReadTypescript.scala:160 Preprocessing TsHelperFile(InFile(/home/tso/tmp/tso-cache/npm/node_modules/react-async/dist-types/index.d.ts),FromFolder(InFolder(/home/tso/tmp/tso-cache/npm/node_modules/react-async),TsIdentLibrarySimple(react-async)),TsIdentModule(None,List(react-async))) [id => react-async, phase => typescript] 
[info ] InferredDefaultModule.scala:39 Inferred module TsIdentModule(None,List(react-async)) [id => react-async, phase => typescript] 
[warn ] Phase1ReadTypescript.scala:182 Processing TsIdentLibrarySimple(react-async) [id => react-async, phase => typescript] 
[info ] ExpandTypeParams.scala:74 Expanding 1 members for TsIdentSimple(createInstance) [id => react-async, phase => typescript, scope => TreeScope(TsParsedFile() / TsDeclModule(react-async))] 
[info ] ExpandTypeParams.scala:74 Expanding 1 members for TsIdentSimple(IfInitial) [id => react-async, phase => typescript, scope => TreeScope(TsParsedFile() / TsDeclModule(react-async))] 
[info ] ExpandTypeParams.scala:74 Expanding 1 members for TsIdentSimple(IfPending) [id => react-async, phase => typescript, scope => TreeScope(TsParsedFile() / TsDeclModule(react-async))] 
[info ] ExpandTypeParams.scala:74 Expanding 1 members for TsIdentSimple(IfLoading) [id => react-async, phase => typescript, scope => TreeScope(TsParsedFile() / TsDeclModule(react-async))] 
[info ] ExpandTypeParams.scala:74 Expanding 1 members for TsIdentSimple(IfFulfilled) [id => react-async, phase => typescript, scope => TreeScope(TsParsedFile() / TsDeclModule(react-async))] 
[info ] ExpandTypeParams.scala:74 Expanding 1 members for TsIdentSimple(IfResolved) [id => react-async, phase => typescript, scope => TreeScope(TsParsedFile() / TsDeclModule(react-async))] 
[info ] ExpandTypeParams.scala:74 Expanding 1 members for TsIdentSimple(IfRejected) [id => react-async, phase => typescript, scope => TreeScope(TsParsedFile() / TsDeclModule(react-async))] 
[info ] ExpandTypeParams.scala:74 Expanding 1 members for TsIdentSimple(IfSettled) [id => react-async, phase => typescript, scope => TreeScope(TsParsedFile() / TsDeclModule(react-async))] 
[info ] ExpandTypeParams.scala:74 Expanding 1 members for TsIdentSimple(useAsync) [id => react-async, phase => typescript, scope => TreeScope(TsParsedFile() / TsDeclModule(react-async))] 
[info ] ExpandTypeParams.scala:74 Expanding 1 members for TsIdentSimple(useFetch) [id => react-async, phase => typescript, scope => TreeScope(TsParsedFile() / TsDeclModule(react-async))] 
[info ] ExpandTypeParams.scala:61 Expanding 1 members for TsIdentSimple(payload) [id => react-async, phase => typescript, scope => TreeScope(TsParsedFile() / TsDeclModule(react-async) / TsDeclTypeAlias(Start) / TsTypeIntersect() / TsTypeObject())] 
[info ] ExpandTypeParams.scala:61 Expanding 1 members for TsIdentSimple(watchFn) [id => react-async, phase => typescript, scope => TreeScope(TsParsedFile() / TsDeclModule(react-async) / TsDeclInterface(AsyncOptions))] 
[info ] ExpandTypeParams.scala:61 Expanding 1 members for TsIdentSimple(onResolve) [id => react-async, phase => typescript, scope => TreeScope(TsParsedFile() / TsDeclModule(react-async) / TsDeclInterface(AsyncOptions))] 
[info ] ExpandTypeParams.scala:61 Expanding 1 members for TsIdentSimple(onReject) [id => react-async, phase => typescript, scope => TreeScope(TsParsedFile() / TsDeclModule(react-async) / TsDeclInterface(AsyncOptions))] 
[info ] ExpandTypeParams.scala:61 Expanding 1 members for TsIdentSimple(reducer) [id => react-async, phase => typescript, scope => TreeScope(TsParsedFile() / TsDeclModule(react-async) / TsDeclInterface(AsyncOptions))] 
[info ] ExpandTypeParams.scala:61 Expanding 1 members for TsIdentSimple(dispatcher) [id => react-async, phase => typescript, scope => TreeScope(TsParsedFile() / TsDeclModule(react-async) / TsDeclInterface(AsyncOptions))] 
[info ] ExpandTypeParams.scala:74 Expanding 1 members for TsIdentSimple(Initial) [id => react-async, phase => typescript, scope => TreeScope(TsParsedFile() / TsDeclModule(react-async) / TsDeclNamespace(Async))] 
[info ] ExpandTypeParams.scala:74 Expanding 1 members for TsIdentSimple(Pending) [id => react-async, phase => typescript, scope => TreeScope(TsParsedFile() / TsDeclModule(react-async) / TsDeclNamespace(Async))] 
[info ] ExpandTypeParams.scala:74 Expanding 1 members for TsIdentSimple(Loading) [id => react-async, phase => typescript, scope => TreeScope(TsParsedFile() / TsDeclModule(react-async) / TsDeclNamespace(Async))] 
[info ] ExpandTypeParams.scala:74 Expanding 1 members for TsIdentSimple(Fulfilled) [id => react-async, phase => typescript, scope => TreeScope(TsParsedFile() / TsDeclModule(react-async) / TsDeclNamespace(Async))] 
[info ] ExpandTypeParams.scala:74 Expanding 1 members for TsIdentSimple(Resolved) [id => react-async, phase => typescript, scope => TreeScope(TsParsedFile() / TsDeclModule(react-async) / TsDeclNamespace(Async))] 
[info ] ExpandTypeParams.scala:74 Expanding 1 members for TsIdentSimple(Rejected) [id => react-async, phase => typescript, scope => TreeScope(TsParsedFile() / TsDeclModule(react-async) / TsDeclNamespace(Async))] 
[info ] ExpandTypeParams.scala:74 Expanding 1 members for TsIdentSimple(Settled) [id => react-async, phase => typescript, scope => TreeScope(TsParsedFile() / TsDeclModule(react-async) / TsDeclNamespace(Async))] 
[info ] ExpandTypeParams.scala:61 Expanding 1 members for TsIdentSimple(Initial) [id => react-async, phase => typescript, scope => TreeScope(TsParsedFile() / TsDeclModule(react-async) / TsDeclFunction(createInstance) / TsFunSig() / TsTypeIntersect() / TsTypeObject())] 
[info ] ExpandTypeParams.scala:61 Expanding 1 members for TsIdentSimple(Pending) [id => react-async, phase => typescript, scope => TreeScope(TsParsedFile() / TsDeclModule(react-async) / TsDeclFunction(createInstance) / TsFunSig() / TsTypeIntersect() / TsTypeObject())] 
[info ] ExpandTypeParams.scala:61 Expanding 1 members for TsIdentSimple(Loading) [id => react-async, phase => typescript, scope => TreeScope(TsParsedFile() / TsDeclModule(react-async) / TsDeclFunction(createInstance) / TsFunSig() / TsTypeIntersect() / TsTypeObject())] 
[info ] ExpandTypeParams.scala:61 Expanding 1 members for TsIdentSimple(Fulfilled) [id => react-async, phase => typescript, scope => TreeScope(TsParsedFile() / TsDeclModule(react-async) / TsDeclFunction(createInstance) / TsFunSig() / TsTypeIntersect() / TsTypeObject())] 
[info ] ExpandTypeParams.scala:61 Expanding 1 members for TsIdentSimple(Resolved) [id => react-async, phase => typescript, scope => TreeScope(TsParsedFile() / TsDeclModule(react-async) / TsDeclFunction(createInstance) / TsFunSig() / TsTypeIntersect() / TsTypeObject())] 
[info ] ExpandTypeParams.scala:61 Expanding 1 members for TsIdentSimple(Rejected) [id => react-async, phase => typescript, scope => TreeScope(TsParsedFile() / TsDeclModule(react-async) / TsDeclFunction(createInstance) / TsFunSig() / TsTypeIntersect() / TsTypeObject())] 
[info ] ExpandTypeParams.scala:61 Expanding 1 members for TsIdentSimple(Settled) [id => react-async, phase => typescript, scope => TreeScope(TsParsedFile() / TsDeclModule(react-async) / TsDeclFunction(createInstance) / TsFunSig() / TsTypeIntersect() / TsTypeObject())] 
[info ] ExpandTypeParams.scala:74 Expanding 1 members for TsIdentSimple(Initial) [id => react-async, phase => typescript, scope => TreeScope(TsParsedFile() / TsDeclModule(react-async) / TsDeclNamespace(default))] 
[info ] ExpandTypeParams.scala:74 Expanding 1 members for TsIdentSimple(Pending) [id => react-async, phase => typescript, scope => TreeScope(TsParsedFile() / TsDeclModule(react-async) / TsDeclNamespace(default))] 
[info ] ExpandTypeParams.scala:74 Expanding 1 members for TsIdentSimple(Loading) [id => react-async, phase => typescript, scope => TreeScope(TsParsedFile() / TsDeclModule(react-async) / TsDeclNamespace(default))] 
[info ] ExpandTypeParams.scala:74 Expanding 1 members for TsIdentSimple(Fulfilled) [id => react-async, phase => typescript, scope => TreeScope(TsParsedFile() / TsDeclModule(react-async) / TsDeclNamespace(default))] 
[info ] ExpandTypeParams.scala:74 Expanding 1 members for TsIdentSimple(Resolved) [id => react-async, phase => typescript, scope => TreeScope(TsParsedFile() / TsDeclModule(react-async) / TsDeclNamespace(default))] 
[info ] ExpandTypeParams.scala:74 Expanding 1 members for TsIdentSimple(Rejected) [id => react-async, phase => typescript, scope => TreeScope(TsParsedFile() / TsDeclModule(react-async) / TsDeclNamespace(default))] 
[info ] ExpandTypeParams.scala:74 Expanding 1 members for TsIdentSimple(Settled) [id => react-async, phase => typescript, scope => TreeScope(TsParsedFile() / TsDeclModule(react-async) / TsDeclNamespace(default))] 
[info ] ExpandTypeParams.scala:61 Expanding 1 members for TsIdentSimple(run) [id => react-async, phase => typescript, scope => TreeScope(TsParsedFile() / TsDeclModule(react-async) / TsDeclInterface(AbstractState))] 
[info ] ExpandTypeParams.scala:61 Expanding 1 members for TsIdentSimple(reload) [id => react-async, phase => typescript, scope => TreeScope(TsParsedFile() / TsDeclModule(react-async) / TsDeclInterface(AbstractState))] 
[info ] ExpandTypeParams.scala:61 Expanding 1 members for TsIdentSimple(cancel) [id => react-async, phase => typescript, scope => TreeScope(TsParsedFile() / TsDeclModule(react-async) / TsDeclInterface(AbstractState))] 
[info ] ExpandTypeParams.scala:61 Expanding 1 members for TsIdentSimple(setData) [id => react-async, phase => typescript, scope => TreeScope(TsParsedFile() / TsDeclModule(react-async) / TsDeclInterface(AbstractState))] 
[info ] ExpandTypeParams.scala:61 Expanding 1 members for TsIdentSimple(setError) [id => react-async, phase => typescript, scope => TreeScope(TsParsedFile() / TsDeclModule(react-async) / TsDeclInterface(AbstractState))] 
[info ] ExpandTypeParams.scala:61 Expanding 1 members for TsIdentSimple(run) [id => react-async, phase => typescript, scope => TreeScope(TsParsedFile() / TsDeclModule(react-async) / TsDeclInterface(FetchRun))] 
[info ] ExpandTypeParams.scala:61 Expanding 1 members for TsIdentSimple(run) [id => react-async, phase => typescript, scope => TreeScope(TsParsedFile() / TsDeclModule(react-async) / TsDeclInterface(FetchRun))] 
[info ] ExpandTypeParams.scala:61 Expanding 1 members for TsIdentSimple(run) [id => react-async, phase => typescript, scope => TreeScope(TsParsedFile() / TsDeclModule(react-async) / TsDeclInterface(FetchRun))] 
[info ] ExpandTypeParams.scala:61 Expanding 1 members for TsIdentSimple(run) [id => react-async, phase => typescript, scope => TreeScope(TsParsedFile() / TsDeclModule(react-async) / TsDeclInterface(FetchRun))] 
[info ] ExpandTypeParams.scala:61 Expanding 1 members for TsIdentSimple(run) [id => react-async, phase => typescript, scope => TreeScope(TsParsedFile() / TsDeclModule(react-async) / TsDeclInterface(FetchRun))] 
[info ] ExtractInterfaces.scala:41 Extracted anonymous interface TsIdentSimple(Anon_Payload) [id => react-async, phase => typescript, scope => TreeScope(TsParsedFile() / TsDeclModule(react-async) / TsDeclTypeAlias(Start) / TsTypeIntersect() / TsTypeObject())] 
[info ] ExtractInterfaces.scala:41 Extracted anonymous interface TsIdentSimple(Anon_Cancel) [id => react-async, phase => typescript, scope => TreeScope(TsParsedFile() / TsDeclModule(react-async) / TsDeclTypeAlias(Cancel) / TsTypeIntersect() / TsTypeObject())] 
[info ] ExtractInterfaces.scala:41 Extracted anonymous interface TsIdentSimple(Anon_Fulfill) [id => react-async, phase => typescript, scope => TreeScope(TsParsedFile() / TsDeclModule(react-async) / TsDeclTypeAlias(Fulfill) / TsTypeIntersect() / TsTypeObject())] 
[info ] ExtractInterfaces.scala:41 Extracted anonymous interface TsIdentSimple(Anon_Error) [id => react-async, phase => typescript, scope => TreeScope(TsParsedFile() / TsDeclModule(react-async) / TsDeclTypeAlias(Reject) / TsTypeIntersect() / TsTypeObject())] 
[info ] ExtractInterfaces.scala:41 Extracted anonymous interface TsIdentSimple(Anon_Data) [id => react-async, phase => typescript, scope => TreeScope(TsParsedFile() / TsDeclModule(react-async) / TsDeclTypeAlias(AsyncInitial) / TsTypeIntersect() / TsTypeObject())] 
[info ] ExtractInterfaces.scala:41 Extracted anonymous interface TsIdentSimple(Anon_DataError) [id => react-async, phase => typescript, scope => TreeScope(TsParsedFile() / TsDeclModule(react-async) / TsDeclTypeAlias(AsyncPending) / TsTypeIntersect() / TsTypeObject())] 
[info ] ExtractInterfaces.scala:41 Extracted anonymous interface TsIdentSimple(Anon_DataErrorFalse) [id => react-async, phase => typescript, scope => TreeScope(TsParsedFile() / TsDeclModule(react-async) / TsDeclTypeAlias(AsyncFulfilled) / TsTypeIntersect() / TsTypeObject())] 
[info ] ExtractInterfaces.scala:41 Extracted anonymous interface TsIdentSimple(Anon_DataErrorFalseFinishedAt) [id => react-async, phase => typescript, scope => TreeScope(TsParsedFile() / TsDeclModule(react-async) / TsDeclTypeAlias(AsyncRejected) / TsTypeIntersect() / TsTypeObject())] 
[info ] ExtractInterfaces.scala:41 Extracted anonymous interface TsIdentSimple(Anon_Children) [id => react-async, phase => typescript, scope => TreeScope(TsParsedFile() / TsDeclModule(react-async) / TsDeclNamespace(Async) / TsDeclFunction(Initial) / TsFunSig() / TsFunParam() / TsTypeObject())] 
[info ] ExtractInterfaces.scala:41 Extracted anonymous interface TsIdentSimple(Anon_ChildrenInitial) [id => react-async, phase => typescript, scope => TreeScope(TsParsedFile() / TsDeclModule(react-async) / TsDeclNamespace(Async) / TsDeclFunction(Pending) / TsFunSig() / TsFunParam() / TsTypeObject())] 
[info ] ExtractInterfaces.scala:41 Extracted anonymous interface TsIdentSimple(Anon_ChildrenInitial) [id => react-async, phase => typescript, scope => TreeScope(TsParsedFile() / TsDeclModule(react-async) / TsDeclNamespace(Async) / TsDeclFunction(Loading) / TsFunSig() / TsFunParam() / TsTypeObject())] 
[info ] ExtractInterfaces.scala:41 Extracted anonymous interface TsIdentSimple(Anon_ChildrenPersist) [id => react-async, phase => typescript, scope => TreeScope(TsParsedFile() / TsDeclModule(react-async) / TsDeclNamespace(Async) / TsDeclFunction(Fulfilled) / TsFunSig() / TsFunParam() / TsTypeObject())] 
[info ] ExtractInterfaces.scala:41 Extracted anonymous interface TsIdentSimple(Anon_ChildrenPersist) [id => react-async, phase => typescript, scope => TreeScope(TsParsedFile() / TsDeclModule(react-async) / TsDeclNamespace(Async) / TsDeclFunction(Resolved) / TsFunSig() / TsFunParam() / TsTypeObject())] 
[info ] ExtractInterfaces.scala:41 Extracted anonymous interface TsIdentSimple(Anon_ChildrenPersistBoolean) [id => react-async, phase => typescript, scope => TreeScope(TsParsedFile() / TsDeclModule(react-async) / TsDeclNamespace(Async) / TsDeclFunction(Rejected) / TsFunSig() / TsFunParam() / TsTypeObject())] 
[info ] ExtractInterfaces.scala:41 Extracted anonymous interface TsIdentSimple(Anon_ChildrenPersistBooleanSettledChildren) [id => react-async, phase => typescript, scope => TreeScope(TsParsedFile() / TsDeclModule(react-async) / TsDeclNamespace(Async) / TsDeclFunction(Settled) / TsFunSig() / TsFunParam() / TsTypeObject())] 
[info ] ExtractInterfaces.scala:41 Extracted anonymous interface TsIdentSimple(Anon_Children) [id => react-async, phase => typescript, scope => TreeScope(TsParsedFile() / TsDeclModule(react-async) / TsDeclFunction(createInstance) / TsFunSig() / TsTypeIntersect() / TsTypeObject() / TsMemberFunction(Initial) / TsFunSig() / TsFunParam() / TsTypeObject())] 
[info ] ExtractInterfaces.scala:41 Extracted anonymous interface TsIdentSimple(Anon_ChildrenInitial) [id => react-async, phase => typescript, scope => TreeScope(TsParsedFile() / TsDeclModule(react-async) / TsDeclFunction(createInstance) / TsFunSig() / TsTypeIntersect() / TsTypeObject() / TsMemberFunction(Pending) / TsFunSig() / TsFunParam() / TsTypeObject())] 
[info ] ExtractInterfaces.scala:41 Extracted anonymous interface TsIdentSimple(Anon_ChildrenInitial) [id => react-async, phase => typescript, scope => TreeScope(TsParsedFile() / TsDeclModule(react-async) / TsDeclFunction(createInstance) / TsFunSig() / TsTypeIntersect() / TsTypeObject() / TsMemberFunction(Loading) / TsFunSig() / TsFunParam() / TsTypeObject())] 
[info ] ExtractInterfaces.scala:41 Extracted anonymous interface TsIdentSimple(Anon_ChildrenPersist) [id => react-async, phase => typescript, scope => TreeScope(TsParsedFile() / TsDeclModule(react-async) / TsDeclFunction(createInstance) / TsFunSig() / TsTypeIntersect() / TsTypeObject() / TsMemberFunction(Fulfilled) / TsFunSig() / TsFunParam() / TsTypeObject())] 
[info ] ExtractInterfaces.scala:41 Extracted anonymous interface TsIdentSimple(Anon_ChildrenPersist) [id => react-async, phase => typescript, scope => TreeScope(TsParsedFile() / TsDeclModule(react-async) / TsDeclFunction(createInstance) / TsFunSig() / TsTypeIntersect() / TsTypeObject() / TsMemberFunction(Resolved) / TsFunSig() / TsFunParam() / TsTypeObject())] 
[info ] ExtractInterfaces.scala:41 Extracted anonymous interface TsIdentSimple(Anon_ChildrenPersistBoolean) [id => react-async, phase => typescript, scope => TreeScope(TsParsedFile() / TsDeclModule(react-async) / TsDeclFunction(createInstance) / TsFunSig() / TsTypeIntersect() / TsTypeObject() / TsMemberFunction(Rejected) / TsFunSig() / TsFunParam() / TsTypeObject())] 
[info ] ExtractInterfaces.scala:41 Extracted anonymous interface TsIdentSimple(Anon_ChildrenPersistBooleanSettledChildren) [id => react-async, phase => typescript, scope => TreeScope(TsParsedFile() / TsDeclModule(react-async) / TsDeclFunction(createInstance) / TsFunSig() / TsTypeIntersect() / TsTypeObject() / TsMemberFunction(Settled) / TsFunSig() / TsFunParam() / TsTypeObject())] 
[info ] ExtractInterfaces.scala:41 Extracted anonymous interface TsIdentSimple(Anon_Fulfilled) [id => react-async, phase => typescript, scope => TreeScope(TsParsedFile() / TsDeclModule(react-async) / TsDeclFunction(createInstance) / TsFunSig() / TsTypeIntersect() / TsTypeObject())] 
[info ] ExtractInterfaces.scala:41 Extracted anonymous interface TsIdentSimple(Anon_ChildrenPersistState) [id => react-async, phase => typescript, scope => TreeScope(TsParsedFile() / TsDeclModule(react-async) / TsDeclFunction(IfInitial) / TsFunSig() / TsFunParam() / TsTypeObject())] 
[info ] ExtractInterfaces.scala:41 Extracted anonymous interface TsIdentSimple(Anon_ChildrenInitialState) [id => react-async, phase => typescript, scope => TreeScope(TsParsedFile() / TsDeclModule(react-async) / TsDeclFunction(IfPending) / TsFunSig() / TsFunParam() / TsTypeObject())] 
[info ] ExtractInterfaces.scala:41 Extracted anonymous interface TsIdentSimple(Anon_ChildrenInitialState) [id => react-async, phase => typescript, scope => TreeScope(TsParsedFile() / TsDeclModule(react-async) / TsDeclFunction(IfLoading) / TsFunSig() / TsFunParam() / TsTypeObject())] 
[info ] ExtractInterfaces.scala:41 Extracted anonymous interface TsIdentSimple(Anon_ChildrenPersistStateAsyncState) [id => react-async, phase => typescript, scope => TreeScope(TsParsedFile() / TsDeclModule(react-async) / TsDeclFunction(IfFulfilled) / TsFunSig() / TsFunParam() / TsTypeObject())] 
[info ] ExtractInterfaces.scala:41 Extracted anonymous interface TsIdentSimple(Anon_ChildrenPersistStateAsyncState) [id => react-async, phase => typescript, scope => TreeScope(TsParsedFile() / TsDeclModule(react-async) / TsDeclFunction(IfResolved) / TsFunSig() / TsFunParam() / TsTypeObject())] 
[info ] ExtractInterfaces.scala:41 Extracted anonymous interface TsIdentSimple(Anon_ChildrenPersistStateAsyncStateBoolean) [id => react-async, phase => typescript, scope => TreeScope(TsParsedFile() / TsDeclModule(react-async) / TsDeclFunction(IfRejected) / TsFunSig() / TsFunParam() / TsTypeObject())] 
[info ] ExtractInterfaces.scala:41 Extracted anonymous interface TsIdentSimple(Anon_ChildrenPersistStateAsyncStateBooleanSettledChildren) [id => react-async, phase => typescript, scope => TreeScope(TsParsedFile() / TsDeclModule(react-async) / TsDeclFunction(IfSettled) / TsFunSig() / TsFunParam() / TsTypeObject())] 
[info ] ExtractInterfaces.scala:41 Extracted anonymous interface TsIdentSimple(Anon_Children) [id => react-async, phase => typescript, scope => TreeScope(TsParsedFile() / TsDeclModule(react-async) / TsDeclNamespace(default) / TsDeclFunction(Initial) / TsFunSig() / TsFunParam() / TsTypeObject())] 
[info ] ExtractInterfaces.scala:41 Extracted anonymous interface TsIdentSimple(Anon_ChildrenInitial) [id => react-async, phase => typescript, scope => TreeScope(TsParsedFile() / TsDeclModule(react-async) / TsDeclNamespace(default) / TsDeclFunction(Pending) / TsFunSig() / TsFunParam() / TsTypeObject())] 
[info ] ExtractInterfaces.scala:41 Extracted anonymous interface TsIdentSimple(Anon_ChildrenInitial) [id => react-async, phase => typescript, scope => TreeScope(TsParsedFile() / TsDeclModule(react-async) / TsDeclNamespace(default) / TsDeclFunction(Loading) / TsFunSig() / TsFunParam() / TsTypeObject())] 
[info ] ExtractInterfaces.scala:41 Extracted anonymous interface TsIdentSimple(Anon_ChildrenPersist) [id => react-async, phase => typescript, scope => TreeScope(TsParsedFile() / TsDeclModule(react-async) / TsDeclNamespace(default) / TsDeclFunction(Fulfilled) / TsFunSig() / TsFunParam() / TsTypeObject())] 
[info ] ExtractInterfaces.scala:41 Extracted anonymous interface TsIdentSimple(Anon_ChildrenPersist) [id => react-async, phase => typescript, scope => TreeScope(TsParsedFile() / TsDeclModule(react-async) / TsDeclNamespace(default) / TsDeclFunction(Resolved) / TsFunSig() / TsFunParam() / TsTypeObject())] 
[info ] ExtractInterfaces.scala:41 Extracted anonymous interface TsIdentSimple(Anon_ChildrenPersistBoolean) [id => react-async, phase => typescript, scope => TreeScope(TsParsedFile() / TsDeclModule(react-async) / TsDeclNamespace(default) / TsDeclFunction(Rejected) / TsFunSig() / TsFunParam() / TsTypeObject())] 
[info ] ExtractInterfaces.scala:41 Extracted anonymous interface TsIdentSimple(Anon_ChildrenPersistBooleanSettledChildren) [id => react-async, phase => typescript, scope => TreeScope(TsParsedFile() / TsDeclModule(react-async) / TsDeclNamespace(default) / TsDeclFunction(Settled) / TsFunSig() / TsFunParam() / TsTypeObject())] 
[info ] ExtractInterfaces.scala:41 Extracted anonymous interface TsIdentSimple(Anon_Counter) [id => react-async, phase => typescript, scope => TreeScope(TsParsedFile() / TsDeclModule(react-async) / TsDeclInterface(AbstractAction) / TsMemberProperty(meta) / TsTypeObject())] 
[debug] PhaseRunner.scala:84 Success [id => react-async, phase => typescript] 
[warn ] Phase2ToScalaJs.scala:43 Processing react-async [id => react-async, phase => scala.js] 
[debug] PhaseRunner.scala:84 Success [id => react-async, phase => scala.js] 
[warn ] Phase3Compile.scala:214 Building react-async... [id => react-async, phase => build] 
[error] Phase3Compile.scala:240 [E] [E7] src/main/scala/typings/reactDashAsync/reactDashAsyncComponents.scala:40:149
[E]      missing argument list for method apply in object IfSettled
[E]      Unapplied methods are only converted to functions when a function type is expected.
[E]      You can make this conversion explicit by writing `apply _` or `apply(_)` instead of `apply`.
[E]      L40:   def IfSettled[T]: ComponentType[Anon_ChildrenPersistStateAsyncStateBooleanSettledChildren[T]] = typings.reactDashAsync.reactDashAsyncMod.IfSettled[T].asInstanceOf[typings.react.reactMod.ComponentType[
[E]                                                                                                                                                               ^
[E] [E6] src/main/scala/typings/reactDashAsync/reactDashAsyncComponents.scala:38:129
[E]      missing argument list for method apply in object IfResolved
[E]      Unapplied methods are only converted to functions when a function type is expected.
[E]      You can make this conversion explicit by writing `apply _` or `apply(_)` instead of `apply`.
[E]      L38:   def IfResolved[T]: ComponentType[Anon_ChildrenPersistStateAsyncState[T]] = typings.reactDashAsync.reactDashAsyncMod.IfResolved[T].asInstanceOf[typings.react.reactMod.ComponentType[typings.reactDashAsync.Anon_ChildrenPersistStateAsyncState[T]]]
[E]                                                                                                                                           ^
[E] [E5] src/main/scala/typings/reactDashAsync/reactDashAsyncComponents.scala:36:136
[E]      missing argument list for method apply in object IfRejected
[E]      Unapplied methods are only converted to functions when a function type is expected.
[E]      You can make this conversion explicit by writing `apply _` or `apply(_)` instead of `apply`.
[E]      L36:   def IfRejected[T]: ComponentType[Anon_ChildrenPersistStateAsyncStateBoolean[T]] = typings.reactDashAsync.reactDashAsyncMod.IfRejected[T].asInstanceOf[typings.react.reactMod.ComponentType[typings.reactDashAsync.Anon_ChildrenPersistStateAsyncStateBoolean[T]]]
[E]                                                                                                                                                  ^
[E] [E4] src/main/scala/typings/reactDashAsync/reactDashAsyncComponents.scala:34:117
[E]      missing argument list for method apply in object IfPending
[E]      Unapplied methods are only converted to functions when a function type is expected.
[E]      You can make this conversion explicit by writing `apply _` or `apply(_)` instead of `apply`.
[E]      L34:   def IfPending[T]: ComponentType[Anon_ChildrenInitialState[T]] = typings.reactDashAsync.reactDashAsyncMod.IfPending[T].asInstanceOf[typings.react.reactMod.ComponentType[typings.reactDashAsync.Anon_ChildrenInitialState[T]]]
[E]                                                                                                                               ^
[E] [E3] src/main/scala/typings/reactDashAsync/reactDashAsyncComponents.scala:32:117
[E]      missing argument list for method apply in object IfLoading
[E]      Unapplied methods are only converted to functions when a function type is expected.
[E]      You can make this conversion explicit by writing `apply _` or `apply(_)` instead of `apply`.
[E]      L32:   def IfLoading[T]: ComponentType[Anon_ChildrenInitialState[T]] = typings.reactDashAsync.reactDashAsyncMod.IfLoading[T].asInstanceOf[typings.react.reactMod.ComponentType[typings.reactDashAsync.Anon_ChildrenInitialState[T]]]
[E]                                                                                                                               ^
[E] [E2] src/main/scala/typings/reactDashAsync/reactDashAsyncComponents.scala:30:117
[E]      missing argument list for method apply in object IfInitial
[E]      Unapplied methods are only converted to functions when a function type is expected.
[E]      You can make this conversion explicit by writing `apply _` or `apply(_)` instead of `apply`.
[E]      L30:   def IfInitial[T]: ComponentType[Anon_ChildrenPersistState[T]] = typings.reactDashAsync.reactDashAsyncMod.IfInitial[T].asInstanceOf[typings.react.reactMod.ComponentType[typings.reactDashAsync.Anon_ChildrenPersistState[T]]]
[E]                                                                                                                               ^
[E] [E1] src/main/scala/typings/reactDashAsync/reactDashAsyncComponents.scala:28:131
[E]      missing argument list for method apply in object IfFulfilled
[E]      Unapplied methods are only converted to functions when a function type is expected.
[E]      You can make this conversion explicit by writing `apply _` or `apply(_)` instead of `apply`.
[E]      L28:   def IfFulfilled[T]: ComponentType[Anon_ChildrenPersistStateAsyncState[T]] = typings.reactDashAsync.reactDashAsyncMod.IfFulfilled[T].asInstanceOf[typings.react.reactMod.ComponentType[typings.reactDashAsync.Anon_ChildrenPersistStateAsyncState[T]]]
[E]                                                                                                                                             ^
[E] src/main/scala/typings/reactDashAsync/reactDashAsyncComponents.scala: L28 [E1], L30 [E2], L32 [E3], L34 [E4], L36 [E5], L38 [E6], L40 [E7]
[E] Failed to compile 'react-async'
 [id => react-async, phase => build] 
[error] PhaseRunner.scala:88 Failure, [react-async => Compilation failed] [id => react-async, phase => build] 
[error] PhaseRunner.scala:88 Failure, [react-async => Compilation failed] [id => react-async, phase => publish] 
