[info ] InferredDependency.scala:22 Inferred dependencies Set(TsIdentLibrarySimple(react)) for TsIdentLibrarySimple(rebass) [id => rebass, phase => typescript, file => ../types/rebass/index.d.ts] 
[debug] PhaseRunner.scala:84 Success [id => rebass, phase => typescript] 
[info ] Phase1ReadTypescript.scala:160 Preprocessing TsHelperFile(InFile(/home/tso/tmp/tso-cache/DefinitelyTyped/types/rebass/index.d.ts),FromFolder(InFolder(/home/tso/tmp/tso-cache/DefinitelyTyped/types/rebass),TsIdentLibrarySimple(rebass)),TsIdentModule(None,List(rebass))) [id => rebass, phase => typescript] 
[info ] InferredDefaultModule.scala:39 Inferred module TsIdentModule(None,List(rebass)) [id => rebass, phase => typescript] 
[warn ] Phase1ReadTypescript.scala:182 Processing TsIdentLibrarySimple(rebass) [id => rebass, phase => typescript] 
[info ] UnionTypesFromKeyOf.scala:11 Expanded keyof TsQIdent(List(TsIdentLibrarySimple(rebass), TsIdentModule(None,List(rebass)), TsIdentSimple(BoxKnownProps))) [id => rebass, phase => typescript, scope => TreeScope(TsParsedFile() / TsDeclModule(rebass) / TsDeclInterface(BoxProps) / TsTypeRef() / TsTypeKeyOf())] 
[info ] UnionTypesFromKeyOf.scala:11 Expanded keyof TsQIdent(List(TsIdentLibrarySimple(rebass), TsIdentModule(None,List(rebass)), TsIdentSimple(ButtonKnownProps))) [id => rebass, phase => typescript, scope => TreeScope(TsParsedFile() / TsDeclModule(rebass) / TsDeclInterface(ButtonProps) / TsTypeRef() / TsTypeKeyOf())] 
[info ] UnionTypesFromKeyOf.scala:11 Expanded keyof TsQIdent(List(TsIdentLibrarySimple(rebass), TsIdentModule(None,List(rebass)), TsIdentSimple(CardKnownProps))) [id => rebass, phase => typescript, scope => TreeScope(TsParsedFile() / TsDeclModule(rebass) / TsDeclInterface(CardProps) / TsTypeRef() / TsTypeKeyOf())] 
[info ] UnionTypesFromKeyOf.scala:11 Expanded keyof TsQIdent(List(TsIdentLibrarySimple(rebass), TsIdentModule(None,List(rebass)), TsIdentSimple(FlexKnownProps))) [id => rebass, phase => typescript, scope => TreeScope(TsParsedFile() / TsDeclModule(rebass) / TsDeclInterface(FlexProps) / TsTypeRef() / TsTypeKeyOf())] 
[info ] UnionTypesFromKeyOf.scala:11 Expanded keyof TsQIdent(List(TsIdentLibrarySimple(rebass), TsIdentModule(None,List(rebass)), TsIdentSimple(ImageKnownProps))) [id => rebass, phase => typescript, scope => TreeScope(TsParsedFile() / TsDeclModule(rebass) / TsDeclInterface(ImageProps) / TsTypeRef() / TsTypeKeyOf())] 
[info ] UnionTypesFromKeyOf.scala:11 Expanded keyof TsQIdent(List(TsIdentLibrarySimple(rebass), TsIdentModule(None,List(rebass)), TsIdentSimple(LinkKnownProps))) [id => rebass, phase => typescript, scope => TreeScope(TsParsedFile() / TsDeclModule(rebass) / TsDeclInterface(LinkProps) / TsTypeRef() / TsTypeKeyOf())] 
[info ] UnionTypesFromKeyOf.scala:11 Expanded keyof TsQIdent(List(TsIdentLibrarySimple(rebass), TsIdentModule(None,List(rebass)), TsIdentSimple(TextKnownProps))) [id => rebass, phase => typescript, scope => TreeScope(TsParsedFile() / TsDeclModule(rebass) / TsDeclInterface(TextProps) / TsTypeRef() / TsTypeKeyOf())] 
[info ] UnionTypesFromKeyOf.scala:11 Expanded keyof TsQIdent(List(TsIdentLibrarySimple(rebass), TsIdentModule(None,List(rebass)), TsIdentSimple(HeadingKnownProps))) [id => rebass, phase => typescript, scope => TreeScope(TsParsedFile() / TsDeclModule(rebass) / TsDeclInterface(HeadingProps) / TsTypeRef() / TsTypeKeyOf())] 
[info ] PreferTypeAlias.scala:55 Simplified to type alias [id => rebass, phase => typescript, scope => TreeScope(TsParsedFile() / TsDeclModule(rebass) / TsDeclInterface(LinkKnownProps))] 
[info ] PreferTypeAlias.scala:55 Simplified to type alias [id => rebass, phase => typescript, scope => TreeScope(TsParsedFile() / TsDeclModule(rebass) / TsDeclInterface(HeadingKnownProps))] 
[debug] PhaseRunner.scala:84 Success [id => rebass, phase => typescript] 
[warn ] Phase2ToScalaJs.scala:43 Processing rebass [id => rebass, phase => scala.js] 
[info ] RemoveDuplicateInheritance.scala:62 Dropped parents QualifiedName(List(Name(typings), Name(styledDashSystem), Name(styledDashSystemMod), Name(BorderProps))),QualifiedName(List(Name(typings), Name(styledDashSystem), Name(styledDashSystemMod), Name(BorderColorProps))),QualifiedName(List(Name(typings), Name(styledDashSystem), Name(styledDashSystemMod), Name(BorderRadiusProps))) at Name(typings) / Name(rebass) / Name(rebassMod) / Name(ButtonKnownProps) because allParentRefs = Set(TypeRef(QualifiedName(List(Name(typings), Name(styledDashSystem), Name(styledDashSystemMod), Name(OrderProps))),List(),NoComments), TypeRef(QualifiedName(List(Name(typings), Name(styledDashSystem), Name(styledDashSystemMod), Name(FontSizeProps))),List(),NoComments), TypeRef(QualifiedName(List(Name(typings), Name(styledDashSystem), Name(styledDashSystemMod), Name(TextColorProps))),List(),NoComments), TypeRef(QualifiedName(List(Name(typings), Name(styledDashSystem), Name(styledDashSystemMod), Name(WidthProps))),List(),NoComments), TypeRef(QualifiedName(List(Name(typings), Name(rebass), Name(rebassMod), Name(BaseProps))),List(),NoComments), TypeRef(QualifiedName(List(Name(typings), Name(styledDashSystem), Name(styledDashSystemMod), Name(BorderRadiusProps))),List(),NoComments), TypeRef(QualifiedName(List(Name(typings), Name(styledDashSystem), Name(styledDashSystemMod), Name(BorderRightProps))),List(),NoComments), TypeRef(QualifiedName(List(Name(typings), Name(styledDashSystem), Name(styledDashSystemMod), Name(FlexProps))),List(),NoComments), TypeRef(QualifiedName(List(Name(typings), Name(styledDashSystem), Name(styledDashSystemMod), Name(ColorProps))),List(),NoComments), TypeRef(QualifiedName(List(Name(typings), Name(styledDashSystem), Name(styledDashSystemMod), Name(AlignSelfProps))),List(),NoComments), TypeRef(QualifiedName(List(Name(typings), Name(styledDashSystem), Name(styledDashSystemMod), Name(BorderProps))),List(),NoComments), TypeRef(QualifiedName(List(Name(typings), Name(react), Name(reactMod), Name(Props))),List(),NoComments), TypeRef(QualifiedName(List(Name(typings), Name(styledDashSystem), Name(styledDashSystemMod), Name(SpaceProps))),List(),NoComments), TypeRef(QualifiedName(List(Name(typings), Name(styledDashSystem), Name(styledDashSystemMod), Name(BorderWidthProps))),List(),NoComments), TypeRef(QualifiedName(List(Name(typings), Name(styledDashSystem), Name(styledDashSystemMod), Name(BorderBottomProps))),List(),NoComments), TypeRef(QualifiedName(List(Name(typings), Name(styledDashSystem), Name(styledDashSystemMod), Name(BackgroundColorProps))),List(),NoComments), TypeRef(QualifiedName(List(Name(typings), Name(styledDashSystem), Name(styledDashSystemMod), Name(OpacityProps))),List(),NoComments), TypeRef(QualifiedName(List(Name(typings), Name(styledDashSystem), Name(styledDashSystemMod), Name(BorderLeftProps))),List(),NoComments), TypeRef(QualifiedName(List(Name(typings), Name(styledDashSystem), Name(styledDashSystemMod), Name(BorderTopProps))),List(),NoComments), TypeRef(QualifiedName(List(Name(typings), Name(styledDashSystem), Name(styledDashSystemMod), Name(BorderStyleProps))),List(),NoComments), TypeRef(QualifiedName(List(Name(typings), Name(styledDashSystem), Name(styledDashSystemMod), Name(BorderColorProps))),List(),NoComments)) [id => rebass, phase => scala.js, this => Name(typings) / Name(rebass) / Name(rebassMod) / Name(ButtonKnownProps)] 
[info ] RemoveDuplicateInheritance.scala:62 Dropped parents QualifiedName(List(Name(typings), Name(styledDashSystem), Name(styledDashSystemMod), Name(BorderProps))),QualifiedName(List(Name(typings), Name(styledDashSystem), Name(styledDashSystemMod), Name(BorderColorProps))),QualifiedName(List(Name(typings), Name(styledDashSystem), Name(styledDashSystemMod), Name(BorderRadiusProps))),QualifiedName(List(Name(typings), Name(styledDashSystem), Name(styledDashSystemMod), Name(OpacityProps))) at Name(typings) / Name(rebass) / Name(rebassMod) / Name(CardKnownProps) because allParentRefs = Set(TypeRef(QualifiedName(List(Name(typings), Name(styledDashSystem), Name(styledDashSystemMod), Name(OrderProps))),List(),NoComments), TypeRef(QualifiedName(List(Name(typings), Name(styledDashSystem), Name(styledDashSystemMod), Name(FontSizeProps))),List(),NoComments), TypeRef(QualifiedName(List(Name(typings), Name(styledDashSystem), Name(styledDashSystemMod), Name(TextColorProps))),List(),NoComments), TypeRef(QualifiedName(List(Name(typings), Name(styledDashSystem), Name(styledDashSystemMod), Name(WidthProps))),List(),NoComments), TypeRef(QualifiedName(List(Name(typings), Name(rebass), Name(rebassMod), Name(BaseProps))),List(),NoComments), TypeRef(QualifiedName(List(Name(typings), Name(styledDashSystem), Name(styledDashSystemMod), Name(BorderRadiusProps))),List(),NoComments), TypeRef(QualifiedName(List(Name(typings), Name(styledDashSystem), Name(styledDashSystemMod), Name(BorderRightProps))),List(),NoComments), TypeRef(QualifiedName(List(Name(typings), Name(styledDashSystem), Name(styledDashSystemMod), Name(FlexProps))),List(),NoComments), TypeRef(QualifiedName(List(Name(typings), Name(styledDashSystem), Name(styledDashSystemMod), Name(ColorProps))),List(),NoComments), TypeRef(QualifiedName(List(Name(typings), Name(styledDashSystem), Name(styledDashSystemMod), Name(AlignSelfProps))),List(),NoComments), TypeRef(QualifiedName(List(Name(typings), Name(styledDashSystem), Name(styledDashSystemMod), Name(BorderProps))),List(),NoComments), TypeRef(QualifiedName(List(Name(typings), Name(react), Name(reactMod), Name(Props))),List(),NoComments), TypeRef(QualifiedName(List(Name(typings), Name(styledDashSystem), Name(styledDashSystemMod), Name(SpaceProps))),List(),NoComments), TypeRef(QualifiedName(List(Name(typings), Name(styledDashSystem), Name(styledDashSystemMod), Name(BorderWidthProps))),List(),NoComments), TypeRef(QualifiedName(List(Name(typings), Name(styledDashSystem), Name(styledDashSystemMod), Name(BorderBottomProps))),List(),NoComments), TypeRef(QualifiedName(List(Name(typings), Name(styledDashSystem), Name(styledDashSystemMod), Name(BackgroundColorProps))),List(),NoComments), TypeRef(QualifiedName(List(Name(typings), Name(styledDashSystem), Name(styledDashSystemMod), Name(OpacityProps))),List(),NoComments), TypeRef(QualifiedName(List(Name(typings), Name(styledDashSystem), Name(styledDashSystemMod), Name(BorderLeftProps))),List(),NoComments), TypeRef(QualifiedName(List(Name(typings), Name(styledDashSystem), Name(styledDashSystemMod), Name(BorderTopProps))),List(),NoComments), TypeRef(QualifiedName(List(Name(typings), Name(styledDashSystem), Name(styledDashSystemMod), Name(BorderStyleProps))),List(),NoComments), TypeRef(QualifiedName(List(Name(typings), Name(styledDashSystem), Name(styledDashSystemMod), Name(BorderColorProps))),List(),NoComments)) [id => rebass, phase => scala.js, this => Name(typings) / Name(rebass) / Name(rebassMod) / Name(CardKnownProps)] 
[debug] PhaseRunner.scala:84 Success [id => rebass, phase => scala.js] 
[warn ] Phase3Compile.scala:202 Building rebass... [id => rebass, phase => build] 
[error] Phase3Compile.scala:228 [E] [E-1] Error while emitting typings/rebass/rebassMod/CardProps$
[E]       UTF8 string too large
[E] [E-1] Error while emitting typings/rebass/rebassMod/CardProps
[E]       UTF8 string too large
[E] [E-1] Error while emitting typings/rebass/rebassMod/CardKnownProps$
[E]       UTF8 string too large
[E] [E-1] Error while emitting typings/rebass/rebassMod/CardKnownProps
[E]       UTF8 string too large
[E] [E-1] Error while emitting typings/rebass/rebassMod/ButtonProps$
[E]       UTF8 string too large
[E] [E-1] Error while emitting typings/rebass/rebassMod/ButtonProps
[E]       UTF8 string too large
[E] [E-1] Error while emitting typings/rebass/rebassMod/ButtonKnownProps$
[E]       UTF8 string too large
[E] [E-1] Error while emitting typings/rebass/rebassMod/ButtonKnownProps
[E]       UTF8 string too large
[E] Failed to compile 'rebass'
 [id => rebass, phase => build] 
[error] PhaseRunner.scala:88 Failure, [rebass => Compilation failed] [id => rebass, phase => build] 
[error] PhaseRunner.scala:88 Failure, [rebass => Compilation failed] [id => rebass, phase => publish] 
