[info ] InferredDependency.scala:20 Inferred dependencies Set(TsIdentLibrarySimple(node)) for TsIdentLibrarySimple(responselike) [id => responselike, phase => typescript, file => ../types/responselike/index.d.ts] 
[debug] PhaseRunner.scala:82 Success [id => responselike, phase => typescript] 
[info ] Phase1ReadTypescript.scala:160 Preprocessing TsHelperFile(InFile(/home/tso/tmp/tso-cache/DefinitelyTyped/types/responselike/index.d.ts),FromFolder(InFolder(/home/tso/tmp/tso-cache/DefinitelyTyped/types/responselike),TsIdentLibrarySimple(responselike)),TsIdentModule(None,List(responselike))) [id => responselike, phase => typescript] 
[info ] InferredDefaultModule.scala:39 Inferred module TsIdentModule(None,List(responselike)) [id => responselike, phase => typescript] 
[warn ] Phase1ReadTypescript.scala:200 Processing TsIdentLibrarySimple(responselike) [id => responselike, phase => typescript] 
[warn ] QualifyReferences.scala:32 Couldn't qualify Stream.Readable [id => responselike, phase => typescript, scope => TreeScope(TsParsedFile() / TsDeclModule(responselike) / TsDeclClass(ResponseLike) / TsTypeRef())] 
[debug] PhaseRunner.scala:82 Success [id => responselike, phase => typescript] 
[warn ] Phase2ToScalaJs.scala:40 Processing responselike [id => responselike, phase => scala.js] 
[info ] CompleteClass.scala:58 Completed implementations Vector(url, body, statusCode, headers) [id => responselike, phase => scala.js, this => Name(responselikeLib) / Name(responselikeMod) / Name(namespaced)] 
[debug] PhaseRunner.scala:82 Success [id => responselike, phase => scala.js] 
[warn ] Phase3CompileBloop.scala:197 Built responselike in 366 ms [id => responselike, phase => build] 
[info ] Phase3CompileBloop.scala:205 published local, [/home/tso/.ivy2/local/org.scalablytyped/responselike_sjs0.6_2.12/1.0-dt-20190127Z-eee5aa/jars/responselike_sjs0.6_2.12.jar, /home/tso/.ivy2/local/org.scalablytyped/responselike_sjs0.6_2.12/1.0-dt-20190127Z-eee5aa/srcs/responselike_sjs0.6_2.12-sources.jar, /home/tso/.ivy2/local/org.scalablytyped/responselike_sjs0.6_2.12/1.0-dt-20190127Z-eee5aa/ivys/ivy.xml, /home/tso/.ivy2/local/org.scalablytyped/responselike_sjs0.6_2.12/1.0-dt-20190127Z-eee5aa/poms/responselike_sjs0.6_2.12.pom] [id => responselike, phase => build] 
[debug] PhaseRunner.scala:82 Success [id => responselike, phase => build] 
[error] PhaseRes.scala:76 Caught exception: dispatch.StatusCode: Unexpected response status: 404 [id => responselike, phase => publish] java.util.concurrent.ExecutionException: dispatch.StatusCode: Unexpected response status: 404
	at com.ning.http.client.providers.netty.future.NettyResponseFuture.done(NettyResponseFuture.java:218)
	at com.ning.http.client.providers.netty.handler.HttpProtocol.markAsDone(HttpProtocol.java:204)
	at com.ning.http.client.providers.netty.handler.HttpProtocol.finishUpdate(HttpProtocol.java:189)
	at com.ning.http.client.providers.netty.handler.HttpProtocol.handleChunk(HttpProtocol.java:457)
	at com.ning.http.client.providers.netty.handler.HttpProtocol.handle(HttpProtocol.java:480)
	at com.ning.http.client.providers.netty.handler.Processor.messageReceived(Processor.java:89)
	at org.jboss.netty.channel.SimpleChannelUpstreamHandler.handleUpstream(SimpleChannelUpstreamHandler.java:70)
	at org.jboss.netty.channel.DefaultChannelPipeline.sendUpstream(DefaultChannelPipeline.java:564)
	at org.jboss.netty.channel.DefaultChannelPipeline$DefaultChannelHandlerContext.sendUpstream(DefaultChannelPipeline.java:791)
	at org.jboss.netty.handler.stream.ChunkedWriteHandler.handleUpstream(ChunkedWriteHandler.java:142)
	at org.jboss.netty.channel.DefaultChannelPipeline.sendUpstream(DefaultChannelPipeline.java:564)
	at org.jboss.netty.channel.DefaultChannelPipeline$DefaultChannelHandlerContext.sendUpstream(DefaultChannelPipeline.java:791)
	at org.jboss.netty.handler.codec.http.HttpContentDecoder.messageReceived(HttpContentDecoder.java:135)
	at org.jboss.netty.channel.SimpleChannelUpstreamHandler.handleUpstream(SimpleChannelUpstreamHandler.java:70)
	at org.jboss.netty.channel.DefaultChannelPipeline.sendUpstream(DefaultChannelPipeline.java:564)
	at org.jboss.netty.channel.DefaultChannelPipeline$DefaultChannelHandlerContext.sendUpstream(DefaultChannelPipeline.java:791)
	at org.jboss.netty.channel.Channels.fireMessageReceived(Channels.java:296)
	at org.jboss.netty.handler.codec.frame.FrameDecoder.unfoldAndFireMessageReceived(FrameDecoder.java:459)
	at org.jboss.netty.handler.codec.replay.ReplayingDecoder.callDecode(ReplayingDecoder.java:536)
	at org.jboss.netty.handler.codec.replay.ReplayingDecoder.messageReceived(ReplayingDecoder.java:435)
	at org.jboss.netty.channel.SimpleChannelUpstreamHandler.handleUpstream(SimpleChannelUpstreamHandler.java:70)
	at org.jboss.netty.handler.codec.http.HttpClientCodec.handleUpstream(HttpClientCodec.java:92)
	at org.jboss.netty.channel.DefaultChannelPipeline.sendUpstream(DefaultChannelPipeline.java:564)
	at org.jboss.netty.channel.DefaultChannelPipeline$DefaultChannelHandlerContext.sendUpstream(DefaultChannelPipeline.java:791)
	at org.jboss.netty.channel.Channels.fireMessageReceived(Channels.java:296)
	at org.jboss.netty.handler.codec.frame.FrameDecoder.unfoldAndFireMessageReceived(FrameDecoder.java:462)
	at org.jboss.netty.handler.codec.frame.FrameDecoder.callDecode(FrameDecoder.java:443)
	at org.jboss.netty.handler.codec.frame.FrameDecoder.messageReceived(FrameDecoder.java:303)
	at org.jboss.netty.channel.SimpleChannelUpstreamHandler.handleUpstream(SimpleChannelUpstreamHandler.java:70)
	at org.jboss.netty.channel.DefaultChannelPipeline.sendUpstream(DefaultChannelPipeline.java:564)
	at org.jboss.netty.channel.DefaultChannelPipeline.sendUpstream(DefaultChannelPipeline.java:559)
	at org.jboss.netty.channel.Channels.fireMessageReceived(Channels.java:268)
	at org.jboss.netty.channel.Channels.fireMessageReceived(Channels.java:255)
	at org.jboss.netty.channel.socket.nio.NioWorker.read(NioWorker.java:88)
	at org.jboss.netty.channel.socket.nio.AbstractNioWorker.process(AbstractNioWorker.java:108)
	at org.jboss.netty.channel.socket.nio.AbstractNioSelector.run(AbstractNioSelector.java:337)
	at org.jboss.netty.channel.socket.nio.AbstractNioWorker.run(AbstractNioWorker.java:89)
	at org.jboss.netty.channel.socket.nio.NioWorker.run(NioWorker.java:178)
	at org.jboss.netty.util.ThreadRenamingRunnable.run(ThreadRenamingRunnable.java:108)
	at org.jboss.netty.util.internal.DeadLockProofWorker$1.run(DeadLockProofWorker.java:42)
	at java.util.concurrent.ThreadPoolExecutor.runWorker(ThreadPoolExecutor.java:1149)
	at java.util.concurrent.ThreadPoolExecutor$Worker.run(ThreadPoolExecutor.java:624)
	at java.lang.Thread.run(Thread.java:748)
Caused by: dispatch.StatusCode: Unexpected response status: 404
	at com.olvind.tso.importer.build.BinTrayPublisher$Handle$.$anonfun$createOrConflict$1(BinTrayPublisher.scala:38)
	at com.olvind.tso.importer.build.BinTrayPublisher$Handle$.$anonfun$createOrConflict$1$adapted(BinTrayPublisher.scala:34)
	at dispatch.FunctionHandler.onCompleted(handlers.scala:26)
	at com.ning.http.client.AsyncCompletionHandler.onCompleted(AsyncCompletionHandler.java:55)
	at com.olvind.tso.importer.build.Caching$WrappedHandler.onCompleted(BinTrayPublisher.scala:139)
	at com.olvind.tso.importer.build.Caching$WrappedHandler.onCompleted(BinTrayPublisher.scala:139)
	at com.olvind.tso.importer.build.Caching$Client$StoringHandler$1$.onCompleted(BinTrayPublisher.scala:114)
	at com.ning.http.client.providers.netty.future.NettyResponseFuture.getContent(NettyResponseFuture.java:177)
	at com.ning.http.client.providers.netty.future.NettyResponseFuture.done(NettyResponseFuture.java:212)
	... 42 more

[error] PhaseRunner.scala:86 Failure, [responselike => java.util.concurrent.ExecutionException: dispatch.StatusCode: Unexpected response status: 404] [id => responselike, phase => publish] 
