[debug] PhaseRunner.scala:78 Success [id => rest-io, phase => typescript] 
[debug] PhaseRunner.scala:78 Success [id => rest-io, phase => typescript] 
[debug] PhaseRunner.scala:78 Success [id => rest-io, phase => typescript] 
[debug] PhaseRunner.scala:78 Success [id => rest-io, phase => typescript] 
[debug] PhaseRunner.scala:78 Success [id => rest-io, phase => typescript] 
[debug] PhaseRunner.scala:78 Success [id => rest-io, phase => typescript] 
[info ] Phase1ReadTypescript.scala:152 Preprocessing TsHelperFile(InFile(/home/tso/tmp/tso-cache/npm/node_modules/rest-io/lib/src/authorizedResource.d.ts),FromFolder(InFolder(/home/tso/tmp/tso-cache/npm/node_modules/rest-io),TsIdentLibrarySimple(rest-io)),TsIdentModule(None,List(rest-io, lib, src, authorizedResource))) [id => rest-io, phase => typescript] 
[info ] InferredDefaultModule.scala:39 Inferred module TsIdentModule(None,List(rest-io, lib, src, authorizedResource)) [id => rest-io, phase => typescript] 
[info ] Phase1ReadTypescript.scala:152 Preprocessing TsHelperFile(InFile(/home/tso/tmp/tso-cache/npm/node_modules/rest-io/lib/src/authorizedSubResource.d.ts),FromFolder(InFolder(/home/tso/tmp/tso-cache/npm/node_modules/rest-io),TsIdentLibrarySimple(rest-io)),TsIdentModule(None,List(rest-io, lib, src, authorizedSubResource))) [id => rest-io, phase => typescript] 
[info ] InferredDefaultModule.scala:39 Inferred module TsIdentModule(None,List(rest-io, lib, src, authorizedSubResource)) [id => rest-io, phase => typescript] 
[info ] Phase1ReadTypescript.scala:152 Preprocessing TsHelperFile(InFile(/home/tso/tmp/tso-cache/npm/node_modules/rest-io/lib/src/index.d.ts),FromFolder(InFolder(/home/tso/tmp/tso-cache/npm/node_modules/rest-io),TsIdentLibrarySimple(rest-io)),TsIdentModule(None,List(rest-io))) [id => rest-io, phase => typescript] 
[info ] InferredDefaultModule.scala:39 Inferred module TsIdentModule(None,List(rest-io)) [id => rest-io, phase => typescript] 
[info ] Phase1ReadTypescript.scala:152 Preprocessing TsHelperFile(InFile(/home/tso/tmp/tso-cache/npm/node_modules/rest-io/lib/src/resource.d.ts),FromFolder(InFolder(/home/tso/tmp/tso-cache/npm/node_modules/rest-io),TsIdentLibrarySimple(rest-io)),TsIdentModule(None,List(rest-io, lib, src, resource))) [id => rest-io, phase => typescript] 
[info ] InferredDefaultModule.scala:39 Inferred module TsIdentModule(None,List(rest-io, lib, src, resource)) [id => rest-io, phase => typescript] 
[info ] Phase1ReadTypescript.scala:152 Preprocessing TsHelperFile(InFile(/home/tso/tmp/tso-cache/npm/node_modules/rest-io/lib/src/subResource.d.ts),FromFolder(InFolder(/home/tso/tmp/tso-cache/npm/node_modules/rest-io),TsIdentLibrarySimple(rest-io)),TsIdentModule(None,List(rest-io, lib, src, subResource))) [id => rest-io, phase => typescript] 
[info ] InferredDefaultModule.scala:39 Inferred module TsIdentModule(None,List(rest-io, lib, src, subResource)) [id => rest-io, phase => typescript] 
[info ] Phase1ReadTypescript.scala:152 Preprocessing TsHelperFile(InFile(/home/tso/tmp/tso-cache/npm/node_modules/rest-io/lib/src/userResource.d.ts),FromFolder(InFolder(/home/tso/tmp/tso-cache/npm/node_modules/rest-io),TsIdentLibrarySimple(rest-io)),TsIdentModule(None,List(rest-io, lib, src, userResource))) [id => rest-io, phase => typescript] 
[info ] InferredDefaultModule.scala:39 Inferred module TsIdentModule(None,List(rest-io, lib, src, userResource)) [id => rest-io, phase => typescript] 
[warn ] Phase1ReadTypescript.scala:190 Processing TsIdentLibrarySimple(rest-io) [id => rest-io, phase => typescript] 
[warn ] QualifyReferences.scala:47 Couldn't qualify TsTypeRef(TsQIdent(List(TsIdentSimple(mongoose), TsIdentSimple(Promise))),List(TsTypeRef(TsQIdent(List(TsIdentSimple(mongoose), TsIdentSimple(Document))),List()))), defaulting to any [id => rest-io, phase => typescript, scope => TreeScope(TsParsedFile() / TsDeclModule(rest-io/lib/src/authorizedResource) / TsExport() / TsExporteeTree() / TsDeclClass(AuthorizedResource) / TsMemberFunction(getRoles) / TsFunSig() / TsTypeRef())] 
[warn ] QualifyReferences.scala:47 Couldn't qualify TsTypeRef(TsQIdent(List(TsIdentSimple(mongoose), TsIdentSimple(Promise))),List(TsTypeObject(List()))), defaulting to any [id => rest-io, phase => typescript, scope => TreeScope(TsParsedFile() / TsDeclModule(rest-io/lib/src/authorizedResource) / TsExport() / TsExporteeTree() / TsDeclClass(AuthorizedResource) / TsMemberFunction(hasAccessRightsDefined) / TsFunSig() / TsTypeRef())] 
[warn ] QualifyReferences.scala:47 Couldn't qualify TsTypeRef(TsQIdent(List(TsIdentSimple(mongoose), TsIdentSimple(Promise))),List(TsTypeObject(List()))), defaulting to any [id => rest-io, phase => typescript, scope => TreeScope(TsParsedFile() / TsDeclModule(rest-io/lib/src/authorizedResource) / TsExport() / TsExporteeTree() / TsDeclClass(AuthorizedResource) / TsMemberFunction(isAuthorized) / TsFunSig() / TsTypeRef())] 
[warn ] ResolveTypeQueries.scala:98 Couldn't resolve TsTypeQuery(TsQIdent(List(TsIdentSimple(authorizedResource)))) [id => rest-io, phase => typescript, scope => TreeScope(TsParsedFile() / TsDeclModule(rest-io) / TsExport() / TsExporteeTree() / TsDeclClass(RestIO) / TsMemberProperty(authorizedResource) / TsTypeQuery())] 
[info ] ResolveTypeQueries.scala:94 Resolved TsTypeQuery(TsQIdent(List(TsIdentLibrarySimple(rest-io), TsIdentModule(None,List(rest-io, lib, src, userResource)), TsIdentSimple(default)))) [id => rest-io, phase => typescript, scope => TreeScope(TsParsedFile() / TsDeclModule(rest-io) / TsExport() / TsExporteeTree() / TsDeclClass(RestIO) / TsMemberProperty(UserResource) / TsTypeQuery())] 
[warn ] ResolveTypeQueries.scala:98 Couldn't resolve TsTypeQuery(TsQIdent(List(TsIdentSimple(authorizedResource), TsIdentSimple(AuthorizedResource)))) [id => rest-io, phase => typescript, scope => TreeScope(TsParsedFile() / TsDeclModule(rest-io) / TsExport() / TsExporteeTree() / TsDeclClass(RestIO) / TsMemberProperty(AuthorizedResource) / TsTypeQuery())] 
[info ] ResolveTypeQueries.scala:94 Resolved TsTypeQuery(TsQIdent(List(TsIdentLibrarySimple(rest-io), TsIdentModule(None,List(rest-io, lib, src, subResource)), TsIdentSimple(default)))) [id => rest-io, phase => typescript, scope => TreeScope(TsParsedFile() / TsDeclModule(rest-io) / TsExport() / TsExporteeTree() / TsDeclClass(RestIO) / TsMemberProperty(SubResource) / TsTypeQuery())] 
[info ] ResolveTypeQueries.scala:94 Resolved TsTypeQuery(TsQIdent(List(TsIdentLibrarySimple(rest-io), TsIdentModule(None,List(rest-io, lib, src, authorizedSubResource)), TsIdentSimple(default)))) [id => rest-io, phase => typescript, scope => TreeScope(TsParsedFile() / TsDeclModule(rest-io) / TsExport() / TsExporteeTree() / TsDeclClass(RestIO) / TsMemberProperty(AuthorizedSubResource) / TsTypeQuery())] 
[info ] ResolveTypeQueries.scala:94 Resolved TsTypeQuery(TsQIdent(List(TsIdentLibrarySimple(rest-io), TsIdentModule(None,List(rest-io, lib, src, resource)), TsIdentSimple(Resource)))) [id => rest-io, phase => typescript, scope => TreeScope(TsParsedFile() / TsDeclModule(rest-io) / TsExport() / TsExporteeTree() / TsDeclClass(RestIO) / TsMemberProperty(Resource) / TsTypeQuery())] 
[debug] DefaultedTParams.scala:29 Defaulting type parameter TsIdentSimple(QueryHelpers) at TreeScope(TsParsedFile() / TsDeclModule(rest-io/lib/src/authorizedSubResource) / TsDeclInterface(AuthorizedSubResource) / TsMemberFunction(createModel) / TsFunSig() / TsTypeRef()) [id => rest-io, phase => typescript, scope => TreeScope(TsParsedFile() / TsDeclModule(rest-io/lib/src/authorizedSubResource) / TsDeclInterface(AuthorizedSubResource) / TsMemberFunction(createModel) / TsFunSig() / TsTypeRef())] 
[debug] DefaultedTParams.scala:29 Defaulting type parameter TsIdentSimple(QueryHelpers) at TreeScope(TsParsedFile() / TsDeclModule(rest-io/lib/src/resource) / TsDeclClass(Resource) / TsMemberProperty(model) / TsTypeRef()) [id => rest-io, phase => typescript, scope => TreeScope(TsParsedFile() / TsDeclModule(rest-io/lib/src/resource) / TsDeclClass(Resource) / TsMemberProperty(model) / TsTypeRef())] 
[debug] DefaultedTParams.scala:29 Defaulting type parameter TsIdentSimple(QueryHelpers) at TreeScope(TsParsedFile() / TsDeclModule(rest-io/lib/src/resource) / TsDeclClass(Resource) / TsMemberFunction(createModel) / TsFunSig() / TsTypeRef()) [id => rest-io, phase => typescript, scope => TreeScope(TsParsedFile() / TsDeclModule(rest-io/lib/src/resource) / TsDeclClass(Resource) / TsMemberFunction(createModel) / TsFunSig() / TsTypeRef())] 
[debug] DefaultedTParams.scala:29 Defaulting type parameter TsIdentSimple(QueryHelpers) at TreeScope(TsParsedFile() / TsDeclModule(rest-io/lib/src/subResource) / TsDeclInterface(SubResource) / TsMemberFunction(createModel) / TsFunSig() / TsTypeRef()) [id => rest-io, phase => typescript, scope => TreeScope(TsParsedFile() / TsDeclModule(rest-io/lib/src/subResource) / TsDeclInterface(SubResource) / TsMemberFunction(createModel) / TsFunSig() / TsTypeRef())] 
[debug] DefaultedTParams.scala:29 Defaulting type parameter TsIdentSimple(QueryHelpers) at TreeScope(TsParsedFile() / TsDeclModule(rest-io/lib/src/userResource) / TsDeclInterface(UserResource) / TsMemberFunction(createModel) / TsFunSig() / TsTypeRef()) [id => rest-io, phase => typescript, scope => TreeScope(TsParsedFile() / TsDeclModule(rest-io/lib/src/userResource) / TsDeclInterface(UserResource) / TsMemberFunction(createModel) / TsFunSig() / TsTypeRef())] 
[info ] ExtractInterfaces.scala:30 Extracted anonymous interface TsIdentSimple(Anon_Id) [id => rest-io, phase => typescript, scope => TreeScope(TsParsedFile() / TsDeclModule(rest-io/lib/src/subResource) / TsDeclInterface(SubResource) / TsMemberFunction(createFindQuery) / TsFunSig() / TsTypeObject())] 
[info ] ExtractInterfaces.scala:30 Extracted anonymous interface TsIdentSimple(Anon_SUPERUSER) [id => rest-io, phase => typescript, scope => TreeScope(TsParsedFile() / TsDeclModule(rest-io) / TsDeclClass(default) / TsMemberProperty(ROLES) / TsTypeObject())] 
[info ] ExtractInterfaces.scala:30 Extracted anonymous interface TsIdentSimple(Anon_SUPERUSER) [id => rest-io, phase => typescript, scope => TreeScope(TsParsedFile() / TsDeclModule(rest-io/lib/src/authorizedResource) / TsDeclClass(default) / TsMemberProperty(ROLES) / TsTypeObject())] 
[info ] ExtractInterfaces.scala:30 Extracted anonymous interface TsIdentSimple(Anon_SUPERUSER) [id => rest-io, phase => typescript, scope => TreeScope(TsParsedFile() / TsDeclModule(rest-io/lib/src/authorizedResource) / TsDeclVar(ROLES) / TsTypeObject())] 
[debug] PhaseRunner.scala:78 Success [id => rest-io, phase => typescript] 
[warn ] Phase2ToScalaJs.scala:34 Processing TsIdentLibrarySimple(rest-io) [id => rest-io, phase => scala.js] 
[debug] PhaseRunner.scala:78 Success [id => rest-io, phase => scala.js] 
[warn ] PhaseRunner.scala:64 Failed because of, [node => Compilation failed] [id => rest-io, phase => build] 
[debug] PhaseRunner.scala:82 Failure, [node => Compilation failed] [id => rest-io, phase => build] 
