[info ] InferredDependency.scala:20 Inferred dependencies Set(TsIdentLibrarySimple(node)) for TsIdentLibrarySimple(restify) [id => restify, phase => typescript, file => ../types/restify/index.d.ts] 
[debug] PhaseRunner.scala:78 Success [id => restify, phase => typescript] 
[info ] Phase1ReadTypescript.scala:152 Preprocessing TsHelperFile(InFile(/home/tso/tmp/tso-cache/DefinitelyTyped/types/restify/index.d.ts),FromFolder(InFolder(/home/tso/tmp/tso-cache/DefinitelyTyped/types/restify),TsIdentLibrarySimple(restify)),TsIdentModule(None,List(restify))) [id => restify, phase => typescript] 
[info ] InferredDefaultModule.scala:39 Inferred module TsIdentModule(None,List(restify)) [id => restify, phase => typescript] 
[warn ] Phase1ReadTypescript.scala:190 Processing TsIdentLibrarySimple(restify) [id => restify, phase => typescript] 
[info ] ExtractInterfaces.scala:30 Extracted anonymous interface TsIdentSimple(Anon_Message) [id => restify, phase => typescript, scope => TreeScope(TsParsedFile() / TsDeclModule(restify) / TsDeclNamespace(pre) / TsDeclFunction(strictQueryParams) / TsFunSig() / TsFunParam() / TsTypeObject())] 
[info ] ExtractInterfaces.scala:30 Extracted anonymous interface TsIdentSimple(Anon_Headers) [id => restify, phase => typescript, scope => TreeScope(TsParsedFile() / TsDeclModule(restify) / TsDeclNamespace(pre) / TsDeclFunction(reqIdHeaders) / TsFunSig() / TsFunParam() / TsTypeObject())] 
[info ] ExtractInterfaces.scala:30 Extracted anonymous interface TsIdentSimple(Anon_UserAgentRegExp) [id => restify, phase => typescript, scope => TreeScope(TsParsedFile() / TsDeclModule(restify) / TsDeclNamespace(pre) / TsDeclFunction(userAgentConnection) / TsFunSig() / TsFunParam() / TsTypeObject())] 
[info ] ExtractInterfaces.scala:30 Extracted anonymous interface TsIdentSimple(Anon_Message) [id => restify, phase => typescript, scope => TreeScope(TsParsedFile() / TsDeclModule(restify) / TsDeclNamespace(plugins) / TsDeclNamespace(pre) / TsDeclFunction(strictQueryParams) / TsFunSig() / TsFunParam() / TsTypeObject())] 
[info ] ExtractInterfaces.scala:30 Extracted anonymous interface TsIdentSimple(Anon_Headers) [id => restify, phase => typescript, scope => TreeScope(TsParsedFile() / TsDeclModule(restify) / TsDeclNamespace(plugins) / TsDeclNamespace(pre) / TsDeclFunction(reqIdHeaders) / TsFunSig() / TsFunParam() / TsTypeObject())] 
[info ] ExtractInterfaces.scala:30 Extracted anonymous interface TsIdentSimple(Anon_UserAgentRegExp) [id => restify, phase => typescript, scope => TreeScope(TsParsedFile() / TsDeclModule(restify) / TsDeclNamespace(plugins) / TsDeclNamespace(pre) / TsDeclFunction(userAgentConnection) / TsFunSig() / TsFunParam() / TsTypeObject())] 
[info ] ExtractInterfaces.scala:30 Extracted anonymous interface TsIdentSimple(Anon_MaxBodySize) [id => restify, phase => typescript, scope => TreeScope(TsParsedFile() / TsDeclModule(restify) / TsDeclNamespace(plugins) / TsDeclFunction(bodyReader) / TsFunSig() / TsFunParam() / TsTypeObject())] 
[info ] ExtractInterfaces.scala:30 Extracted anonymous interface TsIdentSimple(Anon_Server) [id => restify, phase => typescript, scope => TreeScope(TsParsedFile() / TsDeclModule(restify) / TsDeclNamespace(plugins) / TsDeclFunction(metrics) / TsFunSig() / TsFunParam() / TsTypeObject())] 
[info ] ExtractInterfaces.scala:30 Extracted anonymous interface TsIdentSimple(Anon_Username) [id => restify, phase => typescript, scope => TreeScope(TsParsedFile() / TsDeclModule(restify) / TsDeclInterface(RequestAuthorization) / TsMemberProperty(basic) / TsTypeObject())] 
[info ] ExtractInterfaces.scala:30 Extracted anonymous interface TsIdentSimple(Anon_Req) [id => restify, phase => typescript, scope => TreeScope(TsParsedFile() / TsDeclModule(restify) / TsDeclNamespace(bunyan) / TsDeclVar(serializers) / TsTypeIntersect() / TsTypeObject())] 
[debug] PhaseRunner.scala:78 Success [id => restify, phase => typescript] 
[warn ] Phase2ToScalaJs.scala:34 Processing TsIdentLibrarySimple(restify) [id => restify, phase => scala.js] 
[debug] PhaseRunner.scala:78 Success [id => restify, phase => scala.js] 
[warn ] PhaseRunner.scala:64 Failed because of, [node => Compilation failed] [id => restify, phase => build] 
[debug] PhaseRunner.scala:82 Failure, [node => Compilation failed] [id => restify, phase => build] 
