[info ] InferredDependency.scala:22 Inferred dependencies Set(TsIdentLibrarySimple(node)) for TsIdentLibrarySimple(rethinkdb) [id => rethinkdb, phase => typescript, file => ../types/rethinkdb/index.d.ts] 
[debug] PhaseRunner.scala:84 Success [id => rethinkdb, phase => typescript] 
[info ] Phase1ReadTypescript.scala:171 Preprocessing TsHelperFile(InFile(/home/tso/tmp/tso-cache/DefinitelyTyped/types/rethinkdb/index.d.ts),FromFolder(InFolder(/home/tso/tmp/tso-cache/DefinitelyTyped/types/rethinkdb),TsIdentLibrarySimple(rethinkdb)),TsIdentModule(None,List(rethinkdb))) [id => rethinkdb, phase => typescript] 
[warn ] Phase1ReadTypescript.scala:189 Processing TsIdentLibrarySimple(rethinkdb) [id => rethinkdb, phase => typescript] 
[info ] PreferTypeAlias.scala:55 Simplified to type alias [id => rethinkdb, phase => typescript, scope => TreeScope(TsParsedFile() / TsDeclModule(rethinkdb) / TsDeclInterface(Polygon))] 
[info ] PreferTypeAlias.scala:73 Simplified to function type alias [id => rethinkdb, phase => typescript, scope => TreeScope(TsParsedFile() / TsDeclModule(rethinkdb) / TsDeclInterface(ExpressionFunction))] 
[info ] PreferTypeAlias.scala:73 Simplified to function type alias [id => rethinkdb, phase => typescript, scope => TreeScope(TsParsedFile() / TsDeclModule(rethinkdb) / TsDeclInterface(JoinFunction))] 
[info ] PreferTypeAlias.scala:73 Simplified to function type alias [id => rethinkdb, phase => typescript, scope => TreeScope(TsParsedFile() / TsDeclModule(rethinkdb) / TsDeclInterface(ReduceFunction))] 
[info ] PreferTypeAlias.scala:168 Could not simplify rethinkdb.rethinkdb.BooleanMap to function type alias because of circular references Vector(TsQIdent(List(TsIdentLibrarySimple(rethinkdb), TsIdentModule(None,List(rethinkdb)), TsIdentSimple(BooleanMap)))) [id => rethinkdb, phase => typescript, scope => TreeScope(TsParsedFile() / TsDeclModule(rethinkdb) / TsDeclInterface(BooleanMap))] 
[info ] PreferTypeAlias.scala:55 Simplified to type alias [id => rethinkdb, phase => typescript, scope => TreeScope(TsParsedFile() / TsDeclModule(rethinkdb) / TsDeclInterface(ReqlError))] 
[info ] PreferTypeAlias.scala:55 Simplified to type alias [id => rethinkdb, phase => typescript, scope => TreeScope(TsParsedFile() / TsDeclModule(rethinkdb) / TsDeclInterface(ReqlDriverError))] 
[info ] ExtractInterfaces.scala:41 Extracted anonymous interface TsIdentSimple(Anon_UseOutdated) [id => rethinkdb, phase => typescript, scope => TreeScope(TsParsedFile() / TsDeclModule(rethinkdb) / TsDeclFunction(table) / TsFunSig() / TsFunParam() / TsTypeObject())] 
[info ] ExtractInterfaces.scala:41 Extracted anonymous interface TsIdentSimple(Anon_Timeout) [id => rethinkdb, phase => typescript, scope => TreeScope(TsParsedFile() / TsDeclModule(rethinkdb) / TsDeclFunction(js) / TsFunSig() / TsFunParam() / TsTypeObject())] 
[info ] ExtractInterfaces.scala:41 Extracted anonymous interface TsIdentSimple(Anon_Function) [id => rethinkdb, phase => typescript, scope => TreeScope(TsParsedFile() / TsDeclModule(rethinkdb) / TsDeclInterface(Table) / TsMemberFunction(indexWait) / TsFunSig() / TsTypeRef() / TsTypeRef() / TsTypeObject())] 
[debug] PhaseRunner.scala:84 Success [id => rethinkdb, phase => typescript] 
[warn ] Phase2ToScalaJs.scala:42 Processing rethinkdb [id => rethinkdb, phase => scala.js] 
[debug] PhaseRunner.scala:84 Success [id => rethinkdb, phase => scala.js] 
[warn ] Phase3CompileBloop.scala:245 Built rethinkdb in 775 ms [id => rethinkdb, phase => build] 
[info ] Phase3CompileBloop.scala:253 published local, [/home/tso/.ivy2/local/org.scalablytyped/rethinkdb_sjs0.6_2.12/2.3-dt-20190322Z-087980/jars/rethinkdb_sjs0.6_2.12.jar, /home/tso/.ivy2/local/org.scalablytyped/rethinkdb_sjs0.6_2.12/2.3-dt-20190322Z-087980/srcs/rethinkdb_sjs0.6_2.12-sources.jar, /home/tso/.ivy2/local/org.scalablytyped/rethinkdb_sjs0.6_2.12/2.3-dt-20190322Z-087980/ivys/ivy.xml, /home/tso/.ivy2/local/org.scalablytyped/rethinkdb_sjs0.6_2.12/2.3-dt-20190322Z-087980/poms/rethinkdb_sjs0.6_2.12.pom] [id => rethinkdb, phase => build] 
[debug] PhaseRunner.scala:84 Success [id => rethinkdb, phase => build] 
[error] PhaseRes.scala:76 Caught exception: dispatch.StatusCode: Unexpected response status: 405 [id => rethinkdb, phase => publish] java.util.concurrent.ExecutionException: dispatch.StatusCode: Unexpected response status: 405
	at com.ning.http.client.providers.netty.future.NettyResponseFuture.done(NettyResponseFuture.java:218)
	at com.ning.http.client.providers.netty.handler.HttpProtocol.markAsDone(HttpProtocol.java:204)
	at com.ning.http.client.providers.netty.handler.HttpProtocol.finishUpdate(HttpProtocol.java:189)
	at com.ning.http.client.providers.netty.handler.HttpProtocol.exitAfterHandlingBody(HttpProtocol.java:402)
	at com.ning.http.client.providers.netty.handler.HttpProtocol.handleHttpResponse(HttpProtocol.java:429)
	at com.ning.http.client.providers.netty.handler.HttpProtocol.handle(HttpProtocol.java:476)
	at com.ning.http.client.providers.netty.handler.Processor.messageReceived(Processor.java:89)
	at org.jboss.netty.channel.SimpleChannelUpstreamHandler.handleUpstream(SimpleChannelUpstreamHandler.java:70)
	at org.jboss.netty.channel.DefaultChannelPipeline.sendUpstream(DefaultChannelPipeline.java:564)
	at org.jboss.netty.channel.DefaultChannelPipeline$DefaultChannelHandlerContext.sendUpstream(DefaultChannelPipeline.java:791)
	at org.jboss.netty.handler.stream.ChunkedWriteHandler.handleUpstream(ChunkedWriteHandler.java:142)
	at org.jboss.netty.channel.DefaultChannelPipeline.sendUpstream(DefaultChannelPipeline.java:564)
	at org.jboss.netty.channel.DefaultChannelPipeline$DefaultChannelHandlerContext.sendUpstream(DefaultChannelPipeline.java:791)
	at org.jboss.netty.handler.codec.http.HttpContentDecoder.messageReceived(HttpContentDecoder.java:108)
	at org.jboss.netty.channel.SimpleChannelUpstreamHandler.handleUpstream(SimpleChannelUpstreamHandler.java:70)
	at org.jboss.netty.channel.DefaultChannelPipeline.sendUpstream(DefaultChannelPipeline.java:564)
	at org.jboss.netty.channel.DefaultChannelPipeline$DefaultChannelHandlerContext.sendUpstream(DefaultChannelPipeline.java:791)
	at org.jboss.netty.channel.Channels.fireMessageReceived(Channels.java:296)
	at org.jboss.netty.handler.codec.frame.FrameDecoder.unfoldAndFireMessageReceived(FrameDecoder.java:459)
	at org.jboss.netty.handler.codec.replay.ReplayingDecoder.callDecode(ReplayingDecoder.java:536)
	at org.jboss.netty.handler.codec.replay.ReplayingDecoder.messageReceived(ReplayingDecoder.java:435)
	at org.jboss.netty.channel.SimpleChannelUpstreamHandler.handleUpstream(SimpleChannelUpstreamHandler.java:70)
	at org.jboss.netty.handler.codec.http.HttpClientCodec.handleUpstream(HttpClientCodec.java:92)
	at org.jboss.netty.channel.DefaultChannelPipeline.sendUpstream(DefaultChannelPipeline.java:564)
	at org.jboss.netty.channel.DefaultChannelPipeline$DefaultChannelHandlerContext.sendUpstream(DefaultChannelPipeline.java:791)
	at org.jboss.netty.channel.Channels.fireMessageReceived(Channels.java:296)
	at org.jboss.netty.handler.codec.frame.FrameDecoder.unfoldAndFireMessageReceived(FrameDecoder.java:462)
	at org.jboss.netty.handler.codec.frame.FrameDecoder.callDecode(FrameDecoder.java:443)
	at org.jboss.netty.handler.codec.frame.FrameDecoder.messageReceived(FrameDecoder.java:303)
	at org.jboss.netty.channel.SimpleChannelUpstreamHandler.handleUpstream(SimpleChannelUpstreamHandler.java:70)
	at org.jboss.netty.channel.DefaultChannelPipeline.sendUpstream(DefaultChannelPipeline.java:564)
	at org.jboss.netty.channel.DefaultChannelPipeline.sendUpstream(DefaultChannelPipeline.java:559)
	at org.jboss.netty.channel.Channels.fireMessageReceived(Channels.java:268)
	at org.jboss.netty.channel.Channels.fireMessageReceived(Channels.java:255)
	at org.jboss.netty.channel.socket.nio.NioWorker.read(NioWorker.java:88)
	at org.jboss.netty.channel.socket.nio.AbstractNioWorker.process(AbstractNioWorker.java:108)
	at org.jboss.netty.channel.socket.nio.AbstractNioSelector.run(AbstractNioSelector.java:337)
	at org.jboss.netty.channel.socket.nio.AbstractNioWorker.run(AbstractNioWorker.java:89)
	at org.jboss.netty.channel.socket.nio.NioWorker.run(NioWorker.java:178)
	at org.jboss.netty.util.ThreadRenamingRunnable.run(ThreadRenamingRunnable.java:108)
	at org.jboss.netty.util.internal.DeadLockProofWorker$1.run(DeadLockProofWorker.java:42)
	at java.util.concurrent.ThreadPoolExecutor.runWorker(ThreadPoolExecutor.java:1149)
	at java.util.concurrent.ThreadPoolExecutor$Worker.run(ThreadPoolExecutor.java:624)
	at java.lang.Thread.run(Thread.java:748)
Caused by: dispatch.StatusCode: Unexpected response status: 405
	at com.olvind.tso.importer.build.BinTrayPublisher$Handle$.$anonfun$createOrConflictUncached$1(BinTrayPublisher.scala:35)
	at com.olvind.tso.importer.build.BinTrayPublisher$Handle$.$anonfun$createOrConflictUncached$1$adapted(BinTrayPublisher.scala:31)
	at dispatch.FunctionHandler.onCompleted(handlers.scala:26)
	at com.ning.http.client.AsyncCompletionHandler.onCompleted(AsyncCompletionHandler.java:55)
	at com.olvind.tso.importer.build.Caching$WrappedHandler.onCompleted(BinTrayPublisher.scala:141)
	at com.olvind.tso.importer.build.Caching$WrappedHandler.onCompleted(BinTrayPublisher.scala:141)
	at com.olvind.tso.importer.build.Caching$Client$StoringHandler$1$.onCompleted(BinTrayPublisher.scala:116)
	at com.ning.http.client.providers.netty.future.NettyResponseFuture.getContent(NettyResponseFuture.java:177)
	at com.ning.http.client.providers.netty.future.NettyResponseFuture.done(NettyResponseFuture.java:212)
	... 43 more

[error] PhaseRunner.scala:88 Failure, [rethinkdb => java.util.concurrent.ExecutionException: dispatch.StatusCode: Unexpected response status: 405] [id => rethinkdb, phase => publish] 
