[info ] InferredDependency.scala:20 Inferred dependencies Set(TsIdentLibrarySimple(node)) for TsIdentLibrarySimple(rimraf) [id => rimraf, phase => typescript, file => ../types/rimraf/index.d.ts] 
[debug] PhaseRunner.scala:78 Success [id => rimraf, phase => typescript] 
[info ] Phase1ReadTypescript.scala:152 Preprocessing TsHelperFile(InFile(/home/tso/tmp/tso-cache/DefinitelyTyped/types/rimraf/index.d.ts),FromFolder(InFolder(/home/tso/tmp/tso-cache/DefinitelyTyped/types/rimraf),TsIdentLibrarySimple(rimraf)),TsIdentModule(None,List(rimraf))) [id => rimraf, phase => typescript] 
[info ] InferredDefaultModule.scala:39 Inferred module TsIdentModule(None,List(rimraf)) [id => rimraf, phase => typescript] 
[warn ] Phase1ReadTypescript.scala:190 Processing TsIdentLibrarySimple(rimraf) [id => rimraf, phase => typescript] 
[info ] ResolveTypeQueries.scala:94 Resolved TsTypeQuery(TsQIdent(List(TsIdentLibrarySimple(node), TsIdentModule(None,List(fs)), TsIdentNamespace(unlink)))) [id => rimraf, phase => typescript, scope => TreeScope(TsParsedFile() / TsDeclModule(rimraf) / TsDeclNamespace(rimraf) / TsDeclInterface(Options) / TsMemberProperty(unlink) / TsTypeQuery())] 
[info ] ResolveTypeQueries.scala:94 Resolved TsTypeQuery(TsQIdent(List(TsIdentLibrarySimple(node), TsIdentModule(None,List(fs)), TsIdentNamespace(chmod)))) [id => rimraf, phase => typescript, scope => TreeScope(TsParsedFile() / TsDeclModule(rimraf) / TsDeclNamespace(rimraf) / TsDeclInterface(Options) / TsMemberProperty(chmod) / TsTypeQuery())] 
[info ] ResolveTypeQueries.scala:94 Resolved TsTypeQuery(TsQIdent(List(TsIdentLibrarySimple(node), TsIdentModule(None,List(fs)), TsIdentNamespace(stat)))) [id => rimraf, phase => typescript, scope => TreeScope(TsParsedFile() / TsDeclModule(rimraf) / TsDeclNamespace(rimraf) / TsDeclInterface(Options) / TsMemberProperty(stat) / TsTypeQuery())] 
[info ] ResolveTypeQueries.scala:94 Resolved TsTypeQuery(TsQIdent(List(TsIdentLibrarySimple(node), TsIdentModule(None,List(fs)), TsIdentNamespace(lstat)))) [id => rimraf, phase => typescript, scope => TreeScope(TsParsedFile() / TsDeclModule(rimraf) / TsDeclNamespace(rimraf) / TsDeclInterface(Options) / TsMemberProperty(lstat) / TsTypeQuery())] 
[info ] ResolveTypeQueries.scala:94 Resolved TsTypeQuery(TsQIdent(List(TsIdentLibrarySimple(node), TsIdentModule(None,List(fs)), TsIdentNamespace(rmdir)))) [id => rimraf, phase => typescript, scope => TreeScope(TsParsedFile() / TsDeclModule(rimraf) / TsDeclNamespace(rimraf) / TsDeclInterface(Options) / TsMemberProperty(rmdir) / TsTypeQuery())] 
[info ] ResolveTypeQueries.scala:94 Resolved TsTypeQuery(TsQIdent(List(TsIdentLibrarySimple(node), TsIdentModule(None,List(fs)), TsIdentNamespace(readdir)))) [id => rimraf, phase => typescript, scope => TreeScope(TsParsedFile() / TsDeclModule(rimraf) / TsDeclNamespace(rimraf) / TsDeclInterface(Options) / TsMemberProperty(readdir) / TsTypeQuery())] 
[info ] ResolveTypeQueries.scala:94 Resolved TsTypeQuery(TsQIdent(List(TsIdentLibrarySimple(node), TsIdentModule(None,List(fs)), TsIdentSimple(unlinkSync)))) [id => rimraf, phase => typescript, scope => TreeScope(TsParsedFile() / TsDeclModule(rimraf) / TsDeclNamespace(rimraf) / TsDeclInterface(Options) / TsMemberProperty(unlinkSync) / TsTypeQuery())] 
[info ] ResolveTypeQueries.scala:94 Resolved TsTypeQuery(TsQIdent(List(TsIdentLibrarySimple(node), TsIdentModule(None,List(fs)), TsIdentSimple(chmodSync)))) [id => rimraf, phase => typescript, scope => TreeScope(TsParsedFile() / TsDeclModule(rimraf) / TsDeclNamespace(rimraf) / TsDeclInterface(Options) / TsMemberProperty(chmodSync) / TsTypeQuery())] 
[info ] ResolveTypeQueries.scala:94 Resolved TsTypeQuery(TsQIdent(List(TsIdentLibrarySimple(node), TsIdentModule(None,List(fs)), TsIdentSimple(statSync)))) [id => rimraf, phase => typescript, scope => TreeScope(TsParsedFile() / TsDeclModule(rimraf) / TsDeclNamespace(rimraf) / TsDeclInterface(Options) / TsMemberProperty(statSync) / TsTypeQuery())] 
[info ] ResolveTypeQueries.scala:94 Resolved TsTypeQuery(TsQIdent(List(TsIdentLibrarySimple(node), TsIdentModule(None,List(fs)), TsIdentSimple(lstatSync)))) [id => rimraf, phase => typescript, scope => TreeScope(TsParsedFile() / TsDeclModule(rimraf) / TsDeclNamespace(rimraf) / TsDeclInterface(Options) / TsMemberProperty(lstatSync) / TsTypeQuery())] 
[info ] ResolveTypeQueries.scala:94 Resolved TsTypeQuery(TsQIdent(List(TsIdentLibrarySimple(node), TsIdentModule(None,List(fs)), TsIdentSimple(rmdirSync)))) [id => rimraf, phase => typescript, scope => TreeScope(TsParsedFile() / TsDeclModule(rimraf) / TsDeclNamespace(rimraf) / TsDeclInterface(Options) / TsMemberProperty(rmdirSync) / TsTypeQuery())] 
[info ] ResolveTypeQueries.scala:94 Resolved TsTypeQuery(TsQIdent(List(TsIdentLibrarySimple(node), TsIdentModule(None,List(fs)), TsIdentSimple(readdirSync)))) [id => rimraf, phase => typescript, scope => TreeScope(TsParsedFile() / TsDeclModule(rimraf) / TsDeclNamespace(rimraf) / TsDeclInterface(Options) / TsMemberProperty(readdirSync) / TsTypeQuery())] 
[info ] ExtractInterfaces.scala:30 Extracted anonymous interface TsIdentSimple(Anon_Promisify) [id => rimraf, phase => typescript, scope => TreeScope(TsParsedFile() / TsDeclModule(rimraf) / TsDeclNamespace(rimraf) / TsDeclInterface(Options) / TsMemberProperty(rmdir) / TsTypeObject())] 
[info ] ExtractInterfaces.scala:30 Extracted anonymous interface TsIdentSimple(Anon_PromisifyPath) [id => rimraf, phase => typescript, scope => TreeScope(TsParsedFile() / TsDeclModule(rimraf) / TsDeclNamespace(rimraf) / TsDeclInterface(Options) / TsMemberProperty(stat) / TsTypeObject())] 
[info ] ExtractInterfaces.scala:30 Extracted anonymous interface TsIdentSimple(Anon_Promisify) [id => rimraf, phase => typescript, scope => TreeScope(TsParsedFile() / TsDeclModule(rimraf) / TsDeclNamespace(rimraf) / TsDeclInterface(Options) / TsMemberProperty(unlink) / TsTypeObject())] 
[info ] ExtractInterfaces.scala:30 Extracted anonymous interface TsIdentSimple(Anon_PromisifyPath) [id => rimraf, phase => typescript, scope => TreeScope(TsParsedFile() / TsDeclModule(rimraf) / TsDeclNamespace(rimraf) / TsDeclInterface(Options) / TsMemberProperty(lstat) / TsTypeObject())] 
[info ] ExtractInterfaces.scala:30 Extracted anonymous interface TsIdentSimple(Anon_PromisifyPathOptions) [id => rimraf, phase => typescript, scope => TreeScope(TsParsedFile() / TsDeclModule(rimraf) / TsDeclNamespace(rimraf) / TsDeclInterface(Options) / TsMemberProperty(readdir) / TsTypeObject())] 
[info ] ExtractInterfaces.scala:30 Extracted anonymous interface TsIdentSimple(Anon_PromisifyPathMode) [id => rimraf, phase => typescript, scope => TreeScope(TsParsedFile() / TsDeclModule(rimraf) / TsDeclNamespace(rimraf) / TsDeclInterface(Options) / TsMemberProperty(chmod) / TsTypeObject())] 
[debug] PhaseRunner.scala:78 Success [id => rimraf, phase => typescript] 
[warn ] Phase2ToScalaJs.scala:34 Processing TsIdentLibrarySimple(rimraf) [id => rimraf, phase => scala.js] 
[debug] PhaseRunner.scala:78 Success [id => rimraf, phase => scala.js] 
[warn ] PhaseRunner.scala:64 Failed because of, [node => Compilation failed] [id => rimraf, phase => build] 
[debug] PhaseRunner.scala:82 Failure, [node => Compilation failed] [id => rimraf, phase => build] 
