[info ] InferredDependency.scala:20 Inferred dependencies Set(TsIdentLibrarySimple(node)) for TsIdentLibrarySimple(rollup) [id => rollup, phase => typescript, file => ../rollup/dist/rollup.d.ts] 
[debug] PhaseRunner.scala:78 Success [id => rollup, phase => typescript] 
[info ] Phase1ReadTypescript.scala:152 Preprocessing TsHelperFile(InFile(/home/tso/tmp/tso-cache/npm/node_modules/rollup/dist/rollup.d.ts),FromFolder(InFolder(/home/tso/tmp/tso-cache/npm/node_modules/rollup),TsIdentLibrarySimple(rollup)),TsIdentModule(None,List(rollup))) [id => rollup, phase => typescript] 
[info ] InferredDefaultModule.scala:39 Inferred module TsIdentModule(None,List(rollup)) [id => rollup, phase => typescript] 
[warn ] Phase1ReadTypescript.scala:190 Processing TsIdentLibrarySimple(rollup) [id => rollup, phase => typescript] 
[info ] ExpandCallables.scala:57 Expanded resolveId into 1 methods [id => rollup, phase => typescript, scope => TreeScope(TsParsedFile() / TsDeclModule(rollup) / TsDeclInterface(PluginContext))] 
[info ] ExpandCallables.scala:57 Expanded isExternal into 1 methods [id => rollup, phase => typescript, scope => TreeScope(TsParsedFile() / TsDeclModule(rollup) / TsDeclInterface(PluginContext))] 
[info ] PreferTypeAlias.scala:112 Simplified to type alias [id => rollup, phase => typescript, scope => TreeScope(TsParsedFile() / TsDeclModule(rollup) / TsDeclInterface(Watcher))] 
[info ] ExtractInterfaces.scala:30 Extracted anonymous interface TsIdentSimple(Anon_Code) [id => rollup, phase => typescript, scope => TreeScope(TsParsedFile() / TsDeclModule(rollup) / TsDeclTypeAlias(RenderChunkHook) / TsTypeFunction() / TsFunSig() / TsTypeUnion() / TsTypeRef() / TsTypeUnion() / TsTypeObject())] 
[info ] ExtractInterfaces.scala:30 Extracted anonymous interface TsIdentSimple(Anon_Code) [id => rollup, phase => typescript, scope => TreeScope(TsParsedFile() / TsDeclModule(rollup) / TsDeclTypeAlias(RenderChunkHook) / TsTypeFunction() / TsFunSig() / TsTypeUnion() / TsTypeObject())] 
[info ] ExtractInterfaces.scala:30 Extracted anonymous interface TsIdentSimple(Anon_Old) [id => rollup, phase => typescript, scope => TreeScope(TsParsedFile() / TsDeclModule(rollup) / TsDeclInterface(RollupWarning) / TsMemberProperty(deprecations) / TsTypeRef() / TsTypeObject())] 
[info ] ExtractInterfaces.scala:30 Extracted anonymous interface TsIdentSimple(Anon_File) [id => rollup, phase => typescript, scope => TreeScope(TsParsedFile() / TsDeclModule(rollup) / TsDeclInterface(RollupWarning) / TsMemberProperty(loc) / TsTypeObject())] 
[info ] ExtractInterfaces.scala:30 Extracted anonymous interface TsIdentSimple(Anon_StabilityThreshold) [id => rollup, phase => typescript, scope => TreeScope(TsParsedFile() / TsDeclModule(rollup) / TsDeclInterface(WatchOptions) / TsMemberProperty(awaitWriteFinish) / TsTypeUnion() / TsTypeObject())] 
[info ] ExtractInterfaces.scala:30 Extracted anonymous interface TsIdentSimple(Anon_FileColumn) [id => rollup, phase => typescript, scope => TreeScope(TsParsedFile() / TsDeclModule(rollup) / TsDeclInterface(RollupError) / TsMemberProperty(loc) / TsTypeObject())] 
[info ] ExtractInterfaces.scala:30 Extracted anonymous interface TsIdentSimple(Anon_ModuleId) [id => rollup, phase => typescript, scope => TreeScope(TsParsedFile() / TsDeclModule(rollup) / TsDeclInterface(RollupSingleFileBuild) / TsMemberProperty(exports) / TsTypeRef() / TsTypeObject())] 
[info ] ExtractInterfaces.scala:30 Extracted anonymous interface TsIdentSimple(Anon_Code) [id => rollup, phase => typescript, scope => TreeScope(TsParsedFile() / TsDeclModule(rollup) / TsDeclTypeAlias(TransformChunkHook) / TsTypeFunction() / TsFunSig() / TsTypeUnion() / TsTypeRef() / TsTypeUnion() / TsTypeObject())] 
[info ] ExtractInterfaces.scala:30 Extracted anonymous interface TsIdentSimple(Anon_Code) [id => rollup, phase => typescript, scope => TreeScope(TsParsedFile() / TsDeclModule(rollup) / TsDeclTypeAlias(TransformChunkHook) / TsTypeFunction() / TsFunSig() / TsTypeUnion() / TsTypeObject())] 
[info ] ExtractInterfaces.scala:30 Extracted anonymous interface TsIdentSimple(Anon_Mappings) [id => rollup, phase => typescript, scope => TreeScope(TsParsedFile() / TsDeclModule(rollup) / TsDeclTypeAlias(RawSourceMap) / TsTypeUnion() / TsTypeObject())] 
[info ] ExtractInterfaces.scala:30 Extracted anonymous interface TsIdentSimple(Anon_Define) [id => rollup, phase => typescript, scope => TreeScope(TsParsedFile() / TsDeclModule(rollup) / TsDeclInterface(OutputOptions) / TsMemberProperty(amd) / TsTypeObject())] 
[info ] ExtractInterfaces.scala:30 Extracted anonymous interface TsIdentSimple(Anon_Output) [id => rollup, phase => typescript, scope => TreeScope(TsParsedFile() / TsDeclModule(rollup) / TsDeclInterface(RollupBuild) / TsMemberFunction(generate) / TsFunSig() / TsTypeRef() / TsTypeObject())] 
[info ] ExtractInterfaces.scala:30 Extracted anonymous interface TsIdentSimple(Anon_Output) [id => rollup, phase => typescript, scope => TreeScope(TsParsedFile() / TsDeclModule(rollup) / TsDeclInterface(RollupBuild) / TsMemberFunction(write) / TsFunSig() / TsTypeRef() / TsTypeObject())] 
[info ] ExtractInterfaces.scala:30 Extracted anonymous interface TsIdentSimple(Anon_Column) [id => rollup, phase => typescript, scope => TreeScope(TsParsedFile() / TsDeclModule(rollup) / TsDeclInterface(PluginContext) / TsMemberFunction(warn) / TsFunSig() / TsFunParam() / TsTypeObject())] 
[info ] ExtractInterfaces.scala:30 Extracted anonymous interface TsIdentSimple(Anon_Column) [id => rollup, phase => typescript, scope => TreeScope(TsParsedFile() / TsDeclModule(rollup) / TsDeclInterface(PluginContext) / TsMemberFunction(warn) / TsFunSig() / TsFunParam() / TsTypeObject())] 
[info ] ExtractInterfaces.scala:30 Extracted anonymous interface TsIdentSimple(Anon_Column) [id => rollup, phase => typescript, scope => TreeScope(TsParsedFile() / TsDeclModule(rollup) / TsDeclInterface(PluginContext) / TsMemberFunction(error) / TsFunSig() / TsFunParam() / TsTypeObject())] 
[info ] ExtractInterfaces.scala:30 Extracted anonymous interface TsIdentSimple(Anon_Column) [id => rollup, phase => typescript, scope => TreeScope(TsParsedFile() / TsDeclModule(rollup) / TsDeclInterface(PluginContext) / TsMemberFunction(error) / TsFunSig() / TsFunParam() / TsTypeObject())] 
[debug] PhaseRunner.scala:78 Success [id => rollup, phase => typescript] 
[warn ] Phase2ToScalaJs.scala:34 Processing TsIdentLibrarySimple(rollup) [id => rollup, phase => scala.js] 
[debug] PhaseRunner.scala:78 Success [id => rollup, phase => scala.js] 
[warn ] PhaseRunner.scala:64 Failed because of, [node => Compilation failed] [id => rollup, phase => build] 
[debug] PhaseRunner.scala:82 Failure, [node => Compilation failed] [id => rollup, phase => build] 
