[info ] InferredDependency.scala:22 Inferred dependencies Set(TsIdentLibrarySimple(node)) for TsIdentLibrarySimple(rsocket-core) [id => rsocket-core, phase => typescript, file => ../types/rsocket-core/RSocketBinaryFraming.d.ts] 
[info ] InferredDependency.scala:22 Inferred dependencies Set(TsIdentLibrarySimple(node)) for TsIdentLibrarySimple(rsocket-core) [id => rsocket-core, phase => typescript, file => ../types/rsocket-core/RSocketEncoding.d.ts] 
[info ] InferredDependency.scala:22 Inferred dependencies Set(TsIdentLibrarySimple(node)) for TsIdentLibrarySimple(rsocket-core) [id => rsocket-core, phase => typescript, file => ../types/rsocket-core/RSocketBufferUtils.d.ts] 
[debug] PhaseRunner.scala:84 Success [id => rsocket-core, phase => typescript] 
[debug] PhaseRunner.scala:84 Success [id => rsocket-core, phase => typescript] 
[debug] PhaseRunner.scala:84 Success [id => rsocket-core, phase => typescript] 
[debug] PhaseRunner.scala:84 Success [id => rsocket-core, phase => typescript] 
[debug] PhaseRunner.scala:84 Success [id => rsocket-core, phase => typescript] 
[debug] PhaseRunner.scala:84 Success [id => rsocket-core, phase => typescript] 
[debug] PhaseRunner.scala:84 Success [id => rsocket-core, phase => typescript] 
[debug] PhaseRunner.scala:84 Success [id => rsocket-core, phase => typescript] 
[debug] PhaseRunner.scala:84 Success [id => rsocket-core, phase => typescript] 
[debug] PhaseRunner.scala:84 Success [id => rsocket-core, phase => typescript] 
[debug] PhaseRunner.scala:84 Success [id => rsocket-core, phase => typescript] 
[info ] Phase1ReadTypescript.scala:171 Preprocessing TsHelperFile(InFile(/home/tso/tmp/tso-cache/DefinitelyTyped/types/rsocket-core/RSocketBinaryFraming.d.ts),FromFolder(InFolder(/home/tso/tmp/tso-cache/DefinitelyTyped/types/rsocket-core),TsIdentLibrarySimple(rsocket-core)),TsIdentModule(None,List(rsocket-core, RSocketBinaryFraming))) [id => rsocket-core, phase => typescript] 
[info ] InferredDefaultModule.scala:39 Inferred module TsIdentModule(None,List(rsocket-core, RSocketBinaryFraming)) [id => rsocket-core, phase => typescript] 
[info ] Phase1ReadTypescript.scala:171 Preprocessing TsHelperFile(InFile(/home/tso/tmp/tso-cache/DefinitelyTyped/types/rsocket-core/RSocketBufferUtils.d.ts),FromFolder(InFolder(/home/tso/tmp/tso-cache/DefinitelyTyped/types/rsocket-core),TsIdentLibrarySimple(rsocket-core)),TsIdentModule(None,List(rsocket-core, RSocketBufferUtils))) [id => rsocket-core, phase => typescript] 
[info ] InferredDefaultModule.scala:39 Inferred module TsIdentModule(None,List(rsocket-core, RSocketBufferUtils)) [id => rsocket-core, phase => typescript] 
[info ] Phase1ReadTypescript.scala:171 Preprocessing TsHelperFile(InFile(/home/tso/tmp/tso-cache/DefinitelyTyped/types/rsocket-core/RSocketClient.d.ts),FromFolder(InFolder(/home/tso/tmp/tso-cache/DefinitelyTyped/types/rsocket-core),TsIdentLibrarySimple(rsocket-core)),TsIdentModule(None,List(rsocket-core, RSocketClient))) [id => rsocket-core, phase => typescript] 
[info ] InferredDefaultModule.scala:39 Inferred module TsIdentModule(None,List(rsocket-core, RSocketClient)) [id => rsocket-core, phase => typescript] 
[info ] Phase1ReadTypescript.scala:171 Preprocessing TsHelperFile(InFile(/home/tso/tmp/tso-cache/DefinitelyTyped/types/rsocket-core/RSocketEncoding.d.ts),FromFolder(InFolder(/home/tso/tmp/tso-cache/DefinitelyTyped/types/rsocket-core),TsIdentLibrarySimple(rsocket-core)),TsIdentModule(None,List(rsocket-core, RSocketEncoding))) [id => rsocket-core, phase => typescript] 
[info ] InferredDefaultModule.scala:39 Inferred module TsIdentModule(None,List(rsocket-core, RSocketEncoding)) [id => rsocket-core, phase => typescript] 
[info ] Phase1ReadTypescript.scala:171 Preprocessing TsHelperFile(InFile(/home/tso/tmp/tso-cache/DefinitelyTyped/types/rsocket-core/RSocketFrame.d.ts),FromFolder(InFolder(/home/tso/tmp/tso-cache/DefinitelyTyped/types/rsocket-core),TsIdentLibrarySimple(rsocket-core)),TsIdentModule(None,List(rsocket-core, RSocketFrame))) [id => rsocket-core, phase => typescript] 
[info ] InferredDefaultModule.scala:39 Inferred module TsIdentModule(None,List(rsocket-core, RSocketFrame)) [id => rsocket-core, phase => typescript] 
[info ] Phase1ReadTypescript.scala:171 Preprocessing TsHelperFile(InFile(/home/tso/tmp/tso-cache/DefinitelyTyped/types/rsocket-core/RSocketMachine.d.ts),FromFolder(InFolder(/home/tso/tmp/tso-cache/DefinitelyTyped/types/rsocket-core),TsIdentLibrarySimple(rsocket-core)),TsIdentModule(None,List(rsocket-core, RSocketMachine))) [id => rsocket-core, phase => typescript] 
[info ] InferredDefaultModule.scala:39 Inferred module TsIdentModule(None,List(rsocket-core, RSocketMachine)) [id => rsocket-core, phase => typescript] 
[info ] Phase1ReadTypescript.scala:171 Preprocessing TsHelperFile(InFile(/home/tso/tmp/tso-cache/DefinitelyTyped/types/rsocket-core/RSocketResumableTransport.d.ts),FromFolder(InFolder(/home/tso/tmp/tso-cache/DefinitelyTyped/types/rsocket-core),TsIdentLibrarySimple(rsocket-core)),TsIdentModule(None,List(rsocket-core, RSocketResumableTransport))) [id => rsocket-core, phase => typescript] 
[info ] InferredDefaultModule.scala:39 Inferred module TsIdentModule(None,List(rsocket-core, RSocketResumableTransport)) [id => rsocket-core, phase => typescript] 
[info ] Phase1ReadTypescript.scala:171 Preprocessing TsHelperFile(InFile(/home/tso/tmp/tso-cache/DefinitelyTyped/types/rsocket-core/RSocketSerialization.d.ts),FromFolder(InFolder(/home/tso/tmp/tso-cache/DefinitelyTyped/types/rsocket-core),TsIdentLibrarySimple(rsocket-core)),TsIdentModule(None,List(rsocket-core, RSocketSerialization))) [id => rsocket-core, phase => typescript] 
[info ] InferredDefaultModule.scala:39 Inferred module TsIdentModule(None,List(rsocket-core, RSocketSerialization)) [id => rsocket-core, phase => typescript] 
[info ] Phase1ReadTypescript.scala:171 Preprocessing TsHelperFile(InFile(/home/tso/tmp/tso-cache/DefinitelyTyped/types/rsocket-core/RSocketServer.d.ts),FromFolder(InFolder(/home/tso/tmp/tso-cache/DefinitelyTyped/types/rsocket-core),TsIdentLibrarySimple(rsocket-core)),TsIdentModule(None,List(rsocket-core, RSocketServer))) [id => rsocket-core, phase => typescript] 
[info ] InferredDefaultModule.scala:39 Inferred module TsIdentModule(None,List(rsocket-core, RSocketServer)) [id => rsocket-core, phase => typescript] 
[info ] Phase1ReadTypescript.scala:171 Preprocessing TsHelperFile(InFile(/home/tso/tmp/tso-cache/DefinitelyTyped/types/rsocket-core/RSocketVersion.d.ts),FromFolder(InFolder(/home/tso/tmp/tso-cache/DefinitelyTyped/types/rsocket-core),TsIdentLibrarySimple(rsocket-core)),TsIdentModule(None,List(rsocket-core, RSocketVersion))) [id => rsocket-core, phase => typescript] 
[info ] InferredDefaultModule.scala:39 Inferred module TsIdentModule(None,List(rsocket-core, RSocketVersion)) [id => rsocket-core, phase => typescript] 
[info ] Phase1ReadTypescript.scala:171 Preprocessing TsHelperFile(InFile(/home/tso/tmp/tso-cache/DefinitelyTyped/types/rsocket-core/index.d.ts),FromFolder(InFolder(/home/tso/tmp/tso-cache/DefinitelyTyped/types/rsocket-core),TsIdentLibrarySimple(rsocket-core)),TsIdentModule(None,List(rsocket-core))) [id => rsocket-core, phase => typescript] 
[info ] InferredDefaultModule.scala:39 Inferred module TsIdentModule(None,List(rsocket-core)) [id => rsocket-core, phase => typescript] 
[warn ] Phase1ReadTypescript.scala:190 Processing TsIdentLibrarySimple(rsocket-core) [id => rsocket-core, phase => typescript] 
[info ] ExtractInterfaces.scala:41 Extracted anonymous interface TsIdentSimple(Anon_DataMimeType) [id => rsocket-core, phase => typescript, scope => TreeScope(TsParsedFile() / TsDeclModule(rsocket-core/RSocketClient) / TsDeclInterface(ClientConfig) / TsMemberProperty(setup) / TsTypeObject())] 
[debug] PhaseRunner.scala:84 Success [id => rsocket-core, phase => typescript] 
[warn ] Phase2ToScalaJs.scala:42 Processing rsocket-core [id => rsocket-core, phase => scala.js] 
[info ] CompleteClass.scala:65 Completed implementations Vector(close, connectionStatus, fireAndForget, metadataPush, requestChannel, requestResponse, requestStream) [id => rsocket-core, phase => scala.js, this => Name(rsocketDashCoreLib) / Name(rSocketClientMod) / Name(RSocketClientSocket)] 
[info ] CompleteClass.scala:65 Completed implementations Vector(connect, close) [id => rsocket-core, phase => scala.js, this => Name(rsocketDashCoreLib) / Name(rSocketClientMod) / Name(default)] 
[info ] CompleteClass.scala:65 Completed implementations Vector(fireAndForget, metadataPush, requestChannel, requestResponse, requestStream) [id => rsocket-core, phase => scala.js, this => Name(rsocketDashCoreLib) / Name(rSocketMachineMod) / Name(ResponderWrapper)] 
[info ] CompleteClass.scala:65 Completed implementations Vector(close, connect, connectionStatus, receive, send, sendOne) [id => rsocket-core, phase => scala.js, this => Name(rsocketDashCoreLib) / Name(rSocketResumableTransportMod) / Name(default)] 
[info ] CompleteClass.scala:65 Completed implementations Vector(onComplete, onError, onNext, onSubscribe) [id => rsocket-core, phase => scala.js, this => Name(rsocketDashCoreLib) / Name(rSocketServerMod) / Name(SubscriberSwapper)] 
[info ] CompleteClass.scala:65 Completed implementations Vector(stop, start) [id => rsocket-core, phase => scala.js, this => Name(rsocketDashCoreLib) / Name(rSocketServerMod) / Name(default)] 
[debug] PhaseRunner.scala:84 Success [id => rsocket-core, phase => scala.js] 
[warn ] Phase3Compile.scala:204 Building rsocket-core... [id => rsocket-core, phase => build] 
[error] Phase3Compile.scala:230 [E] [E1] src/main/scala/typings/rsocketDashCoreLib/rsocketDashCoreLibNumbers.scala:60:38
[E]      integer number too large
[E]      L60:   def `0x100000000`: `0x100000000` = 0x100000000.asInstanceOf[`0x100000000`]
[E]                                                ^
[E] src/main/scala/typings/rsocketDashCoreLib/rsocketDashCoreLibNumbers.scala: L60 [E1]
[E] Failed to compile 'rsocket-core'
 [id => rsocket-core, phase => build] 
[error] PhaseRunner.scala:88 Failure, [rsocket-core => Compilation failed] [id => rsocket-core, phase => build] 
[error] PhaseRunner.scala:88 Failure, [rsocket-core => Compilation failed] [id => rsocket-core, phase => publish] 
