[info ] InferredDependency.scala:20 Inferred dependencies Set(TsIdentLibrarySimple(react)) for TsIdentLibraryScoped(semantic-ui-react,Some(event-stack)) [id => @semantic-ui-react/event-stack, phase => typescript, file => ../lib/types/EventStack.d.ts] 
[debug] PhaseRunner.scala:78 Success [id => @semantic-ui-react/event-stack, phase => typescript] 
[debug] PhaseRunner.scala:78 Success [id => @semantic-ui-react/event-stack, phase => typescript] 
[debug] PhaseRunner.scala:78 Success [id => @semantic-ui-react/event-stack, phase => typescript] 
[debug] PhaseRunner.scala:78 Success [id => @semantic-ui-react/event-stack, phase => typescript] 
[debug] PhaseRunner.scala:78 Success [id => @semantic-ui-react/event-stack, phase => typescript] 
[info ] Phase1ReadTypescript.scala:152 Preprocessing TsHelperFile(InFile(/home/tso/tmp/tso-cache/npm/node_modules/@semantic-ui-react/event-stack/lib/types/EventStack.d.ts),FromFolder(InFolder(/home/tso/tmp/tso-cache/npm/node_modules/@semantic-ui-react/event-stack),TsIdentLibraryScoped(semantic-ui-react,Some(event-stack))),TsIdentModule(Some(semantic-ui-react),List(event-stack, lib, types, EventStack))) [id => @semantic-ui-react/event-stack, phase => typescript] 
[info ] InferredDefaultModule.scala:39 Inferred module TsIdentModule(Some(semantic-ui-react),List(event-stack, lib, types, EventStack)) [id => @semantic-ui-react/event-stack, phase => typescript] 
[info ] Phase1ReadTypescript.scala:152 Preprocessing TsHelperFile(InFile(/home/tso/tmp/tso-cache/npm/node_modules/@semantic-ui-react/event-stack/lib/types/index.d.ts),FromFolder(InFolder(/home/tso/tmp/tso-cache/npm/node_modules/@semantic-ui-react/event-stack),TsIdentLibraryScoped(semantic-ui-react,Some(event-stack))),TsIdentModule(Some(semantic-ui-react),List(event-stack))) [id => @semantic-ui-react/event-stack, phase => typescript] 
[info ] InferredDefaultModule.scala:39 Inferred module TsIdentModule(Some(semantic-ui-react),List(event-stack)) [id => @semantic-ui-react/event-stack, phase => typescript] 
[info ] Phase1ReadTypescript.scala:152 Preprocessing TsHelperFile(InFile(/home/tso/tmp/tso-cache/npm/node_modules/@semantic-ui-react/event-stack/lib/types/types.d.ts),FromFolder(InFolder(/home/tso/tmp/tso-cache/npm/node_modules/@semantic-ui-react/event-stack),TsIdentLibraryScoped(semantic-ui-react,Some(event-stack))),TsIdentModule(Some(semantic-ui-react),List(event-stack, lib, types, types))) [id => @semantic-ui-react/event-stack, phase => typescript] 
[info ] InferredDefaultModule.scala:39 Inferred module TsIdentModule(Some(semantic-ui-react),List(event-stack, lib, types, types)) [id => @semantic-ui-react/event-stack, phase => typescript] 
[info ] Phase1ReadTypescript.scala:152 Preprocessing TsHelperFile(InFile(/home/tso/tmp/tso-cache/npm/node_modules/@semantic-ui-react/event-stack/lib/types/lib/EventStack.d.ts),FromFolder(InFolder(/home/tso/tmp/tso-cache/npm/node_modules/@semantic-ui-react/event-stack),TsIdentLibraryScoped(semantic-ui-react,Some(event-stack))),TsIdentModule(Some(semantic-ui-react),List(event-stack, lib, types, lib, EventStack))) [id => @semantic-ui-react/event-stack, phase => typescript] 
[info ] InferredDefaultModule.scala:39 Inferred module TsIdentModule(Some(semantic-ui-react),List(event-stack, lib, types, lib, EventStack)) [id => @semantic-ui-react/event-stack, phase => typescript] 
[info ] Phase1ReadTypescript.scala:152 Preprocessing TsHelperFile(InFile(/home/tso/tmp/tso-cache/npm/node_modules/@semantic-ui-react/event-stack/lib/types/lib/index.d.ts),FromFolder(InFolder(/home/tso/tmp/tso-cache/npm/node_modules/@semantic-ui-react/event-stack),TsIdentLibraryScoped(semantic-ui-react,Some(event-stack))),TsIdentModule(Some(semantic-ui-react),List(event-stack, lib, types, lib))) [id => @semantic-ui-react/event-stack, phase => typescript] 
[info ] InferredDefaultModule.scala:39 Inferred module TsIdentModule(Some(semantic-ui-react),List(event-stack, lib, types, lib)) [id => @semantic-ui-react/event-stack, phase => typescript] 
[warn ] Phase1ReadTypescript.scala:190 Processing TsIdentLibraryScoped(semantic-ui-react,Some(event-stack)) [id => @semantic-ui-react/event-stack, phase => typescript] 
[debug] DefaultedTParams.scala:29 Defaulting type parameter TsIdentSimple(S) at TreeScope(TsParsedFile() / TsDeclModule(@semantic-ui-react/event-stack/lib/types/EventStack) / TsDeclInterface(EventStack) / TsTypeRef()) [id => @semantic-ui-react/event-stack, phase => typescript, scope => TreeScope(TsParsedFile() / TsDeclModule(@semantic-ui-react/event-stack/lib/types/EventStack) / TsDeclInterface(EventStack) / TsTypeRef())] 
[debug] DefaultedTParams.scala:29 Defaulting type parameter TsIdentSimple(SS) at TreeScope(TsParsedFile() / TsDeclModule(@semantic-ui-react/event-stack/lib/types/EventStack) / TsDeclInterface(EventStack) / TsTypeRef()) [id => @semantic-ui-react/event-stack, phase => typescript, scope => TreeScope(TsParsedFile() / TsDeclModule(@semantic-ui-react/event-stack/lib/types/EventStack) / TsDeclInterface(EventStack) / TsTypeRef())] 
[info ] ExtractInterfaces.scala:30 Extracted anonymous interface TsIdentSimple(Anon_Target) [id => @semantic-ui-react/event-stack, phase => typescript, scope => TreeScope(TsParsedFile() / TsDeclModule(@semantic-ui-react/event-stack/lib/types/EventStack) / TsDeclClass(default) / TsMemberProperty(propTypes) / TsTypeObject())] 
[info ] ExtractInterfaces.scala:30 Extracted anonymous interface TsIdentSimple(Anon_TargetPool) [id => @semantic-ui-react/event-stack, phase => typescript, scope => TreeScope(TsParsedFile() / TsDeclModule(@semantic-ui-react/event-stack/lib/types/EventStack) / TsDeclClass(default) / TsMemberProperty(defaultProps) / TsTypeObject())] 
[info ] ExtractInterfaces.scala:30 Extracted anonymous interface TsIdentSimple(Anon_Target) [id => @semantic-ui-react/event-stack, phase => typescript, scope => TreeScope(TsParsedFile() / TsDeclModule(@semantic-ui-react/event-stack) / TsDeclClass(default) / TsMemberProperty(propTypes) / TsTypeObject())] 
[info ] ExtractInterfaces.scala:30 Extracted anonymous interface TsIdentSimple(Anon_TargetPool) [id => @semantic-ui-react/event-stack, phase => typescript, scope => TreeScope(TsParsedFile() / TsDeclModule(@semantic-ui-react/event-stack) / TsDeclClass(default) / TsMemberProperty(defaultProps) / TsTypeObject())] 
[info ] ExtractInterfaces.scala:30 Extracted anonymous interface TsIdentSimple(Anon_Called) [id => @semantic-ui-react/event-stack, phase => typescript, scope => TreeScope(TsParsedFile() / TsDeclModule(@semantic-ui-react/event-stack/lib/types/types) / TsDeclTypeAlias(CallableEventListener) / TsTypeIntersect() / TsTypeObject())] 
[debug] PhaseRunner.scala:78 Success [id => @semantic-ui-react/event-stack, phase => typescript] 
[warn ] Phase2ToScalaJs.scala:34 Processing TsIdentLibraryScoped(semantic-ui-react,Some(event-stack)) [id => @semantic-ui-react/event-stack, phase => scala.js] 
[debug] PhaseRunner.scala:78 Success [id => @semantic-ui-react/event-stack, phase => scala.js] 
[warn ] PhaseRunner.scala:64 Failed because of, [node => Compilation failed] [id => @semantic-ui-react/event-stack, phase => build] 
[debug] PhaseRunner.scala:82 Failure, [node => Compilation failed] [id => @semantic-ui-react/event-stack, phase => build] 
