[info ] InferredDependency.scala:20 Inferred dependencies Set(TsIdentLibrarySimple(node)) for TsIdentLibrarySimple(server) [id => server, phase => typescript, file => ../server/typings/options.d.ts] 
[debug] PhaseRunner.scala:86 Ignored [id => server, phase => typescript] 
[debug] PhaseRunner.scala:78 Success [id => server, phase => typescript] 
[debug] PhaseRunner.scala:78 Success [id => server, phase => typescript] 
[debug] PhaseRunner.scala:78 Success [id => server, phase => typescript] 
[debug] PhaseRunner.scala:78 Success [id => server, phase => typescript] 
[debug] PhaseRunner.scala:78 Success [id => server, phase => typescript] 
[info ] Phase1ReadTypescript.scala:152 Preprocessing TsHelperFile(InFile(/home/tso/tmp/tso-cache/DefinitelyTyped/types/server/index.d.ts),FromFolder(InFolder(/home/tso/tmp/tso-cache/DefinitelyTyped/types/server),TsIdentLibrarySimple(server)),TsIdentModule(None,List(server))) [id => server, phase => typescript] 
[info ] InferredDefaultModule.scala:39 Inferred module TsIdentModule(None,List(server)) [id => server, phase => typescript] 
[info ] Phase1ReadTypescript.scala:152 Preprocessing TsHelperFile(InFile(/home/tso/tmp/tso-cache/DefinitelyTyped/types/server/reply.d.ts),FromFolder(InFolder(/home/tso/tmp/tso-cache/DefinitelyTyped/types/server),TsIdentLibrarySimple(server)),TsIdentModule(None,List(server, reply))) [id => server, phase => typescript] 
[info ] InferredDefaultModule.scala:39 Inferred module TsIdentModule(None,List(server, reply)) [id => server, phase => typescript] 
[info ] Phase1ReadTypescript.scala:152 Preprocessing TsHelperFile(InFile(/home/tso/tmp/tso-cache/DefinitelyTyped/types/server/router.d.ts),FromFolder(InFolder(/home/tso/tmp/tso-cache/DefinitelyTyped/types/server),TsIdentLibrarySimple(server)),TsIdentModule(None,List(server, router))) [id => server, phase => typescript] 
[info ] InferredDefaultModule.scala:39 Inferred module TsIdentModule(None,List(server, router)) [id => server, phase => typescript] 
[info ] Phase1ReadTypescript.scala:152 Preprocessing TsHelperFile(InFile(/home/tso/tmp/tso-cache/DefinitelyTyped/types/server/typings/common.d.ts),FromFolder(InFolder(/home/tso/tmp/tso-cache/DefinitelyTyped/types/server),TsIdentLibrarySimple(server)),TsIdentModule(None,List(server, typings, common))) [id => server, phase => typescript] 
[info ] InferredDefaultModule.scala:39 Inferred module TsIdentModule(None,List(server, typings, common)) [id => server, phase => typescript] 
[info ] Phase1ReadTypescript.scala:152 Preprocessing TsHelperFile(InFile(/home/tso/tmp/tso-cache/DefinitelyTyped/types/server/typings/options.d.ts),FromFolder(InFolder(/home/tso/tmp/tso-cache/DefinitelyTyped/types/server),TsIdentLibrarySimple(server)),TsIdentModule(None,List(server, typings, options))) [id => server, phase => typescript] 
[info ] InferredDefaultModule.scala:39 Inferred module TsIdentModule(None,List(server, typings, options)) [id => server, phase => typescript] 
[warn ] Phase1ReadTypescript.scala:190 Processing TsIdentLibrarySimple(server) [id => server, phase => typescript] 
[info ] ExpandCallables.scala:57 Expanded cookie into 1 methods [id => server, phase => typescript, scope => TreeScope(TsParsedFile() / TsDeclModule(server/reply) / TsDeclInterface(Reply))] 
[info ] ExpandCallables.scala:57 Expanded download into 1 methods [id => server, phase => typescript, scope => TreeScope(TsParsedFile() / TsDeclModule(server/reply) / TsDeclInterface(Reply))] 
[info ] ExpandCallables.scala:57 Expanded header into 1 methods [id => server, phase => typescript, scope => TreeScope(TsParsedFile() / TsDeclModule(server/reply) / TsDeclInterface(Reply))] 
[info ] ExpandCallables.scala:57 Expanded json into 1 methods [id => server, phase => typescript, scope => TreeScope(TsParsedFile() / TsDeclModule(server/reply) / TsDeclInterface(Reply))] 
[info ] ExpandCallables.scala:57 Expanded jsonp into 1 methods [id => server, phase => typescript, scope => TreeScope(TsParsedFile() / TsDeclModule(server/reply) / TsDeclInterface(Reply))] 
[info ] ExpandCallables.scala:57 Expanded redirect into 2 methods [id => server, phase => typescript, scope => TreeScope(TsParsedFile() / TsDeclModule(server/reply) / TsDeclInterface(Reply))] 
[info ] ExpandCallables.scala:57 Expanded render into 1 methods [id => server, phase => typescript, scope => TreeScope(TsParsedFile() / TsDeclModule(server/reply) / TsDeclInterface(Reply))] 
[info ] ExpandCallables.scala:57 Expanded send into 1 methods [id => server, phase => typescript, scope => TreeScope(TsParsedFile() / TsDeclModule(server/reply) / TsDeclInterface(Reply))] 
[info ] ExpandCallables.scala:57 Expanded status into 1 methods [id => server, phase => typescript, scope => TreeScope(TsParsedFile() / TsDeclModule(server/reply) / TsDeclInterface(Reply))] 
[info ] ExpandCallables.scala:57 Expanded type into 1 methods [id => server, phase => typescript, scope => TreeScope(TsParsedFile() / TsDeclModule(server/reply) / TsDeclInterface(Reply))] 
[info ] ExpandCallables.scala:57 Expanded get into 1 methods [id => server, phase => typescript, scope => TreeScope(TsParsedFile() / TsDeclModule(server/router) / TsDeclInterface(Router))] 
[info ] ExpandCallables.scala:57 Expanded post into 1 methods [id => server, phase => typescript, scope => TreeScope(TsParsedFile() / TsDeclModule(server/router) / TsDeclInterface(Router))] 
[info ] ExpandCallables.scala:57 Expanded put into 1 methods [id => server, phase => typescript, scope => TreeScope(TsParsedFile() / TsDeclModule(server/router) / TsDeclInterface(Router))] 
[info ] ExpandCallables.scala:57 Expanded del into 1 methods [id => server, phase => typescript, scope => TreeScope(TsParsedFile() / TsDeclModule(server/router) / TsDeclInterface(Router))] 
[info ] ExpandCallables.scala:57 Expanded error into 1 methods [id => server, phase => typescript, scope => TreeScope(TsParsedFile() / TsDeclModule(server/router) / TsDeclInterface(Router))] 
[info ] ExpandCallables.scala:57 Expanded sub into 1 methods [id => server, phase => typescript, scope => TreeScope(TsParsedFile() / TsDeclModule(server/router) / TsDeclInterface(Router))] 
[info ] ExpandCallables.scala:57 Expanded socket into 1 methods [id => server, phase => typescript, scope => TreeScope(TsParsedFile() / TsDeclModule(server/router) / TsDeclInterface(Router))] 
[info ] ExtractInterfaces.scala:30 Extracted anonymous interface TsIdentSimple(Anon_Csurf) [id => server, phase => typescript, scope => TreeScope(TsParsedFile() / TsDeclModule(server/typings/options) / TsDeclInterface(Options) / TsMemberProperty(security) / TsTypeIntersect() / TsTypeObject())] 
[info ] ExtractInterfaces.scala:30 Extracted anonymous interface TsIdentSimple(Anon_Body) [id => server, phase => typescript, scope => TreeScope(TsParsedFile() / TsDeclModule(server/typings/options) / TsDeclInterface(Options) / TsMemberProperty(parser) / TsTypeObject())] 
[info ] ExtractInterfaces.scala:30 Extracted anonymous interface TsIdentSimple(Anon_Level) [id => server, phase => typescript, scope => TreeScope(TsParsedFile() / TsDeclModule(server/typings/options) / TsDeclInterface(Options) / TsMemberProperty(log) / TsTypeUnion() / TsTypeObject())] 
[debug] PhaseRunner.scala:78 Success [id => server, phase => typescript] 
[warn ] Phase2ToScalaJs.scala:34 Processing TsIdentLibrarySimple(server) [id => server, phase => scala.js] 
[debug] PhaseRunner.scala:78 Success [id => server, phase => scala.js] 
[warn ] PhaseRunner.scala:64 Failed because of, [node => Compilation failed] [id => server, phase => build] 
[debug] PhaseRunner.scala:82 Failure, [node => Compilation failed] [id => server, phase => build] 
