[debug] PhaseRunner.scala:78 Success [id => shopify-prime, phase => typescript] 
[debug] PhaseRunner.scala:78 Success [id => shopify-prime, phase => typescript] 
[debug] PhaseRunner.scala:78 Success [id => shopify-prime, phase => typescript] 
[debug] PhaseRunner.scala:78 Success [id => shopify-prime, phase => typescript] 
[debug] PhaseRunner.scala:78 Success [id => shopify-prime, phase => typescript] 
[debug] PhaseRunner.scala:78 Success [id => shopify-prime, phase => typescript] 
[debug] PhaseRunner.scala:78 Success [id => shopify-prime, phase => typescript] 
[debug] PhaseRunner.scala:78 Success [id => shopify-prime, phase => typescript] 
[debug] PhaseRunner.scala:78 Success [id => shopify-prime, phase => typescript] 
[debug] PhaseRunner.scala:78 Success [id => shopify-prime, phase => typescript] 
[debug] PhaseRunner.scala:78 Success [id => shopify-prime, phase => typescript] 
[debug] PhaseRunner.scala:78 Success [id => shopify-prime, phase => typescript] 
[debug] PhaseRunner.scala:78 Success [id => shopify-prime, phase => typescript] 
[debug] PhaseRunner.scala:78 Success [id => shopify-prime, phase => typescript] 
[debug] PhaseRunner.scala:78 Success [id => shopify-prime, phase => typescript] 
[debug] PhaseRunner.scala:78 Success [id => shopify-prime, phase => typescript] 
[debug] PhaseRunner.scala:78 Success [id => shopify-prime, phase => typescript] 
[debug] PhaseRunner.scala:78 Success [id => shopify-prime, phase => typescript] 
[debug] PhaseRunner.scala:78 Success [id => shopify-prime, phase => typescript] 
[debug] PhaseRunner.scala:78 Success [id => shopify-prime, phase => typescript] 
[debug] PhaseRunner.scala:78 Success [id => shopify-prime, phase => typescript] 
[debug] PhaseRunner.scala:78 Success [id => shopify-prime, phase => typescript] 
[debug] PhaseRunner.scala:78 Success [id => shopify-prime, phase => typescript] 
[debug] PhaseRunner.scala:78 Success [id => shopify-prime, phase => typescript] 
[debug] PhaseRunner.scala:78 Success [id => shopify-prime, phase => typescript] 
[debug] PhaseRunner.scala:78 Success [id => shopify-prime, phase => typescript] 
[debug] PhaseRunner.scala:78 Success [id => shopify-prime, phase => typescript] 
[debug] PhaseRunner.scala:78 Success [id => shopify-prime, phase => typescript] 
[debug] PhaseRunner.scala:78 Success [id => shopify-prime, phase => typescript] 
[debug] PhaseRunner.scala:78 Success [id => shopify-prime, phase => typescript] 
[debug] PhaseRunner.scala:78 Success [id => shopify-prime, phase => typescript] 
[debug] PhaseRunner.scala:78 Success [id => shopify-prime, phase => typescript] 
[debug] PhaseRunner.scala:78 Success [id => shopify-prime, phase => typescript] 
[debug] PhaseRunner.scala:78 Success [id => shopify-prime, phase => typescript] 
[debug] PhaseRunner.scala:78 Success [id => shopify-prime, phase => typescript] 
[debug] PhaseRunner.scala:78 Success [id => shopify-prime, phase => typescript] 
[debug] PhaseRunner.scala:78 Success [id => shopify-prime, phase => typescript] 
[debug] PhaseRunner.scala:78 Success [id => shopify-prime, phase => typescript] 
[debug] PhaseRunner.scala:78 Success [id => shopify-prime, phase => typescript] 
[debug] PhaseRunner.scala:78 Success [id => shopify-prime, phase => typescript] 
[debug] PhaseRunner.scala:78 Success [id => shopify-prime, phase => typescript] 
[debug] PhaseRunner.scala:78 Success [id => shopify-prime, phase => typescript] 
[debug] PhaseRunner.scala:78 Success [id => shopify-prime, phase => typescript] 
[debug] PhaseRunner.scala:78 Success [id => shopify-prime, phase => typescript] 
[debug] PhaseRunner.scala:78 Success [id => shopify-prime, phase => typescript] 
[debug] PhaseRunner.scala:78 Success [id => shopify-prime, phase => typescript] 
[debug] PhaseRunner.scala:78 Success [id => shopify-prime, phase => typescript] 
[debug] PhaseRunner.scala:78 Success [id => shopify-prime, phase => typescript] 
[debug] PhaseRunner.scala:78 Success [id => shopify-prime, phase => typescript] 
[debug] PhaseRunner.scala:78 Success [id => shopify-prime, phase => typescript] 
[debug] PhaseRunner.scala:78 Success [id => shopify-prime, phase => typescript] 
[debug] PhaseRunner.scala:78 Success [id => shopify-prime, phase => typescript] 
[debug] PhaseRunner.scala:78 Success [id => shopify-prime, phase => typescript] 
[debug] PhaseRunner.scala:78 Success [id => shopify-prime, phase => typescript] 
[debug] PhaseRunner.scala:78 Success [id => shopify-prime, phase => typescript] 
[debug] PhaseRunner.scala:78 Success [id => shopify-prime, phase => typescript] 
[debug] PhaseRunner.scala:78 Success [id => shopify-prime, phase => typescript] 
[debug] PhaseRunner.scala:78 Success [id => shopify-prime, phase => typescript] 
[debug] PhaseRunner.scala:78 Success [id => shopify-prime, phase => typescript] 
[debug] PhaseRunner.scala:78 Success [id => shopify-prime, phase => typescript] 
[debug] PhaseRunner.scala:78 Success [id => shopify-prime, phase => typescript] 
[debug] PhaseRunner.scala:78 Success [id => shopify-prime, phase => typescript] 
[debug] PhaseRunner.scala:78 Success [id => shopify-prime, phase => typescript] 
[debug] PhaseRunner.scala:78 Success [id => shopify-prime, phase => typescript] 
[debug] PhaseRunner.scala:78 Success [id => shopify-prime, phase => typescript] 
[debug] PhaseRunner.scala:78 Success [id => shopify-prime, phase => typescript] 
[debug] PhaseRunner.scala:78 Success [id => shopify-prime, phase => typescript] 
[debug] PhaseRunner.scala:78 Success [id => shopify-prime, phase => typescript] 
[debug] PhaseRunner.scala:78 Success [id => shopify-prime, phase => typescript] 
[debug] PhaseRunner.scala:78 Success [id => shopify-prime, phase => typescript] 
[debug] PhaseRunner.scala:78 Success [id => shopify-prime, phase => typescript] 
[debug] PhaseRunner.scala:78 Success [id => shopify-prime, phase => typescript] 
[debug] PhaseRunner.scala:78 Success [id => shopify-prime, phase => typescript] 
[debug] PhaseRunner.scala:78 Success [id => shopify-prime, phase => typescript] 
[debug] PhaseRunner.scala:78 Success [id => shopify-prime, phase => typescript] 
[debug] PhaseRunner.scala:78 Success [id => shopify-prime, phase => typescript] 
[debug] PhaseRunner.scala:78 Success [id => shopify-prime, phase => typescript] 
[debug] PhaseRunner.scala:78 Success [id => shopify-prime, phase => typescript] 
[debug] PhaseRunner.scala:78 Success [id => shopify-prime, phase => typescript] 
[debug] PhaseRunner.scala:78 Success [id => shopify-prime, phase => typescript] 
[debug] PhaseRunner.scala:78 Success [id => shopify-prime, phase => typescript] 
[debug] PhaseRunner.scala:78 Success [id => shopify-prime, phase => typescript] 
[debug] PhaseRunner.scala:78 Success [id => shopify-prime, phase => typescript] 
[debug] PhaseRunner.scala:78 Success [id => shopify-prime, phase => typescript] 
[debug] PhaseRunner.scala:78 Success [id => shopify-prime, phase => typescript] 
[debug] PhaseRunner.scala:78 Success [id => shopify-prime, phase => typescript] 
[debug] PhaseRunner.scala:78 Success [id => shopify-prime, phase => typescript] 
[debug] PhaseRunner.scala:78 Success [id => shopify-prime, phase => typescript] 
[debug] PhaseRunner.scala:78 Success [id => shopify-prime, phase => typescript] 
[debug] PhaseRunner.scala:78 Success [id => shopify-prime, phase => typescript] 
[debug] PhaseRunner.scala:78 Success [id => shopify-prime, phase => typescript] 
[debug] PhaseRunner.scala:78 Success [id => shopify-prime, phase => typescript] 
[debug] PhaseRunner.scala:78 Success [id => shopify-prime, phase => typescript] 
[debug] PhaseRunner.scala:78 Success [id => shopify-prime, phase => typescript] 
[debug] PhaseRunner.scala:78 Success [id => shopify-prime, phase => typescript] 
[debug] PhaseRunner.scala:78 Success [id => shopify-prime, phase => typescript] 
[debug] PhaseRunner.scala:78 Success [id => shopify-prime, phase => typescript] 
[debug] PhaseRunner.scala:78 Success [id => shopify-prime, phase => typescript] 
[debug] PhaseRunner.scala:78 Success [id => shopify-prime, phase => typescript] 
[debug] PhaseRunner.scala:78 Success [id => shopify-prime, phase => typescript] 
[debug] PhaseRunner.scala:78 Success [id => shopify-prime, phase => typescript] 
[debug] PhaseRunner.scala:78 Success [id => shopify-prime, phase => typescript] 
[info ] Phase1ReadTypescript.scala:152 Preprocessing TsHelperFile(InFile(/home/tso/tmp/tso-cache/npm/node_modules/shopify-prime/dist/index.d.ts),FromFolder(InFolder(/home/tso/tmp/tso-cache/npm/node_modules/shopify-prime),TsIdentLibrarySimple(shopify-prime)),TsIdentModule(None,List(shopify-prime))) [id => shopify-prime, phase => typescript] 
[info ] InferredDefaultModule.scala:39 Inferred module TsIdentModule(None,List(shopify-prime)) [id => shopify-prime, phase => typescript] 
[info ] Phase1ReadTypescript.scala:152 Preprocessing TsHelperFile(InFile(/home/tso/tmp/tso-cache/npm/node_modules/shopify-prime/dist/auth/index.d.ts),FromFolder(InFolder(/home/tso/tmp/tso-cache/npm/node_modules/shopify-prime),TsIdentLibrarySimple(shopify-prime)),TsIdentModule(None,List(shopify-prime, dist, auth))) [id => shopify-prime, phase => typescript] 
[info ] InferredDefaultModule.scala:39 Inferred module TsIdentModule(None,List(shopify-prime, dist, auth)) [id => shopify-prime, phase => typescript] 
[info ] Phase1ReadTypescript.scala:152 Preprocessing TsHelperFile(InFile(/home/tso/tmp/tso-cache/npm/node_modules/shopify-prime/dist/enums/auth_grant.d.ts),FromFolder(InFolder(/home/tso/tmp/tso-cache/npm/node_modules/shopify-prime),TsIdentLibrarySimple(shopify-prime)),TsIdentModule(None,List(shopify-prime, dist, enums, auth_grant))) [id => shopify-prime, phase => typescript] 
[info ] InferredDefaultModule.scala:39 Inferred module TsIdentModule(None,List(shopify-prime, dist, enums, auth_grant)) [id => shopify-prime, phase => typescript] 
[info ] Phase1ReadTypescript.scala:152 Preprocessing TsHelperFile(InFile(/home/tso/tmp/tso-cache/npm/node_modules/shopify-prime/dist/enums/auth_scope.d.ts),FromFolder(InFolder(/home/tso/tmp/tso-cache/npm/node_modules/shopify-prime),TsIdentLibrarySimple(shopify-prime)),TsIdentModule(None,List(shopify-prime, dist, enums, auth_scope))) [id => shopify-prime, phase => typescript] 
[info ] InferredDefaultModule.scala:39 Inferred module TsIdentModule(None,List(shopify-prime, dist, enums, auth_scope)) [id => shopify-prime, phase => typescript] 
[info ] Phase1ReadTypescript.scala:152 Preprocessing TsHelperFile(InFile(/home/tso/tmp/tso-cache/npm/node_modules/shopify-prime/dist/enums/blog_commentable.d.ts),FromFolder(InFolder(/home/tso/tmp/tso-cache/npm/node_modules/shopify-prime),TsIdentLibrarySimple(shopify-prime)),TsIdentModule(None,List(shopify-prime, dist, enums, blog_commentable))) [id => shopify-prime, phase => typescript] 
[info ] InferredDefaultModule.scala:39 Inferred module TsIdentModule(None,List(shopify-prime, dist, enums, blog_commentable)) [id => shopify-prime, phase => typescript] 
[info ] Phase1ReadTypescript.scala:152 Preprocessing TsHelperFile(InFile(/home/tso/tmp/tso-cache/npm/node_modules/shopify-prime/dist/enums/financial_status.d.ts),FromFolder(InFolder(/home/tso/tmp/tso-cache/npm/node_modules/shopify-prime),TsIdentLibrarySimple(shopify-prime)),TsIdentModule(None,List(shopify-prime, dist, enums, financial_status))) [id => shopify-prime, phase => typescript] 
[info ] InferredDefaultModule.scala:39 Inferred module TsIdentModule(None,List(shopify-prime, dist, enums, financial_status)) [id => shopify-prime, phase => typescript] 
[info ] Phase1ReadTypescript.scala:152 Preprocessing TsHelperFile(InFile(/home/tso/tmp/tso-cache/npm/node_modules/shopify-prime/dist/enums/fulfillment_status.d.ts),FromFolder(InFolder(/home/tso/tmp/tso-cache/npm/node_modules/shopify-prime),TsIdentLibrarySimple(shopify-prime)),TsIdentModule(None,List(shopify-prime, dist, enums, fulfillment_status))) [id => shopify-prime, phase => typescript] 
[info ] InferredDefaultModule.scala:39 Inferred module TsIdentModule(None,List(shopify-prime, dist, enums, fulfillment_status)) [id => shopify-prime, phase => typescript] 
[info ] Phase1ReadTypescript.scala:152 Preprocessing TsHelperFile(InFile(/home/tso/tmp/tso-cache/npm/node_modules/shopify-prime/dist/enums/index.d.ts),FromFolder(InFolder(/home/tso/tmp/tso-cache/npm/node_modules/shopify-prime),TsIdentLibrarySimple(shopify-prime)),TsIdentModule(None,List(shopify-prime, dist, enums))) [id => shopify-prime, phase => typescript] 
[info ] InferredDefaultModule.scala:39 Inferred module TsIdentModule(None,List(shopify-prime, dist, enums)) [id => shopify-prime, phase => typescript] 
[info ] Phase1ReadTypescript.scala:152 Preprocessing TsHelperFile(InFile(/home/tso/tmp/tso-cache/npm/node_modules/shopify-prime/dist/enums/inventory_behavior.d.ts),FromFolder(InFolder(/home/tso/tmp/tso-cache/npm/node_modules/shopify-prime),TsIdentLibrarySimple(shopify-prime)),TsIdentModule(None,List(shopify-prime, dist, enums, inventory_behavior))) [id => shopify-prime, phase => typescript] 
[info ] InferredDefaultModule.scala:39 Inferred module TsIdentModule(None,List(shopify-prime, dist, enums, inventory_behavior)) [id => shopify-prime, phase => typescript] 
[info ] Phase1ReadTypescript.scala:152 Preprocessing TsHelperFile(InFile(/home/tso/tmp/tso-cache/npm/node_modules/shopify-prime/dist/enums/order_cancel_reason.d.ts),FromFolder(InFolder(/home/tso/tmp/tso-cache/npm/node_modules/shopify-prime),TsIdentLibrarySimple(shopify-prime)),TsIdentModule(None,List(shopify-prime, dist, enums, order_cancel_reason))) [id => shopify-prime, phase => typescript] 
[info ] InferredDefaultModule.scala:39 Inferred module TsIdentModule(None,List(shopify-prime, dist, enums, order_cancel_reason)) [id => shopify-prime, phase => typescript] 
[info ] Phase1ReadTypescript.scala:152 Preprocessing TsHelperFile(InFile(/home/tso/tmp/tso-cache/npm/node_modules/shopify-prime/dist/enums/order_status.d.ts),FromFolder(InFolder(/home/tso/tmp/tso-cache/npm/node_modules/shopify-prime),TsIdentLibrarySimple(shopify-prime)),TsIdentModule(None,List(shopify-prime, dist, enums, order_status))) [id => shopify-prime, phase => typescript] 
[info ] InferredDefaultModule.scala:39 Inferred module TsIdentModule(None,List(shopify-prime, dist, enums, order_status)) [id => shopify-prime, phase => typescript] 
[info ] Phase1ReadTypescript.scala:152 Preprocessing TsHelperFile(InFile(/home/tso/tmp/tso-cache/npm/node_modules/shopify-prime/dist/enums/published_status.d.ts),FromFolder(InFolder(/home/tso/tmp/tso-cache/npm/node_modules/shopify-prime),TsIdentLibrarySimple(shopify-prime)),TsIdentModule(None,List(shopify-prime, dist, enums, published_status))) [id => shopify-prime, phase => typescript] 
[info ] InferredDefaultModule.scala:39 Inferred module TsIdentModule(None,List(shopify-prime, dist, enums, published_status)) [id => shopify-prime, phase => typescript] 
[info ] Phase1ReadTypescript.scala:152 Preprocessing TsHelperFile(InFile(/home/tso/tmp/tso-cache/npm/node_modules/shopify-prime/dist/enums/script_tag_display_scope.d.ts),FromFolder(InFolder(/home/tso/tmp/tso-cache/npm/node_modules/shopify-prime),TsIdentLibrarySimple(shopify-prime)),TsIdentModule(None,List(shopify-prime, dist, enums, script_tag_display_scope))) [id => shopify-prime, phase => typescript] 
[info ] InferredDefaultModule.scala:39 Inferred module TsIdentModule(None,List(shopify-prime, dist, enums, script_tag_display_scope)) [id => shopify-prime, phase => typescript] 
[info ] Phase1ReadTypescript.scala:152 Preprocessing TsHelperFile(InFile(/home/tso/tmp/tso-cache/npm/node_modules/shopify-prime/dist/enums/transaction_kind.d.ts),FromFolder(InFolder(/home/tso/tmp/tso-cache/npm/node_modules/shopify-prime),TsIdentLibrarySimple(shopify-prime)),TsIdentModule(None,List(shopify-prime, dist, enums, transaction_kind))) [id => shopify-prime, phase => typescript] 
[info ] InferredDefaultModule.scala:39 Inferred module TsIdentModule(None,List(shopify-prime, dist, enums, transaction_kind)) [id => shopify-prime, phase => typescript] 
[info ] Phase1ReadTypescript.scala:152 Preprocessing TsHelperFile(InFile(/home/tso/tmp/tso-cache/npm/node_modules/shopify-prime/dist/enums/transaction_status.d.ts),FromFolder(InFolder(/home/tso/tmp/tso-cache/npm/node_modules/shopify-prime),TsIdentLibrarySimple(shopify-prime)),TsIdentModule(None,List(shopify-prime, dist, enums, transaction_status))) [id => shopify-prime, phase => typescript] 
[info ] InferredDefaultModule.scala:39 Inferred module TsIdentModule(None,List(shopify-prime, dist, enums, transaction_status)) [id => shopify-prime, phase => typescript] 
[info ] Phase1ReadTypescript.scala:152 Preprocessing TsHelperFile(InFile(/home/tso/tmp/tso-cache/npm/node_modules/shopify-prime/dist/enums/webhook_topic.d.ts),FromFolder(InFolder(/home/tso/tmp/tso-cache/npm/node_modules/shopify-prime),TsIdentLibrarySimple(shopify-prime)),TsIdentModule(None,List(shopify-prime, dist, enums, webhook_topic))) [id => shopify-prime, phase => typescript] 
[info ] InferredDefaultModule.scala:39 Inferred module TsIdentModule(None,List(shopify-prime, dist, enums, webhook_topic)) [id => shopify-prime, phase => typescript] 
[info ] Phase1ReadTypescript.scala:152 Preprocessing TsHelperFile(InFile(/home/tso/tmp/tso-cache/npm/node_modules/shopify-prime/dist/infrastructure/base_service.d.ts),FromFolder(InFolder(/home/tso/tmp/tso-cache/npm/node_modules/shopify-prime),TsIdentLibrarySimple(shopify-prime)),TsIdentModule(None,List(shopify-prime, dist, infrastructure, base_service))) [id => shopify-prime, phase => typescript] 
[info ] InferredDefaultModule.scala:39 Inferred module TsIdentModule(None,List(shopify-prime, dist, infrastructure, base_service)) [id => shopify-prime, phase => typescript] 
[info ] Phase1ReadTypescript.scala:152 Preprocessing TsHelperFile(InFile(/home/tso/tmp/tso-cache/npm/node_modules/shopify-prime/dist/infrastructure/index.d.ts),FromFolder(InFolder(/home/tso/tmp/tso-cache/npm/node_modules/shopify-prime),TsIdentLibrarySimple(shopify-prime)),TsIdentModule(None,List(shopify-prime, dist, infrastructure))) [id => shopify-prime, phase => typescript] 
[info ] InferredDefaultModule.scala:39 Inferred module TsIdentModule(None,List(shopify-prime, dist, infrastructure)) [id => shopify-prime, phase => typescript] 
[info ] Phase1ReadTypescript.scala:152 Preprocessing TsHelperFile(InFile(/home/tso/tmp/tso-cache/npm/node_modules/shopify-prime/dist/infrastructure/shopify_error.d.ts),FromFolder(InFolder(/home/tso/tmp/tso-cache/npm/node_modules/shopify-prime),TsIdentLibrarySimple(shopify-prime)),TsIdentModule(None,List(shopify-prime, dist, infrastructure, shopify_error))) [id => shopify-prime, phase => typescript] 
[info ] InferredDefaultModule.scala:39 Inferred module TsIdentModule(None,List(shopify-prime, dist, infrastructure, shopify_error)) [id => shopify-prime, phase => typescript] 
[info ] Phase1ReadTypescript.scala:152 Preprocessing TsHelperFile(InFile(/home/tso/tmp/tso-cache/npm/node_modules/shopify-prime/dist/models/address.d.ts),FromFolder(InFolder(/home/tso/tmp/tso-cache/npm/node_modules/shopify-prime),TsIdentLibrarySimple(shopify-prime)),TsIdentModule(None,List(shopify-prime, dist, models, address))) [id => shopify-prime, phase => typescript] 
[info ] InferredDefaultModule.scala:39 Inferred module TsIdentModule(None,List(shopify-prime, dist, models, address)) [id => shopify-prime, phase => typescript] 
[info ] Phase1ReadTypescript.scala:152 Preprocessing TsHelperFile(InFile(/home/tso/tmp/tso-cache/npm/node_modules/shopify-prime/dist/models/application_credit.d.ts),FromFolder(InFolder(/home/tso/tmp/tso-cache/npm/node_modules/shopify-prime),TsIdentLibrarySimple(shopify-prime)),TsIdentModule(None,List(shopify-prime, dist, models, application_credit))) [id => shopify-prime, phase => typescript] 
[info ] InferredDefaultModule.scala:39 Inferred module TsIdentModule(None,List(shopify-prime, dist, models, application_credit)) [id => shopify-prime, phase => typescript] 
[info ] Phase1ReadTypescript.scala:152 Preprocessing TsHelperFile(InFile(/home/tso/tmp/tso-cache/npm/node_modules/shopify-prime/dist/models/applied_discount.d.ts),FromFolder(InFolder(/home/tso/tmp/tso-cache/npm/node_modules/shopify-prime),TsIdentLibrarySimple(shopify-prime)),TsIdentModule(None,List(shopify-prime, dist, models, applied_discount))) [id => shopify-prime, phase => typescript] 
[info ] InferredDefaultModule.scala:39 Inferred module TsIdentModule(None,List(shopify-prime, dist, models, applied_discount)) [id => shopify-prime, phase => typescript] 
[info ] Phase1ReadTypescript.scala:152 Preprocessing TsHelperFile(InFile(/home/tso/tmp/tso-cache/npm/node_modules/shopify-prime/dist/models/article.d.ts),FromFolder(InFolder(/home/tso/tmp/tso-cache/npm/node_modules/shopify-prime),TsIdentLibrarySimple(shopify-prime)),TsIdentModule(None,List(shopify-prime, dist, models, article))) [id => shopify-prime, phase => typescript] 
[info ] InferredDefaultModule.scala:39 Inferred module TsIdentModule(None,List(shopify-prime, dist, models, article)) [id => shopify-prime, phase => typescript] 
[info ] Phase1ReadTypescript.scala:152 Preprocessing TsHelperFile(InFile(/home/tso/tmp/tso-cache/npm/node_modules/shopify-prime/dist/models/article_image.d.ts),FromFolder(InFolder(/home/tso/tmp/tso-cache/npm/node_modules/shopify-prime),TsIdentLibrarySimple(shopify-prime)),TsIdentModule(None,List(shopify-prime, dist, models, article_image))) [id => shopify-prime, phase => typescript] 
[info ] InferredDefaultModule.scala:39 Inferred module TsIdentModule(None,List(shopify-prime, dist, models, article_image)) [id => shopify-prime, phase => typescript] 
[info ] Phase1ReadTypescript.scala:152 Preprocessing TsHelperFile(InFile(/home/tso/tmp/tso-cache/npm/node_modules/shopify-prime/dist/models/base.d.ts),FromFolder(InFolder(/home/tso/tmp/tso-cache/npm/node_modules/shopify-prime),TsIdentLibrarySimple(shopify-prime)),TsIdentModule(None,List(shopify-prime, dist, models, base))) [id => shopify-prime, phase => typescript] 
[info ] InferredDefaultModule.scala:39 Inferred module TsIdentModule(None,List(shopify-prime, dist, models, base)) [id => shopify-prime, phase => typescript] 
[info ] Phase1ReadTypescript.scala:152 Preprocessing TsHelperFile(InFile(/home/tso/tmp/tso-cache/npm/node_modules/shopify-prime/dist/models/blog.d.ts),FromFolder(InFolder(/home/tso/tmp/tso-cache/npm/node_modules/shopify-prime),TsIdentLibrarySimple(shopify-prime)),TsIdentModule(None,List(shopify-prime, dist, models, blog))) [id => shopify-prime, phase => typescript] 
[info ] InferredDefaultModule.scala:39 Inferred module TsIdentModule(None,List(shopify-prime, dist, models, blog)) [id => shopify-prime, phase => typescript] 
[info ] Phase1ReadTypescript.scala:152 Preprocessing TsHelperFile(InFile(/home/tso/tmp/tso-cache/npm/node_modules/shopify-prime/dist/models/charge.d.ts),FromFolder(InFolder(/home/tso/tmp/tso-cache/npm/node_modules/shopify-prime),TsIdentLibrarySimple(shopify-prime)),TsIdentModule(None,List(shopify-prime, dist, models, charge))) [id => shopify-prime, phase => typescript] 
[info ] InferredDefaultModule.scala:39 Inferred module TsIdentModule(None,List(shopify-prime, dist, models, charge)) [id => shopify-prime, phase => typescript] 
[info ] Phase1ReadTypescript.scala:152 Preprocessing TsHelperFile(InFile(/home/tso/tmp/tso-cache/npm/node_modules/shopify-prime/dist/models/client_details.d.ts),FromFolder(InFolder(/home/tso/tmp/tso-cache/npm/node_modules/shopify-prime),TsIdentLibrarySimple(shopify-prime)),TsIdentModule(None,List(shopify-prime, dist, models, client_details))) [id => shopify-prime, phase => typescript] 
[info ] InferredDefaultModule.scala:39 Inferred module TsIdentModule(None,List(shopify-prime, dist, models, client_details)) [id => shopify-prime, phase => typescript] 
[info ] Phase1ReadTypescript.scala:152 Preprocessing TsHelperFile(InFile(/home/tso/tmp/tso-cache/npm/node_modules/shopify-prime/dist/models/customer.d.ts),FromFolder(InFolder(/home/tso/tmp/tso-cache/npm/node_modules/shopify-prime),TsIdentLibrarySimple(shopify-prime)),TsIdentModule(None,List(shopify-prime, dist, models, customer))) [id => shopify-prime, phase => typescript] 
[info ] InferredDefaultModule.scala:39 Inferred module TsIdentModule(None,List(shopify-prime, dist, models, customer)) [id => shopify-prime, phase => typescript] 
[info ] Phase1ReadTypescript.scala:152 Preprocessing TsHelperFile(InFile(/home/tso/tmp/tso-cache/npm/node_modules/shopify-prime/dist/models/discount.d.ts),FromFolder(InFolder(/home/tso/tmp/tso-cache/npm/node_modules/shopify-prime),TsIdentLibrarySimple(shopify-prime)),TsIdentModule(None,List(shopify-prime, dist, models, discount))) [id => shopify-prime, phase => typescript] 
[info ] InferredDefaultModule.scala:39 Inferred module TsIdentModule(None,List(shopify-prime, dist, models, discount)) [id => shopify-prime, phase => typescript] 
[info ] Phase1ReadTypescript.scala:152 Preprocessing TsHelperFile(InFile(/home/tso/tmp/tso-cache/npm/node_modules/shopify-prime/dist/models/discount_code.d.ts),FromFolder(InFolder(/home/tso/tmp/tso-cache/npm/node_modules/shopify-prime),TsIdentLibrarySimple(shopify-prime)),TsIdentModule(None,List(shopify-prime, dist, models, discount_code))) [id => shopify-prime, phase => typescript] 
[info ] InferredDefaultModule.scala:39 Inferred module TsIdentModule(None,List(shopify-prime, dist, models, discount_code)) [id => shopify-prime, phase => typescript] 
[info ] Phase1ReadTypescript.scala:152 Preprocessing TsHelperFile(InFile(/home/tso/tmp/tso-cache/npm/node_modules/shopify-prime/dist/models/draft_line_item.d.ts),FromFolder(InFolder(/home/tso/tmp/tso-cache/npm/node_modules/shopify-prime),TsIdentLibrarySimple(shopify-prime)),TsIdentModule(None,List(shopify-prime, dist, models, draft_line_item))) [id => shopify-prime, phase => typescript] 
[info ] InferredDefaultModule.scala:39 Inferred module TsIdentModule(None,List(shopify-prime, dist, models, draft_line_item)) [id => shopify-prime, phase => typescript] 
[info ] Phase1ReadTypescript.scala:152 Preprocessing TsHelperFile(InFile(/home/tso/tmp/tso-cache/npm/node_modules/shopify-prime/dist/models/draft_order.d.ts),FromFolder(InFolder(/home/tso/tmp/tso-cache/npm/node_modules/shopify-prime),TsIdentLibrarySimple(shopify-prime)),TsIdentModule(None,List(shopify-prime, dist, models, draft_order))) [id => shopify-prime, phase => typescript] 
[info ] InferredDefaultModule.scala:39 Inferred module TsIdentModule(None,List(shopify-prime, dist, models, draft_order)) [id => shopify-prime, phase => typescript] 
[info ] Phase1ReadTypescript.scala:152 Preprocessing TsHelperFile(InFile(/home/tso/tmp/tso-cache/npm/node_modules/shopify-prime/dist/models/fulfillment.d.ts),FromFolder(InFolder(/home/tso/tmp/tso-cache/npm/node_modules/shopify-prime),TsIdentLibrarySimple(shopify-prime)),TsIdentModule(None,List(shopify-prime, dist, models, fulfillment))) [id => shopify-prime, phase => typescript] 
[info ] InferredDefaultModule.scala:39 Inferred module TsIdentModule(None,List(shopify-prime, dist, models, fulfillment)) [id => shopify-prime, phase => typescript] 
[info ] Phase1ReadTypescript.scala:152 Preprocessing TsHelperFile(InFile(/home/tso/tmp/tso-cache/npm/node_modules/shopify-prime/dist/models/gift_card.d.ts),FromFolder(InFolder(/home/tso/tmp/tso-cache/npm/node_modules/shopify-prime),TsIdentLibrarySimple(shopify-prime)),TsIdentModule(None,List(shopify-prime, dist, models, gift_card))) [id => shopify-prime, phase => typescript] 
[info ] InferredDefaultModule.scala:39 Inferred module TsIdentModule(None,List(shopify-prime, dist, models, gift_card)) [id => shopify-prime, phase => typescript] 
[info ] Phase1ReadTypescript.scala:152 Preprocessing TsHelperFile(InFile(/home/tso/tmp/tso-cache/npm/node_modules/shopify-prime/dist/models/index.d.ts),FromFolder(InFolder(/home/tso/tmp/tso-cache/npm/node_modules/shopify-prime),TsIdentLibrarySimple(shopify-prime)),TsIdentModule(None,List(shopify-prime, dist, models))) [id => shopify-prime, phase => typescript] 
[info ] InferredDefaultModule.scala:39 Inferred module TsIdentModule(None,List(shopify-prime, dist, models)) [id => shopify-prime, phase => typescript] 
[info ] Phase1ReadTypescript.scala:152 Preprocessing TsHelperFile(InFile(/home/tso/tmp/tso-cache/npm/node_modules/shopify-prime/dist/models/inventory_item.d.ts),FromFolder(InFolder(/home/tso/tmp/tso-cache/npm/node_modules/shopify-prime),TsIdentLibrarySimple(shopify-prime)),TsIdentModule(None,List(shopify-prime, dist, models, inventory_item))) [id => shopify-prime, phase => typescript] 
[info ] InferredDefaultModule.scala:39 Inferred module TsIdentModule(None,List(shopify-prime, dist, models, inventory_item)) [id => shopify-prime, phase => typescript] 
[info ] Phase1ReadTypescript.scala:152 Preprocessing TsHelperFile(InFile(/home/tso/tmp/tso-cache/npm/node_modules/shopify-prime/dist/models/inventory_level.d.ts),FromFolder(InFolder(/home/tso/tmp/tso-cache/npm/node_modules/shopify-prime),TsIdentLibrarySimple(shopify-prime)),TsIdentModule(None,List(shopify-prime, dist, models, inventory_level))) [id => shopify-prime, phase => typescript] 
[info ] InferredDefaultModule.scala:39 Inferred module TsIdentModule(None,List(shopify-prime, dist, models, inventory_level)) [id => shopify-prime, phase => typescript] 
[info ] Phase1ReadTypescript.scala:152 Preprocessing TsHelperFile(InFile(/home/tso/tmp/tso-cache/npm/node_modules/shopify-prime/dist/models/line_item.d.ts),FromFolder(InFolder(/home/tso/tmp/tso-cache/npm/node_modules/shopify-prime),TsIdentLibrarySimple(shopify-prime)),TsIdentModule(None,List(shopify-prime, dist, models, line_item))) [id => shopify-prime, phase => typescript] 
[info ] InferredDefaultModule.scala:39 Inferred module TsIdentModule(None,List(shopify-prime, dist, models, line_item)) [id => shopify-prime, phase => typescript] 
[info ] Phase1ReadTypescript.scala:152 Preprocessing TsHelperFile(InFile(/home/tso/tmp/tso-cache/npm/node_modules/shopify-prime/dist/models/line_item_property.d.ts),FromFolder(InFolder(/home/tso/tmp/tso-cache/npm/node_modules/shopify-prime),TsIdentLibrarySimple(shopify-prime)),TsIdentModule(None,List(shopify-prime, dist, models, line_item_property))) [id => shopify-prime, phase => typescript] 
[info ] InferredDefaultModule.scala:39 Inferred module TsIdentModule(None,List(shopify-prime, dist, models, line_item_property)) [id => shopify-prime, phase => typescript] 
[info ] Phase1ReadTypescript.scala:152 Preprocessing TsHelperFile(InFile(/home/tso/tmp/tso-cache/npm/node_modules/shopify-prime/dist/models/location.d.ts),FromFolder(InFolder(/home/tso/tmp/tso-cache/npm/node_modules/shopify-prime),TsIdentLibrarySimple(shopify-prime)),TsIdentModule(None,List(shopify-prime, dist, models, location))) [id => shopify-prime, phase => typescript] 
[info ] InferredDefaultModule.scala:39 Inferred module TsIdentModule(None,List(shopify-prime, dist, models, location)) [id => shopify-prime, phase => typescript] 
[info ] Phase1ReadTypescript.scala:152 Preprocessing TsHelperFile(InFile(/home/tso/tmp/tso-cache/npm/node_modules/shopify-prime/dist/models/meta_field.d.ts),FromFolder(InFolder(/home/tso/tmp/tso-cache/npm/node_modules/shopify-prime),TsIdentLibrarySimple(shopify-prime)),TsIdentModule(None,List(shopify-prime, dist, models, meta_field))) [id => shopify-prime, phase => typescript] 
[info ] InferredDefaultModule.scala:39 Inferred module TsIdentModule(None,List(shopify-prime, dist, models, meta_field)) [id => shopify-prime, phase => typescript] 
[info ] Phase1ReadTypescript.scala:152 Preprocessing TsHelperFile(InFile(/home/tso/tmp/tso-cache/npm/node_modules/shopify-prime/dist/models/note_attribute.d.ts),FromFolder(InFolder(/home/tso/tmp/tso-cache/npm/node_modules/shopify-prime),TsIdentLibrarySimple(shopify-prime)),TsIdentModule(None,List(shopify-prime, dist, models, note_attribute))) [id => shopify-prime, phase => typescript] 
[info ] InferredDefaultModule.scala:39 Inferred module TsIdentModule(None,List(shopify-prime, dist, models, note_attribute)) [id => shopify-prime, phase => typescript] 
[info ] Phase1ReadTypescript.scala:152 Preprocessing TsHelperFile(InFile(/home/tso/tmp/tso-cache/npm/node_modules/shopify-prime/dist/models/order.d.ts),FromFolder(InFolder(/home/tso/tmp/tso-cache/npm/node_modules/shopify-prime),TsIdentLibrarySimple(shopify-prime)),TsIdentModule(None,List(shopify-prime, dist, models, order))) [id => shopify-prime, phase => typescript] 
[info ] InferredDefaultModule.scala:39 Inferred module TsIdentModule(None,List(shopify-prime, dist, models, order)) [id => shopify-prime, phase => typescript] 
[info ] Phase1ReadTypescript.scala:152 Preprocessing TsHelperFile(InFile(/home/tso/tmp/tso-cache/npm/node_modules/shopify-prime/dist/models/payment_details.d.ts),FromFolder(InFolder(/home/tso/tmp/tso-cache/npm/node_modules/shopify-prime),TsIdentLibrarySimple(shopify-prime)),TsIdentModule(None,List(shopify-prime, dist, models, payment_details))) [id => shopify-prime, phase => typescript] 
[info ] InferredDefaultModule.scala:39 Inferred module TsIdentModule(None,List(shopify-prime, dist, models, payment_details)) [id => shopify-prime, phase => typescript] 
[info ] Phase1ReadTypescript.scala:152 Preprocessing TsHelperFile(InFile(/home/tso/tmp/tso-cache/npm/node_modules/shopify-prime/dist/models/price_rule.d.ts),FromFolder(InFolder(/home/tso/tmp/tso-cache/npm/node_modules/shopify-prime),TsIdentLibrarySimple(shopify-prime)),TsIdentModule(None,List(shopify-prime, dist, models, price_rule))) [id => shopify-prime, phase => typescript] 
[info ] InferredDefaultModule.scala:39 Inferred module TsIdentModule(None,List(shopify-prime, dist, models, price_rule)) [id => shopify-prime, phase => typescript] 
[info ] Phase1ReadTypescript.scala:152 Preprocessing TsHelperFile(InFile(/home/tso/tmp/tso-cache/npm/node_modules/shopify-prime/dist/models/price_rule_discount_code.d.ts),FromFolder(InFolder(/home/tso/tmp/tso-cache/npm/node_modules/shopify-prime),TsIdentLibrarySimple(shopify-prime)),TsIdentModule(None,List(shopify-prime, dist, models, price_rule_discount_code))) [id => shopify-prime, phase => typescript] 
[info ] InferredDefaultModule.scala:39 Inferred module TsIdentModule(None,List(shopify-prime, dist, models, price_rule_discount_code)) [id => shopify-prime, phase => typescript] 
[info ] Phase1ReadTypescript.scala:152 Preprocessing TsHelperFile(InFile(/home/tso/tmp/tso-cache/npm/node_modules/shopify-prime/dist/models/product.d.ts),FromFolder(InFolder(/home/tso/tmp/tso-cache/npm/node_modules/shopify-prime),TsIdentLibrarySimple(shopify-prime)),TsIdentModule(None,List(shopify-prime, dist, models, product))) [id => shopify-prime, phase => typescript] 
[info ] InferredDefaultModule.scala:39 Inferred module TsIdentModule(None,List(shopify-prime, dist, models, product)) [id => shopify-prime, phase => typescript] 
[info ] Phase1ReadTypescript.scala:152 Preprocessing TsHelperFile(InFile(/home/tso/tmp/tso-cache/npm/node_modules/shopify-prime/dist/models/product_collection.d.ts),FromFolder(InFolder(/home/tso/tmp/tso-cache/npm/node_modules/shopify-prime),TsIdentLibrarySimple(shopify-prime)),TsIdentModule(None,List(shopify-prime, dist, models, product_collection))) [id => shopify-prime, phase => typescript] 
[info ] InferredDefaultModule.scala:39 Inferred module TsIdentModule(None,List(shopify-prime, dist, models, product_collection)) [id => shopify-prime, phase => typescript] 
[info ] Phase1ReadTypescript.scala:152 Preprocessing TsHelperFile(InFile(/home/tso/tmp/tso-cache/npm/node_modules/shopify-prime/dist/models/product_image.d.ts),FromFolder(InFolder(/home/tso/tmp/tso-cache/npm/node_modules/shopify-prime),TsIdentLibrarySimple(shopify-prime)),TsIdentModule(None,List(shopify-prime, dist, models, product_image))) [id => shopify-prime, phase => typescript] 
[info ] InferredDefaultModule.scala:39 Inferred module TsIdentModule(None,List(shopify-prime, dist, models, product_image)) [id => shopify-prime, phase => typescript] 
[info ] Phase1ReadTypescript.scala:152 Preprocessing TsHelperFile(InFile(/home/tso/tmp/tso-cache/npm/node_modules/shopify-prime/dist/models/product_option.d.ts),FromFolder(InFolder(/home/tso/tmp/tso-cache/npm/node_modules/shopify-prime),TsIdentLibrarySimple(shopify-prime)),TsIdentModule(None,List(shopify-prime, dist, models, product_option))) [id => shopify-prime, phase => typescript] 
[info ] InferredDefaultModule.scala:39 Inferred module TsIdentModule(None,List(shopify-prime, dist, models, product_option)) [id => shopify-prime, phase => typescript] 
[info ] Phase1ReadTypescript.scala:152 Preprocessing TsHelperFile(InFile(/home/tso/tmp/tso-cache/npm/node_modules/shopify-prime/dist/models/product_variant.d.ts),FromFolder(InFolder(/home/tso/tmp/tso-cache/npm/node_modules/shopify-prime),TsIdentLibrarySimple(shopify-prime)),TsIdentModule(None,List(shopify-prime, dist, models, product_variant))) [id => shopify-prime, phase => typescript] 
[info ] InferredDefaultModule.scala:39 Inferred module TsIdentModule(None,List(shopify-prime, dist, models, product_variant)) [id => shopify-prime, phase => typescript] 
[info ] Phase1ReadTypescript.scala:152 Preprocessing TsHelperFile(InFile(/home/tso/tmp/tso-cache/npm/node_modules/shopify-prime/dist/models/recurring_charge.d.ts),FromFolder(InFolder(/home/tso/tmp/tso-cache/npm/node_modules/shopify-prime),TsIdentLibrarySimple(shopify-prime)),TsIdentModule(None,List(shopify-prime, dist, models, recurring_charge))) [id => shopify-prime, phase => typescript] 
[info ] InferredDefaultModule.scala:39 Inferred module TsIdentModule(None,List(shopify-prime, dist, models, recurring_charge)) [id => shopify-prime, phase => typescript] 
[info ] Phase1ReadTypescript.scala:152 Preprocessing TsHelperFile(InFile(/home/tso/tmp/tso-cache/npm/node_modules/shopify-prime/dist/models/redirect.d.ts),FromFolder(InFolder(/home/tso/tmp/tso-cache/npm/node_modules/shopify-prime),TsIdentLibrarySimple(shopify-prime)),TsIdentModule(None,List(shopify-prime, dist, models, redirect))) [id => shopify-prime, phase => typescript] 
[info ] InferredDefaultModule.scala:39 Inferred module TsIdentModule(None,List(shopify-prime, dist, models, redirect)) [id => shopify-prime, phase => typescript] 
[info ] Phase1ReadTypescript.scala:152 Preprocessing TsHelperFile(InFile(/home/tso/tmp/tso-cache/npm/node_modules/shopify-prime/dist/models/refund.d.ts),FromFolder(InFolder(/home/tso/tmp/tso-cache/npm/node_modules/shopify-prime),TsIdentLibrarySimple(shopify-prime)),TsIdentModule(None,List(shopify-prime, dist, models, refund))) [id => shopify-prime, phase => typescript] 
[info ] InferredDefaultModule.scala:39 Inferred module TsIdentModule(None,List(shopify-prime, dist, models, refund)) [id => shopify-prime, phase => typescript] 
[info ] Phase1ReadTypescript.scala:152 Preprocessing TsHelperFile(InFile(/home/tso/tmp/tso-cache/npm/node_modules/shopify-prime/dist/models/script_tag.d.ts),FromFolder(InFolder(/home/tso/tmp/tso-cache/npm/node_modules/shopify-prime),TsIdentLibrarySimple(shopify-prime)),TsIdentModule(None,List(shopify-prime, dist, models, script_tag))) [id => shopify-prime, phase => typescript] 
[info ] InferredDefaultModule.scala:39 Inferred module TsIdentModule(None,List(shopify-prime, dist, models, script_tag)) [id => shopify-prime, phase => typescript] 
[info ] Phase1ReadTypescript.scala:152 Preprocessing TsHelperFile(InFile(/home/tso/tmp/tso-cache/npm/node_modules/shopify-prime/dist/models/shipping_line.d.ts),FromFolder(InFolder(/home/tso/tmp/tso-cache/npm/node_modules/shopify-prime),TsIdentLibrarySimple(shopify-prime)),TsIdentModule(None,List(shopify-prime, dist, models, shipping_line))) [id => shopify-prime, phase => typescript] 
[info ] InferredDefaultModule.scala:39 Inferred module TsIdentModule(None,List(shopify-prime, dist, models, shipping_line)) [id => shopify-prime, phase => typescript] 
[info ] Phase1ReadTypescript.scala:152 Preprocessing TsHelperFile(InFile(/home/tso/tmp/tso-cache/npm/node_modules/shopify-prime/dist/models/shop.d.ts),FromFolder(InFolder(/home/tso/tmp/tso-cache/npm/node_modules/shopify-prime),TsIdentLibrarySimple(shopify-prime)),TsIdentModule(None,List(shopify-prime, dist, models, shop))) [id => shopify-prime, phase => typescript] 
[info ] InferredDefaultModule.scala:39 Inferred module TsIdentModule(None,List(shopify-prime, dist, models, shop)) [id => shopify-prime, phase => typescript] 
[info ] Phase1ReadTypescript.scala:152 Preprocessing TsHelperFile(InFile(/home/tso/tmp/tso-cache/npm/node_modules/shopify-prime/dist/models/tax_line.d.ts),FromFolder(InFolder(/home/tso/tmp/tso-cache/npm/node_modules/shopify-prime),TsIdentLibrarySimple(shopify-prime)),TsIdentModule(None,List(shopify-prime, dist, models, tax_line))) [id => shopify-prime, phase => typescript] 
[info ] InferredDefaultModule.scala:39 Inferred module TsIdentModule(None,List(shopify-prime, dist, models, tax_line)) [id => shopify-prime, phase => typescript] 
[info ] Phase1ReadTypescript.scala:152 Preprocessing TsHelperFile(InFile(/home/tso/tmp/tso-cache/npm/node_modules/shopify-prime/dist/models/theme.d.ts),FromFolder(InFolder(/home/tso/tmp/tso-cache/npm/node_modules/shopify-prime),TsIdentLibrarySimple(shopify-prime)),TsIdentModule(None,List(shopify-prime, dist, models, theme))) [id => shopify-prime, phase => typescript] 
[info ] InferredDefaultModule.scala:39 Inferred module TsIdentModule(None,List(shopify-prime, dist, models, theme)) [id => shopify-prime, phase => typescript] 
[info ] Phase1ReadTypescript.scala:152 Preprocessing TsHelperFile(InFile(/home/tso/tmp/tso-cache/npm/node_modules/shopify-prime/dist/models/transaction.d.ts),FromFolder(InFolder(/home/tso/tmp/tso-cache/npm/node_modules/shopify-prime),TsIdentLibrarySimple(shopify-prime)),TsIdentModule(None,List(shopify-prime, dist, models, transaction))) [id => shopify-prime, phase => typescript] 
[info ] InferredDefaultModule.scala:39 Inferred module TsIdentModule(None,List(shopify-prime, dist, models, transaction)) [id => shopify-prime, phase => typescript] 
[info ] Phase1ReadTypescript.scala:152 Preprocessing TsHelperFile(InFile(/home/tso/tmp/tso-cache/npm/node_modules/shopify-prime/dist/models/usage_charge.d.ts),FromFolder(InFolder(/home/tso/tmp/tso-cache/npm/node_modules/shopify-prime),TsIdentLibrarySimple(shopify-prime)),TsIdentModule(None,List(shopify-prime, dist, models, usage_charge))) [id => shopify-prime, phase => typescript] 
[info ] InferredDefaultModule.scala:39 Inferred module TsIdentModule(None,List(shopify-prime, dist, models, usage_charge)) [id => shopify-prime, phase => typescript] 
[info ] Phase1ReadTypescript.scala:152 Preprocessing TsHelperFile(InFile(/home/tso/tmp/tso-cache/npm/node_modules/shopify-prime/dist/models/webhook.d.ts),FromFolder(InFolder(/home/tso/tmp/tso-cache/npm/node_modules/shopify-prime),TsIdentLibrarySimple(shopify-prime)),TsIdentModule(None,List(shopify-prime, dist, models, webhook))) [id => shopify-prime, phase => typescript] 
[info ] InferredDefaultModule.scala:39 Inferred module TsIdentModule(None,List(shopify-prime, dist, models, webhook)) [id => shopify-prime, phase => typescript] 
[info ] Phase1ReadTypescript.scala:152 Preprocessing TsHelperFile(InFile(/home/tso/tmp/tso-cache/npm/node_modules/shopify-prime/dist/options/articles.d.ts),FromFolder(InFolder(/home/tso/tmp/tso-cache/npm/node_modules/shopify-prime),TsIdentLibrarySimple(shopify-prime)),TsIdentModule(None,List(shopify-prime, dist, options, articles))) [id => shopify-prime, phase => typescript] 
[info ] InferredDefaultModule.scala:39 Inferred module TsIdentModule(None,List(shopify-prime, dist, options, articles)) [id => shopify-prime, phase => typescript] 
[info ] Phase1ReadTypescript.scala:152 Preprocessing TsHelperFile(InFile(/home/tso/tmp/tso-cache/npm/node_modules/shopify-prime/dist/options/base.d.ts),FromFolder(InFolder(/home/tso/tmp/tso-cache/npm/node_modules/shopify-prime),TsIdentLibrarySimple(shopify-prime)),TsIdentModule(None,List(shopify-prime, dist, options, base))) [id => shopify-prime, phase => typescript] 
[info ] InferredDefaultModule.scala:39 Inferred module TsIdentModule(None,List(shopify-prime, dist, options, base)) [id => shopify-prime, phase => typescript] 
[info ] Phase1ReadTypescript.scala:152 Preprocessing TsHelperFile(InFile(/home/tso/tmp/tso-cache/npm/node_modules/shopify-prime/dist/options/blogs.d.ts),FromFolder(InFolder(/home/tso/tmp/tso-cache/npm/node_modules/shopify-prime),TsIdentLibrarySimple(shopify-prime)),TsIdentModule(None,List(shopify-prime, dist, options, blogs))) [id => shopify-prime, phase => typescript] 
[info ] InferredDefaultModule.scala:39 Inferred module TsIdentModule(None,List(shopify-prime, dist, options, blogs)) [id => shopify-prime, phase => typescript] 
[info ] Phase1ReadTypescript.scala:152 Preprocessing TsHelperFile(InFile(/home/tso/tmp/tso-cache/npm/node_modules/shopify-prime/dist/options/gift_cards.d.ts),FromFolder(InFolder(/home/tso/tmp/tso-cache/npm/node_modules/shopify-prime),TsIdentLibrarySimple(shopify-prime)),TsIdentModule(None,List(shopify-prime, dist, options, gift_cards))) [id => shopify-prime, phase => typescript] 
[info ] InferredDefaultModule.scala:39 Inferred module TsIdentModule(None,List(shopify-prime, dist, options, gift_cards)) [id => shopify-prime, phase => typescript] 
[info ] Phase1ReadTypescript.scala:152 Preprocessing TsHelperFile(InFile(/home/tso/tmp/tso-cache/npm/node_modules/shopify-prime/dist/options/index.d.ts),FromFolder(InFolder(/home/tso/tmp/tso-cache/npm/node_modules/shopify-prime),TsIdentLibrarySimple(shopify-prime)),TsIdentModule(None,List(shopify-prime, dist, options))) [id => shopify-prime, phase => typescript] 
[info ] InferredDefaultModule.scala:39 Inferred module TsIdentModule(None,List(shopify-prime, dist, options)) [id => shopify-prime, phase => typescript] 
[info ] Phase1ReadTypescript.scala:152 Preprocessing TsHelperFile(InFile(/home/tso/tmp/tso-cache/npm/node_modules/shopify-prime/dist/options/inventory_items.d.ts),FromFolder(InFolder(/home/tso/tmp/tso-cache/npm/node_modules/shopify-prime),TsIdentLibrarySimple(shopify-prime)),TsIdentModule(None,List(shopify-prime, dist, options, inventory_items))) [id => shopify-prime, phase => typescript] 
[info ] InferredDefaultModule.scala:39 Inferred module TsIdentModule(None,List(shopify-prime, dist, options, inventory_items)) [id => shopify-prime, phase => typescript] 
[info ] Phase1ReadTypescript.scala:152 Preprocessing TsHelperFile(InFile(/home/tso/tmp/tso-cache/npm/node_modules/shopify-prime/dist/options/inventory_levels.d.ts),FromFolder(InFolder(/home/tso/tmp/tso-cache/npm/node_modules/shopify-prime),TsIdentLibrarySimple(shopify-prime)),TsIdentModule(None,List(shopify-prime, dist, options, inventory_levels))) [id => shopify-prime, phase => typescript] 
[info ] InferredDefaultModule.scala:39 Inferred module TsIdentModule(None,List(shopify-prime, dist, options, inventory_levels)) [id => shopify-prime, phase => typescript] 
[info ] Phase1ReadTypescript.scala:152 Preprocessing TsHelperFile(InFile(/home/tso/tmp/tso-cache/npm/node_modules/shopify-prime/dist/options/orders.d.ts),FromFolder(InFolder(/home/tso/tmp/tso-cache/npm/node_modules/shopify-prime),TsIdentLibrarySimple(shopify-prime)),TsIdentModule(None,List(shopify-prime, dist, options, orders))) [id => shopify-prime, phase => typescript] 
[info ] InferredDefaultModule.scala:39 Inferred module TsIdentModule(None,List(shopify-prime, dist, options, orders)) [id => shopify-prime, phase => typescript] 
[info ] Phase1ReadTypescript.scala:152 Preprocessing TsHelperFile(InFile(/home/tso/tmp/tso-cache/npm/node_modules/shopify-prime/dist/options/product_collection.d.ts),FromFolder(InFolder(/home/tso/tmp/tso-cache/npm/node_modules/shopify-prime),TsIdentLibrarySimple(shopify-prime)),TsIdentModule(None,List(shopify-prime, dist, options, product_collection))) [id => shopify-prime, phase => typescript] 
[info ] InferredDefaultModule.scala:39 Inferred module TsIdentModule(None,List(shopify-prime, dist, options, product_collection)) [id => shopify-prime, phase => typescript] 
[info ] Phase1ReadTypescript.scala:152 Preprocessing TsHelperFile(InFile(/home/tso/tmp/tso-cache/npm/node_modules/shopify-prime/dist/options/products.d.ts),FromFolder(InFolder(/home/tso/tmp/tso-cache/npm/node_modules/shopify-prime),TsIdentLibrarySimple(shopify-prime)),TsIdentModule(None,List(shopify-prime, dist, options, products))) [id => shopify-prime, phase => typescript] 
[info ] InferredDefaultModule.scala:39 Inferred module TsIdentModule(None,List(shopify-prime, dist, options, products)) [id => shopify-prime, phase => typescript] 
[info ] Phase1ReadTypescript.scala:152 Preprocessing TsHelperFile(InFile(/home/tso/tmp/tso-cache/npm/node_modules/shopify-prime/dist/options/redirects.d.ts),FromFolder(InFolder(/home/tso/tmp/tso-cache/npm/node_modules/shopify-prime),TsIdentLibrarySimple(shopify-prime)),TsIdentModule(None,List(shopify-prime, dist, options, redirects))) [id => shopify-prime, phase => typescript] 
[info ] InferredDefaultModule.scala:39 Inferred module TsIdentModule(None,List(shopify-prime, dist, options, redirects)) [id => shopify-prime, phase => typescript] 
[info ] Phase1ReadTypescript.scala:152 Preprocessing TsHelperFile(InFile(/home/tso/tmp/tso-cache/npm/node_modules/shopify-prime/dist/options/script_tags.d.ts),FromFolder(InFolder(/home/tso/tmp/tso-cache/npm/node_modules/shopify-prime),TsIdentLibrarySimple(shopify-prime)),TsIdentModule(None,List(shopify-prime, dist, options, script_tags))) [id => shopify-prime, phase => typescript] 
[info ] InferredDefaultModule.scala:39 Inferred module TsIdentModule(None,List(shopify-prime, dist, options, script_tags)) [id => shopify-prime, phase => typescript] 
[info ] Phase1ReadTypescript.scala:152 Preprocessing TsHelperFile(InFile(/home/tso/tmp/tso-cache/npm/node_modules/shopify-prime/dist/options/webhooks.d.ts),FromFolder(InFolder(/home/tso/tmp/tso-cache/npm/node_modules/shopify-prime),TsIdentLibrarySimple(shopify-prime)),TsIdentModule(None,List(shopify-prime, dist, options, webhooks))) [id => shopify-prime, phase => typescript] 
[info ] InferredDefaultModule.scala:39 Inferred module TsIdentModule(None,List(shopify-prime, dist, options, webhooks)) [id => shopify-prime, phase => typescript] 
[info ] Phase1ReadTypescript.scala:152 Preprocessing TsHelperFile(InFile(/home/tso/tmp/tso-cache/npm/node_modules/shopify-prime/dist/services/application_credits.d.ts),FromFolder(InFolder(/home/tso/tmp/tso-cache/npm/node_modules/shopify-prime),TsIdentLibrarySimple(shopify-prime)),TsIdentModule(None,List(shopify-prime, dist, services, application_cr))) [id => shopify-prime, phase => typescript] 
[info ] InferredDefaultModule.scala:39 Inferred module TsIdentModule(None,List(shopify-prime, dist, services, application_cr)) [id => shopify-prime, phase => typescript] 
[info ] Phase1ReadTypescript.scala:152 Preprocessing TsHelperFile(InFile(/home/tso/tmp/tso-cache/npm/node_modules/shopify-prime/dist/services/articles.d.ts),FromFolder(InFolder(/home/tso/tmp/tso-cache/npm/node_modules/shopify-prime),TsIdentLibrarySimple(shopify-prime)),TsIdentModule(None,List(shopify-prime, dist, services, articles))) [id => shopify-prime, phase => typescript] 
[info ] InferredDefaultModule.scala:39 Inferred module TsIdentModule(None,List(shopify-prime, dist, services, articles)) [id => shopify-prime, phase => typescript] 
[info ] Phase1ReadTypescript.scala:152 Preprocessing TsHelperFile(InFile(/home/tso/tmp/tso-cache/npm/node_modules/shopify-prime/dist/services/blogs.d.ts),FromFolder(InFolder(/home/tso/tmp/tso-cache/npm/node_modules/shopify-prime),TsIdentLibrarySimple(shopify-prime)),TsIdentModule(None,List(shopify-prime, dist, services, blogs))) [id => shopify-prime, phase => typescript] 
[info ] InferredDefaultModule.scala:39 Inferred module TsIdentModule(None,List(shopify-prime, dist, services, blogs)) [id => shopify-prime, phase => typescript] 
[info ] Phase1ReadTypescript.scala:152 Preprocessing TsHelperFile(InFile(/home/tso/tmp/tso-cache/npm/node_modules/shopify-prime/dist/services/charges.d.ts),FromFolder(InFolder(/home/tso/tmp/tso-cache/npm/node_modules/shopify-prime),TsIdentLibrarySimple(shopify-prime)),TsIdentModule(None,List(shopify-prime, dist, services, charges))) [id => shopify-prime, phase => typescript] 
[info ] InferredDefaultModule.scala:39 Inferred module TsIdentModule(None,List(shopify-prime, dist, services, charges)) [id => shopify-prime, phase => typescript] 
[info ] Phase1ReadTypescript.scala:152 Preprocessing TsHelperFile(InFile(/home/tso/tmp/tso-cache/npm/node_modules/shopify-prime/dist/services/custom_collections.d.ts),FromFolder(InFolder(/home/tso/tmp/tso-cache/npm/node_modules/shopify-prime),TsIdentLibrarySimple(shopify-prime)),TsIdentModule(None,List(shopify-prime, dist, services, custom_collections))) [id => shopify-prime, phase => typescript] 
[info ] InferredDefaultModule.scala:39 Inferred module TsIdentModule(None,List(shopify-prime, dist, services, custom_collections)) [id => shopify-prime, phase => typescript] 
[info ] Phase1ReadTypescript.scala:152 Preprocessing TsHelperFile(InFile(/home/tso/tmp/tso-cache/npm/node_modules/shopify-prime/dist/services/discounts.d.ts),FromFolder(InFolder(/home/tso/tmp/tso-cache/npm/node_modules/shopify-prime),TsIdentLibrarySimple(shopify-prime)),TsIdentModule(None,List(shopify-prime, dist, services, discounts))) [id => shopify-prime, phase => typescript] 
[info ] InferredDefaultModule.scala:39 Inferred module TsIdentModule(None,List(shopify-prime, dist, services, discounts)) [id => shopify-prime, phase => typescript] 
[info ] Phase1ReadTypescript.scala:152 Preprocessing TsHelperFile(InFile(/home/tso/tmp/tso-cache/npm/node_modules/shopify-prime/dist/services/draft_orders.d.ts),FromFolder(InFolder(/home/tso/tmp/tso-cache/npm/node_modules/shopify-prime),TsIdentLibrarySimple(shopify-prime)),TsIdentModule(None,List(shopify-prime, dist, services, draft_orders))) [id => shopify-prime, phase => typescript] 
[info ] InferredDefaultModule.scala:39 Inferred module TsIdentModule(None,List(shopify-prime, dist, services, draft_orders)) [id => shopify-prime, phase => typescript] 
[info ] Phase1ReadTypescript.scala:152 Preprocessing TsHelperFile(InFile(/home/tso/tmp/tso-cache/npm/node_modules/shopify-prime/dist/services/fulfillments.d.ts),FromFolder(InFolder(/home/tso/tmp/tso-cache/npm/node_modules/shopify-prime),TsIdentLibrarySimple(shopify-prime)),TsIdentModule(None,List(shopify-prime, dist, services, fulfillments))) [id => shopify-prime, phase => typescript] 
[info ] InferredDefaultModule.scala:39 Inferred module TsIdentModule(None,List(shopify-prime, dist, services, fulfillments)) [id => shopify-prime, phase => typescript] 
[info ] Phase1ReadTypescript.scala:152 Preprocessing TsHelperFile(InFile(/home/tso/tmp/tso-cache/npm/node_modules/shopify-prime/dist/services/gift_cards.d.ts),FromFolder(InFolder(/home/tso/tmp/tso-cache/npm/node_modules/shopify-prime),TsIdentLibrarySimple(shopify-prime)),TsIdentModule(None,List(shopify-prime, dist, services, gift_cards))) [id => shopify-prime, phase => typescript] 
[info ] InferredDefaultModule.scala:39 Inferred module TsIdentModule(None,List(shopify-prime, dist, services, gift_cards)) [id => shopify-prime, phase => typescript] 
[info ] Phase1ReadTypescript.scala:152 Preprocessing TsHelperFile(InFile(/home/tso/tmp/tso-cache/npm/node_modules/shopify-prime/dist/services/index.d.ts),FromFolder(InFolder(/home/tso/tmp/tso-cache/npm/node_modules/shopify-prime),TsIdentLibrarySimple(shopify-prime)),TsIdentModule(None,List(shopify-prime, dist, services))) [id => shopify-prime, phase => typescript] 
[info ] InferredDefaultModule.scala:39 Inferred module TsIdentModule(None,List(shopify-prime, dist, services)) [id => shopify-prime, phase => typescript] 
[info ] Phase1ReadTypescript.scala:152 Preprocessing TsHelperFile(InFile(/home/tso/tmp/tso-cache/npm/node_modules/shopify-prime/dist/services/inventory_items.d.ts),FromFolder(InFolder(/home/tso/tmp/tso-cache/npm/node_modules/shopify-prime),TsIdentLibrarySimple(shopify-prime)),TsIdentModule(None,List(shopify-prime, dist, services, inventory_items))) [id => shopify-prime, phase => typescript] 
[info ] InferredDefaultModule.scala:39 Inferred module TsIdentModule(None,List(shopify-prime, dist, services, inventory_items)) [id => shopify-prime, phase => typescript] 
[info ] Phase1ReadTypescript.scala:152 Preprocessing TsHelperFile(InFile(/home/tso/tmp/tso-cache/npm/node_modules/shopify-prime/dist/services/inventory_levels.d.ts),FromFolder(InFolder(/home/tso/tmp/tso-cache/npm/node_modules/shopify-prime),TsIdentLibrarySimple(shopify-prime)),TsIdentModule(None,List(shopify-prime, dist, services, inventory_levels))) [id => shopify-prime, phase => typescript] 
[info ] InferredDefaultModule.scala:39 Inferred module TsIdentModule(None,List(shopify-prime, dist, services, inventory_levels)) [id => shopify-prime, phase => typescript] 
[info ] Phase1ReadTypescript.scala:152 Preprocessing TsHelperFile(InFile(/home/tso/tmp/tso-cache/npm/node_modules/shopify-prime/dist/services/locations.d.ts),FromFolder(InFolder(/home/tso/tmp/tso-cache/npm/node_modules/shopify-prime),TsIdentLibrarySimple(shopify-prime)),TsIdentModule(None,List(shopify-prime, dist, services, locations))) [id => shopify-prime, phase => typescript] 
[info ] InferredDefaultModule.scala:39 Inferred module TsIdentModule(None,List(shopify-prime, dist, services, locations)) [id => shopify-prime, phase => typescript] 
[info ] Phase1ReadTypescript.scala:152 Preprocessing TsHelperFile(InFile(/home/tso/tmp/tso-cache/npm/node_modules/shopify-prime/dist/services/orders.d.ts),FromFolder(InFolder(/home/tso/tmp/tso-cache/npm/node_modules/shopify-prime),TsIdentLibrarySimple(shopify-prime)),TsIdentModule(None,List(shopify-prime, dist, services, orders))) [id => shopify-prime, phase => typescript] 
[info ] InferredDefaultModule.scala:39 Inferred module TsIdentModule(None,List(shopify-prime, dist, services, orders)) [id => shopify-prime, phase => typescript] 
[info ] Phase1ReadTypescript.scala:152 Preprocessing TsHelperFile(InFile(/home/tso/tmp/tso-cache/npm/node_modules/shopify-prime/dist/services/price_rule_discounts.d.ts),FromFolder(InFolder(/home/tso/tmp/tso-cache/npm/node_modules/shopify-prime),TsIdentLibrarySimple(shopify-prime)),TsIdentModule(None,List(shopify-prime, dist, services, price_rule_discounts))) [id => shopify-prime, phase => typescript] 
[info ] InferredDefaultModule.scala:39 Inferred module TsIdentModule(None,List(shopify-prime, dist, services, price_rule_discounts)) [id => shopify-prime, phase => typescript] 
[info ] Phase1ReadTypescript.scala:152 Preprocessing TsHelperFile(InFile(/home/tso/tmp/tso-cache/npm/node_modules/shopify-prime/dist/services/price_rules.d.ts),FromFolder(InFolder(/home/tso/tmp/tso-cache/npm/node_modules/shopify-prime),TsIdentLibrarySimple(shopify-prime)),TsIdentModule(None,List(shopify-prime, dist, services, price_rules))) [id => shopify-prime, phase => typescript] 
[info ] InferredDefaultModule.scala:39 Inferred module TsIdentModule(None,List(shopify-prime, dist, services, price_rules)) [id => shopify-prime, phase => typescript] 
[info ] Phase1ReadTypescript.scala:152 Preprocessing TsHelperFile(InFile(/home/tso/tmp/tso-cache/npm/node_modules/shopify-prime/dist/services/product_variants.d.ts),FromFolder(InFolder(/home/tso/tmp/tso-cache/npm/node_modules/shopify-prime),TsIdentLibrarySimple(shopify-prime)),TsIdentModule(None,List(shopify-prime, dist, services, product_variants))) [id => shopify-prime, phase => typescript] 
[info ] InferredDefaultModule.scala:39 Inferred module TsIdentModule(None,List(shopify-prime, dist, services, product_variants)) [id => shopify-prime, phase => typescript] 
[info ] Phase1ReadTypescript.scala:152 Preprocessing TsHelperFile(InFile(/home/tso/tmp/tso-cache/npm/node_modules/shopify-prime/dist/services/products.d.ts),FromFolder(InFolder(/home/tso/tmp/tso-cache/npm/node_modules/shopify-prime),TsIdentLibrarySimple(shopify-prime)),TsIdentModule(None,List(shopify-prime, dist, services, products))) [id => shopify-prime, phase => typescript] 
[info ] InferredDefaultModule.scala:39 Inferred module TsIdentModule(None,List(shopify-prime, dist, services, products)) [id => shopify-prime, phase => typescript] 
[info ] Phase1ReadTypescript.scala:152 Preprocessing TsHelperFile(InFile(/home/tso/tmp/tso-cache/npm/node_modules/shopify-prime/dist/services/recurring_charges.d.ts),FromFolder(InFolder(/home/tso/tmp/tso-cache/npm/node_modules/shopify-prime),TsIdentLibrarySimple(shopify-prime)),TsIdentModule(None,List(shopify-prime, dist, services, recurring_charges))) [id => shopify-prime, phase => typescript] 
[info ] InferredDefaultModule.scala:39 Inferred module TsIdentModule(None,List(shopify-prime, dist, services, recurring_charges)) [id => shopify-prime, phase => typescript] 
[info ] Phase1ReadTypescript.scala:152 Preprocessing TsHelperFile(InFile(/home/tso/tmp/tso-cache/npm/node_modules/shopify-prime/dist/services/redirects.d.ts),FromFolder(InFolder(/home/tso/tmp/tso-cache/npm/node_modules/shopify-prime),TsIdentLibrarySimple(shopify-prime)),TsIdentModule(None,List(shopify-prime, dist, services, redirects))) [id => shopify-prime, phase => typescript] 
[info ] InferredDefaultModule.scala:39 Inferred module TsIdentModule(None,List(shopify-prime, dist, services, redirects)) [id => shopify-prime, phase => typescript] 
[info ] Phase1ReadTypescript.scala:152 Preprocessing TsHelperFile(InFile(/home/tso/tmp/tso-cache/npm/node_modules/shopify-prime/dist/services/script_tags.d.ts),FromFolder(InFolder(/home/tso/tmp/tso-cache/npm/node_modules/shopify-prime),TsIdentLibrarySimple(shopify-prime)),TsIdentModule(None,List(shopify-prime, dist, services, script_tags))) [id => shopify-prime, phase => typescript] 
[info ] InferredDefaultModule.scala:39 Inferred module TsIdentModule(None,List(shopify-prime, dist, services, script_tags)) [id => shopify-prime, phase => typescript] 
[info ] Phase1ReadTypescript.scala:152 Preprocessing TsHelperFile(InFile(/home/tso/tmp/tso-cache/npm/node_modules/shopify-prime/dist/services/shops.d.ts),FromFolder(InFolder(/home/tso/tmp/tso-cache/npm/node_modules/shopify-prime),TsIdentLibrarySimple(shopify-prime)),TsIdentModule(None,List(shopify-prime, dist, services, shops))) [id => shopify-prime, phase => typescript] 
[info ] InferredDefaultModule.scala:39 Inferred module TsIdentModule(None,List(shopify-prime, dist, services, shops)) [id => shopify-prime, phase => typescript] 
[info ] Phase1ReadTypescript.scala:152 Preprocessing TsHelperFile(InFile(/home/tso/tmp/tso-cache/npm/node_modules/shopify-prime/dist/services/smart_collections.d.ts),FromFolder(InFolder(/home/tso/tmp/tso-cache/npm/node_modules/shopify-prime),TsIdentLibrarySimple(shopify-prime)),TsIdentModule(None,List(shopify-prime, dist, services, smart_collections))) [id => shopify-prime, phase => typescript] 
[info ] InferredDefaultModule.scala:39 Inferred module TsIdentModule(None,List(shopify-prime, dist, services, smart_collections)) [id => shopify-prime, phase => typescript] 
[info ] Phase1ReadTypescript.scala:152 Preprocessing TsHelperFile(InFile(/home/tso/tmp/tso-cache/npm/node_modules/shopify-prime/dist/services/themes.d.ts),FromFolder(InFolder(/home/tso/tmp/tso-cache/npm/node_modules/shopify-prime),TsIdentLibrarySimple(shopify-prime)),TsIdentModule(None,List(shopify-prime, dist, services, themes))) [id => shopify-prime, phase => typescript] 
[info ] InferredDefaultModule.scala:39 Inferred module TsIdentModule(None,List(shopify-prime, dist, services, themes)) [id => shopify-prime, phase => typescript] 
[info ] Phase1ReadTypescript.scala:152 Preprocessing TsHelperFile(InFile(/home/tso/tmp/tso-cache/npm/node_modules/shopify-prime/dist/services/usage_charges.d.ts),FromFolder(InFolder(/home/tso/tmp/tso-cache/npm/node_modules/shopify-prime),TsIdentLibrarySimple(shopify-prime)),TsIdentModule(None,List(shopify-prime, dist, services, usage_charges))) [id => shopify-prime, phase => typescript] 
[info ] InferredDefaultModule.scala:39 Inferred module TsIdentModule(None,List(shopify-prime, dist, services, usage_charges)) [id => shopify-prime, phase => typescript] 
[info ] Phase1ReadTypescript.scala:152 Preprocessing TsHelperFile(InFile(/home/tso/tmp/tso-cache/npm/node_modules/shopify-prime/dist/services/webhooks.d.ts),FromFolder(InFolder(/home/tso/tmp/tso-cache/npm/node_modules/shopify-prime),TsIdentLibrarySimple(shopify-prime)),TsIdentModule(None,List(shopify-prime, dist, services, webhooks))) [id => shopify-prime, phase => typescript] 
[info ] InferredDefaultModule.scala:39 Inferred module TsIdentModule(None,List(shopify-prime, dist, services, webhooks)) [id => shopify-prime, phase => typescript] 
[warn ] Phase1ReadTypescript.scala:190 Processing TsIdentLibrarySimple(shopify-prime) [id => shopify-prime, phase => typescript] 
[info ] InferReturnTypes.scala:32 Could not infer return type [id => shopify-prime, phase => typescript, scope => TreeScope(TsParsedFile() / TsDeclModule(shopify-prime/dist/services/fulfillments) / TsDeclClass(Fulfillments) / TsMemberFunction(getPath))] 
[info ] InferReturnTypes.scala:32 Could not infer return type [id => shopify-prime, phase => typescript, scope => TreeScope(TsParsedFile() / TsDeclModule(shopify-prime/dist/services/price_rule_discounts) / TsDeclClass(PriceRuleDiscounts) / TsMemberFunction(getPath))] 
[info ] ExtractInterfaces.scala:30 Extracted anonymous interface TsIdentSimple(Anon_UserAgent) [id => shopify-prime, phase => typescript, scope => TreeScope(TsParsedFile() / TsDeclModule(shopify-prime/dist/infrastructure) / TsDeclClass(BaseService) / TsMemberFunction(buildDefaultHeaders) / TsFunSig() / TsTypeObject())] 
[info ] ExtractInterfaces.scala:30 Extracted anonymous interface TsIdentSimple(Anon_StatusText) [id => shopify-prime, phase => typescript, scope => TreeScope(TsParsedFile() / TsDeclModule(shopify-prime/dist/infrastructure) / TsDeclClass(ShopifyError) / TsMemberFunction(constructor) / TsFunSig() / TsFunParam() / TsTypeObject())] 
[info ] ExtractInterfaces.scala:30 Extracted anonymous interface TsIdentSimple(Anon_StatusText) [id => shopify-prime, phase => typescript, scope => TreeScope(TsParsedFile() / TsDeclModule(shopify-prime/dist/infrastructure) / TsDeclClass(ShopifyError) / TsMemberFunction(constructor) / TsFunSig() / TsFunParam() / TsTypeObject())] 
[info ] ExtractInterfaces.scala:30 Extracted anonymous interface TsIdentSimple(Anon_StatusText) [id => shopify-prime, phase => typescript, scope => TreeScope(TsParsedFile() / TsDeclModule(shopify-prime/dist/infrastructure) / TsDeclClass(ShopifyError) / TsMemberFunction(constructor) / TsFunSig() / TsFunParam() / TsTypeObject())] 
[info ] ExtractInterfaces.scala:30 Extracted anonymous interface TsIdentSimple(Anon_StatusText) [id => shopify-prime, phase => typescript, scope => TreeScope(TsParsedFile() / TsDeclModule(shopify-prime/dist/infrastructure/shopify_error) / TsDeclClass(ShopifyError) / TsMemberFunction(constructor) / TsFunSig() / TsFunParam() / TsTypeObject())] 
[info ] ExtractInterfaces.scala:30 Extracted anonymous interface TsIdentSimple(Anon_StatusText) [id => shopify-prime, phase => typescript, scope => TreeScope(TsParsedFile() / TsDeclModule(shopify-prime/dist/infrastructure/shopify_error) / TsDeclClass(ShopifyError) / TsMemberFunction(constructor) / TsFunSig() / TsFunParam() / TsTypeObject())] 
[info ] ExtractInterfaces.scala:30 Extracted anonymous interface TsIdentSimple(Anon_StatusText) [id => shopify-prime, phase => typescript, scope => TreeScope(TsParsedFile() / TsDeclModule(shopify-prime/dist/infrastructure/shopify_error) / TsDeclClass(ShopifyError) / TsMemberFunction(constructor) / TsFunSig() / TsFunParam() / TsTypeObject())] 
[info ] ExtractInterfaces.scala:30 Extracted anonymous interface TsIdentSimple(Anon_StatusText) [id => shopify-prime, phase => typescript, scope => TreeScope(TsParsedFile() / TsDeclModule(shopify-prime/dist/infrastructure/shopify_error) / TsDeclClass(default) / TsMemberFunction(constructor) / TsFunSig() / TsFunParam() / TsTypeObject())] 
[info ] ExtractInterfaces.scala:30 Extracted anonymous interface TsIdentSimple(Anon_StatusText) [id => shopify-prime, phase => typescript, scope => TreeScope(TsParsedFile() / TsDeclModule(shopify-prime/dist/infrastructure/shopify_error) / TsDeclClass(default) / TsMemberFunction(constructor) / TsFunSig() / TsFunParam() / TsTypeObject())] 
[info ] ExtractInterfaces.scala:30 Extracted anonymous interface TsIdentSimple(Anon_StatusText) [id => shopify-prime, phase => typescript, scope => TreeScope(TsParsedFile() / TsDeclModule(shopify-prime/dist/infrastructure/shopify_error) / TsDeclClass(default) / TsMemberFunction(constructor) / TsFunSig() / TsFunParam() / TsTypeObject())] 
[info ] ExtractInterfaces.scala:30 Extracted anonymous interface TsIdentSimple(Anon_Productid) [id => shopify-prime, phase => typescript, scope => TreeScope(TsParsedFile() / TsDeclModule(shopify-prime/dist/services/custom_collections) / TsDeclClass(CustomCollections) / TsMemberFunction(count) / TsFunSig() / TsFunParam() / TsTypeIntersect() / TsTypeObject())] 
[info ] ExtractInterfaces.scala:30 Extracted anonymous interface TsIdentSimple(Anon_Src) [id => shopify-prime, phase => typescript, scope => TreeScope(TsParsedFile() / TsDeclModule(shopify-prime/dist/models/product_collection) / TsDeclInterface(ProductCollection) / TsMemberProperty(image) / TsTypeObject())] 
[info ] ExtractInterfaces.scala:30 Extracted anonymous interface TsIdentSimple(Anon_ProductidPosition) [id => shopify-prime, phase => typescript, scope => TreeScope(TsParsedFile() / TsDeclModule(shopify-prime/dist/models/product_collection) / TsDeclInterface(CustomCollection) / TsMemberProperty(collects) / TsTypeRef() / TsTypeObject())] 
[info ] ExtractInterfaces.scala:30 Extracted anonymous interface TsIdentSimple(Anon_Column) [id => shopify-prime, phase => typescript, scope => TreeScope(TsParsedFile() / TsDeclModule(shopify-prime/dist/models/product_collection) / TsDeclInterface(SmartCollection) / TsMemberProperty(rules) / TsTypeRef() / TsTypeObject())] 
[info ] ExtractInterfaces.scala:30 Extracted anonymous interface TsIdentSimple(Anon_Greaterthanorequalto) [id => shopify-prime, phase => typescript, scope => TreeScope(TsParsedFile() / TsDeclModule(shopify-prime/dist/models/price_rule) / TsDeclInterface(PriceRule) / TsMemberProperty(prerequisite_subtotal_range) / TsTypeObject())] 
[info ] ExtractInterfaces.scala:30 Extracted anonymous interface TsIdentSimple(Anon_Lessthanorequalto) [id => shopify-prime, phase => typescript, scope => TreeScope(TsParsedFile() / TsDeclModule(shopify-prime/dist/models/price_rule) / TsDeclInterface(PriceRule) / TsMemberProperty(prerequisite_shipping_price_range) / TsTypeObject())] 
[info ] ExtractInterfaces.scala:30 Extracted anonymous interface TsIdentSimple(Anon_Relocateifnecessary) [id => shopify-prime, phase => typescript, scope => TreeScope(TsParsedFile() / TsDeclModule(shopify-prime/dist/services/inventory_levels) / TsDeclClass(InventoryLevels) / TsMemberFunction(connect) / TsFunSig() / TsFunParam() / TsTypeObject())] 
[info ] ExtractInterfaces.scala:30 Extracted anonymous interface TsIdentSimple(Anon_Disconnectifnecessary) [id => shopify-prime, phase => typescript, scope => TreeScope(TsParsedFile() / TsDeclModule(shopify-prime/dist/services/inventory_levels) / TsDeclClass(InventoryLevels) / TsMemberFunction(set) / TsFunSig() / TsFunParam() / TsTypeObject())] 
[info ] ExtractInterfaces.scala:30 Extracted anonymous interface TsIdentSimple(Anon_UserAgent) [id => shopify-prime, phase => typescript, scope => TreeScope(TsParsedFile() / TsDeclModule(shopify-prime/dist/infrastructure/base_service) / TsDeclClass(default) / TsMemberFunction(buildDefaultHeaders) / TsFunSig() / TsTypeObject())] 
[info ] ExtractInterfaces.scala:30 Extracted anonymous interface TsIdentSimple(Anon_UserAgent) [id => shopify-prime, phase => typescript, scope => TreeScope(TsParsedFile() / TsDeclModule(shopify-prime/dist/infrastructure/base_service) / TsDeclClass(BaseService) / TsMemberFunction(buildDefaultHeaders) / TsFunSig() / TsTypeObject())] 
[info ] ExtractInterfaces.scala:30 Extracted anonymous interface TsIdentSimple(Anon_Productid) [id => shopify-prime, phase => typescript, scope => TreeScope(TsParsedFile() / TsDeclModule(shopify-prime/dist/services/smart_collections) / TsDeclClass(SmartCollections) / TsMemberFunction(count) / TsFunSig() / TsFunParam() / TsTypeIntersect() / TsTypeObject())] 
[info ] ExtractInterfaces.scala:30 Extracted anonymous interface TsIdentSimple(Anon_UserAgent) [id => shopify-prime, phase => typescript, scope => TreeScope(TsParsedFile() / TsDeclModule(shopify-prime) / TsDeclNamespace(Infrastructure) / TsDeclClass(BaseService) / TsMemberFunction(buildDefaultHeaders) / TsFunSig() / TsTypeObject())] 
[info ] ExtractInterfaces.scala:30 Extracted anonymous interface TsIdentSimple(Anon_StatusText) [id => shopify-prime, phase => typescript, scope => TreeScope(TsParsedFile() / TsDeclModule(shopify-prime) / TsDeclNamespace(Infrastructure) / TsDeclClass(ShopifyError) / TsMemberFunction(constructor) / TsFunSig() / TsFunParam() / TsTypeObject())] 
[info ] ExtractInterfaces.scala:30 Extracted anonymous interface TsIdentSimple(Anon_StatusText) [id => shopify-prime, phase => typescript, scope => TreeScope(TsParsedFile() / TsDeclModule(shopify-prime) / TsDeclNamespace(Infrastructure) / TsDeclClass(ShopifyError) / TsMemberFunction(constructor) / TsFunSig() / TsFunParam() / TsTypeObject())] 
[info ] ExtractInterfaces.scala:30 Extracted anonymous interface TsIdentSimple(Anon_StatusText) [id => shopify-prime, phase => typescript, scope => TreeScope(TsParsedFile() / TsDeclModule(shopify-prime) / TsDeclNamespace(Infrastructure) / TsDeclClass(ShopifyError) / TsMemberFunction(constructor) / TsFunSig() / TsFunParam() / TsTypeObject())] 
[info ] ExtractInterfaces.scala:30 Extracted anonymous interface TsIdentSimple(Anon_Value) [id => shopify-prime, phase => typescript, scope => TreeScope(TsParsedFile() / TsDeclModule(shopify-prime/dist/models/order) / TsDeclInterface(Order) / TsMemberProperty(note_attributes) / TsTypeObject())] 
[debug] PhaseRunner.scala:78 Success [id => shopify-prime, phase => typescript] 
[warn ] Phase2ToScalaJs.scala:34 Processing TsIdentLibrarySimple(shopify-prime) [id => shopify-prime, phase => scala.js] 
[info ] RemoveDuplicateInheritance.scala:55 Dropped parents QualifiedName(List(Name(shopifyDashPrimeLib), Name(distOptionsBaseMod), Name(DateOptions))) at Name(shopifyDashPrimeLib) / Name(distOptionsOrdersMod) / Name(OrderListOptions) because allParentRefs = Set(TypeRef(QualifiedName(List(Name(shopifyDashPrimeLib), Name(distOptionsBaseMod), Name(BasicListOptions))),List(),NoComments), TypeRef(QualifiedName(List(Name(shopifyDashPrimeLib), Name(distOptionsBaseMod), Name(DateOptions))),List(),NoComments)) [id => shopify-prime, phase => scala.js, this => Name(shopifyDashPrimeLib) / Name(distOptionsOrdersMod) / Name(OrderListOptions)] 
[debug] PhaseRunner.scala:78 Success [id => shopify-prime, phase => scala.js] 
[warn ] PhaseRunner.scala:64 Failed because of, [node => Compilation failed] [id => shopify-prime, phase => build] 
[debug] PhaseRunner.scala:82 Failure, [node => Compilation failed] [id => shopify-prime, phase => build] 
