[debug] PhaseRunner.scala:78 Success [id => sipml, phase => typescript] 
[info ] Phase1ReadTypescript.scala:152 Preprocessing TsHelperFile(InFile(/home/tso/tmp/tso-cache/DefinitelyTyped/types/sipml/index.d.ts),FromFolder(InFolder(/home/tso/tmp/tso-cache/DefinitelyTyped/types/sipml),TsIdentLibrarySimple(sipml)),TsIdentModule(None,List(sipml))) [id => sipml, phase => typescript] 
[warn ] Phase1ReadTypescript.scala:190 Processing TsIdentLibrarySimple(sipml) [id => sipml, phase => typescript] 
[info ] ExtractInterfaces.scala:30 Extracted anonymous interface TsIdentSimple(Anon_Audio) [id => sipml, phase => typescript, scope => TreeScope(TsParsedFile() / TsDeclNamespace(SIPml) / TsDeclNamespace(Stack) / TsDeclInterface(Configuration) / TsMemberProperty(bandwidth) / TsTypeObject())] 
[info ] ExtractInterfaces.scala:30 Extracted anonymous interface TsIdentSimple(Anon_Events) [id => sipml, phase => typescript, scope => TreeScope(TsParsedFile() / TsDeclNamespace(SIPml) / TsDeclNamespace(Stack) / TsDeclInterface(Configuration) / TsMemberProperty(events_listener) / TsTypeObject())] 
[info ] ExtractInterfaces.scala:30 Extracted anonymous interface TsIdentSimple(Anon_MinWidth) [id => sipml, phase => typescript, scope => TreeScope(TsParsedFile() / TsDeclNamespace(SIPml) / TsDeclNamespace(Stack) / TsDeclInterface(Configuration) / TsMemberProperty(video_size) / TsTypeObject())] 
[info ] ExtractInterfaces.scala:30 Extracted anonymous interface TsIdentSimple(Anon_Audio) [id => sipml, phase => typescript, scope => TreeScope(TsParsedFile() / TsDeclNamespace(SIPml) / TsDeclNamespace(Session) / TsDeclInterface(Configuration) / TsMemberProperty(bandwidth) / TsTypeObject())] 
[info ] ExtractInterfaces.scala:30 Extracted anonymous interface TsIdentSimple(Anon_EventsListener) [id => sipml, phase => typescript, scope => TreeScope(TsParsedFile() / TsDeclNamespace(SIPml) / TsDeclNamespace(Session) / TsDeclInterface(Configuration) / TsMemberProperty(events_listener) / TsTypeObject())] 
[info ] ExtractInterfaces.scala:30 Extracted anonymous interface TsIdentSimple(Anon_MinWidth) [id => sipml, phase => typescript, scope => TreeScope(TsParsedFile() / TsDeclNamespace(SIPml) / TsDeclNamespace(Session) / TsDeclInterface(Configuration) / TsMemberProperty(video_size) / TsTypeObject())] 
[debug] PhaseRunner.scala:78 Success [id => sipml, phase => typescript] 
[warn ] Phase2ToScalaJs.scala:34 Processing TsIdentLibrarySimple(sipml) [id => sipml, phase => scala.js] 
[info ] RemoveDuplicateInheritance.scala:55 Dropped parents QualifiedName(List(Name(sipmlLib), Name(SIPmlNs), Name(EventTarget))) at Name(sipmlLib) / Name(SIPmlNs) / Name(SessionNs) / Name(Subscribe) because allParentRefs = Set(TypeRef(QualifiedName(List(Name(sipmlLib), Name(SIPmlNs), Name(EventTarget))),List(),NoComments)) [id => sipml, phase => scala.js, this => Name(sipmlLib) / Name(SIPmlNs) / Name(SessionNs) / Name(Subscribe)] 
[info ] RemoveDuplicateInheritance.scala:55 Dropped parents QualifiedName(List(Name(sipmlLib), Name(SIPmlNs), Name(EventTarget))) at Name(sipmlLib) / Name(SIPmlNs) / Name(SessionNs) / Name(Call) because allParentRefs = Set(TypeRef(QualifiedName(List(Name(sipmlLib), Name(SIPmlNs), Name(EventTarget))),List(),NoComments)) [id => sipml, phase => scala.js, this => Name(sipmlLib) / Name(SIPmlNs) / Name(SessionNs) / Name(Call)] 
[debug] PhaseRunner.scala:78 Success [id => sipml, phase => scala.js] 
[warn ] Phase3CompileBloop.scala:192 Using cached build of sipml [id => sipml, phase => build] 
[debug] PhaseRunner.scala:78 Success [id => sipml, phase => build] 
[error] PhaseRes.scala:75 Caught exception [id => sipml, phase => publish] java.lang.RuntimeException: was not able to find or create a package for oyvindberg in ScalablyTyped named sipml
	at scala.sys.package$.error(package.scala:26)
	at com.olvind.tso.importer.build.BinTrayPublisher.$anonfun$ensurePackage$2(BinTrayPublisher.scala:49)
	at com.olvind.tso.importer.build.BinTrayPublisher.$anonfun$ensurePackage$2$adapted(BinTrayPublisher.scala:46)
	at scala.util.Success.$anonfun$map$1(Try.scala:251)
	at scala.util.Success.map(Try.scala:209)
	at scala.concurrent.Future.$anonfun$map$1(Future.scala:288)
	at scala.concurrent.impl.Promise.liftedTree1$1(Promise.scala:29)
	at scala.concurrent.impl.Promise.$anonfun$transform$1(Promise.scala:29)
	at scala.concurrent.impl.CallbackRunnable.run(Promise.scala:60)
	at java.util.concurrent.ForkJoinTask$RunnableExecuteAction.exec(ForkJoinTask.java:1402)
	at java.util.concurrent.ForkJoinTask.doExec(ForkJoinTask.java:289)
	at java.util.concurrent.ForkJoinPool$WorkQueue.runTask(ForkJoinPool.java:1056)
	at java.util.concurrent.ForkJoinPool.runWorker(ForkJoinPool.java:1692)
	at java.util.concurrent.ForkJoinWorkerThread.run(ForkJoinWorkerThread.java:157)

[debug] PhaseRunner.scala:82 Failure, [sipml => java.lang.RuntimeException: was not able to find or create a package for oyvindberg in ScalablyTyped named sipml] [id => sipml, phase => publish] 
