[debug] PhaseRunner.scala:78 Success [id => smooth-scrollbar, phase => typescript] 
[debug] PhaseRunner.scala:78 Success [id => smooth-scrollbar, phase => typescript] 
[debug] PhaseRunner.scala:78 Success [id => smooth-scrollbar, phase => typescript] 
[debug] PhaseRunner.scala:78 Success [id => smooth-scrollbar, phase => typescript] 
[debug] PhaseRunner.scala:78 Success [id => smooth-scrollbar, phase => typescript] 
[debug] PhaseRunner.scala:78 Success [id => smooth-scrollbar, phase => typescript] 
[debug] PhaseRunner.scala:78 Success [id => smooth-scrollbar, phase => typescript] 
[debug] PhaseRunner.scala:78 Success [id => smooth-scrollbar, phase => typescript] 
[debug] PhaseRunner.scala:78 Success [id => smooth-scrollbar, phase => typescript] 
[debug] PhaseRunner.scala:78 Success [id => smooth-scrollbar, phase => typescript] 
[debug] PhaseRunner.scala:78 Success [id => smooth-scrollbar, phase => typescript] 
[debug] PhaseRunner.scala:78 Success [id => smooth-scrollbar, phase => typescript] 
[debug] PhaseRunner.scala:78 Success [id => smooth-scrollbar, phase => typescript] 
[debug] PhaseRunner.scala:78 Success [id => smooth-scrollbar, phase => typescript] 
[info ] Phase1ReadTypescript.scala:152 Preprocessing TsHelperFile(InFile(/home/tso/tmp/tso-cache/npm/node_modules/smooth-scrollbar/index.d.ts),FromFolder(InFolder(/home/tso/tmp/tso-cache/npm/node_modules/smooth-scrollbar),TsIdentLibrarySimple(smooth-scrollbar)),TsIdentModule(None,List(smooth-scrollbar))) [id => smooth-scrollbar, phase => typescript] 
[info ] InferredDefaultModule.scala:39 Inferred module TsIdentModule(None,List(smooth-scrollbar)) [id => smooth-scrollbar, phase => typescript] 
[info ] Phase1ReadTypescript.scala:152 Preprocessing TsHelperFile(InFile(/home/tso/tmp/tso-cache/npm/node_modules/smooth-scrollbar/options.d.ts),FromFolder(InFolder(/home/tso/tmp/tso-cache/npm/node_modules/smooth-scrollbar),TsIdentLibrarySimple(smooth-scrollbar)),TsIdentModule(None,List(smooth-scrollbar, options))) [id => smooth-scrollbar, phase => typescript] 
[info ] InferredDefaultModule.scala:39 Inferred module TsIdentModule(None,List(smooth-scrollbar, options)) [id => smooth-scrollbar, phase => typescript] 
[info ] Phase1ReadTypescript.scala:152 Preprocessing TsHelperFile(InFile(/home/tso/tmp/tso-cache/npm/node_modules/smooth-scrollbar/plugin.d.ts),FromFolder(InFolder(/home/tso/tmp/tso-cache/npm/node_modules/smooth-scrollbar),TsIdentLibrarySimple(smooth-scrollbar)),TsIdentModule(None,List(smooth-scrollbar, plugin))) [id => smooth-scrollbar, phase => typescript] 
[info ] InferredDefaultModule.scala:39 Inferred module TsIdentModule(None,List(smooth-scrollbar, plugin)) [id => smooth-scrollbar, phase => typescript] 
[info ] Phase1ReadTypescript.scala:152 Preprocessing TsHelperFile(InFile(/home/tso/tmp/tso-cache/npm/node_modules/smooth-scrollbar/polyfills.d.ts),FromFolder(InFolder(/home/tso/tmp/tso-cache/npm/node_modules/smooth-scrollbar),TsIdentLibrarySimple(smooth-scrollbar)),TsIdentModule(None,List(smooth-scrollbar, polyfills))) [id => smooth-scrollbar, phase => typescript] 
[info ] Phase1ReadTypescript.scala:152 Preprocessing TsHelperFile(InFile(/home/tso/tmp/tso-cache/npm/node_modules/smooth-scrollbar/scrollbar.d.ts),FromFolder(InFolder(/home/tso/tmp/tso-cache/npm/node_modules/smooth-scrollbar),TsIdentLibrarySimple(smooth-scrollbar)),TsIdentModule(None,List(smooth-scrollbar, scrollbar))) [id => smooth-scrollbar, phase => typescript] 
[info ] InferredDefaultModule.scala:39 Inferred module TsIdentModule(None,List(smooth-scrollbar, scrollbar)) [id => smooth-scrollbar, phase => typescript] 
[info ] Phase1ReadTypescript.scala:152 Preprocessing TsHelperFile(InFile(/home/tso/tmp/tso-cache/npm/node_modules/smooth-scrollbar/interfaces/data-2d.d.ts),FromFolder(InFolder(/home/tso/tmp/tso-cache/npm/node_modules/smooth-scrollbar),TsIdentLibrarySimple(smooth-scrollbar)),TsIdentModule(None,List(smooth-scrollbar, interfaces, data-2d))) [id => smooth-scrollbar, phase => typescript] 
[info ] InferredDefaultModule.scala:39 Inferred module TsIdentModule(None,List(smooth-scrollbar, interfaces, data-2d)) [id => smooth-scrollbar, phase => typescript] 
[info ] Phase1ReadTypescript.scala:152 Preprocessing TsHelperFile(InFile(/home/tso/tmp/tso-cache/npm/node_modules/smooth-scrollbar/interfaces/index.d.ts),FromFolder(InFolder(/home/tso/tmp/tso-cache/npm/node_modules/smooth-scrollbar),TsIdentLibrarySimple(smooth-scrollbar)),TsIdentModule(None,List(smooth-scrollbar, interfaces))) [id => smooth-scrollbar, phase => typescript] 
[info ] InferredDefaultModule.scala:39 Inferred module TsIdentModule(None,List(smooth-scrollbar, interfaces)) [id => smooth-scrollbar, phase => typescript] 
[info ] Phase1ReadTypescript.scala:152 Preprocessing TsHelperFile(InFile(/home/tso/tmp/tso-cache/npm/node_modules/smooth-scrollbar/interfaces/plugin.d.ts),FromFolder(InFolder(/home/tso/tmp/tso-cache/npm/node_modules/smooth-scrollbar),TsIdentLibrarySimple(smooth-scrollbar)),TsIdentModule(None,List(smooth-scrollbar, interfaces, plugin))) [id => smooth-scrollbar, phase => typescript] 
[info ] InferredDefaultModule.scala:39 Inferred module TsIdentModule(None,List(smooth-scrollbar, interfaces, plugin)) [id => smooth-scrollbar, phase => typescript] 
[info ] Phase1ReadTypescript.scala:152 Preprocessing TsHelperFile(InFile(/home/tso/tmp/tso-cache/npm/node_modules/smooth-scrollbar/interfaces/scrollbar.d.ts),FromFolder(InFolder(/home/tso/tmp/tso-cache/npm/node_modules/smooth-scrollbar),TsIdentLibrarySimple(smooth-scrollbar)),TsIdentModule(None,List(smooth-scrollbar, interfaces, scrollbar))) [id => smooth-scrollbar, phase => typescript] 
[info ] InferredDefaultModule.scala:39 Inferred module TsIdentModule(None,List(smooth-scrollbar, interfaces, scrollbar)) [id => smooth-scrollbar, phase => typescript] 
[info ] Phase1ReadTypescript.scala:152 Preprocessing TsHelperFile(InFile(/home/tso/tmp/tso-cache/npm/node_modules/smooth-scrollbar/interfaces/track.d.ts),FromFolder(InFolder(/home/tso/tmp/tso-cache/npm/node_modules/smooth-scrollbar),TsIdentLibrarySimple(smooth-scrollbar)),TsIdentModule(None,List(smooth-scrollbar, interfaces, track))) [id => smooth-scrollbar, phase => typescript] 
[info ] InferredDefaultModule.scala:39 Inferred module TsIdentModule(None,List(smooth-scrollbar, interfaces, track)) [id => smooth-scrollbar, phase => typescript] 
[info ] Phase1ReadTypescript.scala:152 Preprocessing TsHelperFile(InFile(/home/tso/tmp/tso-cache/npm/node_modules/smooth-scrollbar/track/direction.d.ts),FromFolder(InFolder(/home/tso/tmp/tso-cache/npm/node_modules/smooth-scrollbar),TsIdentLibrarySimple(smooth-scrollbar)),TsIdentModule(None,List(smooth-scrollbar, track, direction))) [id => smooth-scrollbar, phase => typescript] 
[info ] InferredDefaultModule.scala:39 Inferred module TsIdentModule(None,List(smooth-scrollbar, track, direction)) [id => smooth-scrollbar, phase => typescript] 
[info ] Phase1ReadTypescript.scala:152 Preprocessing TsHelperFile(InFile(/home/tso/tmp/tso-cache/npm/node_modules/smooth-scrollbar/track/index.d.ts),FromFolder(InFolder(/home/tso/tmp/tso-cache/npm/node_modules/smooth-scrollbar),TsIdentLibrarySimple(smooth-scrollbar)),TsIdentModule(None,List(smooth-scrollbar, track))) [id => smooth-scrollbar, phase => typescript] 
[info ] InferredDefaultModule.scala:39 Inferred module TsIdentModule(None,List(smooth-scrollbar, track)) [id => smooth-scrollbar, phase => typescript] 
[info ] Phase1ReadTypescript.scala:152 Preprocessing TsHelperFile(InFile(/home/tso/tmp/tso-cache/npm/node_modules/smooth-scrollbar/track/thumb.d.ts),FromFolder(InFolder(/home/tso/tmp/tso-cache/npm/node_modules/smooth-scrollbar),TsIdentLibrarySimple(smooth-scrollbar)),TsIdentModule(None,List(smooth-scrollbar, track, thumb))) [id => smooth-scrollbar, phase => typescript] 
[info ] InferredDefaultModule.scala:39 Inferred module TsIdentModule(None,List(smooth-scrollbar, track, thumb)) [id => smooth-scrollbar, phase => typescript] 
[info ] Phase1ReadTypescript.scala:152 Preprocessing TsHelperFile(InFile(/home/tso/tmp/tso-cache/npm/node_modules/smooth-scrollbar/track/track.d.ts),FromFolder(InFolder(/home/tso/tmp/tso-cache/npm/node_modules/smooth-scrollbar),TsIdentLibrarySimple(smooth-scrollbar)),TsIdentModule(None,List(smooth-scrollbar, track, track))) [id => smooth-scrollbar, phase => typescript] 
[info ] InferredDefaultModule.scala:39 Inferred module TsIdentModule(None,List(smooth-scrollbar, track, track)) [id => smooth-scrollbar, phase => typescript] 
[warn ] Phase1ReadTypescript.scala:190 Processing TsIdentLibrarySimple(smooth-scrollbar) [id => smooth-scrollbar, phase => typescript] 
[info ] ResolveTypeQueries.scala:94 Resolved TsTypeQuery(TsQIdent(List(TsIdentLibrarySimple(smooth-scrollbar), TsIdentModule(None,List(smooth-scrollbar, plugin)), TsIdentSimple(ScrollbarPlugin)))) [id => smooth-scrollbar, phase => typescript, scope => TreeScope(TsParsedFile() / TsDeclModule(smooth-scrollbar) / TsExport() / TsExporteeTree() / TsDeclClass(SmoothScrollbar) / TsMemberProperty(ScrollbarPlugin) / TsTypeQuery())] 
[info ] ResolveTypeQueries.scala:94 Resolved TsTypeQuery(TsQIdent(List(TsIdentLibrarySimple(smooth-scrollbar), TsIdentModule(None,List(smooth-scrollbar, plugin)), TsIdentSimple(ScrollbarPlugin)))) [id => smooth-scrollbar, phase => typescript, scope => TreeScope(TsParsedFile() / TsDeclModule(smooth-scrollbar) / TsExport() / TsExporteeTree() / TsDeclClass(SmoothScrollbar) / TsMemberFunction(use) / TsFunSig() / TsFunParam() / TsTypeRepeated() / TsTypeQuery())] 
[info ] ResolveTypeQueries.scala:94 Resolved TsTypeQuery(TsQIdent(List(TsIdentLibrarySimple(smooth-scrollbar), TsIdentModule(None,List(smooth-scrollbar, plugin)), TsIdentSimple(ScrollbarPlugin)))) [id => smooth-scrollbar, phase => typescript, scope => TreeScope(TsParsedFile() / TsDeclModule(smooth-scrollbar/plugin) / TsExport() / TsExporteeTree() / TsDeclTypeAlias(PluginMap) / TsTypeObject() / TsMemberProperty(constructors) / TsTypeObject() / TsMemberIndex() / TsTypeQuery())] 
[info ] ResolveTypeQueries.scala:94 Resolved TsTypeQuery(TsQIdent(List(TsIdentLibrarySimple(smooth-scrollbar), TsIdentModule(None,List(smooth-scrollbar, plugin)), TsIdentSimple(ScrollbarPlugin)))) [id => smooth-scrollbar, phase => typescript, scope => TreeScope(TsParsedFile() / TsDeclModule(smooth-scrollbar/plugin) / TsExport() / TsExporteeTree() / TsDeclFunction(addPlugins) / TsFunSig() / TsFunParam() / TsTypeRepeated() / TsTypeQuery())] 
[info ] PreferTypeAlias.scala:112 Simplified to type alias [id => smooth-scrollbar, phase => typescript, scope => TreeScope(TsParsedFile() / TsDeclModule(smooth-scrollbar) / TsDeclInterface(SmoothScrollbar))] 
[info ] InferReturnTypes.scala:32 Could not infer return type [id => smooth-scrollbar, phase => typescript, scope => TreeScope(TsParsedFile() / TsDeclModule(smooth-scrollbar/scrollbar) / TsDeclClass(Scrollbar) / TsMemberFunction(_init))] 
[info ] InferReturnTypes.scala:32 Could not infer return type [id => smooth-scrollbar, phase => typescript, scope => TreeScope(TsParsedFile() / TsDeclModule(smooth-scrollbar/scrollbar) / TsDeclClass(Scrollbar) / TsMemberFunction(_updateDebounced))] 
[info ] InferReturnTypes.scala:32 Could not infer return type [id => smooth-scrollbar, phase => typescript, scope => TreeScope(TsParsedFile() / TsDeclModule(smooth-scrollbar/scrollbar) / TsDeclClass(Scrollbar) / TsMemberFunction(_shouldPropagateMomentum))] 
[info ] InferReturnTypes.scala:32 Could not infer return type [id => smooth-scrollbar, phase => typescript, scope => TreeScope(TsParsedFile() / TsDeclModule(smooth-scrollbar/scrollbar) / TsDeclClass(Scrollbar) / TsMemberFunction(_render))] 
[info ] InferReturnTypes.scala:32 Could not infer return type [id => smooth-scrollbar, phase => typescript, scope => TreeScope(TsParsedFile() / TsDeclModule(smooth-scrollbar/scrollbar) / TsDeclClass(Scrollbar) / TsMemberFunction(_nextTick))] 
[info ] PreferTypeAlias.scala:118 Simplified to function type alias [id => smooth-scrollbar, phase => typescript, scope => TreeScope(TsParsedFile() / TsDeclModule(smooth-scrollbar/interfaces/scrollbar) / TsDeclInterface(ScrollListener))] 
[info ] PreferTypeAlias.scala:118 Simplified to function type alias [id => smooth-scrollbar, phase => typescript, scope => TreeScope(TsParsedFile() / TsDeclModule(smooth-scrollbar/interfaces/scrollbar) / TsDeclInterface(AddTransformableMomentumCallback))] 
[info ] InferReturnTypes.scala:32 Could not infer return type [id => smooth-scrollbar, phase => typescript, scope => TreeScope(TsParsedFile() / TsDeclModule(smooth-scrollbar/track/thumb) / TsDeclClass(ScrollbarThumb) / TsMemberFunction(_getStyle))] 
[info ] ExtractInterfaces.scala:30 Extracted anonymous interface TsIdentSimple(Anon_Y) [id => smooth-scrollbar, phase => typescript, scope => TreeScope(TsParsedFile() / TsDeclModule(smooth-scrollbar/scrollbar) / TsDeclClass(Scrollbar) / TsMemberProperty(offset) / TsTypeObject())] 
[info ] ExtractInterfaces.scala:30 Extracted anonymous interface TsIdentSimple(Anon_Y) [id => smooth-scrollbar, phase => typescript, scope => TreeScope(TsParsedFile() / TsDeclModule(smooth-scrollbar/scrollbar) / TsDeclClass(Scrollbar) / TsMemberProperty(limit) / TsTypeObject())] 
[info ] ExtractInterfaces.scala:30 Extracted anonymous interface TsIdentSimple(Anon_Bottom) [id => smooth-scrollbar, phase => typescript, scope => TreeScope(TsParsedFile() / TsDeclModule(smooth-scrollbar/scrollbar) / TsDeclClass(Scrollbar) / TsMemberProperty(bounding) / TsTypeObject())] 
[debug] PhaseRunner.scala:78 Success [id => smooth-scrollbar, phase => typescript] 
[warn ] Phase2ToScalaJs.scala:34 Processing TsIdentLibrarySimple(smooth-scrollbar) [id => smooth-scrollbar, phase => scala.js] 
[info ] CompleteClass.scala:60 Completed implementations Vector(name, options, scrollbar, onDestory, onInit, transformDelta, onRender, onUpdate) [id => smooth-scrollbar, phase => scala.js, this => Name(smoothDashScrollbarLib) / Name(pluginMod) / Name(ScrollbarPlugin)] 
[info ] CompleteClass.scala:60 Completed implementations Vector(xAxis, yAxis, update, autoHideOnIdle) [id => smooth-scrollbar, phase => scala.js, this => Name(smoothDashScrollbarLib) / Name(trackMod) / Name(TrackController)] 
[info ] CompleteClass.scala:60 Completed implementations Vector(displaySize, element, offset, realSize, attachTo, update) [id => smooth-scrollbar, phase => scala.js, this => Name(smoothDashScrollbarLib) / Name(trackThumbMod) / Name(ScrollbarThumb)] 
[info ] CompleteClass.scala:60 Completed implementations Vector(thumb, element, show, attachTo, hide, update) [id => smooth-scrollbar, phase => scala.js, this => Name(smoothDashScrollbarLib) / Name(trackTrackMod) / Name(ScrollbarTrack)] 
[debug] PhaseRunner.scala:78 Success [id => smooth-scrollbar, phase => scala.js] 
[warn ] PhaseRunner.scala:64 Failed because of, [node => Compilation failed] [id => smooth-scrollbar, phase => build] 
[debug] PhaseRunner.scala:82 Failure, [node => Compilation failed] [id => smooth-scrollbar, phase => build] 
