[info ] InferredDependency.scala:20 Inferred dependencies Set(TsIdentLibrarySimple(node)) for TsIdentLibrarySimple(soap) [id => soap, phase => typescript, file => ../soap/lib/soap.d.ts] 
[debug] PhaseRunner.scala:78 Success [id => soap, phase => typescript] 
[info ] Phase1ReadTypescript.scala:152 Preprocessing TsHelperFile(InFile(/home/tso/tmp/tso-cache/npm/node_modules/soap/lib/soap.d.ts),FromFolder(InFolder(/home/tso/tmp/tso-cache/npm/node_modules/soap),TsIdentLibrarySimple(soap)),TsIdentModule(None,List(soap))) [id => soap, phase => typescript] 
[info ] InferredDefaultModule.scala:39 Inferred module TsIdentModule(None,List(soap)) [id => soap, phase => typescript] 
[warn ] Phase1ReadTypescript.scala:190 Processing TsIdentLibrarySimple(soap) [id => soap, phase => typescript] 
[info ] PreferTypeAlias.scala:118 Simplified to function type alias [id => soap, phase => typescript, scope => TreeScope(TsParsedFile() / TsDeclModule(soap) / TsDeclInterface(ISoapMethod))] 
[info ] PreferTypeAlias.scala:118 Simplified to function type alias [id => soap, phase => typescript, scope => TreeScope(TsParsedFile() / TsDeclModule(soap) / TsDeclInterface(ISoapServiceMethod))] 
[info ] PreferTypeAlias.scala:112 Simplified to type alias [id => soap, phase => typescript, scope => TreeScope(TsParsedFile() / TsDeclModule(soap) / TsDeclInterface(Security))] 
[info ] PreferTypeAlias.scala:112 Simplified to type alias [id => soap, phase => typescript, scope => TreeScope(TsParsedFile() / TsDeclModule(soap) / TsDeclInterface(SoapMethod))] 
[info ] PreferTypeAlias.scala:112 Simplified to type alias [id => soap, phase => typescript, scope => TreeScope(TsParsedFile() / TsDeclModule(soap) / TsDeclInterface(Option))] 
[info ] ExtractInterfaces.scala:30 Extracted anonymous interface TsIdentSimple(Anon_Override) [id => soap, phase => typescript, scope => TreeScope(TsParsedFile() / TsDeclModule(soap) / TsDeclInterface(IWsdlBaseOptions) / TsMemberProperty(ignoredNamespaces) / TsTypeUnion() / TsTypeObject())] 
[info ] ExtractInterfaces.scala:30 Extracted anonymous interface TsIdentSimple(Anon_Namespace) [id => soap, phase => typescript, scope => TreeScope(TsParsedFile() / TsDeclModule(soap) / TsDeclInterface(IWsdlBaseOptions) / TsMemberProperty(overrideRootElement) / TsTypeObject())] 
[info ] ExtractInterfaces.scala:30 Extracted anonymous interface TsIdentSimple(Anon_Value) [id => soap, phase => typescript, scope => TreeScope(TsParsedFile() / TsDeclModule(soap) / TsDeclInterface(ISoapFault12) / TsMemberProperty(Fault) / TsTypeObject() / TsMemberProperty(Code) / TsTypeObject() / TsMemberProperty(Subcode) / TsTypeObject())] 
[info ] ExtractInterfaces.scala:30 Extracted anonymous interface TsIdentSimple(Anon_ValueSubcode) [id => soap, phase => typescript, scope => TreeScope(TsParsedFile() / TsDeclModule(soap) / TsDeclInterface(ISoapFault12) / TsMemberProperty(Fault) / TsTypeObject() / TsMemberProperty(Code) / TsTypeObject())] 
[info ] ExtractInterfaces.scala:30 Extracted anonymous interface TsIdentSimple(Anon_Text) [id => soap, phase => typescript, scope => TreeScope(TsParsedFile() / TsDeclModule(soap) / TsDeclInterface(ISoapFault12) / TsMemberProperty(Fault) / TsTypeObject() / TsMemberProperty(Reason) / TsTypeObject())] 
[info ] ExtractInterfaces.scala:30 Extracted anonymous interface TsIdentSimple(Anon_StatusCode) [id => soap, phase => typescript, scope => TreeScope(TsParsedFile() / TsDeclModule(soap) / TsDeclInterface(ISoapFault12) / TsMemberProperty(Fault) / TsTypeObject())] 
[info ] ExtractInterfaces.scala:30 Extracted anonymous interface TsIdentSimple(Anon_Faultstring) [id => soap, phase => typescript, scope => TreeScope(TsParsedFile() / TsDeclModule(soap) / TsDeclInterface(ISoapFault11) / TsMemberProperty(Fault) / TsTypeObject())] 
[debug] PhaseRunner.scala:78 Success [id => soap, phase => typescript] 
[warn ] Phase2ToScalaJs.scala:34 Processing TsIdentLibrarySimple(soap) [id => soap, phase => scala.js] 
[info ] CompleteClass.scala:60 Completed implementations Vector(addOptions, toXML) [id => soap, phase => scala.js, this => Name(soapLib) / Name(soapMod) / Name(BasicAuthSecurity)] 
[info ] CompleteClass.scala:60 Completed implementations Vector(addOptions, toXML) [id => soap, phase => scala.js, this => Name(soapLib) / Name(soapMod) / Name(BearerSecurity)] 
[info ] CompleteClass.scala:60 Completed implementations Vector(addOptions, toXML) [id => soap, phase => scala.js, this => Name(soapLib) / Name(soapMod) / Name(ClientSSLSecurity)] 
[info ] CompleteClass.scala:60 Completed implementations Vector(addOptions, toXML) [id => soap, phase => scala.js, this => Name(soapLib) / Name(soapMod) / Name(ClientSSLSecurityPFX)] 
[info ] CompleteClass.scala:60 Completed implementations Vector(addOptions, toXML) [id => soap, phase => scala.js, this => Name(soapLib) / Name(soapMod) / Name(WSSecurity)] 
[info ] CompleteClass.scala:60 Completed implementations Vector(addOptions, toXML) [id => soap, phase => scala.js, this => Name(soapLib) / Name(soapMod) / Name(WSSecurityCert)] 
[debug] PhaseRunner.scala:78 Success [id => soap, phase => scala.js] 
[warn ] PhaseRunner.scala:64 Failed because of, [node => Compilation failed] [id => soap, phase => build] 
[debug] PhaseRunner.scala:82 Failure, [node => Compilation failed] [id => soap, phase => build] 
