[info ] InferredDependency.scala:22 Inferred dependencies Set(TsIdentLibrarySimple(node)) for TsIdentLibrarySimple(sparkpost) [id => sparkpost, phase => typescript, file => ../types/sparkpost/index.d.ts] 
[debug] PhaseRunner.scala:84 Success [id => sparkpost, phase => typescript] 
[info ] Phase1ReadTypescript.scala:171 Preprocessing TsHelperFile(InFile(/home/tso/tmp/tso-cache/DefinitelyTyped/types/sparkpost/index.d.ts),FromFolder(InFolder(/home/tso/tmp/tso-cache/DefinitelyTyped/types/sparkpost),TsIdentLibrarySimple(sparkpost)),TsIdentModule(None,List(sparkpost))) [id => sparkpost, phase => typescript] 
[info ] InferredDefaultModule.scala:39 Inferred module TsIdentModule(None,List(sparkpost)) [id => sparkpost, phase => typescript] 
[warn ] Phase1ReadTypescript.scala:189 Processing TsIdentLibrarySimple(sparkpost) [id => sparkpost, phase => typescript] 
[info ] ExtractInterfaces.scala:41 Extracted anonymous interface TsIdentSimple(Anon_Results) [id => sparkpost, phase => typescript, scope => TreeScope(TsParsedFile() / TsDeclModule(sparkpost) / TsDeclTypeAlias(ResultsCallback) / TsTypeRef() / TsTypeObject())] 
[info ] ExtractInterfaces.scala:41 Extracted anonymous interface TsIdentSimple(Anon_Results) [id => sparkpost, phase => typescript, scope => TreeScope(TsParsedFile() / TsDeclModule(sparkpost) / TsDeclTypeAlias(ResultsPromise) / TsTypeRef() / TsTypeObject())] 
[info ] ExtractInterfaces.scala:41 Extracted anonymous interface TsIdentSimple(Anon_Dkimrecord) [id => sparkpost, phase => typescript, scope => TreeScope(TsParsedFile() / TsDeclModule(sparkpost) / TsDeclInterface(VerifyResults) / TsMemberProperty(dns) / TsTypeObject())] 
[info ] ExtractInterfaces.scala:41 Extracted anonymous interface TsIdentSimple(Anon_Emailrfc822) [id => sparkpost, phase => typescript, scope => TreeScope(TsParsedFile() / TsDeclModule(sparkpost) / TsDeclInterface(Template) / TsMemberProperty(content) / TsTypeUnion() / TsTypeObject())] 
[info ] ExtractInterfaces.scala:41 Extracted anonymous interface TsIdentSimple(Anon_Emailrfc822) [id => sparkpost, phase => typescript, scope => TreeScope(TsParsedFile() / TsDeclModule(sparkpost) / TsDeclInterface(CreateTemplate) / TsMemberProperty(content) / TsTypeUnion() / TsTypeObject())] 
[info ] ExtractInterfaces.scala:41 Extracted anonymous interface TsIdentSimple(Anon_Emailrfc822) [id => sparkpost, phase => typescript, scope => TreeScope(TsParsedFile() / TsDeclModule(sparkpost) / TsDeclInterface(UpdateTemplate) / TsMemberProperty(content) / TsTypeUnion() / TsTypeObject())] 
[info ] ExtractInterfaces.scala:41 Extracted anonymous interface TsIdentSimple(Anon_Listid) [id => sparkpost, phase => typescript, scope => TreeScope(TsParsedFile() / TsDeclModule(sparkpost) / TsDeclInterface(CreateTransmission) / TsMemberProperty(recipients) / TsTypeUnion() / TsTypeObject())] 
[info ] ExtractInterfaces.scala:41 Extracted anonymous interface TsIdentSimple(Anon_Templateid) [id => sparkpost, phase => typescript, scope => TreeScope(TsParsedFile() / TsDeclModule(sparkpost) / TsDeclInterface(CreateTransmission) / TsMemberProperty(content) / TsTypeUnion() / TsTypeObject())] 
[info ] ExtractInterfaces.scala:41 Extracted anonymous interface TsIdentSimple(Anon_Emailrfc822) [id => sparkpost, phase => typescript, scope => TreeScope(TsParsedFile() / TsDeclModule(sparkpost) / TsDeclInterface(CreateTransmission) / TsMemberProperty(content) / TsTypeUnion() / TsTypeObject())] 
[info ] ExtractInterfaces.scala:41 Extracted anonymous interface TsIdentSimple(Anon_TemplateidString) [id => sparkpost, phase => typescript, scope => TreeScope(TsParsedFile() / TsDeclModule(sparkpost) / TsDeclInterface(TransmissionSummary) / TsMemberProperty(content) / TsTypeObject())] 
[info ] ExtractInterfaces.scala:41 Extracted anonymous interface TsIdentSimple(Anon_Templateid) [id => sparkpost, phase => typescript, scope => TreeScope(TsParsedFile() / TsDeclModule(sparkpost) / TsDeclInterface(Transmission) / TsMemberProperty(content) / TsTypeUnion() / TsTypeObject())] 
[info ] ExtractInterfaces.scala:41 Extracted anonymous interface TsIdentSimple(Anon_Emailrfc822) [id => sparkpost, phase => typescript, scope => TreeScope(TsParsedFile() / TsDeclModule(sparkpost) / TsDeclInterface(Transmission) / TsMemberProperty(content) / TsTypeUnion() / TsTypeObject())] 
[info ] ExtractInterfaces.scala:41 Extracted anonymous interface TsIdentSimple(Anon_Email) [id => sparkpost, phase => typescript, scope => TreeScope(TsParsedFile() / TsDeclModule(sparkpost) / TsDeclInterface(InlineContent) / TsMemberProperty(from) / TsTypeUnion() / TsTypeObject())] 
[info ] ExtractInterfaces.scala:41 Extracted anonymous interface TsIdentSimple(Anon_Href) [id => sparkpost, phase => typescript, scope => TreeScope(TsParsedFile() / TsDeclModule(sparkpost) / TsDeclInterface(WebhookLinks) / TsMemberProperty(links) / TsTypeRef() / TsTypeObject())] 
[info ] ExtractInterfaces.scala:41 Extracted anonymous interface TsIdentSimple(Anon_Callback) [id => sparkpost, phase => typescript, scope => TreeScope(TsParsedFile() / TsDeclModule(sparkpost) / TsDeclInterface(SparkPost) / TsMemberProperty(inboundDomains) / TsTypeObject())] 
[info ] ExtractInterfaces.scala:41 Extracted anonymous interface TsIdentSimple(Anon_CallbackParameters) [id => sparkpost, phase => typescript, scope => TreeScope(TsParsedFile() / TsDeclModule(sparkpost) / TsDeclInterface(SparkPost) / TsMemberProperty(messageEvents) / TsTypeObject())] 
[info ] ExtractInterfaces.scala:41 Extracted anonymous interface TsIdentSimple(Anon_Showrecipients) [id => sparkpost, phase => typescript, scope => TreeScope(TsParsedFile() / TsDeclModule(sparkpost) / TsDeclInterface(SparkPost) / TsMemberProperty(recipientLists) / TsTypeObject() / TsMemberFunction(get) / TsFunSig() / TsFunParam() / TsTypeObject())] 
[info ] ExtractInterfaces.scala:41 Extracted anonymous interface TsIdentSimple(Anon_Showrecipients) [id => sparkpost, phase => typescript, scope => TreeScope(TsParsedFile() / TsDeclModule(sparkpost) / TsDeclInterface(SparkPost) / TsMemberProperty(recipientLists) / TsTypeObject() / TsMemberFunction(get) / TsFunSig() / TsFunParam() / TsTypeObject())] 
[info ] ExtractInterfaces.scala:41 Extracted anonymous interface TsIdentSimple(Anon_CallbackCreate) [id => sparkpost, phase => typescript, scope => TreeScope(TsParsedFile() / TsDeclModule(sparkpost) / TsDeclInterface(SparkPost) / TsMemberProperty(recipientLists) / TsTypeObject())] 
[info ] ExtractInterfaces.scala:41 Extracted anonymous interface TsIdentSimple(Anon_Id) [id => sparkpost, phase => typescript, scope => TreeScope(TsParsedFile() / TsDeclModule(sparkpost) / TsDeclInterface(SparkPost) / TsMemberProperty(relayWebhooks) / TsTypeObject() / TsMemberFunction(create) / TsFunSig() / TsFunParam() / TsTypeRef() / TsTypeObject())] 
[info ] ExtractInterfaces.scala:41 Extracted anonymous interface TsIdentSimple(Anon_Id) [id => sparkpost, phase => typescript, scope => TreeScope(TsParsedFile() / TsDeclModule(sparkpost) / TsDeclInterface(SparkPost) / TsMemberProperty(relayWebhooks) / TsTypeObject() / TsMemberFunction(create) / TsFunSig() / TsTypeRef() / TsTypeObject())] 
[info ] ExtractInterfaces.scala:41 Extracted anonymous interface TsIdentSimple(Anon_Id) [id => sparkpost, phase => typescript, scope => TreeScope(TsParsedFile() / TsDeclModule(sparkpost) / TsDeclInterface(SparkPost) / TsMemberProperty(relayWebhooks) / TsTypeObject() / TsMemberFunction(update) / TsFunSig() / TsFunParam() / TsTypeRef() / TsTypeObject())] 
[info ] ExtractInterfaces.scala:41 Extracted anonymous interface TsIdentSimple(Anon_Id) [id => sparkpost, phase => typescript, scope => TreeScope(TsParsedFile() / TsDeclModule(sparkpost) / TsDeclInterface(SparkPost) / TsMemberProperty(relayWebhooks) / TsTypeObject() / TsMemberFunction(update) / TsFunSig() / TsTypeRef() / TsTypeObject())] 
[info ] ExtractInterfaces.scala:41 Extracted anonymous interface TsIdentSimple(Anon_CallbackCreateDelete) [id => sparkpost, phase => typescript, scope => TreeScope(TsParsedFile() / TsDeclModule(sparkpost) / TsDeclInterface(SparkPost) / TsMemberProperty(relayWebhooks) / TsTypeObject())] 
[info ] ExtractInterfaces.scala:41 Extracted anonymous interface TsIdentSimple(Anon_Domain) [id => sparkpost, phase => typescript, scope => TreeScope(TsParsedFile() / TsDeclModule(sparkpost) / TsDeclInterface(SparkPost) / TsMemberProperty(sendingDomains) / TsTypeObject() / TsMemberFunction(create) / TsFunSig() / TsFunParam() / TsTypeRef() / TsTypeObject())] 
[info ] ExtractInterfaces.scala:41 Extracted anonymous interface TsIdentSimple(Anon_Domain) [id => sparkpost, phase => typescript, scope => TreeScope(TsParsedFile() / TsDeclModule(sparkpost) / TsDeclInterface(SparkPost) / TsMemberProperty(sendingDomains) / TsTypeObject() / TsMemberFunction(create) / TsFunSig() / TsTypeRef() / TsTypeObject())] 
[info ] ExtractInterfaces.scala:41 Extracted anonymous interface TsIdentSimple(Anon_Domain) [id => sparkpost, phase => typescript, scope => TreeScope(TsParsedFile() / TsDeclModule(sparkpost) / TsDeclInterface(SparkPost) / TsMemberProperty(sendingDomains) / TsTypeObject() / TsMemberFunction(update) / TsFunSig() / TsFunParam() / TsTypeRef() / TsTypeObject())] 
[info ] ExtractInterfaces.scala:41 Extracted anonymous interface TsIdentSimple(Anon_Domain) [id => sparkpost, phase => typescript, scope => TreeScope(TsParsedFile() / TsDeclModule(sparkpost) / TsDeclInterface(SparkPost) / TsMemberProperty(sendingDomains) / TsTypeObject() / TsMemberFunction(update) / TsFunSig() / TsTypeRef() / TsTypeObject())] 
[info ] ExtractInterfaces.scala:41 Extracted anonymous interface TsIdentSimple(Anon_CallbackCreateDeleteDomain) [id => sparkpost, phase => typescript, scope => TreeScope(TsParsedFile() / TsDeclModule(sparkpost) / TsDeclInterface(SparkPost) / TsMemberProperty(sendingDomains) / TsTypeObject())] 
[info ] ExtractInterfaces.scala:41 Extracted anonymous interface TsIdentSimple(Anon_Message) [id => sparkpost, phase => typescript, scope => TreeScope(TsParsedFile() / TsDeclModule(sparkpost) / TsDeclInterface(SparkPost) / TsMemberProperty(subaccounts) / TsTypeObject() / TsMemberFunction(update) / TsFunSig() / TsFunParam() / TsTypeRef() / TsTypeObject())] 
[info ] ExtractInterfaces.scala:41 Extracted anonymous interface TsIdentSimple(Anon_Message) [id => sparkpost, phase => typescript, scope => TreeScope(TsParsedFile() / TsDeclModule(sparkpost) / TsDeclInterface(SparkPost) / TsMemberProperty(subaccounts) / TsTypeObject() / TsMemberFunction(update) / TsFunSig() / TsTypeRef() / TsTypeObject())] 
[info ] ExtractInterfaces.scala:41 Extracted anonymous interface TsIdentSimple(Anon_CallbackCreateGet) [id => sparkpost, phase => typescript, scope => TreeScope(TsParsedFile() / TsDeclModule(sparkpost) / TsDeclInterface(SparkPost) / TsMemberProperty(subaccounts) / TsTypeObject())] 
[info ] ExtractInterfaces.scala:41 Extracted anonymous interface TsIdentSimple(Anon_Message) [id => sparkpost, phase => typescript, scope => TreeScope(TsParsedFile() / TsDeclModule(sparkpost) / TsDeclInterface(SparkPost) / TsMemberProperty(suppressionList) / TsTypeObject() / TsMemberFunction(upsert) / TsFunSig() / TsFunParam() / TsTypeRef() / TsTypeObject())] 
[info ] ExtractInterfaces.scala:41 Extracted anonymous interface TsIdentSimple(Anon_Message) [id => sparkpost, phase => typescript, scope => TreeScope(TsParsedFile() / TsDeclModule(sparkpost) / TsDeclInterface(SparkPost) / TsMemberProperty(suppressionList) / TsTypeObject() / TsMemberFunction(upsert) / TsFunSig() / TsTypeRef() / TsTypeObject())] 
[info ] ExtractInterfaces.scala:41 Extracted anonymous interface TsIdentSimple(Anon_CallbackDelete) [id => sparkpost, phase => typescript, scope => TreeScope(TsParsedFile() / TsDeclModule(sparkpost) / TsDeclInterface(SparkPost) / TsMemberProperty(suppressionList) / TsTypeObject())] 
[info ] ExtractInterfaces.scala:41 Extracted anonymous interface TsIdentSimple(Anon_Draft) [id => sparkpost, phase => typescript, scope => TreeScope(TsParsedFile() / TsDeclModule(sparkpost) / TsDeclInterface(SparkPost) / TsMemberProperty(templates) / TsTypeObject() / TsMemberFunction(get) / TsFunSig() / TsFunParam() / TsTypeObject())] 
[info ] ExtractInterfaces.scala:41 Extracted anonymous interface TsIdentSimple(Anon_Draft) [id => sparkpost, phase => typescript, scope => TreeScope(TsParsedFile() / TsDeclModule(sparkpost) / TsDeclInterface(SparkPost) / TsMemberProperty(templates) / TsTypeObject() / TsMemberFunction(get) / TsFunSig() / TsFunParam() / TsTypeObject())] 
[info ] ExtractInterfaces.scala:41 Extracted anonymous interface TsIdentSimple(Anon_Id) [id => sparkpost, phase => typescript, scope => TreeScope(TsParsedFile() / TsDeclModule(sparkpost) / TsDeclInterface(SparkPost) / TsMemberProperty(templates) / TsTypeObject() / TsMemberFunction(create) / TsFunSig() / TsFunParam() / TsTypeRef() / TsTypeObject())] 
[info ] ExtractInterfaces.scala:41 Extracted anonymous interface TsIdentSimple(Anon_Id) [id => sparkpost, phase => typescript, scope => TreeScope(TsParsedFile() / TsDeclModule(sparkpost) / TsDeclInterface(SparkPost) / TsMemberProperty(templates) / TsTypeObject() / TsMemberFunction(create) / TsFunSig() / TsTypeRef() / TsTypeObject())] 
[info ] ExtractInterfaces.scala:41 Extracted anonymous interface TsIdentSimple(Anon_Updatepublished) [id => sparkpost, phase => typescript, scope => TreeScope(TsParsedFile() / TsDeclModule(sparkpost) / TsDeclInterface(SparkPost) / TsMemberProperty(templates) / TsTypeObject() / TsMemberFunction(update) / TsFunSig() / TsFunParam() / TsTypeObject())] 
[info ] ExtractInterfaces.scala:41 Extracted anonymous interface TsIdentSimple(Anon_Id) [id => sparkpost, phase => typescript, scope => TreeScope(TsParsedFile() / TsDeclModule(sparkpost) / TsDeclInterface(SparkPost) / TsMemberProperty(templates) / TsTypeObject() / TsMemberFunction(update) / TsFunSig() / TsFunParam() / TsTypeRef() / TsTypeObject())] 
[info ] ExtractInterfaces.scala:41 Extracted anonymous interface TsIdentSimple(Anon_Id) [id => sparkpost, phase => typescript, scope => TreeScope(TsParsedFile() / TsDeclModule(sparkpost) / TsDeclInterface(SparkPost) / TsMemberProperty(templates) / TsTypeObject() / TsMemberFunction(update) / TsFunSig() / TsFunParam() / TsTypeRef() / TsTypeObject())] 
[info ] ExtractInterfaces.scala:41 Extracted anonymous interface TsIdentSimple(Anon_Updatepublished) [id => sparkpost, phase => typescript, scope => TreeScope(TsParsedFile() / TsDeclModule(sparkpost) / TsDeclInterface(SparkPost) / TsMemberProperty(templates) / TsTypeObject() / TsMemberFunction(update) / TsFunSig() / TsFunParam() / TsTypeObject())] 
[info ] ExtractInterfaces.scala:41 Extracted anonymous interface TsIdentSimple(Anon_Id) [id => sparkpost, phase => typescript, scope => TreeScope(TsParsedFile() / TsDeclModule(sparkpost) / TsDeclInterface(SparkPost) / TsMemberProperty(templates) / TsTypeObject() / TsMemberFunction(update) / TsFunSig() / TsTypeRef() / TsTypeObject())] 
[info ] ExtractInterfaces.scala:41 Extracted anonymous interface TsIdentSimple(Anon_DraftSubstitutiondata) [id => sparkpost, phase => typescript, scope => TreeScope(TsParsedFile() / TsDeclModule(sparkpost) / TsDeclInterface(SparkPost) / TsMemberProperty(templates) / TsTypeObject() / TsMemberFunction(preview) / TsFunSig() / TsFunParam() / TsTypeObject())] 
[info ] ExtractInterfaces.scala:41 Extracted anonymous interface TsIdentSimple(Anon_DraftSubstitutiondata) [id => sparkpost, phase => typescript, scope => TreeScope(TsParsedFile() / TsDeclModule(sparkpost) / TsDeclInterface(SparkPost) / TsMemberProperty(templates) / TsTypeObject() / TsMemberFunction(preview) / TsFunSig() / TsFunParam() / TsTypeObject())] 
[info ] ExtractInterfaces.scala:41 Extracted anonymous interface TsIdentSimple(Anon_CallbackCreateDeleteGet) [id => sparkpost, phase => typescript, scope => TreeScope(TsParsedFile() / TsDeclModule(sparkpost) / TsDeclInterface(SparkPost) / TsMemberProperty(templates) / TsTypeObject())] 
[info ] ExtractInterfaces.scala:41 Extracted anonymous interface TsIdentSimple(Anon_Campaignid) [id => sparkpost, phase => typescript, scope => TreeScope(TsParsedFile() / TsDeclModule(sparkpost) / TsDeclInterface(SparkPost) / TsMemberProperty(transmissions) / TsTypeObject() / TsMemberFunction(list) / TsFunSig() / TsFunParam() / TsTypeObject())] 
[info ] ExtractInterfaces.scala:41 Extracted anonymous interface TsIdentSimple(Anon_Campaignid) [id => sparkpost, phase => typescript, scope => TreeScope(TsParsedFile() / TsDeclModule(sparkpost) / TsDeclInterface(SparkPost) / TsMemberProperty(transmissions) / TsTypeObject() / TsMemberFunction(list) / TsFunSig() / TsFunParam() / TsTypeObject())] 
[info ] ExtractInterfaces.scala:41 Extracted anonymous interface TsIdentSimple(Anon_Numrcpterrors) [id => sparkpost, phase => typescript, scope => TreeScope(TsParsedFile() / TsDeclModule(sparkpost) / TsDeclInterface(SparkPost) / TsMemberProperty(transmissions) / TsTypeObject() / TsMemberFunction(send) / TsFunSig() / TsFunParam() / TsTypeObject())] 
[info ] ExtractInterfaces.scala:41 Extracted anonymous interface TsIdentSimple(Anon_IdTotalacceptedrecipients) [id => sparkpost, phase => typescript, scope => TreeScope(TsParsedFile() / TsDeclModule(sparkpost) / TsDeclInterface(SparkPost) / TsMemberProperty(transmissions) / TsTypeObject() / TsMemberFunction(send) / TsFunSig() / TsFunParam() / TsTypeRef() / TsTypeObject())] 
[info ] ExtractInterfaces.scala:41 Extracted anonymous interface TsIdentSimple(Anon_IdTotalacceptedrecipients) [id => sparkpost, phase => typescript, scope => TreeScope(TsParsedFile() / TsDeclModule(sparkpost) / TsDeclInterface(SparkPost) / TsMemberProperty(transmissions) / TsTypeObject() / TsMemberFunction(send) / TsFunSig() / TsFunParam() / TsTypeRef() / TsTypeObject())] 
[info ] ExtractInterfaces.scala:41 Extracted anonymous interface TsIdentSimple(Anon_Numrcpterrors) [id => sparkpost, phase => typescript, scope => TreeScope(TsParsedFile() / TsDeclModule(sparkpost) / TsDeclInterface(SparkPost) / TsMemberProperty(transmissions) / TsTypeObject() / TsMemberFunction(send) / TsFunSig() / TsFunParam() / TsTypeObject())] 
[info ] ExtractInterfaces.scala:41 Extracted anonymous interface TsIdentSimple(Anon_IdTotalacceptedrecipients) [id => sparkpost, phase => typescript, scope => TreeScope(TsParsedFile() / TsDeclModule(sparkpost) / TsDeclInterface(SparkPost) / TsMemberProperty(transmissions) / TsTypeObject() / TsMemberFunction(send) / TsFunSig() / TsTypeRef() / TsTypeObject())] 
[info ] ExtractInterfaces.scala:41 Extracted anonymous interface TsIdentSimple(Anon_CallbackGet) [id => sparkpost, phase => typescript, scope => TreeScope(TsParsedFile() / TsDeclModule(sparkpost) / TsDeclInterface(SparkPost) / TsMemberProperty(transmissions) / TsTypeObject())] 
[info ] ExtractInterfaces.scala:41 Extracted anonymous interface TsIdentSimple(Anon_Timezone) [id => sparkpost, phase => typescript, scope => TreeScope(TsParsedFile() / TsDeclModule(sparkpost) / TsDeclInterface(SparkPost) / TsMemberProperty(webhooks) / TsTypeObject() / TsMemberFunction(list) / TsFunSig() / TsFunParam() / TsTypeObject())] 
[info ] ExtractInterfaces.scala:41 Extracted anonymous interface TsIdentSimple(Anon_Timezone) [id => sparkpost, phase => typescript, scope => TreeScope(TsParsedFile() / TsDeclModule(sparkpost) / TsDeclInterface(SparkPost) / TsMemberProperty(webhooks) / TsTypeObject() / TsMemberFunction(list) / TsFunSig() / TsFunParam() / TsTypeObject())] 
[info ] ExtractInterfaces.scala:41 Extracted anonymous interface TsIdentSimple(Anon_Timezone) [id => sparkpost, phase => typescript, scope => TreeScope(TsParsedFile() / TsDeclModule(sparkpost) / TsDeclInterface(SparkPost) / TsMemberProperty(webhooks) / TsTypeObject() / TsMemberFunction(get) / TsFunSig() / TsFunParam() / TsTypeObject())] 
[info ] ExtractInterfaces.scala:41 Extracted anonymous interface TsIdentSimple(Anon_Timezone) [id => sparkpost, phase => typescript, scope => TreeScope(TsParsedFile() / TsDeclModule(sparkpost) / TsDeclInterface(SparkPost) / TsMemberProperty(webhooks) / TsTypeObject() / TsMemberFunction(get) / TsFunSig() / TsFunParam() / TsTypeObject())] 
[info ] ExtractInterfaces.scala:41 Extracted anonymous interface TsIdentSimple(Anon_Id) [id => sparkpost, phase => typescript, scope => TreeScope(TsParsedFile() / TsDeclModule(sparkpost) / TsDeclInterface(SparkPost) / TsMemberProperty(webhooks) / TsTypeObject() / TsMemberFunction(create) / TsFunSig() / TsFunParam() / TsTypeRef() / TsTypeIntersect() / TsTypeObject())] 
[info ] ExtractInterfaces.scala:41 Extracted anonymous interface TsIdentSimple(Anon_Id) [id => sparkpost, phase => typescript, scope => TreeScope(TsParsedFile() / TsDeclModule(sparkpost) / TsDeclInterface(SparkPost) / TsMemberProperty(webhooks) / TsTypeObject() / TsMemberFunction(create) / TsFunSig() / TsTypeRef() / TsTypeIntersect() / TsTypeObject())] 
[info ] ExtractInterfaces.scala:41 Extracted anonymous interface TsIdentSimple(Anon_Id) [id => sparkpost, phase => typescript, scope => TreeScope(TsParsedFile() / TsDeclModule(sparkpost) / TsDeclInterface(SparkPost) / TsMemberProperty(webhooks) / TsTypeObject() / TsMemberFunction(update) / TsFunSig() / TsFunParam() / TsTypeRef() / TsTypeIntersect() / TsTypeObject())] 
[info ] ExtractInterfaces.scala:41 Extracted anonymous interface TsIdentSimple(Anon_Id) [id => sparkpost, phase => typescript, scope => TreeScope(TsParsedFile() / TsDeclModule(sparkpost) / TsDeclInterface(SparkPost) / TsMemberProperty(webhooks) / TsTypeObject() / TsMemberFunction(update) / TsFunSig() / TsTypeRef() / TsTypeIntersect() / TsTypeObject())] 
[info ] ExtractInterfaces.scala:41 Extracted anonymous interface TsIdentSimple(Anon_MessageAny) [id => sparkpost, phase => typescript, scope => TreeScope(TsParsedFile() / TsDeclModule(sparkpost) / TsDeclInterface(SparkPost) / TsMemberProperty(webhooks) / TsTypeObject() / TsMemberFunction(validate) / TsFunSig() / TsFunParam() / TsTypeObject())] 
[info ] ExtractInterfaces.scala:41 Extracted anonymous interface TsIdentSimple(Anon_Body) [id => sparkpost, phase => typescript, scope => TreeScope(TsParsedFile() / TsDeclModule(sparkpost) / TsDeclInterface(SparkPost) / TsMemberProperty(webhooks) / TsTypeObject() / TsMemberFunction(validate) / TsFunSig() / TsFunParam() / TsTypeRef() / TsTypeObject() / TsMemberProperty(response) / TsTypeObject())] 
[info ] ExtractInterfaces.scala:41 Extracted anonymous interface TsIdentSimple(Anon_Msg) [id => sparkpost, phase => typescript, scope => TreeScope(TsParsedFile() / TsDeclModule(sparkpost) / TsDeclInterface(SparkPost) / TsMemberProperty(webhooks) / TsTypeObject() / TsMemberFunction(validate) / TsFunSig() / TsFunParam() / TsTypeRef() / TsTypeObject())] 
[info ] ExtractInterfaces.scala:41 Extracted anonymous interface TsIdentSimple(Anon_MessageAny) [id => sparkpost, phase => typescript, scope => TreeScope(TsParsedFile() / TsDeclModule(sparkpost) / TsDeclInterface(SparkPost) / TsMemberProperty(webhooks) / TsTypeObject() / TsMemberFunction(validate) / TsFunSig() / TsFunParam() / TsTypeObject())] 
[info ] ExtractInterfaces.scala:41 Extracted anonymous interface TsIdentSimple(Anon_Body) [id => sparkpost, phase => typescript, scope => TreeScope(TsParsedFile() / TsDeclModule(sparkpost) / TsDeclInterface(SparkPost) / TsMemberProperty(webhooks) / TsTypeObject() / TsMemberFunction(validate) / TsFunSig() / TsTypeRef() / TsTypeObject() / TsMemberProperty(response) / TsTypeObject())] 
[info ] ExtractInterfaces.scala:41 Extracted anonymous interface TsIdentSimple(Anon_Msg) [id => sparkpost, phase => typescript, scope => TreeScope(TsParsedFile() / TsDeclModule(sparkpost) / TsDeclInterface(SparkPost) / TsMemberProperty(webhooks) / TsTypeObject() / TsMemberFunction(validate) / TsFunSig() / TsTypeRef() / TsTypeObject())] 
[info ] ExtractInterfaces.scala:41 Extracted anonymous interface TsIdentSimple(Anon_Limit) [id => sparkpost, phase => typescript, scope => TreeScope(TsParsedFile() / TsDeclModule(sparkpost) / TsDeclInterface(SparkPost) / TsMemberProperty(webhooks) / TsTypeObject() / TsMemberFunction(getBatchStatus) / TsFunSig() / TsFunParam() / TsTypeObject())] 
[info ] ExtractInterfaces.scala:41 Extracted anonymous interface TsIdentSimple(Anon_Attempts) [id => sparkpost, phase => typescript, scope => TreeScope(TsParsedFile() / TsDeclModule(sparkpost) / TsDeclInterface(SparkPost) / TsMemberProperty(webhooks) / TsTypeObject() / TsMemberFunction(getBatchStatus) / TsFunSig() / TsFunParam() / TsTypeRef() / TsTypeRef() / TsTypeObject())] 
[info ] ExtractInterfaces.scala:41 Extracted anonymous interface TsIdentSimple(Anon_Attempts) [id => sparkpost, phase => typescript, scope => TreeScope(TsParsedFile() / TsDeclModule(sparkpost) / TsDeclInterface(SparkPost) / TsMemberProperty(webhooks) / TsTypeObject() / TsMemberFunction(getBatchStatus) / TsFunSig() / TsFunParam() / TsTypeRef() / TsTypeRef() / TsTypeObject())] 
[info ] ExtractInterfaces.scala:41 Extracted anonymous interface TsIdentSimple(Anon_Limit) [id => sparkpost, phase => typescript, scope => TreeScope(TsParsedFile() / TsDeclModule(sparkpost) / TsDeclInterface(SparkPost) / TsMemberProperty(webhooks) / TsTypeObject() / TsMemberFunction(getBatchStatus) / TsFunSig() / TsFunParam() / TsTypeObject())] 
[info ] ExtractInterfaces.scala:41 Extracted anonymous interface TsIdentSimple(Anon_Attempts) [id => sparkpost, phase => typescript, scope => TreeScope(TsParsedFile() / TsDeclModule(sparkpost) / TsDeclInterface(SparkPost) / TsMemberProperty(webhooks) / TsTypeObject() / TsMemberFunction(getBatchStatus) / TsFunSig() / TsTypeRef() / TsTypeRef() / TsTypeObject())] 
[info ] ExtractInterfaces.scala:41 Extracted anonymous interface TsIdentSimple(Anon_Events) [id => sparkpost, phase => typescript, scope => TreeScope(TsParsedFile() / TsDeclModule(sparkpost) / TsDeclInterface(SparkPost) / TsMemberProperty(webhooks) / TsTypeObject() / TsMemberFunction(getSamples) / TsFunSig() / TsFunParam() / TsTypeObject())] 
[info ] ExtractInterfaces.scala:41 Extracted anonymous interface TsIdentSimple(Anon_Events) [id => sparkpost, phase => typescript, scope => TreeScope(TsParsedFile() / TsDeclModule(sparkpost) / TsDeclInterface(SparkPost) / TsMemberProperty(webhooks) / TsTypeObject() / TsMemberFunction(getSamples) / TsFunSig() / TsFunParam() / TsTypeObject())] 
[info ] ExtractInterfaces.scala:41 Extracted anonymous interface TsIdentSimple(Anon_CallbackCreateDeleteGetGetBatchStatus) [id => sparkpost, phase => typescript, scope => TreeScope(TsParsedFile() / TsDeclModule(sparkpost) / TsDeclInterface(SparkPost) / TsMemberProperty(webhooks) / TsTypeObject())] 
[debug] PhaseRunner.scala:84 Success [id => sparkpost, phase => typescript] 
[warn ] Phase2ToScalaJs.scala:42 Processing sparkpost [id => sparkpost, phase => scala.js] 
[debug] PhaseRunner.scala:84 Success [id => sparkpost, phase => scala.js] 
[warn ] Phase3CompileBloop.scala:245 Built sparkpost in 1647 ms [id => sparkpost, phase => build] 
[info ] Phase3CompileBloop.scala:253 published local, [/home/tso/.ivy2/local/org.scalablytyped/sparkpost_sjs0.6_2.12/2.1-dt-20180517Z-655641/jars/sparkpost_sjs0.6_2.12.jar, /home/tso/.ivy2/local/org.scalablytyped/sparkpost_sjs0.6_2.12/2.1-dt-20180517Z-655641/srcs/sparkpost_sjs0.6_2.12-sources.jar, /home/tso/.ivy2/local/org.scalablytyped/sparkpost_sjs0.6_2.12/2.1-dt-20180517Z-655641/ivys/ivy.xml, /home/tso/.ivy2/local/org.scalablytyped/sparkpost_sjs0.6_2.12/2.1-dt-20180517Z-655641/poms/sparkpost_sjs0.6_2.12.pom] [id => sparkpost, phase => build] 
[debug] PhaseRunner.scala:84 Success [id => sparkpost, phase => build] 
[error] PhaseRes.scala:76 Caught exception: dispatch.StatusCode: Unexpected response status: 405 [id => sparkpost, phase => publish] java.util.concurrent.ExecutionException: dispatch.StatusCode: Unexpected response status: 405
	at com.ning.http.client.providers.netty.future.NettyResponseFuture.done(NettyResponseFuture.java:218)
	at com.ning.http.client.providers.netty.handler.HttpProtocol.markAsDone(HttpProtocol.java:204)
	at com.ning.http.client.providers.netty.handler.HttpProtocol.finishUpdate(HttpProtocol.java:189)
	at com.ning.http.client.providers.netty.handler.HttpProtocol.exitAfterHandlingBody(HttpProtocol.java:402)
	at com.ning.http.client.providers.netty.handler.HttpProtocol.handleHttpResponse(HttpProtocol.java:429)
	at com.ning.http.client.providers.netty.handler.HttpProtocol.handle(HttpProtocol.java:476)
	at com.ning.http.client.providers.netty.handler.Processor.messageReceived(Processor.java:89)
	at org.jboss.netty.channel.SimpleChannelUpstreamHandler.handleUpstream(SimpleChannelUpstreamHandler.java:70)
	at org.jboss.netty.channel.DefaultChannelPipeline.sendUpstream(DefaultChannelPipeline.java:564)
	at org.jboss.netty.channel.DefaultChannelPipeline$DefaultChannelHandlerContext.sendUpstream(DefaultChannelPipeline.java:791)
	at org.jboss.netty.handler.stream.ChunkedWriteHandler.handleUpstream(ChunkedWriteHandler.java:142)
	at org.jboss.netty.channel.DefaultChannelPipeline.sendUpstream(DefaultChannelPipeline.java:564)
	at org.jboss.netty.channel.DefaultChannelPipeline$DefaultChannelHandlerContext.sendUpstream(DefaultChannelPipeline.java:791)
	at org.jboss.netty.handler.codec.http.HttpContentDecoder.messageReceived(HttpContentDecoder.java:108)
	at org.jboss.netty.channel.SimpleChannelUpstreamHandler.handleUpstream(SimpleChannelUpstreamHandler.java:70)
	at org.jboss.netty.channel.DefaultChannelPipeline.sendUpstream(DefaultChannelPipeline.java:564)
	at org.jboss.netty.channel.DefaultChannelPipeline$DefaultChannelHandlerContext.sendUpstream(DefaultChannelPipeline.java:791)
	at org.jboss.netty.channel.Channels.fireMessageReceived(Channels.java:296)
	at org.jboss.netty.handler.codec.frame.FrameDecoder.unfoldAndFireMessageReceived(FrameDecoder.java:459)
	at org.jboss.netty.handler.codec.replay.ReplayingDecoder.callDecode(ReplayingDecoder.java:536)
	at org.jboss.netty.handler.codec.replay.ReplayingDecoder.messageReceived(ReplayingDecoder.java:435)
	at org.jboss.netty.channel.SimpleChannelUpstreamHandler.handleUpstream(SimpleChannelUpstreamHandler.java:70)
	at org.jboss.netty.handler.codec.http.HttpClientCodec.handleUpstream(HttpClientCodec.java:92)
	at org.jboss.netty.channel.DefaultChannelPipeline.sendUpstream(DefaultChannelPipeline.java:564)
	at org.jboss.netty.channel.DefaultChannelPipeline$DefaultChannelHandlerContext.sendUpstream(DefaultChannelPipeline.java:791)
	at org.jboss.netty.channel.Channels.fireMessageReceived(Channels.java:296)
	at org.jboss.netty.handler.codec.frame.FrameDecoder.unfoldAndFireMessageReceived(FrameDecoder.java:462)
	at org.jboss.netty.handler.codec.frame.FrameDecoder.callDecode(FrameDecoder.java:443)
	at org.jboss.netty.handler.codec.frame.FrameDecoder.messageReceived(FrameDecoder.java:303)
	at org.jboss.netty.channel.SimpleChannelUpstreamHandler.handleUpstream(SimpleChannelUpstreamHandler.java:70)
	at org.jboss.netty.channel.DefaultChannelPipeline.sendUpstream(DefaultChannelPipeline.java:564)
	at org.jboss.netty.channel.DefaultChannelPipeline.sendUpstream(DefaultChannelPipeline.java:559)
	at org.jboss.netty.channel.Channels.fireMessageReceived(Channels.java:268)
	at org.jboss.netty.channel.Channels.fireMessageReceived(Channels.java:255)
	at org.jboss.netty.channel.socket.nio.NioWorker.read(NioWorker.java:88)
	at org.jboss.netty.channel.socket.nio.AbstractNioWorker.process(AbstractNioWorker.java:108)
	at org.jboss.netty.channel.socket.nio.AbstractNioSelector.run(AbstractNioSelector.java:337)
	at org.jboss.netty.channel.socket.nio.AbstractNioWorker.run(AbstractNioWorker.java:89)
	at org.jboss.netty.channel.socket.nio.NioWorker.run(NioWorker.java:178)
	at org.jboss.netty.util.ThreadRenamingRunnable.run(ThreadRenamingRunnable.java:108)
	at org.jboss.netty.util.internal.DeadLockProofWorker$1.run(DeadLockProofWorker.java:42)
	at java.util.concurrent.ThreadPoolExecutor.runWorker(ThreadPoolExecutor.java:1149)
	at java.util.concurrent.ThreadPoolExecutor$Worker.run(ThreadPoolExecutor.java:624)
	at java.lang.Thread.run(Thread.java:748)
Caused by: dispatch.StatusCode: Unexpected response status: 405
	at com.olvind.tso.importer.build.BinTrayPublisher$Handle$.$anonfun$createOrConflictUncached$1(BinTrayPublisher.scala:35)
	at com.olvind.tso.importer.build.BinTrayPublisher$Handle$.$anonfun$createOrConflictUncached$1$adapted(BinTrayPublisher.scala:31)
	at dispatch.FunctionHandler.onCompleted(handlers.scala:26)
	at com.ning.http.client.AsyncCompletionHandler.onCompleted(AsyncCompletionHandler.java:55)
	at com.olvind.tso.importer.build.Caching$WrappedHandler.onCompleted(BinTrayPublisher.scala:141)
	at com.olvind.tso.importer.build.Caching$WrappedHandler.onCompleted(BinTrayPublisher.scala:141)
	at com.olvind.tso.importer.build.Caching$Client$StoringHandler$1$.onCompleted(BinTrayPublisher.scala:116)
	at com.ning.http.client.providers.netty.future.NettyResponseFuture.getContent(NettyResponseFuture.java:177)
	at com.ning.http.client.providers.netty.future.NettyResponseFuture.done(NettyResponseFuture.java:212)
	... 43 more

[error] PhaseRunner.scala:88 Failure, [sparkpost => java.util.concurrent.ExecutionException: dispatch.StatusCode: Unexpected response status: 405] [id => sparkpost, phase => publish] 
