[info ] InferredDependency.scala:20 Inferred dependencies Set(TsIdentLibrarySimple(node)) for TsIdentLibrarySimple(sshpk) [id => sshpk, phase => typescript, file => ../types/sshpk/index.d.ts] 
[debug] PhaseRunner.scala:78 Success [id => sshpk, phase => typescript] 
[info ] Phase1ReadTypescript.scala:152 Preprocessing TsHelperFile(InFile(/home/tso/tmp/tso-cache/DefinitelyTyped/types/sshpk/index.d.ts),FromFolder(InFolder(/home/tso/tmp/tso-cache/DefinitelyTyped/types/sshpk),TsIdentLibrarySimple(sshpk)),TsIdentModule(None,List(sshpk))) [id => sshpk, phase => typescript] 
[info ] InferredDefaultModule.scala:39 Inferred module TsIdentModule(None,List(sshpk)) [id => sshpk, phase => typescript] 
[warn ] Phase1ReadTypescript.scala:190 Processing TsIdentLibrarySimple(sshpk) [id => sshpk, phase => typescript] 
[debug] PhaseRunner.scala:78 Success [id => sshpk, phase => typescript] 
[warn ] Phase2ToScalaJs.scala:34 Processing TsIdentLibrarySimple(sshpk) [id => sshpk, phase => scala.js] 
[info ] CompleteClass.scala:60 Completed implementations Vector(parts) [id => sshpk, phase => scala.js, this => Name(sshpkLib) / Name(sshpkMod) / Name(Algo)] 
[info ] CompleteClass.scala:60 Completed implementations Vector(name, message) [id => sshpk, phase => scala.js, this => Name(sshpkLib) / Name(sshpkMod) / Name(CertificateParseError)] 
[info ] CompleteClass.scala:60 Completed implementations Vector(s, size, n, a, G, b, p, pkcs8oid) [id => sshpk, phase => scala.js, this => Name(sshpkLib) / Name(sshpkMod) / Name(Curve)] 
[info ] CompleteClass.scala:60 Completed implementations Vector(getPublicKey, setPrivateKey, generateKey, getPrivateKey, computeSecret, generateKeys, getKey, setKey) [id => sshpk, phase => scala.js, this => Name(sshpkLib) / Name(sshpkMod) / Name(DiffieHellman)] 
[info ] CompleteClass.scala:60 Completed implementations Vector(deriveSharedSecret) [id => sshpk, phase => scala.js, this => Name(sshpkLib) / Name(sshpkMod) / Name(ECPrivate)] 
[info ] CompleteClass.scala:60 Completed implementations Vector(name, message) [id => sshpk, phase => scala.js, this => Name(sshpkLib) / Name(sshpkMod) / Name(FingerprintFormatError)] 
[info ] CompleteClass.scala:60 Completed implementations Vector(auto, `ssh-private`, rfc4253, ssh, pkcs8, pkcs1, pem, openssh) [id => sshpk, phase => scala.js, this => Name(sshpkLib) / Name(sshpkMod) / Name(Formats)] 
[info ] CompleteClass.scala:60 Completed implementations Vector(name, message) [id => sshpk, phase => scala.js, this => Name(sshpkLib) / Name(sshpkMod) / Name(InvalidAlgorithmError)] 
[info ] CompleteClass.scala:60 Completed implementations Vector(name, message) [id => sshpk, phase => scala.js, this => Name(sshpkLib) / Name(sshpkMod) / Name(KeyEncryptedError)] 
[info ] CompleteClass.scala:60 Completed implementations Vector(name, message) [id => sshpk, phase => scala.js, this => Name(sshpkLib) / Name(sshpkMod) / Name(KeyParseError)] 
[info ] CompleteClass.scala:60 Completed implementations Vector(key, iv) [id => sshpk, phase => scala.js, this => Name(sshpkLib) / Name(sshpkMod) / Name(OpenSllKeyDeriv)] 
[info ] CompleteClass.scala:60 Completed implementations Vector(blockSize, opensslName, keySize) [id => sshpk, phase => scala.js, this => Name(sshpkLib) / Name(sshpkMod) / Name(OpensshCipherInfo)] 
[info ] CompleteClass.scala:60 Completed implementations Vector(toPublic, toBuffer, derive, createSign, createVerify, hash) [id => sshpk, phase => scala.js, this => Name(sshpkLib) / Name(sshpkMod) / Name(PrivateKey)] 
[info ] CompleteClass.scala:60 Completed implementations Vector(readInt, writeString, writeBuffer, remainder, writePart, writeCString, readPart, writeInt, skip, write, readInt64, readChar, readBuffer, writeChar, writeInt64, toBuffer, atEnd, expand, readString) [id => sshpk, phase => scala.js, this => Name(sshpkLib) / Name(sshpkMod) / Name(SSHBuffer)] 
[info ] CompleteClass.scala:60 Completed implementations Vector(data) [id => sshpk, phase => scala.js, this => Name(sshpkLib) / Name(sshpkMod) / Name(SSHPart)] 
[info ] CompleteClass.scala:60 Completed implementations Vector(toString, toBuffer) [id => sshpk, phase => scala.js, this => Name(sshpkLib) / Name(sshpkMod) / Name(Signature)] 
[info ] CompleteClass.scala:60 Completed implementations Vector(name, message) [id => sshpk, phase => scala.js, this => Name(sshpkLib) / Name(sshpkMod) / Name(SignatureParseError)] 
[info ] CompleteClass.scala:60 Completed implementations Vector(verify) [id => sshpk, phase => scala.js, this => Name(sshpkLib) / Name(sshpkMod) / Name(Verify)] 
[info ] CompleteClass.scala:60 Completed implementations Vector(n, h, G, g) [id => sshpk, phase => scala.js, this => Name(sshpkLib) / Name(sshpkMod) / Name(X9ECParameters)] 
[info ] CompleteClass.scala:60 Completed implementations Vector(ecdsa, dsa, ed25519, rsa, curve25519) [id => sshpk, phase => scala.js, this => Name(sshpkLib) / Name(sshpkMod) / Name(algInfo)] 
[info ] CompleteClass.scala:60 Completed implementations Vector(ecdsa, dsa, ed25519, rsa, curve25519) [id => sshpk, phase => scala.js, this => Name(sshpkLib) / Name(sshpkMod) / Name(algPrivInfo)] 
[info ] CompleteClass.scala:60 Completed implementations Vector(hashAlgs, info, curves, privInfo) [id => sshpk, phase => scala.js, this => Name(sshpkLib) / Name(sshpkMod) / Name(algs)] 
[info ] CompleteClass.scala:60 Completed implementations Vector(nistp256, nistp384, nistp512) [id => sshpk, phase => scala.js, this => Name(sshpkLib) / Name(sshpkMod) / Name(curves)] 
[info ] CompleteClass.scala:60 Completed implementations Vector(sha1, sha256, md5, sha384, sha512) [id => sshpk, phase => scala.js, this => Name(sshpkLib) / Name(sshpkMod) / Name(hashAlgs)] 
[debug] PhaseRunner.scala:78 Success [id => sshpk, phase => scala.js] 
[warn ] PhaseRunner.scala:64 Failed because of, [node => Compilation failed] [id => sshpk, phase => build] 
[debug] PhaseRunner.scala:82 Failure, [node => Compilation failed] [id => sshpk, phase => build] 
