[info ] InferredDependency.scala:20 Inferred dependencies Set(TsIdentLibrarySimple(react)) for TsIdentLibraryScoped(storybook,Some(addon-knobs)) [id => @storybook/addon-knobs, phase => typescript, file => ../types/storybook__addon-knobs/index.d.ts] 
[debug] PhaseRunner.scala:78 Success [id => @storybook/addon-knobs, phase => typescript] 
[debug] PhaseRunner.scala:78 Success [id => @storybook/addon-knobs, phase => typescript] 
[debug] PhaseRunner.scala:78 Success [id => @storybook/addon-knobs, phase => typescript] 
[debug] PhaseRunner.scala:78 Success [id => @storybook/addon-knobs, phase => typescript] 
[info ] Phase1ReadTypescript.scala:152 Preprocessing TsHelperFile(InFile(/home/tso/tmp/tso-cache/DefinitelyTyped/types/storybook__addon-knobs/angular.d.ts),FromFolder(InFolder(/home/tso/tmp/tso-cache/DefinitelyTyped/types/storybook__addon-knobs),TsIdentLibraryScoped(storybook,Some(addon-knobs))),TsIdentModule(Some(storybook),List(addon-knobs, angular))) [id => @storybook/addon-knobs, phase => typescript] 
[info ] InferredDefaultModule.scala:39 Inferred module TsIdentModule(Some(storybook),List(addon-knobs, angular)) [id => @storybook/addon-knobs, phase => typescript] 
[info ] Phase1ReadTypescript.scala:152 Preprocessing TsHelperFile(InFile(/home/tso/tmp/tso-cache/DefinitelyTyped/types/storybook__addon-knobs/index.d.ts),FromFolder(InFolder(/home/tso/tmp/tso-cache/DefinitelyTyped/types/storybook__addon-knobs),TsIdentLibraryScoped(storybook,Some(addon-knobs))),TsIdentModule(Some(storybook),List(addon-knobs))) [id => @storybook/addon-knobs, phase => typescript] 
[info ] InferredDefaultModule.scala:39 Inferred module TsIdentModule(Some(storybook),List(addon-knobs)) [id => @storybook/addon-knobs, phase => typescript] 
[info ] Phase1ReadTypescript.scala:152 Preprocessing TsHelperFile(InFile(/home/tso/tmp/tso-cache/DefinitelyTyped/types/storybook__addon-knobs/react.d.ts),FromFolder(InFolder(/home/tso/tmp/tso-cache/DefinitelyTyped/types/storybook__addon-knobs),TsIdentLibraryScoped(storybook,Some(addon-knobs))),TsIdentModule(Some(storybook),List(addon-knobs, react))) [id => @storybook/addon-knobs, phase => typescript] 
[info ] InferredDefaultModule.scala:39 Inferred module TsIdentModule(Some(storybook),List(addon-knobs, react)) [id => @storybook/addon-knobs, phase => typescript] 
[info ] Phase1ReadTypescript.scala:152 Preprocessing TsHelperFile(InFile(/home/tso/tmp/tso-cache/DefinitelyTyped/types/storybook__addon-knobs/vue.d.ts),FromFolder(InFolder(/home/tso/tmp/tso-cache/DefinitelyTyped/types/storybook__addon-knobs),TsIdentLibraryScoped(storybook,Some(addon-knobs))),TsIdentModule(Some(storybook),List(addon-knobs, vue))) [id => @storybook/addon-knobs, phase => typescript] 
[info ] InferredDefaultModule.scala:39 Inferred module TsIdentModule(Some(storybook),List(addon-knobs, vue)) [id => @storybook/addon-knobs, phase => typescript] 
[warn ] Phase1ReadTypescript.scala:190 Processing TsIdentLibraryScoped(storybook,Some(addon-knobs)) [id => @storybook/addon-knobs, phase => typescript] 
[info ] ExtractInterfaces.scala:30 Extracted anonymous interface TsIdentSimple(Anon_Timestamps) [id => @storybook/addon-knobs, phase => typescript, scope => TreeScope(TsParsedFile() / TsDeclModule(@storybook/addon-knobs) / TsDeclFunction(withKnobsOptions) / TsFunSig() / TsFunParam() / TsTypeObject())] 
[info ] ExtractInterfaces.scala:30 Extracted anonymous interface TsIdentSimple(Anon_Timestamps) [id => @storybook/addon-knobs, phase => typescript, scope => TreeScope(TsParsedFile() / TsDeclModule(@storybook/addon-knobs/react) / TsDeclFunction(withKnobsOptions) / TsFunSig() / TsFunParam() / TsTypeObject())] 
[info ] ExtractInterfaces.scala:30 Extracted anonymous interface TsIdentSimple(Anon_Timestamps) [id => @storybook/addon-knobs, phase => typescript, scope => TreeScope(TsParsedFile() / TsDeclModule(@storybook/addon-knobs/vue) / TsDeclFunction(withKnobsOptions) / TsFunSig() / TsFunParam() / TsTypeObject())] 
[info ] ExtractInterfaces.scala:30 Extracted anonymous interface TsIdentSimple(Anon_Timestamps) [id => @storybook/addon-knobs, phase => typescript, scope => TreeScope(TsParsedFile() / TsDeclModule(@storybook/addon-knobs/angular) / TsDeclFunction(withKnobsOptions) / TsFunSig() / TsFunParam() / TsTypeObject())] 
[debug] PhaseRunner.scala:78 Success [id => @storybook/addon-knobs, phase => typescript] 
[warn ] Phase2ToScalaJs.scala:34 Processing TsIdentLibraryScoped(storybook,Some(addon-knobs)) [id => @storybook/addon-knobs, phase => scala.js] 
[debug] PhaseRunner.scala:78 Success [id => @storybook/addon-knobs, phase => scala.js] 
[warn ] PhaseRunner.scala:64 Failed because of, [node => Compilation failed] [id => @storybook/addon-knobs, phase => build] 
[debug] PhaseRunner.scala:82 Failure, [node => Compilation failed] [id => @storybook/addon-knobs, phase => build] 
