[debug] PhaseRunner.scala:84 Success [id => @storybook/theming, phase => typescript] 
[debug] PhaseRunner.scala:84 Success [id => @storybook/theming, phase => typescript] 
[debug] PhaseRunner.scala:84 Success [id => @storybook/theming, phase => typescript] 
[debug] PhaseRunner.scala:84 Success [id => @storybook/theming, phase => typescript] 
[debug] PhaseRunner.scala:84 Success [id => @storybook/theming, phase => typescript] 
[debug] PhaseRunner.scala:84 Success [id => @storybook/theming, phase => typescript] 
[debug] PhaseRunner.scala:84 Success [id => @storybook/theming, phase => typescript] 
[debug] PhaseRunner.scala:84 Success [id => @storybook/theming, phase => typescript] 
[debug] PhaseRunner.scala:84 Success [id => @storybook/theming, phase => typescript] 
[info ] Phase1ReadTypescript.scala:160 Preprocessing TsHelperFile(InFile(/home/tso/tmp/tso-cache/npm/node_modules/@storybook/theming/dist/animation.d.ts),FromFolder(InFolder(/home/tso/tmp/tso-cache/npm/node_modules/@storybook/theming),TsIdentLibraryScoped(storybook,Some(theming))),TsIdentModule(Some(storybook),List(theming, dist, animation))) [id => @storybook/theming, phase => typescript] 
[info ] InferredDefaultModule.scala:39 Inferred module TsIdentModule(Some(storybook),List(theming, dist, animation)) [id => @storybook/theming, phase => typescript] 
[info ] Phase1ReadTypescript.scala:160 Preprocessing TsHelperFile(InFile(/home/tso/tmp/tso-cache/npm/node_modules/@storybook/theming/dist/base.d.ts),FromFolder(InFolder(/home/tso/tmp/tso-cache/npm/node_modules/@storybook/theming),TsIdentLibraryScoped(storybook,Some(theming))),TsIdentModule(Some(storybook),List(theming, dist, base))) [id => @storybook/theming, phase => typescript] 
[info ] InferredDefaultModule.scala:39 Inferred module TsIdentModule(Some(storybook),List(theming, dist, base)) [id => @storybook/theming, phase => typescript] 
[info ] Phase1ReadTypescript.scala:160 Preprocessing TsHelperFile(InFile(/home/tso/tmp/tso-cache/npm/node_modules/@storybook/theming/dist/convert.d.ts),FromFolder(InFolder(/home/tso/tmp/tso-cache/npm/node_modules/@storybook/theming),TsIdentLibraryScoped(storybook,Some(theming))),TsIdentModule(Some(storybook),List(theming, dist, convert))) [id => @storybook/theming, phase => typescript] 
[info ] InferredDefaultModule.scala:39 Inferred module TsIdentModule(Some(storybook),List(theming, dist, convert)) [id => @storybook/theming, phase => typescript] 
[info ] Phase1ReadTypescript.scala:160 Preprocessing TsHelperFile(InFile(/home/tso/tmp/tso-cache/npm/node_modules/@storybook/theming/dist/create.d.ts),FromFolder(InFolder(/home/tso/tmp/tso-cache/npm/node_modules/@storybook/theming),TsIdentLibraryScoped(storybook,Some(theming))),TsIdentModule(Some(storybook),List(theming, dist, create))) [id => @storybook/theming, phase => typescript] 
[info ] InferredDefaultModule.scala:39 Inferred module TsIdentModule(Some(storybook),List(theming, dist, create)) [id => @storybook/theming, phase => typescript] 
[info ] Phase1ReadTypescript.scala:160 Preprocessing TsHelperFile(InFile(/home/tso/tmp/tso-cache/npm/node_modules/@storybook/theming/dist/ensure.d.ts),FromFolder(InFolder(/home/tso/tmp/tso-cache/npm/node_modules/@storybook/theming),TsIdentLibraryScoped(storybook,Some(theming))),TsIdentModule(Some(storybook),List(theming, dist, ensure))) [id => @storybook/theming, phase => typescript] 
[info ] InferredDefaultModule.scala:39 Inferred module TsIdentModule(Some(storybook),List(theming, dist, ensure)) [id => @storybook/theming, phase => typescript] 
[info ] Phase1ReadTypescript.scala:160 Preprocessing TsHelperFile(InFile(/home/tso/tmp/tso-cache/npm/node_modules/@storybook/theming/dist/global.d.ts),FromFolder(InFolder(/home/tso/tmp/tso-cache/npm/node_modules/@storybook/theming),TsIdentLibraryScoped(storybook,Some(theming))),TsIdentModule(Some(storybook),List(theming, dist, global))) [id => @storybook/theming, phase => typescript] 
[info ] InferredDefaultModule.scala:39 Inferred module TsIdentModule(Some(storybook),List(theming, dist, global)) [id => @storybook/theming, phase => typescript] 
[info ] Phase1ReadTypescript.scala:160 Preprocessing TsHelperFile(InFile(/home/tso/tmp/tso-cache/npm/node_modules/@storybook/theming/dist/index.d.ts),FromFolder(InFolder(/home/tso/tmp/tso-cache/npm/node_modules/@storybook/theming),TsIdentLibraryScoped(storybook,Some(theming))),TsIdentModule(Some(storybook),List(theming))) [id => @storybook/theming, phase => typescript] 
[info ] InferredDefaultModule.scala:39 Inferred module TsIdentModule(Some(storybook),List(theming)) [id => @storybook/theming, phase => typescript] 
[info ] Phase1ReadTypescript.scala:160 Preprocessing TsHelperFile(InFile(/home/tso/tmp/tso-cache/npm/node_modules/@storybook/theming/dist/types.d.ts),FromFolder(InFolder(/home/tso/tmp/tso-cache/npm/node_modules/@storybook/theming),TsIdentLibraryScoped(storybook,Some(theming))),TsIdentModule(Some(storybook),List(theming, dist, types))) [id => @storybook/theming, phase => typescript] 
[info ] InferredDefaultModule.scala:39 Inferred module TsIdentModule(Some(storybook),List(theming, dist, types)) [id => @storybook/theming, phase => typescript] 
[info ] Phase1ReadTypescript.scala:160 Preprocessing TsHelperFile(InFile(/home/tso/tmp/tso-cache/npm/node_modules/@storybook/theming/dist/utils.d.ts),FromFolder(InFolder(/home/tso/tmp/tso-cache/npm/node_modules/@storybook/theming),TsIdentLibraryScoped(storybook,Some(theming))),TsIdentModule(Some(storybook),List(theming, dist, utils))) [id => @storybook/theming, phase => typescript] 
[info ] InferredDefaultModule.scala:39 Inferred module TsIdentModule(Some(storybook),List(theming, dist, utils)) [id => @storybook/theming, phase => typescript] 
[warn ] Phase1ReadTypescript.scala:182 Processing TsIdentLibraryScoped(storybook,Some(theming)) [id => @storybook/theming, phase => typescript] 
[info ] ResolveTypeQueries.scala:218 Resolved TsTypeQuery(TsQIdent(List(TsIdentSimple(color)))) [id => @storybook/theming, phase => typescript, scope => TreeScope(TsParsedFile() / TsDeclModule(@storybook/theming/dist/types) / TsExport() / TsExporteeTree() / TsDeclTypeAlias(Color) / TsTypeQuery())] 
[info ] ResolveTypeQueries.scala:218 Resolved TsTypeQuery(TsQIdent(List(TsIdentSimple(background)))) [id => @storybook/theming, phase => typescript, scope => TreeScope(TsParsedFile() / TsDeclModule(@storybook/theming/dist/types) / TsExport() / TsExporteeTree() / TsDeclTypeAlias(Background) / TsTypeQuery())] 
[info ] ResolveTypeQueries.scala:218 Resolved TsTypeQuery(TsQIdent(List(TsIdentSimple(typography)))) [id => @storybook/theming, phase => typescript, scope => TreeScope(TsParsedFile() / TsDeclModule(@storybook/theming/dist/types) / TsExport() / TsExporteeTree() / TsDeclTypeAlias(Typography) / TsTypeQuery())] 
[info ] ResolveTypeQueries.scala:218 Resolved TsTypeQuery(TsQIdent(List(TsIdentSimple(animation)))) [id => @storybook/theming, phase => typescript, scope => TreeScope(TsParsedFile() / TsDeclModule(@storybook/theming/dist/types) / TsExport() / TsExporteeTree() / TsDeclTypeAlias(Animation) / TsTypeQuery())] 
[info ] ResolveTypeQueries.scala:218 Resolved TsTypeQuery(TsQIdent(List(TsIdentSimple(easing)))) [id => @storybook/theming, phase => typescript, scope => TreeScope(TsParsedFile() / TsDeclModule(@storybook/theming/dist/types) / TsExport() / TsExporteeTree() / TsDeclTypeAlias(Easing) / TsTypeQuery())] 
[info ] ExpandTypeParams.scala:74 Expanding 1 members for TsIdentSimple(convert) [id => @storybook/theming, phase => typescript, scope => TreeScope(TsParsedFile() / TsDeclModule(@storybook/theming/dist/convert))] 
[info ] ExpandTypeParams.scala:74 Expanding 1 members for TsIdentSimple(create) [id => @storybook/theming, phase => typescript, scope => TreeScope(TsParsedFile() / TsDeclModule(@storybook/theming/dist/create))] 
[info ] ExpandTypeParams.scala:74 Expanding 1 members for TsIdentSimple(ensure) [id => @storybook/theming, phase => typescript, scope => TreeScope(TsParsedFile() / TsDeclModule(@storybook/theming/dist/ensure))] 
[info ] ExpandTypeParams.scala:74 Expanding 1 members for TsIdentSimple(createReset) [id => @storybook/theming, phase => typescript, scope => TreeScope(TsParsedFile() / TsDeclModule(@storybook/theming/dist/global))] 
[info ] ExpandTypeParams.scala:74 Expanding 1 members for TsIdentSimple(createGlobal) [id => @storybook/theming, phase => typescript, scope => TreeScope(TsParsedFile() / TsDeclModule(@storybook/theming/dist/global))] 
[info ] ExpandTypeParams.scala:74 Expanding 1 members for TsIdentSimple(Global) [id => @storybook/theming, phase => typescript, scope => TreeScope(TsParsedFile() / TsDeclModule(@storybook/theming))] 
[info ] ExpandTypeParams.scala:74 Expanding 1 members for TsIdentSimple(keyframes) [id => @storybook/theming, phase => typescript, scope => TreeScope(TsParsedFile() / TsDeclModule(@storybook/theming))] 
[info ] ExpandTypeParams.scala:74 Expanding 1 members for TsIdentSimple(keyframes) [id => @storybook/theming, phase => typescript, scope => TreeScope(TsParsedFile() / TsDeclModule(@storybook/theming))] 
[info ] ExpandTypeParams.scala:74 Expanding 1 members for TsIdentSimple(withEmotionCache) [id => @storybook/theming, phase => typescript, scope => TreeScope(TsParsedFile() / TsDeclModule(@storybook/theming))] 
[info ] ExpandTypeParams.scala:74 Expanding 1 members for TsIdentSimple(ClassNames) [id => @storybook/theming, phase => typescript, scope => TreeScope(TsParsedFile() / TsDeclModule(@storybook/theming))] 
[info ] ExpandTypeParams.scala:74 Expanding 1 members for TsIdentSimple(css) [id => @storybook/theming, phase => typescript, scope => TreeScope(TsParsedFile() / TsDeclModule(@storybook/theming))] 
[info ] ExpandTypeParams.scala:74 Expanding 1 members for TsIdentSimple(css) [id => @storybook/theming, phase => typescript, scope => TreeScope(TsParsedFile() / TsDeclModule(@storybook/theming))] 
[info ] ExpandTypeParams.scala:74 Expanding 1 members for TsIdentSimple(ThemeProvider) [id => @storybook/theming, phase => typescript, scope => TreeScope(TsParsedFile() / TsDeclModule(@storybook/theming))] 
[info ] ExpandTypeParams.scala:74 Expanding 1 members for TsIdentSimple(useTheme) [id => @storybook/theming, phase => typescript, scope => TreeScope(TsParsedFile() / TsDeclModule(@storybook/theming))] 
[info ] ExpandTypeParams.scala:74 Expanding 1 members for TsIdentSimple(withTheme) [id => @storybook/theming, phase => typescript, scope => TreeScope(TsParsedFile() / TsDeclModule(@storybook/theming))] 
[info ] ExpandTypeParams.scala:74 Expanding 1 members for TsIdentSimple(createGlobal) [id => @storybook/theming, phase => typescript, scope => TreeScope(TsParsedFile() / TsDeclModule(@storybook/theming))] 
[info ] ExpandTypeParams.scala:74 Expanding 1 members for TsIdentSimple(createReset) [id => @storybook/theming, phase => typescript, scope => TreeScope(TsParsedFile() / TsDeclModule(@storybook/theming))] 
[info ] ExpandTypeParams.scala:74 Expanding 1 members for TsIdentSimple(create) [id => @storybook/theming, phase => typescript, scope => TreeScope(TsParsedFile() / TsDeclModule(@storybook/theming))] 
[info ] ExpandTypeParams.scala:74 Expanding 1 members for TsIdentSimple(convert) [id => @storybook/theming, phase => typescript, scope => TreeScope(TsParsedFile() / TsDeclModule(@storybook/theming))] 
[info ] ExpandTypeParams.scala:74 Expanding 1 members for TsIdentSimple(ensure) [id => @storybook/theming, phase => typescript, scope => TreeScope(TsParsedFile() / TsDeclModule(@storybook/theming))] 
[info ] ExpandTypeParams.scala:74 Expanding 1 members for TsIdentSimple(lighten) [id => @storybook/theming, phase => typescript, scope => TreeScope(TsParsedFile() / TsDeclModule(@storybook/theming))] 
[info ] ExpandTypeParams.scala:74 Expanding 1 members for TsIdentSimple(darken) [id => @storybook/theming, phase => typescript, scope => TreeScope(TsParsedFile() / TsDeclModule(@storybook/theming))] 
[info ] ExpandTypeParams.scala:53 Expanding 1 call members [id => @storybook/theming, phase => typescript, scope => TreeScope(TsParsedFile() / TsDeclModule(@storybook/theming) / TsDeclVar(jsx) / TsTypeObject())] 
[info ] ExpandTypeParams.scala:53 Expanding 1 call members [id => @storybook/theming, phase => typescript, scope => TreeScope(TsParsedFile() / TsDeclModule(@storybook/theming) / TsDeclVar(jsx) / TsTypeObject())] 
[info ] ExpandTypeParams.scala:53 Expanding 1 call members [id => @storybook/theming, phase => typescript, scope => TreeScope(TsParsedFile() / TsDeclModule(@storybook/theming) / TsDeclVar(jsx) / TsTypeObject())] 
[info ] ExpandTypeParams.scala:53 Expanding 1 call members [id => @storybook/theming, phase => typescript, scope => TreeScope(TsParsedFile() / TsDeclModule(@storybook/theming) / TsDeclVar(jsx) / TsTypeObject())] 
[info ] ExpandTypeParams.scala:53 Expanding 1 call members [id => @storybook/theming, phase => typescript, scope => TreeScope(TsParsedFile() / TsDeclModule(@storybook/theming) / TsDeclVar(jsx) / TsTypeObject())] 
[info ] ExpandTypeParams.scala:53 Expanding 1 call members [id => @storybook/theming, phase => typescript, scope => TreeScope(TsParsedFile() / TsDeclModule(@storybook/theming) / TsDeclVar(jsx) / TsTypeObject())] 
[info ] ExpandTypeParams.scala:53 Expanding 1 call members [id => @storybook/theming, phase => typescript, scope => TreeScope(TsParsedFile() / TsDeclModule(@storybook/theming) / TsDeclVar(jsx) / TsTypeObject())] 
[info ] ExpandTypeParams.scala:53 Expanding 1 call members [id => @storybook/theming, phase => typescript, scope => TreeScope(TsParsedFile() / TsDeclModule(@storybook/theming) / TsDeclVar(jsx) / TsTypeObject())] 
[info ] ExpandTypeParams.scala:53 Expanding 1 call members [id => @storybook/theming, phase => typescript, scope => TreeScope(TsParsedFile() / TsDeclModule(@storybook/theming) / TsDeclVar(jsx) / TsTypeObject())] 
[info ] ExpandTypeParams.scala:53 Expanding 1 call members [id => @storybook/theming, phase => typescript, scope => TreeScope(TsParsedFile() / TsDeclModule(@storybook/theming) / TsDeclVar(jsx) / TsTypeObject())] 
[info ] ExpandTypeParams.scala:53 Expanding 1 call members [id => @storybook/theming, phase => typescript, scope => TreeScope(TsParsedFile() / TsDeclModule(@storybook/theming) / TsDeclVar(jsx) / TsTypeObject())] 
[info ] ExpandTypeParams.scala:53 Expanding 1 call members [id => @storybook/theming, phase => typescript, scope => TreeScope(TsParsedFile() / TsDeclModule(@storybook/theming) / TsDeclVar(jsx) / TsTypeObject())] 
[info ] ExpandTypeParams.scala:53 Expanding 1 call members [id => @storybook/theming, phase => typescript, scope => TreeScope(TsParsedFile() / TsDeclModule(@storybook/theming) / TsDeclVar(jsx) / TsTypeObject())] 
[info ] ExpandTypeParams.scala:53 Expanding 1 call members [id => @storybook/theming, phase => typescript, scope => TreeScope(TsParsedFile() / TsDeclModule(@storybook/theming) / TsDeclVar(jsx) / TsTypeObject())] 
[info ] ExpandTypeParams.scala:53 Expanding 1 call members [id => @storybook/theming, phase => typescript, scope => TreeScope(TsParsedFile() / TsDeclModule(@storybook/theming) / TsDeclVar(jsx) / TsTypeObject())] 
[info ] ExpandTypeParams.scala:53 Expanding 1 call members [id => @storybook/theming, phase => typescript, scope => TreeScope(TsParsedFile() / TsDeclModule(@storybook/theming) / TsDeclVar(jsx) / TsTypeObject())] 
[info ] ExpandTypeParams.scala:53 Expanding 1 call members [id => @storybook/theming, phase => typescript, scope => TreeScope(TsParsedFile() / TsDeclModule(@storybook/theming) / TsDeclVar(jsx) / TsTypeObject())] 
[info ] ExpandTypeParams.scala:53 Expanding 1 call members [id => @storybook/theming, phase => typescript, scope => TreeScope(TsParsedFile() / TsDeclModule(@storybook/theming) / TsDeclVar(jsx) / TsTypeObject())] 
[info ] ExpandTypeParams.scala:53 Expanding 1 call members [id => @storybook/theming, phase => typescript, scope => TreeScope(TsParsedFile() / TsDeclModule(@storybook/theming) / TsDeclVar(jsx) / TsTypeObject())] 
[info ] ExpandTypeParams.scala:53 Expanding 1 call members [id => @storybook/theming, phase => typescript, scope => TreeScope(TsParsedFile() / TsDeclModule(@storybook/theming) / TsDeclVar(jsx) / TsTypeObject())] 
[info ] ExpandTypeParams.scala:53 Expanding 1 call members [id => @storybook/theming, phase => typescript, scope => TreeScope(TsParsedFile() / TsDeclModule(@storybook/theming) / TsDeclVar(jsx) / TsTypeObject())] 
[info ] ExpandTypeParams.scala:53 Expanding 1 call members [id => @storybook/theming, phase => typescript, scope => TreeScope(TsParsedFile() / TsDeclModule(@storybook/theming) / TsDeclVar(jsx) / TsTypeObject())] 
[info ] ExpandTypeParams.scala:53 Expanding 1 call members [id => @storybook/theming, phase => typescript, scope => TreeScope(TsParsedFile() / TsDeclModule(@storybook/theming) / TsDeclVar(jsx) / TsTypeObject())] 
[info ] ExpandTypeParams.scala:53 Expanding 1 call members [id => @storybook/theming, phase => typescript, scope => TreeScope(TsParsedFile() / TsDeclModule(@storybook/theming) / TsDeclVar(jsx) / TsTypeObject())] 
[info ] ExpandTypeParams.scala:53 Expanding 1 call members [id => @storybook/theming, phase => typescript, scope => TreeScope(TsParsedFile() / TsDeclModule(@storybook/theming) / TsDeclVar(jsx) / TsTypeObject())] 
[info ] ExpandTypeParams.scala:53 Expanding 1 call members [id => @storybook/theming, phase => typescript, scope => TreeScope(TsParsedFile() / TsDeclModule(@storybook/theming) / TsDeclVar(jsx) / TsTypeObject())] 
[info ] ExpandTypeParams.scala:53 Expanding 1 call members [id => @storybook/theming, phase => typescript, scope => TreeScope(TsParsedFile() / TsDeclModule(@storybook/theming) / TsDeclVar(jsx) / TsTypeObject())] 
[info ] ExpandTypeParams.scala:53 Expanding 1 call members [id => @storybook/theming, phase => typescript, scope => TreeScope(TsParsedFile() / TsDeclModule(@storybook/theming) / TsDeclVar(jsx) / TsTypeObject())] 
[info ] ExpandTypeParams.scala:53 Expanding 1 call members [id => @storybook/theming, phase => typescript, scope => TreeScope(TsParsedFile() / TsDeclModule(@storybook/theming) / TsDeclVar(jsx) / TsTypeObject())] 
[info ] ExpandTypeParams.scala:53 Expanding 1 call members [id => @storybook/theming, phase => typescript, scope => TreeScope(TsParsedFile() / TsDeclModule(@storybook/theming) / TsDeclVar(jsx) / TsTypeObject())] 
[info ] ExpandTypeParams.scala:74 Expanding 1 members for TsIdentSimple(mkColor) [id => @storybook/theming, phase => typescript, scope => TreeScope(TsParsedFile() / TsDeclModule(@storybook/theming/dist/utils))] 
[info ] ExpandTypeParams.scala:74 Expanding 1 members for TsIdentSimple(lightenColor) [id => @storybook/theming, phase => typescript, scope => TreeScope(TsParsedFile() / TsDeclModule(@storybook/theming/dist/utils))] 
[info ] ExpandTypeParams.scala:74 Expanding 1 members for TsIdentSimple(darkenColor) [id => @storybook/theming, phase => typescript, scope => TreeScope(TsParsedFile() / TsDeclModule(@storybook/theming/dist/utils))] 
[info ] ExtractInterfaces.scala:41 Extracted anonymous interface TsIdentSimple(Anon_Base) [id => @storybook/theming, phase => typescript, scope => TreeScope(TsParsedFile() / TsDeclModule(@storybook/theming/dist/base) / TsDeclVar(typography) / TsTypeObject() / TsMemberProperty(fonts) / TsTypeObject())] 
[info ] ExtractInterfaces.scala:41 Extracted anonymous interface TsIdentSimple(Anon_Black) [id => @storybook/theming, phase => typescript, scope => TreeScope(TsParsedFile() / TsDeclModule(@storybook/theming/dist/base) / TsDeclVar(typography) / TsTypeObject() / TsMemberProperty(weight) / TsTypeObject())] 
[info ] ExtractInterfaces.scala:41 Extracted anonymous interface TsIdentSimple(Anon_Code) [id => @storybook/theming, phase => typescript, scope => TreeScope(TsParsedFile() / TsDeclModule(@storybook/theming/dist/base) / TsDeclVar(typography) / TsTypeObject() / TsMemberProperty(size) / TsTypeObject())] 
[info ] ExtractInterfaces.scala:41 Extracted anonymous interface TsIdentSimple(Anon_Base) [id => @storybook/theming, phase => typescript, scope => TreeScope(TsParsedFile() / TsDeclModule(@storybook/theming/dist/global) / TsDeclFunction(createReset) / TsFunSig() / TsFunParam() / TsTypeObject() / TsMemberProperty(typography) / TsTypeObject() / TsMemberProperty(fonts) / TsTypeObject())] 
[info ] ExtractInterfaces.scala:41 Extracted anonymous interface TsIdentSimple(Anon_Black) [id => @storybook/theming, phase => typescript, scope => TreeScope(TsParsedFile() / TsDeclModule(@storybook/theming/dist/global) / TsDeclFunction(createReset) / TsFunSig() / TsFunParam() / TsTypeObject() / TsMemberProperty(typography) / TsTypeObject() / TsMemberProperty(weight) / TsTypeObject())] 
[info ] ExtractInterfaces.scala:41 Extracted anonymous interface TsIdentSimple(Anon_Code) [id => @storybook/theming, phase => typescript, scope => TreeScope(TsParsedFile() / TsDeclModule(@storybook/theming/dist/global) / TsDeclFunction(createReset) / TsFunSig() / TsFunParam() / TsTypeObject() / TsMemberProperty(typography) / TsTypeObject() / TsMemberProperty(size) / TsTypeObject())] 
[info ] ExtractInterfaces.scala:41 Extracted anonymous interface TsIdentSimple(Anon_Fonts) [id => @storybook/theming, phase => typescript, scope => TreeScope(TsParsedFile() / TsDeclModule(@storybook/theming/dist/global) / TsDeclFunction(createReset) / TsFunSig() / TsFunParam() / TsTypeObject() / TsMemberProperty(typography) / TsTypeObject())] 
[info ] ExtractInterfaces.scala:41 Extracted anonymous interface TsIdentSimple(Anon_Typography) [id => @storybook/theming, phase => typescript, scope => TreeScope(TsParsedFile() / TsDeclModule(@storybook/theming/dist/global) / TsDeclFunction(createReset) / TsFunSig() / TsFunParam() / TsTypeObject())] 
[info ] ExtractInterfaces.scala:41 Extracted anonymous interface TsIdentSimple(Anon_Ancillary) [id => @storybook/theming, phase => typescript, scope => TreeScope(TsParsedFile() / TsDeclModule(@storybook/theming/dist/global) / TsDeclFunction(createGlobal) / TsFunSig() / TsFunParam() / TsTypeObject() / TsMemberProperty(color) / TsTypeObject())] 
[info ] ExtractInterfaces.scala:41 Extracted anonymous interface TsIdentSimple(Anon_App) [id => @storybook/theming, phase => typescript, scope => TreeScope(TsParsedFile() / TsDeclModule(@storybook/theming/dist/global) / TsDeclFunction(createGlobal) / TsFunSig() / TsFunParam() / TsTypeObject() / TsMemberProperty(background) / TsTypeObject())] 
[info ] ExtractInterfaces.scala:41 Extracted anonymous interface TsIdentSimple(Anon_Base) [id => @storybook/theming, phase => typescript, scope => TreeScope(TsParsedFile() / TsDeclModule(@storybook/theming/dist/global) / TsDeclFunction(createGlobal) / TsFunSig() / TsFunParam() / TsTypeObject() / TsMemberProperty(typography) / TsTypeObject() / TsMemberProperty(fonts) / TsTypeObject())] 
[info ] ExtractInterfaces.scala:41 Extracted anonymous interface TsIdentSimple(Anon_Black) [id => @storybook/theming, phase => typescript, scope => TreeScope(TsParsedFile() / TsDeclModule(@storybook/theming/dist/global) / TsDeclFunction(createGlobal) / TsFunSig() / TsFunParam() / TsTypeObject() / TsMemberProperty(typography) / TsTypeObject() / TsMemberProperty(weight) / TsTypeObject())] 
[info ] ExtractInterfaces.scala:41 Extracted anonymous interface TsIdentSimple(Anon_Code) [id => @storybook/theming, phase => typescript, scope => TreeScope(TsParsedFile() / TsDeclModule(@storybook/theming/dist/global) / TsDeclFunction(createGlobal) / TsFunSig() / TsFunParam() / TsTypeObject() / TsMemberProperty(typography) / TsTypeObject() / TsMemberProperty(size) / TsTypeObject())] 
[info ] ExtractInterfaces.scala:41 Extracted anonymous interface TsIdentSimple(Anon_Fonts) [id => @storybook/theming, phase => typescript, scope => TreeScope(TsParsedFile() / TsDeclModule(@storybook/theming/dist/global) / TsDeclFunction(createGlobal) / TsFunSig() / TsFunParam() / TsTypeObject() / TsMemberProperty(typography) / TsTypeObject())] 
[info ] ExtractInterfaces.scala:41 Extracted anonymous interface TsIdentSimple(Anon_Background) [id => @storybook/theming, phase => typescript, scope => TreeScope(TsParsedFile() / TsDeclModule(@storybook/theming/dist/global) / TsDeclFunction(createGlobal) / TsFunSig() / TsFunParam() / TsTypeObject())] 
[info ] ExtractInterfaces.scala:41 Extracted anonymous interface TsIdentSimple(Anon_Base) [id => @storybook/theming, phase => typescript, scope => TreeScope(TsParsedFile() / TsDeclModule(@storybook/theming) / TsDeclVar(typography) / TsTypeObject() / TsMemberProperty(fonts) / TsTypeObject())] 
[info ] ExtractInterfaces.scala:41 Extracted anonymous interface TsIdentSimple(Anon_Black) [id => @storybook/theming, phase => typescript, scope => TreeScope(TsParsedFile() / TsDeclModule(@storybook/theming) / TsDeclVar(typography) / TsTypeObject() / TsMemberProperty(weight) / TsTypeObject())] 
[info ] ExtractInterfaces.scala:41 Extracted anonymous interface TsIdentSimple(Anon_Code) [id => @storybook/theming, phase => typescript, scope => TreeScope(TsParsedFile() / TsDeclModule(@storybook/theming) / TsDeclVar(typography) / TsTypeObject() / TsMemberProperty(size) / TsTypeObject())] 
[info ] ExtractInterfaces.scala:41 Extracted anonymous interface TsIdentSimple(Anon_Ancillary) [id => @storybook/theming, phase => typescript, scope => TreeScope(TsParsedFile() / TsDeclModule(@storybook/theming) / TsDeclFunction(createGlobal) / TsFunSig() / TsFunParam() / TsTypeObject() / TsMemberProperty(color) / TsTypeObject())] 
[info ] ExtractInterfaces.scala:41 Extracted anonymous interface TsIdentSimple(Anon_App) [id => @storybook/theming, phase => typescript, scope => TreeScope(TsParsedFile() / TsDeclModule(@storybook/theming) / TsDeclFunction(createGlobal) / TsFunSig() / TsFunParam() / TsTypeObject() / TsMemberProperty(background) / TsTypeObject())] 
[info ] ExtractInterfaces.scala:41 Extracted anonymous interface TsIdentSimple(Anon_Base) [id => @storybook/theming, phase => typescript, scope => TreeScope(TsParsedFile() / TsDeclModule(@storybook/theming) / TsDeclFunction(createGlobal) / TsFunSig() / TsFunParam() / TsTypeObject() / TsMemberProperty(typography) / TsTypeObject() / TsMemberProperty(fonts) / TsTypeObject())] 
[info ] ExtractInterfaces.scala:41 Extracted anonymous interface TsIdentSimple(Anon_Black) [id => @storybook/theming, phase => typescript, scope => TreeScope(TsParsedFile() / TsDeclModule(@storybook/theming) / TsDeclFunction(createGlobal) / TsFunSig() / TsFunParam() / TsTypeObject() / TsMemberProperty(typography) / TsTypeObject() / TsMemberProperty(weight) / TsTypeObject())] 
[info ] ExtractInterfaces.scala:41 Extracted anonymous interface TsIdentSimple(Anon_Code) [id => @storybook/theming, phase => typescript, scope => TreeScope(TsParsedFile() / TsDeclModule(@storybook/theming) / TsDeclFunction(createGlobal) / TsFunSig() / TsFunParam() / TsTypeObject() / TsMemberProperty(typography) / TsTypeObject() / TsMemberProperty(size) / TsTypeObject())] 
[info ] ExtractInterfaces.scala:41 Extracted anonymous interface TsIdentSimple(Anon_Fonts) [id => @storybook/theming, phase => typescript, scope => TreeScope(TsParsedFile() / TsDeclModule(@storybook/theming) / TsDeclFunction(createGlobal) / TsFunSig() / TsFunParam() / TsTypeObject() / TsMemberProperty(typography) / TsTypeObject())] 
[info ] ExtractInterfaces.scala:41 Extracted anonymous interface TsIdentSimple(Anon_Background) [id => @storybook/theming, phase => typescript, scope => TreeScope(TsParsedFile() / TsDeclModule(@storybook/theming) / TsDeclFunction(createGlobal) / TsFunSig() / TsFunParam() / TsTypeObject())] 
[info ] ExtractInterfaces.scala:41 Extracted anonymous interface TsIdentSimple(Anon_Base) [id => @storybook/theming, phase => typescript, scope => TreeScope(TsParsedFile() / TsDeclModule(@storybook/theming) / TsDeclFunction(createReset) / TsFunSig() / TsFunParam() / TsTypeObject() / TsMemberProperty(typography) / TsTypeObject() / TsMemberProperty(fonts) / TsTypeObject())] 
[info ] ExtractInterfaces.scala:41 Extracted anonymous interface TsIdentSimple(Anon_Black) [id => @storybook/theming, phase => typescript, scope => TreeScope(TsParsedFile() / TsDeclModule(@storybook/theming) / TsDeclFunction(createReset) / TsFunSig() / TsFunParam() / TsTypeObject() / TsMemberProperty(typography) / TsTypeObject() / TsMemberProperty(weight) / TsTypeObject())] 
[info ] ExtractInterfaces.scala:41 Extracted anonymous interface TsIdentSimple(Anon_Code) [id => @storybook/theming, phase => typescript, scope => TreeScope(TsParsedFile() / TsDeclModule(@storybook/theming) / TsDeclFunction(createReset) / TsFunSig() / TsFunParam() / TsTypeObject() / TsMemberProperty(typography) / TsTypeObject() / TsMemberProperty(size) / TsTypeObject())] 
[info ] ExtractInterfaces.scala:41 Extracted anonymous interface TsIdentSimple(Anon_Fonts) [id => @storybook/theming, phase => typescript, scope => TreeScope(TsParsedFile() / TsDeclModule(@storybook/theming) / TsDeclFunction(createReset) / TsFunSig() / TsFunParam() / TsTypeObject() / TsMemberProperty(typography) / TsTypeObject())] 
[info ] ExtractInterfaces.scala:41 Extracted anonymous interface TsIdentSimple(Anon_Typography) [id => @storybook/theming, phase => typescript, scope => TreeScope(TsParsedFile() / TsDeclModule(@storybook/theming) / TsDeclFunction(createReset) / TsFunSig() / TsFunParam() / TsTypeObject())] 
[info ] ExtractInterfaces.scala:41 Extracted anonymous interface TsIdentSimple(Anon_Base) [id => @storybook/theming, phase => typescript, scope => TreeScope(TsParsedFile() / TsDeclModule(@storybook/theming/dist/types) / TsDeclInterface(Typography) / TsMemberProperty(fonts) / TsTypeObject())] 
[info ] ExtractInterfaces.scala:41 Extracted anonymous interface TsIdentSimple(Anon_Black) [id => @storybook/theming, phase => typescript, scope => TreeScope(TsParsedFile() / TsDeclModule(@storybook/theming/dist/types) / TsDeclInterface(Typography) / TsMemberProperty(weight) / TsTypeObject())] 
[info ] ExtractInterfaces.scala:41 Extracted anonymous interface TsIdentSimple(Anon_Code) [id => @storybook/theming, phase => typescript, scope => TreeScope(TsParsedFile() / TsDeclModule(@storybook/theming/dist/types) / TsDeclInterface(Typography) / TsMemberProperty(size) / TsTypeObject())] 
[info ] ExtractInterfaces.scala:41 Extracted anonymous interface TsIdentSimple(Anon_BackgroundBorder) [id => @storybook/theming, phase => typescript, scope => TreeScope(TsParsedFile() / TsDeclModule(@storybook/theming/dist/types) / TsDeclInterface(Theme) / TsMemberProperty(input) / TsTypeObject())] 
[info ] ExtractInterfaces.scala:41 Extracted anonymous interface TsIdentSimple(Anon_Color) [id => @storybook/theming, phase => typescript, scope => TreeScope(TsParsedFile() / TsDeclModule(@storybook/theming/dist/utils) / TsDeclFunction(mkColor) / TsFunSig() / TsTypeObject())] 
[debug] PhaseRunner.scala:84 Success [id => @storybook/theming, phase => typescript] 
[warn ] Phase2ToScalaJs.scala:43 Processing @storybook/theming [id => @storybook/theming, phase => scala.js] 
[info ] CombineOverloads.scala:82 Dropping 1 incompatible `apply` overloads (have no way to express this) at Name(typings) / Name(atStorybookTheming) / Name(atStorybookThemingMod) / Name(jsx) [id => @storybook/theming, phase => scala.js, this => Name(typings) / Name(atStorybookTheming) / Name(atStorybookThemingMod) / Name(jsx)] 
[info ] CombineOverloads.scala:82 Dropping 1 incompatible `apply` overloads (have no way to express this) at Name(typings) / Name(atStorybookTheming) / Name(atStorybookThemingMod) / Name(jsx) [id => @storybook/theming, phase => scala.js, this => Name(typings) / Name(atStorybookTheming) / Name(atStorybookThemingMod) / Name(jsx)] 
[info ] CombineOverloads.scala:82 Dropping 1 incompatible `apply` overloads (have no way to express this) at Name(typings) / Name(atStorybookTheming) / Name(atStorybookThemingMod) / Name(jsx) [id => @storybook/theming, phase => scala.js, this => Name(typings) / Name(atStorybookTheming) / Name(atStorybookThemingMod) / Name(jsx)] 
[info ] CombineOverloads.scala:82 Dropping 1 incompatible `apply` overloads (have no way to express this) at Name(typings) / Name(atStorybookTheming) / Name(atStorybookThemingMod) / Name(jsx) [id => @storybook/theming, phase => scala.js, this => Name(typings) / Name(atStorybookTheming) / Name(atStorybookThemingMod) / Name(jsx)] 
[info ] CombineOverloads.scala:82 Dropping 1 incompatible `apply` overloads (have no way to express this) at Name(typings) / Name(atStorybookTheming) / Name(atStorybookThemingMod) / Name(jsx) [id => @storybook/theming, phase => scala.js, this => Name(typings) / Name(atStorybookTheming) / Name(atStorybookThemingMod) / Name(jsx)] 
[info ] CombineOverloads.scala:82 Dropping 1 incompatible `apply` overloads (have no way to express this) at Name(typings) / Name(atStorybookTheming) / Name(atStorybookThemingMod) / Name(jsx) [id => @storybook/theming, phase => scala.js, this => Name(typings) / Name(atStorybookTheming) / Name(atStorybookThemingMod) / Name(jsx)] 
[info ] CombineOverloads.scala:82 Dropping 1 incompatible `apply` overloads (have no way to express this) at Name(typings) / Name(atStorybookTheming) / Name(atStorybookThemingMod) / Name(jsx) [id => @storybook/theming, phase => scala.js, this => Name(typings) / Name(atStorybookTheming) / Name(atStorybookThemingMod) / Name(jsx)] 
[info ] CombineOverloads.scala:82 Dropping 1 incompatible `apply` overloads (have no way to express this) at Name(typings) / Name(atStorybookTheming) / Name(atStorybookThemingMod) / Name(jsx) [id => @storybook/theming, phase => scala.js, this => Name(typings) / Name(atStorybookTheming) / Name(atStorybookThemingMod) / Name(jsx)] 
[debug] PhaseRunner.scala:84 Success [id => @storybook/theming, phase => scala.js] 
[warn ] PhaseRunner.scala:70 Failed because of, [@emotion/core => Compilation failed] [id => @storybook/theming, phase => build] 
[error] PhaseRunner.scala:88 Failure, [@emotion/core => Compilation failed] [id => @storybook/theming, phase => build] 
[error] PhaseRunner.scala:88 Failure, [@emotion/core => Compilation failed] [id => @storybook/theming, phase => publish] 
