[info ] InferredDependency.scala:22 Inferred dependencies Set(TsIdentLibrarySimple(react)) for TsIdentLibraryScoped(storybook,Some(components)) [id => @storybook/components, phase => typescript, file => ../dist/ActionBar/ActionBar.d.ts] 
[debug] PhaseRunner.scala:84 Success [id => @storybook/components, phase => typescript] 
[debug] PhaseRunner.scala:84 Success [id => @storybook/components, phase => typescript] 
[info ] InferredDependency.scala:22 Inferred dependencies Set(TsIdentLibrarySimple(react)) for TsIdentLibraryScoped(storybook,Some(components)) [id => @storybook/components, phase => typescript, file => ../dist/Button/Button.d.ts] 
[debug] PhaseRunner.scala:84 Success [id => @storybook/components, phase => typescript] 
[debug] PhaseRunner.scala:84 Success [id => @storybook/components, phase => typescript] 
[debug] PhaseRunner.scala:84 Success [id => @storybook/components, phase => typescript] 
[debug] PhaseRunner.scala:84 Success [id => @storybook/components, phase => typescript] 
[debug] PhaseRunner.scala:84 Success [id => @storybook/components, phase => typescript] 
[info ] InferredDependency.scala:22 Inferred dependencies Set(TsIdentLibrarySimple(react)) for TsIdentLibraryScoped(storybook,Some(components)) [id => @storybook/components, phase => typescript, file => ../dist/bar/separator.d.ts] 
[debug] PhaseRunner.scala:84 Success [id => @storybook/components, phase => typescript] 
[info ] InferredDependency.scala:22 Inferred dependencies Set(TsIdentLibrarySimple(react)) for TsIdentLibraryScoped(storybook,Some(components)) [id => @storybook/components, phase => typescript, file => ../dist/blocks/ColorPalette.d.ts] 
[debug] PhaseRunner.scala:84 Success [id => @storybook/components, phase => typescript] 
[info ] InferredDependency.scala:22 Inferred dependencies Set(TsIdentLibrarySimple(react)) for TsIdentLibraryScoped(storybook,Some(components)) [id => @storybook/components, phase => typescript, file => ../dist/blocks/Description.d.ts] 
[debug] PhaseRunner.scala:84 Success [id => @storybook/components, phase => typescript] 
[info ] InferredDependency.scala:22 Inferred dependencies Set(TsIdentLibrarySimple(react)) for TsIdentLibraryScoped(storybook,Some(components)) [id => @storybook/components, phase => typescript, file => ../dist/blocks/DocsPage.d.ts] 
[debug] PhaseRunner.scala:84 Success [id => @storybook/components, phase => typescript] 
[info ] InferredDependency.scala:22 Inferred dependencies Set(TsIdentLibrarySimple(react)) for TsIdentLibraryScoped(storybook,Some(components)) [id => @storybook/components, phase => typescript, file => ../dist/blocks/IFrame.d.ts] 
[debug] PhaseRunner.scala:84 Success [id => @storybook/components, phase => typescript] 
[info ] InferredDependency.scala:22 Inferred dependencies Set(TsIdentLibrarySimple(react)) for TsIdentLibraryScoped(storybook,Some(components)) [id => @storybook/components, phase => typescript, file => ../dist/blocks/IconGallery.d.ts] 
[debug] PhaseRunner.scala:84 Success [id => @storybook/components, phase => typescript] 
[info ] InferredDependency.scala:22 Inferred dependencies Set(TsIdentLibrarySimple(react)) for TsIdentLibraryScoped(storybook,Some(components)) [id => @storybook/components, phase => typescript, file => ../dist/blocks/Preview.d.ts] 
[info ] InferredDependency.scala:22 Inferred dependencies Set(TsIdentLibrarySimple(react)) for TsIdentLibraryScoped(storybook,Some(components)) [id => @storybook/components, phase => typescript, file => ../dist/blocks/Source.d.ts] 
[debug] PhaseRunner.scala:84 Success [id => @storybook/components, phase => typescript] 
[debug] PhaseRunner.scala:84 Success [id => @storybook/components, phase => typescript] 
[info ] InferredDependency.scala:22 Inferred dependencies Set(TsIdentLibrarySimple(react)) for TsIdentLibraryScoped(storybook,Some(components)) [id => @storybook/components, phase => typescript, file => ../blocks/PropsTable/PropsTable.d.ts] 
[debug] PhaseRunner.scala:84 Success [id => @storybook/components, phase => typescript] 
[debug] PhaseRunner.scala:84 Success [id => @storybook/components, phase => typescript] 
[info ] InferredDependency.scala:22 Inferred dependencies Set(TsIdentLibrarySimple(react)) for TsIdentLibraryScoped(storybook,Some(components)) [id => @storybook/components, phase => typescript, file => ../dist/blocks/Story.d.ts] 
[debug] PhaseRunner.scala:84 Success [id => @storybook/components, phase => typescript] 
[info ] InferredDependency.scala:22 Inferred dependencies Set(TsIdentLibrarySimple(react)) for TsIdentLibraryScoped(storybook,Some(components)) [id => @storybook/components, phase => typescript, file => ../dist/blocks/Typeset.d.ts] 
[debug] PhaseRunner.scala:84 Success [id => @storybook/components, phase => typescript] 
[debug] PhaseRunner.scala:84 Success [id => @storybook/components, phase => typescript] 
[debug] PhaseRunner.scala:84 Success [id => @storybook/components, phase => typescript] 
[debug] PhaseRunner.scala:84 Success [id => @storybook/components, phase => typescript] 
[debug] PhaseRunner.scala:84 Success [id => @storybook/components, phase => typescript] 
[info ] InferredDependency.scala:22 Inferred dependencies Set(TsIdentLibrarySimple(react)) for TsIdentLibraryScoped(storybook,Some(components)) [id => @storybook/components, phase => typescript, file => ../form/input/input.d.ts] 
[debug] PhaseRunner.scala:84 Success [id => @storybook/components, phase => typescript] 
[debug] PhaseRunner.scala:84 Success [id => @storybook/components, phase => typescript] 
[debug] PhaseRunner.scala:84 Success [id => @storybook/components, phase => typescript] 
[debug] PhaseRunner.scala:84 Success [id => @storybook/components, phase => typescript] 
[debug] PhaseRunner.scala:84 Success [id => @storybook/components, phase => typescript] 
[debug] PhaseRunner.scala:84 Success [id => @storybook/components, phase => typescript] 
[info ] InferredDependency.scala:22 Inferred dependencies Set(TsIdentLibrarySimple(react)) for TsIdentLibraryScoped(storybook,Some(components)) [id => @storybook/components, phase => typescript, file => ../dist/syntaxhighlighter/syntaxhighlighter.d.ts] 
[debug] PhaseRunner.scala:84 Success [id => @storybook/components, phase => typescript] 
[info ] InferredDependency.scala:22 Inferred dependencies Set(TsIdentLibrarySimple(react)) for TsIdentLibraryScoped(storybook,Some(components)) [id => @storybook/components, phase => typescript, file => ../dist/tabs/tabs.d.ts] 
[debug] PhaseRunner.scala:84 Success [id => @storybook/components, phase => typescript] 
[debug] PhaseRunner.scala:84 Success [id => @storybook/components, phase => typescript] 
[debug] PhaseRunner.scala:84 Success [id => @storybook/components, phase => typescript] 
[debug] PhaseRunner.scala:84 Success [id => @storybook/components, phase => typescript] 
[debug] PhaseRunner.scala:84 Success [id => @storybook/components, phase => typescript] 
[debug] PhaseRunner.scala:84 Success [id => @storybook/components, phase => typescript] 
[debug] PhaseRunner.scala:84 Success [id => @storybook/components, phase => typescript] 
[info ] InferredDependency.scala:22 Inferred dependencies Set(TsIdentLibrarySimple(react)) for TsIdentLibraryScoped(storybook,Some(components)) [id => @storybook/components, phase => typescript, file => ../typography/link/link.d.ts] 
[debug] PhaseRunner.scala:84 Success [id => @storybook/components, phase => typescript] 
[debug] PhaseRunner.scala:84 Success [id => @storybook/components, phase => typescript] 
[debug] PhaseRunner.scala:84 Success [id => @storybook/components, phase => typescript] 
[debug] PhaseRunner.scala:84 Success [id => @storybook/components, phase => typescript] 
[debug] PhaseRunner.scala:84 Success [id => @storybook/components, phase => typescript] 
[info ] Phase1ReadTypescript.scala:160 Preprocessing TsHelperFile(InFile(/home/tso/tmp/tso-cache/npm/node_modules/@storybook/components/dist/ActionBar/ActionBar.d.ts),FromFolder(InFolder(/home/tso/tmp/tso-cache/npm/node_modules/@storybook/components),TsIdentLibraryScoped(storybook,Some(components))),TsIdentModule(Some(storybook),List(components, dist, ActionBar, ActionBar))) [id => @storybook/components, phase => typescript] 
[info ] InferredDefaultModule.scala:39 Inferred module TsIdentModule(Some(storybook),List(components, dist, ActionBar, ActionBar)) [id => @storybook/components, phase => typescript] 
[info ] Phase1ReadTypescript.scala:160 Preprocessing TsHelperFile(InFile(/home/tso/tmp/tso-cache/npm/node_modules/@storybook/components/dist/Badge/Badge.d.ts),FromFolder(InFolder(/home/tso/tmp/tso-cache/npm/node_modules/@storybook/components),TsIdentLibraryScoped(storybook,Some(components))),TsIdentModule(Some(storybook),List(components, dist, Badge, Badge))) [id => @storybook/components, phase => typescript] 
[info ] InferredDefaultModule.scala:39 Inferred module TsIdentModule(Some(storybook),List(components, dist, Badge, Badge)) [id => @storybook/components, phase => typescript] 
[info ] Phase1ReadTypescript.scala:160 Preprocessing TsHelperFile(InFile(/home/tso/tmp/tso-cache/npm/node_modules/@storybook/components/dist/Button/Button.d.ts),FromFolder(InFolder(/home/tso/tmp/tso-cache/npm/node_modules/@storybook/components),TsIdentLibraryScoped(storybook,Some(components))),TsIdentModule(Some(storybook),List(components, dist, Button, Button))) [id => @storybook/components, phase => typescript] 
[info ] InferredDefaultModule.scala:39 Inferred module TsIdentModule(Some(storybook),List(components, dist, Button, Button)) [id => @storybook/components, phase => typescript] 
[info ] Phase1ReadTypescript.scala:160 Preprocessing TsHelperFile(InFile(/home/tso/tmp/tso-cache/npm/node_modules/@storybook/components/dist/ScrollArea/ScrollArea.d.ts),FromFolder(InFolder(/home/tso/tmp/tso-cache/npm/node_modules/@storybook/components),TsIdentLibraryScoped(storybook,Some(components))),TsIdentModule(Some(storybook),List(components, dist, ScrollArea, ScrollArea))) [id => @storybook/components, phase => typescript] 
[info ] InferredDefaultModule.scala:39 Inferred module TsIdentModule(Some(storybook),List(components, dist, ScrollArea, ScrollArea)) [id => @storybook/components, phase => typescript] 
[info ] Phase1ReadTypescript.scala:160 Preprocessing TsHelperFile(InFile(/home/tso/tmp/tso-cache/npm/node_modules/@storybook/components/dist/addon-panel/addon-panel.d.ts),FromFolder(InFolder(/home/tso/tmp/tso-cache/npm/node_modules/@storybook/components),TsIdentLibraryScoped(storybook,Some(components))),TsIdentModule(Some(storybook),List(components, dist, addon-panel, addon-panel))) [id => @storybook/components, phase => typescript] 
[info ] InferredDefaultModule.scala:39 Inferred module TsIdentModule(Some(storybook),List(components, dist, addon-panel, addon-panel)) [id => @storybook/components, phase => typescript] 
[info ] Phase1ReadTypescript.scala:160 Preprocessing TsHelperFile(InFile(/home/tso/tmp/tso-cache/npm/node_modules/@storybook/components/dist/bar/bar.d.ts),FromFolder(InFolder(/home/tso/tmp/tso-cache/npm/node_modules/@storybook/components),TsIdentLibraryScoped(storybook,Some(components))),TsIdentModule(Some(storybook),List(components, dist, bar, bar))) [id => @storybook/components, phase => typescript] 
[info ] InferredDefaultModule.scala:39 Inferred module TsIdentModule(Some(storybook),List(components, dist, bar, bar)) [id => @storybook/components, phase => typescript] 
[info ] Phase1ReadTypescript.scala:160 Preprocessing TsHelperFile(InFile(/home/tso/tmp/tso-cache/npm/node_modules/@storybook/components/dist/bar/button.d.ts),FromFolder(InFolder(/home/tso/tmp/tso-cache/npm/node_modules/@storybook/components),TsIdentLibraryScoped(storybook,Some(components))),TsIdentModule(Some(storybook),List(components, dist, bar, button))) [id => @storybook/components, phase => typescript] 
[info ] InferredDefaultModule.scala:39 Inferred module TsIdentModule(Some(storybook),List(components, dist, bar, button)) [id => @storybook/components, phase => typescript] 
[info ] Phase1ReadTypescript.scala:160 Preprocessing TsHelperFile(InFile(/home/tso/tmp/tso-cache/npm/node_modules/@storybook/components/dist/bar/separator.d.ts),FromFolder(InFolder(/home/tso/tmp/tso-cache/npm/node_modules/@storybook/components),TsIdentLibraryScoped(storybook,Some(components))),TsIdentModule(Some(storybook),List(components, dist, bar, separator))) [id => @storybook/components, phase => typescript] 
[info ] InferredDefaultModule.scala:39 Inferred module TsIdentModule(Some(storybook),List(components, dist, bar, separator)) [id => @storybook/components, phase => typescript] 
[info ] Phase1ReadTypescript.scala:160 Preprocessing TsHelperFile(InFile(/home/tso/tmp/tso-cache/npm/node_modules/@storybook/components/dist/blocks/ColorPalette.d.ts),FromFolder(InFolder(/home/tso/tmp/tso-cache/npm/node_modules/@storybook/components),TsIdentLibraryScoped(storybook,Some(components))),TsIdentModule(Some(storybook),List(components, dist, blocks, ColorPalette))) [id => @storybook/components, phase => typescript] 
[info ] InferredDefaultModule.scala:39 Inferred module TsIdentModule(Some(storybook),List(components, dist, blocks, ColorPalette)) [id => @storybook/components, phase => typescript] 
[info ] Phase1ReadTypescript.scala:160 Preprocessing TsHelperFile(InFile(/home/tso/tmp/tso-cache/npm/node_modules/@storybook/components/dist/blocks/Description.d.ts),FromFolder(InFolder(/home/tso/tmp/tso-cache/npm/node_modules/@storybook/components),TsIdentLibraryScoped(storybook,Some(components))),TsIdentModule(Some(storybook),List(components, dist, blocks, Description))) [id => @storybook/components, phase => typescript] 
[info ] InferredDefaultModule.scala:39 Inferred module TsIdentModule(Some(storybook),List(components, dist, blocks, Description)) [id => @storybook/components, phase => typescript] 
[info ] Phase1ReadTypescript.scala:160 Preprocessing TsHelperFile(InFile(/home/tso/tmp/tso-cache/npm/node_modules/@storybook/components/dist/blocks/DocsPage.d.ts),FromFolder(InFolder(/home/tso/tmp/tso-cache/npm/node_modules/@storybook/components),TsIdentLibraryScoped(storybook,Some(components))),TsIdentModule(Some(storybook),List(components, dist, blocks, DocsPage))) [id => @storybook/components, phase => typescript] 
[info ] InferredDefaultModule.scala:39 Inferred module TsIdentModule(Some(storybook),List(components, dist, blocks, DocsPage)) [id => @storybook/components, phase => typescript] 
[info ] Phase1ReadTypescript.scala:160 Preprocessing TsHelperFile(InFile(/home/tso/tmp/tso-cache/npm/node_modules/@storybook/components/dist/blocks/IFrame.d.ts),FromFolder(InFolder(/home/tso/tmp/tso-cache/npm/node_modules/@storybook/components),TsIdentLibraryScoped(storybook,Some(components))),TsIdentModule(Some(storybook),List(components, dist, blocks, IFrame))) [id => @storybook/components, phase => typescript] 
[info ] InferredDefaultModule.scala:39 Inferred module TsIdentModule(Some(storybook),List(components, dist, blocks, IFrame)) [id => @storybook/components, phase => typescript] 
[info ] Phase1ReadTypescript.scala:160 Preprocessing TsHelperFile(InFile(/home/tso/tmp/tso-cache/npm/node_modules/@storybook/components/dist/blocks/IconGallery.d.ts),FromFolder(InFolder(/home/tso/tmp/tso-cache/npm/node_modules/@storybook/components),TsIdentLibraryScoped(storybook,Some(components))),TsIdentModule(Some(storybook),List(components, dist, blocks, IconGallery))) [id => @storybook/components, phase => typescript] 
[info ] InferredDefaultModule.scala:39 Inferred module TsIdentModule(Some(storybook),List(components, dist, blocks, IconGallery)) [id => @storybook/components, phase => typescript] 
[info ] Phase1ReadTypescript.scala:160 Preprocessing TsHelperFile(InFile(/home/tso/tmp/tso-cache/npm/node_modules/@storybook/components/dist/blocks/Preview.d.ts),FromFolder(InFolder(/home/tso/tmp/tso-cache/npm/node_modules/@storybook/components),TsIdentLibraryScoped(storybook,Some(components))),TsIdentModule(Some(storybook),List(components, dist, blocks, Preview))) [id => @storybook/components, phase => typescript] 
[info ] InferredDefaultModule.scala:39 Inferred module TsIdentModule(Some(storybook),List(components, dist, blocks, Preview)) [id => @storybook/components, phase => typescript] 
[info ] Phase1ReadTypescript.scala:160 Preprocessing TsHelperFile(InFile(/home/tso/tmp/tso-cache/npm/node_modules/@storybook/components/dist/blocks/PropsTable/PropDef.d.ts),FromFolder(InFolder(/home/tso/tmp/tso-cache/npm/node_modules/@storybook/components),TsIdentLibraryScoped(storybook,Some(components))),TsIdentModule(Some(storybook),List(components, dist, blocks, PropsTable, PropDef))) [id => @storybook/components, phase => typescript] 
[info ] InferredDefaultModule.scala:39 Inferred module TsIdentModule(Some(storybook),List(components, dist, blocks, PropsTable, PropDef)) [id => @storybook/components, phase => typescript] 
[info ] Phase1ReadTypescript.scala:160 Preprocessing TsHelperFile(InFile(/home/tso/tmp/tso-cache/npm/node_modules/@storybook/components/dist/blocks/PropsTable/PropsTable.d.ts),FromFolder(InFolder(/home/tso/tmp/tso-cache/npm/node_modules/@storybook/components),TsIdentLibraryScoped(storybook,Some(components))),TsIdentModule(Some(storybook),List(components, dist, blocks, PropsTable, PropsTable))) [id => @storybook/components, phase => typescript] 
[info ] InferredDefaultModule.scala:39 Inferred module TsIdentModule(Some(storybook),List(components, dist, blocks, PropsTable, PropsTable)) [id => @storybook/components, phase => typescript] 
[info ] Phase1ReadTypescript.scala:160 Preprocessing TsHelperFile(InFile(/home/tso/tmp/tso-cache/npm/node_modules/@storybook/components/dist/blocks/Source.d.ts),FromFolder(InFolder(/home/tso/tmp/tso-cache/npm/node_modules/@storybook/components),TsIdentLibraryScoped(storybook,Some(components))),TsIdentModule(Some(storybook),List(components, dist, blocks, Source))) [id => @storybook/components, phase => typescript] 
[info ] InferredDefaultModule.scala:39 Inferred module TsIdentModule(Some(storybook),List(components, dist, blocks, Source)) [id => @storybook/components, phase => typescript] 
[info ] Phase1ReadTypescript.scala:160 Preprocessing TsHelperFile(InFile(/home/tso/tmp/tso-cache/npm/node_modules/@storybook/components/dist/blocks/Story.d.ts),FromFolder(InFolder(/home/tso/tmp/tso-cache/npm/node_modules/@storybook/components),TsIdentLibraryScoped(storybook,Some(components))),TsIdentModule(Some(storybook),List(components, dist, blocks, Story))) [id => @storybook/components, phase => typescript] 
[info ] InferredDefaultModule.scala:39 Inferred module TsIdentModule(Some(storybook),List(components, dist, blocks, Story)) [id => @storybook/components, phase => typescript] 
[info ] Phase1ReadTypescript.scala:160 Preprocessing TsHelperFile(InFile(/home/tso/tmp/tso-cache/npm/node_modules/@storybook/components/dist/blocks/Typeset.d.ts),FromFolder(InFolder(/home/tso/tmp/tso-cache/npm/node_modules/@storybook/components),TsIdentLibraryScoped(storybook,Some(components))),TsIdentModule(Some(storybook),List(components, dist, blocks, Typeset))) [id => @storybook/components, phase => typescript] 
[info ] InferredDefaultModule.scala:39 Inferred module TsIdentModule(Some(storybook),List(components, dist, blocks, Typeset)) [id => @storybook/components, phase => typescript] 
[info ] Phase1ReadTypescript.scala:160 Preprocessing TsHelperFile(InFile(/home/tso/tmp/tso-cache/npm/node_modules/@storybook/components/dist/blocks/index.d.ts),FromFolder(InFolder(/home/tso/tmp/tso-cache/npm/node_modules/@storybook/components),TsIdentLibraryScoped(storybook,Some(components))),TsIdentModule(Some(storybook),List(components, dist, blocks))) [id => @storybook/components, phase => typescript] 
[info ] InferredDefaultModule.scala:39 Inferred module TsIdentModule(Some(storybook),List(components, dist, blocks)) [id => @storybook/components, phase => typescript] 
[info ] Phase1ReadTypescript.scala:160 Preprocessing TsHelperFile(InFile(/home/tso/tmp/tso-cache/npm/node_modules/@storybook/components/dist/brand/StorybookIcon.d.ts),FromFolder(InFolder(/home/tso/tmp/tso-cache/npm/node_modules/@storybook/components),TsIdentLibraryScoped(storybook,Some(components))),TsIdentModule(Some(storybook),List(components, dist, brand, StorybookIcon))) [id => @storybook/components, phase => typescript] 
[info ] InferredDefaultModule.scala:39 Inferred module TsIdentModule(Some(storybook),List(components, dist, brand, StorybookIcon)) [id => @storybook/components, phase => typescript] 
[info ] Phase1ReadTypescript.scala:160 Preprocessing TsHelperFile(InFile(/home/tso/tmp/tso-cache/npm/node_modules/@storybook/components/dist/brand/StorybookLogo.d.ts),FromFolder(InFolder(/home/tso/tmp/tso-cache/npm/node_modules/@storybook/components),TsIdentLibraryScoped(storybook,Some(components))),TsIdentModule(Some(storybook),List(components, dist, brand, StorybookLogo))) [id => @storybook/components, phase => typescript] 
[info ] InferredDefaultModule.scala:39 Inferred module TsIdentModule(Some(storybook),List(components, dist, brand, StorybookLogo)) [id => @storybook/components, phase => typescript] 
[info ] Phase1ReadTypescript.scala:160 Preprocessing TsHelperFile(InFile(/home/tso/tmp/tso-cache/npm/node_modules/@storybook/components/dist/form/field/field.d.ts),FromFolder(InFolder(/home/tso/tmp/tso-cache/npm/node_modules/@storybook/components),TsIdentLibraryScoped(storybook,Some(components))),TsIdentModule(Some(storybook),List(components, dist, form, field, field))) [id => @storybook/components, phase => typescript] 
[info ] InferredDefaultModule.scala:39 Inferred module TsIdentModule(Some(storybook),List(components, dist, form, field, field)) [id => @storybook/components, phase => typescript] 
[info ] Phase1ReadTypescript.scala:160 Preprocessing TsHelperFile(InFile(/home/tso/tmp/tso-cache/npm/node_modules/@storybook/components/dist/form/index.d.ts),FromFolder(InFolder(/home/tso/tmp/tso-cache/npm/node_modules/@storybook/components),TsIdentLibraryScoped(storybook,Some(components))),TsIdentModule(Some(storybook),List(components, dist, form))) [id => @storybook/components, phase => typescript] 
[info ] InferredDefaultModule.scala:39 Inferred module TsIdentModule(Some(storybook),List(components, dist, form)) [id => @storybook/components, phase => typescript] 
[info ] Phase1ReadTypescript.scala:160 Preprocessing TsHelperFile(InFile(/home/tso/tmp/tso-cache/npm/node_modules/@storybook/components/dist/form/input/input.d.ts),FromFolder(InFolder(/home/tso/tmp/tso-cache/npm/node_modules/@storybook/components),TsIdentLibraryScoped(storybook,Some(components))),TsIdentModule(Some(storybook),List(components, dist, form, input, input))) [id => @storybook/components, phase => typescript] 
[info ] InferredDefaultModule.scala:39 Inferred module TsIdentModule(Some(storybook),List(components, dist, form, input, input)) [id => @storybook/components, phase => typescript] 
[info ] Phase1ReadTypescript.scala:160 Preprocessing TsHelperFile(InFile(/home/tso/tmp/tso-cache/npm/node_modules/@storybook/components/dist/html.d.ts),FromFolder(InFolder(/home/tso/tmp/tso-cache/npm/node_modules/@storybook/components),TsIdentLibraryScoped(storybook,Some(components))),TsIdentModule(Some(storybook),List(components, dist, html))) [id => @storybook/components, phase => typescript] 
[info ] InferredDefaultModule.scala:39 Inferred module TsIdentModule(Some(storybook),List(components, dist, html)) [id => @storybook/components, phase => typescript] 
[info ] Phase1ReadTypescript.scala:160 Preprocessing TsHelperFile(InFile(/home/tso/tmp/tso-cache/npm/node_modules/@storybook/components/dist/icon/icon.d.ts),FromFolder(InFolder(/home/tso/tmp/tso-cache/npm/node_modules/@storybook/components),TsIdentLibraryScoped(storybook,Some(components))),TsIdentModule(Some(storybook),List(components, dist, icon, icon))) [id => @storybook/components, phase => typescript] 
[info ] InferredDefaultModule.scala:39 Inferred module TsIdentModule(Some(storybook),List(components, dist, icon, icon)) [id => @storybook/components, phase => typescript] 
[info ] Phase1ReadTypescript.scala:160 Preprocessing TsHelperFile(InFile(/home/tso/tmp/tso-cache/npm/node_modules/@storybook/components/dist/icon/icons.d.ts),FromFolder(InFolder(/home/tso/tmp/tso-cache/npm/node_modules/@storybook/components),TsIdentLibraryScoped(storybook,Some(components))),TsIdentModule(Some(storybook),List(components, dist, icon, icons))) [id => @storybook/components, phase => typescript] 
[info ] InferredDefaultModule.scala:39 Inferred module TsIdentModule(Some(storybook),List(components, dist, icon, icons)) [id => @storybook/components, phase => typescript] 
[info ] Phase1ReadTypescript.scala:160 Preprocessing TsHelperFile(InFile(/home/tso/tmp/tso-cache/npm/node_modules/@storybook/components/dist/index.d.ts),FromFolder(InFolder(/home/tso/tmp/tso-cache/npm/node_modules/@storybook/components),TsIdentLibraryScoped(storybook,Some(components))),TsIdentModule(Some(storybook),List(components))) [id => @storybook/components, phase => typescript] 
[info ] InferredDefaultModule.scala:39 Inferred module TsIdentModule(Some(storybook),List(components)) [id => @storybook/components, phase => typescript] 
[info ] Phase1ReadTypescript.scala:160 Preprocessing TsHelperFile(InFile(/home/tso/tmp/tso-cache/npm/node_modules/@storybook/components/dist/placeholder/placeholder.d.ts),FromFolder(InFolder(/home/tso/tmp/tso-cache/npm/node_modules/@storybook/components),TsIdentLibraryScoped(storybook,Some(components))),TsIdentModule(Some(storybook),List(components, dist, placeholder, placeholder))) [id => @storybook/components, phase => typescript] 
[info ] InferredDefaultModule.scala:39 Inferred module TsIdentModule(Some(storybook),List(components, dist, placeholder, placeholder)) [id => @storybook/components, phase => typescript] 
[info ] Phase1ReadTypescript.scala:160 Preprocessing TsHelperFile(InFile(/home/tso/tmp/tso-cache/npm/node_modules/@storybook/components/dist/spaced/Spaced.d.ts),FromFolder(InFolder(/home/tso/tmp/tso-cache/npm/node_modules/@storybook/components),TsIdentLibraryScoped(storybook,Some(components))),TsIdentModule(Some(storybook),List(components, dist, spaced, Spaced))) [id => @storybook/components, phase => typescript] 
[info ] InferredDefaultModule.scala:39 Inferred module TsIdentModule(Some(storybook),List(components, dist, spaced, Spaced)) [id => @storybook/components, phase => typescript] 
[info ] Phase1ReadTypescript.scala:160 Preprocessing TsHelperFile(InFile(/home/tso/tmp/tso-cache/npm/node_modules/@storybook/components/dist/syntaxhighlighter/syntaxhighlighter.d.ts),FromFolder(InFolder(/home/tso/tmp/tso-cache/npm/node_modules/@storybook/components),TsIdentLibraryScoped(storybook,Some(components))),TsIdentModule(Some(storybook),List(components, dist, syntaxhighlighter, syntaxhighlighter))) [id => @storybook/components, phase => typescript] 
[info ] InferredDefaultModule.scala:39 Inferred module TsIdentModule(Some(storybook),List(components, dist, syntaxhighlighter, syntaxhighlighter)) [id => @storybook/components, phase => typescript] 
[info ] Phase1ReadTypescript.scala:160 Preprocessing TsHelperFile(InFile(/home/tso/tmp/tso-cache/npm/node_modules/@storybook/components/dist/tabs/tabs.d.ts),FromFolder(InFolder(/home/tso/tmp/tso-cache/npm/node_modules/@storybook/components),TsIdentLibraryScoped(storybook,Some(components))),TsIdentModule(Some(storybook),List(components, dist, tabs, tabs))) [id => @storybook/components, phase => typescript] 
[info ] InferredDefaultModule.scala:39 Inferred module TsIdentModule(Some(storybook),List(components, dist, tabs, tabs)) [id => @storybook/components, phase => typescript] 
[info ] Phase1ReadTypescript.scala:160 Preprocessing TsHelperFile(InFile(/home/tso/tmp/tso-cache/npm/node_modules/@storybook/components/dist/tooltip/ListItem.d.ts),FromFolder(InFolder(/home/tso/tmp/tso-cache/npm/node_modules/@storybook/components),TsIdentLibraryScoped(storybook,Some(components))),TsIdentModule(Some(storybook),List(components, dist, tooltip, ListItem))) [id => @storybook/components, phase => typescript] 
[info ] InferredDefaultModule.scala:39 Inferred module TsIdentModule(Some(storybook),List(components, dist, tooltip, ListItem)) [id => @storybook/components, phase => typescript] 
[info ] Phase1ReadTypescript.scala:160 Preprocessing TsHelperFile(InFile(/home/tso/tmp/tso-cache/npm/node_modules/@storybook/components/dist/tooltip/TooltipLinkList.d.ts),FromFolder(InFolder(/home/tso/tmp/tso-cache/npm/node_modules/@storybook/components),TsIdentLibraryScoped(storybook,Some(components))),TsIdentModule(Some(storybook),List(components, dist, tooltip, TooltipLinkList))) [id => @storybook/components, phase => typescript] 
[info ] InferredDefaultModule.scala:39 Inferred module TsIdentModule(Some(storybook),List(components, dist, tooltip, TooltipLinkList)) [id => @storybook/components, phase => typescript] 
[info ] Phase1ReadTypescript.scala:160 Preprocessing TsHelperFile(InFile(/home/tso/tmp/tso-cache/npm/node_modules/@storybook/components/dist/tooltip/TooltipMessage.d.ts),FromFolder(InFolder(/home/tso/tmp/tso-cache/npm/node_modules/@storybook/components),TsIdentLibraryScoped(storybook,Some(components))),TsIdentModule(Some(storybook),List(components, dist, tooltip, TooltipMessage))) [id => @storybook/components, phase => typescript] 
[info ] InferredDefaultModule.scala:39 Inferred module TsIdentModule(Some(storybook),List(components, dist, tooltip, TooltipMessage)) [id => @storybook/components, phase => typescript] 
[info ] Phase1ReadTypescript.scala:160 Preprocessing TsHelperFile(InFile(/home/tso/tmp/tso-cache/npm/node_modules/@storybook/components/dist/tooltip/TooltipNote.d.ts),FromFolder(InFolder(/home/tso/tmp/tso-cache/npm/node_modules/@storybook/components),TsIdentLibraryScoped(storybook,Some(components))),TsIdentModule(Some(storybook),List(components, dist, tooltip, TooltipNote))) [id => @storybook/components, phase => typescript] 
[info ] InferredDefaultModule.scala:39 Inferred module TsIdentModule(Some(storybook),List(components, dist, tooltip, TooltipNote)) [id => @storybook/components, phase => typescript] 
[info ] Phase1ReadTypescript.scala:160 Preprocessing TsHelperFile(InFile(/home/tso/tmp/tso-cache/npm/node_modules/@storybook/components/dist/tooltip/WithTooltip.d.ts),FromFolder(InFolder(/home/tso/tmp/tso-cache/npm/node_modules/@storybook/components),TsIdentLibraryScoped(storybook,Some(components))),TsIdentModule(Some(storybook),List(components, dist, tooltip, WithTooltip))) [id => @storybook/components, phase => typescript] 
[info ] InferredDefaultModule.scala:39 Inferred module TsIdentModule(Some(storybook),List(components, dist, tooltip, WithTooltip)) [id => @storybook/components, phase => typescript] 
[info ] Phase1ReadTypescript.scala:160 Preprocessing TsHelperFile(InFile(/home/tso/tmp/tso-cache/npm/node_modules/@storybook/components/dist/typography/DocumentFormatting.d.ts),FromFolder(InFolder(/home/tso/tmp/tso-cache/npm/node_modules/@storybook/components),TsIdentLibraryScoped(storybook,Some(components))),TsIdentModule(Some(storybook),List(components, dist, typography, DocumentFormatting))) [id => @storybook/components, phase => typescript] 
[info ] InferredDefaultModule.scala:39 Inferred module TsIdentModule(Some(storybook),List(components, dist, typography, DocumentFormatting)) [id => @storybook/components, phase => typescript] 
[info ] Phase1ReadTypescript.scala:160 Preprocessing TsHelperFile(InFile(/home/tso/tmp/tso-cache/npm/node_modules/@storybook/components/dist/typography/DocumentWrapper.d.ts),FromFolder(InFolder(/home/tso/tmp/tso-cache/npm/node_modules/@storybook/components),TsIdentLibraryScoped(storybook,Some(components))),TsIdentModule(Some(storybook),List(components, dist, typography, DocumentWrapper))) [id => @storybook/components, phase => typescript] 
[info ] InferredDefaultModule.scala:39 Inferred module TsIdentModule(Some(storybook),List(components, dist, typography, DocumentWrapper)) [id => @storybook/components, phase => typescript] 
[info ] Phase1ReadTypescript.scala:160 Preprocessing TsHelperFile(InFile(/home/tso/tmp/tso-cache/npm/node_modules/@storybook/components/dist/typography/link/link.d.ts),FromFolder(InFolder(/home/tso/tmp/tso-cache/npm/node_modules/@storybook/components),TsIdentLibraryScoped(storybook,Some(components))),TsIdentModule(Some(storybook),List(components, dist, typography, link, link))) [id => @storybook/components, phase => typescript] 
[info ] InferredDefaultModule.scala:39 Inferred module TsIdentModule(Some(storybook),List(components, dist, typography, link, link)) [id => @storybook/components, phase => typescript] 
[info ] Phase1ReadTypescript.scala:160 Preprocessing TsHelperFile(InFile(/home/tso/tmp/tso-cache/npm/node_modules/@storybook/components/html.d.ts),FromFolder(InFolder(/home/tso/tmp/tso-cache/npm/node_modules/@storybook/components),TsIdentLibraryScoped(storybook,Some(components))),TsIdentModule(Some(storybook),List(components, html))) [id => @storybook/components, phase => typescript] 
[info ] InferredDefaultModule.scala:39 Inferred module TsIdentModule(Some(storybook),List(components, html)) [id => @storybook/components, phase => typescript] 
[warn ] Phase1ReadTypescript.scala:182 Processing TsIdentLibraryScoped(storybook,Some(components)) [id => @storybook/components, phase => typescript] 
[info ] ResolveTypeQueries.scala:218 Resolved TsTypeQuery(TsQIdent(List(TsIdentSimple(icons)))) [id => @storybook/components, phase => typescript, scope => TreeScope(TsParsedFile() / TsDeclModule(@storybook/components/dist/icon/icons) / TsExport() / TsExporteeTree() / TsDeclTypeAlias(IconKey) / TsTypeKeyOf() / TsTypeQuery())] 
[warn ] TsTreeScope.scala:78 Cannot resolve TsQIdent(List(TsIdentSimple(ReactSyntaxHighlighter))) [id => @storybook/components, phase => typescript, scope => TreeScope(TsParsedFile() / TsDeclModule(@storybook/components/dist/syntaxhighlighter/syntaxhighlighter) / TsDeclTypeAlias(ReactSyntaxHighlighterProps) / TsTypeRef() / TsTypeQuery())] 
[warn ] TsTreeScope.scala:78 Cannot resolve TsQIdent(List(TsIdentSimple(ReactSyntaxHighlighter))) [id => @storybook/components, phase => typescript, scope => TreeScope(TsParsedFile() / TsDeclModule(@storybook/components/dist/syntaxhighlighter/syntaxhighlighter) / TsDeclTypeAlias(ReactSyntaxHighlighterProps) / TsTypeRef() / TsTypeQuery())] 
[warn ] ResolveTypeQueries.scala:202 Couldn't resolve typeof ReactSyntaxHighlighter [id => @storybook/components, phase => typescript, scope => TreeScope(TsParsedFile() / TsDeclModule(@storybook/components/dist/syntaxhighlighter/syntaxhighlighter) / TsDeclTypeAlias(ReactSyntaxHighlighterProps) / TsTypeRef() / TsTypeQuery())] 
[info ] ExpandTypeParams.scala:61 Expanding 1 members for TsIdentSimple(onClick) [id => @storybook/components, phase => typescript, scope => TreeScope(TsParsedFile() / TsDeclModule(@storybook/components/dist/ActionBar/ActionBar) / TsDeclInterface(ActionItem))] 
[info ] ExpandTypeParams.scala:74 Expanding 1 members for TsIdentSimple(AddonPanel) [id => @storybook/components, phase => typescript, scope => TreeScope(TsParsedFile() / TsDeclModule(@storybook/components/dist/addon-panel/addon-panel))] 
[info ] ExpandTypeParams.scala:74 Expanding 1 members for TsIdentSimple(interleaveSeparators) [id => @storybook/components, phase => typescript, scope => TreeScope(TsParsedFile() / TsDeclModule(@storybook/components/dist/bar/separator))] 
[info ] ExpandTypeParams.scala:61 Expanding 1 members for TsIdentSimple(componentDidMount) [id => @storybook/components, phase => typescript, scope => TreeScope(TsParsedFile() / TsDeclModule(@storybook/components/dist/blocks/IFrame) / TsDeclClass(IFrame))] 
[info ] ExpandTypeParams.scala:61 Expanding 1 members for TsIdentSimple(shouldComponentUpdate) [id => @storybook/components, phase => typescript, scope => TreeScope(TsParsedFile() / TsDeclModule(@storybook/components/dist/blocks/IFrame) / TsDeclClass(IFrame))] 
[info ] ExpandTypeParams.scala:61 Expanding 1 members for TsIdentSimple(setIframeBodyStyle) [id => @storybook/components, phase => typescript, scope => TreeScope(TsParsedFile() / TsDeclModule(@storybook/components/dist/blocks/IFrame) / TsDeclClass(IFrame))] 
[info ] ExpandTypeParams.scala:61 Expanding 1 members for TsIdentSimple(render) [id => @storybook/components, phase => typescript, scope => TreeScope(TsParsedFile() / TsDeclModule(@storybook/components/dist/blocks/IFrame) / TsDeclClass(IFrame))] 
[info ] UnionTypesFromKeyOf.scala:11 Expanded keyof TsQIdent(List(TsIdentLibraryScoped(storybook,Some(components)), TsIdentModule(Some(storybook),List(components, dist, form, input, input)), TsIdentSimple(InputStyleProps))) [id => @storybook/components, phase => typescript, scope => TreeScope(TsParsedFile() / TsDeclModule(@storybook/components/dist/form/input/input) / TsDeclTypeAlias(InputProps) / TsTypeIntersect() / TsTypeRef() / TsTypeKeyOf())] 
[info ] UnionTypesFromKeyOf.scala:11 Expanded keyof TsQIdent(List(TsIdentLibraryScoped(storybook,Some(components)), TsIdentModule(Some(storybook),List(components, dist, form, input, input)), TsIdentSimple(InputStyleProps))) [id => @storybook/components, phase => typescript, scope => TreeScope(TsParsedFile() / TsDeclModule(@storybook/components/dist/form/input/input) / TsDeclTypeAlias(SelectProps) / TsTypeIntersect() / TsTypeRef() / TsTypeKeyOf())] 
[info ] UnionTypesFromKeyOf.scala:11 Expanded keyof TsQIdent(List(TsIdentLibraryScoped(storybook,Some(components)), TsIdentModule(Some(storybook),List(components, dist, form, input, input)), TsIdentSimple(InputStyleProps))) [id => @storybook/components, phase => typescript, scope => TreeScope(TsParsedFile() / TsDeclModule(@storybook/components/dist/form/input/input) / TsDeclTypeAlias(TextareaProps) / TsTypeIntersect() / TsTypeRef() / TsTypeKeyOf())] 
[info ] ExpandTypeParams.scala:74 Expanding 1 members for TsIdentSimple(interleaveSeparators) [id => @storybook/components, phase => typescript, scope => TreeScope(TsParsedFile() / TsDeclModule(@storybook/components))] 
[info ] ExpandTypeParams.scala:74 Expanding 1 members for TsIdentSimple(AddonPanel) [id => @storybook/components, phase => typescript, scope => TreeScope(TsParsedFile() / TsDeclModule(@storybook/components))] 
[info ] ExpandTypeParams.scala:61 Expanding 1 members for TsIdentSimple(constructor) [id => @storybook/components, phase => typescript, scope => TreeScope(TsParsedFile() / TsDeclModule(@storybook/components) / TsDeclClass(TabsState))] 
[info ] ExpandTypeParams.scala:61 Expanding 1 members for TsIdentSimple(onClick) [id => @storybook/components, phase => typescript, scope => TreeScope(TsParsedFile() / TsDeclModule(@storybook/components/dist/syntaxhighlighter/syntaxhighlighter) / TsDeclClass(SyntaxHighlighter))] 
[info ] ExpandTypeParams.scala:61 Expanding 1 members for TsIdentSimple(render) [id => @storybook/components, phase => typescript, scope => TreeScope(TsParsedFile() / TsDeclModule(@storybook/components/dist/syntaxhighlighter/syntaxhighlighter) / TsDeclClass(SyntaxHighlighter))] 
[info ] ExpandTypeParams.scala:61 Expanding 1 members for TsIdentSimple(render) [id => @storybook/components, phase => typescript, scope => TreeScope(TsParsedFile() / TsDeclModule(@storybook/components/dist/tabs/tabs) / TsDeclInterface(TabWrapperProps))] 
[info ] ExpandTypeParams.scala:61 Expanding 1 members for TsIdentSimple(onSelect) [id => @storybook/components, phase => typescript, scope => TreeScope(TsParsedFile() / TsDeclModule(@storybook/components/dist/tabs/tabs) / TsDeclInterface(TabsProps) / TsMemberProperty(actions) / TsTypeObject())] 
[info ] ExpandTypeParams.scala:61 Expanding 1 members for TsIdentSimple(constructor) [id => @storybook/components, phase => typescript, scope => TreeScope(TsParsedFile() / TsDeclModule(@storybook/components/dist/tabs/tabs) / TsDeclClass(TabsState))] 
[info ] ExpandTypeParams.scala:61 Expanding 1 members for TsIdentSimple(render) [id => @storybook/components, phase => typescript, scope => TreeScope(TsParsedFile() / TsDeclModule(@storybook/components/dist/tabs/tabs) / TsDeclClass(TabsState))] 
[info ] ExpandTypeParams.scala:61 Expanding 1 members for TsIdentSimple(onClick) [id => @storybook/components, phase => typescript, scope => TreeScope(TsParsedFile() / TsDeclModule(@storybook/components/dist/tooltip/ListItem) / TsDeclInterface(ListItemProps))] 
[info ] ExpandTypeParams.scala:61 Expanding 1 members for TsIdentSimple(onClick) [id => @storybook/components, phase => typescript, scope => TreeScope(TsParsedFile() / TsDeclModule(@storybook/components/dist/tooltip/TooltipMessage) / TsDeclInterface(TooltipMessageProps) / TsMemberProperty(links) / TsTypeRef() / TsTypeObject())] 
[info ] ExpandTypeParams.scala:61 Expanding 1 members for TsIdentSimple(onVisibilityChange) [id => @storybook/components, phase => typescript, scope => TreeScope(TsParsedFile() / TsDeclModule(@storybook/components/dist/tooltip/WithTooltip) / TsDeclInterface(WithTooltipPureProps))] 
[info ] ExpandTypeParams.scala:61 Expanding 1 members for TsIdentSimple(onDoubleClick) [id => @storybook/components, phase => typescript, scope => TreeScope(TsParsedFile() / TsDeclModule(@storybook/components/dist/tooltip/WithTooltip) / TsDeclInterface(WithTooltipPureProps))] 
[info ] ExpandTypeParams.scala:61 Expanding 1 members for TsIdentSimple(onHide) [id => @storybook/components, phase => typescript, scope => TreeScope(TsParsedFile() / TsDeclModule(@storybook/components/dist/tooltip/WithTooltip) / TsDeclInterface(WithHideFn))] 
[info ] ExpandTypeParams.scala:61 Expanding 1 members for TsIdentSimple(onClick) [id => @storybook/components, phase => typescript, scope => TreeScope(TsParsedFile() / TsDeclModule(@storybook/components/dist/typography/link/link) / TsDeclInterface(LinkProps))] 
[info ] ExtractInterfaces.scala:41 Extracted anonymous interface TsIdentSimple(Anon_Disabled) [id => @storybook/components, phase => typescript, scope => TreeScope(TsParsedFile() / TsDeclModule(@storybook/components/dist/ActionBar/ActionBar) / TsDeclVar(ActionButton) / TsTypeRef() / TsTypeObject())] 
[info ] ExtractInterfaces.scala:41 Extracted anonymous interface TsIdentSimple(Anon_IsLink) [id => @storybook/components, phase => typescript, scope => TreeScope(TsParsedFile() / TsDeclModule(@storybook/components/dist/Button/Button) / TsDeclVar(Button) / TsTypeIntersect() / TsTypeObject() / TsMemberProperty(defaultProps) / TsTypeObject())] 
[info ] ExtractInterfaces.scala:41 Extracted anonymous interface TsIdentSimple(Anon_DefaultProps) [id => @storybook/components, phase => typescript, scope => TreeScope(TsParsedFile() / TsDeclModule(@storybook/components/dist/Button/Button) / TsDeclVar(Button) / TsTypeIntersect() / TsTypeObject())] 
[info ] ExtractInterfaces.scala:41 Extracted anonymous interface TsIdentSimple(Anon_Theme) [id => @storybook/components, phase => typescript, scope => TreeScope(TsParsedFile() / TsDeclModule(@storybook/components/dist/bar/bar) / TsDeclVar(Bar) / TsTypeRef() / TsTypeIntersect() / TsTypeObject())] 
[info ] ExtractInterfaces.scala:41 Extracted anonymous interface TsIdentSimple(Anon_Inline) [id => @storybook/components, phase => typescript, scope => TreeScope(TsParsedFile() / TsDeclModule(@storybook/components/dist/blocks/Story) / TsDeclTypeAlias(StoryProps) / TsTypeIntersect() / TsTypeObject())] 
[info ] ExtractInterfaces.scala:41 Extracted anonymous interface TsIdentSimple(Anon_StoryFn) [id => @storybook/components, phase => typescript, scope => TreeScope(TsParsedFile() / TsDeclModule(@storybook/components/dist/blocks/Story) / TsDeclTypeAlias(InlineStoryProps) / TsTypeIntersect() / TsTypeObject())] 
[info ] ExtractInterfaces.scala:41 Extracted anonymous interface TsIdentSimple(Anon_Error) [id => @storybook/components, phase => typescript, scope => TreeScope(TsParsedFile() / TsDeclModule(@storybook/components/dist/blocks/Story) / TsDeclTypeAlias(ErrorProps) / TsTypeIntersect() / TsTypeObject())] 
[info ] ExtractInterfaces.scala:41 Extracted anonymous interface TsIdentSimple(Anon_DisplayName) [id => @storybook/components, phase => typescript, scope => TreeScope(TsParsedFile() / TsDeclModule(@storybook/components/dist/form) / TsDeclVar(Form) / TsTypeIntersect() / TsTypeObject() / TsMemberProperty(Input) / TsTypeIntersect() / TsTypeObject())] 
[info ] ExtractInterfaces.scala:41 Extracted anonymous interface TsIdentSimple(Anon_DisplayName) [id => @storybook/components, phase => typescript, scope => TreeScope(TsParsedFile() / TsDeclModule(@storybook/components/dist/form) / TsDeclVar(Form) / TsTypeIntersect() / TsTypeObject() / TsMemberProperty(Select) / TsTypeIntersect() / TsTypeObject())] 
[info ] ExtractInterfaces.scala:41 Extracted anonymous interface TsIdentSimple(Anon_DisplayName) [id => @storybook/components, phase => typescript, scope => TreeScope(TsParsedFile() / TsDeclModule(@storybook/components/dist/form) / TsDeclVar(Form) / TsTypeIntersect() / TsTypeObject() / TsMemberProperty(Textarea) / TsTypeIntersect() / TsTypeObject())] 
[info ] ExtractInterfaces.scala:41 Extracted anonymous interface TsIdentSimple(Anon_About) [id => @storybook/components, phase => typescript, scope => TreeScope(TsParsedFile() / TsDeclModule(@storybook/components/dist/form) / TsDeclVar(Form) / TsTypeIntersect() / TsTypeObject())] 
[info ] ExtractInterfaces.scala:41 Extracted anonymous interface TsIdentSimple(Anon_DisplayName) [id => @storybook/components, phase => typescript, scope => TreeScope(TsParsedFile() / TsDeclModule(@storybook/components/dist/form/input/input) / TsDeclVar(Input) / TsTypeIntersect() / TsTypeObject())] 
[info ] ExtractInterfaces.scala:41 Extracted anonymous interface TsIdentSimple(Anon_DisplayName) [id => @storybook/components, phase => typescript, scope => TreeScope(TsParsedFile() / TsDeclModule(@storybook/components/dist/form/input/input) / TsDeclVar(Select) / TsTypeIntersect() / TsTypeObject())] 
[info ] ExtractInterfaces.scala:41 Extracted anonymous interface TsIdentSimple(Anon_DisplayName) [id => @storybook/components, phase => typescript, scope => TreeScope(TsParsedFile() / TsDeclModule(@storybook/components/dist/form/input/input) / TsDeclVar(Textarea) / TsTypeIntersect() / TsTypeObject())] 
[info ] ExtractInterfaces.scala:41 Extracted anonymous interface TsIdentSimple(Anon_Add) [id => @storybook/components, phase => typescript, scope => TreeScope(TsParsedFile() / TsDeclModule(@storybook/components/dist/icon/icons) / TsDeclTypeAlias(IconKey) / TsTypeKeyOf() / TsTypeObject())] 
[info ] ExtractInterfaces.scala:41 Extracted anonymous interface TsIdentSimple(Anon_IsLink) [id => @storybook/components, phase => typescript, scope => TreeScope(TsParsedFile() / TsDeclModule(@storybook/components) / TsDeclVar(Button) / TsTypeIntersect() / TsTypeObject() / TsMemberProperty(defaultProps) / TsTypeObject())] 
[info ] ExtractInterfaces.scala:41 Extracted anonymous interface TsIdentSimple(Anon_DefaultProps) [id => @storybook/components, phase => typescript, scope => TreeScope(TsParsedFile() / TsDeclModule(@storybook/components) / TsDeclVar(Button) / TsTypeIntersect() / TsTypeObject())] 
[info ] ExtractInterfaces.scala:41 Extracted anonymous interface TsIdentSimple(Anon_DisplayName) [id => @storybook/components, phase => typescript, scope => TreeScope(TsParsedFile() / TsDeclModule(@storybook/components) / TsDeclVar(Form) / TsTypeIntersect() / TsTypeObject() / TsMemberProperty(Input) / TsTypeIntersect() / TsTypeObject())] 
[info ] ExtractInterfaces.scala:41 Extracted anonymous interface TsIdentSimple(Anon_DisplayName) [id => @storybook/components, phase => typescript, scope => TreeScope(TsParsedFile() / TsDeclModule(@storybook/components) / TsDeclVar(Form) / TsTypeIntersect() / TsTypeObject() / TsMemberProperty(Select) / TsTypeIntersect() / TsTypeObject())] 
[info ] ExtractInterfaces.scala:41 Extracted anonymous interface TsIdentSimple(Anon_DisplayName) [id => @storybook/components, phase => typescript, scope => TreeScope(TsParsedFile() / TsDeclModule(@storybook/components) / TsDeclVar(Form) / TsTypeIntersect() / TsTypeObject() / TsMemberProperty(Textarea) / TsTypeIntersect() / TsTypeObject())] 
[info ] ExtractInterfaces.scala:41 Extracted anonymous interface TsIdentSimple(Anon_About) [id => @storybook/components, phase => typescript, scope => TreeScope(TsParsedFile() / TsDeclModule(@storybook/components) / TsDeclVar(Form) / TsTypeIntersect() / TsTypeObject())] 
[info ] ExtractInterfaces.scala:41 Extracted anonymous interface TsIdentSimple(Anon_Theme) [id => @storybook/components, phase => typescript, scope => TreeScope(TsParsedFile() / TsDeclModule(@storybook/components) / TsDeclVar(Bar) / TsTypeRef() / TsTypeIntersect() / TsTypeObject())] 
[info ] ExtractInterfaces.scala:41 Extracted anonymous interface TsIdentSimple(Anon_Copied) [id => @storybook/components, phase => typescript, scope => TreeScope(TsParsedFile() / TsDeclModule(@storybook/components/dist/syntaxhighlighter/syntaxhighlighter) / TsDeclClass(SyntaxHighlighter) / TsMemberProperty(state) / TsTypeObject())] 
[info ] ExtractInterfaces.scala:41 Extracted anonymous interface TsIdentSimple(Anon_Id) [id => @storybook/components, phase => typescript, scope => TreeScope(TsParsedFile() / TsDeclModule(@storybook/components/dist/tabs/tabs) / TsDeclInterface(TabsProps) / TsMemberProperty(actions) / TsTypeObject())] 
[info ] ExtractInterfaces.scala:41 Extracted anonymous interface TsIdentSimple(Anon_Href) [id => @storybook/components, phase => typescript, scope => TreeScope(TsParsedFile() / TsDeclModule(@storybook/components/dist/tooltip/TooltipMessage) / TsDeclInterface(TooltipMessageProps) / TsMemberProperty(links) / TsTypeRef() / TsTypeObject())] 
[info ] ExtractInterfaces.scala:41 Extracted anonymous interface TsIdentSimple(Anon_StartOpen) [id => @storybook/components, phase => typescript, scope => TreeScope(TsParsedFile() / TsDeclModule(@storybook/components/dist/tooltip/WithTooltip) / TsDeclVar(WithToolTipState) / TsTypeRef() / TsTypeIntersect() / TsTypeObject())] 
[info ] ExtractInterfaces.scala:41 Extracted anonymous interface TsIdentSimple(Anon_StartOpen) [id => @storybook/components, phase => typescript, scope => TreeScope(TsParsedFile() / TsDeclModule(@storybook/components/dist/tooltip/WithTooltip) / TsDeclVar(WithTooltip) / TsTypeRef() / TsTypeIntersect() / TsTypeObject())] 
[debug] PhaseRunner.scala:84 Success [id => @storybook/components, phase => typescript] 
[warn ] Phase2ToScalaJs.scala:43 Processing @storybook/components [id => @storybook/components, phase => scala.js] 
[debug] PhaseRunner.scala:84 Success [id => @storybook/components, phase => scala.js] 
[warn ] PhaseRunner.scala:70 Failed because of, [@emotion/core => Compilation failed, emotion-theming => Compilation failed] [id => @storybook/components, phase => build] 
[error] PhaseRunner.scala:88 Failure, [@emotion/core => Compilation failed, emotion-theming => Compilation failed] [id => @storybook/components, phase => build] 
[error] PhaseRunner.scala:88 Failure, [@emotion/core => Compilation failed, emotion-theming => Compilation failed] [id => @storybook/components, phase => publish] 
