[info ] InferredDependency.scala:22 Inferred dependencies Set(TsIdentLibrarySimple(react)) for TsIdentLibraryScoped(storybook,Some(ui)) [id => @storybook/ui, phase => typescript, file => ../components/sidebar/ListItemIcon.d.ts] 
[debug] PhaseRunner.scala:84 Success [id => @storybook/ui, phase => typescript] 
[debug] PhaseRunner.scala:84 Success [id => @storybook/ui, phase => typescript] 
[debug] PhaseRunner.scala:84 Success [id => @storybook/ui, phase => typescript] 
[debug] PhaseRunner.scala:84 Success [id => @storybook/ui, phase => typescript] 
[info ] InferredDependency.scala:22 Inferred dependencies Set(TsIdentLibrarySimple(react)) for TsIdentLibraryScoped(storybook,Some(ui)) [id => @storybook/ui, phase => typescript, file => ../components/sidebar/SidebarHeading.d.ts] 
[debug] PhaseRunner.scala:84 Success [id => @storybook/ui, phase => typescript] 
[debug] PhaseRunner.scala:84 Success [id => @storybook/ui, phase => typescript] 
[info ] InferredDependency.scala:22 Inferred dependencies Set(TsIdentLibrarySimple(react)) for TsIdentLibraryScoped(storybook,Some(ui)) [id => @storybook/ui, phase => typescript, file => ../components/sidebar/SidebarItem.d.ts] 
[debug] PhaseRunner.scala:84 Success [id => @storybook/ui, phase => typescript] 
[debug] PhaseRunner.scala:84 Success [id => @storybook/ui, phase => typescript] 
[info ] InferredDependency.scala:22 Inferred dependencies Set(TsIdentLibrarySimple(react)) for TsIdentLibraryScoped(storybook,Some(ui)) [id => @storybook/ui, phase => typescript, file => ../components/sidebar/SidebarSearch.d.ts] 
[debug] PhaseRunner.scala:84 Success [id => @storybook/ui, phase => typescript] 
[debug] PhaseRunner.scala:84 Success [id => @storybook/ui, phase => typescript] 
[debug] PhaseRunner.scala:84 Success [id => @storybook/ui, phase => typescript] 
[info ] InferredDependency.scala:22 Inferred dependencies Set(TsIdentLibrarySimple(react)) for TsIdentLibraryScoped(storybook,Some(ui)) [id => @storybook/ui, phase => typescript, file => ../components/sidebar/SidebarStories.stories.d.ts] 
[debug] PhaseRunner.scala:84 Success [id => @storybook/ui, phase => typescript] 
[info ] InferredDependency.scala:22 Inferred dependencies Set(TsIdentLibrarySimple(react)) for TsIdentLibraryScoped(storybook,Some(ui)) [id => @storybook/ui, phase => typescript, file => ../components/sidebar/SidebarSubheading.d.ts] 
[debug] PhaseRunner.scala:84 Success [id => @storybook/ui, phase => typescript] 
[info ] InferredDependency.scala:22 Inferred dependencies Set(TsIdentLibrarySimple(react)) for TsIdentLibraryScoped(storybook,Some(ui)) [id => @storybook/ui, phase => typescript, file => ../components/sidebar/SidebarSubheading.stories.d.ts] 
[debug] PhaseRunner.scala:84 Success [id => @storybook/ui, phase => typescript] 
[debug] PhaseRunner.scala:84 Success [id => @storybook/ui, phase => typescript] 
[debug] PhaseRunner.scala:84 Success [id => @storybook/ui, phase => typescript] 
[debug] PhaseRunner.scala:84 Success [id => @storybook/ui, phase => typescript] 
[debug] PhaseRunner.scala:84 Success [id => @storybook/ui, phase => typescript] 
[info ] Phase1ReadTypescript.scala:160 Preprocessing TsHelperFile(InFile(/home/tso/tmp/tso-cache/npm/node_modules/@storybook/ui/dist/components/sidebar/ListItemIcon.d.ts),FromFolder(InFolder(/home/tso/tmp/tso-cache/npm/node_modules/@storybook/ui),TsIdentLibraryScoped(storybook,Some(ui))),TsIdentModule(Some(storybook),List(ui, dist, components, sidebar, ListItemIcon))) [id => @storybook/ui, phase => typescript] 
[info ] InferredDefaultModule.scala:39 Inferred module TsIdentModule(Some(storybook),List(ui, dist, components, sidebar, ListItemIcon)) [id => @storybook/ui, phase => typescript] 
[info ] Phase1ReadTypescript.scala:160 Preprocessing TsHelperFile(InFile(/home/tso/tmp/tso-cache/npm/node_modules/@storybook/ui/dist/components/sidebar/ListItemIcon.stories.d.ts),FromFolder(InFolder(/home/tso/tmp/tso-cache/npm/node_modules/@storybook/ui),TsIdentLibraryScoped(storybook,Some(ui))),TsIdentModule(Some(storybook),List(ui, dist, components, sidebar, ListItemIcon.stories))) [id => @storybook/ui, phase => typescript] 
[info ] InferredDefaultModule.scala:39 Inferred module TsIdentModule(Some(storybook),List(ui, dist, components, sidebar, ListItemIcon.stories)) [id => @storybook/ui, phase => typescript] 
[info ] Phase1ReadTypescript.scala:160 Preprocessing TsHelperFile(InFile(/home/tso/tmp/tso-cache/npm/node_modules/@storybook/ui/dist/components/sidebar/Sidebar.d.ts),FromFolder(InFolder(/home/tso/tmp/tso-cache/npm/node_modules/@storybook/ui),TsIdentLibraryScoped(storybook,Some(ui))),TsIdentModule(Some(storybook),List(ui, dist, components, sidebar, Sidebar))) [id => @storybook/ui, phase => typescript] 
[info ] InferredDefaultModule.scala:39 Inferred module TsIdentModule(Some(storybook),List(ui, dist, components, sidebar, Sidebar)) [id => @storybook/ui, phase => typescript] 
[info ] Phase1ReadTypescript.scala:160 Preprocessing TsHelperFile(InFile(/home/tso/tmp/tso-cache/npm/node_modules/@storybook/ui/dist/components/sidebar/Sidebar.stories.d.ts),FromFolder(InFolder(/home/tso/tmp/tso-cache/npm/node_modules/@storybook/ui),TsIdentLibraryScoped(storybook,Some(ui))),TsIdentModule(Some(storybook),List(ui, dist, components, sidebar, Sidebar.stories))) [id => @storybook/ui, phase => typescript] 
[info ] InferredDefaultModule.scala:39 Inferred module TsIdentModule(Some(storybook),List(ui, dist, components, sidebar, Sidebar.stories)) [id => @storybook/ui, phase => typescript] 
[info ] Phase1ReadTypescript.scala:160 Preprocessing TsHelperFile(InFile(/home/tso/tmp/tso-cache/npm/node_modules/@storybook/ui/dist/components/sidebar/SidebarHeading.d.ts),FromFolder(InFolder(/home/tso/tmp/tso-cache/npm/node_modules/@storybook/ui),TsIdentLibraryScoped(storybook,Some(ui))),TsIdentModule(Some(storybook),List(ui, dist, components, sidebar, SidebarHeading))) [id => @storybook/ui, phase => typescript] 
[info ] InferredDefaultModule.scala:39 Inferred module TsIdentModule(Some(storybook),List(ui, dist, components, sidebar, SidebarHeading)) [id => @storybook/ui, phase => typescript] 
[info ] Phase1ReadTypescript.scala:160 Preprocessing TsHelperFile(InFile(/home/tso/tmp/tso-cache/npm/node_modules/@storybook/ui/dist/components/sidebar/SidebarHeading.stories.d.ts),FromFolder(InFolder(/home/tso/tmp/tso-cache/npm/node_modules/@storybook/ui),TsIdentLibraryScoped(storybook,Some(ui))),TsIdentModule(Some(storybook),List(ui, dist, components, sidebar, SidebarHeading.stories))) [id => @storybook/ui, phase => typescript] 
[info ] InferredDefaultModule.scala:39 Inferred module TsIdentModule(Some(storybook),List(ui, dist, components, sidebar, SidebarHeading.stories)) [id => @storybook/ui, phase => typescript] 
[info ] Phase1ReadTypescript.scala:160 Preprocessing TsHelperFile(InFile(/home/tso/tmp/tso-cache/npm/node_modules/@storybook/ui/dist/components/sidebar/SidebarItem.d.ts),FromFolder(InFolder(/home/tso/tmp/tso-cache/npm/node_modules/@storybook/ui),TsIdentLibraryScoped(storybook,Some(ui))),TsIdentModule(Some(storybook),List(ui, dist, components, sidebar, SidebarItem))) [id => @storybook/ui, phase => typescript] 
[info ] InferredDefaultModule.scala:39 Inferred module TsIdentModule(Some(storybook),List(ui, dist, components, sidebar, SidebarItem)) [id => @storybook/ui, phase => typescript] 
[info ] Phase1ReadTypescript.scala:160 Preprocessing TsHelperFile(InFile(/home/tso/tmp/tso-cache/npm/node_modules/@storybook/ui/dist/components/sidebar/SidebarItem.stories.d.ts),FromFolder(InFolder(/home/tso/tmp/tso-cache/npm/node_modules/@storybook/ui),TsIdentLibraryScoped(storybook,Some(ui))),TsIdentModule(Some(storybook),List(ui, dist, components, sidebar, SidebarItem.stories))) [id => @storybook/ui, phase => typescript] 
[info ] InferredDefaultModule.scala:39 Inferred module TsIdentModule(Some(storybook),List(ui, dist, components, sidebar, SidebarItem.stories)) [id => @storybook/ui, phase => typescript] 
[info ] Phase1ReadTypescript.scala:160 Preprocessing TsHelperFile(InFile(/home/tso/tmp/tso-cache/npm/node_modules/@storybook/ui/dist/components/sidebar/SidebarSearch.d.ts),FromFolder(InFolder(/home/tso/tmp/tso-cache/npm/node_modules/@storybook/ui),TsIdentLibraryScoped(storybook,Some(ui))),TsIdentModule(Some(storybook),List(ui, dist, components, sidebar, SidebarSearch))) [id => @storybook/ui, phase => typescript] 
[info ] InferredDefaultModule.scala:39 Inferred module TsIdentModule(Some(storybook),List(ui, dist, components, sidebar, SidebarSearch)) [id => @storybook/ui, phase => typescript] 
[info ] Phase1ReadTypescript.scala:160 Preprocessing TsHelperFile(InFile(/home/tso/tmp/tso-cache/npm/node_modules/@storybook/ui/dist/components/sidebar/SidebarSearch.stories.d.ts),FromFolder(InFolder(/home/tso/tmp/tso-cache/npm/node_modules/@storybook/ui),TsIdentLibraryScoped(storybook,Some(ui))),TsIdentModule(Some(storybook),List(ui, dist, components, sidebar, SidebarSearch.stories))) [id => @storybook/ui, phase => typescript] 
[info ] InferredDefaultModule.scala:39 Inferred module TsIdentModule(Some(storybook),List(ui, dist, components, sidebar, SidebarSearch.stories)) [id => @storybook/ui, phase => typescript] 
[info ] Phase1ReadTypescript.scala:160 Preprocessing TsHelperFile(InFile(/home/tso/tmp/tso-cache/npm/node_modules/@storybook/ui/dist/components/sidebar/SidebarStories.d.ts),FromFolder(InFolder(/home/tso/tmp/tso-cache/npm/node_modules/@storybook/ui),TsIdentLibraryScoped(storybook,Some(ui))),TsIdentModule(Some(storybook),List(ui, dist, components, sidebar, SidebarStories))) [id => @storybook/ui, phase => typescript] 
[info ] InferredDefaultModule.scala:39 Inferred module TsIdentModule(Some(storybook),List(ui, dist, components, sidebar, SidebarStories)) [id => @storybook/ui, phase => typescript] 
[info ] Phase1ReadTypescript.scala:160 Preprocessing TsHelperFile(InFile(/home/tso/tmp/tso-cache/npm/node_modules/@storybook/ui/dist/components/sidebar/SidebarStories.stories.d.ts),FromFolder(InFolder(/home/tso/tmp/tso-cache/npm/node_modules/@storybook/ui),TsIdentLibraryScoped(storybook,Some(ui))),TsIdentModule(Some(storybook),List(ui, dist, components, sidebar, SidebarStories.stories))) [id => @storybook/ui, phase => typescript] 
[info ] InferredDefaultModule.scala:39 Inferred module TsIdentModule(Some(storybook),List(ui, dist, components, sidebar, SidebarStories.stories)) [id => @storybook/ui, phase => typescript] 
[info ] Phase1ReadTypescript.scala:160 Preprocessing TsHelperFile(InFile(/home/tso/tmp/tso-cache/npm/node_modules/@storybook/ui/dist/components/sidebar/SidebarSubheading.d.ts),FromFolder(InFolder(/home/tso/tmp/tso-cache/npm/node_modules/@storybook/ui),TsIdentLibraryScoped(storybook,Some(ui))),TsIdentModule(Some(storybook),List(ui, dist, components, sidebar, SidebarSubheading))) [id => @storybook/ui, phase => typescript] 
[info ] InferredDefaultModule.scala:39 Inferred module TsIdentModule(Some(storybook),List(ui, dist, components, sidebar, SidebarSubheading)) [id => @storybook/ui, phase => typescript] 
[info ] Phase1ReadTypescript.scala:160 Preprocessing TsHelperFile(InFile(/home/tso/tmp/tso-cache/npm/node_modules/@storybook/ui/dist/components/sidebar/SidebarSubheading.stories.d.ts),FromFolder(InFolder(/home/tso/tmp/tso-cache/npm/node_modules/@storybook/ui),TsIdentLibraryScoped(storybook,Some(ui))),TsIdentModule(Some(storybook),List(ui, dist, components, sidebar, SidebarSubheading.stories))) [id => @storybook/ui, phase => typescript] 
[info ] InferredDefaultModule.scala:39 Inferred module TsIdentModule(Some(storybook),List(ui, dist, components, sidebar, SidebarSubheading.stories)) [id => @storybook/ui, phase => typescript] 
[info ] Phase1ReadTypescript.scala:160 Preprocessing TsHelperFile(InFile(/home/tso/tmp/tso-cache/npm/node_modules/@storybook/ui/dist/keyboard/keyCodes.d.ts),FromFolder(InFolder(/home/tso/tmp/tso-cache/npm/node_modules/@storybook/ui),TsIdentLibraryScoped(storybook,Some(ui))),TsIdentModule(Some(storybook),List(ui, dist, keyboard, keyCodes))) [id => @storybook/ui, phase => typescript] 
[info ] InferredDefaultModule.scala:39 Inferred module TsIdentModule(Some(storybook),List(ui, dist, keyboard, keyCodes)) [id => @storybook/ui, phase => typescript] 
[info ] Phase1ReadTypescript.scala:160 Preprocessing TsHelperFile(InFile(/home/tso/tmp/tso-cache/npm/node_modules/@storybook/ui/dist/keyboard/keyModel.d.ts),FromFolder(InFolder(/home/tso/tmp/tso-cache/npm/node_modules/@storybook/ui),TsIdentLibraryScoped(storybook,Some(ui))),TsIdentModule(Some(storybook),List(ui, dist, keyboard, keyModel))) [id => @storybook/ui, phase => typescript] 
[info ] InferredDefaultModule.scala:39 Inferred module TsIdentModule(Some(storybook),List(ui, dist, keyboard, keyModel)) [id => @storybook/ui, phase => typescript] 
[info ] Phase1ReadTypescript.scala:160 Preprocessing TsHelperFile(InFile(/home/tso/tmp/tso-cache/npm/node_modules/@storybook/ui/dist/keyboard/platform.d.ts),FromFolder(InFolder(/home/tso/tmp/tso-cache/npm/node_modules/@storybook/ui),TsIdentLibraryScoped(storybook,Some(ui))),TsIdentModule(Some(storybook),List(ui, dist, keyboard, platform))) [id => @storybook/ui, phase => typescript] 
[info ] InferredDefaultModule.scala:39 Inferred module TsIdentModule(Some(storybook),List(ui, dist, keyboard, platform)) [id => @storybook/ui, phase => typescript] 
[info ] Phase1ReadTypescript.scala:160 Preprocessing TsHelperFile(InFile(/home/tso/tmp/tso-cache/npm/node_modules/@storybook/ui/dist/keyboard/scanCode.d.ts),FromFolder(InFolder(/home/tso/tmp/tso-cache/npm/node_modules/@storybook/ui),TsIdentLibraryScoped(storybook,Some(ui))),TsIdentModule(Some(storybook),List(ui, dist, keyboard, scanCode))) [id => @storybook/ui, phase => typescript] 
[info ] InferredDefaultModule.scala:39 Inferred module TsIdentModule(Some(storybook),List(ui, dist, keyboard, scanCode)) [id => @storybook/ui, phase => typescript] 
[warn ] Phase1ReadTypescript.scala:182 Processing TsIdentLibraryScoped(storybook,Some(ui)) [id => @storybook/ui, phase => typescript] 
[info ] ResolveTypeQueries.scala:218 Resolved TsTypeQuery(TsQIdent(List(TsIdentSimple(Icons)))) [id => @storybook/ui, phase => typescript, scope => TreeScope(TsParsedFile() / TsDeclModule(@storybook/ui/dist/components/sidebar/ListItemIcon) / TsExport() / TsExporteeTree() / TsDeclInterface(ListItemIconProps) / TsMemberProperty(icon) / TsTypeLookup() / TsTypeRef() / TsTypeQuery())] 
[info ] ResolveTypeQueries.scala:218 Resolved TsTypeQuery(TsQIdent(List(TsIdentSimple(Button)))) [id => @storybook/ui, phase => typescript, scope => TreeScope(TsParsedFile() / TsDeclModule(@storybook/ui/dist/components/sidebar/SidebarHeading) / TsExport() / TsExporteeTree() / TsDeclTypeAlias(MenuButtonProps) / TsTypeIntersect() / TsTypeRef() / TsTypeQuery())] 
[info ] ResolveTypeQueries.scala:218 Resolved TsTypeQuery(TsQIdent(List(TsIdentSimple(TooltipLinkList)))) [id => @storybook/ui, phase => typescript, scope => TreeScope(TsParsedFile() / TsDeclModule(@storybook/ui/dist/components/sidebar/SidebarHeading) / TsExport() / TsExporteeTree() / TsDeclInterface(SidebarHeadingProps) / TsMemberProperty(menu) / TsTypeLookup() / TsTypeRef() / TsTypeQuery())] 
[info ] ResolveTypeQueries.scala:218 Resolved TsTypeQuery(TsQIdent(List(TsIdentSimple(Icons)))) [id => @storybook/ui, phase => typescript, scope => TreeScope(TsParsedFile() / TsDeclModule(@storybook/ui/dist/components/sidebar/SidebarItem) / TsExport() / TsExporteeTree() / TsDeclTypeAlias(IconProps) / TsTypeIntersect() / TsTypeRef() / TsTypeQuery())] 
[info ] ExpandTypeParams.scala:74 Expanding 1 members for TsIdentSimple(default) [id => @storybook/ui, phase => typescript, scope => TreeScope(TsParsedFile() / TsDeclModule(@storybook/ui/dist/components/sidebar/ListItemIcon))] 
[info ] ExpandTypeParams.scala:74 Expanding 1 members for TsIdentSimple(all) [id => @storybook/ui, phase => typescript, scope => TreeScope(TsParsedFile() / TsDeclModule(@storybook/ui/dist/components/sidebar/ListItemIcon.stories))] 
[info ] ExpandTypeParams.scala:61 Expanding 1 members for TsIdentSimple(component) [id => @storybook/ui, phase => typescript, scope => TreeScope(TsParsedFile() / TsDeclModule(@storybook/ui/dist/components/sidebar/ListItemIcon.stories) / TsDeclVar(default) / TsTypeObject())] 
[info ] ExpandTypeParams.scala:74 Expanding 1 members for TsIdentSimple(default) [id => @storybook/ui, phase => typescript, scope => TreeScope(TsParsedFile() / TsDeclModule(@storybook/ui/dist/components/sidebar/Sidebar))] 
[info ] ExpandTypeParams.scala:74 Expanding 1 members for TsIdentSimple(simple) [id => @storybook/ui, phase => typescript, scope => TreeScope(TsParsedFile() / TsDeclModule(@storybook/ui/dist/components/sidebar/Sidebar.stories))] 
[info ] ExpandTypeParams.scala:74 Expanding 1 members for TsIdentSimple(loading) [id => @storybook/ui, phase => typescript, scope => TreeScope(TsParsedFile() / TsDeclModule(@storybook/ui/dist/components/sidebar/Sidebar.stories))] 
[info ] ExpandTypeParams.scala:61 Expanding 1 members for TsIdentSimple(component) [id => @storybook/ui, phase => typescript, scope => TreeScope(TsParsedFile() / TsDeclModule(@storybook/ui/dist/components/sidebar/Sidebar.stories) / TsDeclVar(default) / TsTypeObject())] 
[info ] ExpandTypeParams.scala:74 Expanding 1 members for TsIdentSimple(default) [id => @storybook/ui, phase => typescript, scope => TreeScope(TsParsedFile() / TsDeclModule(@storybook/ui/dist/components/sidebar/SidebarHeading))] 
[info ] ExpandTypeParams.scala:74 Expanding 1 members for TsIdentSimple(menuHighlighted) [id => @storybook/ui, phase => typescript, scope => TreeScope(TsParsedFile() / TsDeclModule(@storybook/ui/dist/components/sidebar/SidebarHeading.stories))] 
[info ] ExpandTypeParams.scala:74 Expanding 1 members for TsIdentSimple(standard) [id => @storybook/ui, phase => typescript, scope => TreeScope(TsParsedFile() / TsDeclModule(@storybook/ui/dist/components/sidebar/SidebarHeading.stories))] 
[info ] ExpandTypeParams.scala:74 Expanding 1 members for TsIdentSimple(standardNoLink) [id => @storybook/ui, phase => typescript, scope => TreeScope(TsParsedFile() / TsDeclModule(@storybook/ui/dist/components/sidebar/SidebarHeading.stories))] 
[info ] ExpandTypeParams.scala:74 Expanding 1 members for TsIdentSimple(linkAndText) [id => @storybook/ui, phase => typescript, scope => TreeScope(TsParsedFile() / TsDeclModule(@storybook/ui/dist/components/sidebar/SidebarHeading.stories))] 
[info ] ExpandTypeParams.scala:74 Expanding 1 members for TsIdentSimple(onlyText) [id => @storybook/ui, phase => typescript, scope => TreeScope(TsParsedFile() / TsDeclModule(@storybook/ui/dist/components/sidebar/SidebarHeading.stories))] 
[info ] ExpandTypeParams.scala:74 Expanding 1 members for TsIdentSimple(longText) [id => @storybook/ui, phase => typescript, scope => TreeScope(TsParsedFile() / TsDeclModule(@storybook/ui/dist/components/sidebar/SidebarHeading.stories))] 
[info ] ExpandTypeParams.scala:74 Expanding 1 members for TsIdentSimple(customBrandImage) [id => @storybook/ui, phase => typescript, scope => TreeScope(TsParsedFile() / TsDeclModule(@storybook/ui/dist/components/sidebar/SidebarHeading.stories))] 
[info ] ExpandTypeParams.scala:61 Expanding 1 members for TsIdentSimple(component) [id => @storybook/ui, phase => typescript, scope => TreeScope(TsParsedFile() / TsDeclModule(@storybook/ui/dist/components/sidebar/SidebarHeading.stories) / TsDeclVar(default) / TsTypeObject())] 
[info ] ExpandTypeParams.scala:74 Expanding 1 members for TsIdentSimple(default) [id => @storybook/ui, phase => typescript, scope => TreeScope(TsParsedFile() / TsDeclModule(@storybook/ui/dist/components/sidebar/SidebarItem))] 
[info ] ExpandTypeParams.scala:74 Expanding 1 members for TsIdentSimple(group) [id => @storybook/ui, phase => typescript, scope => TreeScope(TsParsedFile() / TsDeclModule(@storybook/ui/dist/components/sidebar/SidebarItem.stories))] 
[info ] ExpandTypeParams.scala:74 Expanding 1 members for TsIdentSimple(component) [id => @storybook/ui, phase => typescript, scope => TreeScope(TsParsedFile() / TsDeclModule(@storybook/ui/dist/components/sidebar/SidebarItem.stories))] 
[info ] ExpandTypeParams.scala:74 Expanding 1 members for TsIdentSimple(componentExpanded) [id => @storybook/ui, phase => typescript, scope => TreeScope(TsParsedFile() / TsDeclModule(@storybook/ui/dist/components/sidebar/SidebarItem.stories))] 
[info ] ExpandTypeParams.scala:74 Expanding 1 members for TsIdentSimple(story) [id => @storybook/ui, phase => typescript, scope => TreeScope(TsParsedFile() / TsDeclModule(@storybook/ui/dist/components/sidebar/SidebarItem.stories))] 
[info ] ExpandTypeParams.scala:74 Expanding 1 members for TsIdentSimple(storySelected) [id => @storybook/ui, phase => typescript, scope => TreeScope(TsParsedFile() / TsDeclModule(@storybook/ui/dist/components/sidebar/SidebarItem.stories))] 
[info ] ExpandTypeParams.scala:74 Expanding 1 members for TsIdentSimple(nestedDepths) [id => @storybook/ui, phase => typescript, scope => TreeScope(TsParsedFile() / TsDeclModule(@storybook/ui/dist/components/sidebar/SidebarItem.stories))] 
[info ] ExpandTypeParams.scala:74 Expanding 1 members for TsIdentSimple(loading) [id => @storybook/ui, phase => typescript, scope => TreeScope(TsParsedFile() / TsDeclModule(@storybook/ui/dist/components/sidebar/SidebarItem.stories))] 
[info ] ExpandTypeParams.scala:61 Expanding 1 members for TsIdentSimple(component) [id => @storybook/ui, phase => typescript, scope => TreeScope(TsParsedFile() / TsDeclModule(@storybook/ui/dist/components/sidebar/SidebarItem.stories) / TsDeclVar(default) / TsTypeObject())] 
[info ] ExpandTypeParams.scala:53 Expanding 1 call members [id => @storybook/ui, phase => typescript, scope => TreeScope(TsParsedFile() / TsDeclModule(@storybook/ui/dist/components/sidebar/SidebarItem.stories) / TsDeclVar(longName) / TsTypeObject())] 
[info ] ExpandTypeParams.scala:74 Expanding 1 members for TsIdentSimple(PureSidebarSearch) [id => @storybook/ui, phase => typescript, scope => TreeScope(TsParsedFile() / TsDeclModule(@storybook/ui/dist/components/sidebar/SidebarSearch))] 
[info ] ExpandTypeParams.scala:74 Expanding 1 members for TsIdentSimple(default) [id => @storybook/ui, phase => typescript, scope => TreeScope(TsParsedFile() / TsDeclModule(@storybook/ui/dist/components/sidebar/SidebarSearch))] 
[info ] ExpandTypeParams.scala:61 Expanding 1 members for TsIdentSimple(onChange) [id => @storybook/ui, phase => typescript, scope => TreeScope(TsParsedFile() / TsDeclModule(@storybook/ui/dist/components/sidebar/SidebarSearch) / TsDeclTypeAlias(PureSidebarSearchProps) / TsTypeIntersect() / TsTypeObject())] 
[info ] ExpandTypeParams.scala:74 Expanding 1 members for TsIdentSimple(simple) [id => @storybook/ui, phase => typescript, scope => TreeScope(TsParsedFile() / TsDeclModule(@storybook/ui/dist/components/sidebar/SidebarSearch.stories))] 
[info ] ExpandTypeParams.scala:74 Expanding 1 members for TsIdentSimple(focussed) [id => @storybook/ui, phase => typescript, scope => TreeScope(TsParsedFile() / TsDeclModule(@storybook/ui/dist/components/sidebar/SidebarSearch.stories))] 
[info ] ExpandTypeParams.scala:74 Expanding 1 members for TsIdentSimple(filledIn) [id => @storybook/ui, phase => typescript, scope => TreeScope(TsParsedFile() / TsDeclModule(@storybook/ui/dist/components/sidebar/SidebarSearch.stories))] 
[info ] ExpandTypeParams.scala:61 Expanding 1 members for TsIdentSimple(component) [id => @storybook/ui, phase => typescript, scope => TreeScope(TsParsedFile() / TsDeclModule(@storybook/ui/dist/components/sidebar/SidebarSearch.stories) / TsDeclVar(default) / TsTypeObject())] 
[info ] ExpandTypeParams.scala:53 Expanding 1 call members [id => @storybook/ui, phase => typescript, scope => TreeScope(TsParsedFile() / TsDeclModule(@storybook/ui/dist/components/sidebar/SidebarStories) / TsDeclVar(Link) / TsTypeObject())] 
[info ] ExpandTypeParams.scala:74 Expanding 1 members for TsIdentSimple(withRoot) [id => @storybook/ui, phase => typescript, scope => TreeScope(TsParsedFile() / TsDeclModule(@storybook/ui/dist/components/sidebar/SidebarStories.stories))] 
[info ] ExpandTypeParams.scala:74 Expanding 1 members for TsIdentSimple(noRoot) [id => @storybook/ui, phase => typescript, scope => TreeScope(TsParsedFile() / TsDeclModule(@storybook/ui/dist/components/sidebar/SidebarStories.stories))] 
[info ] ExpandTypeParams.scala:74 Expanding 1 members for TsIdentSimple(empty) [id => @storybook/ui, phase => typescript, scope => TreeScope(TsParsedFile() / TsDeclModule(@storybook/ui/dist/components/sidebar/SidebarStories.stories))] 
[info ] ExpandTypeParams.scala:74 Expanding 1 members for TsIdentSimple(loading) [id => @storybook/ui, phase => typescript, scope => TreeScope(TsParsedFile() / TsDeclModule(@storybook/ui/dist/components/sidebar/SidebarStories.stories))] 
[info ] ExpandTypeParams.scala:74 Expanding 1 members for TsIdentSimple(simple) [id => @storybook/ui, phase => typescript, scope => TreeScope(TsParsedFile() / TsDeclModule(@storybook/ui/dist/components/sidebar/SidebarSubheading.stories))] 
[info ] ExpandTypeParams.scala:74 Expanding 1 members for TsIdentSimple(KeyChord) [id => @storybook/ui, phase => typescript, scope => TreeScope(TsParsedFile() / TsDeclModule(@storybook/ui/dist/keyboard/keyCodes))] 
[info ] ExpandTypeParams.scala:74 Expanding 1 members for TsIdentSimple(createKeyBinding) [id => @storybook/ui, phase => typescript, scope => TreeScope(TsParsedFile() / TsDeclModule(@storybook/ui/dist/keyboard/keyCodes))] 
[info ] ExpandTypeParams.scala:74 Expanding 1 members for TsIdentSimple(createSimpleKeybinding) [id => @storybook/ui, phase => typescript, scope => TreeScope(TsParsedFile() / TsDeclModule(@storybook/ui/dist/keyboard/keyCodes))] 
[info ] ExpandTypeParams.scala:61 Expanding 1 members for TsIdentSimple(constructor) [id => @storybook/ui, phase => typescript, scope => TreeScope(TsParsedFile() / TsDeclModule(@storybook/ui/dist/keyboard/keyCodes) / TsDeclClass(SimpleKeybinding))] 
[info ] ExpandTypeParams.scala:61 Expanding 1 members for TsIdentSimple(equals) [id => @storybook/ui, phase => typescript, scope => TreeScope(TsParsedFile() / TsDeclModule(@storybook/ui/dist/keyboard/keyCodes) / TsDeclClass(SimpleKeybinding))] 
[info ] ExpandTypeParams.scala:61 Expanding 1 members for TsIdentSimple(getHashCode) [id => @storybook/ui, phase => typescript, scope => TreeScope(TsParsedFile() / TsDeclModule(@storybook/ui/dist/keyboard/keyCodes) / TsDeclClass(SimpleKeybinding))] 
[info ] ExpandTypeParams.scala:61 Expanding 1 members for TsIdentSimple(isModifierKey) [id => @storybook/ui, phase => typescript, scope => TreeScope(TsParsedFile() / TsDeclModule(@storybook/ui/dist/keyboard/keyCodes) / TsDeclClass(SimpleKeybinding))] 
[info ] ExpandTypeParams.scala:61 Expanding 1 members for TsIdentSimple(isDupliateModifierCase) [id => @storybook/ui, phase => typescript, scope => TreeScope(TsParsedFile() / TsDeclModule(@storybook/ui/dist/keyboard/keyCodes) / TsDeclClass(SimpleKeybinding))] 
[info ] ExpandTypeParams.scala:61 Expanding 1 members for TsIdentSimple(constructor) [id => @storybook/ui, phase => typescript, scope => TreeScope(TsParsedFile() / TsDeclModule(@storybook/ui/dist/keyboard/keyCodes) / TsDeclClass(ChordKeybinding))] 
[info ] ExpandTypeParams.scala:61 Expanding 1 members for TsIdentSimple(getHashCode) [id => @storybook/ui, phase => typescript, scope => TreeScope(TsParsedFile() / TsDeclModule(@storybook/ui/dist/keyboard/keyCodes) / TsDeclClass(ChordKeybinding))] 
[info ] ExpandTypeParams.scala:61 Expanding 1 members for TsIdentSimple(constructor) [id => @storybook/ui, phase => typescript, scope => TreeScope(TsParsedFile() / TsDeclModule(@storybook/ui/dist/keyboard/keyCodes) / TsDeclClass(ResolveKeybindingPart))] 
[info ] ExpandTypeParams.scala:61 Expanding 1 members for TsIdentSimple(getLabel) [id => @storybook/ui, phase => typescript, scope => TreeScope(TsParsedFile() / TsDeclModule(@storybook/ui/dist/keyboard/keyCodes) / TsDeclClass(ResolvedKeybinding))] 
[info ] ExpandTypeParams.scala:61 Expanding 1 members for TsIdentSimple(getAriaLabel) [id => @storybook/ui, phase => typescript, scope => TreeScope(TsParsedFile() / TsDeclModule(@storybook/ui/dist/keyboard/keyCodes) / TsDeclClass(ResolvedKeybinding))] 
[info ] ExpandTypeParams.scala:61 Expanding 1 members for TsIdentSimple(getUserSettingsLabel) [id => @storybook/ui, phase => typescript, scope => TreeScope(TsParsedFile() / TsDeclModule(@storybook/ui/dist/keyboard/keyCodes) / TsDeclClass(ResolvedKeybinding))] 
[info ] ExpandTypeParams.scala:61 Expanding 1 members for TsIdentSimple(isWYSIWYG) [id => @storybook/ui, phase => typescript, scope => TreeScope(TsParsedFile() / TsDeclModule(@storybook/ui/dist/keyboard/keyCodes) / TsDeclClass(ResolvedKeybinding))] 
[info ] ExpandTypeParams.scala:61 Expanding 1 members for TsIdentSimple(isChord) [id => @storybook/ui, phase => typescript, scope => TreeScope(TsParsedFile() / TsDeclModule(@storybook/ui/dist/keyboard/keyCodes) / TsDeclClass(ResolvedKeybinding))] 
[info ] ExpandTypeParams.scala:61 Expanding 1 members for TsIdentSimple(getDispatchParts) [id => @storybook/ui, phase => typescript, scope => TreeScope(TsParsedFile() / TsDeclModule(@storybook/ui/dist/keyboard/keyCodes) / TsDeclClass(ResolvedKeybinding))] 
[info ] ExpandTypeParams.scala:61 Expanding 1 members for TsIdentSimple(getParts) [id => @storybook/ui, phase => typescript, scope => TreeScope(TsParsedFile() / TsDeclModule(@storybook/ui/dist/keyboard/keyCodes) / TsDeclClass(ResolvedKeybinding))] 
[info ] ExpandTypeParams.scala:61 Expanding 1 members for TsIdentSimple(lowerCaseToEnum) [id => @storybook/ui, phase => typescript, scope => TreeScope(TsParsedFile() / TsDeclModule(@storybook/ui/dist/keyboard/scanCode) / TsDeclVar(ScanCodeUtils) / TsTypeObject())] 
[info ] ExpandTypeParams.scala:61 Expanding 1 members for TsIdentSimple(toEnum) [id => @storybook/ui, phase => typescript, scope => TreeScope(TsParsedFile() / TsDeclModule(@storybook/ui/dist/keyboard/scanCode) / TsDeclVar(ScanCodeUtils) / TsTypeObject())] 
[info ] ExpandTypeParams.scala:61 Expanding 1 members for TsIdentSimple(toString) [id => @storybook/ui, phase => typescript, scope => TreeScope(TsParsedFile() / TsDeclModule(@storybook/ui/dist/keyboard/scanCode) / TsDeclVar(ScanCodeUtils) / TsTypeObject())] 
[info ] ExpandTypeParams.scala:61 Expanding 1 members for TsIdentSimple(constructor) [id => @storybook/ui, phase => typescript, scope => TreeScope(TsParsedFile() / TsDeclModule(@storybook/ui/dist/keyboard/scanCode) / TsDeclClass(ScanCodeBinding))] 
[info ] ExpandTypeParams.scala:61 Expanding 1 members for TsIdentSimple(equals) [id => @storybook/ui, phase => typescript, scope => TreeScope(TsParsedFile() / TsDeclModule(@storybook/ui/dist/keyboard/scanCode) / TsDeclClass(ScanCodeBinding))] 
[info ] ExpandTypeParams.scala:61 Expanding 1 members for TsIdentSimple(isDuplicateModifierCase) [id => @storybook/ui, phase => typescript, scope => TreeScope(TsParsedFile() / TsDeclModule(@storybook/ui/dist/keyboard/scanCode) / TsDeclClass(ScanCodeBinding))] 
[info ] ExtractInterfaces.scala:41 Extracted anonymous interface TsIdentSimple(Anon_Id) [id => @storybook/ui, phase => typescript, scope => TreeScope(TsParsedFile() / TsDeclModule(@storybook/ui/dist/components/sidebar/Sidebar.stories) / TsDeclVar(simpleData) / TsTypeObject() / TsMemberProperty(menu) / TsTypeRef() / TsTypeObject())] 
[info ] ExtractInterfaces.scala:41 Extracted anonymous interface TsIdentSimple(Anon_Id) [id => @storybook/ui, phase => typescript, scope => TreeScope(TsParsedFile() / TsDeclModule(@storybook/ui/dist/components/sidebar/Sidebar.stories) / TsDeclVar(loadingData) / TsTypeObject() / TsMemberProperty(menu) / TsTypeRef() / TsTypeObject())] 
[info ] ExtractInterfaces.scala:41 Extracted anonymous interface TsIdentSimple(Anon_Highlighted) [id => @storybook/ui, phase => typescript, scope => TreeScope(TsParsedFile() / TsDeclModule(@storybook/ui/dist/components/sidebar/SidebarHeading) / TsDeclTypeAlias(MenuButtonProps) / TsTypeIntersect() / TsTypeObject())] 
[info ] ExtractInterfaces.scala:41 Extracted anonymous interface TsIdentSimple(Anon_Id) [id => @storybook/ui, phase => typescript, scope => TreeScope(TsParsedFile() / TsDeclModule(@storybook/ui/dist/components/sidebar/SidebarHeading.stories) / TsDeclVar(standardData) / TsTypeObject() / TsMemberProperty(menu) / TsTypeRef() / TsTypeObject())] 
[info ] ExtractInterfaces.scala:41 Extracted anonymous interface TsIdentSimple(Anon_IsExpandable) [id => @storybook/ui, phase => typescript, scope => TreeScope(TsParsedFile() / TsDeclModule(@storybook/ui/dist/components/sidebar/SidebarItem) / TsDeclTypeAlias(ExpanderProps) / TsTypeIntersect() / TsTypeObject())] 
[info ] ExtractInterfaces.scala:41 Extracted anonymous interface TsIdentSimple(Anon_ClassName) [id => @storybook/ui, phase => typescript, scope => TreeScope(TsParsedFile() / TsDeclModule(@storybook/ui/dist/components/sidebar/SidebarItem) / TsDeclTypeAlias(IconProps) / TsTypeIntersect() / TsTypeObject())] 
[info ] ExtractInterfaces.scala:41 Extracted anonymous interface TsIdentSimple(Anon_Theme) [id => @storybook/ui, phase => typescript, scope => TreeScope(TsParsedFile() / TsDeclModule(@storybook/ui/dist/components/sidebar/SidebarItem) / TsDeclVar(Item) / TsTypeRef() / TsTypeIntersect() / TsTypeObject())] 
[info ] ExtractInterfaces.scala:41 Extracted anonymous interface TsIdentSimple(Anon_Name) [id => @storybook/ui, phase => typescript, scope => TreeScope(TsParsedFile() / TsDeclModule(@storybook/ui/dist/components/sidebar/SidebarItem.stories) / TsDeclVar(longName) / TsTypeObject() / TsMemberProperty(story) / TsTypeObject())] 
[info ] ExtractInterfaces.scala:41 Extracted anonymous interface TsIdentSimple(Anon_Focussed) [id => @storybook/ui, phase => typescript, scope => TreeScope(TsParsedFile() / TsDeclModule(@storybook/ui/dist/components/sidebar/SidebarSearch) / TsDeclTypeAlias(FilterFormProps) / TsTypeIntersect() / TsTypeObject())] 
[info ] ExtractInterfaces.scala:41 Extracted anonymous interface TsIdentSimple(Anon_Arg) [id => @storybook/ui, phase => typescript, scope => TreeScope(TsParsedFile() / TsDeclModule(@storybook/ui/dist/components/sidebar/SidebarSearch) / TsDeclTypeAlias(PureSidebarSearchProps) / TsTypeIntersect() / TsTypeObject())] 
[info ] ExtractInterfaces.scala:41 Extracted anonymous interface TsIdentSimple(Anon_ChildIds) [id => @storybook/ui, phase => typescript, scope => TreeScope(TsParsedFile() / TsDeclModule(@storybook/ui/dist/components/sidebar/SidebarStories) / TsDeclVar(Link) / TsTypeObject() / TsMemberCall() / TsFunSig() / TsFunParam() / TsTypeObject())] 
[info ] ExtractInterfaces.scala:41 Extracted anonymous interface TsIdentSimple(Anon_Args) [id => @storybook/ui, phase => typescript, scope => TreeScope(TsParsedFile() / TsDeclModule(@storybook/ui/dist/components/sidebar/SidebarStories) / TsDeclVar(Link) / TsTypeObject() / TsMemberProperty(propTypes) / TsTypeObject())] 
[info ] ExtractInterfaces.scala:41 Extracted anonymous interface TsIdentSimple(Anon_ChildIdsIsExpanded) [id => @storybook/ui, phase => typescript, scope => TreeScope(TsParsedFile() / TsDeclModule(@storybook/ui/dist/components/sidebar/SidebarStories) / TsDeclVar(Link) / TsTypeObject() / TsMemberProperty(defaultProps) / TsTypeObject())] 
[debug] PhaseRunner.scala:84 Success [id => @storybook/ui, phase => typescript] 
[warn ] Phase2ToScalaJs.scala:43 Processing @storybook/ui [id => @storybook/ui, phase => scala.js] 
[info ] ImportType.scala:245 Failed type conversion: @storybook/api.@storybook/api.State['StoriesHash'] [id => @storybook/ui, phase => scala.js, scope => TreeScope(TsParsedFile() / TsDeclModule(@storybook/ui/dist/components/sidebar/SidebarStories) / TsDeclInterface(StoriesProps) / TsMemberProperty(stories) / TsTypeLookup())] 
[info ] ImportType.scala:245 Failed type conversion: react.react.ComponentProps<react.react.FunctionComponent<@storybook/components.@storybook/components/dist/tooltip/TooltipLinkList.TooltipLinkListProps>>['links'] [id => @storybook/ui, phase => scala.js, scope => TreeScope(TsParsedFile() / TsDeclModule(@storybook/ui/dist/components/sidebar/SidebarHeading) / TsDeclInterface(SidebarHeadingProps) / TsMemberProperty(menu) / TsTypeLookup())] 
[info ] ImportType.scala:245 Failed type conversion: react.react.ComponentProps<react.react.FunctionComponent<@storybook/components.@storybook/components/dist/icon/icon.IconsProps>>['icon'] [id => @storybook/ui, phase => scala.js, scope => TreeScope(TsParsedFile() / TsDeclModule(@storybook/ui/dist/components/sidebar/ListItemIcon) / TsDeclInterface(ListItemIconProps) / TsMemberProperty(icon) / TsTypeLookup())] 
[info ] ImportType.scala:245 Failed type conversion: @storybook/api.@storybook/api.State['StoriesHash'] [id => @storybook/ui, phase => scala.js, scope => TreeScope(TsParsedFile() / TsDeclModule(@storybook/ui/dist/components/sidebar/Sidebar) / TsDeclInterface(SidebarProps) / TsMemberProperty(stories) / TsTypeLookup())] 
[debug] PhaseRunner.scala:84 Success [id => @storybook/ui, phase => scala.js] 
[warn ] PhaseRunner.scala:70 Failed because of, [@emotion/core => Compilation failed, emotion-theming => Compilation failed] [id => @storybook/ui, phase => build] 
[error] PhaseRunner.scala:88 Failure, [@emotion/core => Compilation failed, emotion-theming => Compilation failed] [id => @storybook/ui, phase => build] 
[error] PhaseRunner.scala:88 Failure, [@emotion/core => Compilation failed, emotion-theming => Compilation failed] [id => @storybook/ui, phase => publish] 
