[debug] PhaseRunner.scala:92 Ignored [id => @storybook/api, phase => typescript] 
[debug] PhaseRunner.scala:92 Ignored [id => @storybook/api, phase => typescript] 
[debug] PhaseRunner.scala:84 Success [id => @storybook/api, phase => typescript] 
[debug] PhaseRunner.scala:84 Success [id => @storybook/api, phase => typescript] 
[debug] PhaseRunner.scala:84 Success [id => @storybook/api, phase => typescript] 
[debug] PhaseRunner.scala:84 Success [id => @storybook/api, phase => typescript] 
[debug] PhaseRunner.scala:84 Success [id => @storybook/api, phase => typescript] 
[debug] PhaseRunner.scala:84 Success [id => @storybook/api, phase => typescript] 
[debug] PhaseRunner.scala:84 Success [id => @storybook/api, phase => typescript] 
[debug] PhaseRunner.scala:84 Success [id => @storybook/api, phase => typescript] 
[debug] PhaseRunner.scala:84 Success [id => @storybook/api, phase => typescript] 
[debug] PhaseRunner.scala:84 Success [id => @storybook/api, phase => typescript] 
[debug] PhaseRunner.scala:84 Success [id => @storybook/api, phase => typescript] 
[debug] PhaseRunner.scala:84 Success [id => @storybook/api, phase => typescript] 
[info ] Phase1ReadTypescript.scala:160 Preprocessing TsHelperFile(InFile(/home/tso/tmp/tso-cache/npm/node_modules/@storybook/api/dist/index.d.ts),FromFolder(InFolder(/home/tso/tmp/tso-cache/npm/node_modules/@storybook/api),TsIdentLibraryScoped(storybook,Some(api))),TsIdentModule(Some(storybook),List(api))) [id => @storybook/api, phase => typescript] 
[info ] InferredDefaultModule.scala:39 Inferred module TsIdentModule(Some(storybook),List(api)) [id => @storybook/api, phase => typescript] 
[info ] Phase1ReadTypescript.scala:160 Preprocessing TsHelperFile(InFile(/home/tso/tmp/tso-cache/npm/node_modules/@storybook/api/dist/init-provider-api.d.ts),FromFolder(InFolder(/home/tso/tmp/tso-cache/npm/node_modules/@storybook/api),TsIdentLibraryScoped(storybook,Some(api))),TsIdentModule(Some(storybook),List(api, dist, init-provider-api))) [id => @storybook/api, phase => typescript] 
[info ] InferredDefaultModule.scala:39 Inferred module TsIdentModule(Some(storybook),List(api, dist, init-provider-api)) [id => @storybook/api, phase => typescript] 
[info ] Phase1ReadTypescript.scala:160 Preprocessing TsHelperFile(InFile(/home/tso/tmp/tso-cache/npm/node_modules/@storybook/api/dist/modules/addons.d.ts),FromFolder(InFolder(/home/tso/tmp/tso-cache/npm/node_modules/@storybook/api),TsIdentLibraryScoped(storybook,Some(api))),TsIdentModule(Some(storybook),List(api, dist, modules, addons))) [id => @storybook/api, phase => typescript] 
[info ] InferredDefaultModule.scala:39 Inferred module TsIdentModule(Some(storybook),List(api, dist, modules, addons)) [id => @storybook/api, phase => typescript] 
[info ] Phase1ReadTypescript.scala:160 Preprocessing TsHelperFile(InFile(/home/tso/tmp/tso-cache/npm/node_modules/@storybook/api/dist/modules/channel.d.ts),FromFolder(InFolder(/home/tso/tmp/tso-cache/npm/node_modules/@storybook/api),TsIdentLibraryScoped(storybook,Some(api))),TsIdentModule(Some(storybook),List(api, dist, modules, channel))) [id => @storybook/api, phase => typescript] 
[info ] InferredDefaultModule.scala:39 Inferred module TsIdentModule(Some(storybook),List(api, dist, modules, channel)) [id => @storybook/api, phase => typescript] 
[info ] Phase1ReadTypescript.scala:160 Preprocessing TsHelperFile(InFile(/home/tso/tmp/tso-cache/npm/node_modules/@storybook/api/dist/modules/layout.d.ts),FromFolder(InFolder(/home/tso/tmp/tso-cache/npm/node_modules/@storybook/api),TsIdentLibraryScoped(storybook,Some(api))),TsIdentModule(Some(storybook),List(api, dist, modules, layout))) [id => @storybook/api, phase => typescript] 
[info ] InferredDefaultModule.scala:39 Inferred module TsIdentModule(Some(storybook),List(api, dist, modules, layout)) [id => @storybook/api, phase => typescript] 
[info ] Phase1ReadTypescript.scala:160 Preprocessing TsHelperFile(InFile(/home/tso/tmp/tso-cache/npm/node_modules/@storybook/api/dist/modules/notifications.d.ts),FromFolder(InFolder(/home/tso/tmp/tso-cache/npm/node_modules/@storybook/api),TsIdentLibraryScoped(storybook,Some(api))),TsIdentModule(Some(storybook),List(api, dist, modules, notifications))) [id => @storybook/api, phase => typescript] 
[info ] InferredDefaultModule.scala:39 Inferred module TsIdentModule(Some(storybook),List(api, dist, modules, notifications)) [id => @storybook/api, phase => typescript] 
[info ] Phase1ReadTypescript.scala:160 Preprocessing TsHelperFile(InFile(/home/tso/tmp/tso-cache/npm/node_modules/@storybook/api/dist/modules/shortcuts.d.ts),FromFolder(InFolder(/home/tso/tmp/tso-cache/npm/node_modules/@storybook/api),TsIdentLibraryScoped(storybook,Some(api))),TsIdentModule(Some(storybook),List(api, dist, modules, shortcuts))) [id => @storybook/api, phase => typescript] 
[info ] InferredDefaultModule.scala:39 Inferred module TsIdentModule(Some(storybook),List(api, dist, modules, shortcuts)) [id => @storybook/api, phase => typescript] 
[info ] Phase1ReadTypescript.scala:160 Preprocessing TsHelperFile(InFile(/home/tso/tmp/tso-cache/npm/node_modules/@storybook/api/dist/modules/stories.d.ts),FromFolder(InFolder(/home/tso/tmp/tso-cache/npm/node_modules/@storybook/api),TsIdentLibraryScoped(storybook,Some(api))),TsIdentModule(Some(storybook),List(api, dist, modules, stories))) [id => @storybook/api, phase => typescript] 
[info ] InferredDefaultModule.scala:39 Inferred module TsIdentModule(Some(storybook),List(api, dist, modules, stories)) [id => @storybook/api, phase => typescript] 
[info ] Phase1ReadTypescript.scala:160 Preprocessing TsHelperFile(InFile(/home/tso/tmp/tso-cache/npm/node_modules/@storybook/api/dist/modules/url.d.ts),FromFolder(InFolder(/home/tso/tmp/tso-cache/npm/node_modules/@storybook/api),TsIdentLibraryScoped(storybook,Some(api))),TsIdentModule(Some(storybook),List(api, dist, modules, url))) [id => @storybook/api, phase => typescript] 
[info ] InferredDefaultModule.scala:39 Inferred module TsIdentModule(Some(storybook),List(api, dist, modules, url)) [id => @storybook/api, phase => typescript] 
[info ] Phase1ReadTypescript.scala:160 Preprocessing TsHelperFile(InFile(/home/tso/tmp/tso-cache/npm/node_modules/@storybook/api/dist/modules/versions.d.ts),FromFolder(InFolder(/home/tso/tmp/tso-cache/npm/node_modules/@storybook/api),TsIdentLibraryScoped(storybook,Some(api))),TsIdentModule(Some(storybook),List(api, dist, modules, versions))) [id => @storybook/api, phase => typescript] 
[info ] InferredDefaultModule.scala:39 Inferred module TsIdentModule(Some(storybook),List(api, dist, modules, versions)) [id => @storybook/api, phase => typescript] 
[info ] Phase1ReadTypescript.scala:160 Preprocessing TsHelperFile(InFile(/home/tso/tmp/tso-cache/npm/node_modules/@storybook/api/dist/store.d.ts),FromFolder(InFolder(/home/tso/tmp/tso-cache/npm/node_modules/@storybook/api),TsIdentLibraryScoped(storybook,Some(api))),TsIdentModule(Some(storybook),List(api, dist, store))) [id => @storybook/api, phase => typescript] 
[info ] InferredDefaultModule.scala:39 Inferred module TsIdentModule(Some(storybook),List(api, dist, store)) [id => @storybook/api, phase => typescript] 
[warn ] Phase1ReadTypescript.scala:182 Processing TsIdentLibraryScoped(storybook,Some(api)) [id => @storybook/api, phase => typescript] 
[warn ] TsTreeScope.scala:78 Cannot resolve TsQIdent(List(TsIdentSimple(API))) [id => @storybook/api, phase => typescript, scope => TreeScope(TsParsedFile() / TsDeclModule(@storybook/api/dist/init-provider-api) / TsExport() / TsExporteeTree() / TsDeclInterface(Provider) / TsMemberFunction(handleAPI) / TsFunSig() / TsFunParam() / TsTypeRef())] 
[warn ] QualifyReferences.scala:32 Couldn't qualify API [id => @storybook/api, phase => typescript, scope => TreeScope(TsParsedFile() / TsDeclModule(@storybook/api/dist/init-provider-api) / TsExport() / TsExporteeTree() / TsDeclInterface(Provider) / TsMemberFunction(handleAPI) / TsFunSig() / TsFunParam() / TsTypeRef())] 
[warn ] TsTreeScope.scala:78 Cannot resolve TsQIdent(List(TsIdentSimple(API))) [id => @storybook/api, phase => typescript, scope => TreeScope(TsParsedFile() / TsDeclModule(@storybook/api/dist/init-provider-api) / TsDeclFunction(_default) / TsFunSig() / TsFunParam() / TsTypeObject() / TsMemberProperty(api) / TsTypeRef())] 
[warn ] QualifyReferences.scala:32 Couldn't qualify API [id => @storybook/api, phase => typescript, scope => TreeScope(TsParsedFile() / TsDeclModule(@storybook/api/dist/init-provider-api) / TsDeclFunction(_default) / TsFunSig() / TsFunParam() / TsTypeObject() / TsMemberProperty(api) / TsTypeRef())] 
[warn ] TsTreeScope.scala:78 Cannot resolve TsQIdent(List(TsIdentSimple(API))) [id => @storybook/api, phase => typescript, scope => TreeScope(TsParsedFile() / TsDeclModule(@storybook/api/dist/init-provider-api) / TsDeclFunction(_default) / TsFunSig() / TsTypeRef())] 
[warn ] QualifyReferences.scala:32 Couldn't qualify API [id => @storybook/api, phase => typescript, scope => TreeScope(TsParsedFile() / TsDeclModule(@storybook/api/dist/init-provider-api) / TsDeclFunction(_default) / TsFunSig() / TsTypeRef())] 
[warn ] TsTreeScope.scala:78 Cannot resolve TsQIdent(List(TsIdentSimple(Module))) [id => @storybook/api, phase => typescript, scope => TreeScope(TsParsedFile() / TsDeclModule(@storybook/api/dist/modules/addons) / TsDeclFunction(_default) / TsFunSig() / TsFunParam() / TsTypeRef())] 
[warn ] QualifyReferences.scala:32 Couldn't qualify Module [id => @storybook/api, phase => typescript, scope => TreeScope(TsParsedFile() / TsDeclModule(@storybook/api/dist/modules/addons) / TsDeclFunction(_default) / TsFunSig() / TsFunParam() / TsTypeRef())] 
[warn ] TsTreeScope.scala:78 Cannot resolve TsQIdent(List(TsIdentSimple(Module))) [id => @storybook/api, phase => typescript, scope => TreeScope(TsParsedFile() / TsDeclModule(@storybook/api/dist/modules/channel) / TsDeclFunction(_default) / TsFunSig() / TsFunParam() / TsTypeRef())] 
[warn ] QualifyReferences.scala:32 Couldn't qualify Module [id => @storybook/api, phase => typescript, scope => TreeScope(TsParsedFile() / TsDeclModule(@storybook/api/dist/modules/channel) / TsDeclFunction(_default) / TsFunSig() / TsFunParam() / TsTypeRef())] 
[warn ] TsTreeScope.scala:78 Cannot resolve TsQIdent(List(TsIdentSimple(State))) [id => @storybook/api, phase => typescript, scope => TreeScope(TsParsedFile() / TsDeclModule(@storybook/api/dist/modules/layout) / TsExport() / TsExporteeTree() / TsDeclFunction(default) / TsFunSig() / TsTypeObject() / TsMemberProperty(api) / TsTypeObject() / TsMemberFunction(toggleFullscreen) / TsFunSig() / TsTypeRef() / TsTypeRef())] 
[warn ] QualifyReferences.scala:32 Couldn't qualify State [id => @storybook/api, phase => typescript, scope => TreeScope(TsParsedFile() / TsDeclModule(@storybook/api/dist/modules/layout) / TsExport() / TsExporteeTree() / TsDeclFunction(default) / TsFunSig() / TsTypeObject() / TsMemberProperty(api) / TsTypeObject() / TsMemberFunction(toggleFullscreen) / TsFunSig() / TsTypeRef() / TsTypeRef())] 
[warn ] TsTreeScope.scala:78 Cannot resolve TsQIdent(List(TsIdentSimple(State))) [id => @storybook/api, phase => typescript, scope => TreeScope(TsParsedFile() / TsDeclModule(@storybook/api/dist/modules/layout) / TsExport() / TsExporteeTree() / TsDeclFunction(default) / TsFunSig() / TsTypeObject() / TsMemberProperty(api) / TsTypeObject() / TsMemberFunction(togglePanel) / TsFunSig() / TsTypeRef() / TsTypeRef())] 
[warn ] QualifyReferences.scala:32 Couldn't qualify State [id => @storybook/api, phase => typescript, scope => TreeScope(TsParsedFile() / TsDeclModule(@storybook/api/dist/modules/layout) / TsExport() / TsExporteeTree() / TsDeclFunction(default) / TsFunSig() / TsTypeObject() / TsMemberProperty(api) / TsTypeObject() / TsMemberFunction(togglePanel) / TsFunSig() / TsTypeRef() / TsTypeRef())] 
[warn ] TsTreeScope.scala:78 Cannot resolve TsQIdent(List(TsIdentSimple(State))) [id => @storybook/api, phase => typescript, scope => TreeScope(TsParsedFile() / TsDeclModule(@storybook/api/dist/modules/layout) / TsExport() / TsExporteeTree() / TsDeclFunction(default) / TsFunSig() / TsTypeObject() / TsMemberProperty(api) / TsTypeObject() / TsMemberFunction(togglePanelPosition) / TsFunSig() / TsTypeRef() / TsTypeRef())] 
[warn ] QualifyReferences.scala:32 Couldn't qualify State [id => @storybook/api, phase => typescript, scope => TreeScope(TsParsedFile() / TsDeclModule(@storybook/api/dist/modules/layout) / TsExport() / TsExporteeTree() / TsDeclFunction(default) / TsFunSig() / TsTypeObject() / TsMemberProperty(api) / TsTypeObject() / TsMemberFunction(togglePanelPosition) / TsFunSig() / TsTypeRef() / TsTypeRef())] 
[warn ] TsTreeScope.scala:78 Cannot resolve TsQIdent(List(TsIdentSimple(State))) [id => @storybook/api, phase => typescript, scope => TreeScope(TsParsedFile() / TsDeclModule(@storybook/api/dist/modules/layout) / TsExport() / TsExporteeTree() / TsDeclFunction(default) / TsFunSig() / TsTypeObject() / TsMemberProperty(api) / TsTypeObject() / TsMemberFunction(toggleNav) / TsFunSig() / TsTypeRef() / TsTypeRef())] 
[warn ] QualifyReferences.scala:32 Couldn't qualify State [id => @storybook/api, phase => typescript, scope => TreeScope(TsParsedFile() / TsDeclModule(@storybook/api/dist/modules/layout) / TsExport() / TsExporteeTree() / TsDeclFunction(default) / TsFunSig() / TsTypeObject() / TsMemberProperty(api) / TsTypeObject() / TsMemberFunction(toggleNav) / TsFunSig() / TsTypeRef() / TsTypeRef())] 
[warn ] TsTreeScope.scala:78 Cannot resolve TsQIdent(List(TsIdentSimple(State))) [id => @storybook/api, phase => typescript, scope => TreeScope(TsParsedFile() / TsDeclModule(@storybook/api/dist/modules/layout) / TsExport() / TsExporteeTree() / TsDeclFunction(default) / TsFunSig() / TsTypeObject() / TsMemberProperty(api) / TsTypeObject() / TsMemberFunction(toggleToolbar) / TsFunSig() / TsTypeRef() / TsTypeRef())] 
[warn ] QualifyReferences.scala:32 Couldn't qualify State [id => @storybook/api, phase => typescript, scope => TreeScope(TsParsedFile() / TsDeclModule(@storybook/api/dist/modules/layout) / TsExport() / TsExporteeTree() / TsDeclFunction(default) / TsFunSig() / TsTypeObject() / TsMemberProperty(api) / TsTypeObject() / TsMemberFunction(toggleToolbar) / TsFunSig() / TsTypeRef() / TsTypeRef())] 
[warn ] TsTreeScope.scala:78 Cannot resolve TsQIdent(List(TsIdentSimple(State))) [id => @storybook/api, phase => typescript, scope => TreeScope(TsParsedFile() / TsDeclModule(@storybook/api/dist/modules/layout) / TsExport() / TsExporteeTree() / TsDeclFunction(default) / TsFunSig() / TsTypeObject() / TsMemberProperty(api) / TsTypeObject() / TsMemberFunction(resetLayout) / TsFunSig() / TsTypeRef() / TsTypeRef())] 
[warn ] QualifyReferences.scala:32 Couldn't qualify State [id => @storybook/api, phase => typescript, scope => TreeScope(TsParsedFile() / TsDeclModule(@storybook/api/dist/modules/layout) / TsExport() / TsExporteeTree() / TsDeclFunction(default) / TsFunSig() / TsTypeObject() / TsMemberProperty(api) / TsTypeObject() / TsMemberFunction(resetLayout) / TsFunSig() / TsTypeRef() / TsTypeRef())] 
[warn ] TsTreeScope.scala:78 Cannot resolve TsQIdent(List(TsIdentSimple(Module))) [id => @storybook/api, phase => typescript, scope => TreeScope(TsParsedFile() / TsDeclModule(@storybook/api/dist/modules/notifications) / TsExport() / TsExporteeTree() / TsDeclFunction(default) / TsFunSig() / TsFunParam() / TsTypeRef())] 
[warn ] QualifyReferences.scala:32 Couldn't qualify Module [id => @storybook/api, phase => typescript, scope => TreeScope(TsParsedFile() / TsDeclModule(@storybook/api/dist/modules/notifications) / TsExport() / TsExporteeTree() / TsDeclFunction(default) / TsFunSig() / TsFunParam() / TsTypeRef())] 
[warn ] TsTreeScope.scala:78 Cannot resolve TsQIdent(List(TsIdentSimple(API))) [id => @storybook/api, phase => typescript, scope => TreeScope(TsParsedFile() / TsDeclModule(@storybook/api/dist/modules/shortcuts) / TsExport() / TsExporteeTree() / TsDeclInterface(SubAPI) / TsMemberFunction(handleKeydownEvent) / TsFunSig() / TsFunParam() / TsTypeRef())] 
[warn ] QualifyReferences.scala:32 Couldn't qualify API [id => @storybook/api, phase => typescript, scope => TreeScope(TsParsedFile() / TsDeclModule(@storybook/api/dist/modules/shortcuts) / TsExport() / TsExporteeTree() / TsDeclInterface(SubAPI) / TsMemberFunction(handleKeydownEvent) / TsFunSig() / TsFunParam() / TsTypeRef())] 
[warn ] TsTreeScope.scala:78 Cannot resolve TsQIdent(List(TsIdentSimple(API))) [id => @storybook/api, phase => typescript, scope => TreeScope(TsParsedFile() / TsDeclModule(@storybook/api/dist/modules/shortcuts) / TsExport() / TsExporteeTree() / TsDeclInterface(SubAPI) / TsMemberFunction(handleShortcutFeature) / TsFunSig() / TsFunParam() / TsTypeRef())] 
[warn ] QualifyReferences.scala:32 Couldn't qualify API [id => @storybook/api, phase => typescript, scope => TreeScope(TsParsedFile() / TsDeclModule(@storybook/api/dist/modules/shortcuts) / TsExport() / TsExporteeTree() / TsDeclInterface(SubAPI) / TsMemberFunction(handleShortcutFeature) / TsFunSig() / TsFunParam() / TsTypeRef())] 
[warn ] TsTreeScope.scala:78 Cannot resolve TsQIdent(List(TsIdentSimple(Module))) [id => @storybook/api, phase => typescript, scope => TreeScope(TsParsedFile() / TsDeclModule(@storybook/api/dist/modules/shortcuts) / TsExport() / TsExporteeTree() / TsDeclFunction(initShortcuts) / TsFunSig() / TsFunParam() / TsTypeRef())] 
[warn ] QualifyReferences.scala:32 Couldn't qualify Module [id => @storybook/api, phase => typescript, scope => TreeScope(TsParsedFile() / TsDeclModule(@storybook/api/dist/modules/shortcuts) / TsExport() / TsExporteeTree() / TsDeclFunction(initShortcuts) / TsFunSig() / TsFunParam() / TsTypeRef())] 
[warn ] TsTreeScope.scala:78 Cannot resolve TsQIdent(List(TsIdentSimple(API))) [id => @storybook/api, phase => typescript, scope => TreeScope(TsParsedFile() / TsDeclModule(@storybook/api/dist/modules/shortcuts) / TsExport() / TsExporteeTree() / TsDeclFunction(initShortcuts) / TsFunSig() / TsTypeObject() / TsMemberFunction(init) / TsFunSig() / TsFunParam() / TsTypeRef())] 
[warn ] QualifyReferences.scala:32 Couldn't qualify API [id => @storybook/api, phase => typescript, scope => TreeScope(TsParsedFile() / TsDeclModule(@storybook/api/dist/modules/shortcuts) / TsExport() / TsExporteeTree() / TsDeclFunction(initShortcuts) / TsFunSig() / TsTypeObject() / TsMemberFunction(init) / TsFunSig() / TsFunParam() / TsTypeRef())] 
[warn ] TsTreeScope.scala:78 Cannot resolve TsQIdent(List(TsIdentSimple(Module))) [id => @storybook/api, phase => typescript, scope => TreeScope(TsParsedFile() / TsDeclModule(@storybook/api/dist/modules/stories) / TsDeclFunction(initStoriesApi) / TsFunSig() / TsFunParam() / TsTypeRef())] 
[warn ] QualifyReferences.scala:32 Couldn't qualify Module [id => @storybook/api, phase => typescript, scope => TreeScope(TsParsedFile() / TsDeclModule(@storybook/api/dist/modules/stories) / TsDeclFunction(initStoriesApi) / TsFunSig() / TsFunParam() / TsTypeRef())] 
[warn ] TsTreeScope.scala:78 Cannot resolve TsQIdent(List(TsIdentSimple(Module))) [id => @storybook/api, phase => typescript, scope => TreeScope(TsParsedFile() / TsDeclModule(@storybook/api/dist/modules/url) / TsExport() / TsExporteeTree() / TsDeclFunction(default) / TsFunSig() / TsFunParam() / TsTypeRef())] 
[warn ] QualifyReferences.scala:32 Couldn't qualify Module [id => @storybook/api, phase => typescript, scope => TreeScope(TsParsedFile() / TsDeclModule(@storybook/api/dist/modules/url) / TsExport() / TsExporteeTree() / TsDeclFunction(default) / TsFunSig() / TsFunParam() / TsTypeRef())] 
[warn ] TsTreeScope.scala:78 Cannot resolve TsQIdent(List(TsIdentSimple(Module))) [id => @storybook/api, phase => typescript, scope => TreeScope(TsParsedFile() / TsDeclModule(@storybook/api/dist/modules/versions) / TsExport() / TsExporteeTree() / TsDeclFunction(default) / TsFunSig() / TsFunParam() / TsTypeRef())] 
[warn ] QualifyReferences.scala:32 Couldn't qualify Module [id => @storybook/api, phase => typescript, scope => TreeScope(TsParsedFile() / TsDeclModule(@storybook/api/dist/modules/versions) / TsExport() / TsExporteeTree() / TsDeclFunction(default) / TsFunSig() / TsFunParam() / TsTypeRef())] 
[warn ] TsTreeScope.scala:78 Cannot resolve TsQIdent(List(TsIdentSimple(API))) [id => @storybook/api, phase => typescript, scope => TreeScope(TsParsedFile() / TsDeclModule(@storybook/api/dist/modules/versions) / TsExport() / TsExporteeTree() / TsDeclFunction(default) / TsFunSig() / TsTypeObject() / TsMemberFunction(init) / TsFunSig() / TsFunParam() / TsTypeRef())] 
[warn ] QualifyReferences.scala:32 Couldn't qualify API [id => @storybook/api, phase => typescript, scope => TreeScope(TsParsedFile() / TsDeclModule(@storybook/api/dist/modules/versions) / TsExport() / TsExporteeTree() / TsDeclFunction(default) / TsFunSig() / TsTypeObject() / TsMemberFunction(init) / TsFunSig() / TsFunParam() / TsTypeRef())] 
[warn ] TsTreeScope.scala:78 Cannot resolve TsQIdent(List(TsIdentSimple(State))) [id => @storybook/api, phase => typescript, scope => TreeScope(TsParsedFile() / TsDeclModule(@storybook/api/dist/store) / TsExport() / TsExporteeTree() / TsDeclClass(Store) / TsMemberFunction(getInitialState) / TsFunSig() / TsFunParam() / TsTypeRef())] 
[warn ] QualifyReferences.scala:32 Couldn't qualify State [id => @storybook/api, phase => typescript, scope => TreeScope(TsParsedFile() / TsDeclModule(@storybook/api/dist/store) / TsExport() / TsExporteeTree() / TsDeclClass(Store) / TsMemberFunction(getInitialState) / TsFunSig() / TsFunParam() / TsTypeRef())] 
[warn ] TsTreeScope.scala:78 Cannot resolve TsQIdent(List(TsIdentSimple(State))) [id => @storybook/api, phase => typescript, scope => TreeScope(TsParsedFile() / TsDeclModule(@storybook/api/dist/store) / TsExport() / TsExporteeTree() / TsDeclClass(Store) / TsMemberFunction(getState) / TsFunSig() / TsTypeRef())] 
[warn ] QualifyReferences.scala:32 Couldn't qualify State [id => @storybook/api, phase => typescript, scope => TreeScope(TsParsedFile() / TsDeclModule(@storybook/api/dist/store) / TsExport() / TsExporteeTree() / TsDeclClass(Store) / TsMemberFunction(getState) / TsFunSig() / TsTypeRef())] 
[warn ] TsTreeScope.scala:78 Cannot resolve TsQIdent(List(TsIdentSimple(State))) [id => @storybook/api, phase => typescript, scope => TreeScope(TsParsedFile() / TsDeclModule(@storybook/api/dist/store) / TsExport() / TsExporteeTree() / TsDeclClass(Store) / TsMemberFunction(setState) / TsFunSig() / TsTypeRef() / TsTypeRef())] 
[warn ] QualifyReferences.scala:32 Couldn't qualify State [id => @storybook/api, phase => typescript, scope => TreeScope(TsParsedFile() / TsDeclModule(@storybook/api/dist/store) / TsExport() / TsExporteeTree() / TsDeclClass(Store) / TsMemberFunction(setState) / TsFunSig() / TsTypeRef() / TsTypeRef())] 
[warn ] TsTreeScope.scala:78 Cannot resolve TsQIdent(List(TsIdentSimple(State))) [id => @storybook/api, phase => typescript, scope => TreeScope(TsParsedFile() / TsDeclModule(@storybook/api/dist/store) / TsExport() / TsExporteeTree() / TsDeclClass(Store) / TsMemberFunction(setState) / TsFunSig() / TsTypeRef() / TsTypeRef())] 
[warn ] QualifyReferences.scala:32 Couldn't qualify State [id => @storybook/api, phase => typescript, scope => TreeScope(TsParsedFile() / TsDeclModule(@storybook/api/dist/store) / TsExport() / TsExporteeTree() / TsDeclClass(Store) / TsMemberFunction(setState) / TsFunSig() / TsTypeRef() / TsTypeRef())] 
[warn ] TsTreeScope.scala:78 Cannot resolve TsQIdent(List(TsIdentSimple(State))) [id => @storybook/api, phase => typescript, scope => TreeScope(TsParsedFile() / TsDeclModule(@storybook/api/dist/store) / TsDeclTypeAlias(GetState) / TsTypeFunction() / TsFunSig() / TsTypeRef())] 
[warn ] QualifyReferences.scala:32 Couldn't qualify State [id => @storybook/api, phase => typescript, scope => TreeScope(TsParsedFile() / TsDeclModule(@storybook/api/dist/store) / TsDeclTypeAlias(GetState) / TsTypeFunction() / TsFunSig() / TsTypeRef())] 
[warn ] TsTreeScope.scala:78 Cannot resolve TsQIdent(List(TsIdentSimple(State))) [id => @storybook/api, phase => typescript, scope => TreeScope(TsParsedFile() / TsDeclModule(@storybook/api/dist/store) / TsDeclTypeAlias(Patch) / TsTypeRef() / TsTypeRef())] 
[warn ] QualifyReferences.scala:32 Couldn't qualify State [id => @storybook/api, phase => typescript, scope => TreeScope(TsParsedFile() / TsDeclModule(@storybook/api/dist/store) / TsDeclTypeAlias(Patch) / TsTypeRef() / TsTypeRef())] 
[warn ] TsTreeScope.scala:78 Cannot resolve TsQIdent(List(TsIdentSimple(State))) [id => @storybook/api, phase => typescript, scope => TreeScope(TsParsedFile() / TsDeclModule(@storybook/api/dist/store) / TsDeclTypeAlias(InputFnPatch) / TsTypeFunction() / TsFunSig() / TsFunParam() / TsTypeRef())] 
[warn ] QualifyReferences.scala:32 Couldn't qualify State [id => @storybook/api, phase => typescript, scope => TreeScope(TsParsedFile() / TsDeclModule(@storybook/api/dist/store) / TsDeclTypeAlias(InputFnPatch) / TsTypeFunction() / TsFunSig() / TsFunParam() / TsTypeRef())] 
[warn ] TsTreeScope.scala:78 Cannot resolve TsQIdent(List(TsIdentSimple(State))) [id => @storybook/api, phase => typescript, scope => TreeScope(TsParsedFile() / TsDeclModule(@storybook/api/dist/store) / TsDeclTypeAlias(CallBack) / TsTypeFunction() / TsFunSig() / TsFunParam() / TsTypeRef())] 
[warn ] QualifyReferences.scala:32 Couldn't qualify State [id => @storybook/api, phase => typescript, scope => TreeScope(TsParsedFile() / TsDeclModule(@storybook/api/dist/store) / TsDeclTypeAlias(CallBack) / TsTypeFunction() / TsFunSig() / TsFunParam() / TsTypeRef())] 
[info ] ResolveTypeQueries.scala:218 Resolved TsTypeQuery(TsQIdent(List(TsIdentSimple(toId)))) [id => @storybook/api, phase => typescript, scope => TreeScope(TsParsedFile() / TsDeclModule(@storybook/api/dist/modules/stories) / TsExport() / TsExporteeTree() / TsDeclInterface(SubAPI) / TsMemberProperty(storyId) / TsTypeQuery())] 
[info ] ExpandTypeParams.scala:74 Expanding 1 members for TsIdentSimple(useStorybookState) [id => @storybook/api, phase => typescript, scope => TreeScope(TsParsedFile() / TsDeclModule(@storybook/api))] 
[info ] ExpandTypeParams.scala:74 Expanding 1 members for TsIdentSimple(useStorybookApi) [id => @storybook/api, phase => typescript, scope => TreeScope(TsParsedFile() / TsDeclModule(@storybook/api))] 
[info ] ExpandTypeParams.scala:74 Expanding 1 members for TsIdentSimple(useAddonState) [id => @storybook/api, phase => typescript, scope => TreeScope(TsParsedFile() / TsDeclModule(@storybook/api))] 
[info ] ExpandTypeParams.scala:74 Expanding 1 members for TsIdentSimple(useChannel) [id => @storybook/api, phase => typescript, scope => TreeScope(TsParsedFile() / TsDeclModule(@storybook/api))] 
[info ] ExpandTypeParams.scala:74 Expanding 1 members for TsIdentSimple(useParameter) [id => @storybook/api, phase => typescript, scope => TreeScope(TsParsedFile() / TsDeclModule(@storybook/api))] 
[info ] ExpandTypeParams.scala:61 Expanding 1 members for TsIdentSimple(constructor) [id => @storybook/api, phase => typescript, scope => TreeScope(TsParsedFile() / TsDeclModule(@storybook/api) / TsDeclClass(Consumer))] 
[info ] ExpandTypeParams.scala:61 Expanding 1 members for TsIdentSimple(constructor) [id => @storybook/api, phase => typescript, scope => TreeScope(TsParsedFile() / TsDeclModule(@storybook/api) / TsDeclClass(Provider))] 
[info ] ExpandTypeParams.scala:61 Expanding 1 members for TsIdentSimple(getDerivedStateFromProps) [id => @storybook/api, phase => typescript, scope => TreeScope(TsParsedFile() / TsDeclModule(@storybook/api) / TsDeclClass(Provider))] 
[info ] ExpandTypeParams.scala:61 Expanding 1 members for TsIdentSimple(componentDidMount) [id => @storybook/api, phase => typescript, scope => TreeScope(TsParsedFile() / TsDeclModule(@storybook/api) / TsDeclInterface(ManagerProvider))] 
[info ] ExpandTypeParams.scala:61 Expanding 1 members for TsIdentSimple(shouldComponentUpdate) [id => @storybook/api, phase => typescript, scope => TreeScope(TsParsedFile() / TsDeclModule(@storybook/api) / TsDeclInterface(ManagerProvider))] 
[info ] ExpandTypeParams.scala:61 Expanding 1 members for TsIdentSimple(render) [id => @storybook/api, phase => typescript, scope => TreeScope(TsParsedFile() / TsDeclModule(@storybook/api) / TsDeclInterface(ManagerProvider))] 
[info ] ExpandTypeParams.scala:61 Expanding 1 members for TsIdentSimple(filter) [id => @storybook/api, phase => typescript, scope => TreeScope(TsParsedFile() / TsDeclModule(@storybook/api) / TsDeclInterface(ConsumerProps))] 
[info ] ExpandTypeParams.scala:61 Expanding 1 members for TsIdentSimple(children) [id => @storybook/api, phase => typescript, scope => TreeScope(TsParsedFile() / TsDeclModule(@storybook/api) / TsDeclInterface(ConsumerProps))] 
[info ] ExpandTypeParams.scala:61 Expanding 1 members for TsIdentSimple(dataMemory) [id => @storybook/api, phase => typescript, scope => TreeScope(TsParsedFile() / TsDeclModule(@storybook/api) / TsDeclInterface(ManagerConsumer))] 
[info ] ExpandTypeParams.scala:61 Expanding 1 members for TsIdentSimple(render) [id => @storybook/api, phase => typescript, scope => TreeScope(TsParsedFile() / TsDeclModule(@storybook/api) / TsDeclInterface(ManagerConsumer))] 
[info ] ExpandTypeParams.scala:74 Expanding 1 members for TsIdentSimple(default) [id => @storybook/api, phase => typescript, scope => TreeScope(TsParsedFile() / TsDeclModule(@storybook/api/dist/init-provider-api))] 
[info ] ExpandTypeParams.scala:61 Expanding 1 members for TsIdentSimple(renderPreview) [id => @storybook/api, phase => typescript, scope => TreeScope(TsParsedFile() / TsDeclModule(@storybook/api/dist/init-provider-api) / TsDeclInterface(Provider))] 
[info ] ExpandTypeParams.scala:61 Expanding 1 members for TsIdentSimple(handleAPI) [id => @storybook/api, phase => typescript, scope => TreeScope(TsParsedFile() / TsDeclModule(@storybook/api/dist/init-provider-api) / TsDeclInterface(Provider))] 
[info ] ExpandTypeParams.scala:74 Expanding 1 members for TsIdentSimple(ensurePanel) [id => @storybook/api, phase => typescript, scope => TreeScope(TsParsedFile() / TsDeclModule(@storybook/api/dist/modules/addons))] 
[info ] ExpandTypeParams.scala:74 Expanding 1 members for TsIdentSimple(default) [id => @storybook/api, phase => typescript, scope => TreeScope(TsParsedFile() / TsDeclModule(@storybook/api/dist/modules/addons))] 
[info ] ExpandTypeParams.scala:61 Expanding 1 members for TsIdentSimple(route) [id => @storybook/api, phase => typescript, scope => TreeScope(TsParsedFile() / TsDeclModule(@storybook/api/dist/modules/addons) / TsDeclInterface(Addon))] 
[info ] ExpandTypeParams.scala:61 Expanding 1 members for TsIdentSimple(match) [id => @storybook/api, phase => typescript, scope => TreeScope(TsParsedFile() / TsDeclModule(@storybook/api/dist/modules/addons) / TsDeclInterface(Addon))] 
[info ] ExpandTypeParams.scala:61 Expanding 1 members for TsIdentSimple(render) [id => @storybook/api, phase => typescript, scope => TreeScope(TsParsedFile() / TsDeclModule(@storybook/api/dist/modules/addons) / TsDeclInterface(Addon))] 
[info ] ExpandTypeParams.scala:61 Expanding 1 members for TsIdentSimple(getElements) [id => @storybook/api, phase => typescript, scope => TreeScope(TsParsedFile() / TsDeclModule(@storybook/api/dist/modules/addons) / TsDeclInterface(SubAPI))] 
[info ] ExpandTypeParams.scala:61 Expanding 1 members for TsIdentSimple(getPanels) [id => @storybook/api, phase => typescript, scope => TreeScope(TsParsedFile() / TsDeclModule(@storybook/api/dist/modules/addons) / TsDeclInterface(SubAPI))] 
[info ] ExpandTypeParams.scala:61 Expanding 1 members for TsIdentSimple(getStoryPanels) [id => @storybook/api, phase => typescript, scope => TreeScope(TsParsedFile() / TsDeclModule(@storybook/api/dist/modules/addons) / TsDeclInterface(SubAPI))] 
[info ] ExpandTypeParams.scala:61 Expanding 1 members for TsIdentSimple(getSelectedPanel) [id => @storybook/api, phase => typescript, scope => TreeScope(TsParsedFile() / TsDeclModule(@storybook/api/dist/modules/addons) / TsDeclInterface(SubAPI))] 
[info ] ExpandTypeParams.scala:61 Expanding 1 members for TsIdentSimple(setSelectedPanel) [id => @storybook/api, phase => typescript, scope => TreeScope(TsParsedFile() / TsDeclModule(@storybook/api/dist/modules/addons) / TsDeclInterface(SubAPI))] 
[info ] ExpandTypeParams.scala:61 Expanding 1 members for TsIdentSimple(setAddonState) [id => @storybook/api, phase => typescript, scope => TreeScope(TsParsedFile() / TsDeclModule(@storybook/api/dist/modules/addons) / TsDeclInterface(SubAPI))] 
[info ] ExpandTypeParams.scala:61 Expanding 1 members for TsIdentSimple(getAddonState) [id => @storybook/api, phase => typescript, scope => TreeScope(TsParsedFile() / TsDeclModule(@storybook/api/dist/modules/addons) / TsDeclInterface(SubAPI))] 
[info ] ExpandTypeParams.scala:74 Expanding 1 members for TsIdentSimple(default) [id => @storybook/api, phase => typescript, scope => TreeScope(TsParsedFile() / TsDeclModule(@storybook/api/dist/modules/channel))] 
[info ] ExpandTypeParams.scala:61 Expanding 1 members for TsIdentSimple(getChannel) [id => @storybook/api, phase => typescript, scope => TreeScope(TsParsedFile() / TsDeclModule(@storybook/api/dist/modules/channel) / TsDeclInterface(SubAPI))] 
[info ] ExpandTypeParams.scala:61 Expanding 1 members for TsIdentSimple(on) [id => @storybook/api, phase => typescript, scope => TreeScope(TsParsedFile() / TsDeclModule(@storybook/api/dist/modules/channel) / TsDeclInterface(SubAPI))] 
[info ] ExpandTypeParams.scala:61 Expanding 1 members for TsIdentSimple(off) [id => @storybook/api, phase => typescript, scope => TreeScope(TsParsedFile() / TsDeclModule(@storybook/api/dist/modules/channel) / TsDeclInterface(SubAPI))] 
[info ] ExpandTypeParams.scala:61 Expanding 1 members for TsIdentSimple(emit) [id => @storybook/api, phase => typescript, scope => TreeScope(TsParsedFile() / TsDeclModule(@storybook/api/dist/modules/channel) / TsDeclInterface(SubAPI))] 
[info ] ExpandTypeParams.scala:61 Expanding 1 members for TsIdentSimple(once) [id => @storybook/api, phase => typescript, scope => TreeScope(TsParsedFile() / TsDeclModule(@storybook/api/dist/modules/channel) / TsDeclInterface(SubAPI))] 
[info ] ExpandTypeParams.scala:61 Expanding 1 members for TsIdentSimple(onStory) [id => @storybook/api, phase => typescript, scope => TreeScope(TsParsedFile() / TsDeclModule(@storybook/api/dist/modules/channel) / TsDeclInterface(SubAPI))] 
[info ] ExpandTypeParams.scala:74 Expanding 1 members for TsIdentSimple(default) [id => @storybook/api, phase => typescript, scope => TreeScope(TsParsedFile() / TsDeclModule(@storybook/api/dist/modules/layout))] 
[info ] ExpandTypeParams.scala:61 Expanding 1 members for TsIdentSimple(toggleFullscreen) [id => @storybook/api, phase => typescript, scope => TreeScope(TsParsedFile() / TsDeclModule(@storybook/api/dist/modules/layout) / TsDeclInterface(SubAPI))] 
[info ] ExpandTypeParams.scala:61 Expanding 1 members for TsIdentSimple(togglePanel) [id => @storybook/api, phase => typescript, scope => TreeScope(TsParsedFile() / TsDeclModule(@storybook/api/dist/modules/layout) / TsDeclInterface(SubAPI))] 
[info ] ExpandTypeParams.scala:61 Expanding 1 members for TsIdentSimple(togglePanelPosition) [id => @storybook/api, phase => typescript, scope => TreeScope(TsParsedFile() / TsDeclModule(@storybook/api/dist/modules/layout) / TsDeclInterface(SubAPI))] 
[info ] ExpandTypeParams.scala:61 Expanding 1 members for TsIdentSimple(toggleNav) [id => @storybook/api, phase => typescript, scope => TreeScope(TsParsedFile() / TsDeclModule(@storybook/api/dist/modules/layout) / TsDeclInterface(SubAPI))] 
[info ] ExpandTypeParams.scala:61 Expanding 1 members for TsIdentSimple(toggleToolbar) [id => @storybook/api, phase => typescript, scope => TreeScope(TsParsedFile() / TsDeclModule(@storybook/api/dist/modules/layout) / TsDeclInterface(SubAPI))] 
[info ] ExpandTypeParams.scala:61 Expanding 1 members for TsIdentSimple(setOptions) [id => @storybook/api, phase => typescript, scope => TreeScope(TsParsedFile() / TsDeclModule(@storybook/api/dist/modules/layout) / TsDeclInterface(SubAPI))] 
[info ] ExpandTypeParams.scala:61 Expanding 1 members for TsIdentSimple(toggleFullscreen) [id => @storybook/api, phase => typescript, scope => TreeScope(TsParsedFile() / TsDeclModule(@storybook/api/dist/modules/layout) / TsDeclFunction(default) / TsFunSig() / TsTypeObject() / TsMemberProperty(api) / TsTypeObject())] 
[info ] ExpandTypeParams.scala:61 Expanding 1 members for TsIdentSimple(togglePanel) [id => @storybook/api, phase => typescript, scope => TreeScope(TsParsedFile() / TsDeclModule(@storybook/api/dist/modules/layout) / TsDeclFunction(default) / TsFunSig() / TsTypeObject() / TsMemberProperty(api) / TsTypeObject())] 
[info ] ExpandTypeParams.scala:61 Expanding 1 members for TsIdentSimple(togglePanelPosition) [id => @storybook/api, phase => typescript, scope => TreeScope(TsParsedFile() / TsDeclModule(@storybook/api/dist/modules/layout) / TsDeclFunction(default) / TsFunSig() / TsTypeObject() / TsMemberProperty(api) / TsTypeObject())] 
[info ] ExpandTypeParams.scala:61 Expanding 1 members for TsIdentSimple(toggleNav) [id => @storybook/api, phase => typescript, scope => TreeScope(TsParsedFile() / TsDeclModule(@storybook/api/dist/modules/layout) / TsDeclFunction(default) / TsFunSig() / TsTypeObject() / TsMemberProperty(api) / TsTypeObject())] 
[info ] ExpandTypeParams.scala:61 Expanding 1 members for TsIdentSimple(toggleToolbar) [id => @storybook/api, phase => typescript, scope => TreeScope(TsParsedFile() / TsDeclModule(@storybook/api/dist/modules/layout) / TsDeclFunction(default) / TsFunSig() / TsTypeObject() / TsMemberProperty(api) / TsTypeObject())] 
[info ] ExpandTypeParams.scala:61 Expanding 1 members for TsIdentSimple(resetLayout) [id => @storybook/api, phase => typescript, scope => TreeScope(TsParsedFile() / TsDeclModule(@storybook/api/dist/modules/layout) / TsDeclFunction(default) / TsFunSig() / TsTypeObject() / TsMemberProperty(api) / TsTypeObject())] 
[info ] ExpandTypeParams.scala:61 Expanding 1 members for TsIdentSimple(focusOnUIElement) [id => @storybook/api, phase => typescript, scope => TreeScope(TsParsedFile() / TsDeclModule(@storybook/api/dist/modules/layout) / TsDeclFunction(default) / TsFunSig() / TsTypeObject() / TsMemberProperty(api) / TsTypeObject())] 
[info ] ExpandTypeParams.scala:61 Expanding 1 members for TsIdentSimple(setOptions) [id => @storybook/api, phase => typescript, scope => TreeScope(TsParsedFile() / TsDeclModule(@storybook/api/dist/modules/layout) / TsDeclFunction(default) / TsFunSig() / TsTypeObject() / TsMemberProperty(api) / TsTypeObject())] 
[info ] ExpandTypeParams.scala:74 Expanding 1 members for TsIdentSimple(default) [id => @storybook/api, phase => typescript, scope => TreeScope(TsParsedFile() / TsDeclModule(@storybook/api/dist/modules/notifications))] 
[info ] ExpandTypeParams.scala:61 Expanding 1 members for TsIdentSimple(onClear) [id => @storybook/api, phase => typescript, scope => TreeScope(TsParsedFile() / TsDeclModule(@storybook/api/dist/modules/notifications) / TsDeclInterface(Notification))] 
[info ] ExpandTypeParams.scala:61 Expanding 1 members for TsIdentSimple(addNotification) [id => @storybook/api, phase => typescript, scope => TreeScope(TsParsedFile() / TsDeclModule(@storybook/api/dist/modules/notifications) / TsDeclInterface(SubAPI))] 
[info ] ExpandTypeParams.scala:61 Expanding 1 members for TsIdentSimple(clearNotification) [id => @storybook/api, phase => typescript, scope => TreeScope(TsParsedFile() / TsDeclModule(@storybook/api/dist/modules/notifications) / TsDeclInterface(SubAPI))] 
[info ] ExpandTypeParams.scala:61 Expanding 1 members for TsIdentSimple(addNotification) [id => @storybook/api, phase => typescript, scope => TreeScope(TsParsedFile() / TsDeclModule(@storybook/api/dist/modules/notifications) / TsDeclFunction(default) / TsFunSig() / TsTypeObject() / TsMemberProperty(api) / TsTypeObject())] 
[info ] ExpandTypeParams.scala:61 Expanding 1 members for TsIdentSimple(clearNotification) [id => @storybook/api, phase => typescript, scope => TreeScope(TsParsedFile() / TsDeclModule(@storybook/api/dist/modules/notifications) / TsDeclFunction(default) / TsFunSig() / TsTypeObject() / TsMemberProperty(api) / TsTypeObject())] 
[info ] ExpandTypeParams.scala:74 Expanding 1 members for TsIdentSimple(isMacLike) [id => @storybook/api, phase => typescript, scope => TreeScope(TsParsedFile() / TsDeclModule(@storybook/api/dist/modules/shortcuts))] 
[info ] ExpandTypeParams.scala:74 Expanding 1 members for TsIdentSimple(controlOrMetaKey) [id => @storybook/api, phase => typescript, scope => TreeScope(TsParsedFile() / TsDeclModule(@storybook/api/dist/modules/shortcuts))] 
[info ] ExpandTypeParams.scala:74 Expanding 1 members for TsIdentSimple(keys) [id => @storybook/api, phase => typescript, scope => TreeScope(TsParsedFile() / TsDeclModule(@storybook/api/dist/modules/shortcuts))] 
[info ] ExpandTypeParams.scala:74 Expanding 1 members for TsIdentSimple(default) [id => @storybook/api, phase => typescript, scope => TreeScope(TsParsedFile() / TsDeclModule(@storybook/api/dist/modules/shortcuts))] 
[info ] ExpandTypeParams.scala:61 Expanding 1 members for TsIdentSimple(getShortcutKeys) [id => @storybook/api, phase => typescript, scope => TreeScope(TsParsedFile() / TsDeclModule(@storybook/api/dist/modules/shortcuts) / TsDeclInterface(SubAPI))] 
[info ] ExpandTypeParams.scala:61 Expanding 1 members for TsIdentSimple(setShortcuts) [id => @storybook/api, phase => typescript, scope => TreeScope(TsParsedFile() / TsDeclModule(@storybook/api/dist/modules/shortcuts) / TsDeclInterface(SubAPI))] 
[info ] ExpandTypeParams.scala:61 Expanding 1 members for TsIdentSimple(setShortcut) [id => @storybook/api, phase => typescript, scope => TreeScope(TsParsedFile() / TsDeclModule(@storybook/api/dist/modules/shortcuts) / TsDeclInterface(SubAPI))] 
[info ] ExpandTypeParams.scala:61 Expanding 1 members for TsIdentSimple(restoreAllDefaultShortcuts) [id => @storybook/api, phase => typescript, scope => TreeScope(TsParsedFile() / TsDeclModule(@storybook/api/dist/modules/shortcuts) / TsDeclInterface(SubAPI))] 
[info ] ExpandTypeParams.scala:61 Expanding 1 members for TsIdentSimple(restoreDefaultShortcut) [id => @storybook/api, phase => typescript, scope => TreeScope(TsParsedFile() / TsDeclModule(@storybook/api/dist/modules/shortcuts) / TsDeclInterface(SubAPI))] 
[info ] ExpandTypeParams.scala:61 Expanding 1 members for TsIdentSimple(handleKeydownEvent) [id => @storybook/api, phase => typescript, scope => TreeScope(TsParsedFile() / TsDeclModule(@storybook/api/dist/modules/shortcuts) / TsDeclInterface(SubAPI))] 
[info ] ExpandTypeParams.scala:61 Expanding 1 members for TsIdentSimple(handleShortcutFeature) [id => @storybook/api, phase => typescript, scope => TreeScope(TsParsedFile() / TsDeclModule(@storybook/api/dist/modules/shortcuts) / TsDeclInterface(SubAPI))] 
[info ] UnionTypesFromKeyOf.scala:11 Expanded keyof TsQIdent(List(TsIdentLibraryScoped(storybook,Some(api)), TsIdentModule(Some(storybook),List(api, dist, modules, shortcuts)), TsIdentSimple(Shortcuts))) [id => @storybook/api, phase => typescript, scope => TreeScope(TsParsedFile() / TsDeclModule(@storybook/api/dist/modules/shortcuts) / TsDeclTypeAlias(Action) / TsTypeKeyOf())] 
[info ] ExpandTypeParams.scala:61 Expanding 1 members for TsIdentSimple(addEventListener) [id => @storybook/api, phase => typescript, scope => TreeScope(TsParsedFile() / TsDeclModule(@storybook/api/dist/modules/shortcuts) / TsDeclInterface(Event) / TsMemberProperty(target) / TsTypeObject())] 
[info ] ExpandTypeParams.scala:61 Expanding 1 members for TsIdentSimple(removeEventListener) [id => @storybook/api, phase => typescript, scope => TreeScope(TsParsedFile() / TsDeclModule(@storybook/api/dist/modules/shortcuts) / TsDeclInterface(Event) / TsMemberProperty(target) / TsTypeObject())] 
[info ] ExpandTypeParams.scala:61 Expanding 1 members for TsIdentSimple(dispatchEvent) [id => @storybook/api, phase => typescript, scope => TreeScope(TsParsedFile() / TsDeclModule(@storybook/api/dist/modules/shortcuts) / TsDeclInterface(Event) / TsMemberProperty(target) / TsTypeObject())] 
[info ] ExpandTypeParams.scala:61 Expanding 1 members for TsIdentSimple(getAttribute) [id => @storybook/api, phase => typescript, scope => TreeScope(TsParsedFile() / TsDeclModule(@storybook/api/dist/modules/shortcuts) / TsDeclInterface(Event) / TsMemberProperty(target) / TsTypeObject())] 
[info ] ExpandTypeParams.scala:61 Expanding 1 members for TsIdentSimple(init) [id => @storybook/api, phase => typescript, scope => TreeScope(TsParsedFile() / TsDeclModule(@storybook/api/dist/modules/shortcuts) / TsDeclFunction(default) / TsFunSig() / TsTypeObject())] 
[info ] ExpandTypeParams.scala:74 Expanding 1 members for TsIdentSimple(default) [id => @storybook/api, phase => typescript, scope => TreeScope(TsParsedFile() / TsDeclModule(@storybook/api/dist/modules/stories))] 
[info ] ExpandTypeParams.scala:61 Expanding 1 members for TsIdentSimple(selectStory) [id => @storybook/api, phase => typescript, scope => TreeScope(TsParsedFile() / TsDeclModule(@storybook/api/dist/modules/stories) / TsDeclInterface(SubAPI))] 
[info ] ExpandTypeParams.scala:61 Expanding 1 members for TsIdentSimple(getCurrentStoryData) [id => @storybook/api, phase => typescript, scope => TreeScope(TsParsedFile() / TsDeclModule(@storybook/api/dist/modules/stories) / TsDeclInterface(SubAPI))] 
[info ] ExpandTypeParams.scala:61 Expanding 1 members for TsIdentSimple(setStories) [id => @storybook/api, phase => typescript, scope => TreeScope(TsParsedFile() / TsDeclModule(@storybook/api/dist/modules/stories) / TsDeclInterface(SubAPI))] 
[info ] ExpandTypeParams.scala:61 Expanding 1 members for TsIdentSimple(jumpToComponent) [id => @storybook/api, phase => typescript, scope => TreeScope(TsParsedFile() / TsDeclModule(@storybook/api/dist/modules/stories) / TsDeclInterface(SubAPI))] 
[info ] ExpandTypeParams.scala:61 Expanding 1 members for TsIdentSimple(jumpToStory) [id => @storybook/api, phase => typescript, scope => TreeScope(TsParsedFile() / TsDeclModule(@storybook/api/dist/modules/stories) / TsDeclInterface(SubAPI))] 
[info ] ExpandTypeParams.scala:61 Expanding 1 members for TsIdentSimple(getData) [id => @storybook/api, phase => typescript, scope => TreeScope(TsParsedFile() / TsDeclModule(@storybook/api/dist/modules/stories) / TsDeclInterface(SubAPI))] 
[info ] ExpandTypeParams.scala:61 Expanding 1 members for TsIdentSimple(getParameters) [id => @storybook/api, phase => typescript, scope => TreeScope(TsParsedFile() / TsDeclModule(@storybook/api/dist/modules/stories) / TsDeclInterface(SubAPI))] 
[info ] ExpandTypeParams.scala:61 Expanding 1 members for TsIdentSimple(getCurrentParameter) [id => @storybook/api, phase => typescript, scope => TreeScope(TsParsedFile() / TsDeclModule(@storybook/api/dist/modules/stories) / TsDeclInterface(SubAPI))] 
[info ] ExpandTypeParams.scala:61 Expanding 1 members for TsIdentSimple(storyId) [id => @storybook/api, phase => typescript, scope => TreeScope(TsParsedFile() / TsDeclModule(@storybook/api/dist/modules/stories) / TsDeclFunction(default) / TsFunSig() / TsTypeObject() / TsMemberProperty(api) / TsTypeObject())] 
[info ] ExpandTypeParams.scala:61 Expanding 1 members for TsIdentSimple(selectStory) [id => @storybook/api, phase => typescript, scope => TreeScope(TsParsedFile() / TsDeclModule(@storybook/api/dist/modules/stories) / TsDeclFunction(default) / TsFunSig() / TsTypeObject() / TsMemberProperty(api) / TsTypeObject())] 
[info ] ExpandTypeParams.scala:61 Expanding 1 members for TsIdentSimple(getCurrentStoryData) [id => @storybook/api, phase => typescript, scope => TreeScope(TsParsedFile() / TsDeclModule(@storybook/api/dist/modules/stories) / TsDeclFunction(default) / TsFunSig() / TsTypeObject() / TsMemberProperty(api) / TsTypeObject())] 
[info ] ExpandTypeParams.scala:61 Expanding 1 members for TsIdentSimple(setStories) [id => @storybook/api, phase => typescript, scope => TreeScope(TsParsedFile() / TsDeclModule(@storybook/api/dist/modules/stories) / TsDeclFunction(default) / TsFunSig() / TsTypeObject() / TsMemberProperty(api) / TsTypeObject())] 
[info ] ExpandTypeParams.scala:61 Expanding 1 members for TsIdentSimple(jumpToComponent) [id => @storybook/api, phase => typescript, scope => TreeScope(TsParsedFile() / TsDeclModule(@storybook/api/dist/modules/stories) / TsDeclFunction(default) / TsFunSig() / TsTypeObject() / TsMemberProperty(api) / TsTypeObject())] 
[info ] ExpandTypeParams.scala:61 Expanding 1 members for TsIdentSimple(jumpToStory) [id => @storybook/api, phase => typescript, scope => TreeScope(TsParsedFile() / TsDeclModule(@storybook/api/dist/modules/stories) / TsDeclFunction(default) / TsFunSig() / TsTypeObject() / TsMemberProperty(api) / TsTypeObject())] 
[info ] ExpandTypeParams.scala:61 Expanding 1 members for TsIdentSimple(getData) [id => @storybook/api, phase => typescript, scope => TreeScope(TsParsedFile() / TsDeclModule(@storybook/api/dist/modules/stories) / TsDeclFunction(default) / TsFunSig() / TsTypeObject() / TsMemberProperty(api) / TsTypeObject())] 
[info ] ExpandTypeParams.scala:61 Expanding 1 members for TsIdentSimple(getParameters) [id => @storybook/api, phase => typescript, scope => TreeScope(TsParsedFile() / TsDeclModule(@storybook/api/dist/modules/stories) / TsDeclFunction(default) / TsFunSig() / TsTypeObject() / TsMemberProperty(api) / TsTypeObject())] 
[info ] ExpandTypeParams.scala:61 Expanding 1 members for TsIdentSimple(getCurrentParameter) [id => @storybook/api, phase => typescript, scope => TreeScope(TsParsedFile() / TsDeclModule(@storybook/api/dist/modules/stories) / TsDeclFunction(default) / TsFunSig() / TsTypeObject() / TsMemberProperty(api) / TsTypeObject())] 
[info ] ExpandTypeParams.scala:74 Expanding 1 members for TsIdentSimple(default) [id => @storybook/api, phase => typescript, scope => TreeScope(TsParsedFile() / TsDeclModule(@storybook/api/dist/modules/url))] 
[info ] ExpandTypeParams.scala:61 Expanding 1 members for TsIdentSimple(getQueryParam) [id => @storybook/api, phase => typescript, scope => TreeScope(TsParsedFile() / TsDeclModule(@storybook/api/dist/modules/url) / TsDeclInterface(SubAPI))] 
[info ] ExpandTypeParams.scala:61 Expanding 1 members for TsIdentSimple(getUrlState) [id => @storybook/api, phase => typescript, scope => TreeScope(TsParsedFile() / TsDeclModule(@storybook/api/dist/modules/url) / TsDeclInterface(SubAPI))] 
[info ] ExpandTypeParams.scala:61 Expanding 1 members for TsIdentSimple(setQueryParams) [id => @storybook/api, phase => typescript, scope => TreeScope(TsParsedFile() / TsDeclModule(@storybook/api/dist/modules/url) / TsDeclInterface(SubAPI))] 
[info ] ExpandTypeParams.scala:74 Expanding 1 members for TsIdentSimple(default) [id => @storybook/api, phase => typescript, scope => TreeScope(TsParsedFile() / TsDeclModule(@storybook/api/dist/modules/versions))] 
[info ] ExpandTypeParams.scala:61 Expanding 1 members for TsIdentSimple(getCurrentVersion) [id => @storybook/api, phase => typescript, scope => TreeScope(TsParsedFile() / TsDeclModule(@storybook/api/dist/modules/versions) / TsDeclInterface(SubAPI))] 
[info ] ExpandTypeParams.scala:61 Expanding 1 members for TsIdentSimple(getLatestVersion) [id => @storybook/api, phase => typescript, scope => TreeScope(TsParsedFile() / TsDeclModule(@storybook/api/dist/modules/versions) / TsDeclInterface(SubAPI))] 
[info ] ExpandTypeParams.scala:61 Expanding 1 members for TsIdentSimple(versionUpdateAvailable) [id => @storybook/api, phase => typescript, scope => TreeScope(TsParsedFile() / TsDeclModule(@storybook/api/dist/modules/versions) / TsDeclInterface(SubAPI))] 
[info ] ExpandTypeParams.scala:61 Expanding 1 members for TsIdentSimple(init) [id => @storybook/api, phase => typescript, scope => TreeScope(TsParsedFile() / TsDeclModule(@storybook/api/dist/modules/versions) / TsDeclFunction(default) / TsFunSig() / TsTypeObject())] 
[info ] ExpandTypeParams.scala:61 Expanding 1 members for TsIdentSimple(constructor) [id => @storybook/api, phase => typescript, scope => TreeScope(TsParsedFile() / TsDeclModule(@storybook/api/dist/store) / TsDeclClass(default))] 
[info ] ExpandTypeParams.scala:61 Expanding 1 members for TsIdentSimple(getInitialState) [id => @storybook/api, phase => typescript, scope => TreeScope(TsParsedFile() / TsDeclModule(@storybook/api/dist/store) / TsDeclInterface(Store))] 
[info ] ExpandTypeParams.scala:61 Expanding 1 members for TsIdentSimple(getState) [id => @storybook/api, phase => typescript, scope => TreeScope(TsParsedFile() / TsDeclModule(@storybook/api/dist/store) / TsDeclInterface(Store))] 
[info ] ExpandTypeParams.scala:61 Expanding 1 members for TsIdentSimple(setState) [id => @storybook/api, phase => typescript, scope => TreeScope(TsParsedFile() / TsDeclModule(@storybook/api/dist/store) / TsDeclInterface(Store))] 
[info ] ExpandTypeParams.scala:61 Expanding 1 members for TsIdentSimple(setState) [id => @storybook/api, phase => typescript, scope => TreeScope(TsParsedFile() / TsDeclModule(@storybook/api/dist/store) / TsDeclInterface(Store))] 
[info ] ExtractInterfaces.scala:41 Extracted anonymous interface TsIdentSimple(Anon_Development) [id => @storybook/api, phase => typescript, scope => TreeScope(TsParsedFile() / TsDeclModule(@storybook/api) / TsDeclTypeAlias(Module) / TsTypeIntersect() / TsTypeObject())] 
[info ] ExtractInterfaces.scala:41 Extracted anonymous interface TsIdentSimple(Anon_CustomQueryParams) [id => @storybook/api, phase => typescript, scope => TreeScope(TsParsedFile() / TsDeclModule(@storybook/api) / TsDeclClass(Provider) / TsMemberFunction(getDerivedStateFromProps) / TsFunSig() / TsTypeObject())] 
[info ] ExtractInterfaces.scala:41 Extracted anonymous interface TsIdentSimple(Anon_Api) [id => @storybook/api, phase => typescript, scope => TreeScope(TsParsedFile() / TsDeclModule(@storybook/api/dist/init-provider-api) / TsDeclFunction(default) / TsFunSig() / TsFunParam() / TsTypeObject())] 
[info ] ExtractInterfaces.scala:41 Extracted anonymous interface TsIdentSimple(Anon_Addons) [id => @storybook/api, phase => typescript, scope => TreeScope(TsParsedFile() / TsDeclModule(@storybook/api/dist/modules/addons) / TsDeclFunction(default) / TsFunSig() / TsTypeObject() / TsMemberProperty(state) / TsTypeObject())] 
[info ] ExtractInterfaces.scala:41 Extracted anonymous interface TsIdentSimple(Anon_ApiState) [id => @storybook/api, phase => typescript, scope => TreeScope(TsParsedFile() / TsDeclModule(@storybook/api/dist/modules/addons) / TsDeclFunction(default) / TsFunSig() / TsTypeObject())] 
[info ] ExtractInterfaces.scala:41 Extracted anonymous interface TsIdentSimple(Anon_ApiSubAPI) [id => @storybook/api, phase => typescript, scope => TreeScope(TsParsedFile() / TsDeclModule(@storybook/api/dist/modules/channel) / TsDeclFunction(default) / TsFunSig() / TsTypeObject())] 
[info ] ExtractInterfaces.scala:41 Extracted anonymous interface TsIdentSimple(Anon_Store) [id => @storybook/api, phase => typescript, scope => TreeScope(TsParsedFile() / TsDeclModule(@storybook/api/dist/modules/layout) / TsDeclFunction(default) / TsFunSig() / TsFunParam() / TsTypeObject())] 
[info ] ExtractInterfaces.scala:41 Extracted anonymous interface TsIdentSimple(Anon_ElementId) [id => @storybook/api, phase => typescript, scope => TreeScope(TsParsedFile() / TsDeclModule(@storybook/api/dist/modules/layout) / TsDeclFunction(default) / TsFunSig() / TsTypeObject() / TsMemberProperty(api) / TsTypeObject())] 
[info ] ExtractInterfaces.scala:41 Extracted anonymous interface TsIdentSimple(Anon_ApiStateAnonElementId) [id => @storybook/api, phase => typescript, scope => TreeScope(TsParsedFile() / TsDeclModule(@storybook/api/dist/modules/layout) / TsDeclFunction(default) / TsFunSig() / TsTypeObject())] 
[info ] ExtractInterfaces.scala:41 Extracted anonymous interface TsIdentSimple(Anon_AddNotification) [id => @storybook/api, phase => typescript, scope => TreeScope(TsParsedFile() / TsDeclModule(@storybook/api/dist/modules/notifications) / TsDeclFunction(default) / TsFunSig() / TsTypeObject() / TsMemberProperty(api) / TsTypeObject())] 
[info ] ExtractInterfaces.scala:41 Extracted anonymous interface TsIdentSimple(Anon_ApiStateAnonAddNotification) [id => @storybook/api, phase => typescript, scope => TreeScope(TsParsedFile() / TsDeclModule(@storybook/api/dist/modules/notifications) / TsDeclFunction(default) / TsFunSig() / TsTypeObject())] 
[info ] ExtractInterfaces.scala:41 Extracted anonymous interface TsIdentSimple(Anon_AddEventListener) [id => @storybook/api, phase => typescript, scope => TreeScope(TsParsedFile() / TsDeclModule(@storybook/api/dist/modules/shortcuts) / TsDeclInterface(Event) / TsMemberProperty(target) / TsTypeObject())] 
[info ] ExtractInterfaces.scala:41 Extracted anonymous interface TsIdentSimple(Anon_ApiHasApi) [id => @storybook/api, phase => typescript, scope => TreeScope(TsParsedFile() / TsDeclModule(@storybook/api/dist/modules/shortcuts) / TsDeclFunction(default) / TsFunSig() / TsTypeObject())] 
[info ] ExtractInterfaces.scala:41 Extracted anonymous interface TsIdentSimple(Anon_Direction) [id => @storybook/api, phase => typescript, scope => TreeScope(TsParsedFile() / TsDeclModule(@storybook/api/dist/modules/stories) / TsDeclFunction(default) / TsFunSig() / TsTypeObject() / TsMemberProperty(api) / TsTypeObject())] 
[info ] ExtractInterfaces.scala:41 Extracted anonymous interface TsIdentSimple(Anon_StoriesConfigured) [id => @storybook/api, phase => typescript, scope => TreeScope(TsParsedFile() / TsDeclModule(@storybook/api/dist/modules/stories) / TsDeclFunction(default) / TsFunSig() / TsTypeObject() / TsMemberProperty(state) / TsTypeObject())] 
[info ] ExtractInterfaces.scala:41 Extracted anonymous interface TsIdentSimple(Anon_ApiStateAnonDirection) [id => @storybook/api, phase => typescript, scope => TreeScope(TsParsedFile() / TsDeclModule(@storybook/api/dist/modules/stories) / TsDeclFunction(default) / TsFunSig() / TsTypeObject())] 
[info ] ExtractInterfaces.scala:41 Extracted anonymous interface TsIdentSimple(Anon_HierarchyRootSeparator) [id => @storybook/api, phase => typescript, scope => TreeScope(TsParsedFile() / TsDeclModule(@storybook/api/dist/modules/stories) / TsDeclInterface(StoryInput) / TsMemberProperty(parameters) / TsTypeObject() / TsMemberProperty(options) / TsTypeObject())] 
[info ] ExtractInterfaces.scala:41 Extracted anonymous interface TsIdentSimple(Anon_Filename) [id => @storybook/api, phase => typescript, scope => TreeScope(TsParsedFile() / TsDeclModule(@storybook/api/dist/modules/stories) / TsDeclInterface(StoryInput) / TsMemberProperty(parameters) / TsTypeObject())] 
[info ] ExtractInterfaces.scala:41 Extracted anonymous interface TsIdentSimple(Anon_Path) [id => @storybook/api, phase => typescript, scope => TreeScope(TsParsedFile() / TsDeclModule(@storybook/api/dist/modules/url) / TsDeclInterface(SubAPI) / TsMemberFunction(getUrlState) / TsFunSig() / TsTypeObject())] 
[info ] ExtractInterfaces.scala:41 Extracted anonymous interface TsIdentSimple(Anon_CustomQueryParamsInfo) [id => @storybook/api, phase => typescript, scope => TreeScope(TsParsedFile() / TsDeclModule(@storybook/api/dist/modules/url) / TsDeclFunction(default) / TsFunSig() / TsTypeObject() / TsMemberProperty(state) / TsTypeObject())] 
[info ] ExtractInterfaces.scala:41 Extracted anonymous interface TsIdentSimple(Anon_ApiStateAnonCustomQueryParamsInfo) [id => @storybook/api, phase => typescript, scope => TreeScope(TsParsedFile() / TsDeclModule(@storybook/api/dist/modules/url) / TsDeclFunction(default) / TsFunSig() / TsTypeObject())] 
[info ] ExtractInterfaces.scala:41 Extracted anonymous interface TsIdentSimple(Anon_Info) [id => @storybook/api, phase => typescript, scope => TreeScope(TsParsedFile() / TsDeclModule(@storybook/api/dist/modules/versions) / TsDeclFunction(default) / TsFunSig() / TsTypeObject() / TsMemberProperty(state) / TsTypeObject() / TsMemberProperty(versions) / TsTypeObject() / TsMemberProperty(current) / TsTypeObject())] 
[info ] ExtractInterfaces.scala:41 Extracted anonymous interface TsIdentSimple(Anon_Current) [id => @storybook/api, phase => typescript, scope => TreeScope(TsParsedFile() / TsDeclModule(@storybook/api/dist/modules/versions) / TsDeclFunction(default) / TsFunSig() / TsTypeObject() / TsMemberProperty(state) / TsTypeObject() / TsMemberProperty(versions) / TsTypeObject())] 
[info ] ExtractInterfaces.scala:41 Extracted anonymous interface TsIdentSimple(Anon_DismissedVersionNotification) [id => @storybook/api, phase => typescript, scope => TreeScope(TsParsedFile() / TsDeclModule(@storybook/api/dist/modules/versions) / TsDeclFunction(default) / TsFunSig() / TsTypeObject() / TsMemberProperty(state) / TsTypeObject())] 
[info ] ExtractInterfaces.scala:41 Extracted anonymous interface TsIdentSimple(Anon_ApiHasApiInit) [id => @storybook/api, phase => typescript, scope => TreeScope(TsParsedFile() / TsDeclModule(@storybook/api/dist/modules/versions) / TsDeclFunction(default) / TsFunSig() / TsTypeObject())] 
[debug] PhaseRunner.scala:84 Success [id => @storybook/api, phase => typescript] 
[warn ] Phase2ToScalaJs.scala:43 Processing @storybook/api [id => @storybook/api, phase => scala.js] 
[info ] ImportType.scala:245 Failed type conversion: @storybook/api.@storybook/api/dist/modules/stories.Story['parameters'] [id => @storybook/api, phase => scala.js, scope => TreeScope(TsParsedFile() / TsDeclModule(@storybook/api/dist/modules/stories) / TsDeclInterface(SubAPI) / TsMemberFunction(getParameters) / TsTypeUnion() / TsTypeLookup())] 
[info ] ImportType.scala:245 Failed type conversion: @storybook/api.@storybook/api/dist/modules/stories.Story['parameters'] [id => @storybook/api, phase => scala.js, scope => TreeScope(TsParsedFile() / TsDeclModule(@storybook/api/dist/modules/stories) / TsDeclInterface(SubAPI) / TsMemberFunction(getParameters) / TsTypeUnion() / TsTypeLookup())] 
[debug] PhaseRunner.scala:84 Success [id => @storybook/api, phase => scala.js] 
[warn ] PhaseRunner.scala:70 Failed because of, [@emotion/core => Compilation failed] [id => @storybook/api, phase => build] 
[error] PhaseRunner.scala:88 Failure, [@emotion/core => Compilation failed] [id => @storybook/api, phase => build] 
[error] PhaseRunner.scala:88 Failure, [@emotion/core => Compilation failed] [id => @storybook/api, phase => publish] 
