[info ] InferredDependency.scala:20 Inferred dependencies Set(TsIdentLibrarySimple(node)) for TsIdentLibrarySimple(stream-csv-as-json) [id => stream-csv-as-json, phase => typescript, file => ../types/stream-csv-as-json/Parser.d.ts] 
[debug] PhaseRunner.scala:78 Success [id => stream-csv-as-json, phase => typescript] 
[info ] InferredDependency.scala:20 Inferred dependencies Set(TsIdentLibrarySimple(node)) for TsIdentLibrarySimple(stream-csv-as-json) [id => stream-csv-as-json, phase => typescript, file => ../types/stream-csv-as-json/Stringer.d.ts] 
[debug] PhaseRunner.scala:78 Success [id => stream-csv-as-json, phase => typescript] 
[info ] InferredDependency.scala:20 Inferred dependencies Set(TsIdentLibrarySimple(node)) for TsIdentLibrarySimple(stream-csv-as-json) [id => stream-csv-as-json, phase => typescript, file => ../types/stream-csv-as-json/AsObjects.d.ts] 
[debug] PhaseRunner.scala:78 Success [id => stream-csv-as-json, phase => typescript] 
[debug] PhaseRunner.scala:78 Success [id => stream-csv-as-json, phase => typescript] 
[info ] Phase1ReadTypescript.scala:152 Preprocessing TsHelperFile(InFile(/home/tso/tmp/tso-cache/DefinitelyTyped/types/stream-csv-as-json/AsObjects.d.ts),FromFolder(InFolder(/home/tso/tmp/tso-cache/DefinitelyTyped/types/stream-csv-as-json),TsIdentLibrarySimple(stream-csv-as-json)),TsIdentModule(None,List(stream-csv-as-json, AsObjects))) [id => stream-csv-as-json, phase => typescript] 
[info ] InferredDefaultModule.scala:39 Inferred module TsIdentModule(None,List(stream-csv-as-json, AsObjects)) [id => stream-csv-as-json, phase => typescript] 
[info ] Phase1ReadTypescript.scala:152 Preprocessing TsHelperFile(InFile(/home/tso/tmp/tso-cache/DefinitelyTyped/types/stream-csv-as-json/Parser.d.ts),FromFolder(InFolder(/home/tso/tmp/tso-cache/DefinitelyTyped/types/stream-csv-as-json),TsIdentLibrarySimple(stream-csv-as-json)),TsIdentModule(None,List(stream-csv-as-json, Parser))) [id => stream-csv-as-json, phase => typescript] 
[info ] InferredDefaultModule.scala:39 Inferred module TsIdentModule(None,List(stream-csv-as-json, Parser)) [id => stream-csv-as-json, phase => typescript] 
[info ] Phase1ReadTypescript.scala:152 Preprocessing TsHelperFile(InFile(/home/tso/tmp/tso-cache/DefinitelyTyped/types/stream-csv-as-json/Stringer.d.ts),FromFolder(InFolder(/home/tso/tmp/tso-cache/DefinitelyTyped/types/stream-csv-as-json),TsIdentLibrarySimple(stream-csv-as-json)),TsIdentModule(None,List(stream-csv-as-json, Stringer))) [id => stream-csv-as-json, phase => typescript] 
[info ] InferredDefaultModule.scala:39 Inferred module TsIdentModule(None,List(stream-csv-as-json, Stringer)) [id => stream-csv-as-json, phase => typescript] 
[info ] Phase1ReadTypescript.scala:152 Preprocessing TsHelperFile(InFile(/home/tso/tmp/tso-cache/DefinitelyTyped/types/stream-csv-as-json/index.d.ts),FromFolder(InFolder(/home/tso/tmp/tso-cache/DefinitelyTyped/types/stream-csv-as-json),TsIdentLibrarySimple(stream-csv-as-json)),TsIdentModule(None,List(stream-csv-as-json))) [id => stream-csv-as-json, phase => typescript] 
[info ] InferredDefaultModule.scala:39 Inferred module TsIdentModule(None,List(stream-csv-as-json)) [id => stream-csv-as-json, phase => typescript] 
[warn ] Phase1ReadTypescript.scala:190 Processing TsIdentLibrarySimple(stream-csv-as-json) [id => stream-csv-as-json, phase => typescript] 
[warn ] QualifyReferences.scala:47 Couldn't qualify TsTypeRef(TsQIdent(List(TsIdentSimple(Parser))),List()), defaulting to any [id => stream-csv-as-json, phase => typescript, scope => TreeScope(TsParsedFile() / TsDeclTypeAlias(ParserClass) / TsTypeRef())] 
[info ] ResolveTypeQueries.scala:94 Resolved TsTypeQuery(TsQIdent(List(TsIdentLibrarySimple(stream-csv-as-json), TsIdentModule(None,List(stream-csv-as-json, AsObjects)), TsIdentNamespace(AsObjects)))) [id => stream-csv-as-json, phase => typescript, scope => TreeScope(TsParsedFile() / TsDeclModule(stream-csv-as-json/AsObjects) / TsDeclNamespace(AsObjects) / TsDeclNamespace(make) / TsDeclVar(Constructor) / TsTypeQuery())] 
[info ] ResolveTypeQueries.scala:94 Resolved TsTypeQuery(TsQIdent(List(TsIdentLibrarySimple(stream-csv-as-json), TsIdentModule(None,List(stream-csv-as-json, AsObjects)), TsIdentNamespace(AsObjects)))) [id => stream-csv-as-json, phase => typescript, scope => TreeScope(TsParsedFile() / TsDeclModule(stream-csv-as-json/AsObjects) / TsDeclNamespace(AsObjects) / TsDeclNamespace(asObjects) / TsDeclVar(Constructor) / TsTypeQuery())] 
[info ] ResolveTypeQueries.scala:94 Resolved TsTypeQuery(TsQIdent(List(TsIdentLibrarySimple(stream-csv-as-json), TsIdentModule(None,List(stream-csv-as-json, Parser)), TsIdentNamespace(Parser)))) [id => stream-csv-as-json, phase => typescript, scope => TreeScope(TsParsedFile() / TsDeclModule(stream-csv-as-json/Parser) / TsDeclNamespace(Parser) / TsDeclNamespace(make) / TsDeclVar(Constructor) / TsTypeQuery())] 
[info ] ResolveTypeQueries.scala:94 Resolved TsTypeQuery(TsQIdent(List(TsIdentLibrarySimple(stream-csv-as-json), TsIdentModule(None,List(stream-csv-as-json, Parser)), TsIdentNamespace(Parser)))) [id => stream-csv-as-json, phase => typescript, scope => TreeScope(TsParsedFile() / TsDeclModule(stream-csv-as-json/Parser) / TsDeclNamespace(Parser) / TsDeclNamespace(parser) / TsDeclVar(Constructor) / TsTypeQuery())] 
[info ] ResolveTypeQueries.scala:94 Resolved TsTypeQuery(TsQIdent(List(TsIdentLibrarySimple(stream-csv-as-json), TsIdentModule(None,List(stream-csv-as-json, Stringer)), TsIdentNamespace(Stringer)))) [id => stream-csv-as-json, phase => typescript, scope => TreeScope(TsParsedFile() / TsDeclModule(stream-csv-as-json/Stringer) / TsDeclNamespace(Stringer) / TsDeclNamespace(make) / TsDeclVar(Constructor) / TsTypeQuery())] 
[info ] ResolveTypeQueries.scala:94 Resolved TsTypeQuery(TsQIdent(List(TsIdentLibrarySimple(stream-csv-as-json), TsIdentModule(None,List(stream-csv-as-json, Stringer)), TsIdentNamespace(Stringer)))) [id => stream-csv-as-json, phase => typescript, scope => TreeScope(TsParsedFile() / TsDeclModule(stream-csv-as-json/Stringer) / TsDeclNamespace(Stringer) / TsDeclNamespace(stringer) / TsDeclVar(Constructor) / TsTypeQuery())] 
[warn ] ResolveTypeQueries.scala:98 Couldn't resolve TsTypeQuery(TsQIdent(List(TsIdentSimple(Parser)))) [id => stream-csv-as-json, phase => typescript, scope => TreeScope(TsParsedFile() / TsDeclTypeAlias(ParserType) / TsTypeQuery())] 
[info ] PreferTypeAlias.scala:112 Simplified to type alias [id => stream-csv-as-json, phase => typescript, scope => TreeScope(TsParsedFile() / TsDeclModule(stream-csv-as-json/AsObjects) / TsDeclInterface(AsObjects))] 
[info ] PreferTypeAlias.scala:112 Simplified to type alias [id => stream-csv-as-json, phase => typescript, scope => TreeScope(TsParsedFile() / TsDeclModule(stream-csv-as-json/Parser) / TsDeclInterface(Parser))] 
[info ] PreferTypeAlias.scala:112 Simplified to type alias [id => stream-csv-as-json, phase => typescript, scope => TreeScope(TsParsedFile() / TsDeclModule(stream-csv-as-json/Stringer) / TsDeclInterface(Stringer))] 
[info ] ExtractInterfaces.scala:30 Extracted anonymous interface TsIdentSimple(Anon_Parser) [id => stream-csv-as-json, phase => typescript, scope => TreeScope(TsParsedFile() / TsDeclModule(stream-csv-as-json/Parser) / TsDeclNamespace(parser) / TsDeclVar(Constructor) / TsTypeObject())] 
[info ] ExtractInterfaces.scala:30 Extracted anonymous interface TsIdentSimple(Anon_Parser) [id => stream-csv-as-json, phase => typescript, scope => TreeScope(TsParsedFile() / TsDeclModule(stream-csv-as-json/Parser) / TsDeclNamespace(make) / TsDeclVar(Constructor) / TsTypeObject())] 
[info ] ExtractInterfaces.scala:30 Extracted anonymous interface TsIdentSimple(Anon_AsObjects) [id => stream-csv-as-json, phase => typescript, scope => TreeScope(TsParsedFile() / TsDeclModule(stream-csv-as-json/AsObjects) / TsDeclNamespace(asObjects) / TsDeclVar(Constructor) / TsTypeObject())] 
[info ] ExtractInterfaces.scala:30 Extracted anonymous interface TsIdentSimple(Anon_AsObjects) [id => stream-csv-as-json, phase => typescript, scope => TreeScope(TsParsedFile() / TsDeclModule(stream-csv-as-json/AsObjects) / TsDeclNamespace(make) / TsDeclVar(Constructor) / TsTypeObject())] 
[info ] ExtractInterfaces.scala:30 Extracted anonymous interface TsIdentSimple(Anon_Make) [id => stream-csv-as-json, phase => typescript, scope => TreeScope(TsParsedFile() / TsDeclModule(stream-csv-as-json/Stringer) / TsDeclNamespace(stringer) / TsDeclVar(Constructor) / TsTypeObject())] 
[info ] ExtractInterfaces.scala:30 Extracted anonymous interface TsIdentSimple(Anon_Make) [id => stream-csv-as-json, phase => typescript, scope => TreeScope(TsParsedFile() / TsDeclModule(stream-csv-as-json/Stringer) / TsDeclNamespace(make) / TsDeclVar(Constructor) / TsTypeObject())] 
[debug] PhaseRunner.scala:78 Success [id => stream-csv-as-json, phase => typescript] 
[warn ] Phase2ToScalaJs.scala:34 Processing TsIdentLibrarySimple(stream-csv-as-json) [id => stream-csv-as-json, phase => scala.js] 
[debug] PhaseRunner.scala:78 Success [id => stream-csv-as-json, phase => scala.js] 
[warn ] PhaseRunner.scala:64 Failed because of, [node => Compilation failed] [id => stream-csv-as-json, phase => build] 
[debug] PhaseRunner.scala:82 Failure, [node => Compilation failed] [id => stream-csv-as-json, phase => build] 
