[info ] InferredDependency.scala:20 Inferred dependencies Set(TsIdentLibrarySimple(node)) for TsIdentLibrarySimple(stream-json) [id => stream-json, phase => typescript, file => ../types/stream-json/Emitter.d.ts] 
[debug] PhaseRunner.scala:78 Success [id => stream-json, phase => typescript] 
[info ] InferredDependency.scala:20 Inferred dependencies Set(TsIdentLibrarySimple(node)) for TsIdentLibrarySimple(stream-json) [id => stream-json, phase => typescript, file => ../stream-json/filters/FilterBase.d.ts] 
[debug] PhaseRunner.scala:78 Success [id => stream-json, phase => typescript] 
[info ] InferredDependency.scala:20 Inferred dependencies Set(TsIdentLibrarySimple(node)) for TsIdentLibrarySimple(stream-json) [id => stream-json, phase => typescript, file => ../stream-json/streamers/StreamBase.d.ts] 
[info ] InferredDependency.scala:20 Inferred dependencies Set(TsIdentLibrarySimple(node)) for TsIdentLibrarySimple(stream-json) [id => stream-json, phase => typescript, file => ../types/stream-json/Assembler.d.ts] 
[debug] PhaseRunner.scala:78 Success [id => stream-json, phase => typescript] 
[debug] PhaseRunner.scala:78 Success [id => stream-json, phase => typescript] 
[debug] PhaseRunner.scala:78 Success [id => stream-json, phase => typescript] 
[info ] InferredDependency.scala:20 Inferred dependencies Set(TsIdentLibrarySimple(node)) for TsIdentLibrarySimple(stream-json) [id => stream-json, phase => typescript, file => ../types/stream-json/Parser.d.ts] 
[debug] PhaseRunner.scala:78 Success [id => stream-json, phase => typescript] 
[debug] PhaseRunner.scala:78 Success [id => stream-json, phase => typescript] 
[info ] InferredDependency.scala:20 Inferred dependencies Set(TsIdentLibrarySimple(node)) for TsIdentLibrarySimple(stream-json) [id => stream-json, phase => typescript, file => ../stream-json/utils/withParser.d.ts] 
[debug] PhaseRunner.scala:78 Success [id => stream-json, phase => typescript] 
[debug] PhaseRunner.scala:78 Success [id => stream-json, phase => typescript] 
[debug] PhaseRunner.scala:78 Success [id => stream-json, phase => typescript] 
[debug] PhaseRunner.scala:78 Success [id => stream-json, phase => typescript] 
[debug] PhaseRunner.scala:78 Success [id => stream-json, phase => typescript] 
[debug] PhaseRunner.scala:78 Success [id => stream-json, phase => typescript] 
[info ] InferredDependency.scala:20 Inferred dependencies Set(TsIdentLibrarySimple(node)) for TsIdentLibrarySimple(stream-json) [id => stream-json, phase => typescript, file => ../stream-json/utils/emit.d.ts] 
[debug] PhaseRunner.scala:78 Success [id => stream-json, phase => typescript] 
[info ] InferredDependency.scala:20 Inferred dependencies Set(TsIdentLibrarySimple(node)) for TsIdentLibrarySimple(stream-json) [id => stream-json, phase => typescript, file => ../types/stream-json/Stringer.d.ts] 
[debug] PhaseRunner.scala:78 Success [id => stream-json, phase => typescript] 
[debug] PhaseRunner.scala:78 Success [id => stream-json, phase => typescript] 
[info ] Phase1ReadTypescript.scala:152 Preprocessing TsHelperFile(InFile(/home/tso/tmp/tso-cache/DefinitelyTyped/types/stream-json/Assembler.d.ts),FromFolder(InFolder(/home/tso/tmp/tso-cache/DefinitelyTyped/types/stream-json),TsIdentLibrarySimple(stream-json)),TsIdentModule(None,List(stream-json, Assembler))) [id => stream-json, phase => typescript] 
[info ] InferredDefaultModule.scala:39 Inferred module TsIdentModule(None,List(stream-json, Assembler)) [id => stream-json, phase => typescript] 
[info ] Phase1ReadTypescript.scala:152 Preprocessing TsHelperFile(InFile(/home/tso/tmp/tso-cache/DefinitelyTyped/types/stream-json/Emitter.d.ts),FromFolder(InFolder(/home/tso/tmp/tso-cache/DefinitelyTyped/types/stream-json),TsIdentLibrarySimple(stream-json)),TsIdentModule(None,List(stream-json, Emitter))) [id => stream-json, phase => typescript] 
[info ] InferredDefaultModule.scala:39 Inferred module TsIdentModule(None,List(stream-json, Emitter)) [id => stream-json, phase => typescript] 
[info ] Phase1ReadTypescript.scala:152 Preprocessing TsHelperFile(InFile(/home/tso/tmp/tso-cache/DefinitelyTyped/types/stream-json/Parser.d.ts),FromFolder(InFolder(/home/tso/tmp/tso-cache/DefinitelyTyped/types/stream-json),TsIdentLibrarySimple(stream-json)),TsIdentModule(None,List(stream-json, Parser))) [id => stream-json, phase => typescript] 
[info ] InferredDefaultModule.scala:39 Inferred module TsIdentModule(None,List(stream-json, Parser)) [id => stream-json, phase => typescript] 
[info ] Phase1ReadTypescript.scala:152 Preprocessing TsHelperFile(InFile(/home/tso/tmp/tso-cache/DefinitelyTyped/types/stream-json/Stringer.d.ts),FromFolder(InFolder(/home/tso/tmp/tso-cache/DefinitelyTyped/types/stream-json),TsIdentLibrarySimple(stream-json)),TsIdentModule(None,List(stream-json, Stringer))) [id => stream-json, phase => typescript] 
[info ] InferredDefaultModule.scala:39 Inferred module TsIdentModule(None,List(stream-json, Stringer)) [id => stream-json, phase => typescript] 
[info ] Phase1ReadTypescript.scala:152 Preprocessing TsHelperFile(InFile(/home/tso/tmp/tso-cache/DefinitelyTyped/types/stream-json/index.d.ts),FromFolder(InFolder(/home/tso/tmp/tso-cache/DefinitelyTyped/types/stream-json),TsIdentLibrarySimple(stream-json)),TsIdentModule(None,List(stream-json))) [id => stream-json, phase => typescript] 
[info ] InferredDefaultModule.scala:39 Inferred module TsIdentModule(None,List(stream-json)) [id => stream-json, phase => typescript] 
[info ] Phase1ReadTypescript.scala:152 Preprocessing TsHelperFile(InFile(/home/tso/tmp/tso-cache/DefinitelyTyped/types/stream-json/filters/Filter.d.ts),FromFolder(InFolder(/home/tso/tmp/tso-cache/DefinitelyTyped/types/stream-json),TsIdentLibrarySimple(stream-json)),TsIdentModule(None,List(stream-json, filters, Filter))) [id => stream-json, phase => typescript] 
[info ] InferredDefaultModule.scala:39 Inferred module TsIdentModule(None,List(stream-json, filters, Filter)) [id => stream-json, phase => typescript] 
[info ] Phase1ReadTypescript.scala:152 Preprocessing TsHelperFile(InFile(/home/tso/tmp/tso-cache/DefinitelyTyped/types/stream-json/filters/FilterBase.d.ts),FromFolder(InFolder(/home/tso/tmp/tso-cache/DefinitelyTyped/types/stream-json),TsIdentLibrarySimple(stream-json)),TsIdentModule(None,List(stream-json, filters, FilterBase))) [id => stream-json, phase => typescript] 
[info ] InferredDefaultModule.scala:39 Inferred module TsIdentModule(None,List(stream-json, filters, FilterBase)) [id => stream-json, phase => typescript] 
[info ] Phase1ReadTypescript.scala:152 Preprocessing TsHelperFile(InFile(/home/tso/tmp/tso-cache/DefinitelyTyped/types/stream-json/filters/Ignore.d.ts),FromFolder(InFolder(/home/tso/tmp/tso-cache/DefinitelyTyped/types/stream-json),TsIdentLibrarySimple(stream-json)),TsIdentModule(None,List(stream-json, filters, Ignore))) [id => stream-json, phase => typescript] 
[info ] InferredDefaultModule.scala:39 Inferred module TsIdentModule(None,List(stream-json, filters, Ignore)) [id => stream-json, phase => typescript] 
[info ] Phase1ReadTypescript.scala:152 Preprocessing TsHelperFile(InFile(/home/tso/tmp/tso-cache/DefinitelyTyped/types/stream-json/filters/Pick.d.ts),FromFolder(InFolder(/home/tso/tmp/tso-cache/DefinitelyTyped/types/stream-json),TsIdentLibrarySimple(stream-json)),TsIdentModule(None,List(stream-json, filters, Pick))) [id => stream-json, phase => typescript] 
[info ] InferredDefaultModule.scala:39 Inferred module TsIdentModule(None,List(stream-json, filters, Pick)) [id => stream-json, phase => typescript] 
[info ] Phase1ReadTypescript.scala:152 Preprocessing TsHelperFile(InFile(/home/tso/tmp/tso-cache/DefinitelyTyped/types/stream-json/filters/Replace.d.ts),FromFolder(InFolder(/home/tso/tmp/tso-cache/DefinitelyTyped/types/stream-json),TsIdentLibrarySimple(stream-json)),TsIdentModule(None,List(stream-json, filters, Replace))) [id => stream-json, phase => typescript] 
[info ] InferredDefaultModule.scala:39 Inferred module TsIdentModule(None,List(stream-json, filters, Replace)) [id => stream-json, phase => typescript] 
[info ] Phase1ReadTypescript.scala:152 Preprocessing TsHelperFile(InFile(/home/tso/tmp/tso-cache/DefinitelyTyped/types/stream-json/streamers/StreamArray.d.ts),FromFolder(InFolder(/home/tso/tmp/tso-cache/DefinitelyTyped/types/stream-json),TsIdentLibrarySimple(stream-json)),TsIdentModule(None,List(stream-json, streamers, StreamArray))) [id => stream-json, phase => typescript] 
[info ] InferredDefaultModule.scala:39 Inferred module TsIdentModule(None,List(stream-json, streamers, StreamArray)) [id => stream-json, phase => typescript] 
[info ] Phase1ReadTypescript.scala:152 Preprocessing TsHelperFile(InFile(/home/tso/tmp/tso-cache/DefinitelyTyped/types/stream-json/streamers/StreamBase.d.ts),FromFolder(InFolder(/home/tso/tmp/tso-cache/DefinitelyTyped/types/stream-json),TsIdentLibrarySimple(stream-json)),TsIdentModule(None,List(stream-json, streamers, StreamBase))) [id => stream-json, phase => typescript] 
[info ] InferredDefaultModule.scala:39 Inferred module TsIdentModule(None,List(stream-json, streamers, StreamBase)) [id => stream-json, phase => typescript] 
[info ] Phase1ReadTypescript.scala:152 Preprocessing TsHelperFile(InFile(/home/tso/tmp/tso-cache/DefinitelyTyped/types/stream-json/streamers/StreamObject.d.ts),FromFolder(InFolder(/home/tso/tmp/tso-cache/DefinitelyTyped/types/stream-json),TsIdentLibrarySimple(stream-json)),TsIdentModule(None,List(stream-json, streamers, StreamObject))) [id => stream-json, phase => typescript] 
[info ] InferredDefaultModule.scala:39 Inferred module TsIdentModule(None,List(stream-json, streamers, StreamObject)) [id => stream-json, phase => typescript] 
[info ] Phase1ReadTypescript.scala:152 Preprocessing TsHelperFile(InFile(/home/tso/tmp/tso-cache/DefinitelyTyped/types/stream-json/streamers/StreamValues.d.ts),FromFolder(InFolder(/home/tso/tmp/tso-cache/DefinitelyTyped/types/stream-json),TsIdentLibrarySimple(stream-json)),TsIdentModule(None,List(stream-json, streamers, StreamValues))) [id => stream-json, phase => typescript] 
[info ] InferredDefaultModule.scala:39 Inferred module TsIdentModule(None,List(stream-json, streamers, StreamValues)) [id => stream-json, phase => typescript] 
[info ] Phase1ReadTypescript.scala:152 Preprocessing TsHelperFile(InFile(/home/tso/tmp/tso-cache/DefinitelyTyped/types/stream-json/utils/emit.d.ts),FromFolder(InFolder(/home/tso/tmp/tso-cache/DefinitelyTyped/types/stream-json),TsIdentLibrarySimple(stream-json)),TsIdentModule(None,List(stream-json, utils, emit))) [id => stream-json, phase => typescript] 
[info ] InferredDefaultModule.scala:39 Inferred module TsIdentModule(None,List(stream-json, utils, emit)) [id => stream-json, phase => typescript] 
[info ] Phase1ReadTypescript.scala:152 Preprocessing TsHelperFile(InFile(/home/tso/tmp/tso-cache/DefinitelyTyped/types/stream-json/utils/withParser.d.ts),FromFolder(InFolder(/home/tso/tmp/tso-cache/DefinitelyTyped/types/stream-json),TsIdentLibrarySimple(stream-json)),TsIdentModule(None,List(stream-json, utils, withParser))) [id => stream-json, phase => typescript] 
[info ] InferredDefaultModule.scala:39 Inferred module TsIdentModule(None,List(stream-json, utils, withParser)) [id => stream-json, phase => typescript] 
[warn ] Phase1ReadTypescript.scala:190 Processing TsIdentLibrarySimple(stream-json) [id => stream-json, phase => typescript] 
[warn ] QualifyReferences.scala:47 Couldn't qualify TsTypeRef(TsQIdent(List(TsIdentSimple(Parser))),List()), defaulting to any [id => stream-json, phase => typescript, scope => TreeScope(TsParsedFile() / TsDeclTypeAlias(ParserClass) / TsTypeRef())] 
[info ] ResolveTypeQueries.scala:94 Resolved TsTypeQuery(TsQIdent(List(TsIdentLibrarySimple(stream-json), TsIdentModule(None,List(stream-json, Emitter)), TsIdentNamespace(Emitter)))) [id => stream-json, phase => typescript, scope => TreeScope(TsParsedFile() / TsDeclModule(stream-json/Emitter) / TsDeclNamespace(Emitter) / TsDeclNamespace(make) / TsDeclVar(Constructor) / TsTypeQuery())] 
[info ] ResolveTypeQueries.scala:94 Resolved TsTypeQuery(TsQIdent(List(TsIdentLibrarySimple(stream-json), TsIdentModule(None,List(stream-json, Emitter)), TsIdentNamespace(Emitter)))) [id => stream-json, phase => typescript, scope => TreeScope(TsParsedFile() / TsDeclModule(stream-json/Emitter) / TsDeclNamespace(Emitter) / TsDeclNamespace(emitter) / TsDeclVar(Constructor) / TsTypeQuery())] 
[info ] ResolveTypeQueries.scala:94 Resolved TsTypeQuery(TsQIdent(List(TsIdentLibrarySimple(stream-json), TsIdentModule(None,List(stream-json, Parser)), TsIdentNamespace(Parser)))) [id => stream-json, phase => typescript, scope => TreeScope(TsParsedFile() / TsDeclModule(stream-json/Parser) / TsDeclNamespace(Parser) / TsDeclNamespace(make) / TsDeclVar(Constructor) / TsTypeQuery())] 
[info ] ResolveTypeQueries.scala:94 Resolved TsTypeQuery(TsQIdent(List(TsIdentLibrarySimple(stream-json), TsIdentModule(None,List(stream-json, Parser)), TsIdentNamespace(Parser)))) [id => stream-json, phase => typescript, scope => TreeScope(TsParsedFile() / TsDeclModule(stream-json/Parser) / TsDeclNamespace(Parser) / TsDeclNamespace(parser) / TsDeclVar(Constructor) / TsTypeQuery())] 
[info ] ResolveTypeQueries.scala:94 Resolved TsTypeQuery(TsQIdent(List(TsIdentLibrarySimple(stream-json), TsIdentModule(None,List(stream-json, Stringer)), TsIdentNamespace(Stringer)))) [id => stream-json, phase => typescript, scope => TreeScope(TsParsedFile() / TsDeclModule(stream-json/Stringer) / TsDeclNamespace(Stringer) / TsDeclNamespace(make) / TsDeclVar(Constructor) / TsTypeQuery())] 
[info ] ResolveTypeQueries.scala:94 Resolved TsTypeQuery(TsQIdent(List(TsIdentLibrarySimple(stream-json), TsIdentModule(None,List(stream-json, Stringer)), TsIdentNamespace(Stringer)))) [id => stream-json, phase => typescript, scope => TreeScope(TsParsedFile() / TsDeclModule(stream-json/Stringer) / TsDeclNamespace(Stringer) / TsDeclNamespace(stringer) / TsDeclVar(Constructor) / TsTypeQuery())] 
[warn ] ResolveTypeQueries.scala:98 Couldn't resolve TsTypeQuery(TsQIdent(List(TsIdentSimple(Parser)))) [id => stream-json, phase => typescript, scope => TreeScope(TsParsedFile() / TsDeclTypeAlias(ParserType) / TsTypeQuery())] 
[info ] ResolveTypeQueries.scala:94 Resolved TsTypeQuery(TsQIdent(List(TsIdentLibrarySimple(stream-json), TsIdentModule(None,List(stream-json, filters, Filter)), TsIdentNamespace(Filter)))) [id => stream-json, phase => typescript, scope => TreeScope(TsParsedFile() / TsDeclModule(stream-json/filters/Filter) / TsDeclNamespace(Filter) / TsDeclNamespace(make) / TsDeclVar(Constructor) / TsTypeQuery())] 
[info ] ResolveTypeQueries.scala:94 Resolved TsTypeQuery(TsQIdent(List(TsIdentLibrarySimple(stream-json), TsIdentModule(None,List(stream-json, filters, Filter)), TsIdentNamespace(Filter)))) [id => stream-json, phase => typescript, scope => TreeScope(TsParsedFile() / TsDeclModule(stream-json/filters/Filter) / TsDeclNamespace(Filter) / TsDeclNamespace(filter) / TsDeclVar(Constructor) / TsTypeQuery())] 
[info ] ResolveTypeQueries.scala:94 Resolved TsTypeQuery(TsQIdent(List(TsIdentLibrarySimple(stream-json), TsIdentModule(None,List(stream-json, filters, Ignore)), TsIdentNamespace(Ignore)))) [id => stream-json, phase => typescript, scope => TreeScope(TsParsedFile() / TsDeclModule(stream-json/filters/Ignore) / TsDeclNamespace(Ignore) / TsDeclNamespace(make) / TsDeclVar(Constructor) / TsTypeQuery())] 
[info ] ResolveTypeQueries.scala:94 Resolved TsTypeQuery(TsQIdent(List(TsIdentLibrarySimple(stream-json), TsIdentModule(None,List(stream-json, filters, Ignore)), TsIdentNamespace(Ignore)))) [id => stream-json, phase => typescript, scope => TreeScope(TsParsedFile() / TsDeclModule(stream-json/filters/Ignore) / TsDeclNamespace(Ignore) / TsDeclNamespace(ignore) / TsDeclVar(Constructor) / TsTypeQuery())] 
[info ] ResolveTypeQueries.scala:94 Resolved TsTypeQuery(TsQIdent(List(TsIdentLibrarySimple(stream-json), TsIdentModule(None,List(stream-json, filters, Pick)), TsIdentNamespace(Pick)))) [id => stream-json, phase => typescript, scope => TreeScope(TsParsedFile() / TsDeclModule(stream-json/filters/Pick) / TsDeclNamespace(Pick) / TsDeclNamespace(make) / TsDeclVar(Constructor) / TsTypeQuery())] 
[info ] ResolveTypeQueries.scala:94 Resolved TsTypeQuery(TsQIdent(List(TsIdentLibrarySimple(stream-json), TsIdentModule(None,List(stream-json, filters, Pick)), TsIdentNamespace(Pick)))) [id => stream-json, phase => typescript, scope => TreeScope(TsParsedFile() / TsDeclModule(stream-json/filters/Pick) / TsDeclNamespace(Pick) / TsDeclNamespace(pick) / TsDeclVar(Constructor) / TsTypeQuery())] 
[info ] ResolveTypeQueries.scala:94 Resolved TsTypeQuery(TsQIdent(List(TsIdentLibrarySimple(stream-json), TsIdentModule(None,List(stream-json, filters, Replace)), TsIdentNamespace(Replace)))) [id => stream-json, phase => typescript, scope => TreeScope(TsParsedFile() / TsDeclModule(stream-json/filters/Replace) / TsDeclNamespace(Replace) / TsDeclNamespace(make) / TsDeclVar(Constructor) / TsTypeQuery())] 
[info ] ResolveTypeQueries.scala:94 Resolved TsTypeQuery(TsQIdent(List(TsIdentLibrarySimple(stream-json), TsIdentModule(None,List(stream-json, filters, Replace)), TsIdentNamespace(Replace)))) [id => stream-json, phase => typescript, scope => TreeScope(TsParsedFile() / TsDeclModule(stream-json/filters/Replace) / TsDeclNamespace(Replace) / TsDeclNamespace(replace) / TsDeclVar(Constructor) / TsTypeQuery())] 
[info ] ResolveTypeQueries.scala:94 Resolved TsTypeQuery(TsQIdent(List(TsIdentLibrarySimple(stream-json), TsIdentModule(None,List(stream-json, streamers, StreamArray)), TsIdentNamespace(StreamArray)))) [id => stream-json, phase => typescript, scope => TreeScope(TsParsedFile() / TsDeclModule(stream-json/streamers/StreamArray) / TsDeclNamespace(StreamArray) / TsDeclNamespace(make) / TsDeclVar(Constructor) / TsTypeQuery())] 
[info ] ResolveTypeQueries.scala:94 Resolved TsTypeQuery(TsQIdent(List(TsIdentLibrarySimple(stream-json), TsIdentModule(None,List(stream-json, streamers, StreamArray)), TsIdentNamespace(StreamArray)))) [id => stream-json, phase => typescript, scope => TreeScope(TsParsedFile() / TsDeclModule(stream-json/streamers/StreamArray) / TsDeclNamespace(StreamArray) / TsDeclNamespace(streamArray) / TsDeclVar(Constructor) / TsTypeQuery())] 
[info ] ResolveTypeQueries.scala:94 Resolved TsTypeQuery(TsQIdent(List(TsIdentLibrarySimple(stream-json), TsIdentModule(None,List(stream-json, streamers, StreamObject)), TsIdentNamespace(StreamObject)))) [id => stream-json, phase => typescript, scope => TreeScope(TsParsedFile() / TsDeclModule(stream-json/streamers/StreamObject) / TsDeclNamespace(StreamObject) / TsDeclNamespace(make) / TsDeclVar(Constructor) / TsTypeQuery())] 
[info ] ResolveTypeQueries.scala:94 Resolved TsTypeQuery(TsQIdent(List(TsIdentLibrarySimple(stream-json), TsIdentModule(None,List(stream-json, streamers, StreamObject)), TsIdentNamespace(StreamObject)))) [id => stream-json, phase => typescript, scope => TreeScope(TsParsedFile() / TsDeclModule(stream-json/streamers/StreamObject) / TsDeclNamespace(StreamObject) / TsDeclNamespace(streamObject) / TsDeclVar(Constructor) / TsTypeQuery())] 
[info ] ResolveTypeQueries.scala:94 Resolved TsTypeQuery(TsQIdent(List(TsIdentLibrarySimple(stream-json), TsIdentModule(None,List(stream-json, streamers, StreamValues)), TsIdentNamespace(StreamValues)))) [id => stream-json, phase => typescript, scope => TreeScope(TsParsedFile() / TsDeclModule(stream-json/streamers/StreamValues) / TsDeclNamespace(StreamValues) / TsDeclNamespace(make) / TsDeclVar(Constructor) / TsTypeQuery())] 
[info ] ResolveTypeQueries.scala:94 Resolved TsTypeQuery(TsQIdent(List(TsIdentLibrarySimple(stream-json), TsIdentModule(None,List(stream-json, streamers, StreamValues)), TsIdentNamespace(StreamValues)))) [id => stream-json, phase => typescript, scope => TreeScope(TsParsedFile() / TsDeclModule(stream-json/streamers/StreamValues) / TsDeclNamespace(StreamValues) / TsDeclNamespace(streamValues) / TsDeclVar(Constructor) / TsTypeQuery())] 
[info ] PreferTypeAlias.scala:112 Simplified to type alias [id => stream-json, phase => typescript, scope => TreeScope(TsParsedFile() / TsDeclModule(stream-json/Emitter) / TsDeclInterface(Emitter))] 
[info ] PreferTypeAlias.scala:112 Simplified to type alias [id => stream-json, phase => typescript, scope => TreeScope(TsParsedFile() / TsDeclModule(stream-json/Parser) / TsDeclInterface(Parser))] 
[info ] PreferTypeAlias.scala:112 Simplified to type alias [id => stream-json, phase => typescript, scope => TreeScope(TsParsedFile() / TsDeclModule(stream-json/Stringer) / TsDeclInterface(Stringer))] 
[info ] PreferTypeAlias.scala:112 Simplified to type alias [id => stream-json, phase => typescript, scope => TreeScope(TsParsedFile() / TsDeclModule(stream-json/filters/Filter) / TsDeclInterface(Filter))] 
[info ] PreferTypeAlias.scala:112 Simplified to type alias [id => stream-json, phase => typescript, scope => TreeScope(TsParsedFile() / TsDeclModule(stream-json/filters/FilterBase) / TsDeclInterface(FilterBase))] 
[info ] PreferTypeAlias.scala:112 Simplified to type alias [id => stream-json, phase => typescript, scope => TreeScope(TsParsedFile() / TsDeclModule(stream-json/filters/Ignore) / TsDeclInterface(Ignore))] 
[info ] PreferTypeAlias.scala:112 Simplified to type alias [id => stream-json, phase => typescript, scope => TreeScope(TsParsedFile() / TsDeclModule(stream-json/filters/Pick) / TsDeclInterface(Pick))] 
[info ] PreferTypeAlias.scala:112 Simplified to type alias [id => stream-json, phase => typescript, scope => TreeScope(TsParsedFile() / TsDeclModule(stream-json/filters/Replace) / TsDeclInterface(Replace))] 
[info ] PreferTypeAlias.scala:112 Simplified to type alias [id => stream-json, phase => typescript, scope => TreeScope(TsParsedFile() / TsDeclModule(stream-json/streamers/StreamArray) / TsDeclInterface(StreamArray))] 
[info ] PreferTypeAlias.scala:112 Simplified to type alias [id => stream-json, phase => typescript, scope => TreeScope(TsParsedFile() / TsDeclModule(stream-json/streamers/StreamBase) / TsDeclInterface(StreamBase))] 
[info ] PreferTypeAlias.scala:112 Simplified to type alias [id => stream-json, phase => typescript, scope => TreeScope(TsParsedFile() / TsDeclModule(stream-json/streamers/StreamObject) / TsDeclInterface(StreamObject))] 
[info ] PreferTypeAlias.scala:112 Simplified to type alias [id => stream-json, phase => typescript, scope => TreeScope(TsParsedFile() / TsDeclModule(stream-json/streamers/StreamValues) / TsDeclInterface(StreamValues))] 
[info ] ExtractInterfaces.scala:30 Extracted anonymous interface TsIdentSimple(Anon_Pick) [id => stream-json, phase => typescript, scope => TreeScope(TsParsedFile() / TsDeclModule(stream-json/filters/Pick) / TsDeclNamespace(pick) / TsDeclVar(Constructor) / TsTypeObject())] 
[info ] ExtractInterfaces.scala:30 Extracted anonymous interface TsIdentSimple(Anon_Pick) [id => stream-json, phase => typescript, scope => TreeScope(TsParsedFile() / TsDeclModule(stream-json/filters/Pick) / TsDeclNamespace(make) / TsDeclVar(Constructor) / TsTypeObject())] 
[info ] ExtractInterfaces.scala:30 Extracted anonymous interface TsIdentSimple(Anon_Filter) [id => stream-json, phase => typescript, scope => TreeScope(TsParsedFile() / TsDeclModule(stream-json/filters/Filter) / TsDeclNamespace(filter) / TsDeclVar(Constructor) / TsTypeObject())] 
[info ] ExtractInterfaces.scala:30 Extracted anonymous interface TsIdentSimple(Anon_Filter) [id => stream-json, phase => typescript, scope => TreeScope(TsParsedFile() / TsDeclModule(stream-json/filters/Filter) / TsDeclNamespace(make) / TsDeclVar(Constructor) / TsTypeObject())] 
[info ] ExtractInterfaces.scala:30 Extracted anonymous interface TsIdentSimple(Anon_WithParser) [id => stream-json, phase => typescript, scope => TreeScope(TsParsedFile() / TsDeclModule(stream-json/streamers/StreamValues) / TsDeclNamespace(streamValues) / TsDeclVar(Constructor) / TsTypeObject())] 
[info ] ExtractInterfaces.scala:30 Extracted anonymous interface TsIdentSimple(Anon_WithParser) [id => stream-json, phase => typescript, scope => TreeScope(TsParsedFile() / TsDeclModule(stream-json/streamers/StreamValues) / TsDeclNamespace(make) / TsDeclVar(Constructor) / TsTypeObject())] 
[info ] ExtractInterfaces.scala:30 Extracted anonymous interface TsIdentSimple(Anon_Replace) [id => stream-json, phase => typescript, scope => TreeScope(TsParsedFile() / TsDeclModule(stream-json/filters/Replace) / TsDeclNamespace(replace) / TsDeclVar(Constructor) / TsTypeObject())] 
[info ] ExtractInterfaces.scala:30 Extracted anonymous interface TsIdentSimple(Anon_Replace) [id => stream-json, phase => typescript, scope => TreeScope(TsParsedFile() / TsDeclModule(stream-json/filters/Replace) / TsDeclNamespace(make) / TsDeclVar(Constructor) / TsTypeObject())] 
[info ] ExtractInterfaces.scala:30 Extracted anonymous interface TsIdentSimple(Anon_Make) [id => stream-json, phase => typescript, scope => TreeScope(TsParsedFile() / TsDeclModule(stream-json/Stringer) / TsDeclNamespace(stringer) / TsDeclVar(Constructor) / TsTypeObject())] 
[info ] ExtractInterfaces.scala:30 Extracted anonymous interface TsIdentSimple(Anon_Make) [id => stream-json, phase => typescript, scope => TreeScope(TsParsedFile() / TsDeclModule(stream-json/Stringer) / TsDeclNamespace(make) / TsDeclVar(Constructor) / TsTypeObject())] 
[info ] ExtractInterfaces.scala:30 Extracted anonymous interface TsIdentSimple(Anon_WithParserOptions) [id => stream-json, phase => typescript, scope => TreeScope(TsParsedFile() / TsDeclModule(stream-json/streamers/StreamObject) / TsDeclNamespace(streamObject) / TsDeclVar(Constructor) / TsTypeObject())] 
[info ] ExtractInterfaces.scala:30 Extracted anonymous interface TsIdentSimple(Anon_WithParserOptions) [id => stream-json, phase => typescript, scope => TreeScope(TsParsedFile() / TsDeclModule(stream-json/streamers/StreamObject) / TsDeclNamespace(make) / TsDeclVar(Constructor) / TsTypeObject())] 
[info ] ExtractInterfaces.scala:30 Extracted anonymous interface TsIdentSimple(Anon_Parser) [id => stream-json, phase => typescript, scope => TreeScope(TsParsedFile() / TsDeclModule(stream-json/Parser) / TsDeclNamespace(parser) / TsDeclVar(Constructor) / TsTypeObject())] 
[info ] ExtractInterfaces.scala:30 Extracted anonymous interface TsIdentSimple(Anon_Parser) [id => stream-json, phase => typescript, scope => TreeScope(TsParsedFile() / TsDeclModule(stream-json/Parser) / TsDeclNamespace(make) / TsDeclVar(Constructor) / TsTypeObject())] 
[info ] ExtractInterfaces.scala:30 Extracted anonymous interface TsIdentSimple(Anon_Ignore) [id => stream-json, phase => typescript, scope => TreeScope(TsParsedFile() / TsDeclModule(stream-json/filters/Ignore) / TsDeclNamespace(make) / TsDeclVar(Constructor) / TsTypeObject())] 
[info ] ExtractInterfaces.scala:30 Extracted anonymous interface TsIdentSimple(Anon_Ignore) [id => stream-json, phase => typescript, scope => TreeScope(TsParsedFile() / TsDeclModule(stream-json/filters/Ignore) / TsDeclNamespace(ignore) / TsDeclVar(Constructor) / TsTypeObject())] 
[info ] ExtractInterfaces.scala:30 Extracted anonymous interface TsIdentSimple(Anon_Emitter) [id => stream-json, phase => typescript, scope => TreeScope(TsParsedFile() / TsDeclModule(stream-json/Emitter) / TsDeclNamespace(emitter) / TsDeclVar(Constructor) / TsTypeObject())] 
[info ] ExtractInterfaces.scala:30 Extracted anonymous interface TsIdentSimple(Anon_Emitter) [id => stream-json, phase => typescript, scope => TreeScope(TsParsedFile() / TsDeclModule(stream-json/Emitter) / TsDeclNamespace(make) / TsDeclVar(Constructor) / TsTypeObject())] 
[info ] ExtractInterfaces.scala:30 Extracted anonymous interface TsIdentSimple(Anon_WithParserOptionsStreamArray) [id => stream-json, phase => typescript, scope => TreeScope(TsParsedFile() / TsDeclModule(stream-json/streamers/StreamArray) / TsDeclNamespace(streamArray) / TsDeclVar(Constructor) / TsTypeObject())] 
[info ] ExtractInterfaces.scala:30 Extracted anonymous interface TsIdentSimple(Anon_WithParserOptionsStreamArray) [id => stream-json, phase => typescript, scope => TreeScope(TsParsedFile() / TsDeclModule(stream-json/streamers/StreamArray) / TsDeclNamespace(make) / TsDeclVar(Constructor) / TsTypeObject())] 
[debug] PhaseRunner.scala:78 Success [id => stream-json, phase => typescript] 
[warn ] Phase2ToScalaJs.scala:34 Processing TsIdentLibrarySimple(stream-json) [id => stream-json, phase => scala.js] 
[debug] PhaseRunner.scala:78 Success [id => stream-json, phase => scala.js] 
[warn ] PhaseRunner.scala:64 Failed because of, [node => Compilation failed] [id => stream-json, phase => build] 
[debug] PhaseRunner.scala:82 Failure, [node => Compilation failed] [id => stream-json, phase => build] 
