[info ] InferredDependency.scala:20 Inferred dependencies Set(TsIdentLibrarySimple(node)) for TsIdentLibrarySimple(stripe) [id => stripe, phase => typescript, file => ../types/stripe/index.d.ts] 
[debug] PhaseRunner.scala:81 Success [id => stripe, phase => typescript] 
[info ] Phase1ReadTypescript.scala:158 Preprocessing TsHelperFile(InFile(/home/tso/tmp/tso-cache/DefinitelyTyped/types/stripe/index.d.ts),FromFolder(InFolder(/home/tso/tmp/tso-cache/DefinitelyTyped/types/stripe),TsIdentLibrarySimple(stripe)),TsIdentModule(None,List(stripe))) [id => stripe, phase => typescript] 
[info ] InferredDefaultModule.scala:39 Inferred module TsIdentModule(None,List(stripe)) [id => stripe, phase => typescript] 
[warn ] Phase1ReadTypescript.scala:196 Processing TsIdentLibrarySimple(stripe) [id => stripe, phase => typescript] 
[info ] ResolveTypeQueries.scala:94 Resolved TsTypeQuery(TsQIdent(List(TsIdentLibrarySimple(stripe), TsIdentModule(None,List(stripe)), TsIdentNamespace(Stripe), TsIdentNamespace(resources)))) [id => stripe, phase => typescript, scope => TreeScope(TsParsedFile() / TsDeclModule(stripe) / TsDeclClass(Stripe) / TsMemberProperty(resources) / TsTypeQuery())] 
[info ] ResolveTypeQueries.scala:94 Resolved TsTypeQuery(TsQIdent(List(TsIdentLibrarySimple(stripe), TsIdentModule(None,List(stripe)), TsIdentNamespace(Stripe), TsIdentSimple(StripeResource)))) [id => stripe, phase => typescript, scope => TreeScope(TsParsedFile() / TsDeclModule(stripe) / TsDeclClass(Stripe) / TsMemberProperty(StripeResource) / TsTypeQuery())] 
[info ] PreferTypeAlias.scala:112 Simplified to type alias [id => stripe, phase => typescript, scope => TreeScope(TsParsedFile() / TsDeclModule(stripe) / TsDeclNamespace(Stripe) / TsDeclNamespace(recipients) / TsDeclInterface(IRecipient))] 
[info ] ExtractInterfaces.scala:30 Extracted anonymous interface TsIdentSimple(Anon_Bindingsversion) [id => stripe, phase => typescript, scope => TreeScope(TsParsedFile() / TsDeclModule(stripe) / TsDeclInterface(Stripe) / TsMemberProperty(USER_AGENT) / TsTypeObject())] 
[info ] ExtractInterfaces.scala:30 Extracted anonymous interface TsIdentSimple(Anon_BitcoinReceivers) [id => stripe, phase => typescript, scope => TreeScope(TsParsedFile() / TsDeclModule(stripe) / TsDeclInterface(Stripe) / TsMemberProperty(resources) / TsTypeObject())] 
[info ] ExtractInterfaces.scala:30 Extracted anonymous interface TsIdentSimple(Anon_City) [id => stripe, phase => typescript, scope => TreeScope(TsParsedFile() / TsDeclModule(stripe) / TsDeclNamespace(Stripe) / TsDeclInterface(IShippingInformation) / TsMemberProperty(address) / TsTypeObject())] 
[info ] ExtractInterfaces.scala:30 Extracted anonymous interface TsIdentSimple(Anon_Application) [id => stripe, phase => typescript, scope => TreeScope(TsParsedFile() / TsDeclModule(stripe) / TsDeclNamespace(Stripe) / TsDeclNamespace(balance) / TsDeclInterface(IBalanceTransaction) / TsMemberProperty(fee_details) / TsTypeRef() / TsTypeObject())] 
[info ] ExtractInterfaces.scala:30 Extracted anonymous interface TsIdentSimple(Anon_Bitcoinreceiver) [id => stripe, phase => typescript, scope => TreeScope(TsParsedFile() / TsDeclModule(stripe) / TsDeclNamespace(Stripe) / TsDeclNamespace(balance) / TsDeclInterface(ISourceType) / TsMemberProperty(source_types) / TsTypeObject())] 
[info ] ExtractInterfaces.scala:30 Extracted anonymous interface TsIdentSimple(Anon_Lte) [id => stripe, phase => typescript, scope => TreeScope(TsParsedFile() / TsDeclModule(stripe) / TsDeclNamespace(Stripe) / TsDeclTypeAlias(IDateFilter) / TsTypeUnion() / TsTypeObject())] 
[info ] ExtractInterfaces.scala:30 Extracted anonymous interface TsIdentSimple(Anon_Object) [id => stripe, phase => typescript, scope => TreeScope(TsParsedFile() / TsDeclModule(stripe) / TsDeclNamespace(Stripe) / TsDeclNamespace(webhooks) / TsDeclInterface(StripeWebhookEvent) / TsMemberProperty(data) / TsTypeObject())] 
[info ] ExtractInterfaces.scala:30 Extracted anonymous interface TsIdentSimple(Anon_Minimum) [id => stripe, phase => typescript, scope => TreeScope(TsParsedFile() / TsDeclModule(stripe) / TsDeclNamespace(Stripe) / TsDeclNamespace(countrySpecs) / TsDeclInterface(ICountrySpec) / TsMemberProperty(verification_fields) / TsTypeObject() / TsMemberProperty(company) / TsTypeObject())] 
[info ] ExtractInterfaces.scala:30 Extracted anonymous interface TsIdentSimple(Anon_Minimum) [id => stripe, phase => typescript, scope => TreeScope(TsParsedFile() / TsDeclModule(stripe) / TsDeclNamespace(Stripe) / TsDeclNamespace(countrySpecs) / TsDeclInterface(ICountrySpec) / TsMemberProperty(verification_fields) / TsTypeObject() / TsMemberProperty(individual) / TsTypeObject())] 
[info ] ExtractInterfaces.scala:30 Extracted anonymous interface TsIdentSimple(Anon_Company) [id => stripe, phase => typescript, scope => TreeScope(TsParsedFile() / TsDeclModule(stripe) / TsDeclNamespace(Stripe) / TsDeclNamespace(countrySpecs) / TsDeclInterface(ICountrySpec) / TsMemberProperty(verification_fields) / TsTypeObject())] 
[info ] ExtractInterfaces.scala:30 Extracted anonymous interface TsIdentSimple(Anon_Type) [id => stripe, phase => typescript, scope => TreeScope(TsParsedFile() / TsDeclModule(stripe) / TsDeclNamespace(Stripe) / TsDeclNamespace(fileUploads) / TsDeclInterface(IFileUploadCreationOptions) / TsMemberProperty(file) / TsTypeObject())] 
[info ] ExtractInterfaces.scala:30 Extracted anonymous interface TsIdentSimple(Anon_Account) [id => stripe, phase => typescript, scope => TreeScope(TsParsedFile() / TsDeclModule(stripe) / TsDeclNamespace(Stripe) / TsDeclNamespace(charges) / TsDeclInterface(IChargeCreationOptions) / TsMemberProperty(destination) / TsTypeUnion() / TsTypeObject())] 
[info ] ExtractInterfaces.scala:30 Extracted anonymous interface TsIdentSimple(Anon_Userreport) [id => stripe, phase => typescript, scope => TreeScope(TsParsedFile() / TsDeclModule(stripe) / TsDeclNamespace(Stripe) / TsDeclNamespace(charges) / TsDeclInterface(IChargeUpdateOptions) / TsMemberProperty(fraud_details) / TsTypeObject())] 
[info ] ExtractInterfaces.scala:30 Extracted anonymous interface TsIdentSimple(Anon_UserreportFraudulent) [id => stripe, phase => typescript, scope => TreeScope(TsParsedFile() / TsDeclModule(stripe) / TsDeclNamespace(Stripe) / TsDeclNamespace(charges) / TsDeclInterface(ICharge) / TsMemberProperty(fraud_details) / TsTypeObject())] 
[info ] ExtractInterfaces.scala:30 Extracted anonymous interface TsIdentSimple(Anon_ObjectAll) [id => stripe, phase => typescript, scope => TreeScope(TsParsedFile() / TsDeclModule(stripe) / TsDeclNamespace(Stripe) / TsDeclNamespace(charges) / TsDeclInterface(IChargeListOptions) / TsMemberProperty(source) / TsTypeObject())] 
[info ] ExtractInterfaces.scala:30 Extracted anonymous interface TsIdentSimple(Anon_Submissioncount) [id => stripe, phase => typescript, scope => TreeScope(TsParsedFile() / TsDeclModule(stripe) / TsDeclNamespace(Stripe) / TsDeclNamespace(disputes) / TsDeclInterface(IDispute) / TsMemberProperty(evidence_details) / TsTypeObject())] 
[info ] ExtractInterfaces.scala:30 Extracted anonymous interface TsIdentSimple(Anon_Paid) [id => stripe, phase => typescript, scope => TreeScope(TsParsedFile() / TsDeclModule(stripe) / TsDeclNamespace(Stripe) / TsDeclNamespace(orders) / TsDeclInterface(IOrderListOptions) / TsMemberProperty(status_transitions) / TsTypeObject())] 
[info ] ExtractInterfaces.scala:30 Extracted anonymous interface TsIdentSimple(Anon_Fulfiled) [id => stripe, phase => typescript, scope => TreeScope(TsParsedFile() / TsDeclModule(stripe) / TsDeclNamespace(Stripe) / TsDeclNamespace(orders) / TsDeclInterface(IOrder) / TsMemberProperty(status_transitions) / TsTypeObject())] 
[info ] ExtractInterfaces.scala:30 Extracted anonymous interface TsIdentSimple(Anon_Date) [id => stripe, phase => typescript, scope => TreeScope(TsParsedFile() / TsDeclModule(stripe) / TsDeclNamespace(Stripe) / TsDeclNamespace(orders) / TsDeclInterface(IShippingMethod) / TsMemberProperty(delivery_estimate) / TsTypeObject())] 
[info ] ExtractInterfaces.scala:30 Extracted anonymous interface TsIdentSimple(Anon_Card) [id => stripe, phase => typescript, scope => TreeScope(TsParsedFile() / TsDeclModule(stripe) / TsDeclNamespace(Stripe) / TsDeclNamespace(resources) / TsDeclInterface(CustomerCards) / TsMemberFunction(create) / TsFunSig() / TsFunParam() / TsTypeObject())] 
[info ] ExtractInterfaces.scala:30 Extracted anonymous interface TsIdentSimple(Anon_Card) [id => stripe, phase => typescript, scope => TreeScope(TsParsedFile() / TsDeclModule(stripe) / TsDeclNamespace(Stripe) / TsDeclNamespace(resources) / TsDeclInterface(CustomerCards) / TsMemberFunction(create) / TsFunSig() / TsFunParam() / TsTypeObject())] 
[info ] ExtractInterfaces.scala:30 Extracted anonymous interface TsIdentSimple(Anon_Card) [id => stripe, phase => typescript, scope => TreeScope(TsParsedFile() / TsDeclModule(stripe) / TsDeclNamespace(Stripe) / TsDeclNamespace(resources) / TsDeclInterface(CustomerCards) / TsMemberFunction(create) / TsFunSig() / TsFunParam() / TsTypeObject())] 
[info ] ExtractInterfaces.scala:30 Extracted anonymous interface TsIdentSimple(Anon_Card) [id => stripe, phase => typescript, scope => TreeScope(TsParsedFile() / TsDeclModule(stripe) / TsDeclNamespace(Stripe) / TsDeclNamespace(resources) / TsDeclInterface(CustomerCards) / TsMemberFunction(create) / TsFunSig() / TsFunParam() / TsTypeObject())] 
[info ] ExtractInterfaces.scala:30 Extracted anonymous interface TsIdentSimple(Anon_Metadata) [id => stripe, phase => typescript, scope => TreeScope(TsParsedFile() / TsDeclModule(stripe) / TsDeclNamespace(Stripe) / TsDeclNamespace(resources) / TsDeclInterface(ApplicationFeeRefunds) / TsMemberFunction(update) / TsFunSig() / TsFunParam() / TsTypeObject())] 
[info ] ExtractInterfaces.scala:30 Extracted anonymous interface TsIdentSimple(Anon_Metadata) [id => stripe, phase => typescript, scope => TreeScope(TsParsedFile() / TsDeclModule(stripe) / TsDeclNamespace(Stripe) / TsDeclNamespace(resources) / TsDeclInterface(ApplicationFeeRefunds) / TsMemberFunction(update) / TsFunSig() / TsFunParam() / TsTypeObject())] 
[info ] ExtractInterfaces.scala:30 Extracted anonymous interface TsIdentSimple(Anon_Metadata) [id => stripe, phase => typescript, scope => TreeScope(TsParsedFile() / TsDeclModule(stripe) / TsDeclNamespace(Stripe) / TsDeclNamespace(resources) / TsDeclInterface(ApplicationFeeRefunds) / TsMemberFunction(update) / TsFunSig() / TsFunParam() / TsTypeObject())] 
[info ] ExtractInterfaces.scala:30 Extracted anonymous interface TsIdentSimple(Anon_Metadata) [id => stripe, phase => typescript, scope => TreeScope(TsParsedFile() / TsDeclModule(stripe) / TsDeclNamespace(Stripe) / TsDeclNamespace(resources) / TsDeclInterface(ApplicationFeeRefunds) / TsMemberFunction(update) / TsFunSig() / TsFunParam() / TsTypeObject())] 
[info ] ExtractInterfaces.scala:30 Extracted anonymous interface TsIdentSimple(Anon_Metadata) [id => stripe, phase => typescript, scope => TreeScope(TsParsedFile() / TsDeclModule(stripe) / TsDeclNamespace(Stripe) / TsDeclNamespace(resources) / TsDeclInterface(ApplicationFees) / TsMemberFunction(updateRefund) / TsFunSig() / TsFunParam() / TsTypeObject())] 
[info ] ExtractInterfaces.scala:30 Extracted anonymous interface TsIdentSimple(Anon_Metadata) [id => stripe, phase => typescript, scope => TreeScope(TsParsedFile() / TsDeclModule(stripe) / TsDeclNamespace(Stripe) / TsDeclNamespace(resources) / TsDeclInterface(ApplicationFees) / TsMemberFunction(updateRefund) / TsFunSig() / TsFunParam() / TsTypeObject())] 
[info ] ExtractInterfaces.scala:30 Extracted anonymous interface TsIdentSimple(Anon_Metadata) [id => stripe, phase => typescript, scope => TreeScope(TsParsedFile() / TsDeclModule(stripe) / TsDeclNamespace(Stripe) / TsDeclNamespace(resources) / TsDeclInterface(ApplicationFees) / TsMemberFunction(updateRefund) / TsFunSig() / TsFunParam() / TsTypeObject())] 
[info ] ExtractInterfaces.scala:30 Extracted anonymous interface TsIdentSimple(Anon_Metadata) [id => stripe, phase => typescript, scope => TreeScope(TsParsedFile() / TsDeclModule(stripe) / TsDeclNamespace(Stripe) / TsDeclNamespace(resources) / TsDeclInterface(ApplicationFees) / TsMemberFunction(updateRefund) / TsFunSig() / TsFunParam() / TsTypeObject())] 
[info ] ExtractInterfaces.scala:30 Extracted anonymous interface TsIdentSimple(Anon_Card) [id => stripe, phase => typescript, scope => TreeScope(TsParsedFile() / TsDeclModule(stripe) / TsDeclNamespace(Stripe) / TsDeclNamespace(resources) / TsDeclInterface(Customers) / TsMemberFunction(createCard) / TsFunSig() / TsFunParam() / TsTypeObject())] 
[info ] ExtractInterfaces.scala:30 Extracted anonymous interface TsIdentSimple(Anon_Card) [id => stripe, phase => typescript, scope => TreeScope(TsParsedFile() / TsDeclModule(stripe) / TsDeclNamespace(Stripe) / TsDeclNamespace(resources) / TsDeclInterface(Customers) / TsMemberFunction(createCard) / TsFunSig() / TsFunParam() / TsTypeObject())] 
[info ] ExtractInterfaces.scala:30 Extracted anonymous interface TsIdentSimple(Anon_Card) [id => stripe, phase => typescript, scope => TreeScope(TsParsedFile() / TsDeclModule(stripe) / TsDeclNamespace(Stripe) / TsDeclNamespace(resources) / TsDeclInterface(Customers) / TsMemberFunction(createCard) / TsFunSig() / TsFunParam() / TsTypeObject())] 
[info ] ExtractInterfaces.scala:30 Extracted anonymous interface TsIdentSimple(Anon_Card) [id => stripe, phase => typescript, scope => TreeScope(TsParsedFile() / TsDeclModule(stripe) / TsDeclNamespace(Stripe) / TsDeclNamespace(resources) / TsDeclInterface(Customers) / TsMemberFunction(createCard) / TsFunSig() / TsFunParam() / TsTypeObject())] 
[info ] ExtractInterfaces.scala:30 Extracted anonymous interface TsIdentSimple(Anon_Personalidnumber) [id => stripe, phase => typescript, scope => TreeScope(TsParsedFile() / TsDeclModule(stripe) / TsDeclNamespace(Stripe) / TsDeclNamespace(tokens) / TsDeclInterface(IPiiTokenCreationOptions) / TsMemberProperty(pii) / TsTypeObject())] 
[info ] ExtractInterfaces.scala:30 Extracted anonymous interface TsIdentSimple(Anon_ObjectPreviousattributes) [id => stripe, phase => typescript, scope => TreeScope(TsParsedFile() / TsDeclModule(stripe) / TsDeclNamespace(Stripe) / TsDeclNamespace(events) / TsDeclInterface(IEvent) / TsMemberProperty(data) / TsTypeObject())] 
[info ] ExtractInterfaces.scala:30 Extracted anonymous interface TsIdentSimple(Anon_Country) [id => stripe, phase => typescript, scope => TreeScope(TsParsedFile() / TsDeclModule(stripe) / TsDeclNamespace(Stripe) / TsDeclNamespace(accounts) / TsDeclInterface(IAccountUpdateOptions) / TsMemberProperty(external_account) / TsTypeObject())] 
[info ] ExtractInterfaces.scala:30 Extracted anonymous interface TsIdentSimple(Anon_Fieldsneeded) [id => stripe, phase => typescript, scope => TreeScope(TsParsedFile() / TsDeclModule(stripe) / TsDeclNamespace(Stripe) / TsDeclNamespace(accounts) / TsDeclInterface(IAccount) / TsMemberProperty(verification) / TsTypeObject())] 
[info ] ExtractInterfaces.scala:30 Extracted anonymous interface TsIdentSimple(Anon_Avsfailure) [id => stripe, phase => typescript, scope => TreeScope(TsParsedFile() / TsDeclModule(stripe) / TsDeclNamespace(Stripe) / TsDeclNamespace(accounts) / TsDeclInterface(IAccountShared) / TsMemberProperty(decline_charge_on) / TsTypeObject())] 
[info ] ExtractInterfaces.scala:30 Extracted anonymous interface TsIdentSimple(Anon_DateIp) [id => stripe, phase => typescript, scope => TreeScope(TsParsedFile() / TsDeclModule(stripe) / TsDeclNamespace(Stripe) / TsDeclNamespace(accounts) / TsDeclInterface(IAccountShared) / TsMemberProperty(tos_acceptance) / TsTypeObject())] 
[info ] ExtractInterfaces.scala:30 Extracted anonymous interface TsIdentSimple(Anon_Monthlyanchor) [id => stripe, phase => typescript, scope => TreeScope(TsParsedFile() / TsDeclModule(stripe) / TsDeclNamespace(Stripe) / TsDeclNamespace(accounts) / TsDeclInterface(IAccountShared) / TsMemberProperty(payout_schedule) / TsTypeObject())] 
[debug] PhaseRunner.scala:81 Success [id => stripe, phase => typescript] 
[warn ] Phase2ToScalaJs.scala:36 Processing stripe [id => stripe, phase => scala.js] 
[info ] RemoveMultipleInheritance.scala:39 Dropped parents List(stripeLib.stripeMod.StripeNs.tokensNs.IBankAccountToken because Would inherit conflicting mutable fields List(`object`, id, used, `type`, livemode, client_ip, created)) [id => stripe, phase => scala.js, this => Name(stripeLib) / Name(stripeMod) / Name(StripeNs) / Name(tokensNs) / Name(IToken)] 
[info ] InferMemberOverrides.scala:81 added override fields List(Name(message)) [id => stripe, phase => scala.js, this => Name(stripeLib) / Name(stripeMod) / Name(StripeNs) / Name(errorsNs) / Name(StripeError)] 
[info ] CompleteClass.scala:58 Completed implementations Vector(`type`, message, type_StripeAPIError, rawType, readonly, raw, requestId, headers, message) [id => stripe, phase => scala.js, this => Name(stripeLib) / Name(stripeMod) / Name(errorsNs) / Name(StripeAPIError)] 
[info ] CompleteClass.scala:58 Completed implementations Vector(`type`, message, type_StripeAuthenticationError, rawType, readonly, raw, requestId, headers, message) [id => stripe, phase => scala.js, this => Name(stripeLib) / Name(stripeMod) / Name(errorsNs) / Name(StripeAuthenticationError)] 
[info ] CompleteClass.scala:58 Completed implementations Vector(`type`, type_StripeCardError, message, rawType, readonly, raw, requestId, headers, message) [id => stripe, phase => scala.js, this => Name(stripeLib) / Name(stripeMod) / Name(errorsNs) / Name(StripeCardError)] 
[info ] CompleteClass.scala:58 Completed implementations Vector(`type`, message, type_StripeConnectionError, rawType, readonly, raw, requestId, headers, message) [id => stripe, phase => scala.js, this => Name(stripeLib) / Name(stripeMod) / Name(errorsNs) / Name(StripeConnectionError)] 
[info ] CompleteClass.scala:58 Completed implementations Vector(rawType, readonly, raw, requestId, headers, message, message, `type`) [id => stripe, phase => scala.js, this => Name(stripeLib) / Name(stripeMod) / Name(errorsNs) / Name(StripeError)] 
[info ] CompleteClass.scala:58 Completed implementations Vector(`type`, message, rawType, readonly, raw, requestId, headers, message, type_StripeIdempotencyError) [id => stripe, phase => scala.js, this => Name(stripeLib) / Name(stripeMod) / Name(errorsNs) / Name(StripeIdempotencyError)] 
[info ] CompleteClass.scala:58 Completed implementations Vector(`type`, message, rawType, readonly, raw, requestId, headers, message, type_StripeInvalidRequestError) [id => stripe, phase => scala.js, this => Name(stripeLib) / Name(stripeMod) / Name(errorsNs) / Name(StripeInvalidRequestError)] 
[info ] CompleteClass.scala:58 Completed implementations Vector(`type`, message, rawType, readonly, raw, requestId, headers, message, type_StripePermissionError) [id => stripe, phase => scala.js, this => Name(stripeLib) / Name(stripeMod) / Name(errorsNs) / Name(StripePermissionError)] 
[info ] CompleteClass.scala:58 Completed implementations Vector(`type`, message, rawType, readonly, raw, requestId, headers, message, type_StripeRateLimitError) [id => stripe, phase => scala.js, this => Name(stripeLib) / Name(stripeMod) / Name(errorsNs) / Name(StripeRateLimitError)] 
[info ] CompleteClass.scala:58 Completed implementations Vector(`type`, message, rawType, readonly, raw, requestId, headers, message, type_StripeSignatureVerificationError) [id => stripe, phase => scala.js, this => Name(stripeLib) / Name(stripeMod) / Name(errorsNs) / Name(StripeSignatureVerificationError)] 
[info ] CompleteClass.scala:58 Completed implementations Vector(message) [id => stripe, phase => scala.js, this => Name(stripeLib) / Name(stripeMod) / Name(errorsNs) / Name(_Error)] 
[info ] CompleteClass.scala:58 Completed implementations Vector(create, update, list, del, retrieve) [id => stripe, phase => scala.js, this => Name(stripeLib) / Name(stripeMod) / Name(resourcesNs) / Name(RecipientCards)] 
[info ] CompleteClass.scala:58 Completed implementations Vector(create, update, list, del, retrieve) [id => stripe, phase => scala.js, this => Name(stripeLib) / Name(stripeMod) / Name(resourcesNs) / Name(Recipients)] 
[debug] PhaseRunner.scala:81 Success [id => stripe, phase => scala.js] 
[error] errorsNs.scala:27 message is already defined as value message,     override val message: js.UndefOr[java.lang.String] with java.lang.String = js.native [id => stripe, phase => build] 
[error] errorsNs.scala:27 message  is already defined as value message,     override val message: js.UndefOr[java.lang.String] with java.lang.String = js.native [id => stripe, phase => build] 
[error] errorsNs.scala:68 message is already defined as value message,     override val message: js.UndefOr[java.lang.String] with java.lang.String = js.native [id => stripe, phase => build] 
[error] errorsNs.scala:68 message  is already defined as value message,     override val message: js.UndefOr[java.lang.String] with java.lang.String = js.native [id => stripe, phase => build] 
[error] errorsNs.scala:109 message is already defined as value message,     override val message: js.UndefOr[java.lang.String] with java.lang.String = js.native [id => stripe, phase => build] 
[error] errorsNs.scala:109 message  is already defined as value message,     override val message: js.UndefOr[java.lang.String] with java.lang.String = js.native [id => stripe, phase => build] 
[error] errorsNs.scala:150 message is already defined as value message,     override val message: js.UndefOr[java.lang.String] with java.lang.String = js.native [id => stripe, phase => build] 
[error] errorsNs.scala:150 message  is already defined as value message,     override val message: js.UndefOr[java.lang.String] with java.lang.String = js.native [id => stripe, phase => build] 
[error] errorsNs.scala:191 message is already defined as value message,     override val message: java.lang.String = js.native [id => stripe, phase => build] 
[error] errorsNs.scala:191 message  is already defined as value message,     override val message: java.lang.String = js.native [id => stripe, phase => build] 
[error] errorsNs.scala:229 message is already defined as value message,     override val message: js.UndefOr[java.lang.String] with java.lang.String = js.native [id => stripe, phase => build] 
[error] errorsNs.scala:229 message  is already defined as value message,     override val message: js.UndefOr[java.lang.String] with java.lang.String = js.native [id => stripe, phase => build] 
[error] errorsNs.scala:270 message is already defined as value message,     override val message: js.UndefOr[java.lang.String] with java.lang.String = js.native [id => stripe, phase => build] 
[error] errorsNs.scala:270 message  is already defined as value message,     override val message: js.UndefOr[java.lang.String] with java.lang.String = js.native [id => stripe, phase => build] 
[error] errorsNs.scala:311 message is already defined as value message,     override val message: js.UndefOr[java.lang.String] with java.lang.String = js.native [id => stripe, phase => build] 
[error] errorsNs.scala:311 message  is already defined as value message,     override val message: js.UndefOr[java.lang.String] with java.lang.String = js.native [id => stripe, phase => build] 
[error] errorsNs.scala:352 message is already defined as value message,     override val message: js.UndefOr[java.lang.String] with java.lang.String = js.native [id => stripe, phase => build] 
[error] errorsNs.scala:352 message  is already defined as value message,     override val message: js.UndefOr[java.lang.String] with java.lang.String = js.native [id => stripe, phase => build] 
[error] errorsNs.scala:393 message is already defined as value message,     override val message: js.UndefOr[java.lang.String] with java.lang.String = js.native [id => stripe, phase => build] 
[error] errorsNs.scala:393 message  is already defined as value message,     override val message: js.UndefOr[java.lang.String] with java.lang.String = js.native [id => stripe, phase => build] 
[debug] PhaseRunner.scala:85 Failure, [stripe => Compilation failed] [id => stripe, phase => build] 
[debug] PhaseRunner.scala:85 Failure, [stripe => Compilation failed] [id => stripe, phase => publish] 
