[info ] InferredDependency.scala:20 Inferred dependencies Set(TsIdentLibrarySimple(react)) for TsIdentLibrarySimple(styled-react-modal) [id => styled-react-modal, phase => typescript, file => ../types/styled-react-modal/index.d.ts] 
[debug] PhaseRunner.scala:78 Success [id => styled-react-modal, phase => typescript] 
[info ] Phase1ReadTypescript.scala:152 Preprocessing TsHelperFile(InFile(/home/tso/tmp/tso-cache/DefinitelyTyped/types/styled-react-modal/index.d.ts),FromFolder(InFolder(/home/tso/tmp/tso-cache/DefinitelyTyped/types/styled-react-modal),TsIdentLibrarySimple(styled-react-modal)),TsIdentModule(None,List(styled-react-modal))) [id => styled-react-modal, phase => typescript] 
[info ] InferredDefaultModule.scala:39 Inferred module TsIdentModule(None,List(styled-react-modal)) [id => styled-react-modal, phase => typescript] 
[warn ] Phase1ReadTypescript.scala:190 Processing TsIdentLibrarySimple(styled-react-modal) [id => styled-react-modal, phase => typescript] 
[info ] PreferTypeAlias.scala:112 Simplified to type alias [id => styled-react-modal, phase => typescript, scope => TreeScope(TsParsedFile() / TsDeclModule(styled-react-modal) / TsDeclInterface(Modal))] 
[debug] DefaultedTParams.scala:29 Defaulting type parameter TsIdentSimple(S) at TreeScope(TsParsedFile() / TsDeclModule(styled-react-modal) / TsDeclClass(default) / TsMemberFunction(styled) / TsFunSig() / TsTypeRef() / TsTypeRef()) [id => styled-react-modal, phase => typescript, scope => TreeScope(TsParsedFile() / TsDeclModule(styled-react-modal) / TsDeclClass(default) / TsMemberFunction(styled) / TsFunSig() / TsTypeRef() / TsTypeRef())] 
[debug] DefaultedTParams.scala:29 Defaulting type parameter TsIdentSimple(O) at TreeScope(TsParsedFile() / TsDeclModule(styled-react-modal) / TsDeclClass(default) / TsMemberFunction(styled) / TsFunSig() / TsTypeRef()) [id => styled-react-modal, phase => typescript, scope => TreeScope(TsParsedFile() / TsDeclModule(styled-react-modal) / TsDeclClass(default) / TsMemberFunction(styled) / TsFunSig() / TsTypeRef())] 
[debug] DefaultedTParams.scala:29 Defaulting type parameter TsIdentSimple(A) at TreeScope(TsParsedFile() / TsDeclModule(styled-react-modal) / TsDeclClass(default) / TsMemberFunction(styled) / TsFunSig() / TsTypeRef()) [id => styled-react-modal, phase => typescript, scope => TreeScope(TsParsedFile() / TsDeclModule(styled-react-modal) / TsDeclClass(default) / TsMemberFunction(styled) / TsFunSig() / TsTypeRef())] 
[debug] DefaultedTParams.scala:29 Defaulting type parameter TsIdentSimple(S) at TreeScope(TsParsedFile() / TsDeclModule(styled-react-modal) / TsDeclClass(default) / TsMemberFunction(styled) / TsFunSig() / TsTypeRef() / TsTypeRef()) [id => styled-react-modal, phase => typescript, scope => TreeScope(TsParsedFile() / TsDeclModule(styled-react-modal) / TsDeclClass(default) / TsMemberFunction(styled) / TsFunSig() / TsTypeRef() / TsTypeRef())] 
[debug] DefaultedTParams.scala:29 Defaulting type parameter TsIdentSimple(O) at TreeScope(TsParsedFile() / TsDeclModule(styled-react-modal) / TsDeclClass(default) / TsMemberFunction(styled) / TsFunSig() / TsTypeRef()) [id => styled-react-modal, phase => typescript, scope => TreeScope(TsParsedFile() / TsDeclModule(styled-react-modal) / TsDeclClass(default) / TsMemberFunction(styled) / TsFunSig() / TsTypeRef())] 
[debug] DefaultedTParams.scala:29 Defaulting type parameter TsIdentSimple(A) at TreeScope(TsParsedFile() / TsDeclModule(styled-react-modal) / TsDeclClass(default) / TsMemberFunction(styled) / TsFunSig() / TsTypeRef()) [id => styled-react-modal, phase => typescript, scope => TreeScope(TsParsedFile() / TsDeclModule(styled-react-modal) / TsDeclClass(default) / TsMemberFunction(styled) / TsFunSig() / TsTypeRef())] 
[debug] DefaultedTParams.scala:29 Defaulting type parameter TsIdentSimple(O) at TreeScope(TsParsedFile() / TsDeclModule(styled-react-modal) / TsDeclVar(BaseModalBackground) / TsTypeRef()) [id => styled-react-modal, phase => typescript, scope => TreeScope(TsParsedFile() / TsDeclModule(styled-react-modal) / TsDeclVar(BaseModalBackground) / TsTypeRef())] 
[debug] DefaultedTParams.scala:29 Defaulting type parameter TsIdentSimple(A) at TreeScope(TsParsedFile() / TsDeclModule(styled-react-modal) / TsDeclVar(BaseModalBackground) / TsTypeRef()) [id => styled-react-modal, phase => typescript, scope => TreeScope(TsParsedFile() / TsDeclModule(styled-react-modal) / TsDeclVar(BaseModalBackground) / TsTypeRef())] 
[debug] DefaultedTParams.scala:29 Defaulting type parameter TsIdentSimple(S) at TreeScope(TsParsedFile() / TsDeclModule(styled-react-modal) / TsDeclClass(ModalProvider) / TsTypeRef()) [id => styled-react-modal, phase => typescript, scope => TreeScope(TsParsedFile() / TsDeclModule(styled-react-modal) / TsDeclClass(ModalProvider) / TsTypeRef())] 
[debug] DefaultedTParams.scala:29 Defaulting type parameter TsIdentSimple(SS) at TreeScope(TsParsedFile() / TsDeclModule(styled-react-modal) / TsDeclClass(ModalProvider) / TsTypeRef()) [id => styled-react-modal, phase => typescript, scope => TreeScope(TsParsedFile() / TsDeclModule(styled-react-modal) / TsDeclClass(ModalProvider) / TsTypeRef())] 
[debug] DefaultedTParams.scala:29 Defaulting type parameter TsIdentSimple(S) at TreeScope(TsParsedFile() / TsDeclModule(styled-react-modal) / TsDeclClass(ModalProvider) / TsTypeRef()) [id => styled-react-modal, phase => typescript, scope => TreeScope(TsParsedFile() / TsDeclModule(styled-react-modal) / TsDeclClass(ModalProvider) / TsTypeRef())] 
[debug] DefaultedTParams.scala:29 Defaulting type parameter TsIdentSimple(SS) at TreeScope(TsParsedFile() / TsDeclModule(styled-react-modal) / TsDeclClass(ModalProvider) / TsTypeRef()) [id => styled-react-modal, phase => typescript, scope => TreeScope(TsParsedFile() / TsDeclModule(styled-react-modal) / TsDeclClass(ModalProvider) / TsTypeRef())] 
[debug] DefaultedTParams.scala:29 Defaulting type parameter TsIdentSimple(S) at TreeScope(TsParsedFile() / TsDeclModule(styled-react-modal) / TsDeclTypeAlias(Modal) / TsTypeRef()) [id => styled-react-modal, phase => typescript, scope => TreeScope(TsParsedFile() / TsDeclModule(styled-react-modal) / TsDeclTypeAlias(Modal) / TsTypeRef())] 
[debug] DefaultedTParams.scala:29 Defaulting type parameter TsIdentSimple(SS) at TreeScope(TsParsedFile() / TsDeclModule(styled-react-modal) / TsDeclTypeAlias(Modal) / TsTypeRef()) [id => styled-react-modal, phase => typescript, scope => TreeScope(TsParsedFile() / TsDeclModule(styled-react-modal) / TsDeclTypeAlias(Modal) / TsTypeRef())] 
[debug] PhaseRunner.scala:78 Success [id => styled-react-modal, phase => typescript] 
[warn ] Phase2ToScalaJs.scala:34 Processing TsIdentLibrarySimple(styled-react-modal) [id => styled-react-modal, phase => scala.js] 
[debug] PhaseRunner.scala:78 Success [id => styled-react-modal, phase => scala.js] 
[warn ] PhaseRunner.scala:64 Failed because of, [styled-components => Compilation failed] [id => styled-react-modal, phase => build] 
[debug] PhaseRunner.scala:82 Failure, [styled-components => Compilation failed] [id => styled-react-modal, phase => build] 
