[debug] PhaseRunner.scala:78 Success [id => tabris, phase => typescript] 
[debug] PhaseRunner.scala:78 Success [id => tabris, phase => typescript] 
[debug] PhaseRunner.scala:78 Success [id => tabris, phase => typescript] 
[info ] Phase1ReadTypescript.scala:152 Preprocessing TsHelperFile(InFile(/home/tso/tmp/tso-cache/npm/node_modules/tabris/tabris.d.ts),FromFolder(InFolder(/home/tso/tmp/tso-cache/npm/node_modules/tabris),TsIdentLibrarySimple(tabris)),TsIdentModule(None,List(tabris))) [id => tabris, phase => typescript] 
[info ] InferredDefaultModule.scala:39 Inferred module TsIdentModule(None,List(tabris)) [id => tabris, phase => typescript] 
[warn ] Phase1ReadTypescript.scala:190 Processing TsIdentLibrarySimple(tabris) [id => tabris, phase => typescript] 
[warn ] QualifyReferences.scala:46 Couldn't qualify TsTypeRef(TsQIdent(List(TsIdentSimple(NativeObject))),Vector()), defaulting to any [id => tabris, phase => typescript, scope => TreeScope(TsParsedFile() / TsDeclTypeAlias(Properties) / TsTypeParam() / TsTypeRef())] 
[warn ] QualifyReferences.scala:46 Couldn't qualify TsTypeRef(TsQIdent(List(TsIdentSimple(Widget))),Vector()), defaulting to any [id => tabris, phase => typescript, scope => TreeScope(TsParsedFile() / TsDeclTypeAlias(SelectorFunction) / TsTypeFunction() / TsFunSig() / TsFunParam() / TsTypeRef())] 
[warn ] QualifyReferences.scala:46 Couldn't qualify TsTypeRef(TsQIdent(List(TsIdentSimple(_ActionSheetProperties))),Vector()), defaulting to any [id => tabris, phase => typescript, scope => TreeScope(TsParsedFile() / TsDeclTypeAlias(ActionSheetProperties) / TsTypeRef() / TsTypeRef())] 
[warn ] QualifyReferences.scala:46 Couldn't qualify TsTypeRef(TsQIdent(List(TsIdentSimple(_AlertDialogProperties))),Vector()), defaulting to any [id => tabris, phase => typescript, scope => TreeScope(TsParsedFile() / TsDeclTypeAlias(AlertDialogProperties) / TsTypeRef() / TsTypeRef())] 
[warn ] QualifyReferences.scala:46 Couldn't qualify TsTypeRef(TsQIdent(List(TsIdentSimple(_AppProperties))),Vector()), defaulting to any [id => tabris, phase => typescript, scope => TreeScope(TsParsedFile() / TsDeclTypeAlias(AppProperties) / TsTypeRef() / TsTypeRef())] 
[warn ] QualifyReferences.scala:46 Couldn't qualify TsTypeRef(TsQIdent(List(TsIdentSimple(_DateDialogProperties))),Vector()), defaulting to any [id => tabris, phase => typescript, scope => TreeScope(TsParsedFile() / TsDeclTypeAlias(DateDialogProperties) / TsTypeRef() / TsTypeRef())] 
[warn ] QualifyReferences.scala:46 Couldn't qualify TsTypeRef(TsQIdent(List(TsIdentSimple(_DeviceProperties))),Vector()), defaulting to any [id => tabris, phase => typescript, scope => TreeScope(TsParsedFile() / TsDeclTypeAlias(DeviceProperties) / TsTypeRef() / TsTypeRef())] 
[warn ] QualifyReferences.scala:46 Couldn't qualify TsTypeRef(TsQIdent(List(TsIdentSimple(_FileSystemProperties))),Vector()), defaulting to any [id => tabris, phase => typescript, scope => TreeScope(TsParsedFile() / TsDeclTypeAlias(FileSystemProperties) / TsTypeRef() / TsTypeRef())] 
[warn ] QualifyReferences.scala:46 Couldn't qualify TsTypeRef(TsQIdent(List(TsIdentSimple(_InactivityTimerProperties))),Vector()), defaulting to any [id => tabris, phase => typescript, scope => TreeScope(TsParsedFile() / TsDeclTypeAlias(InactivityTimerProperties) / TsTypeRef() / TsTypeRef())] 
[warn ] QualifyReferences.scala:46 Couldn't qualify TsTypeRef(TsQIdent(List(TsIdentSimple(_NativeObjectProperties))),Vector()), defaulting to any [id => tabris, phase => typescript, scope => TreeScope(TsParsedFile() / TsDeclTypeAlias(NativeObjectProperties) / TsTypeRef() / TsTypeRef())] 
[warn ] QualifyReferences.scala:46 Couldn't qualify TsTypeRef(TsQIdent(List(TsIdentSimple(_PopoverProperties))),Vector()), defaulting to any [id => tabris, phase => typescript, scope => TreeScope(TsParsedFile() / TsDeclTypeAlias(PopoverProperties) / TsTypeRef() / TsTypeRef())] 
[warn ] QualifyReferences.scala:46 Couldn't qualify TsTypeRef(TsQIdent(List(TsIdentSimple(_PopupProperties))),Vector()), defaulting to any [id => tabris, phase => typescript, scope => TreeScope(TsParsedFile() / TsDeclTypeAlias(PopupProperties) / TsTypeRef() / TsTypeRef())] 
[warn ] QualifyReferences.scala:46 Couldn't qualify TsTypeRef(TsQIdent(List(TsIdentSimple(_PrinterProperties))),Vector()), defaulting to any [id => tabris, phase => typescript, scope => TreeScope(TsParsedFile() / TsDeclTypeAlias(PrinterProperties) / TsTypeRef() / TsTypeRef())] 
[warn ] QualifyReferences.scala:46 Couldn't qualify TsTypeRef(TsQIdent(List(TsIdentSimple(_TimeDialogProperties))),Vector()), defaulting to any [id => tabris, phase => typescript, scope => TreeScope(TsParsedFile() / TsDeclTypeAlias(TimeDialogProperties) / TsTypeRef() / TsTypeRef())] 
[warn ] QualifyReferences.scala:46 Couldn't qualify TsTypeRef(TsQIdent(List(TsIdentSimple(_UIProperties))),Vector()), defaulting to any [id => tabris, phase => typescript, scope => TreeScope(TsParsedFile() / TsDeclTypeAlias(UIProperties) / TsTypeRef() / TsTypeRef())] 
[warn ] QualifyReferences.scala:46 Couldn't qualify TsTypeRef(TsQIdent(List(TsIdentSimple(_ActionProperties))),Vector()), defaulting to any [id => tabris, phase => typescript, scope => TreeScope(TsParsedFile() / TsDeclTypeAlias(ActionProperties) / TsTypeRef() / TsTypeRef())] 
[warn ] QualifyReferences.scala:46 Couldn't qualify TsTypeRef(TsQIdent(List(TsIdentSimple(_ActivityIndicatorProperties))),Vector()), defaulting to any [id => tabris, phase => typescript, scope => TreeScope(TsParsedFile() / TsDeclTypeAlias(ActivityIndicatorProperties) / TsTypeRef() / TsTypeRef())] 
[warn ] QualifyReferences.scala:46 Couldn't qualify TsTypeRef(TsQIdent(List(TsIdentSimple(_ButtonProperties))),Vector()), defaulting to any [id => tabris, phase => typescript, scope => TreeScope(TsParsedFile() / TsDeclTypeAlias(ButtonProperties) / TsTypeRef() / TsTypeRef())] 
[warn ] QualifyReferences.scala:46 Couldn't qualify TsTypeRef(TsQIdent(List(TsIdentSimple(_CanvasProperties))),Vector()), defaulting to any [id => tabris, phase => typescript, scope => TreeScope(TsParsedFile() / TsDeclTypeAlias(CanvasProperties) / TsTypeRef() / TsTypeRef())] 
[warn ] QualifyReferences.scala:46 Couldn't qualify TsTypeRef(TsQIdent(List(TsIdentSimple(_CheckBoxProperties))),Vector()), defaulting to any [id => tabris, phase => typescript, scope => TreeScope(TsParsedFile() / TsDeclTypeAlias(CheckBoxProperties) / TsTypeRef() / TsTypeRef())] 
[warn ] QualifyReferences.scala:46 Couldn't qualify TsTypeRef(TsQIdent(List(TsIdentSimple(_CollectionViewProperties))),Vector()), defaulting to any [id => tabris, phase => typescript, scope => TreeScope(TsParsedFile() / TsDeclTypeAlias(CollectionViewProperties) / TsTypeRef() / TsTypeRef())] 
[warn ] QualifyReferences.scala:46 Couldn't qualify TsTypeRef(TsQIdent(List(TsIdentSimple(_CompositeProperties))),Vector()), defaulting to any [id => tabris, phase => typescript, scope => TreeScope(TsParsedFile() / TsDeclTypeAlias(CompositeProperties) / TsTypeRef() / TsTypeRef())] 
[warn ] QualifyReferences.scala:46 Couldn't qualify TsTypeRef(TsQIdent(List(TsIdentSimple(_DrawerProperties))),Vector()), defaulting to any [id => tabris, phase => typescript, scope => TreeScope(TsParsedFile() / TsDeclTypeAlias(DrawerProperties) / TsTypeRef() / TsTypeRef())] 
[warn ] QualifyReferences.scala:46 Couldn't qualify TsTypeRef(TsQIdent(List(TsIdentSimple(_ImageViewProperties))),Vector()), defaulting to any [id => tabris, phase => typescript, scope => TreeScope(TsParsedFile() / TsDeclTypeAlias(ImageViewProperties) / TsTypeRef() / TsTypeRef())] 
[warn ] QualifyReferences.scala:46 Couldn't qualify TsTypeRef(TsQIdent(List(TsIdentSimple(_NavigationBarProperties))),Vector()), defaulting to any [id => tabris, phase => typescript, scope => TreeScope(TsParsedFile() / TsDeclTypeAlias(NavigationBarProperties) / TsTypeRef() / TsTypeRef())] 
[warn ] QualifyReferences.scala:46 Couldn't qualify TsTypeRef(TsQIdent(List(TsIdentSimple(_NavigationViewProperties))),Vector()), defaulting to any [id => tabris, phase => typescript, scope => TreeScope(TsParsedFile() / TsDeclTypeAlias(NavigationViewProperties) / TsTypeRef() / TsTypeRef())] 
[warn ] QualifyReferences.scala:46 Couldn't qualify TsTypeRef(TsQIdent(List(TsIdentSimple(_PageProperties))),Vector()), defaulting to any [id => tabris, phase => typescript, scope => TreeScope(TsParsedFile() / TsDeclTypeAlias(PageProperties) / TsTypeRef() / TsTypeRef())] 
[warn ] QualifyReferences.scala:46 Couldn't qualify TsTypeRef(TsQIdent(List(TsIdentSimple(_PickerProperties))),Vector()), defaulting to any [id => tabris, phase => typescript, scope => TreeScope(TsParsedFile() / TsDeclTypeAlias(PickerProperties) / TsTypeRef() / TsTypeRef())] 
[warn ] QualifyReferences.scala:46 Couldn't qualify TsTypeRef(TsQIdent(List(TsIdentSimple(_ProgressBarProperties))),Vector()), defaulting to any [id => tabris, phase => typescript, scope => TreeScope(TsParsedFile() / TsDeclTypeAlias(ProgressBarProperties) / TsTypeRef() / TsTypeRef())] 
[warn ] QualifyReferences.scala:46 Couldn't qualify TsTypeRef(TsQIdent(List(TsIdentSimple(_RadioButtonProperties))),Vector()), defaulting to any [id => tabris, phase => typescript, scope => TreeScope(TsParsedFile() / TsDeclTypeAlias(RadioButtonProperties) / TsTypeRef() / TsTypeRef())] 
[warn ] QualifyReferences.scala:46 Couldn't qualify TsTypeRef(TsQIdent(List(TsIdentSimple(_RefreshCompositeProperties))),Vector()), defaulting to any [id => tabris, phase => typescript, scope => TreeScope(TsParsedFile() / TsDeclTypeAlias(RefreshCompositeProperties) / TsTypeRef() / TsTypeRef())] 
[warn ] QualifyReferences.scala:46 Couldn't qualify TsTypeRef(TsQIdent(List(TsIdentSimple(_ScrollViewProperties))),Vector()), defaulting to any [id => tabris, phase => typescript, scope => TreeScope(TsParsedFile() / TsDeclTypeAlias(ScrollViewProperties) / TsTypeRef() / TsTypeRef())] 
[warn ] QualifyReferences.scala:46 Couldn't qualify TsTypeRef(TsQIdent(List(TsIdentSimple(_SearchActionProperties))),Vector()), defaulting to any [id => tabris, phase => typescript, scope => TreeScope(TsParsedFile() / TsDeclTypeAlias(SearchActionProperties) / TsTypeRef() / TsTypeRef())] 
[warn ] QualifyReferences.scala:46 Couldn't qualify TsTypeRef(TsQIdent(List(TsIdentSimple(_SliderProperties))),Vector()), defaulting to any [id => tabris, phase => typescript, scope => TreeScope(TsParsedFile() / TsDeclTypeAlias(SliderProperties) / TsTypeRef() / TsTypeRef())] 
[warn ] QualifyReferences.scala:46 Couldn't qualify TsTypeRef(TsQIdent(List(TsIdentSimple(_StatusBarProperties))),Vector()), defaulting to any [id => tabris, phase => typescript, scope => TreeScope(TsParsedFile() / TsDeclTypeAlias(StatusBarProperties) / TsTypeRef() / TsTypeRef())] 
[warn ] QualifyReferences.scala:46 Couldn't qualify TsTypeRef(TsQIdent(List(TsIdentSimple(_SwitchProperties))),Vector()), defaulting to any [id => tabris, phase => typescript, scope => TreeScope(TsParsedFile() / TsDeclTypeAlias(SwitchProperties) / TsTypeRef() / TsTypeRef())] 
[warn ] QualifyReferences.scala:46 Couldn't qualify TsTypeRef(TsQIdent(List(TsIdentSimple(_TabProperties))),Vector()), defaulting to any [id => tabris, phase => typescript, scope => TreeScope(TsParsedFile() / TsDeclTypeAlias(TabProperties) / TsTypeRef() / TsTypeRef())] 
[warn ] QualifyReferences.scala:46 Couldn't qualify TsTypeRef(TsQIdent(List(TsIdentSimple(_TabFolderProperties))),Vector()), defaulting to any [id => tabris, phase => typescript, scope => TreeScope(TsParsedFile() / TsDeclTypeAlias(TabFolderProperties) / TsTypeRef() / TsTypeRef())] 
[warn ] QualifyReferences.scala:46 Couldn't qualify TsTypeRef(TsQIdent(List(TsIdentSimple(_TextInputProperties))),Vector()), defaulting to any [id => tabris, phase => typescript, scope => TreeScope(TsParsedFile() / TsDeclTypeAlias(TextInputProperties) / TsTypeRef() / TsTypeRef())] 
[warn ] QualifyReferences.scala:46 Couldn't qualify TsTypeRef(TsQIdent(List(TsIdentSimple(_TextViewProperties))),Vector()), defaulting to any [id => tabris, phase => typescript, scope => TreeScope(TsParsedFile() / TsDeclTypeAlias(TextViewProperties) / TsTypeRef() / TsTypeRef())] 
[warn ] QualifyReferences.scala:46 Couldn't qualify TsTypeRef(TsQIdent(List(TsIdentSimple(_ToggleButtonProperties))),Vector()), defaulting to any [id => tabris, phase => typescript, scope => TreeScope(TsParsedFile() / TsDeclTypeAlias(ToggleButtonProperties) / TsTypeRef() / TsTypeRef())] 
[warn ] QualifyReferences.scala:46 Couldn't qualify TsTypeRef(TsQIdent(List(TsIdentSimple(_VideoProperties))),Vector()), defaulting to any [id => tabris, phase => typescript, scope => TreeScope(TsParsedFile() / TsDeclTypeAlias(VideoProperties) / TsTypeRef() / TsTypeRef())] 
[warn ] QualifyReferences.scala:46 Couldn't qualify TsTypeRef(TsQIdent(List(TsIdentSimple(_WebViewProperties))),Vector()), defaulting to any [id => tabris, phase => typescript, scope => TreeScope(TsParsedFile() / TsDeclTypeAlias(WebViewProperties) / TsTypeRef() / TsTypeRef())] 
[warn ] QualifyReferences.scala:46 Couldn't qualify TsTypeRef(TsQIdent(List(TsIdentSimple(_WidgetProperties))),Vector()), defaulting to any [id => tabris, phase => typescript, scope => TreeScope(TsParsedFile() / TsDeclTypeAlias(WidgetProperties) / TsTypeRef() / TsTypeRef())] 
[info ] SimplifyRecursiveTypeAlias.scala:13 Simplified recursive type alias [id => tabris, phase => typescript, scope => TreeScope(TsParsedFile() / TsDeclTypeAlias(Image) / TsTypeIntersect() / TsTypeRef())] 
[info ] SimplifyRecursiveTypeAlias.scala:13 Simplified recursive type alias [id => tabris, phase => typescript, scope => TreeScope(TsParsedFile() / TsDeclTypeAlias(Selector) / TsTypeIntersect() / TsTypeRef())] 
[info ] PreferTypeAlias.scala:112 Simplified to type alias [id => tabris, phase => typescript, scope => TreeScope(TsParsedFile() / TsDeclModule(tabris) / TsDeclInterface(_FileSystemProperties))] 
[info ] PreferTypeAlias.scala:112 Simplified to type alias [id => tabris, phase => typescript, scope => TreeScope(TsParsedFile() / TsDeclModule(tabris) / TsDeclInterface(FileSystemEvents))] 
[info ] PreferTypeAlias.scala:112 Simplified to type alias [id => tabris, phase => typescript, scope => TreeScope(TsParsedFile() / TsDeclModule(tabris) / TsDeclInterface(_PopupProperties))] 
[info ] PreferTypeAlias.scala:112 Simplified to type alias [id => tabris, phase => typescript, scope => TreeScope(TsParsedFile() / TsDeclModule(tabris) / TsDeclInterface(PopupEvents))] 
[info ] PreferTypeAlias.scala:112 Simplified to type alias [id => tabris, phase => typescript, scope => TreeScope(TsParsedFile() / TsDeclModule(tabris) / TsDeclInterface(_PrinterProperties))] 
[info ] PreferTypeAlias.scala:112 Simplified to type alias [id => tabris, phase => typescript, scope => TreeScope(TsParsedFile() / TsDeclModule(tabris) / TsDeclInterface(PrinterEvents))] 
[info ] PreferTypeAlias.scala:112 Simplified to type alias [id => tabris, phase => typescript, scope => TreeScope(TsParsedFile() / TsDeclModule(tabris) / TsDeclInterface(UIEvents))] 
[info ] PreferTypeAlias.scala:112 Simplified to type alias [id => tabris, phase => typescript, scope => TreeScope(TsParsedFile() / TsDeclModule(tabris) / TsDeclInterface(_CanvasProperties))] 
[info ] PreferTypeAlias.scala:112 Simplified to type alias [id => tabris, phase => typescript, scope => TreeScope(TsParsedFile() / TsDeclModule(tabris) / TsDeclInterface(CanvasEvents))] 
[error] PhaseRes.scala:78 StackOverflowError [id => tabris, phase => typescript] java.lang.StackOverflowError
	at scala.collection.TraversableOnce.addString(TraversableOnce.scala:360)
	at scala.collection.TraversableOnce.addString$(TraversableOnce.scala:356)
	at scala.collection.AbstractTraversable.addString(Traversable.scala:108)
	at scala.collection.TraversableOnce.mkString(TraversableOnce.scala:326)
	at scala.collection.TraversableOnce.mkString$(TraversableOnce.scala:325)
	at scala.collection.AbstractTraversable.mkString(Traversable.scala:108)
	at scala.collection.TraversableOnce.mkString(TraversableOnce.scala:328)
	at scala.collection.TraversableOnce.mkString$(TraversableOnce.scala:328)
	at scala.collection.AbstractTraversable.mkString(Traversable.scala:108)
	at com.olvind.tso.ts.TsTreeScope.toString(TsTreeScope.scala:99)
	at com.olvind.tso.ts.TsTreeScope.toString$(TsTreeScope.scala:98)
	at com.olvind.tso.ts.TsTreeScope$Scoped.toString$lzycompute(TsTreeScope.scala:198)
	at com.olvind.tso.ts.TsTreeScope$Scoped.toString(TsTreeScope.scala:198)
	at com.olvind.tso.ts.TsTreeScope$LoopDetector.including(TsTreeScope.scala:131)
	at com.olvind.tso.ts.TsTreeScope.lookupInternal(TsTreeScope.scala:84)
	at com.olvind.tso.ts.TsTreeScope.lookupInternal$(TsTreeScope.scala:81)
	at com.olvind.tso.ts.TsTreeScope$Scoped.lookupInternal(TsTreeScope.scala:198)
	at com.olvind.tso.ts.TsTreeScope.lookupBase(TsTreeScope.scala:71)
	at com.olvind.tso.ts.TsTreeScope.lookupBase$(TsTreeScope.scala:63)
	at com.olvind.tso.ts.TsTreeScope$Scoped.lookupBase(TsTreeScope.scala:198)
	at com.olvind.tso.ts.TsTreeScope.lookupTypeIncludeScope(TsTreeScope.scala:61)
	at com.olvind.tso.ts.TsTreeScope.lookupTypeIncludeScope$(TsTreeScope.scala:60)
	at com.olvind.tso.ts.TsTreeScope$Scoped.lookupTypeIncludeScope(TsTreeScope.scala:198)
	at com.olvind.tso.ts.transforms.ExpandCallables$.callableTypes(ExpandCallables.scala:89)
	at com.olvind.tso.ts.transforms.ExpandCallables$.$anonfun$callableTypes$1(ExpandCallables.scala:82)
	at scala.collection.TraversableLike.$anonfun$map$1(TraversableLike.scala:237)
	at scala.collection.immutable.List.foreach(List.scala:392)
	at scala.collection.TraversableLike.map(TraversableLike.scala:237)
	at scala.collection.TraversableLike.map$(TraversableLike.scala:230)
	at scala.collection.immutable.List.map(List.scala:298)
	at com.olvind.tso.ts.transforms.ExpandCallables$.callableTypes(ExpandCallables.scala:82)
	at com.olvind.tso.ts.transforms.ExpandCallables$$anonfun$callableTypes$2.applyOrElse(ExpandCallables.scala:100)
	at com.olvind.tso.ts.transforms.ExpandCallables$$anonfun$callableTypes$2.applyOrElse(ExpandCallables.scala:91)
	at scala.collection.TraversableOnce.collectFirst(TraversableOnce.scala:148)
	at scala.collection.TraversableOnce.collectFirst$(TraversableOnce.scala:135)
	at scala.collection.AbstractTraversable.collectFirst(Traversable.scala:108)
	at com.olvind.tso.ts.transforms.ExpandCallables$.callableTypes(ExpandCallables.scala:91)
	at com.olvind.tso.ts.transforms.ExpandCallables$.$anonfun$callableTypes$1(ExpandCallables.scala:82)
	at scala.collection.TraversableLike.$anonfun$map$1(TraversableLike.scala:237)
	at scala.collection.immutable.List.foreach(List.scala:392)
	at scala.collection.TraversableLike.map(TraversableLike.scala:237)
	at scala.collection.TraversableLike.map$(TraversableLike.scala:230)
	at scala.collection.immutable.List.map(List.scala:298)
	at com.olvind.tso.ts.transforms.ExpandCallables$.callableTypes(ExpandCallables.scala:82)
	at com.olvind.tso.ts.transforms.ExpandCallables$$anonfun$callableTypes$2.applyOrElse(ExpandCallables.scala:100)
	at com.olvind.tso.ts.transforms.ExpandCallables$$anonfun$callableTypes$2.applyOrElse(ExpandCallables.scala:91)
	at scala.collection.TraversableOnce.collectFirst(TraversableOnce.scala:148)
	at scala.collection.TraversableOnce.collectFirst$(TraversableOnce.scala:135)
	at scala.collection.AbstractTraversable.collectFirst(Traversable.scala:108)
	at com.olvind.tso.ts.transforms.ExpandCallables$.callableTypes(ExpandCallables.scala:91)
	at com.olvind.tso.ts.transforms.ExpandCallables$.$anonfun$callableTypes$1(ExpandCallables.scala:82)
	at scala.collection.TraversableLike.$anonfun$map$1(TraversableLike.scala:237)
	at scala.collection.immutable.List.foreach(List.scala:392)
	at scala.collection.TraversableLike.map(TraversableLike.scala:237)
	at scala.collection.TraversableLike.map$(TraversableLike.scala:230)
	at scala.collection.immutable.List.map(List.scala:298)
	at com.olvind.tso.ts.transforms.ExpandCallables$.callableTypes(ExpandCallables.scala:82)
	at com.olvind.tso.ts.transforms.ExpandCallables$$anonfun$callableTypes$2.applyOrElse(ExpandCallables.scala:100)
	at com.olvind.tso.ts.transforms.ExpandCallables$$anonfun$callableTypes$2.applyOrElse(ExpandCallables.scala:91)
	at scala.collection.TraversableOnce.collectFirst(TraversableOnce.scala:148)
	at scala.collection.TraversableOnce.collectFirst$(TraversableOnce.scala:135)
	at scala.collection.AbstractTraversable.collectFirst(Traversable.scala:108)
	at com.olvind.tso.ts.transforms.ExpandCallables$.callableTypes(ExpandCallables.scala:91)
	at com.olvind.tso.ts.transforms.ExpandCallables$.$anonfun$callableTypes$1(ExpandCallables.scala:82)
	at scala.collection.TraversableLike.$anonfun$map$1(TraversableLike.scala:237)
	at scala.collection.immutable.List.foreach(List.scala:392)
	at scala.collection.TraversableLike.map(TraversableLike.scala:237)
	at scala.collection.TraversableLike.map$(TraversableLike.scala:230)
	at scala.collection.immutable.List.map(List.scala:298)
	at com.olvind.tso.ts.transforms.ExpandCallables$.callableTypes(ExpandCallables.scala:82)
	at com.olvind.tso.ts.transforms.ExpandCallables$$anonfun$callableTypes$2.applyOrElse(ExpandCallables.scala:100)
	at com.olvind.tso.ts.transforms.ExpandCallables$$anonfun$callableTypes$2.applyOrElse(ExpandCallables.scala:91)
	at scala.collection.TraversableOnce.collectFirst(TraversableOnce.scala:148)
	at scala.collection.TraversableOnce.collectFirst$(TraversableOnce.scala:135)
	at scala.collection.AbstractTraversable.collectFirst(Traversable.scala:108)
	at com.olvind.tso.ts.transforms.ExpandCallables$.callableTypes(ExpandCallables.scala:91)
	at com.olvind.tso.ts.transforms.ExpandCallables$.$anonfun$callableTypes$1(ExpandCallables.scala:82)
	at scala.collection.TraversableLike.$anonfun$map$1(TraversableLike.scala:237)
	at scala.collection.immutable.List.foreach(List.scala:392)
	at scala.collection.TraversableLike.map(TraversableLike.scala:237)
	at scala.collection.TraversableLike.map$(TraversableLike.scala:230)
	at scala.collection.immutable.List.map(List.scala:298)
	at com.olvind.tso.ts.transforms.ExpandCallables$.callableTypes(ExpandCallables.scala:82)
	at com.olvind.tso.ts.transforms.ExpandCallables$$anonfun$callableTypes$2.applyOrElse(ExpandCallables.scala:100)
	at com.olvind.tso.ts.transforms.ExpandCallables$$anonfun$callableTypes$2.applyOrElse(ExpandCallables.scala:91)
	at scala.collection.TraversableOnce.collectFirst(TraversableOnce.scala:148)
	at scala.collection.TraversableOnce.collectFirst$(TraversableOnce.scala:135)
	at scala.collection.AbstractTraversable.collectFirst(Traversable.scala:108)
	at com.olvind.tso.ts.transforms.ExpandCallables$.callableTypes(ExpandCallables.scala:91)
	at com.olvind.tso.ts.transforms.ExpandCallables$.$anonfun$callableTypes$1(ExpandCallables.scala:82)
	at scala.collection.TraversableLike.$anonfun$map$1(TraversableLike.scala:237)
	at scala.collection.immutable.List.foreach(List.scala:392)
	at scala.collection.TraversableLike.map(TraversableLike.scala:237)
	at scala.collection.TraversableLike.map$(TraversableLike.scala:230)
	at scala.collection.immutable.List.map(List.scala:298)
	at com.olvind.tso.ts.transforms.ExpandCallables$.callableTypes(ExpandCallables.scala:82)
	at com.olvind.tso.ts.transforms.ExpandCallables$$anonfun$callableTypes$2.applyOrElse(ExpandCallables.scala:100)
	at com.olvind.tso.ts.transforms.ExpandCallables$$anonfun$callableTypes$2.applyOrElse(ExpandCallables.scala:91)
	at scala.collection.TraversableOnce.collectFirst(TraversableOnce.scala:148)
	at scala.collection.TraversableOnce.collectFirst$(TraversableOnce.scala:135)
	at scala.collection.AbstractTraversable.collectFirst(Traversable.scala:108)
	at com.olvind.tso.ts.transforms.ExpandCallables$.callableTypes(ExpandCallables.scala:91)
	at com.olvind.tso.ts.transforms.ExpandCallables$.$anonfun$callableTypes$1(ExpandCallables.scala:82)
	at scala.collection.TraversableLike.$anonfun$map$1(TraversableLike.scala:237)
	at scala.collection.immutable.List.foreach(List.scala:392)
	at scala.collection.TraversableLike.map(TraversableLike.scala:237)
	at scala.collection.TraversableLike.map$(TraversableLike.scala:230)
	at scala.collection.immutable.List.map(List.scala:298)
	at com.olvind.tso.ts.transforms.ExpandCallables$.callableTypes(ExpandCallables.scala:82)
	at com.olvind.tso.ts.transforms.ExpandCallables$$anonfun$callableTypes$2.applyOrElse(ExpandCallables.scala:100)
	at com.olvind.tso.ts.transforms.ExpandCallables$$anonfun$callableTypes$2.applyOrElse(ExpandCallables.scala:91)
	at scala.collection.TraversableOnce.collectFirst(TraversableOnce.scala:148)
	at scala.collection.TraversableOnce.collectFirst$(TraversableOnce.scala:135)
	at scala.collection.AbstractTraversable.collectFirst(Traversable.scala:108)
	at com.olvind.tso.ts.transforms.ExpandCallables$.callableTypes(ExpandCallables.scala:91)
	at com.olvind.tso.ts.transforms.ExpandCallables$.$anonfun$callableTypes$1(ExpandCallables.scala:82)
	at scala.collection.TraversableLike.$anonfun$map$1(TraversableLike.scala:237)
	at scala.collection.immutable.List.foreach(List.scala:392)
	at scala.collection.TraversableLike.map(TraversableLike.scala:237)
	at scala.collection.TraversableLike.map$(TraversableLike.scala:230)
	at scala.collection.immutable.List.map(List.scala:298)
	at com.olvind.tso.ts.transforms.ExpandCallables$.callableTypes(ExpandCallables.scala:82)
	at com.olvind.tso.ts.transforms.ExpandCallables$$anonfun$callableTypes$2.applyOrElse(ExpandCallables.scala:100)
	at com.olvind.tso.ts.transforms.ExpandCallables$$anonfun$callableTypes$2.applyOrElse(ExpandCallables.scala:91)
	at scala.collection.TraversableOnce.collectFirst(TraversableOnce.scala:148)
	at scala.collection.TraversableOnce.collectFirst$(TraversableOnce.scala:135)
	at scala.collection.AbstractTraversable.collectFirst(Traversable.scala:108)
	at com.olvind.tso.ts.transforms.ExpandCallables$.callableTypes(ExpandCallables.scala:91)
	at com.olvind.tso.ts.transforms.ExpandCallables$.$anonfun$callableTypes$1(ExpandCallables.scala:82)
	at scala.collection.TraversableLike.$anonfun$map$1(TraversableLike.scala:237)
	at scala.collection.immutable.List.foreach(List.scala:392)
	at scala.collection.TraversableLike.map(TraversableLike.scala:237)
	at scala.collection.TraversableLike.map$(TraversableLike.scala:230)
	at scala.collection.immutable.List.map(List.scala:298)
	at com.olvind.tso.ts.transforms.ExpandCallables$.callableTypes(ExpandCallables.scala:82)
	at com.olvind.tso.ts.transforms.ExpandCallables$$anonfun$callableTypes$2.applyOrElse(ExpandCallables.scala:100)
	at com.olvind.tso.ts.transforms.ExpandCallables$$anonfun$callableTypes$2.applyOrElse(ExpandCallables.scala:91)
	at scala.collection.TraversableOnce.collectFirst(TraversableOnce.scala:148)
	at scala.collection.TraversableOnce.collectFirst$(TraversableOnce.scala:135)
	at scala.collection.AbstractTraversable.collectFirst(Traversable.scala:108)
	at com.olvind.tso.ts.transforms.ExpandCallables$.callableTypes(ExpandCallables.scala:91)
	at com.olvind.tso.ts.transforms.ExpandCallables$.$anonfun$callableTypes$1(ExpandCallables.scala:82)
	at scala.collection.TraversableLike.$anonfun$map$1(TraversableLike.scala:237)
	at scala.collection.immutable.List.foreach(List.scala:392)
	at scala.collection.TraversableLike.map(TraversableLike.scala:237)
	at scala.collection.TraversableLike.map$(TraversableLike.scala:230)
	at scala.collection.immutable.List.map(List.scala:298)
	at com.olvind.tso.ts.transforms.ExpandCallables$.callableTypes(ExpandCallables.scala:82)
	at com.olvind.tso.ts.transforms.ExpandCallables$$anonfun$callableTypes$2.applyOrElse(ExpandCallables.scala:100)
	at com.olvind.tso.ts.transforms.ExpandCallables$$anonfun$callableTypes$2.applyOrElse(ExpandCallables.scala:91)
	at scala.collection.TraversableOnce.collectFirst(TraversableOnce.scala:148)
	at scala.collection.TraversableOnce.collectFirst$(TraversableOnce.scala:135)
	at scala.collection.AbstractTraversable.collectFirst(Traversable.scala:108)
	at com.olvind.tso.ts.transforms.ExpandCallables$.callableTypes(ExpandCallables.scala:91)
	at com.olvind.tso.ts.transforms.ExpandCallables$.$anonfun$callableTypes$1(ExpandCallables.scala:82)
	at scala.collection.TraversableLike.$anonfun$map$1(TraversableLike.scala:237)
	at scala.collection.immutable.List.foreach(List.scala:392)
	at scala.collection.TraversableLike.map(TraversableLike.scala:237)
	at scala.collection.TraversableLike.map$(TraversableLike.scala:230)
	at scala.collection.immutable.List.map(List.scala:298)
	at com.olvind.tso.ts.transforms.ExpandCallables$.callableTypes(ExpandCallables.scala:82)
	at com.olvind.tso.ts.transforms.ExpandCallables$$anonfun$callableTypes$2.applyOrElse(ExpandCallables.scala:100)
	at com.olvind.tso.ts.transforms.ExpandCallables$$anonfun$callableTypes$2.applyOrElse(ExpandCallables.scala:91)
	at scala.collection.TraversableOnce.collectFirst(TraversableOnce.scala:148)
	at scala.collection.TraversableOnce.collectFirst$(TraversableOnce.scala:135)
	at scala.collection.AbstractTraversable.collectFirst(Traversable.scala:108)
	at com.olvind.tso.ts.transforms.ExpandCallables$.callableTypes(ExpandCallables.scala:91)
	at com.olvind.tso.ts.transforms.ExpandCallables$.$anonfun$callableTypes$1(ExpandCallables.scala:82)
	at scala.collection.TraversableLike.$anonfun$map$1(TraversableLike.scala:237)
	at scala.collection.immutable.List.foreach(List.scala:392)
	at scala.collection.TraversableLike.map(TraversableLike.scala:237)
	at scala.collection.TraversableLike.map$(TraversableLike.scala:230)
	at scala.collection.immutable.List.map(List.scala:298)
	at com.olvind.tso.ts.transforms.ExpandCallables$.callableTypes(ExpandCallables.scala:82)
	at com.olvind.tso.ts.transforms.ExpandCallables$$anonfun$callableTypes$2.applyOrElse(ExpandCallables.scala:100)
	at com.olvind.tso.ts.transforms.ExpandCallables$$anonfun$callableTypes$2.applyOrElse(ExpandCallables.scala:91)
	at scala.collection.TraversableOnce.collectFirst(TraversableOnce.scala:148)
	at scala.collection.TraversableOnce.collectFirst$(TraversableOnce.scala:135)
	at scala.collection.AbstractTraversable.collectFirst(Traversable.scala:108)
	at com.olvind.tso.ts.transforms.ExpandCallables$.callableTypes(ExpandCallables.scala:91)
	at com.olvind.tso.ts.transforms.ExpandCallables$.$anonfun$callableTypes$1(ExpandCallables.scala:82)
	at scala.collection.TraversableLike.$anonfun$map$1(TraversableLike.scala:237)
	at scala.collection.immutable.List.foreach(List.scala:392)
	at scala.collection.TraversableLike.map(TraversableLike.scala:237)
	at scala.collection.TraversableLike.map$(TraversableLike.scala:230)
	at scala.collection.immutable.List.map(List.scala:298)
	at com.olvind.tso.ts.transforms.ExpandCallables$.callableTypes(ExpandCallables.scala:82)
	at com.olvind.tso.ts.transforms.ExpandCallables$$anonfun$callableTypes$2.applyOrElse(ExpandCallables.scala:100)
	at com.olvind.tso.ts.transforms.ExpandCallables$$anonfun$callableTypes$2.applyOrElse(ExpandCallables.scala:91)
	at scala.collection.TraversableOnce.collectFirst(TraversableOnce.scala:148)
	at scala.collection.TraversableOnce.collectFirst$(TraversableOnce.scala:135)
	at scala.collection.AbstractTraversable.collectFirst(Traversable.scala:108)
	at com.olvind.tso.ts.transforms.ExpandCallables$.callableTypes(ExpandCallables.scala:91)
	at com.olvind.tso.ts.transforms.ExpandCallables$.$anonfun$callableTypes$1(ExpandCallables.scala:82)
	at scala.collection.TraversableLike.$anonfun$map$1(TraversableLike.scala:237)
	at scala.collection.immutable.List.foreach(List.scala:392)
	at scala.collection.TraversableLike.map(TraversableLike.scala:237)
	at scala.collection.TraversableLike.map$(TraversableLike.scala:230)
	at scala.collection.immutable.List.map(List.scala:298)
	at com.olvind.tso.ts.transforms.ExpandCallables$.callableTypes(ExpandCallables.scala:82)
	at com.olvind.tso.ts.transforms.ExpandCallables$$anonfun$callableTypes$2.applyOrElse(ExpandCallables.scala:100)
	at com.olvind.tso.ts.transforms.ExpandCallables$$anonfun$callableTypes$2.applyOrElse(ExpandCallables.scala:91)
	at scala.collection.TraversableOnce.collectFirst(TraversableOnce.scala:148)
	at scala.collection.TraversableOnce.collectFirst$(TraversableOnce.scala:135)
	at scala.collection.AbstractTraversable.collectFirst(Traversable.scala:108)
	at com.olvind.tso.ts.transforms.ExpandCallables$.callableTypes(ExpandCallables.scala:91)
	at com.olvind.tso.ts.transforms.ExpandCallables$.$anonfun$callableTypes$1(ExpandCallables.scala:82)
	at scala.collection.TraversableLike.$anonfun$map$1(TraversableLike.scala:237)
	at scala.collection.immutable.List.foreach(List.scala:392)
	at scala.collection.TraversableLike.map(TraversableLike.scala:237)
	at scala.collection.TraversableLike.map$(TraversableLike.scala:230)
	at scala.collection.immutable.List.map(List.scala:298)
	at com.olvind.tso.ts.transforms.ExpandCallables$.callableTypes(ExpandCallables.scala:82)
	at com.olvind.tso.ts.transforms.ExpandCallables$$anonfun$callableTypes$2.applyOrElse(ExpandCallables.scala:100)
	at com.olvind.tso.ts.transforms.ExpandCallables$$anonfun$callableTypes$2.applyOrElse(ExpandCallables.scala:91)
	at scala.collection.TraversableOnce.collectFirst(TraversableOnce.scala:148)
	at scala.collection.TraversableOnce.collectFirst$(TraversableOnce.scala:135)
	at scala.collection.AbstractTraversable.collectFirst(Traversable.scala:108)
	at com.olvind.tso.ts.transforms.ExpandCallables$.callableTypes(ExpandCallables.scala:91)
	at com.olvind.tso.ts.transforms.ExpandCallables$.$anonfun$callableTypes$1(ExpandCallables.scala:82)
	at scala.collection.TraversableLike.$anonfun$map$1(TraversableLike.scala:237)
	at scala.collection.immutable.List.foreach(List.scala:392)
	at scala.collection.TraversableLike.map(TraversableLike.scala:237)
	at scala.collection.TraversableLike.map$(TraversableLike.scala:230)
	at scala.collection.immutable.List.map(List.scala:298)
	at com.olvind.tso.ts.transforms.ExpandCallables$.callableTypes(ExpandCallables.scala:82)
	at com.olvind.tso.ts.transforms.ExpandCallables$$anonfun$callableTypes$2.applyOrElse(ExpandCallables.scala:100)
	at com.olvind.tso.ts.transforms.ExpandCallables$$anonfun$callableTypes$2.applyOrElse(ExpandCallables.scala:91)
	at scala.collection.TraversableOnce.collectFirst(TraversableOnce.scala:148)
	at scala.collection.TraversableOnce.collectFirst$(TraversableOnce.scala:135)
	at scala.collection.AbstractTraversable.collectFirst(Traversable.scala:108)
	at com.olvind.tso.ts.transforms.ExpandCallables$.callableTypes(ExpandCallables.scala:91)
	at com.olvind.tso.ts.transforms.ExpandCallables$.$anonfun$callableTypes$1(ExpandCallables.scala:82)
	at scala.collection.TraversableLike.$anonfun$map$1(TraversableLike.scala:237)
	at scala.collection.immutable.List.foreach(List.scala:392)
	at scala.collection.TraversableLike.map(TraversableLike.scala:237)
	at scala.collection.TraversableLike.map$(TraversableLike.scala:230)
	at scala.collection.immutable.List.map(List.scala:298)
	at com.olvind.tso.ts.transforms.ExpandCallables$.callableTypes(ExpandCallables.scala:82)
	at com.olvind.tso.ts.transforms.ExpandCallables$$anonfun$callableTypes$2.applyOrElse(ExpandCallables.scala:100)
	at com.olvind.tso.ts.transforms.ExpandCallables$$anonfun$callableTypes$2.applyOrElse(ExpandCallables.scala:91)
	at scala.collection.TraversableOnce.collectFirst(TraversableOnce.scala:148)
	at scala.collection.TraversableOnce.collectFirst$(TraversableOnce.scala:135)
	at scala.collection.AbstractTraversable.collectFirst(Traversable.scala:108)
	at com.olvind.tso.ts.transforms.ExpandCallables$.callableTypes(ExpandCallables.scala:91)
	at com.olvind.tso.ts.transforms.ExpandCallables$.$anonfun$callableTypes$1(ExpandCallables.scala:82)
	at scala.collection.TraversableLike.$anonfun$map$1(TraversableLike.scala:237)
	at scala.collection.immutable.List.foreach(List.scala:392)
	at scala.collection.TraversableLike.map(TraversableLike.scala:237)
	at scala.collection.TraversableLike.map$(TraversableLike.scala:230)
	at scala.collection.immutable.List.map(List.scala:298)
	at com.olvind.tso.ts.transforms.ExpandCallables$.callableTypes(ExpandCallables.scala:82)
	at com.olvind.tso.ts.transforms.ExpandCallables$$anonfun$callableTypes$2.applyOrElse(ExpandCallables.scala:100)
	at com.olvind.tso.ts.transforms.ExpandCallables$$anonfun$callableTypes$2.applyOrElse(ExpandCallables.scala:91)
	at scala.collection.TraversableOnce.collectFirst(TraversableOnce.scala:148)
	at scala.collection.TraversableOnce.collectFirst$(TraversableOnce.scala:135)
	at scala.collection.AbstractTraversable.collectFirst(Traversable.scala:108)
	at com.olvind.tso.ts.transforms.ExpandCallables$.callableTypes(ExpandCallables.scala:91)
	at com.olvind.tso.ts.transforms.ExpandCallables$.$anonfun$callableTypes$1(ExpandCallables.scala:82)
	at scala.collection.TraversableLike.$anonfun$map$1(TraversableLike.scala:237)
	at scala.collection.immutable.List.foreach(List.scala:392)
	at scala.collection.TraversableLike.map(TraversableLike.scala:237)
	at scala.collection.TraversableLike.map$(TraversableLike.scala:230)
	at scala.collection.immutable.List.map(List.scala:298)
	at com.olvind.tso.ts.transforms.ExpandCallables$.callableTypes(ExpandCallables.scala:82)
	at com.olvind.tso.ts.transforms.ExpandCallables$$anonfun$callableTypes$2.applyOrElse(ExpandCallables.scala:100)
	at com.olvind.tso.ts.transforms.ExpandCallables$$anonfun$callableTypes$2.applyOrElse(ExpandCallables.scala:91)
	at scala.collection.TraversableOnce.collectFirst(TraversableOnce.scala:148)
	at scala.collection.TraversableOnce.collectFirst$(TraversableOnce.scala:135)
	at scala.collection.AbstractTraversable.collectFirst(Traversable.scala:108)
	at com.olvind.tso.ts.transforms.ExpandCallables$.callableTypes(ExpandCallables.scala:91)
	at com.olvind.tso.ts.transforms.ExpandCallables$.$anonfun$callableTypes$1(ExpandCallables.scala:82)
	at scala.collection.TraversableLike.$anonfun$map$1(TraversableLike.scala:237)
	at scala.collection.immutable.List.foreach(List.scala:392)
	at scala.collection.TraversableLike.map(TraversableLike.scala:237)
	at scala.collection.TraversableLike.map$(TraversableLike.scala:230)
	at scala.collection.immutable.List.map(List.scala:298)
	at com.olvind.tso.ts.transforms.ExpandCallables$.callableTypes(ExpandCallables.scala:82)
	at com.olvind.tso.ts.transforms.ExpandCallables$$anonfun$callableTypes$2.applyOrElse(ExpandCallables.scala:100)
	at com.olvind.tso.ts.transforms.ExpandCallables$$anonfun$callableTypes$2.applyOrElse(ExpandCallables.scala:91)
	at scala.collection.TraversableOnce.collectFirst(TraversableOnce.scala:148)
	at scala.collection.TraversableOnce.collectFirst$(TraversableOnce.scala:135)
	at scala.collection.AbstractTraversable.collectFirst(Traversable.scala:108)
	at com.olvind.tso.ts.transforms.ExpandCallables$.callableTypes(ExpandCallables.scala:91)
	at com.olvind.tso.ts.transforms.ExpandCallables$.$anonfun$callableTypes$1(ExpandCallables.scala:82)
	at scala.collection.TraversableLike.$anonfun$map$1(TraversableLike.scala:237)
	at scala.collection.immutable.List.foreach(List.scala:392)
	at scala.collection.TraversableLike.map(TraversableLike.scala:237)
	at scala.collection.TraversableLike.map$(TraversableLike.scala:230)
	at scala.collection.immutable.List.map(List.scala:298)
	at com.olvind.tso.ts.transforms.ExpandCallables$.callableTypes(ExpandCallables.scala:82)
	at com.olvind.tso.ts.transforms.ExpandCallables$$anonfun$callableTypes$2.applyOrElse(ExpandCallables.scala:100)
	at com.olvind.tso.ts.transforms.ExpandCallables$$anonfun$callableTypes$2.applyOrElse(ExpandCallables.scala:91)
	at scala.collection.TraversableOnce.collectFirst(TraversableOnce.scala:148)
	at scala.collection.TraversableOnce.collectFirst$(TraversableOnce.scala:135)
	at scala.collection.AbstractTraversable.collectFirst(Traversable.scala:108)
	at com.olvind.tso.ts.transforms.ExpandCallables$.callableTypes(ExpandCallables.scala:91)
	at com.olvind.tso.ts.transforms.ExpandCallables$.$anonfun$callableTypes$1(ExpandCallables.scala:82)
	at scala.collection.TraversableLike.$anonfun$map$1(TraversableLike.scala:237)
	at scala.collection.immutable.List.foreach(List.scala:392)
	at scala.collection.TraversableLike.map(TraversableLike.scala:237)
	at scala.collection.TraversableLike.map$(TraversableLike.scala:230)
	at scala.collection.immutable.List.map(List.scala:298)
	at com.olvind.tso.ts.transforms.ExpandCallables$.callableTypes(ExpandCallables.scala:82)
	at com.olvind.tso.ts.transforms.ExpandCallables$$anonfun$callableTypes$2.applyOrElse(ExpandCallables.scala:100)
	at com.olvind.tso.ts.transforms.ExpandCallables$$anonfun$callableTypes$2.applyOrElse(ExpandCallables.scala:91)
	at scala.collection.TraversableOnce.collectFirst(TraversableOnce.scala:148)
	at scala.collection.TraversableOnce.collectFirst$(TraversableOnce.scala:135)
	at scala.collection.AbstractTraversable.collectFirst(Traversable.scala:108)
	at com.olvind.tso.ts.transforms.ExpandCallables$.callableTypes(ExpandCallables.scala:91)
	at com.olvind.tso.ts.transforms.ExpandCallables$.$anonfun$callableTypes$1(ExpandCallables.scala:82)
	at scala.collection.TraversableLike.$anonfun$map$1(TraversableLike.scala:237)
	at scala.collection.immutable.List.foreach(List.scala:392)
	at scala.collection.TraversableLike.map(TraversableLike.scala:237)
	at scala.collection.TraversableLike.map$(TraversableLike.scala:230)
	at scala.collection.immutable.List.map(List.scala:298)
	at com.olvind.tso.ts.transforms.ExpandCallables$.callableTypes(ExpandCallables.scala:82)
	at com.olvind.tso.ts.transforms.ExpandCallables$$anonfun$callableTypes$2.applyOrElse(ExpandCallables.scala:100)
	at com.olvind.tso.ts.transforms.ExpandCallables$$anonfun$callableTypes$2.applyOrElse(ExpandCallables.scala:91)
	at scala.collection.TraversableOnce.collectFirst(TraversableOnce.scala:148)
	at scala.collection.TraversableOnce.collectFirst$(TraversableOnce.scala:135)
	at scala.collection.AbstractTraversable.collectFirst(Traversable.scala:108)
	at com.olvind.tso.ts.transforms.ExpandCallables$.callableTypes(ExpandCallables.scala:91)
	at com.olvind.tso.ts.transforms.ExpandCallables$.$anonfun$callableTypes$1(ExpandCallables.scala:82)
	at scala.collection.TraversableLike.$anonfun$map$1(TraversableLike.scala:237)
	at scala.collection.immutable.List.foreach(List.scala:392)
	at scala.collection.TraversableLike.map(TraversableLike.scala:237)
	at scala.collection.TraversableLike.map$(TraversableLike.scala:230)
	at scala.collection.immutable.List.map(List.scala:298)
	at com.olvind.tso.ts.transforms.ExpandCallables$.callableTypes(ExpandCallables.scala:82)
	at com.olvind.tso.ts.transforms.ExpandCallables$$anonfun$callableTypes$2.applyOrElse(ExpandCallables.scala:100)
	at com.olvind.tso.ts.transforms.ExpandCallables$$anonfun$callableTypes$2.applyOrElse(ExpandCallables.scala:91)
	at scala.collection.TraversableOnce.collectFirst(TraversableOnce.scala:148)
	at scala.collection.TraversableOnce.collectFirst$(TraversableOnce.scala:135)
	at scala.collection.AbstractTraversable.collectFirst(Traversable.scala:108)
	at com.olvind.tso.ts.transforms.ExpandCallables$.callableTypes(ExpandCallables.scala:91)
	at com.olvind.tso.ts.transforms.ExpandCallables$.$anonfun$callableTypes$1(ExpandCallables.scala:82)
	at scala.collection.TraversableLike.$anonfun$map$1(TraversableLike.scala:237)
	at scala.collection.immutable.List.foreach(List.scala:392)
	at scala.collection.TraversableLike.map(TraversableLike.scala:237)
	at scala.collection.TraversableLike.map$(TraversableLike.scala:230)
	at scala.collection.immutable.List.map(List.scala:298)
	at com.olvind.tso.ts.transforms.ExpandCallables$.callableTypes(ExpandCallables.scala:82)
	at com.olvind.tso.ts.transforms.ExpandCallables$$anonfun$callableTypes$2.applyOrElse(ExpandCallables.scala:100)
	at com.olvind.tso.ts.transforms.ExpandCallables$$anonfun$callableTypes$2.applyOrElse(ExpandCallables.scala:91)
	at scala.collection.TraversableOnce.collectFirst(TraversableOnce.scala:148)
	at scala.collection.TraversableOnce.collectFirst$(TraversableOnce.scala:135)
	at scala.collection.AbstractTraversable.collectFirst(Traversable.scala:108)
	at com.olvind.tso.ts.transforms.ExpandCallables$.callableTypes(ExpandCallables.scala:91)
	at com.olvind.tso.ts.transforms.ExpandCallables$.$anonfun$callableTypes$1(ExpandCallables.scala:82)
	at scala.collection.TraversableLike.$anonfun$map$1(TraversableLike.scala:237)
	at scala.collection.immutable.List.foreach(List.scala:392)
	at scala.collection.TraversableLike.map(TraversableLike.scala:237)
	at scala.collection.TraversableLike.map$(TraversableLike.scala:230)
	at scala.collection.immutable.List.map(List.scala:298)
	at com.olvind.tso.ts.transforms.ExpandCallables$.callableTypes(ExpandCallables.scala:82)
	at com.olvind.tso.ts.transforms.ExpandCallables$$anonfun$callableTypes$2.applyOrElse(ExpandCallables.scala:100)
	at com.olvind.tso.ts.transforms.ExpandCallables$$anonfun$callableTypes$2.applyOrElse(ExpandCallables.scala:91)
	at scala.collection.TraversableOnce.collectFirst(TraversableOnce.scala:148)
	at scala.collection.TraversableOnce.collectFirst$(TraversableOnce.scala:135)
	at scala.collection.AbstractTraversable.collectFirst(Traversable.scala:108)
	at com.olvind.tso.ts.transforms.ExpandCallables$.callableTypes(ExpandCallables.scala:91)
	at com.olvind.tso.ts.transforms.ExpandCallables$.$anonfun$callableTypes$1(ExpandCallables.scala:82)
	at scala.collection.TraversableLike.$anonfun$map$1(TraversableLike.scala:237)
	at scala.collection.immutable.List.foreach(List.scala:392)
	at scala.collection.TraversableLike.map(TraversableLike.scala:237)
	at scala.collection.TraversableLike.map$(TraversableLike.scala:230)
	at scala.collection.immutable.List.map(List.scala:298)
	at com.olvind.tso.ts.transforms.ExpandCallables$.callableTypes(ExpandCallables.scala:82)
	at com.olvind.tso.ts.transforms.ExpandCallables$$anonfun$callableTypes$2.applyOrElse(ExpandCallables.scala:100)
	at com.olvind.tso.ts.transforms.ExpandCallables$$anonfun$callableTypes$2.applyOrElse(ExpandCallables.scala:91)
	at scala.collection.TraversableOnce.collectFirst(TraversableOnce.scala:148)
	at scala.collection.TraversableOnce.collectFirst$(TraversableOnce.scala:135)
	at scala.collection.AbstractTraversable.collectFirst(Traversable.scala:108)
	at com.olvind.tso.ts.transforms.ExpandCallables$.callableTypes(ExpandCallables.scala:91)
	at com.olvind.tso.ts.transforms.ExpandCallables$.$anonfun$callableTypes$1(ExpandCallables.scala:82)
	at scala.collection.TraversableLike.$anonfun$map$1(TraversableLike.scala:237)
	at scala.collection.immutable.List.foreach(List.scala:392)
	at scala.collection.TraversableLike.map(TraversableLike.scala:237)
	at scala.collection.TraversableLike.map$(TraversableLike.scala:230)
	at scala.collection.immutable.List.map(List.scala:298)
	at com.olvind.tso.ts.transforms.ExpandCallables$.callableTypes(ExpandCallables.scala:82)
	at com.olvind.tso.ts.transforms.ExpandCallables$$anonfun$callableTypes$2.applyOrElse(ExpandCallables.scala:100)
	at com.olvind.tso.ts.transforms.ExpandCallables$$anonfun$callableTypes$2.applyOrElse(ExpandCallables.scala:91)
	at scala.collection.TraversableOnce.collectFirst(TraversableOnce.scala:148)
	at scala.collection.TraversableOnce.collectFirst$(TraversableOnce.scala:135)
	at scala.collection.AbstractTraversable.collectFirst(Traversable.scala:108)
	at com.olvind.tso.ts.transforms.ExpandCallables$.callableTypes(ExpandCallables.scala:91)
	at com.olvind.tso.ts.transforms.ExpandCallables$.$anonfun$callableTypes$1(ExpandCallables.scala:82)
	at scala.collection.TraversableLike.$anonfun$map$1(TraversableLike.scala:237)
	at scala.collection.immutable.List.foreach(List.scala:392)
	at scala.collection.TraversableLike.map(TraversableLike.scala:237)
	at scala.collection.TraversableLike.map$(TraversableLike.scala:230)
	at scala.collection.immutable.List.map(List.scala:298)
	at com.olvind.tso.ts.transforms.ExpandCallables$.callableTypes(ExpandCallables.scala:82)
	at com.olvind.tso.ts.transforms.ExpandCallables$$anonfun$callableTypes$2.applyOrElse(ExpandCallables.scala:100)
	at com.olvind.tso.ts.transforms.ExpandCallables$$anonfun$callableTypes$2.applyOrElse(ExpandCallables.scala:91)
	at scala.collection.TraversableOnce.collectFirst(TraversableOnce.scala:148)
	at scala.collection.TraversableOnce.collectFirst$(TraversableOnce.scala:135)
	at scala.collection.AbstractTraversable.collectFirst(Traversable.scala:108)
	at com.olvind.tso.ts.transforms.ExpandCallables$.callableTypes(ExpandCallables.scala:91)
	at com.olvind.tso.ts.transforms.ExpandCallables$.$anonfun$callableTypes$1(ExpandCallables.scala:82)
	at scala.collection.TraversableLike.$anonfun$map$1(TraversableLike.scala:237)
	at scala.collection.immutable.List.foreach(List.scala:392)
	at scala.collection.TraversableLike.map(TraversableLike.scala:237)
	at scala.collection.TraversableLike.map$(TraversableLike.scala:230)
	at scala.collection.immutable.List.map(List.scala:298)
	at com.olvind.tso.ts.transforms.ExpandCallables$.callableTypes(ExpandCallables.scala:82)
	at com.olvind.tso.ts.transforms.ExpandCallables$$anonfun$callableTypes$2.applyOrElse(ExpandCallables.scala:100)
	at com.olvind.tso.ts.transforms.ExpandCallables$$anonfun$callableTypes$2.applyOrElse(ExpandCallables.scala:91)
	at scala.collection.TraversableOnce.collectFirst(TraversableOnce.scala:148)
	at scala.collection.TraversableOnce.collectFirst$(TraversableOnce.scala:135)
	at scala.collection.AbstractTraversable.collectFirst(Traversable.scala:108)
	at com.olvind.tso.ts.transforms.ExpandCallables$.callableTypes(ExpandCallables.scala:91)
	at com.olvind.tso.ts.transforms.ExpandCallables$.$anonfun$callableTypes$1(ExpandCallables.scala:82)
	at scala.collection.TraversableLike.$anonfun$map$1(TraversableLike.scala:237)
	at scala.collection.immutable.List.foreach(List.scala:392)
	at scala.collection.TraversableLike.map(TraversableLike.scala:237)
	at scala.collection.TraversableLike.map$(TraversableLike.scala:230)
	at scala.collection.immutable.List.map(List.scala:298)
	at com.olvind.tso.ts.transforms.ExpandCallables$.callableTypes(ExpandCallables.scala:82)
	at com.olvind.tso.ts.transforms.ExpandCallables$$anonfun$callableTypes$2.applyOrElse(ExpandCallables.scala:100)
	at com.olvind.tso.ts.transforms.ExpandCallables$$anonfun$callableTypes$2.applyOrElse(ExpandCallables.scala:91)
	at scala.collection.TraversableOnce.collectFirst(TraversableOnce.scala:148)
	at scala.collection.TraversableOnce.collectFirst$(TraversableOnce.scala:135)
	at scala.collection.AbstractTraversable.collectFirst(Traversable.scala:108)
	at com.olvind.tso.ts.transforms.ExpandCallables$.callableTypes(ExpandCallables.scala:91)
	at com.olvind.tso.ts.transforms.ExpandCallables$.$anonfun$callableTypes$1(ExpandCallables.scala:82)
	at scala.collection.TraversableLike.$anonfun$map$1(TraversableLike.scala:237)
	at scala.collection.immutable.List.foreach(List.scala:392)
	at scala.collection.TraversableLike.map(TraversableLike.scala:237)
	at scala.collection.TraversableLike.map$(TraversableLike.scala:230)
	at scala.collection.immutable.List.map(List.scala:298)
	at com.olvind.tso.ts.transforms.ExpandCallables$.callableTypes(ExpandCallables.scala:82)
	at com.olvind.tso.ts.transforms.ExpandCallables$$anonfun$callableTypes$2.applyOrElse(ExpandCallables.scala:100)
	at com.olvind.tso.ts.transforms.ExpandCallables$$anonfun$callableTypes$2.applyOrElse(ExpandCallables.scala:91)
	at scala.collection.TraversableOnce.collectFirst(TraversableOnce.scala:148)
	at scala.collection.TraversableOnce.collectFirst$(TraversableOnce.scala:135)
	at scala.collection.AbstractTraversable.collectFirst(Traversable.scala:108)
	at com.olvind.tso.ts.transforms.ExpandCallables$.callableTypes(ExpandCallables.scala:91)
	at com.olvind.tso.ts.transforms.ExpandCallables$.$anonfun$callableTypes$1(ExpandCallables.scala:82)
	at scala.collection.TraversableLike.$anonfun$map$1(TraversableLike.scala:237)
	at scala.collection.immutable.List.foreach(List.scala:392)
	at scala.collection.TraversableLike.map(TraversableLike.scala:237)
	at scala.collection.TraversableLike.map$(TraversableLike.scala:230)
	at scala.collection.immutable.List.map(List.scala:298)
	at com.olvind.tso.ts.transforms.ExpandCallables$.callableTypes(ExpandCallables.scala:82)
	at com.olvind.tso.ts.transforms.ExpandCallables$$anonfun$callableTypes$2.applyOrElse(ExpandCallables.scala:100)
	at com.olvind.tso.ts.transforms.ExpandCallables$$anonfun$callableTypes$2.applyOrElse(ExpandCallables.scala:91)
	at scala.collection.TraversableOnce.collectFirst(TraversableOnce.scala:148)
	at scala.collection.TraversableOnce.collectFirst$(TraversableOnce.scala:135)
	at scala.collection.AbstractTraversable.collectFirst(Traversable.scala:108)
	at com.olvind.tso.ts.transforms.ExpandCallables$.callableTypes(ExpandCallables.scala:91)
	at com.olvind.tso.ts.transforms.ExpandCallables$.$anonfun$callableTypes$1(ExpandCallables.scala:82)
	at scala.collection.TraversableLike.$anonfun$map$1(TraversableLike.scala:237)
	at scala.collection.immutable.List.foreach(List.scala:392)
	at scala.collection.TraversableLike.map(TraversableLike.scala:237)
	at scala.collection.TraversableLike.map$(TraversableLike.scala:230)
	at scala.collection.immutable.List.map(List.scala:298)
	at com.olvind.tso.ts.transforms.ExpandCallables$.callableTypes(ExpandCallables.scala:82)
	at com.olvind.tso.ts.transforms.ExpandCallables$$anonfun$callableTypes$2.applyOrElse(ExpandCallables.scala:100)
	at com.olvind.tso.ts.transforms.ExpandCallables$$anonfun$callableTypes$2.applyOrElse(ExpandCallables.scala:91)
	at scala.collection.TraversableOnce.collectFirst(TraversableOnce.scala:148)
	at scala.collection.TraversableOnce.collectFirst$(TraversableOnce.scala:135)
	at scala.collection.AbstractTraversable.collectFirst(Traversable.scala:108)
	at com.olvind.tso.ts.transforms.ExpandCallables$.callableTypes(ExpandCallables.scala:91)
	at com.olvind.tso.ts.transforms.ExpandCallables$.$anonfun$callableTypes$1(ExpandCallables.scala:82)
	at scala.collection.TraversableLike.$anonfun$map$1(TraversableLike.scala:237)
	at scala.collection.immutable.List.foreach(List.scala:392)
	at scala.collection.TraversableLike.map(TraversableLike.scala:237)
	at scala.collection.TraversableLike.map$(TraversableLike.scala:230)
	at scala.collection.immutable.List.map(List.scala:298)
	at com.olvind.tso.ts.transforms.ExpandCallables$.callableTypes(ExpandCallables.scala:82)
	at com.olvind.tso.ts.transforms.ExpandCallables$$anonfun$callableTypes$2.applyOrElse(ExpandCallables.scala:100)
	at com.olvind.tso.ts.transforms.ExpandCallables$$anonfun$callableTypes$2.applyOrElse(ExpandCallables.scala:91)
	at scala.collection.TraversableOnce.collectFirst(TraversableOnce.scala:148)
	at scala.collection.TraversableOnce.collectFirst$(TraversableOnce.scala:135)
	at scala.collection.AbstractTraversable.collectFirst(Traversable.scala:108)
	at com.olvind.tso.ts.transforms.ExpandCallables$.callableTypes(ExpandCallables.scala:91)
	at com.olvind.tso.ts.transforms.ExpandCallables$.$anonfun$callableTypes$1(ExpandCallables.scala:82)
	at scala.collection.TraversableLike.$anonfun$map$1(TraversableLike.scala:237)
	at scala.collection.immutable.List.foreach(List.scala:392)
	at scala.collection.TraversableLike.map(TraversableLike.scala:237)
	at scala.collection.TraversableLike.map$(TraversableLike.scala:230)
	at scala.collection.immutable.List.map(List.scala:298)
	at com.olvind.tso.ts.transforms.ExpandCallables$.callableTypes(ExpandCallables.scala:82)
	at com.olvind.tso.ts.transforms.ExpandCallables$$anonfun$callableTypes$2.applyOrElse(ExpandCallables.scala:100)
	at com.olvind.tso.ts.transforms.ExpandCallables$$anonfun$callableTypes$2.applyOrElse(ExpandCallables.scala:91)
	at scala.collection.TraversableOnce.collectFirst(TraversableOnce.scala:148)
	at scala.collection.TraversableOnce.collectFirst$(TraversableOnce.scala:135)
	at scala.collection.AbstractTraversable.collectFirst(Traversable.scala:108)
	at com.olvind.tso.ts.transforms.ExpandCallables$.callableTypes(ExpandCallables.scala:91)
	at com.olvind.tso.ts.transforms.ExpandCallables$.$anonfun$callableTypes$1(ExpandCallables.scala:82)
	at scala.collection.TraversableLike.$anonfun$map$1(TraversableLike.scala:237)
	at scala.collection.immutable.List.foreach(List.scala:392)
	at scala.collection.TraversableLike.map(TraversableLike.scala:237)
	at scala.collection.TraversableLike.map$(TraversableLike.scala:230)
	at scala.collection.immutable.List.map(List.scala:298)
	at com.olvind.tso.ts.transforms.ExpandCallables$.callableTypes(ExpandCallables.scala:82)
	at com.olvind.tso.ts.transforms.ExpandCallables$$anonfun$callableTypes$2.applyOrElse(ExpandCallables.scala:100)
	at com.olvind.tso.ts.transforms.ExpandCallables$$anonfun$callableTypes$2.applyOrElse(ExpandCallables.scala:91)
	at scala.collection.TraversableOnce.collectFirst(TraversableOnce.scala:148)
	at scala.collection.TraversableOnce.collectFirst$(TraversableOnce.scala:135)
	at scala.collection.AbstractTraversable.collectFirst(Traversable.scala:108)
	at com.olvind.tso.ts.transforms.ExpandCallables$.callableTypes(ExpandCallables.scala:91)
	at com.olvind.tso.ts.transforms.ExpandCallables$.$anonfun$callableTypes$1(ExpandCallables.scala:82)
	at scala.collection.TraversableLike.$anonfun$map$1(TraversableLike.scala:237)
	at scala.collection.immutable.List.foreach(List.scala:392)
	at scala.collection.TraversableLike.map(TraversableLike.scala:237)
	at scala.collection.TraversableLike.map$(TraversableLike.scala:230)
	at scala.collection.immutable.List.map(List.scala:298)
	at com.olvind.tso.ts.transforms.ExpandCallables$.callableTypes(ExpandCallables.scala:82)
	at com.olvind.tso.ts.transforms.ExpandCallables$$anonfun$callableTypes$2.applyOrElse(ExpandCallables.scala:100)
	at com.olvind.tso.ts.transforms.ExpandCallables$$anonfun$callableTypes$2.applyOrElse(ExpandCallables.scala:91)
	at scala.collection.TraversableOnce.collectFirst(TraversableOnce.scala:148)
	at scala.collection.TraversableOnce.collectFirst$(TraversableOnce.scala:135)
	at scala.collection.AbstractTraversable.collectFirst(Traversable.scala:108)
	at com.olvind.tso.ts.transforms.ExpandCallables$.callableTypes(ExpandCallables.scala:91)
	at com.olvind.tso.ts.transforms.ExpandCallables$.$anonfun$callableTypes$1(ExpandCallables.scala:82)
	at scala.collection.TraversableLike.$anonfun$map$1(TraversableLike.scala:237)
	at scala.collection.immutable.List.foreach(List.scala:392)
	at scala.collection.TraversableLike.map(TraversableLike.scala:237)
	at scala.collection.TraversableLike.map$(TraversableLike.scala:230)
	at scala.collection.immutable.List.map(List.scala:298)
	at com.olvind.tso.ts.transforms.ExpandCallables$.callableTypes(ExpandCallables.scala:82)
	at com.olvind.tso.ts.transforms.ExpandCallables$$anonfun$callableTypes$2.applyOrElse(ExpandCallables.scala:100)
	at com.olvind.tso.ts.transforms.ExpandCallables$$anonfun$callableTypes$2.applyOrElse(ExpandCallables.scala:91)
	at scala.collection.TraversableOnce.collectFirst(TraversableOnce.scala:148)
	at scala.collection.TraversableOnce.collectFirst$(TraversableOnce.scala:135)
	at scala.collection.AbstractTraversable.collectFirst(Traversable.scala:108)
	at com.olvind.tso.ts.transforms.ExpandCallables$.callableTypes(ExpandCallables.scala:91)
	at com.olvind.tso.ts.transforms.ExpandCallables$.$anonfun$callableTypes$1(ExpandCallables.scala:82)
	at scala.collection.TraversableLike.$anonfun$map$1(TraversableLike.scala:237)
	at scala.collection.immutable.List.foreach(List.scala:392)
	at scala.collection.TraversableLike.map(TraversableLike.scala:237)
	at scala.collection.TraversableLike.map$(TraversableLike.scala:230)
	at scala.collection.immutable.List.map(List.scala:298)
	at com.olvind.tso.ts.transforms.ExpandCallables$.callableTypes(ExpandCallables.scala:82)
	at com.olvind.tso.ts.transforms.ExpandCallables$$anonfun$callableTypes$2.applyOrElse(ExpandCallables.scala:100)
	at com.olvind.tso.ts.transforms.ExpandCallables$$anonfun$callableTypes$2.applyOrElse(ExpandCallables.scala:91)
	at scala.collection.TraversableOnce.collectFirst(TraversableOnce.scala:148)
	at scala.collection.TraversableOnce.collectFirst$(TraversableOnce.scala:135)
	at scala.collection.AbstractTraversable.collectFirst(Traversable.scala:108)
	at com.olvind.tso.ts.transforms.ExpandCallables$.callableTypes(ExpandCallables.scala:91)
	at com.olvind.tso.ts.transforms.ExpandCallables$.$anonfun$callableTypes$1(ExpandCallables.scala:82)
	at scala.collection.TraversableLike.$anonfun$map$1(TraversableLike.scala:237)
	at scala.collection.immutable.List.foreach(List.scala:392)
	at scala.collection.TraversableLike.map(TraversableLike.scala:237)
	at scala.collection.TraversableLike.map$(TraversableLike.scala:230)
	at scala.collection.immutable.List.map(List.scala:298)
	at com.olvind.tso.ts.transforms.ExpandCallables$.callableTypes(ExpandCallables.scala:82)
	at com.olvind.tso.ts.transforms.ExpandCallables$$anonfun$callableTypes$2.applyOrElse(ExpandCallables.scala:100)
	at com.olvind.tso.ts.transforms.ExpandCallables$$anonfun$callableTypes$2.applyOrElse(ExpandCallables.scala:91)
	at scala.collection.TraversableOnce.collectFirst(TraversableOnce.scala:148)
	at scala.collection.TraversableOnce.collectFirst$(TraversableOnce.scala:135)
	at scala.collection.AbstractTraversable.collectFirst(Traversable.scala:108)
	at com.olvind.tso.ts.transforms.ExpandCallables$.callableTypes(ExpandCallables.scala:91)
	at com.olvind.tso.ts.transforms.ExpandCallables$.$anonfun$callableTypes$1(ExpandCallables.scala:82)
	at scala.collection.TraversableLike.$anonfun$map$1(TraversableLike.scala:237)
	at scala.collection.immutable.List.foreach(List.scala:392)
	at scala.collection.TraversableLike.map(TraversableLike.scala:237)
	at scala.collection.TraversableLike.map$(TraversableLike.scala:230)
	at scala.collection.immutable.List.map(List.scala:298)
	at com.olvind.tso.ts.transforms.ExpandCallables$.callableTypes(ExpandCallables.scala:82)
	at com.olvind.tso.ts.transforms.ExpandCallables$$anonfun$callableTypes$2.applyOrElse(ExpandCallables.scala:100)
	at com.olvind.tso.ts.transforms.ExpandCallables$$anonfun$callableTypes$2.applyOrElse(ExpandCallables.scala:91)
	at scala.collection.TraversableOnce.collectFirst(TraversableOnce.scala:148)
	at scala.collection.TraversableOnce.collectFirst$(TraversableOnce.scala:135)
	at scala.collection.AbstractTraversable.collectFirst(Traversable.scala:108)
	at com.olvind.tso.ts.transforms.ExpandCallables$.callableTypes(ExpandCallables.scala:91)
	at com.olvind.tso.ts.transforms.ExpandCallables$.$anonfun$callableTypes$1(ExpandCallables.scala:82)
	at scala.collection.TraversableLike.$anonfun$map$1(TraversableLike.scala:237)
	at scala.collection.immutable.List.foreach(List.scala:392)
	at scala.collection.TraversableLike.map(TraversableLike.scala:237)
	at scala.collection.TraversableLike.map$(TraversableLike.scala:230)
	at scala.collection.immutable.List.map(List.scala:298)
	at com.olvind.tso.ts.transforms.ExpandCallables$.callableTypes(ExpandCallables.scala:82)
	at com.olvind.tso.ts.transforms.ExpandCallables$$anonfun$callableTypes$2.applyOrElse(ExpandCallables.scala:100)
	at com.olvind.tso.ts.transforms.ExpandCallables$$anonfun$callableTypes$2.applyOrElse(ExpandCallables.scala:91)
	at scala.collection.TraversableOnce.collectFirst(TraversableOnce.scala:148)
	at scala.collection.TraversableOnce.collectFirst$(TraversableOnce.scala:135)
	at scala.collection.AbstractTraversable.collectFirst(Traversable.scala:108)
	at com.olvind.tso.ts.transforms.ExpandCallables$.callableTypes(ExpandCallables.scala:91)
	at com.olvind.tso.ts.transforms.ExpandCallables$.$anonfun$callableTypes$1(ExpandCallables.scala:82)
	at scala.collection.TraversableLike.$anonfun$map$1(TraversableLike.scala:237)
	at scala.collection.immutable.List.foreach(List.scala:392)
	at scala.collection.TraversableLike.map(TraversableLike.scala:237)
	at scala.collection.TraversableLike.map$(TraversableLike.scala:230)
	at scala.collection.immutable.List.map(List.scala:298)
	at com.olvind.tso.ts.transforms.ExpandCallables$.callableTypes(ExpandCallables.scala:82)
	at com.olvind.tso.ts.transforms.ExpandCallables$$anonfun$callableTypes$2.applyOrElse(ExpandCallables.scala:100)
	at com.olvind.tso.ts.transforms.ExpandCallables$$anonfun$callableTypes$2.applyOrElse(ExpandCallables.scala:91)
	at scala.collection.TraversableOnce.collectFirst(TraversableOnce.scala:148)
	at scala.collection.TraversableOnce.collectFirst$(TraversableOnce.scala:135)
	at scala.collection.AbstractTraversable.collectFirst(Traversable.scala:108)
	at com.olvind.tso.ts.transforms.ExpandCallables$.callableTypes(ExpandCallables.scala:91)
	at com.olvind.tso.ts.transforms.ExpandCallables$.$anonfun$callableTypes$1(ExpandCallables.scala:82)
	at scala.collection.TraversableLike.$anonfun$map$1(TraversableLike.scala:237)
	at scala.collection.immutable.List.foreach(List.scala:392)
	at scala.collection.TraversableLike.map(TraversableLike.scala:237)
	at scala.collection.TraversableLike.map$(TraversableLike.scala:230)
	at scala.collection.immutable.List.map(List.scala:298)
	at com.olvind.tso.ts.transforms.ExpandCallables$.callableTypes(ExpandCallables.scala:82)
	at com.olvind.tso.ts.transforms.ExpandCallables$$anonfun$callableTypes$2.applyOrElse(ExpandCallables.scala:100)
	at com.olvind.tso.ts.transforms.ExpandCallables$$anonfun$callableTypes$2.applyOrElse(ExpandCallables.scala:91)
	at scala.collection.TraversableOnce.collectFirst(TraversableOnce.scala:148)
	at scala.collection.TraversableOnce.collectFirst$(TraversableOnce.scala:135)
	at scala.collection.AbstractTraversable.collectFirst(Traversable.scala:108)
	at com.olvind.tso.ts.transforms.ExpandCallables$.callableTypes(ExpandCallables.scala:91)
	at com.olvind.tso.ts.transforms.ExpandCallables$.$anonfun$callableTypes$1(ExpandCallables.scala:82)
	at scala.collection.TraversableLike.$anonfun$map$1(TraversableLike.scala:237)
	at scala.collection.immutable.List.foreach(List.scala:392)
	at scala.collection.TraversableLike.map(TraversableLike.scala:237)
	at scala.collection.TraversableLike.map$(TraversableLike.scala:230)
	at scala.collection.immutable.List.map(List.scala:298)
	at com.olvind.tso.ts.transforms.ExpandCallables$.callableTypes(ExpandCallables.scala:82)
	at com.olvind.tso.ts.transforms.ExpandCallables$$anonfun$callableTypes$2.applyOrElse(ExpandCallables.scala:100)
	at com.olvind.tso.ts.transforms.ExpandCallables$$anonfun$callableTypes$2.applyOrElse(ExpandCallables.scala:91)
	at scala.collection.TraversableOnce.collectFirst(TraversableOnce.scala:148)
	at scala.collection.TraversableOnce.collectFirst$(TraversableOnce.scala:135)
	at scala.collection.AbstractTraversable.collectFirst(Traversable.scala:108)
	at com.olvind.tso.ts.transforms.ExpandCallables$.callableTypes(ExpandCallables.scala:91)
	at com.olvind.tso.ts.transforms.ExpandCallables$.$anonfun$callableTypes$1(ExpandCallables.scala:82)
	at scala.collection.TraversableLike.$anonfun$map$1(TraversableLike.scala:237)
	at scala.collection.immutable.List.foreach(List.scala:392)
	at scala.collection.TraversableLike.map(TraversableLike.scala:237)
	at scala.collection.TraversableLike.map$(TraversableLike.scala:230)
	at scala.collection.immutable.List.map(List.scala:298)
	at com.olvind.tso.ts.transforms.ExpandCallables$.callableTypes(ExpandCallables.scala:82)
	at com.olvind.tso.ts.transforms.ExpandCallables$$anonfun$callableTypes$2.applyOrElse(ExpandCallables.scala:100)
	at com.olvind.tso.ts.transforms.ExpandCallables$$anonfun$callableTypes$2.applyOrElse(ExpandCallables.scala:91)
	at scala.collection.TraversableOnce.collectFirst(TraversableOnce.scala:148)
	at scala.collection.TraversableOnce.collectFirst$(TraversableOnce.scala:135)
	at scala.collection.AbstractTraversable.collectFirst(Traversable.scala:108)
	at com.olvind.tso.ts.transforms.ExpandCallables$.callableTypes(ExpandCallables.scala:91)
	at com.olvind.tso.ts.transforms.ExpandCallables$.$anonfun$callableTypes$1(ExpandCallables.scala:82)
	at scala.collection.TraversableLike.$anonfun$map$1(TraversableLike.scala:237)
	at scala.collection.immutable.List.foreach(List.scala:392)
	at scala.collection.TraversableLike.map(TraversableLike.scala:237)
	at scala.collection.TraversableLike.map$(TraversableLike.scala:230)
	at scala.collection.immutable.List.map(List.scala:298)
	at com.olvind.tso.ts.transforms.ExpandCallables$.callableTypes(ExpandCallables.scala:82)
	at com.olvind.tso.ts.transforms.ExpandCallables$$anonfun$callableTypes$2.applyOrElse(ExpandCallables.scala:100)
	at com.olvind.tso.ts.transforms.ExpandCallables$$anonfun$callableTypes$2.applyOrElse(ExpandCallables.scala:91)
	at scala.collection.TraversableOnce.collectFirst(TraversableOnce.scala:148)
	at scala.collection.TraversableOnce.collectFirst$(TraversableOnce.scala:135)
	at scala.collection.AbstractTraversable.collectFirst(Traversable.scala:108)
	at com.olvind.tso.ts.transforms.ExpandCallables$.callableTypes(ExpandCallables.scala:91)
	at com.olvind.tso.ts.transforms.ExpandCallables$.$anonfun$callableTypes$1(ExpandCallables.scala:82)
	at scala.collection.TraversableLike.$anonfun$map$1(TraversableLike.scala:237)
	at scala.collection.immutable.List.foreach(List.scala:392)
	at scala.collection.TraversableLike.map(TraversableLike.scala:237)
	at scala.collection.TraversableLike.map$(TraversableLike.scala:230)
	at scala.collection.immutable.List.map(List.scala:298)
	at com.olvind.tso.ts.transforms.ExpandCallables$.callableTypes(ExpandCallables.scala:82)
	at com.olvind.tso.ts.transforms.ExpandCallables$$anonfun$callableTypes$2.applyOrElse(ExpandCallables.scala:100)
	at com.olvind.tso.ts.transforms.ExpandCallables$$anonfun$callableTypes$2.applyOrElse(ExpandCallables.scala:91)
	at scala.collection.TraversableOnce.collectFirst(TraversableOnce.scala:148)
	at scala.collection.TraversableOnce.collectFirst$(TraversableOnce.scala:135)
	at scala.collection.AbstractTraversable.collectFirst(Traversable.scala:108)
	at com.olvind.tso.ts.transforms.ExpandCallables$.callableTypes(ExpandCallables.scala:91)
	at com.olvind.tso.ts.transforms.ExpandCallables$.$anonfun$callableTypes$1(ExpandCallables.scala:82)
	at scala.collection.TraversableLike.$anonfun$map$1(TraversableLike.scala:237)
	at scala.collection.immutable.List.foreach(List.scala:392)
	at scala.collection.TraversableLike.map(TraversableLike.scala:237)
	at scala.collection.TraversableLike.map$(TraversableLike.scala:230)
	at scala.collection.immutable.List.map(List.scala:298)
	at com.olvind.tso.ts.transforms.ExpandCallables$.callableTypes(ExpandCallables.scala:82)
	at com.olvind.tso.ts.transforms.ExpandCallables$$anonfun$callableTypes$2.applyOrElse(ExpandCallables.scala:100)
	at com.olvind.tso.ts.transforms.ExpandCallables$$anonfun$callableTypes$2.applyOrElse(ExpandCallables.scala:91)
	at scala.collection.TraversableOnce.collectFirst(TraversableOnce.scala:148)
	at scala.collection.TraversableOnce.collectFirst$(TraversableOnce.scala:135)
	at scala.collection.AbstractTraversable.collectFirst(Traversable.scala:108)
	at com.olvind.tso.ts.transforms.ExpandCallables$.callableTypes(ExpandCallables.scala:91)
	at com.olvind.tso.ts.transforms.ExpandCallables$.$anonfun$callableTypes$1(ExpandCallables.scala:82)
	at scala.collection.TraversableLike.$anonfun$map$1(TraversableLike.scala:237)
	at scala.collection.immutable.List.foreach(List.scala:392)
	at scala.collection.TraversableLike.map(TraversableLike.scala:237)
	at scala.collection.TraversableLike.map$(TraversableLike.scala:230)
	at scala.collection.immutable.List.map(List.scala:298)
	at com.olvind.tso.ts.transforms.ExpandCallables$.callableTypes(ExpandCallables.scala:82)
	at com.olvind.tso.ts.transforms.ExpandCallables$$anonfun$callableTypes$2.applyOrElse(ExpandCallables.scala:100)
	at com.olvind.tso.ts.transforms.ExpandCallables$$anonfun$callableTypes$2.applyOrElse(ExpandCallables.scala:91)
	at scala.collection.TraversableOnce.collectFirst(TraversableOnce.scala:148)
	at scala.collection.TraversableOnce.collectFirst$(TraversableOnce.scala:135)
	at scala.collection.AbstractTraversable.collectFirst(Traversable.scala:108)
	at com.olvind.tso.ts.transforms.ExpandCallables$.callableTypes(ExpandCallables.scala:91)
	at com.olvind.tso.ts.transforms.ExpandCallables$.$anonfun$callableTypes$1(ExpandCallables.scala:82)
	at scala.collection.TraversableLike.$anonfun$map$1(TraversableLike.scala:237)
	at scala.collection.immutable.List.foreach(List.scala:392)
	at scala.collection.TraversableLike.map(TraversableLike.scala:237)
	at scala.collection.TraversableLike.map$(TraversableLike.scala:230)
	at scala.collection.immutable.List.map(List.scala:298)
	at com.olvind.tso.ts.transforms.ExpandCallables$.callableTypes(ExpandCallables.scala:82)
	at com.olvind.tso.ts.transforms.ExpandCallables$$anonfun$callableTypes$2.applyOrElse(ExpandCallables.scala:100)
	at com.olvind.tso.ts.transforms.ExpandCallables$$anonfun$callableTypes$2.applyOrElse(ExpandCallables.scala:91)
	at scala.collection.TraversableOnce.collectFirst(TraversableOnce.scala:148)
	at scala.collection.TraversableOnce.collectFirst$(TraversableOnce.scala:135)
	at scala.collection.AbstractTraversable.collectFirst(Traversable.scala:108)
	at com.olvind.tso.ts.transforms.ExpandCallables$.callableTypes(ExpandCallables.scala:91)
	at com.olvind.tso.ts.transforms.ExpandCallables$.$anonfun$callableTypes$1(ExpandCallables.scala:82)
	at scala.collection.TraversableLike.$anonfun$map$1(TraversableLike.scala:237)
	at scala.collection.immutable.List.foreach(List.scala:392)
	at scala.collection.TraversableLike.map(TraversableLike.scala:237)
	at scala.collection.TraversableLike.map$(TraversableLike.scala:230)
	at scala.collection.immutable.List.map(List.scala:298)
	at com.olvind.tso.ts.transforms.ExpandCallables$.callableTypes(ExpandCallables.scala:82)
	at com.olvind.tso.ts.transforms.ExpandCallables$$anonfun$callableTypes$2.applyOrElse(ExpandCallables.scala:100)
	at com.olvind.tso.ts.transforms.ExpandCallables$$anonfun$callableTypes$2.applyOrElse(ExpandCallables.scala:91)
	at scala.collection.TraversableOnce.collectFirst(TraversableOnce.scala:148)
	at scala.collection.TraversableOnce.collectFirst$(TraversableOnce.scala:135)
	at scala.collection.AbstractTraversable.collectFirst(Traversable.scala:108)
	at com.olvind.tso.ts.transforms.ExpandCallables$.callableTypes(ExpandCallables.scala:91)
	at com.olvind.tso.ts.transforms.ExpandCallables$.$anonfun$callableTypes$1(ExpandCallables.scala:82)
	at scala.collection.TraversableLike.$anonfun$map$1(TraversableLike.scala:237)
	at scala.collection.immutable.List.foreach(List.scala:392)
	at scala.collection.TraversableLike.map(TraversableLike.scala:237)
	at scala.collection.TraversableLike.map$(TraversableLike.scala:230)
	at scala.collection.immutable.List.map(List.scala:298)
	at com.olvind.tso.ts.transforms.ExpandCallables$.callableTypes(ExpandCallables.scala:82)
	at com.olvind.tso.ts.transforms.ExpandCallables$$anonfun$callableTypes$2.applyOrElse(ExpandCallables.scala:100)
	at com.olvind.tso.ts.transforms.ExpandCallables$$anonfun$callableTypes$2.applyOrElse(ExpandCallables.scala:91)
	at scala.collection.TraversableOnce.collectFirst(TraversableOnce.scala:148)
	at scala.collection.TraversableOnce.collectFirst$(TraversableOnce.scala:135)
	at scala.collection.AbstractTraversable.collectFirst(Traversable.scala:108)
	at com.olvind.tso.ts.transforms.ExpandCallables$.callableTypes(ExpandCallables.scala:91)
	at com.olvind.tso.ts.transforms.ExpandCallables$.$anonfun$callableTypes$1(ExpandCallables.scala:82)
	at scala.collection.TraversableLike.$anonfun$map$1(TraversableLike.scala:237)
	at scala.collection.immutable.List.foreach(List.scala:392)
	at scala.collection.TraversableLike.map(TraversableLike.scala:237)
	at scala.collection.TraversableLike.map$(TraversableLike.scala:230)
	at scala.collection.immutable.List.map(List.scala:298)
	at com.olvind.tso.ts.transforms.ExpandCallables$.callableTypes(ExpandCallables.scala:82)
	at com.olvind.tso.ts.transforms.ExpandCallables$$anonfun$callableTypes$2.applyOrElse(ExpandCallables.scala:100)
	at com.olvind.tso.ts.transforms.ExpandCallables$$anonfun$callableTypes$2.applyOrElse(ExpandCallables.scala:91)
	at scala.collection.TraversableOnce.collectFirst(TraversableOnce.scala:148)
	at scala.collection.TraversableOnce.collectFirst$(TraversableOnce.scala:135)
	at scala.collection.AbstractTraversable.collectFirst(Traversable.scala:108)
	at com.olvind.tso.ts.transforms.ExpandCallables$.callableTypes(ExpandCallables.scala:91)
	at com.olvind.tso.ts.transforms.ExpandCallables$.$anonfun$callableTypes$1(ExpandCallables.scala:82)
	at scala.collection.TraversableLike.$anonfun$map$1(TraversableLike.scala:237)
	at scala.collection.immutable.List.foreach(List.scala:392)
	at scala.collection.TraversableLike.map(TraversableLike.scala:237)
	at scala.collection.TraversableLike.map$(TraversableLike.scala:230)
	at scala.collection.immutable.List.map(List.scala:298)
	at com.olvind.tso.ts.transforms.ExpandCallables$.callableTypes(ExpandCallables.scala:82)
	at com.olvind.tso.ts.transforms.ExpandCallables$$anonfun$callableTypes$2.applyOrElse(ExpandCallables.scala:100)
	at com.olvind.tso.ts.transforms.ExpandCallables$$anonfun$callableTypes$2.applyOrElse(ExpandCallables.scala:91)
	at scala.collection.TraversableOnce.collectFirst(TraversableOnce.scala:148)
	at scala.collection.TraversableOnce.collectFirst$(TraversableOnce.scala:135)
	at scala.collection.AbstractTraversable.collectFirst(Traversable.scala:108)
	at com.olvind.tso.ts.transforms.ExpandCallables$.callableTypes(ExpandCallables.scala:91)
	at com.olvind.tso.ts.transforms.ExpandCallables$.$anonfun$callableTypes$1(ExpandCallables.scala:82)
	at scala.collection.TraversableLike.$anonfun$map$1(TraversableLike.scala:237)
	at scala.collection.immutable.List.foreach(List.scala:392)
	at scala.collection.TraversableLike.map(TraversableLike.scala:237)
	at scala.collection.TraversableLike.map$(TraversableLike.scala:230)
	at scala.collection.immutable.List.map(List.scala:298)
	at com.olvind.tso.ts.transforms.ExpandCallables$.callableTypes(ExpandCallables.scala:82)
	at com.olvind.tso.ts.transforms.ExpandCallables$$anonfun$callableTypes$2.applyOrElse(ExpandCallables.scala:100)
	at com.olvind.tso.ts.transforms.ExpandCallables$$anonfun$callableTypes$2.applyOrElse(ExpandCallables.scala:91)
	at scala.collection.TraversableOnce.collectFirst(TraversableOnce.scala:148)
	at scala.collection.TraversableOnce.collectFirst$(TraversableOnce.scala:135)
	at scala.collection.AbstractTraversable.collectFirst(Traversable.scala:108)
	at com.olvind.tso.ts.transforms.ExpandCallables$.callableTypes(ExpandCallables.scala:91)
	at com.olvind.tso.ts.transforms.ExpandCallables$.$anonfun$callableTypes$1(ExpandCallables.scala:82)
	at scala.collection.TraversableLike.$anonfun$map$1(TraversableLike.scala:237)
	at scala.collection.immutable.List.foreach(List.scala:392)
	at scala.collection.TraversableLike.map(TraversableLike.scala:237)
	at scala.collection.TraversableLike.map$(TraversableLike.scala:230)
	at scala.collection.immutable.List.map(List.scala:298)
	at com.olvind.tso.ts.transforms.ExpandCallables$.callableTypes(ExpandCallables.scala:82)
	at com.olvind.tso.ts.transforms.ExpandCallables$$anonfun$callableTypes$2.applyOrElse(ExpandCallables.scala:100)
	at com.olvind.tso.ts.transforms.ExpandCallables$$anonfun$callableTypes$2.applyOrElse(ExpandCallables.scala:91)
	at scala.collection.TraversableOnce.collectFirst(TraversableOnce.scala:148)
	at scala.collection.TraversableOnce.collectFirst$(TraversableOnce.scala:135)
	at scala.collection.AbstractTraversable.collectFirst(Traversable.scala:108)
	at com.olvind.tso.ts.transforms.ExpandCallables$.callableTypes(ExpandCallables.scala:91)
	at com.olvind.tso.ts.transforms.ExpandCallables$.$anonfun$callableTypes$1(ExpandCallables.scala:82)
	at scala.collection.TraversableLike.$anonfun$map$1(TraversableLike.scala:237)
	at scala.collection.immutable.List.foreach(List.scala:392)
	at scala.collection.TraversableLike.map(TraversableLike.scala:237)
	at scala.collection.TraversableLike.map$(TraversableLike.scala:230)
	at scala.collection.immutable.List.map(List.scala:298)
	at com.olvind.tso.ts.transforms.ExpandCallables$.callableTypes(ExpandCallables.scala:82)
	at com.olvind.tso.ts.transforms.ExpandCallables$$anonfun$callableTypes$2.applyOrElse(ExpandCallables.scala:100)
	at com.olvind.tso.ts.transforms.ExpandCallables$$anonfun$callableTypes$2.applyOrElse(ExpandCallables.scala:91)
	at scala.collection.TraversableOnce.collectFirst(TraversableOnce.scala:148)
	at scala.collection.TraversableOnce.collectFirst$(TraversableOnce.scala:135)
	at scala.collection.AbstractTraversable.collectFirst(Traversable.scala:108)
	at com.olvind.tso.ts.transforms.ExpandCallables$.callableTypes(ExpandCallables.scala:91)
	at com.olvind.tso.ts.transforms.ExpandCallables$.$anonfun$callableTypes$1(ExpandCallables.scala:82)
	at scala.collection.TraversableLike.$anonfun$map$1(TraversableLike.scala:237)
	at scala.collection.immutable.List.foreach(List.scala:392)
	at scala.collection.TraversableLike.map(TraversableLike.scala:237)
	at scala.collection.TraversableLike.map$(TraversableLike.scala:230)
	at scala.collection.immutable.List.map(List.scala:298)
	at com.olvind.tso.ts.transforms.ExpandCallables$.callableTypes(ExpandCallables.scala:82)
	at com.olvind.tso.ts.transforms.ExpandCallables$$anonfun$callableTypes$2.applyOrElse(ExpandCallables.scala:100)
	at com.olvind.tso.ts.transforms.ExpandCallables$$anonfun$callableTypes$2.applyOrElse(ExpandCallables.scala:91)
	at scala.collection.TraversableOnce.collectFirst(TraversableOnce.scala:148)
	at scala.collection.TraversableOnce.collectFirst$(TraversableOnce.scala:135)
	at scala.collection.AbstractTraversable.collectFirst(Traversable.scala:108)
	at com.olvind.tso.ts.transforms.ExpandCallables$.callableTypes(ExpandCallables.scala:91)
	at com.olvind.tso.ts.transforms.ExpandCallables$.$anonfun$callableTypes$1(ExpandCallables.scala:82)
	at scala.collection.TraversableLike.$anonfun$map$1(TraversableLike.scala:237)
	at scala.collection.immutable.List.foreach(List.scala:392)
	at scala.collection.TraversableLike.map(TraversableLike.scala:237)
	at scala.collection.TraversableLike.map$(TraversableLike.scala:230)
	at scala.collection.immutable.List.map(List.scala:298)
	at com.olvind.tso.ts.transforms.ExpandCallables$.callableTypes(ExpandCallables.scala:82)
	at com.olvind.tso.ts.transforms.ExpandCallables$$anonfun$callableTypes$2.applyOrElse(ExpandCallables.scala:100)
	at com.olvind.tso.ts.transforms.ExpandCallables$$anonfun$callableTypes$2.applyOrElse(ExpandCallables.scala:91)
	at scala.collection.TraversableOnce.collectFirst(TraversableOnce.scala:148)
	at scala.collection.TraversableOnce.collectFirst$(TraversableOnce.scala:135)
	at scala.collection.AbstractTraversable.collectFirst(Traversable.scala:108)
	at com.olvind.tso.ts.transforms.ExpandCallables$.callableTypes(ExpandCallables.scala:91)
	at com.olvind.tso.ts.transforms.ExpandCallables$.$anonfun$callableTypes$1(ExpandCallables.scala:82)
	at scala.collection.TraversableLike.$anonfun$map$1(TraversableLike.scala:237)
	at scala.collection.immutable.List.foreach(List.scala:392)
	at scala.collection.TraversableLike.map(TraversableLike.scala:237)
	at scala.collection.TraversableLike.map$(TraversableLike.scala:230)
	at scala.collection.immutable.List.map(List.scala:298)
	at com.olvind.tso.ts.transforms.ExpandCallables$.callableTypes(ExpandCallables.scala:82)
	at com.olvind.tso.ts.transforms.ExpandCallables$$anonfun$callableTypes$2.applyOrElse(ExpandCallables.scala:100)
	at com.olvind.tso.ts.transforms.ExpandCallables$$anonfun$callableTypes$2.applyOrElse(ExpandCallables.scala:91)
	at scala.collection.TraversableOnce.collectFirst(TraversableOnce.scala:148)
	at scala.collection.TraversableOnce.collectFirst$(TraversableOnce.scala:135)
	at scala.collection.AbstractTraversable.collectFirst(Traversable.scala:108)
	at com.olvind.tso.ts.transforms.ExpandCallables$.callableTypes(ExpandCallables.scala:91)
	at com.olvind.tso.ts.transforms.ExpandCallables$.$anonfun$callableTypes$1(ExpandCallables.scala:82)
	at scala.collection.TraversableLike.$anonfun$map$1(TraversableLike.scala:237)
	at scala.collection.immutable.List.foreach(List.scala:392)
	at scala.collection.TraversableLike.map(TraversableLike.scala:237)
	at scala.collection.TraversableLike.map$(TraversableLike.scala:230)
	at scala.collection.immutable.List.map(List.scala:298)
	at com.olvind.tso.ts.transforms.ExpandCallables$.callableTypes(ExpandCallables.scala:82)
	at com.olvind.tso.ts.transforms.ExpandCallables$$anonfun$callableTypes$2.applyOrElse(ExpandCallables.scala:100)
	at com.olvind.tso.ts.transforms.ExpandCallables$$anonfun$callableTypes$2.applyOrElse(ExpandCallables.scala:91)
	at scala.collection.TraversableOnce.collectFirst(TraversableOnce.scala:148)
	at scala.collection.TraversableOnce.collectFirst$(TraversableOnce.scala:135)
	at scala.collection.AbstractTraversable.collectFirst(Traversable.scala:108)
	at com.olvind.tso.ts.transforms.ExpandCallables$.callableTypes(ExpandCallables.scala:91)
	at com.olvind.tso.ts.transforms.ExpandCallables$.$anonfun$callableTypes$1(ExpandCallables.scala:82)
	at scala.collection.TraversableLike.$anonfun$map$1(TraversableLike.scala:237)
	at scala.collection.immutable.List.foreach(List.scala:392)
	at scala.collection.TraversableLike.map(TraversableLike.scala:237)
	at scala.collection.TraversableLike.map$(TraversableLike.scala:230)
	at scala.collection.immutable.List.map(List.scala:298)
	at com.olvind.tso.ts.transforms.ExpandCallables$.callableTypes(ExpandCallables.scala:82)
	at com.olvind.tso.ts.transforms.ExpandCallables$$anonfun$callableTypes$2.applyOrElse(ExpandCallables.scala:100)
	at com.olvind.tso.ts.transforms.ExpandCallables$$anonfun$callableTypes$2.applyOrElse(ExpandCallables.scala:91)
	at scala.collection.TraversableOnce.collectFirst(TraversableOnce.scala:148)
	at scala.collection.TraversableOnce.collectFirst$(TraversableOnce.scala:135)
	at scala.collection.AbstractTraversable.collectFirst(Traversable.scala:108)
	at com.olvind.tso.ts.transforms.ExpandCallables$.callableTypes(ExpandCallables.scala:91)
	at com.olvind.tso.ts.transforms.ExpandCallables$.$anonfun$callableTypes$1(ExpandCallables.scala:82)
	at scala.collection.TraversableLike.$anonfun$map$1(TraversableLike.scala:237)
	at scala.collection.immutable.List.foreach(List.scala:392)
	at scala.collection.TraversableLike.map(TraversableLike.scala:237)
	at scala.collection.TraversableLike.map$(TraversableLike.scala:230)
	at scala.collection.immutable.List.map(List.scala:298)
	at com.olvind.tso.ts.transforms.ExpandCallables$.callableTypes(ExpandCallables.scala:82)
	at com.olvind.tso.ts.transforms.ExpandCallables$$anonfun$callableTypes$2.applyOrElse(ExpandCallables.scala:100)
	at com.olvind.tso.ts.transforms.ExpandCallables$$anonfun$callableTypes$2.applyOrElse(ExpandCallables.scala:91)
	at scala.collection.TraversableOnce.collectFirst(TraversableOnce.scala:148)
	at scala.collection.TraversableOnce.collectFirst$(TraversableOnce.scala:135)
	at scala.collection.AbstractTraversable.collectFirst(Traversable.scala:108)
	at com.olvind.tso.ts.transforms.ExpandCallables$.callableTypes(ExpandCallables.scala:91)
	at com.olvind.tso.ts.transforms.ExpandCallables$.$anonfun$callableTypes$1(ExpandCallables.scala:82)
	at scala.collection.TraversableLike.$anonfun$map$1(TraversableLike.scala:237)
	at scala.collection.immutable.List.foreach(List.scala:392)
	at scala.collection.TraversableLike.map(TraversableLike.scala:237)
	at scala.collection.TraversableLike.map$(TraversableLike.scala:230)
	at scala.collection.immutable.List.map(List.scala:298)
	at com.olvind.tso.ts.transforms.ExpandCallables$.callableTypes(ExpandCallables.scala:82)
	at com.olvind.tso.ts.transforms.ExpandCallables$$anonfun$callableTypes$2.applyOrElse(ExpandCallables.scala:100)
	at com.olvind.tso.ts.transforms.ExpandCallables$$anonfun$callableTypes$2.applyOrElse(ExpandCallables.scala:91)
	at scala.collection.TraversableOnce.collectFirst(TraversableOnce.scala:148)
	at scala.collection.TraversableOnce.collectFirst$(TraversableOnce.scala:135)
	at scala.collection.AbstractTraversable.collectFirst(Traversable.scala:108)
	at com.olvind.tso.ts.transforms.ExpandCallables$.callableTypes(ExpandCallables.scala:91)
	at com.olvind.tso.ts.transforms.ExpandCallables$.$anonfun$callableTypes$1(ExpandCallables.scala:82)
	at scala.collection.TraversableLike.$anonfun$map$1(TraversableLike.scala:237)
	at scala.collection.immutable.List.foreach(List.scala:392)
	at scala.collection.TraversableLike.map(TraversableLike.scala:237)
	at scala.collection.TraversableLike.map$(TraversableLike.scala:230)
	at scala.collection.immutable.List.map(List.scala:298)
	at com.olvind.tso.ts.transforms.ExpandCallables$.callableTypes(ExpandCallables.scala:82)
	at com.olvind.tso.ts.transforms.ExpandCallables$$anonfun$callableTypes$2.applyOrElse(ExpandCallables.scala:100)
	at com.olvind.tso.ts.transforms.ExpandCallables$$anonfun$callableTypes$2.applyOrElse(ExpandCallables.scala:91)
	at scala.collection.TraversableOnce.collectFirst(TraversableOnce.scala:148)
	at scala.collection.TraversableOnce.collectFirst$(TraversableOnce.scala:135)
	at scala.collection.AbstractTraversable.collectFirst(Traversable.scala:108)
	at com.olvind.tso.ts.transforms.ExpandCallables$.callableTypes(ExpandCallables.scala:91)
	at com.olvind.tso.ts.transforms.ExpandCallables$.$anonfun$callableTypes$1(ExpandCallables.scala:82)
	at scala.collection.TraversableLike.$anonfun$map$1(TraversableLike.scala:237)
	at scala.collection.immutable.List.foreach(List.scala:392)
	at scala.collection.TraversableLike.map(TraversableLike.scala:237)
	at scala.collection.TraversableLike.map$(TraversableLike.scala:230)
	at scala.collection.immutable.List.map(List.scala:298)
	at com.olvind.tso.ts.transforms.ExpandCallables$.callableTypes(ExpandCallables.scala:82)
	at com.olvind.tso.ts.transforms.ExpandCallables$$anonfun$callableTypes$2.applyOrElse(ExpandCallables.scala:100)
	at com.olvind.tso.ts.transforms.ExpandCallables$$anonfun$callableTypes$2.applyOrElse(ExpandCallables.scala:91)
	at scala.collection.TraversableOnce.collectFirst(TraversableOnce.scala:148)
	at scala.collection.TraversableOnce.collectFirst$(TraversableOnce.scala:135)
	at scala.collection.AbstractTraversable.collectFirst(Traversable.scala:108)
	at com.olvind.tso.ts.transforms.ExpandCallables$.callableTypes(ExpandCallables.scala:91)
	at com.olvind.tso.ts.transforms.ExpandCallables$.$anonfun$callableTypes$1(ExpandCallables.scala:82)
	at scala.collection.TraversableLike.$anonfun$map$1(TraversableLike.scala:237)
	at scala.collection.immutable.List.foreach(List.scala:392)
	at scala.collection.TraversableLike.map(TraversableLike.scala:237)
	at scala.collection.TraversableLike.map$(TraversableLike.scala:230)
	at scala.collection.immutable.List.map(List.scala:298)
	at com.olvind.tso.ts.transforms.ExpandCallables$.callableTypes(ExpandCallables.scala:82)
	at com.olvind.tso.ts.transforms.ExpandCallables$$anonfun$callableTypes$2.applyOrElse(ExpandCallables.scala:100)
	at com.olvind.tso.ts.transforms.ExpandCallables$$anonfun$callableTypes$2.applyOrElse(ExpandCallables.scala:91)
	at scala.collection.TraversableOnce.collectFirst(TraversableOnce.scala:148)
	at scala.collection.TraversableOnce.collectFirst$(TraversableOnce.scala:135)
	at scala.collection.AbstractTraversable.collectFirst(Traversable.scala:108)
	at com.olvind.tso.ts.transforms.ExpandCallables$.callableTypes(ExpandCallables.scala:91)
	at com.olvind.tso.ts.transforms.ExpandCallables$.$anonfun$callableTypes$1(ExpandCallables.scala:82)
	at scala.collection.TraversableLike.$anonfun$map$1(TraversableLike.scala:237)
	at scala.collection.immutable.List.foreach(List.scala:392)
	at scala.collection.TraversableLike.map(TraversableLike.scala:237)
	at scala.collection.TraversableLike.map$(TraversableLike.scala:230)
	at scala.collection.immutable.List.map(List.scala:298)
	at com.olvind.tso.ts.transforms.ExpandCallables$.callableTypes(ExpandCallables.scala:82)
	at com.olvind.tso.ts.transforms.ExpandCallables$$anonfun$callableTypes$2.applyOrElse(ExpandCallables.scala:100)
	at com.olvind.tso.ts.transforms.ExpandCallables$$anonfun$callableTypes$2.applyOrElse(ExpandCallables.scala:91)
	at scala.collection.TraversableOnce.collectFirst(TraversableOnce.scala:148)
	at scala.collection.TraversableOnce.collectFirst$(TraversableOnce.scala:135)
	at scala.collection.AbstractTraversable.collectFirst(Traversable.scala:108)
	at com.olvind.tso.ts.transforms.ExpandCallables$.callableTypes(ExpandCallables.scala:91)
	at com.olvind.tso.ts.transforms.ExpandCallables$.$anonfun$callableTypes$1(ExpandCallables.scala:82)
	at scala.collection.TraversableLike.$anonfun$map$1(TraversableLike.scala:237)
	at scala.collection.immutable.List.foreach(List.scala:392)
	at scala.collection.TraversableLike.map(TraversableLike.scala:237)
	at scala.collection.TraversableLike.map$(TraversableLike.scala:230)
	at scala.collection.immutable.List.map(List.scala:298)
	at com.olvind.tso.ts.transforms.ExpandCallables$.callableTypes(ExpandCallables.scala:82)
	at com.olvind.tso.ts.transforms.ExpandCallables$$anonfun$callableTypes$2.applyOrElse(ExpandCallables.scala:100)
	at com.olvind.tso.ts.transforms.ExpandCallables$$anonfun$callableTypes$2.applyOrElse(ExpandCallables.scala:91)
	at scala.collection.TraversableOnce.collectFirst(TraversableOnce.scala:148)
	at scala.collection.TraversableOnce.collectFirst$(TraversableOnce.scala:135)
	at scala.collection.AbstractTraversable.collectFirst(Traversable.scala:108)
	at com.olvind.tso.ts.transforms.ExpandCallables$.callableTypes(ExpandCallables.scala:91)
	at com.olvind.tso.ts.transforms.ExpandCallables$.$anonfun$callableTypes$1(ExpandCallables.scala:82)
	at scala.collection.TraversableLike.$anonfun$map$1(TraversableLike.scala:237)
	at scala.collection.immutable.List.foreach(List.scala:392)
	at scala.collection.TraversableLike.map(TraversableLike.scala:237)
	at scala.collection.TraversableLike.map$(TraversableLike.scala:230)
	at scala.collection.immutable.List.map(List.scala:298)
	at com.olvind.tso.ts.transforms.ExpandCallables$.callableTypes(ExpandCallables.scala:82)
	at com.olvind.tso.ts.transforms.ExpandCallables$$anonfun$callableTypes$2.applyOrElse(ExpandCallables.scala:100)
	at com.olvind.tso.ts.transforms.ExpandCallables$$anonfun$callableTypes$2.applyOrElse(ExpandCallables.scala:91)
	at scala.collection.TraversableOnce.collectFirst(TraversableOnce.scala:148)
	at scala.collection.TraversableOnce.collectFirst$(TraversableOnce.scala:135)
	at scala.collection.AbstractTraversable.collectFirst(Traversable.scala:108)
	at com.olvind.tso.ts.transforms.ExpandCallables$.callableTypes(ExpandCallables.scala:91)
	at com.olvind.tso.ts.transforms.ExpandCallables$.$anonfun$callableTypes$1(ExpandCallables.scala:82)
	at scala.collection.TraversableLike.$anonfun$map$1(TraversableLike.scala:237)
	at scala.collection.immutable.List.foreach(List.scala:392)
	at scala.collection.TraversableLike.map(TraversableLike.scala:237)
	at scala.collection.TraversableLike.map$(TraversableLike.scala:230)
	at scala.collection.immutable.List.map(List.scala:298)
	at com.olvind.tso.ts.transforms.ExpandCallables$.callableTypes(ExpandCallables.scala:82)
	at com.olvind.tso.ts.transforms.ExpandCallables$$anonfun$callableTypes$2.applyOrElse(ExpandCallables.scala:100)
	at com.olvind.tso.ts.transforms.ExpandCallables$$anonfun$callableTypes$2.applyOrElse(ExpandCallables.scala:91)
	at scala.collection.TraversableOnce.collectFirst(TraversableOnce.scala:148)
	at scala.collection.TraversableOnce.collectFirst$(TraversableOnce.scala:135)
	at scala.collection.AbstractTraversable.collectFirst(Traversable.scala:108)
	at com.olvind.tso.ts.transforms.ExpandCallables$.callableTypes(ExpandCallables.scala:91)
	at com.olvind.tso.ts.transforms.ExpandCallables$.$anonfun$callableTypes$1(ExpandCallables.scala:82)
	at scala.collection.TraversableLike.$anonfun$map$1(TraversableLike.scala:237)
	at scala.collection.immutable.List.foreach(List.scala:392)
	at scala.collection.TraversableLike.map(TraversableLike.scala:237)
	at scala.collection.TraversableLike.map$(TraversableLike.scala:230)
	at scala.collection.immutable.List.map(List.scala:298)
	at com.olvind.tso.ts.transforms.ExpandCallables$.callableTypes(ExpandCallables.scala:82)
	at com.olvind.tso.ts.transforms.ExpandCallables$$anonfun$callableTypes$2.applyOrElse(ExpandCallables.scala:100)
	at com.olvind.tso.ts.transforms.ExpandCallables$$anonfun$callableTypes$2.applyOrElse(ExpandCallables.scala:91)
	at scala.collection.TraversableOnce.collectFirst(TraversableOnce.scala:148)
	at scala.collection.TraversableOnce.collectFirst$(TraversableOnce.scala:135)
	at scala.collection.AbstractTraversable.collectFirst(Traversable.scala:108)
	at com.olvind.tso.ts.transforms.ExpandCallables$.callableTypes(ExpandCallables.scala:91)
	at com.olvind.tso.ts.transforms.ExpandCallables$.$anonfun$callableTypes$1(ExpandCallables.scala:82)
	at scala.collection.TraversableLike.$anonfun$map$1(TraversableLike.scala:237)
	at scala.collection.immutable.List.foreach(List.scala:392)
	at scala.collection.TraversableLike.map(TraversableLike.scala:237)
	at scala.collection.TraversableLike.map$(TraversableLike.scala:230)
	at scala.collection.immutable.List.map(List.scala:298)
	at com.olvind.tso.ts.transforms.ExpandCallables$.callableTypes(ExpandCallables.scala:82)
	at com.olvind.tso.ts.transforms.ExpandCallables$$anonfun$callableTypes$2.applyOrElse(ExpandCallables.scala:100)
	at com.olvind.tso.ts.transforms.ExpandCallables$$anonfun$callableTypes$2.applyOrElse(ExpandCallables.scala:91)
	at scala.collection.TraversableOnce.collectFirst(TraversableOnce.scala:148)
	at scala.collection.TraversableOnce.collectFirst$(TraversableOnce.scala:135)
	at scala.collection.AbstractTraversable.collectFirst(Traversable.scala:108)
	at com.olvind.tso.ts.transforms.ExpandCallables$.callableTypes(ExpandCallables.scala:91)
	at com.olvind.tso.ts.transforms.ExpandCallables$.$anonfun$callableTypes$1(ExpandCallables.scala:82)
	at scala.collection.TraversableLike.$anonfun$map$1(TraversableLike.scala:237)
	at scala.collection.immutable.List.foreach(List.scala:392)
	at scala.collection.TraversableLike.map(TraversableLike.scala:237)
	at scala.collection.TraversableLike.map$(TraversableLike.scala:230)
	at scala.collection.immutable.List.map(List.scala:298)
	at com.olvind.tso.ts.transforms.ExpandCallables$.callableTypes(ExpandCallables.scala:82)
	at com.olvind.tso.ts.transforms.ExpandCallables$$anonfun$callableTypes$2.applyOrElse(ExpandCallables.scala:100)
	at com.olvind.tso.ts.transforms.ExpandCallables$$anonfun$callableTypes$2.applyOrElse(ExpandCallables.scala:91)
	at scala.collection.TraversableOnce.collectFirst(TraversableOnce.scala:148)
	at scala.collection.TraversableOnce.collectFirst$(TraversableOnce.scala:135)
	at scala.collection.AbstractTraversable.collectFirst(Traversable.scala:108)
	at com.olvind.tso.ts.transforms.ExpandCallables$.callableTypes(ExpandCallables.scala:91)
	at com.olvind.tso.ts.transforms.ExpandCallables$.$anonfun$callableTypes$1(ExpandCallables.scala:82)
	at scala.collection.TraversableLike.$anonfun$map$1(TraversableLike.scala:237)
	at scala.collection.immutable.List.foreach(List.scala:392)
	at scala.collection.TraversableLike.map(TraversableLike.scala:237)
	at scala.collection.TraversableLike.map$(TraversableLike.scala:230)
	at scala.collection.immutable.List.map(List.scala:298)
	at com.olvind.tso.ts.transforms.ExpandCallables$.callableTypes(ExpandCallables.scala:82)
	at com.olvind.tso.ts.transforms.ExpandCallables$$anonfun$callableTypes$2.applyOrElse(ExpandCallables.scala:100)
	at com.olvind.tso.ts.transforms.ExpandCallables$$anonfun$callableTypes$2.applyOrElse(ExpandCallables.scala:91)
	at scala.collection.TraversableOnce.collectFirst(TraversableOnce.scala:148)
	at scala.collection.TraversableOnce.collectFirst$(TraversableOnce.scala:135)
	at scala.collection.AbstractTraversable.collectFirst(Traversable.scala:108)

[debug] PhaseRunner.scala:82 Failure, [tabris => java.lang.StackOverflowError] [id => tabris, phase => typescript] 
[debug] PhaseRunner.scala:82 Failure, [tabris => java.lang.StackOverflowError] [id => tabris, phase => scala.js] 
[debug] PhaseRunner.scala:82 Failure, [tabris => java.lang.StackOverflowError] [id => tabris, phase => build] 
[debug] PhaseRunner.scala:82 Failure, [tabris => java.lang.StackOverflowError] [id => tabris, phase => publish] 
