[info ] InferredDependency.scala:20 Inferred dependencies Set(TsIdentLibrarySimple(node)) for TsIdentLibrarySimple(tar) [id => tar, phase => typescript, file => ../types/tar/index.d.ts] 
[debug] PhaseRunner.scala:78 Success [id => tar, phase => typescript] 
[info ] Phase1ReadTypescript.scala:152 Preprocessing TsHelperFile(InFile(/home/tso/tmp/tso-cache/DefinitelyTyped/types/tar/index.d.ts),FromFolder(InFolder(/home/tso/tmp/tso-cache/DefinitelyTyped/types/tar),TsIdentLibrarySimple(tar)),TsIdentModule(None,List(tar))) [id => tar, phase => typescript] 
[info ] InferredDefaultModule.scala:39 Inferred module TsIdentModule(None,List(tar)) [id => tar, phase => typescript] 
[warn ] Phase1ReadTypescript.scala:190 Processing TsIdentLibrarySimple(tar) [id => tar, phase => typescript] 
[info ] ResolveTypeQueries.scala:94 Resolved TsTypeQuery(TsQIdent(List(TsIdentLibrarySimple(tar), TsIdentModule(None,List(tar)), TsIdentSimple(create)))) [id => tar, phase => typescript, scope => TreeScope(TsParsedFile() / TsDeclModule(tar) / TsExport() / TsExporteeTree() / TsDeclVar(c) / TsTypeQuery())] 
[info ] ResolveTypeQueries.scala:94 Resolved TsTypeQuery(TsQIdent(List(TsIdentLibrarySimple(tar), TsIdentModule(None,List(tar)), TsIdentSimple(extract)))) [id => tar, phase => typescript, scope => TreeScope(TsParsedFile() / TsDeclModule(tar) / TsExport() / TsExporteeTree() / TsDeclVar(x) / TsTypeQuery())] 
[info ] ResolveTypeQueries.scala:94 Resolved TsTypeQuery(TsQIdent(List(TsIdentLibrarySimple(tar), TsIdentModule(None,List(tar)), TsIdentSimple(list)))) [id => tar, phase => typescript, scope => TreeScope(TsParsedFile() / TsDeclModule(tar) / TsExport() / TsExporteeTree() / TsDeclVar(t) / TsTypeQuery())] 
[info ] ResolveTypeQueries.scala:94 Resolved TsTypeQuery(TsQIdent(List(TsIdentLibrarySimple(tar), TsIdentModule(None,List(tar)), TsIdentSimple(replace)))) [id => tar, phase => typescript, scope => TreeScope(TsParsedFile() / TsDeclModule(tar) / TsExport() / TsExporteeTree() / TsDeclVar(r) / TsTypeQuery())] 
[info ] ResolveTypeQueries.scala:94 Resolved TsTypeQuery(TsQIdent(List(TsIdentLibrarySimple(tar), TsIdentModule(None,List(tar)), TsIdentSimple(update)))) [id => tar, phase => typescript, scope => TreeScope(TsParsedFile() / TsDeclModule(tar) / TsExport() / TsExporteeTree() / TsDeclVar(u) / TsTypeQuery())] 
[info ] ExtractInterfaces.scala:30 Extracted anonymous interface TsIdentSimple(Anon_Oread) [id => tar, phase => typescript, scope => TreeScope(TsParsedFile() / TsDeclModule(tar) / TsDeclVar(modes) / TsTypeObject())] 
[info ] ExtractInterfaces.scala:30 Extracted anonymous interface TsIdentSimple(Anon_Sync) [id => tar, phase => typescript, scope => TreeScope(TsParsedFile() / TsDeclModule(tar) / TsDeclVar(t) / TsTypeFunction() / TsFunSig() / TsFunParam() / TsTypeIntersect() / TsTypeObject())] 
[info ] ExtractInterfaces.scala:30 Extracted anonymous interface TsIdentSimple(Anon_Sync) [id => tar, phase => typescript, scope => TreeScope(TsParsedFile() / TsDeclModule(tar) / TsDeclFunction(create) / TsFunSig() / TsFunParam() / TsTypeIntersect() / TsTypeObject())] 
[info ] ExtractInterfaces.scala:30 Extracted anonymous interface TsIdentSimple(Anon_Path) [id => tar, phase => typescript, scope => TreeScope(TsParsedFile() / TsDeclModule(tar) / TsDeclVar(knownExtended) / TsTypeObject())] 
[info ] ExtractInterfaces.scala:30 Extracted anonymous interface TsIdentSimple(Anon_Ino) [id => tar, phase => typescript, scope => TreeScope(TsParsedFile() / TsDeclModule(tar) / TsDeclVar(numeric) / TsTypeObject())] 
[info ] ExtractInterfaces.scala:30 Extracted anonymous interface TsIdentSimple(Anon_GlobalExtendedHeader) [id => tar, phase => typescript, scope => TreeScope(TsParsedFile() / TsDeclModule(tar) / TsDeclVar(types) / TsTypeObject())] 
[info ] ExtractInterfaces.scala:30 Extracted anonymous interface TsIdentSimple(Anon_Sync) [id => tar, phase => typescript, scope => TreeScope(TsParsedFile() / TsDeclModule(tar) / TsDeclFunction(list) / TsFunSig() / TsFunParam() / TsTypeIntersect() / TsTypeObject())] 
[info ] ExtractInterfaces.scala:30 Extracted anonymous interface TsIdentSimple(Anon_Sync) [id => tar, phase => typescript, scope => TreeScope(TsParsedFile() / TsDeclModule(tar) / TsDeclFunction(list) / TsFunSig() / TsFunParam() / TsTypeIntersect() / TsTypeObject())] 
[info ] ExtractInterfaces.scala:30 Extracted anonymous interface TsIdentSimple(Anon_Sync) [id => tar, phase => typescript, scope => TreeScope(TsParsedFile() / TsDeclModule(tar) / TsDeclFunction(extract) / TsFunSig() / TsFunParam() / TsTypeIntersect() / TsTypeObject())] 
[info ] ExtractInterfaces.scala:30 Extracted anonymous interface TsIdentSimple(Anon_Sync) [id => tar, phase => typescript, scope => TreeScope(TsParsedFile() / TsDeclModule(tar) / TsDeclFunction(extract) / TsFunSig() / TsFunParam() / TsTypeIntersect() / TsTypeObject())] 
[debug] PhaseRunner.scala:78 Success [id => tar, phase => typescript] 
[warn ] Phase2ToScalaJs.scala:34 Processing TsIdentLibrarySimple(tar) [id => tar, phase => scala.js] 
[info ] InferMemberOverrides.scala:84 added override methods List(Name(pipe), Name(pipe)) [id => tar, phase => scala.js, this => Name(tarLib) / Name(tarMod) / Name(FileStat)] 
[debug] PhaseRunner.scala:78 Success [id => tar, phase => scala.js] 
[warn ] PhaseRunner.scala:64 Failed because of, [node => Compilation failed] [id => tar, phase => build] 
[debug] PhaseRunner.scala:82 Failure, [node => Compilation failed] [id => tar, phase => build] 
