[info ] InferredDependency.scala:20 Inferred dependencies Set(TsIdentLibrarySimple(node)) for TsIdentLibrarySimple(telebot) [id => telebot, phase => typescript, file => ../types/telebot/index.d.ts] 
[debug] PhaseRunner.scala:78 Success [id => telebot, phase => typescript] 
[info ] Phase1ReadTypescript.scala:152 Preprocessing TsHelperFile(InFile(/home/tso/tmp/tso-cache/DefinitelyTyped/types/telebot/index.d.ts),FromFolder(InFolder(/home/tso/tmp/tso-cache/DefinitelyTyped/types/telebot),TsIdentLibrarySimple(telebot)),TsIdentModule(None,List(telebot))) [id => telebot, phase => typescript] 
[info ] InferredDefaultModule.scala:39 Inferred module TsIdentModule(None,List(telebot)) [id => telebot, phase => typescript] 
[warn ] Phase1ReadTypescript.scala:190 Processing TsIdentLibrarySimple(telebot) [id => telebot, phase => typescript] 
[info ] ExtractInterfaces.scala:30 Extracted anonymous interface TsIdentSimple(Anon_Url) [id => telebot, phase => typescript, scope => TreeScope(TsParsedFile() / TsDeclModule(telebot) / TsDeclNamespace(telebot) / TsDeclInterface(config) / TsMemberProperty(webhook) / TsTypeObject())] 
[info ] ExtractInterfaces.scala:30 Extracted anonymous interface TsIdentSimple(Anon_Interval) [id => telebot, phase => typescript, scope => TreeScope(TsParsedFile() / TsDeclModule(telebot) / TsDeclNamespace(telebot) / TsDeclInterface(config) / TsMemberProperty(polling) / TsTypeObject())] 
[info ] ExtractInterfaces.scala:30 Extracted anonymous interface TsIdentSimple(Anon_InlineMessageId) [id => telebot, phase => typescript, scope => TreeScope(TsParsedFile() / TsDeclModule(telebot) / TsDeclInterface(telebot) / TsMemberFunction(getGameHighScores) / TsFunSig() / TsFunParam() / TsTypeObject())] 
[info ] ExtractInterfaces.scala:30 Extracted anonymous interface TsIdentSimple(Anon_Text) [id => telebot, phase => typescript, scope => TreeScope(TsParsedFile() / TsDeclModule(telebot) / TsDeclInterface(telebot) / TsMemberFunction(answerCallbackQuery) / TsFunSig() / TsFunParam() / TsTypeObject())] 
[info ] ExtractInterfaces.scala:30 Extracted anonymous interface TsIdentSimple(Anon_Notification) [id => telebot, phase => typescript, scope => TreeScope(TsParsedFile() / TsDeclModule(telebot) / TsDeclInterface(telebot) / TsMemberFunction(sendMessage) / TsFunSig() / TsFunParam() / TsTypeObject())] 
[info ] ExtractInterfaces.scala:30 Extracted anonymous interface TsIdentSimple(Anon_Notification) [id => telebot, phase => typescript, scope => TreeScope(TsParsedFile() / TsDeclModule(telebot) / TsDeclInterface(telebot) / TsMemberFunction(sendMessage) / TsFunSig() / TsFunParam() / TsTypeObject())] 
[info ] ExtractInterfaces.scala:30 Extracted anonymous interface TsIdentSimple(Anon_Limit) [id => telebot, phase => typescript, scope => TreeScope(TsParsedFile() / TsDeclModule(telebot) / TsDeclInterface(telebot) / TsMemberFunction(getUserProfilePhotos) / TsFunSig() / TsFunParam() / TsTypeObject())] 
[info ] ExtractInterfaces.scala:30 Extracted anonymous interface TsIdentSimple(Anon_ReplyMarkup) [id => telebot, phase => typescript, scope => TreeScope(TsParsedFile() / TsDeclModule(telebot) / TsDeclInterface(telebot) / TsMemberFunction(sendContact) / TsFunSig() / TsFunParam() / TsTypeObject())] 
[info ] ExtractInterfaces.scala:30 Extracted anonymous interface TsIdentSimple(Anon_ReplyMarkup) [id => telebot, phase => typescript, scope => TreeScope(TsParsedFile() / TsDeclModule(telebot) / TsDeclInterface(telebot) / TsMemberFunction(sendContact) / TsFunSig() / TsFunParam() / TsTypeObject())] 
[info ] ExtractInterfaces.scala:30 Extracted anonymous interface TsIdentSimple(Anon_ReplyMarkup) [id => telebot, phase => typescript, scope => TreeScope(TsParsedFile() / TsDeclModule(telebot) / TsDeclInterface(telebot) / TsMemberFunction(sendLocation) / TsFunSig() / TsFunParam() / TsTypeObject())] 
[info ] ExtractInterfaces.scala:30 Extracted anonymous interface TsIdentSimple(Anon_ReplyMarkup) [id => telebot, phase => typescript, scope => TreeScope(TsParsedFile() / TsDeclModule(telebot) / TsDeclInterface(telebot) / TsMemberFunction(sendLocation) / TsFunSig() / TsFunParam() / TsTypeObject())] 
[info ] ExtractInterfaces.scala:30 Extracted anonymous interface TsIdentSimple(Anon_ReplyMarkup) [id => telebot, phase => typescript, scope => TreeScope(TsParsedFile() / TsDeclModule(telebot) / TsDeclInterface(telebot) / TsMemberFunction(sendGame) / TsFunSig() / TsFunParam() / TsTypeObject())] 
[info ] ExtractInterfaces.scala:30 Extracted anonymous interface TsIdentSimple(Anon_ReplyMarkup) [id => telebot, phase => typescript, scope => TreeScope(TsParsedFile() / TsDeclModule(telebot) / TsDeclInterface(telebot) / TsMemberFunction(sendGame) / TsFunSig() / TsFunParam() / TsTypeObject())] 
[info ] ExtractInterfaces.scala:30 Extracted anonymous interface TsIdentSimple(Anon_ReplyMarkupReplyToMessage) [id => telebot, phase => typescript, scope => TreeScope(TsParsedFile() / TsDeclModule(telebot) / TsDeclInterface(telebot) / TsMemberFunction(sendVenue) / TsFunSig() / TsFunParam() / TsTypeObject())] 
[info ] ExtractInterfaces.scala:30 Extracted anonymous interface TsIdentSimple(Anon_ReplyMarkupReplyToMessage) [id => telebot, phase => typescript, scope => TreeScope(TsParsedFile() / TsDeclModule(telebot) / TsDeclInterface(telebot) / TsMemberFunction(sendVenue) / TsFunSig() / TsFunParam() / TsTypeObject())] 
[info ] ExtractInterfaces.scala:30 Extracted anonymous interface TsIdentSimple(Anon_MessageId) [id => telebot, phase => typescript, scope => TreeScope(TsParsedFile() / TsDeclModule(telebot) / TsDeclInterface(telebot) / TsMemberFunction(editMessageText) / TsFunSig() / TsFunParam() / TsTypeObject())] 
[info ] ExtractInterfaces.scala:30 Extracted anonymous interface TsIdentSimple(Anon_MessageIdInlineMsgId) [id => telebot, phase => typescript, scope => TreeScope(TsParsedFile() / TsDeclModule(telebot) / TsDeclInterface(telebot) / TsMemberFunction(editMessageText) / TsFunSig() / TsFunParam() / TsTypeObject())] 
[info ] ExtractInterfaces.scala:30 Extracted anonymous interface TsIdentSimple(Anon_Force) [id => telebot, phase => typescript, scope => TreeScope(TsParsedFile() / TsDeclModule(telebot) / TsDeclInterface(telebot) / TsMemberFunction(setGameScore) / TsFunSig() / TsFunParam() / TsTypeObject())] 
[info ] ExtractInterfaces.scala:30 Extracted anonymous interface TsIdentSimple(Anon_Duration) [id => telebot, phase => typescript, scope => TreeScope(TsParsedFile() / TsDeclModule(telebot) / TsDeclInterface(telebot) / TsMemberFunction(sendVideoNote) / TsFunSig() / TsFunParam() / TsTypeObject())] 
[info ] ExtractInterfaces.scala:30 Extracted anonymous interface TsIdentSimple(Anon_Duration) [id => telebot, phase => typescript, scope => TreeScope(TsParsedFile() / TsDeclModule(telebot) / TsDeclInterface(telebot) / TsMemberFunction(sendVideoNote) / TsFunSig() / TsFunParam() / TsTypeObject())] 
[info ] ExtractInterfaces.scala:30 Extracted anonymous interface TsIdentSimple(Anon_Duration) [id => telebot, phase => typescript, scope => TreeScope(TsParsedFile() / TsDeclModule(telebot) / TsDeclInterface(telebot) / TsMemberFunction(sendVideoNote) / TsFunSig() / TsFunParam() / TsTypeObject())] 
[info ] ExtractInterfaces.scala:30 Extracted anonymous interface TsIdentSimple(Anon_Duration) [id => telebot, phase => typescript, scope => TreeScope(TsParsedFile() / TsDeclModule(telebot) / TsDeclInterface(telebot) / TsMemberFunction(sendVideoNote) / TsFunSig() / TsFunParam() / TsTypeObject())] 
[info ] ExtractInterfaces.scala:30 Extracted anonymous interface TsIdentSimple(Anon_Duration) [id => telebot, phase => typescript, scope => TreeScope(TsParsedFile() / TsDeclModule(telebot) / TsDeclInterface(telebot) / TsMemberFunction(sendVideoNote) / TsFunSig() / TsFunParam() / TsTypeObject())] 
[info ] ExtractInterfaces.scala:30 Extracted anonymous interface TsIdentSimple(Anon_Duration) [id => telebot, phase => typescript, scope => TreeScope(TsParsedFile() / TsDeclModule(telebot) / TsDeclInterface(telebot) / TsMemberFunction(sendVideoNote) / TsFunSig() / TsFunParam() / TsTypeObject())] 
[info ] ExtractInterfaces.scala:30 Extracted anonymous interface TsIdentSimple(Anon_Duration) [id => telebot, phase => typescript, scope => TreeScope(TsParsedFile() / TsDeclModule(telebot) / TsDeclInterface(telebot) / TsMemberFunction(sendVideoNote) / TsFunSig() / TsFunParam() / TsTypeObject())] 
[info ] ExtractInterfaces.scala:30 Extracted anonymous interface TsIdentSimple(Anon_Duration) [id => telebot, phase => typescript, scope => TreeScope(TsParsedFile() / TsDeclModule(telebot) / TsDeclInterface(telebot) / TsMemberFunction(sendVideoNote) / TsFunSig() / TsFunParam() / TsTypeObject())] 
[info ] ExtractInterfaces.scala:30 Extracted anonymous interface TsIdentSimple(Anon_UrlHeight) [id => telebot, phase => typescript, scope => TreeScope(TsParsedFile() / TsDeclModule(telebot) / TsDeclInterface(telebot) / TsMemberFunction(sendInvoice) / TsFunSig() / TsFunParam() / TsTypeObject() / TsMemberProperty(photo) / TsTypeObject())] 
[info ] ExtractInterfaces.scala:30 Extracted anonymous interface TsIdentSimple(Anon_ShippingAddress) [id => telebot, phase => typescript, scope => TreeScope(TsParsedFile() / TsDeclModule(telebot) / TsDeclInterface(telebot) / TsMemberFunction(sendInvoice) / TsFunSig() / TsFunParam() / TsTypeObject() / TsMemberProperty(need) / TsTypeObject())] 
[info ] ExtractInterfaces.scala:30 Extracted anonymous interface TsIdentSimple(Anon_Prices) [id => telebot, phase => typescript, scope => TreeScope(TsParsedFile() / TsDeclModule(telebot) / TsDeclInterface(telebot) / TsMemberFunction(sendInvoice) / TsFunSig() / TsFunParam() / TsTypeObject())] 
[info ] ExtractInterfaces.scala:30 Extracted anonymous interface TsIdentSimple(Anon_UrlHeight) [id => telebot, phase => typescript, scope => TreeScope(TsParsedFile() / TsDeclModule(telebot) / TsDeclInterface(telebot) / TsMemberFunction(sendInvoice) / TsFunSig() / TsFunParam() / TsTypeObject() / TsMemberProperty(photo) / TsTypeObject())] 
[info ] ExtractInterfaces.scala:30 Extracted anonymous interface TsIdentSimple(Anon_ShippingAddress) [id => telebot, phase => typescript, scope => TreeScope(TsParsedFile() / TsDeclModule(telebot) / TsDeclInterface(telebot) / TsMemberFunction(sendInvoice) / TsFunSig() / TsFunParam() / TsTypeObject() / TsMemberProperty(need) / TsTypeObject())] 
[info ] ExtractInterfaces.scala:30 Extracted anonymous interface TsIdentSimple(Anon_Prices) [id => telebot, phase => typescript, scope => TreeScope(TsParsedFile() / TsDeclModule(telebot) / TsDeclInterface(telebot) / TsMemberFunction(sendInvoice) / TsFunSig() / TsFunParam() / TsTypeObject())] 
[info ] ExtractInterfaces.scala:30 Extracted anonymous interface TsIdentSimple(Anon_NotificationFileName) [id => telebot, phase => typescript, scope => TreeScope(TsParsedFile() / TsDeclModule(telebot) / TsDeclInterface(telebot) / TsMemberFunction(sendDocument) / TsFunSig() / TsFunParam() / TsTypeObject())] 
[info ] ExtractInterfaces.scala:30 Extracted anonymous interface TsIdentSimple(Anon_NotificationFileName) [id => telebot, phase => typescript, scope => TreeScope(TsParsedFile() / TsDeclModule(telebot) / TsDeclInterface(telebot) / TsMemberFunction(sendDocument) / TsFunSig() / TsFunParam() / TsTypeObject())] 
[info ] ExtractInterfaces.scala:30 Extracted anonymous interface TsIdentSimple(Anon_NotificationFileName) [id => telebot, phase => typescript, scope => TreeScope(TsParsedFile() / TsDeclModule(telebot) / TsDeclInterface(telebot) / TsMemberFunction(sendDocument) / TsFunSig() / TsFunParam() / TsTypeObject())] 
[info ] ExtractInterfaces.scala:30 Extracted anonymous interface TsIdentSimple(Anon_NotificationFileName) [id => telebot, phase => typescript, scope => TreeScope(TsParsedFile() / TsDeclModule(telebot) / TsDeclInterface(telebot) / TsMemberFunction(sendDocument) / TsFunSig() / TsFunParam() / TsTypeObject())] 
[info ] ExtractInterfaces.scala:30 Extracted anonymous interface TsIdentSimple(Anon_NotificationFileName) [id => telebot, phase => typescript, scope => TreeScope(TsParsedFile() / TsDeclModule(telebot) / TsDeclInterface(telebot) / TsMemberFunction(sendDocument) / TsFunSig() / TsFunParam() / TsTypeObject())] 
[info ] ExtractInterfaces.scala:30 Extracted anonymous interface TsIdentSimple(Anon_NotificationFileName) [id => telebot, phase => typescript, scope => TreeScope(TsParsedFile() / TsDeclModule(telebot) / TsDeclInterface(telebot) / TsMemberFunction(sendDocument) / TsFunSig() / TsFunParam() / TsTypeObject())] 
[info ] ExtractInterfaces.scala:30 Extracted anonymous interface TsIdentSimple(Anon_NotificationFileName) [id => telebot, phase => typescript, scope => TreeScope(TsParsedFile() / TsDeclModule(telebot) / TsDeclInterface(telebot) / TsMemberFunction(sendDocument) / TsFunSig() / TsFunParam() / TsTypeObject())] 
[info ] ExtractInterfaces.scala:30 Extracted anonymous interface TsIdentSimple(Anon_NotificationFileName) [id => telebot, phase => typescript, scope => TreeScope(TsParsedFile() / TsDeclModule(telebot) / TsDeclInterface(telebot) / TsMemberFunction(sendDocument) / TsFunSig() / TsFunParam() / TsTypeObject())] 
[info ] ExtractInterfaces.scala:30 Extracted anonymous interface TsIdentSimple(Anon_DurationNotification) [id => telebot, phase => typescript, scope => TreeScope(TsParsedFile() / TsDeclModule(telebot) / TsDeclInterface(telebot) / TsMemberFunction(sendAudio) / TsFunSig() / TsFunParam() / TsTypeObject())] 
[info ] ExtractInterfaces.scala:30 Extracted anonymous interface TsIdentSimple(Anon_DurationNotification) [id => telebot, phase => typescript, scope => TreeScope(TsParsedFile() / TsDeclModule(telebot) / TsDeclInterface(telebot) / TsMemberFunction(sendAudio) / TsFunSig() / TsFunParam() / TsTypeObject())] 
[info ] ExtractInterfaces.scala:30 Extracted anonymous interface TsIdentSimple(Anon_DurationNotification) [id => telebot, phase => typescript, scope => TreeScope(TsParsedFile() / TsDeclModule(telebot) / TsDeclInterface(telebot) / TsMemberFunction(sendAudio) / TsFunSig() / TsFunParam() / TsTypeObject())] 
[info ] ExtractInterfaces.scala:30 Extracted anonymous interface TsIdentSimple(Anon_DurationNotification) [id => telebot, phase => typescript, scope => TreeScope(TsParsedFile() / TsDeclModule(telebot) / TsDeclInterface(telebot) / TsMemberFunction(sendAudio) / TsFunSig() / TsFunParam() / TsTypeObject())] 
[info ] ExtractInterfaces.scala:30 Extracted anonymous interface TsIdentSimple(Anon_DurationNotification) [id => telebot, phase => typescript, scope => TreeScope(TsParsedFile() / TsDeclModule(telebot) / TsDeclInterface(telebot) / TsMemberFunction(sendAudio) / TsFunSig() / TsFunParam() / TsTypeObject())] 
[info ] ExtractInterfaces.scala:30 Extracted anonymous interface TsIdentSimple(Anon_DurationNotification) [id => telebot, phase => typescript, scope => TreeScope(TsParsedFile() / TsDeclModule(telebot) / TsDeclInterface(telebot) / TsMemberFunction(sendAudio) / TsFunSig() / TsFunParam() / TsTypeObject())] 
[info ] ExtractInterfaces.scala:30 Extracted anonymous interface TsIdentSimple(Anon_DurationNotification) [id => telebot, phase => typescript, scope => TreeScope(TsParsedFile() / TsDeclModule(telebot) / TsDeclInterface(telebot) / TsMemberFunction(sendAudio) / TsFunSig() / TsFunParam() / TsTypeObject())] 
[info ] ExtractInterfaces.scala:30 Extracted anonymous interface TsIdentSimple(Anon_DurationNotification) [id => telebot, phase => typescript, scope => TreeScope(TsParsedFile() / TsDeclModule(telebot) / TsDeclInterface(telebot) / TsMemberFunction(sendAudio) / TsFunSig() / TsFunParam() / TsTypeObject())] 
[info ] ExtractInterfaces.scala:30 Extracted anonymous interface TsIdentSimple(Anon_NotificationBoolean) [id => telebot, phase => typescript, scope => TreeScope(TsParsedFile() / TsDeclModule(telebot) / TsDeclInterface(telebot) / TsMemberFunction(forwardMessage) / TsFunSig() / TsFunParam() / TsTypeObject())] 
[info ] ExtractInterfaces.scala:30 Extracted anonymous interface TsIdentSimple(Anon_NotificationBoolean) [id => telebot, phase => typescript, scope => TreeScope(TsParsedFile() / TsDeclModule(telebot) / TsDeclInterface(telebot) / TsMemberFunction(forwardMessage) / TsFunSig() / TsFunParam() / TsTypeObject())] 
[info ] ExtractInterfaces.scala:30 Extracted anonymous interface TsIdentSimple(Anon_NotificationBoolean) [id => telebot, phase => typescript, scope => TreeScope(TsParsedFile() / TsDeclModule(telebot) / TsDeclInterface(telebot) / TsMemberFunction(forwardMessage) / TsFunSig() / TsFunParam() / TsTypeObject())] 
[info ] ExtractInterfaces.scala:30 Extracted anonymous interface TsIdentSimple(Anon_NotificationBoolean) [id => telebot, phase => typescript, scope => TreeScope(TsParsedFile() / TsDeclModule(telebot) / TsDeclInterface(telebot) / TsMemberFunction(forwardMessage) / TsFunSig() / TsFunParam() / TsTypeObject())] 
[info ] ExtractInterfaces.scala:30 Extracted anonymous interface TsIdentSimple(Anon_DurationNotificationFileName) [id => telebot, phase => typescript, scope => TreeScope(TsParsedFile() / TsDeclModule(telebot) / TsDeclInterface(telebot) / TsMemberFunction(sendVoice) / TsFunSig() / TsFunParam() / TsTypeObject())] 
[info ] ExtractInterfaces.scala:30 Extracted anonymous interface TsIdentSimple(Anon_DurationNotificationFileName) [id => telebot, phase => typescript, scope => TreeScope(TsParsedFile() / TsDeclModule(telebot) / TsDeclInterface(telebot) / TsMemberFunction(sendVoice) / TsFunSig() / TsFunParam() / TsTypeObject())] 
[info ] ExtractInterfaces.scala:30 Extracted anonymous interface TsIdentSimple(Anon_DurationNotificationFileName) [id => telebot, phase => typescript, scope => TreeScope(TsParsedFile() / TsDeclModule(telebot) / TsDeclInterface(telebot) / TsMemberFunction(sendVoice) / TsFunSig() / TsFunParam() / TsTypeObject())] 
[info ] ExtractInterfaces.scala:30 Extracted anonymous interface TsIdentSimple(Anon_DurationNotificationFileName) [id => telebot, phase => typescript, scope => TreeScope(TsParsedFile() / TsDeclModule(telebot) / TsDeclInterface(telebot) / TsMemberFunction(sendVoice) / TsFunSig() / TsFunParam() / TsTypeObject())] 
[info ] ExtractInterfaces.scala:30 Extracted anonymous interface TsIdentSimple(Anon_DurationNotificationFileName) [id => telebot, phase => typescript, scope => TreeScope(TsParsedFile() / TsDeclModule(telebot) / TsDeclInterface(telebot) / TsMemberFunction(sendVoice) / TsFunSig() / TsFunParam() / TsTypeObject())] 
[info ] ExtractInterfaces.scala:30 Extracted anonymous interface TsIdentSimple(Anon_DurationNotificationFileName) [id => telebot, phase => typescript, scope => TreeScope(TsParsedFile() / TsDeclModule(telebot) / TsDeclInterface(telebot) / TsMemberFunction(sendVoice) / TsFunSig() / TsFunParam() / TsTypeObject())] 
[info ] ExtractInterfaces.scala:30 Extracted anonymous interface TsIdentSimple(Anon_DurationNotificationFileName) [id => telebot, phase => typescript, scope => TreeScope(TsParsedFile() / TsDeclModule(telebot) / TsDeclInterface(telebot) / TsMemberFunction(sendVoice) / TsFunSig() / TsFunParam() / TsTypeObject())] 
[info ] ExtractInterfaces.scala:30 Extracted anonymous interface TsIdentSimple(Anon_DurationNotificationFileName) [id => telebot, phase => typescript, scope => TreeScope(TsParsedFile() / TsDeclModule(telebot) / TsDeclInterface(telebot) / TsMemberFunction(sendVoice) / TsFunSig() / TsFunParam() / TsTypeObject())] 
[info ] ExtractInterfaces.scala:30 Extracted anonymous interface TsIdentSimple(Anon_MessageId) [id => telebot, phase => typescript, scope => TreeScope(TsParsedFile() / TsDeclModule(telebot) / TsDeclInterface(telebot) / TsMemberFunction(editMessageCaption) / TsFunSig() / TsFunParam() / TsTypeObject())] 
[info ] ExtractInterfaces.scala:30 Extracted anonymous interface TsIdentSimple(Anon_MessageIdInlineMsgId) [id => telebot, phase => typescript, scope => TreeScope(TsParsedFile() / TsDeclModule(telebot) / TsDeclInterface(telebot) / TsMemberFunction(editMessageCaption) / TsFunSig() / TsFunParam() / TsTypeObject())] 
[info ] ExtractInterfaces.scala:30 Extracted anonymous interface TsIdentSimple(Anon_MessageId) [id => telebot, phase => typescript, scope => TreeScope(TsParsedFile() / TsDeclModule(telebot) / TsDeclInterface(telebot) / TsMemberFunction(editMessageReplyMarkup) / TsFunSig() / TsFunParam() / TsTypeObject())] 
[info ] ExtractInterfaces.scala:30 Extracted anonymous interface TsIdentSimple(Anon_MessageIdInlineMsgId) [id => telebot, phase => typescript, scope => TreeScope(TsParsedFile() / TsDeclModule(telebot) / TsDeclInterface(telebot) / TsMemberFunction(editMessageReplyMarkup) / TsFunSig() / TsFunParam() / TsTypeObject())] 
[info ] ExtractInterfaces.scala:30 Extracted anonymous interface TsIdentSimple(Anon_DurationNotificationHeight) [id => telebot, phase => typescript, scope => TreeScope(TsParsedFile() / TsDeclModule(telebot) / TsDeclInterface(telebot) / TsMemberFunction(sendVideo) / TsFunSig() / TsFunParam() / TsTypeObject())] 
[info ] ExtractInterfaces.scala:30 Extracted anonymous interface TsIdentSimple(Anon_DurationNotificationHeight) [id => telebot, phase => typescript, scope => TreeScope(TsParsedFile() / TsDeclModule(telebot) / TsDeclInterface(telebot) / TsMemberFunction(sendVideo) / TsFunSig() / TsFunParam() / TsTypeObject())] 
[info ] ExtractInterfaces.scala:30 Extracted anonymous interface TsIdentSimple(Anon_DurationNotificationHeight) [id => telebot, phase => typescript, scope => TreeScope(TsParsedFile() / TsDeclModule(telebot) / TsDeclInterface(telebot) / TsMemberFunction(sendVideo) / TsFunSig() / TsFunParam() / TsTypeObject())] 
[info ] ExtractInterfaces.scala:30 Extracted anonymous interface TsIdentSimple(Anon_DurationNotificationHeight) [id => telebot, phase => typescript, scope => TreeScope(TsParsedFile() / TsDeclModule(telebot) / TsDeclInterface(telebot) / TsMemberFunction(sendVideo) / TsFunSig() / TsFunParam() / TsTypeObject())] 
[info ] ExtractInterfaces.scala:30 Extracted anonymous interface TsIdentSimple(Anon_DurationNotificationHeight) [id => telebot, phase => typescript, scope => TreeScope(TsParsedFile() / TsDeclModule(telebot) / TsDeclInterface(telebot) / TsMemberFunction(sendVideo) / TsFunSig() / TsFunParam() / TsTypeObject())] 
[info ] ExtractInterfaces.scala:30 Extracted anonymous interface TsIdentSimple(Anon_DurationNotificationHeight) [id => telebot, phase => typescript, scope => TreeScope(TsParsedFile() / TsDeclModule(telebot) / TsDeclInterface(telebot) / TsMemberFunction(sendVideo) / TsFunSig() / TsFunParam() / TsTypeObject())] 
[info ] ExtractInterfaces.scala:30 Extracted anonymous interface TsIdentSimple(Anon_DurationNotificationHeight) [id => telebot, phase => typescript, scope => TreeScope(TsParsedFile() / TsDeclModule(telebot) / TsDeclInterface(telebot) / TsMemberFunction(sendVideo) / TsFunSig() / TsFunParam() / TsTypeObject())] 
[info ] ExtractInterfaces.scala:30 Extracted anonymous interface TsIdentSimple(Anon_DurationNotificationHeight) [id => telebot, phase => typescript, scope => TreeScope(TsParsedFile() / TsDeclModule(telebot) / TsDeclInterface(telebot) / TsMemberFunction(sendVideo) / TsFunSig() / TsFunParam() / TsTypeObject())] 
[info ] ExtractInterfaces.scala:30 Extracted anonymous interface TsIdentSimple(Anon_ShippingOptions) [id => telebot, phase => typescript, scope => TreeScope(TsParsedFile() / TsDeclModule(telebot) / TsDeclInterface(telebot) / TsMemberFunction(answerShippingQuery) / TsFunSig() / TsFunParam() / TsTypeObject())] 
[info ] ExtractInterfaces.scala:30 Extracted anonymous interface TsIdentSimple(Anon_ErrorMessage) [id => telebot, phase => typescript, scope => TreeScope(TsParsedFile() / TsDeclModule(telebot) / TsDeclInterface(telebot) / TsMemberFunction(answerPreCheckoutQuery) / TsFunSig() / TsFunParam() / TsTypeObject())] 
[info ] ExtractInterfaces.scala:30 Extracted anonymous interface TsIdentSimple(Anon_NotificationFileNameServerDownload) [id => telebot, phase => typescript, scope => TreeScope(TsParsedFile() / TsDeclModule(telebot) / TsDeclInterface(telebot) / TsMemberFunction(sendSticker) / TsFunSig() / TsFunParam() / TsTypeObject())] 
[info ] ExtractInterfaces.scala:30 Extracted anonymous interface TsIdentSimple(Anon_NotificationFileNameServerDownload) [id => telebot, phase => typescript, scope => TreeScope(TsParsedFile() / TsDeclModule(telebot) / TsDeclInterface(telebot) / TsMemberFunction(sendSticker) / TsFunSig() / TsFunParam() / TsTypeObject())] 
[info ] ExtractInterfaces.scala:30 Extracted anonymous interface TsIdentSimple(Anon_NotificationFileNameServerDownload) [id => telebot, phase => typescript, scope => TreeScope(TsParsedFile() / TsDeclModule(telebot) / TsDeclInterface(telebot) / TsMemberFunction(sendSticker) / TsFunSig() / TsFunParam() / TsTypeObject())] 
[info ] ExtractInterfaces.scala:30 Extracted anonymous interface TsIdentSimple(Anon_NotificationFileNameServerDownload) [id => telebot, phase => typescript, scope => TreeScope(TsParsedFile() / TsDeclModule(telebot) / TsDeclInterface(telebot) / TsMemberFunction(sendSticker) / TsFunSig() / TsFunParam() / TsTypeObject())] 
[info ] ExtractInterfaces.scala:30 Extracted anonymous interface TsIdentSimple(Anon_NotificationFileNameServerDownload) [id => telebot, phase => typescript, scope => TreeScope(TsParsedFile() / TsDeclModule(telebot) / TsDeclInterface(telebot) / TsMemberFunction(sendSticker) / TsFunSig() / TsFunParam() / TsTypeObject())] 
[info ] ExtractInterfaces.scala:30 Extracted anonymous interface TsIdentSimple(Anon_NotificationFileNameServerDownload) [id => telebot, phase => typescript, scope => TreeScope(TsParsedFile() / TsDeclModule(telebot) / TsDeclInterface(telebot) / TsMemberFunction(sendSticker) / TsFunSig() / TsFunParam() / TsTypeObject())] 
[info ] ExtractInterfaces.scala:30 Extracted anonymous interface TsIdentSimple(Anon_NotificationFileNameServerDownload) [id => telebot, phase => typescript, scope => TreeScope(TsParsedFile() / TsDeclModule(telebot) / TsDeclInterface(telebot) / TsMemberFunction(sendSticker) / TsFunSig() / TsFunParam() / TsTypeObject())] 
[info ] ExtractInterfaces.scala:30 Extracted anonymous interface TsIdentSimple(Anon_NotificationFileNameServerDownload) [id => telebot, phase => typescript, scope => TreeScope(TsParsedFile() / TsDeclModule(telebot) / TsDeclInterface(telebot) / TsMemberFunction(sendSticker) / TsFunSig() / TsFunParam() / TsTypeObject())] 
[info ] ExtractInterfaces.scala:30 Extracted anonymous interface TsIdentSimple(Anon_NotificationFileName) [id => telebot, phase => typescript, scope => TreeScope(TsParsedFile() / TsDeclModule(telebot) / TsDeclInterface(telebot) / TsMemberFunction(sendPhoto) / TsFunSig() / TsFunParam() / TsTypeObject())] 
[info ] ExtractInterfaces.scala:30 Extracted anonymous interface TsIdentSimple(Anon_NotificationFileName) [id => telebot, phase => typescript, scope => TreeScope(TsParsedFile() / TsDeclModule(telebot) / TsDeclInterface(telebot) / TsMemberFunction(sendPhoto) / TsFunSig() / TsFunParam() / TsTypeObject())] 
[info ] ExtractInterfaces.scala:30 Extracted anonymous interface TsIdentSimple(Anon_NotificationFileName) [id => telebot, phase => typescript, scope => TreeScope(TsParsedFile() / TsDeclModule(telebot) / TsDeclInterface(telebot) / TsMemberFunction(sendPhoto) / TsFunSig() / TsFunParam() / TsTypeObject())] 
[info ] ExtractInterfaces.scala:30 Extracted anonymous interface TsIdentSimple(Anon_NotificationFileName) [id => telebot, phase => typescript, scope => TreeScope(TsParsedFile() / TsDeclModule(telebot) / TsDeclInterface(telebot) / TsMemberFunction(sendPhoto) / TsFunSig() / TsFunParam() / TsTypeObject())] 
[info ] ExtractInterfaces.scala:30 Extracted anonymous interface TsIdentSimple(Anon_NotificationFileName) [id => telebot, phase => typescript, scope => TreeScope(TsParsedFile() / TsDeclModule(telebot) / TsDeclInterface(telebot) / TsMemberFunction(sendPhoto) / TsFunSig() / TsFunParam() / TsTypeObject())] 
[info ] ExtractInterfaces.scala:30 Extracted anonymous interface TsIdentSimple(Anon_NotificationFileName) [id => telebot, phase => typescript, scope => TreeScope(TsParsedFile() / TsDeclModule(telebot) / TsDeclInterface(telebot) / TsMemberFunction(sendPhoto) / TsFunSig() / TsFunParam() / TsTypeObject())] 
[info ] ExtractInterfaces.scala:30 Extracted anonymous interface TsIdentSimple(Anon_NotificationFileName) [id => telebot, phase => typescript, scope => TreeScope(TsParsedFile() / TsDeclModule(telebot) / TsDeclInterface(telebot) / TsMemberFunction(sendPhoto) / TsFunSig() / TsFunParam() / TsTypeObject())] 
[info ] ExtractInterfaces.scala:30 Extracted anonymous interface TsIdentSimple(Anon_NotificationFileName) [id => telebot, phase => typescript, scope => TreeScope(TsParsedFile() / TsDeclModule(telebot) / TsDeclInterface(telebot) / TsMemberFunction(sendPhoto) / TsFunSig() / TsFunParam() / TsTypeObject())] 
[debug] PhaseRunner.scala:78 Success [id => telebot, phase => typescript] 
[warn ] Phase2ToScalaJs.scala:34 Processing TsIdentLibrarySimple(telebot) [id => telebot, phase => scala.js] 
[debug] PhaseRunner.scala:78 Success [id => telebot, phase => scala.js] 
[warn ] PhaseRunner.scala:64 Failed because of, [node => Compilation failed] [id => telebot, phase => build] 
[debug] PhaseRunner.scala:82 Failure, [node => Compilation failed] [id => telebot, phase => build] 
