[info ] InferredDependency.scala:20 Inferred dependencies Set(TsIdentLibrarySimple(node)) for TsIdentLibrarySimple(textract) [id => textract, phase => typescript, file => ../types/textract/index.d.ts] 
[debug] PhaseRunner.scala:78 Success [id => textract, phase => typescript] 
[info ] Phase1ReadTypescript.scala:152 Preprocessing TsHelperFile(InFile(/home/tso/tmp/tso-cache/DefinitelyTyped/types/textract/index.d.ts),FromFolder(InFolder(/home/tso/tmp/tso-cache/DefinitelyTyped/types/textract),TsIdentLibrarySimple(textract)),TsIdentModule(None,List(textract))) [id => textract, phase => typescript] 
[info ] InferredDefaultModule.scala:39 Inferred module TsIdentModule(None,List(textract)) [id => textract, phase => typescript] 
[warn ] Phase1ReadTypescript.scala:190 Processing TsIdentLibrarySimple(textract) [id => textract, phase => typescript] 
[info ] ExtractInterfaces.scala:30 Extracted anonymous interface TsIdentSimple(Anon_W) [id => textract, phase => typescript, scope => TreeScope(TsParsedFile() / TsDeclModule(textract) / TsDeclInterface(Config) / TsMemberProperty(pdftotextOptions) / TsTypeObject() / TsMemberProperty(crop) / TsTypeObject())] 
[info ] ExtractInterfaces.scala:30 Extracted anonymous interface TsIdentSimple(Anon_FirstPage) [id => textract, phase => typescript, scope => TreeScope(TsParsedFile() / TsDeclModule(textract) / TsDeclInterface(Config) / TsMemberProperty(pdftotextOptions) / TsTypeObject())] 
[info ] ExtractInterfaces.scala:30 Extracted anonymous interface TsIdentSimple(Anon_Lang) [id => textract, phase => typescript, scope => TreeScope(TsParsedFile() / TsDeclModule(textract) / TsDeclInterface(Config) / TsMemberProperty(tesseract) / TsTypeUnion() / TsTypeObject())] 
[info ] ExtractInterfaces.scala:30 Extracted anonymous interface TsIdentSimple(Anon_Cmd) [id => textract, phase => typescript, scope => TreeScope(TsParsedFile() / TsDeclModule(textract) / TsDeclInterface(Config) / TsMemberProperty(tesseract) / TsTypeUnion() / TsTypeObject())] 
[debug] PhaseRunner.scala:78 Success [id => textract, phase => typescript] 
[warn ] Phase2ToScalaJs.scala:34 Processing TsIdentLibrarySimple(textract) [id => textract, phase => scala.js] 
[debug] PhaseRunner.scala:78 Success [id => textract, phase => scala.js] 
[warn ] Phase3CompileBloop.scala:211 Built textract in 797 ms [id => textract, phase => build] 
[info ] Phase3CompileBloop.scala:221 published local, [/home/tso/.ivy2/local/com.scalablytyped/textract_sjs0.6_2.12/2.4-dt-20180910Z-f78605/jars/textract_sjs0.6_2.12.jar, /home/tso/.ivy2/local/com.scalablytyped/textract_sjs0.6_2.12/2.4-dt-20180910Z-f78605/srcs/textract_sjs0.6_2.12-sources.jar, /home/tso/.ivy2/local/com.scalablytyped/textract_sjs0.6_2.12/2.4-dt-20180910Z-f78605/ivys/ivy.xml, /home/tso/.ivy2/local/com.scalablytyped/textract_sjs0.6_2.12/2.4-dt-20180910Z-f78605/poms/textract_sjs0.6_2.12.pom] [id => textract, phase => build] 
[debug] PhaseRunner.scala:78 Success [id => textract, phase => build] 
[error] PhaseRes.scala:75 Caught exception [id => textract, phase => publish] java.util.concurrent.ExecutionException: java.net.ConnectException: connection timed out: api.bintray.com/75.126.118.184:443
	at com.ning.http.client.providers.netty.future.NettyResponseFuture.abort(NettyResponseFuture.java:229)
	at com.ning.http.client.providers.netty.request.NettyConnectListener.onFutureFailure(NettyConnectListener.java:107)
	at com.ning.http.client.providers.netty.request.NettyConnectListener.operationComplete(NettyConnectListener.java:115)
	at org.jboss.netty.channel.DefaultChannelFuture.notifyListener(DefaultChannelFuture.java:409)
	at org.jboss.netty.channel.DefaultChannelFuture.notifyListeners(DefaultChannelFuture.java:400)
	at org.jboss.netty.channel.DefaultChannelFuture.setFailure(DefaultChannelFuture.java:362)
	at org.jboss.netty.channel.socket.nio.NioClientBoss.processConnectTimeout(NioClientBoss.java:142)
	at org.jboss.netty.channel.socket.nio.NioClientBoss.process(NioClientBoss.java:83)
	at org.jboss.netty.channel.socket.nio.AbstractNioSelector.run(AbstractNioSelector.java:337)
	at org.jboss.netty.channel.socket.nio.NioClientBoss.run(NioClientBoss.java:42)
	at org.jboss.netty.util.ThreadRenamingRunnable.run(ThreadRenamingRunnable.java:108)
	at org.jboss.netty.util.internal.DeadLockProofWorker$1.run(DeadLockProofWorker.java:42)
	at java.util.concurrent.ThreadPoolExecutor.runWorker(ThreadPoolExecutor.java:1149)
	at java.util.concurrent.ThreadPoolExecutor$Worker.run(ThreadPoolExecutor.java:624)
	at java.lang.Thread.run(Thread.java:748)
Caused by: java.net.ConnectException: connection timed out: api.bintray.com/75.126.118.184:443
	at com.ning.http.client.providers.netty.request.NettyConnectListener.onFutureFailure(NettyConnectListener.java:103)
	... 13 more
Caused by: org.jboss.netty.channel.ConnectTimeoutException: connection timed out: api.bintray.com/75.126.118.184:443
	at org.jboss.netty.channel.socket.nio.NioClientBoss.processConnectTimeout(NioClientBoss.java:139)
	... 8 more

[debug] PhaseRunner.scala:82 Failure, [textract => java.util.concurrent.ExecutionException: java.net.ConnectException: connection timed out: api.bintray.com/75.126.118.184:443] [id => textract, phase => publish] 
