[info ] InferredDependency.scala:20 Inferred dependencies Set(TsIdentLibrarySimple(node)) for TsIdentLibrarySimple(twilio) [id => twilio, phase => typescript, file => ../types/twilio/index.d.ts] 
[debug] PhaseRunner.scala:78 Success [id => twilio, phase => typescript] 
[info ] Phase1ReadTypescript.scala:152 Preprocessing TsHelperFile(InFile(/home/tso/tmp/tso-cache/DefinitelyTyped/types/twilio/index.d.ts),FromFolder(InFolder(/home/tso/tmp/tso-cache/DefinitelyTyped/types/twilio),TsIdentLibrarySimple(twilio)),TsIdentModule(None,List(twilio))) [id => twilio, phase => typescript] 
[info ] InferredDefaultModule.scala:39 Inferred module TsIdentModule(None,List(twilio)) [id => twilio, phase => typescript] 
[warn ] Phase1ReadTypescript.scala:190 Processing TsIdentLibrarySimple(twilio) [id => twilio, phase => typescript] 
[info ] PreferTypeAlias.scala:97 Could not simplify twilio to function type alias because of circular references Vector(TsIdentNamespace(twilio), TsIdentNamespace(twilio)) [id => twilio, phase => typescript, scope => TreeScope(TsParsedFile() / TsDeclModule(twilio) / TsDeclInterface(twilio))] 
[info ] PreferTypeAlias.scala:118 Simplified to function type alias [id => twilio, phase => typescript, scope => TreeScope(TsParsedFile() / TsDeclModule(twilio) / TsDeclNamespace(twilio) / TsDeclInterface(RequestCallback))] 
[info ] PreferTypeAlias.scala:118 Simplified to function type alias [id => twilio, phase => typescript, scope => TreeScope(TsParsedFile() / TsDeclModule(twilio) / TsDeclNamespace(twilio) / TsDeclInterface(BaseMappedResource))] 
[info ] ExpandCallables.scala:57 Expanded get into 2 methods [id => twilio, phase => typescript, scope => TreeScope(TsParsedFile() / TsDeclModule(twilio) / TsDeclNamespace(twilio) / TsDeclInterface(Resource))] 
[info ] ExpandCallables.scala:57 Expanded delete into 2 methods [id => twilio, phase => typescript, scope => TreeScope(TsParsedFile() / TsDeclModule(twilio) / TsDeclNamespace(twilio) / TsDeclInterface(DeletableResource))] 
[info ] ExpandCallables.scala:57 Expanded list into 2 methods [id => twilio, phase => typescript, scope => TreeScope(TsParsedFile() / TsDeclModule(twilio) / TsDeclNamespace(twilio) / TsDeclInterface(ListableResource))] 
[info ] ExpandCallables.scala:57 Expanded post into 2 methods [id => twilio, phase => typescript, scope => TreeScope(TsParsedFile() / TsDeclModule(twilio) / TsDeclNamespace(twilio) / TsDeclInterface(PostableResource))] 
[info ] ExpandCallables.scala:57 Expanded update into 2 methods [id => twilio, phase => typescript, scope => TreeScope(TsParsedFile() / TsDeclModule(twilio) / TsDeclNamespace(twilio) / TsDeclInterface(InstanceResource))] 
[info ] ExpandCallables.scala:57 Expanded create into 2 methods [id => twilio, phase => typescript, scope => TreeScope(TsParsedFile() / TsDeclModule(twilio) / TsDeclNamespace(twilio) / TsDeclInterface(CreatableMappedResource))] 
[info ] ExpandCallables.scala:57 Expanded put into 2 methods [id => twilio, phase => typescript, scope => TreeScope(TsParsedFile() / TsDeclModule(twilio) / TsDeclNamespace(twilio) / TsDeclInterface(RestClient))] 
[info ] ExpandCallables.scala:57 Expanded post into 2 methods [id => twilio, phase => typescript, scope => TreeScope(TsParsedFile() / TsDeclModule(twilio) / TsDeclNamespace(twilio) / TsDeclInterface(RestClient))] 
[info ] ExpandCallables.scala:57 Expanded get into 2 methods [id => twilio, phase => typescript, scope => TreeScope(TsParsedFile() / TsDeclModule(twilio) / TsDeclNamespace(twilio) / TsDeclInterface(RestClient))] 
[info ] ExpandCallables.scala:57 Expanded update into 2 methods [id => twilio, phase => typescript, scope => TreeScope(TsParsedFile() / TsDeclModule(twilio) / TsDeclNamespace(twilio) / TsDeclInterface(RestClient))] 
[info ] ExpandCallables.scala:57 Expanded list into 2 methods [id => twilio, phase => typescript, scope => TreeScope(TsParsedFile() / TsDeclModule(twilio) / TsDeclNamespace(twilio) / TsDeclInterface(RestClient))] 
[info ] ExpandCallables.scala:57 Expanded sendSms into 2 methods [id => twilio, phase => typescript, scope => TreeScope(TsParsedFile() / TsDeclModule(twilio) / TsDeclNamespace(twilio) / TsDeclInterface(RestClient))] 
[info ] ExpandCallables.scala:57 Expanded sendMms into 2 methods [id => twilio, phase => typescript, scope => TreeScope(TsParsedFile() / TsDeclModule(twilio) / TsDeclNamespace(twilio) / TsDeclInterface(RestClient))] 
[info ] ExpandCallables.scala:57 Expanded sendMessage into 2 methods [id => twilio, phase => typescript, scope => TreeScope(TsParsedFile() / TsDeclModule(twilio) / TsDeclNamespace(twilio) / TsDeclInterface(RestClient))] 
[info ] ExpandCallables.scala:57 Expanded listSms into 2 methods [id => twilio, phase => typescript, scope => TreeScope(TsParsedFile() / TsDeclModule(twilio) / TsDeclNamespace(twilio) / TsDeclInterface(RestClient))] 
[info ] ExpandCallables.scala:57 Expanded listMessages into 2 methods [id => twilio, phase => typescript, scope => TreeScope(TsParsedFile() / TsDeclModule(twilio) / TsDeclNamespace(twilio) / TsDeclInterface(RestClient))] 
[info ] ExpandCallables.scala:57 Expanded makeCall into 2 methods [id => twilio, phase => typescript, scope => TreeScope(TsParsedFile() / TsDeclModule(twilio) / TsDeclNamespace(twilio) / TsDeclInterface(RestClient))] 
[info ] ExpandCallables.scala:57 Expanded listCalls into 2 methods [id => twilio, phase => typescript, scope => TreeScope(TsParsedFile() / TsDeclModule(twilio) / TsDeclNamespace(twilio) / TsDeclInterface(RestClient))] 
[info ] PreferTypeAlias.scala:118 Simplified to function type alias [id => twilio, phase => typescript, scope => TreeScope(TsParsedFile() / TsDeclModule(twilio) / TsDeclNamespace(twilio) / TsDeclInterface(TwimlCallback))] 
[info ] ExpandCallables.scala:57 Expanded gather into 3 methods [id => twilio, phase => typescript, scope => TreeScope(TsParsedFile() / TsDeclModule(twilio) / TsDeclNamespace(twilio) / TsDeclInterface(Node))] 
[info ] ExpandCallables.scala:57 Expanded say into 3 methods [id => twilio, phase => typescript, scope => TreeScope(TsParsedFile() / TsDeclModule(twilio) / TsDeclNamespace(twilio) / TsDeclInterface(Node))] 
[info ] ExpandCallables.scala:57 Expanded play into 3 methods [id => twilio, phase => typescript, scope => TreeScope(TsParsedFile() / TsDeclModule(twilio) / TsDeclNamespace(twilio) / TsDeclInterface(Node))] 
[info ] ExpandCallables.scala:57 Expanded pause into 3 methods [id => twilio, phase => typescript, scope => TreeScope(TsParsedFile() / TsDeclModule(twilio) / TsDeclNamespace(twilio) / TsDeclInterface(Node))] 
[info ] ExpandCallables.scala:57 Expanded dial into 3 methods [id => twilio, phase => typescript, scope => TreeScope(TsParsedFile() / TsDeclModule(twilio) / TsDeclNamespace(twilio) / TsDeclInterface(Node))] 
[info ] ExpandCallables.scala:57 Expanded number into 3 methods [id => twilio, phase => typescript, scope => TreeScope(TsParsedFile() / TsDeclModule(twilio) / TsDeclNamespace(twilio) / TsDeclInterface(Node))] 
[info ] ExpandCallables.scala:57 Expanded client into 3 methods [id => twilio, phase => typescript, scope => TreeScope(TsParsedFile() / TsDeclModule(twilio) / TsDeclNamespace(twilio) / TsDeclInterface(Node))] 
[info ] ExpandCallables.scala:57 Expanded conference into 3 methods [id => twilio, phase => typescript, scope => TreeScope(TsParsedFile() / TsDeclModule(twilio) / TsDeclNamespace(twilio) / TsDeclInterface(Node))] 
[info ] ExpandCallables.scala:57 Expanded queue into 3 methods [id => twilio, phase => typescript, scope => TreeScope(TsParsedFile() / TsDeclModule(twilio) / TsDeclNamespace(twilio) / TsDeclInterface(Node))] 
[info ] ExpandCallables.scala:57 Expanded sip into 3 methods [id => twilio, phase => typescript, scope => TreeScope(TsParsedFile() / TsDeclModule(twilio) / TsDeclNamespace(twilio) / TsDeclInterface(Node))] 
[info ] ExpandCallables.scala:57 Expanded message into 3 methods [id => twilio, phase => typescript, scope => TreeScope(TsParsedFile() / TsDeclModule(twilio) / TsDeclNamespace(twilio) / TsDeclInterface(Node))] 
[info ] ExpandCallables.scala:57 Expanded media into 3 methods [id => twilio, phase => typescript, scope => TreeScope(TsParsedFile() / TsDeclModule(twilio) / TsDeclNamespace(twilio) / TsDeclInterface(Node))] 
[info ] ExpandCallables.scala:57 Expanded body into 3 methods [id => twilio, phase => typescript, scope => TreeScope(TsParsedFile() / TsDeclModule(twilio) / TsDeclNamespace(twilio) / TsDeclInterface(Node))] 
[info ] ExpandCallables.scala:57 Expanded enqueue into 3 methods [id => twilio, phase => typescript, scope => TreeScope(TsParsedFile() / TsDeclModule(twilio) / TsDeclNamespace(twilio) / TsDeclInterface(Node))] 
[info ] ExpandCallables.scala:57 Expanded task into 3 methods [id => twilio, phase => typescript, scope => TreeScope(TsParsedFile() / TsDeclModule(twilio) / TsDeclNamespace(twilio) / TsDeclInterface(Node))] 
[info ] ExpandCallables.scala:57 Expanded record into 3 methods [id => twilio, phase => typescript, scope => TreeScope(TsParsedFile() / TsDeclModule(twilio) / TsDeclNamespace(twilio) / TsDeclInterface(Node))] 
[info ] ExpandCallables.scala:57 Expanded sms into 3 methods [id => twilio, phase => typescript, scope => TreeScope(TsParsedFile() / TsDeclModule(twilio) / TsDeclNamespace(twilio) / TsDeclInterface(Node))] 
[info ] ExpandCallables.scala:57 Expanded hangup into 3 methods [id => twilio, phase => typescript, scope => TreeScope(TsParsedFile() / TsDeclModule(twilio) / TsDeclNamespace(twilio) / TsDeclInterface(Node))] 
[info ] ExpandCallables.scala:57 Expanded redirect into 3 methods [id => twilio, phase => typescript, scope => TreeScope(TsParsedFile() / TsDeclModule(twilio) / TsDeclNamespace(twilio) / TsDeclInterface(Node))] 
[info ] ExpandCallables.scala:57 Expanded reject into 3 methods [id => twilio, phase => typescript, scope => TreeScope(TsParsedFile() / TsDeclModule(twilio) / TsDeclNamespace(twilio) / TsDeclInterface(Node))] 
[info ] ExpandCallables.scala:57 Expanded leave into 3 methods [id => twilio, phase => typescript, scope => TreeScope(TsParsedFile() / TsDeclModule(twilio) / TsDeclNamespace(twilio) / TsDeclInterface(Node))] 
[info ] PreferTypeAlias.scala:112 Simplified to type alias [id => twilio, phase => typescript, scope => TreeScope(TsParsedFile() / TsDeclModule(twilio) / TsDeclNamespace(twilio) / TsDeclInterface(TwimlResponse))] 
[info ] PreferTypeAlias.scala:118 Simplified to function type alias [id => twilio, phase => typescript, scope => TreeScope(TsParsedFile() / TsDeclModule(twilio) / TsDeclNamespace(twilio) / TsDeclInterface(MiddlewareFunction))] 
[info ] ExpandCallables.scala:57 Expanded put into 2 methods [id => twilio, phase => typescript, scope => TreeScope(TsParsedFile() / TsDeclModule(twilio) / TsDeclNamespace(twilio) / TsDeclInterface(OutgoingCallerIdInstance))] 
[info ] PreferTypeAlias.scala:112 Simplified to type alias [id => twilio, phase => typescript, scope => TreeScope(TsParsedFile() / TsDeclModule(twilio) / TsDeclNamespace(twilio) / TsDeclInterface(OutgoingCallerIdResource))] 
[info ] PreferTypeAlias.scala:112 Simplified to type alias [id => twilio, phase => typescript, scope => TreeScope(TsParsedFile() / TsDeclModule(twilio) / TsDeclNamespace(twilio) / TsDeclInterface(SMSMessageInstance))] 
[info ] PreferTypeAlias.scala:112 Simplified to type alias [id => twilio, phase => typescript, scope => TreeScope(TsParsedFile() / TsDeclModule(twilio) / TsDeclNamespace(twilio) / TsDeclInterface(SMSMessageResource))] 
[info ] ExpandCallables.scala:57 Expanded update into 2 methods [id => twilio, phase => typescript, scope => TreeScope(TsParsedFile() / TsDeclModule(twilio) / TsDeclNamespace(twilio) / TsDeclInterface(SMSShortCodeInstance))] 
[info ] PreferTypeAlias.scala:112 Simplified to type alias [id => twilio, phase => typescript, scope => TreeScope(TsParsedFile() / TsDeclModule(twilio) / TsDeclNamespace(twilio) / TsDeclInterface(SMSShortCodeResource))] 
[info ] PreferTypeAlias.scala:112 Simplified to type alias [id => twilio, phase => typescript, scope => TreeScope(TsParsedFile() / TsDeclModule(twilio) / TsDeclNamespace(twilio) / TsDeclInterface(ApplicationInstance))] 
[info ] PreferTypeAlias.scala:112 Simplified to type alias [id => twilio, phase => typescript, scope => TreeScope(TsParsedFile() / TsDeclModule(twilio) / TsDeclNamespace(twilio) / TsDeclInterface(ApplicationResource))] 
[info ] ExpandCallables.scala:57 Expanded update into 2 methods [id => twilio, phase => typescript, scope => TreeScope(TsParsedFile() / TsDeclModule(twilio) / TsDeclNamespace(twilio) / TsDeclInterface(ConnectAppInstance))] 
[info ] PreferTypeAlias.scala:112 Simplified to type alias [id => twilio, phase => typescript, scope => TreeScope(TsParsedFile() / TsDeclModule(twilio) / TsDeclNamespace(twilio) / TsDeclInterface(ConnectAppResource))] 
[info ] PreferTypeAlias.scala:112 Simplified to type alias [id => twilio, phase => typescript, scope => TreeScope(TsParsedFile() / TsDeclModule(twilio) / TsDeclNamespace(twilio) / TsDeclInterface(AuthorizedConnectAppInstance))] 
[info ] PreferTypeAlias.scala:112 Simplified to type alias [id => twilio, phase => typescript, scope => TreeScope(TsParsedFile() / TsDeclModule(twilio) / TsDeclNamespace(twilio) / TsDeclInterface(AuthorizedConnectAppResource))] 
[info ] ExpandCallables.scala:57 Expanded post into 2 methods [id => twilio, phase => typescript, scope => TreeScope(TsParsedFile() / TsDeclModule(twilio) / TsDeclNamespace(twilio) / TsDeclInterface(TokenResource))] 
[info ] ExpandCallables.scala:57 Expanded create into 2 methods [id => twilio, phase => typescript, scope => TreeScope(TsParsedFile() / TsDeclModule(twilio) / TsDeclNamespace(twilio) / TsDeclInterface(TokenResource))] 
[info ] PreferTypeAlias.scala:112 Simplified to type alias [id => twilio, phase => typescript, scope => TreeScope(TsParsedFile() / TsDeclModule(twilio) / TsDeclNamespace(twilio) / TsDeclInterface(TranscriptionInstance))] 
[info ] PreferTypeAlias.scala:112 Simplified to type alias [id => twilio, phase => typescript, scope => TreeScope(TsParsedFile() / TsDeclModule(twilio) / TsDeclNamespace(twilio) / TsDeclInterface(TranscriptionResource))] 
[info ] PreferTypeAlias.scala:112 Simplified to type alias [id => twilio, phase => typescript, scope => TreeScope(TsParsedFile() / TsDeclModule(twilio) / TsDeclNamespace(twilio) / TsDeclInterface(NotificationInstance))] 
[info ] PreferTypeAlias.scala:112 Simplified to type alias [id => twilio, phase => typescript, scope => TreeScope(TsParsedFile() / TsDeclModule(twilio) / TsDeclNamespace(twilio) / TsDeclInterface(NotificationResource))] 
[info ] PreferTypeAlias.scala:112 Simplified to type alias [id => twilio, phase => typescript, scope => TreeScope(TsParsedFile() / TsDeclModule(twilio) / TsDeclNamespace(twilio) / TsDeclInterface(UsageTriggerInstance))] 
[info ] PreferTypeAlias.scala:112 Simplified to type alias [id => twilio, phase => typescript, scope => TreeScope(TsParsedFile() / TsDeclModule(twilio) / TsDeclNamespace(twilio) / TsDeclInterface(UsageTriggerResource))] 
[info ] PreferTypeAlias.scala:112 Simplified to type alias [id => twilio, phase => typescript, scope => TreeScope(TsParsedFile() / TsDeclModule(twilio) / TsDeclNamespace(twilio) / TsDeclInterface(KeyInstance))] 
[info ] PreferTypeAlias.scala:112 Simplified to type alias [id => twilio, phase => typescript, scope => TreeScope(TsParsedFile() / TsDeclModule(twilio) / TsDeclNamespace(twilio) / TsDeclInterface(KeyResource))] 
[info ] ExpandCallables.scala:57 Expanded update into 2 methods [id => twilio, phase => typescript, scope => TreeScope(TsParsedFile() / TsDeclModule(twilio) / TsDeclNamespace(twilio) / TsDeclInterface(AccountInstance))] 
[info ] ExpandCallables.scala:57 Expanded put into 2 methods [id => twilio, phase => typescript, scope => TreeScope(TsParsedFile() / TsDeclModule(twilio) / TsDeclNamespace(twilio) / TsDeclInterface(AccountInstance))] 
[info ] PreferTypeAlias.scala:112 Simplified to type alias [id => twilio, phase => typescript, scope => TreeScope(TsParsedFile() / TsDeclModule(twilio) / TsDeclNamespace(twilio) / TsDeclInterface(DependentPhoneNumberResource))] 
[info ] PreferTypeAlias.scala:112 Simplified to type alias [id => twilio, phase => typescript, scope => TreeScope(TsParsedFile() / TsDeclModule(twilio) / TsDeclNamespace(twilio) / TsDeclInterface(AddressResource))] 
[info ] ExpandCallables.scala:57 Expanded search into 2 methods [id => twilio, phase => typescript, scope => TreeScope(TsParsedFile() / TsDeclModule(twilio) / TsDeclNamespace(twilio) / TsDeclInterface(AvailablePhoneNumberResourceGroup))] 
[info ] PreferTypeAlias.scala:112 Simplified to type alias [id => twilio, phase => typescript, scope => TreeScope(TsParsedFile() / TsDeclModule(twilio) / TsDeclNamespace(twilio) / TsDeclInterface(AvailablePhoneNumberResource))] 
[info ] PreferTypeAlias.scala:112 Simplified to type alias [id => twilio, phase => typescript, scope => TreeScope(TsParsedFile() / TsDeclModule(twilio) / TsDeclNamespace(twilio) / TsDeclInterface(CallRecordingResource))] 
[info ] PreferTypeAlias.scala:112 Simplified to type alias [id => twilio, phase => typescript, scope => TreeScope(TsParsedFile() / TsDeclModule(twilio) / TsDeclNamespace(twilio) / TsDeclInterface(CallNotificationResource))] 
[info ] ExpandCallables.scala:57 Expanded create into 2 methods [id => twilio, phase => typescript, scope => TreeScope(TsParsedFile() / TsDeclModule(twilio) / TsDeclNamespace(twilio) / TsDeclInterface(CallFeedbackResource))] 
[info ] PreferTypeAlias.scala:112 Simplified to type alias [id => twilio, phase => typescript, scope => TreeScope(TsParsedFile() / TsDeclModule(twilio) / TsDeclNamespace(twilio) / TsDeclInterface(CallFeedbackSummaryInstance))] 
[info ] ExpandCallables.scala:57 Expanded post into 2 methods [id => twilio, phase => typescript, scope => TreeScope(TsParsedFile() / TsDeclModule(twilio) / TsDeclNamespace(twilio) / TsDeclInterface(CallFeedbackSummaryResource))] 
[info ] ExpandCallables.scala:57 Expanded create into 2 methods [id => twilio, phase => typescript, scope => TreeScope(TsParsedFile() / TsDeclModule(twilio) / TsDeclNamespace(twilio) / TsDeclInterface(CallFeedbackSummaryResource))] 
[info ] ExpandCallables.scala:57 Expanded kick into 2 methods [id => twilio, phase => typescript, scope => TreeScope(TsParsedFile() / TsDeclModule(twilio) / TsDeclNamespace(twilio) / TsDeclInterface(ConferenceParticipantInstance))] 
[info ] ExpandCallables.scala:57 Expanded create into 2 methods [id => twilio, phase => typescript, scope => TreeScope(TsParsedFile() / TsDeclModule(twilio) / TsDeclNamespace(twilio) / TsDeclInterface(IncomingPhoneNumberResourceGroup))] 
[info ] ExpandCallables.scala:57 Expanded put into 2 methods [id => twilio, phase => typescript, scope => TreeScope(TsParsedFile() / TsDeclModule(twilio) / TsDeclNamespace(twilio) / TsDeclInterface(IncomingPhoneNumberInstance))] 
[info ] PreferTypeAlias.scala:112 Simplified to type alias [id => twilio, phase => typescript, scope => TreeScope(TsParsedFile() / TsDeclModule(twilio) / TsDeclNamespace(twilio) / TsDeclInterface(MessageMediaInstance))] 
[info ] PreferTypeAlias.scala:112 Simplified to type alias [id => twilio, phase => typescript, scope => TreeScope(TsParsedFile() / TsDeclModule(twilio) / TsDeclNamespace(twilio) / TsDeclInterface(MessageResource))] 
[info ] ExpandCallables.scala:57 Expanded update into 2 methods [id => twilio, phase => typescript, scope => TreeScope(TsParsedFile() / TsDeclModule(twilio) / TsDeclNamespace(twilio) / TsDeclInterface(QueueMemberInstance))] 
[info ] PreferTypeAlias.scala:112 Simplified to type alias [id => twilio, phase => typescript, scope => TreeScope(TsParsedFile() / TsDeclModule(twilio) / TsDeclNamespace(twilio) / TsDeclInterface(QueueResource))] 
[info ] PreferTypeAlias.scala:112 Simplified to type alias [id => twilio, phase => typescript, scope => TreeScope(TsParsedFile() / TsDeclModule(twilio) / TsDeclNamespace(twilio) / TsDeclInterface(RecordingTranscriptionResource))] 
[info ] PreferTypeAlias.scala:112 Simplified to type alias [id => twilio, phase => typescript, scope => TreeScope(TsParsedFile() / TsDeclModule(twilio) / TsDeclNamespace(twilio) / TsDeclInterface(UsageRecordInstance))] 
[info ] PreferTypeAlias.scala:112 Simplified to type alias [id => twilio, phase => typescript, scope => TreeScope(TsParsedFile() / TsDeclModule(twilio) / TsDeclNamespace(twilio) / TsDeclInterface(UsageRecordRange))] 
[info ] PreferTypeAlias.scala:112 Simplified to type alias [id => twilio, phase => typescript, scope => TreeScope(TsParsedFile() / TsDeclModule(twilio) / TsDeclNamespace(twilio) / TsDeclInterface(CredentialInstance))] 
[info ] PreferTypeAlias.scala:112 Simplified to type alias [id => twilio, phase => typescript, scope => TreeScope(TsParsedFile() / TsDeclModule(twilio) / TsDeclNamespace(twilio) / TsDeclInterface(CredentialResource))] 
[info ] PreferTypeAlias.scala:112 Simplified to type alias [id => twilio, phase => typescript, scope => TreeScope(TsParsedFile() / TsDeclModule(twilio) / TsDeclNamespace(twilio) / TsDeclInterface(ServiceUserInstance))] 
[info ] PreferTypeAlias.scala:112 Simplified to type alias [id => twilio, phase => typescript, scope => TreeScope(TsParsedFile() / TsDeclModule(twilio) / TsDeclNamespace(twilio) / TsDeclInterface(ServiceUserResource))] 
[info ] PreferTypeAlias.scala:112 Simplified to type alias [id => twilio, phase => typescript, scope => TreeScope(TsParsedFile() / TsDeclModule(twilio) / TsDeclNamespace(twilio) / TsDeclInterface(ServiceRoleInstance))] 
[info ] PreferTypeAlias.scala:112 Simplified to type alias [id => twilio, phase => typescript, scope => TreeScope(TsParsedFile() / TsDeclModule(twilio) / TsDeclNamespace(twilio) / TsDeclInterface(ServiceChannelMessageInstance))] 
[info ] PreferTypeAlias.scala:112 Simplified to type alias [id => twilio, phase => typescript, scope => TreeScope(TsParsedFile() / TsDeclModule(twilio) / TsDeclNamespace(twilio) / TsDeclInterface(ServiceChannelMessageResource))] 
[info ] PreferTypeAlias.scala:112 Simplified to type alias [id => twilio, phase => typescript, scope => TreeScope(TsParsedFile() / TsDeclModule(twilio) / TsDeclNamespace(twilio) / TsDeclInterface(ServiceChannelMemberInstance))] 
[info ] PreferTypeAlias.scala:112 Simplified to type alias [id => twilio, phase => typescript, scope => TreeScope(TsParsedFile() / TsDeclModule(twilio) / TsDeclNamespace(twilio) / TsDeclInterface(ServiceChannelMemberResource))] 
[info ] PreferTypeAlias.scala:112 Simplified to type alias [id => twilio, phase => typescript, scope => TreeScope(TsParsedFile() / TsDeclModule(twilio) / TsDeclNamespace(twilio) / TsDeclInterface(ServiceChannelResource))] 
[info ] PreferTypeAlias.scala:112 Simplified to type alias [id => twilio, phase => typescript, scope => TreeScope(TsParsedFile() / TsDeclModule(twilio) / TsDeclNamespace(twilio) / TsDeclInterface(ServiceResource))] 
[info ] PreferTypeAlias.scala:112 Simplified to type alias [id => twilio, phase => typescript, scope => TreeScope(TsParsedFile() / TsDeclModule(twilio) / TsDeclNamespace(twilio) / TsDeclInterface(PhoneNumberInstance))] 
[info ] PreferTypeAlias.scala:112 Simplified to type alias [id => twilio, phase => typescript, scope => TreeScope(TsParsedFile() / TsDeclModule(twilio) / TsDeclNamespace(twilio) / TsDeclInterface(PhoneNumberResource))] 
[info ] PreferTypeAlias.scala:112 Simplified to type alias [id => twilio, phase => typescript, scope => TreeScope(TsParsedFile() / TsDeclModule(twilio) / TsDeclNamespace(twilio) / TsDeclInterface(AlertInstance))] 
[info ] PreferTypeAlias.scala:112 Simplified to type alias [id => twilio, phase => typescript, scope => TreeScope(TsParsedFile() / TsDeclModule(twilio) / TsDeclNamespace(twilio) / TsDeclInterface(EventInstance))] 
[info ] PreferTypeAlias.scala:112 Simplified to type alias [id => twilio, phase => typescript, scope => TreeScope(TsParsedFile() / TsDeclModule(twilio) / TsDeclNamespace(twilio) / TsDeclInterface(CountryInstance))] 
[info ] PreferTypeAlias.scala:112 Simplified to type alias [id => twilio, phase => typescript, scope => TreeScope(TsParsedFile() / TsDeclModule(twilio) / TsDeclNamespace(twilio) / TsDeclInterface(NumberInstance))] 
[info ] PreferTypeAlias.scala:112 Simplified to type alias [id => twilio, phase => typescript, scope => TreeScope(TsParsedFile() / TsDeclModule(twilio) / TsDeclNamespace(twilio) / TsDeclInterface(CredentialListResource))] 
[info ] PreferTypeAlias.scala:112 Simplified to type alias [id => twilio, phase => typescript, scope => TreeScope(TsParsedFile() / TsDeclModule(twilio) / TsDeclNamespace(twilio) / TsDeclInterface(IPAccessControlListMappingInstance))] 
[info ] PreferTypeAlias.scala:112 Simplified to type alias [id => twilio, phase => typescript, scope => TreeScope(TsParsedFile() / TsDeclModule(twilio) / TsDeclNamespace(twilio) / TsDeclInterface(IPAccessControlListMappingResource))] 
[info ] PreferTypeAlias.scala:112 Simplified to type alias [id => twilio, phase => typescript, scope => TreeScope(TsParsedFile() / TsDeclModule(twilio) / TsDeclNamespace(twilio) / TsDeclInterface(CredentialListMappingInstance))] 
[info ] PreferTypeAlias.scala:112 Simplified to type alias [id => twilio, phase => typescript, scope => TreeScope(TsParsedFile() / TsDeclModule(twilio) / TsDeclNamespace(twilio) / TsDeclInterface(CredentialListMappingResource))] 
[info ] PreferTypeAlias.scala:112 Simplified to type alias [id => twilio, phase => typescript, scope => TreeScope(TsParsedFile() / TsDeclModule(twilio) / TsDeclNamespace(twilio) / TsDeclInterface(DomainResource))] 
[info ] PreferTypeAlias.scala:112 Simplified to type alias [id => twilio, phase => typescript, scope => TreeScope(TsParsedFile() / TsDeclModule(twilio) / TsDeclNamespace(twilio) / TsDeclInterface(IPAddressInstance))] 
[info ] PreferTypeAlias.scala:112 Simplified to type alias [id => twilio, phase => typescript, scope => TreeScope(TsParsedFile() / TsDeclModule(twilio) / TsDeclNamespace(twilio) / TsDeclInterface(IPAddressResource))] 
[info ] PreferTypeAlias.scala:112 Simplified to type alias [id => twilio, phase => typescript, scope => TreeScope(TsParsedFile() / TsDeclModule(twilio) / TsDeclNamespace(twilio) / TsDeclInterface(IPAccessControlListResource))] 
[info ] PreferTypeAlias.scala:112 Simplified to type alias [id => twilio, phase => typescript, scope => TreeScope(TsParsedFile() / TsDeclModule(twilio) / TsDeclNamespace(twilio) / TsDeclInterface(WorkspaceActivityInstance))] 
[info ] PreferTypeAlias.scala:112 Simplified to type alias [id => twilio, phase => typescript, scope => TreeScope(TsParsedFile() / TsDeclModule(twilio) / TsDeclNamespace(twilio) / TsDeclInterface(WorkspaceActivityResource))] 
[info ] PreferTypeAlias.scala:112 Simplified to type alias [id => twilio, phase => typescript, scope => TreeScope(TsParsedFile() / TsDeclModule(twilio) / TsDeclNamespace(twilio) / TsDeclInterface(WorkspaceEventInstance))] 
[info ] ExpandCallables.scala:57 Expanded update into 2 methods [id => twilio, phase => typescript, scope => TreeScope(TsParsedFile() / TsDeclModule(twilio) / TsDeclNamespace(twilio) / TsDeclInterface(WorkspaceTaskReservationInstance))] 
[info ] PreferTypeAlias.scala:112 Simplified to type alias [id => twilio, phase => typescript, scope => TreeScope(TsParsedFile() / TsDeclModule(twilio) / TsDeclNamespace(twilio) / TsDeclInterface(WorkspaceTaskResource))] 
[info ] PreferTypeAlias.scala:112 Simplified to type alias [id => twilio, phase => typescript, scope => TreeScope(TsParsedFile() / TsDeclModule(twilio) / TsDeclNamespace(twilio) / TsDeclInterface(WorkspaceInstanceStatisticResource))] 
[info ] PreferTypeAlias.scala:112 Simplified to type alias [id => twilio, phase => typescript, scope => TreeScope(TsParsedFile() / TsDeclModule(twilio) / TsDeclNamespace(twilio) / TsDeclInterface(WorkspaceStatisticResource))] 
[info ] ExpandCallables.scala:57 Expanded update into 2 methods [id => twilio, phase => typescript, scope => TreeScope(TsParsedFile() / TsDeclModule(twilio) / TsDeclNamespace(twilio) / TsDeclInterface(WorkspaceWorkerReservationInstance))] 
[info ] PreferTypeAlias.scala:112 Simplified to type alias [id => twilio, phase => typescript, scope => TreeScope(TsParsedFile() / TsDeclModule(twilio) / TsDeclNamespace(twilio) / TsDeclInterface(WorkspaceResource))] 
[info ] PreferTypeAlias.scala:112 Simplified to type alias [id => twilio, phase => typescript, scope => TreeScope(TsParsedFile() / TsDeclModule(twilio) / TsDeclNamespace(twilio) / TsDeclInterface(OriginationURLInstance))] 
[info ] PreferTypeAlias.scala:112 Simplified to type alias [id => twilio, phase => typescript, scope => TreeScope(TsParsedFile() / TsDeclModule(twilio) / TsDeclNamespace(twilio) / TsDeclInterface(OriginationURLResource))] 
[info ] PreferTypeAlias.scala:112 Simplified to type alias [id => twilio, phase => typescript, scope => TreeScope(TsParsedFile() / TsDeclModule(twilio) / TsDeclNamespace(twilio) / TsDeclInterface(TrunkResource))] 
[debug] PhaseRunner.scala:78 Success [id => twilio, phase => typescript] 
[warn ] Phase2ToScalaJs.scala:34 Processing TsIdentLibrarySimple(twilio) [id => twilio, phase => scala.js] 
[info ] RemoveMultipleInheritance.scala:39 Dropped parents List(twilioLib.twilioMod.twilioNs.DeletableResource because Would inherit conflicting mutable fields List(get_Original)) [id => twilio, phase => scala.js, this => Name(twilioLib) / Name(twilioMod) / Name(twilioNs) / Name(CallFeedbackResource)] 
[info ] RemoveMultipleInheritance.scala:39 Dropped parents List(twilioLib.twilioMod.twilioNs.ListableResource because Would inherit conflicting mutable fields List(get_Original)) [id => twilio, phase => scala.js, this => Name(twilioLib) / Name(twilioMod) / Name(twilioNs) / Name(ConferenceResource)] 
[info ] RemoveMultipleInheritance.scala:39 Dropped parents List(twilioLib.twilioMod.twilioNs.PostableResource because Would inherit conflicting mutable fields List(get_Original)) [id => twilio, phase => scala.js, this => Name(twilioLib) / Name(twilioMod) / Name(twilioNs) / Name(CreatableMappedResource)] 
[info ] RemoveMultipleInheritance.scala:39 Dropped parents List(twilioLib.twilioMod.twilioNs.ListableResource because Would inherit conflicting mutable fields List(get_Original)) [id => twilio, phase => scala.js, this => Name(twilioLib) / Name(twilioMod) / Name(twilioNs) / Name(CallResource)] 
[info ] RemoveMultipleInheritance.scala:39 Dropped parents List(twilioLib.twilioMod.twilioNs.ListableResource because Would inherit conflicting mutable fields List(get_Original)) [id => twilio, phase => scala.js, this => Name(twilioLib) / Name(twilioMod) / Name(twilioNs) / Name(ListMappedResource)] 
[info ] RemoveMultipleInheritance.scala:39 Dropped parents List(twilioLib.twilioMod.twilioNs.DeletableResource because Would inherit conflicting mutable fields List(get_Original)) [id => twilio, phase => scala.js, this => Name(twilioLib) / Name(twilioMod) / Name(twilioNs) / Name(AddressInstance)] 
[info ] RemoveMultipleInheritance.scala:39 Dropped parents List(twilioLib.twilioMod.twilioNs.ListableResource because Would inherit conflicting mutable fields List(get_Original)) [id => twilio, phase => scala.js, this => Name(twilioLib) / Name(twilioMod) / Name(twilioNs) / Name(WorkspaceWorkerReservationResource)] 
[info ] RemoveMultipleInheritance.scala:39 Dropped parents List(twilioLib.twilioMod.twilioNs.DeletableResource because Would inherit conflicting mutable fields List(get_Original)) [id => twilio, phase => scala.js, this => Name(twilioLib) / Name(twilioMod) / Name(twilioNs) / Name(RecordingInstance)] 
[info ] RemoveMultipleInheritance.scala:39 Dropped parents List(twilioLib.twilioMod.twilioNs.DeletableResource because Would inherit conflicting mutable fields List(get_Original)) [id => twilio, phase => scala.js, this => Name(twilioLib) / Name(twilioMod) / Name(twilioNs) / Name(InstanceResource)] 
[info ] RemoveMultipleInheritance.scala:39 Dropped parents List(twilioLib.twilioMod.twilioNs.ListableResource because Would inherit conflicting mutable fields List(get_Original)) [id => twilio, phase => scala.js, this => Name(twilioLib) / Name(twilioMod) / Name(twilioNs) / Name(AlertResource)] 
[info ] RemoveMultipleInheritance.scala:39 Dropped parents List(twilioLib.twilioMod.twilioNs.ListableResource because Would inherit conflicting mutable fields List(get_Original)) [id => twilio, phase => scala.js, this => Name(twilioLib) / Name(twilioMod) / Name(twilioNs) / Name(WorkspaceTaskReservationResource)] 
[info ] RemoveMultipleInheritance.scala:39 Dropped parents List(twilioLib.twilioMod.twilioNs.ListableResource because Would inherit conflicting mutable fields List(get_Original)) [id => twilio, phase => scala.js, this => Name(twilioLib) / Name(twilioMod) / Name(twilioNs) / Name(RecordingResource)] 
[info ] RemoveMultipleInheritance.scala:39 Dropped parents List(twilioLib.twilioMod.twilioNs.ListableResource because Would inherit conflicting mutable fields List(get_Original)) [id => twilio, phase => scala.js, this => Name(twilioLib) / Name(twilioMod) / Name(twilioNs) / Name(ConferenceParticipantResource)] 
[info ] RemoveMultipleInheritance.scala:39 Dropped parents List(twilioLib.twilioMod.twilioNs.DeletableResource because Would inherit conflicting mutable fields List(get_Original)) [id => twilio, phase => scala.js, this => Name(twilioLib) / Name(twilioMod) / Name(twilioNs) / Name(MessageInstance)] 
[info ] RemoveMultipleInheritance.scala:39 Dropped parents List(twilioLib.twilioMod.twilioNs.ListableResource because Would inherit conflicting mutable fields List(get_Original)) [id => twilio, phase => scala.js, this => Name(twilioLib) / Name(twilioMod) / Name(twilioNs) / Name(ServiceRoleResource)] 
[info ] RemoveMultipleInheritance.scala:39 Dropped parents List(twilioLib.twilioMod.twilioNs.ListableResource because Would inherit conflicting mutable fields List(get_Original)) [id => twilio, phase => scala.js, this => Name(twilioLib) / Name(twilioMod) / Name(twilioNs) / Name(CountryResource)] 
[info ] RemoveMultipleInheritance.scala:39 Dropped parents List(twilioLib.twilioMod.twilioNs.ListableResource because Would inherit conflicting mutable fields List(get_Original)) [id => twilio, phase => scala.js, this => Name(twilioLib) / Name(twilioMod) / Name(twilioNs) / Name(NumberResource)] 
[info ] RemoveMultipleInheritance.scala:39 Dropped parents List(twilioLib.twilioMod.twilioNs.ListableResource because Would inherit conflicting mutable fields List(get_Original)) [id => twilio, phase => scala.js, this => Name(twilioLib) / Name(twilioMod) / Name(twilioNs) / Name(MessageMediaResource)] 
[info ] RemoveMultipleInheritance.scala:39 Dropped parents List(twilioLib.twilioMod.twilioNs.ListableResource because Would inherit conflicting mutable fields List(get_Original)) [id => twilio, phase => scala.js, this => Name(twilioLib) / Name(twilioMod) / Name(twilioNs) / Name(WorkspaceEventResource)] 
[info ] RemoveMultipleInheritance.scala:39 Dropped parents List(twilioLib.twilioMod.twilioNs.ListableResource because Would inherit conflicting mutable fields List(get_Original)) [id => twilio, phase => scala.js, this => Name(twilioLib) / Name(twilioMod) / Name(twilioNs) / Name(EventResource)] 
[info ] RemoveMultipleInheritance.scala:39 Dropped parents List(twilioLib.twilioMod.twilioNs.AccountInstance because Would inherit conflicting mutable fields List(get_Original, post_Original)) [id => twilio, phase => scala.js, this => Name(twilioLib) / Name(twilioMod) / Name(twilioNs) / Name(AccountResource)] 
[info ] InferMemberOverrides.scala:84 added override methods List(Name(<apply>)) [id => twilio, phase => scala.js, this => Name(twilioLib) / Name(twilioMod) / Name(twilioNs) / Name(MappedResource)] 
[info ] CompleteClass.scala:60 Completed implementations Vector(nbf, secret, accountSid, keySid, identity, ttl, grants, addGrant, toJwt) [id => twilio, phase => scala.js, this => Name(twilioLib) / Name(twilioMod) / Name(AccessToken)] 
[info ] CompleteClass.scala:60 Completed implementations Vector(configurationProfileSid, toPayload) [id => twilio, phase => scala.js, this => Name(twilioLib) / Name(twilioMod) / Name(ConversationsGrant)] 
[info ] CompleteClass.scala:60 Completed implementations Vector(pushCredentialSid, endpointId, serviceSid, key, deploymentRoleSid, toPayload) [id => twilio, phase => scala.js, this => Name(twilioLib) / Name(twilioMod) / Name(IpMessagingGrant)] 
[info ] CompleteClass.scala:60 Completed implementations Vector(name, legalNodes) [id => twilio, phase => scala.js, this => Name(twilioLib) / Name(twilioMod) / Name(Node)] 
[info ] CompleteClass.scala:60 Completed implementations Vector(filters, defaultFilter, default_filter) [id => twilio, phase => scala.js, this => Name(twilioLib) / Name(twilioMod) / Name(TaskRoutingConfiguration)] 
[info ] CompleteClass.scala:60 Completed implementations Vector(name, legalNodes) [id => twilio, phase => scala.js, this => Name(twilioLib) / Name(twilioMod) / Name(TwimlResponse)] 
[info ] CompleteClass.scala:60 Completed implementations Vector(task_routing, taskRouting, toJSON) [id => twilio, phase => scala.js, this => Name(twilioLib) / Name(twilioMod) / Name(WorkflowConfiguration)] 
[info ] CompleteClass.scala:60 Completed implementations Vector(friendly_name, expression, friendlyName, targets) [id => twilio, phase => scala.js, this => Name(twilioLib) / Name(twilioMod) / Name(WorkflowRule)] 
[info ] CompleteClass.scala:60 Completed implementations Vector(expression, queue, priority, timeout) [id => twilio, phase => scala.js, this => Name(twilioLib) / Name(twilioMod) / Name(WorkflowRuleTarget)] 
[debug] PhaseRunner.scala:78 Success [id => twilio, phase => scala.js] 
[warn ] PhaseRunner.scala:64 Failed because of, [node => Compilation failed] [id => twilio, phase => build] 
[debug] PhaseRunner.scala:82 Failure, [node => Compilation failed] [id => twilio, phase => build] 
