[debug] PhaseRunner.scala:78 Success [id => typed-github-api, phase => typescript] 
[info ] InferredDependency.scala:20 Inferred dependencies Set(TsIdentLibrarySimple(moment)) for TsIdentLibrarySimple(typed-github-api) [id => typed-github-api, phase => typescript, file => ../dist/interfaces/organization.d.ts] 
[info ] InferredDependency.scala:20 Inferred dependencies Set(TsIdentLibrarySimple(moment)) for TsIdentLibrarySimple(typed-github-api) [id => typed-github-api, phase => typescript, file => ../dist/interfaces/repository.d.ts] 
[info ] InferredDependency.scala:20 Inferred dependencies Set(TsIdentLibrarySimple(moment)) for TsIdentLibrarySimple(typed-github-api) [id => typed-github-api, phase => typescript, file => ../dist/interfaces/pull-request.d.ts] 
[debug] PhaseRunner.scala:86 Ignored [id => typed-github-api, phase => typescript] 
[info ] InferredDependency.scala:20 Inferred dependencies Set(TsIdentLibrarySimple(moment)) for TsIdentLibrarySimple(typed-github-api) [id => typed-github-api, phase => typescript, file => ../dist/interfaces/user.d.ts] 
[debug] PhaseRunner.scala:86 Ignored [id => typed-github-api, phase => typescript] 
[debug] PhaseRunner.scala:78 Success [id => typed-github-api, phase => typescript] 
[info ] InferredDependency.scala:20 Inferred dependencies Set(TsIdentLibrarySimple(moment)) for TsIdentLibrarySimple(typed-github-api) [id => typed-github-api, phase => typescript, file => ../dist/interfaces/commit.d.ts] 
[debug] PhaseRunner.scala:78 Success [id => typed-github-api, phase => typescript] 
[debug] PhaseRunner.scala:78 Success [id => typed-github-api, phase => typescript] 
[info ] InferredDependency.scala:20 Inferred dependencies Set(TsIdentLibrarySimple(moment)) for TsIdentLibrarySimple(typed-github-api) [id => typed-github-api, phase => typescript, file => ../dist/interfaces/milestone.d.ts] 
[debug] PhaseRunner.scala:78 Success [id => typed-github-api, phase => typescript] 
[info ] InferredDependency.scala:20 Inferred dependencies Set(TsIdentLibrarySimple(moment)) for TsIdentLibrarySimple(typed-github-api) [id => typed-github-api, phase => typescript, file => ../dist/interfaces/issue.d.ts] 
[debug] PhaseRunner.scala:78 Success [id => typed-github-api, phase => typescript] 
[debug] PhaseRunner.scala:78 Success [id => typed-github-api, phase => typescript] 
[debug] PhaseRunner.scala:78 Success [id => typed-github-api, phase => typescript] 
[debug] PhaseRunner.scala:78 Success [id => typed-github-api, phase => typescript] 
[debug] PhaseRunner.scala:86 Ignored [id => typed-github-api, phase => typescript] 
[debug] PhaseRunner.scala:78 Success [id => typed-github-api, phase => typescript] 
[debug] PhaseRunner.scala:78 Success [id => typed-github-api, phase => typescript] 
[debug] PhaseRunner.scala:78 Success [id => typed-github-api, phase => typescript] 
[info ] InferredDependency.scala:20 Inferred dependencies Set(TsIdentLibrarySimple(moment)) for TsIdentLibrarySimple(typed-github-api) [id => typed-github-api, phase => typescript, file => ../typed-github-api/dist/github-api.d.ts] 
[info ] InferredDependency.scala:20 Inferred dependencies Set(TsIdentLibrarySimple(moment)) for TsIdentLibrarySimple(typed-github-api) [id => typed-github-api, phase => typescript, file => ../typed-github-api/dist/organization.d.ts] 
[debug] PhaseRunner.scala:78 Success [id => typed-github-api, phase => typescript] 
[debug] PhaseRunner.scala:78 Success [id => typed-github-api, phase => typescript] 
[debug] PhaseRunner.scala:78 Success [id => typed-github-api, phase => typescript] 
[debug] PhaseRunner.scala:78 Success [id => typed-github-api, phase => typescript] 
[debug] PhaseRunner.scala:78 Success [id => typed-github-api, phase => typescript] 
[debug] PhaseRunner.scala:78 Success [id => typed-github-api, phase => typescript] 
[debug] PhaseRunner.scala:78 Success [id => typed-github-api, phase => typescript] 
[debug] PhaseRunner.scala:78 Success [id => typed-github-api, phase => typescript] 
[debug] PhaseRunner.scala:78 Success [id => typed-github-api, phase => typescript] 
[debug] PhaseRunner.scala:78 Success [id => typed-github-api, phase => typescript] 
[debug] PhaseRunner.scala:78 Success [id => typed-github-api, phase => typescript] 
[debug] PhaseRunner.scala:78 Success [id => typed-github-api, phase => typescript] 
[debug] PhaseRunner.scala:78 Success [id => typed-github-api, phase => typescript] 
[debug] PhaseRunner.scala:78 Success [id => typed-github-api, phase => typescript] 
[debug] PhaseRunner.scala:78 Success [id => typed-github-api, phase => typescript] 
[debug] PhaseRunner.scala:78 Success [id => typed-github-api, phase => typescript] 
[debug] PhaseRunner.scala:78 Success [id => typed-github-api, phase => typescript] 
[debug] PhaseRunner.scala:78 Success [id => typed-github-api, phase => typescript] 
[debug] PhaseRunner.scala:78 Success [id => typed-github-api, phase => typescript] 
[debug] PhaseRunner.scala:78 Success [id => typed-github-api, phase => typescript] 
[debug] PhaseRunner.scala:78 Success [id => typed-github-api, phase => typescript] 
[debug] PhaseRunner.scala:78 Success [id => typed-github-api, phase => typescript] 
[debug] PhaseRunner.scala:78 Success [id => typed-github-api, phase => typescript] 
[debug] PhaseRunner.scala:78 Success [id => typed-github-api, phase => typescript] 
[info ] Phase1ReadTypescript.scala:152 Preprocessing TsHelperFile(InFile(/home/tso/tmp/tso-cache/npm/node_modules/typed-github-api/dist/api-fetch.d.ts),FromFolder(InFolder(/home/tso/tmp/tso-cache/npm/node_modules/typed-github-api),TsIdentLibrarySimple(typed-github-api)),TsIdentModule(None,List(typed-github-api, dist, api-fetch))) [id => typed-github-api, phase => typescript] 
[info ] InferredDefaultModule.scala:39 Inferred module TsIdentModule(None,List(typed-github-api, dist, api-fetch)) [id => typed-github-api, phase => typescript] 
[info ] Phase1ReadTypescript.scala:152 Preprocessing TsHelperFile(InFile(/home/tso/tmp/tso-cache/npm/node_modules/typed-github-api/dist/branch-ref-impl.d.ts),FromFolder(InFolder(/home/tso/tmp/tso-cache/npm/node_modules/typed-github-api),TsIdentLibrarySimple(typed-github-api)),TsIdentModule(None,List(typed-github-api, dist, branch-ref-impl))) [id => typed-github-api, phase => typescript] 
[info ] InferredDefaultModule.scala:39 Inferred module TsIdentModule(None,List(typed-github-api, dist, branch-ref-impl)) [id => typed-github-api, phase => typescript] 
[info ] Phase1ReadTypescript.scala:152 Preprocessing TsHelperFile(InFile(/home/tso/tmp/tso-cache/npm/node_modules/typed-github-api/dist/commit-ref-impl.d.ts),FromFolder(InFolder(/home/tso/tmp/tso-cache/npm/node_modules/typed-github-api),TsIdentLibrarySimple(typed-github-api)),TsIdentModule(None,List(typed-github-api, dist, commit-ref-impl))) [id => typed-github-api, phase => typescript] 
[info ] InferredDefaultModule.scala:39 Inferred module TsIdentModule(None,List(typed-github-api, dist, commit-ref-impl)) [id => typed-github-api, phase => typescript] 
[info ] Phase1ReadTypescript.scala:152 Preprocessing TsHelperFile(InFile(/home/tso/tmp/tso-cache/npm/node_modules/typed-github-api/dist/github-api.d.ts),FromFolder(InFolder(/home/tso/tmp/tso-cache/npm/node_modules/typed-github-api),TsIdentLibrarySimple(typed-github-api)),TsIdentModule(None,List(typed-github-api, dist, github-api))) [id => typed-github-api, phase => typescript] 
[info ] InferredDefaultModule.scala:39 Inferred module TsIdentModule(None,List(typed-github-api, dist, github-api)) [id => typed-github-api, phase => typescript] 
[info ] Phase1ReadTypescript.scala:152 Preprocessing TsHelperFile(InFile(/home/tso/tmp/tso-cache/npm/node_modules/typed-github-api/dist/github-ref.d.ts),FromFolder(InFolder(/home/tso/tmp/tso-cache/npm/node_modules/typed-github-api),TsIdentLibrarySimple(typed-github-api)),TsIdentModule(None,List(typed-github-api, dist, github-ref))) [id => typed-github-api, phase => typescript] 
[info ] InferredDefaultModule.scala:39 Inferred module TsIdentModule(None,List(typed-github-api, dist, github-ref)) [id => typed-github-api, phase => typescript] 
[info ] Phase1ReadTypescript.scala:152 Preprocessing TsHelperFile(InFile(/home/tso/tmp/tso-cache/npm/node_modules/typed-github-api/dist/index.d.ts),FromFolder(InFolder(/home/tso/tmp/tso-cache/npm/node_modules/typed-github-api),TsIdentLibrarySimple(typed-github-api)),TsIdentModule(None,List(typed-github-api))) [id => typed-github-api, phase => typescript] 
[info ] InferredDefaultModule.scala:39 Inferred module TsIdentModule(None,List(typed-github-api)) [id => typed-github-api, phase => typescript] 
[info ] Phase1ReadTypescript.scala:152 Preprocessing TsHelperFile(InFile(/home/tso/tmp/tso-cache/npm/node_modules/typed-github-api/dist/issue-ref-impl.d.ts),FromFolder(InFolder(/home/tso/tmp/tso-cache/npm/node_modules/typed-github-api),TsIdentLibrarySimple(typed-github-api)),TsIdentModule(None,List(typed-github-api, dist, issue-ref-impl))) [id => typed-github-api, phase => typescript] 
[info ] InferredDefaultModule.scala:39 Inferred module TsIdentModule(None,List(typed-github-api, dist, issue-ref-impl)) [id => typed-github-api, phase => typescript] 
[info ] Phase1ReadTypescript.scala:152 Preprocessing TsHelperFile(InFile(/home/tso/tmp/tso-cache/npm/node_modules/typed-github-api/dist/organization.d.ts),FromFolder(InFolder(/home/tso/tmp/tso-cache/npm/node_modules/typed-github-api),TsIdentLibrarySimple(typed-github-api)),TsIdentModule(None,List(typed-github-api, dist, organization))) [id => typed-github-api, phase => typescript] 
[info ] InferredDefaultModule.scala:39 Inferred module TsIdentModule(None,List(typed-github-api, dist, organization)) [id => typed-github-api, phase => typescript] 
[info ] Phase1ReadTypescript.scala:152 Preprocessing TsHelperFile(InFile(/home/tso/tmp/tso-cache/npm/node_modules/typed-github-api/dist/owner-ref.d.ts),FromFolder(InFolder(/home/tso/tmp/tso-cache/npm/node_modules/typed-github-api),TsIdentLibrarySimple(typed-github-api)),TsIdentModule(None,List(typed-github-api, dist, owner-ref))) [id => typed-github-api, phase => typescript] 
[info ] InferredDefaultModule.scala:39 Inferred module TsIdentModule(None,List(typed-github-api, dist, owner-ref)) [id => typed-github-api, phase => typescript] 
[info ] Phase1ReadTypescript.scala:152 Preprocessing TsHelperFile(InFile(/home/tso/tmp/tso-cache/npm/node_modules/typed-github-api/dist/pull-request-ref-impl.d.ts),FromFolder(InFolder(/home/tso/tmp/tso-cache/npm/node_modules/typed-github-api),TsIdentLibrarySimple(typed-github-api)),TsIdentModule(None,List(typed-github-api, dist, pull-request-ref-impl))) [id => typed-github-api, phase => typescript] 
[info ] InferredDefaultModule.scala:39 Inferred module TsIdentModule(None,List(typed-github-api, dist, pull-request-ref-impl)) [id => typed-github-api, phase => typescript] 
[info ] Phase1ReadTypescript.scala:152 Preprocessing TsHelperFile(InFile(/home/tso/tmp/tso-cache/npm/node_modules/typed-github-api/dist/repository-ref-impl.d.ts),FromFolder(InFolder(/home/tso/tmp/tso-cache/npm/node_modules/typed-github-api),TsIdentLibrarySimple(typed-github-api)),TsIdentModule(None,List(typed-github-api, dist, repository-ref-impl))) [id => typed-github-api, phase => typescript] 
[info ] InferredDefaultModule.scala:39 Inferred module TsIdentModule(None,List(typed-github-api, dist, repository-ref-impl)) [id => typed-github-api, phase => typescript] 
[info ] Phase1ReadTypescript.scala:152 Preprocessing TsHelperFile(InFile(/home/tso/tmp/tso-cache/npm/node_modules/typed-github-api/dist/user-ref-impl.d.ts),FromFolder(InFolder(/home/tso/tmp/tso-cache/npm/node_modules/typed-github-api),TsIdentLibrarySimple(typed-github-api)),TsIdentModule(None,List(typed-github-api, dist, user-ref-impl))) [id => typed-github-api, phase => typescript] 
[info ] Phase1ReadTypescript.scala:152 Preprocessing TsHelperFile(InFile(/home/tso/tmp/tso-cache/npm/node_modules/typed-github-api/dist/web-hook.d.ts),FromFolder(InFolder(/home/tso/tmp/tso-cache/npm/node_modules/typed-github-api),TsIdentLibrarySimple(typed-github-api)),TsIdentModule(None,List(typed-github-api, dist, web-hook))) [id => typed-github-api, phase => typescript] 
[info ] InferredDefaultModule.scala:39 Inferred module TsIdentModule(None,List(typed-github-api, dist, web-hook)) [id => typed-github-api, phase => typescript] 
[info ] Phase1ReadTypescript.scala:152 Preprocessing TsHelperFile(InFile(/home/tso/tmp/tso-cache/npm/node_modules/typed-github-api/dist/api-interfaces/branch.d.ts),FromFolder(InFolder(/home/tso/tmp/tso-cache/npm/node_modules/typed-github-api),TsIdentLibrarySimple(typed-github-api)),TsIdentModule(None,List(typed-github-api, dist, api-interfaces, branch))) [id => typed-github-api, phase => typescript] 
[info ] InferredDefaultModule.scala:39 Inferred module TsIdentModule(None,List(typed-github-api, dist, api-interfaces, branch)) [id => typed-github-api, phase => typescript] 
[info ] Phase1ReadTypescript.scala:152 Preprocessing TsHelperFile(InFile(/home/tso/tmp/tso-cache/npm/node_modules/typed-github-api/dist/api-interfaces/commit.d.ts),FromFolder(InFolder(/home/tso/tmp/tso-cache/npm/node_modules/typed-github-api),TsIdentLibrarySimple(typed-github-api)),TsIdentModule(None,List(typed-github-api, dist, api-interfaces, commit))) [id => typed-github-api, phase => typescript] 
[info ] InferredDefaultModule.scala:39 Inferred module TsIdentModule(None,List(typed-github-api, dist, api-interfaces, commit)) [id => typed-github-api, phase => typescript] 
[info ] Phase1ReadTypescript.scala:152 Preprocessing TsHelperFile(InFile(/home/tso/tmp/tso-cache/npm/node_modules/typed-github-api/dist/api-interfaces/index.d.ts),FromFolder(InFolder(/home/tso/tmp/tso-cache/npm/node_modules/typed-github-api),TsIdentLibrarySimple(typed-github-api)),TsIdentModule(None,List(typed-github-api, dist, api-interfaces))) [id => typed-github-api, phase => typescript] 
[info ] InferredDefaultModule.scala:39 Inferred module TsIdentModule(None,List(typed-github-api, dist, api-interfaces)) [id => typed-github-api, phase => typescript] 
[info ] Phase1ReadTypescript.scala:152 Preprocessing TsHelperFile(InFile(/home/tso/tmp/tso-cache/npm/node_modules/typed-github-api/dist/api-interfaces/issue.d.ts),FromFolder(InFolder(/home/tso/tmp/tso-cache/npm/node_modules/typed-github-api),TsIdentLibrarySimple(typed-github-api)),TsIdentModule(None,List(typed-github-api, dist, api-interfaces, issue))) [id => typed-github-api, phase => typescript] 
[info ] InferredDefaultModule.scala:39 Inferred module TsIdentModule(None,List(typed-github-api, dist, api-interfaces, issue)) [id => typed-github-api, phase => typescript] 
[info ] Phase1ReadTypescript.scala:152 Preprocessing TsHelperFile(InFile(/home/tso/tmp/tso-cache/npm/node_modules/typed-github-api/dist/api-interfaces/label.d.ts),FromFolder(InFolder(/home/tso/tmp/tso-cache/npm/node_modules/typed-github-api),TsIdentLibrarySimple(typed-github-api)),TsIdentModule(None,List(typed-github-api, dist, api-interfaces, label))) [id => typed-github-api, phase => typescript] 
[info ] InferredDefaultModule.scala:39 Inferred module TsIdentModule(None,List(typed-github-api, dist, api-interfaces, label)) [id => typed-github-api, phase => typescript] 
[info ] Phase1ReadTypescript.scala:152 Preprocessing TsHelperFile(InFile(/home/tso/tmp/tso-cache/npm/node_modules/typed-github-api/dist/api-interfaces/milestone.d.ts),FromFolder(InFolder(/home/tso/tmp/tso-cache/npm/node_modules/typed-github-api),TsIdentLibrarySimple(typed-github-api)),TsIdentModule(None,List(typed-github-api, dist, api-interfaces, milestone))) [id => typed-github-api, phase => typescript] 
[info ] InferredDefaultModule.scala:39 Inferred module TsIdentModule(None,List(typed-github-api, dist, api-interfaces, milestone)) [id => typed-github-api, phase => typescript] 
[info ] Phase1ReadTypescript.scala:152 Preprocessing TsHelperFile(InFile(/home/tso/tmp/tso-cache/npm/node_modules/typed-github-api/dist/api-interfaces/pull-request.d.ts),FromFolder(InFolder(/home/tso/tmp/tso-cache/npm/node_modules/typed-github-api),TsIdentLibrarySimple(typed-github-api)),TsIdentModule(None,List(typed-github-api, dist, api-interfaces, pull-request))) [id => typed-github-api, phase => typescript] 
[info ] InferredDefaultModule.scala:39 Inferred module TsIdentModule(None,List(typed-github-api, dist, api-interfaces, pull-request)) [id => typed-github-api, phase => typescript] 
[info ] Phase1ReadTypescript.scala:152 Preprocessing TsHelperFile(InFile(/home/tso/tmp/tso-cache/npm/node_modules/typed-github-api/dist/api-interfaces/repository.d.ts),FromFolder(InFolder(/home/tso/tmp/tso-cache/npm/node_modules/typed-github-api),TsIdentLibrarySimple(typed-github-api)),TsIdentModule(None,List(typed-github-api, dist, api-interfaces, repository))) [id => typed-github-api, phase => typescript] 
[info ] InferredDefaultModule.scala:39 Inferred module TsIdentModule(None,List(typed-github-api, dist, api-interfaces, repository)) [id => typed-github-api, phase => typescript] 
[info ] Phase1ReadTypescript.scala:152 Preprocessing TsHelperFile(InFile(/home/tso/tmp/tso-cache/npm/node_modules/typed-github-api/dist/api-interfaces/search-result.d.ts),FromFolder(InFolder(/home/tso/tmp/tso-cache/npm/node_modules/typed-github-api),TsIdentLibrarySimple(typed-github-api)),TsIdentModule(None,List(typed-github-api, dist, api-interfaces, search-result))) [id => typed-github-api, phase => typescript] 
[info ] InferredDefaultModule.scala:39 Inferred module TsIdentModule(None,List(typed-github-api, dist, api-interfaces, search-result)) [id => typed-github-api, phase => typescript] 
[info ] Phase1ReadTypescript.scala:152 Preprocessing TsHelperFile(InFile(/home/tso/tmp/tso-cache/npm/node_modules/typed-github-api/dist/api-interfaces/team.d.ts),FromFolder(InFolder(/home/tso/tmp/tso-cache/npm/node_modules/typed-github-api),TsIdentLibrarySimple(typed-github-api)),TsIdentModule(None,List(typed-github-api, dist, api-interfaces, team))) [id => typed-github-api, phase => typescript] 
[info ] InferredDefaultModule.scala:39 Inferred module TsIdentModule(None,List(typed-github-api, dist, api-interfaces, team)) [id => typed-github-api, phase => typescript] 
[info ] Phase1ReadTypescript.scala:152 Preprocessing TsHelperFile(InFile(/home/tso/tmp/tso-cache/npm/node_modules/typed-github-api/dist/api-interfaces/user.d.ts),FromFolder(InFolder(/home/tso/tmp/tso-cache/npm/node_modules/typed-github-api),TsIdentLibrarySimple(typed-github-api)),TsIdentModule(None,List(typed-github-api, dist, api-interfaces, user))) [id => typed-github-api, phase => typescript] 
[info ] InferredDefaultModule.scala:39 Inferred module TsIdentModule(None,List(typed-github-api, dist, api-interfaces, user)) [id => typed-github-api, phase => typescript] 
[info ] Phase1ReadTypescript.scala:152 Preprocessing TsHelperFile(InFile(/home/tso/tmp/tso-cache/npm/node_modules/typed-github-api/dist/api-interfaces/web-hooks.d.ts),FromFolder(InFolder(/home/tso/tmp/tso-cache/npm/node_modules/typed-github-api),TsIdentLibrarySimple(typed-github-api)),TsIdentModule(None,List(typed-github-api, dist, api-interfaces, web-hooks))) [id => typed-github-api, phase => typescript] 
[info ] InferredDefaultModule.scala:39 Inferred module TsIdentModule(None,List(typed-github-api, dist, api-interfaces, web-hooks)) [id => typed-github-api, phase => typescript] 
[info ] Phase1ReadTypescript.scala:152 Preprocessing TsHelperFile(InFile(/home/tso/tmp/tso-cache/npm/node_modules/typed-github-api/dist/interfaces/branch.d.ts),FromFolder(InFolder(/home/tso/tmp/tso-cache/npm/node_modules/typed-github-api),TsIdentLibrarySimple(typed-github-api)),TsIdentModule(None,List(typed-github-api, dist, interfaces, branch))) [id => typed-github-api, phase => typescript] 
[info ] InferredDefaultModule.scala:39 Inferred module TsIdentModule(None,List(typed-github-api, dist, interfaces, branch)) [id => typed-github-api, phase => typescript] 
[info ] Phase1ReadTypescript.scala:152 Preprocessing TsHelperFile(InFile(/home/tso/tmp/tso-cache/npm/node_modules/typed-github-api/dist/interfaces/commit.d.ts),FromFolder(InFolder(/home/tso/tmp/tso-cache/npm/node_modules/typed-github-api),TsIdentLibrarySimple(typed-github-api)),TsIdentModule(None,List(typed-github-api, dist, interfaces, commit))) [id => typed-github-api, phase => typescript] 
[info ] InferredDefaultModule.scala:39 Inferred module TsIdentModule(None,List(typed-github-api, dist, interfaces, commit)) [id => typed-github-api, phase => typescript] 
[info ] Phase1ReadTypescript.scala:152 Preprocessing TsHelperFile(InFile(/home/tso/tmp/tso-cache/npm/node_modules/typed-github-api/dist/interfaces/issue.d.ts),FromFolder(InFolder(/home/tso/tmp/tso-cache/npm/node_modules/typed-github-api),TsIdentLibrarySimple(typed-github-api)),TsIdentModule(None,List(typed-github-api, dist, interfaces, issue))) [id => typed-github-api, phase => typescript] 
[info ] InferredDefaultModule.scala:39 Inferred module TsIdentModule(None,List(typed-github-api, dist, interfaces, issue)) [id => typed-github-api, phase => typescript] 
[info ] Phase1ReadTypescript.scala:152 Preprocessing TsHelperFile(InFile(/home/tso/tmp/tso-cache/npm/node_modules/typed-github-api/dist/interfaces/label.d.ts),FromFolder(InFolder(/home/tso/tmp/tso-cache/npm/node_modules/typed-github-api),TsIdentLibrarySimple(typed-github-api)),TsIdentModule(None,List(typed-github-api, dist, interfaces, label))) [id => typed-github-api, phase => typescript] 
[info ] InferredDefaultModule.scala:39 Inferred module TsIdentModule(None,List(typed-github-api, dist, interfaces, label)) [id => typed-github-api, phase => typescript] 
[info ] Phase1ReadTypescript.scala:152 Preprocessing TsHelperFile(InFile(/home/tso/tmp/tso-cache/npm/node_modules/typed-github-api/dist/interfaces/milestone.d.ts),FromFolder(InFolder(/home/tso/tmp/tso-cache/npm/node_modules/typed-github-api),TsIdentLibrarySimple(typed-github-api)),TsIdentModule(None,List(typed-github-api, dist, interfaces, milestone))) [id => typed-github-api, phase => typescript] 
[info ] InferredDefaultModule.scala:39 Inferred module TsIdentModule(None,List(typed-github-api, dist, interfaces, milestone)) [id => typed-github-api, phase => typescript] 
[info ] Phase1ReadTypescript.scala:152 Preprocessing TsHelperFile(InFile(/home/tso/tmp/tso-cache/npm/node_modules/typed-github-api/dist/interfaces/organization.d.ts),FromFolder(InFolder(/home/tso/tmp/tso-cache/npm/node_modules/typed-github-api),TsIdentLibrarySimple(typed-github-api)),TsIdentModule(None,List(typed-github-api, dist, interfaces, organization))) [id => typed-github-api, phase => typescript] 
[info ] InferredDefaultModule.scala:39 Inferred module TsIdentModule(None,List(typed-github-api, dist, interfaces, organization)) [id => typed-github-api, phase => typescript] 
[info ] Phase1ReadTypescript.scala:152 Preprocessing TsHelperFile(InFile(/home/tso/tmp/tso-cache/npm/node_modules/typed-github-api/dist/interfaces/owner-ref.d.ts),FromFolder(InFolder(/home/tso/tmp/tso-cache/npm/node_modules/typed-github-api),TsIdentLibrarySimple(typed-github-api)),TsIdentModule(None,List(typed-github-api, dist, interfaces, owner-ref))) [id => typed-github-api, phase => typescript] 
[info ] InferredDefaultModule.scala:39 Inferred module TsIdentModule(None,List(typed-github-api, dist, interfaces, owner-ref)) [id => typed-github-api, phase => typescript] 
[info ] Phase1ReadTypescript.scala:152 Preprocessing TsHelperFile(InFile(/home/tso/tmp/tso-cache/npm/node_modules/typed-github-api/dist/interfaces/pull-request.d.ts),FromFolder(InFolder(/home/tso/tmp/tso-cache/npm/node_modules/typed-github-api),TsIdentLibrarySimple(typed-github-api)),TsIdentModule(None,List(typed-github-api, dist, interfaces, pull-request))) [id => typed-github-api, phase => typescript] 
[info ] InferredDefaultModule.scala:39 Inferred module TsIdentModule(None,List(typed-github-api, dist, interfaces, pull-request)) [id => typed-github-api, phase => typescript] 
[info ] Phase1ReadTypescript.scala:152 Preprocessing TsHelperFile(InFile(/home/tso/tmp/tso-cache/npm/node_modules/typed-github-api/dist/interfaces/repository.d.ts),FromFolder(InFolder(/home/tso/tmp/tso-cache/npm/node_modules/typed-github-api),TsIdentLibrarySimple(typed-github-api)),TsIdentModule(None,List(typed-github-api, dist, interfaces, repository))) [id => typed-github-api, phase => typescript] 
[info ] InferredDefaultModule.scala:39 Inferred module TsIdentModule(None,List(typed-github-api, dist, interfaces, repository)) [id => typed-github-api, phase => typescript] 
[info ] Phase1ReadTypescript.scala:152 Preprocessing TsHelperFile(InFile(/home/tso/tmp/tso-cache/npm/node_modules/typed-github-api/dist/interfaces/user.d.ts),FromFolder(InFolder(/home/tso/tmp/tso-cache/npm/node_modules/typed-github-api),TsIdentLibrarySimple(typed-github-api)),TsIdentModule(None,List(typed-github-api, dist, interfaces, user))) [id => typed-github-api, phase => typescript] 
[info ] InferredDefaultModule.scala:39 Inferred module TsIdentModule(None,List(typed-github-api, dist, interfaces, user)) [id => typed-github-api, phase => typescript] 
[info ] Phase1ReadTypescript.scala:152 Preprocessing TsHelperFile(InFile(/home/tso/tmp/tso-cache/npm/node_modules/typed-github-api/dist/utils/request-with-rawbody.d.ts),FromFolder(InFolder(/home/tso/tmp/tso-cache/npm/node_modules/typed-github-api),TsIdentLibrarySimple(typed-github-api)),TsIdentModule(None,List(typed-github-api, dist, utils, request-with-rawbody))) [id => typed-github-api, phase => typescript] 
[info ] InferredDefaultModule.scala:39 Inferred module TsIdentModule(None,List(typed-github-api, dist, utils, request-with-rawbody)) [id => typed-github-api, phase => typescript] 
[warn ] Phase1ReadTypescript.scala:190 Processing TsIdentLibrarySimple(typed-github-api) [id => typed-github-api, phase => typescript] 
[info ] InferReturnTypes.scala:32 Could not infer return type [id => typed-github-api, phase => typescript, scope => TreeScope(TsParsedFile() / TsDeclModule(typed-github-api/dist/github-api) / TsDeclClass(GitHubApi) / TsMemberFunction(getAllSearchPagesAsync))] 
[info ] InferReturnTypes.scala:32 Could not infer return type [id => typed-github-api, phase => typescript, scope => TreeScope(TsParsedFile() / TsDeclModule(typed-github-api/dist/github-api) / TsDeclClass(GitHubApi) / TsMemberFunction(searchAsync))] 
[info ] InferReturnTypes.scala:32 Could not infer return type [id => typed-github-api, phase => typescript, scope => TreeScope(TsParsedFile() / TsDeclModule(typed-github-api/dist/github-api) / TsDeclClass(GitHubApi) / TsMemberFunction(getRepository))] 
[info ] InferReturnTypes.scala:32 Could not infer return type [id => typed-github-api, phase => typescript, scope => TreeScope(TsParsedFile() / TsDeclModule(typed-github-api/dist/github-api) / TsDeclClass(GitHubApi) / TsMemberFunction(getIssue))] 
[info ] InferReturnTypes.scala:32 Could not infer return type [id => typed-github-api, phase => typescript, scope => TreeScope(TsParsedFile() / TsDeclModule(typed-github-api/dist/web-hook) / TsDeclClass(WebHook) / TsMemberFunction(requestHandler))] 
[info ] ExtractInterfaces.scala:30 Extracted anonymous interface TsIdentSimple(Anon_PrivateRepos) [id => typed-github-api, phase => typescript, scope => TreeScope(TsParsedFile() / TsDeclModule(typed-github-api/dist/interfaces/user) / TsDeclInterface(MyUser) / TsMemberProperty(plan) / TsTypeObject())] 
[info ] ExtractInterfaces.scala:30 Extracted anonymous interface TsIdentSimple(Anon_Self) [id => typed-github-api, phase => typescript, scope => TreeScope(TsParsedFile() / TsDeclModule(typed-github-api/dist/api-interfaces/branch) / TsDeclInterface(Branch) / TsMemberProperty(_links) / TsTypeObject())] 
[info ] ExtractInterfaces.scala:30 Extracted anonymous interface TsIdentSimple(Anon_From) [id => typed-github-api, phase => typescript, scope => TreeScope(TsParsedFile() / TsDeclModule(typed-github-api/dist/api-interfaces/web-hooks) / TsDeclInterface(IssueEditedEvent) / TsMemberProperty(changes) / TsTypeObject() / TsMemberProperty(body) / TsTypeObject())] 
[info ] ExtractInterfaces.scala:30 Extracted anonymous interface TsIdentSimple(Anon_From) [id => typed-github-api, phase => typescript, scope => TreeScope(TsParsedFile() / TsDeclModule(typed-github-api/dist/api-interfaces/web-hooks) / TsDeclInterface(IssueEditedEvent) / TsMemberProperty(changes) / TsTypeObject() / TsMemberProperty(title) / TsTypeObject())] 
[info ] ExtractInterfaces.scala:30 Extracted anonymous interface TsIdentSimple(Anon_Body) [id => typed-github-api, phase => typescript, scope => TreeScope(TsParsedFile() / TsDeclModule(typed-github-api/dist/api-interfaces/web-hooks) / TsDeclInterface(IssueEditedEvent) / TsMemberProperty(changes) / TsTypeObject())] 
[info ] ExtractInterfaces.scala:30 Extracted anonymous interface TsIdentSimple(Anon_Privaterepos) [id => typed-github-api, phase => typescript, scope => TreeScope(TsParsedFile() / TsDeclModule(typed-github-api/dist/api-interfaces/user) / TsDeclInterface(PrivateUserOrOrg) / TsMemberProperty(plan) / TsTypeObject())] 
[info ] ExtractInterfaces.scala:30 Extracted anonymous interface TsIdentSimple(Anon_Push) [id => typed-github-api, phase => typescript, scope => TreeScope(TsParsedFile() / TsDeclModule(typed-github-api/dist/interfaces/repository) / TsDeclInterface(Repository) / TsMemberProperty(permissions) / TsTypeObject())] 
[info ] ExtractInterfaces.scala:30 Extracted anonymous interface TsIdentSimple(Anon_Verified) [id => typed-github-api, phase => typescript, scope => TreeScope(TsParsedFile() / TsDeclModule(typed-github-api/dist/api-interfaces/commit) / TsDeclInterface(GitCommitSummary) / TsMemberProperty(verification) / TsTypeObject())] 
[info ] ExtractInterfaces.scala:30 Extracted anonymous interface TsIdentSimple(Anon_Additions) [id => typed-github-api, phase => typescript, scope => TreeScope(TsParsedFile() / TsDeclModule(typed-github-api/dist/api-interfaces/commit) / TsDeclInterface(Commit) / TsMemberProperty(files) / TsTypeTuple() / TsTypeObject())] 
[info ] ExtractInterfaces.scala:30 Extracted anonymous interface TsIdentSimple(Anon_Total) [id => typed-github-api, phase => typescript, scope => TreeScope(TsParsedFile() / TsDeclModule(typed-github-api/dist/api-interfaces/commit) / TsDeclInterface(Commit) / TsMemberProperty(stats) / TsTypeObject())] 
[info ] ExtractInterfaces.scala:30 Extracted anonymous interface TsIdentSimple(Anon_Push) [id => typed-github-api, phase => typescript, scope => TreeScope(TsParsedFile() / TsDeclModule(typed-github-api/dist/api-interfaces/repository) / TsDeclInterface(Repository) / TsMemberProperty(permissions) / TsTypeObject())] 
[info ] ExtractInterfaces.scala:30 Extracted anonymous interface TsIdentSimple(Anon_PrivateRepos) [id => typed-github-api, phase => typescript, scope => TreeScope(TsParsedFile() / TsDeclModule(typed-github-api/dist/organization) / TsDeclClass(MyOrganizationClass) / TsMemberProperty(plan) / TsTypeObject())] 
[info ] ExtractInterfaces.scala:30 Extracted anonymous interface TsIdentSimple(Anon_PrivateRepos) [id => typed-github-api, phase => typescript, scope => TreeScope(TsParsedFile() / TsDeclModule(typed-github-api/dist/interfaces/organization) / TsDeclInterface(MyOrganization) / TsMemberProperty(plan) / TsTypeObject())] 
[debug] PhaseRunner.scala:78 Success [id => typed-github-api, phase => typescript] 
[warn ] Phase2ToScalaJs.scala:34 Processing TsIdentLibrarySimple(typed-github-api) [id => typed-github-api, phase => scala.js] 
[info ] RemoveMultipleInheritance.scala:39 Dropped parents List(typedDashGithubDashApiLib.distApiDashInterfacesWebDashHooksMod.WebHookData because Would inherit conflicting mutable fields List(action)) [id => typed-github-api, phase => scala.js, this => Name(typedDashGithubDashApiLib) / Name(distApiDashInterfacesWebDashHooksMod) / Name(IssueWebHookData)] 
[info ] RemoveMultipleInheritance.scala:39 Dropped parents List(typedDashGithubDashApiLib.distApiDashInterfacesUserMod.PrivateUserOrOrg because Would inherit conflicting mutable fields List(url, repos_url, id, login, `type`, events_url, avatar_url, name, public_gists, location, email, followers, following, public_repos, company, blog, created_at, updated_at)) [id => typed-github-api, phase => scala.js, this => Name(typedDashGithubDashApiLib) / Name(distApiDashInterfacesUserMod) / Name(PrivateOrganization)] 
[info ] RemoveMultipleInheritance.scala:39 Dropped parents List(typedDashGithubDashApiLib.distApiDashInterfacesUserMod.PrivateUserOrOrg because Would inherit conflicting mutable fields List(url, repos_url, id, login, `type`, events_url, avatar_url, name, public_gists, location, email, followers, following, public_repos, company, blog, created_at, updated_at)) [id => typed-github-api, phase => scala.js, this => Name(typedDashGithubDashApiLib) / Name(distApiDashInterfacesUserMod) / Name(PrivateUser)] 
[info ] RemoveMultipleInheritance.scala:39 Dropped parents List(typedDashGithubDashApiLib.distApiDashInterfacesUserMod.UserOrOrg because Would inherit conflicting mutable fields List(url, repos_url, id, login, `type`, events_url, avatar_url)) [id => typed-github-api, phase => scala.js, this => Name(typedDashGithubDashApiLib) / Name(distApiDashInterfacesUserMod) / Name(User)] 
[info ] RemoveMultipleInheritance.scala:39 Dropped parents List(typedDashGithubDashApiLib.distApiDashInterfacesUserMod.UserOrOrg because Would inherit conflicting mutable fields List(url, repos_url, id, login, `type`, events_url, avatar_url)) [id => typed-github-api, phase => scala.js, this => Name(typedDashGithubDashApiLib) / Name(distApiDashInterfacesUserMod) / Name(Organization)] 
[info ] RemoveMultipleInheritance.scala:39 Dropped parents List(typedDashGithubDashApiLib.distInterfacesOrganizationMod.OrganizationSummary because Would inherit conflicting mutable fields List(login)) [id => typed-github-api, phase => scala.js, this => Name(typedDashGithubDashApiLib) / Name(distOrganizationMod) / Name(OrganizationSummaryClass)] 
[info ] RemoveMultipleInheritance.scala:39 Dropped parents List(typedDashGithubDashApiLib.distInterfacesOrganizationMod.Organization because Would inherit conflicting mutable fields List(login, avatarUri, description, id)) [id => typed-github-api, phase => scala.js, this => Name(typedDashGithubDashApiLib) / Name(distOrganizationMod) / Name(OrganizationClass)] 
[info ] CompleteClass.scala:60 Completed implementations Vector(billingEmail, privateReposOwned, membersCanCreateRepositories, privateGists, diskUsage, privateReposTotal, defaultRepositorySettings, collaborators, plan) [id => typed-github-api, phase => scala.js, this => Name(typedDashGithubDashApiLib) / Name(distOrganizationMod) / Name(MyOrganizationClass)] 
[debug] PhaseRunner.scala:78 Success [id => typed-github-api, phase => scala.js] 
[warn ] PhaseRunner.scala:64 Failed because of, [node => Compilation failed] [id => typed-github-api, phase => build] 
[debug] PhaseRunner.scala:82 Failure, [node => Compilation failed] [id => typed-github-api, phase => build] 
