[info ] InferredDependency.scala:20 Inferred dependencies Set(TsIdentLibrarySimple(node)) for TsIdentLibrarySimple(typed-rest-client) [id => typed-rest-client, phase => typescript, file => ../node_modules/typed-rest-client/Interfaces.d.ts] 
[debug] PhaseRunner.scala:78 Success [id => typed-rest-client, phase => typescript] 
[debug] PhaseRunner.scala:78 Success [id => typed-rest-client, phase => typescript] 
[info ] InferredDependency.scala:20 Inferred dependencies Set(TsIdentLibrarySimple(node)) for TsIdentLibrarySimple(typed-rest-client) [id => typed-rest-client, phase => typescript, file => ../typed-rest-client/handlers/ntlm.d.ts] 
[debug] PhaseRunner.scala:78 Success [id => typed-rest-client, phase => typescript] 
[debug] PhaseRunner.scala:78 Success [id => typed-rest-client, phase => typescript] 
[debug] PhaseRunner.scala:78 Success [id => typed-rest-client, phase => typescript] 
[debug] PhaseRunner.scala:78 Success [id => typed-rest-client, phase => typescript] 
[info ] InferredDependency.scala:20 Inferred dependencies Set(TsIdentLibrarySimple(node)) for TsIdentLibrarySimple(typed-rest-client) [id => typed-rest-client, phase => typescript, file => ../node_modules/typed-rest-client/RestClient.d.ts] 
[info ] InferredDependency.scala:20 Inferred dependencies Set(TsIdentLibrarySimple(node)) for TsIdentLibrarySimple(typed-rest-client) [id => typed-rest-client, phase => typescript, file => ../node_modules/typed-rest-client/HttpClient.d.ts] 
[debug] PhaseRunner.scala:78 Success [id => typed-rest-client, phase => typescript] 
[debug] PhaseRunner.scala:78 Success [id => typed-rest-client, phase => typescript] 
[debug] PhaseRunner.scala:78 Success [id => typed-rest-client, phase => typescript] 
[debug] PhaseRunner.scala:78 Success [id => typed-rest-client, phase => typescript] 
[info ] Phase1ReadTypescript.scala:152 Preprocessing TsHelperFile(InFile(/home/tso/tmp/tso-cache/npm/node_modules/typed-rest-client/Handlers.d.ts),FromFolder(InFolder(/home/tso/tmp/tso-cache/npm/node_modules/typed-rest-client),TsIdentLibrarySimple(typed-rest-client)),TsIdentModule(None,List(typed-rest-client, Handlers))) [id => typed-rest-client, phase => typescript] 
[info ] InferredDefaultModule.scala:39 Inferred module TsIdentModule(None,List(typed-rest-client, Handlers)) [id => typed-rest-client, phase => typescript] 
[info ] Phase1ReadTypescript.scala:152 Preprocessing TsHelperFile(InFile(/home/tso/tmp/tso-cache/npm/node_modules/typed-rest-client/HttpClient.d.ts),FromFolder(InFolder(/home/tso/tmp/tso-cache/npm/node_modules/typed-rest-client),TsIdentLibrarySimple(typed-rest-client)),TsIdentModule(None,List(typed-rest-client, HttpClient))) [id => typed-rest-client, phase => typescript] 
[info ] InferredDefaultModule.scala:39 Inferred module TsIdentModule(None,List(typed-rest-client, HttpClient)) [id => typed-rest-client, phase => typescript] 
[info ] Phase1ReadTypescript.scala:152 Preprocessing TsHelperFile(InFile(/home/tso/tmp/tso-cache/npm/node_modules/typed-rest-client/Index.d.ts),FromFolder(InFolder(/home/tso/tmp/tso-cache/npm/node_modules/typed-rest-client),TsIdentLibrarySimple(typed-rest-client)),TsIdentModule(None,List(typed-rest-client, Index))) [id => typed-rest-client, phase => typescript] 
[info ] Phase1ReadTypescript.scala:152 Preprocessing TsHelperFile(InFile(/home/tso/tmp/tso-cache/npm/node_modules/typed-rest-client/Interfaces.d.ts),FromFolder(InFolder(/home/tso/tmp/tso-cache/npm/node_modules/typed-rest-client),TsIdentLibrarySimple(typed-rest-client)),TsIdentModule(None,List(typed-rest-client, Interfaces))) [id => typed-rest-client, phase => typescript] 
[info ] InferredDefaultModule.scala:39 Inferred module TsIdentModule(None,List(typed-rest-client, Interfaces)) [id => typed-rest-client, phase => typescript] 
[info ] Phase1ReadTypescript.scala:152 Preprocessing TsHelperFile(InFile(/home/tso/tmp/tso-cache/npm/node_modules/typed-rest-client/RestClient.d.ts),FromFolder(InFolder(/home/tso/tmp/tso-cache/npm/node_modules/typed-rest-client),TsIdentLibrarySimple(typed-rest-client)),TsIdentModule(None,List(typed-rest-client, RestClient))) [id => typed-rest-client, phase => typescript] 
[info ] InferredDefaultModule.scala:39 Inferred module TsIdentModule(None,List(typed-rest-client, RestClient)) [id => typed-rest-client, phase => typescript] 
[info ] Phase1ReadTypescript.scala:152 Preprocessing TsHelperFile(InFile(/home/tso/tmp/tso-cache/npm/node_modules/typed-rest-client/Util.d.ts),FromFolder(InFolder(/home/tso/tmp/tso-cache/npm/node_modules/typed-rest-client),TsIdentLibrarySimple(typed-rest-client)),TsIdentModule(None,List(typed-rest-client, Util))) [id => typed-rest-client, phase => typescript] 
[info ] InferredDefaultModule.scala:39 Inferred module TsIdentModule(None,List(typed-rest-client, Util)) [id => typed-rest-client, phase => typescript] 
[info ] Phase1ReadTypescript.scala:152 Preprocessing TsHelperFile(InFile(/home/tso/tmp/tso-cache/npm/node_modules/typed-rest-client/handlers/basiccreds.d.ts),FromFolder(InFolder(/home/tso/tmp/tso-cache/npm/node_modules/typed-rest-client),TsIdentLibrarySimple(typed-rest-client)),TsIdentModule(None,List(typed-rest-client, handlers, basiccreds))) [id => typed-rest-client, phase => typescript] 
[info ] InferredDefaultModule.scala:39 Inferred module TsIdentModule(None,List(typed-rest-client, handlers, basiccreds)) [id => typed-rest-client, phase => typescript] 
[info ] Phase1ReadTypescript.scala:152 Preprocessing TsHelperFile(InFile(/home/tso/tmp/tso-cache/npm/node_modules/typed-rest-client/handlers/bearertoken.d.ts),FromFolder(InFolder(/home/tso/tmp/tso-cache/npm/node_modules/typed-rest-client),TsIdentLibrarySimple(typed-rest-client)),TsIdentModule(None,List(typed-rest-client, handlers, bearertoken))) [id => typed-rest-client, phase => typescript] 
[info ] InferredDefaultModule.scala:39 Inferred module TsIdentModule(None,List(typed-rest-client, handlers, bearertoken)) [id => typed-rest-client, phase => typescript] 
[info ] Phase1ReadTypescript.scala:152 Preprocessing TsHelperFile(InFile(/home/tso/tmp/tso-cache/npm/node_modules/typed-rest-client/handlers/ntlm.d.ts),FromFolder(InFolder(/home/tso/tmp/tso-cache/npm/node_modules/typed-rest-client),TsIdentLibrarySimple(typed-rest-client)),TsIdentModule(None,List(typed-rest-client, handlers, ntlm))) [id => typed-rest-client, phase => typescript] 
[info ] InferredDefaultModule.scala:39 Inferred module TsIdentModule(None,List(typed-rest-client, handlers, ntlm)) [id => typed-rest-client, phase => typescript] 
[info ] Phase1ReadTypescript.scala:152 Preprocessing TsHelperFile(InFile(/home/tso/tmp/tso-cache/npm/node_modules/typed-rest-client/handlers/personalaccesstoken.d.ts),FromFolder(InFolder(/home/tso/tmp/tso-cache/npm/node_modules/typed-rest-client),TsIdentLibrarySimple(typed-rest-client)),TsIdentModule(None,List(typed-rest-client, handlers, personalaccesstoken))) [id => typed-rest-client, phase => typescript] 
[info ] InferredDefaultModule.scala:39 Inferred module TsIdentModule(None,List(typed-rest-client, handlers, personalaccesstoken)) [id => typed-rest-client, phase => typescript] 
[warn ] Phase1ReadTypescript.scala:190 Processing TsIdentLibrarySimple(typed-rest-client) [id => typed-rest-client, phase => typescript] 
[info ] InferReturnTypes.scala:32 Could not infer return type [id => typed-rest-client, phase => typescript, scope => TreeScope(TsParsedFile() / TsDeclModule(typed-rest-client/HttpClient) / TsDeclClass(HttpClient) / TsMemberFunction(_prepareRequest))] 
[info ] InferReturnTypes.scala:32 Could not infer return type [id => typed-rest-client, phase => typescript, scope => TreeScope(TsParsedFile() / TsDeclModule(typed-rest-client/HttpClient) / TsDeclClass(HttpClient) / TsMemberFunction(_getAgent))] 
[info ] InferReturnTypes.scala:32 Could not infer return type [id => typed-rest-client, phase => typescript, scope => TreeScope(TsParsedFile() / TsDeclModule(typed-rest-client/HttpClient) / TsDeclClass(HttpClient) / TsMemberFunction(_getProxy))] 
[info ] InferReturnTypes.scala:32 Could not infer return type [id => typed-rest-client, phase => typescript, scope => TreeScope(TsParsedFile() / TsDeclModule(typed-rest-client/HttpClient) / TsDeclClass(HttpClient) / TsMemberFunction(_isBypassProxy))] 
[info ] InferReturnTypes.scala:32 Could not infer return type [id => typed-rest-client, phase => typescript, scope => TreeScope(TsParsedFile() / TsDeclModule(typed-rest-client/RestClient) / TsDeclClass(RestClient) / TsMemberFunction(_headersFromOptions))] 
[info ] InferReturnTypes.scala:32 Could not infer return type [id => typed-rest-client, phase => typescript, scope => TreeScope(TsParsedFile() / TsDeclModule(typed-rest-client/RestClient) / TsDeclClass(RestClient) / TsMemberFunction(_processResponse))] 
[info ] InferReturnTypes.scala:32 Could not infer return type [id => typed-rest-client, phase => typescript, scope => TreeScope(TsParsedFile() / TsDeclModule(typed-rest-client/handlers/ntlm) / TsDeclClass(NtlmCredentialHandler) / TsMemberFunction(handleAuthenticationPrivate))] 
[info ] InferReturnTypes.scala:32 Could not infer return type [id => typed-rest-client, phase => typescript, scope => TreeScope(TsParsedFile() / TsDeclModule(typed-rest-client/handlers/ntlm) / TsDeclClass(NtlmCredentialHandler) / TsMemberFunction(sendType1Message))] 
[info ] InferReturnTypes.scala:32 Could not infer return type [id => typed-rest-client, phase => typescript, scope => TreeScope(TsParsedFile() / TsDeclModule(typed-rest-client/handlers/ntlm) / TsDeclClass(NtlmCredentialHandler) / TsMemberFunction(sendType3Message))] 
[debug] PhaseRunner.scala:78 Success [id => typed-rest-client, phase => typescript] 
[warn ] Phase2ToScalaJs.scala:34 Processing TsIdentLibrarySimple(typed-rest-client) [id => typed-rest-client, phase => scala.js] 
[info ] CompleteClass.scala:60 Completed implementations Vector(handleAuthentication, canHandleAuthentication, prepareRequest) [id => typed-rest-client, phase => scala.js, this => Name(typedDashRestDashClientLib) / Name(handlersBasiccredsMod) / Name(BasicCredentialHandler)] 
[info ] CompleteClass.scala:60 Completed implementations Vector(handleAuthentication, canHandleAuthentication, prepareRequest) [id => typed-rest-client, phase => scala.js, this => Name(typedDashRestDashClientLib) / Name(handlersBearertokenMod) / Name(BearerCredentialHandler)] 
[info ] CompleteClass.scala:60 Completed implementations Vector(handleAuthentication, canHandleAuthentication, prepareRequest) [id => typed-rest-client, phase => scala.js, this => Name(typedDashRestDashClientLib) / Name(handlersNtlmMod) / Name(NtlmCredentialHandler)] 
[info ] CompleteClass.scala:60 Completed implementations Vector(handleAuthentication, canHandleAuthentication, prepareRequest) [id => typed-rest-client, phase => scala.js, this => Name(typedDashRestDashClientLib) / Name(handlersPersonalaccesstokenMod) / Name(PersonalAccessTokenCredentialHandler)] 
[info ] CompleteClass.scala:60 Completed implementations Vector(message, readBody) [id => typed-rest-client, phase => scala.js, this => Name(typedDashRestDashClientLib) / Name(httpclientMod) / Name(HttpClientResponse)] 
[debug] PhaseRunner.scala:78 Success [id => typed-rest-client, phase => scala.js] 
[warn ] PhaseRunner.scala:64 Failed because of, [node => Compilation failed] [id => typed-rest-client, phase => build] 
[debug] PhaseRunner.scala:82 Failure, [node => Compilation failed] [id => typed-rest-client, phase => build] 
