[debug] PhaseRunner.scala:78 Success [id => @uifabric/icons, phase => typescript] 
[debug] PhaseRunner.scala:78 Success [id => @uifabric/icons, phase => typescript] 
[debug] PhaseRunner.scala:78 Success [id => @uifabric/icons, phase => typescript] 
[info ] Phase1ReadTypescript.scala:152 Preprocessing TsHelperFile(InFile(/home/tso/tmp/tso-cache/npm/node_modules/@uifabric/icons/lib/IconNames.d.ts),FromFolder(InFolder(/home/tso/tmp/tso-cache/npm/node_modules/@uifabric/icons),TsIdentLibraryScoped(uifabric,Some(icons))),TsIdentModule(Some(uifabric),List(icons, lib, IconNames))) [id => @uifabric/icons, phase => typescript] 
[info ] InferredDefaultModule.scala:39 Inferred module TsIdentModule(Some(uifabric),List(icons, lib, IconNames)) [id => @uifabric/icons, phase => typescript] 
[info ] Phase1ReadTypescript.scala:152 Preprocessing TsHelperFile(InFile(/home/tso/tmp/tso-cache/npm/node_modules/@uifabric/icons/lib/index.d.ts),FromFolder(InFolder(/home/tso/tmp/tso-cache/npm/node_modules/@uifabric/icons),TsIdentLibraryScoped(uifabric,Some(icons))),TsIdentModule(Some(uifabric),List(icons))) [id => @uifabric/icons, phase => typescript] 
[info ] InferredDefaultModule.scala:39 Inferred module TsIdentModule(Some(uifabric),List(icons)) [id => @uifabric/icons, phase => typescript] 
[info ] Phase1ReadTypescript.scala:152 Preprocessing TsHelperFile(InFile(/home/tso/tmp/tso-cache/npm/node_modules/@uifabric/icons/lib/version.d.ts),FromFolder(InFolder(/home/tso/tmp/tso-cache/npm/node_modules/@uifabric/icons),TsIdentLibraryScoped(uifabric,Some(icons))),TsIdentModule(Some(uifabric),List(icons, lib, version))) [id => @uifabric/icons, phase => typescript] 
[info ] InferredDefaultModule.scala:39 Inferred module TsIdentModule(Some(uifabric),List(icons, lib, version)) [id => @uifabric/icons, phase => typescript] 
[warn ] Phase1ReadTypescript.scala:190 Processing TsIdentLibraryScoped(uifabric,Some(icons)) [id => @uifabric/icons, phase => typescript] 
[warn ] ResolveTypeQueries.scala:98 Couldn't resolve TsTypeQuery(TsQIdent(List(TsIdentLibraryScoped(uifabric,Some(icons)), TsIdentModule(Some(uifabric),List(icons, lib, IconNames)), TsIdentSimple(IconNames)))) [id => @uifabric/icons, phase => typescript, scope => TreeScope(TsParsedFile() / TsDeclModule(@uifabric/icons/lib/IconNames) / TsExport() / TsExporteeTree() / TsDeclTypeAlias(IconNamesInput) / TsTypeKeyOf() / TsTypeQuery())] 
[info ] UnionTypesFromKeyOf.scala:23 Could not expand keyof TsQIdent(List(TsIdentSimple(any))): None [id => @uifabric/icons, phase => typescript, scope => TreeScope(TsParsedFile() / TsDeclModule(@uifabric/icons/lib/IconNames) / TsDeclTypeAlias(IconNamesInput) / TsTypeKeyOf())] 
[debug] PhaseRunner.scala:78 Success [id => @uifabric/icons, phase => typescript] 
[warn ] Phase2ToScalaJs.scala:34 Processing TsIdentLibraryScoped(uifabric,Some(icons)) [id => @uifabric/icons, phase => scala.js] 
[debug] PhaseRunner.scala:78 Success [id => @uifabric/icons, phase => scala.js] 
[warn ] Phase3CompileBloop.scala:211 Built uifabric__icons in 30198 ms [id => @uifabric/icons, phase => build] 
[info ] Phase3CompileBloop.scala:221 published local, [/home/tso/.ivy2/local/com.scalablytyped/uifabric__icons_sjs0.6_2.12/6.1.2-2b4c32/jars/uifabric__icons_sjs0.6_2.12.jar, /home/tso/.ivy2/local/com.scalablytyped/uifabric__icons_sjs0.6_2.12/6.1.2-2b4c32/srcs/uifabric__icons_sjs0.6_2.12-sources.jar, /home/tso/.ivy2/local/com.scalablytyped/uifabric__icons_sjs0.6_2.12/6.1.2-2b4c32/ivys/ivy.xml, /home/tso/.ivy2/local/com.scalablytyped/uifabric__icons_sjs0.6_2.12/6.1.2-2b4c32/poms/uifabric__icons_sjs0.6_2.12.pom] [id => @uifabric/icons, phase => build] 
[debug] PhaseRunner.scala:78 Success [id => @uifabric/icons, phase => build] 
[error] PhaseRes.scala:75 Caught exception [id => @uifabric/icons, phase => publish] java.lang.RuntimeException: was not able to find or create version 6.1.2-2b4c32 for oyvindberg in ScalablyTyped for package uifabric__icons
	at scala.sys.package$.error(package.scala:26)
	at com.olvind.tso.importer.build.BinTrayPublisher.$anonfun$checkVersion$2(BinTrayPublisher.scala:64)
	at com.olvind.tso.importer.build.BinTrayPublisher.$anonfun$checkVersion$2$adapted(BinTrayPublisher.scala:60)
	at scala.util.Success.$anonfun$map$1(Try.scala:251)
	at scala.util.Success.map(Try.scala:209)
	at scala.concurrent.Future.$anonfun$map$1(Future.scala:288)
	at scala.concurrent.impl.Promise.liftedTree1$1(Promise.scala:29)
	at scala.concurrent.impl.Promise.$anonfun$transform$1(Promise.scala:29)
	at scala.concurrent.impl.CallbackRunnable.run(Promise.scala:60)
	at java.util.concurrent.ForkJoinTask$RunnableExecuteAction.exec(ForkJoinTask.java:1402)
	at java.util.concurrent.ForkJoinTask.doExec(ForkJoinTask.java:289)
	at java.util.concurrent.ForkJoinPool$WorkQueue.runTask(ForkJoinPool.java:1056)
	at java.util.concurrent.ForkJoinPool.runWorker(ForkJoinPool.java:1692)
	at java.util.concurrent.ForkJoinWorkerThread.run(ForkJoinWorkerThread.java:157)

[debug] PhaseRunner.scala:82 Failure, [@uifabric/icons => java.lang.RuntimeException: was not able to find or create version 6.1.2-2b4c32 for oyvindberg in ScalablyTyped for package uifabric__icons] [id => @uifabric/icons, phase => publish] 
