[debug] PhaseRunner.scala:78 Success [id => @uifabric/utilities, phase => typescript] 
[debug] PhaseRunner.scala:78 Success [id => @uifabric/utilities, phase => typescript] 
[debug] PhaseRunner.scala:78 Success [id => @uifabric/utilities, phase => typescript] 
[debug] PhaseRunner.scala:78 Success [id => @uifabric/utilities, phase => typescript] 
[debug] PhaseRunner.scala:78 Success [id => @uifabric/utilities, phase => typescript] 
[debug] PhaseRunner.scala:78 Success [id => @uifabric/utilities, phase => typescript] 
[debug] PhaseRunner.scala:78 Success [id => @uifabric/utilities, phase => typescript] 
[debug] PhaseRunner.scala:78 Success [id => @uifabric/utilities, phase => typescript] 
[debug] PhaseRunner.scala:78 Success [id => @uifabric/utilities, phase => typescript] 
[debug] PhaseRunner.scala:78 Success [id => @uifabric/utilities, phase => typescript] 
[debug] PhaseRunner.scala:78 Success [id => @uifabric/utilities, phase => typescript] 
[debug] PhaseRunner.scala:78 Success [id => @uifabric/utilities, phase => typescript] 
[debug] PhaseRunner.scala:78 Success [id => @uifabric/utilities, phase => typescript] 
[debug] PhaseRunner.scala:78 Success [id => @uifabric/utilities, phase => typescript] 
[info ] InferredDependency.scala:20 Inferred dependencies Set(TsIdentLibrarySimple(react)) for TsIdentLibraryScoped(uifabric,Some(utilities)) [id => @uifabric/utilities, phase => typescript, file => ../utilities/lib/Context.d.ts] 
[debug] PhaseRunner.scala:78 Success [id => @uifabric/utilities, phase => typescript] 
[debug] PhaseRunner.scala:78 Success [id => @uifabric/utilities, phase => typescript] 
[debug] PhaseRunner.scala:78 Success [id => @uifabric/utilities, phase => typescript] 
[debug] PhaseRunner.scala:78 Success [id => @uifabric/utilities, phase => typescript] 
[info ] InferredDependency.scala:20 Inferred dependencies Set(TsIdentLibrarySimple(react)) for TsIdentLibraryScoped(uifabric,Some(utilities)) [id => @uifabric/utilities, phase => typescript, file => ../utilities/lib/DelayedRender.d.ts] 
[debug] PhaseRunner.scala:78 Success [id => @uifabric/utilities, phase => typescript] 
[debug] PhaseRunner.scala:78 Success [id => @uifabric/utilities, phase => typescript] 
[debug] PhaseRunner.scala:78 Success [id => @uifabric/utilities, phase => typescript] 
[debug] PhaseRunner.scala:78 Success [id => @uifabric/utilities, phase => typescript] 
[debug] PhaseRunner.scala:78 Success [id => @uifabric/utilities, phase => typescript] 
[info ] InferredDependency.scala:20 Inferred dependencies Set(TsIdentLibrarySimple(react)) for TsIdentLibraryScoped(uifabric,Some(utilities)) [id => @uifabric/utilities, phase => typescript, file => ../utilities/lib/IComponentAs.d.ts] 
[debug] PhaseRunner.scala:78 Success [id => @uifabric/utilities, phase => typescript] 
[debug] PhaseRunner.scala:78 Success [id => @uifabric/utilities, phase => typescript] 
[debug] PhaseRunner.scala:78 Success [id => @uifabric/utilities, phase => typescript] 
[debug] PhaseRunner.scala:78 Success [id => @uifabric/utilities, phase => typescript] 
[debug] PhaseRunner.scala:78 Success [id => @uifabric/utilities, phase => typescript] 
[info ] InferredDependency.scala:20 Inferred dependencies Set(TsIdentLibrarySimple(react)) for TsIdentLibraryScoped(uifabric,Some(utilities)) [id => @uifabric/utilities, phase => typescript, file => ../utilities/lib/BaseComponent.d.ts] 
[info ] InferredDependency.scala:20 Inferred dependencies Set(TsIdentLibrarySimple(react)) for TsIdentLibraryScoped(uifabric,Some(utilities)) [id => @uifabric/utilities, phase => typescript, file => ../utilities/lib/createRef.d.ts] 
[debug] PhaseRunner.scala:78 Success [id => @uifabric/utilities, phase => typescript] 
[debug] PhaseRunner.scala:78 Success [id => @uifabric/utilities, phase => typescript] 
[debug] PhaseRunner.scala:78 Success [id => @uifabric/utilities, phase => typescript] 
[debug] PhaseRunner.scala:78 Success [id => @uifabric/utilities, phase => typescript] 
[debug] PhaseRunner.scala:78 Success [id => @uifabric/utilities, phase => typescript] 
[debug] PhaseRunner.scala:78 Success [id => @uifabric/utilities, phase => typescript] 
[debug] PhaseRunner.scala:78 Success [id => @uifabric/utilities, phase => typescript] 
[debug] PhaseRunner.scala:78 Success [id => @uifabric/utilities, phase => typescript] 
[debug] PhaseRunner.scala:78 Success [id => @uifabric/utilities, phase => typescript] 
[debug] PhaseRunner.scala:78 Success [id => @uifabric/utilities, phase => typescript] 
[debug] PhaseRunner.scala:78 Success [id => @uifabric/utilities, phase => typescript] 
[debug] PhaseRunner.scala:78 Success [id => @uifabric/utilities, phase => typescript] 
[debug] PhaseRunner.scala:78 Success [id => @uifabric/utilities, phase => typescript] 
[debug] PhaseRunner.scala:78 Success [id => @uifabric/utilities, phase => typescript] 
[info ] InferredDependency.scala:20 Inferred dependencies Set(TsIdentLibrarySimple(react)) for TsIdentLibraryScoped(uifabric,Some(utilities)) [id => @uifabric/utilities, phase => typescript, file => ../utilities/lib/styled.d.ts] 
[debug] PhaseRunner.scala:78 Success [id => @uifabric/utilities, phase => typescript] 
[debug] PhaseRunner.scala:78 Success [id => @uifabric/utilities, phase => typescript] 
[info ] InferredDependency.scala:20 Inferred dependencies Set(TsIdentLibrarySimple(react)) for TsIdentLibraryScoped(uifabric,Some(utilities)) [id => @uifabric/utilities, phase => typescript, file => ../utilities/lib/Customizer.d.ts] 
[debug] PhaseRunner.scala:78 Success [id => @uifabric/utilities, phase => typescript] 
[debug] PhaseRunner.scala:78 Success [id => @uifabric/utilities, phase => typescript] 
[debug] PhaseRunner.scala:78 Success [id => @uifabric/utilities, phase => typescript] 
[debug] PhaseRunner.scala:78 Success [id => @uifabric/utilities, phase => typescript] 
[debug] PhaseRunner.scala:78 Success [id => @uifabric/utilities, phase => typescript] 
[info ] InferredDependency.scala:20 Inferred dependencies Set(TsIdentLibrarySimple(react)) for TsIdentLibraryScoped(uifabric,Some(utilities)) [id => @uifabric/utilities, phase => typescript, file => ../utilities/lib/customizable.d.ts] 
[debug] PhaseRunner.scala:78 Success [id => @uifabric/utilities, phase => typescript] 
[info ] InferredDependency.scala:20 Inferred dependencies Set(TsIdentLibrarySimple(react)) for TsIdentLibraryScoped(uifabric,Some(utilities)) [id => @uifabric/utilities, phase => typescript, file => ../utilities/lib/asAsync.d.ts] 
[debug] PhaseRunner.scala:78 Success [id => @uifabric/utilities, phase => typescript] 
[debug] PhaseRunner.scala:78 Success [id => @uifabric/utilities, phase => typescript] 
[debug] PhaseRunner.scala:78 Success [id => @uifabric/utilities, phase => typescript] 
[info ] Phase1ReadTypescript.scala:152 Preprocessing TsHelperFile(InFile(/home/tso/tmp/tso-cache/npm/node_modules/@uifabric/utilities/lib/Async.d.ts),FromFolder(InFolder(/home/tso/tmp/tso-cache/npm/node_modules/@uifabric/utilities),TsIdentLibraryScoped(uifabric,Some(utilities))),TsIdentModule(Some(uifabric),List(utilities, lib, Async))) [id => @uifabric/utilities, phase => typescript] 
[info ] InferredDefaultModule.scala:39 Inferred module TsIdentModule(Some(uifabric),List(utilities, lib, Async)) [id => @uifabric/utilities, phase => typescript] 
[info ] Phase1ReadTypescript.scala:152 Preprocessing TsHelperFile(InFile(/home/tso/tmp/tso-cache/npm/node_modules/@uifabric/utilities/lib/AutoScroll.d.ts),FromFolder(InFolder(/home/tso/tmp/tso-cache/npm/node_modules/@uifabric/utilities),TsIdentLibraryScoped(uifabric,Some(utilities))),TsIdentModule(Some(uifabric),List(utilities, lib, AutoScroll))) [id => @uifabric/utilities, phase => typescript] 
[info ] InferredDefaultModule.scala:39 Inferred module TsIdentModule(Some(uifabric),List(utilities, lib, AutoScroll)) [id => @uifabric/utilities, phase => typescript] 
[info ] Phase1ReadTypescript.scala:152 Preprocessing TsHelperFile(InFile(/home/tso/tmp/tso-cache/npm/node_modules/@uifabric/utilities/lib/BaseComponent.d.ts),FromFolder(InFolder(/home/tso/tmp/tso-cache/npm/node_modules/@uifabric/utilities),TsIdentLibraryScoped(uifabric,Some(utilities))),TsIdentModule(Some(uifabric),List(utilities, lib, BaseComponent))) [id => @uifabric/utilities, phase => typescript] 
[info ] InferredDefaultModule.scala:39 Inferred module TsIdentModule(Some(uifabric),List(utilities, lib, BaseComponent)) [id => @uifabric/utilities, phase => typescript] 
[info ] Phase1ReadTypescript.scala:152 Preprocessing TsHelperFile(InFile(/home/tso/tmp/tso-cache/npm/node_modules/@uifabric/utilities/lib/Context.d.ts),FromFolder(InFolder(/home/tso/tmp/tso-cache/npm/node_modules/@uifabric/utilities),TsIdentLibraryScoped(uifabric,Some(utilities))),TsIdentModule(Some(uifabric),List(utilities, lib, Context))) [id => @uifabric/utilities, phase => typescript] 
[info ] InferredDefaultModule.scala:39 Inferred module TsIdentModule(Some(uifabric),List(utilities, lib, Context)) [id => @uifabric/utilities, phase => typescript] 
[info ] Phase1ReadTypescript.scala:152 Preprocessing TsHelperFile(InFile(/home/tso/tmp/tso-cache/npm/node_modules/@uifabric/utilities/lib/Customizations.d.ts),FromFolder(InFolder(/home/tso/tmp/tso-cache/npm/node_modules/@uifabric/utilities),TsIdentLibraryScoped(uifabric,Some(utilities))),TsIdentModule(Some(uifabric),List(utilities, lib, Customizations))) [id => @uifabric/utilities, phase => typescript] 
[info ] InferredDefaultModule.scala:39 Inferred module TsIdentModule(Some(uifabric),List(utilities, lib, Customizations)) [id => @uifabric/utilities, phase => typescript] 
[info ] Phase1ReadTypescript.scala:152 Preprocessing TsHelperFile(InFile(/home/tso/tmp/tso-cache/npm/node_modules/@uifabric/utilities/lib/Customizer.d.ts),FromFolder(InFolder(/home/tso/tmp/tso-cache/npm/node_modules/@uifabric/utilities),TsIdentLibraryScoped(uifabric,Some(utilities))),TsIdentModule(Some(uifabric),List(utilities, lib, Customizer))) [id => @uifabric/utilities, phase => typescript] 
[info ] InferredDefaultModule.scala:39 Inferred module TsIdentModule(Some(uifabric),List(utilities, lib, Customizer)) [id => @uifabric/utilities, phase => typescript] 
[info ] Phase1ReadTypescript.scala:152 Preprocessing TsHelperFile(InFile(/home/tso/tmp/tso-cache/npm/node_modules/@uifabric/utilities/lib/DelayedRender.d.ts),FromFolder(InFolder(/home/tso/tmp/tso-cache/npm/node_modules/@uifabric/utilities),TsIdentLibraryScoped(uifabric,Some(utilities))),TsIdentModule(Some(uifabric),List(utilities, lib, DelayedRender))) [id => @uifabric/utilities, phase => typescript] 
[info ] InferredDefaultModule.scala:39 Inferred module TsIdentModule(Some(uifabric),List(utilities, lib, DelayedRender)) [id => @uifabric/utilities, phase => typescript] 
[info ] Phase1ReadTypescript.scala:152 Preprocessing TsHelperFile(InFile(/home/tso/tmp/tso-cache/npm/node_modules/@uifabric/utilities/lib/EventGroup.d.ts),FromFolder(InFolder(/home/tso/tmp/tso-cache/npm/node_modules/@uifabric/utilities),TsIdentLibraryScoped(uifabric,Some(utilities))),TsIdentModule(Some(uifabric),List(utilities, lib, EventGroup))) [id => @uifabric/utilities, phase => typescript] 
[info ] InferredDefaultModule.scala:39 Inferred module TsIdentModule(Some(uifabric),List(utilities, lib, EventGroup)) [id => @uifabric/utilities, phase => typescript] 
[info ] Phase1ReadTypescript.scala:152 Preprocessing TsHelperFile(InFile(/home/tso/tmp/tso-cache/npm/node_modules/@uifabric/utilities/lib/FabricPerformance.d.ts),FromFolder(InFolder(/home/tso/tmp/tso-cache/npm/node_modules/@uifabric/utilities),TsIdentLibraryScoped(uifabric,Some(utilities))),TsIdentModule(Some(uifabric),List(utilities, lib, FabricPerformance))) [id => @uifabric/utilities, phase => typescript] 
[info ] InferredDefaultModule.scala:39 Inferred module TsIdentModule(Some(uifabric),List(utilities, lib, FabricPerformance)) [id => @uifabric/utilities, phase => typescript] 
[info ] Phase1ReadTypescript.scala:152 Preprocessing TsHelperFile(InFile(/home/tso/tmp/tso-cache/npm/node_modules/@uifabric/utilities/lib/GlobalSettings.d.ts),FromFolder(InFolder(/home/tso/tmp/tso-cache/npm/node_modules/@uifabric/utilities),TsIdentLibraryScoped(uifabric,Some(utilities))),TsIdentModule(Some(uifabric),List(utilities, lib, GlobalSettings))) [id => @uifabric/utilities, phase => typescript] 
[info ] InferredDefaultModule.scala:39 Inferred module TsIdentModule(Some(uifabric),List(utilities, lib, GlobalSettings)) [id => @uifabric/utilities, phase => typescript] 
[info ] Phase1ReadTypescript.scala:152 Preprocessing TsHelperFile(InFile(/home/tso/tmp/tso-cache/npm/node_modules/@uifabric/utilities/lib/IClassNames.d.ts),FromFolder(InFolder(/home/tso/tmp/tso-cache/npm/node_modules/@uifabric/utilities),TsIdentLibraryScoped(uifabric,Some(utilities))),TsIdentModule(Some(uifabric),List(utilities, lib, IClassNames))) [id => @uifabric/utilities, phase => typescript] 
[info ] InferredDefaultModule.scala:39 Inferred module TsIdentModule(Some(uifabric),List(utilities, lib, IClassNames)) [id => @uifabric/utilities, phase => typescript] 
[info ] Phase1ReadTypescript.scala:152 Preprocessing TsHelperFile(InFile(/home/tso/tmp/tso-cache/npm/node_modules/@uifabric/utilities/lib/IComponentAs.d.ts),FromFolder(InFolder(/home/tso/tmp/tso-cache/npm/node_modules/@uifabric/utilities),TsIdentLibraryScoped(uifabric,Some(utilities))),TsIdentModule(Some(uifabric),List(utilities, lib, IComponentAs))) [id => @uifabric/utilities, phase => typescript] 
[info ] InferredDefaultModule.scala:39 Inferred module TsIdentModule(Some(uifabric),List(utilities, lib, IComponentAs)) [id => @uifabric/utilities, phase => typescript] 
[info ] Phase1ReadTypescript.scala:152 Preprocessing TsHelperFile(InFile(/home/tso/tmp/tso-cache/npm/node_modules/@uifabric/utilities/lib/IDisposable.d.ts),FromFolder(InFolder(/home/tso/tmp/tso-cache/npm/node_modules/@uifabric/utilities),TsIdentLibraryScoped(uifabric,Some(utilities))),TsIdentModule(Some(uifabric),List(utilities, lib, IDisposable))) [id => @uifabric/utilities, phase => typescript] 
[info ] InferredDefaultModule.scala:39 Inferred module TsIdentModule(Some(uifabric),List(utilities, lib, IDisposable)) [id => @uifabric/utilities, phase => typescript] 
[info ] Phase1ReadTypescript.scala:152 Preprocessing TsHelperFile(InFile(/home/tso/tmp/tso-cache/npm/node_modules/@uifabric/utilities/lib/IPoint.d.ts),FromFolder(InFolder(/home/tso/tmp/tso-cache/npm/node_modules/@uifabric/utilities),TsIdentLibraryScoped(uifabric,Some(utilities))),TsIdentModule(Some(uifabric),List(utilities, lib, IPoint))) [id => @uifabric/utilities, phase => typescript] 
[info ] InferredDefaultModule.scala:39 Inferred module TsIdentModule(Some(uifabric),List(utilities, lib, IPoint)) [id => @uifabric/utilities, phase => typescript] 
[info ] Phase1ReadTypescript.scala:152 Preprocessing TsHelperFile(InFile(/home/tso/tmp/tso-cache/npm/node_modules/@uifabric/utilities/lib/IRectangle.d.ts),FromFolder(InFolder(/home/tso/tmp/tso-cache/npm/node_modules/@uifabric/utilities),TsIdentLibraryScoped(uifabric,Some(utilities))),TsIdentModule(Some(uifabric),List(utilities, lib, IRectangle))) [id => @uifabric/utilities, phase => typescript] 
[info ] InferredDefaultModule.scala:39 Inferred module TsIdentModule(Some(uifabric),List(utilities, lib, IRectangle)) [id => @uifabric/utilities, phase => typescript] 
[info ] Phase1ReadTypescript.scala:152 Preprocessing TsHelperFile(InFile(/home/tso/tmp/tso-cache/npm/node_modules/@uifabric/utilities/lib/IRenderComponent.d.ts),FromFolder(InFolder(/home/tso/tmp/tso-cache/npm/node_modules/@uifabric/utilities),TsIdentLibraryScoped(uifabric,Some(utilities))),TsIdentModule(Some(uifabric),List(utilities, lib, IRenderComponent))) [id => @uifabric/utilities, phase => typescript] 
[info ] InferredDefaultModule.scala:39 Inferred module TsIdentModule(Some(uifabric),List(utilities, lib, IRenderComponent)) [id => @uifabric/utilities, phase => typescript] 
[info ] Phase1ReadTypescript.scala:152 Preprocessing TsHelperFile(InFile(/home/tso/tmp/tso-cache/npm/node_modules/@uifabric/utilities/lib/IRenderFunction.d.ts),FromFolder(InFolder(/home/tso/tmp/tso-cache/npm/node_modules/@uifabric/utilities),TsIdentLibraryScoped(uifabric,Some(utilities))),TsIdentModule(Some(uifabric),List(utilities, lib, IRenderFunction))) [id => @uifabric/utilities, phase => typescript] 
[info ] InferredDefaultModule.scala:39 Inferred module TsIdentModule(Some(uifabric),List(utilities, lib, IRenderFunction)) [id => @uifabric/utilities, phase => typescript] 
[info ] Phase1ReadTypescript.scala:152 Preprocessing TsHelperFile(InFile(/home/tso/tmp/tso-cache/npm/node_modules/@uifabric/utilities/lib/ISize.d.ts),FromFolder(InFolder(/home/tso/tmp/tso-cache/npm/node_modules/@uifabric/utilities),TsIdentLibraryScoped(uifabric,Some(utilities))),TsIdentModule(Some(uifabric),List(utilities, lib, ISize))) [id => @uifabric/utilities, phase => typescript] 
[info ] InferredDefaultModule.scala:39 Inferred module TsIdentModule(Some(uifabric),List(utilities, lib, ISize)) [id => @uifabric/utilities, phase => typescript] 
[info ] Phase1ReadTypescript.scala:152 Preprocessing TsHelperFile(InFile(/home/tso/tmp/tso-cache/npm/node_modules/@uifabric/utilities/lib/IStyleFunction.d.ts),FromFolder(InFolder(/home/tso/tmp/tso-cache/npm/node_modules/@uifabric/utilities),TsIdentLibraryScoped(uifabric,Some(utilities))),TsIdentModule(Some(uifabric),List(utilities, lib, IStyleFunction))) [id => @uifabric/utilities, phase => typescript] 
[info ] InferredDefaultModule.scala:39 Inferred module TsIdentModule(Some(uifabric),List(utilities, lib, IStyleFunction)) [id => @uifabric/utilities, phase => typescript] 
[info ] Phase1ReadTypescript.scala:152 Preprocessing TsHelperFile(InFile(/home/tso/tmp/tso-cache/npm/node_modules/@uifabric/utilities/lib/KeyCodes.d.ts),FromFolder(InFolder(/home/tso/tmp/tso-cache/npm/node_modules/@uifabric/utilities),TsIdentLibraryScoped(uifabric,Some(utilities))),TsIdentModule(Some(uifabric),List(utilities, lib, KeyCodes))) [id => @uifabric/utilities, phase => typescript] 
[info ] InferredDefaultModule.scala:39 Inferred module TsIdentModule(Some(uifabric),List(utilities, lib, KeyCodes)) [id => @uifabric/utilities, phase => typescript] 
[info ] Phase1ReadTypescript.scala:152 Preprocessing TsHelperFile(InFile(/home/tso/tmp/tso-cache/npm/node_modules/@uifabric/utilities/lib/Rectangle.d.ts),FromFolder(InFolder(/home/tso/tmp/tso-cache/npm/node_modules/@uifabric/utilities),TsIdentLibraryScoped(uifabric,Some(utilities))),TsIdentModule(Some(uifabric),List(utilities, lib, Rectangle))) [id => @uifabric/utilities, phase => typescript] 
[info ] InferredDefaultModule.scala:39 Inferred module TsIdentModule(Some(uifabric),List(utilities, lib, Rectangle)) [id => @uifabric/utilities, phase => typescript] 
[info ] Phase1ReadTypescript.scala:152 Preprocessing TsHelperFile(InFile(/home/tso/tmp/tso-cache/npm/node_modules/@uifabric/utilities/lib/aria.d.ts),FromFolder(InFolder(/home/tso/tmp/tso-cache/npm/node_modules/@uifabric/utilities),TsIdentLibraryScoped(uifabric,Some(utilities))),TsIdentModule(Some(uifabric),List(utilities, lib, aria))) [id => @uifabric/utilities, phase => typescript] 
[info ] InferredDefaultModule.scala:39 Inferred module TsIdentModule(Some(uifabric),List(utilities, lib, aria)) [id => @uifabric/utilities, phase => typescript] 
[info ] Phase1ReadTypescript.scala:152 Preprocessing TsHelperFile(InFile(/home/tso/tmp/tso-cache/npm/node_modules/@uifabric/utilities/lib/array.d.ts),FromFolder(InFolder(/home/tso/tmp/tso-cache/npm/node_modules/@uifabric/utilities),TsIdentLibraryScoped(uifabric,Some(utilities))),TsIdentModule(Some(uifabric),List(utilities, lib, array))) [id => @uifabric/utilities, phase => typescript] 
[info ] InferredDefaultModule.scala:39 Inferred module TsIdentModule(Some(uifabric),List(utilities, lib, array)) [id => @uifabric/utilities, phase => typescript] 
[info ] Phase1ReadTypescript.scala:152 Preprocessing TsHelperFile(InFile(/home/tso/tmp/tso-cache/npm/node_modules/@uifabric/utilities/lib/asAsync.d.ts),FromFolder(InFolder(/home/tso/tmp/tso-cache/npm/node_modules/@uifabric/utilities),TsIdentLibraryScoped(uifabric,Some(utilities))),TsIdentModule(Some(uifabric),List(utilities, lib, asAsync))) [id => @uifabric/utilities, phase => typescript] 
[info ] InferredDefaultModule.scala:39 Inferred module TsIdentModule(Some(uifabric),List(utilities, lib, asAsync)) [id => @uifabric/utilities, phase => typescript] 
[info ] Phase1ReadTypescript.scala:152 Preprocessing TsHelperFile(InFile(/home/tso/tmp/tso-cache/npm/node_modules/@uifabric/utilities/lib/assertNever.d.ts),FromFolder(InFolder(/home/tso/tmp/tso-cache/npm/node_modules/@uifabric/utilities),TsIdentLibraryScoped(uifabric,Some(utilities))),TsIdentModule(Some(uifabric),List(utilities, lib, assertNever))) [id => @uifabric/utilities, phase => typescript] 
[info ] InferredDefaultModule.scala:39 Inferred module TsIdentModule(Some(uifabric),List(utilities, lib, assertNever)) [id => @uifabric/utilities, phase => typescript] 
[info ] Phase1ReadTypescript.scala:152 Preprocessing TsHelperFile(InFile(/home/tso/tmp/tso-cache/npm/node_modules/@uifabric/utilities/lib/autobind.d.ts),FromFolder(InFolder(/home/tso/tmp/tso-cache/npm/node_modules/@uifabric/utilities),TsIdentLibraryScoped(uifabric,Some(utilities))),TsIdentModule(Some(uifabric),List(utilities, lib, autobind))) [id => @uifabric/utilities, phase => typescript] 
[info ] InferredDefaultModule.scala:39 Inferred module TsIdentModule(Some(uifabric),List(utilities, lib, autobind)) [id => @uifabric/utilities, phase => typescript] 
[info ] Phase1ReadTypescript.scala:152 Preprocessing TsHelperFile(InFile(/home/tso/tmp/tso-cache/npm/node_modules/@uifabric/utilities/lib/classNamesFunction.d.ts),FromFolder(InFolder(/home/tso/tmp/tso-cache/npm/node_modules/@uifabric/utilities),TsIdentLibraryScoped(uifabric,Some(utilities))),TsIdentModule(Some(uifabric),List(utilities, lib, classNamesFunction))) [id => @uifabric/utilities, phase => typescript] 
[info ] InferredDefaultModule.scala:39 Inferred module TsIdentModule(Some(uifabric),List(utilities, lib, classNamesFunction)) [id => @uifabric/utilities, phase => typescript] 
[info ] Phase1ReadTypescript.scala:152 Preprocessing TsHelperFile(InFile(/home/tso/tmp/tso-cache/npm/node_modules/@uifabric/utilities/lib/createRef.d.ts),FromFolder(InFolder(/home/tso/tmp/tso-cache/npm/node_modules/@uifabric/utilities),TsIdentLibraryScoped(uifabric,Some(utilities))),TsIdentModule(Some(uifabric),List(utilities, lib, createRef))) [id => @uifabric/utilities, phase => typescript] 
[info ] InferredDefaultModule.scala:39 Inferred module TsIdentModule(Some(uifabric),List(utilities, lib, createRef)) [id => @uifabric/utilities, phase => typescript] 
[info ] Phase1ReadTypescript.scala:152 Preprocessing TsHelperFile(InFile(/home/tso/tmp/tso-cache/npm/node_modules/@uifabric/utilities/lib/css.d.ts),FromFolder(InFolder(/home/tso/tmp/tso-cache/npm/node_modules/@uifabric/utilities),TsIdentLibraryScoped(uifabric,Some(utilities))),TsIdentModule(Some(uifabric),List(utilities, lib, css))) [id => @uifabric/utilities, phase => typescript] 
[info ] InferredDefaultModule.scala:39 Inferred module TsIdentModule(Some(uifabric),List(utilities, lib, css)) [id => @uifabric/utilities, phase => typescript] 
[info ] Phase1ReadTypescript.scala:152 Preprocessing TsHelperFile(InFile(/home/tso/tmp/tso-cache/npm/node_modules/@uifabric/utilities/lib/customizable.d.ts),FromFolder(InFolder(/home/tso/tmp/tso-cache/npm/node_modules/@uifabric/utilities),TsIdentLibraryScoped(uifabric,Some(utilities))),TsIdentModule(Some(uifabric),List(utilities, lib, customizable))) [id => @uifabric/utilities, phase => typescript] 
[info ] InferredDefaultModule.scala:39 Inferred module TsIdentModule(Some(uifabric),List(utilities, lib, customizable)) [id => @uifabric/utilities, phase => typescript] 
[info ] Phase1ReadTypescript.scala:152 Preprocessing TsHelperFile(InFile(/home/tso/tmp/tso-cache/npm/node_modules/@uifabric/utilities/lib/dom.d.ts),FromFolder(InFolder(/home/tso/tmp/tso-cache/npm/node_modules/@uifabric/utilities),TsIdentLibraryScoped(uifabric,Some(utilities))),TsIdentModule(Some(uifabric),List(utilities, lib, dom))) [id => @uifabric/utilities, phase => typescript] 
[info ] InferredDefaultModule.scala:39 Inferred module TsIdentModule(Some(uifabric),List(utilities, lib, dom)) [id => @uifabric/utilities, phase => typescript] 
[info ] Phase1ReadTypescript.scala:152 Preprocessing TsHelperFile(InFile(/home/tso/tmp/tso-cache/npm/node_modules/@uifabric/utilities/lib/focus.d.ts),FromFolder(InFolder(/home/tso/tmp/tso-cache/npm/node_modules/@uifabric/utilities),TsIdentLibraryScoped(uifabric,Some(utilities))),TsIdentModule(Some(uifabric),List(utilities, lib, focus))) [id => @uifabric/utilities, phase => typescript] 
[info ] InferredDefaultModule.scala:39 Inferred module TsIdentModule(Some(uifabric),List(utilities, lib, focus)) [id => @uifabric/utilities, phase => typescript] 
[info ] Phase1ReadTypescript.scala:152 Preprocessing TsHelperFile(InFile(/home/tso/tmp/tso-cache/npm/node_modules/@uifabric/utilities/lib/hoist.d.ts),FromFolder(InFolder(/home/tso/tmp/tso-cache/npm/node_modules/@uifabric/utilities),TsIdentLibraryScoped(uifabric,Some(utilities))),TsIdentModule(Some(uifabric),List(utilities, lib, hoist))) [id => @uifabric/utilities, phase => typescript] 
[info ] InferredDefaultModule.scala:39 Inferred module TsIdentModule(Some(uifabric),List(utilities, lib, hoist)) [id => @uifabric/utilities, phase => typescript] 
[info ] Phase1ReadTypescript.scala:152 Preprocessing TsHelperFile(InFile(/home/tso/tmp/tso-cache/npm/node_modules/@uifabric/utilities/lib/hoistStatics.d.ts),FromFolder(InFolder(/home/tso/tmp/tso-cache/npm/node_modules/@uifabric/utilities),TsIdentLibraryScoped(uifabric,Some(utilities))),TsIdentModule(Some(uifabric),List(utilities, lib, hoistStatics))) [id => @uifabric/utilities, phase => typescript] 
[info ] InferredDefaultModule.scala:39 Inferred module TsIdentModule(Some(uifabric),List(utilities, lib, hoistStatics)) [id => @uifabric/utilities, phase => typescript] 
[info ] Phase1ReadTypescript.scala:152 Preprocessing TsHelperFile(InFile(/home/tso/tmp/tso-cache/npm/node_modules/@uifabric/utilities/lib/index.d.ts),FromFolder(InFolder(/home/tso/tmp/tso-cache/npm/node_modules/@uifabric/utilities),TsIdentLibraryScoped(uifabric,Some(utilities))),TsIdentModule(Some(uifabric),List(utilities))) [id => @uifabric/utilities, phase => typescript] 
[info ] InferredDefaultModule.scala:39 Inferred module TsIdentModule(Some(uifabric),List(utilities)) [id => @uifabric/utilities, phase => typescript] 
[info ] Phase1ReadTypescript.scala:152 Preprocessing TsHelperFile(InFile(/home/tso/tmp/tso-cache/npm/node_modules/@uifabric/utilities/lib/initializeFocusRects.d.ts),FromFolder(InFolder(/home/tso/tmp/tso-cache/npm/node_modules/@uifabric/utilities),TsIdentLibraryScoped(uifabric,Some(utilities))),TsIdentModule(Some(uifabric),List(utilities, lib, initializeFocusRects))) [id => @uifabric/utilities, phase => typescript] 
[info ] InferredDefaultModule.scala:39 Inferred module TsIdentModule(Some(uifabric),List(utilities, lib, initializeFocusRects)) [id => @uifabric/utilities, phase => typescript] 
[info ] Phase1ReadTypescript.scala:152 Preprocessing TsHelperFile(InFile(/home/tso/tmp/tso-cache/npm/node_modules/@uifabric/utilities/lib/initials.d.ts),FromFolder(InFolder(/home/tso/tmp/tso-cache/npm/node_modules/@uifabric/utilities),TsIdentLibraryScoped(uifabric,Some(utilities))),TsIdentModule(Some(uifabric),List(utilities, lib, initials))) [id => @uifabric/utilities, phase => typescript] 
[info ] InferredDefaultModule.scala:39 Inferred module TsIdentModule(Some(uifabric),List(utilities, lib, initials)) [id => @uifabric/utilities, phase => typescript] 
[info ] Phase1ReadTypescript.scala:152 Preprocessing TsHelperFile(InFile(/home/tso/tmp/tso-cache/npm/node_modules/@uifabric/utilities/lib/keyboard.d.ts),FromFolder(InFolder(/home/tso/tmp/tso-cache/npm/node_modules/@uifabric/utilities),TsIdentLibraryScoped(uifabric,Some(utilities))),TsIdentModule(Some(uifabric),List(utilities, lib, keyboard))) [id => @uifabric/utilities, phase => typescript] 
[info ] InferredDefaultModule.scala:39 Inferred module TsIdentModule(Some(uifabric),List(utilities, lib, keyboard)) [id => @uifabric/utilities, phase => typescript] 
[info ] Phase1ReadTypescript.scala:152 Preprocessing TsHelperFile(InFile(/home/tso/tmp/tso-cache/npm/node_modules/@uifabric/utilities/lib/language.d.ts),FromFolder(InFolder(/home/tso/tmp/tso-cache/npm/node_modules/@uifabric/utilities),TsIdentLibraryScoped(uifabric,Some(utilities))),TsIdentModule(Some(uifabric),List(utilities, lib, language))) [id => @uifabric/utilities, phase => typescript] 
[info ] InferredDefaultModule.scala:39 Inferred module TsIdentModule(Some(uifabric),List(utilities, lib, language)) [id => @uifabric/utilities, phase => typescript] 
[info ] Phase1ReadTypescript.scala:152 Preprocessing TsHelperFile(InFile(/home/tso/tmp/tso-cache/npm/node_modules/@uifabric/utilities/lib/math.d.ts),FromFolder(InFolder(/home/tso/tmp/tso-cache/npm/node_modules/@uifabric/utilities),TsIdentLibraryScoped(uifabric,Some(utilities))),TsIdentModule(Some(uifabric),List(utilities, lib, math))) [id => @uifabric/utilities, phase => typescript] 
[info ] InferredDefaultModule.scala:39 Inferred module TsIdentModule(Some(uifabric),List(utilities, lib, math)) [id => @uifabric/utilities, phase => typescript] 
[info ] Phase1ReadTypescript.scala:152 Preprocessing TsHelperFile(InFile(/home/tso/tmp/tso-cache/npm/node_modules/@uifabric/utilities/lib/memoize.d.ts),FromFolder(InFolder(/home/tso/tmp/tso-cache/npm/node_modules/@uifabric/utilities),TsIdentLibraryScoped(uifabric,Some(utilities))),TsIdentModule(Some(uifabric),List(utilities, lib, memoize))) [id => @uifabric/utilities, phase => typescript] 
[info ] InferredDefaultModule.scala:39 Inferred module TsIdentModule(Some(uifabric),List(utilities, lib, memoize)) [id => @uifabric/utilities, phase => typescript] 
[info ] Phase1ReadTypescript.scala:152 Preprocessing TsHelperFile(InFile(/home/tso/tmp/tso-cache/npm/node_modules/@uifabric/utilities/lib/merge.d.ts),FromFolder(InFolder(/home/tso/tmp/tso-cache/npm/node_modules/@uifabric/utilities),TsIdentLibraryScoped(uifabric,Some(utilities))),TsIdentModule(Some(uifabric),List(utilities, lib, merge))) [id => @uifabric/utilities, phase => typescript] 
[info ] InferredDefaultModule.scala:39 Inferred module TsIdentModule(Some(uifabric),List(utilities, lib, merge)) [id => @uifabric/utilities, phase => typescript] 
[info ] Phase1ReadTypescript.scala:152 Preprocessing TsHelperFile(InFile(/home/tso/tmp/tso-cache/npm/node_modules/@uifabric/utilities/lib/mobileDetector.d.ts),FromFolder(InFolder(/home/tso/tmp/tso-cache/npm/node_modules/@uifabric/utilities),TsIdentLibraryScoped(uifabric,Some(utilities))),TsIdentModule(Some(uifabric),List(utilities, lib, mobileDetector))) [id => @uifabric/utilities, phase => typescript] 
[info ] InferredDefaultModule.scala:39 Inferred module TsIdentModule(Some(uifabric),List(utilities, lib, mobileDetector)) [id => @uifabric/utilities, phase => typescript] 
[info ] Phase1ReadTypescript.scala:152 Preprocessing TsHelperFile(InFile(/home/tso/tmp/tso-cache/npm/node_modules/@uifabric/utilities/lib/object.d.ts),FromFolder(InFolder(/home/tso/tmp/tso-cache/npm/node_modules/@uifabric/utilities),TsIdentLibraryScoped(uifabric,Some(utilities))),TsIdentModule(Some(uifabric),List(utilities, lib, object))) [id => @uifabric/utilities, phase => typescript] 
[info ] InferredDefaultModule.scala:39 Inferred module TsIdentModule(Some(uifabric),List(utilities, lib, object)) [id => @uifabric/utilities, phase => typescript] 
[info ] Phase1ReadTypescript.scala:152 Preprocessing TsHelperFile(InFile(/home/tso/tmp/tso-cache/npm/node_modules/@uifabric/utilities/lib/overflow.d.ts),FromFolder(InFolder(/home/tso/tmp/tso-cache/npm/node_modules/@uifabric/utilities),TsIdentLibraryScoped(uifabric,Some(utilities))),TsIdentModule(Some(uifabric),List(utilities, lib, overflow))) [id => @uifabric/utilities, phase => typescript] 
[info ] InferredDefaultModule.scala:39 Inferred module TsIdentModule(Some(uifabric),List(utilities, lib, overflow)) [id => @uifabric/utilities, phase => typescript] 
[info ] Phase1ReadTypescript.scala:152 Preprocessing TsHelperFile(InFile(/home/tso/tmp/tso-cache/npm/node_modules/@uifabric/utilities/lib/properties.d.ts),FromFolder(InFolder(/home/tso/tmp/tso-cache/npm/node_modules/@uifabric/utilities),TsIdentLibraryScoped(uifabric,Some(utilities))),TsIdentModule(Some(uifabric),List(utilities, lib, properties))) [id => @uifabric/utilities, phase => typescript] 
[info ] InferredDefaultModule.scala:39 Inferred module TsIdentModule(Some(uifabric),List(utilities, lib, properties)) [id => @uifabric/utilities, phase => typescript] 
[info ] Phase1ReadTypescript.scala:152 Preprocessing TsHelperFile(InFile(/home/tso/tmp/tso-cache/npm/node_modules/@uifabric/utilities/lib/resources.d.ts),FromFolder(InFolder(/home/tso/tmp/tso-cache/npm/node_modules/@uifabric/utilities),TsIdentLibraryScoped(uifabric,Some(utilities))),TsIdentModule(Some(uifabric),List(utilities, lib, resources))) [id => @uifabric/utilities, phase => typescript] 
[info ] InferredDefaultModule.scala:39 Inferred module TsIdentModule(Some(uifabric),List(utilities, lib, resources)) [id => @uifabric/utilities, phase => typescript] 
[info ] Phase1ReadTypescript.scala:152 Preprocessing TsHelperFile(InFile(/home/tso/tmp/tso-cache/npm/node_modules/@uifabric/utilities/lib/rtl.d.ts),FromFolder(InFolder(/home/tso/tmp/tso-cache/npm/node_modules/@uifabric/utilities),TsIdentLibraryScoped(uifabric,Some(utilities))),TsIdentModule(Some(uifabric),List(utilities, lib, rtl))) [id => @uifabric/utilities, phase => typescript] 
[info ] InferredDefaultModule.scala:39 Inferred module TsIdentModule(Some(uifabric),List(utilities, lib, rtl)) [id => @uifabric/utilities, phase => typescript] 
[info ] Phase1ReadTypescript.scala:152 Preprocessing TsHelperFile(InFile(/home/tso/tmp/tso-cache/npm/node_modules/@uifabric/utilities/lib/scroll.d.ts),FromFolder(InFolder(/home/tso/tmp/tso-cache/npm/node_modules/@uifabric/utilities),TsIdentLibraryScoped(uifabric,Some(utilities))),TsIdentModule(Some(uifabric),List(utilities, lib, scroll))) [id => @uifabric/utilities, phase => typescript] 
[info ] InferredDefaultModule.scala:39 Inferred module TsIdentModule(Some(uifabric),List(utilities, lib, scroll)) [id => @uifabric/utilities, phase => typescript] 
[info ] Phase1ReadTypescript.scala:152 Preprocessing TsHelperFile(InFile(/home/tso/tmp/tso-cache/npm/node_modules/@uifabric/utilities/lib/string.d.ts),FromFolder(InFolder(/home/tso/tmp/tso-cache/npm/node_modules/@uifabric/utilities),TsIdentLibraryScoped(uifabric,Some(utilities))),TsIdentModule(Some(uifabric),List(utilities, lib, string))) [id => @uifabric/utilities, phase => typescript] 
[info ] InferredDefaultModule.scala:39 Inferred module TsIdentModule(Some(uifabric),List(utilities, lib, string)) [id => @uifabric/utilities, phase => typescript] 
[info ] Phase1ReadTypescript.scala:152 Preprocessing TsHelperFile(InFile(/home/tso/tmp/tso-cache/npm/node_modules/@uifabric/utilities/lib/styled.d.ts),FromFolder(InFolder(/home/tso/tmp/tso-cache/npm/node_modules/@uifabric/utilities),TsIdentLibraryScoped(uifabric,Some(utilities))),TsIdentModule(Some(uifabric),List(utilities, lib, styled))) [id => @uifabric/utilities, phase => typescript] 
[info ] InferredDefaultModule.scala:39 Inferred module TsIdentModule(Some(uifabric),List(utilities, lib, styled)) [id => @uifabric/utilities, phase => typescript] 
[info ] Phase1ReadTypescript.scala:152 Preprocessing TsHelperFile(InFile(/home/tso/tmp/tso-cache/npm/node_modules/@uifabric/utilities/lib/version.d.ts),FromFolder(InFolder(/home/tso/tmp/tso-cache/npm/node_modules/@uifabric/utilities),TsIdentLibraryScoped(uifabric,Some(utilities))),TsIdentModule(Some(uifabric),List(utilities, lib, version))) [id => @uifabric/utilities, phase => typescript] 
[info ] InferredDefaultModule.scala:39 Inferred module TsIdentModule(Some(uifabric),List(utilities, lib, version)) [id => @uifabric/utilities, phase => typescript] 
[info ] Phase1ReadTypescript.scala:152 Preprocessing TsHelperFile(InFile(/home/tso/tmp/tso-cache/npm/node_modules/@uifabric/utilities/lib/warn.d.ts),FromFolder(InFolder(/home/tso/tmp/tso-cache/npm/node_modules/@uifabric/utilities),TsIdentLibraryScoped(uifabric,Some(utilities))),TsIdentModule(Some(uifabric),List(utilities, lib, warn))) [id => @uifabric/utilities, phase => typescript] 
[info ] InferredDefaultModule.scala:39 Inferred module TsIdentModule(Some(uifabric),List(utilities, lib, warn)) [id => @uifabric/utilities, phase => typescript] 
[warn ] Phase1ReadTypescript.scala:190 Processing TsIdentLibraryScoped(uifabric,Some(utilities)) [id => @uifabric/utilities, phase => typescript] 
[info ] InferReturnTypes.scala:32 Could not infer return type [id => @uifabric/utilities, phase => typescript, scope => TreeScope(TsParsedFile() / TsDeclModule(@uifabric/utilities/lib/AutoScroll) / TsDeclClass(AutoScroll) / TsMemberFunction(_onMouseMove))] 
[info ] InferReturnTypes.scala:32 Could not infer return type [id => @uifabric/utilities, phase => typescript, scope => TreeScope(TsParsedFile() / TsDeclModule(@uifabric/utilities/lib/AutoScroll) / TsDeclClass(AutoScroll) / TsMemberFunction(_onTouchMove))] 
[info ] InferReturnTypes.scala:32 Could not infer return type [id => @uifabric/utilities, phase => typescript, scope => TreeScope(TsParsedFile() / TsDeclModule(@uifabric/utilities/lib/AutoScroll) / TsDeclClass(AutoScroll) / TsMemberFunction(_computeScrollVelocity))] 
[info ] InferReturnTypes.scala:32 Could not infer return type [id => @uifabric/utilities, phase => typescript, scope => TreeScope(TsParsedFile() / TsDeclModule(@uifabric/utilities/lib/AutoScroll) / TsDeclClass(AutoScroll) / TsMemberFunction(_startScroll))] 
[info ] InferReturnTypes.scala:32 Could not infer return type [id => @uifabric/utilities, phase => typescript, scope => TreeScope(TsParsedFile() / TsDeclModule(@uifabric/utilities/lib/AutoScroll) / TsDeclClass(AutoScroll) / TsMemberFunction(_incrementScroll))] 
[info ] InferReturnTypes.scala:32 Could not infer return type [id => @uifabric/utilities, phase => typescript, scope => TreeScope(TsParsedFile() / TsDeclModule(@uifabric/utilities/lib/AutoScroll) / TsDeclClass(AutoScroll) / TsMemberFunction(_stopScroll))] 
[info ] InferReturnTypes.scala:32 Could not infer return type [id => @uifabric/utilities, phase => typescript, scope => TreeScope(TsParsedFile() / TsDeclModule(@uifabric/utilities/lib/BaseComponent) / TsDeclClass(BaseComponent) / TsMemberFunction(_setComponentRef))] 
[info ] InferReturnTypes.scala:32 Could not infer return type [id => @uifabric/utilities, phase => typescript, scope => TreeScope(TsParsedFile() / TsDeclModule(@uifabric/utilities/lib/Customizations) / TsDeclClass(Customizations) / TsMemberFunction(_raiseChange))] 
[info ] InferReturnTypes.scala:32 Could not infer return type [id => @uifabric/utilities, phase => typescript, scope => TreeScope(TsParsedFile() / TsDeclModule(@uifabric/utilities/lib/EventGroup) / TsDeclClass(EventGroup) / TsMemberFunction(_isElement))] 
[info ] PreferTypeAlias.scala:118 Simplified to function type alias [id => @uifabric/utilities, phase => typescript, scope => TreeScope(TsParsedFile() / TsDeclModule(@uifabric/utilities/lib/IRenderFunction) / TsDeclInterface(IRenderFunction))] 
[info ] InferReturnTypes.scala:32 Could not infer return type [id => @uifabric/utilities, phase => typescript, scope => TreeScope(TsParsedFile() / TsDeclModule(@uifabric/utilities) / TsDeclClass(Customizations) / TsMemberFunction(_raiseChange))] 
[info ] InferReturnTypes.scala:32 Could not infer return type [id => @uifabric/utilities, phase => typescript, scope => TreeScope(TsParsedFile() / TsDeclModule(@uifabric/utilities) / TsDeclClass(EventGroup) / TsMemberFunction(_isElement))] 
[debug] DefaultedTParams.scala:29 Defaulting type parameter TsIdentSimple(T) at TreeScope(TsParsedFile() / TsDeclModule(@uifabric/utilities/lib/BaseComponent) / TsDeclClass(BaseComponent) / TsTypeParam() / TsTypeRef()) [id => @uifabric/utilities, phase => typescript, scope => TreeScope(TsParsedFile() / TsDeclModule(@uifabric/utilities/lib/BaseComponent) / TsDeclClass(BaseComponent) / TsTypeParam() / TsTypeRef())] 
[debug] DefaultedTParams.scala:29 Defaulting type parameter TsIdentSimple(SS) at TreeScope(TsParsedFile() / TsDeclModule(@uifabric/utilities/lib/BaseComponent) / TsDeclClass(BaseComponent) / TsTypeRef()) [id => @uifabric/utilities, phase => typescript, scope => TreeScope(TsParsedFile() / TsDeclModule(@uifabric/utilities/lib/BaseComponent) / TsDeclClass(BaseComponent) / TsTypeRef())] 
[debug] DefaultedTParams.scala:29 Defaulting type parameter TsIdentSimple(T) at TreeScope(TsParsedFile() / TsDeclModule(@uifabric/utilities/lib/BaseComponent) / TsDeclClass(BaseComponent) / TsMemberFunction(_updateComponentRef) / TsFunSig() / TsFunParam() / TsTypeRef()) [id => @uifabric/utilities, phase => typescript, scope => TreeScope(TsParsedFile() / TsDeclModule(@uifabric/utilities/lib/BaseComponent) / TsDeclClass(BaseComponent) / TsMemberFunction(_updateComponentRef) / TsFunSig() / TsFunParam() / TsTypeRef())] 
[debug] DefaultedTParams.scala:29 Defaulting type parameter TsIdentSimple(T) at TreeScope(TsParsedFile() / TsDeclModule(@uifabric/utilities/lib/BaseComponent) / TsDeclClass(BaseComponent) / TsMemberFunction(_updateComponentRef) / TsFunSig() / TsFunParam() / TsTypeRef()) [id => @uifabric/utilities, phase => typescript, scope => TreeScope(TsParsedFile() / TsDeclModule(@uifabric/utilities/lib/BaseComponent) / TsDeclClass(BaseComponent) / TsMemberFunction(_updateComponentRef) / TsFunSig() / TsFunParam() / TsTypeRef())] 
[debug] DefaultedTParams.scala:29 Defaulting type parameter TsIdentSimple(T) at TreeScope(TsParsedFile() / TsDeclModule(@uifabric/utilities/lib/Customizer) / TsDeclTypeAlias(ICustomizerProps) / TsTypeIntersect() / TsTypeRef()) [id => @uifabric/utilities, phase => typescript, scope => TreeScope(TsParsedFile() / TsDeclModule(@uifabric/utilities/lib/Customizer) / TsDeclTypeAlias(ICustomizerProps) / TsTypeIntersect() / TsTypeRef())] 
[debug] DefaultedTParams.scala:29 Defaulting type parameter TsIdentSimple(TState) at TreeScope(TsParsedFile() / TsDeclModule(@uifabric/utilities/lib/Customizer) / TsDeclClass(Customizer) / TsTypeRef()) [id => @uifabric/utilities, phase => typescript, scope => TreeScope(TsParsedFile() / TsDeclModule(@uifabric/utilities/lib/Customizer) / TsDeclClass(Customizer) / TsTypeRef())] 
[debug] DefaultedTParams.scala:29 Defaulting type parameter TsIdentSimple(SS) at TreeScope(TsParsedFile() / TsDeclModule(@uifabric/utilities/lib/DelayedRender) / TsDeclClass(DelayedRender) / TsTypeRef()) [id => @uifabric/utilities, phase => typescript, scope => TreeScope(TsParsedFile() / TsDeclModule(@uifabric/utilities/lib/DelayedRender) / TsDeclClass(DelayedRender) / TsTypeRef())] 
[debug] DefaultedTParams.scala:29 Defaulting type parameter TsIdentSimple(P) at TreeScope(TsParsedFile() / TsDeclModule(@uifabric/utilities/lib/asAsync) / TsDeclFunction(asAsync) / TsFunSig() / TsTypeRef() / TsTypeIntersect() / TsTypeObject() / TsMemberProperty(asyncPlaceholder) / TsTypeRef()) [id => @uifabric/utilities, phase => typescript, scope => TreeScope(TsParsedFile() / TsDeclModule(@uifabric/utilities/lib/asAsync) / TsDeclFunction(asAsync) / TsFunSig() / TsTypeRef() / TsTypeIntersect() / TsTypeObject() / TsMemberProperty(asyncPlaceholder) / TsTypeRef())] 
[debug] DefaultedTParams.scala:29 Defaulting type parameter TsIdentSimple(T) at TreeScope(TsParsedFile() / TsDeclModule(@uifabric/utilities) / TsDeclClass(BaseComponent) / TsTypeParam() / TsTypeRef()) [id => @uifabric/utilities, phase => typescript, scope => TreeScope(TsParsedFile() / TsDeclModule(@uifabric/utilities) / TsDeclClass(BaseComponent) / TsTypeParam() / TsTypeRef())] 
[debug] DefaultedTParams.scala:29 Defaulting type parameter TsIdentSimple(P) at TreeScope(TsParsedFile() / TsDeclModule(@uifabric/utilities) / TsDeclFunction(asAsync) / TsFunSig() / TsTypeRef() / TsTypeIntersect() / TsTypeObject() / TsMemberProperty(asyncPlaceholder) / TsTypeRef()) [id => @uifabric/utilities, phase => typescript, scope => TreeScope(TsParsedFile() / TsDeclModule(@uifabric/utilities) / TsDeclFunction(asAsync) / TsFunSig() / TsTypeRef() / TsTypeIntersect() / TsTypeObject() / TsMemberProperty(asyncPlaceholder) / TsTypeRef())] 
[debug] DefaultedTParams.scala:29 Defaulting type parameter TsIdentSimple(S) at TreeScope(TsParsedFile() / TsDeclModule(@uifabric/utilities) / TsDeclFunction(styled) / TsFunSig() / TsFunParam() / TsTypeUnion() / TsTypeRef()) [id => @uifabric/utilities, phase => typescript, scope => TreeScope(TsParsedFile() / TsDeclModule(@uifabric/utilities) / TsDeclFunction(styled) / TsFunSig() / TsFunParam() / TsTypeUnion() / TsTypeRef())] 
[debug] DefaultedTParams.scala:29 Defaulting type parameter TsIdentSimple(S) at TreeScope(TsParsedFile() / TsDeclModule(@uifabric/utilities/lib/styled) / TsDeclFunction(styled) / TsFunSig() / TsFunParam() / TsTypeUnion() / TsTypeRef()) [id => @uifabric/utilities, phase => typescript, scope => TreeScope(TsParsedFile() / TsDeclModule(@uifabric/utilities/lib/styled) / TsDeclFunction(styled) / TsFunSig() / TsFunParam() / TsTypeUnion() / TsTypeRef())] 
[info ] ExtractInterfaces.scala:30 Extracted anonymous interface TsIdentSimple(Anon_Set) [id => @uifabric/utilities, phase => typescript, scope => TreeScope(TsParsedFile() / TsDeclModule(@uifabric/utilities/lib/autobind) / TsDeclFunction(autobind) / TsFunSig() / TsTypeUnion() / TsTypeObject())] 
[info ] ExtractInterfaces.scala:30 Extracted anonymous interface TsIdentSimple(Anon_Delay) [id => @uifabric/utilities, phase => typescript, scope => TreeScope(TsParsedFile() / TsDeclModule(@uifabric/utilities/lib/DelayedRender) / TsDeclClass(DelayedRender) / TsMemberProperty(defaultProps) / TsTypeObject())] 
[info ] ExtractInterfaces.scala:30 Extracted anonymous interface TsIdentSimple(Anon_Trailing) [id => @uifabric/utilities, phase => typescript, scope => TreeScope(TsParsedFile() / TsDeclModule(@uifabric/utilities/lib/Async) / TsDeclClass(Async) / TsMemberFunction(throttle) / TsFunSig() / TsFunParam() / TsTypeObject())] 
[info ] ExtractInterfaces.scala:30 Extracted anonymous interface TsIdentSimple(Anon_MaxWait) [id => @uifabric/utilities, phase => typescript, scope => TreeScope(TsParsedFile() / TsDeclModule(@uifabric/utilities/lib/Async) / TsDeclClass(Async) / TsMemberFunction(debounce) / TsFunSig() / TsFunParam() / TsTypeObject())] 
[info ] ExtractInterfaces.scala:30 Extracted anonymous interface TsIdentSimple(Anon_Focus) [id => @uifabric/utilities, phase => typescript, scope => TreeScope(TsParsedFile() / TsDeclModule(@uifabric/utilities/lib/focus) / TsDeclFunction(focusAsync) / TsFunSig() / TsFunParam() / TsTypeObject())] 
[info ] ExtractInterfaces.scala:30 Extracted anonymous interface TsIdentSimple(Anon_Get) [id => @uifabric/utilities, phase => typescript, scope => TreeScope(TsParsedFile() / TsDeclModule(@uifabric/utilities/lib/memoize) / TsDeclFunction(memoize) / TsFunSig() / TsTypeObject())] 
[info ] ExtractInterfaces.scala:30 Extracted anonymous interface TsIdentSimple(Anon_Focus) [id => @uifabric/utilities, phase => typescript, scope => TreeScope(TsParsedFile() / TsDeclModule(@uifabric/utilities) / TsDeclFunction(focusAsync) / TsFunSig() / TsFunParam() / TsTypeObject())] 
[info ] ExtractInterfaces.scala:30 Extracted anonymous interface TsIdentSimple(Anon_Delay) [id => @uifabric/utilities, phase => typescript, scope => TreeScope(TsParsedFile() / TsDeclModule(@uifabric/utilities) / TsDeclClass(DelayedRender) / TsMemberProperty(defaultProps) / TsTypeObject())] 
[info ] ExtractInterfaces.scala:30 Extracted anonymous interface TsIdentSimple(Anon_Set) [id => @uifabric/utilities, phase => typescript, scope => TreeScope(TsParsedFile() / TsDeclModule(@uifabric/utilities) / TsDeclFunction(autobind) / TsFunSig() / TsTypeUnion() / TsTypeObject())] 
[info ] ExtractInterfaces.scala:30 Extracted anonymous interface TsIdentSimple(Anon_AsyncPlaceholder) [id => @uifabric/utilities, phase => typescript, scope => TreeScope(TsParsedFile() / TsDeclModule(@uifabric/utilities) / TsDeclFunction(asAsync) / TsFunSig() / TsTypeRef() / TsTypeIntersect() / TsTypeObject())] 
[info ] ExtractInterfaces.scala:30 Extracted anonymous interface TsIdentSimple(Anon_Get) [id => @uifabric/utilities, phase => typescript, scope => TreeScope(TsParsedFile() / TsDeclModule(@uifabric/utilities) / TsDeclFunction(memoize) / TsFunSig() / TsTypeObject())] 
[info ] ExtractInterfaces.scala:30 Extracted anonymous interface TsIdentSimple(Anon_ScopedSettings) [id => @uifabric/utilities, phase => typescript, scope => TreeScope(TsParsedFile() / TsDeclModule(@uifabric/utilities/lib/Customizer) / TsDeclTypeAlias(ICustomizerProps) / TsTypeIntersect() / TsTypeRef() / TsTypeObject())] 
[info ] ExtractInterfaces.scala:30 Extracted anonymous interface TsIdentSimple(Anon_DefaultRender) [id => @uifabric/utilities, phase => typescript, scope => TreeScope(TsParsedFile() / TsDeclModule(@uifabric/utilities/lib/IComponentAs) / TsDeclTypeAlias(IComponentAsProps) / TsTypeIntersect() / TsTypeObject())] 
[info ] ExtractInterfaces.scala:30 Extracted anonymous interface TsIdentSimple(Anon_AsyncPlaceholder) [id => @uifabric/utilities, phase => typescript, scope => TreeScope(TsParsedFile() / TsDeclModule(@uifabric/utilities/lib/asAsync) / TsDeclFunction(asAsync) / TsFunSig() / TsTypeRef() / TsTypeIntersect() / TsTypeObject())] 
[debug] PhaseRunner.scala:78 Success [id => @uifabric/utilities, phase => typescript] 
[warn ] Phase2ToScalaJs.scala:34 Processing TsIdentLibraryScoped(uifabric,Some(utilities)) [id => @uifabric/utilities, phase => scala.js] 
[debug] PhaseRunner.scala:78 Success [id => @uifabric/utilities, phase => scala.js] 
[warn ] PhaseRunner.scala:64 Failed because of, [node => Compilation failed] [id => @uifabric/utilities, phase => build] 
[debug] PhaseRunner.scala:82 Failure, [node => Compilation failed] [id => @uifabric/utilities, phase => build] 
