[info ] InferredDependency.scala:22 Inferred dependencies Set(TsIdentLibrarySimple(react)) for TsIdentLibraryScoped(uifabric,Some(foundation)) [id => @uifabric/foundation, phase => typescript, file => ../foundation/lib/IComponent.d.ts] 
[debug] PhaseRunner.scala:84 Success [id => @uifabric/foundation, phase => typescript] 
[info ] InferredDependency.scala:22 Inferred dependencies Set(TsIdentLibrarySimple(react)) for TsIdentLibraryScoped(uifabric,Some(foundation)) [id => @uifabric/foundation, phase => typescript, file => ../foundation/lib/IHTMLSlots.d.ts] 
[error] PhaseRunner.scala:88 Failure, [@uifabric/foundation => InFile(/home/tso/tmp/tso-cache/npm/node_modules/@uifabric/foundation/lib/ISlots.d.ts): Parse error at 69.30 '':'' expected but '+' found] [id => @uifabric/foundation, phase => typescript] 
[warn ] PhaseRunner.scala:70 Failed because of, [@uifabric/foundation => InFile(/home/tso/tmp/tso-cache/npm/node_modules/@uifabric/foundation/lib/ISlots.d.ts): Parse error at 69.30 '':'' expected but '+' found] [id => @uifabric/foundation, phase => typescript] 
[error] PhaseRunner.scala:88 Failure, [@uifabric/foundation => InFile(/home/tso/tmp/tso-cache/npm/node_modules/@uifabric/foundation/lib/ISlots.d.ts): Parse error at 69.30 '':'' expected but '+' found] [id => @uifabric/foundation, phase => typescript] 
[info ] InferredDependency.scala:22 Inferred dependencies Set(TsIdentLibrarySimple(react)) for TsIdentLibraryScoped(uifabric,Some(foundation)) [id => @uifabric/foundation, phase => typescript, file => ../foundation/lib/ThemeProvider.d.ts] 
[debug] PhaseRunner.scala:84 Success [id => @uifabric/foundation, phase => typescript] 
[info ] InferredDependency.scala:22 Inferred dependencies Set(TsIdentLibrarySimple(react)) for TsIdentLibraryScoped(uifabric,Some(foundation)) [id => @uifabric/foundation, phase => typescript, file => ../foundation/lib/createComponent.d.ts] 
[warn ] PhaseRunner.scala:70 Failed because of, [@uifabric/foundation => InFile(/home/tso/tmp/tso-cache/npm/node_modules/@uifabric/foundation/lib/ISlots.d.ts): Parse error at 69.30 '':'' expected but '+' found] [id => @uifabric/foundation, phase => typescript] 
[error] PhaseRunner.scala:88 Failure, [@uifabric/foundation => InFile(/home/tso/tmp/tso-cache/npm/node_modules/@uifabric/foundation/lib/ISlots.d.ts): Parse error at 69.30 '':'' expected but '+' found] [id => @uifabric/foundation, phase => typescript] 
[info ] InferredDependency.scala:22 Inferred dependencies Set(TsIdentLibrarySimple(react)) for TsIdentLibraryScoped(uifabric,Some(foundation)) [id => @uifabric/foundation, phase => typescript, file => ../lib/hooks/controlled.d.ts] 
[debug] PhaseRunner.scala:84 Success [id => @uifabric/foundation, phase => typescript] 
[debug] PhaseRunner.scala:84 Success [id => @uifabric/foundation, phase => typescript] 
[info ] InferredDependency.scala:22 Inferred dependencies Set(TsIdentLibrarySimple(react)) for TsIdentLibraryScoped(uifabric,Some(foundation)) [id => @uifabric/foundation, phase => typescript, file => ../foundation/lib/slots.d.ts] 
[warn ] PhaseRunner.scala:70 Failed because of, [@uifabric/foundation => InFile(/home/tso/tmp/tso-cache/npm/node_modules/@uifabric/foundation/lib/ISlots.d.ts): Parse error at 69.30 '':'' expected but '+' found] [id => @uifabric/foundation, phase => typescript] 
[error] PhaseRunner.scala:88 Failure, [@uifabric/foundation => InFile(/home/tso/tmp/tso-cache/npm/node_modules/@uifabric/foundation/lib/ISlots.d.ts): Parse error at 69.30 '':'' expected but '+' found] [id => @uifabric/foundation, phase => typescript] 
[debug] PhaseRunner.scala:84 Success [id => @uifabric/foundation, phase => typescript] 
[warn ] PhaseRunner.scala:70 Failed because of, [@uifabric/foundation => InFile(/home/tso/tmp/tso-cache/npm/node_modules/@uifabric/foundation/lib/ISlots.d.ts): Parse error at 69.30 '':'' expected but '+' found] [id => @uifabric/foundation, phase => typescript] 
[error] PhaseRunner.scala:88 Failure, [@uifabric/foundation => InFile(/home/tso/tmp/tso-cache/npm/node_modules/@uifabric/foundation/lib/ISlots.d.ts): Parse error at 69.30 '':'' expected but '+' found] [id => @uifabric/foundation, phase => typescript] 
[warn ] PhaseRunner.scala:70 Failed because of, [@uifabric/foundation => InFile(/home/tso/tmp/tso-cache/npm/node_modules/@uifabric/foundation/lib/ISlots.d.ts): Parse error at 69.30 '':'' expected but '+' found] [id => @uifabric/foundation, phase => typescript] 
[error] PhaseRunner.scala:88 Failure, [@uifabric/foundation => InFile(/home/tso/tmp/tso-cache/npm/node_modules/@uifabric/foundation/lib/ISlots.d.ts): Parse error at 69.30 '':'' expected but '+' found] [id => @uifabric/foundation, phase => typescript] 
[error] PhaseRunner.scala:88 Failure, [@uifabric/foundation => InFile(/home/tso/tmp/tso-cache/npm/node_modules/@uifabric/foundation/lib/ISlots.d.ts): Parse error at 69.30 '':'' expected but '+' found] [id => @uifabric/foundation, phase => scala.js] 
[error] PhaseRunner.scala:88 Failure, [@uifabric/foundation => InFile(/home/tso/tmp/tso-cache/npm/node_modules/@uifabric/foundation/lib/ISlots.d.ts): Parse error at 69.30 '':'' expected but '+' found] [id => @uifabric/foundation, phase => build] 
[error] PhaseRunner.scala:88 Failure, [@uifabric/foundation => InFile(/home/tso/tmp/tso-cache/npm/node_modules/@uifabric/foundation/lib/ISlots.d.ts): Parse error at 69.30 '':'' expected but '+' found] [id => @uifabric/foundation, phase => publish] 
