[info ] InferredDependency.scala:20 Inferred dependencies Set(TsIdentLibrarySimple(node)) for TsIdentLibrarySimple(uws) [id => uws, phase => typescript, file => ../types/uws/index.d.ts] 
[debug] PhaseRunner.scala:78 Success [id => uws, phase => typescript] 
[info ] Phase1ReadTypescript.scala:152 Preprocessing TsHelperFile(InFile(/home/tso/tmp/tso-cache/DefinitelyTyped/types/uws/index.d.ts),FromFolder(InFolder(/home/tso/tmp/tso-cache/DefinitelyTyped/types/uws),TsIdentLibrarySimple(uws)),TsIdentModule(None,List(uws))) [id => uws, phase => typescript] 
[info ] InferredDefaultModule.scala:39 Inferred module TsIdentModule(None,List(uws)) [id => uws, phase => typescript] 
[warn ] Phase1ReadTypescript.scala:190 Processing TsIdentLibrarySimple(uws) [id => uws, phase => typescript] 
[info ] ExtractInterfaces.scala:30 Extracted anonymous interface TsIdentSimple(Anon_Type) [id => uws, phase => typescript, scope => TreeScope(TsParsedFile() / TsDeclModule(uws) / TsDeclInterface(WebSocket) / TsMemberFunction(onmessage) / TsFunSig() / TsFunParam() / TsTypeObject())] 
[info ] ExtractInterfaces.scala:30 Extracted anonymous interface TsIdentSimple(Anon_TypeData) [id => uws, phase => typescript, scope => TreeScope(TsParsedFile() / TsDeclModule(uws) / TsDeclInterface(WebSocket) / TsMemberFunction(addEventListener) / TsFunSig() / TsFunParam() / TsTypeFunction() / TsFunSig() / TsFunParam() / TsTypeObject())] 
[info ] ExtractInterfaces.scala:30 Extracted anonymous interface TsIdentSimple(Anon_WasClean) [id => uws, phase => typescript, scope => TreeScope(TsParsedFile() / TsDeclModule(uws) / TsDeclInterface(WebSocket) / TsMemberFunction(addEventListener) / TsFunSig() / TsFunParam() / TsTypeFunction() / TsFunSig() / TsFunParam() / TsTypeObject())] 
[info ] ExtractInterfaces.scala:30 Extracted anonymous interface TsIdentSimple(Anon_Target) [id => uws, phase => typescript, scope => TreeScope(TsParsedFile() / TsDeclModule(uws) / TsDeclInterface(WebSocket) / TsMemberFunction(addEventListener) / TsFunSig() / TsFunParam() / TsTypeFunction() / TsFunSig() / TsFunParam() / TsTypeObject())] 
[info ] ExtractInterfaces.scala:30 Extracted anonymous interface TsIdentSimple(Anon_TargetWebSocket) [id => uws, phase => typescript, scope => TreeScope(TsParsedFile() / TsDeclModule(uws) / TsDeclInterface(WebSocket) / TsMemberFunction(onopen) / TsFunSig() / TsFunParam() / TsTypeObject())] 
[info ] ExtractInterfaces.scala:30 Extracted anonymous interface TsIdentSimple(Anon_Binary) [id => uws, phase => typescript, scope => TreeScope(TsParsedFile() / TsDeclModule(uws) / TsDeclInterface(WebSocket) / TsMemberFunction(ping) / TsFunSig() / TsFunParam() / TsTypeObject())] 
[info ] ExtractInterfaces.scala:30 Extracted anonymous interface TsIdentSimple(Anon_Binary) [id => uws, phase => typescript, scope => TreeScope(TsParsedFile() / TsDeclModule(uws) / TsDeclInterface(WebSocket) / TsMemberFunction(ping) / TsFunSig() / TsFunParam() / TsTypeObject())] 
[info ] ExtractInterfaces.scala:30 Extracted anonymous interface TsIdentSimple(Anon_BinaryBoolean) [id => uws, phase => typescript, scope => TreeScope(TsParsedFile() / TsDeclModule(uws) / TsDeclInterface(WebSocket) / TsMemberFunction(on) / TsFunSig() / TsFunParam() / TsTypeFunction() / TsFunSig() / TsFunParam() / TsTypeObject())] 
[info ] ExtractInterfaces.scala:30 Extracted anonymous interface TsIdentSimple(Anon_BinaryBoolean) [id => uws, phase => typescript, scope => TreeScope(TsParsedFile() / TsDeclModule(uws) / TsDeclInterface(WebSocket) / TsMemberFunction(on) / TsFunSig() / TsFunParam() / TsTypeFunction() / TsFunSig() / TsFunParam() / TsTypeObject())] 
[info ] ExtractInterfaces.scala:30 Extracted anonymous interface TsIdentSimple(Anon_BinaryBoolean) [id => uws, phase => typescript, scope => TreeScope(TsParsedFile() / TsDeclModule(uws) / TsDeclInterface(WebSocket) / TsMemberFunction(on) / TsFunSig() / TsFunParam() / TsTypeFunction() / TsFunSig() / TsFunParam() / TsTypeObject())] 
[info ] ExtractInterfaces.scala:30 Extracted anonymous interface TsIdentSimple(Anon_Binary) [id => uws, phase => typescript, scope => TreeScope(TsParsedFile() / TsDeclModule(uws) / TsDeclInterface(WebSocket) / TsMemberFunction(stream) / TsFunSig() / TsFunParam() / TsTypeObject())] 
[info ] ExtractInterfaces.scala:30 Extracted anonymous interface TsIdentSimple(Anon_Binary) [id => uws, phase => typescript, scope => TreeScope(TsParsedFile() / TsDeclModule(uws) / TsDeclInterface(WebSocket) / TsMemberFunction(stream) / TsFunSig() / TsFunParam() / TsTypeObject())] 
[info ] ExtractInterfaces.scala:30 Extracted anonymous interface TsIdentSimple(Anon_Binary) [id => uws, phase => typescript, scope => TreeScope(TsParsedFile() / TsDeclModule(uws) / TsDeclInterface(WebSocket) / TsMemberFunction(pong) / TsFunSig() / TsFunParam() / TsTypeObject())] 
[info ] ExtractInterfaces.scala:30 Extracted anonymous interface TsIdentSimple(Anon_Binary) [id => uws, phase => typescript, scope => TreeScope(TsParsedFile() / TsDeclModule(uws) / TsDeclInterface(WebSocket) / TsMemberFunction(pong) / TsFunSig() / TsFunParam() / TsTypeObject())] 
[info ] ExtractInterfaces.scala:30 Extracted anonymous interface TsIdentSimple(Anon_BinaryBoolean) [id => uws, phase => typescript, scope => TreeScope(TsParsedFile() / TsDeclModule(uws) / TsDeclInterface(WebSocket) / TsMemberFunction(addListener) / TsFunSig() / TsFunParam() / TsTypeFunction() / TsFunSig() / TsFunParam() / TsTypeObject())] 
[info ] ExtractInterfaces.scala:30 Extracted anonymous interface TsIdentSimple(Anon_BinaryBoolean) [id => uws, phase => typescript, scope => TreeScope(TsParsedFile() / TsDeclModule(uws) / TsDeclInterface(WebSocket) / TsMemberFunction(addListener) / TsFunSig() / TsFunParam() / TsTypeFunction() / TsFunSig() / TsFunParam() / TsTypeObject())] 
[info ] ExtractInterfaces.scala:30 Extracted anonymous interface TsIdentSimple(Anon_BinaryBoolean) [id => uws, phase => typescript, scope => TreeScope(TsParsedFile() / TsDeclModule(uws) / TsDeclInterface(WebSocket) / TsMemberFunction(addListener) / TsFunSig() / TsFunParam() / TsTypeFunction() / TsFunSig() / TsFunParam() / TsTypeObject())] 
[info ] ExtractInterfaces.scala:30 Extracted anonymous interface TsIdentSimple(Anon_WasCleanTarget) [id => uws, phase => typescript, scope => TreeScope(TsParsedFile() / TsDeclModule(uws) / TsDeclInterface(WebSocket) / TsMemberFunction(onclose) / TsFunSig() / TsFunParam() / TsTypeObject())] 
[info ] ExtractInterfaces.scala:30 Extracted anonymous interface TsIdentSimple(Anon_Binary) [id => uws, phase => typescript, scope => TreeScope(TsParsedFile() / TsDeclModule(uws) / TsDeclInterface(WebSocket) / TsMemberFunction(send) / TsFunSig() / TsFunParam() / TsTypeObject())] 
[info ] ExtractInterfaces.scala:30 Extracted anonymous interface TsIdentSimple(Anon_Binary) [id => uws, phase => typescript, scope => TreeScope(TsParsedFile() / TsDeclModule(uws) / TsDeclInterface(WebSocket) / TsMemberFunction(send) / TsFunSig() / TsFunParam() / TsTypeObject())] 
[info ] ExtractInterfaces.scala:30 Extracted anonymous interface TsIdentSimple(Anon_Secure) [id => uws, phase => typescript, scope => TreeScope(TsParsedFile() / TsDeclModule(uws) / TsDeclNamespace(WebSocket) / TsDeclTypeAlias(VerifyClientCallbackAsync) / TsTypeFunction() / TsFunSig() / TsFunParam() / TsTypeObject())] 
[info ] ExtractInterfaces.scala:30 Extracted anonymous interface TsIdentSimple(Anon_Secure) [id => uws, phase => typescript, scope => TreeScope(TsParsedFile() / TsDeclModule(uws) / TsDeclNamespace(WebSocket) / TsDeclTypeAlias(VerifyClientCallbackSync) / TsTypeFunction() / TsFunSig() / TsFunParam() / TsTypeObject())] 
[debug] PhaseRunner.scala:78 Success [id => uws, phase => typescript] 
[warn ] Phase2ToScalaJs.scala:34 Processing TsIdentLibrarySimple(uws) [id => uws, phase => scala.js] 
[debug] PhaseRunner.scala:78 Success [id => uws, phase => scala.js] 
[warn ] PhaseRunner.scala:64 Failed because of, [node => Compilation failed] [id => uws, phase => build] 
[debug] PhaseRunner.scala:82 Failure, [node => Compilation failed] [id => uws, phase => build] 
