[debug] PhaseRunner.scala:86 Ignored [id => vega-typings, phase => typescript] 
[debug] PhaseRunner.scala:78 Success [id => vega-typings, phase => typescript] 
[debug] PhaseRunner.scala:86 Ignored [id => vega-typings, phase => typescript] 
[debug] PhaseRunner.scala:86 Ignored [id => vega-typings, phase => typescript] 
[debug] PhaseRunner.scala:78 Success [id => vega-typings, phase => typescript] 
[debug] PhaseRunner.scala:78 Success [id => vega-typings, phase => typescript] 
[debug] PhaseRunner.scala:78 Success [id => vega-typings, phase => typescript] 
[debug] PhaseRunner.scala:78 Success [id => vega-typings, phase => typescript] 
[debug] PhaseRunner.scala:78 Success [id => vega-typings, phase => typescript] 
[debug] PhaseRunner.scala:78 Success [id => vega-typings, phase => typescript] 
[debug] PhaseRunner.scala:78 Success [id => vega-typings, phase => typescript] 
[debug] PhaseRunner.scala:78 Success [id => vega-typings, phase => typescript] 
[debug] PhaseRunner.scala:78 Success [id => vega-typings, phase => typescript] 
[debug] PhaseRunner.scala:78 Success [id => vega-typings, phase => typescript] 
[debug] PhaseRunner.scala:78 Success [id => vega-typings, phase => typescript] 
[debug] PhaseRunner.scala:78 Success [id => vega-typings, phase => typescript] 
[debug] PhaseRunner.scala:78 Success [id => vega-typings, phase => typescript] 
[debug] PhaseRunner.scala:78 Success [id => vega-typings, phase => typescript] 
[debug] PhaseRunner.scala:78 Success [id => vega-typings, phase => typescript] 
[debug] PhaseRunner.scala:78 Success [id => vega-typings, phase => typescript] 
[debug] PhaseRunner.scala:78 Success [id => vega-typings, phase => typescript] 
[debug] PhaseRunner.scala:78 Success [id => vega-typings, phase => typescript] 
[debug] PhaseRunner.scala:78 Success [id => vega-typings, phase => typescript] 
[debug] PhaseRunner.scala:78 Success [id => vega-typings, phase => typescript] 
[debug] PhaseRunner.scala:78 Success [id => vega-typings, phase => typescript] 
[debug] PhaseRunner.scala:78 Success [id => vega-typings, phase => typescript] 
[debug] PhaseRunner.scala:78 Success [id => vega-typings, phase => typescript] 
[debug] PhaseRunner.scala:78 Success [id => vega-typings, phase => typescript] 
[debug] PhaseRunner.scala:78 Success [id => vega-typings, phase => typescript] 
[debug] PhaseRunner.scala:78 Success [id => vega-typings, phase => typescript] 
[debug] PhaseRunner.scala:78 Success [id => vega-typings, phase => typescript] 
[debug] PhaseRunner.scala:86 Ignored [id => vega-typings, phase => typescript] 
[debug] PhaseRunner.scala:78 Success [id => vega-typings, phase => typescript] 
[debug] PhaseRunner.scala:78 Success [id => vega-typings, phase => typescript] 
[warn ] PhaseRunner.scala:64 Failed because of, [vega-util => java.lang.RuntimeException: Error while parsing: /home/tso/tmp/tso-cache/npm/node_modules/vega-util/tsconfig.json: io.circe.ParsingFailure: expected json value got ] (line 13, column 313)] [id => vega-typings, phase => typescript] 
[debug] PhaseRunner.scala:82 Failure, [vega-util => java.lang.RuntimeException: Error while parsing: /home/tso/tmp/tso-cache/npm/node_modules/vega-util/tsconfig.json: io.circe.ParsingFailure: expected json value got ] (line 13, column 313)] [id => vega-typings, phase => typescript] 
[warn ] PhaseRunner.scala:64 Failed because of, [vega-util => java.lang.RuntimeException: Error while parsing: /home/tso/tmp/tso-cache/npm/node_modules/vega-util/tsconfig.json: io.circe.ParsingFailure: expected json value got ] (line 13, column 313)] [id => vega-typings, phase => typescript] 
[debug] PhaseRunner.scala:82 Failure, [vega-util => java.lang.RuntimeException: Error while parsing: /home/tso/tmp/tso-cache/npm/node_modules/vega-util/tsconfig.json: io.circe.ParsingFailure: expected json value got ] (line 13, column 313)] [id => vega-typings, phase => typescript] 
[warn ] PhaseRunner.scala:64 Failed because of, [vega-util => java.lang.RuntimeException: Error while parsing: /home/tso/tmp/tso-cache/npm/node_modules/vega-util/tsconfig.json: io.circe.ParsingFailure: expected json value got ] (line 13, column 313)] [id => vega-typings, phase => typescript] 
[debug] PhaseRunner.scala:82 Failure, [vega-util => java.lang.RuntimeException: Error while parsing: /home/tso/tmp/tso-cache/npm/node_modules/vega-util/tsconfig.json: io.circe.ParsingFailure: expected json value got ] (line 13, column 313)] [id => vega-typings, phase => typescript] 
[debug] PhaseRunner.scala:82 Failure, [vega-util => java.lang.RuntimeException: Error while parsing: /home/tso/tmp/tso-cache/npm/node_modules/vega-util/tsconfig.json: io.circe.ParsingFailure: expected json value got ] (line 13, column 313)] [id => vega-typings, phase => scala.js] 
[debug] PhaseRunner.scala:82 Failure, [vega-util => java.lang.RuntimeException: Error while parsing: /home/tso/tmp/tso-cache/npm/node_modules/vega-util/tsconfig.json: io.circe.ParsingFailure: expected json value got ] (line 13, column 313)] [id => vega-typings, phase => build] 
[debug] PhaseRunner.scala:82 Failure, [vega-util => java.lang.RuntimeException: Error while parsing: /home/tso/tmp/tso-cache/npm/node_modules/vega-util/tsconfig.json: io.circe.ParsingFailure: expected json value got ] (line 13, column 313)] [id => vega-typings, phase => publish] 
