[info ] InferredDependency.scala:20 Inferred dependencies Set(TsIdentLibrarySimple(node)) for TsIdentLibrarySimple(vinyl-fs) [id => vinyl-fs, phase => typescript, file => ../types/vinyl-fs/index.d.ts] 
[debug] PhaseRunner.scala:78 Success [id => vinyl-fs, phase => typescript] 
[info ] Phase1ReadTypescript.scala:152 Preprocessing TsHelperFile(InFile(/home/tso/tmp/tso-cache/DefinitelyTyped/types/vinyl-fs/index.d.ts),FromFolder(InFolder(/home/tso/tmp/tso-cache/DefinitelyTyped/types/vinyl-fs),TsIdentLibrarySimple(vinyl-fs)),TsIdentModule(None,List(vinyl-fs))) [id => vinyl-fs, phase => typescript] 
[info ] InferredDefaultModule.scala:39 Inferred module TsIdentModule(None,List(vinyl-fs)) [id => vinyl-fs, phase => typescript] 
[warn ] Phase1ReadTypescript.scala:190 Processing TsIdentLibrarySimple(vinyl-fs) [id => vinyl-fs, phase => typescript] 
[info ] ExtractInterfaces.scala:30 Extracted anonymous interface TsIdentSimple(Anon_Type) [id => vinyl-fs, phase => typescript, scope => TreeScope(TsParsedFile() / TsDeclModule(vinyl-fs) / TsDeclFunction(watch) / TsFunSig() / TsFunParam() / TsTypeFunction() / TsFunSig() / TsFunParam() / TsTypeObject())] 
[info ] ExtractInterfaces.scala:30 Extracted anonymous interface TsIdentSimple(Anon_Type) [id => vinyl-fs, phase => typescript, scope => TreeScope(TsParsedFile() / TsDeclModule(vinyl-fs) / TsDeclFunction(watch) / TsFunSig() / TsFunParam() / TsTypeFunction() / TsFunSig() / TsFunParam() / TsTypeObject())] 
[info ] ExtractInterfaces.scala:30 Extracted anonymous interface TsIdentSimple(Anon_DebounceDelay) [id => vinyl-fs, phase => typescript, scope => TreeScope(TsParsedFile() / TsDeclModule(vinyl-fs) / TsDeclFunction(watch) / TsFunSig() / TsFunParam() / TsTypeObject())] 
[info ] ExtractInterfaces.scala:30 Extracted anonymous interface TsIdentSimple(Anon_DebounceDelay) [id => vinyl-fs, phase => typescript, scope => TreeScope(TsParsedFile() / TsDeclModule(vinyl-fs) / TsDeclFunction(watch) / TsFunSig() / TsFunParam() / TsTypeObject())] 
[info ] ExtractInterfaces.scala:30 Extracted anonymous interface TsIdentSimple(Anon_Type) [id => vinyl-fs, phase => typescript, scope => TreeScope(TsParsedFile() / TsDeclModule(vinyl-fs) / TsDeclFunction(watch) / TsFunSig() / TsFunParam() / TsTypeFunction() / TsFunSig() / TsFunParam() / TsTypeObject())] 
[info ] ExtractInterfaces.scala:30 Extracted anonymous interface TsIdentSimple(Anon_DebounceDelay) [id => vinyl-fs, phase => typescript, scope => TreeScope(TsParsedFile() / TsDeclModule(vinyl-fs) / TsDeclFunction(watch) / TsFunSig() / TsFunParam() / TsTypeObject())] 
[info ] ExtractInterfaces.scala:30 Extracted anonymous interface TsIdentSimple(Anon_DebounceDelay) [id => vinyl-fs, phase => typescript, scope => TreeScope(TsParsedFile() / TsDeclModule(vinyl-fs) / TsDeclFunction(watch) / TsFunSig() / TsFunParam() / TsTypeObject())] 
[info ] ExtractInterfaces.scala:30 Extracted anonymous interface TsIdentSimple(Anon_Type) [id => vinyl-fs, phase => typescript, scope => TreeScope(TsParsedFile() / TsDeclModule(vinyl-fs) / TsDeclFunction(watch) / TsFunSig() / TsFunParam() / TsTypeFunction() / TsFunSig() / TsFunParam() / TsTypeObject())] 
[info ] ExtractInterfaces.scala:30 Extracted anonymous interface TsIdentSimple(Anon_Cwd) [id => vinyl-fs, phase => typescript, scope => TreeScope(TsParsedFile() / TsDeclModule(vinyl-fs) / TsDeclFunction(symlink) / TsFunSig() / TsFunParam() / TsTypeObject())] 
[info ] ExtractInterfaces.scala:30 Extracted anonymous interface TsIdentSimple(Anon_CwdDirMode) [id => vinyl-fs, phase => typescript, scope => TreeScope(TsParsedFile() / TsDeclModule(vinyl-fs) / TsDeclFunction(symlink) / TsFunSig() / TsFunParam() / TsTypeObject())] 
[debug] PhaseRunner.scala:78 Success [id => vinyl-fs, phase => typescript] 
[warn ] Phase2ToScalaJs.scala:34 Processing TsIdentLibrarySimple(vinyl-fs) [id => vinyl-fs, phase => scala.js] 
[debug] PhaseRunner.scala:78 Success [id => vinyl-fs, phase => scala.js] 
[warn ] PhaseRunner.scala:64 Failed because of, [node => Compilation failed] [id => vinyl-fs, phase => build] 
[debug] PhaseRunner.scala:82 Failure, [node => Compilation failed] [id => vinyl-fs, phase => build] 
