[debug] PhaseRunner.scala:78 Success [id => vscode-languageserver, phase => typescript] 
[info ] InferredDependency.scala:20 Inferred dependencies Set(TsIdentLibrarySimple(node)) for TsIdentLibrarySimple(vscode-languageserver) [id => vscode-languageserver, phase => typescript, file => ../vscode-languageserver/lib/main.d.ts] 
[info ] InferredDependency.scala:20 Inferred dependencies Set(TsIdentLibrarySimple(node)) for TsIdentLibrarySimple(vscode-languageserver) [id => vscode-languageserver, phase => typescript, file => ../vscode-languageserver/lib/main.d.ts] 
[debug] PhaseRunner.scala:86 Ignored [id => vscode-languageserver, phase => typescript] 
[debug] PhaseRunner.scala:78 Success [id => vscode-languageserver, phase => typescript] 
[debug] PhaseRunner.scala:86 Ignored [id => vscode-languageserver, phase => typescript] 
[debug] PhaseRunner.scala:78 Success [id => vscode-languageserver, phase => typescript] 
[debug] PhaseRunner.scala:78 Success [id => vscode-languageserver, phase => typescript] 
[debug] PhaseRunner.scala:78 Success [id => vscode-languageserver, phase => typescript] 
[debug] PhaseRunner.scala:78 Success [id => vscode-languageserver, phase => typescript] 
[info ] Phase1ReadTypescript.scala:152 Preprocessing TsHelperFile(InFile(/home/tso/tmp/tso-cache/npm/node_modules/vscode-languageserver/lib/configuration.d.ts),FromFolder(InFolder(/home/tso/tmp/tso-cache/npm/node_modules/vscode-languageserver),TsIdentLibrarySimple(vscode-languageserver)),TsIdentModule(None,List(vscode-languageserver, lib, configuration))) [id => vscode-languageserver, phase => typescript] 
[info ] InferredDefaultModule.scala:39 Inferred module TsIdentModule(None,List(vscode-languageserver, lib, configuration)) [id => vscode-languageserver, phase => typescript] 
[info ] Phase1ReadTypescript.scala:152 Preprocessing TsHelperFile(InFile(/home/tso/tmp/tso-cache/npm/node_modules/vscode-languageserver/lib/files.d.ts),FromFolder(InFolder(/home/tso/tmp/tso-cache/npm/node_modules/vscode-languageserver),TsIdentLibrarySimple(vscode-languageserver)),TsIdentModule(None,List(vscode-languageserver, lib, files))) [id => vscode-languageserver, phase => typescript] 
[info ] InferredDefaultModule.scala:39 Inferred module TsIdentModule(None,List(vscode-languageserver, lib, files)) [id => vscode-languageserver, phase => typescript] 
[info ] Phase1ReadTypescript.scala:152 Preprocessing TsHelperFile(InFile(/home/tso/tmp/tso-cache/npm/node_modules/vscode-languageserver/lib/main.d.ts),FromFolder(InFolder(/home/tso/tmp/tso-cache/npm/node_modules/vscode-languageserver),TsIdentLibrarySimple(vscode-languageserver)),TsIdentModule(None,List(vscode-languageserver))) [id => vscode-languageserver, phase => typescript] 
[info ] InferredDefaultModule.scala:39 Inferred module TsIdentModule(None,List(vscode-languageserver)) [id => vscode-languageserver, phase => typescript] 
[info ] Phase1ReadTypescript.scala:152 Preprocessing TsHelperFile(InFile(/home/tso/tmp/tso-cache/npm/node_modules/vscode-languageserver/lib/main.d.ts),FromFolder(InFolder(/home/tso/tmp/tso-cache/npm/node_modules/vscode-languageserver),TsIdentLibrarySimple(vscode-languageserver)),TsIdentModule(None,List(vscode-languageserver, lib, main))) [id => vscode-languageserver, phase => typescript] 
[info ] InferredDefaultModule.scala:39 Inferred module TsIdentModule(None,List(vscode-languageserver, lib, main)) [id => vscode-languageserver, phase => typescript] 
[info ] Phase1ReadTypescript.scala:152 Preprocessing TsHelperFile(InFile(/home/tso/tmp/tso-cache/npm/node_modules/vscode-languageserver/lib/workspaceFolders.d.ts),FromFolder(InFolder(/home/tso/tmp/tso-cache/npm/node_modules/vscode-languageserver),TsIdentLibrarySimple(vscode-languageserver)),TsIdentModule(None,List(vscode-languageserver, lib, workspaceFolders))) [id => vscode-languageserver, phase => typescript] 
[info ] InferredDefaultModule.scala:39 Inferred module TsIdentModule(None,List(vscode-languageserver, lib, workspaceFolders)) [id => vscode-languageserver, phase => typescript] 
[warn ] Phase1ReadTypescript.scala:190 Processing TsIdentLibrarySimple(vscode-languageserver) [id => vscode-languageserver, phase => typescript] 
[info ] ResolveTypeQueries.scala:94 Resolved TsTypeQuery(TsQIdent(List(TsIdentLibrarySimple(vscode-languageserver), TsIdentModule(None,List(vscode-languageserver, lib, files)), TsIdentSimple(uriToFilePath)))) [id => vscode-languageserver, phase => typescript, scope => TreeScope(TsParsedFile() / TsDeclModule(vscode-languageserver) / TsExport() / TsExporteeTree() / TsDeclNamespace(Files) / TsDeclVar(uriToFilePath) / TsTypeQuery())] 
[info ] ResolveTypeQueries.scala:94 Resolved TsTypeQuery(TsQIdent(List(TsIdentLibrarySimple(vscode-languageserver), TsIdentModule(None,List(vscode-languageserver, lib, files)), TsIdentSimple(resolveGlobalNodePath)))) [id => vscode-languageserver, phase => typescript, scope => TreeScope(TsParsedFile() / TsDeclModule(vscode-languageserver) / TsExport() / TsExporteeTree() / TsDeclNamespace(Files) / TsDeclVar(resolveGlobalNodePath) / TsTypeQuery())] 
[info ] ResolveTypeQueries.scala:94 Resolved TsTypeQuery(TsQIdent(List(TsIdentLibrarySimple(vscode-languageserver), TsIdentModule(None,List(vscode-languageserver, lib, files)), TsIdentSimple(resolveGlobalYarnPath)))) [id => vscode-languageserver, phase => typescript, scope => TreeScope(TsParsedFile() / TsDeclModule(vscode-languageserver) / TsExport() / TsExporteeTree() / TsDeclNamespace(Files) / TsDeclVar(resolveGlobalYarnPath) / TsTypeQuery())] 
[info ] ResolveTypeQueries.scala:94 Resolved TsTypeQuery(TsQIdent(List(TsIdentLibrarySimple(vscode-languageserver), TsIdentModule(None,List(vscode-languageserver, lib, files)), TsIdentSimple(resolve)))) [id => vscode-languageserver, phase => typescript, scope => TreeScope(TsParsedFile() / TsDeclModule(vscode-languageserver) / TsExport() / TsExporteeTree() / TsDeclNamespace(Files) / TsDeclVar(resolve) / TsTypeQuery())] 
[info ] ResolveTypeQueries.scala:94 Resolved TsTypeQuery(TsQIdent(List(TsIdentLibrarySimple(vscode-languageserver), TsIdentModule(None,List(vscode-languageserver, lib, files)), TsIdentSimple(resolveModule)))) [id => vscode-languageserver, phase => typescript, scope => TreeScope(TsParsedFile() / TsDeclModule(vscode-languageserver) / TsExport() / TsExporteeTree() / TsDeclNamespace(Files) / TsDeclVar(resolveModule) / TsTypeQuery())] 
[info ] ResolveTypeQueries.scala:94 Resolved TsTypeQuery(TsQIdent(List(TsIdentLibrarySimple(vscode-languageserver), TsIdentModule(None,List(vscode-languageserver, lib, files)), TsIdentSimple(resolveModule2)))) [id => vscode-languageserver, phase => typescript, scope => TreeScope(TsParsedFile() / TsDeclModule(vscode-languageserver) / TsExport() / TsExporteeTree() / TsDeclNamespace(Files) / TsDeclVar(resolveModule2) / TsTypeQuery())] 
[info ] ResolveTypeQueries.scala:94 Resolved TsTypeQuery(TsQIdent(List(TsIdentLibrarySimple(vscode-languageserver), TsIdentModule(None,List(vscode-languageserver, lib, files)), TsIdentSimple(resolveModulePath)))) [id => vscode-languageserver, phase => typescript, scope => TreeScope(TsParsedFile() / TsDeclModule(vscode-languageserver) / TsExport() / TsExporteeTree() / TsDeclNamespace(Files) / TsDeclVar(resolveModulePath) / TsTypeQuery())] 
[info ] ResolveTypeQueries.scala:94 Resolved TsTypeQuery(TsQIdent(List(TsIdentLibrarySimple(vscode-languageserver), TsIdentModule(None,List(vscode-languageserver, lib, files)), TsIdentSimple(uriToFilePath)))) [id => vscode-languageserver, phase => typescript, scope => TreeScope(TsParsedFile() / TsDeclModule(vscode-languageserver/lib/main) / TsExport() / TsExporteeTree() / TsDeclNamespace(Files) / TsDeclVar(uriToFilePath) / TsTypeQuery())] 
[info ] ResolveTypeQueries.scala:94 Resolved TsTypeQuery(TsQIdent(List(TsIdentLibrarySimple(vscode-languageserver), TsIdentModule(None,List(vscode-languageserver, lib, files)), TsIdentSimple(resolveGlobalNodePath)))) [id => vscode-languageserver, phase => typescript, scope => TreeScope(TsParsedFile() / TsDeclModule(vscode-languageserver/lib/main) / TsExport() / TsExporteeTree() / TsDeclNamespace(Files) / TsDeclVar(resolveGlobalNodePath) / TsTypeQuery())] 
[info ] ResolveTypeQueries.scala:94 Resolved TsTypeQuery(TsQIdent(List(TsIdentLibrarySimple(vscode-languageserver), TsIdentModule(None,List(vscode-languageserver, lib, files)), TsIdentSimple(resolveGlobalYarnPath)))) [id => vscode-languageserver, phase => typescript, scope => TreeScope(TsParsedFile() / TsDeclModule(vscode-languageserver/lib/main) / TsExport() / TsExporteeTree() / TsDeclNamespace(Files) / TsDeclVar(resolveGlobalYarnPath) / TsTypeQuery())] 
[info ] ResolveTypeQueries.scala:94 Resolved TsTypeQuery(TsQIdent(List(TsIdentLibrarySimple(vscode-languageserver), TsIdentModule(None,List(vscode-languageserver, lib, files)), TsIdentSimple(resolve)))) [id => vscode-languageserver, phase => typescript, scope => TreeScope(TsParsedFile() / TsDeclModule(vscode-languageserver/lib/main) / TsExport() / TsExporteeTree() / TsDeclNamespace(Files) / TsDeclVar(resolve) / TsTypeQuery())] 
[info ] ResolveTypeQueries.scala:94 Resolved TsTypeQuery(TsQIdent(List(TsIdentLibrarySimple(vscode-languageserver), TsIdentModule(None,List(vscode-languageserver, lib, files)), TsIdentSimple(resolveModule)))) [id => vscode-languageserver, phase => typescript, scope => TreeScope(TsParsedFile() / TsDeclModule(vscode-languageserver/lib/main) / TsExport() / TsExporteeTree() / TsDeclNamespace(Files) / TsDeclVar(resolveModule) / TsTypeQuery())] 
[info ] ResolveTypeQueries.scala:94 Resolved TsTypeQuery(TsQIdent(List(TsIdentLibrarySimple(vscode-languageserver), TsIdentModule(None,List(vscode-languageserver, lib, files)), TsIdentSimple(resolveModule2)))) [id => vscode-languageserver, phase => typescript, scope => TreeScope(TsParsedFile() / TsDeclModule(vscode-languageserver/lib/main) / TsExport() / TsExporteeTree() / TsDeclNamespace(Files) / TsDeclVar(resolveModule2) / TsTypeQuery())] 
[info ] ResolveTypeQueries.scala:94 Resolved TsTypeQuery(TsQIdent(List(TsIdentLibrarySimple(vscode-languageserver), TsIdentModule(None,List(vscode-languageserver, lib, files)), TsIdentSimple(resolveModulePath)))) [id => vscode-languageserver, phase => typescript, scope => TreeScope(TsParsedFile() / TsDeclModule(vscode-languageserver/lib/main) / TsExport() / TsExporteeTree() / TsDeclNamespace(Files) / TsDeclVar(resolveModulePath) / TsTypeQuery())] 
[info ] ExpandCallables.scala:57 Expanded onDidChangeContent into 1 methods [id => vscode-languageserver, phase => typescript, scope => TreeScope(TsParsedFile() / TsDeclModule(vscode-languageserver) / TsDeclClass(TextDocuments))] 
[info ] ExpandCallables.scala:57 Expanded onDidOpen into 1 methods [id => vscode-languageserver, phase => typescript, scope => TreeScope(TsParsedFile() / TsDeclModule(vscode-languageserver) / TsDeclClass(TextDocuments))] 
[info ] ExpandCallables.scala:57 Expanded onWillSave into 1 methods [id => vscode-languageserver, phase => typescript, scope => TreeScope(TsParsedFile() / TsDeclModule(vscode-languageserver) / TsDeclClass(TextDocuments))] 
[info ] ExpandCallables.scala:57 Expanded onDidSave into 1 methods [id => vscode-languageserver, phase => typescript, scope => TreeScope(TsParsedFile() / TsDeclModule(vscode-languageserver) / TsDeclClass(TextDocuments))] 
[info ] ExpandCallables.scala:57 Expanded onDidClose into 1 methods [id => vscode-languageserver, phase => typescript, scope => TreeScope(TsParsedFile() / TsDeclModule(vscode-languageserver) / TsDeclClass(TextDocuments))] 
[info ] PreferTypeAlias.scala:112 Simplified to type alias [id => vscode-languageserver, phase => typescript, scope => TreeScope(TsParsedFile() / TsDeclModule(vscode-languageserver) / TsDeclInterface(IConnection))] 
[info ] PreferTypeAlias.scala:118 Simplified to function type alias [id => vscode-languageserver, phase => typescript, scope => TreeScope(TsParsedFile() / TsDeclModule(vscode-languageserver) / TsDeclInterface(Feature))] 
[info ] PreferTypeAlias.scala:112 Simplified to type alias [id => vscode-languageserver, phase => typescript, scope => TreeScope(TsParsedFile() / TsDeclInterface(Thenable))] 
[info ] ExpandCallables.scala:57 Expanded onDidChangeContent into 1 methods [id => vscode-languageserver, phase => typescript, scope => TreeScope(TsParsedFile() / TsDeclModule(vscode-languageserver/lib/main) / TsDeclClass(TextDocuments))] 
[info ] ExpandCallables.scala:57 Expanded onDidOpen into 1 methods [id => vscode-languageserver, phase => typescript, scope => TreeScope(TsParsedFile() / TsDeclModule(vscode-languageserver/lib/main) / TsDeclClass(TextDocuments))] 
[info ] ExpandCallables.scala:57 Expanded onWillSave into 1 methods [id => vscode-languageserver, phase => typescript, scope => TreeScope(TsParsedFile() / TsDeclModule(vscode-languageserver/lib/main) / TsDeclClass(TextDocuments))] 
[info ] ExpandCallables.scala:57 Expanded onDidSave into 1 methods [id => vscode-languageserver, phase => typescript, scope => TreeScope(TsParsedFile() / TsDeclModule(vscode-languageserver/lib/main) / TsDeclClass(TextDocuments))] 
[info ] ExpandCallables.scala:57 Expanded onDidClose into 1 methods [id => vscode-languageserver, phase => typescript, scope => TreeScope(TsParsedFile() / TsDeclModule(vscode-languageserver/lib/main) / TsDeclClass(TextDocuments))] 
[info ] PreferTypeAlias.scala:112 Simplified to type alias [id => vscode-languageserver, phase => typescript, scope => TreeScope(TsParsedFile() / TsDeclModule(vscode-languageserver/lib/main) / TsDeclInterface(IConnection))] 
[info ] PreferTypeAlias.scala:118 Simplified to function type alias [id => vscode-languageserver, phase => typescript, scope => TreeScope(TsParsedFile() / TsDeclModule(vscode-languageserver/lib/main) / TsDeclInterface(Feature))] 
[info ] ExpandCallables.scala:57 Expanded onDidChangeWorkspaceFolders into 1 methods [id => vscode-languageserver, phase => typescript, scope => TreeScope(TsParsedFile() / TsDeclModule(vscode-languageserver/lib/workspaceFolders) / TsDeclInterface(WorkspaceFolders))] 
[debug] DefaultedTParams.scala:29 Defaulting type parameter TsIdentSimple(PConsole) at TreeScope(TsParsedFile() / TsDeclModule(vscode-languageserver) / TsDeclTypeAlias(IConnection) / TsTypeRef()) [id => vscode-languageserver, phase => typescript, scope => TreeScope(TsParsedFile() / TsDeclModule(vscode-languageserver) / TsDeclTypeAlias(IConnection) / TsTypeRef())] 
[debug] DefaultedTParams.scala:29 Defaulting type parameter TsIdentSimple(PTracer) at TreeScope(TsParsedFile() / TsDeclModule(vscode-languageserver) / TsDeclTypeAlias(IConnection) / TsTypeRef()) [id => vscode-languageserver, phase => typescript, scope => TreeScope(TsParsedFile() / TsDeclModule(vscode-languageserver) / TsDeclTypeAlias(IConnection) / TsTypeRef())] 
[debug] DefaultedTParams.scala:29 Defaulting type parameter TsIdentSimple(PTelemetry) at TreeScope(TsParsedFile() / TsDeclModule(vscode-languageserver) / TsDeclTypeAlias(IConnection) / TsTypeRef()) [id => vscode-languageserver, phase => typescript, scope => TreeScope(TsParsedFile() / TsDeclModule(vscode-languageserver) / TsDeclTypeAlias(IConnection) / TsTypeRef())] 
[debug] DefaultedTParams.scala:29 Defaulting type parameter TsIdentSimple(PClient) at TreeScope(TsParsedFile() / TsDeclModule(vscode-languageserver) / TsDeclTypeAlias(IConnection) / TsTypeRef()) [id => vscode-languageserver, phase => typescript, scope => TreeScope(TsParsedFile() / TsDeclModule(vscode-languageserver) / TsDeclTypeAlias(IConnection) / TsTypeRef())] 
[debug] DefaultedTParams.scala:29 Defaulting type parameter TsIdentSimple(PWindow) at TreeScope(TsParsedFile() / TsDeclModule(vscode-languageserver) / TsDeclTypeAlias(IConnection) / TsTypeRef()) [id => vscode-languageserver, phase => typescript, scope => TreeScope(TsParsedFile() / TsDeclModule(vscode-languageserver) / TsDeclTypeAlias(IConnection) / TsTypeRef())] 
[debug] DefaultedTParams.scala:29 Defaulting type parameter TsIdentSimple(PWorkspace) at TreeScope(TsParsedFile() / TsDeclModule(vscode-languageserver) / TsDeclTypeAlias(IConnection) / TsTypeRef()) [id => vscode-languageserver, phase => typescript, scope => TreeScope(TsParsedFile() / TsDeclModule(vscode-languageserver) / TsDeclTypeAlias(IConnection) / TsTypeRef())] 
[debug] DefaultedTParams.scala:29 Defaulting type parameter TsIdentSimple(PConsole) at TreeScope(TsParsedFile() / TsDeclModule(vscode-languageserver/lib/main) / TsDeclTypeAlias(IConnection) / TsTypeRef()) [id => vscode-languageserver, phase => typescript, scope => TreeScope(TsParsedFile() / TsDeclModule(vscode-languageserver/lib/main) / TsDeclTypeAlias(IConnection) / TsTypeRef())] 
[debug] DefaultedTParams.scala:29 Defaulting type parameter TsIdentSimple(PTracer) at TreeScope(TsParsedFile() / TsDeclModule(vscode-languageserver/lib/main) / TsDeclTypeAlias(IConnection) / TsTypeRef()) [id => vscode-languageserver, phase => typescript, scope => TreeScope(TsParsedFile() / TsDeclModule(vscode-languageserver/lib/main) / TsDeclTypeAlias(IConnection) / TsTypeRef())] 
[debug] DefaultedTParams.scala:29 Defaulting type parameter TsIdentSimple(PTelemetry) at TreeScope(TsParsedFile() / TsDeclModule(vscode-languageserver/lib/main) / TsDeclTypeAlias(IConnection) / TsTypeRef()) [id => vscode-languageserver, phase => typescript, scope => TreeScope(TsParsedFile() / TsDeclModule(vscode-languageserver/lib/main) / TsDeclTypeAlias(IConnection) / TsTypeRef())] 
[debug] DefaultedTParams.scala:29 Defaulting type parameter TsIdentSimple(PClient) at TreeScope(TsParsedFile() / TsDeclModule(vscode-languageserver/lib/main) / TsDeclTypeAlias(IConnection) / TsTypeRef()) [id => vscode-languageserver, phase => typescript, scope => TreeScope(TsParsedFile() / TsDeclModule(vscode-languageserver/lib/main) / TsDeclTypeAlias(IConnection) / TsTypeRef())] 
[debug] DefaultedTParams.scala:29 Defaulting type parameter TsIdentSimple(PWindow) at TreeScope(TsParsedFile() / TsDeclModule(vscode-languageserver/lib/main) / TsDeclTypeAlias(IConnection) / TsTypeRef()) [id => vscode-languageserver, phase => typescript, scope => TreeScope(TsParsedFile() / TsDeclModule(vscode-languageserver/lib/main) / TsDeclTypeAlias(IConnection) / TsTypeRef())] 
[debug] DefaultedTParams.scala:29 Defaulting type parameter TsIdentSimple(PWorkspace) at TreeScope(TsParsedFile() / TsDeclModule(vscode-languageserver/lib/main) / TsDeclTypeAlias(IConnection) / TsTypeRef()) [id => vscode-languageserver, phase => typescript, scope => TreeScope(TsParsedFile() / TsDeclModule(vscode-languageserver/lib/main) / TsDeclTypeAlias(IConnection) / TsTypeRef())] 
[info ] ExtractInterfaces.scala:30 Extracted anonymous interface TsIdentSimple(Anon_Range) [id => vscode-languageserver, phase => typescript, scope => TreeScope(TsParsedFile() / TsDeclModule(vscode-languageserver) / TsDeclInterface(Connection) / TsMemberFunction(onPrepareRename) / TsFunSig() / TsFunParam() / TsTypeRef() / TsTypeUnion() / TsTypeObject())] 
[info ] ExtractInterfaces.scala:30 Extracted anonymous interface TsIdentSimple(Anon_Window) [id => vscode-languageserver, phase => typescript, scope => TreeScope(TsParsedFile() / TsDeclModule(vscode-languageserver) / TsDeclClass(ErrorMessageTracker) / TsMemberFunction(sendErrors) / TsFunSig() / TsFunParam() / TsTypeObject())] 
[info ] ExtractInterfaces.scala:30 Extracted anonymous interface TsIdentSimple(Anon_Range) [id => vscode-languageserver, phase => typescript, scope => TreeScope(TsParsedFile() / TsDeclModule(vscode-languageserver/lib/main) / TsDeclInterface(Connection) / TsMemberFunction(onPrepareRename) / TsFunSig() / TsFunParam() / TsTypeRef() / TsTypeUnion() / TsTypeObject())] 
[info ] ExtractInterfaces.scala:30 Extracted anonymous interface TsIdentSimple(Anon_WindowRemoteWindow) [id => vscode-languageserver, phase => typescript, scope => TreeScope(TsParsedFile() / TsDeclModule(vscode-languageserver/lib/main) / TsDeclClass(ErrorMessageTracker) / TsMemberFunction(sendErrors) / TsFunSig() / TsFunParam() / TsTypeObject())] 
[debug] PhaseRunner.scala:78 Success [id => vscode-languageserver, phase => typescript] 
[warn ] Phase2ToScalaJs.scala:34 Processing TsIdentLibrarySimple(vscode-languageserver) [id => vscode-languageserver, phase => scala.js] 
[debug] PhaseRunner.scala:78 Success [id => vscode-languageserver, phase => scala.js] 
[warn ] PhaseRunner.scala:64 Failed because of, [node => Compilation failed] [id => vscode-languageserver, phase => build] 
[debug] PhaseRunner.scala:82 Failure, [node => Compilation failed] [id => vscode-languageserver, phase => build] 
