[debug] PhaseRunner.scala:78 Success [id => vscode-jsonrpc, phase => typescript] 
[info ] InferredDependency.scala:20 Inferred dependencies Set(TsIdentLibrarySimple(node)) for TsIdentLibrarySimple(vscode-jsonrpc) [id => vscode-jsonrpc, phase => typescript, file => ../vscode-jsonrpc/lib/main.d.ts] 
[info ] InferredDependency.scala:20 Inferred dependencies Set(TsIdentLibrarySimple(node)) for TsIdentLibrarySimple(vscode-jsonrpc) [id => vscode-jsonrpc, phase => typescript, file => ../vscode-jsonrpc/lib/messageReader.d.ts] 
[debug] PhaseRunner.scala:78 Success [id => vscode-jsonrpc, phase => typescript] 
[debug] PhaseRunner.scala:78 Success [id => vscode-jsonrpc, phase => typescript] 
[debug] PhaseRunner.scala:78 Success [id => vscode-jsonrpc, phase => typescript] 
[info ] InferredDependency.scala:20 Inferred dependencies Set(TsIdentLibrarySimple(node)) for TsIdentLibrarySimple(vscode-jsonrpc) [id => vscode-jsonrpc, phase => typescript, file => ../vscode-jsonrpc/lib/messageWriter.d.ts] 
[debug] PhaseRunner.scala:78 Success [id => vscode-jsonrpc, phase => typescript] 
[debug] PhaseRunner.scala:78 Success [id => vscode-jsonrpc, phase => typescript] 
[debug] PhaseRunner.scala:78 Success [id => vscode-jsonrpc, phase => typescript] 
[debug] PhaseRunner.scala:78 Success [id => vscode-jsonrpc, phase => typescript] 
[debug] PhaseRunner.scala:78 Success [id => vscode-jsonrpc, phase => typescript] 
[debug] PhaseRunner.scala:78 Success [id => vscode-jsonrpc, phase => typescript] 
[info ] Phase1ReadTypescript.scala:152 Preprocessing TsHelperFile(InFile(/home/tso/tmp/tso-cache/npm/node_modules/vscode-jsonrpc/lib/cancellation.d.ts),FromFolder(InFolder(/home/tso/tmp/tso-cache/npm/node_modules/vscode-jsonrpc),TsIdentLibrarySimple(vscode-jsonrpc)),TsIdentModule(None,List(vscode-jsonrpc, lib, cancellation))) [id => vscode-jsonrpc, phase => typescript] 
[info ] InferredDefaultModule.scala:39 Inferred module TsIdentModule(None,List(vscode-jsonrpc, lib, cancellation)) [id => vscode-jsonrpc, phase => typescript] 
[info ] Phase1ReadTypescript.scala:152 Preprocessing TsHelperFile(InFile(/home/tso/tmp/tso-cache/npm/node_modules/vscode-jsonrpc/lib/events.d.ts),FromFolder(InFolder(/home/tso/tmp/tso-cache/npm/node_modules/vscode-jsonrpc),TsIdentLibrarySimple(vscode-jsonrpc)),TsIdentModule(None,List(vscode-jsonrpc, lib, events))) [id => vscode-jsonrpc, phase => typescript] 
[info ] InferredDefaultModule.scala:39 Inferred module TsIdentModule(None,List(vscode-jsonrpc, lib, events)) [id => vscode-jsonrpc, phase => typescript] 
[info ] Phase1ReadTypescript.scala:152 Preprocessing TsHelperFile(InFile(/home/tso/tmp/tso-cache/npm/node_modules/vscode-jsonrpc/lib/linkedMap.d.ts),FromFolder(InFolder(/home/tso/tmp/tso-cache/npm/node_modules/vscode-jsonrpc),TsIdentLibrarySimple(vscode-jsonrpc)),TsIdentModule(None,List(vscode-jsonrpc, lib, linkedMap))) [id => vscode-jsonrpc, phase => typescript] 
[info ] InferredDefaultModule.scala:39 Inferred module TsIdentModule(None,List(vscode-jsonrpc, lib, linkedMap)) [id => vscode-jsonrpc, phase => typescript] 
[info ] Phase1ReadTypescript.scala:152 Preprocessing TsHelperFile(InFile(/home/tso/tmp/tso-cache/npm/node_modules/vscode-jsonrpc/lib/main.d.ts),FromFolder(InFolder(/home/tso/tmp/tso-cache/npm/node_modules/vscode-jsonrpc),TsIdentLibrarySimple(vscode-jsonrpc)),TsIdentModule(None,List(vscode-jsonrpc))) [id => vscode-jsonrpc, phase => typescript] 
[info ] InferredDefaultModule.scala:39 Inferred module TsIdentModule(None,List(vscode-jsonrpc)) [id => vscode-jsonrpc, phase => typescript] 
[info ] Phase1ReadTypescript.scala:152 Preprocessing TsHelperFile(InFile(/home/tso/tmp/tso-cache/npm/node_modules/vscode-jsonrpc/lib/messageReader.d.ts),FromFolder(InFolder(/home/tso/tmp/tso-cache/npm/node_modules/vscode-jsonrpc),TsIdentLibrarySimple(vscode-jsonrpc)),TsIdentModule(None,List(vscode-jsonrpc, lib, messageReader))) [id => vscode-jsonrpc, phase => typescript] 
[info ] InferredDefaultModule.scala:39 Inferred module TsIdentModule(None,List(vscode-jsonrpc, lib, messageReader)) [id => vscode-jsonrpc, phase => typescript] 
[info ] Phase1ReadTypescript.scala:152 Preprocessing TsHelperFile(InFile(/home/tso/tmp/tso-cache/npm/node_modules/vscode-jsonrpc/lib/messageWriter.d.ts),FromFolder(InFolder(/home/tso/tmp/tso-cache/npm/node_modules/vscode-jsonrpc),TsIdentLibrarySimple(vscode-jsonrpc)),TsIdentModule(None,List(vscode-jsonrpc, lib, messageWriter))) [id => vscode-jsonrpc, phase => typescript] 
[info ] InferredDefaultModule.scala:39 Inferred module TsIdentModule(None,List(vscode-jsonrpc, lib, messageWriter)) [id => vscode-jsonrpc, phase => typescript] 
[info ] Phase1ReadTypescript.scala:152 Preprocessing TsHelperFile(InFile(/home/tso/tmp/tso-cache/npm/node_modules/vscode-jsonrpc/lib/messages.d.ts),FromFolder(InFolder(/home/tso/tmp/tso-cache/npm/node_modules/vscode-jsonrpc),TsIdentLibrarySimple(vscode-jsonrpc)),TsIdentModule(None,List(vscode-jsonrpc, lib, messages))) [id => vscode-jsonrpc, phase => typescript] 
[info ] InferredDefaultModule.scala:39 Inferred module TsIdentModule(None,List(vscode-jsonrpc, lib, messages)) [id => vscode-jsonrpc, phase => typescript] 
[info ] Phase1ReadTypescript.scala:152 Preprocessing TsHelperFile(InFile(/home/tso/tmp/tso-cache/npm/node_modules/vscode-jsonrpc/lib/pipeSupport.d.ts),FromFolder(InFolder(/home/tso/tmp/tso-cache/npm/node_modules/vscode-jsonrpc),TsIdentLibrarySimple(vscode-jsonrpc)),TsIdentModule(None,List(vscode-jsonrpc, lib, pipeSupport))) [id => vscode-jsonrpc, phase => typescript] 
[info ] InferredDefaultModule.scala:39 Inferred module TsIdentModule(None,List(vscode-jsonrpc, lib, pipeSupport)) [id => vscode-jsonrpc, phase => typescript] 
[info ] Phase1ReadTypescript.scala:152 Preprocessing TsHelperFile(InFile(/home/tso/tmp/tso-cache/npm/node_modules/vscode-jsonrpc/lib/socketSupport.d.ts),FromFolder(InFolder(/home/tso/tmp/tso-cache/npm/node_modules/vscode-jsonrpc),TsIdentLibrarySimple(vscode-jsonrpc)),TsIdentModule(None,List(vscode-jsonrpc, lib, socketSupport))) [id => vscode-jsonrpc, phase => typescript] 
[info ] InferredDefaultModule.scala:39 Inferred module TsIdentModule(None,List(vscode-jsonrpc, lib, socketSupport)) [id => vscode-jsonrpc, phase => typescript] 
[warn ] Phase1ReadTypescript.scala:190 Processing TsIdentLibrarySimple(vscode-jsonrpc) [id => vscode-jsonrpc, phase => typescript] 
[info ] ExpandCallables.scala:57 Expanded onCancellationRequested into 1 methods [id => vscode-jsonrpc, phase => typescript, scope => TreeScope(TsParsedFile() / TsDeclModule(vscode-jsonrpc/lib/cancellation) / TsDeclInterface(CancellationToken))] 
[info ] PreferTypeAlias.scala:118 Simplified to function type alias [id => vscode-jsonrpc, phase => typescript, scope => TreeScope(TsParsedFile() / TsDeclModule(vscode-jsonrpc/lib/events) / TsDeclInterface(Event))] 
[info ] ExpandCallables.scala:57 Expanded event into 1 methods [id => vscode-jsonrpc, phase => typescript, scope => TreeScope(TsParsedFile() / TsDeclModule(vscode-jsonrpc/lib/events) / TsDeclClass(Emitter))] 
[info ] PreferTypeAlias.scala:118 Simplified to function type alias [id => vscode-jsonrpc, phase => typescript, scope => TreeScope(TsParsedFile() / TsDeclModule(vscode-jsonrpc) / TsDeclInterface(StarRequestHandler))] 
[info ] PreferTypeAlias.scala:118 Simplified to function type alias [id => vscode-jsonrpc, phase => typescript, scope => TreeScope(TsParsedFile() / TsDeclModule(vscode-jsonrpc) / TsDeclInterface(GenericRequestHandler))] 
[info ] PreferTypeAlias.scala:118 Simplified to function type alias [id => vscode-jsonrpc, phase => typescript, scope => TreeScope(TsParsedFile() / TsDeclModule(vscode-jsonrpc) / TsDeclInterface(RequestHandler0))] 
[info ] PreferTypeAlias.scala:118 Simplified to function type alias [id => vscode-jsonrpc, phase => typescript, scope => TreeScope(TsParsedFile() / TsDeclModule(vscode-jsonrpc) / TsDeclInterface(RequestHandler))] 
[info ] PreferTypeAlias.scala:118 Simplified to function type alias [id => vscode-jsonrpc, phase => typescript, scope => TreeScope(TsParsedFile() / TsDeclModule(vscode-jsonrpc) / TsDeclInterface(RequestHandler1))] 
[info ] PreferTypeAlias.scala:118 Simplified to function type alias [id => vscode-jsonrpc, phase => typescript, scope => TreeScope(TsParsedFile() / TsDeclModule(vscode-jsonrpc) / TsDeclInterface(RequestHandler2))] 
[info ] PreferTypeAlias.scala:118 Simplified to function type alias [id => vscode-jsonrpc, phase => typescript, scope => TreeScope(TsParsedFile() / TsDeclModule(vscode-jsonrpc) / TsDeclInterface(RequestHandler3))] 
[info ] PreferTypeAlias.scala:118 Simplified to function type alias [id => vscode-jsonrpc, phase => typescript, scope => TreeScope(TsParsedFile() / TsDeclModule(vscode-jsonrpc) / TsDeclInterface(RequestHandler4))] 
[info ] PreferTypeAlias.scala:118 Simplified to function type alias [id => vscode-jsonrpc, phase => typescript, scope => TreeScope(TsParsedFile() / TsDeclModule(vscode-jsonrpc) / TsDeclInterface(RequestHandler5))] 
[info ] PreferTypeAlias.scala:118 Simplified to function type alias [id => vscode-jsonrpc, phase => typescript, scope => TreeScope(TsParsedFile() / TsDeclModule(vscode-jsonrpc) / TsDeclInterface(RequestHandler6))] 
[info ] PreferTypeAlias.scala:118 Simplified to function type alias [id => vscode-jsonrpc, phase => typescript, scope => TreeScope(TsParsedFile() / TsDeclModule(vscode-jsonrpc) / TsDeclInterface(RequestHandler7))] 
[info ] PreferTypeAlias.scala:118 Simplified to function type alias [id => vscode-jsonrpc, phase => typescript, scope => TreeScope(TsParsedFile() / TsDeclModule(vscode-jsonrpc) / TsDeclInterface(RequestHandler8))] 
[info ] PreferTypeAlias.scala:118 Simplified to function type alias [id => vscode-jsonrpc, phase => typescript, scope => TreeScope(TsParsedFile() / TsDeclModule(vscode-jsonrpc) / TsDeclInterface(RequestHandler9))] 
[info ] PreferTypeAlias.scala:118 Simplified to function type alias [id => vscode-jsonrpc, phase => typescript, scope => TreeScope(TsParsedFile() / TsDeclModule(vscode-jsonrpc) / TsDeclInterface(StarNotificationHandler))] 
[info ] PreferTypeAlias.scala:118 Simplified to function type alias [id => vscode-jsonrpc, phase => typescript, scope => TreeScope(TsParsedFile() / TsDeclModule(vscode-jsonrpc) / TsDeclInterface(GenericNotificationHandler))] 
[info ] PreferTypeAlias.scala:118 Simplified to function type alias [id => vscode-jsonrpc, phase => typescript, scope => TreeScope(TsParsedFile() / TsDeclModule(vscode-jsonrpc) / TsDeclInterface(NotificationHandler0))] 
[info ] PreferTypeAlias.scala:118 Simplified to function type alias [id => vscode-jsonrpc, phase => typescript, scope => TreeScope(TsParsedFile() / TsDeclModule(vscode-jsonrpc) / TsDeclInterface(NotificationHandler))] 
[info ] PreferTypeAlias.scala:118 Simplified to function type alias [id => vscode-jsonrpc, phase => typescript, scope => TreeScope(TsParsedFile() / TsDeclModule(vscode-jsonrpc) / TsDeclInterface(NotificationHandler1))] 
[info ] PreferTypeAlias.scala:118 Simplified to function type alias [id => vscode-jsonrpc, phase => typescript, scope => TreeScope(TsParsedFile() / TsDeclModule(vscode-jsonrpc) / TsDeclInterface(NotificationHandler2))] 
[info ] PreferTypeAlias.scala:118 Simplified to function type alias [id => vscode-jsonrpc, phase => typescript, scope => TreeScope(TsParsedFile() / TsDeclModule(vscode-jsonrpc) / TsDeclInterface(NotificationHandler3))] 
[info ] PreferTypeAlias.scala:118 Simplified to function type alias [id => vscode-jsonrpc, phase => typescript, scope => TreeScope(TsParsedFile() / TsDeclModule(vscode-jsonrpc) / TsDeclInterface(NotificationHandler4))] 
[info ] PreferTypeAlias.scala:118 Simplified to function type alias [id => vscode-jsonrpc, phase => typescript, scope => TreeScope(TsParsedFile() / TsDeclModule(vscode-jsonrpc) / TsDeclInterface(NotificationHandler5))] 
[info ] PreferTypeAlias.scala:118 Simplified to function type alias [id => vscode-jsonrpc, phase => typescript, scope => TreeScope(TsParsedFile() / TsDeclModule(vscode-jsonrpc) / TsDeclInterface(NotificationHandler6))] 
[info ] PreferTypeAlias.scala:118 Simplified to function type alias [id => vscode-jsonrpc, phase => typescript, scope => TreeScope(TsParsedFile() / TsDeclModule(vscode-jsonrpc) / TsDeclInterface(NotificationHandler7))] 
[info ] PreferTypeAlias.scala:118 Simplified to function type alias [id => vscode-jsonrpc, phase => typescript, scope => TreeScope(TsParsedFile() / TsDeclModule(vscode-jsonrpc) / TsDeclInterface(NotificationHandler8))] 
[info ] PreferTypeAlias.scala:118 Simplified to function type alias [id => vscode-jsonrpc, phase => typescript, scope => TreeScope(TsParsedFile() / TsDeclModule(vscode-jsonrpc) / TsDeclInterface(NotificationHandler9))] 
[info ] ExpandCallables.scala:57 Expanded onError into 1 methods [id => vscode-jsonrpc, phase => typescript, scope => TreeScope(TsParsedFile() / TsDeclModule(vscode-jsonrpc) / TsDeclInterface(MessageConnection))] 
[info ] ExpandCallables.scala:57 Expanded onClose into 1 methods [id => vscode-jsonrpc, phase => typescript, scope => TreeScope(TsParsedFile() / TsDeclModule(vscode-jsonrpc) / TsDeclInterface(MessageConnection))] 
[info ] ExpandCallables.scala:57 Expanded onUnhandledNotification into 1 methods [id => vscode-jsonrpc, phase => typescript, scope => TreeScope(TsParsedFile() / TsDeclModule(vscode-jsonrpc) / TsDeclInterface(MessageConnection))] 
[info ] ExpandCallables.scala:57 Expanded onDispose into 1 methods [id => vscode-jsonrpc, phase => typescript, scope => TreeScope(TsParsedFile() / TsDeclModule(vscode-jsonrpc) / TsDeclInterface(MessageConnection))] 
[info ] PreferTypeAlias.scala:112 Simplified to type alias [id => vscode-jsonrpc, phase => typescript, scope => TreeScope(TsParsedFile() / TsDeclInterface(Thenable))] 
[info ] PreferTypeAlias.scala:118 Simplified to function type alias [id => vscode-jsonrpc, phase => typescript, scope => TreeScope(TsParsedFile() / TsDeclModule(vscode-jsonrpc/lib/messageReader) / TsDeclInterface(DataCallback))] 
[info ] ExpandCallables.scala:57 Expanded onError into 1 methods [id => vscode-jsonrpc, phase => typescript, scope => TreeScope(TsParsedFile() / TsDeclModule(vscode-jsonrpc/lib/messageReader) / TsDeclInterface(MessageReader))] 
[info ] ExpandCallables.scala:57 Expanded onClose into 1 methods [id => vscode-jsonrpc, phase => typescript, scope => TreeScope(TsParsedFile() / TsDeclModule(vscode-jsonrpc/lib/messageReader) / TsDeclInterface(MessageReader))] 
[info ] ExpandCallables.scala:57 Expanded onPartialMessage into 1 methods [id => vscode-jsonrpc, phase => typescript, scope => TreeScope(TsParsedFile() / TsDeclModule(vscode-jsonrpc/lib/messageReader) / TsDeclInterface(MessageReader))] 
[info ] ExpandCallables.scala:57 Expanded onError into 1 methods [id => vscode-jsonrpc, phase => typescript, scope => TreeScope(TsParsedFile() / TsDeclModule(vscode-jsonrpc/lib/messageReader) / TsDeclClass(AbstractMessageReader))] 
[info ] ExpandCallables.scala:57 Expanded onClose into 1 methods [id => vscode-jsonrpc, phase => typescript, scope => TreeScope(TsParsedFile() / TsDeclModule(vscode-jsonrpc/lib/messageReader) / TsDeclClass(AbstractMessageReader))] 
[info ] ExpandCallables.scala:57 Expanded onPartialMessage into 1 methods [id => vscode-jsonrpc, phase => typescript, scope => TreeScope(TsParsedFile() / TsDeclModule(vscode-jsonrpc/lib/messageReader) / TsDeclClass(AbstractMessageReader))] 
[info ] ExpandCallables.scala:57 Expanded onError into 1 methods [id => vscode-jsonrpc, phase => typescript, scope => TreeScope(TsParsedFile() / TsDeclModule(vscode-jsonrpc/lib/messageWriter) / TsDeclInterface(MessageWriter))] 
[info ] ExpandCallables.scala:57 Expanded onClose into 1 methods [id => vscode-jsonrpc, phase => typescript, scope => TreeScope(TsParsedFile() / TsDeclModule(vscode-jsonrpc/lib/messageWriter) / TsDeclInterface(MessageWriter))] 
[info ] ExpandCallables.scala:57 Expanded onError into 1 methods [id => vscode-jsonrpc, phase => typescript, scope => TreeScope(TsParsedFile() / TsDeclModule(vscode-jsonrpc/lib/messageWriter) / TsDeclClass(AbstractMessageWriter))] 
[info ] ExpandCallables.scala:57 Expanded onClose into 1 methods [id => vscode-jsonrpc, phase => typescript, scope => TreeScope(TsParsedFile() / TsDeclModule(vscode-jsonrpc/lib/messageWriter) / TsDeclClass(AbstractMessageWriter))] 
[debug] PhaseRunner.scala:78 Success [id => vscode-jsonrpc, phase => typescript] 
[warn ] Phase2ToScalaJs.scala:34 Processing TsIdentLibrarySimple(vscode-jsonrpc) [id => vscode-jsonrpc, phase => scala.js] 
[info ] InferMemberOverrides.scala:84 added override methods List(Name(onClose), Name(onPartialMessage), Name(onPartialMessage), Name(onError), Name(onError), Name(onError), Name(onClose), Name(dispose), Name(onPartialMessage), Name(onClose)) [id => vscode-jsonrpc, phase => scala.js, this => Name(vscodeDashJsonrpcLib) / Name(libMessageReaderMod) / Name(StreamMessageReader)] 
[info ] InferMemberOverrides.scala:84 added override methods List(Name(onClose), Name(onPartialMessage), Name(onPartialMessage), Name(onError), Name(onError), Name(onError), Name(onClose), Name(dispose), Name(onPartialMessage), Name(onClose)) [id => vscode-jsonrpc, phase => scala.js, this => Name(vscodeDashJsonrpcLib) / Name(libMessageReaderMod) / Name(IPCMessageReader)] 
[info ] InferMemberOverrides.scala:84 added override methods List(Name(onClose), Name(onError), Name(onError), Name(onError), Name(onClose), Name(dispose), Name(onClose)) [id => vscode-jsonrpc, phase => scala.js, this => Name(vscodeDashJsonrpcLib) / Name(libMessageWriterMod) / Name(StreamMessageWriter)] 
[info ] InferMemberOverrides.scala:84 added override methods List(Name(onClose), Name(onError), Name(onError), Name(onError), Name(onClose), Name(dispose), Name(onClose)) [id => vscode-jsonrpc, phase => scala.js, this => Name(vscodeDashJsonrpcLib) / Name(libMessageWriterMod) / Name(SocketMessageWriter)] 
[info ] InferMemberOverrides.scala:84 added override methods List(Name(onClose), Name(onError), Name(onError), Name(onError), Name(onClose), Name(dispose), Name(onClose)) [id => vscode-jsonrpc, phase => scala.js, this => Name(vscodeDashJsonrpcLib) / Name(libMessageWriterMod) / Name(IPCMessageWriter)] 
[info ] CompleteClass.scala:60 Completed implementations Vector(numberOfParams, method) [id => vscode-jsonrpc, phase => scala.js, this => Name(vscodeDashJsonrpcLib) / Name(libMessagesMod) / Name(AbstractMessageType)] 
[debug] PhaseRunner.scala:78 Success [id => vscode-jsonrpc, phase => scala.js] 
[warn ] PhaseRunner.scala:64 Failed because of, [node => Compilation failed] [id => vscode-jsonrpc, phase => build] 
[debug] PhaseRunner.scala:82 Failure, [node => Compilation failed] [id => vscode-jsonrpc, phase => build] 
