[info ] InferredDependency.scala:20 Inferred dependencies Set(TsIdentLibrarySimple(node)) for TsIdentLibrarySimple(waterline) [id => waterline, phase => typescript, file => ../types/waterline/index.d.ts] 
[debug] PhaseRunner.scala:78 Success [id => waterline, phase => typescript] 
[info ] Phase1ReadTypescript.scala:152 Preprocessing TsHelperFile(InFile(/home/tso/tmp/tso-cache/DefinitelyTyped/types/waterline/index.d.ts),FromFolder(InFolder(/home/tso/tmp/tso-cache/DefinitelyTyped/types/waterline),TsIdentLibrarySimple(waterline)),TsIdentModule(None,List(waterline))) [id => waterline, phase => typescript] 
[info ] InferredDefaultModule.scala:39 Inferred module TsIdentModule(None,List(waterline)) [id => waterline, phase => typescript] 
[warn ] Phase1ReadTypescript.scala:190 Processing TsIdentLibrarySimple(waterline) [id => waterline, phase => typescript] 
[info ] PreferTypeAlias.scala:118 Simplified to function type alias [id => waterline, phase => typescript, scope => TreeScope(TsParsedFile() / TsDeclModule(waterline) / TsDeclNamespace(Waterline) / TsDeclInterface(Callback))] 
[info ] PreferTypeAlias.scala:118 Simplified to function type alias [id => waterline, phase => typescript, scope => TreeScope(TsParsedFile() / TsDeclModule(waterline) / TsDeclNamespace(Waterline) / TsDeclInterface(CollectionClass))] 
[info ] SimplifyRecursiveTypeAlias.scala:13 Simplified recursive type alias [id => waterline, phase => typescript, scope => TreeScope(TsParsedFile() / TsDeclModule(waterline) / TsDeclNamespace(Waterline) / TsDeclTypeAlias(QueryBuilder) / TsTypeIntersect() / TsTypeObject() / TsMemberFunction(where) / TsFunSig() / TsTypeRef())] 
[info ] SimplifyRecursiveTypeAlias.scala:13 Simplified recursive type alias [id => waterline, phase => typescript, scope => TreeScope(TsParsedFile() / TsDeclModule(waterline) / TsDeclNamespace(Waterline) / TsDeclTypeAlias(QueryBuilder) / TsTypeIntersect() / TsTypeObject() / TsMemberFunction(limit) / TsFunSig() / TsTypeRef())] 
[info ] SimplifyRecursiveTypeAlias.scala:13 Simplified recursive type alias [id => waterline, phase => typescript, scope => TreeScope(TsParsedFile() / TsDeclModule(waterline) / TsDeclNamespace(Waterline) / TsDeclTypeAlias(QueryBuilder) / TsTypeIntersect() / TsTypeObject() / TsMemberFunction(skip) / TsFunSig() / TsTypeRef())] 
[info ] SimplifyRecursiveTypeAlias.scala:13 Simplified recursive type alias [id => waterline, phase => typescript, scope => TreeScope(TsParsedFile() / TsDeclModule(waterline) / TsDeclNamespace(Waterline) / TsDeclTypeAlias(QueryBuilder) / TsTypeIntersect() / TsTypeObject() / TsMemberFunction(sort) / TsFunSig() / TsTypeRef())] 
[info ] SimplifyRecursiveTypeAlias.scala:13 Simplified recursive type alias [id => waterline, phase => typescript, scope => TreeScope(TsParsedFile() / TsDeclModule(waterline) / TsDeclNamespace(Waterline) / TsDeclTypeAlias(QueryBuilder) / TsTypeIntersect() / TsTypeObject() / TsMemberFunction(paginate) / TsFunSig() / TsTypeRef())] 
[info ] SimplifyRecursiveTypeAlias.scala:13 Simplified recursive type alias [id => waterline, phase => typescript, scope => TreeScope(TsParsedFile() / TsDeclModule(waterline) / TsDeclNamespace(Waterline) / TsDeclTypeAlias(QueryBuilder) / TsTypeIntersect() / TsTypeObject() / TsMemberFunction(populate) / TsFunSig() / TsTypeRef())] 
[info ] SimplifyRecursiveTypeAlias.scala:13 Simplified recursive type alias [id => waterline, phase => typescript, scope => TreeScope(TsParsedFile() / TsDeclModule(waterline) / TsDeclNamespace(Waterline) / TsDeclTypeAlias(QueryBuilder) / TsTypeIntersect() / TsTypeObject() / TsMemberFunction(populate) / TsFunSig() / TsTypeRef())] 
[info ] SimplifyRecursiveTypeAlias.scala:13 Simplified recursive type alias [id => waterline, phase => typescript, scope => TreeScope(TsParsedFile() / TsDeclModule(waterline) / TsDeclNamespace(Waterline) / TsDeclTypeAlias(QueryBuilder) / TsTypeIntersect() / TsTypeObject() / TsMemberFunction(groupBy) / TsFunSig() / TsTypeRef())] 
[info ] SimplifyRecursiveTypeAlias.scala:13 Simplified recursive type alias [id => waterline, phase => typescript, scope => TreeScope(TsParsedFile() / TsDeclModule(waterline) / TsDeclNamespace(Waterline) / TsDeclTypeAlias(QueryBuilder) / TsTypeIntersect() / TsTypeObject() / TsMemberFunction(max) / TsFunSig() / TsTypeRef())] 
[info ] SimplifyRecursiveTypeAlias.scala:13 Simplified recursive type alias [id => waterline, phase => typescript, scope => TreeScope(TsParsedFile() / TsDeclModule(waterline) / TsDeclNamespace(Waterline) / TsDeclTypeAlias(QueryBuilder) / TsTypeIntersect() / TsTypeObject() / TsMemberFunction(min) / TsFunSig() / TsTypeRef())] 
[info ] SimplifyRecursiveTypeAlias.scala:13 Simplified recursive type alias [id => waterline, phase => typescript, scope => TreeScope(TsParsedFile() / TsDeclModule(waterline) / TsDeclNamespace(Waterline) / TsDeclTypeAlias(QueryBuilder) / TsTypeIntersect() / TsTypeObject() / TsMemberFunction(sum) / TsFunSig() / TsTypeRef())] 
[info ] SimplifyRecursiveTypeAlias.scala:13 Simplified recursive type alias [id => waterline, phase => typescript, scope => TreeScope(TsParsedFile() / TsDeclModule(waterline) / TsDeclNamespace(Waterline) / TsDeclTypeAlias(QueryBuilder) / TsTypeIntersect() / TsTypeObject() / TsMemberFunction(average) / TsFunSig() / TsTypeRef())] 
[info ] ExtractInterfaces.scala:30 Extracted anonymous interface TsIdentSimple(Anon_Type) [id => waterline, phase => typescript, scope => TreeScope(TsParsedFile() / TsDeclModule(waterline) / TsDeclNamespace(Waterline) / TsDeclTypeAlias(TextAttribute) / TsTypeIntersect() / TsTypeObject())] 
[info ] ExtractInterfaces.scala:30 Extracted anonymous interface TsIdentSimple(Anon_TypeDate) [id => waterline, phase => typescript, scope => TreeScope(TsParsedFile() / TsDeclModule(waterline) / TsDeclNamespace(Waterline) / TsDeclTypeAlias(DateAttribute) / TsTypeIntersect() / TsTypeObject())] 
[info ] ExtractInterfaces.scala:30 Extracted anonymous interface TsIdentSimple(Anon_TypeJson) [id => waterline, phase => typescript, scope => TreeScope(TsParsedFile() / TsDeclModule(waterline) / TsDeclNamespace(Waterline) / TsDeclTypeAlias(JsonAttribute) / TsTypeIntersect() / TsTypeObject())] 
[info ] ExtractInterfaces.scala:30 Extracted anonymous interface TsIdentSimple(Anon_Limit) [id => waterline, phase => typescript, scope => TreeScope(TsParsedFile() / TsDeclModule(waterline) / TsDeclNamespace(Waterline) / TsDeclTypeAlias(QueryBuilder) / TsTypeIntersect() / TsTypeObject() / TsMemberFunction(paginate) / TsFunSig() / TsFunParam() / TsTypeObject())] 
[info ] ExtractInterfaces.scala:30 Extracted anonymous interface TsIdentSimple(Anon_Min) [id => waterline, phase => typescript, scope => TreeScope(TsParsedFile() / TsDeclModule(waterline) / TsDeclNamespace(Waterline) / TsDeclTypeAlias(QueryBuilder) / TsTypeIntersect() / TsTypeObject())] 
[info ] ExtractInterfaces.scala:30 Extracted anonymous interface TsIdentSimple(Anon_ToObject) [id => waterline, phase => typescript, scope => TreeScope(TsParsedFile() / TsDeclModule(waterline) / TsDeclNamespace(Waterline) / TsDeclTypeAlias(Attributes) / TsTypeIntersect() / TsTypeObject())] 
[info ] ExtractInterfaces.scala:30 Extracted anonymous interface TsIdentSimple(Anon_Exec) [id => waterline, phase => typescript, scope => TreeScope(TsParsedFile() / TsDeclModule(waterline) / TsDeclNamespace(Waterline) / TsDeclTypeAlias(WaterlinePromise) / TsTypeIntersect() / TsTypeObject())] 
[info ] ExtractInterfaces.scala:30 Extracted anonymous interface TsIdentSimple(Anon_TypeTime) [id => waterline, phase => typescript, scope => TreeScope(TsParsedFile() / TsDeclModule(waterline) / TsDeclNamespace(Waterline) / TsDeclTypeAlias(TimeAttribute) / TsTypeIntersect() / TsTypeObject())] 
[info ] ExtractInterfaces.scala:30 Extracted anonymous interface TsIdentSimple(Anon_Collection) [id => waterline, phase => typescript, scope => TreeScope(TsParsedFile() / TsDeclModule(waterline) / TsDeclNamespace(Waterline) / TsDeclTypeAlias(OneToManyAttribute) / TsTypeIntersect() / TsTypeObject())] 
[info ] ExtractInterfaces.scala:30 Extracted anonymous interface TsIdentSimple(Anon_TypeFloat) [id => waterline, phase => typescript, scope => TreeScope(TsParsedFile() / TsDeclModule(waterline) / TsDeclNamespace(Waterline) / TsDeclTypeAlias(FloatAttribute) / TsTypeIntersect() / TsTypeObject())] 
[info ] ExtractInterfaces.scala:30 Extracted anonymous interface TsIdentSimple(Anon_TypeBinary) [id => waterline, phase => typescript, scope => TreeScope(TsParsedFile() / TsDeclModule(waterline) / TsDeclNamespace(Waterline) / TsDeclTypeAlias(BinaryAttribute) / TsTypeIntersect() / TsTypeObject())] 
[info ] ExtractInterfaces.scala:30 Extracted anonymous interface TsIdentSimple(Anon_Dominant) [id => waterline, phase => typescript, scope => TreeScope(TsParsedFile() / TsDeclModule(waterline) / TsDeclNamespace(Waterline) / TsDeclTypeAlias(ManyToManyAttribute) / TsTypeIntersect() / TsTypeObject())] 
[info ] ExtractInterfaces.scala:30 Extracted anonymous interface TsIdentSimple(Anon_AutoPK) [id => waterline, phase => typescript, scope => TreeScope(TsParsedFile() / TsDeclModule(waterline) / TsDeclNamespace(Waterline) / TsDeclTypeAlias(CollectionDefinition) / TsTypeIntersect() / TsTypeObject())] 
[info ] ExtractInterfaces.scala:30 Extracted anonymous interface TsIdentSimple(Anon_TypeInteger) [id => waterline, phase => typescript, scope => TreeScope(TsParsedFile() / TsDeclModule(waterline) / TsDeclNamespace(Waterline) / TsDeclTypeAlias(IntegerAttribute) / TsTypeIntersect() / TsTypeObject())] 
[info ] ExtractInterfaces.scala:30 Extracted anonymous interface TsIdentSimple(Anon_TypeBoolean) [id => waterline, phase => typescript, scope => TreeScope(TsParsedFile() / TsDeclModule(waterline) / TsDeclNamespace(Waterline) / TsDeclTypeAlias(BooleanAttribute) / TsTypeIntersect() / TsTypeObject())] 
[info ] ExtractInterfaces.scala:30 Extracted anonymous interface TsIdentSimple(Anon_ValuesToUpdate) [id => waterline, phase => typescript, scope => TreeScope(TsParsedFile() / TsDeclModule(waterline) / TsDeclNamespace(Waterline) / TsDeclInterface(LifecycleCallbacks) / TsMemberProperty(afterUpdate) / TsTypeUnion() / TsTypeRef() / TsTypeObject())] 
[info ] ExtractInterfaces.scala:30 Extracted anonymous interface TsIdentSimple(Anon_ValuesToUpdate) [id => waterline, phase => typescript, scope => TreeScope(TsParsedFile() / TsDeclModule(waterline) / TsDeclNamespace(Waterline) / TsDeclInterface(LifecycleCallbacks) / TsMemberProperty(afterUpdate) / TsTypeUnion() / TsTypeObject())] 
[info ] ExtractInterfaces.scala:30 Extracted anonymous interface TsIdentSimple(Anon_Values) [id => waterline, phase => typescript, scope => TreeScope(TsParsedFile() / TsDeclModule(waterline) / TsDeclNamespace(Waterline) / TsDeclInterface(LifecycleCallbacks) / TsMemberProperty(beforeCreate) / TsTypeUnion() / TsTypeRef() / TsTypeObject())] 
[info ] ExtractInterfaces.scala:30 Extracted anonymous interface TsIdentSimple(Anon_Vaues) [id => waterline, phase => typescript, scope => TreeScope(TsParsedFile() / TsDeclModule(waterline) / TsDeclNamespace(Waterline) / TsDeclInterface(LifecycleCallbacks) / TsMemberProperty(beforeCreate) / TsTypeUnion() / TsTypeObject())] 
[info ] ExtractInterfaces.scala:30 Extracted anonymous interface TsIdentSimple(Anon_NewlyCreatedRecord) [id => waterline, phase => typescript, scope => TreeScope(TsParsedFile() / TsDeclModule(waterline) / TsDeclNamespace(Waterline) / TsDeclInterface(LifecycleCallbacks) / TsMemberProperty(afterCreate) / TsTypeUnion() / TsTypeRef() / TsTypeObject())] 
[info ] ExtractInterfaces.scala:30 Extracted anonymous interface TsIdentSimple(Anon_NewlyCreatedRecord) [id => waterline, phase => typescript, scope => TreeScope(TsParsedFile() / TsDeclModule(waterline) / TsDeclNamespace(Waterline) / TsDeclInterface(LifecycleCallbacks) / TsMemberProperty(afterCreate) / TsTypeUnion() / TsTypeObject())] 
[info ] ExtractInterfaces.scala:30 Extracted anonymous interface TsIdentSimple(Anon_Vaues) [id => waterline, phase => typescript, scope => TreeScope(TsParsedFile() / TsDeclModule(waterline) / TsDeclNamespace(Waterline) / TsDeclInterface(LifecycleCallbacks) / TsMemberProperty(beforeValidate) / TsTypeUnion() / TsTypeRef() / TsTypeObject())] 
[info ] ExtractInterfaces.scala:30 Extracted anonymous interface TsIdentSimple(Anon_Vaues) [id => waterline, phase => typescript, scope => TreeScope(TsParsedFile() / TsDeclModule(waterline) / TsDeclNamespace(Waterline) / TsDeclInterface(LifecycleCallbacks) / TsMemberProperty(beforeValidate) / TsTypeUnion() / TsTypeObject())] 
[info ] ExtractInterfaces.scala:30 Extracted anonymous interface TsIdentSimple(Anon_Criteria) [id => waterline, phase => typescript, scope => TreeScope(TsParsedFile() / TsDeclModule(waterline) / TsDeclNamespace(Waterline) / TsDeclInterface(LifecycleCallbacks) / TsMemberProperty(beforeDestroy) / TsTypeUnion() / TsTypeRef() / TsTypeObject())] 
[info ] ExtractInterfaces.scala:30 Extracted anonymous interface TsIdentSimple(Anon_ValuesToUpdate) [id => waterline, phase => typescript, scope => TreeScope(TsParsedFile() / TsDeclModule(waterline) / TsDeclNamespace(Waterline) / TsDeclInterface(LifecycleCallbacks) / TsMemberProperty(beforeDestroy) / TsTypeUnion() / TsTypeObject())] 
[info ] ExtractInterfaces.scala:30 Extracted anonymous interface TsIdentSimple(Anon_ValuesToUpdate) [id => waterline, phase => typescript, scope => TreeScope(TsParsedFile() / TsDeclModule(waterline) / TsDeclNamespace(Waterline) / TsDeclInterface(LifecycleCallbacks) / TsMemberProperty(beforeUpdate) / TsTypeUnion() / TsTypeRef() / TsTypeObject())] 
[info ] ExtractInterfaces.scala:30 Extracted anonymous interface TsIdentSimple(Anon_ValuesToUpdate) [id => waterline, phase => typescript, scope => TreeScope(TsParsedFile() / TsDeclModule(waterline) / TsDeclNamespace(Waterline) / TsDeclInterface(LifecycleCallbacks) / TsMemberProperty(beforeUpdate) / TsTypeUnion() / TsTypeObject())] 
[info ] ExtractInterfaces.scala:30 Extracted anonymous interface TsIdentSimple(Anon_DestroyedInstance) [id => waterline, phase => typescript, scope => TreeScope(TsParsedFile() / TsDeclModule(waterline) / TsDeclNamespace(Waterline) / TsDeclInterface(LifecycleCallbacks) / TsMemberProperty(afterDestroy) / TsTypeUnion() / TsTypeRef() / TsTypeObject())] 
[info ] ExtractInterfaces.scala:30 Extracted anonymous interface TsIdentSimple(Anon_DestroyedInstance) [id => waterline, phase => typescript, scope => TreeScope(TsParsedFile() / TsDeclModule(waterline) / TsDeclNamespace(Waterline) / TsDeclInterface(LifecycleCallbacks) / TsMemberProperty(afterDestroy) / TsTypeUnion() / TsTypeObject())] 
[info ] ExtractInterfaces.scala:30 Extracted anonymous interface TsIdentSimple(Anon_Model) [id => waterline, phase => typescript, scope => TreeScope(TsParsedFile() / TsDeclModule(waterline) / TsDeclNamespace(Waterline) / TsDeclTypeAlias(OneToOneAttribute) / TsTypeIntersect() / TsTypeObject())] 
[info ] ExtractInterfaces.scala:30 Extracted anonymous interface TsIdentSimple(Anon_TypeDatetime) [id => waterline, phase => typescript, scope => TreeScope(TsParsedFile() / TsDeclModule(waterline) / TsDeclNamespace(Waterline) / TsDeclTypeAlias(DatetimeAttribute) / TsTypeIntersect() / TsTypeObject())] 
[info ] ExtractInterfaces.scala:30 Extracted anonymous interface TsIdentSimple(Anon_TypeEmail) [id => waterline, phase => typescript, scope => TreeScope(TsParsedFile() / TsDeclModule(waterline) / TsDeclNamespace(Waterline) / TsDeclTypeAlias(EmailAttribute) / TsTypeIntersect() / TsTypeObject())] 
[info ] ExtractInterfaces.scala:30 Extracted anonymous interface TsIdentSimple(Anon_TypeArray) [id => waterline, phase => typescript, scope => TreeScope(TsParsedFile() / TsDeclModule(waterline) / TsDeclNamespace(Waterline) / TsDeclTypeAlias(ArrayAttribute) / TsTypeIntersect() / TsTypeObject())] 
[info ] ExtractInterfaces.scala:30 Extracted anonymous interface TsIdentSimple(Anon_Size) [id => waterline, phase => typescript, scope => TreeScope(TsParsedFile() / TsDeclModule(waterline) / TsDeclNamespace(Waterline) / TsDeclTypeAlias(BaseAttribute) / TsTypeIntersect() / TsTypeObject())] 
[info ] ExtractInterfaces.scala:30 Extracted anonymous interface TsIdentSimple(Anon_TypeString) [id => waterline, phase => typescript, scope => TreeScope(TsParsedFile() / TsDeclModule(waterline) / TsDeclNamespace(Waterline) / TsDeclTypeAlias(StringAttribute) / TsTypeIntersect() / TsTypeObject())] 
[info ] ExtractInterfaces.scala:30 Extracted anonymous interface TsIdentSimple(Anon_Extend) [id => waterline, phase => typescript, scope => TreeScope(TsParsedFile() / TsDeclModule(waterline) / TsDeclInterface(WaterlineStatic) / TsMemberProperty(Collection) / TsTypeObject())] 
[debug] PhaseRunner.scala:78 Success [id => waterline, phase => typescript] 
[warn ] Phase2ToScalaJs.scala:34 Processing TsIdentLibrarySimple(waterline) [id => waterline, phase => scala.js] 
[debug] PhaseRunner.scala:78 Success [id => waterline, phase => scala.js] 
[warn ] PhaseRunner.scala:64 Failed because of, [node => Compilation failed] [id => waterline, phase => build] 
[debug] PhaseRunner.scala:82 Failure, [node => Compilation failed] [id => waterline, phase => build] 
