[info ] InferredDependency.scala:20 Inferred dependencies Set(TsIdentLibrarySimple(node)) for TsIdentLibrarySimple(web-push) [id => web-push, phase => typescript, file => ../types/web-push/index.d.ts] 
[debug] PhaseRunner.scala:78 Success [id => web-push, phase => typescript] 
[info ] Phase1ReadTypescript.scala:152 Preprocessing TsHelperFile(InFile(/home/tso/tmp/tso-cache/DefinitelyTyped/types/web-push/index.d.ts),FromFolder(InFolder(/home/tso/tmp/tso-cache/DefinitelyTyped/types/web-push),TsIdentLibrarySimple(web-push)),TsIdentModule(None,List(web-push))) [id => web-push, phase => typescript] 
[info ] InferredDefaultModule.scala:39 Inferred module TsIdentModule(None,List(web-push)) [id => web-push, phase => typescript] 
[warn ] Phase1ReadTypescript.scala:190 Processing TsIdentLibrarySimple(web-push) [id => web-push, phase => typescript] 
[info ] ExtractInterfaces.scala:30 Extracted anonymous interface TsIdentSimple(Anon_AES128GCM) [id => web-push, phase => typescript, scope => TreeScope(TsParsedFile() / TsDeclModule(web-push) / TsDeclVar(supportedContentEncodings) / TsTypeObject())] 
[info ] ExtractInterfaces.scala:30 Extracted anonymous interface TsIdentSimple(Anon_P256dh) [id => web-push, phase => typescript, scope => TreeScope(TsParsedFile() / TsDeclModule(web-push) / TsDeclInterface(PushSubscription) / TsMemberProperty(keys) / TsTypeObject())] 
[info ] ExtractInterfaces.scala:30 Extracted anonymous interface TsIdentSimple(Anon_Authorization) [id => web-push, phase => typescript, scope => TreeScope(TsParsedFile() / TsDeclModule(web-push) / TsDeclFunction(getVapidHeaders) / TsFunSig() / TsTypeObject())] 
[info ] ExtractInterfaces.scala:30 Extracted anonymous interface TsIdentSimple(Anon_Authorization) [id => web-push, phase => typescript, scope => TreeScope(TsParsedFile() / TsDeclModule(web-push) / TsDeclFunction(getVapidHeaders) / TsFunSig() / TsTypeObject())] 
[info ] ExtractInterfaces.scala:30 Extracted anonymous interface TsIdentSimple(Anon_CryptoKey) [id => web-push, phase => typescript, scope => TreeScope(TsParsedFile() / TsDeclModule(web-push) / TsDeclFunction(getVapidHeaders) / TsFunSig() / TsTypeObject())] 
[info ] ExtractInterfaces.scala:30 Extracted anonymous interface TsIdentSimple(Anon_CryptoKey) [id => web-push, phase => typescript, scope => TreeScope(TsParsedFile() / TsDeclModule(web-push) / TsDeclFunction(getVapidHeaders) / TsFunSig() / TsTypeObject())] 
[info ] ExtractInterfaces.scala:30 Extracted anonymous interface TsIdentSimple(Anon_CryptoKeyAuthorization) [id => web-push, phase => typescript, scope => TreeScope(TsParsedFile() / TsDeclModule(web-push) / TsDeclFunction(getVapidHeaders) / TsFunSig() / TsTypeObject())] 
[info ] ExtractInterfaces.scala:30 Extracted anonymous interface TsIdentSimple(Anon_CryptoKeyAuthorization) [id => web-push, phase => typescript, scope => TreeScope(TsParsedFile() / TsDeclModule(web-push) / TsDeclFunction(getVapidHeaders) / TsFunSig() / TsTypeObject())] 
[info ] ExtractInterfaces.scala:30 Extracted anonymous interface TsIdentSimple(Anon_Body) [id => web-push, phase => typescript, scope => TreeScope(TsParsedFile() / TsDeclModule(web-push) / TsDeclFunction(generateRequestDetails) / TsFunSig() / TsTypeIntersect() / TsTypeObject())] 
[info ] ExtractInterfaces.scala:30 Extracted anonymous interface TsIdentSimple(Anon_Body) [id => web-push, phase => typescript, scope => TreeScope(TsParsedFile() / TsDeclModule(web-push) / TsDeclFunction(generateRequestDetails) / TsFunSig() / TsTypeIntersect() / TsTypeObject())] 
[info ] ExtractInterfaces.scala:30 Extracted anonymous interface TsIdentSimple(Anon_Body) [id => web-push, phase => typescript, scope => TreeScope(TsParsedFile() / TsDeclModule(web-push) / TsDeclFunction(generateRequestDetails) / TsFunSig() / TsTypeIntersect() / TsTypeObject())] 
[info ] ExtractInterfaces.scala:30 Extracted anonymous interface TsIdentSimple(Anon_BodyBuffer) [id => web-push, phase => typescript, scope => TreeScope(TsParsedFile() / TsDeclModule(web-push) / TsDeclFunction(generateRequestDetails) / TsFunSig() / TsTypeIntersect() / TsTypeObject())] 
[info ] ExtractInterfaces.scala:30 Extracted anonymous interface TsIdentSimple(Anon_BodyBuffer) [id => web-push, phase => typescript, scope => TreeScope(TsParsedFile() / TsDeclModule(web-push) / TsDeclFunction(generateRequestDetails) / TsFunSig() / TsTypeIntersect() / TsTypeObject())] 
[info ] ExtractInterfaces.scala:30 Extracted anonymous interface TsIdentSimple(Anon_BodyBuffer) [id => web-push, phase => typescript, scope => TreeScope(TsParsedFile() / TsDeclModule(web-push) / TsDeclFunction(generateRequestDetails) / TsFunSig() / TsTypeIntersect() / TsTypeObject())] 
[info ] ExtractInterfaces.scala:30 Extracted anonymous interface TsIdentSimple(Anon_BodyBuffer) [id => web-push, phase => typescript, scope => TreeScope(TsParsedFile() / TsDeclModule(web-push) / TsDeclFunction(generateRequestDetails) / TsFunSig() / TsTypeIntersect() / TsTypeObject())] 
[info ] ExtractInterfaces.scala:30 Extracted anonymous interface TsIdentSimple(Anon_BodyBuffer) [id => web-push, phase => typescript, scope => TreeScope(TsParsedFile() / TsDeclModule(web-push) / TsDeclFunction(generateRequestDetails) / TsFunSig() / TsTypeIntersect() / TsTypeObject())] 
[info ] ExtractInterfaces.scala:30 Extracted anonymous interface TsIdentSimple(Anon_BodyBuffer) [id => web-push, phase => typescript, scope => TreeScope(TsParsedFile() / TsDeclModule(web-push) / TsDeclFunction(generateRequestDetails) / TsFunSig() / TsTypeIntersect() / TsTypeObject())] 
[info ] ExtractInterfaces.scala:30 Extracted anonymous interface TsIdentSimple(Anon_PublicKey) [id => web-push, phase => typescript, scope => TreeScope(TsParsedFile() / TsDeclModule(web-push) / TsDeclInterface(RequestOptions) / TsMemberProperty(vapidDetails) / TsTypeObject())] 
[debug] PhaseRunner.scala:78 Success [id => web-push, phase => typescript] 
[warn ] Phase2ToScalaJs.scala:34 Processing TsIdentLibrarySimple(web-push) [id => web-push, phase => scala.js] 
[debug] PhaseRunner.scala:78 Success [id => web-push, phase => scala.js] 
[warn ] PhaseRunner.scala:64 Failed because of, [node => Compilation failed] [id => web-push, phase => build] 
[debug] PhaseRunner.scala:82 Failure, [node => Compilation failed] [id => web-push, phase => build] 
