[info ] InferredDependency.scala:20 Inferred dependencies Set(TsIdentLibrarySimple(node)) for TsIdentLibrarySimple(webgme) [id => webgme, phase => typescript, file => ../webgme/typings/webgme.d.ts] 
[debug] PhaseRunner.scala:78 Success [id => webgme, phase => typescript] 
[info ] Phase1ReadTypescript.scala:152 Preprocessing TsHelperFile(InFile(/home/tso/tmp/tso-cache/npm/node_modules/webgme/typings/webgme.d.ts),FromFolder(InFolder(/home/tso/tmp/tso-cache/npm/node_modules/webgme),TsIdentLibrarySimple(webgme)),TsIdentModule(None,List(webgme))) [id => webgme, phase => typescript] 
[warn ] Phase1ReadTypescript.scala:190 Processing TsIdentLibrarySimple(webgme) [id => webgme, phase => typescript] 
[warn ] QualifyReferences.scala:47 Couldn't qualify TsTypeRef(TsQIdent(List(TsIdentSimple(GLbyte))),List()), defaulting to any [id => webgme, phase => typescript, scope => TreeScope(TsParsedFile() / TsDeclNamespace(GmeCommon) / TsExport() / TsExporteeTree() / TsDeclTypeAlias(Buffer) / TsTypeRef() / TsTypeRef())] 
[info ] PreferTypeAlias.scala:118 Simplified to function type alias [id => webgme, phase => typescript, scope => TreeScope(TsParsedFile() / TsDeclNamespace(Gme) / TsDeclInterface(TerritoryEventHandler))] 
[info ] ExpandCallables.scala:57 Expanded addFile into 2 methods [id => webgme, phase => typescript, scope => TreeScope(TsParsedFile() / TsDeclNamespace(GmeClasses) / TsDeclInterface(Artifact))] 
[info ] ExpandCallables.scala:57 Expanded addFileAsSoftLink into 2 methods [id => webgme, phase => typescript, scope => TreeScope(TsParsedFile() / TsDeclNamespace(GmeClasses) / TsDeclInterface(Artifact))] 
[info ] ExpandCallables.scala:57 Expanded addFiles into 2 methods [id => webgme, phase => typescript, scope => TreeScope(TsParsedFile() / TsDeclNamespace(GmeClasses) / TsDeclInterface(Artifact))] 
[info ] ExpandCallables.scala:57 Expanded addFilesAsSoftLinks into 2 methods [id => webgme, phase => typescript, scope => TreeScope(TsParsedFile() / TsDeclNamespace(GmeClasses) / TsDeclInterface(Artifact))] 
[info ] ExpandCallables.scala:57 Expanded addMetadataHash into 4 methods [id => webgme, phase => typescript, scope => TreeScope(TsParsedFile() / TsDeclNamespace(GmeClasses) / TsDeclInterface(Artifact))] 
[info ] ExpandCallables.scala:57 Expanded addMetadataHashes into 4 methods [id => webgme, phase => typescript, scope => TreeScope(TsParsedFile() / TsDeclNamespace(GmeClasses) / TsDeclInterface(Artifact))] 
[info ] ExpandCallables.scala:57 Expanded addObjectHash into 2 methods [id => webgme, phase => typescript, scope => TreeScope(TsParsedFile() / TsDeclNamespace(GmeClasses) / TsDeclInterface(Artifact))] 
[info ] ExpandCallables.scala:57 Expanded addObjectHashes into 2 methods [id => webgme, phase => typescript, scope => TreeScope(TsParsedFile() / TsDeclNamespace(GmeClasses) / TsDeclInterface(Artifact))] 
[info ] ExpandCallables.scala:57 Expanded save into 2 methods [id => webgme, phase => typescript, scope => TreeScope(TsParsedFile() / TsDeclNamespace(GmeClasses) / TsDeclInterface(Artifact))] 
[info ] ExpandCallables.scala:57 Expanded addLibrary into 2 methods [id => webgme, phase => typescript, scope => TreeScope(TsParsedFile() / TsDeclNamespace(GmeClasses) / TsDeclInterface(Core))] 
[info ] ExpandCallables.scala:57 Expanded applyTreeDiff into 2 methods [id => webgme, phase => typescript, scope => TreeScope(TsParsedFile() / TsDeclNamespace(GmeClasses) / TsDeclInterface(Core))] 
[info ] ExpandCallables.scala:57 Expanded generateTreeDiff into 2 methods [id => webgme, phase => typescript, scope => TreeScope(TsParsedFile() / TsDeclNamespace(GmeClasses) / TsDeclInterface(Core))] 
[info ] ExpandCallables.scala:57 Expanded loadByPath into 2 methods [id => webgme, phase => typescript, scope => TreeScope(TsParsedFile() / TsDeclNamespace(GmeClasses) / TsDeclInterface(Core))] 
[info ] ExpandCallables.scala:57 Expanded loadChild into 2 methods [id => webgme, phase => typescript, scope => TreeScope(TsParsedFile() / TsDeclNamespace(GmeClasses) / TsDeclInterface(Core))] 
[info ] ExpandCallables.scala:57 Expanded loadChildren into 2 methods [id => webgme, phase => typescript, scope => TreeScope(TsParsedFile() / TsDeclNamespace(GmeClasses) / TsDeclInterface(Core))] 
[info ] ExpandCallables.scala:57 Expanded loadCollection into 2 methods [id => webgme, phase => typescript, scope => TreeScope(TsParsedFile() / TsDeclNamespace(GmeClasses) / TsDeclInterface(Core))] 
[info ] ExpandCallables.scala:57 Expanded loadInstances into 2 methods [id => webgme, phase => typescript, scope => TreeScope(TsParsedFile() / TsDeclNamespace(GmeClasses) / TsDeclInterface(Core))] 
[info ] ExpandCallables.scala:57 Expanded loadOwnChildren into 2 methods [id => webgme, phase => typescript, scope => TreeScope(TsParsedFile() / TsDeclNamespace(GmeClasses) / TsDeclInterface(Core))] 
[info ] ExpandCallables.scala:57 Expanded loadOwnSubTree into 2 methods [id => webgme, phase => typescript, scope => TreeScope(TsParsedFile() / TsDeclNamespace(GmeClasses) / TsDeclInterface(Core))] 
[info ] ExpandCallables.scala:57 Expanded loadPointer into 2 methods [id => webgme, phase => typescript, scope => TreeScope(TsParsedFile() / TsDeclNamespace(GmeClasses) / TsDeclInterface(Core))] 
[info ] ExpandCallables.scala:57 Expanded loadRoot into 2 methods [id => webgme, phase => typescript, scope => TreeScope(TsParsedFile() / TsDeclNamespace(GmeClasses) / TsDeclInterface(Core))] 
[info ] ExpandCallables.scala:57 Expanded loadSubTree into 2 methods [id => webgme, phase => typescript, scope => TreeScope(TsParsedFile() / TsDeclNamespace(GmeClasses) / TsDeclInterface(Core))] 
[info ] ExpandCallables.scala:57 Expanded loadTree into 2 methods [id => webgme, phase => typescript, scope => TreeScope(TsParsedFile() / TsDeclNamespace(GmeClasses) / TsDeclInterface(Core))] 
[info ] ExpandCallables.scala:57 Expanded setGuid into 2 methods [id => webgme, phase => typescript, scope => TreeScope(TsParsedFile() / TsDeclNamespace(GmeClasses) / TsDeclInterface(Core))] 
[info ] ExpandCallables.scala:57 Expanded setMemberAttribute into 1 methods [id => webgme, phase => typescript, scope => TreeScope(TsParsedFile() / TsDeclNamespace(GmeClasses) / TsDeclInterface(Core))] 
[info ] ExpandCallables.scala:57 Expanded traverse into 2 methods [id => webgme, phase => typescript, scope => TreeScope(TsParsedFile() / TsDeclNamespace(GmeClasses) / TsDeclInterface(Core))] 
[info ] ExpandCallables.scala:57 Expanded updateLibrary into 2 methods [id => webgme, phase => typescript, scope => TreeScope(TsParsedFile() / TsDeclNamespace(GmeClasses) / TsDeclInterface(Core))] 
[info ] ExpandCallables.scala:57 Expanded makeCommit into 2 methods [id => webgme, phase => typescript, scope => TreeScope(TsParsedFile() / TsDeclNamespace(GmeClasses) / TsDeclInterface(ProjectInterface))] 
[info ] ExpandCallables.scala:57 Expanded setBranchHash into 2 methods [id => webgme, phase => typescript, scope => TreeScope(TsParsedFile() / TsDeclNamespace(GmeClasses) / TsDeclInterface(ProjectInterface))] 
[info ] ExpandCallables.scala:57 Expanded getBranchHash into 2 methods [id => webgme, phase => typescript, scope => TreeScope(TsParsedFile() / TsDeclNamespace(GmeClasses) / TsDeclInterface(ProjectInterface))] 
[info ] ExpandCallables.scala:57 Expanded createBranch into 2 methods [id => webgme, phase => typescript, scope => TreeScope(TsParsedFile() / TsDeclNamespace(GmeClasses) / TsDeclInterface(ProjectInterface))] 
[info ] ExpandCallables.scala:57 Expanded deleteBranch into 2 methods [id => webgme, phase => typescript, scope => TreeScope(TsParsedFile() / TsDeclNamespace(GmeClasses) / TsDeclInterface(ProjectInterface))] 
[info ] ExpandCallables.scala:57 Expanded getBranches into 2 methods [id => webgme, phase => typescript, scope => TreeScope(TsParsedFile() / TsDeclNamespace(GmeClasses) / TsDeclInterface(ProjectInterface))] 
[info ] ExpandCallables.scala:57 Expanded getHistory into 2 methods [id => webgme, phase => typescript, scope => TreeScope(TsParsedFile() / TsDeclNamespace(GmeClasses) / TsDeclInterface(ProjectInterface))] 
[info ] ExpandCallables.scala:57 Expanded getCommits into 2 methods [id => webgme, phase => typescript, scope => TreeScope(TsParsedFile() / TsDeclNamespace(GmeClasses) / TsDeclInterface(ProjectInterface))] 
[info ] ExpandCallables.scala:57 Expanded createTag into 2 methods [id => webgme, phase => typescript, scope => TreeScope(TsParsedFile() / TsDeclNamespace(GmeClasses) / TsDeclInterface(ProjectInterface))] 
[info ] ExpandCallables.scala:57 Expanded deleteTag into 2 methods [id => webgme, phase => typescript, scope => TreeScope(TsParsedFile() / TsDeclNamespace(GmeClasses) / TsDeclInterface(ProjectInterface))] 
[info ] ExpandCallables.scala:57 Expanded getTags into 2 methods [id => webgme, phase => typescript, scope => TreeScope(TsParsedFile() / TsDeclNamespace(GmeClasses) / TsDeclInterface(ProjectInterface))] 
[info ] ExpandCallables.scala:57 Expanded getCommonAncestorCommit into 2 methods [id => webgme, phase => typescript, scope => TreeScope(TsParsedFile() / TsDeclNamespace(GmeClasses) / TsDeclInterface(ProjectInterface))] 
[info ] ExpandCallables.scala:57 Expanded createBranch into 2 methods [id => webgme, phase => typescript, scope => TreeScope(TsParsedFile() / TsDeclNamespace(GmeClasses) / TsDeclClass(Project))] 
[info ] ExpandCallables.scala:57 Expanded createTag into 2 methods [id => webgme, phase => typescript, scope => TreeScope(TsParsedFile() / TsDeclNamespace(GmeClasses) / TsDeclClass(Project))] 
[info ] ExpandCallables.scala:57 Expanded deleteBranch into 2 methods [id => webgme, phase => typescript, scope => TreeScope(TsParsedFile() / TsDeclNamespace(GmeClasses) / TsDeclClass(Project))] 
[info ] ExpandCallables.scala:57 Expanded deleteTag into 2 methods [id => webgme, phase => typescript, scope => TreeScope(TsParsedFile() / TsDeclNamespace(GmeClasses) / TsDeclClass(Project))] 
[info ] ExpandCallables.scala:57 Expanded getBranches into 2 methods [id => webgme, phase => typescript, scope => TreeScope(TsParsedFile() / TsDeclNamespace(GmeClasses) / TsDeclClass(Project))] 
[info ] ExpandCallables.scala:57 Expanded getBranchHash into 2 methods [id => webgme, phase => typescript, scope => TreeScope(TsParsedFile() / TsDeclNamespace(GmeClasses) / TsDeclClass(Project))] 
[info ] ExpandCallables.scala:57 Expanded getCommits into 2 methods [id => webgme, phase => typescript, scope => TreeScope(TsParsedFile() / TsDeclNamespace(GmeClasses) / TsDeclClass(Project))] 
[info ] ExpandCallables.scala:57 Expanded getClassAncestorCommit into 2 methods [id => webgme, phase => typescript, scope => TreeScope(TsParsedFile() / TsDeclNamespace(GmeClasses) / TsDeclClass(Project))] 
[info ] ExpandCallables.scala:57 Expanded getHistory into 2 methods [id => webgme, phase => typescript, scope => TreeScope(TsParsedFile() / TsDeclNamespace(GmeClasses) / TsDeclClass(Project))] 
[info ] ExpandCallables.scala:57 Expanded getTags into 2 methods [id => webgme, phase => typescript, scope => TreeScope(TsParsedFile() / TsDeclNamespace(GmeClasses) / TsDeclClass(Project))] 
[info ] ExpandCallables.scala:57 Expanded loadObject into 2 methods [id => webgme, phase => typescript, scope => TreeScope(TsParsedFile() / TsDeclNamespace(GmeClasses) / TsDeclClass(Project))] 
[info ] ExpandCallables.scala:57 Expanded loadPaths into 2 methods [id => webgme, phase => typescript, scope => TreeScope(TsParsedFile() / TsDeclNamespace(GmeClasses) / TsDeclClass(Project))] 
[info ] ExpandCallables.scala:57 Expanded makeCommit into 2 methods [id => webgme, phase => typescript, scope => TreeScope(TsParsedFile() / TsDeclNamespace(GmeClasses) / TsDeclClass(Project))] 
[info ] ExpandCallables.scala:57 Expanded setBranchHash into 2 methods [id => webgme, phase => typescript, scope => TreeScope(TsParsedFile() / TsDeclNamespace(GmeClasses) / TsDeclClass(Project))] 
[info ] ExpandCallables.scala:57 Expanded sendNotification into 2 methods [id => webgme, phase => typescript, scope => TreeScope(TsParsedFile() / TsDeclNamespace(GmePlugin) / TsDeclClass(PluginBase))] 
[info ] PreferTypeAlias.scala:118 Simplified to function type alias [id => webgme, phase => typescript, scope => TreeScope(TsParsedFile() / TsDeclNamespace(Global) / TsDeclInterface(StateHandler))] 
[info ] PreferTypeAlias.scala:118 Simplified to function type alias [id => webgme, phase => typescript, scope => TreeScope(TsParsedFile() / TsDeclNamespace(Toolbar) / TsDeclInterface(ClickFn))] 
[info ] PreferTypeAlias.scala:118 Simplified to function type alias [id => webgme, phase => typescript, scope => TreeScope(TsParsedFile() / TsDeclNamespace(GmePanel) / TsDeclInterface(LayoutCallback))] 
[info ] PreferTypeAlias.scala:118 Simplified to function type alias [id => webgme, phase => typescript, scope => TreeScope(TsParsedFile() / TsDeclNamespace(GmeCommon) / TsDeclInterface(VoidCallback))] 
[info ] PreferTypeAlias.scala:118 Simplified to function type alias [id => webgme, phase => typescript, scope => TreeScope(TsParsedFile() / TsDeclNamespace(GmeCommon) / TsDeclInterface(ErrorOnlyCallback))] 
[info ] PreferTypeAlias.scala:118 Simplified to function type alias [id => webgme, phase => typescript, scope => TreeScope(TsParsedFile() / TsDeclNamespace(GmeCommon) / TsDeclInterface(ResultCallback))] 
[info ] ExpandCallables.scala:57 Expanded getArtifact into 2 methods [id => webgme, phase => typescript, scope => TreeScope(TsParsedFile() / TsDeclNamespace(Blobs) / TsDeclClass(BlobClient))] 
[info ] ExpandCallables.scala:57 Expanded getSubObject into 2 methods [id => webgme, phase => typescript, scope => TreeScope(TsParsedFile() / TsDeclNamespace(Blobs) / TsDeclClass(BlobClient))] 
[info ] ExpandCallables.scala:57 Expanded getObject into 2 methods [id => webgme, phase => typescript, scope => TreeScope(TsParsedFile() / TsDeclNamespace(Blobs) / TsDeclClass(BlobClient))] 
[info ] ExpandCallables.scala:57 Expanded getObjectAsString into 2 methods [id => webgme, phase => typescript, scope => TreeScope(TsParsedFile() / TsDeclNamespace(Blobs) / TsDeclClass(BlobClient))] 
[info ] ExpandCallables.scala:57 Expanded getObjectAsJSON into 2 methods [id => webgme, phase => typescript, scope => TreeScope(TsParsedFile() / TsDeclNamespace(Blobs) / TsDeclClass(BlobClient))] 
[info ] ExpandCallables.scala:57 Expanded getMetadata into 2 methods [id => webgme, phase => typescript, scope => TreeScope(TsParsedFile() / TsDeclNamespace(Blobs) / TsDeclClass(BlobClient))] 
[info ] ExpandCallables.scala:57 Expanded putFile into 2 methods [id => webgme, phase => typescript, scope => TreeScope(TsParsedFile() / TsDeclNamespace(Blobs) / TsDeclClass(BlobClient))] 
[info ] ExpandCallables.scala:57 Expanded putMetadata into 2 methods [id => webgme, phase => typescript, scope => TreeScope(TsParsedFile() / TsDeclNamespace(Blobs) / TsDeclClass(BlobClient))] 
[info ] ExpandCallables.scala:57 Expanded putFiles into 2 methods [id => webgme, phase => typescript, scope => TreeScope(TsParsedFile() / TsDeclNamespace(Blobs) / TsDeclClass(BlobClient))] 
[info ] ExpandCallables.scala:57 Expanded saveAllArtifacts into 2 methods [id => webgme, phase => typescript, scope => TreeScope(TsParsedFile() / TsDeclNamespace(Blobs) / TsDeclClass(BlobClient))] 
[info ] PreferTypeAlias.scala:118 Simplified to function type alias [id => webgme, phase => typescript, scope => TreeScope(TsParsedFile() / TsDeclNamespace(GmeStorage) / TsDeclInterface(ErrorOnlyCallback))] 
[info ] PreferTypeAlias.scala:118 Simplified to function type alias [id => webgme, phase => typescript, scope => TreeScope(TsParsedFile() / TsDeclNamespace(GmeStorage) / TsDeclInterface(CommitHashCallback))] 
[info ] ExtractInterfaces.scala:30 Extracted anonymous interface TsIdentSimple(Anon_Message) [id => webgme, phase => typescript, scope => TreeScope(TsParsedFile() / TsDeclNamespace(GmePlugin) / TsDeclClass(PluginBase) / TsMemberProperty(sendNotification) / TsTypeObject())] 
[info ] ExtractInterfaces.scala:30 Extracted anonymous interface TsIdentSimple(Anon_MetadataHash) [id => webgme, phase => typescript, scope => TreeScope(TsParsedFile() / TsDeclNamespace(Blobs) / TsDeclClass(BlobClient) / TsMemberProperty(getArtifact) / TsTypeObject())] 
[info ] ExtractInterfaces.scala:30 Extracted anonymous interface TsIdentSimple(Anon_MetadataHashCallback) [id => webgme, phase => typescript, scope => TreeScope(TsParsedFile() / TsDeclNamespace(Blobs) / TsDeclClass(BlobClient) / TsMemberProperty(getObjectAsJSON) / TsTypeObject())] 
[info ] ExtractInterfaces.scala:30 Extracted anonymous interface TsIdentSimple(Anon_MetadataHashCallbackResultCallback) [id => webgme, phase => typescript, scope => TreeScope(TsParsedFile() / TsDeclNamespace(Blobs) / TsDeclClass(BlobClient) / TsMemberProperty(getMetadata) / TsTypeObject())] 
[info ] ExtractInterfaces.scala:30 Extracted anonymous interface TsIdentSimple(Anon_O) [id => webgme, phase => typescript, scope => TreeScope(TsParsedFile() / TsDeclNamespace(Blobs) / TsDeclClass(BlobClient) / TsMemberProperty(putFiles) / TsTypeObject())] 
[info ] ExtractInterfaces.scala:30 Extracted anonymous interface TsIdentSimple(Anon_MetadataHashCallbackResultCallbackContentString) [id => webgme, phase => typescript, scope => TreeScope(TsParsedFile() / TsDeclNamespace(Blobs) / TsDeclClass(BlobClient) / TsMemberProperty(getObjectAsString) / TsTypeObject())] 
[info ] ExtractInterfaces.scala:30 Extracted anonymous interface TsIdentSimple(Anon_MetadataHashSubpath) [id => webgme, phase => typescript, scope => TreeScope(TsParsedFile() / TsDeclNamespace(Blobs) / TsDeclClass(BlobClient) / TsMemberProperty(getSubObject) / TsTypeObject())] 
[info ] ExtractInterfaces.scala:30 Extracted anonymous interface TsIdentSimple(Anon_MetadataDescriptor) [id => webgme, phase => typescript, scope => TreeScope(TsParsedFile() / TsDeclNamespace(Blobs) / TsDeclClass(BlobClient) / TsMemberProperty(putMetadata) / TsTypeObject())] 
[info ] ExtractInterfaces.scala:30 Extracted anonymous interface TsIdentSimple(Anon_MetadataHashCallbackSubpath) [id => webgme, phase => typescript, scope => TreeScope(TsParsedFile() / TsDeclNamespace(Blobs) / TsDeclClass(BlobClient) / TsMemberProperty(getObject) / TsTypeObject())] 
[info ] ExtractInterfaces.scala:30 Extracted anonymous interface TsIdentSimple(Anon_Callback) [id => webgme, phase => typescript, scope => TreeScope(TsParsedFile() / TsDeclNamespace(Blobs) / TsDeclClass(BlobClient) / TsMemberProperty(saveAllArtifacts) / TsTypeObject())] 
[info ] ExtractInterfaces.scala:30 Extracted anonymous interface TsIdentSimple(Anon_Name) [id => webgme, phase => typescript, scope => TreeScope(TsParsedFile() / TsDeclNamespace(Blobs) / TsDeclClass(BlobClient) / TsMemberProperty(putFile) / TsTypeObject())] 
[info ] ExtractInterfaces.scala:30 Extracted anonymous interface TsIdentSimple(Anon_Files) [id => webgme, phase => typescript, scope => TreeScope(TsParsedFile() / TsDeclNamespace(GmeClasses) / TsDeclInterface(Artifact) / TsMemberProperty(addFilesAsSoftLinks) / TsTypeObject())] 
[info ] ExtractInterfaces.scala:30 Extracted anonymous interface TsIdentSimple(Anon_NameContent) [id => webgme, phase => typescript, scope => TreeScope(TsParsedFile() / TsDeclNamespace(GmeClasses) / TsDeclInterface(Artifact) / TsMemberProperty(addFile) / TsTypeObject())] 
[info ] ExtractInterfaces.scala:30 Extracted anonymous interface TsIdentSimple(Anon_ObjectHashes) [id => webgme, phase => typescript, scope => TreeScope(TsParsedFile() / TsDeclNamespace(GmeClasses) / TsDeclInterface(Artifact) / TsMemberProperty(addObjectHashes) / TsTypeObject())] 
[info ] ExtractInterfaces.scala:30 Extracted anonymous interface TsIdentSimple(Anon_NameMetadataHash) [id => webgme, phase => typescript, scope => TreeScope(TsParsedFile() / TsDeclNamespace(GmeClasses) / TsDeclInterface(Artifact) / TsMemberProperty(addMetadataHashes) / TsTypeObject())] 
[info ] ExtractInterfaces.scala:30 Extracted anonymous interface TsIdentSimple(Anon_NameMetadataHashCallback) [id => webgme, phase => typescript, scope => TreeScope(TsParsedFile() / TsDeclNamespace(GmeClasses) / TsDeclInterface(Artifact) / TsMemberProperty(addObjectHash) / TsTypeObject())] 
[info ] ExtractInterfaces.scala:30 Extracted anonymous interface TsIdentSimple(Anon_NameMetadataHashSize) [id => webgme, phase => typescript, scope => TreeScope(TsParsedFile() / TsDeclNamespace(GmeClasses) / TsDeclInterface(Artifact) / TsMemberProperty(addMetadataHash) / TsTypeObject())] 
[info ] ExtractInterfaces.scala:30 Extracted anonymous interface TsIdentSimple(Anon_NameContent) [id => webgme, phase => typescript, scope => TreeScope(TsParsedFile() / TsDeclNamespace(GmeClasses) / TsDeclInterface(Artifact) / TsMemberProperty(addFileAsSoftLink) / TsTypeObject())] 
[info ] ExtractInterfaces.scala:30 Extracted anonymous interface TsIdentSimple(Anon_FilesName) [id => webgme, phase => typescript, scope => TreeScope(TsParsedFile() / TsDeclNamespace(GmeClasses) / TsDeclInterface(Artifact) / TsMemberProperty(addFiles) / TsTypeObject())] 
[info ] ExtractInterfaces.scala:30 Extracted anonymous interface TsIdentSimple(Anon_CallbackMessage) [id => webgme, phase => typescript, scope => TreeScope(TsParsedFile() / TsDeclNamespace(GmeClasses) / TsDeclInterface(Artifact) / TsMemberProperty(save) / TsTypeObject())] 
[info ] ExtractInterfaces.scala:30 Extracted anonymous interface TsIdentSimple(Anon_CommitA) [id => webgme, phase => typescript, scope => TreeScope(TsParsedFile() / TsDeclNamespace(GmeClasses) / TsDeclClass(Project) / TsMemberProperty(getClassAncestorCommit) / TsTypeObject())] 
[info ] ExtractInterfaces.scala:30 Extracted anonymous interface TsIdentSimple(Anon_CallbackCommitHashCallback) [id => webgme, phase => typescript, scope => TreeScope(TsParsedFile() / TsDeclNamespace(GmeClasses) / TsDeclClass(Project) / TsMemberProperty(getTags) / TsTypeObject())] 
[info ] ExtractInterfaces.scala:30 Extracted anonymous interface TsIdentSimple(Anon_TagName) [id => webgme, phase => typescript, scope => TreeScope(TsParsedFile() / TsDeclNamespace(GmeClasses) / TsDeclClass(Project) / TsMemberProperty(deleteTag) / TsTypeObject())] 
[info ] ExtractInterfaces.scala:30 Extracted anonymous interface TsIdentSimple(Anon_Before) [id => webgme, phase => typescript, scope => TreeScope(TsParsedFile() / TsDeclNamespace(GmeClasses) / TsDeclClass(Project) / TsMemberProperty(getCommits) / TsTypeObject())] 
[info ] ExtractInterfaces.scala:30 Extracted anonymous interface TsIdentSimple(Anon_BranchName) [id => webgme, phase => typescript, scope => TreeScope(TsParsedFile() / TsDeclNamespace(GmeClasses) / TsDeclClass(Project) / TsMemberProperty(makeCommit) / TsTypeObject())] 
[info ] ExtractInterfaces.scala:30 Extracted anonymous interface TsIdentSimple(Anon_BranchNameNewHash) [id => webgme, phase => typescript, scope => TreeScope(TsParsedFile() / TsDeclNamespace(GmeClasses) / TsDeclClass(Project) / TsMemberProperty(setBranchHash) / TsTypeObject())] 
[info ] ExtractInterfaces.scala:30 Extracted anonymous interface TsIdentSimple(Anon_Start) [id => webgme, phase => typescript, scope => TreeScope(TsParsedFile() / TsDeclNamespace(GmeClasses) / TsDeclClass(Project) / TsMemberProperty(getHistory) / TsTypeObject())] 
[info ] ExtractInterfaces.scala:30 Extracted anonymous interface TsIdentSimple(Anon_TagNameCommitHash) [id => webgme, phase => typescript, scope => TreeScope(TsParsedFile() / TsDeclNamespace(GmeClasses) / TsDeclClass(Project) / TsMemberProperty(createTag) / TsTypeObject())] 
[info ] ExtractInterfaces.scala:30 Extracted anonymous interface TsIdentSimple(Anon_BranchNameCallback) [id => webgme, phase => typescript, scope => TreeScope(TsParsedFile() / TsDeclNamespace(GmeClasses) / TsDeclClass(Project) / TsMemberProperty(getBranchHash) / TsTypeObject())] 
[info ] ExtractInterfaces.scala:30 Extracted anonymous interface TsIdentSimple(Anon_BranchNameNewHashCallback) [id => webgme, phase => typescript, scope => TreeScope(TsParsedFile() / TsDeclNamespace(GmeClasses) / TsDeclClass(Project) / TsMemberProperty(createBranch) / TsTypeObject())] 
[info ] ExtractInterfaces.scala:30 Extracted anonymous interface TsIdentSimple(Anon_CallbackResultCallback) [id => webgme, phase => typescript, scope => TreeScope(TsParsedFile() / TsDeclNamespace(GmeClasses) / TsDeclClass(Project) / TsMemberProperty(getBranches) / TsTypeObject())] 
[info ] ExtractInterfaces.scala:30 Extracted anonymous interface TsIdentSimple(Anon_RootKey) [id => webgme, phase => typescript, scope => TreeScope(TsParsedFile() / TsDeclNamespace(GmeClasses) / TsDeclClass(Project) / TsMemberProperty(loadPaths) / TsTypeObject())] 
[info ] ExtractInterfaces.scala:30 Extracted anonymous interface TsIdentSimple(Anon_BranchNameOldHash) [id => webgme, phase => typescript, scope => TreeScope(TsParsedFile() / TsDeclNamespace(GmeClasses) / TsDeclClass(Project) / TsMemberProperty(deleteBranch) / TsTypeObject())] 
[info ] ExtractInterfaces.scala:30 Extracted anonymous interface TsIdentSimple(Anon_Key) [id => webgme, phase => typescript, scope => TreeScope(TsParsedFile() / TsDeclNamespace(GmeClasses) / TsDeclClass(Project) / TsMemberProperty(loadObject) / TsTypeObject())] 
[info ] ExtractInterfaces.scala:30 Extracted anonymous interface TsIdentSimple(Anon_Node) [id => webgme, phase => typescript, scope => TreeScope(TsParsedFile() / TsDeclNamespace(GmeClasses) / TsDeclInterface(MetaSetParameters) / TsMemberProperty(object) / TsTypeObject())] 
[info ] ExtractInterfaces.scala:30 Extracted anonymous interface TsIdentSimple(Anon_NodeChildren) [id => webgme, phase => typescript, scope => TreeScope(TsParsedFile() / TsDeclNamespace(GmeClasses) / TsDeclInterface(MetaNodeParameters) / TsMemberProperty(object) / TsTypeObject())] 
[info ] ExtractInterfaces.scala:30 Extracted anonymous interface TsIdentSimple(Anon_PluginName) [id => webgme, phase => typescript, scope => TreeScope(TsParsedFile() / TsDeclNamespace(GmeClasses) / TsDeclInterface(Result) / TsMemberFunction(serialize) / TsFunSig() / TsTypeObject())] 
[info ] ExtractInterfaces.scala:30 Extracted anonymous interface TsIdentSimple(Anon_CallbackResultCallbackVoid) [id => webgme, phase => typescript, scope => TreeScope(TsParsedFile() / TsDeclNamespace(GmeClasses) / TsDeclInterface(ProjectInterface) / TsMemberProperty(getTags) / TsTypeObject())] 
[info ] ExtractInterfaces.scala:30 Extracted anonymous interface TsIdentSimple(Anon_TagNameCallback) [id => webgme, phase => typescript, scope => TreeScope(TsParsedFile() / TsDeclNamespace(GmeClasses) / TsDeclInterface(ProjectInterface) / TsMemberProperty(deleteTag) / TsTypeObject())] 
[info ] ExtractInterfaces.scala:30 Extracted anonymous interface TsIdentSimple(Anon_BeforeNumber) [id => webgme, phase => typescript, scope => TreeScope(TsParsedFile() / TsDeclNamespace(GmeClasses) / TsDeclInterface(ProjectInterface) / TsMemberProperty(getCommits) / TsTypeObject())] 
[info ] ExtractInterfaces.scala:30 Extracted anonymous interface TsIdentSimple(Anon_BranchNameParents) [id => webgme, phase => typescript, scope => TreeScope(TsParsedFile() / TsDeclNamespace(GmeClasses) / TsDeclInterface(ProjectInterface) / TsMemberProperty(makeCommit) / TsTypeObject())] 
[info ] ExtractInterfaces.scala:30 Extracted anonymous interface TsIdentSimple(Anon_BranchNameNewHashOldHash) [id => webgme, phase => typescript, scope => TreeScope(TsParsedFile() / TsDeclNamespace(GmeClasses) / TsDeclInterface(ProjectInterface) / TsMemberProperty(setBranchHash) / TsTypeObject())] 
[info ] ExtractInterfaces.scala:30 Extracted anonymous interface TsIdentSimple(Anon_StartNumber) [id => webgme, phase => typescript, scope => TreeScope(TsParsedFile() / TsDeclNamespace(GmeClasses) / TsDeclInterface(ProjectInterface) / TsMemberProperty(getHistory) / TsTypeObject())] 
[info ] ExtractInterfaces.scala:30 Extracted anonymous interface TsIdentSimple(Anon_TagNameCommitHashCallback) [id => webgme, phase => typescript, scope => TreeScope(TsParsedFile() / TsDeclNamespace(GmeClasses) / TsDeclInterface(ProjectInterface) / TsMemberProperty(createTag) / TsTypeObject())] 
[info ] ExtractInterfaces.scala:30 Extracted anonymous interface TsIdentSimple(Anon_BranchNameCallbackName) [id => webgme, phase => typescript, scope => TreeScope(TsParsedFile() / TsDeclNamespace(GmeClasses) / TsDeclInterface(ProjectInterface) / TsMemberProperty(getBranchHash) / TsTypeObject())] 
[info ] ExtractInterfaces.scala:30 Extracted anonymous interface TsIdentSimple(Anon_BranchNameNewHashCallbackName) [id => webgme, phase => typescript, scope => TreeScope(TsParsedFile() / TsDeclNamespace(GmeClasses) / TsDeclInterface(ProjectInterface) / TsMemberProperty(createBranch) / TsTypeObject())] 
[info ] ExtractInterfaces.scala:30 Extracted anonymous interface TsIdentSimple(Anon_CallbackResultCallbackCommitHash) [id => webgme, phase => typescript, scope => TreeScope(TsParsedFile() / TsDeclNamespace(GmeClasses) / TsDeclInterface(ProjectInterface) / TsMemberProperty(getBranches) / TsTypeObject())] 
[info ] ExtractInterfaces.scala:30 Extracted anonymous interface TsIdentSimple(Anon_BranchNameOldHashCallback) [id => webgme, phase => typescript, scope => TreeScope(TsParsedFile() / TsDeclNamespace(GmeClasses) / TsDeclInterface(ProjectInterface) / TsMemberProperty(deleteBranch) / TsTypeObject())] 
[info ] ExtractInterfaces.scala:30 Extracted anonymous interface TsIdentSimple(Anon_CommitACommitB) [id => webgme, phase => typescript, scope => TreeScope(TsParsedFile() / TsDeclNamespace(GmeClasses) / TsDeclInterface(ProjectInterface) / TsMemberProperty(getCommonAncestorCommit) / TsTypeObject())] 
[info ] ExtractInterfaces.scala:30 Extracted anonymous interface TsIdentSimple(Anon_RootHash) [id => webgme, phase => typescript, scope => TreeScope(TsParsedFile() / TsDeclNamespace(GmeClasses) / TsDeclInterface(Core) / TsMemberProperty(loadTree) / TsTypeObject())] 
[info ] ExtractInterfaces.scala:30 Extracted anonymous interface TsIdentSimple(Anon_Target) [id => webgme, phase => typescript, scope => TreeScope(TsParsedFile() / TsDeclNamespace(GmeClasses) / TsDeclInterface(Core) / TsMemberProperty(loadCollection) / TsTypeObject())] 
[info ] ExtractInterfaces.scala:30 Extracted anonymous interface TsIdentSimple(Anon_Source) [id => webgme, phase => typescript, scope => TreeScope(TsParsedFile() / TsDeclNamespace(GmeClasses) / TsDeclInterface(Core) / TsMemberProperty(loadPointer) / TsTypeObject())] 
[info ] ExtractInterfaces.scala:30 Extracted anonymous interface TsIdentSimple(Anon_NodeCallback) [id => webgme, phase => typescript, scope => TreeScope(TsParsedFile() / TsDeclNamespace(GmeClasses) / TsDeclInterface(Core) / TsMemberProperty(loadOwnSubTree) / TsTypeObject())] 
[info ] ExtractInterfaces.scala:30 Extracted anonymous interface TsIdentSimple(Anon_Parent) [id => webgme, phase => typescript, scope => TreeScope(TsParsedFile() / TsDeclNamespace(GmeClasses) / TsDeclInterface(Core) / TsMemberProperty(loadChild) / TsTypeObject())] 
[info ] ExtractInterfaces.scala:30 Extracted anonymous interface TsIdentSimple(Anon_NodeGuid) [id => webgme, phase => typescript, scope => TreeScope(TsParsedFile() / TsDeclNamespace(GmeClasses) / TsDeclInterface(Core) / TsMemberProperty(setGuid) / TsTypeObject())] 
[info ] ExtractInterfaces.scala:30 Extracted anonymous interface TsIdentSimple(Anon_NodeName) [id => webgme, phase => typescript, scope => TreeScope(TsParsedFile() / TsDeclNamespace(GmeClasses) / TsDeclInterface(Core) / TsMemberProperty(updateLibrary) / TsTypeObject())] 
[info ] ExtractInterfaces.scala:30 Extracted anonymous interface TsIdentSimple(Anon_Root) [id => webgme, phase => typescript, scope => TreeScope(TsParsedFile() / TsDeclNamespace(GmeClasses) / TsDeclInterface(Core) / TsMemberProperty(applyTreeDiff) / TsTypeObject())] 
[info ] ExtractInterfaces.scala:30 Extracted anonymous interface TsIdentSimple(Anon_ParentCallback) [id => webgme, phase => typescript, scope => TreeScope(TsParsedFile() / TsDeclNamespace(GmeClasses) / TsDeclInterface(Core) / TsMemberProperty(loadOwnChildren) / TsTypeObject())] 
[info ] ExtractInterfaces.scala:30 Extracted anonymous interface TsIdentSimple(Anon_NodeCallback) [id => webgme, phase => typescript, scope => TreeScope(TsParsedFile() / TsDeclNamespace(GmeClasses) / TsDeclInterface(Core) / TsMemberProperty(loadInstances) / TsTypeObject())] 
[info ] ExtractInterfaces.scala:30 Extracted anonymous interface TsIdentSimple(Anon_StartNode) [id => webgme, phase => typescript, scope => TreeScope(TsParsedFile() / TsDeclNamespace(GmeClasses) / TsDeclInterface(Core) / TsMemberProperty(loadByPath) / TsTypeObject())] 
[info ] ExtractInterfaces.scala:30 Extracted anonymous interface TsIdentSimple(Anon_NodeSetName) [id => webgme, phase => typescript, scope => TreeScope(TsParsedFile() / TsDeclNamespace(GmeClasses) / TsDeclInterface(Core) / TsMemberProperty(setMemberAttribute) / TsTypeObject())] 
[info ] ExtractInterfaces.scala:30 Extracted anonymous interface TsIdentSimple(Anon_SourceRoot) [id => webgme, phase => typescript, scope => TreeScope(TsParsedFile() / TsDeclNamespace(GmeClasses) / TsDeclInterface(Core) / TsMemberProperty(generateTreeDiff) / TsTypeObject())] 
[info ] ExtractInterfaces.scala:30 Extracted anonymous interface TsIdentSimple(Anon_NodeOptions) [id => webgme, phase => typescript, scope => TreeScope(TsParsedFile() / TsDeclNamespace(GmeClasses) / TsDeclInterface(Core) / TsMemberProperty(traverse) / TsTypeObject())] 
[info ] ExtractInterfaces.scala:30 Extracted anonymous interface TsIdentSimple(Anon_MetadataHashCallbackResultCallbackDataObject) [id => webgme, phase => typescript, scope => TreeScope(TsParsedFile() / TsDeclNamespace(GmeClasses) / TsDeclInterface(Core) / TsMemberProperty(loadRoot) / TsTypeObject())] 
[info ] ExtractInterfaces.scala:30 Extracted anonymous interface TsIdentSimple(Anon_NodeNameLibraryRootHash) [id => webgme, phase => typescript, scope => TreeScope(TsParsedFile() / TsDeclNamespace(GmeClasses) / TsDeclInterface(Core) / TsMemberProperty(addLibrary) / TsTypeObject())] 
[info ] ExtractInterfaces.scala:30 Extracted anonymous interface TsIdentSimple(Anon_NodeCallbackResultCallback) [id => webgme, phase => typescript, scope => TreeScope(TsParsedFile() / TsDeclNamespace(GmeClasses) / TsDeclInterface(Core) / TsMemberProperty(loadSubTree) / TsTypeObject())] 
[info ] ExtractInterfaces.scala:30 Extracted anonymous interface TsIdentSimple(Anon_ParentCallbackNode) [id => webgme, phase => typescript, scope => TreeScope(TsParsedFile() / TsDeclNamespace(GmeClasses) / TsDeclInterface(Core) / TsMemberProperty(loadChildren) / TsTypeObject())] 
[info ] ExtractInterfaces.scala:30 Extracted anonymous interface TsIdentSimple(Anon_Id) [id => webgme, phase => typescript, scope => TreeScope(TsParsedFile() / TsDeclNamespace(Gme) / TsDeclInterface(PointerMeta) / TsMemberProperty(items) / TsTypeRef() / TsTypeObject())] 
[info ] ExtractInterfaces.scala:30 Extracted anonymous interface TsIdentSimple(Anon_NameString) [id => webgme, phase => typescript, scope => TreeScope(TsParsedFile() / TsDeclNamespace(Gme) / TsDeclInterface(NodePropertyNames) / TsMemberProperty(Attributes) / TsTypeObject())] 
[info ] ExtractInterfaces.scala:30 Extracted anonymous interface TsIdentSimple(Anon_Level) [id => webgme, phase => typescript, scope => TreeScope(TsParsedFile() / TsDeclNamespace(GmeConfig) / TsDeclInterface(LogOptions) / TsMemberProperty(log) / TsTypeObject())] 
[info ] ExtractInterfaces.scala:30 Extracted anonymous interface TsIdentSimple(Anon_AllowServerExecution) [id => webgme, phase => typescript, scope => TreeScope(TsParsedFile() / TsDeclNamespace(GmeConfig) / TsDeclClass(GmeConfig) / TsMemberProperty(plugin) / TsTypeObject())] 
[info ] ExtractInterfaces.scala:30 Extracted anonymous interface TsIdentSimple(Anon_ClientOptions) [id => webgme, phase => typescript, scope => TreeScope(TsParsedFile() / TsDeclNamespace(GmeConfig) / TsDeclClass(GmeConfig) / TsMemberProperty(socketIO) / TsTypeObject())] 
[info ] ExtractInterfaces.scala:30 Extracted anonymous interface TsIdentSimple(Anon_Fd) [id => webgme, phase => typescript, scope => TreeScope(TsParsedFile() / TsDeclNamespace(GmeConfig) / TsDeclClass(GmeConfig) / TsMemberProperty(server) / TsTypeObject() / TsMemberProperty(handle) / TsTypeUnion() / TsTypeObject())] 
[info ] ExtractInterfaces.scala:30 Extracted anonymous interface TsIdentSimple(Anon_MaxWorkers) [id => webgme, phase => typescript, scope => TreeScope(TsParsedFile() / TsDeclNamespace(GmeConfig) / TsDeclClass(GmeConfig) / TsMemberProperty(server) / TsTypeObject())] 
[info ] ExtractInterfaces.scala:30 Extracted anonymous interface TsIdentSimple(Anon_MonitorTimeout) [id => webgme, phase => typescript, scope => TreeScope(TsParsedFile() / TsDeclNamespace(GmeConfig) / TsDeclClass(GmeConfig) / TsMemberProperty(addOns) / TsTypeObject())] 
[info ] ExtractInterfaces.scala:30 Extracted anonymous interface TsIdentSimple(Anon_Components) [id => webgme, phase => typescript, scope => TreeScope(TsParsedFile() / TsDeclNamespace(GmeConfig) / TsDeclClass(GmeConfig) / TsMemberProperty(rest) / TsTypeObject())] 
[info ] ExtractInterfaces.scala:30 Extracted anonymous interface TsIdentSimple(Anon_Manager) [id => webgme, phase => typescript, scope => TreeScope(TsParsedFile() / TsDeclNamespace(GmeConfig) / TsDeclClass(GmeConfig) / TsMemberProperty(webhooks) / TsTypeObject())] 
[info ] ExtractInterfaces.scala:30 Extracted anonymous interface TsIdentSimple(Anon_Default) [id => webgme, phase => typescript, scope => TreeScope(TsParsedFile() / TsDeclNamespace(GmeConfig) / TsDeclClass(GmeConfig) / TsMemberProperty(visualization) / TsTypeObject() / TsMemberProperty(layout) / TsTypeObject())] 
[info ] ExtractInterfaces.scala:30 Extracted anonymous interface TsIdentSimple(Anon_ExtraCss) [id => webgme, phase => typescript, scope => TreeScope(TsParsedFile() / TsDeclNamespace(GmeConfig) / TsDeclClass(GmeConfig) / TsMemberProperty(visualization) / TsTypeObject())] 
[info ] ExtractInterfaces.scala:30 Extracted anonymous interface TsIdentSimple(Anon_Options) [id => webgme, phase => typescript, scope => TreeScope(TsParsedFile() / TsDeclNamespace(GmeConfig) / TsDeclClass(GmeConfig) / TsMemberProperty(authentication) / TsTypeObject() / TsMemberProperty(authorizer) / TsTypeObject())] 
[info ] ExtractInterfaces.scala:30 Extracted anonymous interface TsIdentSimple(Anon_CookieId) [id => webgme, phase => typescript, scope => TreeScope(TsParsedFile() / TsDeclNamespace(GmeConfig) / TsDeclClass(GmeConfig) / TsMemberProperty(authentication) / TsTypeObject() / TsMemberProperty(jwt) / TsTypeObject())] 
[info ] ExtractInterfaces.scala:30 Extracted anonymous interface TsIdentSimple(Anon_Enable) [id => webgme, phase => typescript, scope => TreeScope(TsParsedFile() / TsDeclNamespace(GmeConfig) / TsDeclClass(GmeConfig) / TsMemberProperty(authentication) / TsTypeObject())] 
[info ] ExtractInterfaces.scala:30 Extracted anonymous interface TsIdentSimple(Anon_Type) [id => webgme, phase => typescript, scope => TreeScope(TsParsedFile() / TsDeclNamespace(GmeConfig) / TsDeclClass(GmeConfig) / TsMemberProperty(storage) / TsTypeObject() / TsMemberProperty(database) / TsTypeObject())] 
[info ] ExtractInterfaces.scala:30 Extracted anonymous interface TsIdentSimple(Anon_EnableBoolean) [id => webgme, phase => typescript, scope => TreeScope(TsParsedFile() / TsDeclNamespace(GmeConfig) / TsDeclClass(GmeConfig) / TsMemberProperty(storage) / TsTypeObject() / TsMemberProperty(autoMerge) / TsTypeObject())] 
[info ] ExtractInterfaces.scala:30 Extracted anonymous interface TsIdentSimple(Anon_Database) [id => webgme, phase => typescript, scope => TreeScope(TsParsedFile() / TsDeclNamespace(GmeConfig) / TsDeclClass(GmeConfig) / TsMemberProperty(storage) / TsTypeObject())] 
[info ] ExtractInterfaces.scala:30 Extracted anonymous interface TsIdentSimple(Anon_Log) [id => webgme, phase => typescript, scope => TreeScope(TsParsedFile() / TsDeclNamespace(GmeConfig) / TsDeclClass(GmeConfig) / TsMemberProperty(bin) / TsTypeObject())] 
[info ] ExtractInterfaces.scala:30 Extracted anonymous interface TsIdentSimple(Anon_DefaultProject) [id => webgme, phase => typescript, scope => TreeScope(TsParsedFile() / TsDeclNamespace(GmeConfig) / TsDeclClass(GmeConfig) / TsMemberProperty(seedProjects) / TsTypeObject())] 
[info ] ExtractInterfaces.scala:30 Extracted anonymous interface TsIdentSimple(Anon_EnableCustomConstraints) [id => webgme, phase => typescript, scope => TreeScope(TsParsedFile() / TsDeclNamespace(GmeConfig) / TsDeclClass(GmeConfig) / TsMemberProperty(core) / TsTypeObject())] 
[info ] ExtractInterfaces.scala:30 Extracted anonymous interface TsIdentSimple(Anon_Uri) [id => webgme, phase => typescript, scope => TreeScope(TsParsedFile() / TsDeclNamespace(GmeConfig) / TsDeclClass(GmeConfig) / TsMemberProperty(mongo) / TsTypeObject())] 
[info ] ExtractInterfaces.scala:30 Extracted anonymous interface TsIdentSimple(Anon_EnableNonce) [id => webgme, phase => typescript, scope => TreeScope(TsParsedFile() / TsDeclNamespace(GmeConfig) / TsDeclClass(GmeConfig) / TsMemberProperty(executor) / TsTypeObject())] 
[info ] ExtractInterfaces.scala:30 Extracted anonymous interface TsIdentSimple(Anon_RavenOptions) [id => webgme, phase => typescript, scope => TreeScope(TsParsedFile() / TsDeclNamespace(GmeConfig) / TsDeclInterface(ClientOptions) / TsMemberProperty(errorReporting) / TsTypeObject())] 
[info ] ExtractInterfaces.scala:30 Extracted anonymous interface TsIdentSimple(Anon_Level) [id => webgme, phase => typescript, scope => TreeScope(TsParsedFile() / TsDeclNamespace(GmeConfig) / TsDeclInterface(ClientOptions) / TsMemberProperty(log) / TsTypeObject())] 
[info ] ExtractInterfaces.scala:30 Extracted anonymous interface TsIdentSimple(Anon_Guid) [id => webgme, phase => typescript, scope => TreeScope(TsParsedFile() / TsDeclModule(webgme/v1) / TsDeclInterface(JsonObj) / TsMemberProperty(root) / TsTypeObject())] 
[info ] ExtractInterfaces.scala:30 Extracted anonymous interface TsIdentSimple(Anon_LevelName) [id => webgme, phase => typescript, scope => TreeScope(TsParsedFile() / TsDeclNamespace(GmeCommon) / TsDeclInterface(MetaRules) / TsMemberProperty(attributes) / TsTypeObject())] 
[info ] ExtractInterfaces.scala:30 Extracted anonymous interface TsIdentSimple(Anon_Filter) [id => webgme, phase => typescript, scope => TreeScope(TsParsedFile() / TsDeclNamespace(GmeCommon) / TsDeclInterface(MetaRules) / TsMemberProperty(aspects) / TsTypeObject())] 
[info ] ExtractInterfaces.scala:30 Extracted anonymous interface TsIdentSimple(Anon_Max) [id => webgme, phase => typescript, scope => TreeScope(TsParsedFile() / TsDeclNamespace(GmeCommon) / TsDeclInterface(MetaRules) / TsMemberProperty(pointers) / TsTypeObject() / TsMemberProperty(set) / TsTypeIntersect() / TsTypeObject())] 
[info ] ExtractInterfaces.scala:30 Extracted anonymous interface TsIdentSimple(Anon_Max1) [id => webgme, phase => typescript, scope => TreeScope(TsParsedFile() / TsDeclNamespace(GmeCommon) / TsDeclInterface(MetaRules) / TsMemberProperty(pointers) / TsTypeObject() / TsMemberProperty(ptr) / TsTypeIntersect() / TsTypeObject())] 
[info ] ExtractInterfaces.scala:30 Extracted anonymous interface TsIdentSimple(Anon_Set) [id => webgme, phase => typescript, scope => TreeScope(TsParsedFile() / TsDeclNamespace(GmeCommon) / TsDeclInterface(MetaRules) / TsMemberProperty(pointers) / TsTypeObject())] 
[debug] PhaseRunner.scala:78 Success [id => webgme, phase => typescript] 
[warn ] Phase2ToScalaJs.scala:34 Processing TsIdentLibrarySimple(webgme) [id => webgme, phase => scala.js] 
[info ] CompleteClass.scala:60 Completed implementations Vector(name, size, context, mime, contentType) [id => webgme, phase => scala.js, this => Name(webgmeLib) / Name(blobmetadataMod) / Name(default)] 
[debug] PhaseRunner.scala:78 Success [id => webgme, phase => scala.js] 
[warn ] PhaseRunner.scala:64 Failed because of, [node => Compilation failed] [id => webgme, phase => build] 
[debug] PhaseRunner.scala:82 Failure, [node => Compilation failed] [id => webgme, phase => build] 
