[info ] ResolveExternalReferences.scala:82 Inferred augmented module None (TsIdentModule(None,List(webpack))) [file => ../types/webpack-serve/index.d.ts, phase => typescript, scope => TreeScope(TsParsedFile() / TsDeclModule(webpack)), id => webpack-serve] 
[info ] InferredDependency.scala:22 Inferred dependencies Set(TsIdentLibrarySimple(node)) for TsIdentLibrarySimple(webpack-serve) [id => webpack-serve, phase => typescript, file => ../types/webpack-serve/index.d.ts] 
[debug] PhaseRunner.scala:84 Success [id => webpack-serve, phase => typescript] 
[info ] Phase1ReadTypescript.scala:160 Preprocessing TsHelperFile(InFile(/home/tso/tmp/tso-cache/DefinitelyTyped/types/webpack-serve/index.d.ts),FromFolder(InFolder(/home/tso/tmp/tso-cache/DefinitelyTyped/types/webpack-serve),TsIdentLibrarySimple(webpack-serve)),TsIdentModule(None,List(webpack-serve))) [id => webpack-serve, phase => typescript] 
[info ] InferredDefaultModule.scala:39 Inferred module TsIdentModule(None,List(webpack-serve)) [id => webpack-serve, phase => typescript] 
[warn ] Phase1ReadTypescript.scala:182 Processing TsIdentLibrarySimple(webpack-serve) [id => webpack-serve, phase => typescript] 
[info ] ExpandTypeParams.scala:74 Expanding 1 members for TsIdentSimple(^) [id => webpack-serve, phase => typescript, scope => TreeScope(TsParsedFile() / TsDeclModule(webpack-serve))] 
[info ] ExpandTypeParams.scala:61 Expanding 5 members for TsIdentSimple(on) [id => webpack-serve, phase => typescript, scope => TreeScope(TsParsedFile() / TsDeclModule(webpack-serve) / TsDeclInterface(Result))] 
[info ] ExpandTypeParams.scala:61 Expanding 1 members for TsIdentSimple(add) [id => webpack-serve, phase => typescript, scope => TreeScope(TsParsedFile() / TsDeclModule(webpack-serve) / TsDeclInterface(Options))] 
[info ] UnionTypesFromKeyOf.scala:11 Expanded keyof TsQIdent(List(TsIdentLibrarySimple(webpack-serve), TsIdentModule(None,List(webpack-serve)), TsIdentSimple(EventMap))) [id => webpack-serve, phase => typescript, scope => TreeScope(TsParsedFile() / TsDeclModule(webpack-serve) / TsDeclTypeAlias(OnOptions) / TsTypeObject() / TsMemberTypeMapped() / TsTypeKeyOf())] 
[info ] ExpandTypeParams.scala:61 Expanding 1 members for TsIdentSimple(stop) [id => webpack-serve, phase => typescript, scope => TreeScope(TsParsedFile() / TsDeclModule(webpack-serve) / TsDeclInterface(InitializedKoa))] 
[info ] ExpandTypeParams.scala:61 Expanding 1 members for TsIdentSimple(content) [id => webpack-serve, phase => typescript, scope => TreeScope(TsParsedFile() / TsDeclModule(webpack-serve) / TsDeclInterface(Middleware))] 
[info ] ExpandTypeParams.scala:61 Expanding 1 members for TsIdentSimple(webpack) [id => webpack-serve, phase => typescript, scope => TreeScope(TsParsedFile() / TsDeclModule(webpack-serve) / TsDeclInterface(Middleware))] 
[info ] ExtractInterfaces.scala:41 Extracted anonymous interface TsIdentSimple(Anon_Compiler) [id => webpack-serve, phase => typescript, scope => TreeScope(TsParsedFile() / TsDeclModule(webpack-serve) / TsDeclInterface(Result) / TsMemberFunction(on) / TsFunSig() / TsFunParam() / TsTypeFunction() / TsFunSig() / TsFunParam() / TsTypeObject())] 
[info ] ExtractInterfaces.scala:41 Extracted anonymous interface TsIdentSimple(Anon_CompilerStats) [id => webpack-serve, phase => typescript, scope => TreeScope(TsParsedFile() / TsDeclModule(webpack-serve) / TsDeclInterface(Result) / TsMemberFunction(on) / TsFunSig() / TsFunParam() / TsTypeFunction() / TsFunSig() / TsFunParam() / TsTypeObject())] 
[info ] ExtractInterfaces.scala:41 Extracted anonymous interface TsIdentSimple(Anon_CompilerStatsAny) [id => webpack-serve, phase => typescript, scope => TreeScope(TsParsedFile() / TsDeclModule(webpack-serve) / TsDeclInterface(Result) / TsMemberFunction(on) / TsFunSig() / TsFunParam() / TsTypeFunction() / TsFunSig() / TsFunParam() / TsTypeObject())] 
[info ] ExtractInterfaces.scala:41 Extracted anonymous interface TsIdentSimple(Anon_CompilerStatsAny) [id => webpack-serve, phase => typescript, scope => TreeScope(TsParsedFile() / TsDeclModule(webpack-serve) / TsDeclInterface(Result) / TsMemberFunction(on) / TsFunSig() / TsFunParam() / TsTypeFunction() / TsFunSig() / TsFunParam() / TsTypeObject())] 
[info ] ExtractInterfaces.scala:41 Extracted anonymous interface TsIdentSimple(Anon_Options) [id => webpack-serve, phase => typescript, scope => TreeScope(TsParsedFile() / TsDeclModule(webpack-serve) / TsDeclInterface(Result) / TsMemberFunction(on) / TsFunSig() / TsFunParam() / TsTypeFunction() / TsFunSig() / TsFunParam() / TsTypeObject())] 
[info ] ExtractInterfaces.scala:41 Extracted anonymous interface TsIdentSimple(Anon_Compiler) [id => webpack-serve, phase => typescript, scope => TreeScope(TsParsedFile() / TsDeclModule(webpack-serve) / TsDeclInterface(EventMap) / TsMemberProperty(build-started) / TsTypeObject())] 
[info ] ExtractInterfaces.scala:41 Extracted anonymous interface TsIdentSimple(Anon_CompilerStats) [id => webpack-serve, phase => typescript, scope => TreeScope(TsParsedFile() / TsDeclModule(webpack-serve) / TsDeclInterface(EventMap) / TsMemberProperty(build-finished) / TsTypeObject())] 
[info ] ExtractInterfaces.scala:41 Extracted anonymous interface TsIdentSimple(Anon_CompilerStatsAny) [id => webpack-serve, phase => typescript, scope => TreeScope(TsParsedFile() / TsDeclModule(webpack-serve) / TsDeclInterface(EventMap) / TsMemberProperty(compiler-error) / TsTypeObject())] 
[info ] ExtractInterfaces.scala:41 Extracted anonymous interface TsIdentSimple(Anon_CompilerStatsAny) [id => webpack-serve, phase => typescript, scope => TreeScope(TsParsedFile() / TsDeclModule(webpack-serve) / TsDeclInterface(EventMap) / TsMemberProperty(compiler-warning) / TsTypeObject())] 
[info ] ExtractInterfaces.scala:41 Extracted anonymous interface TsIdentSimple(Anon_Options) [id => webpack-serve, phase => typescript, scope => TreeScope(TsParsedFile() / TsDeclModule(webpack-serve) / TsDeclInterface(EventMap) / TsMemberProperty(listening) / TsTypeObject())] 
[debug] PhaseRunner.scala:84 Success [id => webpack-serve, phase => typescript] 
[warn ] Phase2ToScalaJs.scala:43 Processing webpack-serve [id => webpack-serve, phase => scala.js] 
[debug] PhaseRunner.scala:84 Success [id => webpack-serve, phase => scala.js] 
[warn ] PhaseRunner.scala:70 Failed because of, [webpack => com.olvind.logging.Logger$LoggedException: Couldn't resolve jar for webpack-sources IvyLayout((/home/tso/.ivy2/local/org.scalablytyped/webpack-sources_sjs0.6_2.12/0.1-dt-20180625Z-ad22a0/jars/webpack-sources_sjs0.6_2.12.jar,Unchanged),(/home/tso/.ivy2/local/org.scalablytyped/webpack-sources_sjs0.6_2.12/0.1-dt-20180625Z-ad22a0/srcs/webpack-sources_sjs0.6_2.12-sources.jar,Unchanged),(/home/tso/.ivy2/local/org.scalablytyped/webpack-sources_sjs0.6_2.12/0.1-dt-20180625Z-ad22a0/ivys/ivy.xml,Unchanged),(/home/tso/.ivy2/local/org.scalablytyped/webpack-sources_sjs0.6_2.12/0.1-dt-20180625Z-ad22a0/poms/webpack-sources_sjs0.6_2.12.pom,Unchanged))] [id => webpack-serve, phase => build] 
[error] PhaseRunner.scala:88 Failure, [webpack => com.olvind.logging.Logger$LoggedException: Couldn't resolve jar for webpack-sources IvyLayout((/home/tso/.ivy2/local/org.scalablytyped/webpack-sources_sjs0.6_2.12/0.1-dt-20180625Z-ad22a0/jars/webpack-sources_sjs0.6_2.12.jar,Unchanged),(/home/tso/.ivy2/local/org.scalablytyped/webpack-sources_sjs0.6_2.12/0.1-dt-20180625Z-ad22a0/srcs/webpack-sources_sjs0.6_2.12-sources.jar,Unchanged),(/home/tso/.ivy2/local/org.scalablytyped/webpack-sources_sjs0.6_2.12/0.1-dt-20180625Z-ad22a0/ivys/ivy.xml,Unchanged),(/home/tso/.ivy2/local/org.scalablytyped/webpack-sources_sjs0.6_2.12/0.1-dt-20180625Z-ad22a0/poms/webpack-sources_sjs0.6_2.12.pom,Unchanged))] [id => webpack-serve, phase => build] 
[error] PhaseRunner.scala:88 Failure, [webpack => com.olvind.logging.Logger$LoggedException: Couldn't resolve jar for webpack-sources IvyLayout((/home/tso/.ivy2/local/org.scalablytyped/webpack-sources_sjs0.6_2.12/0.1-dt-20180625Z-ad22a0/jars/webpack-sources_sjs0.6_2.12.jar,Unchanged),(/home/tso/.ivy2/local/org.scalablytyped/webpack-sources_sjs0.6_2.12/0.1-dt-20180625Z-ad22a0/srcs/webpack-sources_sjs0.6_2.12-sources.jar,Unchanged),(/home/tso/.ivy2/local/org.scalablytyped/webpack-sources_sjs0.6_2.12/0.1-dt-20180625Z-ad22a0/ivys/ivy.xml,Unchanged),(/home/tso/.ivy2/local/org.scalablytyped/webpack-sources_sjs0.6_2.12/0.1-dt-20180625Z-ad22a0/poms/webpack-sources_sjs0.6_2.12.pom,Unchanged))] [id => webpack-serve, phase => publish] 
