[info ] InferredDependency.scala:20 Inferred dependencies Set(TsIdentLibrarySimple(node)) for TsIdentLibrarySimple(webpack-chain) [id => webpack-chain, phase => typescript, file => ../types/webpack-chain/index.d.ts] 
[debug] PhaseRunner.scala:78 Success [id => webpack-chain, phase => typescript] 
[info ] Phase1ReadTypescript.scala:152 Preprocessing TsHelperFile(InFile(/home/tso/tmp/tso-cache/DefinitelyTyped/types/webpack-chain/index.d.ts),FromFolder(InFolder(/home/tso/tmp/tso-cache/DefinitelyTyped/types/webpack-chain),TsIdentLibrarySimple(webpack-chain)),TsIdentModule(None,List(webpack-chain))) [id => webpack-chain, phase => typescript] 
[info ] InferredDefaultModule.scala:39 Inferred module TsIdentModule(None,List(webpack-chain)) [id => webpack-chain, phase => typescript] 
[warn ] Phase1ReadTypescript.scala:190 Processing TsIdentLibrarySimple(webpack-chain) [id => webpack-chain, phase => typescript] 
[info ] PreferTypeAlias.scala:112 Simplified to type alias [id => webpack-chain, phase => typescript, scope => TreeScope(TsParsedFile() / TsDeclModule(webpack-chain) / TsDeclNamespace(__Config) / TsDeclInterface(ChainedMap))] 
[info ] PreferTypeAlias.scala:112 Simplified to type alias [id => webpack-chain, phase => typescript, scope => TreeScope(TsParsedFile() / TsDeclModule(webpack-chain) / TsDeclNamespace(__Config) / TsDeclInterface(ChainedSet))] 
[info ] ExpandCallables.scala:57 Expanded devServer into 1 methods [id => webpack-chain, phase => typescript, scope => TreeScope(TsParsedFile() / TsDeclModule(webpack-chain) / TsDeclInterface(Config))] 
[info ] PreferTypeAlias.scala:97 Could not simplify Chained to function type alias because of circular references Vector(TsIdentSimple(Chained)) [id => webpack-chain, phase => typescript, scope => TreeScope(TsParsedFile() / TsDeclModule(webpack-chain) / TsDeclNamespace(Config) / TsDeclInterface(Chained))] 
[info ] PreferTypeAlias.scala:97 Could not simplify TypedChainedMap to function type alias because of circular references Vector(TsIdentSimple(TypedChainedMap)) [id => webpack-chain, phase => typescript, scope => TreeScope(TsParsedFile() / TsDeclModule(webpack-chain) / TsDeclNamespace(Config) / TsDeclInterface(TypedChainedMap))] 
[info ] PreferTypeAlias.scala:112 Simplified to type alias [id => webpack-chain, phase => typescript, scope => TreeScope(TsParsedFile() / TsDeclModule(webpack-chain) / TsDeclNamespace(Config) / TsDeclInterface(ChainedMap))] 
[info ] PreferTypeAlias.scala:97 Could not simplify TypedChainedSet to function type alias because of circular references Vector(TsIdentSimple(TypedChainedSet)) [id => webpack-chain, phase => typescript, scope => TreeScope(TsParsedFile() / TsDeclModule(webpack-chain) / TsDeclNamespace(Config) / TsDeclInterface(TypedChainedSet))] 
[info ] PreferTypeAlias.scala:112 Simplified to type alias [id => webpack-chain, phase => typescript, scope => TreeScope(TsParsedFile() / TsDeclModule(webpack-chain) / TsDeclNamespace(Config) / TsDeclInterface(ChainedSet))] 
[info ] PreferTypeAlias.scala:112 Simplified to type alias [id => webpack-chain, phase => typescript, scope => TreeScope(TsParsedFile() / TsDeclModule(webpack-chain) / TsDeclNamespace(Config) / TsDeclInterface(Plugins))] 
[info ] PreferTypeAlias.scala:112 Simplified to type alias [id => webpack-chain, phase => typescript, scope => TreeScope(TsParsedFile() / TsDeclModule(webpack-chain) / TsDeclNamespace(Config) / TsDeclInterface(EntryPoint))] 
[info ] ExtractInterfaces.scala:30 Extracted anonymous interface TsIdentSimple(Anon_Request) [id => webpack-chain, phase => typescript, scope => TreeScope(TsParsedFile() / TsDeclModule(webpack-chain) / TsDeclNamespace(Config) / TsDeclInterface(Resolve) / TsMemberFunction(cachePredicate) / TsFunSig() / TsFunParam() / TsTypeFunction() / TsFunSig() / TsFunParam() / TsTypeObject())] 
[info ] ExtractInterfaces.scala:30 Extracted anonymous interface TsIdentSimple(Anon_Warnings) [id => webpack-chain, phase => typescript, scope => TreeScope(TsParsedFile() / TsDeclModule(webpack-chain) / TsDeclNamespace(Config) / TsDeclInterface(DevServer) / TsMemberFunction(overlay) / TsFunSig() / TsFunParam() / TsTypeObject())] 
[debug] PhaseRunner.scala:78 Success [id => webpack-chain, phase => typescript] 
[warn ] Phase2ToScalaJs.scala:34 Processing TsIdentLibrarySimple(webpack-chain) [id => webpack-chain, phase => scala.js] 
[info ] CompleteClass.scala:60 Completed implementations Vector(end) [id => webpack-chain, phase => scala.js, this => Name(webpackDashChainLib) / Name(webpackDashChainMod) / Name(Chained)] 
[info ] CompleteClass.scala:60 Completed implementations Vector(end) [id => webpack-chain, phase => scala.js, this => Name(webpackDashChainLib) / Name(webpackDashChainMod) / Name(ChainedMap)] 
[info ] CompleteClass.scala:60 Completed implementations Vector(end) [id => webpack-chain, phase => scala.js, this => Name(webpackDashChainLib) / Name(webpackDashChainMod) / Name(ChainedSet)] 
[info ] CompleteClass.scala:60 Completed implementations Vector(end) [id => webpack-chain, phase => scala.js, this => Name(webpackDashChainLib) / Name(webpackDashChainMod) / Name(DevServer)] 
[info ] CompleteClass.scala:60 Completed implementations Vector(end) [id => webpack-chain, phase => scala.js, this => Name(webpackDashChainLib) / Name(webpackDashChainMod) / Name(EntryPoint)] 
[info ] CompleteClass.scala:60 Completed implementations Vector(end) [id => webpack-chain, phase => scala.js, this => Name(webpackDashChainLib) / Name(webpackDashChainMod) / Name(Module)] 
[info ] CompleteClass.scala:60 Completed implementations Vector(end) [id => webpack-chain, phase => scala.js, this => Name(webpackDashChainLib) / Name(webpackDashChainMod) / Name(Optimization)] 
[info ] CompleteClass.scala:60 Completed implementations Vector(end) [id => webpack-chain, phase => scala.js, this => Name(webpackDashChainLib) / Name(webpackDashChainMod) / Name(Output)] 
[info ] CompleteClass.scala:60 Completed implementations Vector(end) [id => webpack-chain, phase => scala.js, this => Name(webpackDashChainLib) / Name(webpackDashChainMod) / Name(Performance)] 
[info ] CompleteClass.scala:60 Completed implementations Vector(end, after, before) [id => webpack-chain, phase => scala.js, this => Name(webpackDashChainLib) / Name(webpackDashChainMod) / Name(Plugin)] 
[info ] CompleteClass.scala:60 Completed implementations Vector(end) [id => webpack-chain, phase => scala.js, this => Name(webpackDashChainLib) / Name(webpackDashChainMod) / Name(Plugins)] 
[info ] CompleteClass.scala:60 Completed implementations Vector(end) [id => webpack-chain, phase => scala.js, this => Name(webpackDashChainLib) / Name(webpackDashChainMod) / Name(Resolve)] 
[info ] CompleteClass.scala:60 Completed implementations Vector(end) [id => webpack-chain, phase => scala.js, this => Name(webpackDashChainLib) / Name(webpackDashChainMod) / Name(ResolveLoader)] 
[info ] CompleteClass.scala:60 Completed implementations Vector(end) [id => webpack-chain, phase => scala.js, this => Name(webpackDashChainLib) / Name(webpackDashChainMod) / Name(Rule)] 
[info ] CompleteClass.scala:60 Completed implementations Vector(end) [id => webpack-chain, phase => scala.js, this => Name(webpackDashChainLib) / Name(webpackDashChainMod) / Name(TypedChainedMap)] 
[info ] CompleteClass.scala:60 Completed implementations Vector(end) [id => webpack-chain, phase => scala.js, this => Name(webpackDashChainLib) / Name(webpackDashChainMod) / Name(TypedChainedSet)] 
[info ] CompleteClass.scala:60 Completed implementations Vector(end, after, before) [id => webpack-chain, phase => scala.js, this => Name(webpackDashChainLib) / Name(webpackDashChainMod) / Name(Use)] 
[info ] CompleteClass.scala:60 Completed implementations Vector(end) [id => webpack-chain, phase => scala.js, this => Name(webpackDashChainLib) / Name(webpackDashChainMod) / Name(namespaced)] 
[debug] PhaseRunner.scala:78 Success [id => webpack-chain, phase => scala.js] 
[warn ] PhaseRunner.scala:64 Failed because of, [node => Compilation failed] [id => webpack-chain, phase => build] 
[debug] PhaseRunner.scala:82 Failure, [node => Compilation failed] [id => webpack-chain, phase => build] 
