[info ] InferredDependency.scala:22 Inferred dependencies Set(TsIdentLibrarySimple(node)) for TsIdentLibrarySimple(webpack-stream) [id => webpack-stream, phase => typescript, file => ../types/webpack-stream/index.d.ts] 
[debug] PhaseRunner.scala:84 Success [id => webpack-stream, phase => typescript] 
[info ] Phase1ReadTypescript.scala:171 Preprocessing TsHelperFile(InFile(/home/tso/tmp/tso-cache/DefinitelyTyped/types/webpack-stream/index.d.ts),FromFolder(InFolder(/home/tso/tmp/tso-cache/DefinitelyTyped/types/webpack-stream),TsIdentLibrarySimple(webpack-stream)),TsIdentModule(None,List(webpack-stream))) [id => webpack-stream, phase => typescript] 
[info ] InferredDefaultModule.scala:39 Inferred module TsIdentModule(None,List(webpack-stream)) [id => webpack-stream, phase => typescript] 
[warn ] Phase1ReadTypescript.scala:189 Processing TsIdentLibrarySimple(webpack-stream) [id => webpack-stream, phase => typescript] 
[info ] ResolveTypeQueries.scala:139 Resolved TsTypeQuery(TsQIdent(List(TsIdentSimple(webpack)))) [id => webpack-stream, phase => typescript, scope => TreeScope(TsParsedFile() / TsDeclModule(webpack-stream) / TsDeclFunction(webpackStream) / TsFunSig() / TsFunParam() / TsTypeQuery())] 
[info ] ExtractInterfaces.scala:41 Extracted anonymous interface TsIdentSimple(Typeofoptimize) [id => webpack-stream, phase => typescript, scope => TreeScope(TsParsedFile() / TsDeclModule(webpack-stream) / TsDeclFunction(^) / TsFunSig() / TsFunParam() / TsTypeObject() / TsMemberProperty(optimize) / TsTypeObject())] 
[info ] ExtractInterfaces.scala:41 Extracted anonymous interface TsIdentSimple(TypeofCompiler) [id => webpack-stream, phase => typescript, scope => TreeScope(TsParsedFile() / TsDeclModule(webpack-stream) / TsDeclFunction(^) / TsFunSig() / TsFunParam() / TsTypeObject() / TsMemberProperty(Compiler) / TsTypeObject())] 
[info ] ExtractInterfaces.scala:41 Extracted anonymous interface TsIdentSimple(Typeofdebug) [id => webpack-stream, phase => typescript, scope => TreeScope(TsParsedFile() / TsDeclModule(webpack-stream) / TsDeclFunction(^) / TsFunSig() / TsFunParam() / TsTypeObject() / TsMemberProperty(debug) / TsTypeObject())] 
[info ] ExtractInterfaces.scala:41 Extracted anonymous interface TsIdentSimple(TypeofClassDependency) [id => webpack-stream, phase => typescript, scope => TreeScope(TsParsedFile() / TsDeclModule(webpack-stream) / TsDeclFunction(^) / TsFunSig() / TsFunParam() / TsTypeObject() / TsMemberProperty(compilation) / TsTypeObject() / TsMemberProperty(Dependency) / TsTypeObject())] 
[info ] ExtractInterfaces.scala:41 Extracted anonymous interface TsIdentSimple(Typeofcompilation) [id => webpack-stream, phase => typescript, scope => TreeScope(TsParsedFile() / TsDeclModule(webpack-stream) / TsDeclFunction(^) / TsFunSig() / TsFunParam() / TsTypeObject() / TsMemberProperty(compilation) / TsTypeObject())] 
[info ] ExtractInterfaces.scala:41 Extracted anonymous interface TsIdentSimple(Anon_BannerPlugin) [id => webpack-stream, phase => typescript, scope => TreeScope(TsParsedFile() / TsDeclModule(webpack-stream) / TsDeclFunction(^) / TsFunSig() / TsFunParam() / TsTypeObject())] 
[debug] PhaseRunner.scala:84 Success [id => webpack-stream, phase => typescript] 
[warn ] Phase2ToScalaJs.scala:42 Processing webpack-stream [id => webpack-stream, phase => scala.js] 
[debug] PhaseRunner.scala:84 Success [id => webpack-stream, phase => scala.js] 
[warn ] Phase3CompileBloop.scala:245 Built webpack-stream in 556 ms [id => webpack-stream, phase => build] 
[info ] Phase3CompileBloop.scala:253 published local, [/home/tso/.ivy2/local/org.scalablytyped/webpack-stream_sjs0.6_2.12/3.2-dt-20180306Z-2d1268/jars/webpack-stream_sjs0.6_2.12.jar, /home/tso/.ivy2/local/org.scalablytyped/webpack-stream_sjs0.6_2.12/3.2-dt-20180306Z-2d1268/srcs/webpack-stream_sjs0.6_2.12-sources.jar, /home/tso/.ivy2/local/org.scalablytyped/webpack-stream_sjs0.6_2.12/3.2-dt-20180306Z-2d1268/ivys/ivy.xml, /home/tso/.ivy2/local/org.scalablytyped/webpack-stream_sjs0.6_2.12/3.2-dt-20180306Z-2d1268/poms/webpack-stream_sjs0.6_2.12.pom] [id => webpack-stream, phase => build] 
[debug] PhaseRunner.scala:84 Success [id => webpack-stream, phase => build] 
[warn ] PhaseRunner.scala:70 Failed because of, [webpack => java.util.concurrent.ExecutionException: dispatch.StatusCode: Unexpected response status: 405] [id => webpack-stream, phase => publish] 
[error] PhaseRunner.scala:88 Failure, [webpack => java.util.concurrent.ExecutionException: dispatch.StatusCode: Unexpected response status: 405] [id => webpack-stream, phase => publish] 
