[debug] PhaseRunner.scala:84 Success [id => webpack-assets-manifest, phase => typescript] 
[info ] Phase1ReadTypescript.scala:160 Preprocessing TsHelperFile(InFile(/home/tso/tmp/tso-cache/DefinitelyTyped/types/webpack-assets-manifest/index.d.ts),FromFolder(InFolder(/home/tso/tmp/tso-cache/DefinitelyTyped/types/webpack-assets-manifest),TsIdentLibrarySimple(webpack-assets-manifest)),TsIdentModule(None,List(webpack-assets-manifest))) [id => webpack-assets-manifest, phase => typescript] 
[info ] InferredDefaultModule.scala:39 Inferred module TsIdentModule(None,List(webpack-assets-manifest)) [id => webpack-assets-manifest, phase => typescript] 
[warn ] Phase1ReadTypescript.scala:182 Processing TsIdentLibrarySimple(webpack-assets-manifest) [id => webpack-assets-manifest, phase => typescript] 
[info ] ExpandTypeParams.scala:61 Expanding 1 members for TsIdentSimple(getExtension) [id => webpack-assets-manifest, phase => typescript, scope => TreeScope(TsParsedFile() / TsDeclModule(webpack-assets-manifest) / TsDeclInterface(WebpackAssetsManifest))] 
[info ] ExpandTypeParams.scala:61 Expanding 1 members for TsIdentSimple(fixKey) [id => webpack-assets-manifest, phase => typescript, scope => TreeScope(TsParsedFile() / TsDeclModule(webpack-assets-manifest) / TsDeclInterface(WebpackAssetsManifest))] 
[info ] ExpandTypeParams.scala:61 Expanding 1 members for TsIdentSimple(isHMR) [id => webpack-assets-manifest, phase => typescript, scope => TreeScope(TsParsedFile() / TsDeclModule(webpack-assets-manifest) / TsDeclInterface(WebpackAssetsManifest))] 
[info ] ExpandTypeParams.scala:61 Expanding 1 members for TsIdentSimple(setRaw) [id => webpack-assets-manifest, phase => typescript, scope => TreeScope(TsParsedFile() / TsDeclModule(webpack-assets-manifest) / TsDeclInterface(WebpackAssetsManifest))] 
[info ] ExpandTypeParams.scala:61 Expanding 1 members for TsIdentSimple(set) [id => webpack-assets-manifest, phase => typescript, scope => TreeScope(TsParsedFile() / TsDeclModule(webpack-assets-manifest) / TsDeclInterface(WebpackAssetsManifest))] 
[info ] ExpandTypeParams.scala:61 Expanding 1 members for TsIdentSimple(has) [id => webpack-assets-manifest, phase => typescript, scope => TreeScope(TsParsedFile() / TsDeclModule(webpack-assets-manifest) / TsDeclInterface(WebpackAssetsManifest))] 
[info ] ExpandTypeParams.scala:61 Expanding 1 members for TsIdentSimple(get) [id => webpack-assets-manifest, phase => typescript, scope => TreeScope(TsParsedFile() / TsDeclModule(webpack-assets-manifest) / TsDeclInterface(WebpackAssetsManifest))] 
[info ] ExpandTypeParams.scala:61 Expanding 1 members for TsIdentSimple(delete) [id => webpack-assets-manifest, phase => typescript, scope => TreeScope(TsParsedFile() / TsDeclModule(webpack-assets-manifest) / TsDeclInterface(WebpackAssetsManifest))] 
[info ] ExpandTypeParams.scala:61 Expanding 1 members for TsIdentSimple(getOutputPath) [id => webpack-assets-manifest, phase => typescript, scope => TreeScope(TsParsedFile() / TsDeclModule(webpack-assets-manifest) / TsDeclInterface(WebpackAssetsManifest))] 
[info ] ExpandTypeParams.scala:61 Expanding 1 members for TsIdentSimple(getPublicPath) [id => webpack-assets-manifest, phase => typescript, scope => TreeScope(TsParsedFile() / TsDeclModule(webpack-assets-manifest) / TsDeclInterface(WebpackAssetsManifest))] 
[info ] ExpandTypeParams.scala:61 Expanding 1 members for TsIdentSimple(getProxy) [id => webpack-assets-manifest, phase => typescript, scope => TreeScope(TsParsedFile() / TsDeclModule(webpack-assets-manifest) / TsDeclInterface(WebpackAssetsManifest))] 
[info ] ExpandTypeParams.scala:61 Expanding 1 members for TsIdentSimple(constructor) [id => webpack-assets-manifest, phase => typescript, scope => TreeScope(TsParsedFile() / TsDeclModule(webpack-assets-manifest) / TsDeclClass(^))] 
[info ] ExtractInterfaces.scala:41 Extracted anonymous interface TsIdentSimple(Anon_AfterOptions) [id => webpack-assets-manifest, phase => typescript, scope => TreeScope(TsParsedFile() / TsDeclModule(webpack-assets-manifest) / TsDeclInterface(WebpackAssetsManifest) / TsMemberProperty(hooks) / TsTypeObject())] 
[debug] PhaseRunner.scala:84 Success [id => webpack-assets-manifest, phase => typescript] 
[warn ] Phase2ToScalaJs.scala:43 Processing webpack-assets-manifest [id => webpack-assets-manifest, phase => scala.js] 
[debug] PhaseRunner.scala:84 Success [id => webpack-assets-manifest, phase => scala.js] 
[warn ] PhaseRunner.scala:70 Failed because of, [webpack => com.olvind.logging.Logger$LoggedException: Couldn't resolve jar for webpack-sources IvyLayout((/home/tso/.ivy2/local/org.scalablytyped/webpack-sources_sjs0.6_2.12/0.1-dt-20180625Z-ad22a0/jars/webpack-sources_sjs0.6_2.12.jar,Unchanged),(/home/tso/.ivy2/local/org.scalablytyped/webpack-sources_sjs0.6_2.12/0.1-dt-20180625Z-ad22a0/srcs/webpack-sources_sjs0.6_2.12-sources.jar,Unchanged),(/home/tso/.ivy2/local/org.scalablytyped/webpack-sources_sjs0.6_2.12/0.1-dt-20180625Z-ad22a0/ivys/ivy.xml,Unchanged),(/home/tso/.ivy2/local/org.scalablytyped/webpack-sources_sjs0.6_2.12/0.1-dt-20180625Z-ad22a0/poms/webpack-sources_sjs0.6_2.12.pom,Unchanged))] [id => webpack-assets-manifest, phase => build] 
[error] PhaseRunner.scala:88 Failure, [webpack => com.olvind.logging.Logger$LoggedException: Couldn't resolve jar for webpack-sources IvyLayout((/home/tso/.ivy2/local/org.scalablytyped/webpack-sources_sjs0.6_2.12/0.1-dt-20180625Z-ad22a0/jars/webpack-sources_sjs0.6_2.12.jar,Unchanged),(/home/tso/.ivy2/local/org.scalablytyped/webpack-sources_sjs0.6_2.12/0.1-dt-20180625Z-ad22a0/srcs/webpack-sources_sjs0.6_2.12-sources.jar,Unchanged),(/home/tso/.ivy2/local/org.scalablytyped/webpack-sources_sjs0.6_2.12/0.1-dt-20180625Z-ad22a0/ivys/ivy.xml,Unchanged),(/home/tso/.ivy2/local/org.scalablytyped/webpack-sources_sjs0.6_2.12/0.1-dt-20180625Z-ad22a0/poms/webpack-sources_sjs0.6_2.12.pom,Unchanged))] [id => webpack-assets-manifest, phase => build] 
[error] PhaseRunner.scala:88 Failure, [webpack => com.olvind.logging.Logger$LoggedException: Couldn't resolve jar for webpack-sources IvyLayout((/home/tso/.ivy2/local/org.scalablytyped/webpack-sources_sjs0.6_2.12/0.1-dt-20180625Z-ad22a0/jars/webpack-sources_sjs0.6_2.12.jar,Unchanged),(/home/tso/.ivy2/local/org.scalablytyped/webpack-sources_sjs0.6_2.12/0.1-dt-20180625Z-ad22a0/srcs/webpack-sources_sjs0.6_2.12-sources.jar,Unchanged),(/home/tso/.ivy2/local/org.scalablytyped/webpack-sources_sjs0.6_2.12/0.1-dt-20180625Z-ad22a0/ivys/ivy.xml,Unchanged),(/home/tso/.ivy2/local/org.scalablytyped/webpack-sources_sjs0.6_2.12/0.1-dt-20180625Z-ad22a0/poms/webpack-sources_sjs0.6_2.12.pom,Unchanged))] [id => webpack-assets-manifest, phase => publish] 
