[info ] InferredDependency.scala:20 Inferred dependencies Set(TsIdentLibrarySimple(node)) for TsIdentLibrarySimple(webtorrent) [id => webtorrent, phase => typescript, file => ../types/webtorrent/index.d.ts] 
[debug] PhaseRunner.scala:78 Success [id => webtorrent, phase => typescript] 
[info ] Phase1ReadTypescript.scala:152 Preprocessing TsHelperFile(InFile(/home/tso/tmp/tso-cache/DefinitelyTyped/types/webtorrent/index.d.ts),FromFolder(InFolder(/home/tso/tmp/tso-cache/DefinitelyTyped/types/webtorrent),TsIdentLibrarySimple(webtorrent)),TsIdentModule(None,List(webtorrent))) [id => webtorrent, phase => typescript] 
[info ] InferredDefaultModule.scala:39 Inferred module TsIdentModule(None,List(webtorrent)) [id => webtorrent, phase => typescript] 
[warn ] Phase1ReadTypescript.scala:190 Processing TsIdentLibrarySimple(webtorrent) [id => webtorrent, phase => typescript] 
[info ] ExtractInterfaces.scala:30 Extracted anonymous interface TsIdentSimple(Anon_Length) [id => webtorrent, phase => typescript, scope => TreeScope(TsParsedFile() / TsDeclModule(webtorrent) / TsDeclNamespace(WebTorrent) / TsDeclInterface(TorrentOptions) / TsMemberProperty(store) / TsTypeFunction() / TsFunSig() / TsFunParam() / TsTypeObject())] 
[info ] ExtractInterfaces.scala:30 Extracted anonymous interface TsIdentSimple(Anon_Autoplay) [id => webtorrent, phase => typescript, scope => TreeScope(TsParsedFile() / TsDeclModule(webtorrent) / TsDeclNamespace(WebTorrent) / TsDeclInterface(TorrentFile) / TsMemberFunction(renderTo) / TsFunSig() / TsFunParam() / TsTypeObject())] 
[info ] ExtractInterfaces.scala:30 Extracted anonymous interface TsIdentSimple(Anon_Autoplay) [id => webtorrent, phase => typescript, scope => TreeScope(TsParsedFile() / TsDeclModule(webtorrent) / TsDeclNamespace(WebTorrent) / TsDeclInterface(TorrentFile) / TsMemberFunction(renderTo) / TsFunSig() / TsFunParam() / TsTypeObject())] 
[info ] ExtractInterfaces.scala:30 Extracted anonymous interface TsIdentSimple(Anon_Autoplay) [id => webtorrent, phase => typescript, scope => TreeScope(TsParsedFile() / TsDeclModule(webtorrent) / TsDeclNamespace(WebTorrent) / TsDeclInterface(TorrentFile) / TsMemberFunction(renderTo) / TsFunSig() / TsFunParam() / TsTypeObject())] 
[info ] ExtractInterfaces.scala:30 Extracted anonymous interface TsIdentSimple(Anon_Autoplay) [id => webtorrent, phase => typescript, scope => TreeScope(TsParsedFile() / TsDeclModule(webtorrent) / TsDeclNamespace(WebTorrent) / TsDeclInterface(TorrentFile) / TsMemberFunction(renderTo) / TsFunSig() / TsFunParam() / TsTypeObject())] 
[info ] ExtractInterfaces.scala:30 Extracted anonymous interface TsIdentSimple(Anon_Autoplay) [id => webtorrent, phase => typescript, scope => TreeScope(TsParsedFile() / TsDeclModule(webtorrent) / TsDeclNamespace(WebTorrent) / TsDeclInterface(TorrentFile) / TsMemberFunction(appendTo) / TsFunSig() / TsFunParam() / TsTypeObject())] 
[info ] ExtractInterfaces.scala:30 Extracted anonymous interface TsIdentSimple(Anon_Autoplay) [id => webtorrent, phase => typescript, scope => TreeScope(TsParsedFile() / TsDeclModule(webtorrent) / TsDeclNamespace(WebTorrent) / TsDeclInterface(TorrentFile) / TsMemberFunction(appendTo) / TsFunSig() / TsFunParam() / TsTypeObject())] 
[info ] ExtractInterfaces.scala:30 Extracted anonymous interface TsIdentSimple(Anon_Autoplay) [id => webtorrent, phase => typescript, scope => TreeScope(TsParsedFile() / TsDeclModule(webtorrent) / TsDeclNamespace(WebTorrent) / TsDeclInterface(TorrentFile) / TsMemberFunction(appendTo) / TsFunSig() / TsFunParam() / TsTypeObject())] 
[info ] ExtractInterfaces.scala:30 Extracted anonymous interface TsIdentSimple(Anon_Autoplay) [id => webtorrent, phase => typescript, scope => TreeScope(TsParsedFile() / TsDeclModule(webtorrent) / TsDeclNamespace(WebTorrent) / TsDeclInterface(TorrentFile) / TsMemberFunction(appendTo) / TsFunSig() / TsFunParam() / TsTypeObject())] 
[info ] ExtractInterfaces.scala:30 Extracted anonymous interface TsIdentSimple(Anon_Start) [id => webtorrent, phase => typescript, scope => TreeScope(TsParsedFile() / TsDeclModule(webtorrent) / TsDeclNamespace(WebTorrent) / TsDeclInterface(TorrentFile) / TsMemberFunction(createReadStream) / TsFunSig() / TsFunParam() / TsTypeObject())] 
[debug] PhaseRunner.scala:78 Success [id => webtorrent, phase => typescript] 
[warn ] Phase2ToScalaJs.scala:34 Processing TsIdentLibrarySimple(webtorrent) [id => webtorrent, phase => scala.js] 
[debug] PhaseRunner.scala:78 Success [id => webtorrent, phase => scala.js] 
[warn ] PhaseRunner.scala:64 Failed because of, [node => Compilation failed] [id => webtorrent, phase => build] 
[debug] PhaseRunner.scala:82 Failure, [node => Compilation failed] [id => webtorrent, phase => build] 
