[debug] PhaseRunner.scala:84 Success [id => @wordpress/editor, phase => typescript] 
[debug] PhaseRunner.scala:84 Success [id => @wordpress/editor, phase => typescript] 
[debug] PhaseRunner.scala:84 Success [id => @wordpress/editor, phase => typescript] 
[debug] PhaseRunner.scala:84 Success [id => @wordpress/editor, phase => typescript] 
[debug] PhaseRunner.scala:84 Success [id => @wordpress/editor, phase => typescript] 
[debug] PhaseRunner.scala:84 Success [id => @wordpress/editor, phase => typescript] 
[debug] PhaseRunner.scala:84 Success [id => @wordpress/editor, phase => typescript] 
[debug] PhaseRunner.scala:84 Success [id => @wordpress/editor, phase => typescript] 
[debug] PhaseRunner.scala:84 Success [id => @wordpress/editor, phase => typescript] 
[debug] PhaseRunner.scala:84 Success [id => @wordpress/editor, phase => typescript] 
[debug] PhaseRunner.scala:84 Success [id => @wordpress/editor, phase => typescript] 
[debug] PhaseRunner.scala:84 Success [id => @wordpress/editor, phase => typescript] 
[debug] PhaseRunner.scala:84 Success [id => @wordpress/editor, phase => typescript] 
[debug] PhaseRunner.scala:84 Success [id => @wordpress/editor, phase => typescript] 
[debug] PhaseRunner.scala:84 Success [id => @wordpress/editor, phase => typescript] 
[debug] PhaseRunner.scala:84 Success [id => @wordpress/editor, phase => typescript] 
[debug] PhaseRunner.scala:84 Success [id => @wordpress/editor, phase => typescript] 
[debug] PhaseRunner.scala:84 Success [id => @wordpress/editor, phase => typescript] 
[debug] PhaseRunner.scala:84 Success [id => @wordpress/editor, phase => typescript] 
[debug] PhaseRunner.scala:84 Success [id => @wordpress/editor, phase => typescript] 
[debug] PhaseRunner.scala:84 Success [id => @wordpress/editor, phase => typescript] 
[debug] PhaseRunner.scala:84 Success [id => @wordpress/editor, phase => typescript] 
[debug] PhaseRunner.scala:84 Success [id => @wordpress/editor, phase => typescript] 
[debug] PhaseRunner.scala:84 Success [id => @wordpress/editor, phase => typescript] 
[debug] PhaseRunner.scala:84 Success [id => @wordpress/editor, phase => typescript] 
[debug] PhaseRunner.scala:84 Success [id => @wordpress/editor, phase => typescript] 
[debug] PhaseRunner.scala:84 Success [id => @wordpress/editor, phase => typescript] 
[debug] PhaseRunner.scala:84 Success [id => @wordpress/editor, phase => typescript] 
[debug] PhaseRunner.scala:84 Success [id => @wordpress/editor, phase => typescript] 
[debug] PhaseRunner.scala:84 Success [id => @wordpress/editor, phase => typescript] 
[debug] PhaseRunner.scala:84 Success [id => @wordpress/editor, phase => typescript] 
[debug] PhaseRunner.scala:84 Success [id => @wordpress/editor, phase => typescript] 
[debug] PhaseRunner.scala:84 Success [id => @wordpress/editor, phase => typescript] 
[debug] PhaseRunner.scala:84 Success [id => @wordpress/editor, phase => typescript] 
[debug] PhaseRunner.scala:84 Success [id => @wordpress/editor, phase => typescript] 
[debug] PhaseRunner.scala:84 Success [id => @wordpress/editor, phase => typescript] 
[debug] PhaseRunner.scala:84 Success [id => @wordpress/editor, phase => typescript] 
[debug] PhaseRunner.scala:84 Success [id => @wordpress/editor, phase => typescript] 
[debug] PhaseRunner.scala:84 Success [id => @wordpress/editor, phase => typescript] 
[debug] PhaseRunner.scala:84 Success [id => @wordpress/editor, phase => typescript] 
[debug] PhaseRunner.scala:84 Success [id => @wordpress/editor, phase => typescript] 
[debug] PhaseRunner.scala:84 Success [id => @wordpress/editor, phase => typescript] 
[debug] PhaseRunner.scala:84 Success [id => @wordpress/editor, phase => typescript] 
[debug] PhaseRunner.scala:84 Success [id => @wordpress/editor, phase => typescript] 
[debug] PhaseRunner.scala:84 Success [id => @wordpress/editor, phase => typescript] 
[debug] PhaseRunner.scala:84 Success [id => @wordpress/editor, phase => typescript] 
[debug] PhaseRunner.scala:84 Success [id => @wordpress/editor, phase => typescript] 
[debug] PhaseRunner.scala:84 Success [id => @wordpress/editor, phase => typescript] 
[debug] PhaseRunner.scala:84 Success [id => @wordpress/editor, phase => typescript] 
[debug] PhaseRunner.scala:84 Success [id => @wordpress/editor, phase => typescript] 
[debug] PhaseRunner.scala:84 Success [id => @wordpress/editor, phase => typescript] 
[debug] PhaseRunner.scala:84 Success [id => @wordpress/editor, phase => typescript] 
[debug] PhaseRunner.scala:84 Success [id => @wordpress/editor, phase => typescript] 
[debug] PhaseRunner.scala:84 Success [id => @wordpress/editor, phase => typescript] 
[debug] PhaseRunner.scala:84 Success [id => @wordpress/editor, phase => typescript] 
[debug] PhaseRunner.scala:84 Success [id => @wordpress/editor, phase => typescript] 
[info ] ResolveExternalReferences.scala:82 Inferred augmented module None (TsIdentModule(Some(wordpress),List(data))) [file => ../types/wordpress__editor/index.d.ts, phase => typescript, scope => TreeScope(TsParsedFile() / TsDeclModule(@wordpress/data)), id => @wordpress/editor] 
[debug] PhaseRunner.scala:84 Success [id => @wordpress/editor, phase => typescript] 
[debug] PhaseRunner.scala:84 Success [id => @wordpress/editor, phase => typescript] 
[debug] PhaseRunner.scala:84 Success [id => @wordpress/editor, phase => typescript] 
[debug] PhaseRunner.scala:84 Success [id => @wordpress/editor, phase => typescript] 
[info ] Phase1ReadTypescript.scala:171 Preprocessing TsHelperFile(InFile(/home/tso/tmp/tso-cache/DefinitelyTyped/types/wordpress__editor/components/autocompleters.d.ts),FromFolder(InFolder(/home/tso/tmp/tso-cache/DefinitelyTyped/types/wordpress__editor),TsIdentLibraryScoped(wordpress,Some(editor))),TsIdentModule(Some(wordpress),List(editor, components, autocompleters))) [id => @wordpress/editor, phase => typescript] 
[info ] InferredDefaultModule.scala:39 Inferred module TsIdentModule(Some(wordpress),List(editor, components, autocompleters)) [id => @wordpress/editor, phase => typescript] 
[info ] Phase1ReadTypescript.scala:171 Preprocessing TsHelperFile(InFile(/home/tso/tmp/tso-cache/DefinitelyTyped/types/wordpress__editor/components/autosave-monitor.d.ts),FromFolder(InFolder(/home/tso/tmp/tso-cache/DefinitelyTyped/types/wordpress__editor),TsIdentLibraryScoped(wordpress,Some(editor))),TsIdentModule(Some(wordpress),List(editor, components, autosave-monitor))) [id => @wordpress/editor, phase => typescript] 
[info ] InferredDefaultModule.scala:39 Inferred module TsIdentModule(Some(wordpress),List(editor, components, autosave-monitor)) [id => @wordpress/editor, phase => typescript] 
[info ] Phase1ReadTypescript.scala:171 Preprocessing TsHelperFile(InFile(/home/tso/tmp/tso-cache/DefinitelyTyped/types/wordpress__editor/components/deprecated.d.ts),FromFolder(InFolder(/home/tso/tmp/tso-cache/DefinitelyTyped/types/wordpress__editor),TsIdentLibraryScoped(wordpress,Some(editor))),TsIdentModule(Some(wordpress),List(editor, components, deprecated))) [id => @wordpress/editor, phase => typescript] 
[info ] InferredDefaultModule.scala:39 Inferred module TsIdentModule(Some(wordpress),List(editor, components, deprecated)) [id => @wordpress/editor, phase => typescript] 
[info ] Phase1ReadTypescript.scala:171 Preprocessing TsHelperFile(InFile(/home/tso/tmp/tso-cache/DefinitelyTyped/types/wordpress__editor/components/document-outline/check.d.ts),FromFolder(InFolder(/home/tso/tmp/tso-cache/DefinitelyTyped/types/wordpress__editor),TsIdentLibraryScoped(wordpress,Some(editor))),TsIdentModule(Some(wordpress),List(editor, components, document-outline, check))) [id => @wordpress/editor, phase => typescript] 
[info ] InferredDefaultModule.scala:39 Inferred module TsIdentModule(Some(wordpress),List(editor, components, document-outline, check)) [id => @wordpress/editor, phase => typescript] 
[info ] Phase1ReadTypescript.scala:171 Preprocessing TsHelperFile(InFile(/home/tso/tmp/tso-cache/DefinitelyTyped/types/wordpress__editor/components/document-outline/index.d.ts),FromFolder(InFolder(/home/tso/tmp/tso-cache/DefinitelyTyped/types/wordpress__editor),TsIdentLibraryScoped(wordpress,Some(editor))),TsIdentModule(Some(wordpress),List(editor, components, document-outline))) [id => @wordpress/editor, phase => typescript] 
[info ] InferredDefaultModule.scala:39 Inferred module TsIdentModule(Some(wordpress),List(editor, components, document-outline)) [id => @wordpress/editor, phase => typescript] 
[info ] Phase1ReadTypescript.scala:171 Preprocessing TsHelperFile(InFile(/home/tso/tmp/tso-cache/DefinitelyTyped/types/wordpress__editor/components/editor-history/redo.d.ts),FromFolder(InFolder(/home/tso/tmp/tso-cache/DefinitelyTyped/types/wordpress__editor),TsIdentLibraryScoped(wordpress,Some(editor))),TsIdentModule(Some(wordpress),List(editor, components, editor-history, redo))) [id => @wordpress/editor, phase => typescript] 
[info ] InferredDefaultModule.scala:39 Inferred module TsIdentModule(Some(wordpress),List(editor, components, editor-history, redo)) [id => @wordpress/editor, phase => typescript] 
[info ] Phase1ReadTypescript.scala:171 Preprocessing TsHelperFile(InFile(/home/tso/tmp/tso-cache/DefinitelyTyped/types/wordpress__editor/components/editor-history/undo.d.ts),FromFolder(InFolder(/home/tso/tmp/tso-cache/DefinitelyTyped/types/wordpress__editor),TsIdentLibraryScoped(wordpress,Some(editor))),TsIdentModule(Some(wordpress),List(editor, components, editor-history, undo))) [id => @wordpress/editor, phase => typescript] 
[info ] InferredDefaultModule.scala:39 Inferred module TsIdentModule(Some(wordpress),List(editor, components, editor-history, undo)) [id => @wordpress/editor, phase => typescript] 
[info ] Phase1ReadTypescript.scala:171 Preprocessing TsHelperFile(InFile(/home/tso/tmp/tso-cache/DefinitelyTyped/types/wordpress__editor/components/editor-notices.d.ts),FromFolder(InFolder(/home/tso/tmp/tso-cache/DefinitelyTyped/types/wordpress__editor),TsIdentLibraryScoped(wordpress,Some(editor))),TsIdentModule(Some(wordpress),List(editor, components, editor-notices))) [id => @wordpress/editor, phase => typescript] 
[info ] InferredDefaultModule.scala:39 Inferred module TsIdentModule(Some(wordpress),List(editor, components, editor-notices)) [id => @wordpress/editor, phase => typescript] 
[info ] Phase1ReadTypescript.scala:171 Preprocessing TsHelperFile(InFile(/home/tso/tmp/tso-cache/DefinitelyTyped/types/wordpress__editor/components/error-boundary.d.ts),FromFolder(InFolder(/home/tso/tmp/tso-cache/DefinitelyTyped/types/wordpress__editor),TsIdentLibraryScoped(wordpress,Some(editor))),TsIdentModule(Some(wordpress),List(editor, components, error-boundary))) [id => @wordpress/editor, phase => typescript] 
[info ] InferredDefaultModule.scala:39 Inferred module TsIdentModule(Some(wordpress),List(editor, components, error-boundary)) [id => @wordpress/editor, phase => typescript] 
[info ] Phase1ReadTypescript.scala:171 Preprocessing TsHelperFile(InFile(/home/tso/tmp/tso-cache/DefinitelyTyped/types/wordpress__editor/components/global-keyboard-shortcuts/text-editor-shortcuts.d.ts),FromFolder(InFolder(/home/tso/tmp/tso-cache/DefinitelyTyped/types/wordpress__editor),TsIdentLibraryScoped(wordpress,Some(editor))),TsIdentModule(Some(wordpress),List(editor, components, global-keyboard-shortcuts, text-editor-shortcuts))) [id => @wordpress/editor, phase => typescript] 
[info ] InferredDefaultModule.scala:39 Inferred module TsIdentModule(Some(wordpress),List(editor, components, global-keyboard-shortcuts, text-editor-shortcuts)) [id => @wordpress/editor, phase => typescript] 
[info ] Phase1ReadTypescript.scala:171 Preprocessing TsHelperFile(InFile(/home/tso/tmp/tso-cache/DefinitelyTyped/types/wordpress__editor/components/global-keyboard-shortcuts/visual-editor-shortcuts.d.ts),FromFolder(InFolder(/home/tso/tmp/tso-cache/DefinitelyTyped/types/wordpress__editor),TsIdentLibraryScoped(wordpress,Some(editor))),TsIdentModule(Some(wordpress),List(editor, components, global-keyboard-shortcuts, visual-editor-shortcuts))) [id => @wordpress/editor, phase => typescript] 
[info ] InferredDefaultModule.scala:39 Inferred module TsIdentModule(Some(wordpress),List(editor, components, global-keyboard-shortcuts, visual-editor-shortcuts)) [id => @wordpress/editor, phase => typescript] 
[info ] Phase1ReadTypescript.scala:171 Preprocessing TsHelperFile(InFile(/home/tso/tmp/tso-cache/DefinitelyTyped/types/wordpress__editor/components/index.d.ts),FromFolder(InFolder(/home/tso/tmp/tso-cache/DefinitelyTyped/types/wordpress__editor),TsIdentLibraryScoped(wordpress,Some(editor))),TsIdentModule(Some(wordpress),List(editor, components))) [id => @wordpress/editor, phase => typescript] 
[info ] InferredDefaultModule.scala:39 Inferred module TsIdentModule(Some(wordpress),List(editor, components)) [id => @wordpress/editor, phase => typescript] 
[info ] Phase1ReadTypescript.scala:171 Preprocessing TsHelperFile(InFile(/home/tso/tmp/tso-cache/DefinitelyTyped/types/wordpress__editor/components/page-attributes/check.d.ts),FromFolder(InFolder(/home/tso/tmp/tso-cache/DefinitelyTyped/types/wordpress__editor),TsIdentLibraryScoped(wordpress,Some(editor))),TsIdentModule(Some(wordpress),List(editor, components, page-attributes, check))) [id => @wordpress/editor, phase => typescript] 
[info ] InferredDefaultModule.scala:39 Inferred module TsIdentModule(Some(wordpress),List(editor, components, page-attributes, check)) [id => @wordpress/editor, phase => typescript] 
[info ] Phase1ReadTypescript.scala:171 Preprocessing TsHelperFile(InFile(/home/tso/tmp/tso-cache/DefinitelyTyped/types/wordpress__editor/components/page-attributes/order.d.ts),FromFolder(InFolder(/home/tso/tmp/tso-cache/DefinitelyTyped/types/wordpress__editor),TsIdentLibraryScoped(wordpress,Some(editor))),TsIdentModule(Some(wordpress),List(editor, components, page-attributes, order))) [id => @wordpress/editor, phase => typescript] 
[info ] InferredDefaultModule.scala:39 Inferred module TsIdentModule(Some(wordpress),List(editor, components, page-attributes, order)) [id => @wordpress/editor, phase => typescript] 
[info ] Phase1ReadTypescript.scala:171 Preprocessing TsHelperFile(InFile(/home/tso/tmp/tso-cache/DefinitelyTyped/types/wordpress__editor/components/page-attributes/parent.d.ts),FromFolder(InFolder(/home/tso/tmp/tso-cache/DefinitelyTyped/types/wordpress__editor),TsIdentLibraryScoped(wordpress,Some(editor))),TsIdentModule(Some(wordpress),List(editor, components, page-attributes, parent))) [id => @wordpress/editor, phase => typescript] 
[info ] InferredDefaultModule.scala:39 Inferred module TsIdentModule(Some(wordpress),List(editor, components, page-attributes, parent)) [id => @wordpress/editor, phase => typescript] 
[info ] Phase1ReadTypescript.scala:171 Preprocessing TsHelperFile(InFile(/home/tso/tmp/tso-cache/DefinitelyTyped/types/wordpress__editor/components/page-attributes/template.d.ts),FromFolder(InFolder(/home/tso/tmp/tso-cache/DefinitelyTyped/types/wordpress__editor),TsIdentLibraryScoped(wordpress,Some(editor))),TsIdentModule(Some(wordpress),List(editor, components, page-attributes, template))) [id => @wordpress/editor, phase => typescript] 
[info ] InferredDefaultModule.scala:39 Inferred module TsIdentModule(Some(wordpress),List(editor, components, page-attributes, template)) [id => @wordpress/editor, phase => typescript] 
[info ] Phase1ReadTypescript.scala:171 Preprocessing TsHelperFile(InFile(/home/tso/tmp/tso-cache/DefinitelyTyped/types/wordpress__editor/components/post-author/check.d.ts),FromFolder(InFolder(/home/tso/tmp/tso-cache/DefinitelyTyped/types/wordpress__editor),TsIdentLibraryScoped(wordpress,Some(editor))),TsIdentModule(Some(wordpress),List(editor, components, post-author, check))) [id => @wordpress/editor, phase => typescript] 
[info ] InferredDefaultModule.scala:39 Inferred module TsIdentModule(Some(wordpress),List(editor, components, post-author, check)) [id => @wordpress/editor, phase => typescript] 
[info ] Phase1ReadTypescript.scala:171 Preprocessing TsHelperFile(InFile(/home/tso/tmp/tso-cache/DefinitelyTyped/types/wordpress__editor/components/post-author/index.d.ts),FromFolder(InFolder(/home/tso/tmp/tso-cache/DefinitelyTyped/types/wordpress__editor),TsIdentLibraryScoped(wordpress,Some(editor))),TsIdentModule(Some(wordpress),List(editor, components, post-author))) [id => @wordpress/editor, phase => typescript] 
[info ] InferredDefaultModule.scala:39 Inferred module TsIdentModule(Some(wordpress),List(editor, components, post-author)) [id => @wordpress/editor, phase => typescript] 
[info ] Phase1ReadTypescript.scala:171 Preprocessing TsHelperFile(InFile(/home/tso/tmp/tso-cache/DefinitelyTyped/types/wordpress__editor/components/post-comments.d.ts),FromFolder(InFolder(/home/tso/tmp/tso-cache/DefinitelyTyped/types/wordpress__editor),TsIdentLibraryScoped(wordpress,Some(editor))),TsIdentModule(Some(wordpress),List(editor, components, post-comments))) [id => @wordpress/editor, phase => typescript] 
[info ] InferredDefaultModule.scala:39 Inferred module TsIdentModule(Some(wordpress),List(editor, components, post-comments)) [id => @wordpress/editor, phase => typescript] 
[info ] Phase1ReadTypescript.scala:171 Preprocessing TsHelperFile(InFile(/home/tso/tmp/tso-cache/DefinitelyTyped/types/wordpress__editor/components/post-excerpt/check.d.ts),FromFolder(InFolder(/home/tso/tmp/tso-cache/DefinitelyTyped/types/wordpress__editor),TsIdentLibraryScoped(wordpress,Some(editor))),TsIdentModule(Some(wordpress),List(editor, components, post-excerpt, check))) [id => @wordpress/editor, phase => typescript] 
[info ] InferredDefaultModule.scala:39 Inferred module TsIdentModule(Some(wordpress),List(editor, components, post-excerpt, check)) [id => @wordpress/editor, phase => typescript] 
[info ] Phase1ReadTypescript.scala:171 Preprocessing TsHelperFile(InFile(/home/tso/tmp/tso-cache/DefinitelyTyped/types/wordpress__editor/components/post-excerpt/index.d.ts),FromFolder(InFolder(/home/tso/tmp/tso-cache/DefinitelyTyped/types/wordpress__editor),TsIdentLibraryScoped(wordpress,Some(editor))),TsIdentModule(Some(wordpress),List(editor, components, post-excerpt))) [id => @wordpress/editor, phase => typescript] 
[info ] InferredDefaultModule.scala:39 Inferred module TsIdentModule(Some(wordpress),List(editor, components, post-excerpt)) [id => @wordpress/editor, phase => typescript] 
[info ] Phase1ReadTypescript.scala:171 Preprocessing TsHelperFile(InFile(/home/tso/tmp/tso-cache/DefinitelyTyped/types/wordpress__editor/components/post-featured-image/check.d.ts),FromFolder(InFolder(/home/tso/tmp/tso-cache/DefinitelyTyped/types/wordpress__editor),TsIdentLibraryScoped(wordpress,Some(editor))),TsIdentModule(Some(wordpress),List(editor, components, post-featured-image, check))) [id => @wordpress/editor, phase => typescript] 
[info ] InferredDefaultModule.scala:39 Inferred module TsIdentModule(Some(wordpress),List(editor, components, post-featured-image, check)) [id => @wordpress/editor, phase => typescript] 
[info ] Phase1ReadTypescript.scala:171 Preprocessing TsHelperFile(InFile(/home/tso/tmp/tso-cache/DefinitelyTyped/types/wordpress__editor/components/post-featured-image/index.d.ts),FromFolder(InFolder(/home/tso/tmp/tso-cache/DefinitelyTyped/types/wordpress__editor),TsIdentLibraryScoped(wordpress,Some(editor))),TsIdentModule(Some(wordpress),List(editor, components, post-featured-image))) [id => @wordpress/editor, phase => typescript] 
[info ] InferredDefaultModule.scala:39 Inferred module TsIdentModule(Some(wordpress),List(editor, components, post-featured-image)) [id => @wordpress/editor, phase => typescript] 
[info ] Phase1ReadTypescript.scala:171 Preprocessing TsHelperFile(InFile(/home/tso/tmp/tso-cache/DefinitelyTyped/types/wordpress__editor/components/post-format/check.d.ts),FromFolder(InFolder(/home/tso/tmp/tso-cache/DefinitelyTyped/types/wordpress__editor),TsIdentLibraryScoped(wordpress,Some(editor))),TsIdentModule(Some(wordpress),List(editor, components, post-format, check))) [id => @wordpress/editor, phase => typescript] 
[info ] InferredDefaultModule.scala:39 Inferred module TsIdentModule(Some(wordpress),List(editor, components, post-format, check)) [id => @wordpress/editor, phase => typescript] 
[info ] Phase1ReadTypescript.scala:171 Preprocessing TsHelperFile(InFile(/home/tso/tmp/tso-cache/DefinitelyTyped/types/wordpress__editor/components/post-format/index.d.ts),FromFolder(InFolder(/home/tso/tmp/tso-cache/DefinitelyTyped/types/wordpress__editor),TsIdentLibraryScoped(wordpress,Some(editor))),TsIdentModule(Some(wordpress),List(editor, components, post-format))) [id => @wordpress/editor, phase => typescript] 
[info ] InferredDefaultModule.scala:39 Inferred module TsIdentModule(Some(wordpress),List(editor, components, post-format)) [id => @wordpress/editor, phase => typescript] 
[info ] Phase1ReadTypescript.scala:171 Preprocessing TsHelperFile(InFile(/home/tso/tmp/tso-cache/DefinitelyTyped/types/wordpress__editor/components/post-last-revision/check.d.ts),FromFolder(InFolder(/home/tso/tmp/tso-cache/DefinitelyTyped/types/wordpress__editor),TsIdentLibraryScoped(wordpress,Some(editor))),TsIdentModule(Some(wordpress),List(editor, components, post-last-revision, check))) [id => @wordpress/editor, phase => typescript] 
[info ] InferredDefaultModule.scala:39 Inferred module TsIdentModule(Some(wordpress),List(editor, components, post-last-revision, check)) [id => @wordpress/editor, phase => typescript] 
[info ] Phase1ReadTypescript.scala:171 Preprocessing TsHelperFile(InFile(/home/tso/tmp/tso-cache/DefinitelyTyped/types/wordpress__editor/components/post-last-revision/index.d.ts),FromFolder(InFolder(/home/tso/tmp/tso-cache/DefinitelyTyped/types/wordpress__editor),TsIdentLibraryScoped(wordpress,Some(editor))),TsIdentModule(Some(wordpress),List(editor, components, post-last-revision))) [id => @wordpress/editor, phase => typescript] 
[info ] InferredDefaultModule.scala:39 Inferred module TsIdentModule(Some(wordpress),List(editor, components, post-last-revision)) [id => @wordpress/editor, phase => typescript] 
[info ] Phase1ReadTypescript.scala:171 Preprocessing TsHelperFile(InFile(/home/tso/tmp/tso-cache/DefinitelyTyped/types/wordpress__editor/components/post-locked-modal.d.ts),FromFolder(InFolder(/home/tso/tmp/tso-cache/DefinitelyTyped/types/wordpress__editor),TsIdentLibraryScoped(wordpress,Some(editor))),TsIdentModule(Some(wordpress),List(editor, components, post-locked-modal))) [id => @wordpress/editor, phase => typescript] 
[info ] InferredDefaultModule.scala:39 Inferred module TsIdentModule(Some(wordpress),List(editor, components, post-locked-modal)) [id => @wordpress/editor, phase => typescript] 
[info ] Phase1ReadTypescript.scala:171 Preprocessing TsHelperFile(InFile(/home/tso/tmp/tso-cache/DefinitelyTyped/types/wordpress__editor/components/post-pending-status/check.d.ts),FromFolder(InFolder(/home/tso/tmp/tso-cache/DefinitelyTyped/types/wordpress__editor),TsIdentLibraryScoped(wordpress,Some(editor))),TsIdentModule(Some(wordpress),List(editor, components, post-pending-status, check))) [id => @wordpress/editor, phase => typescript] 
[info ] InferredDefaultModule.scala:39 Inferred module TsIdentModule(Some(wordpress),List(editor, components, post-pending-status, check)) [id => @wordpress/editor, phase => typescript] 
[info ] Phase1ReadTypescript.scala:171 Preprocessing TsHelperFile(InFile(/home/tso/tmp/tso-cache/DefinitelyTyped/types/wordpress__editor/components/post-pending-status/index.d.ts),FromFolder(InFolder(/home/tso/tmp/tso-cache/DefinitelyTyped/types/wordpress__editor),TsIdentLibraryScoped(wordpress,Some(editor))),TsIdentModule(Some(wordpress),List(editor, components, post-pending-status))) [id => @wordpress/editor, phase => typescript] 
[info ] InferredDefaultModule.scala:39 Inferred module TsIdentModule(Some(wordpress),List(editor, components, post-pending-status)) [id => @wordpress/editor, phase => typescript] 
[info ] Phase1ReadTypescript.scala:171 Preprocessing TsHelperFile(InFile(/home/tso/tmp/tso-cache/DefinitelyTyped/types/wordpress__editor/components/post-pingbacks.d.ts),FromFolder(InFolder(/home/tso/tmp/tso-cache/DefinitelyTyped/types/wordpress__editor),TsIdentLibraryScoped(wordpress,Some(editor))),TsIdentModule(Some(wordpress),List(editor, components, post-pingbacks))) [id => @wordpress/editor, phase => typescript] 
[info ] InferredDefaultModule.scala:39 Inferred module TsIdentModule(Some(wordpress),List(editor, components, post-pingbacks)) [id => @wordpress/editor, phase => typescript] 
[info ] Phase1ReadTypescript.scala:171 Preprocessing TsHelperFile(InFile(/home/tso/tmp/tso-cache/DefinitelyTyped/types/wordpress__editor/components/post-preview-button.d.ts),FromFolder(InFolder(/home/tso/tmp/tso-cache/DefinitelyTyped/types/wordpress__editor),TsIdentLibraryScoped(wordpress,Some(editor))),TsIdentModule(Some(wordpress),List(editor, components, post-preview-button))) [id => @wordpress/editor, phase => typescript] 
[info ] InferredDefaultModule.scala:39 Inferred module TsIdentModule(Some(wordpress),List(editor, components, post-preview-button)) [id => @wordpress/editor, phase => typescript] 
[info ] Phase1ReadTypescript.scala:171 Preprocessing TsHelperFile(InFile(/home/tso/tmp/tso-cache/DefinitelyTyped/types/wordpress__editor/components/post-publish-button/index.d.ts),FromFolder(InFolder(/home/tso/tmp/tso-cache/DefinitelyTyped/types/wordpress__editor),TsIdentLibraryScoped(wordpress,Some(editor))),TsIdentModule(Some(wordpress),List(editor, components, post-publish-button))) [id => @wordpress/editor, phase => typescript] 
[info ] InferredDefaultModule.scala:39 Inferred module TsIdentModule(Some(wordpress),List(editor, components, post-publish-button)) [id => @wordpress/editor, phase => typescript] 
[info ] Phase1ReadTypescript.scala:171 Preprocessing TsHelperFile(InFile(/home/tso/tmp/tso-cache/DefinitelyTyped/types/wordpress__editor/components/post-publish-button/label.d.ts),FromFolder(InFolder(/home/tso/tmp/tso-cache/DefinitelyTyped/types/wordpress__editor),TsIdentLibraryScoped(wordpress,Some(editor))),TsIdentModule(Some(wordpress),List(editor, components, post-publish-button, label))) [id => @wordpress/editor, phase => typescript] 
[info ] InferredDefaultModule.scala:39 Inferred module TsIdentModule(Some(wordpress),List(editor, components, post-publish-button, label)) [id => @wordpress/editor, phase => typescript] 
[info ] Phase1ReadTypescript.scala:171 Preprocessing TsHelperFile(InFile(/home/tso/tmp/tso-cache/DefinitelyTyped/types/wordpress__editor/components/post-publish-panel.d.ts),FromFolder(InFolder(/home/tso/tmp/tso-cache/DefinitelyTyped/types/wordpress__editor),TsIdentLibraryScoped(wordpress,Some(editor))),TsIdentModule(Some(wordpress),List(editor, components, post-publish-panel))) [id => @wordpress/editor, phase => typescript] 
[info ] InferredDefaultModule.scala:39 Inferred module TsIdentModule(Some(wordpress),List(editor, components, post-publish-panel)) [id => @wordpress/editor, phase => typescript] 
[info ] Phase1ReadTypescript.scala:171 Preprocessing TsHelperFile(InFile(/home/tso/tmp/tso-cache/DefinitelyTyped/types/wordpress__editor/components/post-saved-state.d.ts),FromFolder(InFolder(/home/tso/tmp/tso-cache/DefinitelyTyped/types/wordpress__editor),TsIdentLibraryScoped(wordpress,Some(editor))),TsIdentModule(Some(wordpress),List(editor, components, post-saved-state))) [id => @wordpress/editor, phase => typescript] 
[info ] InferredDefaultModule.scala:39 Inferred module TsIdentModule(Some(wordpress),List(editor, components, post-saved-state)) [id => @wordpress/editor, phase => typescript] 
[info ] Phase1ReadTypescript.scala:171 Preprocessing TsHelperFile(InFile(/home/tso/tmp/tso-cache/DefinitelyTyped/types/wordpress__editor/components/post-schedule/check.d.ts),FromFolder(InFolder(/home/tso/tmp/tso-cache/DefinitelyTyped/types/wordpress__editor),TsIdentLibraryScoped(wordpress,Some(editor))),TsIdentModule(Some(wordpress),List(editor, components, post-schedule, check))) [id => @wordpress/editor, phase => typescript] 
[info ] InferredDefaultModule.scala:39 Inferred module TsIdentModule(Some(wordpress),List(editor, components, post-schedule, check)) [id => @wordpress/editor, phase => typescript] 
[info ] Phase1ReadTypescript.scala:171 Preprocessing TsHelperFile(InFile(/home/tso/tmp/tso-cache/DefinitelyTyped/types/wordpress__editor/components/post-schedule/index.d.ts),FromFolder(InFolder(/home/tso/tmp/tso-cache/DefinitelyTyped/types/wordpress__editor),TsIdentLibraryScoped(wordpress,Some(editor))),TsIdentModule(Some(wordpress),List(editor, components, post-schedule))) [id => @wordpress/editor, phase => typescript] 
[info ] InferredDefaultModule.scala:39 Inferred module TsIdentModule(Some(wordpress),List(editor, components, post-schedule)) [id => @wordpress/editor, phase => typescript] 
[info ] Phase1ReadTypescript.scala:171 Preprocessing TsHelperFile(InFile(/home/tso/tmp/tso-cache/DefinitelyTyped/types/wordpress__editor/components/post-schedule/label.d.ts),FromFolder(InFolder(/home/tso/tmp/tso-cache/DefinitelyTyped/types/wordpress__editor),TsIdentLibraryScoped(wordpress,Some(editor))),TsIdentModule(Some(wordpress),List(editor, components, post-schedule, label))) [id => @wordpress/editor, phase => typescript] 
[info ] InferredDefaultModule.scala:39 Inferred module TsIdentModule(Some(wordpress),List(editor, components, post-schedule, label)) [id => @wordpress/editor, phase => typescript] 
[info ] Phase1ReadTypescript.scala:171 Preprocessing TsHelperFile(InFile(/home/tso/tmp/tso-cache/DefinitelyTyped/types/wordpress__editor/components/post-sticky/check.d.ts),FromFolder(InFolder(/home/tso/tmp/tso-cache/DefinitelyTyped/types/wordpress__editor),TsIdentLibraryScoped(wordpress,Some(editor))),TsIdentModule(Some(wordpress),List(editor, components, post-sticky, check))) [id => @wordpress/editor, phase => typescript] 
[info ] InferredDefaultModule.scala:39 Inferred module TsIdentModule(Some(wordpress),List(editor, components, post-sticky, check)) [id => @wordpress/editor, phase => typescript] 
[info ] Phase1ReadTypescript.scala:171 Preprocessing TsHelperFile(InFile(/home/tso/tmp/tso-cache/DefinitelyTyped/types/wordpress__editor/components/post-sticky/index.d.ts),FromFolder(InFolder(/home/tso/tmp/tso-cache/DefinitelyTyped/types/wordpress__editor),TsIdentLibraryScoped(wordpress,Some(editor))),TsIdentModule(Some(wordpress),List(editor, components, post-sticky))) [id => @wordpress/editor, phase => typescript] 
[info ] InferredDefaultModule.scala:39 Inferred module TsIdentModule(Some(wordpress),List(editor, components, post-sticky)) [id => @wordpress/editor, phase => typescript] 
[info ] Phase1ReadTypescript.scala:171 Preprocessing TsHelperFile(InFile(/home/tso/tmp/tso-cache/DefinitelyTyped/types/wordpress__editor/components/post-switch-to-draft-button.d.ts),FromFolder(InFolder(/home/tso/tmp/tso-cache/DefinitelyTyped/types/wordpress__editor),TsIdentLibraryScoped(wordpress,Some(editor))),TsIdentModule(Some(wordpress),List(editor, components, post-switch-to-draft-button))) [id => @wordpress/editor, phase => typescript] 
[info ] InferredDefaultModule.scala:39 Inferred module TsIdentModule(Some(wordpress),List(editor, components, post-switch-to-draft-button)) [id => @wordpress/editor, phase => typescript] 
[info ] Phase1ReadTypescript.scala:171 Preprocessing TsHelperFile(InFile(/home/tso/tmp/tso-cache/DefinitelyTyped/types/wordpress__editor/components/post-taxonomies/check.d.ts),FromFolder(InFolder(/home/tso/tmp/tso-cache/DefinitelyTyped/types/wordpress__editor),TsIdentLibraryScoped(wordpress,Some(editor))),TsIdentModule(Some(wordpress),List(editor, components, post-taxonomies, check))) [id => @wordpress/editor, phase => typescript] 
[info ] InferredDefaultModule.scala:39 Inferred module TsIdentModule(Some(wordpress),List(editor, components, post-taxonomies, check)) [id => @wordpress/editor, phase => typescript] 
[info ] Phase1ReadTypescript.scala:171 Preprocessing TsHelperFile(InFile(/home/tso/tmp/tso-cache/DefinitelyTyped/types/wordpress__editor/components/post-taxonomies/index.d.ts),FromFolder(InFolder(/home/tso/tmp/tso-cache/DefinitelyTyped/types/wordpress__editor),TsIdentLibraryScoped(wordpress,Some(editor))),TsIdentModule(Some(wordpress),List(editor, components, post-taxonomies))) [id => @wordpress/editor, phase => typescript] 
[info ] InferredDefaultModule.scala:39 Inferred module TsIdentModule(Some(wordpress),List(editor, components, post-taxonomies)) [id => @wordpress/editor, phase => typescript] 
[info ] Phase1ReadTypescript.scala:171 Preprocessing TsHelperFile(InFile(/home/tso/tmp/tso-cache/DefinitelyTyped/types/wordpress__editor/components/post-text-editor.d.ts),FromFolder(InFolder(/home/tso/tmp/tso-cache/DefinitelyTyped/types/wordpress__editor),TsIdentLibraryScoped(wordpress,Some(editor))),TsIdentModule(Some(wordpress),List(editor, components, post-text-editor))) [id => @wordpress/editor, phase => typescript] 
[info ] InferredDefaultModule.scala:39 Inferred module TsIdentModule(Some(wordpress),List(editor, components, post-text-editor)) [id => @wordpress/editor, phase => typescript] 
[info ] Phase1ReadTypescript.scala:171 Preprocessing TsHelperFile(InFile(/home/tso/tmp/tso-cache/DefinitelyTyped/types/wordpress__editor/components/post-title.d.ts),FromFolder(InFolder(/home/tso/tmp/tso-cache/DefinitelyTyped/types/wordpress__editor),TsIdentLibraryScoped(wordpress,Some(editor))),TsIdentModule(Some(wordpress),List(editor, components, post-title))) [id => @wordpress/editor, phase => typescript] 
[info ] InferredDefaultModule.scala:39 Inferred module TsIdentModule(Some(wordpress),List(editor, components, post-title)) [id => @wordpress/editor, phase => typescript] 
[info ] Phase1ReadTypescript.scala:171 Preprocessing TsHelperFile(InFile(/home/tso/tmp/tso-cache/DefinitelyTyped/types/wordpress__editor/components/post-trash/check.d.ts),FromFolder(InFolder(/home/tso/tmp/tso-cache/DefinitelyTyped/types/wordpress__editor),TsIdentLibraryScoped(wordpress,Some(editor))),TsIdentModule(Some(wordpress),List(editor, components, post-trash, check))) [id => @wordpress/editor, phase => typescript] 
[info ] InferredDefaultModule.scala:39 Inferred module TsIdentModule(Some(wordpress),List(editor, components, post-trash, check)) [id => @wordpress/editor, phase => typescript] 
[info ] Phase1ReadTypescript.scala:171 Preprocessing TsHelperFile(InFile(/home/tso/tmp/tso-cache/DefinitelyTyped/types/wordpress__editor/components/post-trash/index.d.ts),FromFolder(InFolder(/home/tso/tmp/tso-cache/DefinitelyTyped/types/wordpress__editor),TsIdentLibraryScoped(wordpress,Some(editor))),TsIdentModule(Some(wordpress),List(editor, components, post-trash))) [id => @wordpress/editor, phase => typescript] 
[info ] InferredDefaultModule.scala:39 Inferred module TsIdentModule(Some(wordpress),List(editor, components, post-trash)) [id => @wordpress/editor, phase => typescript] 
[info ] Phase1ReadTypescript.scala:171 Preprocessing TsHelperFile(InFile(/home/tso/tmp/tso-cache/DefinitelyTyped/types/wordpress__editor/components/post-type-support-check.d.ts),FromFolder(InFolder(/home/tso/tmp/tso-cache/DefinitelyTyped/types/wordpress__editor),TsIdentLibraryScoped(wordpress,Some(editor))),TsIdentModule(Some(wordpress),List(editor, components, post-type-support-check))) [id => @wordpress/editor, phase => typescript] 
[info ] InferredDefaultModule.scala:39 Inferred module TsIdentModule(Some(wordpress),List(editor, components, post-type-support-check)) [id => @wordpress/editor, phase => typescript] 
[info ] Phase1ReadTypescript.scala:171 Preprocessing TsHelperFile(InFile(/home/tso/tmp/tso-cache/DefinitelyTyped/types/wordpress__editor/components/post-visibility/check.d.ts),FromFolder(InFolder(/home/tso/tmp/tso-cache/DefinitelyTyped/types/wordpress__editor),TsIdentLibraryScoped(wordpress,Some(editor))),TsIdentModule(Some(wordpress),List(editor, components, post-visibility, check))) [id => @wordpress/editor, phase => typescript] 
[info ] InferredDefaultModule.scala:39 Inferred module TsIdentModule(Some(wordpress),List(editor, components, post-visibility, check)) [id => @wordpress/editor, phase => typescript] 
[info ] Phase1ReadTypescript.scala:171 Preprocessing TsHelperFile(InFile(/home/tso/tmp/tso-cache/DefinitelyTyped/types/wordpress__editor/components/post-visibility/index.d.ts),FromFolder(InFolder(/home/tso/tmp/tso-cache/DefinitelyTyped/types/wordpress__editor),TsIdentLibraryScoped(wordpress,Some(editor))),TsIdentModule(Some(wordpress),List(editor, components, post-visibility))) [id => @wordpress/editor, phase => typescript] 
[info ] InferredDefaultModule.scala:39 Inferred module TsIdentModule(Some(wordpress),List(editor, components, post-visibility)) [id => @wordpress/editor, phase => typescript] 
[info ] Phase1ReadTypescript.scala:171 Preprocessing TsHelperFile(InFile(/home/tso/tmp/tso-cache/DefinitelyTyped/types/wordpress__editor/components/post-visibility/label.d.ts),FromFolder(InFolder(/home/tso/tmp/tso-cache/DefinitelyTyped/types/wordpress__editor),TsIdentLibraryScoped(wordpress,Some(editor))),TsIdentModule(Some(wordpress),List(editor, components, post-visibility, label))) [id => @wordpress/editor, phase => typescript] 
[info ] InferredDefaultModule.scala:39 Inferred module TsIdentModule(Some(wordpress),List(editor, components, post-visibility, label)) [id => @wordpress/editor, phase => typescript] 
[info ] Phase1ReadTypescript.scala:171 Preprocessing TsHelperFile(InFile(/home/tso/tmp/tso-cache/DefinitelyTyped/types/wordpress__editor/components/provider.d.ts),FromFolder(InFolder(/home/tso/tmp/tso-cache/DefinitelyTyped/types/wordpress__editor),TsIdentLibraryScoped(wordpress,Some(editor))),TsIdentModule(Some(wordpress),List(editor, components, provider))) [id => @wordpress/editor, phase => typescript] 
[info ] InferredDefaultModule.scala:39 Inferred module TsIdentModule(Some(wordpress),List(editor, components, provider)) [id => @wordpress/editor, phase => typescript] 
[info ] Phase1ReadTypescript.scala:171 Preprocessing TsHelperFile(InFile(/home/tso/tmp/tso-cache/DefinitelyTyped/types/wordpress__editor/components/table-of-contents.d.ts),FromFolder(InFolder(/home/tso/tmp/tso-cache/DefinitelyTyped/types/wordpress__editor),TsIdentLibraryScoped(wordpress,Some(editor))),TsIdentModule(Some(wordpress),List(editor, components, table-of-contents))) [id => @wordpress/editor, phase => typescript] 
[info ] InferredDefaultModule.scala:39 Inferred module TsIdentModule(Some(wordpress),List(editor, components, table-of-contents)) [id => @wordpress/editor, phase => typescript] 
[info ] Phase1ReadTypescript.scala:171 Preprocessing TsHelperFile(InFile(/home/tso/tmp/tso-cache/DefinitelyTyped/types/wordpress__editor/components/unsaved-changes-warning.d.ts),FromFolder(InFolder(/home/tso/tmp/tso-cache/DefinitelyTyped/types/wordpress__editor),TsIdentLibraryScoped(wordpress,Some(editor))),TsIdentModule(Some(wordpress),List(editor, components, unsaved-changes-warning))) [id => @wordpress/editor, phase => typescript] 
[info ] InferredDefaultModule.scala:39 Inferred module TsIdentModule(Some(wordpress),List(editor, components, unsaved-changes-warning)) [id => @wordpress/editor, phase => typescript] 
[info ] Phase1ReadTypescript.scala:171 Preprocessing TsHelperFile(InFile(/home/tso/tmp/tso-cache/DefinitelyTyped/types/wordpress__editor/components/word-count.d.ts),FromFolder(InFolder(/home/tso/tmp/tso-cache/DefinitelyTyped/types/wordpress__editor),TsIdentLibraryScoped(wordpress,Some(editor))),TsIdentModule(Some(wordpress),List(editor, components, word-count))) [id => @wordpress/editor, phase => typescript] 
[info ] InferredDefaultModule.scala:39 Inferred module TsIdentModule(Some(wordpress),List(editor, components, word-count)) [id => @wordpress/editor, phase => typescript] 
[info ] Phase1ReadTypescript.scala:171 Preprocessing TsHelperFile(InFile(/home/tso/tmp/tso-cache/DefinitelyTyped/types/wordpress__editor/index.d.ts),FromFolder(InFolder(/home/tso/tmp/tso-cache/DefinitelyTyped/types/wordpress__editor),TsIdentLibraryScoped(wordpress,Some(editor))),TsIdentModule(Some(wordpress),List(editor))) [id => @wordpress/editor, phase => typescript] 
[info ] InferredDefaultModule.scala:39 Inferred module TsIdentModule(Some(wordpress),List(editor)) [id => @wordpress/editor, phase => typescript] 
[info ] Phase1ReadTypescript.scala:171 Preprocessing TsHelperFile(InFile(/home/tso/tmp/tso-cache/DefinitelyTyped/types/wordpress__editor/store/actions.d.ts),FromFolder(InFolder(/home/tso/tmp/tso-cache/DefinitelyTyped/types/wordpress__editor),TsIdentLibraryScoped(wordpress,Some(editor))),TsIdentModule(Some(wordpress),List(editor, store, actions))) [id => @wordpress/editor, phase => typescript] 
[info ] InferredDefaultModule.scala:39 Inferred module TsIdentModule(Some(wordpress),List(editor, store, actions)) [id => @wordpress/editor, phase => typescript] 
[info ] Phase1ReadTypescript.scala:171 Preprocessing TsHelperFile(InFile(/home/tso/tmp/tso-cache/DefinitelyTyped/types/wordpress__editor/store/selectors.d.ts),FromFolder(InFolder(/home/tso/tmp/tso-cache/DefinitelyTyped/types/wordpress__editor),TsIdentLibraryScoped(wordpress,Some(editor))),TsIdentModule(Some(wordpress),List(editor, store, selectors))) [id => @wordpress/editor, phase => typescript] 
[info ] InferredDefaultModule.scala:39 Inferred module TsIdentModule(Some(wordpress),List(editor, store, selectors)) [id => @wordpress/editor, phase => typescript] 
[info ] Phase1ReadTypescript.scala:171 Preprocessing TsHelperFile(InFile(/home/tso/tmp/tso-cache/DefinitelyTyped/types/wordpress__editor/utils/index.d.ts),FromFolder(InFolder(/home/tso/tmp/tso-cache/DefinitelyTyped/types/wordpress__editor),TsIdentLibraryScoped(wordpress,Some(editor))),TsIdentModule(Some(wordpress),List(editor, utils))) [id => @wordpress/editor, phase => typescript] 
[info ] InferredDefaultModule.scala:39 Inferred module TsIdentModule(Some(wordpress),List(editor, utils)) [id => @wordpress/editor, phase => typescript] 
[warn ] Phase1ReadTypescript.scala:191 Processing TsIdentLibraryScoped(wordpress,Some(editor)) [id => @wordpress/editor, phase => typescript] 
[warn ] QualifyReferences.scala:32 Couldn't qualify ComponentType<AutosaveMonitor.Props> [id => @wordpress/editor, phase => typescript, scope => TreeScope(TsParsedFile() / TsDeclModule(@wordpress/editor/components/autosave-monitor) / TsDeclVar(AutosaveMonitor) / TsTypeRef())] 
[warn ] QualifyReferences.scala:32 Couldn't qualify ReactNode [id => @wordpress/editor, phase => typescript, scope => TreeScope(TsParsedFile() / TsDeclModule(@wordpress/editor/components/document-outline/check) / TsDeclNamespace(DocumentOutlineCheck) / TsDeclInterface(Props) / TsMemberProperty(children) / TsTypeRef())] 
[warn ] QualifyReferences.scala:32 Couldn't qualify ComponentType<DocumentOutlineCheck.Props> [id => @wordpress/editor, phase => typescript, scope => TreeScope(TsParsedFile() / TsDeclModule(@wordpress/editor/components/document-outline/check) / TsDeclVar(DocumentOutlineCheck) / TsTypeRef())] 
[warn ] QualifyReferences.scala:32 Couldn't qualify ComponentType<DocumentOutline.Props> [id => @wordpress/editor, phase => typescript, scope => TreeScope(TsParsedFile() / TsDeclModule(@wordpress/editor/components/document-outline) / TsDeclVar(DocumentOutline) / TsTypeRef())] 
[warn ] QualifyReferences.scala:32 Couldn't qualify ComponentType<EditorHistoryRedo.Props> [id => @wordpress/editor, phase => typescript, scope => TreeScope(TsParsedFile() / TsDeclModule(@wordpress/editor/components/editor-history/redo) / TsDeclVar(EditorHistoryRedo) / TsTypeRef())] 
[warn ] QualifyReferences.scala:32 Couldn't qualify ComponentType<EditorHistoryUndo.Props> [id => @wordpress/editor, phase => typescript, scope => TreeScope(TsParsedFile() / TsDeclModule(@wordpress/editor/components/editor-history/undo) / TsDeclVar(EditorHistoryUndo) / TsTypeRef())] 
[warn ] QualifyReferences.scala:32 Couldn't qualify ComponentType<EditorNotices.Props> [id => @wordpress/editor, phase => typescript, scope => TreeScope(TsParsedFile() / TsDeclModule(@wordpress/editor/components/editor-notices) / TsDeclVar(EditorNotices) / TsTypeRef())] 
[warn ] QualifyReferences.scala:32 Couldn't qualify ReactNode [id => @wordpress/editor, phase => typescript, scope => TreeScope(TsParsedFile() / TsDeclModule(@wordpress/editor/components/error-boundary) / TsDeclNamespace(ErrorBoundary) / TsDeclInterface(Props) / TsMemberProperty(children) / TsTypeRef())] 
[warn ] QualifyReferences.scala:32 Couldn't qualify ComponentType<ErrorBoundary.Props> [id => @wordpress/editor, phase => typescript, scope => TreeScope(TsParsedFile() / TsDeclModule(@wordpress/editor/components/error-boundary) / TsDeclVar(ErrorBoundary) / TsTypeRef())] 
[warn ] QualifyReferences.scala:32 Couldn't qualify ComponentType<TextEditorGlobalKeyboardShortcuts.Props> [id => @wordpress/editor, phase => typescript, scope => TreeScope(TsParsedFile() / TsDeclModule(@wordpress/editor/components/global-keyboard-shortcuts/text-editor-shortcuts) / TsDeclVar(TextEditorGlobalKeyboardShortcuts) / TsTypeRef())] 
[warn ] QualifyReferences.scala:32 Couldn't qualify ComponentType<VisualEditorGlobalKeyboardShortcuts.Props> [id => @wordpress/editor, phase => typescript, scope => TreeScope(TsParsedFile() / TsDeclModule(@wordpress/editor/components/global-keyboard-shortcuts/visual-editor-shortcuts) / TsDeclVar(VisualEditorGlobalKeyboardShortcuts) / TsTypeRef())] 
[warn ] QualifyReferences.scala:32 Couldn't qualify ReactNode [id => @wordpress/editor, phase => typescript, scope => TreeScope(TsParsedFile() / TsDeclModule(@wordpress/editor/components/page-attributes/check) / TsDeclNamespace(PageAttributesCheck) / TsDeclInterface(Props) / TsMemberProperty(children) / TsTypeRef())] 
[warn ] QualifyReferences.scala:32 Couldn't qualify ComponentType<PageAttributesCheck.Props> [id => @wordpress/editor, phase => typescript, scope => TreeScope(TsParsedFile() / TsDeclModule(@wordpress/editor/components/page-attributes/check) / TsDeclVar(PageAttributesCheck) / TsTypeRef())] 
[warn ] QualifyReferences.scala:32 Couldn't qualify ComponentType<PageAttributesOrder.Props> [id => @wordpress/editor, phase => typescript, scope => TreeScope(TsParsedFile() / TsDeclModule(@wordpress/editor/components/page-attributes/order) / TsDeclVar(PageAttributesOrder) / TsTypeRef())] 
[warn ] QualifyReferences.scala:32 Couldn't qualify ComponentType<PageAttributesParent.Props> [id => @wordpress/editor, phase => typescript, scope => TreeScope(TsParsedFile() / TsDeclModule(@wordpress/editor/components/page-attributes/parent) / TsDeclVar(PageAttributesParent) / TsTypeRef())] 
[warn ] QualifyReferences.scala:32 Couldn't qualify ComponentType<PageTemplate.Props> [id => @wordpress/editor, phase => typescript, scope => TreeScope(TsParsedFile() / TsDeclModule(@wordpress/editor/components/page-attributes/template) / TsDeclVar(PageTemplate) / TsTypeRef())] 
[warn ] QualifyReferences.scala:32 Couldn't qualify ReactNode [id => @wordpress/editor, phase => typescript, scope => TreeScope(TsParsedFile() / TsDeclModule(@wordpress/editor/components/post-author/check) / TsDeclNamespace(PostAuthorCheck) / TsDeclInterface(Props) / TsMemberProperty(children) / TsTypeRef())] 
[warn ] QualifyReferences.scala:32 Couldn't qualify ComponentType<PostAuthorCheck.Props> [id => @wordpress/editor, phase => typescript, scope => TreeScope(TsParsedFile() / TsDeclModule(@wordpress/editor/components/post-author/check) / TsDeclVar(PostAuthorCheck) / TsTypeRef())] 
[warn ] QualifyReferences.scala:32 Couldn't qualify ComponentType<PostAuthor.Props> [id => @wordpress/editor, phase => typescript, scope => TreeScope(TsParsedFile() / TsDeclModule(@wordpress/editor/components/post-author) / TsDeclVar(PostAuthor) / TsTypeRef())] 
[warn ] QualifyReferences.scala:32 Couldn't qualify ComponentType<PostComments.Props> [id => @wordpress/editor, phase => typescript, scope => TreeScope(TsParsedFile() / TsDeclModule(@wordpress/editor/components/post-comments) / TsDeclVar(PostComments) / TsTypeRef())] 
[warn ] QualifyReferences.scala:32 Couldn't qualify ReactNode [id => @wordpress/editor, phase => typescript, scope => TreeScope(TsParsedFile() / TsDeclModule(@wordpress/editor/components/post-excerpt/check) / TsDeclNamespace(PostExcerptCheck) / TsDeclInterface(Props) / TsMemberProperty(children) / TsTypeRef())] 
[warn ] QualifyReferences.scala:32 Couldn't qualify ComponentType<PostExcerptCheck.Props> [id => @wordpress/editor, phase => typescript, scope => TreeScope(TsParsedFile() / TsDeclModule(@wordpress/editor/components/post-excerpt/check) / TsDeclVar(PostExcerptCheck) / TsTypeRef())] 
[warn ] QualifyReferences.scala:32 Couldn't qualify ComponentType<PostExcerpt.Props> [id => @wordpress/editor, phase => typescript, scope => TreeScope(TsParsedFile() / TsDeclModule(@wordpress/editor/components/post-excerpt) / TsDeclVar(PostExcerpt) / TsTypeRef())] 
[warn ] QualifyReferences.scala:32 Couldn't qualify ReactNode [id => @wordpress/editor, phase => typescript, scope => TreeScope(TsParsedFile() / TsDeclModule(@wordpress/editor/components/post-featured-image/check) / TsDeclNamespace(PostFeaturedImageCheck) / TsDeclInterface(Props) / TsMemberProperty(children) / TsTypeRef())] 
[warn ] QualifyReferences.scala:32 Couldn't qualify ComponentType<PostFeaturedImageCheck.Props> [id => @wordpress/editor, phase => typescript, scope => TreeScope(TsParsedFile() / TsDeclModule(@wordpress/editor/components/post-featured-image/check) / TsDeclVar(PostFeaturedImageCheck) / TsTypeRef())] 
[warn ] QualifyReferences.scala:32 Couldn't qualify ComponentType<PostFeaturedImage.Props> [id => @wordpress/editor, phase => typescript, scope => TreeScope(TsParsedFile() / TsDeclModule(@wordpress/editor/components/post-featured-image) / TsDeclVar(PostFeaturedImage) / TsTypeRef())] 
[warn ] QualifyReferences.scala:32 Couldn't qualify ReactNode [id => @wordpress/editor, phase => typescript, scope => TreeScope(TsParsedFile() / TsDeclModule(@wordpress/editor/components/post-format/check) / TsDeclNamespace(PostFormatCheck) / TsDeclInterface(Props) / TsMemberProperty(children) / TsTypeRef())] 
[warn ] QualifyReferences.scala:32 Couldn't qualify ComponentType<PostFormatCheck.Props> [id => @wordpress/editor, phase => typescript, scope => TreeScope(TsParsedFile() / TsDeclModule(@wordpress/editor/components/post-format/check) / TsDeclVar(PostFormatCheck) / TsTypeRef())] 
[warn ] QualifyReferences.scala:32 Couldn't qualify ComponentType<PostFormat.Props> [id => @wordpress/editor, phase => typescript, scope => TreeScope(TsParsedFile() / TsDeclModule(@wordpress/editor/components/post-format) / TsDeclVar(PostFormat) / TsTypeRef())] 
[warn ] QualifyReferences.scala:32 Couldn't qualify ReactNode [id => @wordpress/editor, phase => typescript, scope => TreeScope(TsParsedFile() / TsDeclModule(@wordpress/editor/components/post-last-revision/check) / TsDeclNamespace(PostLastRevisionCheck) / TsDeclInterface(Props) / TsMemberProperty(children) / TsTypeRef())] 
[warn ] QualifyReferences.scala:32 Couldn't qualify ComponentType<PostLastRevisionCheck.Props> [id => @wordpress/editor, phase => typescript, scope => TreeScope(TsParsedFile() / TsDeclModule(@wordpress/editor/components/post-last-revision/check) / TsDeclVar(PostLastRevisionCheck) / TsTypeRef())] 
[warn ] QualifyReferences.scala:32 Couldn't qualify ComponentType<PostLastRevision.Props> [id => @wordpress/editor, phase => typescript, scope => TreeScope(TsParsedFile() / TsDeclModule(@wordpress/editor/components/post-last-revision) / TsDeclVar(PostLastRevision) / TsTypeRef())] 
[warn ] QualifyReferences.scala:32 Couldn't qualify ComponentType<PostLockedModal.Props> [id => @wordpress/editor, phase => typescript, scope => TreeScope(TsParsedFile() / TsDeclModule(@wordpress/editor/components/post-locked-modal) / TsDeclVar(PostLockedModal) / TsTypeRef())] 
[warn ] QualifyReferences.scala:32 Couldn't qualify ReactNode [id => @wordpress/editor, phase => typescript, scope => TreeScope(TsParsedFile() / TsDeclModule(@wordpress/editor/components/post-pending-status/check) / TsDeclNamespace(PostPendingStatusCheck) / TsDeclInterface(Props) / TsMemberProperty(children) / TsTypeRef())] 
[warn ] QualifyReferences.scala:32 Couldn't qualify ComponentType<PostPendingStatusCheck.Props> [id => @wordpress/editor, phase => typescript, scope => TreeScope(TsParsedFile() / TsDeclModule(@wordpress/editor/components/post-pending-status/check) / TsDeclVar(PostPendingStatusCheck) / TsTypeRef())] 
[warn ] QualifyReferences.scala:32 Couldn't qualify ComponentType<PostPendingStatus.Props> [id => @wordpress/editor, phase => typescript, scope => TreeScope(TsParsedFile() / TsDeclModule(@wordpress/editor/components/post-pending-status) / TsDeclVar(PostPendingStatus) / TsTypeRef())] 
[warn ] QualifyReferences.scala:32 Couldn't qualify ComponentType<PostPingbacks.Props> [id => @wordpress/editor, phase => typescript, scope => TreeScope(TsParsedFile() / TsDeclModule(@wordpress/editor/components/post-pingbacks) / TsDeclVar(PostPingbacks) / TsTypeRef())] 
[warn ] QualifyReferences.scala:32 Couldn't qualify ComponentType<PostPreviewButton.Props> [id => @wordpress/editor, phase => typescript, scope => TreeScope(TsParsedFile() / TsDeclModule(@wordpress/editor/components/post-preview-button) / TsDeclVar(PostPreviewButton) / TsTypeRef())] 
[warn ] QualifyReferences.scala:32 Couldn't qualify ComponentType<PostPublishButton.Props> [id => @wordpress/editor, phase => typescript, scope => TreeScope(TsParsedFile() / TsDeclModule(@wordpress/editor/components/post-publish-button) / TsDeclVar(PostPublishButton) / TsTypeRef())] 
[warn ] QualifyReferences.scala:32 Couldn't qualify ComponentType<PostPublishButtonLabel.Props> [id => @wordpress/editor, phase => typescript, scope => TreeScope(TsParsedFile() / TsDeclModule(@wordpress/editor/components/post-publish-button/label) / TsDeclVar(PostPublishButtonLabel) / TsTypeRef())] 
[warn ] QualifyReferences.scala:32 Couldn't qualify HTMLProps<HTMLDivElement> [id => @wordpress/editor, phase => typescript, scope => TreeScope(TsParsedFile() / TsDeclModule(@wordpress/editor/components/post-publish-panel) / TsDeclNamespace(PostPublishPanel) / TsDeclInterface(Props) / TsTypeRef())] 
[warn ] QualifyReferences.scala:32 Couldn't qualify ComponentType [id => @wordpress/editor, phase => typescript, scope => TreeScope(TsParsedFile() / TsDeclModule(@wordpress/editor/components/post-publish-panel) / TsDeclNamespace(PostPublishPanel) / TsDeclInterface(Props) / TsMemberProperty(PostPublishExtension) / TsTypeRef())] 
[warn ] QualifyReferences.scala:32 Couldn't qualify ComponentType [id => @wordpress/editor, phase => typescript, scope => TreeScope(TsParsedFile() / TsDeclModule(@wordpress/editor/components/post-publish-panel) / TsDeclNamespace(PostPublishPanel) / TsDeclInterface(Props) / TsMemberProperty(PrePublishExtension) / TsTypeRef())] 
[warn ] QualifyReferences.scala:32 Couldn't qualify ComponentType<PostPublishPanel.Props> [id => @wordpress/editor, phase => typescript, scope => TreeScope(TsParsedFile() / TsDeclModule(@wordpress/editor/components/post-publish-panel) / TsDeclVar(PostPublishPanel) / TsTypeRef())] 
[warn ] QualifyReferences.scala:32 Couldn't qualify ComponentType<PostSavedState.Props> [id => @wordpress/editor, phase => typescript, scope => TreeScope(TsParsedFile() / TsDeclModule(@wordpress/editor/components/post-saved-state) / TsDeclVar(PostSavedState) / TsTypeRef())] 
[warn ] QualifyReferences.scala:32 Couldn't qualify ReactNode [id => @wordpress/editor, phase => typescript, scope => TreeScope(TsParsedFile() / TsDeclModule(@wordpress/editor/components/post-schedule/check) / TsDeclNamespace(PostScheduleCheck) / TsDeclInterface(Props) / TsMemberProperty(children) / TsTypeRef())] 
[warn ] QualifyReferences.scala:32 Couldn't qualify ComponentType<PostScheduleCheck.Props> [id => @wordpress/editor, phase => typescript, scope => TreeScope(TsParsedFile() / TsDeclModule(@wordpress/editor/components/post-schedule/check) / TsDeclVar(PostScheduleCheck) / TsTypeRef())] 
[warn ] QualifyReferences.scala:32 Couldn't qualify ComponentType<PostSchedule.Props> [id => @wordpress/editor, phase => typescript, scope => TreeScope(TsParsedFile() / TsDeclModule(@wordpress/editor/components/post-schedule) / TsDeclVar(PostSchedule) / TsTypeRef())] 
[warn ] QualifyReferences.scala:32 Couldn't qualify ComponentType<PostScheduleLabel.Props> [id => @wordpress/editor, phase => typescript, scope => TreeScope(TsParsedFile() / TsDeclModule(@wordpress/editor/components/post-schedule/label) / TsDeclVar(PostScheduleLabel) / TsTypeRef())] 
[warn ] QualifyReferences.scala:32 Couldn't qualify ReactNode [id => @wordpress/editor, phase => typescript, scope => TreeScope(TsParsedFile() / TsDeclModule(@wordpress/editor/components/post-sticky/check) / TsDeclNamespace(PostStickyCheck) / TsDeclInterface(Props) / TsMemberProperty(children) / TsTypeRef())] 
[warn ] QualifyReferences.scala:32 Couldn't qualify ComponentType<PostStickyCheck.Props> [id => @wordpress/editor, phase => typescript, scope => TreeScope(TsParsedFile() / TsDeclModule(@wordpress/editor/components/post-sticky/check) / TsDeclVar(PostStickyCheck) / TsTypeRef())] 
[warn ] QualifyReferences.scala:32 Couldn't qualify ComponentType<PostSticky.Props> [id => @wordpress/editor, phase => typescript, scope => TreeScope(TsParsedFile() / TsDeclModule(@wordpress/editor/components/post-sticky) / TsDeclVar(PostSticky) / TsTypeRef())] 
[warn ] QualifyReferences.scala:32 Couldn't qualify ComponentType<PostSwitchToDraftButton.Props> [id => @wordpress/editor, phase => typescript, scope => TreeScope(TsParsedFile() / TsDeclModule(@wordpress/editor/components/post-switch-to-draft-button) / TsDeclVar(PostSwitchToDraftButton) / TsTypeRef())] 
[warn ] QualifyReferences.scala:32 Couldn't qualify ReactNode [id => @wordpress/editor, phase => typescript, scope => TreeScope(TsParsedFile() / TsDeclModule(@wordpress/editor/components/post-taxonomies/check) / TsDeclNamespace(PostTaxonomiesCheck) / TsDeclInterface(Props) / TsMemberProperty(children) / TsTypeRef())] 
[warn ] QualifyReferences.scala:32 Couldn't qualify ComponentType<PostTaxonomiesCheck.Props> [id => @wordpress/editor, phase => typescript, scope => TreeScope(TsParsedFile() / TsDeclModule(@wordpress/editor/components/post-taxonomies/check) / TsDeclVar(PostTaxonomiesCheck) / TsTypeRef())] 
[warn ] QualifyReferences.scala:32 Couldn't qualify ReactNode [id => @wordpress/editor, phase => typescript, scope => TreeScope(TsParsedFile() / TsDeclModule(@wordpress/editor/components/post-taxonomies) / TsDeclNamespace(PostTaxonomies) / TsDeclInterface(Props) / TsMemberProperty(taxonomyWrapper) / TsTypeFunction() / TsFunSig() / TsFunParam() / TsTypeRef())] 
[warn ] QualifyReferences.scala:32 Couldn't qualify ComponentType<PostTaxonomies.Props> [id => @wordpress/editor, phase => typescript, scope => TreeScope(TsParsedFile() / TsDeclModule(@wordpress/editor/components/post-taxonomies) / TsDeclVar(PostTaxonomies) / TsTypeRef())] 
[warn ] QualifyReferences.scala:32 Couldn't qualify ComponentType<PostTextEditor.Props> [id => @wordpress/editor, phase => typescript, scope => TreeScope(TsParsedFile() / TsDeclModule(@wordpress/editor/components/post-text-editor) / TsDeclVar(PostTextEditor) / TsTypeRef())] 
[warn ] QualifyReferences.scala:32 Couldn't qualify ComponentType<PostTitle.Props> [id => @wordpress/editor, phase => typescript, scope => TreeScope(TsParsedFile() / TsDeclModule(@wordpress/editor/components/post-title) / TsDeclVar(PostTitle) / TsTypeRef())] 
[warn ] QualifyReferences.scala:32 Couldn't qualify ReactNode [id => @wordpress/editor, phase => typescript, scope => TreeScope(TsParsedFile() / TsDeclModule(@wordpress/editor/components/post-trash/check) / TsDeclNamespace(PostTrashCheck) / TsDeclInterface(Props) / TsMemberProperty(children) / TsTypeRef())] 
[warn ] QualifyReferences.scala:32 Couldn't qualify ComponentType<PostTrashCheck.Props> [id => @wordpress/editor, phase => typescript, scope => TreeScope(TsParsedFile() / TsDeclModule(@wordpress/editor/components/post-trash/check) / TsDeclVar(PostTrashCheck) / TsTypeRef())] 
[warn ] QualifyReferences.scala:32 Couldn't qualify ComponentType<PostTrash.Props> [id => @wordpress/editor, phase => typescript, scope => TreeScope(TsParsedFile() / TsDeclModule(@wordpress/editor/components/post-trash) / TsDeclVar(PostTrash) / TsTypeRef())] 
[warn ] QualifyReferences.scala:32 Couldn't qualify ReactNode [id => @wordpress/editor, phase => typescript, scope => TreeScope(TsParsedFile() / TsDeclModule(@wordpress/editor/components/post-type-support-check) / TsDeclNamespace(PostTypeSupportCheck) / TsDeclInterface(Props) / TsMemberProperty(children) / TsTypeRef())] 
[warn ] QualifyReferences.scala:32 Couldn't qualify ComponentType<PostTypeSupportCheck.Props> [id => @wordpress/editor, phase => typescript, scope => TreeScope(TsParsedFile() / TsDeclModule(@wordpress/editor/components/post-type-support-check) / TsDeclVar(PostTypeSupportCheck) / TsTypeRef())] 
[warn ] QualifyReferences.scala:32 Couldn't qualify ComponentType<PostVisibilityCheck.Props> [id => @wordpress/editor, phase => typescript, scope => TreeScope(TsParsedFile() / TsDeclModule(@wordpress/editor/components/post-visibility/check) / TsDeclVar(PostVisibilityCheck) / TsTypeRef())] 
[warn ] QualifyReferences.scala:32 Couldn't qualify ComponentType<PostVisibility.Props> [id => @wordpress/editor, phase => typescript, scope => TreeScope(TsParsedFile() / TsDeclModule(@wordpress/editor/components/post-visibility) / TsDeclVar(PostVisibility) / TsTypeRef())] 
[warn ] QualifyReferences.scala:32 Couldn't qualify ComponentType<PostVisibilityLabel.Props> [id => @wordpress/editor, phase => typescript, scope => TreeScope(TsParsedFile() / TsDeclModule(@wordpress/editor/components/post-visibility/label) / TsDeclVar(PostVisibilityLabel) / TsTypeRef())] 
[warn ] QualifyReferences.scala:32 Couldn't qualify ReactNode [id => @wordpress/editor, phase => typescript, scope => TreeScope(TsParsedFile() / TsDeclModule(@wordpress/editor/components/provider) / TsDeclNamespace(EditorProvider) / TsDeclInterface(Props) / TsMemberProperty(children) / TsTypeRef())] 
[warn ] QualifyReferences.scala:32 Couldn't qualify ComponentType<EditorProvider.Props> [id => @wordpress/editor, phase => typescript, scope => TreeScope(TsParsedFile() / TsDeclModule(@wordpress/editor/components/provider) / TsDeclVar(EditorProvider) / TsTypeRef())] 
[warn ] QualifyReferences.scala:32 Couldn't qualify ComponentType<TableOfContents.Props> [id => @wordpress/editor, phase => typescript, scope => TreeScope(TsParsedFile() / TsDeclModule(@wordpress/editor/components/table-of-contents) / TsDeclVar(TableOfContents) / TsTypeRef())] 
[warn ] QualifyReferences.scala:32 Couldn't qualify ComponentType<UnsavedChangesWarning.Props> [id => @wordpress/editor, phase => typescript, scope => TreeScope(TsParsedFile() / TsDeclModule(@wordpress/editor/components/unsaved-changes-warning) / TsDeclVar(UnsavedChangesWarning) / TsTypeRef())] 
[warn ] QualifyReferences.scala:32 Couldn't qualify ComponentType<WordCount.Props> [id => @wordpress/editor, phase => typescript, scope => TreeScope(TsParsedFile() / TsDeclModule(@wordpress/editor/components/word-count) / TsDeclVar(WordCount) / TsTypeRef())] 
[info ] ResolveTypeQueries.scala:139 Resolved TsTypeQuery(TsQIdent(List(TsIdentSimple(imported_@wordpress/block-editor), TsIdentSimple(AlignmentToolbar)))) [id => @wordpress/editor, phase => typescript, scope => TreeScope(TsParsedFile() / TsDeclModule(@wordpress/editor/components/deprecated) / TsExport() / TsExporteeTree() / TsDeclVar(AlignmentToolbar) / TsTypeQuery())] 
[info ] ResolveTypeQueries.scala:139 Resolved TsTypeQuery(TsQIdent(List(TsIdentSimple(imported_@wordpress/block-editor), TsIdentSimple(Autocomplete)))) [id => @wordpress/editor, phase => typescript, scope => TreeScope(TsParsedFile() / TsDeclModule(@wordpress/editor/components/deprecated) / TsExport() / TsExporteeTree() / TsDeclVar(Autocomplete) / TsTypeQuery())] 
[info ] ResolveTypeQueries.scala:139 Resolved TsTypeQuery(TsQIdent(List(TsIdentSimple(imported_@wordpress/block-editor), TsIdentSimple(BlockAlignmentToolbar)))) [id => @wordpress/editor, phase => typescript, scope => TreeScope(TsParsedFile() / TsDeclModule(@wordpress/editor/components/deprecated) / TsExport() / TsExporteeTree() / TsDeclVar(BlockAlignmentToolbar) / TsTypeQuery())] 
[info ] ResolveTypeQueries.scala:139 Resolved TsTypeQuery(TsQIdent(List(TsIdentSimple(imported_@wordpress/block-editor), TsIdentSimple(BlockControls)))) [id => @wordpress/editor, phase => typescript, scope => TreeScope(TsParsedFile() / TsDeclModule(@wordpress/editor/components/deprecated) / TsExport() / TsExporteeTree() / TsDeclVar(BlockControls) / TsTypeQuery())] 
[info ] ResolveTypeQueries.scala:139 Resolved TsTypeQuery(TsQIdent(List(TsIdentSimple(imported_@wordpress/block-editor), TsIdentSimple(BlockEdit)))) [id => @wordpress/editor, phase => typescript, scope => TreeScope(TsParsedFile() / TsDeclModule(@wordpress/editor/components/deprecated) / TsExport() / TsExporteeTree() / TsDeclVar(BlockEdit) / TsTypeQuery())] 
[info ] ResolveTypeQueries.scala:139 Resolved TsTypeQuery(TsQIdent(List(TsIdentSimple(imported_@wordpress/block-editor), TsIdentSimple(BlockEditorKeyboardShortcuts)))) [id => @wordpress/editor, phase => typescript, scope => TreeScope(TsParsedFile() / TsDeclModule(@wordpress/editor/components/deprecated) / TsExport() / TsExporteeTree() / TsDeclVar(BlockEditorKeyboardShortcuts) / TsTypeQuery())] 
[info ] ResolveTypeQueries.scala:139 Resolved TsTypeQuery(TsQIdent(List(TsIdentSimple(imported_@wordpress/block-editor), TsIdentSimple(BlockFormatControls)))) [id => @wordpress/editor, phase => typescript, scope => TreeScope(TsParsedFile() / TsDeclModule(@wordpress/editor/components/deprecated) / TsExport() / TsExporteeTree() / TsDeclVar(BlockFormatControls) / TsTypeQuery())] 
[info ] ResolveTypeQueries.scala:139 Resolved TsTypeQuery(TsQIdent(List(TsIdentSimple(imported_@wordpress/block-editor), TsIdentSimple(BlockIcon)))) [id => @wordpress/editor, phase => typescript, scope => TreeScope(TsParsedFile() / TsDeclModule(@wordpress/editor/components/deprecated) / TsExport() / TsExporteeTree() / TsDeclVar(BlockIcon) / TsTypeQuery())] 
[info ] ResolveTypeQueries.scala:139 Resolved TsTypeQuery(TsQIdent(List(TsIdentSimple(imported_@wordpress/block-editor), TsIdentSimple(BlockInspector)))) [id => @wordpress/editor, phase => typescript, scope => TreeScope(TsParsedFile() / TsDeclModule(@wordpress/editor/components/deprecated) / TsExport() / TsExporteeTree() / TsDeclVar(BlockInspector) / TsTypeQuery())] 
[info ] ResolveTypeQueries.scala:139 Resolved TsTypeQuery(TsQIdent(List(TsIdentSimple(imported_@wordpress/block-editor), TsIdentSimple(BlockList)))) [id => @wordpress/editor, phase => typescript, scope => TreeScope(TsParsedFile() / TsDeclModule(@wordpress/editor/components/deprecated) / TsExport() / TsExporteeTree() / TsDeclVar(BlockList) / TsTypeQuery())] 
[info ] ResolveTypeQueries.scala:139 Resolved TsTypeQuery(TsQIdent(List(TsIdentSimple(imported_@wordpress/block-editor), TsIdentSimple(BlockMover)))) [id => @wordpress/editor, phase => typescript, scope => TreeScope(TsParsedFile() / TsDeclModule(@wordpress/editor/components/deprecated) / TsExport() / TsExporteeTree() / TsDeclVar(BlockMover) / TsTypeQuery())] 
[info ] ResolveTypeQueries.scala:139 Resolved TsTypeQuery(TsQIdent(List(TsIdentSimple(imported_@wordpress/block-editor), TsIdentSimple(BlockNavigationDropdown)))) [id => @wordpress/editor, phase => typescript, scope => TreeScope(TsParsedFile() / TsDeclModule(@wordpress/editor/components/deprecated) / TsExport() / TsExporteeTree() / TsDeclVar(BlockNavigationDropdown) / TsTypeQuery())] 
[info ] ResolveTypeQueries.scala:139 Resolved TsTypeQuery(TsQIdent(List(TsIdentSimple(imported_@wordpress/block-editor), TsIdentSimple(BlockSelectionClearer)))) [id => @wordpress/editor, phase => typescript, scope => TreeScope(TsParsedFile() / TsDeclModule(@wordpress/editor/components/deprecated) / TsExport() / TsExporteeTree() / TsDeclVar(BlockSelectionClearer) / TsTypeQuery())] 
[info ] ResolveTypeQueries.scala:139 Resolved TsTypeQuery(TsQIdent(List(TsIdentSimple(imported_@wordpress/block-editor), TsIdentSimple(BlockSettingsMenu)))) [id => @wordpress/editor, phase => typescript, scope => TreeScope(TsParsedFile() / TsDeclModule(@wordpress/editor/components/deprecated) / TsExport() / TsExporteeTree() / TsDeclVar(BlockSettingsMenu) / TsTypeQuery())] 
[info ] ResolveTypeQueries.scala:139 Resolved TsTypeQuery(TsQIdent(List(TsIdentSimple(imported_@wordpress/block-editor), TsIdentSimple(BlockTitle)))) [id => @wordpress/editor, phase => typescript, scope => TreeScope(TsParsedFile() / TsDeclModule(@wordpress/editor/components/deprecated) / TsExport() / TsExporteeTree() / TsDeclVar(BlockTitle) / TsTypeQuery())] 
[info ] ResolveTypeQueries.scala:139 Resolved TsTypeQuery(TsQIdent(List(TsIdentSimple(imported_@wordpress/block-editor), TsIdentSimple(BlockToolbar)))) [id => @wordpress/editor, phase => typescript, scope => TreeScope(TsParsedFile() / TsDeclModule(@wordpress/editor/components/deprecated) / TsExport() / TsExporteeTree() / TsDeclVar(BlockToolbar) / TsTypeQuery())] 
[info ] ResolveTypeQueries.scala:139 Resolved TsTypeQuery(TsQIdent(List(TsIdentSimple(imported_@wordpress/block-editor), TsIdentSimple(ColorPalette)))) [id => @wordpress/editor, phase => typescript, scope => TreeScope(TsParsedFile() / TsDeclModule(@wordpress/editor/components/deprecated) / TsExport() / TsExporteeTree() / TsDeclVar(ColorPalette) / TsTypeQuery())] 
[info ] ResolveTypeQueries.scala:139 Resolved TsTypeQuery(TsQIdent(List(TsIdentSimple(imported_@wordpress/block-editor), TsIdentSimple(ContrastChecker)))) [id => @wordpress/editor, phase => typescript, scope => TreeScope(TsParsedFile() / TsDeclModule(@wordpress/editor/components/deprecated) / TsExport() / TsExporteeTree() / TsDeclVar(ContrastChecker) / TsTypeQuery())] 
[info ] ResolveTypeQueries.scala:139 Resolved TsTypeQuery(TsQIdent(List(TsIdentSimple(imported_@wordpress/block-editor), TsIdentSimple(CopyHandler)))) [id => @wordpress/editor, phase => typescript, scope => TreeScope(TsParsedFile() / TsDeclModule(@wordpress/editor/components/deprecated) / TsExport() / TsExporteeTree() / TsDeclVar(CopyHandler) / TsTypeQuery())] 
[info ] ResolveTypeQueries.scala:139 Resolved TsTypeQuery(TsQIdent(List(TsIdentSimple(imported_@wordpress/block-editor), TsIdentSimple(DefaultBlockAppender)))) [id => @wordpress/editor, phase => typescript, scope => TreeScope(TsParsedFile() / TsDeclModule(@wordpress/editor/components/deprecated) / TsExport() / TsExporteeTree() / TsDeclVar(DefaultBlockAppender) / TsTypeQuery())] 
[info ] ResolveTypeQueries.scala:139 Resolved TsTypeQuery(TsQIdent(List(TsIdentSimple(imported_@wordpress/block-editor), TsIdentSimple(FontSizePicker)))) [id => @wordpress/editor, phase => typescript, scope => TreeScope(TsParsedFile() / TsDeclModule(@wordpress/editor/components/deprecated) / TsExport() / TsExporteeTree() / TsDeclVar(FontSizePicker) / TsTypeQuery())] 
[info ] ResolveTypeQueries.scala:139 Resolved TsTypeQuery(TsQIdent(List(TsIdentSimple(imported_@wordpress/block-editor), TsIdentSimple(InnerBlocks)))) [id => @wordpress/editor, phase => typescript, scope => TreeScope(TsParsedFile() / TsDeclModule(@wordpress/editor/components/deprecated) / TsExport() / TsExporteeTree() / TsDeclVar(InnerBlocks) / TsTypeQuery())] 
[info ] ResolveTypeQueries.scala:139 Resolved TsTypeQuery(TsQIdent(List(TsIdentSimple(imported_@wordpress/block-editor), TsIdentSimple(Inserter)))) [id => @wordpress/editor, phase => typescript, scope => TreeScope(TsParsedFile() / TsDeclModule(@wordpress/editor/components/deprecated) / TsExport() / TsExporteeTree() / TsDeclVar(Inserter) / TsTypeQuery())] 
[info ] ResolveTypeQueries.scala:139 Resolved TsTypeQuery(TsQIdent(List(TsIdentSimple(imported_@wordpress/block-editor), TsIdentSimple(InspectorAdvancedControls)))) [id => @wordpress/editor, phase => typescript, scope => TreeScope(TsParsedFile() / TsDeclModule(@wordpress/editor/components/deprecated) / TsExport() / TsExporteeTree() / TsDeclVar(InspectorAdvancedControls) / TsTypeQuery())] 
[info ] ResolveTypeQueries.scala:139 Resolved TsTypeQuery(TsQIdent(List(TsIdentSimple(imported_@wordpress/block-editor), TsIdentSimple(InspectorControls)))) [id => @wordpress/editor, phase => typescript, scope => TreeScope(TsParsedFile() / TsDeclModule(@wordpress/editor/components/deprecated) / TsExport() / TsExporteeTree() / TsDeclVar(InspectorControls) / TsTypeQuery())] 
[info ] ResolveTypeQueries.scala:139 Resolved TsTypeQuery(TsQIdent(List(TsIdentSimple(imported_@wordpress/block-editor), TsIdentSimple(MediaPlaceholder)))) [id => @wordpress/editor, phase => typescript, scope => TreeScope(TsParsedFile() / TsDeclModule(@wordpress/editor/components/deprecated) / TsExport() / TsExporteeTree() / TsDeclVar(MediaPlaceholder) / TsTypeQuery())] 
[info ] ResolveTypeQueries.scala:139 Resolved TsTypeQuery(TsQIdent(List(TsIdentSimple(imported_@wordpress/block-editor), TsIdentSimple(MediaUpload)))) [id => @wordpress/editor, phase => typescript, scope => TreeScope(TsParsedFile() / TsDeclModule(@wordpress/editor/components/deprecated) / TsExport() / TsExporteeTree() / TsDeclVar(MediaUpload) / TsTypeQuery())] 
[info ] ResolveTypeQueries.scala:139 Resolved TsTypeQuery(TsQIdent(List(TsIdentSimple(imported_@wordpress/block-editor), TsIdentSimple(MediaUploadCheck)))) [id => @wordpress/editor, phase => typescript, scope => TreeScope(TsParsedFile() / TsDeclModule(@wordpress/editor/components/deprecated) / TsExport() / TsExporteeTree() / TsDeclVar(MediaUploadCheck) / TsTypeQuery())] 
[info ] ResolveTypeQueries.scala:139 Resolved TsTypeQuery(TsQIdent(List(TsIdentSimple(imported_@wordpress/block-editor), TsIdentSimple(MultiBlocksSwitcher)))) [id => @wordpress/editor, phase => typescript, scope => TreeScope(TsParsedFile() / TsDeclModule(@wordpress/editor/components/deprecated) / TsExport() / TsExporteeTree() / TsDeclVar(MultiBlocksSwitcher) / TsTypeQuery())] 
[info ] ResolveTypeQueries.scala:139 Resolved TsTypeQuery(TsQIdent(List(TsIdentSimple(imported_@wordpress/block-editor), TsIdentSimple(MultiSelectScrollIntoView)))) [id => @wordpress/editor, phase => typescript, scope => TreeScope(TsParsedFile() / TsDeclModule(@wordpress/editor/components/deprecated) / TsExport() / TsExporteeTree() / TsDeclVar(MultiSelectScrollIntoView) / TsTypeQuery())] 
[info ] ResolveTypeQueries.scala:139 Resolved TsTypeQuery(TsQIdent(List(TsIdentSimple(imported_@wordpress/block-editor), TsIdentSimple(NavigableToolbar)))) [id => @wordpress/editor, phase => typescript, scope => TreeScope(TsParsedFile() / TsDeclModule(@wordpress/editor/components/deprecated) / TsExport() / TsExporteeTree() / TsDeclVar(NavigableToolbar) / TsTypeQuery())] 
[info ] ResolveTypeQueries.scala:139 Resolved TsTypeQuery(TsQIdent(List(TsIdentSimple(imported_@wordpress/block-editor), TsIdentSimple(ObserveTyping)))) [id => @wordpress/editor, phase => typescript, scope => TreeScope(TsParsedFile() / TsDeclModule(@wordpress/editor/components/deprecated) / TsExport() / TsExporteeTree() / TsDeclVar(ObserveTyping) / TsTypeQuery())] 
[info ] ResolveTypeQueries.scala:139 Resolved TsTypeQuery(TsQIdent(List(TsIdentSimple(imported_@wordpress/block-editor), TsIdentSimple(PanelColorSettings)))) [id => @wordpress/editor, phase => typescript, scope => TreeScope(TsParsedFile() / TsDeclModule(@wordpress/editor/components/deprecated) / TsExport() / TsExporteeTree() / TsDeclVar(PanelColorSettings) / TsTypeQuery())] 
[info ] ResolveTypeQueries.scala:139 Resolved TsTypeQuery(TsQIdent(List(TsIdentSimple(imported_@wordpress/block-editor), TsIdentSimple(PlainText)))) [id => @wordpress/editor, phase => typescript, scope => TreeScope(TsParsedFile() / TsDeclModule(@wordpress/editor/components/deprecated) / TsExport() / TsExporteeTree() / TsDeclVar(PlainText) / TsTypeQuery())] 
[info ] ResolveTypeQueries.scala:139 Resolved TsTypeQuery(TsQIdent(List(TsIdentSimple(imported_@wordpress/block-editor), TsIdentSimple(PreserveScrollInReorder)))) [id => @wordpress/editor, phase => typescript, scope => TreeScope(TsParsedFile() / TsDeclModule(@wordpress/editor/components/deprecated) / TsExport() / TsExporteeTree() / TsDeclVar(PreserveScrollInReorder) / TsTypeQuery())] 
[info ] ResolveTypeQueries.scala:139 Resolved TsTypeQuery(TsQIdent(List(TsIdentSimple(imported_@wordpress/block-editor), TsIdentSimple(RichText)))) [id => @wordpress/editor, phase => typescript, scope => TreeScope(TsParsedFile() / TsDeclModule(@wordpress/editor/components/deprecated) / TsExport() / TsExporteeTree() / TsDeclVar(RichText) / TsTypeQuery())] 
[info ] ResolveTypeQueries.scala:139 Resolved TsTypeQuery(TsQIdent(List(TsIdentSimple(imported_@wordpress/block-editor), TsIdentSimple(RichTextShortcut)))) [id => @wordpress/editor, phase => typescript, scope => TreeScope(TsParsedFile() / TsDeclModule(@wordpress/editor/components/deprecated) / TsExport() / TsExporteeTree() / TsDeclVar(RichTextShortcut) / TsTypeQuery())] 
[info ] ResolveTypeQueries.scala:139 Resolved TsTypeQuery(TsQIdent(List(TsIdentSimple(imported_@wordpress/block-editor), TsIdentSimple(RichTextToolbarButton)))) [id => @wordpress/editor, phase => typescript, scope => TreeScope(TsParsedFile() / TsDeclModule(@wordpress/editor/components/deprecated) / TsExport() / TsExporteeTree() / TsDeclVar(RichTextToolbarButton) / TsTypeQuery())] 
[info ] ResolveTypeQueries.scala:139 Resolved TsTypeQuery(TsQIdent(List(TsIdentSimple(imported_@wordpress/block-editor), TsIdentSimple(SkipToSelectedBlock)))) [id => @wordpress/editor, phase => typescript, scope => TreeScope(TsParsedFile() / TsDeclModule(@wordpress/editor/components/deprecated) / TsExport() / TsExporteeTree() / TsDeclVar(SkipToSelectedBlock) / TsTypeQuery())] 
[info ] ResolveTypeQueries.scala:139 Resolved TsTypeQuery(TsQIdent(List(TsIdentSimple(imported_@wordpress/block-editor), TsIdentSimple(URLInput)))) [id => @wordpress/editor, phase => typescript, scope => TreeScope(TsParsedFile() / TsDeclModule(@wordpress/editor/components/deprecated) / TsExport() / TsExporteeTree() / TsDeclVar(URLInput) / TsTypeQuery())] 
[info ] ResolveTypeQueries.scala:139 Resolved TsTypeQuery(TsQIdent(List(TsIdentSimple(imported_@wordpress/block-editor), TsIdentSimple(URLInputButton)))) [id => @wordpress/editor, phase => typescript, scope => TreeScope(TsParsedFile() / TsDeclModule(@wordpress/editor/components/deprecated) / TsExport() / TsExporteeTree() / TsDeclVar(URLInputButton) / TsTypeQuery())] 
[info ] ResolveTypeQueries.scala:139 Resolved TsTypeQuery(TsQIdent(List(TsIdentSimple(imported_@wordpress/block-editor), TsIdentSimple(URLPopover)))) [id => @wordpress/editor, phase => typescript, scope => TreeScope(TsParsedFile() / TsDeclModule(@wordpress/editor/components/deprecated) / TsExport() / TsExporteeTree() / TsDeclVar(URLPopover) / TsTypeQuery())] 
[info ] ResolveTypeQueries.scala:139 Resolved TsTypeQuery(TsQIdent(List(TsIdentSimple(imported_@wordpress/block-editor), TsIdentSimple(Warning)))) [id => @wordpress/editor, phase => typescript, scope => TreeScope(TsParsedFile() / TsDeclModule(@wordpress/editor/components/deprecated) / TsExport() / TsExporteeTree() / TsDeclVar(Warning) / TsTypeQuery())] 
[info ] ResolveTypeQueries.scala:139 Resolved TsTypeQuery(TsQIdent(List(TsIdentSimple(imported_@wordpress/block-editor), TsIdentSimple(WritingFlow)))) [id => @wordpress/editor, phase => typescript, scope => TreeScope(TsParsedFile() / TsDeclModule(@wordpress/editor/components/deprecated) / TsExport() / TsExporteeTree() / TsDeclVar(WritingFlow) / TsTypeQuery())] 
[info ] ResolveTypeQueries.scala:139 Resolved TsTypeQuery(TsQIdent(List(TsIdentSimple(imported_@wordpress/block-editor), TsIdentSimple(createCustomColorsHOC)))) [id => @wordpress/editor, phase => typescript, scope => TreeScope(TsParsedFile() / TsDeclModule(@wordpress/editor/components/deprecated) / TsExport() / TsExporteeTree() / TsDeclVar(createCustomColorsHOC) / TsTypeQuery())] 
[info ] ResolveTypeQueries.scala:139 Resolved TsTypeQuery(TsQIdent(List(TsIdentSimple(imported_@wordpress/block-editor), TsIdentSimple(getColorClassName)))) [id => @wordpress/editor, phase => typescript, scope => TreeScope(TsParsedFile() / TsDeclModule(@wordpress/editor/components/deprecated) / TsExport() / TsExporteeTree() / TsDeclVar(getColorClassName) / TsTypeQuery())] 
[info ] ResolveTypeQueries.scala:139 Resolved TsTypeQuery(TsQIdent(List(TsIdentSimple(imported_@wordpress/block-editor), TsIdentSimple(getColorObjectByAttributeValues)))) [id => @wordpress/editor, phase => typescript, scope => TreeScope(TsParsedFile() / TsDeclModule(@wordpress/editor/components/deprecated) / TsExport() / TsExporteeTree() / TsDeclVar(getColorObjectByAttributeValues) / TsTypeQuery())] 
[info ] ResolveTypeQueries.scala:139 Resolved TsTypeQuery(TsQIdent(List(TsIdentSimple(imported_@wordpress/block-editor), TsIdentSimple(getColorObjectByColorValue)))) [id => @wordpress/editor, phase => typescript, scope => TreeScope(TsParsedFile() / TsDeclModule(@wordpress/editor/components/deprecated) / TsExport() / TsExporteeTree() / TsDeclVar(getColorObjectByColorValue) / TsTypeQuery())] 
[info ] ResolveTypeQueries.scala:139 Resolved TsTypeQuery(TsQIdent(List(TsIdentSimple(imported_@wordpress/block-editor), TsIdentSimple(getFontSize)))) [id => @wordpress/editor, phase => typescript, scope => TreeScope(TsParsedFile() / TsDeclModule(@wordpress/editor/components/deprecated) / TsExport() / TsExporteeTree() / TsDeclVar(getFontSize) / TsTypeQuery())] 
[info ] ResolveTypeQueries.scala:139 Resolved TsTypeQuery(TsQIdent(List(TsIdentSimple(imported_@wordpress/block-editor), TsIdentSimple(getFontSizeClass)))) [id => @wordpress/editor, phase => typescript, scope => TreeScope(TsParsedFile() / TsDeclModule(@wordpress/editor/components/deprecated) / TsExport() / TsExporteeTree() / TsDeclVar(getFontSizeClass) / TsTypeQuery())] 
[info ] ResolveTypeQueries.scala:139 Resolved TsTypeQuery(TsQIdent(List(TsIdentSimple(imported_@wordpress/block-editor), TsIdentSimple(withColorContext)))) [id => @wordpress/editor, phase => typescript, scope => TreeScope(TsParsedFile() / TsDeclModule(@wordpress/editor/components/deprecated) / TsExport() / TsExporteeTree() / TsDeclVar(withColorContext) / TsTypeQuery())] 
[info ] ResolveTypeQueries.scala:139 Resolved TsTypeQuery(TsQIdent(List(TsIdentSimple(imported_@wordpress/block-editor), TsIdentSimple(withColors)))) [id => @wordpress/editor, phase => typescript, scope => TreeScope(TsParsedFile() / TsDeclModule(@wordpress/editor/components/deprecated) / TsExport() / TsExporteeTree() / TsDeclVar(withColors) / TsTypeQuery())] 
[info ] ResolveTypeQueries.scala:139 Resolved TsTypeQuery(TsQIdent(List(TsIdentSimple(imported_@wordpress/block-editor), TsIdentSimple(withFontSizes)))) [id => @wordpress/editor, phase => typescript, scope => TreeScope(TsParsedFile() / TsDeclModule(@wordpress/editor/components/deprecated) / TsExport() / TsExporteeTree() / TsDeclVar(withFontSizes) / TsTypeQuery())] 
[info ] ResolveTypeQueries.scala:139 Resolved TsTypeQuery(TsQIdent(List(TsIdentSimple(VisualEditorGlobalKeyboardShortcuts)))) [id => @wordpress/editor, phase => typescript, scope => TreeScope(TsParsedFile() / TsDeclModule(@wordpress/editor/components/global-keyboard-shortcuts/visual-editor-shortcuts) / TsExport() / TsExporteeTree() / TsDeclVar(EditorGlobalKeyboardShortcuts) / TsTypeQuery())] 
[warn ] ResolveTypeQueries.scala:126 Couldn't resolve typeof imported_@wordpress/editor/store/actions [id => @wordpress/editor, phase => typescript, scope => TreeScope(TsParsedFile() / TsDeclModule(@wordpress/editor) / TsAugmentedModule(@wordpress/data) / TsDeclFunction(dispatch) / TsFunSig() / TsTypeQuery())] 
[warn ] ResolveTypeQueries.scala:126 Couldn't resolve typeof imported_@wordpress/editor/store/selectors [id => @wordpress/editor, phase => typescript, scope => TreeScope(TsParsedFile() / TsDeclModule(@wordpress/editor) / TsAugmentedModule(@wordpress/data) / TsDeclFunction(select) / TsFunSig() / TsTypeQuery())] 
[info ] ExpandTypeParams.scala:74 Expanding 1 members for TsIdentSimple(getAutosaveAttribute) [id => @wordpress/editor, phase => typescript, scope => TreeScope(TsParsedFile() / TsDeclModule(@wordpress/editor/store/selectors))] 
[info ] ExtractInterfaces.scala:41 Extracted anonymous interface TsIdentSimple(Anon_PostName) [id => @wordpress/editor, phase => typescript, scope => TreeScope(TsParsedFile() / TsDeclModule(@wordpress/editor/store/selectors) / TsDeclFunction(getPermalinkParts) / TsFunSig() / TsTypeUnion() / TsTypeObject())] 
[debug] PhaseRunner.scala:84 Success [id => @wordpress/editor, phase => typescript] 
[warn ] Phase2ToScalaJs.scala:42 Processing @wordpress/editor [id => @wordpress/editor, phase => scala.js] 
[info ] ImportType.scala:245 Failed type conversion: @wordpress/api-fetch.@wordpress/api-fetch.Schema.Decontextualize<@wordpress/api-fetch.@wordpress/api-fetch.Schema.PostOrPage<'edit'>>[T] [id => @wordpress/editor, phase => scala.js, scope => TreeScope(TsParsedFile() / TsDeclModule(@wordpress/editor/store/selectors) / TsDeclFunction(getEditedPostAttribute) / TsTypeUnion() / TsTypeLookup())] 
[info ] ImportType.scala:245 Failed type conversion: @wordpress/api-fetch.@wordpress/api-fetch.Schema.Decontextualize<@wordpress/api-fetch.@wordpress/api-fetch.Schema.PostOrPage<'edit'>>[T] [id => @wordpress/editor, phase => scala.js, scope => TreeScope(TsParsedFile() / TsDeclModule(@wordpress/editor/store/selectors) / TsDeclFunction(getCurrentPostAttribute) / TsTypeUnion() / TsTypeLookup())] 
[info ] CombineOverloads.scala:82 Dropping 1 incompatible `apply` overloads (have no way to express this) at Name(atWordpressEditorLib) / Name(componentsDeprecatedMod) / Name(getColorClassName) [id => @wordpress/editor, phase => scala.js, this => Name(atWordpressEditorLib) / Name(componentsDeprecatedMod) / Name(getColorClassName)] 
[info ] CombineOverloads.scala:82 Dropping 1 incompatible `apply` overloads (have no way to express this) at Name(atWordpressEditorLib) / Name(atWordpressEditorMod) / Name(getColorClassName) [id => @wordpress/editor, phase => scala.js, this => Name(atWordpressEditorLib) / Name(atWordpressEditorMod) / Name(getColorClassName)] 
[info ] CombineOverloads.scala:82 Dropping 1 incompatible `apply` overloads (have no way to express this) at Name(atWordpressEditorLib) / Name(componentsMod) / Name(getColorClassName) [id => @wordpress/editor, phase => scala.js, this => Name(atWordpressEditorLib) / Name(componentsMod) / Name(getColorClassName)] 
[debug] PhaseRunner.scala:84 Success [id => @wordpress/editor, phase => scala.js] 
[warn ] PhaseRunner.scala:70 Failed because of, [@wordpress/components => Compilation failed] [id => @wordpress/editor, phase => build] 
[error] PhaseRunner.scala:88 Failure, [@wordpress/components => Compilation failed] [id => @wordpress/editor, phase => build] 
[error] PhaseRunner.scala:88 Failure, [@wordpress/components => Compilation failed] [id => @wordpress/editor, phase => publish] 
