[debug] PhaseRunner.scala:84 Success [id => @wordpress/media-utils, phase => typescript] 
[debug] PhaseRunner.scala:84 Success [id => @wordpress/media-utils, phase => typescript] 
[debug] PhaseRunner.scala:84 Success [id => @wordpress/media-utils, phase => typescript] 
[debug] PhaseRunner.scala:84 Success [id => @wordpress/media-utils, phase => typescript] 
[info ] Phase1ReadTypescript.scala:160 Preprocessing TsHelperFile(InFile(/home/tso/tmp/tso-cache/DefinitelyTyped/types/wordpress__media-utils/components/index.d.ts),FromFolder(InFolder(/home/tso/tmp/tso-cache/DefinitelyTyped/types/wordpress__media-utils),TsIdentLibraryScoped(wordpress,Some(media-utils))),TsIdentModule(Some(wordpress),List(media-utils, components))) [id => @wordpress/media-utils, phase => typescript] 
[info ] InferredDefaultModule.scala:39 Inferred module TsIdentModule(Some(wordpress),List(media-utils, components)) [id => @wordpress/media-utils, phase => typescript] 
[info ] Phase1ReadTypescript.scala:160 Preprocessing TsHelperFile(InFile(/home/tso/tmp/tso-cache/DefinitelyTyped/types/wordpress__media-utils/index.d.ts),FromFolder(InFolder(/home/tso/tmp/tso-cache/DefinitelyTyped/types/wordpress__media-utils),TsIdentLibraryScoped(wordpress,Some(media-utils))),TsIdentModule(Some(wordpress),List(media-utils))) [id => @wordpress/media-utils, phase => typescript] 
[info ] InferredDefaultModule.scala:39 Inferred module TsIdentModule(Some(wordpress),List(media-utils)) [id => @wordpress/media-utils, phase => typescript] 
[info ] Phase1ReadTypescript.scala:160 Preprocessing TsHelperFile(InFile(/home/tso/tmp/tso-cache/DefinitelyTyped/types/wordpress__media-utils/utils/index.d.ts),FromFolder(InFolder(/home/tso/tmp/tso-cache/DefinitelyTyped/types/wordpress__media-utils),TsIdentLibraryScoped(wordpress,Some(media-utils))),TsIdentModule(Some(wordpress),List(media-utils, utils))) [id => @wordpress/media-utils, phase => typescript] 
[info ] InferredDefaultModule.scala:39 Inferred module TsIdentModule(Some(wordpress),List(media-utils, utils)) [id => @wordpress/media-utils, phase => typescript] 
[info ] Phase1ReadTypescript.scala:160 Preprocessing TsHelperFile(InFile(/home/tso/tmp/tso-cache/DefinitelyTyped/types/wordpress__media-utils/utils/upload-media.d.ts),FromFolder(InFolder(/home/tso/tmp/tso-cache/DefinitelyTyped/types/wordpress__media-utils),TsIdentLibraryScoped(wordpress,Some(media-utils))),TsIdentModule(Some(wordpress),List(media-utils, utils, upload-media))) [id => @wordpress/media-utils, phase => typescript] 
[info ] InferredDefaultModule.scala:39 Inferred module TsIdentModule(Some(wordpress),List(media-utils, utils, upload-media)) [id => @wordpress/media-utils, phase => typescript] 
[warn ] Phase1ReadTypescript.scala:183 Processing TsIdentLibraryScoped(wordpress,Some(media-utils)) [id => @wordpress/media-utils, phase => typescript] 
[info ] ExpandTypeParams.scala:74 Expanding 1 members for TsIdentSimple(^) [id => @wordpress/media-utils, phase => typescript, scope => TreeScope(TsParsedFile() / TsDeclModule(@wordpress/media-utils/components) / TsDeclNamespace(MediaUpload))] 
[info ] ExpandTypeParams.scala:74 Expanding 1 members for TsIdentSimple(uploadMedia) [id => @wordpress/media-utils, phase => typescript, scope => TreeScope(TsParsedFile() / TsDeclModule(@wordpress/media-utils))] 
[info ] ExpandTypeParams.scala:74 Expanding 1 members for TsIdentSimple(^) [id => @wordpress/media-utils, phase => typescript, scope => TreeScope(TsParsedFile() / TsDeclModule(@wordpress/media-utils) / TsDeclNamespace(MediaUpload))] 
[info ] ExpandTypeParams.scala:74 Expanding 1 members for TsIdentSimple(uploadMedia) [id => @wordpress/media-utils, phase => typescript, scope => TreeScope(TsParsedFile() / TsDeclModule(@wordpress/media-utils/utils))] 
[info ] ExpandTypeParams.scala:74 Expanding 1 members for TsIdentSimple(uploadMedia) [id => @wordpress/media-utils, phase => typescript, scope => TreeScope(TsParsedFile() / TsDeclModule(@wordpress/media-utils/utils/upload-media))] 
[info ] ExpandTypeParams.scala:61 Expanding 1 members for TsIdentSimple(onError) [id => @wordpress/media-utils, phase => typescript, scope => TreeScope(TsParsedFile() / TsDeclModule(@wordpress/media-utils/utils/upload-media) / TsDeclInterface(UploadMediaOptions))] 
[info ] ExpandTypeParams.scala:61 Expanding 1 members for TsIdentSimple(onFileChange) [id => @wordpress/media-utils, phase => typescript, scope => TreeScope(TsParsedFile() / TsDeclModule(@wordpress/media-utils/utils/upload-media) / TsDeclInterface(UploadMediaOptions))] 
[info ] ExtractInterfaces.scala:41 Extracted anonymous interface TsIdentSimple(Anon_Code) [id => @wordpress/media-utils, phase => typescript, scope => TreeScope(TsParsedFile() / TsDeclModule(@wordpress/media-utils/utils/upload-media) / TsDeclInterface(UploadMediaOptions) / TsMemberFunction(onError) / TsFunSig() / TsFunParam() / TsTypeObject())] 
[debug] PhaseRunner.scala:84 Success [id => @wordpress/media-utils, phase => typescript] 
[warn ] Phase2ToScalaJs.scala:43 Processing @wordpress/media-utils [id => @wordpress/media-utils, phase => scala.js] 
[debug] PhaseRunner.scala:84 Success [id => @wordpress/media-utils, phase => scala.js] 
[warn ] PhaseRunner.scala:70 Failed because of, [@wordpress/components => Compilation failed] [id => @wordpress/media-utils, phase => build] 
[error] PhaseRunner.scala:88 Failure, [@wordpress/components => Compilation failed] [id => @wordpress/media-utils, phase => build] 
[error] PhaseRunner.scala:88 Failure, [@wordpress/components => Compilation failed] [id => @wordpress/media-utils, phase => publish] 
