[info ] InferredDependency.scala:20 Inferred dependencies Set(TsIdentLibrarySimple(node)) for TsIdentLibrarySimple(workerpool) [id => workerpool, phase => typescript, file => ../types/workerpool/index.d.ts] 
[debug] PhaseRunner.scala:78 Success [id => workerpool, phase => typescript] 
[info ] Phase1ReadTypescript.scala:152 Preprocessing TsHelperFile(InFile(/home/tso/tmp/tso-cache/DefinitelyTyped/types/workerpool/index.d.ts),FromFolder(InFolder(/home/tso/tmp/tso-cache/DefinitelyTyped/types/workerpool),TsIdentLibrarySimple(workerpool)),TsIdentModule(None,List(workerpool))) [id => workerpool, phase => typescript] 
[info ] InferredDefaultModule.scala:39 Inferred module TsIdentModule(None,List(workerpool)) [id => workerpool, phase => typescript] 
[warn ] Phase1ReadTypescript.scala:190 Processing TsIdentLibrarySimple(workerpool) [id => workerpool, phase => typescript] 
[debug] DefaultedTParams.scala:29 Defaulting type parameter TsIdentSimple(E) at TreeScope(TsParsedFile() / TsDeclModule(workerpool) / TsDeclInterface(WorkerPool) / TsMemberFunction(exec) / TsFunSig() / TsTypeRef()) [id => workerpool, phase => typescript, scope => TreeScope(TsParsedFile() / TsDeclModule(workerpool) / TsDeclInterface(WorkerPool) / TsMemberFunction(exec) / TsFunSig() / TsTypeRef())] 
[debug] DefaultedTParams.scala:29 Defaulting type parameter TsIdentSimple(E) at TreeScope(TsParsedFile() / TsDeclModule(workerpool) / TsDeclInterface(WorkerPool) / TsMemberFunction(proxy) / TsFunSig() / TsTypeRef()) [id => workerpool, phase => typescript, scope => TreeScope(TsParsedFile() / TsDeclModule(workerpool) / TsDeclInterface(WorkerPool) / TsMemberFunction(proxy) / TsFunSig() / TsTypeRef())] 
[debug] DefaultedTParams.scala:29 Defaulting type parameter TsIdentSimple(E) at TreeScope(TsParsedFile() / TsDeclModule(workerpool) / TsDeclInterface(WorkerPool) / TsMemberFunction(terminate) / TsFunSig() / TsTypeRef()) [id => workerpool, phase => typescript, scope => TreeScope(TsParsedFile() / TsDeclModule(workerpool) / TsDeclInterface(WorkerPool) / TsMemberFunction(terminate) / TsFunSig() / TsTypeRef())] 
[debug] DefaultedTParams.scala:29 Defaulting type parameter TsIdentSimple(E) at TreeScope(TsParsedFile() / TsDeclModule(workerpool) / TsDeclInterface(WorkerPool) / TsMemberFunction(clear) / TsFunSig() / TsTypeRef()) [id => workerpool, phase => typescript, scope => TreeScope(TsParsedFile() / TsDeclModule(workerpool) / TsDeclInterface(WorkerPool) / TsMemberFunction(clear) / TsFunSig() / TsTypeRef())] 
[debug] DefaultedTParams.scala:29 Defaulting type parameter TsIdentSimple(E) at TreeScope(TsParsedFile() / TsDeclModule(workerpool) / TsDeclClass(Promise) / TsMemberFunction(always) / TsFunSig() / TsFunParam() / TsTypeFunction() / TsFunSig() / TsTypeRef()) [id => workerpool, phase => typescript, scope => TreeScope(TsParsedFile() / TsDeclModule(workerpool) / TsDeclClass(Promise) / TsMemberFunction(always) / TsFunSig() / TsFunParam() / TsTypeFunction() / TsFunSig() / TsTypeRef())] 
[debug] DefaultedTParams.scala:29 Defaulting type parameter TsIdentSimple(E) at TreeScope(TsParsedFile() / TsDeclModule(workerpool) / TsDeclClass(Promise) / TsMemberFunction(always) / TsFunSig() / TsTypeRef()) [id => workerpool, phase => typescript, scope => TreeScope(TsParsedFile() / TsDeclModule(workerpool) / TsDeclClass(Promise) / TsMemberFunction(always) / TsFunSig() / TsTypeRef())] 
[debug] DefaultedTParams.scala:29 Defaulting type parameter TsIdentSimple(E) at TreeScope(TsParsedFile() / TsDeclModule(workerpool) / TsDeclClass(Promise) / TsMemberFunction(catch) / TsFunSig() / TsTypeRef()) [id => workerpool, phase => typescript, scope => TreeScope(TsParsedFile() / TsDeclModule(workerpool) / TsDeclClass(Promise) / TsMemberFunction(catch) / TsFunSig() / TsTypeRef())] 
[debug] PhaseRunner.scala:78 Success [id => workerpool, phase => typescript] 
[warn ] Phase2ToScalaJs.scala:34 Processing TsIdentLibrarySimple(workerpool) [id => workerpool, phase => scala.js] 
[debug] PhaseRunner.scala:78 Success [id => workerpool, phase => scala.js] 
[warn ] Phase3CompileBloop.scala:192 Using cached build of workerpool [id => workerpool, phase => build] 
[debug] PhaseRunner.scala:78 Success [id => workerpool, phase => build] 
[error] PhaseRes.scala:75 Caught exception [id => workerpool, phase => publish] java.lang.RuntimeException: was not able to find or create version 2.3-dt-20180910Z-2a50dd for oyvindberg in ScalablyTyped for package workerpool
	at scala.sys.package$.error(package.scala:26)
	at com.olvind.tso.importer.build.BinTrayPublisher.$anonfun$checkVersion$2(BinTrayPublisher.scala:64)
	at com.olvind.tso.importer.build.BinTrayPublisher.$anonfun$checkVersion$2$adapted(BinTrayPublisher.scala:60)
	at scala.util.Success.$anonfun$map$1(Try.scala:251)
	at scala.util.Success.map(Try.scala:209)
	at scala.concurrent.Future.$anonfun$map$1(Future.scala:288)
	at scala.concurrent.impl.Promise.liftedTree1$1(Promise.scala:29)
	at scala.concurrent.impl.Promise.$anonfun$transform$1(Promise.scala:29)
	at scala.concurrent.impl.CallbackRunnable.run(Promise.scala:60)
	at java.util.concurrent.ForkJoinTask$RunnableExecuteAction.exec(ForkJoinTask.java:1402)
	at java.util.concurrent.ForkJoinTask.doExec(ForkJoinTask.java:289)
	at java.util.concurrent.ForkJoinPool$WorkQueue.runTask(ForkJoinPool.java:1056)
	at java.util.concurrent.ForkJoinPool.runWorker(ForkJoinPool.java:1692)
	at java.util.concurrent.ForkJoinWorkerThread.run(ForkJoinWorkerThread.java:157)

[debug] PhaseRunner.scala:82 Failure, [workerpool => java.lang.RuntimeException: was not able to find or create version 2.3-dt-20180910Z-2a50dd for oyvindberg in ScalablyTyped for package workerpool] [id => workerpool, phase => publish] 
