[info ] InferredDependency.scala:22 Inferred dependencies Set(TsIdentLibrarySimple(node)) for TsIdentLibrarySimple(x-ray) [id => x-ray, phase => typescript, file => ../types/x-ray/index.d.ts] 
[debug] PhaseRunner.scala:84 Success [id => x-ray, phase => typescript] 
[info ] Phase1ReadTypescript.scala:160 Preprocessing TsHelperFile(InFile(/home/tso/tmp/tso-cache/DefinitelyTyped/types/x-ray/index.d.ts),FromFolder(InFolder(/home/tso/tmp/tso-cache/DefinitelyTyped/types/x-ray),TsIdentLibrarySimple(x-ray)),TsIdentModule(None,List(x-ray))) [id => x-ray, phase => typescript] 
[info ] InferredDefaultModule.scala:39 Inferred module TsIdentModule(None,List(x-ray)) [id => x-ray, phase => typescript] 
[warn ] Phase1ReadTypescript.scala:182 Processing TsIdentLibrarySimple(x-ray) [id => x-ray, phase => typescript] 
[info ] ExpandTypeParams.scala:74 Expanding 1 members for TsIdentSimple(^) [id => x-ray, phase => typescript, scope => TreeScope(TsParsedFile() / TsDeclModule(x-ray))] 
[info ] ExpandTypeParams.scala:53 Expanding 1 call members [id => x-ray, phase => typescript, scope => TreeScope(TsParsedFile() / TsDeclModule(x-ray) / TsDeclInterface(Instance))] 
[info ] ExpandTypeParams.scala:53 Expanding 1 call members [id => x-ray, phase => typescript, scope => TreeScope(TsParsedFile() / TsDeclModule(x-ray) / TsDeclInterface(Instance))] 
[info ] ExpandTypeParams.scala:53 Expanding 1 call members [id => x-ray, phase => typescript, scope => TreeScope(TsParsedFile() / TsDeclModule(x-ray) / TsDeclInterface(Instance))] 
[info ] ExpandTypeParams.scala:53 Expanding 1 call members [id => x-ray, phase => typescript, scope => TreeScope(TsParsedFile() / TsDeclModule(x-ray) / TsDeclInterface(InstanceInvocation))] 
[info ] ExpandTypeParams.scala:53 Expanding 1 call members [id => x-ray, phase => typescript, scope => TreeScope(TsParsedFile() / TsDeclModule(x-ray) / TsDeclInterface(InstanceInvocation))] 
[info ] ExpandTypeParams.scala:61 Expanding 1 members for TsIdentSimple(abort) [id => x-ray, phase => typescript, scope => TreeScope(TsParsedFile() / TsDeclModule(x-ray) / TsDeclInterface(InstanceInvocation))] 
[info ] ExpandTypeParams.scala:61 Expanding 1 members for TsIdentSimple(paginate) [id => x-ray, phase => typescript, scope => TreeScope(TsParsedFile() / TsDeclModule(x-ray) / TsDeclInterface(InstanceInvocation))] 
[info ] ExpandTypeParams.scala:61 Expanding 1 members for TsIdentSimple(limit) [id => x-ray, phase => typescript, scope => TreeScope(TsParsedFile() / TsDeclModule(x-ray) / TsDeclInterface(InstanceInvocation))] 
[info ] ExpandTypeParams.scala:61 Expanding 1 members for TsIdentSimple(stream) [id => x-ray, phase => typescript, scope => TreeScope(TsParsedFile() / TsDeclModule(x-ray) / TsDeclInterface(InstanceInvocation))] 
[info ] ExpandTypeParams.scala:61 Expanding 1 members for TsIdentSimple(then) [id => x-ray, phase => typescript, scope => TreeScope(TsParsedFile() / TsDeclModule(x-ray) / TsDeclInterface(InstanceInvocation))] 
[info ] ExpandTypeParams.scala:61 Expanding 1 members for TsIdentSimple(write) [id => x-ray, phase => typescript, scope => TreeScope(TsParsedFile() / TsDeclModule(x-ray) / TsDeclInterface(InstanceInvocation))] 
[debug] PhaseRunner.scala:84 Success [id => x-ray, phase => typescript] 
[warn ] Phase2ToScalaJs.scala:43 Processing x-ray [id => x-ray, phase => scala.js] 
[info ] RemoveDuplicateInheritance.scala:62 Dropped parents QualifiedName(List(Name(org), Name(scalablytyped), Name(runtime), Name(NumberDictionary))) at Name(typings) / Name(xDashRay) / Name(xDashRayMod) / Name(SelectorArray) because allParentRefs = Set(TypeRef(QualifiedName(List(Name(org), Name(scalablytyped), Name(runtime), Name(NumberDictionary))),List(),Comments(1))) [id => x-ray, phase => scala.js, this => Name(typings) / Name(xDashRay) / Name(xDashRayMod) / Name(SelectorArray)] 
[debug] PhaseRunner.scala:84 Success [id => x-ray, phase => scala.js] 
[warn ] Phase3Compile.scala:214 Building x-ray... [id => x-ray, phase => build] 
[error] Phase3Compile.scala:240 [E] [E1] src/main/scala/typings/xDashRay/xDashRayMod/package.scala:16:72
[E]      illegal cyclic reference involving type Selector
[E]      L16:   type ScalarSelector = String | InstanceInvocation | StringDictionary[Selector]
[E]                                                                                  ^
[E] src/main/scala/typings/xDashRay/xDashRayMod/package.scala: L16 [E1]
[E] Failed to compile 'x-ray'
 [id => x-ray, phase => build] 
[error] PhaseRunner.scala:88 Failure, [x-ray => Compilation failed] [id => x-ray, phase => build] 
[error] PhaseRunner.scala:88 Failure, [x-ray => Compilation failed] [id => x-ray, phase => publish] 
