[info ] InferredDependency.scala:20 Inferred dependencies Set(TsIdentLibrarySimple(node)) for TsIdentLibrarySimple(xml) [id => xml, phase => typescript, file => ../types/xml/index.d.ts] 
[debug] PhaseRunner.scala:78 Success [id => xml, phase => typescript] 
[info ] Phase1ReadTypescript.scala:152 Preprocessing TsHelperFile(InFile(/home/tso/tmp/tso-cache/DefinitelyTyped/types/xml/index.d.ts),FromFolder(InFolder(/home/tso/tmp/tso-cache/DefinitelyTyped/types/xml),TsIdentLibrarySimple(xml)),TsIdentModule(None,List(xml))) [id => xml, phase => typescript] 
[info ] InferredDefaultModule.scala:39 Inferred module TsIdentModule(None,List(xml)) [id => xml, phase => typescript] 
[warn ] Phase1ReadTypescript.scala:190 Processing TsIdentLibrarySimple(xml) [id => xml, phase => typescript] 
[warn ] QualifyReferences.scala:47 Couldn't qualify TsTypeRef(TsQIdent(List(TsIdentSimple(XmlAttrs))),List()), defaulting to any [id => xml, phase => typescript, scope => TreeScope(TsParsedFile() / TsDeclTypeAlias(XmlDesc) / TsTypeUnion() / TsTypeObject() / TsMemberProperty(_attr) / TsTypeRef())] 
[warn ] QualifyReferences.scala:47 Couldn't qualify TsTypeRef(TsQIdent(List(TsIdentSimple(XmlAttrs))),List()), defaulting to any [id => xml, phase => typescript, scope => TreeScope(TsParsedFile() / TsDeclTypeAlias(XmlDesc) / TsTypeUnion() / TsTypeObject() / TsMemberProperty(_attr) / TsTypeRef())] 
[warn ] QualifyReferences.scala:47 Couldn't qualify TsTypeRef(TsQIdent(List(TsIdentSimple(XmlDescArray))),List()), defaulting to any [id => xml, phase => typescript, scope => TreeScope(TsParsedFile() / TsDeclTypeAlias(XmlDesc) / TsTypeUnion() / TsTypeRef())] 
[warn ] QualifyReferences.scala:47 Couldn't qualify TsTypeRef(TsQIdent(List(TsIdentSimple(ElementObject))),List()), defaulting to any [id => xml, phase => typescript, scope => TreeScope(TsParsedFile() / TsDeclTypeAlias(XmlObject) / TsTypeUnion() / TsTypeObject() / TsMemberIndex() / TsTypeUnion() / TsTypeRef())] 
[info ] ExtractInterfaces.scala:30 Extracted anonymous interface TsIdentSimple(Anon_Attr) [id => xml, phase => typescript, scope => TreeScope(TsParsedFile() / TsDeclTypeAlias(XmlDesc) / TsTypeUnion() / TsTypeObject())] 
[info ] ExtractInterfaces.scala:30 Extracted anonymous interface TsIdentSimple(Anon_Cdata) [id => xml, phase => typescript, scope => TreeScope(TsParsedFile() / TsDeclTypeAlias(XmlDesc) / TsTypeUnion() / TsTypeObject())] 
[info ] ExtractInterfaces.scala:30 Extracted anonymous interface TsIdentSimple(Anon_CdataAttr) [id => xml, phase => typescript, scope => TreeScope(TsParsedFile() / TsDeclTypeAlias(XmlDesc) / TsTypeUnion() / TsTypeObject())] 
[info ] ExtractInterfaces.scala:30 Extracted anonymous interface TsIdentSimple(Anon_AttrXmlAttrs) [id => xml, phase => typescript, scope => TreeScope(TsParsedFile() / TsDeclModule(xml) / TsDeclInterface(XmlDescArray) / TsMemberIndex() / TsTypeUnion() / TsTypeObject())] 
[info ] ExtractInterfaces.scala:30 Extracted anonymous interface TsIdentSimple(Anon_Standalone) [id => xml, phase => typescript, scope => TreeScope(TsParsedFile() / TsDeclModule(xml) / TsDeclInterface(Option) / TsMemberProperty(declaration) / TsTypeUnion() / TsTypeObject())] 
[info ] ExtractInterfaces.scala:30 Extracted anonymous interface TsIdentSimple(Anon_Indent) [id => xml, phase => typescript, scope => TreeScope(TsParsedFile() / TsDeclModule(xml) / TsDeclFunction(namespaced) / TsFunSig() / TsFunParam() / TsTypeObject())] 
[debug] PhaseRunner.scala:78 Success [id => xml, phase => typescript] 
[warn ] Phase2ToScalaJs.scala:34 Processing TsIdentLibrarySimple(xml) [id => xml, phase => scala.js] 
[debug] PhaseRunner.scala:78 Success [id => xml, phase => scala.js] 
[warn ] PhaseRunner.scala:64 Failed because of, [node => Compilation failed] [id => xml, phase => build] 
[debug] PhaseRunner.scala:82 Failure, [node => Compilation failed] [id => xml, phase => build] 
