[debug] PhaseRunner.scala:78 Success [id => xmldsigjs, phase => typescript] 
[info ] Phase1ReadTypescript.scala:152 Preprocessing TsHelperFile(InFile(/home/tso/tmp/tso-cache/npm/node_modules/xmldsigjs/index.d.ts),FromFolder(InFolder(/home/tso/tmp/tso-cache/npm/node_modules/xmldsigjs),TsIdentLibrarySimple(xmldsigjs)),TsIdentModule(None,List(xmldsigjs))) [id => xmldsigjs, phase => typescript] 
[info ] InferredDefaultModule.scala:39 Inferred module TsIdentModule(None,List(xmldsigjs)) [id => xmldsigjs, phase => typescript] 
[warn ] Phase1ReadTypescript.scala:190 Processing TsIdentLibrarySimple(xmldsigjs) [id => xmldsigjs, phase => typescript] 
[info ] PreferTypeAlias.scala:112 Simplified to type alias [id => xmldsigjs, phase => typescript, scope => TreeScope(TsParsedFile() / TsDeclModule(xmldsigjs) / TsDeclNamespace(XmlDSigJs) / TsDeclInterface(RsaPssSha1))] 
[info ] PreferTypeAlias.scala:112 Simplified to type alias [id => xmldsigjs, phase => typescript, scope => TreeScope(TsParsedFile() / TsDeclModule(xmldsigjs) / TsDeclNamespace(XmlDSigJs) / TsDeclInterface(RsaPssSha256))] 
[info ] PreferTypeAlias.scala:112 Simplified to type alias [id => xmldsigjs, phase => typescript, scope => TreeScope(TsParsedFile() / TsDeclModule(xmldsigjs) / TsDeclNamespace(XmlDSigJs) / TsDeclInterface(RsaPssSha384))] 
[info ] PreferTypeAlias.scala:112 Simplified to type alias [id => xmldsigjs, phase => typescript, scope => TreeScope(TsParsedFile() / TsDeclModule(xmldsigjs) / TsDeclNamespace(XmlDSigJs) / TsDeclInterface(RsaPssSha512))] 
[info ] PreferTypeAlias.scala:112 Simplified to type alias [id => xmldsigjs, phase => typescript, scope => TreeScope(TsParsedFile() / TsDeclModule(xmldsigjs) / TsDeclNamespace(XmlDSigJs) / TsDeclInterface(DataObjects))] 
[info ] PreferTypeAlias.scala:112 Simplified to type alias [id => xmldsigjs, phase => typescript, scope => TreeScope(TsParsedFile() / TsDeclModule(xmldsigjs) / TsDeclNamespace(XmlDSigJs) / TsDeclInterface(References))] 
[info ] PreferTypeAlias.scala:112 Simplified to type alias [id => xmldsigjs, phase => typescript, scope => TreeScope(TsParsedFile() / TsDeclModule(xmldsigjs) / TsDeclNamespace(XmlDSigJs) / TsDeclInterface(XmlSignatureObject))] 
[info ] PreferTypeAlias.scala:112 Simplified to type alias [id => xmldsigjs, phase => typescript, scope => TreeScope(TsParsedFile() / TsDeclModule(xmldsigjs) / TsDeclNamespace(XmlDSigJs) / TsDeclInterface(XmlSignatureCollection))] 
[info ] ExtractInterfaces.scala:30 Extracted anonymous interface TsIdentSimple(Anon_Name) [id => xmldsigjs, phase => typescript, scope => TreeScope(TsParsedFile() / TsDeclModule(xmldsigjs) / TsDeclNamespace(XmlDSigJs) / TsDeclInterface(Sha384) / TsMemberProperty(algorithm) / TsTypeObject())] 
[info ] ExtractInterfaces.scala:30 Extracted anonymous interface TsIdentSimple(Anon_Name) [id => xmldsigjs, phase => typescript, scope => TreeScope(TsParsedFile() / TsDeclModule(xmldsigjs) / TsDeclNamespace(XmlDSigJs) / TsDeclInterface(Sha512) / TsMemberProperty(algorithm) / TsTypeObject())] 
[info ] ExtractInterfaces.scala:30 Extracted anonymous interface TsIdentSimple(Anon_Name) [id => xmldsigjs, phase => typescript, scope => TreeScope(TsParsedFile() / TsDeclModule(xmldsigjs) / TsDeclNamespace(XmlDSigJs) / TsDeclInterface(Sha256) / TsMemberProperty(algorithm) / TsTypeObject())] 
[info ] ExtractInterfaces.scala:30 Extracted anonymous interface TsIdentSimple(Anon_Name) [id => xmldsigjs, phase => typescript, scope => TreeScope(TsParsedFile() / TsDeclModule(xmldsigjs) / TsDeclNamespace(XmlDSigJs) / TsDeclInterface(Sha1) / TsMemberProperty(algorithm) / TsTypeObject())] 
[info ] ExtractInterfaces.scala:30 Extracted anonymous interface TsIdentSimple(Anon_XmlDsigBase64Transform) [id => xmldsigjs, phase => typescript, scope => TreeScope(TsParsedFile() / TsDeclModule(xmldsigjs) / TsDeclVar(XmlSignature) / TsTypeObject() / TsMemberProperty(AlgorithmNamespaces) / TsTypeObject())] 
[info ] ExtractInterfaces.scala:30 Extracted anonymous interface TsIdentSimple(Anon_Manifest) [id => xmldsigjs, phase => typescript, scope => TreeScope(TsParsedFile() / TsDeclModule(xmldsigjs) / TsDeclVar(XmlSignature) / TsTypeObject() / TsMemberProperty(Uri) / TsTypeObject())] 
[info ] ExtractInterfaces.scala:30 Extracted anonymous interface TsIdentSimple(Anon_EncryptedKey) [id => xmldsigjs, phase => typescript, scope => TreeScope(TsParsedFile() / TsDeclModule(xmldsigjs) / TsDeclVar(XmlSignature) / TsTypeObject() / TsMemberProperty(ElementNames) / TsTypeObject())] 
[info ] ExtractInterfaces.scala:30 Extracted anonymous interface TsIdentSimple(Anon_Id) [id => xmldsigjs, phase => typescript, scope => TreeScope(TsParsedFile() / TsDeclModule(xmldsigjs) / TsDeclVar(XmlSignature) / TsTypeObject() / TsMemberProperty(AttributeNames) / TsTypeObject())] 
[info ] ExtractInterfaces.scala:30 Extracted anonymous interface TsIdentSimple(Anon_AlgorithmNamespaces) [id => xmldsigjs, phase => typescript, scope => TreeScope(TsParsedFile() / TsDeclModule(xmldsigjs) / TsDeclVar(XmlSignature) / TsTypeObject())] 
[debug] PhaseRunner.scala:78 Success [id => xmldsigjs, phase => typescript] 
[warn ] Phase2ToScalaJs.scala:34 Processing TsIdentLibrarySimple(xmldsigjs) [id => xmldsigjs, phase => scala.js] 
[info ] RemoveDuplicateInheritance.scala:55 Dropped parents QualifiedName(List(Name(stdLib), Name(Algorithm))) at Name(xmldsigjsLib) / Name(xmldsigjsMod) / Name(XmlDSigJsNs) / Name(RsaPSSSignParams) because allParentRefs = Set(TypeRef(QualifiedName(List(Name(stdLib), Name(Algorithm))),List(),NoComments)) [id => xmldsigjs, phase => scala.js, this => Name(xmldsigjsLib) / Name(xmldsigjsMod) / Name(XmlDSigJsNs) / Name(RsaPSSSignParams)] 
[info ] RemoveMultipleInheritance.scala:39 Dropped parents List(xmldsigjsLib.xmldsigjsMod.XmlDSigJsNs.ISignatureAlgorithm because Would inherit conflicting mutable fields List(algorithm, namespaceURI)) [id => xmldsigjs, phase => scala.js, this => Name(xmldsigjsLib) / Name(xmldsigjsMod) / Name(XmlDSigJsNs) / Name(SignatureAlgorithm)] 
[info ] RemoveMultipleInheritance.scala:39 Dropped parents List(xmldsigjsLib.xmldsigjsMod.XmlDSigJsNs.IHashAlgorithm because Would inherit conflicting mutable fields List(algorithm, namespaceURI)) [id => xmldsigjs, phase => scala.js, this => Name(xmldsigjsLib) / Name(xmldsigjsMod) / Name(XmlDSigJsNs) / Name(HashAlgorithm)] 
[info ] CompleteClass.scala:60 Completed implementations Vector(algorithm, namespaceURI, getAlgorithmName) [id => xmldsigjs, phase => scala.js, this => Name(xmldsigjsLib) / Name(xmldsigjsMod) / Name(EcdsaSha1)] 
[info ] CompleteClass.scala:60 Completed implementations Vector(algorithm, namespaceURI, getAlgorithmName) [id => xmldsigjs, phase => scala.js, this => Name(xmldsigjsLib) / Name(xmldsigjsMod) / Name(EcdsaSha256)] 
[info ] CompleteClass.scala:60 Completed implementations Vector(algorithm, namespaceURI, getAlgorithmName) [id => xmldsigjs, phase => scala.js, this => Name(xmldsigjsLib) / Name(xmldsigjsMod) / Name(EcdsaSha384)] 
[info ] CompleteClass.scala:60 Completed implementations Vector(algorithm, namespaceURI, getAlgorithmName) [id => xmldsigjs, phase => scala.js, this => Name(xmldsigjsLib) / Name(xmldsigjsMod) / Name(EcdsaSha512)] 
[info ] CompleteClass.scala:60 Completed implementations Vector(algorithm, namespaceURI, getAlgorithmName) [id => xmldsigjs, phase => scala.js, this => Name(xmldsigjsLib) / Name(xmldsigjsMod) / Name(HashAlgorithm)] 
[info ] CompleteClass.scala:60 Completed implementations Vector(algorithm, namespaceURI, getAlgorithmName) [id => xmldsigjs, phase => scala.js, this => Name(xmldsigjsLib) / Name(xmldsigjsMod) / Name(HmacSha1)] 
[info ] CompleteClass.scala:60 Completed implementations Vector(algorithm, namespaceURI, getAlgorithmName) [id => xmldsigjs, phase => scala.js, this => Name(xmldsigjsLib) / Name(xmldsigjsMod) / Name(HmacSha256)] 
[info ] CompleteClass.scala:60 Completed implementations Vector(algorithm, namespaceURI, getAlgorithmName) [id => xmldsigjs, phase => scala.js, this => Name(xmldsigjsLib) / Name(xmldsigjsMod) / Name(HmacSha384)] 
[info ] CompleteClass.scala:60 Completed implementations Vector(algorithm, namespaceURI, getAlgorithmName) [id => xmldsigjs, phase => scala.js, this => Name(xmldsigjsLib) / Name(xmldsigjsMod) / Name(HmacSha512)] 
[info ] CompleteClass.scala:60 Completed implementations Vector(algorithm, namespaceURI, getAlgorithmName) [id => xmldsigjs, phase => scala.js, this => Name(xmldsigjsLib) / Name(xmldsigjsMod) / Name(RsaPkcs1Sha1)] 
[info ] CompleteClass.scala:60 Completed implementations Vector(algorithm, namespaceURI, getAlgorithmName) [id => xmldsigjs, phase => scala.js, this => Name(xmldsigjsLib) / Name(xmldsigjsMod) / Name(RsaPkcs1Sha256)] 
[info ] CompleteClass.scala:60 Completed implementations Vector(algorithm, namespaceURI, getAlgorithmName) [id => xmldsigjs, phase => scala.js, this => Name(xmldsigjsLib) / Name(xmldsigjsMod) / Name(RsaPkcs1Sha384)] 
[info ] CompleteClass.scala:60 Completed implementations Vector(algorithm, namespaceURI, getAlgorithmName) [id => xmldsigjs, phase => scala.js, this => Name(xmldsigjsLib) / Name(xmldsigjsMod) / Name(RsaPkcs1Sha512)] 
[info ] CompleteClass.scala:60 Completed implementations Vector(algorithm, namespaceURI, getAlgorithmName) [id => xmldsigjs, phase => scala.js, this => Name(xmldsigjsLib) / Name(xmldsigjsMod) / Name(RsaPssBase)] 
[info ] CompleteClass.scala:60 Completed implementations Vector(algorithm, namespaceURI, getAlgorithmName) [id => xmldsigjs, phase => scala.js, this => Name(xmldsigjsLib) / Name(xmldsigjsMod) / Name(RsaPssSha1)] 
[info ] CompleteClass.scala:60 Completed implementations Vector(algorithm, namespaceURI, getAlgorithmName) [id => xmldsigjs, phase => scala.js, this => Name(xmldsigjsLib) / Name(xmldsigjsMod) / Name(RsaPssSha256)] 
[info ] CompleteClass.scala:60 Completed implementations Vector(algorithm, namespaceURI, getAlgorithmName) [id => xmldsigjs, phase => scala.js, this => Name(xmldsigjsLib) / Name(xmldsigjsMod) / Name(RsaPssSha384)] 
[info ] CompleteClass.scala:60 Completed implementations Vector(algorithm, namespaceURI, getAlgorithmName) [id => xmldsigjs, phase => scala.js, this => Name(xmldsigjsLib) / Name(xmldsigjsMod) / Name(RsaPssSha512)] 
[info ] CompleteClass.scala:60 Completed implementations Vector(algorithm, namespaceURI, getAlgorithmName) [id => xmldsigjs, phase => scala.js, this => Name(xmldsigjsLib) / Name(xmldsigjsMod) / Name(Sha1)] 
[info ] CompleteClass.scala:60 Completed implementations Vector(algorithm, namespaceURI, getAlgorithmName) [id => xmldsigjs, phase => scala.js, this => Name(xmldsigjsLib) / Name(xmldsigjsMod) / Name(Sha256)] 
[info ] CompleteClass.scala:60 Completed implementations Vector(algorithm, namespaceURI, getAlgorithmName) [id => xmldsigjs, phase => scala.js, this => Name(xmldsigjsLib) / Name(xmldsigjsMod) / Name(Sha384)] 
[info ] CompleteClass.scala:60 Completed implementations Vector(algorithm, namespaceURI, getAlgorithmName) [id => xmldsigjs, phase => scala.js, this => Name(xmldsigjsLib) / Name(xmldsigjsMod) / Name(Sha512)] 
[info ] CompleteClass.scala:60 Completed implementations Vector(algorithm, namespaceURI, getAlgorithmName) [id => xmldsigjs, phase => scala.js, this => Name(xmldsigjsLib) / Name(xmldsigjsMod) / Name(SignatureAlgorithm)] 
[info ] CompleteClass.scala:60 Completed implementations Vector(algorithm, namespaceURI, getAlgorithmName) [id => xmldsigjs, phase => scala.js, this => Name(xmldsigjsLib) / Name(xmldsigjsMod) / Name(XmlAlgorithm)] 
[debug] PhaseRunner.scala:78 Success [id => xmldsigjs, phase => scala.js] 
[warn ] PhaseRunner.scala:64 Failed because of, [node => Compilation failed] [id => xmldsigjs, phase => build] 
[debug] PhaseRunner.scala:82 Failure, [node => Compilation failed] [id => xmldsigjs, phase => build] 
