[info ] InferredDependency.scala:20 Inferred dependencies Set(TsIdentLibrarySimple(node)) for TsIdentLibrarySimple(yandex-money-sdk) [id => yandex-money-sdk, phase => typescript, file => ../types/yandex-money-sdk/index.d.ts] 
[debug] PhaseRunner.scala:78 Success [id => yandex-money-sdk, phase => typescript] 
[info ] Phase1ReadTypescript.scala:152 Preprocessing TsHelperFile(InFile(/home/tso/tmp/tso-cache/DefinitelyTyped/types/yandex-money-sdk/index.d.ts),FromFolder(InFolder(/home/tso/tmp/tso-cache/DefinitelyTyped/types/yandex-money-sdk),TsIdentLibrarySimple(yandex-money-sdk)),TsIdentModule(None,List(yandex-money-sdk))) [id => yandex-money-sdk, phase => typescript] 
[warn ] Phase1ReadTypescript.scala:190 Processing TsIdentLibrarySimple(yandex-money-sdk) [id => yandex-money-sdk, phase => typescript] 
[info ] PreferTypeAlias.scala:118 Simplified to function type alias [id => yandex-money-sdk, phase => typescript, scope => TreeScope(TsParsedFile() / TsDeclModule(yandex-money-sdk) / TsDeclInterface(ResponseCallback))] 
[info ] ExtractInterfaces.scala:30 Extracted anonymous interface TsIdentSimple(Anon_Secret) [id => yandex-money-sdk, phase => typescript, scope => TreeScope(TsParsedFile() / TsDeclNamespace(YandexMoneySDK) / TsDeclNamespace(Wallet) / TsDeclInterface(OperationDetailsResult) / TsMemberProperty(digital_goods) / TsTypeObject() / TsMemberProperty(article) / TsTypeRef() / TsTypeObject())] 
[info ] ExtractInterfaces.scala:30 Extracted anonymous interface TsIdentSimple(Anon_SecretSerial) [id => yandex-money-sdk, phase => typescript, scope => TreeScope(TsParsedFile() / TsDeclNamespace(YandexMoneySDK) / TsDeclNamespace(Wallet) / TsDeclInterface(OperationDetailsResult) / TsMemberProperty(digital_goods) / TsTypeObject() / TsMemberProperty(bonus) / TsTypeRef() / TsTypeObject())] 
[info ] ExtractInterfaces.scala:30 Extracted anonymous interface TsIdentSimple(Anon_Article) [id => yandex-money-sdk, phase => typescript, scope => TreeScope(TsParsedFile() / TsDeclNamespace(YandexMoneySDK) / TsDeclNamespace(Wallet) / TsDeclInterface(OperationDetailsResult) / TsMemberProperty(digital_goods) / TsTypeObject())] 
[info ] ExtractInterfaces.scala:30 Extracted anonymous interface TsIdentSimple(Anon_Type) [id => yandex-money-sdk, phase => typescript, scope => TreeScope(TsParsedFile() / TsDeclNamespace(YandexMoneySDK) / TsDeclNamespace(Wallet) / TsDeclInterface(RequestPaymentResult) / TsMemberProperty(money_source) / TsTypeObject() / TsMemberProperty(cards) / TsTypeObject() / TsMemberProperty(items) / TsTypeRef() / TsTypeObject())] 
[info ] ExtractInterfaces.scala:30 Extracted anonymous interface TsIdentSimple(Anon_Items) [id => yandex-money-sdk, phase => typescript, scope => TreeScope(TsParsedFile() / TsDeclNamespace(YandexMoneySDK) / TsDeclNamespace(Wallet) / TsDeclInterface(RequestPaymentResult) / TsMemberProperty(money_source) / TsTypeObject() / TsMemberProperty(cards) / TsTypeObject())] 
[info ] ExtractInterfaces.scala:30 Extracted anonymous interface TsIdentSimple(Anon_Allowed) [id => yandex-money-sdk, phase => typescript, scope => TreeScope(TsParsedFile() / TsDeclNamespace(YandexMoneySDK) / TsDeclNamespace(Wallet) / TsDeclInterface(RequestPaymentResult) / TsMemberProperty(money_source) / TsTypeObject() / TsMemberProperty(wallet) / TsTypeObject())] 
[info ] ExtractInterfaces.scala:30 Extracted anonymous interface TsIdentSimple(Anon_Cards) [id => yandex-money-sdk, phase => typescript, scope => TreeScope(TsParsedFile() / TsDeclNamespace(YandexMoneySDK) / TsDeclNamespace(Wallet) / TsDeclInterface(RequestPaymentResult) / TsMemberProperty(money_source) / TsTypeObject())] 
[info ] ExtractInterfaces.scala:30 Extracted anonymous interface TsIdentSimple(Anon_Url) [id => yandex-money-sdk, phase => typescript, scope => TreeScope(TsParsedFile() / TsDeclNamespace(YandexMoneySDK) / TsDeclNamespace(Wallet) / TsDeclInterface(AccountInfoResult) / TsMemberProperty(avatar) / TsTypeObject())] 
[info ] ExtractInterfaces.scala:30 Extracted anonymous interface TsIdentSimple(Anon_TypePanfragment) [id => yandex-money-sdk, phase => typescript, scope => TreeScope(TsParsedFile() / TsDeclNamespace(YandexMoneySDK) / TsDeclNamespace(Wallet) / TsDeclInterface(AccountInfoResult) / TsMemberProperty(cards_linked) / TsTypeRef() / TsTypeObject())] 
[info ] ExtractInterfaces.scala:30 Extracted anonymous interface TsIdentSimple(Anon_Debt) [id => yandex-money-sdk, phase => typescript, scope => TreeScope(TsParsedFile() / TsDeclNamespace(YandexMoneySDK) / TsDeclNamespace(Wallet) / TsDeclInterface(AccountInfoResult) / TsMemberProperty(balance_details) / TsTypeObject())] 
[info ] ExtractInterfaces.scala:30 Extracted anonymous interface TsIdentSimple(Anon_Key) [id => yandex-money-sdk, phase => typescript, scope => TreeScope(TsParsedFile() / TsDeclNamespace(YandexMoneySDK) / TsDeclNamespace(Wallet) / TsDeclInterface(ProcessPaymentResult) / TsMemberProperty(acs_params) / TsTypeObject())] 
[info ] ExtractInterfaces.scala:30 Extracted anonymous interface TsIdentSimple(Anon_Secret) [id => yandex-money-sdk, phase => typescript, scope => TreeScope(TsParsedFile() / TsDeclNamespace(YandexMoneySDK) / TsDeclNamespace(Wallet) / TsDeclInterface(ProcessPaymentResult) / TsMemberProperty(digital_goods) / TsTypeObject() / TsMemberProperty(article) / TsTypeRef() / TsTypeObject())] 
[info ] ExtractInterfaces.scala:30 Extracted anonymous interface TsIdentSimple(Anon_SecretSerial) [id => yandex-money-sdk, phase => typescript, scope => TreeScope(TsParsedFile() / TsDeclNamespace(YandexMoneySDK) / TsDeclNamespace(Wallet) / TsDeclInterface(ProcessPaymentResult) / TsMemberProperty(digital_goods) / TsTypeObject() / TsMemberProperty(bonus) / TsTypeRef() / TsTypeObject())] 
[info ] ExtractInterfaces.scala:30 Extracted anonymous interface TsIdentSimple(Anon_Article) [id => yandex-money-sdk, phase => typescript, scope => TreeScope(TsParsedFile() / TsDeclNamespace(YandexMoneySDK) / TsDeclNamespace(Wallet) / TsDeclInterface(ProcessPaymentResult) / TsMemberProperty(digital_goods) / TsTypeObject())] 
[info ] ExtractInterfaces.scala:30 Extracted anonymous interface TsIdentSimple(Anon_Datetime) [id => yandex-money-sdk, phase => typescript, scope => TreeScope(TsParsedFile() / TsDeclNamespace(YandexMoneySDK) / TsDeclNamespace(Wallet) / TsDeclInterface(OperationHistoryResult) / TsMemberProperty(operations) / TsTypeRef() / TsTypeObject())] 
[info ] ExtractInterfaces.scala:30 Extracted anonymous interface TsIdentSimple(Anon_Key) [id => yandex-money-sdk, phase => typescript, scope => TreeScope(TsParsedFile() / TsDeclNamespace(YandexMoneySDK) / TsDeclNamespace(ExternalPayment) / TsDeclInterface(ProcessResult) / TsMemberProperty(acs_params) / TsTypeObject())] 
[info ] ExtractInterfaces.scala:30 Extracted anonymous interface TsIdentSimple(Anon_TypeMoneysourcetoken) [id => yandex-money-sdk, phase => typescript, scope => TreeScope(TsParsedFile() / TsDeclNamespace(YandexMoneySDK) / TsDeclNamespace(ExternalPayment) / TsDeclInterface(ProcessResult) / TsMemberProperty(money_source) / TsTypeObject())] 
[debug] PhaseRunner.scala:78 Success [id => yandex-money-sdk, phase => typescript] 
[warn ] Phase2ToScalaJs.scala:34 Processing TsIdentLibrarySimple(yandex-money-sdk) [id => yandex-money-sdk, phase => scala.js] 
[debug] PhaseRunner.scala:78 Success [id => yandex-money-sdk, phase => scala.js] 
[warn ] PhaseRunner.scala:64 Failed because of, [node => Compilation failed] [id => yandex-money-sdk, phase => build] 
[debug] PhaseRunner.scala:82 Failure, [node => Compilation failed] [id => yandex-money-sdk, phase => build] 
