[debug] PhaseRunner.scala:82 Success [id => yog2-kernel, phase => typescript] 
[info ] Phase1ReadTypescript.scala:163 Preprocessing TsHelperFile(InFile(/home/tso/tmp/tso-cache/DefinitelyTyped/types/yog2-kernel/index.d.ts),FromFolder(InFolder(/home/tso/tmp/tso-cache/DefinitelyTyped/types/yog2-kernel),TsIdentLibrarySimple(yog2-kernel)),TsIdentModule(None,List(yog2-kernel))) [id => yog2-kernel, phase => typescript] 
[info ] InferredDefaultModule.scala:39 Inferred module TsIdentModule(None,List(yog2-kernel)) [id => yog2-kernel, phase => typescript] 
[warn ] Phase1ReadTypescript.scala:209 Processing TsIdentLibrarySimple(yog2-kernel) [id => yog2-kernel, phase => typescript] 
[info ] ResolveTypeQueries.scala:136 Resolved TsTypeQuery(TsQIdent(List(TsIdentSimple(ral), TsIdentSimple(RAL)))) [id => yog2-kernel, phase => typescript, scope => TreeScope(TsParsedFile() / TsDeclModule(yog2-kernel) / TsExport() / TsExporteeTree() / TsDeclInterface(Request) / TsMemberProperty(ral) / TsTypeQuery())] 
[info ] ResolveTypeQueries.scala:136 Resolved TsTypeQuery(TsQIdent(List(TsIdentSimple(ral), TsIdentSimple(RALPromise)))) [id => yog2-kernel, phase => typescript, scope => TreeScope(TsParsedFile() / TsDeclModule(yog2-kernel) / TsExport() / TsExporteeTree() / TsDeclInterface(Request) / TsMemberProperty(ralP) / TsTypeQuery())] 
[info ] ResolveTypeQueries.scala:136 Resolved TsTypeQuery(TsQIdent(List(TsIdentSimple(express)))) [id => yog2-kernel, phase => typescript, scope => TreeScope(TsParsedFile() / TsDeclModule(yog2-kernel) / TsDeclClass(Yog) / TsMemberProperty(express) / TsTypeQuery())] 
[info ] ResolveTypeQueries.scala:136 Resolved TsTypeQuery(TsQIdent(List(TsIdentSimple(_)))) [id => yog2-kernel, phase => typescript, scope => TreeScope(TsParsedFile() / TsDeclModule(yog2-kernel) / TsDeclClass(Yog) / TsMemberProperty(_) / TsTypeQuery())] 
[info ] ResolveTypeQueries.scala:136 Resolved TsTypeQuery(TsQIdent(List(TsIdentSimple(ral), TsIdentSimple(RAL)))) [id => yog2-kernel, phase => typescript, scope => TreeScope(TsParsedFile() / TsDeclModule(yog2-kernel) / TsDeclClass(Yog) / TsMemberProperty(ral) / TsTypeUnion() / TsTypeQuery())] 
[info ] ResolveTypeQueries.scala:136 Resolved TsTypeQuery(TsQIdent(List(TsIdentSimple(ral), TsIdentSimple(RALPromise)))) [id => yog2-kernel, phase => typescript, scope => TreeScope(TsParsedFile() / TsDeclModule(yog2-kernel) / TsDeclClass(Yog) / TsMemberProperty(ral) / TsTypeUnion() / TsTypeQuery())] 
[info ] ResolveTypeQueries.scala:136 Resolved TsTypeQuery(TsQIdent(List(TsIdentSimple(ral), TsIdentSimple(RAL)))) [id => yog2-kernel, phase => typescript, scope => TreeScope(TsParsedFile() / TsDeclModule(yog2-kernel) / TsDeclClass(Yog) / TsMemberProperty(RAL) / TsTypeQuery())] 
[info ] ResolveTypeQueries.scala:136 Resolved TsTypeQuery(TsQIdent(List(TsIdentSimple(ral), TsIdentSimple(RALPromise)))) [id => yog2-kernel, phase => typescript, scope => TreeScope(TsParsedFile() / TsDeclModule(yog2-kernel) / TsDeclClass(Yog) / TsMemberProperty(ralP) / TsTypeQuery())] 
[info ] ExtractInterfaces.scala:37 Extracted anonymous interface TsIdentSimple(Anon_AppendExtPath) [id => yog2-kernel, phase => typescript, scope => TreeScope(TsParsedFile() / TsDeclModule(yog2-kernel) / TsDeclInterface(Request) / TsMemberProperty(ral) / TsTypeObject())] 
[info ] ExtractInterfaces.scala:37 Extracted anonymous interface TsIdentSimple(Anon_Name) [id => yog2-kernel, phase => typescript, scope => TreeScope(TsParsedFile() / TsDeclModule(yog2-kernel) / TsDeclInterface(Request) / TsMemberProperty(ralP) / TsTypeObject())] 
[info ] ExtractInterfaces.scala:37 Extracted anonymous interface TsIdentSimple(Anon_Mime) [id => yog2-kernel, phase => typescript, scope => TreeScope(TsParsedFile() / TsDeclModule(yog2-kernel) / TsDeclInterface(Yog) / TsMemberProperty(express) / TsTypeIntersect() / TsTypeObject() / TsMemberProperty(static) / TsTypeObject())] 
[info ] ExtractInterfaces.scala:37 Extracted anonymous interface TsIdentSimple(Anon_Options) [id => yog2-kernel, phase => typescript, scope => TreeScope(TsParsedFile() / TsDeclModule(yog2-kernel) / TsDeclInterface(Yog) / TsMemberProperty(express) / TsTypeIntersect() / TsTypeObject() / TsMemberProperty(json) / TsTypeObject())] 
[info ] ExtractInterfaces.scala:37 Extracted anonymous interface TsIdentSimple(Anon_OptionsNextHandleFunction) [id => yog2-kernel, phase => typescript, scope => TreeScope(TsParsedFile() / TsDeclModule(yog2-kernel) / TsDeclInterface(Yog) / TsMemberProperty(express) / TsTypeIntersect() / TsTypeObject() / TsMemberProperty(urlencoded) / TsTypeObject())] 
[info ] ExtractInterfaces.scala:37 Extracted anonymous interface TsIdentSimple(Anon_Application) [id => yog2-kernel, phase => typescript, scope => TreeScope(TsParsedFile() / TsDeclModule(yog2-kernel) / TsDeclInterface(Yog) / TsMemberProperty(express) / TsTypeIntersect() / TsTypeObject())] 
[info ] ExtractInterfaces.scala:37 Extracted anonymous interface TsIdentSimple(Anon_AppendExtPath) [id => yog2-kernel, phase => typescript, scope => TreeScope(TsParsedFile() / TsDeclModule(yog2-kernel) / TsDeclInterface(Yog) / TsMemberProperty(ral) / TsTypeUnion() / TsTypeObject())] 
[info ] ExtractInterfaces.scala:37 Extracted anonymous interface TsIdentSimple(Anon_Name) [id => yog2-kernel, phase => typescript, scope => TreeScope(TsParsedFile() / TsDeclModule(yog2-kernel) / TsDeclInterface(Yog) / TsMemberProperty(ral) / TsTypeUnion() / TsTypeObject())] 
[info ] ExtractInterfaces.scala:37 Extracted anonymous interface TsIdentSimple(Anon_AppendExtPath) [id => yog2-kernel, phase => typescript, scope => TreeScope(TsParsedFile() / TsDeclModule(yog2-kernel) / TsDeclInterface(Yog) / TsMemberProperty(RAL) / TsTypeObject())] 
[info ] ExtractInterfaces.scala:37 Extracted anonymous interface TsIdentSimple(Anon_Name) [id => yog2-kernel, phase => typescript, scope => TreeScope(TsParsedFile() / TsDeclModule(yog2-kernel) / TsDeclInterface(Yog) / TsMemberProperty(ralP) / TsTypeObject())] 
[info ] ExtractInterfaces.scala:37 Extracted anonymous interface TsIdentSimple(Anon_CleanCache) [id => yog2-kernel, phase => typescript, scope => TreeScope(TsParsedFile() / TsDeclModule(yog2-kernel) / TsDeclInterface(Yog) / TsMemberProperty(view) / TsTypeObject())] 
[info ] ExpandCallables.scala:48 Expanded ral into 2 methods [id => yog2-kernel, phase => typescript, scope => TreeScope(TsParsedFile() / TsDeclModule(yog2-kernel) / TsDeclInterface(Request))] 
[info ] ExpandCallables.scala:48 Expanded ralP into 2 methods [id => yog2-kernel, phase => typescript, scope => TreeScope(TsParsedFile() / TsDeclModule(yog2-kernel) / TsDeclInterface(Request))] 
[info ] ExpandCallables.scala:48 Expanded express into 1 methods [id => yog2-kernel, phase => typescript, scope => TreeScope(TsParsedFile() / TsDeclModule(yog2-kernel) / TsDeclInterface(Yog))] 
[info ] ExpandCallables.scala:48 Expanded app into 4 methods [id => yog2-kernel, phase => typescript, scope => TreeScope(TsParsedFile() / TsDeclModule(yog2-kernel) / TsDeclInterface(Yog))] 
[info ] ExpandCallables.scala:48 Expanded _ into 1 methods [id => yog2-kernel, phase => typescript, scope => TreeScope(TsParsedFile() / TsDeclModule(yog2-kernel) / TsDeclInterface(Yog))] 
[info ] ExpandCallables.scala:48 Expanded RAL into 2 methods [id => yog2-kernel, phase => typescript, scope => TreeScope(TsParsedFile() / TsDeclModule(yog2-kernel) / TsDeclInterface(Yog))] 
[info ] ExpandCallables.scala:48 Expanded ralP into 2 methods [id => yog2-kernel, phase => typescript, scope => TreeScope(TsParsedFile() / TsDeclModule(yog2-kernel) / TsDeclInterface(Yog))] 
[info ] ExpandCallables.scala:48 Expanded static into 4 methods [id => yog2-kernel, phase => typescript, scope => TreeScope(TsParsedFile() / TsDeclInterface(Anon_Application))] 
[info ] ExpandCallables.scala:48 Expanded application into 4 methods [id => yog2-kernel, phase => typescript, scope => TreeScope(TsParsedFile() / TsDeclInterface(Anon_Application))] 
[info ] ExpandCallables.scala:48 Expanded json into 2 methods [id => yog2-kernel, phase => typescript, scope => TreeScope(TsParsedFile() / TsDeclInterface(Anon_Application))] 
[info ] ExpandCallables.scala:48 Expanded urlencoded into 2 methods [id => yog2-kernel, phase => typescript, scope => TreeScope(TsParsedFile() / TsDeclInterface(Anon_Application))] 
[debug] PhaseRunner.scala:82 Success [id => yog2-kernel, phase => typescript] 
[warn ] Phase2ToScalaJs.scala:40 Processing yog2-kernel [id => yog2-kernel, phase => scala.js] 
[debug] PhaseRunner.scala:82 Success [id => yog2-kernel, phase => scala.js] 
[warn ] Phase3CompileBloop.scala:178 Using cached build of yog2-kernel [id => yog2-kernel, phase => build] 
[debug] PhaseRunner.scala:82 Success [id => yog2-kernel, phase => build] 
[warn ] PhaseRunner.scala:68 Failed because of, [node-ral => java.util.concurrent.ExecutionException: java.net.ConnectException: https://api.bintray.com:443] [id => yog2-kernel, phase => publish] 
[error] PhaseRunner.scala:86 Failure, [node-ral => java.util.concurrent.ExecutionException: java.net.ConnectException: https://api.bintray.com:443] [id => yog2-kernel, phase => publish] 
