[debug] PhaseRunner.scala:84 Success [id => youtube-player, phase => typescript] 
[debug] PhaseRunner.scala:84 Success [id => youtube-player, phase => typescript] 
[debug] PhaseRunner.scala:84 Success [id => youtube-player, phase => typescript] 
[debug] PhaseRunner.scala:84 Success [id => youtube-player, phase => typescript] 
[debug] PhaseRunner.scala:84 Success [id => youtube-player, phase => typescript] 
[debug] PhaseRunner.scala:84 Success [id => youtube-player, phase => typescript] 
[debug] PhaseRunner.scala:84 Success [id => youtube-player, phase => typescript] 
[debug] PhaseRunner.scala:84 Success [id => youtube-player, phase => typescript] 
[debug] PhaseRunner.scala:84 Success [id => youtube-player, phase => typescript] 
[info ] Phase1ReadTypescript.scala:171 Preprocessing TsHelperFile(InFile(/home/tso/tmp/tso-cache/DefinitelyTyped/types/youtube-player/dist/FunctionStateMap.d.ts),FromFolder(InFolder(/home/tso/tmp/tso-cache/DefinitelyTyped/types/youtube-player),TsIdentLibrarySimple(youtube-player)),TsIdentModule(None,List(youtube-player, dist, FunctionStateMap))) [id => youtube-player, phase => typescript] 
[info ] InferredDefaultModule.scala:39 Inferred module TsIdentModule(None,List(youtube-player, dist, FunctionStateMap)) [id => youtube-player, phase => typescript] 
[info ] Phase1ReadTypescript.scala:171 Preprocessing TsHelperFile(InFile(/home/tso/tmp/tso-cache/DefinitelyTyped/types/youtube-player/dist/YouTubePlayer.d.ts),FromFolder(InFolder(/home/tso/tmp/tso-cache/DefinitelyTyped/types/youtube-player),TsIdentLibrarySimple(youtube-player)),TsIdentModule(None,List(youtube-player, dist, YouTubePlayer))) [id => youtube-player, phase => typescript] 
[info ] InferredDefaultModule.scala:39 Inferred module TsIdentModule(None,List(youtube-player, dist, YouTubePlayer)) [id => youtube-player, phase => typescript] 
[info ] Phase1ReadTypescript.scala:171 Preprocessing TsHelperFile(InFile(/home/tso/tmp/tso-cache/DefinitelyTyped/types/youtube-player/dist/constants/PlayerStates.d.ts),FromFolder(InFolder(/home/tso/tmp/tso-cache/DefinitelyTyped/types/youtube-player),TsIdentLibrarySimple(youtube-player)),TsIdentModule(None,List(youtube-player, dist, constants, PlayerStates))) [id => youtube-player, phase => typescript] 
[info ] InferredDefaultModule.scala:39 Inferred module TsIdentModule(None,List(youtube-player, dist, constants, PlayerStates)) [id => youtube-player, phase => typescript] 
[info ] Phase1ReadTypescript.scala:171 Preprocessing TsHelperFile(InFile(/home/tso/tmp/tso-cache/DefinitelyTyped/types/youtube-player/dist/eventNames.d.ts),FromFolder(InFolder(/home/tso/tmp/tso-cache/DefinitelyTyped/types/youtube-player),TsIdentLibrarySimple(youtube-player)),TsIdentModule(None,List(youtube-player, dist, eventNames))) [id => youtube-player, phase => typescript] 
[info ] InferredDefaultModule.scala:39 Inferred module TsIdentModule(None,List(youtube-player, dist, eventNames)) [id => youtube-player, phase => typescript] 
[info ] Phase1ReadTypescript.scala:171 Preprocessing TsHelperFile(InFile(/home/tso/tmp/tso-cache/DefinitelyTyped/types/youtube-player/dist/functionNames.d.ts),FromFolder(InFolder(/home/tso/tmp/tso-cache/DefinitelyTyped/types/youtube-player),TsIdentLibrarySimple(youtube-player)),TsIdentModule(None,List(youtube-player, dist, functionNames))) [id => youtube-player, phase => typescript] 
[info ] InferredDefaultModule.scala:39 Inferred module TsIdentModule(None,List(youtube-player, dist, functionNames)) [id => youtube-player, phase => typescript] 
[info ] Phase1ReadTypescript.scala:171 Preprocessing TsHelperFile(InFile(/home/tso/tmp/tso-cache/DefinitelyTyped/types/youtube-player/dist/index.d.ts),FromFolder(InFolder(/home/tso/tmp/tso-cache/DefinitelyTyped/types/youtube-player),TsIdentLibrarySimple(youtube-player)),TsIdentModule(None,List(youtube-player, dist))) [id => youtube-player, phase => typescript] 
[info ] InferredDefaultModule.scala:39 Inferred module TsIdentModule(None,List(youtube-player, dist)) [id => youtube-player, phase => typescript] 
[info ] Phase1ReadTypescript.scala:171 Preprocessing TsHelperFile(InFile(/home/tso/tmp/tso-cache/DefinitelyTyped/types/youtube-player/dist/loadYouTubeIframeApi.d.ts),FromFolder(InFolder(/home/tso/tmp/tso-cache/DefinitelyTyped/types/youtube-player),TsIdentLibrarySimple(youtube-player)),TsIdentModule(None,List(youtube-player, dist, loadYouTubeIframeApi))) [id => youtube-player, phase => typescript] 
[info ] InferredDefaultModule.scala:39 Inferred module TsIdentModule(None,List(youtube-player, dist, loadYouTubeIframeApi)) [id => youtube-player, phase => typescript] 
[info ] Phase1ReadTypescript.scala:171 Preprocessing TsHelperFile(InFile(/home/tso/tmp/tso-cache/DefinitelyTyped/types/youtube-player/dist/types.d.ts),FromFolder(InFolder(/home/tso/tmp/tso-cache/DefinitelyTyped/types/youtube-player),TsIdentLibrarySimple(youtube-player)),TsIdentModule(None,List(youtube-player, dist, types))) [id => youtube-player, phase => typescript] 
[info ] InferredDefaultModule.scala:39 Inferred module TsIdentModule(None,List(youtube-player, dist, types)) [id => youtube-player, phase => typescript] 
[info ] Phase1ReadTypescript.scala:171 Preprocessing TsHelperFile(InFile(/home/tso/tmp/tso-cache/DefinitelyTyped/types/youtube-player/index.d.ts),FromFolder(InFolder(/home/tso/tmp/tso-cache/DefinitelyTyped/types/youtube-player),TsIdentLibrarySimple(youtube-player)),TsIdentModule(None,List(youtube-player))) [id => youtube-player, phase => typescript] 
[info ] InferredDefaultModule.scala:39 Inferred module TsIdentModule(None,List(youtube-player)) [id => youtube-player, phase => typescript] 
[warn ] Phase1ReadTypescript.scala:189 Processing TsIdentLibrarySimple(youtube-player) [id => youtube-player, phase => typescript] 
[info ] ExtractInterfaces.scala:41 Extracted anonymous interface TsIdentSimple(Anon_AcceptableStates) [id => youtube-player, phase => typescript, scope => TreeScope(TsParsedFile() / TsDeclModule(youtube-player/dist/FunctionStateMap) / TsDeclVar(default) / TsTypeObject() / TsMemberProperty(pauseVideo) / TsTypeObject())] 
[info ] ExtractInterfaces.scala:41 Extracted anonymous interface TsIdentSimple(Anon_AcceptableStatesFalse) [id => youtube-player, phase => typescript, scope => TreeScope(TsParsedFile() / TsDeclModule(youtube-player/dist/FunctionStateMap) / TsDeclVar(default) / TsTypeObject() / TsMemberProperty(playVideo) / TsTypeObject())] 
[info ] ExtractInterfaces.scala:41 Extracted anonymous interface TsIdentSimple(Anon_3000) [id => youtube-player, phase => typescript, scope => TreeScope(TsParsedFile() / TsDeclModule(youtube-player/dist/FunctionStateMap) / TsDeclVar(default) / TsTypeObject() / TsMemberProperty(seekTo) / TsTypeObject())] 
[info ] ExtractInterfaces.scala:41 Extracted anonymous interface TsIdentSimple(Anon_0) [id => youtube-player, phase => typescript, scope => TreeScope(TsParsedFile() / TsDeclModule(youtube-player/dist/types) / TsDeclInterface(Options) / TsMemberProperty(playerVars) / TsTypeObject())] 
[info ] ExtractInterfaces.scala:41 Extracted anonymous interface TsIdentSimple(Anon_ElementId) [id => youtube-player, phase => typescript, scope => TreeScope(TsParsedFile() / TsDeclModule(youtube-player/dist/types) / TsDeclInterface(IframeApiType) / TsMemberProperty(Player) / TsTypeObject())] 
[info ] ExtractInterfaces.scala:41 Extracted anonymous interface TsIdentSimple(Anon_Index) [id => youtube-player, phase => typescript, scope => TreeScope(TsParsedFile() / TsDeclModule(youtube-player/dist/types) / TsDeclInterface(YouTubePlayer) / TsMemberFunction(cuePlaylist) / TsFunSig() / TsFunParam() / TsTypeObject())] 
[info ] ExtractInterfaces.scala:41 Extracted anonymous interface TsIdentSimple(Anon_Index) [id => youtube-player, phase => typescript, scope => TreeScope(TsParsedFile() / TsDeclModule(youtube-player/dist/types) / TsDeclInterface(YouTubePlayer) / TsMemberFunction(loadPlaylist) / TsFunSig() / TsFunParam() / TsTypeObject())] 
[info ] ExtractInterfaces.scala:41 Extracted anonymous interface TsIdentSimple(Anon_EndSeconds) [id => youtube-player, phase => typescript, scope => TreeScope(TsParsedFile() / TsDeclModule(youtube-player/dist/types) / TsDeclInterface(YouTubePlayer) / TsMemberFunction(cueVideoById) / TsFunSig() / TsFunParam() / TsTypeObject())] 
[info ] ExtractInterfaces.scala:41 Extracted anonymous interface TsIdentSimple(Anon_EndSecondsMediaContentUrl) [id => youtube-player, phase => typescript, scope => TreeScope(TsParsedFile() / TsDeclModule(youtube-player/dist/types) / TsDeclInterface(YouTubePlayer) / TsMemberFunction(cueVideoByUrl) / TsFunSig() / TsFunParam() / TsTypeObject())] 
[info ] ExtractInterfaces.scala:41 Extracted anonymous interface TsIdentSimple(Anon_EndSecondsMediaContentUrl) [id => youtube-player, phase => typescript, scope => TreeScope(TsParsedFile() / TsDeclModule(youtube-player/dist/types) / TsDeclInterface(YouTubePlayer) / TsMemberFunction(loadVideoByUrl) / TsFunSig() / TsFunParam() / TsTypeObject())] 
[info ] ExtractInterfaces.scala:41 Extracted anonymous interface TsIdentSimple(Anon_EndSeconds) [id => youtube-player, phase => typescript, scope => TreeScope(TsParsedFile() / TsDeclModule(youtube-player/dist/types) / TsDeclInterface(YouTubePlayer) / TsMemberFunction(loadVideoById) / TsFunSig() / TsFunParam() / TsTypeObject())] 
[info ] ExtractInterfaces.scala:41 Extracted anonymous interface TsIdentSimple(Anon_Data) [id => youtube-player, phase => typescript, scope => TreeScope(TsParsedFile() / TsDeclModule(youtube-player/dist/types) / TsDeclInterface(YouTubePlayer) / TsMemberFunction(on) / TsFunSig() / TsFunParam() / TsTypeFunction() / TsFunSig() / TsFunParam() / TsTypeIntersect() / TsTypeObject())] 
[debug] PhaseRunner.scala:84 Success [id => youtube-player, phase => typescript] 
[warn ] Phase2ToScalaJs.scala:42 Processing youtube-player [id => youtube-player, phase => scala.js] 
[debug] PhaseRunner.scala:84 Success [id => youtube-player, phase => scala.js] 
[error] Anon_3000.scala:10 type ENDED is not a member of object typings.youtubeDashPlayerLib.distConstantsPlayerStatesMod.default,     youtubeDashPlayerLib.distConstantsPlayerStatesMod.default.ENDED,  [id => youtube-player, phase => build] 
[error] Anon_3000.scala:11 type PLAYING is not a member of object typings.youtubeDashPlayerLib.distConstantsPlayerStatesMod.default,     youtubeDashPlayerLib.distConstantsPlayerStatesMod.default.PLAYING,  [id => youtube-player, phase => build] 
[error] Anon_3000.scala:12 type PAUSED is not a member of object typings.youtubeDashPlayerLib.distConstantsPlayerStatesMod.default,     youtubeDashPlayerLib.distConstantsPlayerStatesMod.default.PAUSED [id => youtube-player, phase => build] 
[error] Anon_3000.scala:23 type ENDED is not a member of object typings.youtubeDashPlayerLib.distConstantsPlayerStatesMod.default,       youtubeDashPlayerLib.distConstantsPlayerStatesMod.default.ENDED,  [id => youtube-player, phase => build] 
[error] Anon_3000.scala:24 type PLAYING is not a member of object typings.youtubeDashPlayerLib.distConstantsPlayerStatesMod.default,       youtubeDashPlayerLib.distConstantsPlayerStatesMod.default.PLAYING,  [id => youtube-player, phase => build] 
[error] Anon_3000.scala:25 type PAUSED is not a member of object typings.youtubeDashPlayerLib.distConstantsPlayerStatesMod.default,       youtubeDashPlayerLib.distConstantsPlayerStatesMod.default.PAUSED [id => youtube-player, phase => build] 
[error] Anon_AcceptableStates.scala:10 type ENDED is not a member of object typings.youtubeDashPlayerLib.distConstantsPlayerStatesMod.default,     youtubeDashPlayerLib.distConstantsPlayerStatesMod.default.ENDED,  [id => youtube-player, phase => build] 
[error] Anon_AcceptableStates.scala:11 type PAUSED is not a member of object typings.youtubeDashPlayerLib.distConstantsPlayerStatesMod.default,     youtubeDashPlayerLib.distConstantsPlayerStatesMod.default.PAUSED [id => youtube-player, phase => build] 
[error] Anon_AcceptableStates.scala:20 type ENDED is not a member of object typings.youtubeDashPlayerLib.distConstantsPlayerStatesMod.default,       youtubeDashPlayerLib.distConstantsPlayerStatesMod.default.ENDED,  [id => youtube-player, phase => build] 
[error] Anon_AcceptableStates.scala:21 type PAUSED is not a member of object typings.youtubeDashPlayerLib.distConstantsPlayerStatesMod.default,       youtubeDashPlayerLib.distConstantsPlayerStatesMod.default.PAUSED [id => youtube-player, phase => build] 
[error] Anon_AcceptableStatesFalse.scala:10 type ENDED is not a member of object typings.youtubeDashPlayerLib.distConstantsPlayerStatesMod.default,     youtubeDashPlayerLib.distConstantsPlayerStatesMod.default.ENDED,  [id => youtube-player, phase => build] 
[error] Anon_AcceptableStatesFalse.scala:11 type PLAYING is not a member of object typings.youtubeDashPlayerLib.distConstantsPlayerStatesMod.default,     youtubeDashPlayerLib.distConstantsPlayerStatesMod.default.PLAYING [id => youtube-player, phase => build] 
[error] Anon_AcceptableStatesFalse.scala:20 type ENDED is not a member of object typings.youtubeDashPlayerLib.distConstantsPlayerStatesMod.default,       youtubeDashPlayerLib.distConstantsPlayerStatesMod.default.ENDED,  [id => youtube-player, phase => build] 
[error] Anon_AcceptableStatesFalse.scala:21 type PLAYING is not a member of object typings.youtubeDashPlayerLib.distConstantsPlayerStatesMod.default,       youtubeDashPlayerLib.distConstantsPlayerStatesMod.default.PLAYING [id => youtube-player, phase => build] 
[error] PhaseRunner.scala:88 Failure, [youtube-player => Compilation failed] [id => youtube-player, phase => build] 
[error] PhaseRunner.scala:88 Failure, [youtube-player => Compilation failed] [id => youtube-player, phase => publish] 
